RESULTADO AO FIM DE 1H
SUPORTADAS
Arvore 1
0 2 6 5
0 10 3 42
0 25 4 16
0 28 8 27
1 12 1 41
1 14 3 28
1 15 2 33
1 26 5 26
2 9 1 1
3 19 3 34
3 20 3 7
4 20 2 16
4 22 8 15
5 21 1 33
6 8 4 35
7 13 5 46
7 25 4 3
8 18 6 38
10 16 2 36
10 18 3 13
10 20 2 36
11 29 5 51
12 21 2 47
15 29 2 24
16 17 1 21
18 27 4 50
18 29 1 31
21 23 7 11
24 25 1 17
(99, 783)

Arvore 2
0 2 6 5
0 10 3 42
0 25 4 16
0 28 8 27
1 12 1 41
1 14 3 28
1 15 2 33
1 26 5 26
2 9 1 1
3 20 3 7
4 20 2 16
4 22 8 15
5 21 1 33
6 8 4 35
7 13 5 46
7 25 4 3
8 18 6 38
10 16 2 36
10 18 3 13
10 20 2 36
11 29 5 51
12 21 2 47
15 29 2 24
16 17 1 21
16 19 4 14
18 27 4 50
18 29 1 31
21 23 7 11
24 25 1 17
(100, 763)

Arvore 3
0 2 6 5
0 10 3 42
0 25 4 16
0 28 8 27
1 12 1 41
1 14 3 28
1 15 2 33
1 26 5 26
2 9 1 1
3 20 3 7
4 20 2 16
4 22 8 15
5 11 7 20
5 21 1 33
6 8 4 35
7 13 5 46
7 25 4 3
8 18 6 38
10 16 2 36
10 18 3 13
10 20 2 36
12 21 2 47
15 29 2 24
16 17 1 21
16 19 4 14
18 27 4 50
18 29 1 31
21 23 7 11
24 25 1 17
(102, 732)

Arvore 4
0 2 6 5
0 16 5 19
0 25 4 16
0 28 8 27
1 12 1 41
1 14 3 28
1 15 2 33
1 26 5 26
2 9 1 1
3 20 3 7
4 20 2 16
4 22 8 15
5 11 7 20
5 21 1 33
6 8 4 35
7 13 5 46
7 25 4 3
8 18 6 38
10 16 2 36
10 18 3 13
10 20 2 36
12 21 2 47
15 29 2 24
16 17 1 21
16 19 4 14
18 27 4 50
18 29 1 31
21 23 7 11
24 25 1 17
(104, 709)

Arvore 5
0 2 6 5
0 16 5 19
0 25 4 16
0 28 8 27
1 12 1 41
1 14 3 28
1 26 5 26
1 29 4 12
2 9 1 1
3 20 3 7
4 20 2 16
4 22 8 15
5 11 7 20
5 21 1 33
6 8 4 35
7 13 5 46
7 25 4 3
8 18 6 38
10 16 2 36
10 18 3 13
10 20 2 36
12 21 2 47
15 29 2 24
16 17 1 21
16 19 4 14
18 27 4 50
18 29 1 31
21 23 7 11
24 25 1 17
(106, 688)

Arvore 6
0 2 6 5
0 16 5 19
0 25 4 16
0 28 8 27
1 12 1 41
1 14 3 28
1 26 5 26
1 29 4 12
2 9 1 1
3 8 8 18
3 20 3 7
4 20 2 16
4 22 8 15
5 11 7 20
5 21 1 33
6 8 4 35
7 13 5 46
7 25 4 3
10 16 2 36
10 18 3 13
10 20 2 36
12 21 2 47
15 29 2 24
16 17 1 21
16 19 4 14
18 27 4 50
18 29 1 31
21 23 7 11
24 25 1 17
(108, 668)

Arvore 7
0 2 6 5
0 16 5 19
0 25 4 16
0 28 8 27
1 12 1 41
1 14 3 28
1 26 5 26
1 29 4 12
2 9 1 1
3 8 8 18
3 20 3 7
4 20 2 16
4 22 8 15
5 11 7 20
5 21 1 33
6 8 4 35
7 13 5 46
7 25 4 3
10 16 2 36
10 18 3 13
10 20 2 36
15 29 2 24
16 17 1 21
16 19 4 14
18 27 4 50
18 29 1 31
19 23 9 13
21 23 7 11
24 25 1 17
(115, 634)

Arvore 8
0 2 6 5
0 16 5 19
0 25 4 16
0 28 8 27
1 12 1 41
1 14 3 28
1 26 5 26
1 29 4 12
2 9 1 1
3 8 8 18
3 20 3 7
4 20 2 16
4 22 8 15
5 11 7 20
5 21 1 33
6 8 4 35
7 13 5 46
7 25 4 3
10 18 3 13
10 20 2 36
14 25 8 8
15 29 2 24
16 17 1 21
16 19 4 14
18 27 4 50
18 29 1 31
19 23 9 13
21 23 7 11
24 25 1 17
(121, 606)

Arvore 9
0 2 6 5
0 16 5 19
0 25 4 16
1 12 1 41
1 14 3 28
1 26 5 26
1 29 4 12
2 9 1 1
3 8 8 18
3 20 3 7
4 20 2 16
4 22 8 15
5 11 7 20
5 21 1 33
6 8 4 35
7 13 5 46
7 25 4 3
10 18 3 13
10 20 2 36
14 25 8 8
15 29 2 24
16 17 1 21
16 19 4 14
18 27 4 50
18 29 1 31
19 23 9 13
19 28 12 10
21 23 7 11
24 25 1 17
(125, 589)

Arvore 10
0 2 6 5
0 16 5 19
0 25 4 16
1 14 3 28
1 26 5 26
1 29 4 12
2 9 1 1
3 12 6 21
3 20 3 7
4 20 2 16
4 22 8 15
5 11 7 20
5 21 1 33
6 8 4 35
7 13 5 46
7 25 4 3
8 12 11 6
10 18 3 13
10 20 2 36
14 25 8 8
15 29 2 24
16 17 1 21
16 19 4 14
18 27 4 50
18 29 1 31
19 23 9 13
19 28 12 10
21 23 7 11
24 25 1 17
(133, 557)

Arvore 11
0 2 6 5
0 16 5 19
0 25 4 16
1 14 3 28
1 26 5 26
1 29 4 12
2 9 1 1
2 20 11 13
3 12 6 21
3 20 3 7
4 20 2 16
4 22 8 15
5 11 7 20
5 21 1 33
6 8 4 35
7 13 5 46
7 25 4 3
8 12 11 6
10 18 3 13
14 25 8 8
15 29 2 24
16 17 1 21
16 19 4 14
18 27 4 50
18 29 1 31
19 23 9 13
19 28 12 10
21 23 7 11
24 25 1 17
(142, 534)

Arvore 12
0 2 6 5
0 16 5 19
0 25 4 16
1 26 5 26
1 29 4 12
2 9 1 1
2 20 11 13
3 12 6 21
3 20 3 7
4 20 2 16
4 22 8 15
5 11 7 20
5 21 1 33
6 8 4 35
7 13 5 46
7 25 4 3
8 12 11 6
10 18 3 13
14 25 8 8
15 29 2 24
16 17 1 21
16 19 4 14
18 27 4 50
18 28 14 11
18 29 1 31
19 23 9 13
19 28 12 10
21 23 7 11
24 25 1 17
(153, 517)

Arvore 13
0 2 6 5
0 16 5 19
0 25 4 16
1 26 5 26
1 29 4 12
2 9 1 1
2 20 11 13
3 12 6 21
3 20 3 7
4 20 2 16
4 22 8 15
5 11 7 20
6 8 4 35
7 13 5 46
7 25 4 3
8 12 11 6
10 18 3 13
11 25 14 13
14 25 8 8
15 29 2 24
16 17 1 21
16 19 4 14
18 27 4 50
18 28 14 11
18 29 1 31
19 23 9 13
19 28 12 10
21 23 7 11
24 25 1 17
(166, 497)

Arvore 14
0 2 6 5
0 16 5 19
0 25 4 16
1 14 3 28
1 26 5 26
1 29 4 12
2 9 1 1
2 20 11 13
3 8 8 18
3 20 3 7
4 20 2 16
4 22 8 15
5 11 7 20
6 8 4 35
7 13 5 46
7 25 4 3
8 12 11 6
10 18 3 13
11 25 14 13
14 25 8 8
15 29 2 24
16 17 1 21
16 19 4 14
18 27 4 50
18 28 14 11
19 23 9 13
19 28 12 10
21 23 7 11
24 25 1 17
(170, 491)

Arvore 15
0 2 6 5
0 16 5 19
0 25 4 16
1 26 5 26
1 29 4 12
2 9 1 1
2 20 11 13
3 8 8 18
3 20 3 7
4 20 2 16
4 22 8 15
5 11 7 20
6 8 4 35
7 13 5 46
7 25 4 3
8 12 11 6
10 18 3 13
11 25 14 13
14 25 8 8
15 29 2 24
16 17 1 21
16 19 4 14
18 27 4 50
18 28 14 11
19 23 9 13
19 28 12 10
21 23 7 11
22 29 12 17
24 25 1 17
(179, 480)

Arvore 16
0 2 6 5
0 16 5 19
0 25 4 16
1 26 5 26
1 29 4 12
2 9 1 1
2 20 11 13
3 8 8 18
3 20 3 7
4 20 2 16
4 22 8 15
5 11 7 20
6 8 4 35
7 25 4 3
8 12 11 6
10 18 3 13
11 25 14 13
13 24 25 22
14 25 8 8
15 29 2 24
16 17 1 21
16 19 4 14
18 27 4 50
18 28 14 11
19 23 9 13
19 28 12 10
21 23 7 11
22 29 12 17
24 25 1 17
(199, 456)

Arvore 17
0 2 6 5
0 16 5 19
0 25 4 16
1 26 5 26
1 29 4 12
2 9 1 1
2 20 11 13
3 8 8 18
3 20 3 7
4 6 14 28
4 20 2 16
4 22 8 15
5 11 7 20
7 25 4 3
8 12 11 6
10 18 3 13
11 25 14 13
13 24 25 22
14 25 8 8
15 29 2 24
16 17 1 21
16 19 4 14
18 27 4 50
18 28 14 11
19 23 9 13
19 28 12 10
21 23 7 11
22 29 12 17
24 25 1 17
(209, 449)

Arvore 18
0 2 6 5
0 16 5 19
0 25 4 16
1 26 5 26
1 29 4 12
2 9 1 1
2 20 11 13
3 8 8 18
3 20 3 7
4 6 14 28
4 20 2 16
4 22 8 15
5 11 7 20
6 27 28 34
7 25 4 3
8 12 11 6
10 18 3 13
11 25 14 13
13 24 25 22
14 25 8 8
15 29 2 24
16 17 1 21
16 19 4 14
18 28 14 11
19 23 9 13
19 28 12 10
21 23 7 11
22 29 12 17
24 25 1 17
(233, 433)

Arvore 19
0 2 6 5
0 16 5 19
0 25 4 16
1 26 5 26
1 29 4 12
2 9 1 1
2 20 11 13
3 8 8 18
3 20 3 7
4 6 14 28
4 20 2 16
4 22 8 15
5 11 7 20
7 25 4 3
8 12 11 6
10 18 3 13
11 25 14 13
11 27 43 26
13 24 25 22
14 25 8 8
15 29 2 24
16 17 1 21
16 19 4 14
18 28 14 11
19 23 9 13
19 28 12 10
21 23 7 11
22 29 12 17
24 25 1 17
(248, 425)

Arvore 20
0 2 6 5
0 25 4 16
1 26 5 26
1 29 4 12
2 9 1 1
2 20 11 13
3 8 8 18
3 16 18 14
3 20 3 7
4 6 14 28
4 20 2 16
4 22 8 15
5 11 7 20
7 25 4 3
8 12 11 6
10 18 3 13
11 25 14 13
11 27 43 26
13 24 25 22
14 25 8 8
15 29 2 24
16 17 1 21
16 19 4 14
18 28 14 11
19 23 9 13
19 28 12 10
21 23 7 11
22 29 12 17
24 25 1 17
(261, 420)

Arvore 21
0 2 6 5
0 25 4 16
1 26 5 26
1 29 4 12
2 9 1 1
2 20 11 13
3 8 8 18
3 16 18 14
3 20 3 7
4 6 14 28
4 20 2 16
4 22 8 15
5 10 23 14
7 25 4 3
8 12 11 6
10 18 3 13
11 25 14 13
11 27 43 26
13 24 25 22
14 25 8 8
15 29 2 24
16 17 1 21
16 19 4 14
18 28 14 11
19 23 9 13
19 28 12 10
21 23 7 11
22 29 12 17
24 25 1 17
(277, 414)

Arvore 22
0 2 6 5
0 25 4 16
1 29 4 12
2 9 1 1
2 20 11 13
3 8 8 18
3 16 18 14
3 20 3 7
4 6 14 28
4 20 2 16
4 22 8 15
5 10 23 14
7 25 4 3
8 12 11 6
10 18 3 13
11 25 14 13
11 27 43 26
13 24 25 22
14 25 8 8
15 29 2 24
16 17 1 21
16 19 4 14
18 28 14 11
19 23 9 13
19 28 12 10
20 26 16 22
21 23 7 11
22 29 12 17
24 25 1 17
(288, 410)

Arvore 23
0 2 6 5
0 25 4 16
1 9 20 15
1 29 4 12
2 9 1 1
2 20 11 13
3 8 8 18
3 16 18 14
3 20 3 7
4 6 14 28
4 20 2 16
4 22 8 15
5 10 23 14
7 25 4 3
8 12 11 6
10 18 3 13
11 25 14 13
11 27 43 26
13 24 25 22
14 25 8 8
15 29 2 24
16 17 1 21
16 19 4 14
18 28 14 11
19 23 9 13
19 28 12 10
20 26 16 22
21 23 7 11
24 25 1 17
(296, 408)

Arvore 24
0 2 6 5
0 25 4 16
1 9 20 15
1 29 4 12
2 9 1 1
2 20 11 13
3 8 8 18
3 16 18 14
3 20 3 7
4 20 2 16
4 22 8 15
5 10 23 14
6 29 31 24
7 25 4 3
8 12 11 6
10 18 3 13
11 25 14 13
11 27 43 26
13 24 25 22
14 25 8 8
15 29 2 24
16 17 1 21
16 19 4 14
18 28 14 11
19 23 9 13
19 28 12 10
20 26 16 22
21 23 7 11
24 25 1 17
(313, 404)

Arvore 25
0 2 6 5
0 25 4 16
1 9 20 15
1 29 4 12
2 9 1 1
2 20 11 13
3 8 8 18
3 16 18 14
3 20 3 7
4 20 2 16
4 22 8 15
5 10 23 14
6 29 31 24
7 25 4 3
8 12 11 6
10 18 3 13
11 25 14 13
11 27 43 26
13 24 25 22
14 25 8 8
15 21 15 23
16 17 1 21
16 19 4 14
18 28 14 11
19 23 9 13
19 28 12 10
20 26 16 22
21 23 7 11
24 25 1 17
(326, 403)

Nao Suportada
RESULTADO AO FIM DE 2H
SUPORTADAS
Arvore 1
0 2 6 5
0 10 3 42
0 25 4 16
0 28 8 27
1 12 1 41
1 14 3 28
1 15 2 33
1 26 5 26
2 9 1 1
3 19 3 34
3 20 3 7
4 20 2 16
4 22 8 15
5 21 1 33
6 8 4 35
7 13 5 46
7 25 4 3
8 18 6 38
10 16 2 36
10 18 3 13
10 20 2 36
11 29 5 51
12 21 2 47
15 29 2 24
16 17 1 21
18 27 4 50
18 29 1 31
21 23 7 11
24 25 1 17
(99, 783)

Arvore 2
0 2 6 5
0 10 3 42
0 25 4 16
0 28 8 27
1 12 1 41
1 14 3 28
1 15 2 33
1 26 5 26
2 9 1 1
3 20 3 7
4 20 2 16
4 22 8 15
5 21 1 33
6 8 4 35
7 13 5 46
7 25 4 3
8 18 6 38
10 16 2 36
10 18 3 13
10 20 2 36
11 29 5 51
12 21 2 47
15 29 2 24
16 17 1 21
16 19 4 14
18 27 4 50
18 29 1 31
21 23 7 11
24 25 1 17
(100, 763)

Arvore 3
0 2 6 5
0 10 3 42
0 25 4 16
0 28 8 27
1 12 1 41
1 14 3 28
1 15 2 33
1 26 5 26
2 9 1 1
3 20 3 7
4 20 2 16
4 22 8 15
5 11 7 20
5 21 1 33
6 8 4 35
7 13 5 46
7 25 4 3
8 18 6 38
10 16 2 36
10 18 3 13
10 20 2 36
12 21 2 47
15 29 2 24
16 17 1 21
16 19 4 14
18 27 4 50
18 29 1 31
21 23 7 11
24 25 1 17
(102, 732)

Arvore 4
0 2 6 5
0 16 5 19
0 25 4 16
0 28 8 27
1 12 1 41
1 14 3 28
1 15 2 33
1 26 5 26
2 9 1 1
3 20 3 7
4 20 2 16
4 22 8 15
5 11 7 20
5 21 1 33
6 8 4 35
7 13 5 46
7 25 4 3
8 18 6 38
10 16 2 36
10 18 3 13
10 20 2 36
12 21 2 47
15 29 2 24
16 17 1 21
16 19 4 14
18 27 4 50
18 29 1 31
21 23 7 11
24 25 1 17
(104, 709)

Arvore 5
0 2 6 5
0 16 5 19
0 25 4 16
0 28 8 27
1 12 1 41
1 14 3 28
1 26 5 26
1 29 4 12
2 9 1 1
3 20 3 7
4 20 2 16
4 22 8 15
5 11 7 20
5 21 1 33
6 8 4 35
7 13 5 46
7 25 4 3
8 18 6 38
10 16 2 36
10 18 3 13
10 20 2 36
12 21 2 47
15 29 2 24
16 17 1 21
16 19 4 14
18 27 4 50
18 29 1 31
21 23 7 11
24 25 1 17
(106, 688)

Arvore 6
0 2 6 5
0 16 5 19
0 25 4 16
0 28 8 27
1 12 1 41
1 14 3 28
1 26 5 26
1 29 4 12
2 9 1 1
3 8 8 18
3 20 3 7
4 20 2 16
4 22 8 15
5 11 7 20
5 21 1 33
6 8 4 35
7 13 5 46
7 25 4 3
10 16 2 36
10 18 3 13
10 20 2 36
12 21 2 47
15 29 2 24
16 17 1 21
16 19 4 14
18 27 4 50
18 29 1 31
21 23 7 11
24 25 1 17
(108, 668)

Arvore 7
0 2 6 5
0 16 5 19
0 25 4 16
0 28 8 27
1 12 1 41
1 14 3 28
1 26 5 26
1 29 4 12
2 9 1 1
3 8 8 18
3 20 3 7
4 20 2 16
4 22 8 15
5 11 7 20
5 21 1 33
6 8 4 35
7 13 5 46
7 25 4 3
10 16 2 36
10 18 3 13
10 20 2 36
15 29 2 24
16 17 1 21
16 19 4 14
18 27 4 50
18 29 1 31
19 23 9 13
21 23 7 11
24 25 1 17
(115, 634)

Arvore 8
0 2 6 5
0 16 5 19
0 25 4 16
0 28 8 27
1 12 1 41
1 14 3 28
1 26 5 26
1 29 4 12
2 9 1 1
3 8 8 18
3 20 3 7
4 20 2 16
4 22 8 15
5 11 7 20
5 21 1 33
6 8 4 35
7 13 5 46
7 25 4 3
10 18 3 13
10 20 2 36
14 25 8 8
15 29 2 24
16 17 1 21
16 19 4 14
18 27 4 50
18 29 1 31
19 23 9 13
21 23 7 11
24 25 1 17
(121, 606)

Arvore 9
0 2 6 5
0 16 5 19
0 25 4 16
1 12 1 41
1 14 3 28
1 26 5 26
1 29 4 12
2 9 1 1
3 8 8 18
3 20 3 7
4 20 2 16
4 22 8 15
5 11 7 20
5 21 1 33
6 8 4 35
7 13 5 46
7 25 4 3
10 18 3 13
10 20 2 36
14 25 8 8
15 29 2 24
16 17 1 21
16 19 4 14
18 27 4 50
18 29 1 31
19 23 9 13
19 28 12 10
21 23 7 11
24 25 1 17
(125, 589)

Arvore 10
0 2 6 5
0 16 5 19
0 25 4 16
1 14 3 28
1 26 5 26
1 29 4 12
2 9 1 1
3 12 6 21
3 20 3 7
4 20 2 16
4 22 8 15
5 11 7 20
5 21 1 33
6 8 4 35
7 13 5 46
7 25 4 3
8 12 11 6
10 18 3 13
10 20 2 36
14 25 8 8
15 29 2 24
16 17 1 21
16 19 4 14
18 27 4 50
18 29 1 31
19 23 9 13
19 28 12 10
21 23 7 11
24 25 1 17
(133, 557)

Arvore 11
0 2 6 5
0 16 5 19
0 25 4 16
1 14 3 28
1 26 5 26
1 29 4 12
2 9 1 1
2 20 11 13
3 12 6 21
3 20 3 7
4 20 2 16
4 22 8 15
5 11 7 20
5 21 1 33
6 8 4 35
7 13 5 46
7 25 4 3
8 12 11 6
10 18 3 13
14 25 8 8
15 29 2 24
16 17 1 21
16 19 4 14
18 27 4 50
18 29 1 31
19 23 9 13
19 28 12 10
21 23 7 11
24 25 1 17
(142, 534)

Arvore 12
0 2 6 5
0 16 5 19
0 25 4 16
1 26 5 26
1 29 4 12
2 9 1 1
2 20 11 13
3 12 6 21
3 20 3 7
4 20 2 16
4 22 8 15
5 11 7 20
5 21 1 33
6 8 4 35
7 13 5 46
7 25 4 3
8 12 11 6
10 18 3 13
14 25 8 8
15 29 2 24
16 17 1 21
16 19 4 14
18 27 4 50
18 28 14 11
18 29 1 31
19 23 9 13
19 28 12 10
21 23 7 11
24 25 1 17
(153, 517)

Arvore 13
0 2 6 5
0 16 5 19
0 25 4 16
1 26 5 26
1 29 4 12
2 9 1 1
2 20 11 13
3 12 6 21
3 20 3 7
4 20 2 16
4 22 8 15
5 11 7 20
6 8 4 35
7 13 5 46
7 25 4 3
8 12 11 6
10 18 3 13
11 25 14 13
14 25 8 8
15 29 2 24
16 17 1 21
16 19 4 14
18 27 4 50
18 28 14 11
18 29 1 31
19 23 9 13
19 28 12 10
21 23 7 11
24 25 1 17
(166, 497)

Arvore 14
0 2 6 5
0 16 5 19
0 25 4 16
1 14 3 28
1 26 5 26
1 29 4 12
2 9 1 1
2 20 11 13
3 8 8 18
3 20 3 7
4 20 2 16
4 22 8 15
5 11 7 20
6 8 4 35
7 13 5 46
7 25 4 3
8 12 11 6
10 18 3 13
11 25 14 13
14 25 8 8
15 29 2 24
16 17 1 21
16 19 4 14
18 27 4 50
18 28 14 11
19 23 9 13
19 28 12 10
21 23 7 11
24 25 1 17
(170, 491)

Arvore 15
0 2 6 5
0 16 5 19
0 25 4 16
1 26 5 26
1 29 4 12
2 9 1 1
2 20 11 13
3 8 8 18
3 20 3 7
4 20 2 16
4 22 8 15
5 11 7 20
6 8 4 35
7 13 5 46
7 25 4 3
8 12 11 6
10 18 3 13
11 25 14 13
14 25 8 8
15 29 2 24
16 17 1 21
16 19 4 14
18 27 4 50
18 28 14 11
19 23 9 13
19 28 12 10
21 23 7 11
22 29 12 17
24 25 1 17
(179, 480)

Arvore 16
0 2 6 5
0 16 5 19
0 25 4 16
1 26 5 26
1 29 4 12
2 9 1 1
2 20 11 13
3 8 8 18
3 20 3 7
4 20 2 16
4 22 8 15
5 11 7 20
6 8 4 35
7 25 4 3
8 12 11 6
10 18 3 13
11 25 14 13
13 24 25 22
14 25 8 8
15 29 2 24
16 17 1 21
16 19 4 14
18 27 4 50
18 28 14 11
19 23 9 13
19 28 12 10
21 23 7 11
22 29 12 17
24 25 1 17
(199, 456)

Arvore 17
0 2 6 5
0 16 5 19
0 25 4 16
1 26 5 26
1 29 4 12
2 9 1 1
2 20 11 13
3 8 8 18
3 20 3 7
4 6 14 28
4 20 2 16
4 22 8 15
5 11 7 20
7 25 4 3
8 12 11 6
10 18 3 13
11 25 14 13
13 24 25 22
14 25 8 8
15 29 2 24
16 17 1 21
16 19 4 14
18 27 4 50
18 28 14 11
19 23 9 13
19 28 12 10
21 23 7 11
22 29 12 17
24 25 1 17
(209, 449)

Arvore 18
0 2 6 5
0 16 5 19
0 25 4 16
1 26 5 26
1 29 4 12
2 9 1 1
2 20 11 13
3 8 8 18
3 20 3 7
4 6 14 28
4 20 2 16
4 22 8 15
5 11 7 20
6 27 28 34
7 25 4 3
8 12 11 6
10 18 3 13
11 25 14 13
13 24 25 22
14 25 8 8
15 29 2 24
16 17 1 21
16 19 4 14
18 28 14 11
19 23 9 13
19 28 12 10
21 23 7 11
22 29 12 17
24 25 1 17
(233, 433)

Arvore 19
0 2 6 5
0 16 5 19
0 25 4 16
1 26 5 26
1 29 4 12
2 9 1 1
2 20 11 13
3 8 8 18
3 20 3 7
4 6 14 28
4 20 2 16
4 22 8 15
5 11 7 20
7 25 4 3
8 12 11 6
10 18 3 13
11 25 14 13
11 27 43 26
13 24 25 22
14 25 8 8
15 29 2 24
16 17 1 21
16 19 4 14
18 28 14 11
19 23 9 13
19 28 12 10
21 23 7 11
22 29 12 17
24 25 1 17
(248, 425)

Arvore 20
0 2 6 5
0 25 4 16
1 26 5 26
1 29 4 12
2 9 1 1
2 20 11 13
3 8 8 18
3 16 18 14
3 20 3 7
4 6 14 28
4 20 2 16
4 22 8 15
5 11 7 20
7 25 4 3
8 12 11 6
10 18 3 13
11 25 14 13
11 27 43 26
13 24 25 22
14 25 8 8
15 29 2 24
16 17 1 21
16 19 4 14
18 28 14 11
19 23 9 13
19 28 12 10
21 23 7 11
22 29 12 17
24 25 1 17
(261, 420)

Arvore 21
0 2 6 5
0 25 4 16
1 26 5 26
1 29 4 12
2 9 1 1
2 20 11 13
3 8 8 18
3 16 18 14
3 20 3 7
4 6 14 28
4 20 2 16
4 22 8 15
5 10 23 14
7 25 4 3
8 12 11 6
10 18 3 13
11 25 14 13
11 27 43 26
13 24 25 22
14 25 8 8
15 29 2 24
16 17 1 21
16 19 4 14
18 28 14 11
19 23 9 13
19 28 12 10
21 23 7 11
22 29 12 17
24 25 1 17
(277, 414)

Arvore 22
0 2 6 5
0 25 4 16
1 29 4 12
2 9 1 1
2 20 11 13
3 8 8 18
3 16 18 14
3 20 3 7
4 6 14 28
4 20 2 16
4 22 8 15
5 10 23 14
7 25 4 3
8 12 11 6
10 18 3 13
11 25 14 13
11 27 43 26
13 24 25 22
14 25 8 8
15 29 2 24
16 17 1 21
16 19 4 14
18 28 14 11
19 23 9 13
19 28 12 10
20 26 16 22
21 23 7 11
22 29 12 17
24 25 1 17
(288, 410)

Arvore 23
0 2 6 5
0 25 4 16
1 9 20 15
1 29 4 12
2 9 1 1
2 20 11 13
3 8 8 18
3 16 18 14
3 20 3 7
4 6 14 28
4 20 2 16
4 22 8 15
5 10 23 14
7 25 4 3
8 12 11 6
10 18 3 13
11 25 14 13
11 27 43 26
13 24 25 22
14 25 8 8
15 29 2 24
16 17 1 21
16 19 4 14
18 28 14 11
19 23 9 13
19 28 12 10
20 26 16 22
21 23 7 11
24 25 1 17
(296, 408)

Arvore 24
0 2 6 5
0 25 4 16
1 9 20 15
1 29 4 12
2 9 1 1
2 20 11 13
3 8 8 18
3 16 18 14
3 20 3 7
4 20 2 16
4 22 8 15
5 10 23 14
6 29 31 24
7 25 4 3
8 12 11 6
10 18 3 13
11 25 14 13
11 27 43 26
13 24 25 22
14 25 8 8
15 29 2 24
16 17 1 21
16 19 4 14
18 28 14 11
19 23 9 13
19 28 12 10
20 26 16 22
21 23 7 11
24 25 1 17
(313, 404)

Arvore 25
0 2 6 5
0 25 4 16
1 9 20 15
1 29 4 12
2 9 1 1
2 20 11 13
3 8 8 18
3 16 18 14
3 20 3 7
4 20 2 16
4 22 8 15
5 10 23 14
6 29 31 24
7 25 4 3
8 12 11 6
10 18 3 13
11 25 14 13
11 27 43 26
13 24 25 22
14 25 8 8
15 21 15 23
16 17 1 21
16 19 4 14
18 28 14 11
19 23 9 13
19 28 12 10
20 26 16 22
21 23 7 11
24 25 1 17
(326, 403)

Nao Suportada
Arvore 26
0 2 6 5
0 16 5 19
0 25 4 16
0 28 8 27
1 26 5 26
1 29 4 12
2 9 1 1
2 20 11 13
3 8 8 18
3 20 3 7
4 20 2 16
4 22 8 15
5 11 7 20
5 21 1 33
6 8 4 35
7 13 5 46
7 25 4 3
8 12 11 6
10 18 3 13
14 25 8 8
15 29 2 24
16 17 1 21
16 19 4 14
18 27 4 50
18 28 14 11
18 29 1 31
19 23 9 13
21 23 7 11
24 25 1 17
(151, 531)

Arvore 27
0 2 6 5
0 25 4 16
0 28 8 27
1 26 5 26
1 29 4 12
2 9 1 1
3 8 8 18
3 12 6 21
3 20 3 7
4 20 2 16
4 22 8 15
5 11 7 20
5 21 1 33
6 8 4 35
7 13 5 46
7 25 4 3
10 16 2 36
10 18 3 13
10 20 2 36
14 25 8 8
15 29 2 24
16 17 1 21
16 19 4 14
18 27 4 50
18 29 1 31
19 23 9 13
19 28 12 10
21 23 7 11
24 25 1 17
(132, 585)

Arvore 28
0 2 6 5
0 16 5 19
0 25 4 16
0 28 8 27
1 26 5 26
1 29 4 12
2 9 1 1
2 20 11 13
3 12 6 21
3 20 3 7
4 20 2 16
4 22 8 15
5 11 7 20
6 8 4 35
7 13 5 46
7 25 4 3
8 12 11 6
10 18 3 13
11 25 14 13
14 25 8 8
15 29 2 24
16 17 1 21
16 19 4 14
18 27 4 50
18 28 14 11
18 29 1 31
19 23 9 13
21 23 7 11
24 25 1 17
(162, 514)

Arvore 29
0 2 6 5
0 25 4 16
0 28 8 27
1 26 5 26
1 29 4 12
2 9 1 1
2 20 11 13
3 8 8 18
3 20 3 7
4 20 2 16
4 22 8 15
5 11 7 20
6 8 4 35
7 25 4 3
8 12 11 6
10 18 3 13
11 25 14 13
13 24 25 22
14 25 8 8
15 29 2 24
16 17 1 21
16 19 4 14
18 27 4 50
18 28 14 11
18 29 1 31
19 23 9 13
19 28 12 10
21 23 7 11
24 25 1 17
(191, 478)

Arvore 30
0 2 6 5
0 16 5 19
0 25 4 16
0 28 8 27
1 26 5 26
1 29 4 12
2 9 1 1
2 20 11 13
3 8 8 18
3 20 3 7
4 20 2 16
4 22 8 15
5 11 7 20
6 8 4 35
7 13 5 46
7 25 4 3
8 12 11 6
10 18 3 13
11 25 14 13
14 25 8 8
15 29 2 24
16 17 1 21
16 19 4 14
18 27 4 50
18 28 14 11
18 29 1 31
19 23 9 13
21 23 7 11
24 25 1 17
(164, 511)

Arvore 31
0 2 6 5
0 16 5 19
0 25 4 16
0 28 8 27
1 26 5 26
1 29 4 12
2 9 1 1
3 12 6 21
3 19 3 34
3 20 3 7
4 20 2 16
4 22 8 15
5 11 7 20
5 21 1 33
6 8 4 35
7 13 5 46
7 25 4 3
8 12 11 6
10 18 3 13
14 25 8 8
15 29 2 24
16 17 1 21
16 19 4 14
18 27 4 50
18 28 14 11
18 29 1 31
19 23 9 13
21 23 7 11
24 25 1 17
(141, 555)

RESULTADO AO FIM DE 3H
TEMPO LIMITE ATINGIDO...
SUPORTADAS
Arvore 1
0 2 6 5
0 10 3 42
0 25 4 16
0 28 8 27
1 12 1 41
1 14 3 28
1 15 2 33
1 26 5 26
2 9 1 1
3 19 3 34
3 20 3 7
4 20 2 16
4 22 8 15
5 21 1 33
6 8 4 35
7 13 5 46
7 25 4 3
8 18 6 38
10 16 2 36
10 18 3 13
10 20 2 36
11 29 5 51
12 21 2 47
15 29 2 24
16 17 1 21
18 27 4 50
18 29 1 31
21 23 7 11
24 25 1 17
(99, 783)

Arvore 2
0 2 6 5
0 10 3 42
0 25 4 16
0 28 8 27
1 12 1 41
1 14 3 28
1 15 2 33
1 26 5 26
2 9 1 1
3 20 3 7
4 20 2 16
4 22 8 15
5 21 1 33
6 8 4 35
7 13 5 46
7 25 4 3
8 18 6 38
10 16 2 36
10 18 3 13
10 20 2 36
11 29 5 51
12 21 2 47
15 29 2 24
16 17 1 21
16 19 4 14
18 27 4 50
18 29 1 31
21 23 7 11
24 25 1 17
(100, 763)

Arvore 3
0 2 6 5
0 10 3 42
0 25 4 16
0 28 8 27
1 12 1 41
1 14 3 28
1 15 2 33
1 26 5 26
2 9 1 1
3 20 3 7
4 20 2 16
4 22 8 15
5 11 7 20
5 21 1 33
6 8 4 35
7 13 5 46
7 25 4 3
8 18 6 38
10 16 2 36
10 18 3 13
10 20 2 36
12 21 2 47
15 29 2 24
16 17 1 21
16 19 4 14
18 27 4 50
18 29 1 31
21 23 7 11
24 25 1 17
(102, 732)

Arvore 4
0 2 6 5
0 16 5 19
0 25 4 16
0 28 8 27
1 12 1 41
1 14 3 28
1 15 2 33
1 26 5 26
2 9 1 1
3 20 3 7
4 20 2 16
4 22 8 15
5 11 7 20
5 21 1 33
6 8 4 35
7 13 5 46
7 25 4 3
8 18 6 38
10 16 2 36
10 18 3 13
10 20 2 36
12 21 2 47
15 29 2 24
16 17 1 21
16 19 4 14
18 27 4 50
18 29 1 31
21 23 7 11
24 25 1 17
(104, 709)

Arvore 5
0 2 6 5
0 16 5 19
0 25 4 16
0 28 8 27
1 12 1 41
1 14 3 28
1 26 5 26
1 29 4 12
2 9 1 1
3 20 3 7
4 20 2 16
4 22 8 15
5 11 7 20
5 21 1 33
6 8 4 35
7 13 5 46
7 25 4 3
8 18 6 38
10 16 2 36
10 18 3 13
10 20 2 36
12 21 2 47
15 29 2 24
16 17 1 21
16 19 4 14
18 27 4 50
18 29 1 31
21 23 7 11
24 25 1 17
(106, 688)

Arvore 6
0 2 6 5
0 16 5 19
0 25 4 16
0 28 8 27
1 12 1 41
1 14 3 28
1 26 5 26
1 29 4 12
2 9 1 1
3 8 8 18
3 20 3 7
4 20 2 16
4 22 8 15
5 11 7 20
5 21 1 33
6 8 4 35
7 13 5 46
7 25 4 3
10 16 2 36
10 18 3 13
10 20 2 36
12 21 2 47
15 29 2 24
16 17 1 21
16 19 4 14
18 27 4 50
18 29 1 31
21 23 7 11
24 25 1 17
(108, 668)

Arvore 7
0 2 6 5
0 16 5 19
0 25 4 16
0 28 8 27
1 12 1 41
1 14 3 28
1 26 5 26
1 29 4 12
2 9 1 1
3 8 8 18
3 20 3 7
4 20 2 16
4 22 8 15
5 11 7 20
5 21 1 33
6 8 4 35
7 13 5 46
7 25 4 3
10 16 2 36
10 18 3 13
10 20 2 36
15 29 2 24
16 17 1 21
16 19 4 14
18 27 4 50
18 29 1 31
19 23 9 13
21 23 7 11
24 25 1 17
(115, 634)

Arvore 8
0 2 6 5
0 16 5 19
0 25 4 16
0 28 8 27
1 12 1 41
1 14 3 28
1 26 5 26
1 29 4 12
2 9 1 1
3 8 8 18
3 20 3 7
4 20 2 16
4 22 8 15
5 11 7 20
5 21 1 33
6 8 4 35
7 13 5 46
7 25 4 3
10 18 3 13
10 20 2 36
14 25 8 8
15 29 2 24
16 17 1 21
16 19 4 14
18 27 4 50
18 29 1 31
19 23 9 13
21 23 7 11
24 25 1 17
(121, 606)

Arvore 9
0 2 6 5
0 16 5 19
0 25 4 16
1 12 1 41
1 14 3 28
1 26 5 26
1 29 4 12
2 9 1 1
3 8 8 18
3 20 3 7
4 20 2 16
4 22 8 15
5 11 7 20
5 21 1 33
6 8 4 35
7 13 5 46
7 25 4 3
10 18 3 13
10 20 2 36
14 25 8 8
15 29 2 24
16 17 1 21
16 19 4 14
18 27 4 50
18 29 1 31
19 23 9 13
19 28 12 10
21 23 7 11
24 25 1 17
(125, 589)

Arvore 10
0 2 6 5
0 16 5 19
0 25 4 16
1 14 3 28
1 26 5 26
1 29 4 12
2 9 1 1
3 12 6 21
3 20 3 7
4 20 2 16
4 22 8 15
5 11 7 20
5 21 1 33
6 8 4 35
7 13 5 46
7 25 4 3
8 12 11 6
10 18 3 13
10 20 2 36
14 25 8 8
15 29 2 24
16 17 1 21
16 19 4 14
18 27 4 50
18 29 1 31
19 23 9 13
19 28 12 10
21 23 7 11
24 25 1 17
(133, 557)

Arvore 11
0 2 6 5
0 16 5 19
0 25 4 16
1 14 3 28
1 26 5 26
1 29 4 12
2 9 1 1
2 20 11 13
3 12 6 21
3 20 3 7
4 20 2 16
4 22 8 15
5 11 7 20
5 21 1 33
6 8 4 35
7 13 5 46
7 25 4 3
8 12 11 6
10 18 3 13
14 25 8 8
15 29 2 24
16 17 1 21
16 19 4 14
18 27 4 50
18 29 1 31
19 23 9 13
19 28 12 10
21 23 7 11
24 25 1 17
(142, 534)

Arvore 12
0 2 6 5
0 16 5 19
0 25 4 16
1 26 5 26
1 29 4 12
2 9 1 1
2 20 11 13
3 12 6 21
3 20 3 7
4 20 2 16
4 22 8 15
5 11 7 20
5 21 1 33
6 8 4 35
7 13 5 46
7 25 4 3
8 12 11 6
10 18 3 13
14 25 8 8
15 29 2 24
16 17 1 21
16 19 4 14
18 27 4 50
18 28 14 11
18 29 1 31
19 23 9 13
19 28 12 10
21 23 7 11
24 25 1 17
(153, 517)

Arvore 13
0 2 6 5
0 16 5 19
0 25 4 16
1 26 5 26
1 29 4 12
2 9 1 1
2 20 11 13
3 12 6 21
3 20 3 7
4 20 2 16
4 22 8 15
5 11 7 20
6 8 4 35
7 13 5 46
7 25 4 3
8 12 11 6
10 18 3 13
11 25 14 13
14 25 8 8
15 29 2 24
16 17 1 21
16 19 4 14
18 27 4 50
18 28 14 11
18 29 1 31
19 23 9 13
19 28 12 10
21 23 7 11
24 25 1 17
(166, 497)

Arvore 14
0 2 6 5
0 16 5 19
0 25 4 16
1 14 3 28
1 26 5 26
1 29 4 12
2 9 1 1
2 20 11 13
3 8 8 18
3 20 3 7
4 20 2 16
4 22 8 15
5 11 7 20
6 8 4 35
7 13 5 46
7 25 4 3
8 12 11 6
10 18 3 13
11 25 14 13
14 25 8 8
15 29 2 24
16 17 1 21
16 19 4 14
18 27 4 50
18 28 14 11
19 23 9 13
19 28 12 10
21 23 7 11
24 25 1 17
(170, 491)

Arvore 15
0 2 6 5
0 16 5 19
0 25 4 16
1 26 5 26
1 29 4 12
2 9 1 1
2 20 11 13
3 8 8 18
3 20 3 7
4 20 2 16
4 22 8 15
5 11 7 20
6 8 4 35
7 13 5 46
7 25 4 3
8 12 11 6
10 18 3 13
11 25 14 13
14 25 8 8
15 29 2 24
16 17 1 21
16 19 4 14
18 27 4 50
18 28 14 11
19 23 9 13
19 28 12 10
21 23 7 11
22 29 12 17
24 25 1 17
(179, 480)

Arvore 16
0 2 6 5
0 16 5 19
0 25 4 16
1 26 5 26
1 29 4 12
2 9 1 1
2 20 11 13
3 8 8 18
3 20 3 7
4 20 2 16
4 22 8 15
5 11 7 20
6 8 4 35
7 25 4 3
8 12 11 6
10 18 3 13
11 25 14 13
13 24 25 22
14 25 8 8
15 29 2 24
16 17 1 21
16 19 4 14
18 27 4 50
18 28 14 11
19 23 9 13
19 28 12 10
21 23 7 11
22 29 12 17
24 25 1 17
(199, 456)

Arvore 17
0 2 6 5
0 16 5 19
0 25 4 16
1 26 5 26
1 29 4 12
2 9 1 1
2 20 11 13
3 8 8 18
3 20 3 7
4 6 14 28
4 20 2 16
4 22 8 15
5 11 7 20
7 25 4 3
8 12 11 6
10 18 3 13
11 25 14 13
13 24 25 22
14 25 8 8
15 29 2 24
16 17 1 21
16 19 4 14
18 27 4 50
18 28 14 11
19 23 9 13
19 28 12 10
21 23 7 11
22 29 12 17
24 25 1 17
(209, 449)

Arvore 18
0 2 6 5
0 16 5 19
0 25 4 16
1 26 5 26
1 29 4 12
2 9 1 1
2 20 11 13
3 8 8 18
3 20 3 7
4 6 14 28
4 20 2 16
4 22 8 15
5 11 7 20
6 27 28 34
7 25 4 3
8 12 11 6
10 18 3 13
11 25 14 13
13 24 25 22
14 25 8 8
15 29 2 24
16 17 1 21
16 19 4 14
18 28 14 11
19 23 9 13
19 28 12 10
21 23 7 11
22 29 12 17
24 25 1 17
(233, 433)

Arvore 19
0 2 6 5
0 16 5 19
0 25 4 16
1 26 5 26
1 29 4 12
2 9 1 1
2 20 11 13
3 8 8 18
3 20 3 7
4 6 14 28
4 20 2 16
4 22 8 15
5 11 7 20
7 25 4 3
8 12 11 6
10 18 3 13
11 25 14 13
11 27 43 26
13 24 25 22
14 25 8 8
15 29 2 24
16 17 1 21
16 19 4 14
18 28 14 11
19 23 9 13
19 28 12 10
21 23 7 11
22 29 12 17
24 25 1 17
(248, 425)

Arvore 20
0 2 6 5
0 25 4 16
1 26 5 26
1 29 4 12
2 9 1 1
2 20 11 13
3 8 8 18
3 16 18 14
3 20 3 7
4 6 14 28
4 20 2 16
4 22 8 15
5 11 7 20
7 25 4 3
8 12 11 6
10 18 3 13
11 25 14 13
11 27 43 26
13 24 25 22
14 25 8 8
15 29 2 24
16 17 1 21
16 19 4 14
18 28 14 11
19 23 9 13
19 28 12 10
21 23 7 11
22 29 12 17
24 25 1 17
(261, 420)

Arvore 21
0 2 6 5
0 25 4 16
1 26 5 26
1 29 4 12
2 9 1 1
2 20 11 13
3 8 8 18
3 16 18 14
3 20 3 7
4 6 14 28
4 20 2 16
4 22 8 15
5 10 23 14
7 25 4 3
8 12 11 6
10 18 3 13
11 25 14 13
11 27 43 26
13 24 25 22
14 25 8 8
15 29 2 24
16 17 1 21
16 19 4 14
18 28 14 11
19 23 9 13
19 28 12 10
21 23 7 11
22 29 12 17
24 25 1 17
(277, 414)

Arvore 22
0 2 6 5
0 25 4 16
1 29 4 12
2 9 1 1
2 20 11 13
3 8 8 18
3 16 18 14
3 20 3 7
4 6 14 28
4 20 2 16
4 22 8 15
5 10 23 14
7 25 4 3
8 12 11 6
10 18 3 13
11 25 14 13
11 27 43 26
13 24 25 22
14 25 8 8
15 29 2 24
16 17 1 21
16 19 4 14
18 28 14 11
19 23 9 13
19 28 12 10
20 26 16 22
21 23 7 11
22 29 12 17
24 25 1 17
(288, 410)

Arvore 23
0 2 6 5
0 25 4 16
1 9 20 15
1 29 4 12
2 9 1 1
2 20 11 13
3 8 8 18
3 16 18 14
3 20 3 7
4 6 14 28
4 20 2 16
4 22 8 15
5 10 23 14
7 25 4 3
8 12 11 6
10 18 3 13
11 25 14 13
11 27 43 26
13 24 25 22
14 25 8 8
15 29 2 24
16 17 1 21
16 19 4 14
18 28 14 11
19 23 9 13
19 28 12 10
20 26 16 22
21 23 7 11
24 25 1 17
(296, 408)

Arvore 24
0 2 6 5
0 25 4 16
1 9 20 15
1 29 4 12
2 9 1 1
2 20 11 13
3 8 8 18
3 16 18 14
3 20 3 7
4 20 2 16
4 22 8 15
5 10 23 14
6 29 31 24
7 25 4 3
8 12 11 6
10 18 3 13
11 25 14 13
11 27 43 26
13 24 25 22
14 25 8 8
15 29 2 24
16 17 1 21
16 19 4 14
18 28 14 11
19 23 9 13
19 28 12 10
20 26 16 22
21 23 7 11
24 25 1 17
(313, 404)

Arvore 25
0 2 6 5
0 25 4 16
1 9 20 15
1 29 4 12
2 9 1 1
2 20 11 13
3 8 8 18
3 16 18 14
3 20 3 7
4 20 2 16
4 22 8 15
5 10 23 14
6 29 31 24
7 25 4 3
8 12 11 6
10 18 3 13
11 25 14 13
11 27 43 26
13 24 25 22
14 25 8 8
15 21 15 23
16 17 1 21
16 19 4 14
18 28 14 11
19 23 9 13
19 28 12 10
20 26 16 22
21 23 7 11
24 25 1 17
(326, 403)

Nao Suportada
Arvore 26
0 2 6 5
0 16 5 19
0 25 4 16
0 28 8 27
1 26 5 26
1 29 4 12
2 9 1 1
2 20 11 13
3 8 8 18
3 20 3 7
4 20 2 16
4 22 8 15
5 11 7 20
5 21 1 33
6 8 4 35
7 13 5 46
7 25 4 3
8 12 11 6
10 18 3 13
14 25 8 8
15 29 2 24
16 17 1 21
16 19 4 14
18 27 4 50
18 28 14 11
18 29 1 31
19 23 9 13
21 23 7 11
24 25 1 17
(151, 531)

Arvore 27
0 2 6 5
0 25 4 16
0 28 8 27
1 26 5 26
1 29 4 12
2 9 1 1
3 8 8 18
3 12 6 21
3 20 3 7
4 20 2 16
4 22 8 15
5 11 7 20
5 21 1 33
6 8 4 35
7 13 5 46
7 25 4 3
10 16 2 36
10 18 3 13
10 20 2 36
14 25 8 8
15 29 2 24
16 17 1 21
16 19 4 14
18 27 4 50
18 29 1 31
19 23 9 13
19 28 12 10
21 23 7 11
24 25 1 17
(132, 585)

Arvore 28
0 2 6 5
0 16 5 19
0 25 4 16
0 28 8 27
1 26 5 26
1 29 4 12
2 9 1 1
2 20 11 13
3 12 6 21
3 20 3 7
4 20 2 16
4 22 8 15
5 11 7 20
6 8 4 35
7 13 5 46
7 25 4 3
8 12 11 6
10 18 3 13
11 25 14 13
14 25 8 8
15 29 2 24
16 17 1 21
16 19 4 14
18 27 4 50
18 28 14 11
18 29 1 31
19 23 9 13
21 23 7 11
24 25 1 17
(162, 514)

Arvore 29
0 2 6 5
0 25 4 16
0 28 8 27
1 26 5 26
1 29 4 12
2 9 1 1
2 20 11 13
3 8 8 18
3 20 3 7
4 20 2 16
4 22 8 15
5 11 7 20
6 8 4 35
7 25 4 3
8 12 11 6
10 18 3 13
11 25 14 13
13 24 25 22
14 25 8 8
15 29 2 24
16 17 1 21
16 19 4 14
18 27 4 50
18 28 14 11
18 29 1 31
19 23 9 13
19 28 12 10
21 23 7 11
24 25 1 17
(191, 478)

Arvore 30
0 2 6 5
0 16 5 19
0 25 4 16
0 28 8 27
1 26 5 26
1 29 4 12
2 9 1 1
2 20 11 13
3 8 8 18
3 20 3 7
4 20 2 16
4 22 8 15
5 11 7 20
6 8 4 35
7 13 5 46
7 25 4 3
8 12 11 6
10 18 3 13
11 25 14 13
14 25 8 8
15 29 2 24
16 17 1 21
16 19 4 14
18 27 4 50
18 28 14 11
18 29 1 31
19 23 9 13
21 23 7 11
24 25 1 17
(164, 511)

Arvore 31
0 2 6 5
0 16 5 19
0 25 4 16
0 28 8 27
1 26 5 26
1 29 4 12
2 9 1 1
3 12 6 21
3 19 3 34
3 20 3 7
4 20 2 16
4 22 8 15
5 11 7 20
5 21 1 33
6 8 4 35
7 13 5 46
7 25 4 3
8 12 11 6
10 18 3 13
14 25 8 8
15 29 2 24
16 17 1 21
16 19 4 14
18 27 4 50
18 28 14 11
18 29 1 31
19 23 9 13
21 23 7 11
24 25 1 17
(141, 555)

