Fim da primeira fase ... 
0
Fim da segunda fase ... 
0
0
Total: 0
Suportadas = 6
Nao suportadas = 8
TOTAL DE SOLUCOES = 14

SUPORTADAS: 

Arvore 1
3 7 1 14
2 4 1 55
1 7 6 8
5 6 7 72
5 8 9 61
1 5 11 7
0 1 12 28
4 7 18 28
3 9 28 24
(93 297)

Arvore 2
3 7 1 14
1 7 6 8
1 5 11 7
0 1 12 28
1 8 18 18
2 4 1 55
4 7 18 28
3 9 28 24
5 6 7 72
(102 254)

Arvore 3
1 7 6 8
3 7 1 14
1 5 11 7
1 8 18 18
0 1 12 28
4 7 18 28
3 9 28 24
2 4 1 55
6 7 57 11
(152 193)

Arvore 4
1 7 6 8
1 5 11 7
3 7 1 14
1 8 18 18
0 1 12 28
4 7 18 28
3 9 28 24
6 7 57 11
2 9 66 19
(217 157)

Arvore 5
1 7 6 8
1 5 11 7
3 7 1 14
7 8 38 9
6 7 57 11
0 1 12 28
3 9 28 24
4 7 18 28
2 9 66 19
(237 148)

Arvore 6
1 5 11 7
1 7 6 8
7 8 38 9
6 7 57 11
3 7 1 14
2 9 66 19
5 9 74 22
0 1 12 28
4 7 18 28
(283 146)


NAO SUPORTADAS: 
Arvore 7
3 7 1 14
1 7 6 8
1 5 11 7
2 4 1 55
0 1 12 28
0 8 12 47
5 6 7 72
4 7 18 28
3 9 28 24
(96 283)

Arvore 8
3 7 1 14
1 7 6 8
1 5 11 7
1 8 18 18
0 1 12 28
4 7 18 28
2 4 1 55
3 9 28 24
1 6 16 71
(111 253)

Arvore 9
3 7 1 14
1 7 6 8
1 5 11 7
0 1 12 28
4 7 18 28
7 8 38 9
2 4 1 55
3 9 28 24
5 6 7 72
(122 245)

Arvore 10
3 7 1 14
1 7 6 8
1 5 11 7
0 1 12 28
4 7 18 28
2 4 1 55
3 9 28 24
0 8 12 47
6 7 57 11
(146 222)

Arvore 11
3 7 1 14
1 7 6 8
1 5 11 7
0 1 12 28
4 7 18 28
7 8 38 9
2 4 1 55
3 9 28 24
1 6 16 71
(131 244)

Arvore 12
3 7 1 14
1 7 6 8
1 5 11 7
0 1 12 28
4 7 18 28
2 4 1 55
3 9 28 24
5 8 9 61
6 7 57 11
(143 236)

Arvore 13
1 7 6 8
1 5 11 7
3 7 1 14
7 8 38 9
0 1 12 28
4 7 18 28
3 9 28 24
6 7 57 11
2 4 1 55
(172 184)

Arvore 14
1 7 6 8
1 5 11 7
3 7 1 14
7 8 38 9
0 1 12 28
4 7 18 28
6 7 57 11
2 4 1 55
2 9 66 19
(210 179)

