Fim da primeira fase ... 
0
contador = 10
it = 0
57 88 ( 5518) 
50 174 ( 5518) 
57 89 ( 5525) 
50 175 ( 5525) 
51 168 ( 5562)  dentro de T maisDistante = 57 168

58 84 ( 5576) 
51 170 ( 5576) 
57 97 ( 5581) 
50 183 ( 5581) 
51 171 ( 5583) 
58 85 ( 5583) 
51 173 ( 5597) 
58 87 ( 5597) 
58 88 ( 5604) 
51 174 ( 5604) 
58 89 ( 5611) 
51 176 ( 5618) 
58 90 ( 5618) 
58 90 ( 5618) 
51 176 ( 5618) 
52 164 ( 5620)  dentro de T maisDistante = 57 164

58 91 ( 5625) 
51 177 ( 5625) 
51 179 ( 5639) 
58 93 ( 5639) 
59 81 ( 5641) 
52 167 ( 5641) 
52 167 ( 5641) 
59 82 ( 5648) 
52 168 ( 5648) 
59 83 ( 5655) 
59 83 ( 5655) 
52 169 ( 5655) 
58 96 ( 5660) 
51 182 ( 5660) 
52 170 ( 5662) 
59 84 ( 5662) 
59 84 ( 5662) 
52 170 ( 5662) 
52 170 ( 5662) 
52 170 ( 5662) 
59 84 ( 5662) 
59 85 ( 5669) 
59 85 ( 5669) 
52 171 ( 5669) 
59 85 ( 5669) 
52 171 ( 5669) 
58 98 ( 5674) 
59 86 ( 5676) 
52 172 ( 5676) 
52 172 ( 5676) 
52 172 ( 5676) 
59 86 ( 5676) 
59 86 ( 5676) 
52 172 ( 5676) 
59 86 ( 5676) 
58 99 ( 5681) 
51 185 ( 5681) 
52 173 ( 5683) 
59 87 ( 5683) 
52 173 ( 5683) 
59 87 ( 5683) 
52 173 ( 5683) 
59 87 ( 5683) 
52 174 ( 5690) 
59 88 ( 5690) 
52 174 ( 5690) 
59 88 ( 5690) 
59 88 ( 5690) 
59 88 ( 5690) 
52 174 ( 5690) 
59 89 ( 5697) 
59 89 ( 5697) 
59 89 ( 5697) 
52 175 ( 5697) 
52 175 ( 5697) 
59 89 ( 5697) 
52 175 ( 5697) 
52 175 ( 5697) 
60 77 ( 5699) 
53 163 ( 5699)  dentro de T maisDistante = 57 163

53 163 ( 5699) 
52 176 ( 5704) 
52 176 ( 5704) 
59 90 ( 5704) 
59 90 ( 5704) 
59 90 ( 5704) 
59 90 ( 5704) 
59 90 ( 5704) 
52 176 ( 5704) 
52 176 ( 5704) 
53 164 ( 5706) 
53 164 ( 5706) 
60 78 ( 5706) 
59 91 ( 5711) 
59 91 ( 5711) 
52 177 ( 5711) 
59 91 ( 5711) 
52 177 ( 5711) 
59 91 ( 5711) 
59 91 ( 5711) 
53 165 ( 5713) 
60 79 ( 5713) 
59 92 ( 5718) 
52 178 ( 5718) 
52 178 ( 5718) 
59 92 ( 5718) 
52 178 ( 5718) 
59 92 ( 5718) 
52 178 ( 5718) 
59 92 ( 5718) 
60 80 ( 5720) 
53 166 ( 5720) 
53 166 ( 5720) 
53 166 ( 5720) 
59 93 ( 5725) 
52 179 ( 5725) 
59 93 ( 5725) 
52 179 ( 5725) 
60 81 ( 5727) 
53 167 ( 5727) 
60 81 ( 5727) 
53 167 ( 5727) 
53 167 ( 5727) 
59 94 ( 5732) 
52 180 ( 5732) 
59 94 ( 5732) 
59 94 ( 5732) 
52 180 ( 5732) 
60 82 ( 5734) 
60 82 ( 5734) 
53 168 ( 5734) 
53 168 ( 5734) 
53 168 ( 5734) 
60 82 ( 5734) 
53 168 ( 5734) 
53 168 ( 5734) 
60 82 ( 5734) 
60 82 ( 5734) 
59 95 ( 5739) 
52 181 ( 5739) 
59 95 ( 5739) 
52 181 ( 5739) 
60 83 ( 5741) 
60 83 ( 5741) 
53 169 ( 5741) 
53 169 ( 5741) 
60 83 ( 5741) 
53 169 ( 5741) 
53 169 ( 5741) 
60 83 ( 5741) 
60 83 ( 5741) 
53 169 ( 5741) 
53 169 ( 5741) 
59 96 ( 5746) 
52 182 ( 5746) 
53 170 ( 5748) 
53 170 ( 5748) 
53 170 ( 5748) 
60 84 ( 5748) 
53 170 ( 5748) 
60 84 ( 5748) 
53 170 ( 5748) 
53 170 ( 5748) 
53 170 ( 5748) 
60 84 ( 5748) 
60 84 ( 5748) 
60 84 ( 5748) 
60 84 ( 5748) 
59 97 ( 5753) 
59 97 ( 5753) 
52 183 ( 5753) 
59 97 ( 5753) 
52 183 ( 5753) 
53 171 ( 5755) 
60 85 ( 5755) 
53 171 ( 5755) 
53 171 ( 5755) 
60 85 ( 5755) 
60 85 ( 5755) 
60 85 ( 5755) 
60 85 ( 5755) 
53 171 ( 5755) 
53 171 ( 5755) 
60 85 ( 5755) 
60 85 ( 5755) 
60 85 ( 5755) 
53 171 ( 5755) 
59 98 ( 5760) 
52 184 ( 5760) 
60 86 ( 5762) 
60 86 ( 5762) 
53 172 ( 5762) 
53 172 ( 5762) 
60 86 ( 5762) 
53 172 ( 5762) 
53 172 ( 5762) 
60 86 ( 5762) 
53 172 ( 5762) 
60 86 ( 5762) 
60 86 ( 5762) 
53 172 ( 5762) 
60 86 ( 5762) 
60 86 ( 5762) 
53 172 ( 5762) 
60 86 ( 5762) 
60 86 ( 5762) 
53 172 ( 5762) 
59 99 ( 5767) 
59 99 ( 5767) 
52 185 ( 5767) 
60 87 ( 5769) 
53 173 ( 5769) 
53 173 ( 5769) 
60 87 ( 5769) 
53 173 ( 5769) 
60 87 ( 5769) 
60 87 ( 5769) 
60 87 ( 5769) 
53 173 ( 5769) 
53 173 ( 5769) 
60 87 ( 5769) 
53 173 ( 5769) 
60 87 ( 5769) 
60 87 ( 5769) 
60 87 ( 5769) 
54 161 ( 5771)  dentro de T maisDistante = 57 161

52 186 ( 5774) 
59 100 ( 5774) 
59 100 ( 5774) 
60 88 ( 5776) 
53 174 ( 5776) 
60 88 ( 5776) 
53 174 ( 5776) 
60 88 ( 5776) 
60 88 ( 5776) 
53 174 ( 5776) 
60 88 ( 5776) 
53 174 ( 5776) 
60 88 ( 5776) 
53 174 ( 5776) 
60 88 ( 5776) 
53 174 ( 5776) 
54 162 ( 5778) 
54 162 ( 5778) 
54 162 ( 5778) 
61 76 ( 5778) 
60 89 ( 5783) 
53 175 ( 5783) 
53 175 ( 5783) 
60 89 ( 5783) 
60 89 ( 5783) 
60 89 ( 5783) 
53 175 ( 5783) 
60 89 ( 5783) 
53 175 ( 5783) 
53 175 ( 5783) 
60 89 ( 5783) 
60 89 ( 5783) 
60 89 ( 5783) 
53 175 ( 5783) 
60 89 ( 5783) 
60 89 ( 5783) 
60 89 ( 5783) 
53 175 ( 5783) 
53 175 ( 5783) 
54 163 ( 5785) 
54 163 ( 5785) 
61 77 ( 5785) 
61 77 ( 5785) 
54 163 ( 5785) 
54 163 ( 5785) 
52 188 ( 5788) 
59 102 ( 5788) 
60 90 ( 5790) 
53 176 ( 5790) 
60 90 ( 5790) 
53 176 ( 5790) 
60 90 ( 5790) 
53 176 ( 5790) 
60 90 ( 5790) 
60 90 ( 5790) 
60 90 ( 5790) 
53 176 ( 5790) 
53 176 ( 5790) 
60 90 ( 5790) 
53 176 ( 5790) 
60 90 ( 5790) 
60 90 ( 5790) 
61 78 ( 5792) 
61 78 ( 5792) 
61 78 ( 5792) 
54 164 ( 5792) 
54 164 ( 5792) 
54 164 ( 5792) 
60 91 ( 5797) 
60 91 ( 5797) 
53 177 ( 5797) 
53 177 ( 5797) 
60 91 ( 5797) 
60 91 ( 5797) 
60 91 ( 5797) 
60 91 ( 5797) 
53 177 ( 5797) 
60 91 ( 5797) 
60 91 ( 5797) 
53 177 ( 5797) 
53 177 ( 5797) 
61 79 ( 5799) 
54 165 ( 5799) 
54 165 ( 5799) 
61 79 ( 5799) 
54 165 ( 5799) 
60 92 ( 5804) 
53 178 ( 5804) 
53 178 ( 5804) 
60 92 ( 5804) 
60 92 ( 5804) 
60 92 ( 5804) 
53 178 ( 5804) 
53 178 ( 5804) 
53 178 ( 5804) 
60 92 ( 5804) 
60 92 ( 5804) 
60 92 ( 5804) 
60 92 ( 5804) 
53 178 ( 5804) 
53 178 ( 5804) 
53 178 ( 5804) 
60 92 ( 5804) 
60 92 ( 5804) 
53 178 ( 5804) 
54 166 ( 5806) 
54 166 ( 5806) 
54 166 ( 5806) 
61 80 ( 5806) 
54 166 ( 5806) 
54 166 ( 5806) 
61 80 ( 5806) 
54 166 ( 5806) 
61 80 ( 5806) 
53 179 ( 5811) 
60 93 ( 5811) 
53 179 ( 5811) 
53 179 ( 5811) 
60 93 ( 5811) 
60 93 ( 5811) 
53 179 ( 5811) 
60 93 ( 5811) 
60 93 ( 5811) 
60 93 ( 5811) 
53 179 ( 5811) 
60 93 ( 5811) 
60 93 ( 5811) 
60 93 ( 5811) 
61 81 ( 5813) 
61 81 ( 5813) 
61 81 ( 5813) 
54 167 ( 5813) 
54 167 ( 5813) 
54 167 ( 5813) 
61 81 ( 5813) 
61 81 ( 5813) 
54 167 ( 5813) 
54 167 ( 5813) 
54 167 ( 5813) 
61 81 ( 5813) 
60 94 ( 5818) 
60 94 ( 5818) 
53 180 ( 5818) 
60 94 ( 5818) 
60 94 ( 5818) 
53 180 ( 5818) 
61 82 ( 5820) 
54 168 ( 5820) 
54 168 ( 5820) 
54 168 ( 5820) 
54 168 ( 5820) 
61 82 ( 5820) 
61 82 ( 5820) 
61 82 ( 5820) 
54 168 ( 5820) 
54 168 ( 5820) 
61 82 ( 5820) 
54 168 ( 5820) 
54 168 ( 5820) 
61 82 ( 5820) 
54 168 ( 5820) 
61 82 ( 5820) 
61 82 ( 5820) 
60 95 ( 5825) 
53 181 ( 5825) 
60 95 ( 5825) 
60 95 ( 5825) 
53 181 ( 5825) 
60 95 ( 5825) 
53 181 ( 5825) 
53 181 ( 5825) 
60 95 ( 5825) 
60 95 ( 5825) 
53 181 ( 5825) 
60 95 ( 5825) 
60 95 ( 5825) 
61 83 ( 5827) 
61 83 ( 5827) 
54 169 ( 5827) 
54 169 ( 5827) 
61 83 ( 5827) 
61 83 ( 5827) 
54 169 ( 5827) 
54 169 ( 5827) 
61 83 ( 5827) 
54 169 ( 5827) 
54 169 ( 5827) 
61 83 ( 5827) 
61 83 ( 5827) 
54 169 ( 5827) 
54 169 ( 5827) 
61 83 ( 5827) 
54 169 ( 5827) 
61 83 ( 5827) 
54 169 ( 5827) 
61 83 ( 5827) 
54 169 ( 5827) 
61 83 ( 5827) 
54 169 ( 5827) 
61 83 ( 5827) 
54 169 ( 5827) 
60 96 ( 5832) 
53 182 ( 5832) 
60 96 ( 5832) 
60 96 ( 5832) 
60 96 ( 5832) 
53 182 ( 5832) 
60 96 ( 5832) 
61 84 ( 5834) 
61 84 ( 5834) 
54 170 ( 5834) 
54 170 ( 5834) 
61 84 ( 5834) 
61 84 ( 5834) 
61 84 ( 5834) 
54 170 ( 5834) 
61 84 ( 5834) 
61 84 ( 5834) 
61 84 ( 5834) 
61 84 ( 5834) 
54 170 ( 5834) 
61 84 ( 5834) 
54 170 ( 5834) 
61 84 ( 5834) 
54 170 ( 5834) 
61 84 ( 5834) 
54 170 ( 5834) 
61 84 ( 5834) 
54 170 ( 5834) 
61 84 ( 5834) 
61 84 ( 5834) 
54 170 ( 5834) 
54 170 ( 5834) 
60 97 ( 5839) 
60 97 ( 5839) 
53 183 ( 5839) 
60 97 ( 5839) 
53 183 ( 5839) 
60 97 ( 5839) 
53 183 ( 5839) 
60 97 ( 5839) 
53 183 ( 5839) 
54 171 ( 5841) 
61 85 ( 5841) 
61 85 ( 5841) 
61 85 ( 5841) 
61 85 ( 5841) 
61 85 ( 5841) 
54 171 ( 5841) 
61 85 ( 5841) 
61 85 ( 5841) 
54 171 ( 5841) 
54 171 ( 5841) 
54 171 ( 5841) 
61 85 ( 5841) 
61 85 ( 5841) 
54 171 ( 5841) 
54 171 ( 5841) 
61 85 ( 5841) 
61 85 ( 5841) 
54 171 ( 5841) 
54 171 ( 5841) 
61 85 ( 5841) 
61 85 ( 5841) 
54 171 ( 5841) 
61 85 ( 5841) 
61 85 ( 5841) 
54 171 ( 5841) 
54 171 ( 5841) 
54 171 ( 5841) 
61 85 ( 5841) 
61 85 ( 5841) 
61 85 ( 5841) 
54 171 ( 5841) 
60 98 ( 5846) 
60 98 ( 5846) 
53 184 ( 5846) 
60 98 ( 5846) 
53 184 ( 5846) 
60 98 ( 5846) 
60 98 ( 5846) 
60 98 ( 5846) 
60 98 ( 5846) 
53 184 ( 5846) 
53 184 ( 5846) 
61 86 ( 5848) 
54 172 ( 5848) 
54 172 ( 5848) 
61 86 ( 5848) 
54 172 ( 5848) 
61 86 ( 5848) 
61 86 ( 5848) 
54 172 ( 5848) 
54 172 ( 5848) 
54 172 ( 5848) 
61 86 ( 5848) 
61 86 ( 5848) 
61 86 ( 5848) 
54 172 ( 5848) 
54 172 ( 5848) 
61 86 ( 5848) 
54 172 ( 5848) 
61 86 ( 5848) 
61 86 ( 5848) 
61 86 ( 5848) 
54 172 ( 5848) 
61 86 ( 5848) 
54 172 ( 5848) 
54 172 ( 5848) 
54 172 ( 5848) 
54 172 ( 5848) 
61 86 ( 5848) 
61 86 ( 5848) 
61 86 ( 5848) 
61 86 ( 5848) 
61 86 ( 5848) 
55 160 ( 5850)  dentro de T maisDistante = 57 160

60 99 ( 5853) 
61 87 ( 5855) 
61 87 ( 5855) 
61 87 ( 5855) 
61 87 ( 5855) 
54 173 ( 5855) 
61 87 ( 5855) 
54 173 ( 5855) 
54 173 ( 5855) 
61 87 ( 5855) 
61 87 ( 5855) 
61 87 ( 5855) 
61 87 ( 5855) 
54 173 ( 5855) 
61 87 ( 5855) 
54 173 ( 5855) 
54 173 ( 5855) 
61 87 ( 5855) 
61 87 ( 5855) 
61 87 ( 5855) 
54 173 ( 5855) 
61 87 ( 5855) 
61 87 ( 5855) 
54 173 ( 5855) 
61 87 ( 5855) 
54 173 ( 5855) 
61 87 ( 5855) 
54 173 ( 5855) 
55 161 ( 5857) 
55 161 ( 5857) 
55 161 ( 5857) 
60 100 ( 5860) 
53 186 ( 5860) 
60 100 ( 5860) 
54 174 ( 5862) 
61 88 ( 5862) 
54 174 ( 5862) 
61 88 ( 5862) 
54 174 ( 5862) 
61 88 ( 5862) 
54 174 ( 5862) 
61 88 ( 5862) 
61 88 ( 5862) 
61 88 ( 5862) 
61 88 ( 5862) 
61 88 ( 5862) 
54 174 ( 5862) 
61 88 ( 5862) 
54 174 ( 5862) 
61 88 ( 5862) 
61 88 ( 5862) 
61 88 ( 5862) 
54 174 ( 5862) 
61 88 ( 5862) 
54 174 ( 5862) 
61 88 ( 5862) 
54 174 ( 5862) 
61 88 ( 5862) 
54 174 ( 5862) 
54 174 ( 5862) 
61 88 ( 5862) 
54 174 ( 5862) 
54 174 ( 5862) 
61 88 ( 5862) 
61 88 ( 5862) 
61 88 ( 5862) 
61 88 ( 5862) 
61 88 ( 5862) 
54 174 ( 5862) 
62 76 ( 5864) 
55 162 ( 5864) 
55 162 ( 5864) 
55 162 ( 5864) 
55 162 ( 5864) 
55 162 ( 5864) 
62 76 ( 5864) 
55 162 ( 5864) 
53 187 ( 5867) 
60 101 ( 5867) 
60 101 ( 5867) 
60 101 ( 5867) 
53 187 ( 5867) 
60 101 ( 5867) 
61 89 ( 5869) 
54 175 ( 5869) 
54 175 ( 5869) 
54 175 ( 5869) 
61 89 ( 5869) 
54 175 ( 5869) 
61 89 ( 5869) 
61 89 ( 5869) 
54 175 ( 5869) 
54 175 ( 5869) 
54 175 ( 5869) 
61 89 ( 5869) 
61 89 ( 5869) 
61 89 ( 5869) 
61 89 ( 5869) 
61 89 ( 5869) 
61 89 ( 5869) 
54 175 ( 5869) 
54 175 ( 5869) 
61 89 ( 5869) 
61 89 ( 5869) 
54 175 ( 5869) 
61 89 ( 5869) 
61 89 ( 5869) 
61 89 ( 5869) 
54 175 ( 5869) 
61 89 ( 5869) 
61 89 ( 5869) 
61 89 ( 5869) 
54 175 ( 5869) 
55 163 ( 5871) 
55 163 ( 5871) 
62 77 ( 5871) 
62 77 ( 5871) 
55 163 ( 5871) 
62 77 ( 5871) 
55 163 ( 5871) 
55 163 ( 5871) 
62 77 ( 5871) 
61 90 ( 5876) 
61 90 ( 5876) 
54 176 ( 5876) 
54 176 ( 5876) 
61 90 ( 5876) 
61 90 ( 5876) 
54 176 ( 5876) 
54 176 ( 5876) 
61 90 ( 5876) 
54 176 ( 5876) 
61 90 ( 5876) 
61 90 ( 5876) 
61 90 ( 5876) 
61 90 ( 5876) 
54 176 ( 5876) 
61 90 ( 5876) 
61 90 ( 5876) 
54 176 ( 5876) 
61 90 ( 5876) 
54 176 ( 5876) 
61 90 ( 5876) 
61 90 ( 5876) 
54 176 ( 5876) 
54 176 ( 5876) 
61 90 ( 5876) 
61 90 ( 5876) 
61 90 ( 5876) 
61 90 ( 5876) 
61 90 ( 5876) 
55 164 ( 5878) 
62 78 ( 5878) 
62 78 ( 5878) 
55 164 ( 5878) 
55 164 ( 5878) 
62 78 ( 5878) 
55 164 ( 5878) 
62 78 ( 5878) 
55 164 ( 5878) 
55 164 ( 5878) 
60 103 ( 5881) 
61 91 ( 5883) 
61 91 ( 5883) 
54 177 ( 5883) 
54 177 ( 5883) 
61 91 ( 5883) 
61 91 ( 5883) 
61 91 ( 5883) 
61 91 ( 5883) 
54 177 ( 5883) 
54 177 ( 5883) 
61 91 ( 5883) 
54 177 ( 5883) 
61 91 ( 5883) 
54 177 ( 5883) 
61 91 ( 5883) 
61 91 ( 5883) 
54 177 ( 5883) 
54 177 ( 5883) 
61 91 ( 5883) 
61 91 ( 5883) 
54 177 ( 5883) 
61 91 ( 5883) 
54 177 ( 5883) 
61 91 ( 5883) 
61 91 ( 5883) 
61 91 ( 5883) 
61 91 ( 5883) 
54 177 ( 5883) 
61 91 ( 5883) 
54 177 ( 5883) 
54 177 ( 5883) 
54 177 ( 5883) 
54 177 ( 5883) 
55 165 ( 5885) 
55 165 ( 5885) 
62 79 ( 5885) 
55 165 ( 5885) 
55 165 ( 5885) 
55 165 ( 5885) 
62 79 ( 5885) 
55 165 ( 5885) 
62 79 ( 5885) 
55 165 ( 5885) 
62 79 ( 5885) 
55 165 ( 5885) 
62 79 ( 5885) 
60 104 ( 5888) 
53 190 ( 5888) 
60 104 ( 5888) 
61 92 ( 5890) 
61 92 ( 5890) 
61 92 ( 5890) 
54 178 ( 5890) 
61 92 ( 5890) 
61 92 ( 5890) 
54 178 ( 5890) 
61 92 ( 5890) 
54 178 ( 5890) 
61 92 ( 5890) 
54 178 ( 5890) 
61 92 ( 5890) 
61 92 ( 5890) 
54 178 ( 5890) 
61 92 ( 5890) 
61 92 ( 5890) 
61 92 ( 5890) 
61 92 ( 5890) 
61 92 ( 5890) 
61 92 ( 5890) 
61 92 ( 5890) 
54 178 ( 5890) 
61 92 ( 5890) 
54 178 ( 5890) 
62 80 ( 5892) 
55 166 ( 5892) 
62 80 ( 5892) 
55 166 ( 5892) 
55 166 ( 5892) 
55 166 ( 5892) 
62 80 ( 5892) 
55 166 ( 5892) 
62 80 ( 5892) 
55 166 ( 5892) 
62 80 ( 5892) 
62 80 ( 5892) 
62 80 ( 5892) 
55 166 ( 5892) 
62 80 ( 5892) 
55 166 ( 5892) 
61 93 ( 5897) 
54 179 ( 5897) 
61 93 ( 5897) 
61 93 ( 5897) 
54 179 ( 5897) 
61 93 ( 5897) 
61 93 ( 5897) 
61 93 ( 5897) 
61 93 ( 5897) 
61 93 ( 5897) 
54 179 ( 5897) 
61 93 ( 5897) 
61 93 ( 5897) 
61 93 ( 5897) 
61 93 ( 5897) 
61 93 ( 5897) 
61 93 ( 5897) 
61 93 ( 5897) 
54 179 ( 5897) 
54 179 ( 5897) 
61 93 ( 5897) 
61 93 ( 5897) 
61 93 ( 5897) 
61 93 ( 5897) 
54 179 ( 5897) 
54 179 ( 5897) 
54 179 ( 5897) 
61 93 ( 5897) 
54 179 ( 5897) 
54 179 ( 5897) 
62 81 ( 5899) 
55 167 ( 5899) 
62 81 ( 5899) 
55 167 ( 5899) 
55 167 ( 5899) 
55 167 ( 5899) 
55 167 ( 5899) 
62 81 ( 5899) 
62 81 ( 5899) 
55 167 ( 5899) 
55 167 ( 5899) 
62 81 ( 5899) 
55 167 ( 5899) 
62 81 ( 5899) 
62 81 ( 5899) 
55 167 ( 5899) 
55 167 ( 5899) 
62 81 ( 5899) 
55 167 ( 5899) 
55 167 ( 5899) 
62 81 ( 5899) 
62 81 ( 5899) 
55 167 ( 5899) 
62 81 ( 5899) 
60 106 ( 5902) 
53 192 ( 5902) 
54 180 ( 5904) 
54 180 ( 5904) 
61 94 ( 5904) 
54 180 ( 5904) 
61 94 ( 5904) 
54 180 ( 5904) 
61 94 ( 5904) 
61 94 ( 5904) 
61 94 ( 5904) 
54 180 ( 5904) 
61 94 ( 5904) 
54 180 ( 5904) 
54 180 ( 5904) 
61 94 ( 5904) 
61 94 ( 5904) 
61 94 ( 5904) 
61 94 ( 5904) 
54 180 ( 5904) 
61 94 ( 5904) 
61 94 ( 5904) 
61 94 ( 5904) 
61 94 ( 5904) 
61 94 ( 5904) 
54 180 ( 5904) 
55 168 ( 5906) 
55 168 ( 5906) 
55 168 ( 5906) 
62 82 ( 5906) 
55 168 ( 5906) 
55 168 ( 5906) 
62 82 ( 5906) 
55 168 ( 5906) 
62 82 ( 5906) 
62 82 ( 5906) 
62 82 ( 5906) 
62 82 ( 5906) 
55 168 ( 5906) 
55 168 ( 5906) 
55 168 ( 5906) 
55 168 ( 5906) 
62 82 ( 5906) 
62 82 ( 5906) 
62 82 ( 5906) 
62 82 ( 5906) 
55 168 ( 5906) 
55 168 ( 5906) 
62 82 ( 5906) 
62 82 ( 5906) 
55 168 ( 5906) 
55 168 ( 5906) 
62 82 ( 5906) 
61 95 ( 5911) 
54 181 ( 5911) 
54 181 ( 5911) 
61 95 ( 5911) 
61 95 ( 5911) 
54 181 ( 5911) 
61 95 ( 5911) 
61 95 ( 5911) 
61 95 ( 5911) 
54 181 ( 5911) 
61 95 ( 5911) 
61 95 ( 5911) 
62 83 ( 5913) 
55 169 ( 5913) 
55 169 ( 5913) 
62 83 ( 5913) 
55 169 ( 5913) 
62 83 ( 5913) 
62 83 ( 5913) 
62 83 ( 5913) 
62 83 ( 5913) 
62 83 ( 5913) 
55 169 ( 5913) 
55 169 ( 5913) 
55 169 ( 5913) 
62 83 ( 5913) 
55 169 ( 5913) 
55 169 ( 5913) 
55 169 ( 5913) 
62 83 ( 5913) 
62 83 ( 5913) 
62 83 ( 5913) 
55 169 ( 5913) 
62 83 ( 5913) 
55 169 ( 5913) 
62 83 ( 5913) 
62 83 ( 5913) 
55 169 ( 5913) 
55 169 ( 5913) 
55 169 ( 5913) 
55 169 ( 5913) 
62 83 ( 5913) 
62 83 ( 5913) 
55 169 ( 5913) 
62 83 ( 5913) 
55 169 ( 5913) 
62 83 ( 5913) 
62 83 ( 5913) 
62 83 ( 5913) 
56 157 ( 5915)  dentro de T maisDistante = 57 157

54 182 ( 5918) 
54 182 ( 5918) 
61 96 ( 5918) 
54 182 ( 5918) 
54 182 ( 5918) 
61 96 ( 5918) 
61 96 ( 5918) 
61 96 ( 5918) 
61 96 ( 5918) 
61 96 ( 5918) 
61 96 ( 5918) 
61 96 ( 5918) 
61 96 ( 5918) 
61 96 ( 5918) 
61 96 ( 5918) 
61 96 ( 5918) 
54 182 ( 5918) 
54 182 ( 5918) 
61 96 ( 5918) 
55 170 ( 5920) 
55 170 ( 5920) 
62 84 ( 5920) 
62 84 ( 5920) 
55 170 ( 5920) 
55 170 ( 5920) 
62 84 ( 5920) 
55 170 ( 5920) 
62 84 ( 5920) 
62 84 ( 5920) 
62 84 ( 5920) 
55 170 ( 5920) 
62 84 ( 5920) 
62 84 ( 5920) 
55 170 ( 5920) 
55 170 ( 5920) 
55 170 ( 5920) 
62 84 ( 5920) 
55 170 ( 5920) 
62 84 ( 5920) 
62 84 ( 5920) 
62 84 ( 5920) 
62 84 ( 5920) 
55 170 ( 5920) 
62 84 ( 5920) 
55 170 ( 5920) 
62 84 ( 5920) 
62 84 ( 5920) 
62 84 ( 5920) 
62 84 ( 5920) 
62 84 ( 5920) 
55 170 ( 5920) 
55 170 ( 5920) 
55 170 ( 5920) 
62 84 ( 5920) 
55 170 ( 5920) 
62 84 ( 5920) 
62 84 ( 5920) 
55 170 ( 5920) 
62 84 ( 5920) 
55 170 ( 5920) 
62 84 ( 5920) 
62 84 ( 5920) 
55 170 ( 5920) 
55 170 ( 5920) 
62 84 ( 5920) 
62 84 ( 5920) 
55 170 ( 5920) 
62 84 ( 5920) 
55 170 ( 5920) 
62 84 ( 5920) 
55 170 ( 5920) 
55 170 ( 5920) 
61 97 ( 5925) 
61 97 ( 5925) 
54 183 ( 5925) 
61 97 ( 5925) 
61 97 ( 5925) 
54 183 ( 5925) 
61 97 ( 5925) 
54 183 ( 5925) 
54 183 ( 5925) 
61 97 ( 5925) 
61 97 ( 5925) 
54 183 ( 5925) 
61 97 ( 5925) 
61 97 ( 5925) 
54 183 ( 5925) 
61 97 ( 5925) 
54 183 ( 5925) 
61 97 ( 5925) 
54 183 ( 5925) 
61 97 ( 5925) 
61 97 ( 5925) 
61 97 ( 5925) 
54 183 ( 5925) 
62 85 ( 5927) 
55 171 ( 5927) 
62 85 ( 5927) 
62 85 ( 5927) 
55 171 ( 5927) 
55 171 ( 5927) 
62 85 ( 5927) 
55 171 ( 5927) 
55 171 ( 5927) 
62 85 ( 5927) 
62 85 ( 5927) 
62 85 ( 5927) 
62 85 ( 5927) 
62 85 ( 5927) 
62 85 ( 5927) 
62 85 ( 5927) 
55 171 ( 5927) 
55 171 ( 5927) 
55 171 ( 5927) 
62 85 ( 5927) 
62 85 ( 5927) 
55 171 ( 5927) 
55 171 ( 5927) 
55 171 ( 5927) 
62 85 ( 5927) 
55 171 ( 5927) 
62 85 ( 5927) 
62 85 ( 5927) 
55 171 ( 5927) 
62 85 ( 5927) 
55 171 ( 5927) 
62 85 ( 5927) 
62 85 ( 5927) 
55 171 ( 5927) 
55 171 ( 5927) 
62 85 ( 5927) 
55 171 ( 5927) 
62 85 ( 5927) 
55 171 ( 5927) 
62 85 ( 5927) 
62 85 ( 5927) 
62 85 ( 5927) 
55 171 ( 5927) 
55 171 ( 5927) 
62 85 ( 5927) 
55 171 ( 5927) 
62 85 ( 5927) 
61 98 ( 5932) 
61 98 ( 5932) 
61 98 ( 5932) 
61 98 ( 5932) 
61 98 ( 5932) 
61 98 ( 5932) 
54 184 ( 5932) 
61 98 ( 5932) 
54 184 ( 5932) 
61 98 ( 5932) 
62 86 ( 5934) 
62 86 ( 5934) 
55 172 ( 5934) 
62 86 ( 5934) 
62 86 ( 5934) 
55 172 ( 5934) 
55 172 ( 5934) 
62 86 ( 5934) 
62 86 ( 5934) 
62 86 ( 5934) 
55 172 ( 5934) 
62 86 ( 5934) 
62 86 ( 5934) 
62 86 ( 5934) 
55 172 ( 5934) 
55 172 ( 5934) 
62 86 ( 5934) 
55 172 ( 5934) 
62 86 ( 5934) 
62 86 ( 5934) 
62 86 ( 5934) 
55 172 ( 5934) 
55 172 ( 5934) 
62 86 ( 5934) 
55 172 ( 5934) 
62 86 ( 5934) 
55 172 ( 5934) 
62 86 ( 5934) 
62 86 ( 5934) 
55 172 ( 5934) 
62 86 ( 5934) 
62 86 ( 5934) 
62 86 ( 5934) 
55 172 ( 5934) 
62 86 ( 5934) 
62 86 ( 5934) 
55 172 ( 5934) 
62 86 ( 5934) 
55 172 ( 5934) 
55 172 ( 5934) 
62 86 ( 5934) 
55 172 ( 5934) 
62 86 ( 5934) 
55 172 ( 5934) 
62 86 ( 5934) 
62 86 ( 5934) 
62 86 ( 5934) 
56 160 ( 5936) 
56 160 ( 5936) 
63 74 ( 5936) 
56 160 ( 5936) 
56 160 ( 5936) 
61 99 ( 5939) 
61 99 ( 5939) 
54 185 ( 5939) 
61 99 ( 5939) 
54 185 ( 5939) 
54 185 ( 5939) 
61 99 ( 5939) 
61 99 ( 5939) 
61 99 ( 5939) 
61 99 ( 5939) 
54 185 ( 5939) 
61 99 ( 5939) 
61 99 ( 5939) 
61 99 ( 5939) 
54 185 ( 5939) 
62 87 ( 5941) 
62 87 ( 5941) 
62 87 ( 5941) 
62 87 ( 5941) 
55 173 ( 5941) 
55 173 ( 5941) 
62 87 ( 5941) 
62 87 ( 5941) 
55 173 ( 5941) 
55 173 ( 5941) 
62 87 ( 5941) 
55 173 ( 5941) 
62 87 ( 5941) 
55 173 ( 5941) 
55 173 ( 5941) 
62 87 ( 5941) 
62 87 ( 5941) 
55 173 ( 5941) 
62 87 ( 5941) 
62 87 ( 5941) 
62 87 ( 5941) 
55 173 ( 5941) 
62 87 ( 5941) 
62 87 ( 5941) 
62 87 ( 5941) 
55 173 ( 5941) 
62 87 ( 5941) 
55 173 ( 5941) 
62 87 ( 5941) 
55 173 ( 5941) 
62 87 ( 5941) 
55 173 ( 5941) 
55 173 ( 5941) 
62 87 ( 5941) 
62 87 ( 5941) 
62 87 ( 5941) 
62 87 ( 5941) 
62 87 ( 5941) 
62 87 ( 5941) 
62 87 ( 5941) 
55 173 ( 5941) 
62 87 ( 5941) 
55 173 ( 5941) 
62 87 ( 5941) 
62 87 ( 5941) 
55 173 ( 5941) 
62 87 ( 5941) 
56 161 ( 5943) 
63 75 ( 5943) 
56 161 ( 5943) 
56 161 ( 5943) 
56 161 ( 5943) 
61 100 ( 5946) 
54 186 ( 5946) 
61 100 ( 5946) 
61 100 ( 5946) 
61 100 ( 5946) 
54 186 ( 5946) 
55 174 ( 5948) 
62 88 ( 5948) 
62 88 ( 5948) 
62 88 ( 5948) 
55 174 ( 5948) 
55 174 ( 5948) 
55 174 ( 5948) 
55 174 ( 5948) 
62 88 ( 5948) 
62 88 ( 5948) 
62 88 ( 5948) 
55 174 ( 5948) 
55 174 ( 5948) 
62 88 ( 5948) 
62 88 ( 5948) 
62 88 ( 5948) 
62 88 ( 5948) 
62 88 ( 5948) 
62 88 ( 5948) 
62 88 ( 5948) 
62 88 ( 5948) 
62 88 ( 5948) 
62 88 ( 5948) 
55 174 ( 5948) 
55 174 ( 5948) 
62 88 ( 5948) 
62 88 ( 5948) 
62 88 ( 5948) 
55 174 ( 5948) 
62 88 ( 5948) 
55 174 ( 5948) 
62 88 ( 5948) 
62 88 ( 5948) 
62 88 ( 5948) 
55 174 ( 5948) 
55 174 ( 5948) 
62 88 ( 5948) 
55 174 ( 5948) 
62 88 ( 5948) 
62 88 ( 5948) 
62 88 ( 5948) 
55 174 ( 5948) 
55 174 ( 5948) 
62 88 ( 5948) 
62 88 ( 5948) 
55 174 ( 5948) 
62 88 ( 5948) 
55 174 ( 5948) 
62 88 ( 5948) 
62 88 ( 5948) 
62 88 ( 5948) 
56 162 ( 5950) 
63 76 ( 5950) 
56 162 ( 5950) 
56 162 ( 5950) 
56 162 ( 5950) 
63 76 ( 5950) 
56 162 ( 5950) 
63 76 ( 5950) 
56 162 ( 5950) 
61 101 ( 5953) 
61 101 ( 5953) 
61 101 ( 5953) 
54 187 ( 5953) 
62 89 ( 5955) 
62 89 ( 5955) 
62 89 ( 5955) 
55 175 ( 5955) 
62 89 ( 5955) 
62 89 ( 5955) 
62 89 ( 5955) 
55 175 ( 5955) 
55 175 ( 5955) 
62 89 ( 5955) 
62 89 ( 5955) 
62 89 ( 5955) 
55 175 ( 5955) 
62 89 ( 5955) 
62 89 ( 5955) 
55 175 ( 5955) 
62 89 ( 5955) 
55 175 ( 5955) 
62 89 ( 5955) 
62 89 ( 5955) 
55 175 ( 5955) 
55 175 ( 5955) 
62 89 ( 5955) 
62 89 ( 5955) 
55 175 ( 5955) 
62 89 ( 5955) 
62 89 ( 5955) 
55 175 ( 5955) 
62 89 ( 5955) 
62 89 ( 5955) 
55 175 ( 5955) 
62 89 ( 5955) 
62 89 ( 5955) 
55 175 ( 5955) 
62 89 ( 5955) 
62 89 ( 5955) 
55 175 ( 5955) 
55 175 ( 5955) 
62 89 ( 5955) 
62 89 ( 5955) 
62 89 ( 5955) 
55 175 ( 5955) 
62 89 ( 5955) 
55 175 ( 5955) 
55 175 ( 5955) 
55 175 ( 5955) 
62 89 ( 5955) 
62 89 ( 5955) 
62 89 ( 5955) 
55 175 ( 5955) 
62 89 ( 5955) 
62 89 ( 5955) 
55 175 ( 5955) 
62 89 ( 5955) 
63 77 ( 5957) 
56 163 ( 5957) 
56 163 ( 5957) 
56 163 ( 5957) 
63 77 ( 5957) 
63 77 ( 5957) 
63 77 ( 5957) 
56 163 ( 5957) 
56 163 ( 5957) 
63 77 ( 5957) 
63 77 ( 5957) 
56 163 ( 5957) 
56 163 ( 5957) 
63 77 ( 5957) 
56 163 ( 5957) 
56 163 ( 5957) 
63 77 ( 5957) 
56 163 ( 5957) 
56 163 ( 5957) 
56 163 ( 5957) 
56 163 ( 5957) 
61 102 ( 5960) 
61 102 ( 5960) 
61 102 ( 5960) 
61 102 ( 5960) 
61 102 ( 5960) 
54 188 ( 5960) 
54 188 ( 5960) 
55 176 ( 5962) 
55 176 ( 5962) 
62 90 ( 5962) 
62 90 ( 5962) 
62 90 ( 5962) 
55 176 ( 5962) 
55 176 ( 5962) 
62 90 ( 5962) 
55 176 ( 5962) 
62 90 ( 5962) 
62 90 ( 5962) 
55 176 ( 5962) 
62 90 ( 5962) 
62 90 ( 5962) 
55 176 ( 5962) 
62 90 ( 5962) 
62 90 ( 5962) 
55 176 ( 5962) 
55 176 ( 5962) 
55 176 ( 5962) 
62 90 ( 5962) 
62 90 ( 5962) 
62 90 ( 5962) 
55 176 ( 5962) 
55 176 ( 5962) 
62 90 ( 5962) 
62 90 ( 5962) 
62 90 ( 5962) 
62 90 ( 5962) 
62 90 ( 5962) 
55 176 ( 5962) 
55 176 ( 5962) 
55 176 ( 5962) 
62 90 ( 5962) 
55 176 ( 5962) 
62 90 ( 5962) 
62 90 ( 5962) 
55 176 ( 5962) 
55 176 ( 5962) 
62 90 ( 5962) 
55 176 ( 5962) 
62 90 ( 5962) 
62 90 ( 5962) 
55 176 ( 5962) 
62 90 ( 5962) 
62 90 ( 5962) 
62 90 ( 5962) 
62 90 ( 5962) 
62 90 ( 5962) 
62 90 ( 5962) 
55 176 ( 5962) 
62 90 ( 5962) 
63 78 ( 5964) 
56 164 ( 5964) 
63 78 ( 5964) 
56 164 ( 5964) 
56 164 ( 5964) 
56 164 ( 5964) 
63 78 ( 5964) 
56 164 ( 5964) 
56 164 ( 5964) 
63 78 ( 5964) 
56 164 ( 5964) 
56 164 ( 5964) 
56 164 ( 5964) 
63 78 ( 5964) 
63 78 ( 5964) 
63 78 ( 5964) 
56 164 ( 5964) 
56 164 ( 5964) 
63 78 ( 5964) 
56 164 ( 5964) 
61 103 ( 5967) 
62 91 ( 5969) 
55 177 ( 5969) 
62 91 ( 5969) 
55 177 ( 5969) 
55 177 ( 5969) 
55 177 ( 5969) 
62 91 ( 5969) 
62 91 ( 5969) 
55 177 ( 5969) 
62 91 ( 5969) 
55 177 ( 5969) 
62 91 ( 5969) 
62 91 ( 5969) 
62 91 ( 5969) 
55 177 ( 5969) 
62 91 ( 5969) 
62 91 ( 5969) 
55 177 ( 5969) 
62 91 ( 5969) 
62 91 ( 5969) 
62 91 ( 5969) 
62 91 ( 5969) 
55 177 ( 5969) 
55 177 ( 5969) 
62 91 ( 5969) 
62 91 ( 5969) 
62 91 ( 5969) 
62 91 ( 5969) 
62 91 ( 5969) 
62 91 ( 5969) 
55 177 ( 5969) 
62 91 ( 5969) 
62 91 ( 5969) 
62 91 ( 5969) 
55 177 ( 5969) 
55 177 ( 5969) 
62 91 ( 5969) 
55 177 ( 5969) 
62 91 ( 5969) 
62 91 ( 5969) 
55 177 ( 5969) 
62 91 ( 5969) 
55 177 ( 5969) 
62 91 ( 5969) 
62 91 ( 5969) 
62 91 ( 5969) 
62 91 ( 5969) 
62 91 ( 5969) 
62 91 ( 5969) 
63 79 ( 5971) 
56 165 ( 5971) 
56 165 ( 5971) 
63 79 ( 5971) 
56 165 ( 5971) 
56 165 ( 5971) 
63 79 ( 5971) 
63 79 ( 5971) 
56 165 ( 5971) 
56 165 ( 5971) 
56 165 ( 5971) 
56 165 ( 5971) 
56 165 ( 5971) 
63 79 ( 5971) 
56 165 ( 5971) 
63 79 ( 5971) 
56 165 ( 5971) 
63 79 ( 5971) 
63 79 ( 5971) 
63 79 ( 5971) 
56 165 ( 5971) 
63 79 ( 5971) 
56 165 ( 5971) 
63 79 ( 5971) 
63 79 ( 5971) 
56 165 ( 5971) 
61 104 ( 5974) 
62 92 ( 5976) 
62 92 ( 5976) 
55 178 ( 5976) 
55 178 ( 5976) 
62 92 ( 5976) 
55 178 ( 5976) 
62 92 ( 5976) 
62 92 ( 5976) 
62 92 ( 5976) 
62 92 ( 5976) 
62 92 ( 5976) 
62 92 ( 5976) 
62 92 ( 5976) 
55 178 ( 5976) 
62 92 ( 5976) 
62 92 ( 5976) 
62 92 ( 5976) 
62 92 ( 5976) 
62 92 ( 5976) 
55 178 ( 5976) 
55 178 ( 5976) 
62 92 ( 5976) 
55 178 ( 5976) 
62 92 ( 5976) 
62 92 ( 5976) 
62 92 ( 5976) 
62 92 ( 5976) 
55 178 ( 5976) 
62 92 ( 5976) 
62 92 ( 5976) 
62 92 ( 5976) 
55 178 ( 5976) 
62 92 ( 5976) 
62 92 ( 5976) 
62 92 ( 5976) 
62 92 ( 5976) 
55 178 ( 5976) 
62 92 ( 5976) 
55 178 ( 5976) 
62 92 ( 5976) 
55 178 ( 5976) 
62 92 ( 5976) 
62 92 ( 5976) 
62 92 ( 5976) 
62 92 ( 5976) 
55 178 ( 5976) 
55 178 ( 5976) 
55 178 ( 5976) 
55 178 ( 5976) 
55 178 ( 5976) 
62 92 ( 5976) 
56 166 ( 5978) 
56 166 ( 5978) 
63 80 ( 5978) 
56 166 ( 5978) 
63 80 ( 5978) 
56 166 ( 5978) 
63 80 ( 5978) 
56 166 ( 5978) 
63 80 ( 5978) 
63 80 ( 5978) 
56 166 ( 5978) 
56 166 ( 5978) 
63 80 ( 5978) 
56 166 ( 5978) 
63 80 ( 5978) 
56 166 ( 5978) 
63 80 ( 5978) 
63 80 ( 5978) 
63 80 ( 5978) 
56 166 ( 5978) 
63 80 ( 5978) 
56 166 ( 5978) 
63 80 ( 5978) 
63 80 ( 5978) 
56 166 ( 5978) 
56 166 ( 5978) 
56 166 ( 5978) 
61 105 ( 5981) 
61 105 ( 5981) 
54 191 ( 5981) 
61 105 ( 5981) 
54 191 ( 5981) 
62 93 ( 5983) 
62 93 ( 5983) 
62 93 ( 5983) 
62 93 ( 5983) 
62 93 ( 5983) 
55 179 ( 5983) 
62 93 ( 5983) 
62 93 ( 5983) 
55 179 ( 5983) 
62 93 ( 5983) 
55 179 ( 5983) 
62 93 ( 5983) 
62 93 ( 5983) 
62 93 ( 5983) 
55 179 ( 5983) 
55 179 ( 5983) 
62 93 ( 5983) 
62 93 ( 5983) 
55 179 ( 5983) 
55 179 ( 5983) 
62 93 ( 5983) 
62 93 ( 5983) 
62 93 ( 5983) 
55 179 ( 5983) 
62 93 ( 5983) 
55 179 ( 5983) 
62 93 ( 5983) 
62 93 ( 5983) 
62 93 ( 5983) 
62 93 ( 5983) 
62 93 ( 5983) 
55 179 ( 5983) 
62 93 ( 5983) 
55 179 ( 5983) 
55 179 ( 5983) 
55 179 ( 5983) 
55 179 ( 5983) 
62 93 ( 5983) 
62 93 ( 5983) 
62 93 ( 5983) 
55 179 ( 5983) 
62 93 ( 5983) 
62 93 ( 5983) 
62 93 ( 5983) 
55 179 ( 5983) 
55 179 ( 5983) 
62 93 ( 5983) 
55 179 ( 5983) 
62 93 ( 5983) 
62 93 ( 5983) 
55 179 ( 5983) 
62 93 ( 5983) 
55 179 ( 5983) 
55 179 ( 5983) 
63 81 ( 5985) 
56 167 ( 5985) 
56 167 ( 5985) 
56 167 ( 5985) 
63 81 ( 5985) 
63 81 ( 5985) 
56 167 ( 5985) 
63 81 ( 5985) 
63 81 ( 5985) 
56 167 ( 5985) 
56 167 ( 5985) 
63 81 ( 5985) 
63 81 ( 5985) 
56 167 ( 5985) 
56 167 ( 5985) 
56 167 ( 5985) 
56 167 ( 5985) 
56 167 ( 5985) 
63 81 ( 5985) 
63 81 ( 5985) 
56 167 ( 5985) 
56 167 ( 5985) 
63 81 ( 5985) 
63 81 ( 5985) 
63 81 ( 5985) 
63 81 ( 5985) 
56 167 ( 5985) 
56 167 ( 5985) 
56 167 ( 5985) 
63 81 ( 5985) 
63 81 ( 5985) 
56 167 ( 5985) 
63 81 ( 5985) 
56 167 ( 5985) 
56 167 ( 5985) 
63 81 ( 5985) 
63 81 ( 5985) 
63 81 ( 5985) 
63 81 ( 5985) 
61 106 ( 5988) 
54 192 ( 5988) 
61 106 ( 5988) 
62 94 ( 5990) 
62 94 ( 5990) 
62 94 ( 5990) 
62 94 ( 5990) 
62 94 ( 5990) 
62 94 ( 5990) 
55 180 ( 5990) 
55 180 ( 5990) 
62 94 ( 5990) 
55 180 ( 5990) 
62 94 ( 5990) 
55 180 ( 5990) 
62 94 ( 5990) 
55 180 ( 5990) 
62 94 ( 5990) 
62 94 ( 5990) 
55 180 ( 5990) 
62 94 ( 5990) 
62 94 ( 5990) 
55 180 ( 5990) 
62 94 ( 5990) 
62 94 ( 5990) 
55 180 ( 5990) 
62 94 ( 5990) 
62 94 ( 5990) 
55 180 ( 5990) 
62 94 ( 5990) 
62 94 ( 5990) 
62 94 ( 5990) 
62 94 ( 5990) 
62 94 ( 5990) 
55 180 ( 5990) 
62 94 ( 5990) 
55 180 ( 5990) 
62 94 ( 5990) 
55 180 ( 5990) 
55 180 ( 5990) 
62 94 ( 5990) 
62 94 ( 5990) 
62 94 ( 5990) 
62 94 ( 5990) 
55 180 ( 5990) 
55 180 ( 5990) 
62 94 ( 5990) 
63 82 ( 5992) 
63 82 ( 5992) 
63 82 ( 5992) 
56 168 ( 5992) 
56 168 ( 5992) 
63 82 ( 5992) 
63 82 ( 5992) 
56 168 ( 5992) 
56 168 ( 5992) 
56 168 ( 5992) 
56 168 ( 5992) 
63 82 ( 5992) 
56 168 ( 5992) 
63 82 ( 5992) 
63 82 ( 5992) 
56 168 ( 5992) 
63 82 ( 5992) 
63 82 ( 5992) 
56 168 ( 5992) 
56 168 ( 5992) 
63 82 ( 5992) 
63 82 ( 5992) 
63 82 ( 5992) 
56 168 ( 5992) 
63 82 ( 5992) 
56 168 ( 5992) 
63 82 ( 5992) 
56 168 ( 5992) 
56 168 ( 5992) 
63 82 ( 5992) 
56 168 ( 5992) 
63 82 ( 5992) 
56 168 ( 5992) 
56 168 ( 5992) 
56 168 ( 5992) 
63 82 ( 5992) 
56 168 ( 5992) 
63 82 ( 5992) 
63 82 ( 5992) 
56 168 ( 5992) 
63 82 ( 5992) 
63 82 ( 5992) 
63 82 ( 5992) 
56 168 ( 5992) 
56 168 ( 5992) 
63 82 ( 5992) 
63 82 ( 5992) 
56 168 ( 5992) 
63 82 ( 5992) 
63 82 ( 5992) 
56 168 ( 5992) 
56 168 ( 5992) 
63 82 ( 5992) 
63 82 ( 5992) 
56 168 ( 5992) 
57 156 ( 5994) 
57 156 ( 5994) 
64 70 ( 5994) 
61 107 ( 5995) 
62 95 ( 5997) 
62 95 ( 5997) 
55 181 ( 5997) 
55 181 ( 5997) 
55 181 ( 5997) 
62 95 ( 5997) 
62 95 ( 5997) 
62 95 ( 5997) 
62 95 ( 5997) 
55 181 ( 5997) 
55 181 ( 5997) 
55 181 ( 5997) 
62 95 ( 5997) 
62 95 ( 5997) 
55 181 ( 5997) 
62 95 ( 5997) 
62 95 ( 5997) 
62 95 ( 5997) 
62 95 ( 5997) 
62 95 ( 5997) 
62 95 ( 5997) 
62 95 ( 5997) 
62 95 ( 5997) 
55 181 ( 5997) 
62 95 ( 5997) 
62 95 ( 5997) 
62 95 ( 5997) 
62 95 ( 5997) 
62 95 ( 5997) 
62 95 ( 5997) 
55 181 ( 5997) 
55 181 ( 5997) 
62 95 ( 5997) 
55 181 ( 5997) 
55 181 ( 5997) 
55 181 ( 5997) 
62 95 ( 5997) 
62 95 ( 5997) 
56 169 ( 5999) 
56 169 ( 5999) 
56 169 ( 5999) 
63 83 ( 5999) 
63 83 ( 5999) 
56 169 ( 5999) 
63 83 ( 5999) 
63 83 ( 5999) 
63 83 ( 5999) 
63 83 ( 5999) 
63 83 ( 5999) 
56 169 ( 5999) 
63 83 ( 5999) 
63 83 ( 5999) 
56 169 ( 5999) 
63 83 ( 5999) 
56 169 ( 5999) 
56 169 ( 5999) 
56 169 ( 5999) 
56 169 ( 5999) 
63 83 ( 5999) 
63 83 ( 5999) 
56 169 ( 5999) 
63 83 ( 5999) 
63 83 ( 5999) 
63 83 ( 5999) 
63 83 ( 5999) 
56 169 ( 5999) 
63 83 ( 5999) 
63 83 ( 5999) 
56 169 ( 5999) 
56 169 ( 5999) 
56 169 ( 5999) 
56 169 ( 5999) 
63 83 ( 5999) 
56 169 ( 5999) 
56 169 ( 5999) 
63 83 ( 5999) 
63 83 ( 5999) 
63 83 ( 5999) 
56 169 ( 5999) 
63 83 ( 5999) 
56 169 ( 5999) 
63 83 ( 5999) 
63 83 ( 5999) 
56 169 ( 5999) 
56 169 ( 5999) 
63 83 ( 5999) 
56 169 ( 5999) 
63 83 ( 5999) 
63 83 ( 5999) 
63 83 ( 5999) 
63 83 ( 5999) 
56 169 ( 5999) 
63 83 ( 5999) 
56 169 ( 5999) 
63 83 ( 5999) 
57 157 ( 6001)  terminou de analisar T
 fora de T e fora de T' - OK
OK - 1
it = 2
58 84 ( 574) 
60 77 ( 574) 
57 88 ( 575) 
59 81 ( 575)  dentro de T maisDistante = 60 81

58 85 ( 576) 
60 78 ( 576) 
57 89 ( 577) 
59 82 ( 577) 
60 79 ( 578) 
59 83 ( 579) 
59 83 ( 579) 
61 76 ( 579) 
58 87 ( 580) 
60 80 ( 580) 
59 84 ( 581) 
59 84 ( 581) 
59 84 ( 581) 
61 77 ( 581) 
61 77 ( 581) 
58 88 ( 582)  terminou de analisar T
it = 3
60 77 ( 728) 
64 70 ( 728) 
61 76 ( 731)  dentro de T maisDistante = 64 76

65 69 ( 731) 
60 78 ( 732) 
64 71 ( 732) 
61 77 ( 735) 
61 77 ( 735) 
65 70 ( 735) 
65 70 ( 735) 
60 79 ( 736) 
64 72 ( 736) 
63 74 ( 737)  dentro de T maisDistante = 63 76

59 81 ( 737) 
62 76 ( 738) 
62 76 ( 738) 
66 69 ( 738) 
66 69 ( 738) 
61 78 ( 739) 
61 78 ( 739) 
61 78 ( 739) 
65 71 ( 739) 
65 71 ( 739) 
65 71 ( 739) 
60 80 ( 740) 
64 73 ( 740) 
59 82 ( 741) 
63 75 ( 741) 
62 77 ( 742) 
58 84 ( 742) 
62 77 ( 742) 
66 70 ( 742) 
62 77 ( 742) 
66 70 ( 742) 
62 77 ( 742) 
66 70 ( 742) 
61 79 ( 743) 
61 79 ( 743) 
65 72 ( 743) 
65 72 ( 743) 
64 74 ( 744) 
60 81 ( 744) 
60 81 ( 744) 
64 74 ( 744) 
59 83 ( 745)  terminou de analisar T
 fora de T e fora de T' - OK
OK - 4
it = 5
65 69 ( 609) 
71 66 ( 609) 
64 70 ( 612) 
66 69 ( 612) 
66 69 ( 612) 
70 67 ( 612)  dentro de T maisDistante = 70 69

72 66 ( 612) 
65 70 ( 615) 
65 70 ( 615) 
67 69 ( 615) 
71 67 ( 615) 
64 71 ( 618) 
66 70 ( 618) 
66 70 ( 618) 
66 70 ( 618) 
70 68 ( 618) 
72 67 ( 618) 
68 69 ( 618) 
72 67 ( 618) 
74 66 ( 618) 
65 71 ( 621) 
65 71 ( 621) 
67 70 ( 621) 
67 70 ( 621) 
69 69 ( 621) 
71 68 ( 621) 
65 71 ( 621) 
67 70 ( 621) 
67 70 ( 621) 
71 68 ( 621) 
67 70 ( 621) 
73 67 ( 621) 
73 67 ( 621) 
69 69 ( 621) 
73 67 ( 621) 
75 66 ( 621) 
66 71 ( 624)  terminou de analisar T
it = 6
71 66 ( 736) 
80 64 ( 736) 
72 66 ( 738) 
81 64 ( 738) 
78 65 ( 741)  dentro de T maisDistante = 78 66

78 65 ( 741) 
87 63 ( 741) 
74 66 ( 742) 
83 64 ( 742) 
70 67 ( 743) 
79 65 ( 743) 
79 65 ( 743) 
75 66 ( 744) 
84 64 ( 744) 
71 67 ( 745) 
80 65 ( 745) 
80 65 ( 745) 
85 64 ( 746) 
72 67 ( 747) 
81 65 ( 747) 
81 65 ( 747) 
72 67 ( 747) 
81 65 ( 747) 
81 65 ( 747) 
81 65 ( 747) 
90 63 ( 747) 
77 66 ( 748) 
77 66 ( 748) 
86 64 ( 748) 
73 67 ( 749) 
73 67 ( 749) 
73 67 ( 749) 
82 65 ( 749) 
82 65 ( 749) 
82 65 ( 749) 
82 65 ( 749) 
87 64 ( 750)  terminou de analisar T
it = 7
80 64 ( 528) 
87 63 ( 528) 
81 64 ( 529) 
83 64 ( 531) 
90 63 ( 531) 
84 64 ( 532) 
71 66 ( 533) 
78 65 ( 533) 
78 65 ( 533) 
85 64 ( 533) 
79 65 ( 534) 
72 66 ( 534) 
86 64 ( 534) 
79 65 ( 534) 
80 65 ( 535)  terminou de analisar T
it = 8
87 63 ( 5673) 
166 55 ( 5673) 
80 64 ( 5696) 
159 56 ( 5696)  dentro de T maisDistante = 159 63

90 63 ( 5697) 
169 55 ( 5697) 
81 64 ( 5704) 
160 56 ( 5704) 
83 64 ( 5720) 
162 56 ( 5720) 
84 64 ( 5728) 
163 56 ( 5728) 
85 64 ( 5736) 
174 55 ( 5737) 
86 64 ( 5744) 
165 56 ( 5744) 
87 64 ( 5752) 
78 65 ( 5759) 
78 65 ( 5759) 
167 56 ( 5760) 
88 64 ( 5760) 
88 64 ( 5760) 
167 56 ( 5760) 
167 56 ( 5760) 
167 56 ( 5760) 
88 64 ( 5760) 
79 65 ( 5767) 
79 65 ( 5767) 
158 57 ( 5767)  dentro de T maisDistante = 158 63

89 64 ( 5768) 
89 64 ( 5768) 
168 56 ( 5768) 
89 64 ( 5768) 
168 56 ( 5768) 
168 56 ( 5768) 
168 56 ( 5768) 
80 65 ( 5775) 
80 65 ( 5775) 
159 57 ( 5775) 
90 64 ( 5776) 
71 66 ( 5782) 
160 57 ( 5783) 
81 65 ( 5783) 
81 65 ( 5783) 
160 57 ( 5783) 
81 65 ( 5783) 
81 65 ( 5783) 
81 65 ( 5783) 
91 64 ( 5784) 
170 56 ( 5784) 
170 56 ( 5784) 
72 66 ( 5790) 
82 65 ( 5791) 
82 65 ( 5791) 
161 57 ( 5791) 
82 65 ( 5791) 
161 57 ( 5791) 
161 57 ( 5791) 
82 65 ( 5791) 
92 64 ( 5792) 
92 64 ( 5792) 
171 56 ( 5792) 
171 56 ( 5792) 
83 65 ( 5799) 
83 65 ( 5799) 
162 57 ( 5799) 
162 57 ( 5799) 
83 65 ( 5799) 
172 56 ( 5800) 
74 66 ( 5806) 
84 65 ( 5807) 
84 65 ( 5807) 
163 57 ( 5807) 
84 65 ( 5807) 
173 56 ( 5808) 
75 66 ( 5814) 
85 65 ( 5815) 
164 57 ( 5815) 
174 56 ( 5816) 
165 57 ( 5823) 
86 65 ( 5823) 
86 65 ( 5823) 
86 65 ( 5823) 
86 65 ( 5823) 
165 57 ( 5823) 
165 57 ( 5823) 
86 65 ( 5823) 
165 57 ( 5823) 
165 57 ( 5823) 
175 56 ( 5824) 
77 66 ( 5830) 
77 66 ( 5830) 
87 65 ( 5831) 
166 57 ( 5831) 
87 65 ( 5831) 
166 57 ( 5831) 
87 65 ( 5831) 
166 57 ( 5831) 
87 65 ( 5831) 
87 65 ( 5831) 
166 57 ( 5831) 
166 57 ( 5831) 
176 56 ( 5832) 
176 56 ( 5832) 
78 66 ( 5838) 
167 57 ( 5839) 
88 65 ( 5839) 
88 65 ( 5839) 
167 57 ( 5839) 
88 65 ( 5839) 
88 65 ( 5839) 
167 57 ( 5839) 
79 66 ( 5846) 
158 58 ( 5846) 
79 66 ( 5846) 
79 66 ( 5846) 
79 66 ( 5846) 
79 66 ( 5846) 
158 58 ( 5846) 
79 66 ( 5846) 
158 58 ( 5846) 
168 57 ( 5847) 
89 65 ( 5847) 
89 65 ( 5847) 
89 65 ( 5847) 
89 65 ( 5847) 
168 57 ( 5847) 
89 65 ( 5847) 
168 57 ( 5847) 
168 57 ( 5847) 
89 65 ( 5847) 
168 57 ( 5847) 
168 57 ( 5847) 
89 65 ( 5847) 
70 67 ( 5853) 
80 66 ( 5854) 
80 66 ( 5854) 
80 66 ( 5854) 
80 66 ( 5854) 
159 58 ( 5854) 
159 58 ( 5854) 
80 66 ( 5854) 
159 58 ( 5854) 
80 66 ( 5854) 
80 66 ( 5854) 
80 66 ( 5854) 
80 66 ( 5854) 
169 57 ( 5855) 
90 65 ( 5855) 
169 57 ( 5855) 
90 65 ( 5855) 
169 57 ( 5855) 
90 65 ( 5855) 
169 57 ( 5855) 
90 65 ( 5855) 
169 57 ( 5855) 
90 65 ( 5855) 
169 57 ( 5855) 
169 57 ( 5855) 
169 57 ( 5855) 
90 65 ( 5855) 
71 67 ( 5861) 
81 66 ( 5862) 
81 66 ( 5862) 
81 66 ( 5862) 
81 66 ( 5862) 
81 66 ( 5862) 
81 66 ( 5862) 
81 66 ( 5862) 
160 58 ( 5862) 
160 58 ( 5862) 
160 58 ( 5862) 
91 65 ( 5863) 
91 65 ( 5863) 
91 65 ( 5863) 
91 65 ( 5863) 
170 57 ( 5863) 
170 57 ( 5863) 
170 57 ( 5863) 
170 57 ( 5863) 
91 65 ( 5863) 
72 67 ( 5869) 
72 67 ( 5869) 
82 66 ( 5870) 
82 66 ( 5870) 
82 66 ( 5870) 
82 66 ( 5870) 
82 66 ( 5870) 
82 66 ( 5870) 
82 66 ( 5870) 
161 58 ( 5870) 
82 66 ( 5870) 
161 58 ( 5870) 
82 66 ( 5870) 
161 58 ( 5870) 
161 58 ( 5870) 
161 58 ( 5870) 
82 66 ( 5870) 
161 58 ( 5870) 
171 57 ( 5871) 
92 65 ( 5871) 
92 65 ( 5871) 
171 57 ( 5871) 
73 67 ( 5877) 
73 67 ( 5877) 
73 67 ( 5877) 
162 58 ( 5878) 
162 58 ( 5878) 
83 66 ( 5878) 
162 58 ( 5878) 
162 58 ( 5878) 
83 66 ( 5878) 
162 58 ( 5878) 
83 66 ( 5878) 
83 66 ( 5878) 
83 66 ( 5878) 
83 66 ( 5878) 
83 66 ( 5878) 
83 66 ( 5878) 
83 66 ( 5878) 
83 66 ( 5878) 
93 65 ( 5879) 
172 57 ( 5879) 
172 57 ( 5879) 
172 57 ( 5879) 
172 57 ( 5879) 
74 67 ( 5885) 
74 67 ( 5885) 
74 67 ( 5885) 
153 59 ( 5885)  dentro de T maisDistante = 153 63

84 66 ( 5886) 
163 58 ( 5886) 
84 66 ( 5886) 
84 66 ( 5886) 
84 66 ( 5886) 
84 66 ( 5886) 
84 66 ( 5886) 
163 58 ( 5886) 
84 66 ( 5886) 
163 58 ( 5886) 
163 58 ( 5886) 
173 57 ( 5887) 
173 57 ( 5887) 
94 65 ( 5887) 
94 65 ( 5887) 
173 57 ( 5887) 
173 57 ( 5887) 
173 57 ( 5887) 
75 67 ( 5893) 
75 67 ( 5893) 
154 59 ( 5893) 
75 67 ( 5893) 
154 59 ( 5893) 
164 58 ( 5894) 
85 66 ( 5894) 
85 66 ( 5894) 
164 58 ( 5894) 
85 66 ( 5894) 
85 66 ( 5894) 
85 66 ( 5894) 
164 58 ( 5894) 
164 58 ( 5894) 
164 58 ( 5894) 
85 66 ( 5894) 
164 58 ( 5894) 
164 58 ( 5894) 
85 66 ( 5894) 
174 57 ( 5895) 
174 57 ( 5895) 
174 57 ( 5895) 
76 67 ( 5901) 
76 67 ( 5901) 
155 59 ( 5901) 
165 58 ( 5902) 
86 66 ( 5902) 
86 66 ( 5902) 
165 58 ( 5902) 
86 66 ( 5902) 
165 58 ( 5902) 
86 66 ( 5902) 
165 58 ( 5902) 
86 66 ( 5902) 
86 66 ( 5902) 
86 66 ( 5902) 
165 58 ( 5902) 
175 57 ( 5903) 
175 57 ( 5903) 
175 57 ( 5903) 
175 57 ( 5903) 
77 67 ( 5909) 
77 67 ( 5909) 
77 67 ( 5909) 
156 59 ( 5909) 
77 67 ( 5909) 
87 66 ( 5910) 
87 66 ( 5910) 
87 66 ( 5910) 
87 66 ( 5910) 
166 58 ( 5910) 
166 58 ( 5910) 
87 66 ( 5910) 
166 58 ( 5910) 
166 58 ( 5910) 
87 66 ( 5910) 
87 66 ( 5910) 
87 66 ( 5910) 
87 66 ( 5910) 
166 58 ( 5910) 
97 65 ( 5911) 
176 57 ( 5911) 
176 57 ( 5911) 
176 57 ( 5911) 
78 67 ( 5917) 
157 59 ( 5917) 
157 59 ( 5917) 
78 67 ( 5917) 
78 67 ( 5917) 
78 67 ( 5917) 
78 67 ( 5917) 
157 59 ( 5917) 
78 67 ( 5917) 
157 59 ( 5917) 
167 58 ( 5918) 
167 58 ( 5918) 
88 66 ( 5918) 
167 58 ( 5918) 
167 58 ( 5918) 
167 58 ( 5918) 
88 66 ( 5918) 
88 66 ( 5918) 
167 58 ( 5918) 
167 58 ( 5918) 
88 66 ( 5918) 
167 58 ( 5918) 
88 66 ( 5918) 
167 58 ( 5918) 
88 66 ( 5918) 
88 66 ( 5918) 
88 66 ( 5918) 
88 66 ( 5918) 
167 58 ( 5918) 
177 57 ( 5919) 
79 67 ( 5925) 
158 59 ( 5925) 
158 59 ( 5925) 
79 67 ( 5925) 
79 67 ( 5925) 
79 67 ( 5925) 
79 67 ( 5925) 
79 67 ( 5925) 
158 59 ( 5925) 
79 67 ( 5925) 
79 67 ( 5925) 
89 66 ( 5926) 
89 66 ( 5926) 
168 58 ( 5926) 
89 66 ( 5926) 
89 66 ( 5926) 
168 58 ( 5926) 
89 66 ( 5926) 
89 66 ( 5926) 
168 58 ( 5926) 
168 58 ( 5926) 
89 66 ( 5926) 
168 58 ( 5926) 
89 66 ( 5926) 
89 66 ( 5926) 
168 58 ( 5926) 
89 66 ( 5926) 
168 58 ( 5926) 
89 66 ( 5926) 
168 58 ( 5926) 
178 57 ( 5927) 
178 57 ( 5927) 
70 68 ( 5932) 
159 59 ( 5933) 
159 59 ( 5933) 
80 67 ( 5933) 
80 67 ( 5933) 
80 67 ( 5933) 
80 67 ( 5933) 
80 67 ( 5933) 
80 67 ( 5933) 
80 67 ( 5933) 
80 67 ( 5933) 
80 67 ( 5933) 
159 59 ( 5933) 
80 67 ( 5933) 
80 67 ( 5933) 
80 67 ( 5933) 
80 67 ( 5933) 
159 59 ( 5933) 
80 67 ( 5933) 
90 66 ( 5934) 
90 66 ( 5934) 
169 58 ( 5934) 
90 66 ( 5934) 
90 66 ( 5934) 
90 66 ( 5934) 
90 66 ( 5934) 
169 58 ( 5934) 
169 58 ( 5934) 
90 66 ( 5934) 
90 66 ( 5934) 
169 58 ( 5934) 
169 58 ( 5934) 
90 66 ( 5934) 
90 66 ( 5934) 
90 66 ( 5934) 
71 68 ( 5940) 
71 68 ( 5940) 
81 67 ( 5941) 
81 67 ( 5941) 
160 59 ( 5941) 
81 67 ( 5941) 
81 67 ( 5941) 
160 59 ( 5941) 
81 67 ( 5941) 
81 67 ( 5941) 
81 67 ( 5941) 
160 59 ( 5941) 
81 67 ( 5941) 
160 59 ( 5941) 
81 67 ( 5941) 
160 59 ( 5941) 
81 67 ( 5941) 
81 67 ( 5941) 
160 59 ( 5941) 
81 67 ( 5941) 
160 59 ( 5941) 
81 67 ( 5941) 
81 67 ( 5941) 
81 67 ( 5941) 
81 67 ( 5941) 
160 59 ( 5941) 
160 59 ( 5941) 
81 67 ( 5941) 
91 66 ( 5942) 
91 66 ( 5942) 
170 58 ( 5942) 
170 58 ( 5942) 
91 66 ( 5942) 
170 58 ( 5942) 
170 58 ( 5942) 
170 58 ( 5942) 
91 66 ( 5942) 
91 66 ( 5942) 
91 66 ( 5942) 
170 58 ( 5942) 
91 66 ( 5942) 
170 58 ( 5942) 
91 66 ( 5942) 
170 58 ( 5942) 
91 66 ( 5942) 
170 58 ( 5942) 
72 68 ( 5948) 
72 68 ( 5948) 
72 68 ( 5948) 
72 68 ( 5948) 
82 67 ( 5949) 
82 67 ( 5949) 
82 67 ( 5949) 
82 67 ( 5949) 
161 59 ( 5949) 
82 67 ( 5949) 
161 59 ( 5949) 
82 67 ( 5949) 
161 59 ( 5949) 
82 67 ( 5949) 
161 59 ( 5949) 
82 67 ( 5949) 
82 67 ( 5949) 
82 67 ( 5949) 
161 59 ( 5949) 
82 67 ( 5949) 
82 67 ( 5949) 
82 67 ( 5949) 
82 67 ( 5949) 
161 59 ( 5949) 
82 67 ( 5949) 
82 67 ( 5949) 
82 67 ( 5949) 
161 59 ( 5949) 
82 67 ( 5949) 
82 67 ( 5949) 
161 59 ( 5949) 
82 67 ( 5949) 
161 59 ( 5949) 
161 59 ( 5949) 
92 66 ( 5950) 
171 58 ( 5950) 
92 66 ( 5950) 
171 58 ( 5950) 
92 66 ( 5950) 
92 66 ( 5950) 
171 58 ( 5950) 
171 58 ( 5950) 
171 58 ( 5950) 
92 66 ( 5950) 
171 58 ( 5950) 
171 58 ( 5950) 
171 58 ( 5950) 
181 57 ( 5951) 
73 68 ( 5956) 
73 68 ( 5956) 
73 68 ( 5956) 
73 68 ( 5956) 
73 68 ( 5956) 
73 68 ( 5956) 
73 68 ( 5956) 
73 68 ( 5956) 
73 68 ( 5956) 
152 60 ( 5956)  dentro de T maisDistante = 152 63

162 59 ( 5957) 
162 59 ( 5957) 
83 67 ( 5957) 
83 67 ( 5957) 
83 67 ( 5957) 
83 67 ( 5957) 
83 67 ( 5957) 
83 67 ( 5957) 
83 67 ( 5957) 
83 67 ( 5957) 
162 59 ( 5957) 
83 67 ( 5957) 
83 67 ( 5957) 
83 67 ( 5957) 
83 67 ( 5957) 
162 59 ( 5957) 
83 67 ( 5957) 
162 59 ( 5957) 
83 67 ( 5957) 
83 67 ( 5957) 
162 59 ( 5957) 
83 67 ( 5957) 
162 59 ( 5957) 
162 59 ( 5957) 
83 67 ( 5957) 
162 59 ( 5957) 
162 59 ( 5957) 
162 59 ( 5957) 
162 59 ( 5957) 
162 59 ( 5957) 
162 59 ( 5957) 
83 67 ( 5957) 
83 67 ( 5957) 
83 67 ( 5957) 
172 58 ( 5958) 
93 66 ( 5958) 
93 66 ( 5958) 
172 58 ( 5958) 
93 66 ( 5958) 
93 66 ( 5958) 
93 66 ( 5958) 
172 58 ( 5958) 
93 66 ( 5958) 
172 58 ( 5958) 
74 68 ( 5964) 
74 68 ( 5964) 
74 68 ( 5964) 
74 68 ( 5964) 
74 68 ( 5964) 
74 68 ( 5964) 
74 68 ( 5964) 
74 68 ( 5964) 
74 68 ( 5964) 
74 68 ( 5964) 
153 60 ( 5964) 
153 60 ( 5964) 
84 67 ( 5965) 
84 67 ( 5965) 
163 59 ( 5965) 
163 59 ( 5965) 
84 67 ( 5965) 
84 67 ( 5965) 
84 67 ( 5965) 
163 59 ( 5965) 
84 67 ( 5965) 
163 59 ( 5965) 
84 67 ( 5965) 
163 59 ( 5965) 
84 67 ( 5965) 
84 67 ( 5965) 
84 67 ( 5965) 
84 67 ( 5965) 
163 59 ( 5965) 
163 59 ( 5965) 
163 59 ( 5965) 
163 59 ( 5965) 
84 67 ( 5965) 
84 67 ( 5965) 
84 67 ( 5965) 
163 59 ( 5965) 
163 59 ( 5965) 
163 59 ( 5965) 
163 59 ( 5965) 
163 59 ( 5965) 
84 67 ( 5965) 
84 67 ( 5965) 
163 59 ( 5965) 
163 59 ( 5965) 
84 67 ( 5965) 
84 67 ( 5965) 
84 67 ( 5965) 
173 58 ( 5966) 
173 58 ( 5966) 
173 58 ( 5966) 
94 66 ( 5966) 
173 58 ( 5966) 
94 66 ( 5966) 
173 58 ( 5966) 
173 58 ( 5966) 
65 69 ( 5971) 
75 68 ( 5972) 
75 68 ( 5972) 
75 68 ( 5972) 
154 60 ( 5972) 
154 60 ( 5972) 
75 68 ( 5972) 
75 68 ( 5972) 
75 68 ( 5972) 
75 68 ( 5972) 
154 60 ( 5972) 
75 68 ( 5972) 
75 68 ( 5972) 
75 68 ( 5972) 
85 67 ( 5973) 
164 59 ( 5973) 
164 59 ( 5973) 
85 67 ( 5973) 
164 59 ( 5973) 
85 67 ( 5973) 
85 67 ( 5973) 
85 67 ( 5973) 
164 59 ( 5973) 
85 67 ( 5973) 
85 67 ( 5973) 
85 67 ( 5973) 
164 59 ( 5973) 
85 67 ( 5973) 
164 59 ( 5973) 
164 59 ( 5973) 
85 67 ( 5973) 
85 67 ( 5973) 
164 59 ( 5973) 
85 67 ( 5973) 
85 67 ( 5973) 
85 67 ( 5973) 
85 67 ( 5973) 
164 59 ( 5973) 
85 67 ( 5973) 
85 67 ( 5973) 
164 59 ( 5973) 
174 58 ( 5974) 
174 58 ( 5974) 
174 58 ( 5974) 
174 58 ( 5974) 
174 58 ( 5974) 
174 58 ( 5974) 
95 66 ( 5974) 
174 58 ( 5974) 
174 58 ( 5974) 
174 58 ( 5974) 
66 69 ( 5979) 
66 69 ( 5979) 
76 68 ( 5980) 
76 68 ( 5980) 
76 68 ( 5980) 
76 68 ( 5980) 
155 60 ( 5980) 
76 68 ( 5980) 
76 68 ( 5980) 
155 60 ( 5980) 
155 60 ( 5980) 
76 68 ( 5980) 
76 68 ( 5980) 
76 68 ( 5980) 
155 60 ( 5980) 
155 60 ( 5980) 
76 68 ( 5980) 
76 68 ( 5980) 
76 68 ( 5980) 
76 68 ( 5980) 
165 59 ( 5981) 
86 67 ( 5981) 
86 67 ( 5981) 
165 59 ( 5981) 
86 67 ( 5981) 
86 67 ( 5981) 
86 67 ( 5981) 
86 67 ( 5981) 
86 67 ( 5981) 
165 59 ( 5981) 
165 59 ( 5981) 
165 59 ( 5981) 
86 67 ( 5981) 
86 67 ( 5981) 
86 67 ( 5981) 
86 67 ( 5981) 
86 67 ( 5981) 
86 67 ( 5981) 
165 59 ( 5981) 
86 67 ( 5981) 
86 67 ( 5981) 
165 59 ( 5981) 
165 59 ( 5981) 
165 59 ( 5981) 
96 66 ( 5982) 
96 66 ( 5982) 
96 66 ( 5982) 
96 66 ( 5982) 
175 58 ( 5982) 
175 58 ( 5982) 
175 58 ( 5982) 
175 58 ( 5982) 
175 58 ( 5982) 
175 58 ( 5982) 
175 58 ( 5982) 
67 69 ( 5987) 
77 68 ( 5988) 
156 60 ( 5988) 
77 68 ( 5988) 
156 60 ( 5988) 
77 68 ( 5988) 
156 60 ( 5988) 
77 68 ( 5988) 
77 68 ( 5988) 
77 68 ( 5988) 
77 68 ( 5988) 
77 68 ( 5988) 
77 68 ( 5988) 
156 60 ( 5988) 
77 68 ( 5988) 
156 60 ( 5988) 
77 68 ( 5988) 
77 68 ( 5988) 
156 60 ( 5988) 
87 67 ( 5989) 
166 59 ( 5989) 
166 59 ( 5989) 
87 67 ( 5989) 
166 59 ( 5989) 
166 59 ( 5989) 
87 67 ( 5989) 
166 59 ( 5989) 
87 67 ( 5989) 
87 67 ( 5989) 
87 67 ( 5989) 
166 59 ( 5989) 
166 59 ( 5989) 
87 67 ( 5989) 
87 67 ( 5989) 
166 59 ( 5989) 
166 59 ( 5989) 
166 59 ( 5989) 
87 67 ( 5989) 
166 59 ( 5989) 
166 59 ( 5989) 
87 67 ( 5989) 
166 59 ( 5989) 
166 59 ( 5989) 
87 67 ( 5989) 
166 59 ( 5989) 
87 67 ( 5989) 
87 67 ( 5989) 
87 67 ( 5989) 
87 67 ( 5989) 
97 66 ( 5990) 
176 58 ( 5990) 
176 58 ( 5990) 
176 58 ( 5990) 
176 58 ( 5990) 
68 69 ( 5995) 
78 68 ( 5996) 
78 68 ( 5996) 
78 68 ( 5996) 
157 60 ( 5996) 
157 60 ( 5996) 
78 68 ( 5996) 
78 68 ( 5996) 
78 68 ( 5996) 
157 60 ( 5996) 
78 68 ( 5996) 
78 68 ( 5996) 
78 68 ( 5996) 
78 68 ( 5996) 
157 60 ( 5996) 
78 68 ( 5996) 
78 68 ( 5996) 
78 68 ( 5996) 
88 67 ( 5997) 
167 59 ( 5997) 
88 67 ( 5997) 
167 59 ( 5997) 
167 59 ( 5997) 
88 67 ( 5997) 
88 67 ( 5997) 
167 59 ( 5997) 
88 67 ( 5997) 
88 67 ( 5997) 
88 67 ( 5997) 
88 67 ( 5997) 
88 67 ( 5997) 
167 59 ( 5997) 
88 67 ( 5997) 
88 67 ( 5997) 
167 59 ( 5997) 
167 59 ( 5997) 
88 67 ( 5997) 
88 67 ( 5997) 
88 67 ( 5997) 
167 59 ( 5997) 
88 67 ( 5997) 
167 59 ( 5997) 
88 67 ( 5997) 
167 59 ( 5997) 
88 67 ( 5997) 
167 59 ( 5997) 
88 67 ( 5997) 
167 59 ( 5997) 
167 59 ( 5997) 
88 67 ( 5997) 
167 59 ( 5997) 
177 58 ( 5998) 
177 58 ( 5998) 
177 58 ( 5998) 
177 58 ( 5998) 
177 58 ( 5998) 
69 69 ( 6003) 
69 69 ( 6003) 
79 68 ( 6004) 
79 68 ( 6004) 
79 68 ( 6004) 
79 68 ( 6004) 
79 68 ( 6004) 
79 68 ( 6004) 
79 68 ( 6004) 
158 60 ( 6004) 
79 68 ( 6004) 
79 68 ( 6004) 
79 68 ( 6004) 
79 68 ( 6004) 
79 68 ( 6004) 
79 68 ( 6004) 
79 68 ( 6004) 
158 60 ( 6004) 
158 60 ( 6004) 
79 68 ( 6004) 
168 59 ( 6005) 
89 67 ( 6005) 
168 59 ( 6005) 
89 67 ( 6005) 
89 67 ( 6005) 
89 67 ( 6005) 
89 67 ( 6005) 
168 59 ( 6005) 
168 59 ( 6005) 
168 59 ( 6005) 
89 67 ( 6005) 
89 67 ( 6005) 
168 59 ( 6005) 
89 67 ( 6005) 
89 67 ( 6005) 
89 67 ( 6005) 
168 59 ( 6005) 
89 67 ( 6005) 
168 59 ( 6005) 
89 67 ( 6005) 
89 67 ( 6005) 
89 67 ( 6005) 
168 59 ( 6005) 
168 59 ( 6005) 
89 67 ( 6005) 
178 58 ( 6006) 
99 66 ( 6006) 
99 66 ( 6006) 
178 58 ( 6006) 
70 69 ( 6011) 
70 69 ( 6011) 
80 68 ( 6012) 
80 68 ( 6012) 
80 68 ( 6012) 
159 60 ( 6012) 
80 68 ( 6012) 
80 68 ( 6012) 
80 68 ( 6012) 
80 68 ( 6012) 
80 68 ( 6012) 
80 68 ( 6012) 
80 68 ( 6012) 
80 68 ( 6012) 
159 60 ( 6012) 
80 68 ( 6012) 
80 68 ( 6012) 
159 60 ( 6012) 
80 68 ( 6012) 
159 60 ( 6012) 
159 60 ( 6012) 
159 60 ( 6012) 
159 60 ( 6012) 
80 68 ( 6012) 
80 68 ( 6012) 
80 68 ( 6012) 
159 60 ( 6012) 
80 68 ( 6012) 
80 68 ( 6012) 
159 60 ( 6012) 
80 68 ( 6012) 
80 68 ( 6012) 
159 60 ( 6012) 
159 60 ( 6012) 
159 60 ( 6012) 
90 67 ( 6013) 
90 67 ( 6013) 
169 59 ( 6013) 
169 59 ( 6013) 
90 67 ( 6013) 
169 59 ( 6013) 
169 59 ( 6013) 
169 59 ( 6013) 
90 67 ( 6013) 
169 59 ( 6013) 
90 67 ( 6013) 
90 67 ( 6013) 
90 67 ( 6013) 
169 59 ( 6013) 
169 59 ( 6013) 
169 59 ( 6013) 
90 67 ( 6013) 
169 59 ( 6013) 
169 59 ( 6013) 
90 67 ( 6013) 
90 67 ( 6013) 
169 59 ( 6013) 
90 67 ( 6013) 
169 59 ( 6013) 
90 67 ( 6013) 
169 59 ( 6013) 
90 67 ( 6013) 
90 67 ( 6013) 
169 59 ( 6013) 
90 67 ( 6013) 
90 67 ( 6013) 
90 67 ( 6013) 
179 58 ( 6014) 
71 69 ( 6019) 
71 69 ( 6019) 
71 69 ( 6019) 
71 69 ( 6019) 
160 60 ( 6020) 
81 68 ( 6020) 
160 60 ( 6020) 
81 68 ( 6020) 
160 60 ( 6020) 
81 68 ( 6020) 
81 68 ( 6020) 
81 68 ( 6020) 
160 60 ( 6020) 
81 68 ( 6020) 
81 68 ( 6020) 
81 68 ( 6020) 
160 60 ( 6020) 
81 68 ( 6020) 
81 68 ( 6020) 
160 60 ( 6020) 
81 68 ( 6020) 
81 68 ( 6020) 
81 68 ( 6020) 
81 68 ( 6020) 
81 68 ( 6020) 
160 60 ( 6020) 
81 68 ( 6020) 
160 60 ( 6020) 
81 68 ( 6020) 
81 68 ( 6020) 
160 60 ( 6020) 
81 68 ( 6020) 
160 60 ( 6020) 
160 60 ( 6020) 
160 60 ( 6020) 
81 68 ( 6020) 
81 68 ( 6020) 
81 68 ( 6020) 
81 68 ( 6020) 
81 68 ( 6020) 
81 68 ( 6020) 
160 60 ( 6020) 
160 60 ( 6020) 
81 68 ( 6020) 
81 68 ( 6020) 
81 68 ( 6020) 
81 68 ( 6020) 
81 68 ( 6020) 
81 68 ( 6020) 
81 68 ( 6020) 
160 60 ( 6020) 
81 68 ( 6020) 
81 68 ( 6020) 
160 60 ( 6020) 
81 68 ( 6020) 
160 60 ( 6020) 
160 60 ( 6020) 
81 68 ( 6020) 
170 59 ( 6021) 
170 59 ( 6021) 
170 59 ( 6021) 
170 59 ( 6021) 
170 59 ( 6021) 
170 59 ( 6021) 
91 67 ( 6021) 
170 59 ( 6021) 
91 67 ( 6021) 
91 67 ( 6021) 
91 67 ( 6021) 
170 59 ( 6021) 
91 67 ( 6021) 
91 67 ( 6021) 
91 67 ( 6021) 
91 67 ( 6021) 
91 67 ( 6021) 
91 67 ( 6021) 
91 67 ( 6021) 
170 59 ( 6021) 
91 67 ( 6021) 
170 59 ( 6021) 
91 67 ( 6021) 
170 59 ( 6021) 
170 59 ( 6021) 
170 59 ( 6021) 
91 67 ( 6021) 
170 59 ( 6021) 
91 67 ( 6021) 
180 58 ( 6022) 
180 58 ( 6022) 
180 58 ( 6022) 
72 69 ( 6027) 
72 69 ( 6027) 
72 69 ( 6027) 
72 69 ( 6027) 
72 69 ( 6027) 
72 69 ( 6027) 
72 69 ( 6027) 
72 69 ( 6027) 
82 68 ( 6028) 
161 60 ( 6028) 
161 60 ( 6028) 
82 68 ( 6028) 
82 68 ( 6028) 
82 68 ( 6028) 
161 60 ( 6028) 
161 60 ( 6028) 
161 60 ( 6028) 
82 68 ( 6028) 
161 60 ( 6028) 
82 68 ( 6028) 
82 68 ( 6028) 
82 68 ( 6028) 
82 68 ( 6028) 
161 60 ( 6028) 
82 68 ( 6028) 
82 68 ( 6028) 
82 68 ( 6028) 
82 68 ( 6028) 
161 60 ( 6028) 
82 68 ( 6028) 
161 60 ( 6028) 
82 68 ( 6028) 
82 68 ( 6028) 
82 68 ( 6028) 
82 68 ( 6028) 
82 68 ( 6028) 
161 60 ( 6028) 
161 60 ( 6028) 
82 68 ( 6028) 
161 60 ( 6028) 
82 68 ( 6028) 
161 60 ( 6028) 
82 68 ( 6028) 
82 68 ( 6028) 
82 68 ( 6028) 
82 68 ( 6028) 
82 68 ( 6028) 
161 60 ( 6028) 
82 68 ( 6028) 
82 68 ( 6028) 
82 68 ( 6028) 
82 68 ( 6028) 
82 68 ( 6028) 
82 68 ( 6028) 
82 68 ( 6028) 
82 68 ( 6028) 
92 67 ( 6029) 
171 59 ( 6029) 
171 59 ( 6029) 
92 67 ( 6029) 
92 67 ( 6029) 
92 67 ( 6029) 
92 67 ( 6029) 
92 67 ( 6029) 
92 67 ( 6029) 
92 67 ( 6029) 
92 67 ( 6029) 
92 67 ( 6029) 
171 59 ( 6029) 
171 59 ( 6029) 
171 59 ( 6029) 
171 59 ( 6029) 
171 59 ( 6029) 
92 67 ( 6029) 
181 58 ( 6030) 
73 69 ( 6035) 
73 69 ( 6035) 
73 69 ( 6035) 
73 69 ( 6035) 
152 61 ( 6035) 
73 69 ( 6035) 
152 61 ( 6035) 
73 69 ( 6035) 
73 69 ( 6035) 
73 69 ( 6035) 
73 69 ( 6035) 
73 69 ( 6035) 
73 69 ( 6035) 
152 61 ( 6035) 
73 69 ( 6035) 
73 69 ( 6035) 
162 60 ( 6036) 
162 60 ( 6036) 
83 68 ( 6036) 
83 68 ( 6036) 
83 68 ( 6036) 
83 68 ( 6036) 
83 68 ( 6036) 
162 60 ( 6036) 
83 68 ( 6036) 
162 60 ( 6036) 
83 68 ( 6036) 
162 60 ( 6036) 
83 68 ( 6036) 
162 60 ( 6036) 
83 68 ( 6036) 
83 68 ( 6036) 
162 60 ( 6036) 
83 68 ( 6036) 
162 60 ( 6036) 
83 68 ( 6036) 
162 60 ( 6036) 
83 68 ( 6036) 
83 68 ( 6036) 
83 68 ( 6036) 
83 68 ( 6036) 
83 68 ( 6036) 
83 68 ( 6036) 
83 68 ( 6036) 
83 68 ( 6036) 
83 68 ( 6036) 
162 60 ( 6036) 
83 68 ( 6036) 
162 60 ( 6036) 
162 60 ( 6036) 
162 60 ( 6036) 
162 60 ( 6036) 
83 68 ( 6036) 
83 68 ( 6036) 
162 60 ( 6036) 
83 68 ( 6036) 
83 68 ( 6036) 
83 68 ( 6036) 
83 68 ( 6036) 
83 68 ( 6036) 
162 60 ( 6036) 
162 60 ( 6036) 
162 60 ( 6036) 
162 60 ( 6036) 
83 68 ( 6036) 
83 68 ( 6036) 
83 68 ( 6036) 
83 68 ( 6036) 
83 68 ( 6036) 
162 60 ( 6036) 
93 67 ( 6037) 
93 67 ( 6037) 
172 59 ( 6037) 
172 59 ( 6037) 
172 59 ( 6037) 
93 67 ( 6037) 
172 59 ( 6037) 
172 59 ( 6037) 
172 59 ( 6037) 
93 67 ( 6037) 
172 59 ( 6037) 
93 67 ( 6037) 
172 59 ( 6037) 
172 59 ( 6037) 
93 67 ( 6037) 
93 67 ( 6037) 
93 67 ( 6037) 
64 70 ( 6042) 
74 69 ( 6043) 
74 69 ( 6043) 
74 69 ( 6043) 
74 69 ( 6043) 
74 69 ( 6043) 
74 69 ( 6043) 
74 69 ( 6043) 
74 69 ( 6043) 
153 61 ( 6043) 
74 69 ( 6043) 
153 61 ( 6043) 
74 69 ( 6043) 
74 69 ( 6043) 
74 69 ( 6043) 
153 61 ( 6043) 
74 69 ( 6043) 
153 61 ( 6043) 
74 69 ( 6043) 
74 69 ( 6043) 
153 61 ( 6043) 
74 69 ( 6043) 
74 69 ( 6043) 
74 69 ( 6043) 
74 69 ( 6043) 
74 69 ( 6043) 
153 61 ( 6043) 
74 69 ( 6043) 
74 69 ( 6043) 
163 60 ( 6044) 
84 68 ( 6044) 
84 68 ( 6044) 
84 68 ( 6044) 
84 68 ( 6044) 
84 68 ( 6044) 
163 60 ( 6044) 
163 60 ( 6044) 
84 68 ( 6044) 
84 68 ( 6044) 
84 68 ( 6044) 
84 68 ( 6044) 
163 60 ( 6044) 
84 68 ( 6044) 
163 60 ( 6044) 
84 68 ( 6044) 
84 68 ( 6044) 
84 68 ( 6044) 
84 68 ( 6044) 
163 60 ( 6044) 
84 68 ( 6044) 
163 60 ( 6044) 
163 60 ( 6044) 
84 68 ( 6044) 
163 60 ( 6044) 
84 68 ( 6044) 
84 68 ( 6044) 
163 60 ( 6044) 
163 60 ( 6044) 
163 60 ( 6044) 
84 68 ( 6044) 
84 68 ( 6044) 
84 68 ( 6044) 
163 60 ( 6044) 
84 68 ( 6044) 
84 68 ( 6044) 
84 68 ( 6044) 
84 68 ( 6044) 
84 68 ( 6044) 
84 68 ( 6044) 
84 68 ( 6044) 
84 68 ( 6044) 
84 68 ( 6044) 
163 60 ( 6044) 
163 60 ( 6044) 
84 68 ( 6044) 
163 60 ( 6044) 
84 68 ( 6044) 
84 68 ( 6044) 
163 60 ( 6044) 
84 68 ( 6044) 
84 68 ( 6044) 
84 68 ( 6044) 
163 60 ( 6044) 
163 60 ( 6044) 
84 68 ( 6044) 
84 68 ( 6044) 
84 68 ( 6044) 
163 60 ( 6044) 
84 68 ( 6044) 
163 60 ( 6044) 
163 60 ( 6044) 
84 68 ( 6044) 
163 60 ( 6044) 
94 67 ( 6045) 
94 67 ( 6045) 
94 67 ( 6045) 
173 59 ( 6045) 
173 59 ( 6045) 
173 59 ( 6045) 
173 59 ( 6045) 
173 59 ( 6045) 
94 67 ( 6045) 
173 59 ( 6045) 
173 59 ( 6045) 
94 67 ( 6045) 
94 67 ( 6045) 
94 67 ( 6045) 
173 59 ( 6045) 
94 67 ( 6045) 
173 59 ( 6045) 
183 58 ( 6046) 
183 58 ( 6046) 
65 70 ( 6050) 
65 70 ( 6050) 
75 69 ( 6051) 
75 69 ( 6051) 
75 69 ( 6051) 
75 69 ( 6051) 
154 61 ( 6051) 
75 69 ( 6051) 
75 69 ( 6051) 
75 69 ( 6051) 
75 69 ( 6051) 
75 69 ( 6051) 
75 69 ( 6051) 
75 69 ( 6051) 
75 69 ( 6051) 
75 69 ( 6051) 
154 61 ( 6051) 
75 69 ( 6051) 
154 61 ( 6051) 
75 69 ( 6051) 
75 69 ( 6051) 
154 61 ( 6051) 
75 69 ( 6051) 
75 69 ( 6051) 
75 69 ( 6051) 
75 69 ( 6051) 
75 69 ( 6051) 
75 69 ( 6051) 
75 69 ( 6051) 
75 69 ( 6051) 
75 69 ( 6051) 
85 68 ( 6052) 
85 68 ( 6052) 
85 68 ( 6052) 
85 68 ( 6052) 
85 68 ( 6052) 
85 68 ( 6052) 
85 68 ( 6052) 
85 68 ( 6052) 
164 60 ( 6052) 
85 68 ( 6052) 
85 68 ( 6052) 
85 68 ( 6052) 
164 60 ( 6052) 
85 68 ( 6052) 
164 60 ( 6052) 
85 68 ( 6052) 
164 60 ( 6052) 
85 68 ( 6052) 
164 60 ( 6052) 
164 60 ( 6052) 
85 68 ( 6052) 
164 60 ( 6052) 
85 68 ( 6052) 
85 68 ( 6052) 
85 68 ( 6052) 
85 68 ( 6052) 
85 68 ( 6052) 
164 60 ( 6052) 
85 68 ( 6052) 
85 68 ( 6052) 
85 68 ( 6052) 
164 60 ( 6052) 
164 60 ( 6052) 
85 68 ( 6052) 
85 68 ( 6052) 
164 60 ( 6052) 
164 60 ( 6052) 
85 68 ( 6052) 
164 60 ( 6052) 
164 60 ( 6052) 
85 68 ( 6052) 
85 68 ( 6052) 
164 60 ( 6052) 
164 60 ( 6052) 
164 60 ( 6052) 
85 68 ( 6052) 
164 60 ( 6052) 
85 68 ( 6052) 
164 60 ( 6052) 
85 68 ( 6052) 
85 68 ( 6052) 
164 60 ( 6052) 
164 60 ( 6052) 
95 67 ( 6053) 
95 67 ( 6053) 
174 59 ( 6053) 
174 59 ( 6053) 
174 59 ( 6053) 
174 59 ( 6053) 
174 59 ( 6053) 
174 59 ( 6053) 
95 67 ( 6053) 
95 67 ( 6053) 
66 70 ( 6058) 
66 70 ( 6058) 
66 70 ( 6058) 
76 69 ( 6059) 
76 69 ( 6059) 
76 69 ( 6059) 
76 69 ( 6059) 
76 69 ( 6059) 
76 69 ( 6059) 
76 69 ( 6059) 
76 69 ( 6059) 
76 69 ( 6059) 
76 69 ( 6059) 
76 69 ( 6059) 
76 69 ( 6059) 
155 61 ( 6059) 
155 61 ( 6059) 
155 61 ( 6059) 
155 61 ( 6059) 
76 69 ( 6059) 
76 69 ( 6059) 
76 69 ( 6059) 
76 69 ( 6059) 
155 61 ( 6059) 
76 69 ( 6059) 
76 69 ( 6059) 
76 69 ( 6059) 
76 69 ( 6059) 
76 69 ( 6059) 
165 60 ( 6060) 
165 60 ( 6060) 
86 68 ( 6060) 
86 68 ( 6060) 
86 68 ( 6060) 
165 60 ( 6060) 
165 60 ( 6060) 
165 60 ( 6060) 
86 68 ( 6060) 
86 68 ( 6060) 
165 60 ( 6060) 
86 68 ( 6060) 
86 68 ( 6060) 
86 68 ( 6060) 
165 60 ( 6060) 
86 68 ( 6060) 
165 60 ( 6060) 
86 68 ( 6060) 
86 68 ( 6060) 
86 68 ( 6060) 
165 60 ( 6060) 
86 68 ( 6060) 
165 60 ( 6060) 
86 68 ( 6060) 
165 60 ( 6060) 
165 60 ( 6060) 
165 60 ( 6060) 
86 68 ( 6060) 
165 60 ( 6060) 
165 60 ( 6060) 
165 60 ( 6060) 
86 68 ( 6060) 
165 60 ( 6060) 
86 68 ( 6060) 
86 68 ( 6060) 
165 60 ( 6060) 
86 68 ( 6060) 
86 68 ( 6060) 
86 68 ( 6060) 
165 60 ( 6060) 
165 60 ( 6060) 
86 68 ( 6060) 
86 68 ( 6060) 
86 68 ( 6060) 
86 68 ( 6060) 
86 68 ( 6060) 
165 60 ( 6060) 
165 60 ( 6060) 
165 60 ( 6060) 
86 68 ( 6060) 
165 60 ( 6060) 
86 68 ( 6060) 
86 68 ( 6060) 
96 67 ( 6061) 
96 67 ( 6061) 
96 67 ( 6061) 
175 59 ( 6061) 
175 59 ( 6061) 
96 67 ( 6061) 
175 59 ( 6061) 
175 59 ( 6061) 
175 59 ( 6061) 
67 70 ( 6066) 
67 70 ( 6066) 
67 70 ( 6066) 
67 70 ( 6066) 
67 70 ( 6066) 
77 69 ( 6067) 
77 69 ( 6067) 
77 69 ( 6067) 
77 69 ( 6067) 
77 69 ( 6067) 
77 69 ( 6067) 
77 69 ( 6067) 
156 61 ( 6067) 
156 61 ( 6067) 
77 69 ( 6067) 
77 69 ( 6067) 
77 69 ( 6067) 
77 69 ( 6067) 
77 69 ( 6067) 
77 69 ( 6067) 
156 61 ( 6067) 
77 69 ( 6067) 
77 69 ( 6067) 
77 69 ( 6067) 
77 69 ( 6067) 
156 61 ( 6067) 
156 61 ( 6067) 
156 61 ( 6067) 
77 69 ( 6067) 
156 61 ( 6067) 
77 69 ( 6067) 
77 69 ( 6067) 
77 69 ( 6067) 
77 69 ( 6067) 
156 61 ( 6067) 
77 69 ( 6067) 
77 69 ( 6067) 
77 69 ( 6067) 
166 60 ( 6068) 
87 68 ( 6068) 
87 68 ( 6068) 
166 60 ( 6068) 
166 60 ( 6068) 
166 60 ( 6068) 
87 68 ( 6068) 
166 60 ( 6068) 
166 60 ( 6068) 
87 68 ( 6068) 
87 68 ( 6068) 
166 60 ( 6068) 
87 68 ( 6068) 
87 68 ( 6068) 
87 68 ( 6068) 
87 68 ( 6068) 
166 60 ( 6068) 
87 68 ( 6068) 
87 68 ( 6068) 
166 60 ( 6068) 
87 68 ( 6068) 
87 68 ( 6068) 
166 60 ( 6068) 
166 60 ( 6068) 
166 60 ( 6068) 
87 68 ( 6068) 
166 60 ( 6068) 
87 68 ( 6068) 
166 60 ( 6068) 
87 68 ( 6068) 
166 60 ( 6068) 
87 68 ( 6068) 
87 68 ( 6068) 
87 68 ( 6068) 
87 68 ( 6068) 
166 60 ( 6068) 
87 68 ( 6068) 
166 60 ( 6068) 
87 68 ( 6068) 
166 60 ( 6068) 
87 68 ( 6068) 
87 68 ( 6068) 
166 60 ( 6068) 
87 68 ( 6068) 
166 60 ( 6068) 
87 68 ( 6068) 
87 68 ( 6068) 
87 68 ( 6068) 
87 68 ( 6068) 
176 59 ( 6069) 
176 59 ( 6069) 
176 59 ( 6069) 
97 67 ( 6069) 
97 67 ( 6069) 
176 59 ( 6069) 
176 59 ( 6069) 
176 59 ( 6069) 
176 59 ( 6069) 
176 59 ( 6069) 
176 59 ( 6069) 
176 59 ( 6069) 
176 59 ( 6069) 
97 67 ( 6069) 
176 59 ( 6069) 
97 67 ( 6069) 
97 67 ( 6069) 
68 70 ( 6074) 
68 70 ( 6074) 
68 70 ( 6074) 
68 70 ( 6074) 
68 70 ( 6074) 
78 69 ( 6075) 
78 69 ( 6075) 
78 69 ( 6075) 
78 69 ( 6075) 
78 69 ( 6075) 
78 69 ( 6075) 
157 61 ( 6075) 
78 69 ( 6075) 
78 69 ( 6075) 
78 69 ( 6075) 
157 61 ( 6075) 
78 69 ( 6075) 
78 69 ( 6075) 
78 69 ( 6075) 
157 61 ( 6075) 
78 69 ( 6075) 
157 61 ( 6075) 
78 69 ( 6075) 
78 69 ( 6075) 
78 69 ( 6075) 
78 69 ( 6075) 
78 69 ( 6075) 
78 69 ( 6075) 
78 69 ( 6075) 
78 69 ( 6075) 
78 69 ( 6075) 
157 61 ( 6075) 
157 61 ( 6075) 
78 69 ( 6075) 
78 69 ( 6075) 
78 69 ( 6075) 
78 69 ( 6075) 
88 68 ( 6076) 
167 60 ( 6076) 
88 68 ( 6076) 
167 60 ( 6076) 
88 68 ( 6076) 
88 68 ( 6076) 
167 60 ( 6076) 
88 68 ( 6076) 
88 68 ( 6076) 
88 68 ( 6076) 
167 60 ( 6076) 
167 60 ( 6076) 
88 68 ( 6076) 
88 68 ( 6076) 
167 60 ( 6076) 
167 60 ( 6076) 
167 60 ( 6076) 
167 60 ( 6076) 
167 60 ( 6076) 
167 60 ( 6076) 
88 68 ( 6076) 
88 68 ( 6076) 
167 60 ( 6076) 
88 68 ( 6076) 
88 68 ( 6076) 
88 68 ( 6076) 
88 68 ( 6076) 
88 68 ( 6076) 
167 60 ( 6076) 
167 60 ( 6076) 
167 60 ( 6076) 
88 68 ( 6076) 
88 68 ( 6076) 
88 68 ( 6076) 
88 68 ( 6076) 
88 68 ( 6076) 
167 60 ( 6076) 
167 60 ( 6076) 
88 68 ( 6076) 
88 68 ( 6076) 
88 68 ( 6076) 
167 60 ( 6076) 
167 60 ( 6076) 
88 68 ( 6076) 
88 68 ( 6076) 
167 60 ( 6076) 
167 60 ( 6076) 
167 60 ( 6076) 
167 60 ( 6076) 
167 60 ( 6076) 
167 60 ( 6076) 
167 60 ( 6076) 
167 60 ( 6076) 
88 68 ( 6076) 
88 68 ( 6076) 
167 60 ( 6076) 
177 59 ( 6077) 
177 59 ( 6077) 
98 67 ( 6077) 
98 67 ( 6077) 
98 67 ( 6077) 
98 67 ( 6077) 
177 59 ( 6077) 
177 59 ( 6077) 
177 59 ( 6077) 
177 59 ( 6077) 
69 70 ( 6082) 
69 70 ( 6082) 
69 70 ( 6082) 
79 69 ( 6083) 
79 69 ( 6083) 
158 61 ( 6083) 
79 69 ( 6083) 
158 61 ( 6083) 
79 69 ( 6083) 
79 69 ( 6083) 
79 69 ( 6083) 
79 69 ( 6083) 
79 69 ( 6083) 
79 69 ( 6083) 
79 69 ( 6083) 
79 69 ( 6083) 
79 69 ( 6083) 
79 69 ( 6083) 
158 61 ( 6083) 
158 61 ( 6083) 
79 69 ( 6083) 
79 69 ( 6083) 
79 69 ( 6083) 
79 69 ( 6083) 
158 61 ( 6083) 
79 69 ( 6083) 
79 69 ( 6083) 
79 69 ( 6083) 
79 69 ( 6083) 
79 69 ( 6083) 
158 61 ( 6083) 
79 69 ( 6083) 
79 69 ( 6083) 
158 61 ( 6083) 
158 61 ( 6083) 
158 61 ( 6083) 
79 69 ( 6083) 
79 69 ( 6083) 
79 69 ( 6083) 
79 69 ( 6083) 
79 69 ( 6083) 
79 69 ( 6083) 
158 61 ( 6083) 
158 61 ( 6083) 
158 61 ( 6083) 
79 69 ( 6083) 
79 69 ( 6083) 
168 60 ( 6084) 
89 68 ( 6084) 
89 68 ( 6084) 
89 68 ( 6084) 
89 68 ( 6084) 
168 60 ( 6084) 
168 60 ( 6084) 
168 60 ( 6084) 
168 60 ( 6084) 
168 60 ( 6084) 
168 60 ( 6084) 
168 60 ( 6084) 
168 60 ( 6084) 
89 68 ( 6084) 
168 60 ( 6084) 
89 68 ( 6084) 
89 68 ( 6084) 
89 68 ( 6084) 
168 60 ( 6084) 
89 68 ( 6084) 
168 60 ( 6084) 
168 60 ( 6084) 
89 68 ( 6084) 
168 60 ( 6084) 
168 60 ( 6084) 
89 68 ( 6084) 
168 60 ( 6084) 
89 68 ( 6084) 
89 68 ( 6084) 
89 68 ( 6084) 
168 60 ( 6084) 
89 68 ( 6084) 
89 68 ( 6084) 
89 68 ( 6084) 
168 60 ( 6084) 
168 60 ( 6084) 
168 60 ( 6084) 
168 60 ( 6084) 
168 60 ( 6084) 
89 68 ( 6084) 
168 60 ( 6084) 
168 60 ( 6084) 
168 60 ( 6084) 
168 60 ( 6084) 
168 60 ( 6084) 
89 68 ( 6084) 
89 68 ( 6084) 
168 60 ( 6084) 
168 60 ( 6084) 
89 68 ( 6084) 
168 60 ( 6084) 
89 68 ( 6084) 
168 60 ( 6084) 
89 68 ( 6084) 
89 68 ( 6084) 
89 68 ( 6084) 
168 60 ( 6084) 
168 60 ( 6084) 
89 68 ( 6084) 
168 60 ( 6084) 
89 68 ( 6084) 
168 60 ( 6084) 
89 68 ( 6084) 
168 60 ( 6084) 
89 68 ( 6084) 
178 59 ( 6085) 
178 59 ( 6085) 
99 67 ( 6085) 
178 59 ( 6085) 
178 59 ( 6085) 
70 70 ( 6090) 
70 70 ( 6090) 
80 69 ( 6091) 
80 69 ( 6091) 
80 69 ( 6091) 
80 69 ( 6091) 
159 61 ( 6091) 
80 69 ( 6091) 
80 69 ( 6091) 
159 61 ( 6091) 
159 61 ( 6091) 
80 69 ( 6091) 
80 69 ( 6091) 
80 69 ( 6091) 
80 69 ( 6091) 
80 69 ( 6091) 
80 69 ( 6091) 
80 69 ( 6091) 
159 61 ( 6091) 
80 69 ( 6091) 
80 69 ( 6091) 
159 61 ( 6091) 
80 69 ( 6091) 
80 69 ( 6091) 
80 69 ( 6091) 
80 69 ( 6091) 
159 61 ( 6091) 
159 61 ( 6091) 
159 61 ( 6091) 
159 61 ( 6091) 
80 69 ( 6091) 
80 69 ( 6091) 
80 69 ( 6091) 
80 69 ( 6091) 
80 69 ( 6091) 
159 61 ( 6091) 
80 69 ( 6091) 
159 61 ( 6091) 
80 69 ( 6091) 
80 69 ( 6091) 
159 61 ( 6091) 
80 69 ( 6091) 
80 69 ( 6091) 
80 69 ( 6091) 
80 69 ( 6091) 
80 69 ( 6091) 
159 61 ( 6091) 
80 69 ( 6091) 
80 69 ( 6091) 
80 69 ( 6091) 
159 61 ( 6091) 
159 61 ( 6091) 
80 69 ( 6091) 
159 61 ( 6091) 
169 60 ( 6092) 
90 68 ( 6092) 
169 60 ( 6092) 
90 68 ( 6092) 
90 68 ( 6092) 
90 68 ( 6092) 
90 68 ( 6092) 
169 60 ( 6092) 
169 60 ( 6092) 
169 60 ( 6092) 
90 68 ( 6092) 
90 68 ( 6092) 
169 60 ( 6092) 
169 60 ( 6092) 
90 68 ( 6092) 
169 60 ( 6092) 
90 68 ( 6092) 
169 60 ( 6092) 
90 68 ( 6092) 
169 60 ( 6092) 
90 68 ( 6092) 
169 60 ( 6092) 
90 68 ( 6092) 
169 60 ( 6092) 
90 68 ( 6092) 
169 60 ( 6092) 
169 60 ( 6092) 
169 60 ( 6092) 
90 68 ( 6092) 
90 68 ( 6092) 
90 68 ( 6092) 
90 68 ( 6092) 
90 68 ( 6092) 
169 60 ( 6092) 
90 68 ( 6092) 
169 60 ( 6092) 
169 60 ( 6092) 
169 60 ( 6092) 
169 60 ( 6092) 
169 60 ( 6092) 
90 68 ( 6092) 
90 68 ( 6092) 
90 68 ( 6092) 
169 60 ( 6092) 
169 60 ( 6092) 
90 68 ( 6092) 
169 60 ( 6092) 
90 68 ( 6092) 
169 60 ( 6092) 
169 60 ( 6092) 
169 60 ( 6092) 
90 68 ( 6092) 
90 68 ( 6092) 
169 60 ( 6092) 
90 68 ( 6092) 
179 59 ( 6093) 
179 59 ( 6093) 
100 67 ( 6093) 
179 59 ( 6093) 
71 70 ( 6098) 
71 70 ( 6098) 
71 70 ( 6098) 
71 70 ( 6098) 
71 70 ( 6098) 
71 70 ( 6098) 
71 70 ( 6098) 
81 69 ( 6099) 
81 69 ( 6099) 
81 69 ( 6099) 
81 69 ( 6099) 
81 69 ( 6099) 
160 61 ( 6099) 
160 61 ( 6099) 
81 69 ( 6099) 
160 61 ( 6099) 
81 69 ( 6099) 
81 69 ( 6099) 
81 69 ( 6099) 
81 69 ( 6099) 
81 69 ( 6099) 
81 69 ( 6099) 
81 69 ( 6099) 
81 69 ( 6099) 
160 61 ( 6099) 
160 61 ( 6099) 
81 69 ( 6099) 
160 61 ( 6099) 
81 69 ( 6099) 
160 61 ( 6099) 
81 69 ( 6099) 
81 69 ( 6099) 
81 69 ( 6099) 
81 69 ( 6099) 
81 69 ( 6099) 
81 69 ( 6099) 
81 69 ( 6099) 
160 61 ( 6099) 
81 69 ( 6099) 
81 69 ( 6099) 
81 69 ( 6099) 
81 69 ( 6099) 
160 61 ( 6099) 
81 69 ( 6099) 
81 69 ( 6099) 
160 61 ( 6099) 
81 69 ( 6099) 
160 61 ( 6099) 
81 69 ( 6099) 
81 69 ( 6099) 
81 69 ( 6099) 
81 69 ( 6099) 
81 69 ( 6099) 
160 61 ( 6099) 
81 69 ( 6099) 
160 61 ( 6099) 
160 61 ( 6099) 
81 69 ( 6099) 
81 69 ( 6099) 
81 69 ( 6099) 
81 69 ( 6099) 
160 61 ( 6099) 
160 61 ( 6099) 
81 69 ( 6099) 
81 69 ( 6099) 
81 69 ( 6099) 
81 69 ( 6099) 
81 69 ( 6099) 
81 69 ( 6099) 
81 69 ( 6099) 
81 69 ( 6099) 
81 69 ( 6099) 
160 61 ( 6099) 
81 69 ( 6099) 
91 68 ( 6100) 
91 68 ( 6100) 
170 60 ( 6100) 
91 68 ( 6100) 
170 60 ( 6100) 
91 68 ( 6100) 
170 60 ( 6100) 
91 68 ( 6100) 
91 68 ( 6100) 
170 60 ( 6100) 
91 68 ( 6100) 
170 60 ( 6100) 
91 68 ( 6100) 
91 68 ( 6100) 
170 60 ( 6100) 
170 60 ( 6100) 
91 68 ( 6100) 
91 68 ( 6100) 
170 60 ( 6100) 
91 68 ( 6100) 
170 60 ( 6100) 
170 60 ( 6100) 
170 60 ( 6100) 
170 60 ( 6100) 
91 68 ( 6100) 
170 60 ( 6100) 
170 60 ( 6100) 
170 60 ( 6100) 
170 60 ( 6100) 
170 60 ( 6100) 
91 68 ( 6100) 
91 68 ( 6100) 
91 68 ( 6100) 
91 68 ( 6100) 
91 68 ( 6100) 
91 68 ( 6100) 
170 60 ( 6100) 
91 68 ( 6100) 
170 60 ( 6100) 
170 60 ( 6100) 
170 60 ( 6100) 
91 68 ( 6100) 
170 60 ( 6100) 
91 68 ( 6100) 
180 59 ( 6101) 
101 67 ( 6101) 
180 59 ( 6101) 
72 70 ( 6106) 
72 70 ( 6106) 
72 70 ( 6106) 
151 62 ( 6106)  dentro de T maisDistante = 151 63

72 70 ( 6106) 
72 70 ( 6106) 
72 70 ( 6106) 
72 70 ( 6106) 
72 70 ( 6106) 
72 70 ( 6106) 
151 62 ( 6106) 
72 70 ( 6106) 
72 70 ( 6106) 
72 70 ( 6106) 
72 70 ( 6106) 
72 70 ( 6106) 
161 61 ( 6107) 
82 69 ( 6107) 
161 61 ( 6107) 
161 61 ( 6107) 
161 61 ( 6107) 
161 61 ( 6107) 
82 69 ( 6107) 
82 69 ( 6107) 
82 69 ( 6107) 
161 61 ( 6107) 
82 69 ( 6107) 
161 61 ( 6107) 
82 69 ( 6107) 
82 69 ( 6107) 
82 69 ( 6107) 
161 61 ( 6107) 
82 69 ( 6107) 
82 69 ( 6107) 
82 69 ( 6107) 
161 61 ( 6107) 
161 61 ( 6107) 
161 61 ( 6107) 
161 61 ( 6107) 
161 61 ( 6107) 
82 69 ( 6107) 
82 69 ( 6107) 
161 61 ( 6107) 
82 69 ( 6107) 
82 69 ( 6107) 
82 69 ( 6107) 
161 61 ( 6107) 
82 69 ( 6107) 
82 69 ( 6107) 
82 69 ( 6107) 
82 69 ( 6107) 
161 61 ( 6107) 
82 69 ( 6107) 
82 69 ( 6107) 
82 69 ( 6107) 
82 69 ( 6107) 
82 69 ( 6107) 
82 69 ( 6107) 
82 69 ( 6107) 
82 69 ( 6107) 
161 61 ( 6107) 
82 69 ( 6107) 
82 69 ( 6107) 
161 61 ( 6107) 
82 69 ( 6107) 
82 69 ( 6107) 
161 61 ( 6107) 
82 69 ( 6107) 
82 69 ( 6107) 
82 69 ( 6107) 
161 61 ( 6107) 
82 69 ( 6107) 
82 69 ( 6107) 
161 61 ( 6107) 
82 69 ( 6107) 
82 69 ( 6107) 
161 61 ( 6107) 
82 69 ( 6107) 
161 61 ( 6107) 
161 61 ( 6107) 
82 69 ( 6107) 
82 69 ( 6107) 
161 61 ( 6107) 
161 61 ( 6107) 
161 61 ( 6107) 
161 61 ( 6107) 
161 61 ( 6107) 
82 69 ( 6107) 
82 69 ( 6107) 
82 69 ( 6107) 
82 69 ( 6107) 
82 69 ( 6107) 
82 69 ( 6107) 
82 69 ( 6107) 
82 69 ( 6107) 
82 69 ( 6107) 
82 69 ( 6107) 
82 69 ( 6107) 
82 69 ( 6107) 
171 60 ( 6108) 
92 68 ( 6108) 
171 60 ( 6108) 
171 60 ( 6108) 
92 68 ( 6108) 
92 68 ( 6108) 
171 60 ( 6108) 
92 68 ( 6108) 
171 60 ( 6108) 
92 68 ( 6108) 
171 60 ( 6108) 
171 60 ( 6108) 
171 60 ( 6108) 
92 68 ( 6108) 
171 60 ( 6108) 
171 60 ( 6108) 
92 68 ( 6108) 
171 60 ( 6108) 
92 68 ( 6108) 
171 60 ( 6108) 
92 68 ( 6108) 
92 68 ( 6108) 
92 68 ( 6108) 
92 68 ( 6108) 
92 68 ( 6108) 
92 68 ( 6108) 
92 68 ( 6108) 
171 60 ( 6108) 
171 60 ( 6108) 
92 68 ( 6108) 
171 60 ( 6108) 
171 60 ( 6108) 
92 68 ( 6108) 
171 60 ( 6108) 
171 60 ( 6108) 
171 60 ( 6108) 
171 60 ( 6108) 
171 60 ( 6108) 
171 60 ( 6108) 
171 60 ( 6108) 
92 68 ( 6108) 
92 68 ( 6108) 
92 68 ( 6108) 
92 68 ( 6108) 
92 68 ( 6108) 
181 59 ( 6109) 
181 59 ( 6109) 
73 70 ( 6114) 
73 70 ( 6114) 
73 70 ( 6114) 
73 70 ( 6114) 
73 70 ( 6114) 
73 70 ( 6114) 
152 62 ( 6114) 
73 70 ( 6114) 
73 70 ( 6114) 
152 62 ( 6114) 
73 70 ( 6114) 
152 62 ( 6114) 
73 70 ( 6114) 
73 70 ( 6114) 
73 70 ( 6114) 
73 70 ( 6114) 
152 62 ( 6114) 
73 70 ( 6114) 
83 69 ( 6115) 
83 69 ( 6115) 
83 69 ( 6115) 
83 69 ( 6115) 
83 69 ( 6115) 
83 69 ( 6115) 
83 69 ( 6115) 
83 69 ( 6115) 
162 61 ( 6115) 
83 69 ( 6115) 
83 69 ( 6115) 
162 61 ( 6115) 
162 61 ( 6115) 
162 61 ( 6115) 
162 61 ( 6115) 
83 69 ( 6115) 
162 61 ( 6115) 
83 69 ( 6115) 
162 61 ( 6115) 
162 61 ( 6115) 
83 69 ( 6115) 
83 69 ( 6115) 
162 61 ( 6115) 
83 69 ( 6115) 
83 69 ( 6115) 
162 61 ( 6115) 
83 69 ( 6115) 
162 61 ( 6115) 
162 61 ( 6115) 
83 69 ( 6115) 
162 61 ( 6115) 
83 69 ( 6115) 
162 61 ( 6115) 
162 61 ( 6115) 
83 69 ( 6115) 
83 69 ( 6115) 
83 69 ( 6115) 
83 69 ( 6115) 
83 69 ( 6115) 
83 69 ( 6115) 
83 69 ( 6115) 
83 69 ( 6115) 
83 69 ( 6115) 
83 69 ( 6115) 
83 69 ( 6115) 
83 69 ( 6115) 
83 69 ( 6115) 
83 69 ( 6115) 
83 69 ( 6115) 
83 69 ( 6115) 
83 69 ( 6115) 
83 69 ( 6115) 
162 61 ( 6115) 
162 61 ( 6115) 
162 61 ( 6115) 
83 69 ( 6115) 
83 69 ( 6115) 
162 61 ( 6115) 
83 69 ( 6115) 
162 61 ( 6115) 
83 69 ( 6115) 
162 61 ( 6115) 
162 61 ( 6115) 
83 69 ( 6115) 
83 69 ( 6115) 
83 69 ( 6115) 
83 69 ( 6115) 
162 61 ( 6115) 
162 61 ( 6115) 
162 61 ( 6115) 
83 69 ( 6115) 
83 69 ( 6115) 
83 69 ( 6115) 
83 69 ( 6115) 
83 69 ( 6115) 
83 69 ( 6115) 
83 69 ( 6115) 
83 69 ( 6115) 
83 69 ( 6115) 
162 61 ( 6115) 
162 61 ( 6115) 
83 69 ( 6115) 
162 61 ( 6115) 
83 69 ( 6115) 
83 69 ( 6115) 
83 69 ( 6115) 
172 60 ( 6116) 
93 68 ( 6116) 
172 60 ( 6116) 
172 60 ( 6116) 
172 60 ( 6116) 
93 68 ( 6116) 
172 60 ( 6116) 
172 60 ( 6116) 
172 60 ( 6116) 
93 68 ( 6116) 
172 60 ( 6116) 
93 68 ( 6116) 
93 68 ( 6116) 
172 60 ( 6116) 
93 68 ( 6116) 
93 68 ( 6116) 
93 68 ( 6116) 
93 68 ( 6116) 
93 68 ( 6116) 
172 60 ( 6116) 
172 60 ( 6116) 
172 60 ( 6116) 
172 60 ( 6116) 
172 60 ( 6116) 
172 60 ( 6116) 
172 60 ( 6116) 
182 59 ( 6117) 
182 59 ( 6117) 
182 59 ( 6117) 
64 71 ( 6121) 
74 70 ( 6122) 
74 70 ( 6122) 
153 62 ( 6122) 
74 70 ( 6122) 
74 70 ( 6122) 
74 70 ( 6122) 
74 70 ( 6122) 
74 70 ( 6122) 
153 62 ( 6122) 
74 70 ( 6122) 
74 70 ( 6122) 
74 70 ( 6122) 
74 70 ( 6122) 
74 70 ( 6122) 
74 70 ( 6122) 
74 70 ( 6122) 
153 62 ( 6122) 
74 70 ( 6122) 
153 62 ( 6122) 
74 70 ( 6122) 
74 70 ( 6122) 
74 70 ( 6122) 
74 70 ( 6122) 
74 70 ( 6122) 
74 70 ( 6122) 
74 70 ( 6122) 
74 70 ( 6122) 
74 70 ( 6122) 
84 69 ( 6123) 
84 69 ( 6123) 
84 69 ( 6123) 
84 69 ( 6123) 
84 69 ( 6123) 
163 61 ( 6123) 
84 69 ( 6123) 
84 69 ( 6123) 
163 61 ( 6123) 
84 69 ( 6123) 
84 69 ( 6123) 
84 69 ( 6123) 
84 69 ( 6123) 
84 69 ( 6123) 
84 69 ( 6123) 
84 69 ( 6123) 
84 69 ( 6123) 
163 61 ( 6123) 
84 69 ( 6123) 
84 69 ( 6123) 
163 61 ( 6123) 
84 69 ( 6123) 
84 69 ( 6123) 
84 69 ( 6123) 
84 69 ( 6123) 
84 69 ( 6123) 
163 61 ( 6123) 
163 61 ( 6123) 
84 69 ( 6123) 
84 69 ( 6123) 
163 61 ( 6123) 
84 69 ( 6123) 
84 69 ( 6123) 
84 69 ( 6123) 
84 69 ( 6123) 
163 61 ( 6123) 
163 61 ( 6123) 
84 69 ( 6123) 
84 69 ( 6123) 
163 61 ( 6123) 
84 69 ( 6123) 
84 69 ( 6123) 
84 69 ( 6123) 
84 69 ( 6123) 
84 69 ( 6123) 
84 69 ( 6123) 
84 69 ( 6123) 
84 69 ( 6123) 
84 69 ( 6123) 
84 69 ( 6123) 
163 61 ( 6123) 
163 61 ( 6123) 
163 61 ( 6123) 
84 69 ( 6123) 
84 69 ( 6123) 
163 61 ( 6123) 
84 69 ( 6123) 
163 61 ( 6123) 
84 69 ( 6123) 
84 69 ( 6123) 
84 69 ( 6123) 
84 69 ( 6123) 
163 61 ( 6123) 
84 69 ( 6123) 
84 69 ( 6123) 
84 69 ( 6123) 
84 69 ( 6123) 
84 69 ( 6123) 
84 69 ( 6123) 
163 61 ( 6123) 
163 61 ( 6123) 
163 61 ( 6123) 
84 69 ( 6123) 
84 69 ( 6123) 
163 61 ( 6123) 
84 69 ( 6123) 
173 60 ( 6124) 
94 68 ( 6124) 
173 60 ( 6124) 
173 60 ( 6124) 
173 60 ( 6124) 
94 68 ( 6124) 
173 60 ( 6124) 
173 60 ( 6124) 
173 60 ( 6124) 
94 68 ( 6124) 
173 60 ( 6124) 
94 68 ( 6124) 
94 68 ( 6124) 
173 60 ( 6124) 
173 60 ( 6124) 
94 68 ( 6124) 
94 68 ( 6124) 
183 59 ( 6125) 
65 71 ( 6129) 
65 71 ( 6129) 
65 71 ( 6129) 
75 70 ( 6130) 
75 70 ( 6130) 
75 70 ( 6130) 
75 70 ( 6130) 
75 70 ( 6130) 
75 70 ( 6130) 
154 62 ( 6130) 
154 62 ( 6130) 
75 70 ( 6130) 
75 70 ( 6130) 
75 70 ( 6130) 
75 70 ( 6130) 
154 62 ( 6130) 
154 62 ( 6130) 
154 62 ( 6130) 
75 70 ( 6130) 
75 70 ( 6130) 
75 70 ( 6130) 
75 70 ( 6130) 
75 70 ( 6130) 
75 70 ( 6130) 
75 70 ( 6130) 
154 62 ( 6130) 
75 70 ( 6130) 
75 70 ( 6130) 
154 62 ( 6130) 
75 70 ( 6130) 
75 70 ( 6130) 
75 70 ( 6130) 
75 70 ( 6130) 
75 70 ( 6130) 
75 70 ( 6130) 
154 62 ( 6130) 
75 70 ( 6130) 
75 70 ( 6130) 
75 70 ( 6130) 
75 70 ( 6130) 
75 70 ( 6130) 
75 70 ( 6130) 
75 70 ( 6130) 
154 62 ( 6130) 
75 70 ( 6130) 
85 69 ( 6131) 
85 69 ( 6131) 
85 69 ( 6131) 
85 69 ( 6131) 
85 69 ( 6131) 
164 61 ( 6131) 
85 69 ( 6131) 
85 69 ( 6131) 
85 69 ( 6131) 
164 61 ( 6131) 
85 69 ( 6131) 
164 61 ( 6131) 
85 69 ( 6131) 
164 61 ( 6131) 
164 61 ( 6131) 
85 69 ( 6131) 
164 61 ( 6131) 
164 61 ( 6131) 
164 61 ( 6131) 
164 61 ( 6131) 
164 61 ( 6131) 
85 69 ( 6131) 
85 69 ( 6131) 
85 69 ( 6131) 
85 69 ( 6131) 
85 69 ( 6131) 
164 61 ( 6131) 
164 61 ( 6131) 
164 61 ( 6131) 
85 69 ( 6131) 
85 69 ( 6131) 
85 69 ( 6131) 
164 61 ( 6131) 
164 61 ( 6131) 
164 61 ( 6131) 
164 61 ( 6131) 
164 61 ( 6131) 
85 69 ( 6131) 
164 61 ( 6131) 
85 69 ( 6131) 
164 61 ( 6131) 
85 69 ( 6131) 
164 61 ( 6131) 
85 69 ( 6131) 
164 61 ( 6131) 
85 69 ( 6131) 
85 69 ( 6131) 
85 69 ( 6131) 
85 69 ( 6131) 
85 69 ( 6131) 
85 69 ( 6131) 
85 69 ( 6131) 
85 69 ( 6131) 
164 61 ( 6131) 
85 69 ( 6131) 
85 69 ( 6131) 
164 61 ( 6131) 
85 69 ( 6131) 
85 69 ( 6131) 
85 69 ( 6131) 
85 69 ( 6131) 
85 69 ( 6131) 
85 69 ( 6131) 
85 69 ( 6131) 
85 69 ( 6131) 
85 69 ( 6131) 
85 69 ( 6131) 
164 61 ( 6131) 
164 61 ( 6131) 
85 69 ( 6131) 
85 69 ( 6131) 
85 69 ( 6131) 
85 69 ( 6131) 
164 61 ( 6131) 
164 61 ( 6131) 
85 69 ( 6131) 
85 69 ( 6131) 
85 69 ( 6131) 
85 69 ( 6131) 
85 69 ( 6131) 
85 69 ( 6131) 
85 69 ( 6131) 
164 61 ( 6131) 
164 61 ( 6131) 
164 61 ( 6131) 
174 60 ( 6132) 
95 68 ( 6132) 
95 68 ( 6132) 
95 68 ( 6132) 
95 68 ( 6132) 
95 68 ( 6132) 
174 60 ( 6132) 
174 60 ( 6132) 
95 68 ( 6132) 
174 60 ( 6132) 
174 60 ( 6132) 
174 60 ( 6132) 
174 60 ( 6132) 
95 68 ( 6132) 
174 60 ( 6132) 
174 60 ( 6132) 
174 60 ( 6132) 
174 60 ( 6132) 
95 68 ( 6132) 
174 60 ( 6132) 
174 60 ( 6132) 
174 60 ( 6132) 
174 60 ( 6132) 
95 68 ( 6132) 
174 60 ( 6132) 
174 60 ( 6132) 
95 68 ( 6132) 
184 59 ( 6133) 
66 71 ( 6137) 
66 71 ( 6137) 
66 71 ( 6137) 
76 70 ( 6138) 
76 70 ( 6138) 
76 70 ( 6138) 
76 70 ( 6138) 
155 62 ( 6138) 
76 70 ( 6138) 
155 62 ( 6138) 
76 70 ( 6138) 
76 70 ( 6138) 
76 70 ( 6138) 
76 70 ( 6138) 
76 70 ( 6138) 
155 62 ( 6138) 
76 70 ( 6138) 
76 70 ( 6138) 
76 70 ( 6138) 
76 70 ( 6138) 
76 70 ( 6138) 
76 70 ( 6138) 
76 70 ( 6138) 
76 70 ( 6138) 
76 70 ( 6138) 
76 70 ( 6138) 
76 70 ( 6138) 
155 62 ( 6138) 
155 62 ( 6138) 
76 70 ( 6138) 
155 62 ( 6138) 
76 70 ( 6138) 
76 70 ( 6138) 
155 62 ( 6138) 
76 70 ( 6138) 
155 62 ( 6138) 
76 70 ( 6138) 
76 70 ( 6138) 
76 70 ( 6138) 
76 70 ( 6138) 
155 62 ( 6138) 
76 70 ( 6138) 
76 70 ( 6138) 
76 70 ( 6138) 
76 70 ( 6138) 
76 70 ( 6138) 
155 62 ( 6138) 
76 70 ( 6138) 
86 69 ( 6139) 
86 69 ( 6139) 
86 69 ( 6139) 
86 69 ( 6139) 
86 69 ( 6139) 
86 69 ( 6139) 
165 61 ( 6139) 
86 69 ( 6139) 
165 61 ( 6139) 
86 69 ( 6139) 
86 69 ( 6139) 
86 69 ( 6139) 
86 69 ( 6139) 
165 61 ( 6139) 
165 61 ( 6139) 
165 61 ( 6139) 
165 61 ( 6139) 
86 69 ( 6139) 
165 61 ( 6139) 
165 61 ( 6139) 
165 61 ( 6139) 
86 69 ( 6139) 
86 69 ( 6139) 
86 69 ( 6139) 
86 69 ( 6139) 
86 69 ( 6139) 
86 69 ( 6139) 
86 69 ( 6139) 
86 69 ( 6139) 
165 61 ( 6139) 
165 61 ( 6139) 
86 69 ( 6139) 
165 61 ( 6139) 
86 69 ( 6139) 
165 61 ( 6139) 
86 69 ( 6139) 
165 61 ( 6139) 
86 69 ( 6139) 
86 69 ( 6139) 
165 61 ( 6139) 
165 61 ( 6139) 
86 69 ( 6139) 
165 61 ( 6139) 
86 69 ( 6139) 
165 61 ( 6139) 
86 69 ( 6139) 
86 69 ( 6139) 
86 69 ( 6139) 
86 69 ( 6139) 
86 69 ( 6139) 
86 69 ( 6139) 
86 69 ( 6139) 
86 69 ( 6139) 
86 69 ( 6139) 
86 69 ( 6139) 
165 61 ( 6139) 
86 69 ( 6139) 
86 69 ( 6139) 
86 69 ( 6139) 
86 69 ( 6139) 
165 61 ( 6139) 
165 61 ( 6139) 
165 61 ( 6139) 
165 61 ( 6139) 
165 61 ( 6139) 
86 69 ( 6139) 
165 61 ( 6139) 
165 61 ( 6139) 
86 69 ( 6139) 
165 61 ( 6139) 
165 61 ( 6139) 
86 69 ( 6139) 
86 69 ( 6139) 
86 69 ( 6139) 
165 61 ( 6139) 
86 69 ( 6139) 
165 61 ( 6139) 
165 61 ( 6139) 
86 69 ( 6139) 
165 61 ( 6139) 
165 61 ( 6139) 
165 61 ( 6139) 
165 61 ( 6139) 
165 61 ( 6139) 
96 68 ( 6140) 
175 60 ( 6140) 
96 68 ( 6140) 
96 68 ( 6140) 
175 60 ( 6140) 
175 60 ( 6140) 
96 68 ( 6140) 
175 60 ( 6140) 
175 60 ( 6140) 
175 60 ( 6140) 
175 60 ( 6140) 
175 60 ( 6140) 
175 60 ( 6140) 
175 60 ( 6140) 
175 60 ( 6140) 
96 68 ( 6140) 
96 68 ( 6140) 
175 60 ( 6140) 
175 60 ( 6140) 
175 60 ( 6140) 
175 60 ( 6140) 
175 60 ( 6140) 
96 68 ( 6140) 
185 59 ( 6141) 
185 59 ( 6141) 
67 71 ( 6145) 
67 71 ( 6145) 
67 71 ( 6145) 
67 71 ( 6145) 
67 71 ( 6145) 
77 70 ( 6146) 
77 70 ( 6146) 
77 70 ( 6146) 
77 70 ( 6146) 
77 70 ( 6146) 
77 70 ( 6146) 
77 70 ( 6146) 
156 62 ( 6146) 
77 70 ( 6146) 
77 70 ( 6146) 
77 70 ( 6146) 
77 70 ( 6146) 
77 70 ( 6146) 
77 70 ( 6146) 
77 70 ( 6146) 
156 62 ( 6146) 
77 70 ( 6146) 
77 70 ( 6146) 
77 70 ( 6146) 
77 70 ( 6146) 
77 70 ( 6146) 
77 70 ( 6146) 
156 62 ( 6146) 
77 70 ( 6146) 
77 70 ( 6146) 
77 70 ( 6146) 
77 70 ( 6146) 
156 62 ( 6146) 
77 70 ( 6146) 
77 70 ( 6146) 
77 70 ( 6146) 
156 62 ( 6146) 
77 70 ( 6146) 
77 70 ( 6146) 
77 70 ( 6146) 
77 70 ( 6146) 
77 70 ( 6146) 
156 62 ( 6146) 
77 70 ( 6146) 
77 70 ( 6146) 
87 69 ( 6147) 
87 69 ( 6147) 
87 69 ( 6147) 
166 61 ( 6147) 
166 61 ( 6147) 
166 61 ( 6147) 
166 61 ( 6147) 
166 61 ( 6147) 
87 69 ( 6147) 
87 69 ( 6147) 
166 61 ( 6147) 
166 61 ( 6147) 
87 69 ( 6147) 
87 69 ( 6147) 
166 61 ( 6147) 
87 69 ( 6147) 
87 69 ( 6147) 
166 61 ( 6147) 
87 69 ( 6147) 
87 69 ( 6147) 
166 61 ( 6147) 
87 69 ( 6147) 
87 69 ( 6147) 
166 61 ( 6147) 
87 69 ( 6147) 
166 61 ( 6147) 
87 69 ( 6147) 
87 69 ( 6147) 
87 69 ( 6147) 
87 69 ( 6147) 
87 69 ( 6147) 
87 69 ( 6147) 
87 69 ( 6147) 
87 69 ( 6147) 
166 61 ( 6147) 
87 69 ( 6147) 
87 69 ( 6147) 
166 61 ( 6147) 
166 61 ( 6147) 
166 61 ( 6147) 
87 69 ( 6147) 
87 69 ( 6147) 
87 69 ( 6147) 
166 61 ( 6147) 
87 69 ( 6147) 
87 69 ( 6147) 
166 61 ( 6147) 
166 61 ( 6147) 
87 69 ( 6147) 
166 61 ( 6147) 
166 61 ( 6147) 
166 61 ( 6147) 
166 61 ( 6147) 
87 69 ( 6147) 
87 69 ( 6147) 
87 69 ( 6147) 
166 61 ( 6147) 
87 69 ( 6147) 
166 61 ( 6147) 
87 69 ( 6147) 
87 69 ( 6147) 
87 69 ( 6147) 
166 61 ( 6147) 
87 69 ( 6147) 
87 69 ( 6147) 
87 69 ( 6147) 
87 69 ( 6147) 
166 61 ( 6147) 
166 61 ( 6147) 
87 69 ( 6147) 
87 69 ( 6147) 
166 61 ( 6147) 
166 61 ( 6147) 
166 61 ( 6147) 
166 61 ( 6147) 
87 69 ( 6147) 
166 61 ( 6147) 
166 61 ( 6147) 
87 69 ( 6147) 
87 69 ( 6147) 
87 69 ( 6147) 
166 61 ( 6147) 
87 69 ( 6147) 
176 60 ( 6148) 
176 60 ( 6148) 
97 68 ( 6148) 
176 60 ( 6148) 
97 68 ( 6148) 
97 68 ( 6148) 
97 68 ( 6148) 
176 60 ( 6148) 
176 60 ( 6148) 
176 60 ( 6148) 
176 60 ( 6148) 
176 60 ( 6148) 
97 68 ( 6148) 
176 60 ( 6148) 
176 60 ( 6148) 
176 60 ( 6148) 
68 71 ( 6153) 
68 71 ( 6153) 
68 71 ( 6153) 
68 71 ( 6153) 
68 71 ( 6153) 
68 71 ( 6153) 
68 71 ( 6153) 
68 71 ( 6153) 
68 71 ( 6153) 
157 62 ( 6154) 
78 70 ( 6154) 
78 70 ( 6154) 
78 70 ( 6154) 
157 62 ( 6154) 
78 70 ( 6154) 
78 70 ( 6154) 
78 70 ( 6154) 
78 70 ( 6154) 
157 62 ( 6154) 
78 70 ( 6154) 
78 70 ( 6154) 
78 70 ( 6154) 
78 70 ( 6154) 
78 70 ( 6154) 
78 70 ( 6154) 
78 70 ( 6154) 
78 70 ( 6154) 
78 70 ( 6154) 
157 62 ( 6154) 
78 70 ( 6154) 
157 62 ( 6154) 
78 70 ( 6154) 
78 70 ( 6154) 
78 70 ( 6154) 
157 62 ( 6154) 
78 70 ( 6154) 
78 70 ( 6154) 
157 62 ( 6154) 
78 70 ( 6154) 
78 70 ( 6154) 
78 70 ( 6154) 
78 70 ( 6154) 
78 70 ( 6154) 
78 70 ( 6154) 
78 70 ( 6154) 
78 70 ( 6154) 
157 62 ( 6154) 
78 70 ( 6154) 
78 70 ( 6154) 
157 62 ( 6154) 
157 62 ( 6154) 
78 70 ( 6154) 
157 62 ( 6154) 
157 62 ( 6154) 
78 70 ( 6154) 
78 70 ( 6154) 
157 62 ( 6154) 
78 70 ( 6154) 
78 70 ( 6154) 
78 70 ( 6154) 
88 69 ( 6155) 
88 69 ( 6155) 
88 69 ( 6155) 
88 69 ( 6155) 
167 61 ( 6155) 
88 69 ( 6155) 
88 69 ( 6155) 
88 69 ( 6155) 
88 69 ( 6155) 
167 61 ( 6155) 
167 61 ( 6155) 
167 61 ( 6155) 
88 69 ( 6155) 
88 69 ( 6155) 
88 69 ( 6155) 
167 61 ( 6155) 
167 61 ( 6155) 
88 69 ( 6155) 
167 61 ( 6155) 
167 61 ( 6155) 
88 69 ( 6155) 
88 69 ( 6155) 
167 61 ( 6155) 
167 61 ( 6155) 
167 61 ( 6155) 
88 69 ( 6155) 
88 69 ( 6155) 
167 61 ( 6155) 
167 61 ( 6155) 
88 69 ( 6155) 
88 69 ( 6155) 
88 69 ( 6155) 
88 69 ( 6155) 
88 69 ( 6155) 
88 69 ( 6155) 
167 61 ( 6155) 
88 69 ( 6155) 
88 69 ( 6155) 
88 69 ( 6155) 
167 61 ( 6155) 
88 69 ( 6155) 
88 69 ( 6155) 
167 61 ( 6155) 
167 61 ( 6155) 
167 61 ( 6155) 
88 69 ( 6155) 
167 61 ( 6155) 
88 69 ( 6155) 
167 61 ( 6155) 
167 61 ( 6155) 
167 61 ( 6155) 
167 61 ( 6155) 
167 61 ( 6155) 
167 61 ( 6155) 
88 69 ( 6155) 
88 69 ( 6155) 
167 61 ( 6155) 
167 61 ( 6155) 
167 61 ( 6155) 
167 61 ( 6155) 
167 61 ( 6155) 
167 61 ( 6155) 
167 61 ( 6155) 
88 69 ( 6155) 
167 61 ( 6155) 
167 61 ( 6155) 
88 69 ( 6155) 
167 61 ( 6155) 
88 69 ( 6155) 
167 61 ( 6155) 
167 61 ( 6155) 
88 69 ( 6155) 
88 69 ( 6155) 
167 61 ( 6155) 
167 61 ( 6155) 
88 69 ( 6155) 
167 61 ( 6155) 
88 69 ( 6155) 
88 69 ( 6155) 
88 69 ( 6155) 
88 69 ( 6155) 
88 69 ( 6155) 
167 61 ( 6155) 
167 61 ( 6155) 
88 69 ( 6155) 
88 69 ( 6155) 
88 69 ( 6155) 
167 61 ( 6155) 
167 61 ( 6155) 
88 69 ( 6155) 
88 69 ( 6155) 
88 69 ( 6155) 
88 69 ( 6155) 
167 61 ( 6155) 
167 61 ( 6155) 
98 68 ( 6156) 
98 68 ( 6156) 
98 68 ( 6156) 
177 60 ( 6156) 
98 68 ( 6156) 
177 60 ( 6156) 
177 60 ( 6156) 
98 68 ( 6156) 
177 60 ( 6156) 
177 60 ( 6156) 
177 60 ( 6156) 
98 68 ( 6156) 
98 68 ( 6156) 
177 60 ( 6156) 
69 71 ( 6161) 
69 71 ( 6161) 
69 71 ( 6161) 
69 71 ( 6161) 
69 71 ( 6161) 
69 71 ( 6161) 
69 71 ( 6161) 
79 70 ( 6162) 
158 62 ( 6162) 
79 70 ( 6162) 
79 70 ( 6162) 
79 70 ( 6162) 
158 62 ( 6162) 
158 62 ( 6162) 
79 70 ( 6162) 
79 70 ( 6162) 
79 70 ( 6162) 
79 70 ( 6162) 
79 70 ( 6162) 
79 70 ( 6162) 
158 62 ( 6162) 
79 70 ( 6162) 
158 62 ( 6162) 
79 70 ( 6162) 
79 70 ( 6162) 
79 70 ( 6162) 
158 62 ( 6162) 
158 62 ( 6162) 
79 70 ( 6162) 
158 62 ( 6162) 
79 70 ( 6162) 
79 70 ( 6162) 
79 70 ( 6162) 
79 70 ( 6162) 
158 62 ( 6162) 
158 62 ( 6162) 
79 70 ( 6162) 
79 70 ( 6162) 
158 62 ( 6162) 
79 70 ( 6162) 
158 62 ( 6162) 
79 70 ( 6162) 
79 70 ( 6162) 
158 62 ( 6162) 
79 70 ( 6162) 
79 70 ( 6162) 
79 70 ( 6162) 
79 70 ( 6162) 
79 70 ( 6162) 
158 62 ( 6162) 
79 70 ( 6162) 
79 70 ( 6162) 
79 70 ( 6162) 
79 70 ( 6162) 
79 70 ( 6162) 
79 70 ( 6162) 
79 70 ( 6162) 
79 70 ( 6162) 
79 70 ( 6162) 
79 70 ( 6162) 
79 70 ( 6162) 
79 70 ( 6162) 
79 70 ( 6162) 
79 70 ( 6162) 
158 62 ( 6162) 
79 70 ( 6162) 
79 70 ( 6162) 
158 62 ( 6162) 
79 70 ( 6162) 
158 62 ( 6162) 
79 70 ( 6162) 
79 70 ( 6162) 
158 62 ( 6162) 
158 62 ( 6162) 
79 70 ( 6162) 
158 62 ( 6162) 
89 69 ( 6163) 
168 61 ( 6163) 
168 61 ( 6163) 
168 61 ( 6163) 
89 69 ( 6163) 
168 61 ( 6163) 
168 61 ( 6163) 
89 69 ( 6163) 
89 69 ( 6163) 
168 61 ( 6163) 
168 61 ( 6163) 
89 69 ( 6163) 
168 61 ( 6163) 
89 69 ( 6163) 
168 61 ( 6163) 
89 69 ( 6163) 
89 69 ( 6163) 
168 61 ( 6163) 
89 69 ( 6163) 
89 69 ( 6163) 
89 69 ( 6163) 
89 69 ( 6163) 
89 69 ( 6163) 
168 61 ( 6163) 
168 61 ( 6163) 
168 61 ( 6163) 
168 61 ( 6163) 
168 61 ( 6163) 
89 69 ( 6163) 
89 69 ( 6163) 
168 61 ( 6163) 
89 69 ( 6163) 
89 69 ( 6163) 
168 61 ( 6163) 
168 61 ( 6163) 
168 61 ( 6163) 
168 61 ( 6163) 
168 61 ( 6163) 
89 69 ( 6163) 
168 61 ( 6163) 
168 61 ( 6163) 
168 61 ( 6163) 
89 69 ( 6163) 
89 69 ( 6163) 
168 61 ( 6163) 
89 69 ( 6163) 
89 69 ( 6163) 
168 61 ( 6163) 
168 61 ( 6163) 
89 69 ( 6163) 
168 61 ( 6163) 
168 61 ( 6163) 
168 61 ( 6163) 
89 69 ( 6163) 
89 69 ( 6163) 
89 69 ( 6163) 
168 61 ( 6163) 
89 69 ( 6163) 
89 69 ( 6163) 
168 61 ( 6163) 
89 69 ( 6163) 
168 61 ( 6163) 
89 69 ( 6163) 
89 69 ( 6163) 
89 69 ( 6163) 
89 69 ( 6163) 
89 69 ( 6163) 
168 61 ( 6163) 
89 69 ( 6163) 
89 69 ( 6163) 
89 69 ( 6163) 
168 61 ( 6163) 
168 61 ( 6163) 
89 69 ( 6163) 
89 69 ( 6163) 
89 69 ( 6163) 
168 61 ( 6163) 
168 61 ( 6163) 
168 61 ( 6163) 
168 61 ( 6163) 
89 69 ( 6163) 
168 61 ( 6163) 
168 61 ( 6163) 
168 61 ( 6163) 
168 61 ( 6163) 
89 69 ( 6163) 
89 69 ( 6163) 
168 61 ( 6163) 
89 69 ( 6163) 
168 61 ( 6163) 
89 69 ( 6163) 
89 69 ( 6163) 
168 61 ( 6163) 
89 69 ( 6163) 
168 61 ( 6163) 
178 60 ( 6164) 
99 68 ( 6164) 
178 60 ( 6164) 
99 68 ( 6164) 
178 60 ( 6164) 
178 60 ( 6164) 
178 60 ( 6164) 
178 60 ( 6164) 
99 68 ( 6164) 
178 60 ( 6164) 
178 60 ( 6164) 
70 71 ( 6169) 
70 71 ( 6169) 
70 71 ( 6169) 
70 71 ( 6169) 
70 71 ( 6169) 
70 71 ( 6169) 
70 71 ( 6169) 
80 70 ( 6170) 
80 70 ( 6170) 
80 70 ( 6170) 
80 70 ( 6170) 
80 70 ( 6170) 
159 62 ( 6170) 
80 70 ( 6170) 
159 62 ( 6170) 
80 70 ( 6170) 
159 62 ( 6170) 
80 70 ( 6170) 
80 70 ( 6170) 
80 70 ( 6170) 
80 70 ( 6170) 
80 70 ( 6170) 
80 70 ( 6170) 
80 70 ( 6170) 
80 70 ( 6170) 
80 70 ( 6170) 
80 70 ( 6170) 
80 70 ( 6170) 
80 70 ( 6170) 
159 62 ( 6170) 
159 62 ( 6170) 
80 70 ( 6170) 
80 70 ( 6170) 
80 70 ( 6170) 
159 62 ( 6170) 
80 70 ( 6170) 
80 70 ( 6170) 
80 70 ( 6170) 
159 62 ( 6170) 
80 70 ( 6170) 
80 70 ( 6170) 
80 70 ( 6170) 
80 70 ( 6170) 
80 70 ( 6170) 
80 70 ( 6170) 
80 70 ( 6170) 
159 62 ( 6170) 
80 70 ( 6170) 
159 62 ( 6170) 
80 70 ( 6170) 
159 62 ( 6170) 
159 62 ( 6170) 
80 70 ( 6170) 
80 70 ( 6170) 
80 70 ( 6170) 
159 62 ( 6170) 
159 62 ( 6170) 
80 70 ( 6170) 
80 70 ( 6170) 
80 70 ( 6170) 
80 70 ( 6170) 
80 70 ( 6170) 
80 70 ( 6170) 
80 70 ( 6170) 
80 70 ( 6170) 
159 62 ( 6170) 
159 62 ( 6170) 
80 70 ( 6170) 
80 70 ( 6170) 
80 70 ( 6170) 
159 62 ( 6170) 
80 70 ( 6170) 
80 70 ( 6170) 
80 70 ( 6170) 
80 70 ( 6170) 
80 70 ( 6170) 
80 70 ( 6170) 
80 70 ( 6170) 
80 70 ( 6170) 
80 70 ( 6170) 
159 62 ( 6170) 
80 70 ( 6170) 
80 70 ( 6170) 
80 70 ( 6170) 
80 70 ( 6170) 
80 70 ( 6170) 
80 70 ( 6170) 
80 70 ( 6170) 
159 62 ( 6170) 
80 70 ( 6170) 
80 70 ( 6170) 
90 69 ( 6171) 
90 69 ( 6171) 
169 61 ( 6171) 
90 69 ( 6171) 
169 61 ( 6171) 
90 69 ( 6171) 
169 61 ( 6171) 
90 69 ( 6171) 
90 69 ( 6171) 
169 61 ( 6171) 
90 69 ( 6171) 
169 61 ( 6171) 
90 69 ( 6171) 
90 69 ( 6171) 
169 61 ( 6171) 
90 69 ( 6171) 
90 69 ( 6171) 
90 69 ( 6171) 
169 61 ( 6171) 
90 69 ( 6171) 
169 61 ( 6171) 
90 69 ( 6171) 
90 69 ( 6171) 
90 69 ( 6171) 
90 69 ( 6171) 
169 61 ( 6171) 
90 69 ( 6171) 
169 61 ( 6171) 
169 61 ( 6171) 
169 61 ( 6171) 
90 69 ( 6171) 
90 69 ( 6171) 
169 61 ( 6171) 
169 61 ( 6171) 
90 69 ( 6171) 
169 61 ( 6171) 
90 69 ( 6171) 
169 61 ( 6171) 
169 61 ( 6171) 
169 61 ( 6171) 
169 61 ( 6171) 
169 61 ( 6171) 
90 69 ( 6171) 
169 61 ( 6171) 
169 61 ( 6171) 
169 61 ( 6171) 
169 61 ( 6171) 
169 61 ( 6171) 
169 61 ( 6171) 
169 61 ( 6171) 
169 61 ( 6171) 
169 61 ( 6171) 
169 61 ( 6171) 
169 61 ( 6171) 
169 61 ( 6171) 
169 61 ( 6171) 
169 61 ( 6171) 
90 69 ( 6171) 
169 61 ( 6171) 
169 61 ( 6171) 
90 69 ( 6171) 
169 61 ( 6171) 
169 61 ( 6171) 
90 69 ( 6171) 
90 69 ( 6171) 
90 69 ( 6171) 
169 61 ( 6171) 
90 69 ( 6171) 
90 69 ( 6171) 
90 69 ( 6171) 
90 69 ( 6171) 
169 61 ( 6171) 
90 69 ( 6171) 
90 69 ( 6171) 
169 61 ( 6171) 
90 69 ( 6171) 
90 69 ( 6171) 
90 69 ( 6171) 
90 69 ( 6171) 
90 69 ( 6171) 
169 61 ( 6171) 
90 69 ( 6171) 
90 69 ( 6171) 
169 61 ( 6171) 
169 61 ( 6171) 
90 69 ( 6171) 
90 69 ( 6171) 
169 61 ( 6171) 
169 61 ( 6171) 
169 61 ( 6171) 
169 61 ( 6171) 
169 61 ( 6171) 
169 61 ( 6171) 
169 61 ( 6171) 
90 69 ( 6171) 
169 61 ( 6171) 
90 69 ( 6171) 
169 61 ( 6171) 
179 60 ( 6172) 
179 60 ( 6172) 
100 68 ( 6172) 
100 68 ( 6172) 
179 60 ( 6172) 
150 63 ( 6177) 
71 71 ( 6177) 
71 71 ( 6177) 
71 71 ( 6177) 
71 71 ( 6177) 
71 71 ( 6177) 
71 71 ( 6177) 
71 71 ( 6177) 
71 71 ( 6177) 
71 71 ( 6177) 
71 71 ( 6177) 
71 71 ( 6177) 
71 71 ( 6177) 
71 71 ( 6177) 
81 70 ( 6178) 
160 62 ( 6178) 
81 70 ( 6178) 
81 70 ( 6178) 
160 62 ( 6178) 
160 62 ( 6178) 
81 70 ( 6178) 
160 62 ( 6178) 
81 70 ( 6178) 
160 62 ( 6178) 
160 62 ( 6178) 
160 62 ( 6178) 
81 70 ( 6178) 
160 62 ( 6178) 
160 62 ( 6178) 
81 70 ( 6178) 
160 62 ( 6178) 
81 70 ( 6178) 
81 70 ( 6178) 
81 70 ( 6178) 
81 70 ( 6178) 
81 70 ( 6178) 
81 70 ( 6178) 
160 62 ( 6178) 
81 70 ( 6178) 
81 70 ( 6178) 
81 70 ( 6178) 
160 62 ( 6178) 
81 70 ( 6178) 
81 70 ( 6178) 
81 70 ( 6178) 
81 70 ( 6178) 
81 70 ( 6178) 
160 62 ( 6178) 
81 70 ( 6178) 
81 70 ( 6178) 
81 70 ( 6178) 
81 70 ( 6178) 
160 62 ( 6178) 
81 70 ( 6178) 
160 62 ( 6178) 
81 70 ( 6178) 
81 70 ( 6178) 
81 70 ( 6178) 
81 70 ( 6178) 
81 70 ( 6178) 
81 70 ( 6178) 
81 70 ( 6178) 
81 70 ( 6178) 
81 70 ( 6178) 
160 62 ( 6178) 
81 70 ( 6178) 
81 70 ( 6178) 
81 70 ( 6178) 
81 70 ( 6178) 
81 70 ( 6178) 
81 70 ( 6178) 
81 70 ( 6178) 
81 70 ( 6178) 
81 70 ( 6178) 
160 62 ( 6178) 
81 70 ( 6178) 
81 70 ( 6178) 
81 70 ( 6178) 
81 70 ( 6178) 
160 62 ( 6178) 
81 70 ( 6178) 
81 70 ( 6178) 
81 70 ( 6178) 
81 70 ( 6178) 
81 70 ( 6178) 
81 70 ( 6178) 
160 62 ( 6178) 
81 70 ( 6178) 
81 70 ( 6178) 
81 70 ( 6178) 
81 70 ( 6178) 
81 70 ( 6178) 
160 62 ( 6178) 
81 70 ( 6178) 
81 70 ( 6178) 
81 70 ( 6178) 
81 70 ( 6178) 
81 70 ( 6178) 
81 70 ( 6178) 
160 62 ( 6178) 
81 70 ( 6178) 
81 70 ( 6178) 
160 62 ( 6178) 
160 62 ( 6178) 
81 70 ( 6178) 
91 69 ( 6179) 
170 61 ( 6179) 
170 61 ( 6179) 
170 61 ( 6179) 
91 69 ( 6179) 
170 61 ( 6179) 
170 61 ( 6179) 
91 69 ( 6179) 
170 61 ( 6179) 
170 61 ( 6179) 
170 61 ( 6179) 
170 61 ( 6179) 
170 61 ( 6179) 
170 61 ( 6179) 
170 61 ( 6179) 
91 69 ( 6179) 
91 69 ( 6179) 
170 61 ( 6179) 
170 61 ( 6179) 
91 69 ( 6179) 
91 69 ( 6179) 
170 61 ( 6179) 
91 69 ( 6179) 
91 69 ( 6179) 
170 61 ( 6179) 
170 61 ( 6179) 
170 61 ( 6179) 
91 69 ( 6179) 
91 69 ( 6179) 
91 69 ( 6179) 
91 69 ( 6179) 
170 61 ( 6179) 
91 69 ( 6179) 
91 69 ( 6179) 
170 61 ( 6179) 
91 69 ( 6179) 
170 61 ( 6179) 
91 69 ( 6179) 
91 69 ( 6179) 
91 69 ( 6179) 
91 69 ( 6179) 
91 69 ( 6179) 
91 69 ( 6179) 
91 69 ( 6179) 
170 61 ( 6179) 
170 61 ( 6179) 
91 69 ( 6179) 
170 61 ( 6179) 
170 61 ( 6179) 
91 69 ( 6179) 
91 69 ( 6179) 
170 61 ( 6179) 
91 69 ( 6179) 
170 61 ( 6179) 
170 61 ( 6179) 
170 61 ( 6179) 
170 61 ( 6179) 
91 69 ( 6179) 
170 61 ( 6179) 
91 69 ( 6179) 
91 69 ( 6179) 
170 61 ( 6179) 
170 61 ( 6179) 
170 61 ( 6179) 
91 69 ( 6179) 
91 69 ( 6179) 
170 61 ( 6179) 
170 61 ( 6179) 
91 69 ( 6179) 
170 61 ( 6179) 
91 69 ( 6179) 
170 61 ( 6179) 
170 61 ( 6179) 
91 69 ( 6179) 
91 69 ( 6179) 
91 69 ( 6179) 
91 69 ( 6179) 
170 61 ( 6179) 
170 61 ( 6179) 
91 69 ( 6179) 
91 69 ( 6179) 
91 69 ( 6179) 
91 69 ( 6179) 
170 61 ( 6179) 
170 61 ( 6179) 
170 61 ( 6179) 
91 69 ( 6179) 
91 69 ( 6179) 
170 61 ( 6179) 
91 69 ( 6179) 
170 61 ( 6179) 
170 61 ( 6179) 
170 61 ( 6179) 
180 60 ( 6180) 
180 60 ( 6180) 
72 71 ( 6185)  terminou de analisar T
Fim da segunda fase ... 
3
0.03
Total: 0.03
Suportadas = 10
Nao suportadas = 16
TOTAL DE SOLUCOES = 26

SUPORTADAS: 

Arvore 1
0 2 0 94
0 1 6 6
5 8 6 6
4 9 6 7
0 9 6 10
0 5 6 14
1 7 6 15
3 4 7 8
6 8 7 14
(50 174)

Arvore 2
0 1 6 6
5 8 6 6
4 9 6 7
0 9 6 10
0 5 6 14
1 7 6 15
2 8 7 8
3 4 7 8
6 8 7 14
(57 88)

Arvore 3
0 1 6 6
5 8 6 6
4 9 6 7
0 9 6 10
2 8 7 8
3 4 7 8
0 5 6 14
1 7 6 15
3 6 8 10
(58 84)

Arvore 4
0 1 6 6
5 8 6 6
4 9 6 7
0 9 6 10
2 8 7 8
3 4 7 8
3 5 8 7
1 7 6 15
3 6 8 10
(60 77)

Arvore 5
0 1 6 6
5 8 6 6
4 9 6 7
2 8 7 8
3 4 7 8
3 5 8 7
0 9 6 10
3 6 8 10
7 9 10 8
(64 70)

Arvore 6
0 1 6 6
5 8 6 6
4 9 6 7
3 8 9 6
2 8 7 8
3 4 7 8
0 9 6 10
7 9 10 8
3 6 8 10
(65 69)

Arvore 7
0 1 6 6
5 8 6 6
4 9 6 7
3 8 9 6
2 8 7 8
3 4 7 8
7 9 10 8
0 9 6 10
6 9 14 7
(71 66)

Arvore 8
0 1 6 6
5 8 6 6
3 8 9 6
4 9 6 7
2 8 7 8
3 4 7 8
6 9 14 7
7 9 10 8
1 9 15 8
(80 64)

Arvore 9
0 1 6 6
5 8 6 6
3 8 9 6
4 9 6 7
3 9 14 7
6 9 14 7
2 8 7 8
7 9 10 8
1 9 15 8
(87 63)

Arvore 10
1 2 94 0
0 1 6 6
5 8 6 6
3 8 9 6
4 9 6 7
3 9 14 7
6 9 14 7
2 8 7 8
7 9 10 8
(166 55)


NAO SUPORTADAS: 
Arvore 11
0 1 6 6
5 8 6 6
4 9 6 7
0 9 6 10
1 7 6 15
2 8 7 8
3 4 7 8
0 2 0 94
6 8 7 14
(51 168)

Arvore 12
0 1 6 6
5 8 6 6
4 9 6 7
0 9 6 10
1 7 6 15
2 8 7 8
3 4 7 8
0 2 0 94
3 6 8 10
(52 164)

Arvore 13
0 1 6 6
5 8 6 6
4 9 6 7
0 9 6 10
1 7 6 15
3 4 7 8
0 2 0 94
3 5 8 7
3 6 8 10
(53 163)

Arvore 14
0 1 6 6
5 8 6 6
4 9 6 7
1 7 6 15
2 8 7 8
3 4 7 8
0 2 0 94
3 5 8 7
3 6 8 10
(54 161)

Arvore 15
0 1 6 6
5 8 6 6
4 9 6 7
1 7 6 15
2 8 7 8
3 4 7 8
0 2 0 94
3 6 8 10
3 8 9 6
(55 160)

Arvore 16
0 1 6 6
5 8 6 6
4 9 6 7
0 9 6 10
2 8 7 8
3 4 7 8
0 2 0 94
3 6 8 10
7 9 10 8
(56 157)

Arvore 17
0 1 6 6
5 8 6 6
4 9 6 7
0 9 6 10
2 8 7 8
3 4 7 8
3 5 8 7
1 7 6 15
6 8 7 14
(59 81)

Arvore 18
0 1 6 6
5 8 6 6
4 9 6 7
2 8 7 8
3 4 7 8
0 9 6 10
3 8 9 6
3 6 8 10
1 7 6 15
(61 76)

Arvore 19
0 1 6 6
5 8 6 6
4 9 6 7
2 8 7 8
3 4 7 8
0 9 6 10
3 5 8 7
7 9 10 8
6 8 7 14
(63 74)

Arvore 20
0 1 6 6
5 8 6 6
4 9 6 7
3 5 8 7
2 8 7 8
3 4 7 8
0 9 6 10
7 9 10 8
6 9 14 7
(70 67)

Arvore 21
0 1 6 6
5 8 6 6
3 8 9 6
4 9 6 7
2 8 7 8
3 9 14 7
6 9 14 7
7 9 10 8
0 9 6 10
(78 65)

Arvore 22
0 1 6 6
5 8 6 6
3 8 9 6
4 9 6 7
6 9 14 7
2 8 7 8
3 4 7 8
7 9 10 8
1 2 94 0
(159 56)

Arvore 23
0 1 6 6
5 8 6 6
4 9 6 7
3 5 8 7
6 9 14 7
2 8 7 8
3 4 7 8
7 9 10 8
1 2 94 0
(158 57)

Arvore 24
0 1 6 6
5 8 6 6
3 8 9 6
4 9 6 7
2 8 7 8
3 4 7 8
7 9 10 8
1 2 94 0
3 6 8 10
(153 59)

Arvore 25
0 1 6 6
5 8 6 6
4 9 6 7
3 5 8 7
2 8 7 8
3 4 7 8
7 9 10 8
1 2 94 0
3 6 8 10
(152 60)

Arvore 26
0 1 6 6
5 8 6 6
4 9 6 7
3 5 8 7
2 8 7 8
7 9 10 8
1 2 94 0
0 9 6 10
3 6 8 10
(151 62)

