Fim da primeira fase ... 
0
contador = 14
it = 0
99 450 ( 2790) 
95 460 ( 2790) 
105 446 ( 2834)  terminou de analisar T
it = 1
99 450 ( 5787) 
109 437 ( 5787) 
107 442 ( 5811)  dentro de T maisDistante = 107 450

105 446 ( 5825)  dentro de T maisDistante = 105 450

95 460 ( 5835) 
105 447 ( 5835) 
119 429 ( 5837) 
124 423 ( 5842) 
134 410 ( 5842) 
105 449 ( 5855) 
115 436 ( 5855) 
119 431 ( 5857) 
129 418 ( 5857) 
103 452 ( 5859) 
117 434 ( 5861) 
132 415 ( 5866)  terminou de analisar T
it = 2
109 437 ( 13868) 
134 410 ( 13868) 
99 450 ( 13923) 
124 423 ( 13923)  dentro de T maisDistante = 124 437

129 418 ( 13933)  dentro de T maisDistante = 124 437

119 429 ( 13938)  dentro de T maisDistante = 119 437

144 402 ( 13938) 
132 415 ( 13939)  dentro de T maisDistante = 119 437

107 442 ( 13939) 
137 410 ( 13949) 
147 400 ( 13969) 
130 419 ( 13985) 
105 446 ( 13985) 
144 404 ( 13988) 
119 431 ( 13988) 
149 399 ( 13998) 
139 410 ( 14003) 
164 383 ( 14003) 
115 436 ( 14005)  dentro de T maisDistante = 119 436

117 434 ( 14009)  dentro de T maisDistante = 124 429

142 407 ( 14009) 
105 447 ( 14010) 
130 420 ( 14010) 
133 417 ( 14016) 
147 402 ( 14019) 
137 413 ( 14024) 
167 381 ( 14034) 
157 392 ( 14039) 
145 405 ( 14040) 
150 400 ( 14050) 
125 427 ( 14050) 
163 386 ( 14051) 
188 359 ( 14051) 
115 438 ( 14055) 
140 411 ( 14055) 
155 395 ( 14060) 
105 449 ( 14060) 
95 460 ( 14065) 
145 406 ( 14065) 
170 379 ( 14065) 
120 433 ( 14065) 
133 419 ( 14066) 
121 432 ( 14067) 
146 405 ( 14067) 
123 430 ( 14071) 
162 388 ( 14074)  terminou de analisar T
it = 3
134 410 ( 28974) 
188 359 ( 28974) 
164 383 ( 29046)  dentro de T maisDistante = 164 410

144 402 ( 29052)  dentro de T maisDistante = 188 383

187 362 ( 29085)  dentro de T maisDistante = 187 383

241 311 ( 29085) 
167 381 ( 29091)  dentro de T maisDistante = 187 381

221 330 ( 29091)  fora de T e dentro de T' mais_distante = 221 359
OK

147 400 ( 29097)  dentro de T maisDistante = 187 381

201 349 ( 29097)  fora de T e dentro de T' mais_distante = 221 349
OK

137 410 ( 29127) 
191 359 ( 29127) 
170 379 ( 29136)  dentro de T maisDistante = 187 379

132 415 ( 29142) 
186 364 ( 29142)  dentro de T maisDistante = 164 400

203 348 ( 29145)  fora de T e dentro de T' mais_distante = 241 330
OK

149 399 ( 29145)  dentro de T maisDistante = 186 379

183 367 ( 29151)  dentro de T maisDistante = 164 399

129 418 ( 29151) 
163 386 ( 29157)  dentro de T maisDistante = 163 399

109 437 ( 29157) 
144 404 ( 29160) 
198 353 ( 29160)  fora de T e dentro de T' mais_distante = 241 330
OK

124 423 ( 29166) 
178 372 ( 29166)  dentro de T maisDistante = 163 399

177 373 ( 29169)  dentro de T maisDistante = 163 399

193 358 ( 29175)  fora de T e dentro de T' mais_distante = 241 330
OK

247 307 ( 29175) 
157 392 ( 29175)  dentro de T maisDistante = 157 399

167 383 ( 29199) 
147 402 ( 29205) 
162 388 ( 29214)  dentro de T maisDistante = 157 399

142 407 ( 29220)  dentro de T maisDistante = 157 399

195 357 ( 29223)  fora de T e dentro de T' mais_distante = 241 330
OK

194 358 ( 29226) 
139 410 ( 29229) 
155 395 ( 29235)  dentro de T maisDistante = 177 379

209 344 ( 29235)  fora de T e dentro de T' mais_distante = 241 330
OK

119 429 ( 29235) 
190 362 ( 29238) 
244 311 ( 29238) 
170 381 ( 29244) 
224 330 ( 29244) 
150 400 ( 29250) 
204 349 ( 29250) 
185 367 ( 29253) 
239 316 ( 29253)  fora de T e dentro de T' mais_distante = 239 330
OK

184 368 ( 29256) 
130 419 ( 29256) 
183 369 ( 29259) 
165 386 ( 29259) 
219 335 ( 29259)  fora de T e dentro de T' mais_distante = 239 330
OK

271 286 ( 29265) 
145 405 ( 29265) 
199 354 ( 29265) 
217 337 ( 29265)  fora de T e dentro de T' mais_distante = 239 330
OK

161 390 ( 29271)  dentro de T maisDistante = 177 379

215 339 ( 29271)  fora de T e dentro de T' mais_distante = 239 330
OK

211 343 ( 29283)  fora de T e dentro de T' mais_distante = 239 330
OK

157 394 ( 29283) 
173 379 ( 29289) 
173 379 ( 29289) 
227 328 ( 29289)  fora de T e dentro de T' mais_distante = 239 328
OK

191 362 ( 29289) 
137 413 ( 29289) 
171 381 ( 29295) 
153 398 ( 29295)  dentro de T maisDistante = 177 379

207 347 ( 29295)  fora de T e dentro de T' mais_distante = 239 328
OK

205 349 ( 29301) 
133 417 ( 29301) 
187 366 ( 29301) 
168 384 ( 29304) 
130 420 ( 29310) 
146 405 ( 29316) 
145 406 ( 29319) 
180 373 ( 29322) 
180 373 ( 29322) 
107 442 ( 29325) 
179 374 ( 29325) 
233 323 ( 29325)  fora de T e dentro de T' mais_distante = 239 323
OK

161 391 ( 29325) 
160 392 ( 29328) 
160 392 ( 29328) 
160 392 ( 29328) 
196 358 ( 29328) 
250 307 ( 29328) 
248 309 ( 29334) 
140 411 ( 29334) 
175 378 ( 29337)  dentro de T maisDistante = 177 378

228 328 ( 29340) 
191 363 ( 29343) 
191 363 ( 29343) 
173 380 ( 29343) 
119 431 ( 29343) 
245 312 ( 29343) 
155 397 ( 29343) 
208 347 ( 29346) 
207 348 ( 29349) 
153 399 ( 29349) 
207 348 ( 29349) 
171 382 ( 29349) 
153 399 ( 29349) 
99 450 ( 29349) 
223 333 ( 29355) 
169 384 ( 29355) 
203 352 ( 29361) 
257 301 ( 29361) 
237 320 ( 29367)  fora de T e dentro de T' mais_distante = 233 328
OK

183 371 ( 29367) 
237 320 ( 29367) 
183 371 ( 29367) 
217 339 ( 29373) 
181 373 ( 29373) 
163 390 ( 29373) 
163 390 ( 29373) 
198 357 ( 29376) 
197 358 ( 29379) 
143 409 ( 29379) 
197 358 ( 29379) 
143 409 ( 29379) 
214 342 ( 29382)  fora de T e dentro de T' mais_distante = 233 328
OK

268 291 ( 29382) 
159 394 ( 29385) 
231 326 ( 29385)  fora de T e dentro de T' mais_distante = 237 323
OK

213 343 ( 29385) 
194 361 ( 29388) 
248 310 ( 29388) 
193 362 ( 29391) 
210 346 ( 29394) 
174 380 ( 29394) 
228 329 ( 29394) 
192 363 ( 29394) 
137 415 ( 29397) 
190 365 ( 29400) 
207 349 ( 29403) 
117 434 ( 29403) 
153 400 ( 29403) 
170 384 ( 29406) 
169 385 ( 29409) 
205 351 ( 29409) 
187 368 ( 29409) 
133 419 ( 29409) 
169 385 ( 29409) 
115 436 ( 29409) 
186 369 ( 29412) 
258 301 ( 29412) 
204 352 ( 29412) 
204 352 ( 29412) 
185 370 ( 29415) 
184 371 ( 29418) 
184 371 ( 29418) 
274 286 ( 29418) 
166 388 ( 29418) 
220 337 ( 29418) 
255 304 ( 29421) 
201 355 ( 29421) 
165 389 ( 29421) 
219 338 ( 29421) 
218 339 ( 29424) 
164 390 ( 29424) 
254 305 ( 29424) 
145 408 ( 29427) 
199 357 ( 29427) 
145 408 ( 29427) 
199 357 ( 29427) 
181 374 ( 29427) 
125 427 ( 29433) 
179 376 ( 29433) 
269 291 ( 29433) 
143 410 ( 29433) 
215 342 ( 29433) 
197 359 ( 29433) 
160 394 ( 29436) 
214 343 ( 29436) 
159 395 ( 29439)  terminou de analisar T
it = 4
188 359 ( 28051) 
241 311 ( 28051) 
221 330 ( 28098)  dentro de T maisDistante = 221 359

247 307 ( 28127)  fora de T e dentro de T' mais_distante = 271 307
OK

201 349 ( 28145)  dentro de T maisDistante = 221 349

134 410 ( 28162) 
187 362 ( 28162) 
271 286 ( 28166) 
164 383 ( 28171) 
203 348 ( 28188)  dentro de T maisDistante = 241 330

244 311 ( 28195) 
191 359 ( 28195) 
167 381 ( 28209) 
198 353 ( 28213)  dentro de T maisDistante = 241 330

144 402 ( 28218) 
239 316 ( 28220)  dentro de T maisDistante = 221 348

186 364 ( 28220) 
183 367 ( 28235) 
193 358 ( 28238)  dentro de T maisDistante = 221 348

224 330 ( 28242) 
170 379 ( 28247) 
147 400 ( 28256) 
178 372 ( 28260) 
209 344 ( 28264)  dentro de T maisDistante = 239 330

177 373 ( 28265) 
219 335 ( 28267)  dentro de T maisDistante = 239 330

250 307 ( 28271) 
217 337 ( 28277)  dentro de T maisDistante = 239 330

227 328 ( 28280)  dentro de T maisDistante = 239 328

195 357 ( 28281)  dentro de T maisDistante = 239 328

248 309 ( 28281) 
163 386 ( 28282) 
194 358 ( 28286) 
268 291 ( 28287)  fora de T e dentro de T' mais_distante = 268 307
OK

215 339 ( 28287)  dentro de T maisDistante = 239 328

204 349 ( 28289) 
257 301 ( 28289)  fora de T e dentro de T' mais_distante = 268 301
OK

245 312 ( 28296) 
149 399 ( 28299) 
233 323 ( 28303)  dentro de T maisDistante = 239 323

190 362 ( 28306) 
137 410 ( 28306) 
211 343 ( 28307)  dentro de T maisDistante = 239 323

274 286 ( 28310) 
157 392 ( 28312) 
199 354 ( 28314) 
167 383 ( 28315) 
144 404 ( 28324) 
207 347 ( 28327)  dentro de T maisDistante = 239 323

228 328 ( 28328) 
281 280 ( 28328) 
185 367 ( 28331) 
132 415 ( 28331) 
248 310 ( 28334) 
269 291 ( 28335) 
184 368 ( 28336) 
237 320 ( 28336)  dentro de T maisDistante = 233 328

237 320 ( 28336) 
205 349 ( 28337) 
258 301 ( 28337) 
162 388 ( 28340) 
183 369 ( 28341) 
129 418 ( 28346) 
255 304 ( 28352)  fora de T e dentro de T' mais_distante = 268 301
OK

170 381 ( 28353) 
223 333 ( 28353) 
191 362 ( 28354) 
286 276 ( 28356) 
254 305 ( 28357)  fora de T e dentro de T' mais_distante = 268 301
OK

147 402 ( 28362) 
274 287 ( 28363) 
284 278 ( 28366) 
231 326 ( 28366)  dentro de T maisDistante = 215 343

124 423 ( 28371) 
187 366 ( 28374) 
261 299 ( 28375)  fora de T e dentro de T' mais_distante = 268 299
OK

155 395 ( 28375) 
208 347 ( 28375) 
165 386 ( 28378) 
207 348 ( 28380) 
207 348 ( 28380) 
228 329 ( 28381) 
196 358 ( 28382) 
217 339 ( 28383) 
142 407 ( 28387) 
173 379 ( 28391) 
173 379 ( 28391) 
109 437 ( 28393) 
257 303 ( 28395) 
278 284 ( 28396) 
214 342 ( 28398)  dentro de T maisDistante = 237 323

161 390 ( 28398) 
203 352 ( 28400) 
150 400 ( 28400) 
171 381 ( 28401) 
298 266 ( 28402) 
139 410 ( 28402) 
266 295 ( 28403)  fora de T e dentro de T' mais_distante = 266 299
OK

213 343 ( 28403) 
266 295 ( 28403) 
308 257 ( 28405) 
255 305 ( 28405) 
191 363 ( 28407) 
191 363 ( 28407) 
180 373 ( 28409) 
180 373 ( 28409) 
243 316 ( 28412) 
179 374 ( 28414) 
168 384 ( 28416) 
210 346 ( 28418) 
157 394 ( 28418) 
220 337 ( 28421) 
241 318 ( 28422) 
145 405 ( 28425) 
251 309 ( 28425) 
198 357 ( 28425) 
219 338 ( 28426) 
197 358 ( 28430) 
197 358 ( 28430) 
218 339 ( 28431) 
260 301 ( 28433) 
207 349 ( 28433) 
175 378 ( 28434) 
153 398 ( 28438) 
227 331 ( 28439) 
205 351 ( 28443) 
173 380 ( 28444) 
194 361 ( 28445) 
215 342 ( 28446) 
183 371 ( 28447) 
130 419 ( 28447) 
183 371 ( 28447) 
204 352 ( 28448) 
204 352 ( 28448) 
119 429 ( 28449) 
246 314 ( 28450) 
193 362 ( 28450) 
246 314 ( 28450) 
246 314 ( 28450) 
161 391 ( 28451) 
214 343 ( 28451) 
267 295 ( 28451) 
171 382 ( 28454) 
192 363 ( 28455) 
160 392 ( 28456) 
160 392 ( 28456) 
160 392 ( 28456) 
181 373 ( 28457) 
244 316 ( 28460) 
201 355 ( 28463) 
169 384 ( 28464) 
137 413 ( 28465) 
243 317 ( 28465) 
190 365 ( 28465) 
232 327 ( 28467) 
285 279 ( 28467) 
316 251 ( 28471) 
231 328 ( 28472) 
284 280 ( 28472) 
231 328 ( 28472) 
231 328 ( 28472) 
146 405 ( 28473) 
199 357 ( 28473) 
199 357 ( 28473) 
220 338 ( 28474) 
220 338 ( 28474) 
209 348 ( 28476) 
230 329 ( 28477) 
145 406 ( 28478) 
272 291 ( 28479) 
240 320 ( 28480) 
187 368 ( 28480) 
240 320 ( 28480) 
155 397 ( 28481) 
261 301 ( 28481) 
208 349 ( 28481) 
197 359 ( 28483) 
133 417 ( 28485) 
186 369 ( 28485) 
207 350 ( 28486) 
207 350 ( 28486) 
217 341 ( 28489) 
238 322 ( 28490) 
185 370 ( 28490) 
153 399 ( 28491) 
153 399 ( 28491) 
174 380 ( 28492) 
248 313 ( 28493) 
216 342 ( 28494) 
163 390 ( 28494) 
163 390 ( 28494) 
184 371 ( 28495)  terminou de analisar T
it = 5
241 311 ( 15355) 
271 286 ( 15355) 
247 307 ( 15385)  dentro de T maisDistante = 271 307

308 257 ( 15410) 
281 280 ( 15425) 
221 330 ( 15425) 
268 291 ( 15430)  dentro de T maisDistante = 268 307

244 311 ( 15430) 
298 266 ( 15430) 
286 276 ( 15430) 
316 251 ( 15430) 
274 286 ( 15430) 
284 278 ( 15440) 
239 316 ( 15455) 
269 291 ( 15455) 
257 301 ( 15455)  dentro de T maisDistante = 268 301

274 287 ( 15460) 
250 307 ( 15460) 
188 359 ( 15470) 
248 309 ( 15470) 
278 284 ( 15470) 
258 301 ( 15480) 
245 312 ( 15485) 
335 237 ( 15485) 
311 257 ( 15485) 
353 222 ( 15485) 
261 299 ( 15495)  dentro de T maisDistante = 268 299

201 349 ( 15495) 
255 304 ( 15495)  dentro de T maisDistante = 268 299

285 279 ( 15495) 
266 295 ( 15500)  dentro de T maisDistante = 266 299

248 310 ( 15500) 
308 260 ( 15500) 
254 305 ( 15500)  dentro de T maisDistante = 266 299

284 280 ( 15500) 
326 245 ( 15500) 
224 330 ( 15500) 
296 270 ( 15500) 
266 295 ( 15500) 
289 276 ( 15505) 
319 251 ( 15505) 
306 262 ( 15510) 
203 348 ( 15515) 
233 323 ( 15515) 
257 303 ( 15515) 
227 328 ( 15515) 
311 258 ( 15515) 
287 278 ( 15515) 
237 320 ( 15525) 
267 295 ( 15525) 
237 320 ( 15525) 
219 335 ( 15525) 
255 305 ( 15525) 
272 291 ( 15530) 
260 301 ( 15530) 
314 256 ( 15530) 
187 362 ( 15535) 
217 337 ( 15535) 
282 283 ( 15540) 
288 278 ( 15540) 
198 353 ( 15540) 
228 328 ( 15540) 
324 248 ( 15540) 
294 273 ( 15540) 
354 223 ( 15540) 
324 248 ( 15540) 
209 344 ( 15545) 
275 289 ( 15545) 
293 274 ( 15545) 
251 309 ( 15545) 
215 339 ( 15545) 
281 284 ( 15545) 
191 359 ( 15545) 
305 264 ( 15545) 
323 249 ( 15545) 
268 295 ( 15550) 
298 270 ( 15550) 
322 250 ( 15550) 
352 225 ( 15550) 
231 326 ( 15555) 
333 241 ( 15555) 
303 266 ( 15555) 
243 316 ( 15555) 
285 281 ( 15555) 
261 301 ( 15555) 
356 222 ( 15560) 
223 333 ( 15565) 
193 358 ( 15565) 
241 318 ( 15565) 
211 343 ( 15565) 
265 298 ( 15565)  dentro de T maisDistante = 265 299

295 273 ( 15565) 
270 294 ( 15570) 
186 364 ( 15570) 
264 299 ( 15570) 
294 274 ( 15570) 
204 349 ( 15570) 
276 289 ( 15570) 
288 279 ( 15570) 
258 304 ( 15570) 
306 264 ( 15570) 
288 279 ( 15570) 
246 314 ( 15570) 
246 314 ( 15570) 
264 299 ( 15570) 
228 329 ( 15570) 
246 314 ( 15570) 
282 284 ( 15570) 
306 264 ( 15570) 
312 259 ( 15570) 
299 270 ( 15575) 
269 295 ( 15575) 
269 295 ( 15575) 
269 295 ( 15575) 
299 270 ( 15575) 
293 275 ( 15575) 
329 245 ( 15575) 
257 305 ( 15575) 
281 285 ( 15575) 
323 250 ( 15575) 
304 266 ( 15580) 
256 306 ( 15580) 
244 316 ( 15580) 
274 291 ( 15580) 
298 271 ( 15580) 
328 246 ( 15580) 
267 297 ( 15585) 
351 227 ( 15585) 
243 317 ( 15585) 
195 357 ( 15585) 
183 367 ( 15585) 
309 262 ( 15585) 
207 347 ( 15585) 
248 313 ( 15590) 
278 288 ( 15590) 
194 358 ( 15590) 
164 383 ( 15590) 
254 308 ( 15590) 
199 354 ( 15595)  terminou de analisar T
it = 6
271 286 ( 18441) 
308 257 ( 18441) 
316 251 ( 18451) 
353 222 ( 18451) 
298 266 ( 18484)  dentro de T maisDistante = 298 286

335 237 ( 18484) 
241 311 ( 18496) 
286 276 ( 18506)  dentro de T maisDistante = 286 286

281 280 ( 18509)  dentro de T maisDistante = 298 276

354 223 ( 18517) 
391 194 ( 18517) 
326 245 ( 18519) 
284 278 ( 18522)  dentro de T maisDistante = 298 276

247 307 ( 18522) 
274 286 ( 18528) 
311 257 ( 18528) 
352 225 ( 18533) 
319 251 ( 18538) 
356 222 ( 18538) 
268 291 ( 18539) 
397 190 ( 18543) 
308 260 ( 18552) 
274 287 ( 18565) 
311 258 ( 18565) 
306 262 ( 18568)  dentro de T maisDistante = 298 276

269 291 ( 18568) 
278 284 ( 18570)  dentro de T maisDistante = 298 276

361 219 ( 18572) 
324 248 ( 18572) 
324 248 ( 18572) 
333 241 ( 18574) 
296 270 ( 18574)  dentro de T maisDistante = 296 276

379 205 ( 18576) 
314 256 ( 18578) 
351 227 ( 18578) 
323 249 ( 18580) 
244 311 ( 18583) 
364 217 ( 18585) 
322 250 ( 18588) 
285 279 ( 18588) 
257 301 ( 18590) 
289 276 ( 18593) 
284 280 ( 18596) 
367 215 ( 18598) 
367 215 ( 18598) 
362 219 ( 18601) 
357 223 ( 18604) 
394 194 ( 18604) 
329 245 ( 18606) 
287 278 ( 18609) 
250 307 ( 18609) 
407 184 ( 18611) 
305 264 ( 18613)  dentro de T maisDistante = 296 276

328 246 ( 18614) 
360 221 ( 18617) 
323 250 ( 18617) 
221 330 ( 18619) 
258 301 ( 18619) 
355 225 ( 18620) 
239 316 ( 18623) 
248 309 ( 18625) 
294 273 ( 18627)  dentro de T maisDistante = 294 276

303 266 ( 18629) 
266 295 ( 18629) 
266 295 ( 18629) 
400 190 ( 18630) 
312 259 ( 18631) 
349 230 ( 18631) 
261 299 ( 18632) 
298 270 ( 18632) 
293 274 ( 18635)  dentro de T maisDistante = 293 276

288 278 ( 18638) 
334 242 ( 18640) 
306 264 ( 18642) 
343 235 ( 18642) 
306 264 ( 18642) 
255 304 ( 18643) 
352 228 ( 18644) 
361 221 ( 18646) 
333 243 ( 18648) 
282 283 ( 18649) 
245 312 ( 18649) 
254 305 ( 18651) 
337 240 ( 18653) 
272 291 ( 18655) 
309 262 ( 18655) 
332 244 ( 18656) 
295 273 ( 18656) 
281 284 ( 18657) 
355 226 ( 18657) 
267 295 ( 18658) 
304 266 ( 18658) 
327 248 ( 18659) 
327 248 ( 18659) 
364 219 ( 18659) 
350 230 ( 18660) 
336 241 ( 18661) 
299 270 ( 18661) 
336 241 ( 18661) 
299 270 ( 18661) 
285 281 ( 18662) 
248 310 ( 18662) 
294 274 ( 18664) 
257 303 ( 18664) 
377 209 ( 18666) 
377 209 ( 18666) 
326 249 ( 18667) 
275 289 ( 18668) 
349 231 ( 18668) 
312 260 ( 18668) 
298 271 ( 18669) 
395 195 ( 18670) 
381 206 ( 18671) 
344 235 ( 18671) 
367 217 ( 18672) 
293 275 ( 18672) 
325 250 ( 18675) 
325 250 ( 18675) 
288 279 ( 18675) 
288 279 ( 18675) 
260 301 ( 18677) 
255 305 ( 18680) 
315 258 ( 18681) 
338 240 ( 18682) 
310 262 ( 18684) 
347 233 ( 18684) 
370 215 ( 18685) 
370 215 ( 18685) 
333 244 ( 18685) 
282 284 ( 18686) 
268 295 ( 18687) 
365 219 ( 18688) 
300 270 ( 18690) 
281 285 ( 18694) 
341 238 ( 18695) 
304 267 ( 18695) 
276 289 ( 18697) 
313 260 ( 18697) 
299 271 ( 18698) 
410 184 ( 18698) 
336 242 ( 18698) 
322 253 ( 18699) 
331 246 ( 18701) 
331 246 ( 18701) 
331 246 ( 18701) 
303 268 ( 18703) 
224 330 ( 18706) 
261 301 ( 18706) 
321 254 ( 18707) 
381 207 ( 18708) 
233 323 ( 18708) 
344 236 ( 18708) 
270 294 ( 18708) 
404 189 ( 18709)  terminou de analisar T
it = 7
308 257 ( 22345) 
353 222 ( 22345) 
271 286 ( 22355) 
316 251 ( 22355)  dentro de T maisDistante = 353 251

335 237 ( 22390)  dentro de T maisDistante = 335 251

298 266 ( 22400) 
391 194 ( 22415) 
354 223 ( 22425) 
241 311 ( 22430) 
286 276 ( 22430) 
281 280 ( 22435) 
326 245 ( 22435)  dentro de T maisDistante = 353 237

352 225 ( 22445)  dentro de T maisDistante = 352 237

397 190 ( 22445) 
311 257 ( 22450) 
284 278 ( 22450) 
356 222 ( 22450) 
247 307 ( 22460) 
274 286 ( 22460) 
319 251 ( 22460) 
268 291 ( 22475) 
308 260 ( 22480) 
361 219 ( 22490)  fora de T e dentro de T' mais_distante = 391 219
OK

379 205 ( 22490)  fora de T e dentro de T' mais_distante = 379 219
OK

311 258 ( 22495) 
324 248 ( 22500)  dentro de T maisDistante = 352 237

324 248 ( 22500) 
333 241 ( 22500)  dentro de T maisDistante = 352 237

306 262 ( 22500) 
351 227 ( 22500)  dentro de T maisDistante = 351 237

364 217 ( 22505)  fora de T e dentro de T' mais_distante = 379 217
OK

274 287 ( 22505) 
323 249 ( 22510)  dentro de T maisDistante = 351 237

269 291 ( 22510) 
278 284 ( 22510) 
296 270 ( 22510) 
314 256 ( 22510)  dentro de T maisDistante = 351 237

394 194 ( 22520) 
322 250 ( 22520)  dentro de T maisDistante = 351 237

367 215 ( 22520)  fora de T e dentro de T' mais_distante = 379 215
OK

367 215 ( 22520) 
407 184 ( 22525) 
362 219 ( 22525) 
285 279 ( 22530) 
357 223 ( 22530) 
244 311 ( 22535) 
289 276 ( 22535) 
257 301 ( 22540) 
284 280 ( 22540) 
329 245 ( 22540) 
360 221 ( 22545)  fora de T e dentro de T' mais_distante = 379 215
OK

328 246 ( 22550) 
355 225 ( 22550) 
400 190 ( 22550) 
287 278 ( 22555) 
323 250 ( 22555) 
305 264 ( 22555) 
250 307 ( 22565) 
349 230 ( 22565)  dentro de T maisDistante = 349 237

258 301 ( 22575) 
303 266 ( 22575) 
294 273 ( 22575) 
312 259 ( 22575) 
352 228 ( 22580) 
334 242 ( 22580) 
343 235 ( 22580)  dentro de T maisDistante = 349 235

361 221 ( 22580) 
298 270 ( 22580) 
266 295 ( 22585) 
221 330 ( 22585) 
239 316 ( 22585) 
248 309 ( 22585) 
293 274 ( 22585) 
266 295 ( 22585) 
288 278 ( 22590) 
261 299 ( 22590) 
306 264 ( 22590) 
306 264 ( 22590) 
333 243 ( 22590) 
364 219 ( 22595) 
355 226 ( 22595) 
337 240 ( 22595) 
377 209 ( 22600)  fora de T e dentro de T' mais_distante = 391 205
OK

350 230 ( 22600) 
332 244 ( 22600)  dentro de T maisDistante = 349 235

377 209 ( 22600) 
395 195 ( 22600) 
381 206 ( 22605) 
327 248 ( 22605) 
282 283 ( 22605) 
327 248 ( 22605) 
336 241 ( 22605) 
255 304 ( 22605) 
336 241 ( 22605) 
309 262 ( 22605) 
304 266 ( 22610) 
349 231 ( 22610) 
295 273 ( 22610) 
367 217 ( 22610) 
254 305 ( 22615) 
299 270 ( 22615) 
344 235 ( 22615) 
245 312 ( 22615) 
299 270 ( 22615) 
272 291 ( 22615) 
281 284 ( 22615) 
326 249 ( 22615) 
294 274 ( 22620) 
267 295 ( 22620) 
285 281 ( 22620) 
312 260 ( 22620) 
298 271 ( 22625) 
325 250 ( 22625) 
370 215 ( 22625) 
370 215 ( 22625) 
325 250 ( 22625) 
338 240 ( 22630) 
347 233 ( 22630)  dentro de T maisDistante = 347 235

275 289 ( 22630) 
248 310 ( 22630) 
365 219 ( 22630) 
293 275 ( 22630) 
410 184 ( 22630) 
257 303 ( 22630) 
315 258 ( 22635) 
333 244 ( 22635) 
288 279 ( 22635) 
288 279 ( 22635) 
310 262 ( 22640) 
260 301 ( 22645) 
341 238 ( 22645) 
404 189 ( 22645) 
300 270 ( 22650) 
336 242 ( 22650) 
381 207 ( 22650) 
282 284 ( 22650) 
255 305 ( 22650) 
322 253 ( 22655) 
331 246 ( 22655) 
313 260 ( 22655) 
268 295 ( 22655) 
331 246 ( 22655) 
304 267 ( 22655) 
331 246 ( 22655) 
371 215 ( 22660) 
299 271 ( 22660) 
344 236 ( 22660) 
281 285 ( 22660) 
321 254 ( 22665) 
303 268 ( 22665) 
276 289 ( 22665) 
325 251 ( 22670) 
347 234 ( 22675) 
329 248 ( 22675) 
347 234 ( 22675) 
419 178 ( 22675) 
365 220 ( 22675) 
320 255 ( 22675) 
302 269 ( 22675) 
387 203 ( 22680)  fora de T e dentro de T' mais_distante = 377 215
OK

306 266 ( 22680) 
315 259 ( 22680) 
261 301 ( 22680) 
297 273 ( 22680) 
270 294 ( 22680) 
342 238 ( 22680) 
382 207 ( 22685) 
265 298 ( 22685) 
283 284 ( 22685) 
337 242 ( 22685) 
301 270 ( 22685) 
346 235 ( 22685) 
292 277 ( 22685) 
310 263 ( 22685) 
364 221 ( 22685) 
292 277 ( 22685) 
274 291 ( 22685) 
278 288 ( 22690) 
269 295 ( 22690) 
323 253 ( 22690) 
224 330 ( 22690) 
350 232 ( 22690) 
296 274 ( 22690) 
368 218 ( 22690) 
269 295 ( 22690) 
251 309 ( 22690) 
233 323 ( 22690) 
269 295 ( 22690) 
314 260 ( 22690) 
336 243 ( 22695) 
237 320 ( 22695) 
309 264 ( 22695) 
264 299 ( 22695) 
354 229 ( 22695) 
291 278 ( 22695) 
237 320 ( 22695) 
309 264 ( 22695) 
264 299 ( 22695) 
309 264 ( 22695) 
282 285 ( 22695) 
331 247 ( 22700) 
358 226 ( 22700) 
286 282 ( 22700) 
340 240 ( 22700) 
295 275 ( 22700) 
380 209 ( 22705) 
326 251 ( 22705) 
335 244 ( 22705) 
335 244 ( 22705) 
290 279 ( 22705) 
380 209 ( 22705) 
353 230 ( 22705) 
380 209 ( 22705) 
425 174 ( 22705) 
308 265 ( 22705) 
227 328 ( 22705) 
330 248 ( 22710) 
393 199 ( 22710) 
348 234 ( 22710) 
312 262 ( 22710) 
258 304 ( 22710) 
312 262 ( 22710) 
321 255 ( 22710) 
267 297 ( 22710) 
298 273 ( 22715) 
307 266 ( 22715) 
352 231 ( 22715) 
280 287 ( 22715) 
280 287 ( 22715) 
275 291 ( 22720)  terminou de analisar T
it = 8
353 222 ( 18320) 
391 194 ( 18320) 
397 190 ( 18336) 
335 237 ( 18386) 
354 223 ( 18386) 
316 251 ( 18386) 
407 184 ( 18388) 
308 257 ( 18390) 
379 205 ( 18402)  dentro de T maisDistante = 379 222

356 222 ( 18404) 
394 194 ( 18404) 
352 225 ( 18406) 
400 190 ( 18420) 
361 219 ( 18430)  dentro de T maisDistante = 379 219

326 245 ( 18438) 
364 217 ( 18438)  dentro de T maisDistante = 379 217

367 215 ( 18446)  dentro de T maisDistante = 379 215

367 215 ( 18446) 
298 266 ( 18452) 
351 227 ( 18454) 
271 286 ( 18456) 
362 219 ( 18458) 
395 195 ( 18470) 
357 223 ( 18470) 
319 251 ( 18470) 
410 184 ( 18472) 
311 257 ( 18474) 
360 221 ( 18478)  dentro de T maisDistante = 379 215

333 241 ( 18482) 
355 225 ( 18490) 
404 189 ( 18494) 
286 276 ( 18496) 
419 178 ( 18496) 
324 248 ( 18496) 
324 248 ( 18496) 
381 206 ( 18496) 
377 209 ( 18498)  dentro de T maisDistante = 391 205

377 209 ( 18498) 
308 260 ( 18504) 
361 221 ( 18506) 
323 249 ( 18506) 
281 280 ( 18508) 
425 174 ( 18512) 
349 230 ( 18512) 
311 258 ( 18512) 
364 219 ( 18514) 
322 250 ( 18516) 
284 278 ( 18516) 
352 228 ( 18520) 
314 256 ( 18520) 
367 217 ( 18522) 
329 245 ( 18522) 
306 262 ( 18524) 
355 226 ( 18528) 
370 215 ( 18530) 
370 215 ( 18530) 
328 246 ( 18532) 
343 235 ( 18534) 
381 207 ( 18534) 
350 230 ( 18540) 
274 286 ( 18540) 
365 219 ( 18542) 
323 250 ( 18544) 
414 183 ( 18546) 
334 242 ( 18548) 
296 270 ( 18548) 
387 203 ( 18550)  dentro de T maisDistante = 377 215

349 231 ( 18550) 
337 240 ( 18556) 
371 215 ( 18558) 
333 243 ( 18558) 
268 291 ( 18562) 
382 207 ( 18562) 
344 235 ( 18562) 
435 168 ( 18564) 
336 241 ( 18566) 
393 199 ( 18566) 
241 311 ( 18566) 
336 241 ( 18566) 
332 244 ( 18568) 
347 233 ( 18570) 
305 264 ( 18572) 
278 284 ( 18576) 
312 259 ( 18578) 
274 287 ( 18578) 
365 220 ( 18580) 
327 248 ( 18580) 
327 248 ( 18580) 
289 276 ( 18580) 
380 209 ( 18582) 
380 209 ( 18582) 
380 209 ( 18582) 
285 279 ( 18582) 
247 307 ( 18582) 
338 240 ( 18584) 
391 201 ( 18586) 
406 190 ( 18588) 
368 218 ( 18588) 
269 291 ( 18590) 
421 179 ( 18590) 
383 207 ( 18590) 
326 249 ( 18590) 
364 221 ( 18590) 
284 280 ( 18592) 
303 266 ( 18592) 
341 238 ( 18592) 
333 244 ( 18596) 
306 264 ( 18600) 
325 250 ( 18600) 
306 264 ( 18600) 
325 250 ( 18600) 
344 236 ( 18600) 
287 278 ( 18600) 
374 214 ( 18604)  dentro de T maisDistante = 377 214

336 242 ( 18604) 
412 186 ( 18604) 
298 270 ( 18604) 
389 203 ( 18606) 
294 273 ( 18606) 
347 234 ( 18608) 
309 262 ( 18608) 
347 234 ( 18608) 
358 226 ( 18612) 
354 229 ( 18614) 
392 201 ( 18614) 
369 218 ( 18616) 
331 246 ( 18616) 
350 232 ( 18616) 
331 246 ( 18616) 
293 274 ( 18616) 
331 246 ( 18616) 
312 260 ( 18616) 
384 207 ( 18618) 
346 235 ( 18618) 
380 210 ( 18620) 
304 266 ( 18620) 
342 238 ( 18620) 
395 199 ( 18622) 
395 199 ( 18622) 
315 258 ( 18624) 
353 230 ( 18624) 
402 194 ( 18628) 
288 278 ( 18628) 
417 183 ( 18630) 
379 211 ( 18630) 
322 253 ( 18630) 
337 242 ( 18632) 
299 270 ( 18632) 
299 270 ( 18632) 
295 273 ( 18634) 
257 301 ( 18634) 
352 231 ( 18634) 
390 203 ( 18634) 
390 203 ( 18634) 
329 248 ( 18636) 
310 262 ( 18636) 
348 234 ( 18636) 
401 195 ( 18638) 
325 251 ( 18638) 
359 226 ( 18640) 
340 240 ( 18640) 
321 254 ( 18640) 
374 215 ( 18642) 
336 243 ( 18642) 
298 271 ( 18642) 
351 232 ( 18644) 
294 274 ( 18644) 
313 260 ( 18644) 
351 232 ( 18644) 
423 179 ( 18646) 
320 255 ( 18650) 
282 283 ( 18650) 
396 199 ( 18650) 
244 311 ( 18650) 
335 244 ( 18652) 
335 244 ( 18652) 
331 247 ( 18654) 
388 205 ( 18654) 
369 219 ( 18654) 
350 233 ( 18654) 
293 275 ( 18654) 
365 222 ( 18656) 
422 180 ( 18656) 
384 208 ( 18656) 
361 225 ( 18658) 
323 253 ( 18658) 
285 281 ( 18658) 
266 295 ( 18658) 
266 295 ( 18658) 
437 169 ( 18658) 
304 267 ( 18658) 
338 242 ( 18660) 
300 270 ( 18660) 
281 284 ( 18660) 
357 228 ( 18660) 
353 231 ( 18662) 
315 259 ( 18662) 
258 301 ( 18662) 
330 248 ( 18664) 
326 251 ( 18666) 
288 279 ( 18666) 
288 279 ( 18666) 
250 307 ( 18666) 
341 240 ( 18668) 
341 240 ( 18668) 
303 268 ( 18668) 
261 299 ( 18670) 
394 201 ( 18670) 
337 243 ( 18670) 
299 271 ( 18670) 
352 232 ( 18672) 
314 260 ( 18672) 
390 204 ( 18672) 
352 232 ( 18672) 
386 207 ( 18674) 
272 291 ( 18674) 
329 249 ( 18674) 
424 179 ( 18674) 
310 263 ( 18674) 
405 193 ( 18674) 
367 221 ( 18674) 
405 193 ( 18674) 
306 266 ( 18676) 
363 224 ( 18676) 
344 238 ( 18676) 
359 227 ( 18678) 
321 255 ( 18678) 
302 269 ( 18678) 
351 233 ( 18682) 
389 205 ( 18682) 
275 289 ( 18682) 
309 264 ( 18684) 
347 236 ( 18684) 
309 264 ( 18684) 
309 264 ( 18684) 
343 239 ( 18686) 
248 309 ( 18686) 
381 211 ( 18686) 
267 295 ( 18686) 
282 284 ( 18688)  terminou de analisar T
 fora de T e fora de T' - OK
OK - 9
it = 10
397 190 ( 4282) 
407 184 ( 4282) 
391 194 ( 4286) 
425 174 ( 4290) 
435 168 ( 4290) 
419 178 ( 4294) 
400 190 ( 4300) 
410 184 ( 4300) 
394 194 ( 4304) 
437 169 ( 4312) 
404 189 ( 4314)  dentro de T maisDistante = 407 189

414 183 ( 4314) 
421 179 ( 4316) 
465 153 ( 4320) 
395 195 ( 4320) 
449 163 ( 4324) 
379 205 ( 4324) 
423 179 ( 4328) 
440 169 ( 4330) 
412 186 ( 4332)  terminou de analisar T
it = 11
407 184 ( 11664) 
435 168 ( 11664) 
397 190 ( 11672) 
425 174 ( 11672)  dentro de T maisDistante = 425 184

391 194 ( 11688) 
419 178 ( 11688)  dentro de T maisDistante = 419 184

410 184 ( 11712) 
400 190 ( 11720) 
437 169 ( 11724) 
465 153 ( 11724) 
394 194 ( 11736) 
414 183 ( 11748)  dentro de T maisDistante = 435 174

421 179 ( 11748) 
449 163 ( 11748) 
404 189 ( 11756) 
440 169 ( 11772) 
395 195 ( 11780) 
423 179 ( 11780) 
422 180 ( 11792) 
417 183 ( 11796) 
424 179 ( 11796) 
412 186 ( 11800) 
379 205 ( 11804) 
444 168 ( 11808) 
406 190 ( 11816) 
452 165 ( 11852)  terminou de analisar T
it = 12
435 168 ( 11565) 
465 153 ( 11565) 
425 174 ( 11595) 
419 178 ( 11625) 
407 184 ( 11625) 
449 163 ( 11625)  dentro de T maisDistante = 465 163

437 169 ( 11625) 
397 190 ( 11655) 
410 184 ( 11670) 
440 169 ( 11670) 
421 179 ( 11685) 
391 194 ( 11685) 
414 183 ( 11700) 
444 168 ( 11700) 
400 190 ( 11700) 
423 179 ( 11715) 
422 180 ( 11730) 
394 194 ( 11730) 
404 189 ( 11730) 
424 179 ( 11730) 
452 165 ( 11730) 
447 168 ( 11745) 
417 183 ( 11745) 
412 186 ( 11760) 
395 195 ( 11775) 
406 190 ( 11790) 
436 175 ( 11790) 
421 183 ( 11805) 
379 205 ( 11835) 
415 187 ( 11835) 
402 194 ( 11850) 
405 193 ( 11865)  terminou de analisar T
Fim da segunda fase ... 
0
0
Total: 0
Suportadas = 14
Nao suportadas = 90
TOTAL DE SOLUCOES = 104

SUPORTADAS: 

Arvore 1
1 3 0 91
3 4 13 81
4 6 14 74
2 5 16 72
2 4 19 80
0 5 33 62
(95 460)

Arvore 2
1 3 0 91
4 6 14 74
2 5 16 72
3 4 13 81
3 5 23 70
0 5 33 62
(99 450)

Arvore 3
1 3 0 91
4 6 14 74
2 5 16 72
3 4 13 81
3 5 23 70
0 4 43 49
(109 437)

Arvore 4
2 5 16 72
4 6 14 74
1 3 0 91
0 4 43 49
1 6 38 54
3 5 23 70
(134 410)

Arvore 5
2 5 16 72
4 6 14 74
0 4 43 49
1 6 38 54
2 3 77 19
1 3 0 91
(188 359)

Arvore 6
2 5 16 72
4 6 14 74
0 4 43 49
1 6 38 54
2 3 77 19
0 2 53 43
(241 311)

Arvore 7
2 3 77 19
0 4 43 49
2 5 16 72
1 6 38 54
4 6 14 74
4 5 83 18
(271 286)

Arvore 8
2 3 77 19
0 4 43 49
4 5 83 18
1 6 38 54
0 2 53 43
4 6 14 74
(308 257)

Arvore 9
2 3 77 19
4 5 83 18
0 4 43 49
1 6 38 54
0 2 53 43
5 6 59 39
(353 222)

Arvore 10
2 3 77 19
4 5 83 18
2 6 97 11
0 4 43 49
0 2 53 43
1 6 38 54
(391 194)

Arvore 11
2 3 77 19
4 5 83 18
2 6 97 11
0 4 43 49
5 6 59 39
1 6 38 54
(397 190)

Arvore 12
2 3 77 19
4 5 83 18
2 6 97 11
5 6 59 39
0 2 53 43
1 6 38 54
(407 184)

Arvore 13
2 3 77 19
4 5 83 18
2 6 97 11
5 6 59 39
0 2 53 43
1 4 66 38
(435 168)

Arvore 14
2 6 97 11
4 5 83 18
2 3 77 19
0 3 83 28
1 4 66 38
5 6 59 39
(465 153)


NAO SUPORTADAS: 
Arvore 15
1 3 0 91
4 6 14 74
2 5 16 72
3 4 13 81
3 5 23 70
0 1 41 54
(107 442)

Arvore 16
1 3 0 91
4 6 14 74
2 5 16 72
3 4 13 81
3 5 23 70
0 6 39 58
(105 446)

Arvore 17
4 6 14 74
2 5 16 72
1 3 0 91
3 5 23 70
1 6 38 54
0 5 33 62
(124 423)

Arvore 18
4 6 14 74
2 5 16 72
1 3 0 91
3 5 23 70
0 4 43 49
0 5 33 62
(129 418)

Arvore 19
4 6 14 74
2 5 16 72
1 3 0 91
3 4 13 81
0 4 43 49
0 5 33 62
(119 429)

Arvore 20
4 6 14 74
2 5 16 72
1 3 0 91
3 5 23 70
1 6 38 54
0 1 41 54
(132 415)

Arvore 21
4 6 14 74
2 5 16 72
1 3 0 91
3 5 23 70
0 4 43 49
2 4 19 80
(115 436)

Arvore 22
4 6 14 74
2 5 16 72
1 3 0 91
3 4 13 81
0 5 33 62
0 1 41 54
(117 434)

Arvore 23
2 5 16 72
4 6 14 74
0 4 43 49
1 6 38 54
1 3 0 91
0 2 53 43
(164 383)

Arvore 24
2 5 16 72
4 6 14 74
0 4 43 49
1 6 38 54
1 3 0 91
0 5 33 62
(144 402)

Arvore 25
2 5 16 72
4 6 14 74
0 4 43 49
1 6 38 54
3 5 23 70
0 2 53 43
(187 362)

Arvore 26
2 5 16 72
4 6 14 74
0 4 43 49
1 6 38 54
3 5 23 70
0 5 33 62
(167 381)

Arvore 27
2 5 16 72
4 6 14 74
0 4 43 49
1 6 38 54
3 5 23 70
3 4 13 81
(147 400)

Arvore 28
2 5 16 72
4 6 14 74
0 4 43 49
1 6 38 54
1 3 0 91
5 6 59 39
(170 379)

Arvore 29
2 5 16 72
4 6 14 74
1 6 38 54
1 3 0 91
2 3 77 19
0 1 41 54
(186 364)

Arvore 30
2 5 16 72
4 6 14 74
0 4 43 49
1 3 0 91
3 5 23 70
0 2 53 43
(149 399)

Arvore 31
2 5 16 72
4 6 14 74
0 4 43 49
1 3 0 91
2 3 77 19
0 5 33 62
(183 367)

Arvore 32
2 5 16 72
4 6 14 74
0 4 43 49
1 3 0 91
2 3 77 19
3 4 13 81
(163 386)

Arvore 33
2 5 16 72
4 6 14 74
1 6 38 54
1 3 0 91
2 3 77 19
0 5 33 62
(178 372)

Arvore 34
2 5 16 72
4 6 14 74
0 4 43 49
1 6 38 54
0 2 53 43
3 4 13 81
(177 373)

Arvore 35
2 5 16 72
4 6 14 74
0 4 43 49
1 6 38 54
0 5 33 62
3 4 13 81
(157 392)

Arvore 36
2 5 16 72
4 6 14 74
1 6 38 54
1 3 0 91
0 1 41 54
0 2 53 43
(162 388)

Arvore 37
2 5 16 72
4 6 14 74
1 6 38 54
1 3 0 91
0 1 41 54
0 5 33 62
(142 407)

Arvore 38
2 5 16 72
4 6 14 74
0 4 43 49
1 3 0 91
3 5 23 70
5 6 59 39
(155 395)

Arvore 39
2 5 16 72
0 4 43 49
1 6 38 54
1 3 0 91
3 5 23 70
0 1 41 54
(161 390)

Arvore 40
2 5 16 72
0 4 43 49
1 6 38 54
1 3 0 91
3 5 23 70
0 5 33 62
(153 398)

Arvore 41
2 5 16 72
4 6 14 74
1 6 38 54
0 1 41 54
0 2 53 43
3 4 13 81
(175 378)

Arvore 42
2 5 16 72
4 6 14 74
0 4 43 49
1 6 38 54
2 3 77 19
0 5 33 62
(221 330)

Arvore 43
2 5 16 72
4 6 14 74
0 4 43 49
1 6 38 54
2 3 77 19
3 4 13 81
(201 349)

Arvore 44
2 5 16 72
4 6 14 74
0 4 43 49
2 3 77 19
1 3 0 91
0 2 53 43
(203 348)

Arvore 45
2 5 16 72
4 6 14 74
1 6 38 54
2 3 77 19
1 3 0 91
0 2 53 43
(198 353)

Arvore 46
2 5 16 72
4 6 14 74
1 6 38 54
2 3 77 19
0 2 53 43
0 1 41 54
(239 316)

Arvore 47
2 5 16 72
4 6 14 74
0 4 43 49
1 6 38 54
3 5 23 70
5 6 59 39
(193 358)

Arvore 48
2 5 16 72
4 6 14 74
0 4 43 49
2 3 77 19
1 3 0 91
5 6 59 39
(209 344)

Arvore 49
2 5 16 72
4 6 14 74
1 6 38 54
2 3 77 19
0 1 41 54
0 5 33 62
(219 335)

Arvore 50
2 5 16 72
4 6 14 74
0 4 43 49
1 6 38 54
3 5 23 70
4 5 83 18
(217 337)

Arvore 51
2 5 16 72
0 4 43 49
1 6 38 54
2 3 77 19
1 3 0 91
0 2 53 43
(227 328)

Arvore 52
4 6 14 74
0 4 43 49
1 6 38 54
2 3 77 19
3 5 23 70
1 3 0 91
(195 357)

Arvore 53
2 5 16 72
0 4 43 49
1 6 38 54
2 3 77 19
1 3 0 91
0 1 41 54
(215 339)

Arvore 54
2 5 16 72
4 6 14 74
0 4 43 49
2 3 77 19
1 3 0 91
4 5 83 18
(233 323)

Arvore 55
2 5 16 72
4 6 14 74
1 6 38 54
2 3 77 19
0 2 53 43
3 4 13 81
(211 343)

Arvore 56
2 5 16 72
0 4 43 49
1 6 38 54
2 3 77 19
1 3 0 91
0 5 33 62
(207 347)

Arvore 57
2 5 16 72
4 6 14 74
1 6 38 54
2 3 77 19
0 5 33 62
5 6 59 39
(237 320)

Arvore 58
4 6 14 74
0 4 43 49
1 6 38 54
2 3 77 19
1 3 0 91
5 6 59 39
(231 326)

Arvore 59
2 5 16 72
0 4 43 49
1 6 38 54
3 5 23 70
0 2 53 43
0 1 41 54
(214 342)

Arvore 60
2 3 77 19
0 4 43 49
2 5 16 72
4 6 14 74
1 6 38 54
5 6 59 39
(247 307)

Arvore 61
2 3 77 19
0 4 43 49
2 5 16 72
1 6 38 54
0 2 53 43
0 1 41 54
(268 291)

Arvore 62
2 3 77 19
2 5 16 72
4 6 14 74
1 6 38 54
0 2 53 43
5 6 59 39
(257 301)

Arvore 63
2 3 77 19
2 5 16 72
4 6 14 74
1 6 38 54
4 5 83 18
0 5 33 62
(261 299)

Arvore 64
2 3 77 19
0 4 43 49
2 5 16 72
4 6 14 74
1 6 38 54
3 6 67 36
(255 304)

Arvore 65
2 3 77 19
0 4 43 49
2 5 16 72
1 6 38 54
5 6 59 39
0 5 33 62
(266 295)

Arvore 66
2 3 77 19
0 4 43 49
4 6 14 74
1 6 38 54
5 6 59 39
3 5 23 70
(254 305)

Arvore 67
2 3 77 19
2 5 16 72
4 6 14 74
1 6 38 54
0 2 53 43
3 6 67 36
(265 298)

Arvore 68
2 3 77 19
0 4 43 49
4 5 83 18
1 6 38 54
2 5 16 72
0 1 41 54
(298 266)

Arvore 69
2 3 77 19
0 4 43 49
1 6 38 54
2 5 16 72
0 2 53 43
5 6 59 39
(286 276)

Arvore 70
2 3 77 19
4 5 83 18
1 6 38 54
2 5 16 72
0 2 53 43
4 6 14 74
(281 280)

Arvore 71
2 3 77 19
0 4 43 49
1 6 38 54
0 2 53 43
4 6 14 74
5 6 59 39
(284 278)

Arvore 72
2 3 77 19
4 5 83 18
1 6 38 54
0 2 53 43
4 6 14 74
0 1 41 54
(306 262)

Arvore 73
2 3 77 19
0 4 43 49
4 5 83 18
1 6 38 54
4 6 14 74
3 5 23 70
(278 284)

Arvore 74
2 3 77 19
0 4 43 49
4 5 83 18
1 6 38 54
2 5 16 72
0 6 39 58
(296 270)

Arvore 75
2 3 77 19
0 4 43 49
4 5 83 18
1 6 38 54
0 1 41 54
3 5 23 70
(305 264)

Arvore 76
2 3 77 19
0 4 43 49
1 6 38 54
2 5 16 72
0 2 53 43
3 6 67 36
(294 273)

Arvore 77
2 3 77 19
0 4 43 49
1 6 38 54
0 2 53 43
5 6 59 39
3 5 23 70
(293 274)

Arvore 78
2 3 77 19
0 4 43 49
4 5 83 18
1 6 38 54
2 5 16 72
5 6 59 39
(316 251)

Arvore 79
2 3 77 19
0 4 43 49
4 5 83 18
1 6 38 54
0 2 53 43
0 1 41 54
(335 237)

Arvore 80
2 3 77 19
4 5 83 18
1 6 38 54
0 2 53 43
2 5 16 72
5 6 59 39
(326 245)

Arvore 81
2 3 77 19
0 4 43 49
4 5 83 18
1 6 38 54
4 6 14 74
2 6 97 11
(352 225)

Arvore 82
2 3 77 19
0 4 43 49
4 5 83 18
1 6 38 54
2 5 16 72
3 6 67 36
(324 248)

Arvore 83
2 3 77 19
0 4 43 49
4 5 83 18
1 6 38 54
0 2 53 43
0 6 39 58
(333 241)

Arvore 84
2 3 77 19
4 5 83 18
1 6 38 54
0 2 53 43
5 6 59 39
0 1 41 54
(351 227)

Arvore 85
2 3 77 19
0 4 43 49
4 5 83 18
1 6 38 54
5 6 59 39
3 5 23 70
(323 249)

Arvore 86
2 3 77 19
4 5 83 18
1 6 38 54
2 5 16 72
5 6 59 39
0 1 41 54
(314 256)

Arvore 87
2 3 77 19
0 4 43 49
4 5 83 18
1 6 38 54
4 6 14 74
3 6 67 36
(322 250)

Arvore 88
2 3 77 19
0 4 43 49
4 5 83 18
1 6 38 54
0 1 41 54
3 6 67 36
(349 230)

Arvore 89
2 3 77 19
4 5 83 18
1 6 38 54
0 2 53 43
5 6 59 39
0 5 33 62
(343 235)

Arvore 90
2 3 77 19
4 5 83 18
1 6 38 54
0 2 53 43
4 6 14 74
3 6 67 36
(332 244)

Arvore 91
2 3 77 19
0 4 43 49
4 5 83 18
1 6 38 54
0 2 53 43
1 5 53 50
(347 233)

Arvore 92
2 3 77 19
4 5 83 18
0 4 43 49
1 6 38 54
2 6 97 11
0 1 41 54
(379 205)

Arvore 93
2 3 77 19
4 5 83 18
0 4 43 49
1 6 38 54
0 2 53 43
3 6 67 36
(361 219)

Arvore 94
2 3 77 19
4 5 83 18
1 6 38 54
0 2 53 43
2 6 97 11
2 5 16 72
(364 217)

Arvore 95
2 3 77 19
4 5 83 18
0 4 43 49
1 6 38 54
5 6 59 39
3 6 67 36
(367 215)

Arvore 96
2 3 77 19
4 5 83 18
0 4 43 49
1 6 38 54
0 2 53 43
1 4 66 38
(360 221)

Arvore 97
2 3 77 19
4 5 83 18
1 6 38 54
0 2 53 43
5 6 59 39
3 6 67 36
(377 209)

Arvore 98
2 3 77 19
4 5 83 18
1 6 38 54
5 6 59 39
2 6 97 11
0 5 33 62
(387 203)

Arvore 99
2 3 77 19
4 5 83 18
0 4 43 49
1 6 38 54
3 6 67 36
1 4 66 38
(374 214)

Arvore 100
2 3 77 19
4 5 83 18
2 6 97 11
0 4 43 49
1 6 38 54
1 4 66 38
(404 189)

Arvore 101
2 3 77 19
4 5 83 18
2 6 97 11
5 6 59 39
0 4 43 49
1 4 66 38
(425 174)

Arvore 102
2 3 77 19
4 5 83 18
2 6 97 11
0 2 53 43
0 4 43 49
1 4 66 38
(419 178)

Arvore 103
2 3 77 19
4 5 83 18
2 6 97 11
0 2 53 43
1 6 38 54
1 4 66 38
(414 183)

Arvore 104
2 3 77 19
4 5 83 18
2 6 97 11
0 3 83 28
0 4 43 49
1 4 66 38
(449 163)

