Fim da primeira fase ... 
0
contador = 10
it = 0
54 501 ( 2328) 
50 507 ( 2328) 
50 509 ( 2336) 
69 481 ( 2338) 
65 487 ( 2338) 
74 474 ( 2340) 
70 480 ( 2340) 
65 489 ( 2346) 
70 482 ( 2348) 
54 508 ( 2356)  terminou de analisar T
it = 1
54 501 ( 11478) 
74 474 ( 11478) 
69 481 ( 11483)  dentro de T maisDistante = 69 501

50 507 ( 11490) 
70 480 ( 11490)  dentro de T maisDistante = 69 501

65 487 ( 11495)  dentro de T maisDistante = 65 501

50 509 ( 11530) 
70 482 ( 11530) 
65 489 ( 11535) 
54 508 ( 11618) 
74 481 ( 11618) 
69 488 ( 11623) 
72 485 ( 11644) 
92 458 ( 11644) 
87 465 ( 11649) 
88 464 ( 11656) 
68 491 ( 11656) 
83 471 ( 11661) 
84 470 ( 11668) 
64 497 ( 11668)  dentro de T maisDistante = 64 501

79 477 ( 11673) 
60 503 ( 11680) 
80 476 ( 11680) 
86 468 ( 11682) 
75 483 ( 11685) 
81 475 ( 11687) 
82 474 ( 11694) 
88 466 ( 11696) 
68 493 ( 11696) 
77 481 ( 11699) 
83 473 ( 11701) 
78 480 ( 11706) 
73 487 ( 11711) 
74 486 ( 11718) 
80 478 ( 11720) 
60 505 ( 11720) 
69 493 ( 11723) 
75 485 ( 11725) 
90 465 ( 11730) 
110 438 ( 11730) 
82 476 ( 11734) 
105 445 ( 11735) 
77 483 ( 11739) 
106 444 ( 11742) 
86 471 ( 11742) 
75 486 ( 11745) 
95 459 ( 11745) 
101 451 ( 11747) 
71 492 ( 11757)  terminou de analisar T
it = 2
74 474 ( 52060) 
110 438 ( 52060)  dentro de T maisDistante = 169 438

133 415 ( 52060)  dentro de T maisDistante = 110 474

169 379 ( 52060) 
70 480 ( 52250) 
69 481 ( 52250) 
105 445 ( 52250)  dentro de T maisDistante = 169 415

106 444 ( 52250)  dentro de T maisDistante = 169 415

129 421 ( 52250)  dentro de T maisDistante = 169 415

165 385 ( 52250)  dentro de T maisDistante = 165 415

92 458 ( 52250)  dentro de T maisDistante = 165 415

151 399 ( 52250)  dentro de T maisDistante = 129 438

104 448 ( 52440)  dentro de T maisDistante = 129 438

88 464 ( 52440)  dentro de T maisDistante = 129 438

101 451 ( 52440)  dentro de T maisDistante = 129 438

70 482 ( 52440) 
65 487 ( 52440) 
106 446 ( 52440) 
129 423 ( 52440) 
165 387 ( 52440) 
87 465 ( 52440)  dentro de T maisDistante = 129 438

163 389 ( 52440)  dentro de T maisDistante = 129 438

147 405 ( 52440)  dentro de T maisDistante = 129 438

132 421 ( 52535) 
168 385 ( 52535) 
191 362 ( 52535)  fora de T e dentro de T' mais_distante = 227 362
OK

227 326 ( 52535) 
131 423 ( 52630) 
99 455 ( 52630)  dentro de T maisDistante = 129 438

100 454 ( 52630)  dentro de T maisDistante = 129 438

88 466 ( 52630) 
143 411 ( 52630)  dentro de T maisDistante = 129 438

95 459 ( 52630) 
83 471 ( 52630)  dentro de T maisDistante = 129 438

84 470 ( 52630)  dentro de T maisDistante = 129 438

65 489 ( 52630) 
86 468 ( 52630)  dentro de T maisDistante = 129 438

145 409 ( 52630)  dentro de T maisDistante = 129 438

101 453 ( 52630) 
159 395 ( 52630)  dentro de T maisDistante = 129 438

147 407 ( 52630) 
74 481 ( 52725) 
90 465 ( 52725) 
54 501 ( 52725) 
113 442 ( 52725) 
110 445 ( 52725) 
133 422 ( 52725) 
149 406 ( 52725) 
169 386 ( 52725) 
150 405 ( 52725) 
127 428 ( 52725)  dentro de T maisDistante = 127 438

209 346 ( 52725)  fora de T e dentro de T' mais_distante = 191 379
OK

163 392 ( 52725) 
139 416 ( 52725) 
164 391 ( 52725) 
175 380 ( 52725) 
128 427 ( 52725)  dentro de T maisDistante = 127 438

223 332 ( 52725)  fora de T e dentro de T' mais_distante = 191 379
OK

187 368 ( 52725)  fora de T e dentro de T' mais_distante = 209 362
OK

91 465 ( 52820) 
134 422 ( 52820) 
113 443 ( 52820) 
95 461 ( 52820) 
100 456 ( 52820) 
83 473 ( 52820) 
188 368 ( 52820) 
81 475 ( 52820) 
79 477 ( 52820) 
170 386 ( 52820) 
139 417 ( 52820) 
80 476 ( 52820) 
127 429 ( 52820) 
82 474 ( 52820) 
141 415 ( 52820) 
125 431 ( 52820)  dentro de T maisDistante = 125 438

159 397 ( 52820) 
129 427 ( 52820) 
184 372 ( 52820)  fora de T e dentro de T' mais_distante = 209 362
OK

108 449 ( 52915) 
69 488 ( 52915) 
152 405 ( 52915) 
144 413 ( 52915) 
92 465 ( 52915) 
145 412 ( 52915) 
72 485 ( 52915) 
167 390 ( 52915) 
145 412 ( 52915) 
131 426 ( 52915) 
134 423 ( 52915) 
146 411 ( 52915) 
86 471 ( 52915) 
205 352 ( 52915)  fora de T e dentro de T' mais_distante = 223 346
OK

105 452 ( 52915) 
157 400 ( 52915) 
170 387 ( 52915) 
203 354 ( 52915)  fora de T e dentro de T' mais_distante = 223 346
OK

159 398 ( 52915) 
123 434 ( 52915)  dentro de T maisDistante = 123 438

164 393 ( 52915) 
109 448 ( 52915) 
223 334 ( 52915) 
153 404 ( 52915) 
128 429 ( 52915) 
212 345 ( 52915)  fora de T e dentro de T' mais_distante = 223 345
OK

187 370 ( 52915) 
50 507 ( 52915) 
189 368 ( 52915) 
188 369 ( 52915) 
248 309 ( 52915) 
151 406 ( 52915) 
124 434 ( 53010) 
167 391 ( 53010) 
143 415 ( 53010) 
130 428 ( 53010) 
203 355 ( 53010) 
108 450 ( 53010) 
78 480 ( 53010) 
77 481 ( 53010) 
120 438 ( 53010) 
127 431 ( 53010) 
75 483 ( 53010) 
137 421 ( 53010) 
152 406 ( 53010) 
107 451 ( 53010) 
82 476 ( 53010) 
139 419 ( 53010) 
141 417 ( 53010) 
125 433 ( 53010) 
80 478 ( 53010) 
121 437 ( 53010)  dentro de T maisDistante = 123 437

125 433 ( 53010) 
180 378 ( 53010)  fora de T e dentro de T' mais_distante = 223 345
OK

144 414 ( 53010) 
95 463 ( 53010) 
109 449 ( 53010) 
184 374 ( 53010) 
91 467 ( 53010) 
166 392 ( 53010) 
202 356 ( 53010)  fora de T e dentro de T' mais_distante = 223 345
OK

166 392 ( 53010) 
86 473 ( 53105) 
199 360 ( 53105)  fora de T e dentro de T' mais_distante = 223 345
OK

142 417 ( 53105) 
68 491 ( 53105) 
109 450 ( 53105) 
135 424 ( 53105) 
140 419 ( 53105) 
141 418 ( 53105) 
127 432 ( 53105) 
104 455 ( 53105) 
152 407 ( 53105) 
149 410 ( 53105) 
146 413 ( 53105) 
159 400 ( 53105) 
148 411 ( 53105) 
185 374 ( 53105) 
201 358 ( 53105)  fora de T e dentro de T' mais_distante = 223 345
OK

170 389 ( 53105) 
148 411 ( 53105) 
123 436 ( 53105) 
171 388 ( 53105) 
184 375 ( 53105) 
87 472 ( 53105) 
145 414 ( 53105) 
126 433 ( 53105) 
50 509 ( 53105) 
169 390 ( 53105) 
171 388 ( 53105) 
139 420 ( 53105) 
153 406 ( 53105) 
208 351 ( 53105)  fora de T e dentro de T' mais_distante = 223 345
OK

104 455 ( 53105) 
184 375 ( 53105) 
163 396 ( 53105) 
205 354 ( 53105) 
230 329 ( 53105) 
244 315 ( 53105) 
189 370 ( 53105) 
103 456 ( 53105) 
185 374 ( 53105) 
163 396 ( 53105) 
103 457 ( 53200)  terminou de analisar T
it = 3
169 379 ( 30939) 
227 326 ( 30939) 
248 309 ( 31066) 
165 385 ( 31075) 
223 332 ( 31075)  dentro de T maisDistante = 223 379

191 362 ( 31119)  dentro de T maisDistante = 223 362

133 415 ( 31119) 
209 346 ( 31145)  dentro de T maisDistante = 191 379

151 399 ( 31145) 
223 334 ( 31191) 
165 387 ( 31191) 
163 389 ( 31201) 
244 315 ( 31202) 
252 308 ( 31220) 
110 438 ( 31234) 
168 385 ( 31234) 
212 345 ( 31246)  dentro de T maisDistante = 191 379

187 368 ( 31255)  dentro de T maisDistante = 209 362

129 421 ( 31255) 
230 329 ( 31272) 
205 352 ( 31281)  dentro de T maisDistante = 187 379

147 405 ( 31281) 
203 354 ( 31291)  dentro de T maisDistante = 187 379

188 368 ( 31308) 
246 315 ( 31308) 
175 380 ( 31315) 
233 327 ( 31315) 
184 372 ( 31328)  dentro de T maisDistante = 223 345

159 395 ( 31337) 
169 386 ( 31345) 
227 333 ( 31345) 
203 355 ( 31349) 
261 302 ( 31349) 
202 356 ( 31354)  dentro de T maisDistante = 223 345

260 303 ( 31354) 
248 314 ( 31356) 
189 368 ( 31361) 
188 369 ( 31366) 
246 316 ( 31366) 
164 391 ( 31370) 
106 444 ( 31370) 
187 370 ( 31371) 
129 423 ( 31371) 
105 445 ( 31375) 
163 392 ( 31375) 
208 351 ( 31382)  dentro de T maisDistante = 223 345

205 354 ( 31397) 
147 407 ( 31397) 
170 386 ( 31398) 
228 333 ( 31398) 
216 344 ( 31400)  dentro de T maisDistante = 223 344

145 409 ( 31407) 
226 335 ( 31408) 
74 474 ( 31414) 
132 421 ( 31414) 
201 358 ( 31417)  dentro de T maisDistante = 223 344

143 411 ( 31417) 
224 337 ( 31418) 
234 328 ( 31426) 
199 360 ( 31427)  dentro de T maisDistante = 223 344

267 298 ( 31435) 
92 458 ( 31440) 
150 405 ( 31440) 
254 310 ( 31442) 
184 374 ( 31444) 
242 321 ( 31444) 
149 406 ( 31445) 
311 258 ( 31447) 
253 311 ( 31447) 
159 397 ( 31453) 
228 334 ( 31456) 
170 387 ( 31456) 
180 378 ( 31464)  dentro de T maisDistante = 223 344

261 304 ( 31465) 
203 357 ( 31465) 
167 390 ( 31471) 
282 285 ( 31476) 
189 370 ( 31477) 
131 423 ( 31477) 
293 275 ( 31479) 
235 328 ( 31479) 
281 286 ( 31481) 
246 318 ( 31482) 
164 393 ( 31486) 
106 446 ( 31486) 
256 309 ( 31490) 
198 362 ( 31490) 
267 299 ( 31493) 
197 363 ( 31495) 
139 416 ( 31495) 
104 448 ( 31496) 
185 374 ( 31497) 
185 374 ( 31497) 
184 375 ( 31502) 
184 375 ( 31502) 
242 322 ( 31502) 
264 302 ( 31508) 
206 355 ( 31508) 
252 313 ( 31510) 
194 366 ( 31510) 
101 451 ( 31511) 
159 398 ( 31511) 
193 367 ( 31515) 
297 272 ( 31517) 
239 325 ( 31517) 
215 347 ( 31521) 
157 400 ( 31521) 
249 316 ( 31525) 
133 422 ( 31525) 
191 369 ( 31525) 
225 338 ( 31529) 
167 391 ( 31529) 
166 392 ( 31534) 
224 339 ( 31534) 
166 392 ( 31534) 
212 350 ( 31536) 
153 404 ( 31541) 
141 415 ( 31543) 
199 362 ( 31543) 
222 341 ( 31544)  dentro de T maisDistante = 222 344

152 405 ( 31546) 
210 352 ( 31546) 
128 427 ( 31550) 
70 480 ( 31550) 
151 406 ( 31551) 
209 353 ( 31551) 
139 417 ( 31553) 
197 364 ( 31553) 
220 343 ( 31554)  dentro de T maisDistante = 184 378

243 322 ( 31555) 
69 481 ( 31555) 
127 428 ( 31555) 
185 375 ( 31555) 
196 365 ( 31558) 
254 312 ( 31558) 
242 323 ( 31560) 
184 376 ( 31560) 
230 334 ( 31562) 
253 313 ( 31563) 
311 260 ( 31563) 
171 388 ( 31567) 
171 388 ( 31567) 
229 335 ( 31567) 
182 378 ( 31570) 
263 304 ( 31571) 
286 283 ( 31572) 
228 336 ( 31572) 
228 336 ( 31572) 
170 389 ( 31572) 
332 241 ( 31574) 
146 411 ( 31576) 
88 464 ( 31576) 
169 390 ( 31577) 
134 422 ( 31578) 
192 369 ( 31578) 
145 412 ( 31581) 
87 465 ( 31581) 
145 412 ( 31581) 
249 317 ( 31583) 
144 413 ( 31586) 
271 297 ( 31589) 
293 277 ( 31595) 
235 330 ( 31595) 
258 309 ( 31596) 
188 373 ( 31598) 
129 427 ( 31603) 
187 374 ( 31603) 
210 353 ( 31604) 
210 353 ( 31604) 
152 406 ( 31604) 
256 311 ( 31606) 
198 364 ( 31606) 
314 258 ( 31606) 
163 396 ( 31607) 
163 396 ( 31607) 
267 301 ( 31609) 
197 365 ( 31611) 
127 429 ( 31613) 
185 376 ( 31613) 
196 366 ( 31616) 
277 292 ( 31617) 
242 324 ( 31618) 
242 324 ( 31618) 
184 377 ( 31618) 
218 346 ( 31622) 
125 431 ( 31623) 
206 357 ( 31624) 
113 442 ( 31625) 
252 315 ( 31626) 
194 368 ( 31626) 
275 294 ( 31627) 
217 347 ( 31627) 
159 400 ( 31627) 
101 453 ( 31627) 
182 379 ( 31628) 
263 305 ( 31629) 
286 284 ( 31630) 
100 454 ( 31632) 
181 380 ( 31633) 
285 285 ( 31635) 
285 285 ( 31635) 
192 370 ( 31636) 
134 423 ( 31636) 
273 296 ( 31637) 
99 455 ( 31637) 
180 381 ( 31638) 
110 445 ( 31640) 
168 392 ( 31640) 
202 361 ( 31644) 
260 308 ( 31644) 
202 361 ( 31644) 
144 414 ( 31644) 
225 340 ( 31645) 
167 393 ( 31645) 
271 298 ( 31647) 
213 351 ( 31647) 
236 330 ( 31648) 
143 415 ( 31649) 
201 362 ( 31649) 
166 394 ( 31650) 
224 341 ( 31650) 
131 426 ( 31651) 
189 373 ( 31651) 
293 278 ( 31653) 
293 278 ( 31653) 
235 331 ( 31653) 
235 331 ( 31653) 
246 321 ( 31656) 
188 374 ( 31656) 
153 406 ( 31657) 
95 459 ( 31657) 
234 332 ( 31658) 
292 279 ( 31658) 
257 311 ( 31659) 
199 364 ( 31659) 
141 417 ( 31659) 
164 396 ( 31660) 
222 343 ( 31660) 
245 322 ( 31661) 
210 354 ( 31662) 
152 407 ( 31662) 
128 429 ( 31666) 
70 482 ( 31666) 
209 355 ( 31667) 
197 366 ( 31669) 
139 419 ( 31669) 
162 398 ( 31670) 
185 377 ( 31671) 
243 324 ( 31671) 
231 335 ( 31673) 
254 314 ( 31674) 
196 367 ( 31674) 
149 410 ( 31677)  terminou de analisar T
it = 4
227 326 ( 53525) 
248 309 ( 53525)  dentro de T maisDistante = 332 309

311 258 ( 53525)  dentro de T maisDistante = 311 309

332 241 ( 53525) 
311 260 ( 53735) 
252 308 ( 53760)  dentro de T maisDistante = 311 308

336 240 ( 53760)  fora de T e dentro de T' mais_distante = 381 240
OK

314 258 ( 53780) 
293 275 ( 53780)  dentro de T maisDistante = 293 308

297 272 ( 53805)  dentro de T maisDistante = 293 308

381 204 ( 53805) 
244 315 ( 53815)  dentro de T maisDistante = 293 308

223 332 ( 53815) 
282 285 ( 53895)  dentro de T maisDistante = 282 308

261 302 ( 53895)  dentro de T maisDistante = 282 302

260 303 ( 53915)  dentro de T maisDistante = 282 302

281 286 ( 53915)  dentro de T maisDistante = 281 302

336 242 ( 53970) 
267 298 ( 53985)  dentro de T maisDistante = 332 258

330 247 ( 53985)  dentro de T maisDistante = 281 298

246 315 ( 53985) 
351 230 ( 53985)  fora de T e dentro de T' mais_distante = 381 230
OK

293 277 ( 53990) 
318 257 ( 54015)  dentro de T maisDistante = 281 298

391 198 ( 54025) 
307 266 ( 54025)  dentro de T maisDistante = 281 298

286 283 ( 54025)  dentro de T maisDistante = 281 298

223 334 ( 54025) 
370 215 ( 54025)  fora de T e dentro de T' mais_distante = 370 230
OK

406 186 ( 54040) 
322 254 ( 54040)  dentro de T maisDistante = 281 298

248 314 ( 54050) 
363 221 ( 54060)  fora de T e dentro de T' mais_distante = 351 240
OK

246 316 ( 54090) 
267 299 ( 54090) 
314 261 ( 54095) 
209 346 ( 54095) 
293 278 ( 54095) 
293 278 ( 54095) 
230 329 ( 54095) 
382 206 ( 54100) 
298 274 ( 54100) 
261 304 ( 54105) 
292 279 ( 54115)  dentro de T maisDistante = 281 298

313 262 ( 54115) 
286 284 ( 54130) 
233 327 ( 54140) 
254 310 ( 54140) 
348 234 ( 54150)  fora de T e dentro de T' mais_distante = 363 230
OK

285 285 ( 54150) 
264 302 ( 54150) 
369 217 ( 54150)  fora de T e dentro de T' mais_distante = 363 230
OK

285 285 ( 54150) 
169 379 ( 54160) 
253 311 ( 54160) 
347 235 ( 54170)  fora de T e dentro de T' mais_distante = 363 230
OK

326 252 ( 54170)  dentro de T maisDistante = 281 298

331 248 ( 54175) 
277 292 ( 54205)  dentro de T maisDistante = 244 326

256 309 ( 54205) 
271 297 ( 54220)  dentro de T maisDistante = 244 326

355 229 ( 54220)  fora de T e dentro de T' mais_distante = 363 229
OK

402 191 ( 54225) 
297 276 ( 54225) 
381 208 ( 54225) 
370 217 ( 54235) 
333 247 ( 54240) 
312 264 ( 54240) 
296 277 ( 54245) 
212 345 ( 54245) 
275 294 ( 54245)  dentro de T maisDistante = 244 326

191 362 ( 54245) 
227 333 ( 54260) 
311 265 ( 54260) 
332 248 ( 54260) 
263 304 ( 54275) 
242 321 ( 54275)  dentro de T maisDistante = 242 326

373 215 ( 54280) 
352 232 ( 54280) 
315 262 ( 54285) 
294 279 ( 54285) 
273 296 ( 54285)  dentro de T maisDistante = 242 326

252 313 ( 54285) 
388 203 ( 54295) 
330 250 ( 54300) 
351 233 ( 54300) 
267 301 ( 54300) 
246 318 ( 54300) 
440 161 ( 54305) 
356 229 ( 54305) 
293 280 ( 54305) 
303 272 ( 54315) 
282 289 ( 54315) 
292 281 ( 54325) 
271 298 ( 54325) 
234 328 ( 54330) 
318 260 ( 54330) 
318 260 ( 54330) 
302 273 ( 54335) 
386 205 ( 54335) 
286 286 ( 54340) 
228 333 ( 54345) 
249 316 ( 54345) 
317 261 ( 54350) 
296 278 ( 54350) 
254 312 ( 54350) 
275 295 ( 54350) 
275 295 ( 54350) 
317 261 ( 54350) 
364 223 ( 54355) 
280 291 ( 54355)  dentro de T maisDistante = 242 326

301 274 ( 54355) 
348 236 ( 54360) 
253 313 ( 54370) 
316 262 ( 54370) 
363 224 ( 54375) 
279 292 ( 54375) 
258 309 ( 54375) 
326 254 ( 54380) 
242 322 ( 54380) 
263 305 ( 54380) 
226 335 ( 54385) 
205 352 ( 54385) 
294 280 ( 54390) 
362 225 ( 54395)  fora de T e dentro de T' mais_distante = 381 215
OK

341 242 ( 54395) 
320 259 ( 54395) 
330 251 ( 54405) 
351 234 ( 54405) 
351 234 ( 54405) 
356 230 ( 54410) 
256 311 ( 54415) 
235 328 ( 54415) 
340 243 ( 54415) 
319 260 ( 54415) 
303 273 ( 54420) 
203 354 ( 54425) 
224 337 ( 54425) 
287 286 ( 54425) 
308 269 ( 54425) 
418 180 ( 54430) 
334 248 ( 54430) 
381 210 ( 54435) 
281 291 ( 54440) 
281 291 ( 54440) 
260 308 ( 54440) 
239 325 ( 54440)  dentro de T maisDistante = 242 325

323 257 ( 54440) 
312 266 ( 54450) 
249 317 ( 54450) 
228 334 ( 54450) 
396 198 ( 54450) 
165 385 ( 54450) 
275 296 ( 54455) 
280 292 ( 54460) 
301 275 ( 54460) 
243 322 ( 54465) 
264 305 ( 54465) 
332 250 ( 54470) 
311 267 ( 54470) 
337 246 ( 54475) 
300 276 ( 54480) 
216 344 ( 54480) 
410 187 ( 54485) 
326 255 ( 54485) 
305 272 ( 54485) 
242 323 ( 54485) 
326 255 ( 54485) 
389 204 ( 54485) 
331 251 ( 54490) 
352 234 ( 54490) 
252 315 ( 54495) 
294 281 ( 54495) 
257 311 ( 54500) 
278 294 ( 54500) 
367 222 ( 54505) 
451 154 ( 54505) 
325 256 ( 54505) 
346 239 ( 54505)  fora de T e dentro de T' mais_distante = 381 215
OK

330 252 ( 54510) 
267 303 ( 54510) 
298 278 ( 54520) 
319 261 ( 54520) 
319 261 ( 54520) 
277 295 ( 54520) 
261 308 ( 54525) 
282 291 ( 54525) 
345 240 ( 54525) 
266 304 ( 54530) 
287 287 ( 54530) 
203 355 ( 54530) 
208 351 ( 54535) 
187 368 ( 54535) 
381 211 ( 54540) 
297 279 ( 54540) 
297 279 ( 54540) 
386 207 ( 54545) 
202 356 ( 54550) 
265 305 ( 54550) 
286 288 ( 54550) 
312 267 ( 54555) 
333 250 ( 54555) 
296 280 ( 54560) 
317 263 ( 54560) 
401 195 ( 54560) 
254 314 ( 54560) 
422 178 ( 54560) 
380 212 ( 54560)  fora de T e dentro de T' mais_distante = 362 229
OK

401 195 ( 54560) 
275 297 ( 54560) 
280 293 ( 54565) 
364 225 ( 54565) 
322 259 ( 54565) 
332 251 ( 54575) 
311 268 ( 54575) 
400 196 ( 54580) 
316 264 ( 54580) 
253 315 ( 54580) 
300 277 ( 54585) 
279 294 ( 54585) 
342 243 ( 54585) 
305 273 ( 54590) 
263 307 ( 54590) 
368 222 ( 54590) 
242 324 ( 54590) 
326 256 ( 54590) 
242 324 ( 54590) 
305 273 ( 54590) 
352 235 ( 54595) 
352 235 ( 54595) 
268 303 ( 54595) 
373 218 ( 54595) 
352 235 ( 54595) 
331 252 ( 54595) 
289 286 ( 54595) 
205 354 ( 54595) 
252 316 ( 54600) 
273 299 ( 54600) 
357 231 ( 54600) 
441 163 ( 54600) 
299 278 ( 54605) 
341 244 ( 54605) 
320 261 ( 54605) 
283 291 ( 54610) 
367 223 ( 54610) 
267 304 ( 54615) 
351 236 ( 54615) 
330 253 ( 54615) 
225 338 ( 54615) 
372 219 ( 54615) 
246 321 ( 54615) 
372 219 ( 54615) 
456 151 ( 54615) 
330 253 ( 54615) 
188 368 ( 54620) 
272 300 ( 54620) 
230 334 ( 54620) 
235 330 ( 54625) 
298 279 ( 54625) 
298 279 ( 54625) 
282 292 ( 54630) 
324 258 ( 54630) 
261 309 ( 54630) 
387 207 ( 54630) 
345 241 ( 54630) 
224 339 ( 54635) 
245 322 ( 54635) 
287 288 ( 54635) 
229 335 ( 54640) 
292 284 ( 54640) 
313 267 ( 54640) 
260 310 ( 54650) 
260 310 ( 54650) 
328 255 ( 54655) 
228 336 ( 54660) 
249 319 ( 54660) 
165 387 ( 54660) 
312 268 ( 54660) 
228 336 ( 54660) 
317 264 ( 54665) 
275 298 ( 54665) 
385 209 ( 54670) 
406 192 ( 54670) 
280 294 ( 54670) 
301 277 ( 54670) 
280 294 ( 54670) 
364 226 ( 54670) 
280 294 ( 54670) 
201 358 ( 54675) 
222 341 ( 54675) 
390 205 ( 54675) 
243 324 ( 54675) 
311 269 ( 54680) 
269 303 ( 54680) 
290 286 ( 54680) 
332 252 ( 54680) 
274 299 ( 54685) 
295 282 ( 54685) 
253 316 ( 54685) 
400 197 ( 54685) 
400 197 ( 54685) 
316 265 ( 54685) 
363 227 ( 54690) 
279 295 ( 54690) 
305 274 ( 54695)  terminou de analisar T
it = 5
332 241 ( 24093) 
381 204 ( 24093) 
406 186 ( 24136) 
311 258 ( 24149) 
440 161 ( 24169) 
391 198 ( 24169) 
336 240 ( 24192)  dentro de T maisDistante = 381 240

370 215 ( 24225)  dentro de T maisDistante = 370 240

382 206 ( 24228) 
451 154 ( 24233) 
402 191 ( 24233) 
311 260 ( 24247) 
351 230 ( 24257)  dentro de T maisDistante = 370 230

314 258 ( 24260) 
363 221 ( 24260)  dentro de T maisDistante = 351 240

456 151 ( 24271) 
369 217 ( 24286)  dentro de T maisDistante = 351 240

418 180 ( 24286) 
381 208 ( 24289) 
336 242 ( 24290) 
388 203 ( 24303) 
441 163 ( 24304) 
330 247 ( 24313) 
293 275 ( 24316) 
297 272 ( 24317) 
248 309 ( 24317) 
370 217 ( 24323) 
386 205 ( 24327) 
410 187 ( 24333) 
422 178 ( 24336) 
373 215 ( 24336) 
348 234 ( 24342)  dentro de T maisDistante = 363 230

396 198 ( 24354) 
347 235 ( 24354)  dentro de T maisDistante = 363 230

355 229 ( 24356)  dentro de T maisDistante = 363 229

318 257 ( 24359) 
322 254 ( 24360) 
452 156 ( 24368) 
227 326 ( 24373) 
381 210 ( 24387) 
389 204 ( 24389) 
352 232 ( 24392) 
401 195 ( 24392) 
401 195 ( 24392) 
450 158 ( 24392) 
307 266 ( 24393) 
356 229 ( 24393) 
364 223 ( 24395) 
331 248 ( 24399) 
282 285 ( 24399) 
351 233 ( 24404) 
400 196 ( 24404) 
363 224 ( 24407) 
314 261 ( 24407) 
326 252 ( 24410) 
281 286 ( 24411) 
293 277 ( 24414) 
252 308 ( 24416) 
362 225 ( 24419)  dentro de T maisDistante = 381 215

313 262 ( 24419) 
419 182 ( 24421) 
333 247 ( 24424) 
386 207 ( 24425) 
406 192 ( 24430) 
455 155 ( 24430) 
332 248 ( 24436) 
381 211 ( 24436) 
438 168 ( 24438) 
348 236 ( 24440) 
356 230 ( 24442) 
380 212 ( 24448)  dentro de T maisDistante = 362 229

286 283 ( 24449) 
298 274 ( 24452) 
351 234 ( 24453) 
400 197 ( 24453) 
351 234 ( 24453) 
400 197 ( 24453) 
261 302 ( 24455) 
367 222 ( 24457) 
330 250 ( 24460) 
387 207 ( 24462) 
293 278 ( 24463) 
293 278 ( 24463) 
244 315 ( 24463) 
260 303 ( 24467) 
460 152 ( 24468) 
423 180 ( 24471) 
341 242 ( 24475) 
390 205 ( 24475) 
292 279 ( 24475) 
312 264 ( 24480) 
267 298 ( 24481) 
422 181 ( 24483) 
373 218 ( 24483) 
385 209 ( 24486) 
340 243 ( 24487) 
397 200 ( 24489) 
352 234 ( 24490) 
405 194 ( 24491) 
311 265 ( 24492) 
364 225 ( 24493) 
315 262 ( 24493) 
368 222 ( 24494) 
372 219 ( 24495) 
421 182 ( 24495) 
372 219 ( 24495) 
286 284 ( 24498) 
392 204 ( 24500) 
318 260 ( 24506) 
367 223 ( 24506) 
318 260 ( 24506) 
326 254 ( 24508) 
330 251 ( 24509) 
285 285 ( 24510) 
334 248 ( 24510) 
285 285 ( 24510) 
346 239 ( 24513)  dentro de T maisDistante = 362 229

395 202 ( 24513) 
297 276 ( 24513) 
317 261 ( 24518) 
317 261 ( 24518) 
223 332 ( 24519) 
337 246 ( 24523) 
296 277 ( 24525) 
345 240 ( 24525) 
451 160 ( 24527) 
357 231 ( 24528) 
267 299 ( 24530) 
316 262 ( 24530) 
320 259 ( 24531) 
332 250 ( 24534) 
389 207 ( 24536) 
246 315 ( 24537) 
401 198 ( 24539) 
352 235 ( 24539) 
352 235 ( 24539) 
352 235 ( 24539) 
303 272 ( 24539) 
401 198 ( 24539) 
364 226 ( 24542) 
319 260 ( 24543) 
323 257 ( 24544) 
380 214 ( 24546) 
331 251 ( 24546) 
294 279 ( 24549) 
351 236 ( 24551) 
302 273 ( 24551) 
261 304 ( 24553) 
363 227 ( 24554) 
371 221 ( 24556) 
326 255 ( 24557) 
326 255 ( 24557) 
277 292 ( 24557) 
330 252 ( 24558) 
383 212 ( 24559) 
342 243 ( 24561) 
293 280 ( 24561) 
248 314 ( 24562) 
301 274 ( 24563) 
456 157 ( 24565) 
264 302 ( 24566) 
325 256 ( 24569) 
374 219 ( 24569) 
423 182 ( 24569) 
382 213 ( 24571) 
333 250 ( 24571) 
382 213 ( 24571) 
292 281 ( 24573) 
341 244 ( 24573) 
345 241 ( 24574) 
296 278 ( 24574) 
308 269 ( 24577) 
357 232 ( 24577) 
406 195 ( 24577) 
312 266 ( 24578) 
271 297 ( 24580) 
275 294 ( 24581) 
332 251 ( 24583) 
385 211 ( 24584) 
246 316 ( 24586) 
254 310 ( 24588) 
401 199 ( 24588) 
401 199 ( 24588) 
303 273 ( 24588) 
405 196 ( 24589) 
454 159 ( 24589) 
311 267 ( 24590) 
368 224 ( 24592) 
319 261 ( 24592) 
319 261 ( 24592) 
376 218 ( 24594) 
331 252 ( 24595) 
282 289 ( 24595) 
286 286 ( 24596) 
437 172 ( 24597) 
294 280 ( 24598) 
253 311 ( 24600) 
355 234 ( 24601) 
404 197 ( 24601) 
273 296 ( 24605) 
322 259 ( 24605) 
375 219 ( 24606) 
326 256 ( 24606) 
330 253 ( 24607) 
330 253 ( 24607) 
391 207 ( 24610) 
350 238 ( 24612) 
350 238 ( 24612) 
350 238 ( 24612) 
399 201 ( 24612) 
399 201 ( 24612) 
301 275 ( 24612) 
256 309 ( 24613) 
305 272 ( 24613) 
366 226 ( 24616)  terminou de analisar T
it = 6
381 204 ( 28419) 
440 161 ( 28419) 
406 186 ( 28432)  dentro de T maisDistante = 440 186

451 154 ( 28479) 
332 241 ( 28495) 
391 198 ( 28495)  dentro de T maisDistante = 440 186

456 151 ( 28517) 
402 191 ( 28555)  dentro de T maisDistante = 440 186

441 163 ( 28580) 
382 206 ( 28580) 
418 180 ( 28594)  dentro de T maisDistante = 440 180

370 215 ( 28595) 
311 258 ( 28595) 
336 240 ( 28608) 
452 156 ( 28640) 
363 221 ( 28648) 
422 178 ( 28648)  dentro de T maisDistante = 440 178

381 208 ( 28655) 
388 203 ( 28661)  dentro de T maisDistante = 440 178

351 230 ( 28663) 
410 187 ( 28663) 
369 217 ( 28670) 
450 158 ( 28672)  fora de T e dentro de T' mais_distante = 450 161
OK

386 205 ( 28693) 
396 198 ( 28710) 
455 155 ( 28710) 
370 217 ( 28713) 
311 260 ( 28713) 
314 258 ( 28724) 
373 215 ( 28724) 
336 242 ( 28726) 
438 168 ( 28746)  dentro de T maisDistante = 438 178

401 195 ( 28748)  dentro de T maisDistante = 438 178

401 195 ( 28748) 
460 152 ( 28748) 
419 182 ( 28755) 
330 247 ( 28763) 
389 204 ( 28763) 
400 196 ( 28764)  dentro de T maisDistante = 438 178

348 234 ( 28770) 
381 210 ( 28773) 
355 229 ( 28776) 
347 235 ( 28786) 
406 192 ( 28786) 
423 180 ( 28809) 
364 223 ( 28809) 
386 207 ( 28811) 
297 272 ( 28819) 
356 229 ( 28819) 
400 197 ( 28823) 
400 197 ( 28823) 
293 275 ( 28824) 
352 232 ( 28824) 
363 224 ( 28825) 
422 181 ( 28825) 
381 211 ( 28832) 
322 254 ( 28832) 
451 160 ( 28833) 
318 257 ( 28837) 
351 233 ( 28840) 
362 225 ( 28841) 
421 182 ( 28841) 
380 212 ( 28848) 
387 207 ( 28854) 
405 194 ( 28861) 
331 248 ( 28865) 
390 205 ( 28865) 
397 200 ( 28871) 
456 157 ( 28871) 
356 230 ( 28878) 
367 222 ( 28879) 
326 252 ( 28886) 
385 209 ( 28886) 
348 236 ( 28888) 
333 247 ( 28892) 
392 204 ( 28892) 
248 309 ( 28895) 
307 266 ( 28895) 
351 234 ( 28899) 
351 234 ( 28899) 
314 261 ( 28901) 
373 218 ( 28901) 
454 159 ( 28903) 
395 202 ( 28903) 
332 248 ( 28908) 
372 219 ( 28917) 
313 262 ( 28917) 
372 219 ( 28917) 
368 222 ( 28922) 
401 198 ( 28925) 
401 198 ( 28925) 
423 182 ( 28927) 
364 225 ( 28927) 
367 223 ( 28938) 
437 172 ( 28939)  dentro de T maisDistante = 437 178

330 250 ( 28940) 
389 207 ( 28940) 
341 242 ( 28941) 
282 285 ( 28941) 
293 277 ( 28942) 
352 234 ( 28942) 
340 243 ( 28957) 
281 286 ( 28957) 
406 195 ( 28963) 
380 214 ( 28966) 
383 212 ( 28977) 
442 169 ( 28977) 
405 196 ( 28979) 
346 239 ( 28979) 
357 231 ( 28980) 
298 274 ( 28980) 
401 199 ( 28984) 
401 199 ( 28984) 
364 226 ( 28986) 
423 183 ( 28986) 
434 175 ( 28987)  dentro de T maisDistante = 434 178

312 264 ( 28992) 
371 221 ( 28992) 
382 213 ( 28993) 
382 213 ( 28993) 
334 248 ( 28994) 
345 240 ( 28995) 
404 197 ( 28995) 
286 283 ( 28995) 
227 326 ( 28995) 
330 251 ( 28999) 
293 278 ( 29001) 
352 235 ( 29001) 
352 235 ( 29001) 
293 278 ( 29001) 
352 235 ( 29001) 
363 227 ( 29002) 
422 184 ( 29002) 
315 262 ( 29003) 
374 219 ( 29003) 
385 211 ( 29004) 
326 254 ( 29004) 
337 246 ( 29005) 
311 265 ( 29008) 
252 308 ( 29008) 
318 260 ( 29014) 
318 260 ( 29014) 
399 201 ( 29016) 
399 201 ( 29016) 
351 236 ( 29017) 
292 279 ( 29017) 
439 172 ( 29025) 
332 250 ( 29026) 
391 207 ( 29026) 
317 261 ( 29030) 
317 261 ( 29030) 
376 218 ( 29030) 
357 232 ( 29039) 
368 224 ( 29040) 
261 302 ( 29041) 
320 259 ( 29041) 
390 208 ( 29042) 
331 251 ( 29042) 
342 243 ( 29043) 
316 262 ( 29046) 
375 219 ( 29046) 
323 257 ( 29052) 
286 284 ( 29054) 
345 241 ( 29054) 
404 198 ( 29054) 
297 276 ( 29055) 
319 260 ( 29057) 
260 303 ( 29057) 
330 252 ( 29058) 
341 244 ( 29059) 
267 298 ( 29063) 
385 212 ( 29063) 
326 255 ( 29063) 
326 255 ( 29063) 
385 212 ( 29063) 
455 161 ( 29064) 
396 204 ( 29064) 
381 215 ( 29068) 
440 172 ( 29068) 
333 250 ( 29069) 
285 285 ( 29070) 
285 285 ( 29070) 
355 234 ( 29071) 
296 277 ( 29071) 
366 226 ( 29072) 
303 272 ( 29077) 
244 315 ( 29077) 
384 213 ( 29079) 
325 256 ( 29079) 
406 197 ( 29081) 
332 251 ( 29085) 
391 208 ( 29085) 
402 200 ( 29086) 
365 227 ( 29088) 
424 184 ( 29088) 
387 211 ( 29090) 
387 211 ( 29090) 
409 195 ( 29092) 
350 238 ( 29092) 
350 238 ( 29092) 
350 238 ( 29092) 
302 273 ( 29093) 
427 182 ( 29099) 
368 225 ( 29099) 
368 225 ( 29099) 
331 252 ( 29101) 
401 201 ( 29102) 
353 236 ( 29103) 
294 279 ( 29103) 
375 220 ( 29105) 
386 212 ( 29106) 
349 239 ( 29108) 
360 231 ( 29109) 
301 274 ( 29109) 
312 266 ( 29110) 
371 223 ( 29110) 
393 207 ( 29112) 
308 269 ( 29115) 
367 226 ( 29115) 
319 261 ( 29116) 
319 261 ( 29116) 
330 253 ( 29117) 
330 253 ( 29117) 
400 202 ( 29118) 
352 237 ( 29119) 
293 280 ( 29119) 
267 299 ( 29122) 
326 256 ( 29122) 
311 267 ( 29126) 
381 216 ( 29127) 
322 259 ( 29127) 
392 208 ( 29128) 
451 165 ( 29128) 
296 278 ( 29130) 
355 235 ( 29130) 
351 238 ( 29135) 
292 281 ( 29135) 
362 230 ( 29136) 
303 273 ( 29136) 
432 179 ( 29137) 
277 292 ( 29139) 
336 249 ( 29139) 
336 249 ( 29139) 
347 241 ( 29140) 
391 209 ( 29144) 
332 252 ( 29144) 
391 209 ( 29144) 
317 263 ( 29148) 
435 177 ( 29148) 
376 220 ( 29148) 
328 255 ( 29149) 
398 204 ( 29150) 
420 188 ( 29152) 
383 215 ( 29154) 
383 215 ( 29154) 
324 258 ( 29154) 
335 250 ( 29155) 
335 250 ( 29155) 
346 242 ( 29156) 
405 199 ( 29156) 
261 304 ( 29159) 
320 261 ( 29159) 
294 280 ( 29162) 
353 237 ( 29162) 
364 229 ( 29163) 
246 315 ( 29163) 
305 272 ( 29163) 
316 264 ( 29164)  terminou de analisar T
 fora de T e fora de T' - OK
OK - 7
it = 8
451 154 ( 2123) 
456 151 ( 2123) 
440 161 ( 2125) 
452 156 ( 2136) 
441 163 ( 2138)  terminou de analisar T
Fim da segunda fase ... 
1
0.01
Total: 0.01
Suportadas = 10
Nao suportadas = 95
TOTAL DE SOLUCOES = 105

SUPORTADAS: 

Arvore 1
0 1 2 83
1 4 2 90
0 3 6 82
5 6 7 92
3 5 12 85
2 6 21 75
(50 507)

Arvore 2
0 1 2 83
0 3 6 82
3 4 6 84
3 5 12 85
5 6 7 92
2 6 21 75
(54 501)

Arvore 3
0 1 2 83
0 3 6 82
3 4 6 84
3 6 27 65
2 6 21 75
3 5 12 85
(74 474)

Arvore 4
0 1 2 83
0 3 6 82
3 4 6 84
3 6 27 65
0 2 57 39
4 5 71 26
(169 379)

Arvore 5
0 1 2 83
1 6 85 12
0 3 6 82
4 5 71 26
0 2 57 39
3 4 6 84
(227 326)

Arvore 6
1 6 85 12
4 5 71 26
0 2 57 39
0 1 2 83
2 5 90 16
3 6 27 65
(332 241)

Arvore 7
1 6 85 12
4 5 71 26
0 2 57 39
2 5 90 16
2 3 76 28
0 1 2 83
(381 204)

Arvore 8
1 6 85 12
4 5 71 26
0 2 57 39
2 5 90 16
2 3 76 28
0 6 61 40
(440 161)

Arvore 9
1 6 85 12
4 5 71 26
2 5 90 16
0 2 57 39
2 3 76 28
1 5 72 33
(451 154)

Arvore 10
1 6 85 12
2 5 90 16
4 5 71 26
2 3 76 28
1 3 77 30
0 2 57 39
(456 151)


NAO SUPORTADAS: 
Arvore 11
0 1 2 83
0 3 6 82
3 4 6 84
5 6 7 92
3 6 27 65
2 6 21 75
(69 481)

Arvore 12
0 1 2 83
0 3 6 82
1 4 2 90
3 5 12 85
3 6 27 65
2 6 21 75
(70 480)

Arvore 13
0 1 2 83
0 3 6 82
1 4 2 90
5 6 7 92
3 6 27 65
2 6 21 75
(65 487)

Arvore 14
0 1 2 83
0 3 6 82
3 4 6 84
3 5 12 85
5 6 7 92
2 4 31 71
(64 497)

Arvore 15
0 1 2 83
0 3 6 82
3 4 6 84
3 6 27 65
0 2 57 39
3 5 12 85
(110 438)

Arvore 16
0 1 2 83
0 3 6 82
3 4 6 84
3 6 27 65
2 6 21 75
4 5 71 26
(133 415)

Arvore 17
0 1 2 83
0 3 6 82
3 4 6 84
3 6 27 65
0 2 57 39
5 6 7 92
(105 445)

Arvore 18
0 1 2 83
0 3 6 82
1 4 2 90
3 6 27 65
0 2 57 39
3 5 12 85
(106 444)

Arvore 19
0 1 2 83
0 3 6 82
1 4 2 90
3 6 27 65
2 6 21 75
4 5 71 26
(129 421)

Arvore 20
0 1 2 83
0 3 6 82
1 4 2 90
3 6 27 65
0 2 57 39
4 5 71 26
(165 385)

Arvore 21
0 1 2 83
0 3 6 82
3 4 6 84
3 6 27 65
3 5 12 85
1 2 39 59
(92 458)

Arvore 22
0 1 2 83
0 3 6 82
3 4 6 84
3 6 27 65
4 5 71 26
1 2 39 59
(151 399)

Arvore 23
0 1 2 83
0 3 6 82
3 4 6 84
2 6 21 75
0 2 57 39
3 5 12 85
(104 448)

Arvore 24
0 1 2 83
0 3 6 82
1 4 2 90
3 6 27 65
3 5 12 85
1 2 39 59
(88 464)

Arvore 25
0 1 2 83
0 3 6 82
1 4 2 90
3 6 27 65
0 2 57 39
5 6 7 92
(101 451)

Arvore 26
0 1 2 83
0 3 6 82
3 4 6 84
3 6 27 65
1 2 39 59
5 6 7 92
(87 465)

Arvore 27
0 1 2 83
0 3 6 82
3 4 6 84
2 6 21 75
0 2 57 39
4 5 71 26
(163 389)

Arvore 28
0 1 2 83
0 3 6 82
1 4 2 90
3 6 27 65
4 5 71 26
1 2 39 59
(147 405)

Arvore 29
0 1 2 83
0 3 6 82
3 4 6 84
2 6 21 75
0 2 57 39
5 6 7 92
(99 455)

Arvore 30
0 1 2 83
0 3 6 82
1 4 2 90
2 6 21 75
0 2 57 39
3 5 12 85
(100 454)

Arvore 31
0 1 2 83
0 3 6 82
3 4 6 84
3 6 27 65
4 5 71 26
2 4 31 71
(143 411)

Arvore 32
0 1 2 83
0 3 6 82
1 4 2 90
3 6 27 65
1 2 39 59
5 6 7 92
(83 471)

Arvore 33
0 1 2 83
0 3 6 82
3 4 6 84
3 6 27 65
3 5 12 85
2 4 31 71
(84 470)

Arvore 34
0 1 2 83
0 3 6 82
3 4 6 84
2 6 21 75
3 5 12 85
1 2 39 59
(86 468)

Arvore 35
0 1 2 83
0 3 6 82
3 4 6 84
2 6 21 75
4 5 71 26
1 2 39 59
(145 409)

Arvore 36
0 1 2 83
0 3 6 82
1 4 2 90
2 6 21 75
0 2 57 39
4 5 71 26
(159 395)

Arvore 37
0 1 2 83
0 3 6 82
3 4 6 84
2 6 21 75
1 6 85 12
5 6 7 92
(127 428)

Arvore 38
0 1 2 83
0 3 6 82
1 4 2 90
2 6 21 75
3 5 12 85
1 6 85 12
(128 427)

Arvore 39
0 1 2 83
3 4 6 84
3 6 27 65
2 6 21 75
0 2 57 39
3 5 12 85
(125 431)

Arvore 40
0 1 2 83
0 3 6 82
1 4 2 90
2 6 21 75
1 6 85 12
5 6 7 92
(123 434)

Arvore 41
0 1 2 83
1 4 2 90
3 6 27 65
2 6 21 75
0 2 57 39
3 5 12 85
(121 437)

Arvore 42
0 1 2 83
0 3 6 82
1 6 85 12
4 5 71 26
0 2 57 39
1 4 2 90
(223 332)

Arvore 43
0 1 2 83
0 3 6 82
3 4 6 84
1 6 85 12
4 5 71 26
2 6 21 75
(191 362)

Arvore 44
0 1 2 83
0 3 6 82
3 4 6 84
1 6 85 12
4 5 71 26
1 2 39 59
(209 346)

Arvore 45
0 1 2 83
3 4 6 84
3 6 27 65
1 6 85 12
4 5 71 26
2 6 21 75
(212 345)

Arvore 46
0 1 2 83
0 3 6 82
1 6 85 12
4 5 71 26
1 4 2 90
2 6 21 75
(187 368)

Arvore 47
0 1 2 83
0 3 6 82
1 6 85 12
4 5 71 26
1 4 2 90
1 2 39 59
(205 352)

Arvore 48
0 1 2 83
0 3 6 82
3 4 6 84
4 5 71 26
0 2 57 39
0 6 61 40
(203 354)

Arvore 49
0 1 2 83
3 4 6 84
3 6 27 65
4 5 71 26
0 2 57 39
2 6 21 75
(184 372)

Arvore 50
0 1 2 83
0 3 6 82
3 4 6 84
3 6 27 65
4 5 71 26
2 5 90 16
(202 356)

Arvore 51
0 1 2 83
3 6 27 65
1 6 85 12
4 5 71 26
1 4 2 90
2 6 21 75
(208 351)

Arvore 52
0 3 6 82
3 4 6 84
3 6 27 65
1 6 85 12
4 5 71 26
2 6 21 75
(216 344)

Arvore 53
0 1 2 83
0 3 6 82
3 4 6 84
1 6 85 12
4 5 71 26
2 4 31 71
(201 358)

Arvore 54
0 1 2 83
0 3 6 82
4 5 71 26
0 2 57 39
1 4 2 90
0 6 61 40
(199 360)

Arvore 55
0 1 2 83
3 6 27 65
4 5 71 26
0 2 57 39
1 4 2 90
2 6 21 75
(180 378)

Arvore 56
0 1 2 83
3 4 6 84
3 6 27 65
1 6 85 12
4 5 71 26
2 4 31 71
(222 341)

Arvore 57
0 1 2 83
3 6 27 65
4 5 71 26
0 2 57 39
1 4 2 90
0 6 61 40
(220 343)

Arvore 58
1 6 85 12
4 5 71 26
0 1 2 83
0 2 57 39
3 6 27 65
3 4 6 84
(248 309)

Arvore 59
1 6 85 12
4 5 71 26
0 1 2 83
0 2 57 39
0 3 6 82
2 5 90 16
(311 258)

Arvore 60
1 6 85 12
4 5 71 26
0 2 57 39
0 3 6 82
3 6 27 65
3 4 6 84
(252 308)

Arvore 61
1 6 85 12
4 5 71 26
0 1 2 83
0 2 57 39
0 3 6 82
1 5 72 33
(293 275)

Arvore 62
1 6 85 12
4 5 71 26
0 1 2 83
0 2 57 39
3 4 6 84
2 3 76 28
(297 272)

Arvore 63
1 6 85 12
4 5 71 26
0 1 2 83
0 2 57 39
3 6 27 65
1 4 2 90
(244 315)

Arvore 64
1 6 85 12
4 5 71 26
0 1 2 83
0 2 57 39
3 6 27 65
0 4 40 60
(282 285)

Arvore 65
1 6 85 12
4 5 71 26
0 1 2 83
0 2 57 39
0 3 6 82
0 4 40 60
(261 302)

Arvore 66
1 6 85 12
4 5 71 26
0 1 2 83
0 3 6 82
3 4 6 84
2 5 90 16
(260 303)

Arvore 67
1 6 85 12
4 5 71 26
0 1 2 83
3 6 27 65
3 4 6 84
2 5 90 16
(281 286)

Arvore 68
1 6 85 12
4 5 71 26
0 1 2 83
3 6 27 65
3 4 6 84
2 3 76 28
(267 298)

Arvore 69
1 6 85 12
4 5 71 26
0 1 2 83
0 3 6 82
2 5 90 16
2 3 76 28
(330 247)

Arvore 70
1 6 85 12
4 5 71 26
0 2 57 39
0 3 6 82
3 6 27 65
1 5 72 33
(318 257)

Arvore 71
1 6 85 12
4 5 71 26
0 2 57 39
3 6 27 65
3 4 6 84
0 6 61 40
(307 266)

Arvore 72
1 6 85 12
4 5 71 26
0 2 57 39
0 3 6 82
3 4 6 84
0 6 61 40
(286 283)

Arvore 73
1 6 85 12
4 5 71 26
0 2 57 39
3 6 27 65
3 4 6 84
2 3 76 28
(322 254)

Arvore 74
1 6 85 12
4 5 71 26
0 1 2 83
0 2 57 39
0 3 6 82
4 6 71 37
(292 279)

Arvore 75
1 6 85 12
4 5 71 26
0 1 2 83
0 3 6 82
2 5 90 16
1 5 72 33
(326 252)

Arvore 76
1 6 85 12
4 5 71 26
0 1 2 83
3 6 27 65
2 5 90 16
1 4 2 90
(277 292)

Arvore 77
1 6 85 12
4 5 71 26
0 3 6 82
3 6 27 65
3 4 6 84
2 3 76 28
(271 297)

Arvore 78
1 6 85 12
4 5 71 26
0 1 2 83
0 3 6 82
2 5 90 16
2 6 21 75
(275 294)

Arvore 79
1 6 85 12
4 5 71 26
0 1 2 83
0 3 6 82
2 3 76 28
1 4 2 90
(242 321)

Arvore 80
1 6 85 12
4 5 71 26
0 1 2 83
0 2 57 39
3 6 27 65
2 4 31 71
(273 296)

Arvore 81
1 6 85 12
4 5 71 26
0 1 2 83
0 3 6 82
2 3 76 28
0 4 40 60
(280 291)

Arvore 82
4 5 71 26
0 1 2 83
0 2 57 39
3 6 27 65
3 4 6 84
2 3 76 28
(239 325)

Arvore 83
1 6 85 12
4 5 71 26
0 2 57 39
2 5 90 16
3 6 27 65
0 3 6 82
(336 240)

Arvore 84
1 6 85 12
4 5 71 26
0 2 57 39
2 5 90 16
0 6 61 40
0 3 6 82
(370 215)

Arvore 85
1 6 85 12
4 5 71 26
2 5 90 16
0 1 2 83
3 6 27 65
2 3 76 28
(351 230)

Arvore 86
1 6 85 12
4 5 71 26
0 2 57 39
0 1 2 83
2 3 76 28
1 5 72 33
(363 221)

Arvore 87
1 6 85 12
4 5 71 26
0 2 57 39
2 5 90 16
3 6 27 65
1 2 39 59
(369 217)

Arvore 88
1 6 85 12
4 5 71 26
0 2 57 39
2 5 90 16
0 3 6 82
1 2 39 59
(348 234)

Arvore 89
1 6 85 12
4 5 71 26
2 5 90 16
0 1 2 83
3 6 27 65
1 5 72 33
(347 235)

Arvore 90
1 6 85 12
4 5 71 26
2 5 90 16
3 6 27 65
2 3 76 28
0 3 6 82
(355 229)

Arvore 91
1 6 85 12
4 5 71 26
0 2 57 39
0 1 2 83
2 3 76 28
4 6 71 37
(362 225)

Arvore 92
1 6 85 12
4 5 71 26
0 2 57 39
2 5 90 16
0 3 6 82
4 6 71 37
(380 212)

Arvore 93
1 6 85 12
4 5 71 26
2 5 90 16
0 1 2 83
3 6 27 65
4 6 71 37
(346 239)

Arvore 94
1 6 85 12
4 5 71 26
0 2 57 39
2 5 90 16
2 3 76 28
3 6 27 65
(406 186)

Arvore 95
1 6 85 12
4 5 71 26
0 2 57 39
2 5 90 16
0 6 61 40
3 6 27 65
(391 198)

Arvore 96
1 6 85 12
4 5 71 26
0 2 57 39
2 5 90 16
3 6 27 65
1 5 72 33
(402 191)

Arvore 97
1 6 85 12
4 5 71 26
0 2 57 39
2 5 90 16
2 3 76 28
1 2 39 59
(418 180)

Arvore 98
1 6 85 12
4 5 71 26
0 2 57 39
2 3 76 28
0 6 61 40
1 5 72 33
(422 178)

Arvore 99
1 6 85 12
4 5 71 26
0 2 57 39
2 3 76 28
3 6 27 65
1 5 72 33
(388 203)

Arvore 100
1 6 85 12
4 5 71 26
0 2 57 39
2 3 76 28
1 5 72 33
1 3 77 30
(438 168)

Arvore 101
1 6 85 12
4 5 71 26
2 5 90 16
2 3 76 28
0 1 2 83
1 3 77 30
(401 195)

Arvore 102
1 6 85 12
4 5 71 26
0 2 57 39
2 5 90 16
2 3 76 28
2 6 21 75
(400 196)

Arvore 103
1 6 85 12
4 5 71 26
0 2 57 39
2 3 76 28
1 3 77 30
4 6 71 37
(437 172)

Arvore 104
1 6 85 12
4 5 71 26
2 5 90 16
2 3 76 28
1 5 72 33
0 4 40 60
(434 175)

Arvore 105
1 6 85 12
4 5 71 26
0 2 57 39
2 5 90 16
2 3 76 28
4 6 71 37
(450 158)

