Fim da primeira fase ... 
0
Fim da segunda fase ... 
46
0.46
Total: 0.46
Suportadas = 8
Nao suportadas = 27
TOTAL DE SOLUCOES = 35

SUPORTADAS: 

Arvore 1
0 2 0 84
0 1 16 16
3 9 16 17
0 5 16 26
0 6 17 19
4 8 17 23
4 9 18 20
1 9 18 22
1 7 21 22
(139 249)

Arvore 2
0 1 16 16
3 9 16 17
0 6 17 19
2 6 17 21
4 9 18 20
4 8 17 23
0 5 16 26
1 9 18 22
1 7 21 22
(156 186)

Arvore 3
0 1 16 16
3 9 16 17
0 6 17 19
2 6 17 21
4 9 18 20
4 8 17 23
1 9 18 22
0 5 16 26
0 7 23 18
(158 182)

Arvore 4
0 1 16 16
3 9 16 17
0 6 17 19
2 6 17 21
4 9 18 20
4 8 17 23
1 8 20 19
5 9 22 17
0 7 23 18
(166 170)

Arvore 5
0 1 16 16
3 9 16 17
0 6 17 19
4 9 18 20
2 6 17 21
5 9 22 17
6 9 22 17
1 8 20 19
0 7 23 18
(171 164)

Arvore 6
0 1 16 16
3 9 16 17
1 6 22 17
5 9 22 17
6 9 22 17
0 7 23 18
1 8 20 19
4 9 18 20
2 6 17 21
(176 162)

Arvore 7
0 1 16 16
3 9 16 17
1 6 22 17
5 9 22 17
6 9 22 17
0 7 23 18
1 8 20 19
4 9 18 20
1 2 84 0
(243 141)

Arvore 8
1 2 84 0
0 1 16 16
3 9 16 17
1 6 22 17
5 9 22 17
6 9 22 17
0 7 23 18
3 8 26 18
4 9 18 20
(249 140)


NAO SUPORTADAS: 
Arvore 9
0 1 16 16
3 9 16 17
0 6 17 19
0 2 0 84
0 5 16 26
4 8 17 23
4 9 18 20
1 9 18 22
0 7 23 18
(141 245)

Arvore 10
0 1 16 16
3 9 16 17
0 6 17 19
0 2 0 84
1 5 16 26
4 8 17 23
4 9 18 20
1 8 20 19
0 7 23 18
(143 242)

Arvore 11
0 1 16 16
3 9 16 17
0 6 17 19
0 2 0 84
1 5 16 26
4 9 18 20
1 9 18 22
1 8 20 19
0 7 23 18
(144 241)

Arvore 12
0 1 16 16
3 9 16 17
0 6 17 19
0 2 0 84
1 5 16 26
4 8 17 23
4 9 18 20
6 9 22 17
0 7 23 18
(145 240)

Arvore 13
0 1 16 16
3 9 16 17
0 6 17 19
0 2 0 84
4 8 17 23
4 9 18 20
1 9 18 22
5 9 22 17
0 7 23 18
(147 236)

Arvore 14
0 1 16 16
3 9 16 17
0 6 17 19
0 2 0 84
4 8 17 23
4 9 18 20
1 8 20 19
5 9 22 17
0 7 23 18
(149 233)

Arvore 15
0 1 16 16
3 9 16 17
0 6 17 19
0 2 0 84
4 9 18 20
1 9 18 22
1 8 20 19
5 9 22 17
0 7 23 18
(150 232)

Arvore 16
0 1 16 16
3 9 16 17
0 6 17 19
0 2 0 84
4 8 17 23
4 9 18 20
5 9 22 17
6 9 22 17
0 7 23 18
(151 231)

Arvore 17
0 1 16 16
3 9 16 17
0 6 17 19
0 2 0 84
4 8 17 23
1 8 20 19
5 9 22 17
6 9 22 17
0 7 23 18
(153 230)

Arvore 18
0 1 16 16
3 9 16 17
0 6 17 19
0 2 0 84
4 9 18 20
1 8 20 19
5 9 22 17
6 9 22 17
0 7 23 18
(154 227)

Arvore 19
0 1 16 16
3 9 16 17
0 6 17 19
2 6 17 21
4 9 18 20
4 8 17 23
1 8 20 19
0 5 16 26
0 7 23 18
(160 179)

Arvore 20
0 1 16 16
3 9 16 17
0 6 17 19
2 6 17 21
4 9 18 20
4 8 17 23
1 9 18 22
5 9 22 17
0 7 23 18
(164 173)

Arvore 21
0 1 16 16
3 9 16 17
0 6 17 19
2 6 17 21
4 9 18 20
1 9 18 22
1 8 20 19
0 5 16 26
0 7 23 18
(161 178)

Arvore 22
0 1 16 16
3 9 16 17
0 6 17 19
2 6 17 21
4 9 18 20
4 8 17 23
1 9 18 22
5 9 22 17
1 7 21 22
(162 177)

Arvore 23
0 1 16 16
3 9 16 17
0 6 17 19
2 6 17 21
4 9 18 20
1 8 20 19
5 9 22 17
1 9 18 22
0 7 23 18
(167 169)

Arvore 24
0 1 16 16
3 9 16 17
0 6 17 19
2 6 17 21
4 9 18 20
4 8 17 23
5 9 22 17
6 9 22 17
0 7 23 18
(168 168)

Arvore 25
0 1 16 16
3 9 16 17
0 6 17 19
2 6 17 21
1 8 20 19
4 8 17 23
5 9 22 17
6 9 22 17
0 7 23 18
(170 167)

Arvore 26
0 1 16 16
3 9 16 17
5 9 22 17
6 9 22 17
0 6 17 19
0 7 23 18
1 8 20 19
4 9 18 20
1 2 84 0
(238 143)

Arvore 27
0 1 16 16
3 9 16 17
1 6 22 17
5 9 22 17
6 9 22 17
0 7 23 18
4 9 18 20
3 8 26 18
2 6 17 21
(182 161)

Arvore 28
0 1 16 16
3 9 16 17
5 9 22 17
6 9 22 17
0 6 17 19
0 7 23 18
1 8 20 19
1 2 84 0
4 8 17 23
(237 146)

Arvore 29
0 1 16 16
3 9 16 17
5 9 22 17
6 9 22 17
0 6 17 19
0 7 23 18
4 9 18 20
1 2 84 0
4 8 17 23
(235 147)

Arvore 30
0 1 16 16
3 9 16 17
5 9 22 17
0 6 17 19
0 7 23 18
1 8 20 19
4 9 18 20
1 2 84 0
1 9 18 22
(234 148)

Arvore 31
0 1 16 16
3 9 16 17
5 9 22 17
0 6 17 19
0 7 23 18
1 8 20 19
4 9 18 20
1 2 84 0
4 8 17 23
(233 149)

Arvore 32
0 1 16 16
3 9 16 17
5 9 22 17
0 6 17 19
0 7 23 18
4 9 18 20
1 2 84 0
1 9 18 22
4 8 17 23
(231 152)

Arvore 33
0 1 16 16
3 9 16 17
6 9 22 17
0 6 17 19
0 7 23 18
4 9 18 20
1 2 84 0
4 8 17 23
0 5 16 26
(229 156)

Arvore 34
0 1 16 16
3 9 16 17
0 6 17 19
0 7 23 18
1 8 20 19
4 9 18 20
1 2 84 0
1 9 18 22
0 5 16 26
(228 157)

Arvore 35
0 1 16 16
3 9 16 17
0 6 17 19
0 7 23 18
1 8 20 19
4 9 18 20
1 2 84 0
4 8 17 23
0 5 16 26
(227 158)

