Fim da primeira fase ... 
0
Fim da segunda fase ... 
77
0.77
Total: 0.77
Suportadas = 7
Nao suportadas = 14
TOTAL DE SOLUCOES = 21

SUPORTADAS: 

Arvore 1
0 2 0 87
0 1 13 13
2 4 13 14
6 9 13 19
0 6 14 17
3 5 15 14
3 8 15 19
3 7 16 13
2 7 16 14
(115 210)

Arvore 2
0 1 13 13
2 4 13 14
6 9 13 19
0 6 14 17
2 6 15 14
3 5 15 14
3 7 16 13
2 7 16 14
3 8 15 19
(130 137)

Arvore 3
0 1 13 13
2 4 13 14
2 6 15 14
3 5 15 14
6 9 13 19
0 6 14 17
3 7 16 13
2 7 16 14
4 8 16 16
(131 134)

Arvore 4
0 1 13 13
2 4 13 14
2 6 15 14
3 5 15 14
3 7 16 13
0 6 14 17
6 9 13 19
2 7 16 14
6 8 17 14
(132 132)

Arvore 5
0 1 13 13
2 4 13 14
2 6 15 14
3 5 15 14
3 7 16 13
2 7 16 14
3 9 16 14
0 6 14 17
6 8 17 14
(135 127)

Arvore 6
0 1 13 13
3 7 16 13
2 4 13 14
1 8 19 13
2 6 15 14
3 5 15 14
2 7 16 14
3 9 16 14
6 8 17 14
(140 123)

Arvore 7
1 2 87 0
0 1 13 13
3 7 16 13
1 8 19 13
2 4 13 14
2 6 15 14
3 5 15 14
2 7 16 14
3 9 16 14
(210 109)


NAO SUPORTADAS: 
Arvore 8
0 1 13 13
2 4 13 14
6 9 13 19
0 6 14 17
3 5 15 14
0 2 0 87
3 7 16 13
3 9 16 14
4 8 16 16
(116 207)

Arvore 9
0 1 13 13
2 4 13 14
6 9 13 19
2 6 15 14
3 5 15 14
0 2 0 87
3 7 16 13
2 7 16 14
4 8 16 16
(117 204)

Arvore 10
0 1 13 13
2 4 13 14
6 9 13 19
2 6 15 14
3 5 15 14
0 2 0 87
3 7 16 13
3 9 16 14
6 8 17 14
(118 202)

Arvore 11
0 1 13 13
2 4 13 14
2 6 15 14
3 5 15 14
0 2 0 87
3 7 16 13
2 7 16 14
3 9 16 14
4 8 16 16
(120 199)

Arvore 12
0 1 13 13
2 4 13 14
2 6 15 14
3 5 15 14
0 2 0 87
3 7 16 13
2 7 16 14
3 9 16 14
6 8 17 14
(121 197)

Arvore 13
0 1 13 13
2 4 13 14
2 6 15 14
3 5 15 14
0 2 0 87
3 7 16 13
2 7 16 14
3 9 16 14
1 8 19 13
(123 196)

Arvore 14
0 1 13 13
2 4 13 14
2 6 15 14
3 5 15 14
3 7 16 13
0 6 14 17
2 7 16 14
3 9 16 14
4 8 16 16
(134 129)

Arvore 15
0 1 13 13
2 4 13 14
3 7 16 13
2 6 15 14
3 5 15 14
2 7 16 14
3 9 16 14
0 6 14 17
1 8 19 13
(137 126)

Arvore 16
0 1 13 13
2 4 13 14
3 7 16 13
2 6 15 14
3 5 15 14
2 7 16 14
3 9 16 14
1 8 19 13
4 8 16 16
(139 125)

Arvore 17
0 1 13 13
3 7 16 13
2 4 13 14
2 6 15 14
3 5 15 14
2 7 16 14
3 9 16 14
6 8 17 14
1 2 87 0
(208 110)

Arvore 18
0 1 13 13
3 7 16 13
2 4 13 14
2 6 15 14
3 5 15 14
2 7 16 14
3 9 16 14
1 2 87 0
4 8 16 16
(207 112)

Arvore 19
0 1 13 13
3 7 16 13
2 4 13 14
2 6 15 14
3 5 15 14
3 9 16 14
6 8 17 14
1 2 87 0
6 9 13 19
(205 115)

Arvore 20
0 1 13 13
3 7 16 13
2 4 13 14
2 6 15 14
3 5 15 14
2 7 16 14
1 2 87 0
4 8 16 16
6 9 13 19
(204 117)

Arvore 21
0 1 13 13
3 7 16 13
2 4 13 14
2 6 15 14
3 5 15 14
2 7 16 14
1 2 87 0
6 9 13 19
3 8 15 19
(203 120)

