Fim da primeira fase ... 
0
Fim da segunda fase ... 
33
0.33
Total: 0.33
Suportadas = 10
Nao suportadas = 16
TOTAL DE SOLUCOES = 26

SUPORTADAS: 

Arvore 1
0 2 0 94
0 1 6 6
3 10 6 7
2 11 6 8
0 4 6 13
3 5 6 13
0 9 7 12
7 11 8 8
3 9 8 12
4 8 8 13
6 9 9 13
(70 199)

Arvore 2
0 1 6 6
3 10 6 7
2 11 6 8
0 4 6 13
3 5 6 13
0 9 7 12
7 11 8 8
3 9 8 12
0 11 8 13
4 8 8 13
6 9 9 13
(78 118)

Arvore 3
0 1 6 6
3 10 6 7
2 11 6 8
0 4 6 13
3 5 6 13
0 9 7 12
7 11 8 8
7 10 9 6
3 9 8 12
4 8 8 13
6 9 9 13
(79 111)

Arvore 4
0 1 6 6
3 10 6 7
2 11 6 8
1 4 7 8
3 5 6 13
7 11 8 8
0 9 7 12
7 10 9 6
3 9 8 12
4 8 8 13
6 9 9 13
(80 106)

Arvore 5
0 1 6 6
3 10 6 7
2 11 6 8
1 4 7 8
1 9 9 6
7 10 9 6
7 11 8 8
0 8 10 7
1 11 9 9
3 5 6 13
6 9 9 13
(85 91)

Arvore 6
0 1 6 6
3 10 6 7
2 11 6 8
1 9 9 6
7 10 9 6
1 4 7 8
7 11 8 8
0 8 10 7
1 11 9 9
3 5 6 13
0 6 10 12
(86 90)

Arvore 7
0 1 6 6
3 10 6 7
1 9 9 6
7 10 9 6
2 11 6 8
1 4 7 8
7 11 8 8
0 8 10 7
1 11 9 9
1 5 11 10
0 6 10 12
(91 87)

Arvore 8
0 1 6 6
3 10 6 7
1 9 9 6
7 10 9 6
2 11 6 8
1 4 7 8
0 8 10 7
7 11 8 8
1 11 9 9
1 5 11 10
6 8 14 10
(95 85)

Arvore 9
0 1 6 6
1 9 9 6
7 10 9 6
3 10 6 7
0 8 10 7
2 11 6 8
1 4 7 8
7 11 8 8
2 9 15 7
1 5 11 10
6 8 14 10
(101 83)

Arvore 10
1 2 94 0
0 1 6 6
1 9 9 6
7 10 9 6
3 10 6 7
0 8 10 7
2 11 6 8
1 4 7 8
7 11 8 8
1 5 11 10
6 8 14 10
(180 76)


NAO SUPORTADAS: 
Arvore 11
0 1 6 6
3 10 6 7
2 11 6 8
0 4 6 13
3 5 6 13
0 9 7 12
7 11 8 8
4 8 8 13
0 2 0 94
7 10 9 6
6 9 9 13
(71 193)

Arvore 12
0 1 6 6
3 10 6 7
2 11 6 8
3 5 6 13
1 4 7 8
0 9 7 12
7 11 8 8
4 8 8 13
0 2 0 94
7 10 9 6
6 9 9 13
(72 188)

Arvore 13
0 1 6 6
3 10 6 7
2 11 6 8
0 4 6 13
3 5 6 13
0 9 7 12
7 11 8 8
0 2 0 94
7 10 9 6
6 9 9 13
0 8 10 7
(73 187)

Arvore 14
0 1 6 6
3 10 6 7
2 11 6 8
3 5 6 13
1 4 7 8
7 11 8 8
4 8 8 13
0 2 0 94
1 9 9 6
7 10 9 6
6 9 9 13
(74 182)

Arvore 15
0 1 6 6
3 10 6 7
2 11 6 8
3 5 6 13
1 4 7 8
0 9 7 12
7 11 8 8
0 2 0 94
7 10 9 6
0 8 10 7
0 6 10 12
(75 181)

Arvore 16
0 1 6 6
3 10 6 7
2 11 6 8
3 5 6 13
1 4 7 8
7 11 8 8
0 2 0 94
1 9 9 6
7 10 9 6
6 9 9 13
0 8 10 7
(76 176)

Arvore 17
0 1 6 6
3 10 6 7
2 11 6 8
3 5 6 13
1 4 7 8
7 11 8 8
0 2 0 94
1 9 9 6
7 10 9 6
0 8 10 7
0 6 10 12
(77 175)

Arvore 18
0 1 6 6
3 10 6 7
2 11 6 8
1 4 7 8
3 5 6 13
7 11 8 8
1 9 9 6
7 10 9 6
3 9 8 12
4 8 8 13
6 9 9 13
(82 100)

Arvore 19
0 1 6 6
3 10 6 7
2 11 6 8
1 4 7 8
3 5 6 13
7 11 8 8
0 9 7 12
7 10 9 6
1 11 9 9
4 8 8 13
6 9 9 13
(81 103)

Arvore 20
0 1 6 6
3 10 6 7
2 11 6 8
1 4 7 8
3 5 6 13
7 11 8 8
1 9 9 6
7 10 9 6
1 11 9 9
4 8 8 13
6 9 9 13
(83 97)

Arvore 21
0 1 6 6
3 10 6 7
2 11 6 8
1 4 7 8
3 5 6 13
7 11 8 8
1 9 9 6
7 10 9 6
3 9 8 12
0 8 10 7
6 9 9 13
(84 94)

Arvore 22
0 1 6 6
3 10 6 7
1 9 9 6
7 10 9 6
2 11 6 8
1 4 7 8
7 11 8 8
0 8 10 7
1 11 9 9
1 5 11 10
6 9 9 13
(90 88)

Arvore 23
0 1 6 6
1 9 9 6
7 10 9 6
3 10 6 7
0 8 10 7
1 2 94 0
2 11 6 8
1 4 7 8
7 11 8 8
1 5 11 10
0 6 10 12
(176 78)

Arvore 24
0 1 6 6
1 9 9 6
7 10 9 6
3 10 6 7
0 8 10 7
1 2 94 0
2 11 6 8
1 4 7 8
7 11 8 8
1 5 11 10
6 9 9 13
(175 79)

Arvore 25
0 1 6 6
1 9 9 6
7 10 9 6
3 10 6 7
0 8 10 7
1 2 94 0
2 11 6 8
1 4 7 8
7 11 8 8
0 6 10 12
3 5 6 13
(171 81)

Arvore 26
0 1 6 6
1 9 9 6
7 10 9 6
3 10 6 7
0 8 10 7
1 2 94 0
2 11 6 8
1 4 7 8
7 11 8 8
3 5 6 13
6 9 9 13
(170 82)

