Fim da primeira fase ... 
0
Fim da segunda fase ... 
64
0.64
Total: 0.64
Suportadas = 11
Nao suportadas = 30
TOTAL DE SOLUCOES = 41

SUPORTADAS: 

Arvore 1
0 2 0 88
0 1 12 12
2 10 12 22
1 4 13 13
7 10 13 19
2 8 13 22
0 6 13 24
3 8 13 25
6 9 14 15
4 11 14 17
3 5 14 20
(131 277)

Arvore 2
0 1 12 12
1 4 13 13
2 10 12 22
7 10 13 19
6 9 14 15
0 10 13 22
2 8 13 22
4 11 14 17
0 6 13 24
3 8 13 25
3 5 14 20
(144 211)

Arvore 3
0 1 12 12
1 4 13 13
2 10 12 22
7 10 13 19
6 9 14 15
4 11 14 17
0 10 13 22
2 8 13 22
0 9 15 14
3 5 14 20
3 8 13 25
(146 201)

Arvore 4
0 1 12 12
1 4 13 13
6 9 14 15
2 10 12 22
7 10 13 19
4 11 14 17
0 9 15 14
0 10 13 22
2 8 13 22
5 8 15 16
3 5 14 20
(148 192)

Arvore 5
0 1 12 12
1 4 13 13
6 9 14 15
0 9 15 14
7 10 13 19
0 11 16 12
2 10 12 22
5 8 15 16
0 10 13 22
2 8 13 22
3 5 14 20
(150 187)

Arvore 6
0 1 12 12
1 4 13 13
6 9 14 15
0 9 15 14
0 11 16 12
7 10 13 19
2 10 12 22
5 8 15 16
7 8 17 13
0 10 13 22
3 5 14 20
(154 178)

Arvore 7
0 1 12 12
1 4 13 13
6 9 14 15
0 11 16 12
0 9 15 14
7 10 13 19
5 8 15 16
7 8 17 13
2 10 12 22
3 5 14 20
0 5 18 13
(159 169)

Arvore 8
0 1 12 12
1 4 13 13
0 11 16 12
6 9 14 15
0 9 15 14
7 8 17 13
5 8 15 16
0 5 18 13
7 10 13 19
2 4 19 13
3 5 14 20
(166 160)

Arvore 9
0 1 12 12
1 4 13 13
0 11 16 12
0 9 15 14
7 8 17 13
6 9 14 15
0 5 18 13
2 4 19 13
5 8 15 16
4 10 18 16
3 9 19 17
(176 154)

Arvore 10
0 1 12 12
0 11 16 12
1 4 13 13
7 8 17 13
0 5 18 13
0 9 15 14
2 4 19 13
6 9 14 15
1 7 22 13
4 10 18 16
3 9 19 17
(183 151)

Arvore 11
1 2 88 0
0 1 12 12
0 11 16 12
1 4 13 13
7 8 17 13
0 5 18 13
1 7 22 13
0 9 15 14
6 9 14 15
4 10 18 16
3 9 19 17
(252 138)


NAO SUPORTADAS: 
Arvore 12
0 1 12 12
1 4 13 13
2 10 12 22
7 10 13 19
6 9 14 15
2 8 13 22
0 2 0 88
4 11 14 17
0 9 15 14
3 8 13 25
3 5 14 20
(133 267)

Arvore 13
0 1 12 12
1 4 13 13
2 10 12 22
7 10 13 19
6 9 14 15
2 8 13 22
0 2 0 88
4 11 14 17
0 6 13 24
3 8 13 25
5 8 15 16
(132 273)

Arvore 14
0 1 12 12
1 4 13 13
2 10 12 22
7 10 13 19
6 9 14 15
2 8 13 22
0 2 0 88
4 11 14 17
0 9 15 14
3 8 13 25
5 8 15 16
(134 263)

Arvore 15
0 1 12 12
1 4 13 13
2 10 12 22
7 10 13 19
6 9 14 15
2 8 13 22
0 2 0 88
4 11 14 17
0 9 15 14
3 5 14 20
5 8 15 16
(135 258)

Arvore 16
0 1 12 12
1 4 13 13
2 10 12 22
7 10 13 19
6 9 14 15
2 8 13 22
0 2 0 88
0 9 15 14
3 5 14 20
5 8 15 16
0 11 16 12
(137 253)

Arvore 17
0 1 12 12
1 4 13 13
2 10 12 22
7 10 13 19
6 9 14 15
0 2 0 88
4 11 14 17
0 9 15 14
3 5 14 20
5 8 15 16
7 8 17 13
(139 249)

Arvore 18
0 1 12 12
1 4 13 13
2 10 12 22
7 10 13 19
6 9 14 15
0 2 0 88
0 9 15 14
3 5 14 20
5 8 15 16
0 11 16 12
5 9 16 17
(140 248)

Arvore 19
0 1 12 12
1 4 13 13
2 10 12 22
7 10 13 19
6 9 14 15
0 2 0 88
0 9 15 14
3 5 14 20
5 8 15 16
0 11 16 12
7 8 17 13
(141 244)

Arvore 20
0 1 12 12
1 4 13 13
2 10 12 22
7 10 13 19
6 9 14 15
0 10 13 22
2 8 13 22
4 11 14 17
0 6 13 24
3 8 13 25
5 8 15 16
(145 207)

Arvore 21
0 1 12 12
1 4 13 13
2 10 12 22
7 10 13 19
6 9 14 15
4 11 14 17
0 10 13 22
2 8 13 22
0 9 15 14
3 8 13 25
5 8 15 16
(147 197)

Arvore 22
0 1 12 12
1 4 13 13
6 9 14 15
0 9 15 14
7 10 13 19
4 11 14 17
2 10 12 22
5 8 15 16
0 10 13 22
7 8 17 13
3 5 14 20
(152 183)

Arvore 23
0 1 12 12
1 4 13 13
6 9 14 15
0 9 15 14
0 11 16 12
7 10 13 19
2 10 12 22
5 8 15 16
2 8 13 22
3 5 14 20
5 9 16 17
(153 182)

Arvore 24
0 1 12 12
1 4 13 13
6 9 14 15
0 11 16 12
0 9 15 14
7 10 13 19
5 8 15 16
2 10 12 22
7 8 17 13
3 5 14 20
5 9 16 17
(157 173)

Arvore 25
0 1 12 12
1 4 13 13
6 9 14 15
0 11 16 12
0 9 15 14
7 10 13 19
5 8 15 16
2 10 12 22
7 8 17 13
3 5 14 20
4 8 17 16
(158 172)

Arvore 26
0 1 12 12
1 4 13 13
6 9 14 15
0 9 15 14
4 11 14 17
7 10 13 19
5 8 15 16
2 10 12 22
7 8 17 13
3 5 14 20
4 8 17 16
(156 177)

Arvore 27
0 1 12 12
1 4 13 13
0 11 16 12
6 9 14 15
0 9 15 14
7 8 17 13
5 8 15 16
7 10 13 19
2 4 19 13
5 9 16 17
3 5 14 20
(164 164)

Arvore 28
0 1 12 12
1 4 13 13
0 11 16 12
6 9 14 15
0 9 15 14
7 8 17 13
5 8 15 16
0 5 18 13
2 10 12 22
2 4 19 13
3 5 14 20
(165 163)

Arvore 29
0 1 12 12
1 4 13 13
0 11 16 12
6 9 14 15
0 9 15 14
7 8 17 13
7 10 13 19
0 5 18 13
2 10 12 22
2 4 19 13
3 5 14 20
(163 166)

Arvore 30
0 1 12 12
1 4 13 13
0 11 16 12
6 9 14 15
0 9 15 14
7 8 17 13
5 8 15 16
0 5 18 13
2 10 12 22
3 5 14 20
5 10 16 18
(162 168)

Arvore 31
0 1 12 12
1 4 13 13
0 11 16 12
0 9 15 14
7 8 17 13
6 9 14 15
0 5 18 13
2 4 19 13
5 8 15 16
4 10 18 16
3 5 14 20
(171 157)

Arvore 32
0 1 12 12
1 4 13 13
0 11 16 12
0 9 15 14
7 8 17 13
6 9 14 15
0 5 18 13
2 4 19 13
5 8 15 16
5 10 16 18
3 5 14 20
(169 159)

Arvore 33
0 1 12 12
1 4 13 13
0 11 16 12
0 9 15 14
7 8 17 13
6 9 14 15
0 5 18 13
2 4 19 13
5 8 15 16
5 10 16 18
3 9 19 17
(174 156)

Arvore 34
0 1 12 12
1 4 13 13
0 11 16 12
7 8 17 13
0 9 15 14
0 5 18 13
6 9 14 15
2 4 19 13
1 7 22 13
5 10 16 18
3 9 19 17
(181 153)

Arvore 35
0 1 12 12
0 11 16 12
1 4 13 13
7 8 17 13
0 5 18 13
1 2 88 0
0 9 15 14
1 7 22 13
6 9 14 15
3 9 19 17
5 10 16 18
(250 140)

Arvore 36
0 1 12 12
0 11 16 12
1 4 13 13
7 8 17 13
0 5 18 13
1 2 88 0
0 9 15 14
6 9 14 15
5 8 15 16
4 10 18 16
3 9 19 17
(245 141)

Arvore 37
0 1 12 12
0 11 16 12
1 4 13 13
7 8 17 13
0 5 18 13
1 2 88 0
0 9 15 14
6 9 14 15
5 8 15 16
3 9 19 17
5 10 16 18
(243 143)

Arvore 38
0 1 12 12
0 11 16 12
1 4 13 13
7 8 17 13
0 5 18 13
1 2 88 0
0 9 15 14
6 9 14 15
5 8 15 16
4 10 18 16
3 5 14 20
(240 144)

Arvore 39
0 1 12 12
0 11 16 12
1 4 13 13
7 8 17 13
0 5 18 13
1 2 88 0
0 9 15 14
6 9 14 15
5 8 15 16
5 10 16 18
3 5 14 20
(238 146)

Arvore 40
0 1 12 12
0 11 16 12
1 4 13 13
7 8 17 13
0 5 18 13
1 2 88 0
0 9 15 14
6 9 14 15
5 8 15 16
7 10 13 19
3 5 14 20
(235 147)

Arvore 41
0 1 12 12
0 11 16 12
1 4 13 13
7 8 17 13
0 5 18 13
1 2 88 0
0 9 15 14
6 9 14 15
5 8 15 16
3 5 14 20
2 10 12 22
(234 150)

