Fim da primeira fase ... 
0
Fim da segunda fase ... 
268
2.68
Total: 2.68
Suportadas = 13
Nao suportadas = 20
TOTAL DE SOLUCOES = 33

SUPORTADAS: 

Arvore 1
0 2 0 96
0 1 4 4
3 7 4 6
5 9 4 7
6 12 4 7
4 14 4 8
6 10 4 8
1 6 4 9
2 8 4 9
3 9 4 9
7 15 4 9
4 11 4 10
4 16 5 5
1 4 5 7
2 9 5 7
11 13 5 8
(64 209)

Arvore 2
0 1 4 4
3 7 4 6
5 9 4 7
6 12 4 7
4 14 4 8
6 10 4 8
1 6 4 9
2 8 4 9
3 9 4 9
7 15 4 9
4 11 4 10
2 10 5 5
4 16 5 5
1 4 5 7
2 9 5 7
11 13 5 8
(69 118)

Arvore 3
0 1 4 4
3 7 4 6
5 9 4 7
6 12 4 7
4 14 4 8
6 10 4 8
2 10 5 5
3 5 5 5
4 16 5 5
1 6 4 9
2 8 4 9
7 15 4 9
4 11 4 10
1 4 5 7
2 9 5 7
8 13 6 4
(71 110)

Arvore 4
0 1 4 4
3 7 4 6
5 9 4 7
6 12 4 7
2 10 5 5
3 5 5 5
4 16 5 5
4 14 4 8
6 10 4 8
1 6 4 9
2 8 4 9
7 15 4 9
6 14 6 4
8 13 6 4
2 9 5 7
7 11 5 7
(73 104)

Arvore 5
0 1 4 4
3 7 4 6
2 10 5 5
3 5 5 5
4 16 5 5
5 9 4 7
6 12 4 7
6 14 6 4
8 13 6 4
4 14 4 8
6 10 4 8
4 9 6 5
7 8 6 5
1 4 5 7
7 11 5 7
7 15 4 9
(77 96)

Arvore 6
0 1 4 4
3 7 4 6
2 10 5 5
3 5 5 5
4 16 5 5
6 14 6 4
8 13 6 4
5 9 4 7
6 12 4 7
4 9 6 5
7 8 6 5
8 14 6 5
6 10 4 8
1 4 5 7
7 11 5 7
7 15 4 9
(79 93)

Arvore 7
0 1 4 4
6 14 6 4
8 13 6 4
2 10 5 5
3 5 5 5
4 16 5 5
3 7 4 6
4 9 6 5
7 8 6 5
8 14 6 5
5 9 4 7
6 12 4 7
1 4 5 7
2 9 5 7
7 11 5 7
15 16 8 5
(84 88)

Arvore 8
0 1 4 4
6 14 6 4
8 13 6 4
2 10 5 5
3 5 5 5
4 16 5 5
3 7 4 6
4 9 6 5
7 8 6 5
8 14 6 5
5 9 4 7
6 12 4 7
0 14 9 4
2 9 5 7
7 11 5 7
15 16 8 5
(88 85)

Arvore 9
0 1 4 4
6 14 6 4
8 13 6 4
2 10 5 5
3 5 5 5
4 16 5 5
3 7 4 6
4 9 6 5
7 8 6 5
8 14 6 5
0 14 9 4
5 9 4 7
6 12 4 7
7 10 8 5
15 16 8 5
7 11 5 7
(91 83)

Arvore 10
0 1 4 4
6 14 6 4
8 13 6 4
2 10 5 5
3 5 5 5
4 16 5 5
4 9 6 5
7 8 6 5
8 14 6 5
0 14 9 4
3 7 4 6
7 10 8 5
15 16 8 5
9 12 6 6
5 9 4 7
7 11 5 7
(93 82)

Arvore 11
0 1 4 4
6 14 6 4
8 13 6 4
2 10 5 5
3 5 5 5
4 16 5 5
0 14 9 4
4 9 6 5
7 8 6 5
8 14 6 5
3 7 4 6
7 10 8 5
15 16 8 5
9 12 6 6
0 15 7 6
11 15 8 6
(99 80)

Arvore 12
0 1 4 4
6 14 6 4
8 13 6 4
0 14 9 4
2 10 5 5
3 5 5 5
4 16 5 5
4 9 6 5
7 8 6 5
8 14 6 5
7 10 8 5
15 16 8 5
3 13 9 5
9 12 6 6
0 15 7 6
11 15 8 6
(104 79)

Arvore 13
1 2 96 0
0 1 4 4
6 14 6 4
8 13 6 4
0 14 9 4
2 10 5 5
3 5 5 5
4 16 5 5
4 9 6 5
7 8 6 5
8 14 6 5
15 16 8 5
3 13 9 5
9 12 6 6
0 15 7 6
11 15 8 6
(192 74)


NAO SUPORTADAS: 
Arvore 14
0 1 4 4
3 7 4 6
5 9 4 7
6 12 4 7
4 14 4 8
6 10 4 8
1 6 4 9
2 8 4 9
3 9 4 9
7 15 4 9
4 11 4 10
4 16 5 5
0 2 0 96
1 4 5 7
7 11 5 7
8 13 6 4
(65 205)

Arvore 15
0 1 4 4
3 7 4 6
5 9 4 7
6 12 4 7
4 14 4 8
6 10 4 8
2 8 4 9
7 15 4 9
4 11 4 10
2 10 5 5
3 5 5 5
4 16 5 5
0 2 0 96
1 4 5 7
2 9 5 7
11 13 5 8
(66 201)

Arvore 16
0 1 4 4
3 7 4 6
5 9 4 7
6 12 4 7
4 14 4 8
6 10 4 8
2 8 4 9
7 15 4 9
4 11 4 10
2 10 5 5
3 5 5 5
4 16 5 5
0 2 0 96
3 6 5 7
7 11 5 7
8 13 6 4
(67 197)

Arvore 17
0 1 4 4
3 7 4 6
5 9 4 7
6 12 4 7
4 14 4 8
6 10 4 8
2 8 4 9
7 15 4 9
2 10 5 5
3 5 5 5
4 16 5 5
0 2 0 96
1 4 5 7
2 9 5 7
7 11 5 7
8 13 6 4
(68 194)

Arvore 18
0 1 4 4
3 7 4 6
5 9 4 7
6 12 4 7
4 14 4 8
6 10 4 8
1 6 4 9
2 8 4 9
7 15 4 9
2 10 5 5
3 5 5 5
4 16 5 5
4 11 4 10
1 4 5 7
2 9 5 7
11 13 5 8
(70 114)

Arvore 19
0 1 4 4
3 7 4 6
5 9 4 7
6 12 4 7
4 14 4 8
6 10 4 8
2 10 5 5
3 5 5 5
4 16 5 5
1 6 4 9
2 8 4 9
7 15 4 9
1 4 5 7
2 9 5 7
7 11 5 7
8 13 6 4
(72 107)

Arvore 20
0 1 4 4
3 7 4 6
5 9 4 7
6 12 4 7
2 10 5 5
3 5 5 5
4 16 5 5
4 14 4 8
6 10 4 8
6 14 6 4
8 13 6 4
2 8 4 9
7 15 4 9
1 4 5 7
2 9 5 7
7 11 5 7
(74 102)

Arvore 21
0 1 4 4
3 7 4 6
5 9 4 7
6 12 4 7
2 10 5 5
3 5 5 5
4 16 5 5
4 14 4 8
6 10 4 8
6 14 6 4
8 13 6 4
7 15 4 9
1 4 5 7
2 9 5 7
6 8 5 7
7 11 5 7
(75 100)

Arvore 22
0 1 4 4
3 7 4 6
5 9 4 7
6 12 4 7
2 10 5 5
3 5 5 5
4 16 5 5
4 14 4 8
6 10 4 8
6 14 6 4
8 13 6 4
7 15 4 9
1 4 5 7
2 9 5 7
7 11 5 7
7 8 6 5
(76 98)

Arvore 23
0 1 4 4
3 7 4 6
2 10 5 5
3 5 5 5
4 16 5 5
5 9 4 7
6 12 4 7
6 14 6 4
8 13 6 4
6 10 4 8
4 9 6 5
8 14 6 5
1 4 5 7
2 9 5 7
7 11 5 7
7 15 4 9
(78 95)

Arvore 24
0 1 4 4
3 7 4 6
2 10 5 5
3 5 5 5
4 16 5 5
6 14 6 4
8 13 6 4
5 9 4 7
6 12 4 7
4 9 6 5
7 8 6 5
8 14 6 5
1 4 5 7
2 9 5 7
7 11 5 7
7 15 4 9
(80 92)

Arvore 25
0 1 4 4
3 7 4 6
2 10 5 5
3 5 5 5
4 16 5 5
6 14 6 4
8 13 6 4
5 9 4 7
6 12 4 7
4 9 6 5
7 8 6 5
8 14 6 5
6 10 4 8
1 4 5 7
7 11 5 7
0 15 7 6
(82 90)

Arvore 26
0 1 4 4
3 7 4 6
2 10 5 5
3 5 5 5
4 16 5 5
6 14 6 4
8 13 6 4
5 9 4 7
6 12 4 7
4 9 6 5
7 8 6 5
8 14 6 5
1 4 5 7
2 9 5 7
7 11 5 7
0 15 7 6
(83 89)

Arvore 27
0 1 4 4
6 14 6 4
8 13 6 4
2 10 5 5
3 5 5 5
4 16 5 5
3 7 4 6
4 9 6 5
7 8 6 5
8 14 6 5
5 9 4 7
6 12 4 7
2 9 5 7
7 11 5 7
0 14 9 4
0 15 7 6
(87 86)

Arvore 28
0 1 4 4
6 14 6 4
8 13 6 4
2 10 5 5
3 5 5 5
4 16 5 5
3 7 4 6
4 9 6 5
7 13 6 5
8 14 6 5
5 9 4 7
6 12 4 7
2 9 5 7
7 11 5 7
15 16 8 5
0 15 7 6
(86 87)

Arvore 29
0 1 4 4
6 14 6 4
8 13 6 4
2 10 5 5
3 5 5 5
4 16 5 5
3 7 4 6
4 9 6 5
7 8 6 5
8 14 6 5
5 9 4 7
9 12 6 6
0 14 9 4
2 9 5 7
7 11 5 7
15 16 8 5
(90 84)

Arvore 30
0 1 4 4
6 14 6 4
8 13 6 4
2 10 5 5
3 5 5 5
4 16 5 5
4 9 6 5
7 13 6 5
8 14 6 5
0 14 9 4
3 7 4 6
7 10 8 5
15 16 8 5
9 12 6 6
5 9 4 7
11 15 8 6
(96 81)

Arvore 31
0 1 4 4
6 14 6 4
8 13 6 4
0 14 9 4
2 10 5 5
3 5 5 5
4 16 5 5
4 9 6 5
7 13 6 5
8 14 6 5
15 16 8 5
1 2 96 0
3 7 4 6
9 12 6 6
0 15 7 6
11 15 8 6
(187 75)

Arvore 32
0 1 4 4
6 14 6 4
8 13 6 4
0 14 9 4
2 10 5 5
3 5 5 5
4 16 5 5
4 9 6 5
7 13 6 5
8 14 6 5
15 16 8 5
1 2 96 0
3 7 4 6
9 12 6 6
11 15 8 6
5 9 4 7
(184 76)

Arvore 33
0 1 4 4
6 14 6 4
8 13 6 4
0 14 9 4
2 10 5 5
3 5 5 5
4 16 5 5
4 9 6 5
7 8 6 5
8 14 6 5
15 16 8 5
1 2 96 0
3 7 4 6
9 12 6 6
5 9 4 7
7 11 5 7
(181 77)

