Fim da primeira fase ... 
0
Fim da segunda fase ... 
386
3.86
Total: 3.86
Suportadas = 10
Nao suportadas = 43
TOTAL DE SOLUCOES = 53

SUPORTADAS: 

Arvore 1
0 2 0 91
0 1 9 9
1 6 9 10
5 8 9 13
1 13 9 16
6 10 10 10
0 14 10 11
1 8 10 12
5 16 10 12
0 7 10 13
3 6 10 13
4 14 10 14
5 9 10 14
6 11 10 14
6 15 10 15
6 12 11 11
(147 278)

Arvore 2
0 1 9 9
1 6 9 10
5 8 9 13
6 10 10 10
0 14 10 11
1 8 10 12
5 16 10 12
1 13 9 16
0 7 10 13
3 6 10 13
2 16 11 10
4 14 10 14
5 9 10 14
6 11 10 14
6 12 11 11
6 15 10 15
(158 197)

Arvore 3
0 1 9 9
1 6 9 10
6 10 10 10
5 8 9 13
0 14 10 11
1 8 10 12
5 16 10 12
2 16 11 10
0 7 10 13
3 6 10 13
6 12 11 11
1 13 9 16
4 14 10 14
5 9 10 14
6 11 10 14
15 16 11 12
(159 194)

Arvore 4
0 1 9 9
1 6 9 10
6 10 10 10
0 14 10 11
5 8 9 13
2 16 11 10
5 10 11 10
5 16 10 12
1 12 12 9
0 7 10 13
3 6 10 13
0 11 11 12
15 16 11 12
4 14 10 14
5 9 10 14
1 13 9 16
(162 188)

Arvore 5
0 1 9 9
1 6 9 10
6 10 10 10
0 14 10 11
2 16 11 10
5 10 11 10
5 8 9 13
1 12 12 9
5 16 10 12
0 7 10 13
3 6 10 13
9 16 13 9
0 11 11 12
15 16 11 12
4 14 10 14
1 13 9 16
(165 183)

Arvore 6
0 1 9 9
1 6 9 10
6 10 10 10
1 12 12 9
2 16 11 10
5 10 11 10
0 14 10 11
9 16 13 9
1 8 10 12
5 16 10 12
7 11 13 10
0 11 11 12
15 16 11 12
3 6 10 13
4 15 15 9
4 13 14 11
(179 169)

Arvore 7
0 1 9 9
1 6 9 10
1 12 12 9
6 10 10 10
9 16 13 9
2 16 11 10
5 10 11 10
0 14 10 11
4 15 15 9
7 11 13 10
1 8 10 12
5 16 10 12
0 11 11 12
15 16 11 12
3 4 16 10
4 13 14 11
(185 166)

Arvore 8
0 1 9 9
1 6 9 10
1 12 12 9
6 10 10 10
9 16 13 9
2 16 11 10
5 10 11 10
4 15 15 9
0 14 10 11
7 11 13 10
6 8 15 10
8 16 15 10
3 4 16 10
11 16 16 10
15 16 11 12
4 13 14 11
(200 160)

Arvore 9
0 1 9 9
1 12 12 9
9 16 13 9
1 6 9 10
6 10 10 10
4 15 15 9
2 16 11 10
5 10 11 10
7 11 13 10
0 14 10 11
6 8 15 10
8 16 15 10
3 4 16 10
11 16 16 10
4 16 17 10
4 13 14 11
(206 158)

Arvore 10
1 2 91 0
0 1 9 9
1 12 12 9
9 16 13 9
4 15 15 9
1 6 9 10
6 10 10 10
2 16 11 10
5 10 11 10
7 11 13 10
6 8 15 10
3 4 16 10
11 16 16 10
4 16 17 10
0 14 10 11
4 13 14 11
(282 148)


NAO SUPORTADAS: 
Arvore 11
0 1 9 9
1 6 9 10
5 8 9 13
1 13 9 16
6 10 10 10
0 14 10 11
1 8 10 12
5 16 10 12
0 7 10 13
3 6 10 13
4 14 10 14
5 9 10 14
6 11 10 14
0 2 0 91
6 12 11 11
15 16 11 12
(148 275)

Arvore 12
0 1 9 9
1 6 9 10
5 8 9 13
1 13 9 16
6 10 10 10
0 14 10 11
5 16 10 12
0 7 10 13
3 6 10 13
4 14 10 14
5 9 10 14
6 11 10 14
5 10 11 10
0 2 0 91
6 12 11 11
15 16 11 12
(149 273)

Arvore 13
0 1 9 9
1 6 9 10
5 8 9 13
1 13 9 16
6 10 10 10
0 14 10 11
5 16 10 12
0 7 10 13
3 6 10 13
4 14 10 14
5 9 10 14
6 11 10 14
5 10 11 10
0 2 0 91
15 16 11 12
1 12 12 9
(150 271)

Arvore 14
0 1 9 9
1 6 9 10
5 8 9 13
1 13 9 16
6 10 10 10
0 14 10 11
0 7 10 13
3 6 10 13
4 14 10 14
5 9 10 14
6 11 10 14
2 16 11 10
5 10 11 10
0 2 0 91
15 16 11 12
1 12 12 9
(151 269)

Arvore 15
0 1 9 9
1 6 9 10
5 8 9 13
1 13 9 16
6 10 10 10
0 14 10 11
0 7 10 13
3 6 10 13
4 14 10 14
5 9 10 14
2 16 11 10
5 10 11 10
0 2 0 91
0 11 11 12
15 16 11 12
1 12 12 9
(152 267)

Arvore 16
0 1 9 9
1 6 9 10
5 8 9 13
1 13 9 16
6 10 10 10
0 14 10 11
1 8 10 12
0 7 10 13
3 6 10 13
4 14 10 14
6 11 10 14
2 16 11 10
0 2 0 91
15 16 11 12
1 12 12 9
9 16 13 9
(153 266)

Arvore 17
0 1 9 9
1 6 9 10
5 8 9 13
1 13 9 16
6 10 10 10
0 14 10 11
5 16 10 12
0 7 10 13
3 6 10 13
4 14 10 14
2 16 11 10
0 2 0 91
11 14 11 12
15 16 11 12
1 12 12 9
9 16 13 9
(154 264)

Arvore 18
0 1 9 9
1 6 9 10
5 8 9 13
1 13 9 16
6 10 10 10
0 14 10 11
0 7 10 13
3 6 10 13
4 14 10 14
2 16 11 10
5 10 11 10
0 2 0 91
0 11 11 12
15 16 11 12
1 12 12 9
9 16 13 9
(155 262)

Arvore 19
0 1 9 9
1 6 9 10
1 13 9 16
6 10 10 10
0 14 10 11
1 8 10 12
0 7 10 13
3 6 10 13
4 14 10 14
2 16 11 10
5 10 11 10
0 2 0 91
11 14 11 12
15 16 11 12
1 12 12 9
9 16 13 9
(156 261)

Arvore 20
0 1 9 9
1 6 9 10
6 10 10 10
5 8 9 13
0 14 10 11
5 16 10 12
2 16 11 10
5 10 11 10
0 7 10 13
3 6 10 13
6 12 11 11
1 13 9 16
4 14 10 14
5 9 10 14
6 11 10 14
15 16 11 12
(160 192)

Arvore 21
0 1 9 9
1 6 9 10
6 10 10 10
5 8 9 13
0 14 10 11
5 16 10 12
2 16 11 10
5 10 11 10
0 7 10 13
3 6 10 13
6 12 11 11
1 13 9 16
4 14 10 14
5 9 10 14
0 11 11 12
15 16 11 12
(161 190)

Arvore 22
0 1 9 9
1 6 9 10
6 10 10 10
0 14 10 11
5 8 9 13
2 16 11 10
1 8 10 12
5 16 10 12
1 12 12 9
0 7 10 13
3 6 10 13
0 11 11 12
15 16 11 12
4 14 10 14
9 16 13 9
1 13 9 16
(164 185)

Arvore 23
0 1 9 9
1 6 9 10
6 10 10 10
0 14 10 11
2 16 11 10
5 10 11 10
1 8 10 12
5 16 10 12
1 12 12 9
0 7 10 13
3 6 10 13
0 11 11 12
15 16 11 12
4 14 10 14
5 9 10 14
1 13 9 16
(163 187)

Arvore 24
0 1 9 9
1 6 9 10
6 10 10 10
0 14 10 11
2 16 11 10
5 10 11 10
1 12 12 9
1 8 10 12
5 16 10 12
9 16 13 9
0 7 10 13
3 6 10 13
0 11 11 12
15 16 11 12
4 14 10 14
1 13 9 16
(166 182)

Arvore 25
0 1 9 9
1 6 9 10
6 10 10 10
0 14 10 11
2 16 11 10
5 10 11 10
1 12 12 9
5 8 9 13
5 16 10 12
9 16 13 9
0 7 10 13
3 6 10 13
0 11 11 12
15 16 11 12
4 15 15 9
1 13 9 16
(170 178)

Arvore 26
0 1 9 9
1 6 9 10
6 10 10 10
0 14 10 11
2 16 11 10
5 10 11 10
1 12 12 9
1 8 10 12
5 16 10 12
9 16 13 9
0 7 10 13
3 6 10 13
0 11 11 12
15 16 11 12
4 14 10 14
4 13 14 11
(171 177)

Arvore 27
0 1 9 9
1 6 9 10
6 10 10 10
0 14 10 11
2 16 11 10
5 10 11 10
1 12 12 9
5 8 9 13
5 16 10 12
9 16 13 9
0 7 10 13
3 6 10 13
15 16 11 12
7 11 13 10
4 14 10 14
1 13 9 16
(167 181)

Arvore 28
0 1 9 9
1 6 9 10
6 10 10 10
0 14 10 11
2 16 11 10
5 10 11 10
1 12 12 9
5 8 9 13
5 16 10 12
9 16 13 9
0 7 10 13
3 6 10 13
0 11 11 12
15 16 11 12
4 15 15 9
4 13 14 11
(175 173)

Arvore 29
0 1 9 9
1 6 9 10
6 10 10 10
0 14 10 11
2 16 11 10
5 10 11 10
1 12 12 9
5 8 9 13
5 16 10 12
9 16 13 9
0 7 10 13
3 6 10 13
15 16 11 12
7 11 13 10
4 15 15 9
1 13 9 16
(172 176)

Arvore 30
0 1 9 9
1 6 9 10
6 10 10 10
0 14 10 11
2 16 11 10
5 10 11 10
1 12 12 9
5 8 9 13
5 16 10 12
9 16 13 9
3 6 10 13
0 11 11 12
15 16 11 12
7 11 13 10
4 14 10 14
1 13 9 16
(168 180)

Arvore 31
0 1 9 9
1 6 9 10
6 10 10 10
0 14 10 11
2 16 11 10
5 10 11 10
1 12 12 9
1 8 10 12
5 16 10 12
9 16 13 9
0 7 10 13
3 6 10 13
0 11 11 12
15 16 11 12
4 15 15 9
4 13 14 11
(176 172)

Arvore 32
0 1 9 9
1 6 9 10
6 10 10 10
0 14 10 11
2 16 11 10
5 10 11 10
1 12 12 9
1 8 10 12
5 16 10 12
9 16 13 9
3 6 10 13
0 11 11 12
15 16 11 12
7 11 13 10
4 14 10 14
1 13 9 16
(169 179)

Arvore 33
0 1 9 9
1 6 9 10
6 10 10 10
0 14 10 11
2 16 11 10
5 10 11 10
1 12 12 9
5 8 9 13
5 16 10 12
9 16 13 9
3 6 10 13
0 11 11 12
15 16 11 12
7 11 13 10
4 14 10 14
4 13 14 11
(173 175)

Arvore 34
0 1 9 9
1 6 9 10
6 10 10 10
0 14 10 11
2 16 11 10
5 10 11 10
1 12 12 9
1 8 10 12
5 16 10 12
9 16 13 9
3 6 10 13
0 11 11 12
15 16 11 12
7 11 13 10
4 14 10 14
4 13 14 11
(174 174)

Arvore 35
0 1 9 9
1 6 9 10
6 10 10 10
0 14 10 11
2 16 11 10
5 10 11 10
1 12 12 9
1 8 10 12
5 16 10 12
9 16 13 9
0 7 10 13
3 6 10 13
15 16 11 12
7 11 13 10
4 15 15 9
4 13 14 11
(178 170)

Arvore 36
0 1 9 9
1 6 9 10
6 10 10 10
0 14 10 11
2 16 11 10
5 10 11 10
1 12 12 9
5 8 9 13
5 16 10 12
9 16 13 9
0 7 10 13
3 6 10 13
15 16 11 12
7 11 13 10
4 15 15 9
4 13 14 11
(177 171)

Arvore 37
0 1 9 9
1 6 9 10
6 10 10 10
1 12 12 9
2 16 11 10
5 10 11 10
9 16 13 9
0 14 10 11
7 11 13 10
4 15 15 9
1 8 10 12
5 16 10 12
0 11 11 12
3 6 10 13
4 13 14 11
10 15 14 11
(182 168)

Arvore 38
0 1 9 9
1 6 9 10
6 10 10 10
1 12 12 9
2 16 11 10
5 10 11 10
9 16 13 9
0 14 10 11
7 11 13 10
4 15 15 9
1 8 10 12
0 11 11 12
15 16 11 12
8 16 15 10
3 6 10 13
4 13 14 11
(184 167)

Arvore 39
0 1 9 9
1 6 9 10
1 12 12 9
6 10 10 10
9 16 13 9
2 16 11 10
5 10 11 10
0 14 10 11
4 15 15 9
7 11 13 10
5 16 10 12
6 8 15 10
0 11 11 12
15 16 11 12
3 4 16 10
4 13 14 11
(190 164)

Arvore 40
0 1 9 9
1 6 9 10
1 12 12 9
6 10 10 10
9 16 13 9
2 16 11 10
5 10 11 10
0 14 10 11
4 15 15 9
7 11 13 10
6 8 15 10
8 16 15 10
0 11 11 12
15 16 11 12
3 4 16 10
4 13 14 11
(195 162)

Arvore 41
0 1 9 9
1 6 9 10
1 12 12 9
6 10 10 10
9 16 13 9
2 16 11 10
5 10 11 10
0 14 10 11
4 15 15 9
7 11 13 10
8 16 15 10
8 12 13 11
0 11 11 12
15 16 11 12
3 4 16 10
4 13 14 11
(193 163)

Arvore 42
0 1 9 9
1 6 9 10
1 12 12 9
6 10 10 10
9 16 13 9
2 16 11 10
5 10 11 10
0 14 10 11
4 15 15 9
7 11 13 10
6 8 15 10
8 16 15 10
0 11 11 12
3 4 16 10
4 13 14 11
10 15 14 11
(198 161)

Arvore 43
0 1 9 9
1 6 9 10
1 12 12 9
6 10 10 10
9 16 13 9
2 16 11 10
5 10 11 10
0 14 10 11
4 15 15 9
7 11 13 10
1 8 10 12
5 16 10 12
0 11 11 12
3 4 16 10
4 13 14 11
10 15 14 11
(188 165)

Arvore 44
0 1 9 9
1 6 9 10
1 12 12 9
6 10 10 10
9 16 13 9
2 16 11 10
5 10 11 10
4 15 15 9
0 14 10 11
7 11 13 10
6 8 15 10
8 16 15 10
3 4 16 10
11 16 16 10
4 13 14 11
10 15 14 11
(203 159)

Arvore 45
0 1 9 9
1 12 12 9
9 16 13 9
4 15 15 9
1 6 9 10
6 10 10 10
2 16 11 10
5 10 11 10
7 11 13 10
6 8 15 10
1 2 91 0
3 4 16 10
11 16 16 10
0 14 10 11
4 13 14 11
10 15 14 11
(279 149)

Arvore 46
0 1 9 9
1 12 12 9
9 16 13 9
4 15 15 9
1 6 9 10
6 10 10 10
2 16 11 10
5 10 11 10
7 11 13 10
8 16 15 10
1 2 91 0
3 4 16 10
11 16 16 10
0 14 10 11
4 13 14 11
15 16 11 12
(276 150)

Arvore 47
0 1 9 9
1 12 12 9
9 16 13 9
4 15 15 9
1 6 9 10
6 10 10 10
2 16 11 10
5 10 11 10
7 11 13 10
6 8 15 10
1 2 91 0
3 4 16 10
0 14 10 11
4 13 14 11
10 15 14 11
0 11 11 12
(274 151)

Arvore 48
0 1 9 9
1 12 12 9
9 16 13 9
4 15 15 9
1 6 9 10
6 10 10 10
2 16 11 10
5 10 11 10
7 11 13 10
1 2 91 0
3 4 16 10
11 16 16 10
0 14 10 11
4 13 14 11
1 8 10 12
15 16 11 12
(271 152)

Arvore 49
0 1 9 9
1 12 12 9
9 16 13 9
4 15 15 9
1 6 9 10
6 10 10 10
2 16 11 10
5 10 11 10
7 11 13 10
1 2 91 0
3 4 16 10
0 14 10 11
4 13 14 11
10 15 14 11
1 8 10 12
0 11 11 12
(269 153)

Arvore 50
0 1 9 9
1 12 12 9
9 16 13 9
4 15 15 9
1 6 9 10
6 10 10 10
2 16 11 10
5 10 11 10
7 11 13 10
1 2 91 0
3 4 16 10
0 14 10 11
4 13 14 11
1 8 10 12
0 11 11 12
15 16 11 12
(266 154)

Arvore 51
0 1 9 9
1 12 12 9
9 16 13 9
4 15 15 9
1 6 9 10
6 10 10 10
2 16 11 10
5 10 11 10
7 11 13 10
1 2 91 0
11 16 16 10
0 14 10 11
4 13 14 11
1 8 10 12
15 16 11 12
3 6 10 13
(265 155)

Arvore 52
0 1 9 9
1 12 12 9
9 16 13 9
4 15 15 9
1 6 9 10
6 10 10 10
2 16 11 10
5 10 11 10
7 11 13 10
1 2 91 0
0 14 10 11
4 13 14 11
10 15 14 11
1 8 10 12
0 11 11 12
3 6 10 13
(263 156)

Arvore 53
0 1 9 9
1 12 12 9
9 16 13 9
4 15 15 9
1 6 9 10
6 10 10 10
2 16 11 10
5 10 11 10
7 11 13 10
1 2 91 0
0 14 10 11
4 13 14 11
1 8 10 12
0 11 11 12
15 16 11 12
3 6 10 13
(260 157)

