Fim da primeira fase ... 
0
Fim da segunda fase ... 
505
5.05
Total: 5.05
Suportadas = 14
Nao suportadas = 16
TOTAL DE SOLUCOES = 30

SUPORTADAS: 

Arvore 1
0 2 0 97
0 1 3 3
1 18 3 3
3 11 3 3
3 15 3 3
4 16 3 3
6 9 3 4
8 14 3 4
13 18 3 4
0 15 3 5
2 17 3 5
4 9 3 5
5 13 3 5
0 14 3 7
6 8 3 7
5 12 3 8
6 19 3 8
10 18 3 9
2 7 4 5
(55 188)

Arvore 2
0 1 3 3
1 18 3 3
3 11 3 3
3 15 3 3
4 16 3 3
6 9 3 4
8 14 3 4
13 18 3 4
0 15 3 5
2 17 3 5
4 9 3 5
5 13 3 5
0 14 3 7
6 8 3 7
5 12 3 8
5 17 3 8
6 19 3 8
10 18 3 9
2 7 4 5
(58 99)

Arvore 3
0 1 3 3
1 18 3 3
3 11 3 3
3 15 3 3
4 16 3 3
6 9 3 4
8 14 3 4
13 18 3 4
0 15 3 5
2 17 3 5
4 9 3 5
5 13 3 5
0 14 3 7
6 8 3 7
10 15 4 3
5 12 3 8
5 17 3 8
6 19 3 8
2 7 4 5
(59 93)

Arvore 4
0 1 3 3
1 18 3 3
3 11 3 3
3 15 3 3
4 16 3 3
6 9 3 4
8 14 3 4
13 18 3 4
0 15 3 5
2 17 3 5
4 9 3 5
5 13 3 5
10 15 4 3
0 14 3 7
6 8 3 7
9 17 4 4
5 12 3 8
6 19 3 8
2 7 4 5
(60 89)

Arvore 5
0 1 3 3
1 18 3 3
3 11 3 3
3 15 3 3
4 16 3 3
6 9 3 4
8 14 3 4
13 18 3 4
0 15 3 5
2 17 3 5
4 9 3 5
5 13 3 5
10 15 4 3
3 4 4 4
9 17 4 4
0 14 3 7
2 7 4 5
5 12 3 8
6 19 3 8
(61 86)

Arvore 6
0 1 3 3
1 18 3 3
3 11 3 3
3 15 3 3
4 16 3 3
6 9 3 4
8 14 3 4
13 18 3 4
1 5 4 3
5 15 4 3
10 15 4 3
2 17 3 5
4 9 3 5
3 4 4 4
9 17 4 4
2 7 4 5
14 16 4 5
9 19 5 4
12 18 4 6
(67 74)

Arvore 7
0 1 3 3
1 18 3 3
3 11 3 3
3 15 3 3
4 16 3 3
1 5 4 3
5 15 4 3
10 15 4 3
6 9 3 4
8 14 3 4
13 18 3 4
3 4 4 4
9 17 4 4
9 18 4 4
2 17 3 5
10 14 6 3
7 18 5 4
9 19 5 4
12 16 6 4
(73 68)

Arvore 8
0 1 3 3
1 18 3 3
3 11 3 3
3 15 3 3
4 16 3 3
1 5 4 3
5 15 4 3
10 15 4 3
6 9 3 4
8 14 3 4
13 18 3 4
1 4 6 3
6 10 6 3
10 14 6 3
9 17 4 4
7 18 5 4
9 19 5 4
2 17 3 5
12 16 6 4
(77 66)

Arvore 9
0 1 3 3
1 18 3 3
3 11 3 3
3 15 3 3
4 16 3 3
1 5 4 3
5 15 4 3
10 15 4 3
1 4 6 3
6 10 6 3
9 15 6 3
10 14 6 3
8 14 3 4
13 18 3 4
9 17 4 4
7 18 5 4
9 19 5 4
12 16 6 4
2 17 3 5
(80 65)

Arvore 10
0 1 3 3
1 18 3 3
3 11 3 3
3 15 3 3
4 16 3 3
1 5 4 3
5 15 4 3
10 15 4 3
1 4 6 3
6 10 6 3
9 15 6 3
10 14 6 3
8 14 3 4
13 18 3 4
1 17 8 3
7 18 5 4
9 19 5 4
12 16 6 4
2 17 3 5
(84 64)

Arvore 11
0 1 3 3
1 18 3 3
3 11 3 3
3 15 3 3
4 16 3 3
1 5 4 3
5 15 4 3
10 15 4 3
1 4 6 3
6 10 6 3
9 15 6 3
10 14 6 3
1 17 8 3
8 14 3 4
13 18 3 4
10 19 10 3
7 18 5 4
12 16 6 4
2 17 3 5
(89 63)

Arvore 12
0 1 3 3
1 18 3 3
3 11 3 3
3 15 3 3
4 16 3 3
1 5 4 3
5 15 4 3
10 15 4 3
1 4 6 3
6 10 6 3
9 15 6 3
10 14 6 3
1 17 8 3
1 13 9 3
8 14 3 4
10 19 10 3
7 18 5 4
12 16 6 4
2 17 3 5
(95 62)

Arvore 13
0 1 3 3
1 18 3 3
3 11 3 3
3 15 3 3
4 16 3 3
1 5 4 3
5 15 4 3
10 15 4 3
1 4 6 3
6 10 6 3
9 15 6 3
10 14 6 3
1 17 8 3
1 13 9 3
10 19 10 3
8 14 3 4
7 18 5 4
12 16 6 4
2 13 10 4
(102 61)

Arvore 14
1 2 97 0
0 1 3 3
1 18 3 3
3 11 3 3
3 15 3 3
4 16 3 3
1 5 4 3
5 15 4 3
10 15 4 3
1 4 6 3
6 10 6 3
9 15 6 3
10 14 6 3
1 17 8 3
1 13 9 3
10 19 10 3
8 14 3 4
7 18 5 4
12 16 6 4
(189 57)


NAO SUPORTADAS: 
Arvore 15
0 1 3 3
1 18 3 3
3 11 3 3
3 15 3 3
4 16 3 3
6 9 3 4
8 14 3 4
13 18 3 4
0 15 3 5
2 17 3 5
4 9 3 5
5 13 3 5
0 14 3 7
6 8 3 7
6 12 3 8
6 19 3 8
0 2 0 97
10 15 4 3
2 7 4 5
(56 182)

Arvore 16
0 1 3 3
1 18 3 3
3 11 3 3
3 15 3 3
4 16 3 3
6 9 3 4
8 14 3 4
13 18 3 4
0 15 3 5
2 17 3 5
4 9 3 5
5 13 3 5
6 8 3 7
5 12 3 8
6 19 3 8
0 2 0 97
10 15 4 3
3 4 4 4
2 7 4 5
(57 179)

Arvore 17
0 1 3 3
1 18 3 3
3 11 3 3
3 15 3 3
4 16 3 3
6 9 3 4
8 14 3 4
13 18 3 4
2 17 3 5
4 9 3 5
5 13 3 5
5 15 4 3
10 15 4 3
3 4 4 4
9 17 4 4
0 14 3 7
2 7 4 5
5 12 3 8
6 19 3 8
(62 84)

Arvore 18
0 1 3 3
1 18 3 3
3 11 3 3
3 15 3 3
4 16 3 3
6 9 3 4
8 14 3 4
13 18 3 4
2 17 3 5
4 9 3 5
5 13 3 5
5 15 4 3
10 15 4 3
3 4 4 4
9 17 4 4
0 14 3 7
2 7 4 5
5 12 3 8
9 19 5 4
(64 80)

Arvore 19
0 1 3 3
1 18 3 3
3 11 3 3
3 15 3 3
4 16 3 3
6 9 3 4
8 14 3 4
13 18 3 4
2 17 3 5
4 9 3 5
5 13 3 5
5 15 4 3
10 15 4 3
9 17 4 4
9 18 4 4
2 7 4 5
14 16 4 5
5 12 3 8
6 19 3 8
(63 82)

Arvore 20
0 1 3 3
1 18 3 3
3 11 3 3
3 15 3 3
4 16 3 3
6 9 3 4
8 14 3 4
13 18 3 4
2 17 3 5
4 9 3 5
5 13 3 5
5 15 4 3
10 15 4 3
3 4 4 4
9 17 4 4
2 7 4 5
14 16 4 5
5 12 3 8
9 19 5 4
(65 78)

Arvore 21
0 1 3 3
1 18 3 3
3 11 3 3
3 15 3 3
4 16 3 3
6 9 3 4
8 14 3 4
13 18 3 4
2 17 3 5
4 9 3 5
1 5 4 3
5 15 4 3
10 15 4 3
3 4 4 4
9 17 4 4
0 14 3 7
2 7 4 5
12 18 4 6
9 19 5 4
(66 76)

Arvore 22
0 1 3 3
1 18 3 3
3 11 3 3
3 15 3 3
4 16 3 3
6 9 3 4
8 14 3 4
13 18 3 4
1 5 4 3
5 15 4 3
10 15 4 3
2 17 3 5
3 4 4 4
9 17 4 4
9 18 4 4
2 7 4 5
14 16 4 5
9 19 5 4
12 18 4 6
(68 73)

Arvore 23
0 1 3 3
1 18 3 3
3 11 3 3
3 15 3 3
4 16 3 3
6 9 3 4
8 14 3 4
13 18 3 4
1 5 4 3
5 15 4 3
10 15 4 3
2 17 3 5
4 9 3 5
3 4 4 4
9 17 4 4
2 7 4 5
14 16 4 5
9 19 5 4
12 16 6 4
(69 72)

Arvore 24
0 1 3 3
1 18 3 3
3 11 3 3
3 15 3 3
4 16 3 3
6 9 3 4
8 14 3 4
13 18 3 4
1 5 4 3
5 15 4 3
10 15 4 3
2 17 3 5
3 4 4 4
9 17 4 4
9 18 4 4
2 7 4 5
14 16 4 5
11 19 5 4
12 16 6 4
(70 71)

Arvore 25
0 1 3 3
1 18 3 3
3 11 3 3
3 15 3 3
4 16 3 3
6 9 3 4
8 14 3 4
13 18 3 4
1 5 4 3
5 15 4 3
10 15 4 3
2 17 3 5
3 4 4 4
9 17 4 4
9 18 4 4
14 16 4 5
7 18 5 4
11 19 5 4
12 16 6 4
(71 70)

Arvore 26
0 1 3 3
1 18 3 3
3 11 3 3
3 15 3 3
4 16 3 3
6 9 3 4
8 14 3 4
13 18 3 4
1 5 4 3
5 15 4 3
10 15 4 3
2 17 3 5
3 4 4 4
9 17 4 4
9 18 4 4
2 7 4 5
9 19 5 4
10 14 6 3
12 16 6 4
(72 69)

Arvore 27
0 1 3 3
1 18 3 3
3 11 3 3
3 15 3 3
4 16 3 3
1 5 4 3
5 15 4 3
10 15 4 3
6 9 3 4
8 14 3 4
13 18 3 4
9 17 4 4
9 18 4 4
1 4 6 3
10 14 6 3
2 17 3 5
7 18 5 4
9 19 5 4
12 16 6 4
(75 67)

Arvore 28
0 1 3 3
1 18 3 3
3 11 3 3
3 15 3 3
4 16 3 3
1 5 4 3
5 15 4 3
10 15 4 3
1 4 6 3
6 10 6 3
9 15 6 3
10 14 6 3
1 17 8 3
10 19 10 3
8 14 3 4
13 18 3 4
7 18 5 4
12 16 6 4
1 2 97 0
(183 58)

Arvore 29
0 1 3 3
1 18 3 3
3 11 3 3
3 15 3 3
4 16 3 3
1 5 4 3
5 15 4 3
10 15 4 3
1 4 6 3
6 10 6 3
9 15 6 3
10 14 6 3
1 17 8 3
8 14 3 4
13 18 3 4
7 18 5 4
9 19 5 4
12 16 6 4
1 2 97 0
(178 59)

Arvore 30
0 1 3 3
1 18 3 3
3 11 3 3
3 15 3 3
4 16 3 3
1 5 4 3
5 15 4 3
10 15 4 3
1 4 6 3
6 10 6 3
9 15 6 3
10 14 6 3
8 14 3 4
13 18 3 4
9 17 4 4
7 18 5 4
9 19 5 4
12 16 6 4
1 2 97 0
(174 60)

