Fim da primeira fase ... 
0
Fim da segunda fase ... 
395
3.95
Total: 3.95
Suportadas = 14
Nao suportadas = 28
TOTAL DE SOLUCOES = 42

SUPORTADAS: 

Arvore 1
0 2 0 95
0 1 5 5
0 5 5 5
2 16 5 6
4 11 5 6
10 14 5 7
5 19 5 9
11 17 5 9
5 17 5 11
0 14 5 12
3 9 5 12
8 17 5 12
3 11 6 6
6 15 6 6
6 17 6 9
13 17 6 9
7 8 6 10
1 18 7 6
3 12 7 9
(99 244)

Arvore 2
0 1 5 5
0 5 5 5
2 16 5 6
4 11 5 6
10 14 5 7
5 19 5 9
11 17 5 9
5 17 5 11
0 14 5 12
3 9 5 12
8 17 5 12
3 11 6 6
6 15 6 6
6 17 6 9
13 17 6 9
7 8 6 10
10 16 6 14
1 18 7 6
3 12 7 9
(105 163)

Arvore 3
0 1 5 5
0 5 5 5
2 16 5 6
4 11 5 6
10 14 5 7
5 19 5 9
11 17 5 9
5 17 5 11
4 14 6 5
3 9 5 12
8 17 5 12
3 11 6 6
6 15 6 6
6 17 6 9
13 17 6 9
7 8 6 10
1 18 7 6
14 16 7 7
3 12 7 9
(107 149)

Arvore 4
0 1 5 5
0 5 5 5
2 16 5 6
4 11 5 6
10 14 5 7
5 19 5 9
11 17 5 9
4 14 6 5
3 11 6 6
5 11 6 6
6 15 6 6
3 9 5 12
8 17 5 12
6 17 6 9
13 17 6 9
7 8 6 10
1 18 7 6
14 16 7 7
3 12 7 9
(108 144)

Arvore 5
0 1 5 5
0 5 5 5
2 16 5 6
4 11 5 6
10 14 5 7
4 14 6 5
3 11 6 6
5 11 6 6
6 15 6 6
5 19 5 9
11 17 5 9
1 18 7 6
6 17 6 9
9 17 6 9
13 17 6 9
14 16 7 7
8 17 5 12
7 8 6 10
3 12 7 9
(109 141)

Arvore 6
0 1 5 5
0 5 5 5
2 16 5 6
4 11 5 6
4 14 6 5
10 14 5 7
3 11 6 6
5 11 6 6
6 15 6 6
1 18 7 6
5 19 5 9
11 17 5 9
14 16 7 7
7 14 8 6
6 17 6 9
9 17 6 9
13 17 6 9
1 8 6 10
3 12 7 9
(112 135)

Arvore 7
0 1 5 5
0 5 5 5
2 16 5 6
4 11 5 6
4 14 6 5
10 14 5 7
3 11 6 6
5 11 6 6
6 15 6 6
1 18 7 6
5 19 5 9
11 17 5 9
14 16 7 7
7 14 8 6
9 15 9 5
6 17 6 9
13 17 6 9
2 12 10 5
1 8 6 10
(118 127)

Arvore 8
0 1 5 5
0 5 5 5
4 14 6 5
2 16 5 6
4 11 5 6
3 11 6 6
5 11 6 6
6 15 6 6
10 14 5 7
1 18 7 6
9 15 9 5
1 19 8 6
7 14 8 6
14 16 7 7
11 17 5 9
2 12 10 5
2 15 9 6
13 17 6 9
1 8 6 10
(124 121)

Arvore 9
0 1 5 5
0 5 5 5
4 14 6 5
2 16 5 6
4 11 5 6
3 11 6 6
5 11 6 6
6 15 6 6
10 14 5 7
1 18 7 6
9 15 9 5
1 19 8 6
7 14 8 6
14 16 7 7
2 12 10 5
2 15 9 6
11 17 5 9
13 17 6 9
5 8 11 6
(129 117)

Arvore 10
0 1 5 5
0 5 5 5
4 14 6 5
2 16 5 6
4 11 5 6
3 11 6 6
5 11 6 6
6 15 6 6
10 14 5 7
1 18 7 6
9 15 9 5
1 19 8 6
7 14 8 6
2 5 10 5
2 12 10 5
2 15 9 6
11 17 5 9
9 13 9 7
5 8 11 6
(135 113)

Arvore 11
0 1 5 5
0 5 5 5
4 14 6 5
2 16 5 6
4 11 5 6
3 11 6 6
5 11 6 6
6 15 6 6
9 15 9 5
1 18 7 6
2 5 10 5
2 12 10 5
10 14 5 7
1 19 8 6
7 14 8 6
1 9 11 5
5 8 11 6
8 13 11 6
11 17 5 9
(139 111)

Arvore 12
0 1 5 5
0 5 5 5
4 14 6 5
9 15 9 5
2 16 5 6
4 11 5 6
2 5 10 5
2 12 10 5
3 11 6 6
5 11 6 6
6 15 6 6
1 9 11 5
1 18 7 6
1 19 8 6
7 14 8 6
7 10 14 5
5 8 11 6
8 13 11 6
11 17 5 9
(148 109)

Arvore 13
0 1 5 5
0 5 5 5
4 14 6 5
9 15 9 5
2 5 10 5
2 12 10 5
11 14 10 5
1 9 11 5
2 16 5 6
3 11 6 6
5 11 6 6
6 15 6 6
1 18 7 6
7 10 14 5
1 19 8 6
7 14 8 6
5 8 11 6
8 13 11 6
1 17 15 7
(163 106)

Arvore 14
1 2 95 0
0 1 5 5
0 5 5 5
4 14 6 5
9 15 9 5
2 12 10 5
11 14 10 5
1 9 11 5
7 10 14 5
2 16 5 6
3 11 6 6
5 11 6 6
6 15 6 6
1 18 7 6
1 19 8 6
7 14 8 6
5 8 11 6
8 13 11 6
1 17 15 7
(248 101)


NAO SUPORTADAS: 
Arvore 15
0 1 5 5
0 5 5 5
2 16 5 6
4 11 5 6
10 14 5 7
5 19 5 9
11 17 5 9
5 17 5 11
3 9 5 12
8 17 5 12
4 14 6 5
3 11 6 6
6 15 6 6
6 17 6 9
13 17 6 9
7 8 6 10
0 2 0 95
1 18 7 6
3 12 7 9
(100 237)

Arvore 16
0 1 5 5
0 5 5 5
2 16 5 6
4 11 5 6
10 14 5 7
5 19 5 9
11 17 5 9
3 9 5 12
8 17 5 12
4 14 6 5
3 11 6 6
5 11 6 6
6 15 6 6
6 17 6 9
13 17 6 9
7 8 6 10
0 2 0 95
1 18 7 6
3 12 7 9
(101 232)

Arvore 17
0 1 5 5
0 5 5 5
2 16 5 6
4 11 5 6
10 14 5 7
5 19 5 9
11 17 5 9
8 17 5 12
4 14 6 5
3 11 6 6
5 11 6 6
6 15 6 6
6 17 6 9
9 17 6 9
13 17 6 9
7 8 6 10
0 2 0 95
1 18 7 6
3 12 7 9
(102 229)

Arvore 18
0 1 5 5
0 5 5 5
2 16 5 6
4 11 5 6
10 14 5 7
5 19 5 9
11 17 5 9
4 14 6 5
3 11 6 6
5 11 6 6
6 15 6 6
6 17 6 9
9 17 6 9
13 17 6 9
1 8 6 10
7 8 6 10
0 2 0 95
1 18 7 6
3 12 7 9
(103 227)

Arvore 19
0 1 5 5
0 5 5 5
2 16 5 6
4 11 5 6
10 14 5 7
5 19 5 9
11 17 5 9
8 17 5 12
4 14 6 5
3 11 6 6
5 11 6 6
6 15 6 6
6 17 6 9
9 17 6 9
13 17 6 9
0 2 0 95
1 18 7 6
3 12 7 9
7 14 8 6
(104 225)

Arvore 20
0 1 5 5
0 5 5 5
2 16 5 6
4 11 5 6
10 14 5 7
5 19 5 9
11 17 5 9
5 17 5 11
0 14 5 12
3 9 5 12
8 17 5 12
3 11 6 6
6 15 6 6
6 17 6 9
13 17 6 9
7 8 6 10
1 18 7 6
14 16 7 7
3 12 7 9
(106 156)

Arvore 21
0 1 5 5
0 5 5 5
2 16 5 6
4 11 5 6
10 14 5 7
4 14 6 5
3 11 6 6
5 11 6 6
6 15 6 6
5 19 5 9
11 17 5 9
1 18 7 6
6 17 6 9
9 17 6 9
13 17 6 9
14 16 7 7
1 8 6 10
7 8 6 10
3 12 7 9
(110 139)

Arvore 22
0 1 5 5
0 5 5 5
2 16 5 6
4 11 5 6
10 14 5 7
4 14 6 5
3 11 6 6
5 11 6 6
6 15 6 6
5 19 5 9
11 17 5 9
1 18 7 6
6 17 6 9
9 17 6 9
13 17 6 9
14 16 7 7
8 17 5 12
7 14 8 6
3 12 7 9
(111 137)

Arvore 23
0 1 5 5
0 5 5 5
2 16 5 6
4 11 5 6
4 14 6 5
10 14 5 7
3 11 6 6
5 11 6 6
6 15 6 6
1 18 7 6
5 19 5 9
11 17 5 9
14 16 7 7
7 14 8 6
9 17 6 9
13 17 6 9
9 15 9 5
1 8 6 10
3 12 7 9
(115 131)

Arvore 24
0 1 5 5
0 5 5 5
2 16 5 6
4 11 5 6
4 14 6 5
10 14 5 7
3 11 6 6
5 11 6 6
6 15 6 6
1 18 7 6
5 19 5 9
11 17 5 9
14 16 7 7
7 14 8 6
9 17 6 9
13 17 6 9
9 15 9 5
3 12 7 9
8 17 5 12
(114 133)

Arvore 25
0 1 5 5
0 5 5 5
2 16 5 6
4 11 5 6
4 14 6 5
10 14 5 7
3 11 6 6
5 11 6 6
6 15 6 6
1 18 7 6
5 19 5 9
11 17 5 9
14 16 7 7
7 14 8 6
9 17 6 9
13 17 6 9
9 15 9 5
2 12 10 5
8 17 5 12
(117 129)

Arvore 26
0 1 5 5
0 5 5 5
2 16 5 6
4 11 5 6
4 14 6 5
10 14 5 7
3 11 6 6
5 11 6 6
6 15 6 6
1 18 7 6
11 17 5 9
14 16 7 7
1 19 8 6
7 14 8 6
9 15 9 5
6 17 6 9
13 17 6 9
2 12 10 5
1 8 6 10
(121 124)

Arvore 27
0 1 5 5
0 5 5 5
2 16 5 6
4 11 5 6
4 14 6 5
10 14 5 7
3 11 6 6
5 11 6 6
6 15 6 6
1 18 7 6
11 17 5 9
14 16 7 7
1 19 8 6
7 14 8 6
9 15 9 5
13 17 6 9
10 15 8 7
2 12 10 5
1 8 6 10
(123 122)

Arvore 28
0 1 5 5
0 5 5 5
2 16 5 6
4 11 5 6
4 14 6 5
10 14 5 7
3 11 6 6
5 11 6 6
6 15 6 6
1 18 7 6
5 19 5 9
11 17 5 9
14 16 7 7
7 14 8 6
9 15 9 5
13 17 6 9
10 15 8 7
2 12 10 5
1 8 6 10
(120 125)

Arvore 29
0 1 5 5
0 5 5 5
4 14 6 5
2 16 5 6
4 11 5 6
3 11 6 6
5 11 6 6
6 15 6 6
10 14 5 7
1 18 7 6
9 15 9 5
1 19 8 6
7 14 8 6
14 16 7 7
11 17 5 9
2 12 10 5
10 15 8 7
13 17 6 9
5 8 11 6
(128 118)

Arvore 30
0 1 5 5
0 5 5 5
4 14 6 5
2 16 5 6
4 11 5 6
3 11 6 6
5 11 6 6
6 15 6 6
10 14 5 7
1 18 7 6
9 15 9 5
1 19 8 6
7 14 8 6
11 17 5 9
2 5 10 5
2 12 10 5
2 15 9 6
13 17 6 9
1 8 6 10
(127 119)

Arvore 31
0 1 5 5
0 5 5 5
4 14 6 5
2 16 5 6
4 11 5 6
3 11 6 6
5 11 6 6
6 15 6 6
10 14 5 7
1 18 7 6
9 15 9 5
1 19 8 6
7 14 8 6
11 17 5 9
2 5 10 5
2 12 10 5
10 15 8 7
13 17 6 9
1 8 6 10
(126 120)

Arvore 32
0 1 5 5
0 5 5 5
4 14 6 5
2 16 5 6
4 11 5 6
3 11 6 6
5 11 6 6
6 15 6 6
10 14 5 7
1 18 7 6
9 15 9 5
1 19 8 6
7 14 8 6
2 5 10 5
2 12 10 5
2 15 9 6
11 17 5 9
13 17 6 9
5 8 11 6
(132 115)

Arvore 33
0 1 5 5
0 5 5 5
4 14 6 5
2 16 5 6
4 11 5 6
3 11 6 6
5 11 6 6
6 15 6 6
10 14 5 7
1 18 7 6
9 15 9 5
1 19 8 6
7 14 8 6
14 16 7 7
2 12 10 5
2 15 9 6
11 17 5 9
5 8 11 6
8 13 11 6
(134 114)

Arvore 34
0 1 5 5
0 5 5 5
4 14 6 5
2 16 5 6
4 11 5 6
3 11 6 6
5 11 6 6
6 15 6 6
10 14 5 7
1 18 7 6
9 15 9 5
1 19 8 6
7 14 8 6
2 5 10 5
2 12 10 5
11 17 5 9
10 15 8 7
13 17 6 9
5 8 11 6
(131 116)

Arvore 35
0 1 5 5
0 5 5 5
4 14 6 5
2 16 5 6
4 11 5 6
3 11 6 6
5 11 6 6
6 15 6 6
10 14 5 7
1 18 7 6
9 15 9 5
1 19 8 6
7 14 8 6
2 5 10 5
2 12 10 5
1 9 11 5
11 17 5 9
9 13 9 7
5 8 11 6
(137 112)

Arvore 36
0 1 5 5
0 5 5 5
4 14 6 5
9 15 9 5
2 16 5 6
2 5 10 5
2 12 10 5
11 14 10 5
3 11 6 6
5 11 6 6
6 15 6 6
1 9 11 5
1 18 7 6
1 19 8 6
7 14 8 6
10 14 5 7
5 8 11 6
8 13 11 6
11 17 5 9
(144 110)

Arvore 37
0 1 5 5
0 5 5 5
4 14 6 5
9 15 9 5
2 16 5 6
2 5 10 5
2 12 10 5
11 14 10 5
3 11 6 6
5 11 6 6
6 15 6 6
1 9 11 5
1 18 7 6
1 19 8 6
7 14 8 6
7 10 14 5
5 8 11 6
8 13 11 6
11 17 5 9
(153 108)

Arvore 38
0 1 5 5
0 5 5 5
4 14 6 5
9 15 9 5
2 16 5 6
4 11 5 6
2 5 10 5
2 12 10 5
3 11 6 6
5 11 6 6
6 15 6 6
1 9 11 5
1 18 7 6
1 19 8 6
7 14 8 6
7 10 14 5
5 8 11 6
8 13 11 6
1 17 15 7
(158 107)

Arvore 39
0 1 5 5
0 5 5 5
4 14 6 5
9 15 9 5
2 12 10 5
1 2 95 0
1 9 11 5
7 10 14 5
2 16 5 6
4 11 5 6
3 11 6 6
5 11 6 6
6 15 6 6
1 18 7 6
1 19 8 6
7 14 8 6
5 8 11 6
8 13 11 6
1 17 15 7
(243 102)

Arvore 40
0 1 5 5
0 5 5 5
4 14 6 5
9 15 9 5
2 12 10 5
11 14 10 5
1 2 95 0
1 9 11 5
7 10 14 5
2 16 5 6
3 11 6 6
5 11 6 6
6 15 6 6
1 18 7 6
1 19 8 6
7 14 8 6
5 8 11 6
8 13 11 6
11 17 5 9
(238 103)

Arvore 41
0 1 5 5
0 5 5 5
4 14 6 5
9 15 9 5
2 12 10 5
1 2 95 0
1 9 11 5
7 10 14 5
2 16 5 6
4 11 5 6
3 11 6 6
5 11 6 6
6 15 6 6
1 18 7 6
1 19 8 6
7 14 8 6
5 8 11 6
8 13 11 6
11 17 5 9
(233 104)

Arvore 42
0 1 5 5
0 5 5 5
4 14 6 5
9 15 9 5
2 12 10 5
11 14 10 5
1 2 95 0
1 9 11 5
2 16 5 6
3 11 6 6
5 11 6 6
6 15 6 6
1 18 7 6
1 19 8 6
7 14 8 6
5 8 11 6
8 13 11 6
10 14 5 7
11 17 5 9
(229 105)

