Fim da primeira fase ... 
0
Fim da segunda fase ... 
367
3.67
Total: 3.67
Suportadas = 23
Nao suportadas = 32
TOTAL DE SOLUCOES = 55

SUPORTADAS: 

Arvore 1
0 2 0 98
0 1 2 2
8 18 2 5
3 12 3 2
4 8 3 3
5 10 3 4
6 11 3 4
7 10 3 5
1 17 3 6
6 8 3 7
6 16 3 7
3 6 3 9
12 17 3 10
5 19 3 12
2 13 3 14
2 14 3 15
14 19 4 3
0 9 4 4
17 20 4 4
15 20 5 8
6 21 5 10
(65 232)

Arvore 2
0 1 2 2
8 18 2 5
3 12 3 2
4 8 3 3
5 10 3 4
6 11 3 4
7 10 3 5
1 17 3 6
6 8 3 7
6 16 3 7
3 6 3 9
12 17 3 10
5 19 3 12
2 12 3 13
2 13 3 14
2 14 3 15
14 19 4 3
0 9 4 4
17 20 4 4
15 20 5 8
6 21 5 10
(68 147)

Arvore 3
0 1 2 2
8 18 2 5
3 12 3 2
4 8 3 3
5 10 3 4
6 11 3 4
7 10 3 5
1 17 3 6
6 8 3 7
6 16 3 7
14 19 4 3
3 6 3 9
0 9 4 4
17 20 4 4
12 17 3 10
5 19 3 12
2 12 3 13
2 13 3 14
10 17 4 9
15 20 5 8
6 21 5 10
(69 141)

Arvore 4
0 1 2 2
8 18 2 5
3 12 3 2
4 8 3 3
5 10 3 4
6 11 3 4
7 10 3 5
1 17 3 6
6 8 3 7
6 16 3 7
14 19 4 3
0 9 4 4
17 20 4 4
3 6 3 9
12 17 3 10
5 19 3 12
2 12 3 13
10 17 4 9
2 13 3 14
15 20 5 8
8 21 6 5
(70 136)

Arvore 5
0 1 2 2
8 18 2 5
3 12 3 2
4 8 3 3
5 10 3 4
6 11 3 4
7 10 3 5
1 17 3 6
14 19 4 3
6 8 3 7
6 16 3 7
0 9 4 4
17 20 4 4
3 8 4 5
9 12 4 6
5 19 3 12
10 17 4 9
2 12 3 13
2 13 3 14
15 20 5 8
8 21 6 5
(72 128)

Arvore 6
0 1 2 2
8 18 2 5
3 12 3 2
4 8 3 3
5 10 3 4
6 11 3 4
7 10 3 5
1 17 3 6
14 19 4 3
6 8 3 7
6 16 3 7
0 9 4 4
17 20 4 4
3 8 4 5
9 12 4 6
5 19 3 12
10 17 4 9
2 12 3 13
6 13 6 3
15 20 5 8
8 21 6 5
(75 117)

Arvore 7
0 1 2 2
3 12 3 2
8 18 2 5
4 8 3 3
5 10 3 4
6 11 3 4
7 10 3 5
14 19 4 3
1 17 3 6
0 9 4 4
17 20 4 4
6 8 3 7
6 16 3 7
3 8 4 5
9 12 4 6
6 13 6 3
3 7 5 6
5 19 3 12
2 12 3 13
8 21 6 5
15 20 5 8
(76 114)

Arvore 8
0 1 2 2
3 12 3 2
8 18 2 5
4 8 3 3
5 10 3 4
6 11 3 4
7 10 3 5
14 19 4 3
1 17 3 6
0 9 4 4
17 20 4 4
6 8 3 7
6 16 3 7
3 8 4 5
9 12 4 6
6 13 6 3
3 7 5 6
8 21 6 5
6 15 7 3
5 19 3 12
2 12 3 13
(78 109)

Arvore 9
0 1 2 2
3 12 3 2
4 8 3 3
8 18 2 5
5 10 3 4
6 11 3 4
14 19 4 3
7 10 3 5
0 9 4 4
17 20 4 4
1 17 3 6
3 8 4 5
6 8 3 7
6 16 3 7
9 12 4 6
6 13 6 3
3 7 5 6
6 15 7 3
8 21 6 5
5 19 3 12
2 19 8 3
(83 99)

Arvore 10
0 1 2 2
3 12 3 2
4 8 3 3
8 18 2 5
5 10 3 4
6 11 3 4
14 19 4 3
7 10 3 5
0 9 4 4
17 20 4 4
1 17 3 6
3 8 4 5
6 8 3 7
6 16 3 7
9 12 4 6
6 13 6 3
3 7 5 6
6 15 7 3
8 21 6 5
2 19 8 3
7 19 8 3
(88 90)

Arvore 11
0 1 2 2
3 12 3 2
4 8 3 3
8 18 2 5
5 10 3 4
6 11 3 4
14 19 4 3
7 10 3 5
0 9 4 4
17 20 4 4
1 17 3 6
3 8 4 5
6 9 6 3
6 13 6 3
6 8 3 7
6 16 3 7
6 15 7 3
3 7 5 6
8 21 6 5
2 19 8 3
7 19 8 3
(90 87)

Arvore 12
0 1 2 2
3 12 3 2
4 8 3 3
14 19 4 3
5 10 3 4
6 11 3 4
8 18 2 5
0 9 4 4
17 20 4 4
7 10 3 5
6 9 6 3
6 13 6 3
3 18 5 4
1 17 3 6
6 15 7 3
4 20 5 5
6 16 3 7
1 21 9 2
2 19 8 3
7 19 8 3
3 7 5 6
(96 81)

Arvore 13
0 1 2 2
3 12 3 2
4 8 3 3
14 19 4 3
5 10 3 4
6 11 3 4
8 18 2 5
0 9 4 4
17 20 4 4
7 10 3 5
6 9 6 3
6 13 6 3
3 18 5 4
1 17 3 6
6 15 7 3
4 20 5 5
1 21 9 2
2 19 8 3
7 19 8 3
6 16 3 7
8 14 10 2
(101 77)

Arvore 14
0 1 2 2
3 12 3 2
4 8 3 3
14 19 4 3
5 10 3 4
6 11 3 4
8 18 2 5
0 9 4 4
17 20 4 4
7 10 3 5
6 9 6 3
6 13 6 3
3 18 5 4
6 15 7 3
9 17 7 3
1 21 9 2
4 20 5 5
2 19 8 3
7 19 8 3
6 16 3 7
8 14 10 2
(105 74)

Arvore 15
0 1 2 2
3 12 3 2
4 8 3 3
14 19 4 3
5 10 3 4
6 11 3 4
6 9 6 3
6 13 6 3
1 21 9 2
0 9 4 4
17 20 4 4
6 15 7 3
9 17 7 3
8 14 10 2
8 18 2 5
3 18 5 4
2 19 8 3
3 20 8 3
7 19 8 3
7 10 3 5
6 16 3 7
(108 72)

Arvore 16
0 1 2 2
3 12 3 2
4 8 3 3
14 19 4 3
1 21 9 2
6 9 6 3
6 13 6 3
5 10 3 4
6 11 3 4
8 14 10 2
6 15 7 3
9 17 7 3
0 9 4 4
17 20 4 4
2 19 8 3
3 20 8 3
7 19 8 3
3 18 5 4
14 21 12 2
7 10 3 5
6 16 3 7
(118 69)

Arvore 17
0 1 2 2
3 12 3 2
4 8 3 3
14 19 4 3
1 21 9 2
6 9 6 3
6 13 6 3
8 14 10 2
5 10 3 4
6 11 3 4
6 15 7 3
9 17 7 3
0 9 4 4
17 20 4 4
2 19 8 3
3 20 8 3
7 19 8 3
14 21 12 2
3 18 5 4
7 10 3 5
2 16 10 5
(125 67)

Arvore 18
0 1 2 2
3 12 3 2
4 8 3 3
14 19 4 3
1 21 9 2
8 14 10 2
6 9 6 3
6 13 6 3
6 15 7 3
9 17 7 3
5 10 3 4
6 11 3 4
14 21 12 2
2 19 8 3
3 20 8 3
7 19 8 3
0 9 4 4
17 20 4 4
3 18 5 4
7 10 3 5
13 16 14 4
(129 66)

Arvore 19
0 1 2 2
3 12 3 2
4 8 3 3
14 19 4 3
1 21 9 2
8 14 10 2
6 9 6 3
6 13 6 3
6 15 7 3
9 17 7 3
14 21 12 2
5 10 3 4
6 11 3 4
2 19 8 3
3 20 8 3
7 19 8 3
0 9 4 4
17 20 4 4
3 18 5 4
5 17 12 3
13 16 14 4
(138 64)

Arvore 20
0 1 2 2
3 12 3 2
4 8 3 3
1 21 9 2
14 19 4 3
8 14 10 2
6 9 6 3
6 13 6 3
14 21 12 2
6 15 7 3
9 17 7 3
2 19 8 3
3 20 8 3
7 19 8 3
5 10 3 4
6 11 3 4
9 14 9 3
17 20 4 4
3 18 5 4
5 17 12 3
13 16 14 4
(143 63)

Arvore 21
0 1 2 2
3 12 3 2
1 21 9 2
4 8 3 3
8 14 10 2
14 19 4 3
14 21 12 2
6 9 6 3
6 13 6 3
6 15 7 3
9 17 7 3
2 19 8 3
3 20 8 3
7 19 8 3
9 14 9 3
11 17 9 3
5 10 3 4
17 20 4 4
3 18 5 4
5 17 12 3
13 16 14 4
(149 62)

Arvore 22
0 1 2 2
3 12 3 2
1 21 9 2
8 14 10 2
14 21 12 2
4 8 3 3
14 19 4 3
6 9 6 3
6 13 6 3
6 15 7 3
9 17 7 3
2 19 8 3
3 20 8 3
7 19 8 3
9 14 9 3
11 17 9 3
5 17 12 3
8 12 14 3
5 10 3 4
3 18 5 4
13 16 14 4
(159 61)

Arvore 23
1 2 98 0
0 1 2 2
3 12 3 2
1 21 9 2
8 14 10 2
14 21 12 2
4 8 3 3
14 19 4 3
6 9 6 3
6 13 6 3
6 15 7 3
9 17 7 3
3 20 8 3
7 19 8 3
9 14 9 3
11 17 9 3
5 17 12 3
8 12 14 3
5 10 3 4
3 18 5 4
13 16 14 4
(249 58)


NAO SUPORTADAS: 
Arvore 24
0 1 2 2
8 18 2 5
3 12 3 2
4 8 3 3
5 10 3 4
6 11 3 4
7 10 3 5
1 17 3 6
6 8 3 7
6 16 3 7
3 6 3 9
12 17 3 10
5 19 3 12
0 2 0 98
2 13 3 14
14 19 4 3
0 9 4 4
17 20 4 4
10 17 4 9
15 20 5 8
6 21 5 10
(66 226)

Arvore 25
0 1 2 2
8 18 2 5
3 12 3 2
4 8 3 3
5 10 3 4
6 11 3 4
7 10 3 5
1 17 3 6
6 8 3 7
6 16 3 7
3 6 3 9
12 17 3 10
5 19 3 12
0 2 0 98
2 13 3 14
14 19 4 3
0 9 4 4
17 20 4 4
10 17 4 9
15 20 5 8
8 21 6 5
(67 221)

Arvore 26
0 1 2 2
8 18 2 5
3 12 3 2
4 8 3 3
5 10 3 4
6 11 3 4
7 10 3 5
1 17 3 6
6 8 3 7
6 16 3 7
14 19 4 3
0 9 4 4
17 20 4 4
3 8 4 5
12 17 3 10
5 19 3 12
2 12 3 13
10 17 4 9
2 13 3 14
15 20 5 8
8 21 6 5
(71 132)

Arvore 27
0 1 2 2
8 18 2 5
3 12 3 2
4 8 3 3
5 10 3 4
6 11 3 4
7 10 3 5
1 17 3 6
14 19 4 3
6 8 3 7
6 16 3 7
0 9 4 4
17 20 4 4
3 8 4 5
12 17 3 10
5 19 3 12
10 17 4 9
2 12 3 13
6 13 6 3
15 20 5 8
8 21 6 5
(74 121)

Arvore 28
0 1 2 2
8 18 2 5
3 12 3 2
4 8 3 3
5 10 3 4
6 11 3 4
7 10 3 5
1 17 3 6
14 19 4 3
6 8 3 7
6 16 3 7
0 9 4 4
17 20 4 4
3 8 4 5
9 12 4 6
5 19 3 12
2 12 3 13
3 7 5 6
2 13 3 14
15 20 5 8
8 21 6 5
(73 125)

Arvore 29
0 1 2 2
3 12 3 2
8 18 2 5
4 8 3 3
5 10 3 4
6 11 3 4
7 10 3 5
14 19 4 3
1 17 3 6
0 9 4 4
17 20 4 4
6 8 3 7
6 16 3 7
3 8 4 5
9 12 4 6
6 13 6 3
10 17 4 9
5 19 3 12
8 21 6 5
2 12 3 13
6 15 7 3
(77 112)

Arvore 30
0 1 2 2
3 12 3 2
8 18 2 5
4 8 3 3
5 10 3 4
6 11 3 4
7 10 3 5
14 19 4 3
1 17 3 6
0 9 4 4
17 20 4 4
6 8 3 7
6 16 3 7
3 8 4 5
4 20 5 5
6 13 6 3
3 7 5 6
8 21 6 5
6 15 7 3
5 19 3 12
2 12 3 13
(79 108)

Arvore 31
0 1 2 2
3 12 3 2
8 18 2 5
4 8 3 3
5 10 3 4
6 11 3 4
7 10 3 5
14 19 4 3
1 17 3 6
0 9 4 4
17 20 4 4
6 8 3 7
6 16 3 7
3 8 4 5
9 12 4 6
6 13 6 3
3 7 5 6
8 21 6 5
6 15 7 3
2 12 3 13
6 14 6 7
(81 104)

Arvore 32
0 1 2 2
3 12 3 2
8 18 2 5
4 8 3 3
5 10 3 4
6 11 3 4
7 10 3 5
14 19 4 3
1 17 3 6
0 9 4 4
17 20 4 4
6 8 3 7
6 16 3 7
3 8 4 5
6 9 6 3
6 13 6 3
3 7 5 6
8 21 6 5
6 15 7 3
5 19 3 12
2 12 3 13
(80 106)

Arvore 33
0 1 2 2
3 12 3 2
8 18 2 5
4 8 3 3
5 10 3 4
6 11 3 4
7 10 3 5
14 19 4 3
1 17 3 6
0 9 4 4
17 20 4 4
6 8 3 7
6 16 3 7
3 8 4 5
9 12 4 6
6 13 6 3
10 17 4 9
8 21 6 5
6 15 7 3
5 19 3 12
2 19 8 3
(82 102)

Arvore 34
0 1 2 2
3 12 3 2
4 8 3 3
8 18 2 5
5 10 3 4
6 11 3 4
14 19 4 3
7 10 3 5
0 9 4 4
17 20 4 4
1 17 3 6
3 8 4 5
6 8 3 7
6 16 3 7
9 12 4 6
6 13 6 3
3 7 5 6
6 15 7 3
8 21 6 5
2 19 8 3
6 14 6 7
(86 94)

Arvore 35
0 1 2 2
3 12 3 2
4 8 3 3
8 18 2 5
5 10 3 4
6 11 3 4
14 19 4 3
7 10 3 5
0 9 4 4
17 20 4 4
1 17 3 6
3 8 4 5
6 8 3 7
6 16 3 7
6 9 6 3
6 13 6 3
3 7 5 6
6 15 7 3
8 21 6 5
5 19 3 12
2 19 8 3
(85 96)

Arvore 36
0 1 2 2
3 12 3 2
4 8 3 3
8 18 2 5
5 10 3 4
6 11 3 4
14 19 4 3
7 10 3 5
0 9 4 4
17 20 4 4
1 17 3 6
6 8 3 7
6 16 3 7
3 18 5 4
9 12 4 6
6 13 6 3
3 7 5 6
6 15 7 3
8 21 6 5
5 19 3 12
2 19 8 3
(84 98)

Arvore 37
0 1 2 2
3 12 3 2
4 8 3 3
8 18 2 5
5 10 3 4
6 11 3 4
14 19 4 3
7 10 3 5
0 9 4 4
17 20 4 4
1 17 3 6
3 8 4 5
6 8 3 7
6 16 3 7
9 12 4 6
6 13 6 3
3 7 5 6
6 15 7 3
18 21 7 4
2 19 8 3
6 14 6 7
(87 93)

Arvore 38
0 1 2 2
3 12 3 2
4 8 3 3
8 18 2 5
5 10 3 4
6 11 3 4
14 19 4 3
7 10 3 5
0 9 4 4
17 20 4 4
1 17 3 6
6 8 3 7
6 16 3 7
3 18 5 4
9 12 4 6
6 13 6 3
3 7 5 6
6 15 7 3
8 21 6 5
2 19 8 3
7 19 8 3
(89 89)

Arvore 39
0 1 2 2
3 12 3 2
4 8 3 3
8 18 2 5
5 10 3 4
6 11 3 4
14 19 4 3
7 10 3 5
0 9 4 4
17 20 4 4
1 17 3 6
3 18 5 4
6 9 6 3
6 13 6 3
6 8 3 7
6 16 3 7
6 15 7 3
3 7 5 6
8 21 6 5
2 19 8 3
7 19 8 3
(91 86)

Arvore 40
0 1 2 2
3 12 3 2
4 8 3 3
8 18 2 5
5 10 3 4
6 11 3 4
14 19 4 3
7 10 3 5
0 9 4 4
17 20 4 4
1 17 3 6
3 18 5 4
6 9 6 3
6 13 6 3
6 16 3 7
9 12 4 6
6 15 7 3
3 7 5 6
8 21 6 5
2 19 8 3
7 19 8 3
(92 85)

Arvore 41
0 1 2 2
3 12 3 2
4 8 3 3
8 18 2 5
5 10 3 4
6 11 3 4
14 19 4 3
7 10 3 5
0 9 4 4
17 20 4 4
1 17 3 6
3 18 5 4
6 9 6 3
6 13 6 3
6 16 3 7
9 12 4 6
6 15 7 3
3 7 5 6
18 21 7 4
2 19 8 3
7 19 8 3
(93 84)

Arvore 42
0 1 2 2
3 12 3 2
4 8 3 3
8 18 2 5
5 10 3 4
6 11 3 4
14 19 4 3
7 10 3 5
0 9 4 4
17 20 4 4
1 17 3 6
3 18 5 4
6 9 6 3
6 13 6 3
6 16 3 7
9 12 4 6
6 15 7 3
3 7 5 6
2 19 8 3
7 19 8 3
1 21 9 2
(95 82)

Arvore 43
0 1 2 2
3 12 3 2
4 8 3 3
8 18 2 5
5 10 3 4
6 11 3 4
14 19 4 3
7 10 3 5
0 9 4 4
17 20 4 4
1 17 3 6
3 18 5 4
6 9 6 3
6 13 6 3
6 8 3 7
6 16 3 7
6 15 7 3
3 7 5 6
2 19 8 3
7 19 8 3
1 21 9 2
(94 83)

Arvore 44
0 1 2 2
3 12 3 2
4 8 3 3
14 19 4 3
5 10 3 4
6 11 3 4
8 18 2 5
0 9 4 4
17 20 4 4
7 10 3 5
6 9 6 3
6 13 6 3
3 18 5 4
6 15 7 3
9 17 7 3
4 20 5 5
1 21 9 2
6 16 3 7
2 19 8 3
7 19 8 3
3 7 5 6
(100 78)

Arvore 45
0 1 2 2
3 12 3 2
4 8 3 3
14 19 4 3
5 10 3 4
6 11 3 4
8 18 2 5
0 9 4 4
17 20 4 4
7 10 3 5
6 9 6 3
6 13 6 3
3 8 4 5
6 15 7 3
9 17 7 3
4 20 5 5
1 21 9 2
6 16 3 7
2 19 8 3
7 19 8 3
3 7 5 6
(99 79)

Arvore 46
0 1 2 2
3 12 3 2
4 8 3 3
14 19 4 3
5 10 3 4
6 11 3 4
8 18 2 5
0 9 4 4
17 20 4 4
7 10 3 5
6 9 6 3
6 13 6 3
3 18 5 4
6 15 7 3
9 17 7 3
4 20 5 5
6 16 3 7
2 19 8 3
7 19 8 3
18 21 7 4
3 7 5 6
(98 80)

Arvore 47
0 1 2 2
3 12 3 2
4 8 3 3
14 19 4 3
5 10 3 4
6 11 3 4
8 18 2 5
0 9 4 4
17 20 4 4
7 10 3 5
6 9 6 3
6 13 6 3
3 8 4 5
6 15 7 3
9 17 7 3
4 20 5 5
1 21 9 2
2 19 8 3
7 19 8 3
6 16 3 7
8 14 10 2
(104 75)

Arvore 48
0 1 2 2
3 12 3 2
4 8 3 3
14 19 4 3
5 10 3 4
6 11 3 4
8 18 2 5
0 9 4 4
17 20 4 4
7 10 3 5
6 9 6 3
6 13 6 3
3 18 5 4
6 15 7 3
9 17 7 3
1 21 9 2
2 19 8 3
3 20 8 3
7 19 8 3
6 16 3 7
3 7 5 6
(103 76)

Arvore 49
0 1 2 2
3 12 3 2
4 8 3 3
14 19 4 3
5 10 3 4
6 11 3 4
8 18 2 5
0 9 4 4
17 20 4 4
7 10 3 5
6 9 6 3
6 13 6 3
3 18 5 4
6 15 7 3
9 17 7 3
1 21 9 2
2 19 8 3
3 20 8 3
7 19 8 3
6 16 3 7
9 14 9 3
(107 73)

Arvore 50
0 1 2 2
3 12 3 2
4 8 3 3
14 19 4 3
1 21 9 2
6 9 6 3
6 13 6 3
5 10 3 4
6 11 3 4
8 14 10 2
6 15 7 3
9 17 7 3
0 9 4 4
17 20 4 4
2 19 8 3
3 20 8 3
7 19 8 3
8 18 2 5
14 21 12 2
7 10 3 5
6 16 3 7
(115 70)

Arvore 51
0 1 2 2
3 12 3 2
4 8 3 3
14 19 4 3
1 21 9 2
6 9 6 3
6 13 6 3
5 10 3 4
6 11 3 4
8 14 10 2
6 15 7 3
9 17 7 3
0 9 4 4
17 20 4 4
2 19 8 3
3 20 8 3
7 19 8 3
8 18 2 5
9 14 9 3
7 10 3 5
6 16 3 7
(112 71)

Arvore 52
0 1 2 2
3 12 3 2
4 8 3 3
14 19 4 3
1 21 9 2
6 9 6 3
6 13 6 3
5 10 3 4
6 11 3 4
8 14 10 2
6 15 7 3
9 17 7 3
0 9 4 4
17 20 4 4
2 19 8 3
3 20 8 3
7 19 8 3
14 21 12 2
8 18 2 5
7 10 3 5
2 16 10 5
(122 68)

Arvore 53
0 1 2 2
3 12 3 2
4 8 3 3
14 19 4 3
1 21 9 2
8 14 10 2
6 9 6 3
6 13 6 3
6 15 7 3
9 17 7 3
5 10 3 4
6 11 3 4
14 21 12 2
2 19 8 3
3 20 8 3
7 19 8 3
17 20 4 4
9 14 9 3
3 18 5 4
7 10 3 5
13 16 14 4
(134 65)

Arvore 54
0 1 2 2
3 12 3 2
1 21 9 2
8 14 10 2
14 21 12 2
4 8 3 3
14 19 4 3
6 9 6 3
6 13 6 3
6 15 7 3
9 17 7 3
3 20 8 3
7 19 8 3
1 2 98 0
9 14 9 3
11 17 9 3
5 17 12 3
5 10 3 4
17 20 4 4
3 18 5 4
13 16 14 4
(239 59)

Arvore 55
0 1 2 2
3 12 3 2
1 21 9 2
8 14 10 2
14 21 12 2
4 8 3 3
14 19 4 3
6 9 6 3
6 13 6 3
6 15 7 3
9 17 7 3
3 20 8 3
7 19 8 3
1 2 98 0
9 14 9 3
5 17 12 3
5 10 3 4
6 11 3 4
17 20 4 4
3 18 5 4
13 16 14 4
(233 60)

