Fim da primeira fase ... 
0
Fim da segunda fase ... 
559
5.59
Total: 5.59
Suportadas = 19
Nao suportadas = 38
TOTAL DE SOLUCOES = 57

SUPORTADAS: 

Arvore 1
0 2 0 92
0 1 8 8
12 20 8 11
1 20 8 13
2 17 8 13
0 9 8 15
7 8 8 16
12 18 9 8
0 16 9 9
4 17 9 9
4 11 9 10
6 11 9 10
5 8 9 11
6 21 9 12
12 19 9 13
3 18 9 14
5 13 9 15
5 10 9 19
0 8 10 9
2 15 10 9
14 18 10 11
(177 327)

Arvore 2
0 1 8 8
12 20 8 11
1 20 8 13
2 17 8 13
0 9 8 15
7 8 8 16
12 18 9 8
0 16 9 9
4 17 9 9
12 17 9 9
4 11 9 10
6 11 9 10
5 8 9 11
6 21 9 12
12 19 9 13
3 18 9 14
5 13 9 15
0 8 10 9
2 15 10 9
5 10 9 19
14 18 10 11
(186 244)

Arvore 3
0 1 8 8
12 20 8 11
1 20 8 13
2 17 8 13
12 18 9 8
0 9 8 15
0 16 9 9
4 17 9 9
12 17 9 9
7 8 8 16
4 11 9 10
6 11 9 10
5 8 9 11
6 21 9 12
12 19 9 13
3 18 9 14
5 13 9 15
0 8 10 9
2 15 10 9
2 10 10 11
14 18 10 11
(187 236)

Arvore 4
0 1 8 8
12 20 8 11
12 18 9 8
0 16 9 9
4 17 9 9
12 17 9 9
1 20 8 13
2 17 8 13
4 11 9 10
6 11 9 10
5 8 9 11
0 9 8 15
6 21 9 12
7 8 8 16
0 8 10 9
2 15 10 9
12 19 9 13
3 18 9 14
2 10 10 11
7 13 10 11
14 18 10 11
(188 232)

Arvore 5
0 1 8 8
12 18 9 8
12 20 8 11
0 16 9 9
4 17 9 9
12 17 9 9
4 11 9 10
6 11 9 10
1 20 8 13
2 17 8 13
5 8 9 11
0 8 10 9
2 15 10 9
6 21 9 12
4 9 10 10
12 19 9 13
2 10 10 11
7 13 10 11
13 18 10 11
14 18 10 11
3 18 9 14
(192 222)

Arvore 6
0 1 8 8
12 18 9 8
0 16 9 9
4 17 9 9
12 17 9 9
12 20 8 11
4 11 9 10
6 11 9 10
0 8 10 9
2 15 10 9
5 8 9 11
1 20 8 13
2 17 8 13
4 9 10 10
6 21 9 12
7 19 11 9
2 10 10 11
7 13 10 11
13 18 10 11
14 18 10 11
3 18 9 14
(194 218)

Arvore 7
0 1 8 8
12 18 9 8
0 16 9 9
4 17 9 9
12 17 9 9
12 20 8 11
4 11 9 10
6 11 9 10
0 8 10 9
2 15 10 9
5 8 9 11
2 11 10 10
4 9 10 10
1 20 8 13
7 19 11 9
6 21 9 12
7 17 12 8
2 10 10 11
7 13 10 11
14 18 10 11
3 18 9 14
(198 212)

Arvore 8
0 1 8 8
12 18 9 8
0 16 9 9
4 17 9 9
12 17 9 9
12 20 8 11
4 11 9 10
6 11 9 10
0 8 10 9
2 15 10 9
5 8 9 11
2 11 10 10
4 9 10 10
7 19 11 9
0 12 12 8
7 17 12 8
6 21 9 12
2 10 10 11
7 13 10 11
14 18 10 11
3 18 9 14
(202 207)

Arvore 9
0 1 8 8
12 18 9 8
0 16 9 9
4 17 9 9
12 17 9 9
0 8 10 9
2 15 10 9
4 11 9 10
6 11 9 10
12 20 8 11
0 12 12 8
7 17 12 8
7 19 11 9
2 11 10 10
4 9 10 10
5 8 9 11
13 20 13 8
9 14 12 9
2 21 11 10
2 10 10 11
3 13 11 12
(211 198)

Arvore 10
0 1 8 8
12 18 9 8
0 16 9 9
4 17 9 9
12 17 9 9
0 8 10 9
2 15 10 9
0 12 12 8
7 17 12 8
4 11 9 10
6 11 9 10
7 19 11 9
13 20 13 8
12 20 8 11
2 11 10 10
4 9 10 10
9 14 12 9
5 8 9 11
2 21 11 10
6 10 13 9
3 13 11 12
(214 196)

Arvore 11
0 1 8 8
12 18 9 8
0 16 9 9
4 17 9 9
12 17 9 9
0 8 10 9
2 15 10 9
0 12 12 8
7 17 12 8
4 11 9 10
6 11 9 10
7 19 11 9
13 20 13 8
12 20 8 11
2 11 10 10
4 9 10 10
9 14 12 9
5 8 9 11
2 21 11 10
6 10 13 9
3 4 18 8
(221 192)

Arvore 12
0 1 8 8
12 18 9 8
0 16 9 9
4 17 9 9
12 17 9 9
0 12 12 8
7 17 12 8
0 8 10 9
2 15 10 9
13 20 13 8
7 19 11 9
4 11 9 10
6 11 9 10
9 14 12 9
2 11 10 10
4 9 10 10
12 20 8 11
6 10 13 9
2 21 11 10
5 15 11 10
3 4 18 8
(223 191)

Arvore 13
0 1 8 8
12 18 9 8
0 16 9 9
4 17 9 9
12 17 9 9
0 12 12 8
7 17 12 8
0 8 10 9
2 15 10 9
13 20 13 8
7 19 11 9
11 16 14 8
6 11 9 10
9 14 12 9
2 11 10 10
4 9 10 10
6 10 13 9
7 20 13 9
2 21 11 10
5 15 11 10
3 4 18 8
(233 187)

Arvore 14
0 1 8 8
12 18 9 8
0 12 12 8
7 17 12 8
0 16 9 9
4 17 9 9
12 17 9 9
13 20 13 8
0 8 10 9
2 15 10 9
11 16 14 8
7 19 11 9
9 14 12 9
6 11 9 10
6 10 13 9
7 20 13 9
9 15 13 9
2 11 10 10
2 21 11 10
5 15 11 10
3 4 18 8
(236 186)

Arvore 15
0 1 8 8
12 18 9 8
0 12 12 8
7 17 12 8
13 20 13 8
0 16 9 9
4 17 9 9
12 17 9 9
11 16 14 8
0 8 10 9
2 15 10 9
7 19 11 9
9 14 12 9
6 14 17 8
6 10 13 9
7 20 13 9
9 15 13 9
3 4 18 8
6 11 9 10
2 21 11 10
5 15 11 10
(243 184)

Arvore 16
0 1 8 8
12 18 9 8
0 12 12 8
7 17 12 8
13 20 13 8
11 16 14 8
0 16 9 9
4 17 9 9
12 17 9 9
0 8 10 9
2 15 10 9
7 19 11 9
6 14 17 8
9 14 12 9
3 4 18 8
11 13 18 8
6 10 13 9
9 15 13 9
6 11 9 10
2 21 11 10
5 15 11 10
(248 183)

Arvore 17
0 1 8 8
12 18 9 8
0 12 12 8
7 17 12 8
13 20 13 8
11 16 14 8
0 16 9 9
4 17 9 9
12 17 9 9
6 14 17 8
0 8 10 9
2 15 10 9
3 4 18 8
11 13 18 8
7 19 11 9
9 14 12 9
6 10 13 9
9 15 13 9
6 11 9 10
18 21 17 9
5 15 11 10
(254 182)

Arvore 18
0 1 8 8
12 18 9 8
0 12 12 8
7 17 12 8
13 20 13 8
11 16 14 8
0 7 17 8
6 14 17 8
0 16 9 9
4 17 9 9
3 4 18 8
11 13 18 8
0 8 10 9
2 15 10 9
7 19 11 9
9 14 12 9
6 10 13 9
9 15 13 9
15 16 17 9
18 21 17 9
5 15 11 10
(270 180)

Arvore 19
1 2 92 0
0 1 8 8
12 18 9 8
0 12 12 8
7 17 12 8
13 20 13 8
11 16 14 8
0 7 17 8
6 14 17 8
3 4 18 8
11 13 18 8
0 16 9 9
4 17 9 9
0 8 10 9
2 15 10 9
7 19 11 9
9 14 12 9
6 10 13 9
9 15 13 9
18 21 17 9
5 15 11 10
(345 171)


NAO SUPORTADAS: 
Arvore 20
0 1 8 8
12 20 8 11
1 20 8 13
2 17 8 13
0 9 8 15
7 8 8 16
12 18 9 8
0 16 9 9
4 17 9 9
17 20 8 19
4 11 9 10
6 11 9 10
5 8 9 11
6 21 9 12
12 19 9 13
3 18 9 14
5 13 9 15
0 8 10 9
2 15 10 9
5 10 9 19
14 18 10 11
(185 254)

Arvore 21
0 1 8 8
12 20 8 11
1 20 8 13
2 17 8 13
0 9 8 15
7 8 8 16
12 18 9 8
0 16 9 9
4 17 9 9
0 2 0 92
4 11 9 10
6 11 9 10
5 8 9 11
6 21 9 12
12 19 9 13
3 18 9 14
5 13 9 15
0 8 10 9
2 15 10 9
2 10 10 11
14 18 10 11
(178 319)

Arvore 22
0 1 8 8
12 20 8 11
1 20 8 13
0 9 8 15
7 8 8 16
12 18 9 8
0 16 9 9
4 17 9 9
12 17 9 9
0 2 0 92
4 11 9 10
6 11 9 10
5 8 9 11
6 21 9 12
12 19 9 13
3 18 9 14
5 13 9 15
0 8 10 9
2 15 10 9
2 10 10 11
14 18 10 11
(179 315)

Arvore 23
0 1 8 8
12 20 8 11
1 20 8 13
0 9 8 15
7 8 8 16
12 18 9 8
0 16 9 9
4 17 9 9
12 17 9 9
0 2 0 92
4 11 9 10
6 11 9 10
5 8 9 11
6 21 9 12
12 19 9 13
3 18 9 14
0 8 10 9
2 15 10 9
2 10 10 11
7 13 10 11
14 18 10 11
(180 311)

Arvore 24
0 1 8 8
12 20 8 11
2 17 8 13
0 9 8 15
12 18 9 8
0 16 9 9
4 17 9 9
12 17 9 9
0 2 0 92
4 11 9 10
6 11 9 10
5 8 9 11
6 21 9 12
12 19 9 13
3 18 9 14
5 13 9 15
0 8 10 9
2 15 10 9
2 10 10 11
7 13 10 11
14 18 10 11
(181 310)

Arvore 25
0 1 8 8
12 20 8 11
2 17 8 13
0 9 8 15
12 18 9 8
0 16 9 9
4 17 9 9
12 17 9 9
0 2 0 92
4 11 9 10
6 11 9 10
5 8 9 11
6 21 9 12
12 19 9 13
3 18 9 14
0 8 10 9
2 15 10 9
2 10 10 11
7 13 10 11
13 18 10 11
14 18 10 11
(182 306)

Arvore 26
0 1 8 8
12 20 8 11
2 17 8 13
0 9 8 15
12 18 9 8
0 16 9 9
4 17 9 9
12 17 9 9
0 2 0 92
4 11 9 10
6 11 9 10
5 8 9 11
6 21 9 12
12 19 9 13
3 18 9 14
0 8 10 9
2 15 10 9
2 10 10 11
7 13 10 11
14 18 10 11
7 19 11 9
(183 304)

Arvore 27
0 1 8 8
12 20 8 11
2 17 8 13
12 18 9 8
0 16 9 9
4 17 9 9
12 17 9 9
0 2 0 92
4 11 9 10
6 11 9 10
5 8 9 11
6 21 9 12
12 19 9 13
3 18 9 14
0 8 10 9
2 15 10 9
4 9 10 10
2 10 10 11
7 13 10 11
13 18 10 11
14 18 10 11
(184 301)

Arvore 28
0 1 8 8
12 18 9 8
12 20 8 11
0 16 9 9
4 17 9 9
12 17 9 9
4 11 9 10
6 11 9 10
1 20 8 13
2 17 8 13
5 8 9 11
0 8 10 9
2 15 10 9
6 21 9 12
4 9 10 10
12 19 9 13
7 8 8 16
2 10 10 11
7 13 10 11
14 18 10 11
3 18 9 14
(190 227)

Arvore 29
0 1 8 8
12 18 9 8
12 20 8 11
0 16 9 9
4 17 9 9
12 17 9 9
4 11 9 10
6 11 9 10
1 20 8 13
2 17 8 13
5 8 9 11
0 8 10 9
2 15 10 9
6 21 9 12
0 9 8 15
12 19 9 13
2 10 10 11
13 18 10 11
14 18 10 11
3 18 9 14
7 19 11 9
(191 225)

Arvore 30
0 1 8 8
12 18 9 8
12 20 8 11
0 16 9 9
4 17 9 9
12 17 9 9
4 11 9 10
6 11 9 10
1 20 8 13
2 17 8 13
5 8 9 11
0 8 10 9
2 15 10 9
6 21 9 12
4 9 10 10
12 19 9 13
7 8 8 16
2 10 10 11
14 18 10 11
3 18 9 14
5 13 9 15
(189 231)

Arvore 31
0 1 8 8
12 18 9 8
12 20 8 11
0 16 9 9
4 17 9 9
12 17 9 9
4 11 9 10
6 11 9 10
1 20 8 13
2 17 8 13
5 8 9 11
0 8 10 9
2 15 10 9
6 21 9 12
4 9 10 10
12 19 9 13
2 10 10 11
13 18 10 11
14 18 10 11
7 19 11 9
3 18 9 14
(193 220)

Arvore 32
0 1 8 8
12 18 9 8
0 16 9 9
4 17 9 9
12 17 9 9
12 20 8 11
4 11 9 10
6 11 9 10
0 8 10 9
2 15 10 9
5 8 9 11
1 20 8 13
2 11 10 10
4 9 10 10
6 21 9 12
7 19 11 9
2 10 10 11
7 13 10 11
13 18 10 11
14 18 10 11
3 18 9 14
(196 215)

Arvore 33
0 1 8 8
12 18 9 8
0 16 9 9
4 17 9 9
12 17 9 9
12 20 8 11
4 11 9 10
6 11 9 10
0 8 10 9
2 15 10 9
5 8 9 11
1 20 8 13
2 11 10 10
4 9 10 10
6 21 9 12
7 19 11 9
2 10 10 11
13 18 10 11
14 18 10 11
12 19 9 13
3 18 9 14
(195 217)

Arvore 34
0 1 8 8
12 18 9 8
0 16 9 9
4 17 9 9
12 17 9 9
12 20 8 11
4 11 9 10
6 11 9 10
0 8 10 9
2 15 10 9
5 8 9 11
2 11 10 10
4 9 10 10
7 19 11 9
1 20 8 13
7 17 12 8
6 21 9 12
2 10 10 11
13 18 10 11
9 14 12 9
3 18 9 14
(200 210)

Arvore 35
0 1 8 8
12 18 9 8
0 16 9 9
4 17 9 9
12 17 9 9
12 20 8 11
4 11 9 10
6 11 9 10
0 8 10 9
2 15 10 9
5 8 9 11
2 11 10 10
4 9 10 10
7 19 11 9
1 20 8 13
7 17 12 8
6 21 9 12
2 10 10 11
14 18 10 11
13 20 13 8
3 18 9 14
(201 209)

Arvore 36
0 1 8 8
12 18 9 8
0 16 9 9
4 17 9 9
12 17 9 9
12 20 8 11
4 11 9 10
6 11 9 10
0 8 10 9
2 15 10 9
5 8 9 11
2 11 10 10
4 9 10 10
7 19 11 9
0 12 12 8
7 17 12 8
2 10 10 11
7 13 10 11
14 18 10 11
2 21 11 10
3 18 9 14
(204 205)

Arvore 37
0 1 8 8
12 18 9 8
0 16 9 9
4 17 9 9
12 17 9 9
12 20 8 11
4 11 9 10
6 11 9 10
0 8 10 9
2 15 10 9
5 8 9 11
2 11 10 10
4 9 10 10
7 19 11 9
0 12 12 8
7 17 12 8
2 10 10 11
7 13 10 11
14 18 10 11
2 21 11 10
3 13 11 12
(206 203)

Arvore 38
0 1 8 8
12 18 9 8
0 16 9 9
4 17 9 9
12 17 9 9
12 20 8 11
4 11 9 10
6 11 9 10
0 8 10 9
2 15 10 9
5 8 9 11
2 11 10 10
4 9 10 10
7 19 11 9
0 12 12 8
7 17 12 8
6 21 9 12
2 10 10 11
14 18 10 11
13 20 13 8
3 18 9 14
(205 204)

Arvore 39
0 1 8 8
12 18 9 8
0 16 9 9
4 17 9 9
12 17 9 9
12 20 8 11
4 11 9 10
6 11 9 10
0 8 10 9
2 15 10 9
5 8 9 11
2 11 10 10
4 9 10 10
7 19 11 9
0 12 12 8
7 17 12 8
6 21 9 12
2 10 10 11
14 18 10 11
13 20 13 8
3 13 11 12
(207 202)

Arvore 40
0 1 8 8
12 18 9 8
0 16 9 9
4 17 9 9
12 17 9 9
12 20 8 11
4 11 9 10
6 11 9 10
0 8 10 9
2 15 10 9
5 8 9 11
2 11 10 10
4 9 10 10
7 19 11 9
0 12 12 8
7 17 12 8
6 21 9 12
2 10 10 11
9 14 12 9
13 20 13 8
3 13 11 12
(209 200)

Arvore 41
0 1 8 8
12 18 9 8
0 16 9 9
4 17 9 9
12 17 9 9
12 20 8 11
4 11 9 10
6 11 9 10
0 8 10 9
2 15 10 9
5 8 9 11
2 11 10 10
4 9 10 10
7 19 11 9
0 12 12 8
7 17 12 8
2 10 10 11
7 13 10 11
2 21 11 10
9 14 12 9
3 13 11 12
(208 201)

Arvore 42
0 1 8 8
12 18 9 8
0 16 9 9
4 17 9 9
12 17 9 9
0 8 10 9
2 15 10 9
4 11 9 10
6 11 9 10
0 12 12 8
7 17 12 8
12 20 8 11
7 19 11 9
2 11 10 10
4 9 10 10
13 20 13 8
9 14 12 9
2 21 11 10
5 15 11 10
2 10 10 11
3 13 11 12
(213 197)

Arvore 43
0 1 8 8
12 18 9 8
0 16 9 9
4 17 9 9
12 17 9 9
0 8 10 9
2 15 10 9
0 12 12 8
7 17 12 8
4 11 9 10
6 11 9 10
7 19 11 9
13 20 13 8
12 20 8 11
2 11 10 10
4 9 10 10
9 14 12 9
2 21 11 10
5 15 11 10
6 10 13 9
3 13 11 12
(216 195)

Arvore 44
0 1 8 8
12 18 9 8
0 16 9 9
4 17 9 9
12 17 9 9
0 8 10 9
2 15 10 9
0 12 12 8
7 17 12 8
4 11 9 10
6 11 9 10
7 19 11 9
13 20 13 8
12 20 8 11
2 11 10 10
4 9 10 10
9 14 12 9
5 8 9 11
2 21 11 10
2 10 10 11
3 4 18 8
(218 194)

Arvore 45
0 1 8 8
12 18 9 8
0 16 9 9
4 17 9 9
12 17 9 9
0 8 10 9
2 15 10 9
0 12 12 8
7 17 12 8
4 11 9 10
6 11 9 10
7 19 11 9
13 20 13 8
12 20 8 11
2 11 10 10
4 9 10 10
9 14 12 9
2 21 11 10
5 15 11 10
2 10 10 11
3 4 18 8
(220 193)

Arvore 46
0 1 8 8
12 18 9 8
0 16 9 9
4 17 9 9
12 17 9 9
0 12 12 8
7 17 12 8
0 8 10 9
2 15 10 9
13 20 13 8
7 19 11 9
6 11 9 10
11 16 14 8
9 14 12 9
2 11 10 10
4 9 10 10
12 20 8 11
6 10 13 9
2 21 11 10
5 15 11 10
3 4 18 8
(228 189)

Arvore 47
0 1 8 8
12 18 9 8
0 16 9 9
4 17 9 9
12 17 9 9
0 12 12 8
7 17 12 8
0 8 10 9
2 15 10 9
13 20 13 8
7 19 11 9
6 11 9 10
11 16 14 8
9 14 12 9
2 11 10 10
4 9 10 10
12 20 8 11
6 10 13 9
2 21 11 10
5 8 9 11
3 4 18 8
(226 190)

Arvore 48
0 1 8 8
12 18 9 8
0 16 9 9
4 17 9 9
12 17 9 9
0 12 12 8
7 17 12 8
0 8 10 9
2 15 10 9
13 20 13 8
7 19 11 9
6 11 9 10
11 16 14 8
9 14 12 9
4 9 10 10
12 20 8 11
6 10 13 9
9 15 13 9
2 21 11 10
5 15 11 10
3 4 18 8
(231 188)

Arvore 49
0 1 8 8
12 18 9 8
0 12 12 8
7 17 12 8
0 16 9 9
4 17 9 9
12 17 9 9
13 20 13 8
0 8 10 9
2 15 10 9
11 16 14 8
7 19 11 9
9 14 12 9
6 11 9 10
6 10 13 9
7 20 13 9
2 11 10 10
6 14 17 8
2 21 11 10
5 15 11 10
3 4 18 8
(240 185)

Arvore 50
0 1 8 8
12 18 9 8
0 12 12 8
7 17 12 8
13 20 13 8
11 16 14 8
0 16 9 9
4 17 9 9
0 7 17 8
6 14 17 8
0 8 10 9
2 15 10 9
3 4 18 8
11 13 18 8
7 19 11 9
9 14 12 9
6 10 13 9
9 15 13 9
6 11 9 10
18 21 17 9
5 15 11 10
(262 181)

Arvore 51
0 1 8 8
12 18 9 8
0 12 12 8
7 17 12 8
13 20 13 8
11 16 14 8
6 14 17 8
0 16 9 9
4 17 9 9
12 17 9 9
3 4 18 8
11 13 18 8
0 8 10 9
2 15 10 9
7 19 11 9
9 14 12 9
6 10 13 9
9 15 13 9
18 21 17 9
1 2 92 0
5 15 11 10
(337 172)

Arvore 52
0 1 8 8
12 18 9 8
0 12 12 8
7 17 12 8
13 20 13 8
11 16 14 8
6 14 17 8
0 16 9 9
4 17 9 9
12 17 9 9
3 4 18 8
11 13 18 8
0 8 10 9
2 15 10 9
7 19 11 9
9 14 12 9
6 10 13 9
9 15 13 9
1 2 92 0
2 21 11 10
5 15 11 10
(331 173)

Arvore 53
0 1 8 8
12 18 9 8
0 12 12 8
7 17 12 8
13 20 13 8
11 16 14 8
6 14 17 8
0 16 9 9
4 17 9 9
12 17 9 9
3 4 18 8
0 8 10 9
2 15 10 9
7 19 11 9
9 14 12 9
6 10 13 9
7 20 13 9
9 15 13 9
1 2 92 0
2 21 11 10
5 15 11 10
(326 174)

Arvore 54
0 1 8 8
12 18 9 8
0 12 12 8
7 17 12 8
13 20 13 8
11 16 14 8
6 14 17 8
0 16 9 9
4 17 9 9
12 17 9 9
3 4 18 8
0 8 10 9
2 15 10 9
7 19 11 9
9 14 12 9
6 10 13 9
7 20 13 9
1 2 92 0
6 11 9 10
2 21 11 10
5 15 11 10
(322 175)

Arvore 55
0 1 8 8
12 18 9 8
0 12 12 8
7 17 12 8
13 20 13 8
11 16 14 8
0 16 9 9
4 17 9 9
12 17 9 9
3 4 18 8
0 8 10 9
2 15 10 9
7 19 11 9
9 14 12 9
6 10 13 9
7 20 13 9
9 15 13 9
1 2 92 0
6 11 9 10
2 21 11 10
5 15 11 10
(318 176)

Arvore 56
0 1 8 8
12 18 9 8
0 12 12 8
7 17 12 8
13 20 13 8
11 16 14 8
0 16 9 9
4 17 9 9
12 17 9 9
3 4 18 8
0 8 10 9
2 15 10 9
7 19 11 9
9 14 12 9
6 10 13 9
7 20 13 9
1 2 92 0
6 11 9 10
4 9 10 10
2 21 11 10
5 15 11 10
(315 177)

Arvore 57
0 1 8 8
12 18 9 8
0 12 12 8
7 17 12 8
13 20 13 8
0 16 9 9
4 17 9 9
12 17 9 9
3 4 18 8
0 8 10 9
2 15 10 9
7 19 11 9
9 14 12 9
6 10 13 9
7 20 13 9
9 15 13 9
1 2 92 0
4 11 9 10
6 11 9 10
2 21 11 10
5 15 11 10
(313 178)

