Fim da primeira fase ... 
0
Fim da segunda fase ... 
10337
103.37
Total: 103.37
Suportadas = 41
Nao suportadas = 93
TOTAL DE SOLUCOES = 134

SUPORTADAS: 

Arvore 1
0 2 0 95
0 1 5 5
18 20 5 6
12 19 5 9
21 24 5 13
10 31 5 16
19 22 5 17
20 33 5 17
8 22 5 18
0 5 5 20
3 11 5 20
7 28 5 21
20 26 5 25
29 34 5 25
19 28 6 6
4 17 6 7
10 26 6 7
22 31 6 7
7 21 6 9
6 26 6 10
2 21 6 11
14 28 6 11
15 32 6 11
29 32 6 11
11 15 6 12
10 34 6 17
1 25 6 22
9 27 6 23
17 31 6 23
4 23 7 9
9 29 8 7
13 31 8 7
16 29 8 8
0 30 8 10
(194 535)

Arvore 2
0 1 5 5
18 20 5 6
12 19 5 9
21 24 5 13
10 31 5 16
19 22 5 17
20 33 5 17
8 22 5 18
19 28 6 6
0 5 5 20
3 11 5 20
4 17 6 7
10 26 6 7
22 31 6 7
7 28 5 21
7 21 6 9
6 26 6 10
2 21 6 11
14 28 6 11
15 32 6 11
29 32 6 11
20 26 5 25
29 34 5 25
11 15 6 12
0 2 0 95
10 34 6 17
17 24 7 6
1 25 6 22
4 23 7 9
9 27 6 23
9 29 8 7
13 31 8 7
16 29 8 8
0 30 8 10
(195 518)

Arvore 3
0 1 5 5
18 20 5 6
12 19 5 9
21 24 5 13
10 31 5 16
19 22 5 17
20 33 5 17
19 28 6 6
8 22 5 18
4 17 6 7
10 26 6 7
22 31 6 7
0 5 5 20
3 11 5 20
7 21 6 9
7 28 5 21
6 26 6 10
2 21 6 11
14 28 6 11
15 32 6 11
29 32 6 11
11 15 6 12
20 26 5 25
29 34 5 25
10 34 6 17
0 15 7 6
17 24 7 6
4 23 7 9
1 25 6 22
9 27 6 23
9 29 8 7
13 31 8 7
16 29 8 8
0 30 8 10
(202 429)

Arvore 4
0 1 5 5
18 20 5 6
12 19 5 9
21 24 5 13
19 28 6 6
10 31 5 16
4 17 6 7
10 26 6 7
22 31 6 7
19 22 5 17
20 33 5 17
8 22 5 18
7 21 6 9
6 26 6 10
0 5 5 20
3 11 5 20
2 21 6 11
14 28 6 11
15 32 6 11
29 32 6 11
7 28 5 21
11 15 6 12
0 15 7 6
17 24 7 6
26 32 7 6
20 26 5 25
29 34 5 25
4 23 7 9
1 25 6 22
9 27 6 23
9 29 8 7
13 31 8 7
16 29 8 8
0 30 8 10
(203 418)

Arvore 5
0 1 5 5
18 20 5 6
12 19 5 9
21 24 5 13
19 28 6 6
4 17 6 7
10 26 6 7
22 31 6 7
10 31 5 16
19 22 5 17
20 33 5 17
7 21 6 9
8 22 5 18
6 26 6 10
2 21 6 11
14 28 6 11
15 32 6 11
29 32 6 11
0 5 5 20
3 11 5 20
11 15 6 12
7 28 5 21
0 15 7 6
17 24 7 6
26 32 7 6
15 33 7 7
29 34 5 25
4 23 7 9
1 25 6 22
9 27 6 23
9 29 8 7
13 31 8 7
16 29 8 8
0 30 8 10
(205 400)

Arvore 6
0 1 5 5
18 20 5 6
12 19 5 9
21 24 5 13
19 28 6 6
4 17 6 7
10 26 6 7
22 31 6 7
10 31 5 16
7 21 6 9
19 22 5 17
20 33 5 17
6 26 6 10
8 22 5 18
2 21 6 11
14 28 6 11
15 32 6 11
29 32 6 11
11 15 6 12
0 5 5 20
3 11 5 20
7 28 5 21
0 15 7 6
17 24 7 6
26 32 7 6
15 33 7 7
4 23 7 9
10 34 6 17
1 25 6 22
9 29 8 7
13 31 8 7
9 27 6 23
16 29 8 8
0 30 8 10
(206 392)

Arvore 7
0 1 5 5
18 20 5 6
12 19 5 9
19 28 6 6
4 17 6 7
10 26 6 7
22 31 6 7
21 24 5 13
7 21 6 9
6 26 6 10
10 31 5 16
2 21 6 11
14 28 6 11
15 32 6 11
29 32 6 11
0 15 7 6
17 24 7 6
26 32 7 6
19 22 5 17
20 33 5 17
11 15 6 12
15 33 7 7
8 22 5 18
5 17 7 8
4 23 7 9
0 5 5 20
3 11 5 20
10 34 6 17
9 29 8 7
13 31 8 7
16 29 8 8
0 30 8 10
1 25 6 22
9 27 6 23
(208 379)

Arvore 8
0 1 5 5
18 20 5 6
12 19 5 9
19 28 6 6
4 17 6 7
10 26 6 7
22 31 6 7
21 24 5 13
7 21 6 9
6 26 6 10
0 15 7 6
17 24 7 6
26 32 7 6
2 21 6 11
14 28 6 11
15 32 6 11
29 32 6 11
10 31 5 16
15 33 7 7
11 15 6 12
19 22 5 17
20 33 5 17
5 17 7 8
8 22 5 18
4 23 7 9
2 6 7 10
3 11 5 20
9 29 8 7
13 31 8 7
10 34 6 17
16 29 8 8
0 30 8 10
1 25 6 22
27 29 9 8
(213 354)

Arvore 9
0 1 5 5
18 20 5 6
12 19 5 9
19 28 6 6
4 17 6 7
10 26 6 7
22 31 6 7
21 24 5 13
7 21 6 9
6 26 6 10
0 15 7 6
17 24 7 6
26 32 7 6
2 21 6 11
14 28 6 11
15 32 6 11
29 32 6 11
10 31 5 16
15 33 7 7
11 15 6 12
19 22 5 17
20 33 5 17
5 17 7 8
8 22 5 18
4 23 7 9
2 6 7 10
3 11 5 20
9 29 8 7
13 31 8 7
10 34 6 17
16 29 8 8
0 30 8 10
16 25 9 8
27 29 9 8
(216 340)

Arvore 10
0 1 5 5
18 20 5 6
12 19 5 9
19 28 6 6
4 17 6 7
10 26 6 7
22 31 6 7
21 24 5 13
7 21 6 9
6 26 6 10
0 15 7 6
17 24 7 6
26 32 7 6
2 21 6 11
14 28 6 11
15 32 6 11
29 32 6 11
15 33 7 7
10 31 5 16
11 15 6 12
5 17 7 8
19 22 5 17
20 33 5 17
4 23 7 9
8 22 5 18
2 6 7 10
3 21 7 11
9 29 8 7
13 31 8 7
16 29 8 8
10 34 6 17
0 30 8 10
16 25 9 8
27 29 9 8
(218 331)

Arvore 11
0 1 5 5
18 20 5 6
12 19 5 9
19 28 6 6
4 17 6 7
10 26 6 7
22 31 6 7
7 21 6 9
21 24 5 13
0 15 7 6
17 24 7 6
26 32 7 6
6 26 6 10
15 33 7 7
2 21 6 11
14 28 6 11
15 32 6 11
29 32 6 11
1 22 7 8
5 17 7 8
11 15 6 12
4 23 7 9
19 22 5 17
20 33 5 17
0 7 8 6
8 22 5 18
9 29 8 7
13 31 8 7
3 21 7 11
16 29 8 8
10 34 6 17
0 30 8 10
16 25 9 8
27 29 9 8
(221 319)

Arvore 12
0 1 5 5
18 20 5 6
12 19 5 9
19 28 6 6
4 17 6 7
10 26 6 7
22 31 6 7
7 21 6 9
0 15 7 6
17 24 7 6
26 32 7 6
21 24 5 13
6 26 6 10
15 33 7 7
2 21 6 11
14 28 6 11
15 32 6 11
29 32 6 11
1 22 7 8
5 17 7 8
11 15 6 12
4 23 7 9
0 7 8 6
7 14 8 7
9 29 8 7
13 31 8 7
20 33 5 17
3 21 7 11
16 29 8 8
8 22 5 18
0 30 8 10
10 34 6 17
16 25 9 8
27 29 9 8
(224 309)

Arvore 13
0 1 5 5
18 20 5 6
19 28 6 6
12 19 5 9
4 17 6 7
10 26 6 7
22 31 6 7
0 15 7 6
17 24 7 6
26 32 7 6
7 21 6 9
15 33 7 7
6 26 6 10
1 22 7 8
5 17 7 8
21 24 5 13
0 7 8 6
2 21 6 11
14 28 6 11
15 32 6 11
29 32 6 11
4 23 7 9
7 14 8 7
9 29 8 7
13 31 8 7
11 15 6 12
3 14 8 8
16 29 8 8
20 33 5 17
0 30 8 10
16 25 9 8
27 29 9 8
8 22 5 18
10 34 6 17
(225 306)

Arvore 14
0 1 5 5
18 20 5 6
19 28 6 6
4 17 6 7
10 26 6 7
22 31 6 7
12 19 5 9
0 15 7 6
17 24 7 6
26 32 7 6
15 33 7 7
7 21 6 9
0 7 8 6
1 22 7 8
5 17 7 8
6 26 6 10
7 14 8 7
9 29 8 7
13 31 8 7
4 23 7 9
11 14 9 6
2 21 6 11
14 28 6 11
15 32 6 11
29 32 6 11
3 14 8 8
16 29 8 8
21 24 5 13
3 27 10 6
16 25 9 8
0 30 8 10
18 29 9 9
8 22 5 18
10 34 6 17
(233 290)

Arvore 15
0 1 5 5
18 20 5 6
19 28 6 6
4 17 6 7
10 26 6 7
22 31 6 7
0 15 7 6
17 24 7 6
26 32 7 6
12 19 5 9
15 33 7 7
0 7 8 6
7 21 6 9
1 22 7 8
5 17 7 8
7 14 8 7
9 29 8 7
13 31 8 7
6 26 6 10
11 14 9 6
4 23 7 9
3 10 10 5
3 16 10 5
3 14 8 8
16 29 8 8
2 21 6 11
14 28 6 11
0 4 9 7
3 27 10 6
16 25 9 8
0 30 8 10
18 29 9 9
8 22 5 18
10 34 6 17
(245 272)

Arvore 16
0 1 5 5
18 20 5 6
19 28 6 6
4 17 6 7
10 26 6 7
22 31 6 7
0 15 7 6
17 24 7 6
26 32 7 6
12 19 5 9
15 33 7 7
0 7 8 6
7 21 6 9
1 22 7 8
5 17 7 8
7 14 8 7
9 29 8 7
13 31 8 7
6 26 6 10
11 14 9 6
4 23 7 9
3 10 10 5
3 16 10 5
3 14 8 8
16 29 8 8
2 21 6 11
14 28 6 11
0 4 9 7
3 27 10 6
16 25 9 8
0 30 8 10
18 29 9 9
8 27 10 11
10 34 6 17
(250 265)

Arvore 17
0 1 5 5
18 20 5 6
19 28 6 6
4 17 6 7
10 26 6 7
22 31 6 7
0 15 7 6
17 24 7 6
26 32 7 6
12 19 5 9
15 33 7 7
0 7 8 6
7 21 6 9
1 22 7 8
5 17 7 8
7 14 8 7
9 29 8 7
13 31 8 7
11 14 9 6
6 26 6 10
3 10 10 5
3 16 10 5
4 23 7 9
3 14 8 8
16 29 8 8
0 4 9 7
10 28 9 7
2 21 6 11
3 27 10 6
16 25 9 8
0 30 8 10
18 29 9 9
8 27 10 11
10 34 6 17
(253 261)

Arvore 18
0 1 5 5
18 20 5 6
19 28 6 6
4 17 6 7
10 26 6 7
22 31 6 7
0 15 7 6
17 24 7 6
26 32 7 6
12 19 5 9
15 33 7 7
0 7 8 6
7 21 6 9
1 22 7 8
5 17 7 8
7 14 8 7
9 29 8 7
13 31 8 7
11 14 9 6
3 10 10 5
3 16 10 5
6 26 6 10
4 23 7 9
3 14 8 8
16 29 8 8
0 4 9 7
10 28 9 7
3 27 10 6
2 21 6 11
16 25 9 8
0 30 8 10
18 29 9 9
8 27 10 11
24 34 16 5
(263 249)

Arvore 19
0 1 5 5
18 20 5 6
19 28 6 6
0 15 7 6
17 24 7 6
26 32 7 6
4 17 6 7
10 26 6 7
22 31 6 7
0 7 8 6
15 33 7 7
12 19 5 9
3 10 10 5
3 16 10 5
11 14 9 6
11 31 9 6
7 14 8 7
9 29 8 7
13 31 8 7
5 17 7 8
7 21 6 9
3 27 10 6
0 4 9 7
10 28 9 7
3 14 8 8
16 29 8 8
4 23 7 9
6 26 6 10
16 25 9 8
2 6 7 10
13 18 10 8
0 30 8 10
24 34 16 5
8 27 10 11
(267 245)

Arvore 20
0 1 5 5
18 20 5 6
19 28 6 6
0 15 7 6
17 24 7 6
26 32 7 6
4 17 6 7
10 26 6 7
22 31 6 7
0 7 8 6
15 33 7 7
3 10 10 5
3 16 10 5
12 19 5 9
11 14 9 6
11 31 9 6
7 14 8 7
9 29 8 7
13 31 8 7
5 17 7 8
7 21 6 9
3 27 10 6
0 4 9 7
10 28 9 7
3 14 8 8
16 29 8 8
4 23 7 9
6 26 6 10
16 25 9 8
2 11 12 6
13 18 10 8
0 30 8 10
24 34 16 5
8 27 10 11
(272 241)

Arvore 21
0 1 5 5
18 20 5 6
19 28 6 6
0 15 7 6
17 24 7 6
26 32 7 6
4 17 6 7
10 26 6 7
22 31 6 7
0 7 8 6
3 10 10 5
3 16 10 5
15 33 7 7
11 14 9 6
11 31 9 6
7 14 8 7
9 29 8 7
13 31 8 7
3 27 10 6
4 9 12 5
12 19 5 9
5 17 7 8
0 4 9 7
10 28 9 7
7 21 6 9
3 14 8 8
2 11 12 6
4 23 7 9
16 25 9 8
6 26 6 10
13 18 10 8
24 34 16 5
0 30 8 10
8 27 10 11
(276 238)

Arvore 22
0 1 5 5
18 20 5 6
19 28 6 6
0 15 7 6
17 24 7 6
26 32 7 6
4 17 6 7
10 26 6 7
22 31 6 7
0 7 8 6
3 10 10 5
3 16 10 5
15 33 7 7
11 14 9 6
11 31 9 6
7 14 8 7
9 29 8 7
13 31 8 7
3 27 10 6
4 9 12 5
12 19 5 9
5 17 7 8
0 4 9 7
10 28 9 7
7 21 6 9
3 14 8 8
2 11 12 6
4 23 7 9
16 25 9 8
6 26 6 10
13 18 10 8
24 34 16 5
0 30 8 10
8 24 21 5
(287 232)

Arvore 23
0 1 5 5
18 20 5 6
19 28 6 6
0 15 7 6
17 24 7 6
26 32 7 6
3 10 10 5
3 16 10 5
0 7 8 6
4 17 6 7
10 26 6 7
22 31 6 7
11 14 9 6
11 31 9 6
15 33 7 7
4 9 12 5
3 27 10 6
7 14 8 7
9 29 8 7
13 31 8 7
0 4 9 7
10 28 9 7
5 17 7 8
12 19 5 9
2 11 12 6
3 14 8 8
7 21 6 9
16 25 9 8
4 23 7 9
24 34 16 5
11 18 12 7
6 26 6 10
0 30 8 10
8 24 21 5
(289 231)

Arvore 24
0 1 5 5
18 20 5 6
19 28 6 6
0 15 7 6
17 24 7 6
26 32 7 6
3 10 10 5
3 16 10 5
0 7 8 6
4 17 6 7
10 26 6 7
22 31 6 7
11 14 9 6
11 31 9 6
4 9 12 5
15 33 7 7
3 27 10 6
7 14 8 7
9 29 8 7
13 31 8 7
13 17 14 5
10 28 9 7
2 11 12 6
5 17 7 8
16 31 13 6
12 19 5 9
24 34 16 5
7 21 6 9
16 25 9 8
11 18 12 7
4 23 7 9
6 26 6 10
8 24 21 5
0 30 8 10
(299 227)

Arvore 25
0 1 5 5
18 20 5 6
19 28 6 6
3 10 10 5
3 16 10 5
0 15 7 6
17 24 7 6
26 32 7 6
0 7 8 6
4 9 12 5
11 14 9 6
11 31 9 6
4 17 6 7
10 26 6 7
22 31 6 7
3 27 10 6
15 33 7 7
13 17 14 5
7 14 8 7
9 29 8 7
13 31 8 7
2 11 12 6
10 28 9 7
24 34 16 5
16 31 13 6
5 29 10 7
12 19 5 9
25 33 15 6
11 18 12 7
16 21 9 8
4 23 7 9
8 24 21 5
6 22 9 9
0 30 8 10
(314 222)

Arvore 26
0 1 5 5
18 20 5 6
19 28 6 6
3 10 10 5
3 16 10 5
0 15 7 6
17 24 7 6
26 32 7 6
0 7 8 6
4 9 12 5
11 14 9 6
11 31 9 6
4 17 6 7
10 26 6 7
22 31 6 7
3 27 10 6
13 17 14 5
15 33 7 7
7 14 8 7
9 29 8 7
13 31 8 7
2 11 12 6
24 34 16 5
10 28 9 7
16 31 13 6
5 29 10 7
25 33 15 6
11 18 12 7
12 19 5 9
16 21 9 8
8 24 21 5
4 23 7 9
6 22 9 9
20 30 22 6
(328 218)

Arvore 27
0 1 5 5
18 20 5 6
19 28 6 6
3 10 10 5
3 16 10 5
0 15 7 6
17 24 7 6
26 32 7 6
0 7 8 6
4 9 12 5
11 14 9 6
11 31 9 6
4 17 6 7
10 26 6 7
22 31 6 7
3 27 10 6
13 17 14 5
15 33 7 7
7 14 8 7
9 29 8 7
13 31 8 7
2 11 12 6
24 34 16 5
10 28 9 7
16 31 13 6
5 29 10 7
25 33 15 6
11 18 12 7
12 19 5 9
16 21 9 8
8 24 21 5
4 23 7 9
6 34 20 6
20 30 22 6
(339 215)

Arvore 28
0 1 5 5
18 20 5 6
3 10 10 5
3 16 10 5
19 28 6 6
0 15 7 6
17 24 7 6
26 32 7 6
4 9 12 5
0 7 8 6
11 14 9 6
11 31 9 6
13 17 14 5
3 27 10 6
4 17 6 7
10 26 6 7
22 31 6 7
24 34 16 5
15 33 7 7
2 11 12 6
14 26 17 5
7 14 8 7
9 29 8 7
13 31 8 7
10 28 9 7
5 29 10 7
25 33 15 6
8 24 21 5
11 18 12 7
16 21 9 8
12 19 5 9
6 34 20 6
4 23 7 9
20 30 22 6
(343 214)

Arvore 29
0 1 5 5
3 10 10 5
3 16 10 5
18 20 5 6
19 28 6 6
4 9 12 5
0 15 7 6
17 24 7 6
26 32 7 6
0 7 8 6
13 17 14 5
11 14 9 6
11 31 9 6
3 27 10 6
24 34 16 5
4 17 6 7
10 26 6 7
22 31 6 7
14 26 17 5
2 11 12 6
15 33 7 7
7 14 8 7
9 29 8 7
13 31 8 7
4 28 14 6
25 33 15 6
5 29 10 7
8 24 21 5
11 18 12 7
16 21 9 8
6 34 20 6
12 19 5 9
20 30 22 6
4 23 7 9
(348 213)

Arvore 30
0 1 5 5
3 10 10 5
3 16 10 5
18 20 5 6
19 28 6 6
4 9 12 5
0 15 7 6
17 24 7 6
26 32 7 6
0 7 8 6
13 17 14 5
11 14 9 6
11 31 9 6
3 27 10 6
24 34 16 5
14 26 17 5
4 17 6 7
10 26 6 7
22 31 6 7
2 11 12 6
15 33 7 7
7 14 8 7
9 29 8 7
13 31 8 7
4 28 14 6
25 33 15 6
8 24 21 5
5 29 10 7
11 18 12 7
6 34 20 6
14 21 20 6
12 19 5 9
20 30 22 6
4 23 7 9
(359 211)

Arvore 31
0 1 5 5
3 10 10 5
3 16 10 5
18 20 5 6
19 28 6 6
4 9 12 5
0 15 7 6
17 24 7 6
26 32 7 6
0 7 8 6
13 17 14 5
11 14 9 6
11 31 9 6
3 27 10 6
24 34 16 5
14 26 17 5
4 17 6 7
10 26 6 7
22 31 6 7
2 11 12 6
15 33 7 7
7 14 8 7
9 29 8 7
13 31 8 7
4 28 14 6
25 33 15 6
8 24 21 5
5 29 10 7
11 18 12 7
6 34 20 6
14 21 20 6
20 30 22 6
12 19 5 9
23 31 24 6
(376 208)

Arvore 32
0 1 5 5
3 10 10 5
3 16 10 5
18 20 5 6
4 9 12 5
19 28 6 6
0 15 7 6
17 24 7 6
26 32 7 6
13 17 14 5
0 7 8 6
11 14 9 6
11 31 9 6
24 34 16 5
3 27 10 6
14 26 17 5
2 11 12 6
4 17 6 7
10 26 6 7
22 31 6 7
15 33 7 7
0 17 20 5
4 28 14 6
7 14 8 7
9 29 8 7
8 24 21 5
25 33 15 6
5 29 10 7
11 18 12 7
6 34 20 6
14 21 20 6
20 30 22 6
12 19 5 9
23 31 24 6
(388 206)

Arvore 33
0 1 5 5
3 10 10 5
3 16 10 5
18 20 5 6
4 9 12 5
19 28 6 6
0 15 7 6
17 24 7 6
26 32 7 6
13 17 14 5
0 7 8 6
11 14 9 6
11 31 9 6
24 34 16 5
3 27 10 6
14 26 17 5
2 11 12 6
4 17 6 7
10 26 6 7
22 31 6 7
0 17 20 5
15 33 7 7
4 28 14 6
8 24 21 5
7 14 8 7
9 29 8 7
25 33 15 6
5 29 10 7
11 18 12 7
6 34 20 6
14 21 20 6
20 30 22 6
3 12 24 6
23 31 24 6
(407 203)

Arvore 34
0 1 5 5
3 10 10 5
3 16 10 5
4 9 12 5
18 20 5 6
19 28 6 6
13 17 14 5
0 15 7 6
17 24 7 6
26 32 7 6
0 7 8 6
24 34 16 5
11 14 9 6
11 31 9 6
14 26 17 5
3 27 10 6
2 11 12 6
0 17 20 5
16 31 13 6
8 24 21 5
4 17 6 7
22 31 6 7
4 28 14 6
4 26 22 5
15 33 7 7
25 33 15 6
9 29 8 7
5 29 10 7
11 18 12 7
6 34 20 6
14 21 20 6
20 30 22 6
3 12 24 6
23 31 24 6
(428 200)

Arvore 35
0 1 5 5
3 10 10 5
3 16 10 5
4 9 12 5
18 20 5 6
13 17 14 5
19 28 6 6
0 15 7 6
17 24 7 6
26 32 7 6
24 34 16 5
0 7 8 6
14 26 17 5
11 14 9 6
11 31 9 6
3 27 10 6
0 17 20 5
2 11 12 6
8 24 21 5
16 31 13 6
4 26 22 5
24 31 22 5
4 28 14 6
22 31 6 7
24 33 15 6
25 33 15 6
9 29 8 7
5 29 10 7
6 34 20 6
14 21 20 6
11 18 12 7
20 30 22 6
3 12 24 6
23 31 24 6
(452 197)

Arvore 36
0 1 5 5
3 10 10 5
3 16 10 5
4 9 12 5
13 17 14 5
18 20 5 6
19 28 6 6
24 34 16 5
0 15 7 6
17 24 7 6
26 32 7 6
14 26 17 5
0 7 8 6
11 14 9 6
11 31 9 6
3 27 10 6
0 17 20 5
8 24 21 5
2 11 12 6
4 26 22 5
24 31 22 5
16 31 13 6
4 28 14 6
24 33 15 6
25 33 15 6
22 31 6 7
9 29 8 7
5 29 10 7
6 34 20 6
14 21 20 6
20 28 21 6
20 30 22 6
3 12 24 6
23 31 24 6
(461 196)

Arvore 37
0 1 5 5
3 10 10 5
3 16 10 5
4 9 12 5
13 17 14 5
18 20 5 6
24 34 16 5
19 28 6 6
14 26 17 5
0 15 7 6
17 24 7 6
26 32 7 6
0 7 8 6
11 14 9 6
11 31 9 6
0 17 20 5
3 27 10 6
8 24 21 5
4 26 22 5
24 31 22 5
2 11 12 6
16 31 13 6
4 28 14 6
24 33 15 6
25 33 15 6
7 22 16 6
9 29 8 7
6 34 20 6
14 21 20 6
5 29 10 7
20 28 21 6
20 30 22 6
3 12 24 6
23 31 24 6
(471 195)

Arvore 38
0 1 5 5
3 10 10 5
3 16 10 5
4 9 12 5
13 17 14 5
24 34 16 5
18 20 5 6
14 26 17 5
19 28 6 6
0 15 7 6
17 24 7 6
26 32 7 6
0 7 8 6
0 17 20 5
11 14 9 6
11 31 9 6
8 24 21 5
3 27 10 6
4 26 22 5
24 31 22 5
2 11 12 6
16 31 13 6
9 19 25 5
24 33 15 6
25 33 15 6
7 22 16 6
9 29 8 7
6 34 20 6
14 21 20 6
20 28 21 6
5 29 10 7
20 30 22 6
3 12 24 6
23 31 24 6
(482 194)

Arvore 39
0 1 5 5
3 10 10 5
3 16 10 5
4 9 12 5
13 17 14 5
24 34 16 5
14 26 17 5
18 20 5 6
19 28 6 6
0 17 20 5
0 15 7 6
17 24 7 6
26 32 7 6
8 24 21 5
0 7 8 6
4 26 22 5
24 31 22 5
11 14 9 6
11 31 9 6
3 27 10 6
3 26 25 5
9 19 25 5
2 11 12 6
14 33 27 5
25 33 15 6
7 22 16 6
6 34 20 6
14 21 20 6
20 28 21 6
9 29 8 7
20 30 22 6
5 29 10 7
3 12 24 6
23 31 24 6
(506 192)

Arvore 40
0 1 5 5
3 10 10 5
3 16 10 5
4 9 12 5
13 17 14 5
24 34 16 5
14 26 17 5
18 20 5 6
0 17 20 5
19 28 6 6
8 24 21 5
0 15 7 6
17 24 7 6
26 32 7 6
4 26 22 5
24 31 22 5
0 7 8 6
11 14 9 6
11 31 9 6
1 2 95 0
3 27 10 6
3 26 25 5
9 19 25 5
14 33 27 5
25 33 15 6
7 22 16 6
6 34 20 6
14 21 20 6
20 28 21 6
20 30 22 6
9 29 8 7
3 12 24 6
23 31 24 6
5 29 10 7
(589 186)

Arvore 41
1 2 95 0
0 1 5 5
3 10 10 5
3 16 10 5
4 9 12 5
13 17 14 5
24 34 16 5
14 26 17 5
0 17 20 5
8 24 21 5
4 26 22 5
24 31 22 5
8 17 24 5
3 26 25 5
9 19 25 5
14 33 27 5
18 20 5 6
19 28 6 6
0 15 7 6
26 32 7 6
0 7 8 6
11 14 9 6
11 31 9 6
3 27 10 6
25 33 15 6
7 22 16 6
6 34 20 6
14 21 20 6
20 28 21 6
20 30 22 6
3 12 24 6
23 31 24 6
9 29 8 7
5 29 10 7
(606 185)


NAO SUPORTADAS: 
Arvore 42
0 1 5 5
18 20 5 6
12 19 5 9
21 24 5 13
10 31 5 16
19 22 5 17
20 33 5 17
8 22 5 18
19 28 6 6
4 17 6 7
10 26 6 7
22 31 6 7
0 5 5 20
3 11 5 20
7 28 5 21
7 21 6 9
6 26 6 10
2 21 6 11
14 28 6 11
15 32 6 11
29 32 6 11
11 15 6 12
20 26 5 25
29 34 5 25
0 2 0 95
0 15 7 6
17 24 7 6
4 23 7 9
1 25 6 22
9 27 6 23
9 29 8 7
13 31 8 7
16 29 8 8
0 30 8 10
(196 507)

Arvore 43
0 1 5 5
18 20 5 6
12 19 5 9
21 24 5 13
10 31 5 16
19 22 5 17
20 33 5 17
8 22 5 18
19 28 6 6
4 17 6 7
10 26 6 7
22 31 6 7
0 5 5 20
3 11 5 20
7 28 5 21
7 21 6 9
6 26 6 10
2 21 6 11
14 28 6 11
15 32 6 11
29 32 6 11
11 15 6 12
20 26 5 25
29 34 5 25
10 34 6 17
17 24 7 6
4 23 7 9
1 25 6 22
8 25 6 23
9 27 6 23
9 29 8 7
13 31 8 7
16 29 8 8
0 30 8 10
(201 446)

Arvore 44
0 1 5 5
18 20 5 6
12 19 5 9
21 24 5 13
10 31 5 16
19 22 5 17
20 33 5 17
8 22 5 18
19 28 6 6
4 17 6 7
10 26 6 7
22 31 6 7
0 5 5 20
3 11 5 20
7 28 5 21
7 21 6 9
6 26 6 10
2 21 6 11
14 28 6 11
15 32 6 11
29 32 6 11
11 15 6 12
20 26 5 25
10 34 6 17
0 2 0 95
0 15 7 6
17 24 7 6
4 23 7 9
1 25 6 22
9 27 6 23
9 29 8 7
13 31 8 7
16 29 8 8
0 30 8 10
(197 499)

Arvore 45
0 1 5 5
18 20 5 6
12 19 5 9
21 24 5 13
10 31 5 16
19 22 5 17
20 33 5 17
8 22 5 18
19 28 6 6
4 17 6 7
10 26 6 7
22 31 6 7
0 5 5 20
3 11 5 20
7 28 5 21
7 21 6 9
6 26 6 10
2 21 6 11
14 28 6 11
15 32 6 11
29 32 6 11
11 15 6 12
20 26 5 25
29 34 5 25
10 34 6 17
4 23 7 9
1 25 6 22
8 25 6 23
9 27 6 23
17 31 6 23
9 29 8 7
13 31 8 7
16 29 8 8
0 30 8 10
(200 463)

Arvore 46
0 1 5 5
18 20 5 6
12 19 5 9
21 24 5 13
10 31 5 16
19 22 5 17
20 33 5 17
8 22 5 18
19 28 6 6
4 17 6 7
10 26 6 7
22 31 6 7
0 5 5 20
3 11 5 20
7 28 5 21
7 21 6 9
6 26 6 10
2 21 6 11
14 28 6 11
15 32 6 11
29 32 6 11
11 15 6 12
29 34 5 25
0 2 0 95
0 15 7 6
17 24 7 6
15 33 7 7
4 23 7 9
1 25 6 22
9 27 6 23
9 29 8 7
13 31 8 7
16 29 8 8
0 30 8 10
(198 489)

Arvore 47
0 1 5 5
18 20 5 6
12 19 5 9
21 24 5 13
10 31 5 16
19 22 5 17
20 33 5 17
8 22 5 18
19 28 6 6
4 17 6 7
10 26 6 7
22 31 6 7
0 5 5 20
3 11 5 20
7 28 5 21
7 21 6 9
6 26 6 10
2 21 6 11
14 28 6 11
15 32 6 11
29 32 6 11
11 15 6 12
10 34 6 17
0 2 0 95
0 15 7 6
17 24 7 6
15 33 7 7
4 23 7 9
1 25 6 22
9 27 6 23
9 29 8 7
13 31 8 7
16 29 8 8
0 30 8 10
(199 481)

Arvore 48
0 1 5 5
18 20 5 6
12 19 5 9
21 24 5 13
19 28 6 6
10 31 5 16
4 17 6 7
10 26 6 7
22 31 6 7
19 22 5 17
20 33 5 17
8 22 5 18
7 21 6 9
6 26 6 10
0 5 5 20
3 11 5 20
2 21 6 11
14 28 6 11
15 32 6 11
29 32 6 11
7 28 5 21
11 15 6 12
0 15 7 6
17 24 7 6
26 32 7 6
20 26 5 25
10 34 6 17
4 23 7 9
1 25 6 22
9 27 6 23
9 29 8 7
13 31 8 7
16 29 8 8
0 30 8 10
(204 410)

Arvore 49
0 1 5 5
18 20 5 6
12 19 5 9
19 28 6 6
21 24 5 13
4 17 6 7
10 26 6 7
22 31 6 7
7 21 6 9
10 31 5 16
6 26 6 10
19 22 5 17
20 33 5 17
2 21 6 11
14 28 6 11
15 32 6 11
29 32 6 11
8 22 5 18
11 15 6 12
0 15 7 6
17 24 7 6
26 32 7 6
0 5 5 20
3 11 5 20
15 33 7 7
5 17 7 8
4 23 7 9
29 34 5 25
9 29 8 7
13 31 8 7
16 29 8 8
1 25 6 22
9 27 6 23
0 30 8 10
(207 387)

Arvore 50
0 1 5 5
18 20 5 6
12 19 5 9
19 28 6 6
4 17 6 7
10 26 6 7
22 31 6 7
21 24 5 13
7 21 6 9
6 26 6 10
10 31 5 16
2 21 6 11
14 28 6 11
15 32 6 11
29 32 6 11
0 15 7 6
17 24 7 6
26 32 7 6
19 22 5 17
20 33 5 17
11 15 6 12
15 33 7 7
8 22 5 18
5 17 7 8
4 23 7 9
3 11 5 20
2 6 7 10
10 34 6 17
9 29 8 7
13 31 8 7
16 29 8 8
0 30 8 10
1 25 6 22
9 27 6 23
(210 369)

Arvore 51
0 1 5 5
18 20 5 6
12 19 5 9
19 28 6 6
4 17 6 7
10 26 6 7
22 31 6 7
21 24 5 13
7 21 6 9
6 26 6 10
10 31 5 16
2 21 6 11
14 28 6 11
15 32 6 11
29 32 6 11
0 15 7 6
17 24 7 6
26 32 7 6
19 22 5 17
20 33 5 17
11 15 6 12
15 33 7 7
8 22 5 18
5 17 7 8
4 23 7 9
0 5 5 20
3 11 5 20
10 34 6 17
9 29 8 7
13 31 8 7
16 29 8 8
0 30 8 10
1 25 6 22
27 29 9 8
(211 364)

Arvore 52
0 1 5 5
18 20 5 6
12 19 5 9
19 28 6 6
4 17 6 7
10 26 6 7
22 31 6 7
21 24 5 13
7 21 6 9
6 26 6 10
10 31 5 16
2 21 6 11
14 28 6 11
15 32 6 11
29 32 6 11
0 15 7 6
17 24 7 6
26 32 7 6
19 22 5 17
20 33 5 17
11 15 6 12
15 33 7 7
8 22 5 18
5 17 7 8
4 23 7 9
2 6 7 10
3 21 7 11
10 34 6 17
9 29 8 7
13 31 8 7
16 29 8 8
0 30 8 10
1 25 6 22
9 27 6 23
(212 360)

Arvore 53
0 1 5 5
18 20 5 6
12 19 5 9
19 28 6 6
4 17 6 7
10 26 6 7
22 31 6 7
21 24 5 13
7 21 6 9
6 26 6 10
10 31 5 16
2 21 6 11
14 28 6 11
29 32 6 11
0 15 7 6
17 24 7 6
26 32 7 6
19 22 5 17
20 33 5 17
11 15 6 12
15 33 7 7
8 22 5 18
1 22 7 8
5 17 7 8
4 23 7 9
0 5 5 20
3 11 5 20
10 34 6 17
9 29 8 7
13 31 8 7
16 29 8 8
0 30 8 10
1 25 6 22
9 27 6 23
(209 376)

Arvore 54
0 1 5 5
18 20 5 6
12 19 5 9
19 28 6 6
4 17 6 7
10 26 6 7
22 31 6 7
21 24 5 13
7 21 6 9
6 26 6 10
0 15 7 6
17 24 7 6
26 32 7 6
2 21 6 11
14 28 6 11
15 32 6 11
29 32 6 11
10 31 5 16
15 33 7 7
11 15 6 12
19 22 5 17
20 33 5 17
5 17 7 8
8 22 5 18
4 23 7 9
2 6 7 10
3 21 7 11
9 29 8 7
13 31 8 7
10 34 6 17
16 29 8 8
0 30 8 10
1 25 6 22
27 29 9 8
(215 345)

Arvore 55
0 1 5 5
18 20 5 6
12 19 5 9
19 28 6 6
4 17 6 7
10 26 6 7
22 31 6 7
21 24 5 13
7 21 6 9
6 26 6 10
0 15 7 6
17 24 7 6
26 32 7 6
2 21 6 11
14 28 6 11
15 32 6 11
29 32 6 11
10 31 5 16
15 33 7 7
11 15 6 12
19 22 5 17
20 33 5 17
5 17 7 8
8 22 5 18
4 23 7 9
3 11 5 20
0 7 8 6
9 29 8 7
13 31 8 7
10 34 6 17
16 29 8 8
0 30 8 10
1 25 6 22
27 29 9 8
(214 350)

Arvore 56
0 1 5 5
18 20 5 6
12 19 5 9
19 28 6 6
4 17 6 7
10 26 6 7
22 31 6 7
21 24 5 13
7 21 6 9
6 26 6 10
0 15 7 6
17 24 7 6
26 32 7 6
2 21 6 11
14 28 6 11
15 32 6 11
29 32 6 11
10 31 5 16
15 33 7 7
11 15 6 12
19 22 5 17
20 33 5 17
5 17 7 8
8 22 5 18
4 23 7 9
0 7 8 6
3 11 5 20
9 29 8 7
13 31 8 7
10 34 6 17
16 29 8 8
0 30 8 10
16 25 9 8
27 29 9 8
(217 336)

Arvore 57
0 1 5 5
18 20 5 6
12 19 5 9
19 28 6 6
4 17 6 7
10 26 6 7
22 31 6 7
21 24 5 13
7 21 6 9
6 26 6 10
0 15 7 6
17 24 7 6
26 32 7 6
2 21 6 11
14 28 6 11
15 32 6 11
29 32 6 11
15 33 7 7
11 15 6 12
1 22 7 8
5 17 7 8
19 22 5 17
20 33 5 17
4 23 7 9
8 22 5 18
2 6 7 10
3 21 7 11
9 29 8 7
13 31 8 7
16 29 8 8
10 34 6 17
0 30 8 10
16 25 9 8
27 29 9 8
(220 323)

Arvore 58
0 1 5 5
18 20 5 6
12 19 5 9
19 28 6 6
4 17 6 7
10 26 6 7
22 31 6 7
21 24 5 13
7 21 6 9
6 26 6 10
0 15 7 6
17 24 7 6
26 32 7 6
2 21 6 11
14 28 6 11
15 32 6 11
29 32 6 11
15 33 7 7
10 31 5 16
11 15 6 12
5 17 7 8
19 22 5 17
20 33 5 17
4 23 7 9
8 22 5 18
0 7 8 6
3 21 7 11
9 29 8 7
13 31 8 7
16 29 8 8
10 34 6 17
0 30 8 10
16 25 9 8
27 29 9 8
(219 327)

Arvore 59
0 1 5 5
18 20 5 6
12 19 5 9
19 28 6 6
4 17 6 7
10 26 6 7
22 31 6 7
7 21 6 9
0 15 7 6
17 24 7 6
26 32 7 6
21 24 5 13
6 26 6 10
15 33 7 7
2 21 6 11
14 28 6 11
15 32 6 11
29 32 6 11
1 22 7 8
5 17 7 8
11 15 6 12
4 23 7 9
0 7 8 6
19 22 5 17
20 33 5 17
9 29 8 7
13 31 8 7
8 22 5 18
3 14 8 8
16 29 8 8
0 30 8 10
10 34 6 17
16 25 9 8
27 29 9 8
(222 316)

Arvore 60
0 1 5 5
18 20 5 6
12 19 5 9
19 28 6 6
4 17 6 7
10 26 6 7
22 31 6 7
7 21 6 9
0 15 7 6
17 24 7 6
26 32 7 6
21 24 5 13
6 26 6 10
15 33 7 7
2 21 6 11
14 28 6 11
15 32 6 11
29 32 6 11
1 22 7 8
5 17 7 8
11 15 6 12
4 23 7 9
2 6 7 10
20 33 5 17
7 14 8 7
9 29 8 7
13 31 8 7
3 21 7 11
8 22 5 18
16 29 8 8
0 30 8 10
10 34 6 17
16 25 9 8
27 29 9 8
(223 313)

Arvore 61
0 1 5 5
18 20 5 6
19 28 6 6
12 19 5 9
4 17 6 7
10 26 6 7
22 31 6 7
0 15 7 6
17 24 7 6
26 32 7 6
7 21 6 9
15 33 7 7
6 26 6 10
1 22 7 8
5 17 7 8
0 7 8 6
21 24 5 13
2 21 6 11
14 28 6 11
15 32 6 11
29 32 6 11
4 23 7 9
7 14 8 7
9 29 8 7
13 31 8 7
3 14 8 8
16 29 8 8
11 14 9 6
0 30 8 10
16 25 9 8
27 29 9 8
20 33 5 17
8 22 5 18
10 34 6 17
(228 300)

Arvore 62
0 1 5 5
18 20 5 6
19 28 6 6
12 19 5 9
4 17 6 7
10 26 6 7
22 31 6 7
0 15 7 6
17 24 7 6
26 32 7 6
7 21 6 9
15 33 7 7
6 26 6 10
1 22 7 8
5 17 7 8
0 7 8 6
21 24 5 13
2 21 6 11
14 28 6 11
15 32 6 11
29 32 6 11
4 23 7 9
7 14 8 7
9 29 8 7
13 31 8 7
11 15 6 12
3 14 8 8
16 29 8 8
0 30 8 10
16 25 9 8
3 27 10 6
20 33 5 17
8 22 5 18
10 34 6 17
(226 304)

Arvore 63
0 1 5 5
18 20 5 6
19 28 6 6
12 19 5 9
4 17 6 7
10 26 6 7
22 31 6 7
0 15 7 6
17 24 7 6
26 32 7 6
7 21 6 9
15 33 7 7
6 26 6 10
1 22 7 8
5 17 7 8
0 7 8 6
21 24 5 13
2 21 6 11
14 28 6 11
15 32 6 11
29 32 6 11
4 23 7 9
7 14 8 7
9 29 8 7
13 31 8 7
11 15 6 12
3 14 8 8
16 29 8 8
0 30 8 10
16 25 9 8
27 29 9 8
5 20 7 13
8 22 5 18
10 34 6 17
(227 302)

Arvore 64
0 1 5 5
18 20 5 6
19 28 6 6
12 19 5 9
4 17 6 7
10 26 6 7
22 31 6 7
0 15 7 6
17 24 7 6
26 32 7 6
7 21 6 9
15 33 7 7
6 26 6 10
1 22 7 8
5 17 7 8
0 7 8 6
21 24 5 13
2 21 6 11
14 28 6 11
15 32 6 11
29 32 6 11
4 23 7 9
7 14 8 7
9 29 8 7
13 31 8 7
3 14 8 8
16 29 8 8
11 14 9 6
0 30 8 10
16 25 9 8
27 29 9 8
5 20 7 13
8 22 5 18
10 34 6 17
(230 296)

Arvore 65
0 1 5 5
18 20 5 6
19 28 6 6
12 19 5 9
4 17 6 7
10 26 6 7
22 31 6 7
0 15 7 6
17 24 7 6
26 32 7 6
7 21 6 9
15 33 7 7
6 26 6 10
1 22 7 8
5 17 7 8
0 7 8 6
21 24 5 13
2 21 6 11
14 28 6 11
15 32 6 11
29 32 6 11
4 23 7 9
7 14 8 7
9 29 8 7
13 31 8 7
11 15 6 12
3 14 8 8
16 29 8 8
0 30 8 10
16 25 9 8
27 29 9 8
18 29 9 9
8 22 5 18
10 34 6 17
(229 298)

Arvore 66
0 1 5 5
18 20 5 6
19 28 6 6
12 19 5 9
4 17 6 7
10 26 6 7
22 31 6 7
0 15 7 6
17 24 7 6
26 32 7 6
7 21 6 9
15 33 7 7
6 26 6 10
1 22 7 8
5 17 7 8
0 7 8 6
21 24 5 13
2 21 6 11
14 28 6 11
15 32 6 11
29 32 6 11
4 23 7 9
7 14 8 7
9 29 8 7
13 31 8 7
3 14 8 8
16 29 8 8
11 14 9 6
0 30 8 10
16 25 9 8
27 29 9 8
18 29 9 9
8 22 5 18
10 34 6 17
(232 292)

Arvore 67
0 1 5 5
18 20 5 6
19 28 6 6
12 19 5 9
4 17 6 7
10 26 6 7
22 31 6 7
0 15 7 6
17 24 7 6
26 32 7 6
7 21 6 9
15 33 7 7
6 26 6 10
1 22 7 8
5 17 7 8
0 7 8 6
21 24 5 13
2 21 6 11
14 28 6 11
15 32 6 11
29 32 6 11
4 23 7 9
7 14 8 7
9 29 8 7
13 31 8 7
3 14 8 8
16 29 8 8
11 14 9 6
0 30 8 10
16 25 9 8
3 27 10 6
5 20 7 13
8 22 5 18
10 34 6 17
(231 294)

Arvore 68
0 1 5 5
18 20 5 6
19 28 6 6
4 17 6 7
10 26 6 7
22 31 6 7
12 19 5 9
0 15 7 6
17 24 7 6
26 32 7 6
15 33 7 7
7 21 6 9
0 7 8 6
1 22 7 8
5 17 7 8
6 26 6 10
7 14 8 7
9 29 8 7
13 31 8 7
4 23 7 9
11 14 9 6
2 21 6 11
14 28 6 11
29 32 6 11
3 14 8 8
16 29 8 8
3 10 10 5
21 24 5 13
3 27 10 6
16 25 9 8
0 30 8 10
18 29 9 9
8 22 5 18
10 34 6 17
(237 284)

Arvore 69
0 1 5 5
18 20 5 6
19 28 6 6
4 17 6 7
10 26 6 7
22 31 6 7
12 19 5 9
0 15 7 6
17 24 7 6
26 32 7 6
15 33 7 7
7 21 6 9
0 7 8 6
1 22 7 8
5 17 7 8
6 26 6 10
7 14 8 7
9 29 8 7
13 31 8 7
4 23 7 9
11 14 9 6
2 21 6 11
14 28 6 11
15 32 6 11
29 32 6 11
16 29 8 8
3 10 10 5
21 24 5 13
3 27 10 6
16 25 9 8
0 30 8 10
18 29 9 9
8 22 5 18
10 34 6 17
(235 287)

Arvore 70
0 1 5 5
18 20 5 6
19 28 6 6
4 17 6 7
10 26 6 7
22 31 6 7
12 19 5 9
0 15 7 6
17 24 7 6
26 32 7 6
15 33 7 7
7 21 6 9
0 7 8 6
1 22 7 8
5 17 7 8
6 26 6 10
7 14 8 7
9 29 8 7
13 31 8 7
4 23 7 9
11 14 9 6
2 21 6 11
14 28 6 11
15 32 6 11
16 29 8 8
3 10 10 5
3 16 10 5
21 24 5 13
3 27 10 6
16 25 9 8
0 30 8 10
18 29 9 9
8 22 5 18
10 34 6 17
(239 281)

Arvore 71
0 1 5 5
18 20 5 6
19 28 6 6
4 17 6 7
10 26 6 7
22 31 6 7
12 19 5 9
0 15 7 6
17 24 7 6
26 32 7 6
15 33 7 7
7 21 6 9
0 7 8 6
1 22 7 8
5 17 7 8
6 26 6 10
7 14 8 7
9 29 8 7
13 31 8 7
4 23 7 9
11 14 9 6
2 21 6 11
14 28 6 11
29 32 6 11
3 14 8 8
16 29 8 8
3 10 10 5
0 4 9 7
3 27 10 6
16 25 9 8
0 30 8 10
18 29 9 9
8 22 5 18
10 34 6 17
(241 278)

Arvore 72
0 1 5 5
18 20 5 6
19 28 6 6
4 17 6 7
10 26 6 7
22 31 6 7
12 19 5 9
0 15 7 6
17 24 7 6
26 32 7 6
15 33 7 7
7 21 6 9
0 7 8 6
1 22 7 8
5 17 7 8
6 26 6 10
7 14 8 7
9 29 8 7
13 31 8 7
4 23 7 9
11 14 9 6
2 21 6 11
14 28 6 11
29 32 6 11
3 14 8 8
3 10 10 5
3 16 10 5
0 4 9 7
3 27 10 6
16 25 9 8
0 30 8 10
18 29 9 9
8 22 5 18
10 34 6 17
(243 275)

Arvore 73
0 1 5 5
18 20 5 6
19 28 6 6
4 17 6 7
10 26 6 7
22 31 6 7
12 19 5 9
0 15 7 6
17 24 7 6
26 32 7 6
15 33 7 7
7 21 6 9
0 7 8 6
1 22 7 8
5 17 7 8
6 26 6 10
7 14 8 7
9 29 8 7
13 31 8 7
4 23 7 9
11 14 9 6
2 21 6 11
14 28 6 11
29 32 6 11
3 14 8 8
3 10 10 5
3 16 10 5
0 4 9 7
3 27 10 6
16 25 9 8
0 30 8 10
13 18 10 8
8 22 5 18
10 34 6 17
(244 274)

Arvore 74
0 1 5 5
18 20 5 6
19 28 6 6
4 17 6 7
10 26 6 7
22 31 6 7
12 19 5 9
0 15 7 6
17 24 7 6
26 32 7 6
15 33 7 7
7 21 6 9
0 7 8 6
1 22 7 8
5 17 7 8
6 26 6 10
7 14 8 7
9 29 8 7
13 31 8 7
4 23 7 9
11 31 9 6
2 21 6 11
14 28 6 11
15 32 6 11
29 32 6 11
16 29 8 8
3 16 10 5
0 4 9 7
16 25 9 8
27 29 9 8
0 30 8 10
18 29 9 9
8 22 5 18
10 34 6 17
(238 283)

Arvore 75
0 1 5 5
18 20 5 6
19 28 6 6
4 17 6 7
10 26 6 7
22 31 6 7
12 19 5 9
0 15 7 6
17 24 7 6
26 32 7 6
15 33 7 7
7 21 6 9
0 7 8 6
1 22 7 8
5 17 7 8
6 26 6 10
7 14 8 7
9 29 8 7
13 31 8 7
4 23 7 9
11 31 9 6
2 21 6 11
14 28 6 11
15 32 6 11
29 32 6 11
16 29 8 8
3 16 10 5
0 4 9 7
3 27 10 6
16 25 9 8
0 30 8 10
13 18 10 8
8 22 5 18
10 34 6 17
(240 280)

Arvore 76
0 1 5 5
18 20 5 6
19 28 6 6
4 17 6 7
10 26 6 7
22 31 6 7
12 19 5 9
0 15 7 6
17 24 7 6
26 32 7 6
15 33 7 7
7 21 6 9
0 7 8 6
1 22 7 8
5 17 7 8
6 26 6 10
7 14 8 7
9 29 8 7
13 31 8 7
4 23 7 9
11 31 9 6
2 21 6 11
14 28 6 11
15 32 6 11
29 32 6 11
3 10 10 5
3 16 10 5
0 4 9 7
3 27 10 6
16 25 9 8
0 30 8 10
13 18 10 8
8 22 5 18
10 34 6 17
(242 277)

Arvore 77
0 1 5 5
18 20 5 6
19 28 6 6
4 17 6 7
10 26 6 7
22 31 6 7
12 19 5 9
0 15 7 6
17 24 7 6
26 32 7 6
15 33 7 7
7 21 6 9
0 7 8 6
1 22 7 8
5 17 7 8
6 26 6 10
7 14 8 7
9 29 8 7
13 31 8 7
4 23 7 9
11 31 9 6
2 21 6 11
14 28 6 11
15 32 6 11
29 32 6 11
16 29 8 8
3 16 10 5
21 24 5 13
3 27 10 6
16 25 9 8
0 30 8 10
13 18 10 8
8 22 5 18
10 34 6 17
(236 286)

Arvore 78
0 1 5 5
18 20 5 6
19 28 6 6
4 17 6 7
10 26 6 7
22 31 6 7
12 19 5 9
0 15 7 6
17 24 7 6
26 32 7 6
15 33 7 7
7 21 6 9
0 7 8 6
1 22 7 8
5 17 7 8
6 26 6 10
7 14 8 7
9 29 8 7
13 31 8 7
4 23 7 9
11 31 9 6
2 21 6 11
14 28 6 11
15 32 6 11
29 32 6 11
16 29 8 8
3 16 10 5
21 24 5 13
16 25 9 8
27 29 9 8
0 30 8 10
18 29 9 9
8 22 5 18
10 34 6 17
(234 289)

Arvore 79
0 1 5 5
18 20 5 6
19 28 6 6
4 17 6 7
10 26 6 7
22 31 6 7
0 15 7 6
17 24 7 6
26 32 7 6
12 19 5 9
15 33 7 7
0 7 8 6
7 21 6 9
1 22 7 8
5 17 7 8
7 14 8 7
9 29 8 7
13 31 8 7
6 26 6 10
11 14 9 6
4 23 7 9
3 10 10 5
3 16 10 5
3 14 8 8
16 29 8 8
2 21 6 11
0 4 9 7
10 28 9 7
3 27 10 6
16 25 9 8
0 30 8 10
18 29 9 9
8 22 5 18
10 34 6 17
(248 268)

Arvore 80
0 1 5 5
18 20 5 6
19 28 6 6
4 17 6 7
10 26 6 7
22 31 6 7
0 15 7 6
17 24 7 6
26 32 7 6
12 19 5 9
15 33 7 7
0 7 8 6
7 21 6 9
1 22 7 8
5 17 7 8
7 14 8 7
9 29 8 7
13 31 8 7
6 26 6 10
11 14 9 6
4 23 7 9
3 10 10 5
3 16 10 5
3 14 8 8
2 21 6 11
29 32 6 11
0 4 9 7
10 28 9 7
3 27 10 6
16 25 9 8
0 30 8 10
18 29 9 9
8 22 5 18
10 34 6 17
(246 271)

Arvore 81
0 1 5 5
18 20 5 6
19 28 6 6
4 17 6 7
10 26 6 7
22 31 6 7
0 15 7 6
17 24 7 6
26 32 7 6
12 19 5 9
15 33 7 7
0 7 8 6
7 21 6 9
1 22 7 8
5 17 7 8
9 29 8 7
13 31 8 7
6 26 6 10
11 14 9 6
11 31 9 6
4 23 7 9
3 10 10 5
3 16 10 5
3 14 8 8
16 29 8 8
2 21 6 11
0 4 9 7
10 28 9 7
3 27 10 6
16 25 9 8
0 30 8 10
18 29 9 9
8 22 5 18
10 34 6 17
(249 267)

Arvore 82
0 1 5 5
18 20 5 6
19 28 6 6
4 17 6 7
10 26 6 7
22 31 6 7
0 15 7 6
17 24 7 6
26 32 7 6
12 19 5 9
15 33 7 7
0 7 8 6
7 21 6 9
1 22 7 8
5 17 7 8
7 14 8 7
9 29 8 7
13 31 8 7
6 26 6 10
11 31 9 6
4 23 7 9
3 10 10 5
3 16 10 5
3 14 8 8
29 32 6 11
0 4 9 7
10 28 9 7
2 6 7 10
3 27 10 6
16 25 9 8
0 30 8 10
18 29 9 9
8 22 5 18
10 34 6 17
(247 270)

Arvore 83
0 1 5 5
18 20 5 6
19 28 6 6
4 17 6 7
10 26 6 7
22 31 6 7
0 15 7 6
17 24 7 6
26 32 7 6
12 19 5 9
15 33 7 7
0 7 8 6
7 21 6 9
1 22 7 8
5 17 7 8
7 14 8 7
9 29 8 7
13 31 8 7
6 26 6 10
11 14 9 6
4 23 7 9
3 10 10 5
3 16 10 5
3 14 8 8
16 29 8 8
14 28 6 11
0 4 9 7
2 6 7 10
3 27 10 6
16 25 9 8
0 30 8 10
18 29 9 9
8 27 10 11
10 34 6 17
(251 264)

Arvore 84
0 1 5 5
18 20 5 6
19 28 6 6
4 17 6 7
10 26 6 7
22 31 6 7
0 15 7 6
17 24 7 6
26 32 7 6
12 19 5 9
15 33 7 7
0 7 8 6
7 21 6 9
1 22 7 8
5 17 7 8
7 14 8 7
9 29 8 7
13 31 8 7
6 26 6 10
11 31 9 6
4 23 7 9
3 10 10 5
3 16 10 5
3 14 8 8
16 29 8 8
2 21 6 11
0 4 9 7
10 28 9 7
16 25 9 8
27 29 9 8
0 30 8 10
18 29 9 9
8 27 10 11
10 34 6 17
(252 263)

Arvore 85
0 1 5 5
18 20 5 6
19 28 6 6
4 17 6 7
10 26 6 7
22 31 6 7
0 15 7 6
17 24 7 6
26 32 7 6
12 19 5 9
15 33 7 7
0 7 8 6
7 21 6 9
1 22 7 8
5 17 7 8
7 14 8 7
9 29 8 7
13 31 8 7
11 14 9 6
3 10 10 5
3 16 10 5
6 26 6 10
4 23 7 9
3 14 8 8
16 29 8 8
0 4 9 7
10 28 9 7
3 27 10 6
2 6 7 10
16 25 9 8
0 30 8 10
18 29 9 9
8 27 10 11
10 34 6 17
(254 260)

Arvore 86
0 1 5 5
18 20 5 6
19 28 6 6
4 17 6 7
10 26 6 7
22 31 6 7
0 15 7 6
17 24 7 6
26 32 7 6
12 19 5 9
15 33 7 7
0 7 8 6
7 21 6 9
1 22 7 8
5 17 7 8
7 14 8 7
9 29 8 7
13 31 8 7
11 14 9 6
3 10 10 5
3 16 10 5
6 26 6 10
4 23 7 9
3 14 8 8
16 29 8 8
0 4 9 7
10 28 9 7
3 27 10 6
2 21 6 11
16 25 9 8
0 30 8 10
18 29 9 9
8 27 10 11
5 34 13 9
(260 253)

Arvore 87
0 1 5 5
18 20 5 6
19 28 6 6
4 17 6 7
10 26 6 7
22 31 6 7
0 15 7 6
17 24 7 6
26 32 7 6
12 19 5 9
15 33 7 7
0 7 8 6
7 21 6 9
1 22 7 8
5 17 7 8
7 14 8 7
9 29 8 7
13 31 8 7
11 14 9 6
3 10 10 5
3 16 10 5
6 26 6 10
4 23 7 9
3 14 8 8
16 29 8 8
0 4 9 7
10 28 9 7
3 27 10 6
2 6 7 10
16 25 9 8
0 30 8 10
13 18 10 8
8 27 10 11
10 34 6 17
(255 259)

Arvore 88
0 1 5 5
18 20 5 6
19 28 6 6
4 17 6 7
10 26 6 7
22 31 6 7
0 15 7 6
17 24 7 6
26 32 7 6
12 19 5 9
15 33 7 7
0 7 8 6
7 21 6 9
1 22 7 8
5 17 7 8
7 14 8 7
9 29 8 7
13 31 8 7
11 14 9 6
3 10 10 5
3 16 10 5
6 26 6 10
4 23 7 9
3 14 8 8
16 29 8 8
0 4 9 7
10 28 9 7
3 27 10 6
2 21 6 11
16 25 9 8
0 30 8 10
13 18 10 8
8 27 10 11
5 34 13 9
(261 252)

Arvore 89
0 1 5 5
18 20 5 6
19 28 6 6
4 17 6 7
10 26 6 7
22 31 6 7
0 15 7 6
17 24 7 6
26 32 7 6
12 19 5 9
15 33 7 7
0 7 8 6
7 21 6 9
5 17 7 8
7 14 8 7
9 29 8 7
13 31 8 7
11 14 9 6
11 31 9 6
3 10 10 5
3 16 10 5
6 26 6 10
4 23 7 9
3 14 8 8
16 29 8 8
0 4 9 7
10 28 9 7
3 27 10 6
2 6 7 10
16 25 9 8
0 30 8 10
18 29 9 9
8 27 10 11
10 34 6 17
(256 258)

Arvore 90
0 1 5 5
18 20 5 6
19 28 6 6
4 17 6 7
10 26 6 7
22 31 6 7
0 15 7 6
17 24 7 6
26 32 7 6
12 19 5 9
15 33 7 7
0 7 8 6
7 21 6 9
1 22 7 8
5 17 7 8
7 14 8 7
9 29 8 7
13 31 8 7
11 31 9 6
3 10 10 5
3 16 10 5
6 26 6 10
4 23 7 9
3 14 8 8
16 29 8 8
0 4 9 7
10 28 9 7
3 27 10 6
2 6 7 10
16 25 9 8
0 30 8 10
13 18 10 8
8 27 10 11
5 34 13 9
(262 251)

Arvore 91
0 1 5 5
18 20 5 6
19 28 6 6
4 17 6 7
10 26 6 7
22 31 6 7
0 15 7 6
17 24 7 6
26 32 7 6
12 19 5 9
15 33 7 7
0 7 8 6
7 21 6 9
1 22 7 8
5 17 7 8
7 14 8 7
9 29 8 7
13 31 8 7
11 14 9 6
3 10 10 5
3 16 10 5
6 26 6 10
4 23 7 9
3 14 8 8
16 29 8 8
0 4 9 7
10 28 9 7
3 27 10 6
2 21 6 11
16 25 9 8
0 30 8 10
13 18 10 8
8 27 10 11
2 34 9 14
(257 257)

Arvore 92
0 1 5 5
18 20 5 6
19 28 6 6
4 17 6 7
10 26 6 7
22 31 6 7
0 15 7 6
17 24 7 6
26 32 7 6
12 19 5 9
15 33 7 7
0 7 8 6
7 21 6 9
1 22 7 8
5 17 7 8
7 14 8 7
9 29 8 7
13 31 8 7
11 31 9 6
3 10 10 5
3 16 10 5
6 26 6 10
4 23 7 9
16 29 8 8
0 4 9 7
10 28 9 7
3 27 10 6
2 21 6 11
14 28 6 11
16 25 9 8
0 30 8 10
18 29 9 9
8 27 10 11
5 34 13 9
(258 256)

Arvore 93
0 1 5 5
18 20 5 6
19 28 6 6
4 17 6 7
10 26 6 7
22 31 6 7
0 15 7 6
17 24 7 6
26 32 7 6
12 19 5 9
15 33 7 7
0 7 8 6
7 21 6 9
5 17 7 8
7 14 8 7
9 29 8 7
13 31 8 7
11 14 9 6
11 31 9 6
3 10 10 5
3 16 10 5
6 26 6 10
4 23 7 9
3 14 8 8
16 29 8 8
0 4 9 7
10 28 9 7
3 27 10 6
2 21 6 11
16 25 9 8
0 30 8 10
13 18 10 8
8 27 10 11
2 34 9 14
(259 255)

Arvore 94
0 1 5 5
18 20 5 6
19 28 6 6
4 17 6 7
10 26 6 7
22 31 6 7
0 15 7 6
17 24 7 6
26 32 7 6
12 19 5 9
15 33 7 7
0 7 8 6
7 21 6 9
5 17 7 8
7 14 8 7
9 29 8 7
13 31 8 7
11 14 9 6
11 31 9 6
3 10 10 5
3 16 10 5
6 26 6 10
4 23 7 9
3 14 8 8
16 29 8 8
0 4 9 7
10 28 9 7
3 27 10 6
2 21 6 11
16 25 9 8
0 30 8 10
18 29 9 9
8 27 10 11
24 34 16 5
(265 247)

Arvore 95
0 1 5 5
18 20 5 6
19 28 6 6
4 17 6 7
10 26 6 7
22 31 6 7
0 15 7 6
17 24 7 6
26 32 7 6
12 19 5 9
15 33 7 7
0 7 8 6
7 21 6 9
1 22 7 8
5 17 7 8
7 14 8 7
9 29 8 7
13 31 8 7
11 14 9 6
3 10 10 5
3 16 10 5
6 26 6 10
4 23 7 9
3 14 8 8
16 29 8 8
0 4 9 7
10 28 9 7
3 27 10 6
2 6 7 10
16 25 9 8
0 30 8 10
18 29 9 9
8 27 10 11
24 34 16 5
(264 248)

Arvore 96
0 1 5 5
18 20 5 6
19 28 6 6
4 17 6 7
10 26 6 7
22 31 6 7
0 15 7 6
17 24 7 6
26 32 7 6
12 19 5 9
15 33 7 7
0 7 8 6
7 21 6 9
5 17 7 8
7 14 8 7
9 29 8 7
13 31 8 7
11 14 9 6
11 31 9 6
3 10 10 5
3 16 10 5
6 26 6 10
4 23 7 9
3 14 8 8
16 29 8 8
0 4 9 7
10 28 9 7
3 27 10 6
2 6 7 10
16 25 9 8
0 30 8 10
18 29 9 9
8 27 10 11
24 34 16 5
(266 246)

Arvore 97
0 1 5 5
18 20 5 6
19 28 6 6
0 15 7 6
17 24 7 6
26 32 7 6
4 17 6 7
10 26 6 7
22 31 6 7
0 7 8 6
15 33 7 7
12 19 5 9
3 10 10 5
3 16 10 5
11 14 9 6
11 31 9 6
7 14 8 7
9 29 8 7
13 31 8 7
5 17 7 8
7 21 6 9
3 27 10 6
0 4 9 7
10 28 9 7
16 29 8 8
4 23 7 9
4 9 12 5
6 26 6 10
16 25 9 8
2 6 7 10
13 18 10 8
0 30 8 10
24 34 16 5
8 27 10 11
(271 242)

Arvore 98
0 1 5 5
18 20 5 6
19 28 6 6
0 15 7 6
17 24 7 6
26 32 7 6
4 17 6 7
10 26 6 7
22 31 6 7
0 7 8 6
15 33 7 7
12 19 5 9
3 10 10 5
3 16 10 5
11 14 9 6
11 31 9 6
7 14 8 7
9 29 8 7
13 31 8 7
5 17 7 8
7 21 6 9
3 27 10 6
0 4 9 7
10 28 9 7
16 29 8 8
4 23 7 9
4 9 12 5
6 26 6 10
16 25 9 8
2 6 7 10
18 29 9 9
0 30 8 10
24 34 16 5
8 27 10 11
(270 243)

Arvore 99
0 1 5 5
18 20 5 6
19 28 6 6
0 15 7 6
17 24 7 6
26 32 7 6
4 17 6 7
10 26 6 7
22 31 6 7
0 7 8 6
15 33 7 7
12 19 5 9
3 10 10 5
3 16 10 5
11 14 9 6
11 31 9 6
9 29 8 7
13 31 8 7
1 22 7 8
5 17 7 8
7 21 6 9
3 27 10 6
0 4 9 7
10 28 9 7
16 29 8 8
4 23 7 9
4 9 12 5
6 26 6 10
16 25 9 8
2 6 7 10
18 29 9 9
0 30 8 10
24 34 16 5
8 27 10 11
(269 244)

Arvore 100
0 1 5 5
18 20 5 6
19 28 6 6
0 15 7 6
17 24 7 6
26 32 7 6
4 17 6 7
10 26 6 7
22 31 6 7
0 7 8 6
15 33 7 7
3 10 10 5
3 16 10 5
12 19 5 9
11 14 9 6
11 31 9 6
7 14 8 7
9 29 8 7
13 31 8 7
5 17 7 8
7 21 6 9
3 27 10 6
0 4 9 7
10 28 9 7
3 14 8 8
4 9 12 5
4 23 7 9
6 26 6 10
16 25 9 8
2 11 12 6
18 29 9 9
0 30 8 10
24 34 16 5
8 27 10 11
(275 239)

Arvore 101
0 1 5 5
18 20 5 6
19 28 6 6
0 15 7 6
17 24 7 6
26 32 7 6
4 17 6 7
10 26 6 7
22 31 6 7
0 7 8 6
15 33 7 7
3 10 10 5
3 16 10 5
12 19 5 9
11 14 9 6
11 31 9 6
7 14 8 7
9 29 8 7
13 31 8 7
5 17 7 8
7 21 6 9
3 27 10 6
0 4 9 7
10 28 9 7
3 14 8 8
16 29 8 8
4 23 7 9
6 26 6 10
16 25 9 8
2 11 12 6
0 30 8 10
11 18 12 7
24 34 16 5
8 27 10 11
(274 240)

Arvore 102
0 1 5 5
18 20 5 6
19 28 6 6
0 15 7 6
17 24 7 6
26 32 7 6
4 17 6 7
10 26 6 7
22 31 6 7
0 7 8 6
3 10 10 5
3 16 10 5
15 33 7 7
11 14 9 6
11 31 9 6
7 14 8 7
9 29 8 7
13 31 8 7
3 27 10 6
4 9 12 5
12 19 5 9
5 17 7 8
0 4 9 7
10 28 9 7
7 21 6 9
3 14 8 8
2 11 12 6
4 23 7 9
16 25 9 8
6 26 6 10
11 18 12 7
24 34 16 5
0 30 8 10
8 27 10 11
(278 237)

Arvore 103
0 1 5 5
18 20 5 6
19 28 6 6
0 15 7 6
17 24 7 6
26 32 7 6
4 17 6 7
10 26 6 7
22 31 6 7
0 7 8 6
3 10 10 5
3 16 10 5
15 33 7 7
11 14 9 6
11 31 9 6
9 29 8 7
13 31 8 7
3 27 10 6
4 9 12 5
12 19 5 9
1 22 7 8
5 17 7 8
0 4 9 7
10 28 9 7
7 21 6 9
16 29 8 8
2 11 12 6
4 23 7 9
16 25 9 8
6 26 6 10
13 18 10 8
24 34 16 5
0 30 8 10
8 24 21 5
(286 233)

Arvore 104
0 1 5 5
18 20 5 6
19 28 6 6
0 15 7 6
17 24 7 6
26 32 7 6
4 17 6 7
10 26 6 7
22 31 6 7
0 7 8 6
3 10 10 5
3 16 10 5
15 33 7 7
11 14 9 6
11 31 9 6
7 14 8 7
9 29 8 7
13 31 8 7
3 27 10 6
4 9 12 5
12 19 5 9
5 17 7 8
0 4 9 7
10 28 9 7
7 21 6 9
2 11 12 6
4 23 7 9
16 25 9 8
16 31 13 6
6 26 6 10
13 18 10 8
24 34 16 5
0 30 8 10
8 27 10 11
(281 236)

Arvore 105
0 1 5 5
18 20 5 6
19 28 6 6
0 15 7 6
17 24 7 6
26 32 7 6
4 17 6 7
10 26 6 7
22 31 6 7
0 7 8 6
3 10 10 5
3 16 10 5
15 33 7 7
11 14 9 6
11 31 9 6
7 14 8 7
9 29 8 7
13 31 8 7
3 27 10 6
4 9 12 5
12 19 5 9
5 17 7 8
0 4 9 7
10 28 9 7
7 21 6 9
2 11 12 6
4 23 7 9
16 25 9 8
16 31 13 6
6 26 6 10
11 18 12 7
24 34 16 5
0 30 8 10
8 27 10 11
(283 235)

Arvore 106
0 1 5 5
18 20 5 6
19 28 6 6
0 15 7 6
17 24 7 6
26 32 7 6
4 17 6 7
10 26 6 7
22 31 6 7
0 7 8 6
3 10 10 5
3 16 10 5
15 33 7 7
11 14 9 6
11 31 9 6
9 29 8 7
13 31 8 7
3 27 10 6
4 9 12 5
12 19 5 9
1 22 7 8
5 17 7 8
10 28 9 7
7 21 6 9
3 14 8 8
16 29 8 8
2 11 12 6
4 23 7 9
16 25 9 8
6 26 6 10
13 18 10 8
24 34 16 5
0 30 8 10
8 24 21 5
(285 234)

Arvore 107
0 1 5 5
18 20 5 6
19 28 6 6
0 15 7 6
17 24 7 6
26 32 7 6
3 10 10 5
3 16 10 5
0 7 8 6
4 17 6 7
10 26 6 7
22 31 6 7
11 14 9 6
11 31 9 6
15 33 7 7
4 9 12 5
3 27 10 6
7 14 8 7
9 29 8 7
13 31 8 7
10 28 9 7
13 17 14 5
5 17 7 8
2 11 12 6
12 19 5 9
3 14 8 8
7 21 6 9
24 34 16 5
16 25 9 8
4 23 7 9
11 18 12 7
6 26 6 10
0 30 8 10
8 24 21 5
(294 229)

Arvore 108
0 1 5 5
18 20 5 6
19 28 6 6
0 15 7 6
17 24 7 6
26 32 7 6
3 10 10 5
3 16 10 5
0 7 8 6
4 17 6 7
10 26 6 7
22 31 6 7
11 14 9 6
11 31 9 6
15 33 7 7
4 9 12 5
3 27 10 6
7 14 8 7
9 29 8 7
13 31 8 7
10 28 9 7
13 17 14 5
5 17 7 8
2 11 12 6
12 19 5 9
16 29 8 8
24 34 16 5
16 21 9 8
16 25 9 8
4 23 7 9
11 18 12 7
6 26 6 10
0 30 8 10
8 24 21 5
(297 228)

Arvore 109
0 1 5 5
18 20 5 6
19 28 6 6
0 15 7 6
17 24 7 6
26 32 7 6
3 10 10 5
3 16 10 5
0 7 8 6
4 17 6 7
10 26 6 7
22 31 6 7
11 14 9 6
11 31 9 6
15 33 7 7
4 9 12 5
3 27 10 6
7 14 8 7
9 29 8 7
13 31 8 7
10 28 9 7
13 17 14 5
5 17 7 8
2 11 12 6
12 19 5 9
16 29 8 8
7 21 6 9
24 34 16 5
16 25 9 8
4 23 7 9
13 18 10 8
6 26 6 10
0 30 8 10
8 24 21 5
(292 230)

Arvore 110
0 1 5 5
18 20 5 6
19 28 6 6
0 15 7 6
17 24 7 6
26 32 7 6
3 10 10 5
3 16 10 5
0 7 8 6
4 17 6 7
10 26 6 7
22 31 6 7
11 14 9 6
11 31 9 6
4 9 12 5
15 33 7 7
3 27 10 6
7 14 8 7
9 29 8 7
13 31 8 7
13 17 14 5
10 28 9 7
2 11 12 6
5 29 10 7
16 31 13 6
24 34 16 5
12 19 5 9
7 21 6 9
16 25 9 8
11 18 12 7
4 23 7 9
6 26 6 10
8 24 21 5
0 30 8 10
(302 226)

Arvore 111
0 1 5 5
18 20 5 6
19 28 6 6
0 15 7 6
17 24 7 6
26 32 7 6
3 10 10 5
3 16 10 5
0 7 8 6
4 17 6 7
10 26 6 7
22 31 6 7
11 14 9 6
11 31 9 6
4 9 12 5
15 33 7 7
3 27 10 6
7 14 8 7
9 29 8 7
13 31 8 7
13 17 14 5
10 28 9 7
2 11 12 6
5 17 7 8
16 31 13 6
24 34 16 5
12 19 5 9
7 21 6 9
11 18 12 7
25 33 15 6
4 23 7 9
6 26 6 10
8 24 21 5
0 30 8 10
(305 225)

Arvore 112
0 1 5 5
18 20 5 6
19 28 6 6
0 15 7 6
17 24 7 6
26 32 7 6
3 10 10 5
3 16 10 5
0 7 8 6
4 17 6 7
10 26 6 7
22 31 6 7
11 14 9 6
11 31 9 6
4 9 12 5
15 33 7 7
3 27 10 6
7 14 8 7
9 29 8 7
13 31 8 7
13 17 14 5
10 28 9 7
2 11 12 6
5 17 7 8
16 31 13 6
24 34 16 5
12 19 5 9
7 21 6 9
11 18 12 7
25 33 15 6
4 23 7 9
6 22 9 9
8 24 21 5
0 30 8 10
(308 224)

Arvore 113
0 1 5 5
18 20 5 6
19 28 6 6
0 15 7 6
17 24 7 6
26 32 7 6
3 10 10 5
3 16 10 5
0 7 8 6
4 17 6 7
10 26 6 7
22 31 6 7
11 14 9 6
11 31 9 6
4 9 12 5
15 33 7 7
3 27 10 6
7 14 8 7
9 29 8 7
13 31 8 7
13 17 14 5
10 28 9 7
2 11 12 6
5 17 7 8
16 31 13 6
24 34 16 5
12 19 5 9
16 21 9 8
11 18 12 7
25 33 15 6
4 23 7 9
6 22 9 9
8 24 21 5
0 30 8 10
(311 223)

Arvore 114
0 1 5 5
18 20 5 6
19 28 6 6
3 10 10 5
3 16 10 5
0 15 7 6
17 24 7 6
26 32 7 6
0 7 8 6
4 9 12 5
11 14 9 6
11 31 9 6
4 17 6 7
10 26 6 7
22 31 6 7
3 27 10 6
15 33 7 7
13 17 14 5
7 14 8 7
9 29 8 7
13 31 8 7
2 11 12 6
10 28 9 7
24 34 16 5
5 29 10 7
14 26 17 5
25 33 15 6
12 19 5 9
11 18 12 7
16 21 9 8
4 23 7 9
8 24 21 5
6 22 9 9
0 30 8 10
(318 221)

Arvore 115
0 1 5 5
18 20 5 6
19 28 6 6
3 10 10 5
3 16 10 5
0 15 7 6
17 24 7 6
26 32 7 6
0 7 8 6
4 9 12 5
11 14 9 6
11 31 9 6
4 17 6 7
10 26 6 7
22 31 6 7
3 27 10 6
15 33 7 7
13 17 14 5
7 14 8 7
9 29 8 7
13 31 8 7
2 11 12 6
10 28 9 7
24 34 16 5
16 31 13 6
5 17 7 8
25 33 15 6
12 19 5 9
11 18 12 7
16 21 9 8
4 23 7 9
8 24 21 5
6 22 9 9
20 30 22 6
(325 219)

Arvore 116
0 1 5 5
18 20 5 6
19 28 6 6
3 10 10 5
3 16 10 5
0 15 7 6
17 24 7 6
26 32 7 6
0 7 8 6
4 9 12 5
11 14 9 6
11 31 9 6
4 17 6 7
10 26 6 7
22 31 6 7
3 27 10 6
15 33 7 7
13 17 14 5
7 14 8 7
9 29 8 7
13 31 8 7
2 11 12 6
10 28 9 7
24 34 16 5
16 31 13 6
5 17 7 8
25 33 15 6
12 19 5 9
11 18 12 7
16 21 9 8
4 23 7 9
8 24 21 5
6 34 20 6
0 30 8 10
(322 220)

Arvore 117
0 1 5 5
18 20 5 6
19 28 6 6
3 10 10 5
3 16 10 5
0 15 7 6
17 24 7 6
26 32 7 6
0 7 8 6
4 9 12 5
11 14 9 6
11 31 9 6
4 17 6 7
10 26 6 7
22 31 6 7
3 27 10 6
13 17 14 5
15 33 7 7
7 14 8 7
9 29 8 7
13 31 8 7
2 11 12 6
24 34 16 5
10 28 9 7
14 26 17 5
5 29 10 7
25 33 15 6
11 18 12 7
12 19 5 9
16 21 9 8
8 24 21 5
4 23 7 9
6 22 9 9
20 30 22 6
(332 217)

Arvore 118
0 1 5 5
18 20 5 6
19 28 6 6
3 10 10 5
3 16 10 5
0 15 7 6
17 24 7 6
26 32 7 6
0 7 8 6
4 9 12 5
11 14 9 6
11 31 9 6
4 17 6 7
10 26 6 7
22 31 6 7
3 27 10 6
13 17 14 5
15 33 7 7
7 14 8 7
9 29 8 7
13 31 8 7
2 11 12 6
24 34 16 5
10 28 9 7
16 31 13 6
5 29 10 7
25 33 15 6
11 18 12 7
12 19 5 9
7 21 6 9
8 24 21 5
4 23 7 9
6 34 20 6
20 30 22 6
(336 216)

Arvore 119
0 1 5 5
3 10 10 5
3 16 10 5
18 20 5 6
19 28 6 6
4 9 12 5
0 15 7 6
17 24 7 6
26 32 7 6
0 7 8 6
13 17 14 5
11 14 9 6
11 31 9 6
3 27 10 6
24 34 16 5
4 17 6 7
10 26 6 7
22 31 6 7
14 26 17 5
2 11 12 6
15 33 7 7
7 14 8 7
9 29 8 7
13 31 8 7
10 28 9 7
25 33 15 6
5 29 10 7
8 24 21 5
11 18 12 7
6 34 20 6
14 21 20 6
12 19 5 9
20 30 22 6
4 23 7 9
(354 212)

Arvore 120
0 1 5 5
3 10 10 5
3 16 10 5
18 20 5 6
19 28 6 6
4 9 12 5
0 15 7 6
17 24 7 6
26 32 7 6
0 7 8 6
13 17 14 5
11 14 9 6
11 31 9 6
3 27 10 6
24 34 16 5
14 26 17 5
4 17 6 7
10 26 6 7
22 31 6 7
2 11 12 6
15 33 7 7
7 14 8 7
9 29 8 7
13 31 8 7
4 28 14 6
25 33 15 6
8 24 21 5
5 29 10 7
11 18 12 7
6 34 20 6
16 21 9 8
12 19 5 9
20 30 22 6
23 31 24 6
(365 210)

Arvore 121
0 1 5 5
3 10 10 5
3 16 10 5
18 20 5 6
19 28 6 6
4 9 12 5
0 15 7 6
17 24 7 6
26 32 7 6
0 7 8 6
13 17 14 5
11 14 9 6
11 31 9 6
3 27 10 6
24 34 16 5
14 26 17 5
4 17 6 7
10 26 6 7
22 31 6 7
2 11 12 6
15 33 7 7
7 14 8 7
9 29 8 7
4 28 14 6
0 17 20 5
25 33 15 6
8 24 21 5
5 29 10 7
11 18 12 7
6 34 20 6
14 21 20 6
12 19 5 9
20 30 22 6
4 23 7 9
(371 209)

Arvore 122
0 1 5 5
3 10 10 5
3 16 10 5
18 20 5 6
19 28 6 6
4 9 12 5
0 15 7 6
17 24 7 6
26 32 7 6
0 7 8 6
13 17 14 5
11 14 9 6
11 31 9 6
3 27 10 6
24 34 16 5
14 26 17 5
4 17 6 7
22 31 6 7
2 11 12 6
15 33 7 7
16 31 13 6
7 14 8 7
9 29 8 7
13 31 8 7
4 28 14 6
25 33 15 6
8 24 21 5
5 29 10 7
11 18 12 7
6 34 20 6
14 21 20 6
20 30 22 6
12 19 5 9
23 31 24 6
(383 207)

Arvore 123
0 1 5 5
3 10 10 5
3 16 10 5
18 20 5 6
4 9 12 5
19 28 6 6
0 15 7 6
17 24 7 6
26 32 7 6
13 17 14 5
0 7 8 6
11 14 9 6
11 31 9 6
24 34 16 5
3 27 10 6
14 26 17 5
2 11 12 6
4 17 6 7
22 31 6 7
16 31 13 6
15 33 7 7
0 17 20 5
4 28 14 6
7 14 8 7
9 29 8 7
8 24 21 5
25 33 15 6
5 29 10 7
11 18 12 7
6 34 20 6
14 21 20 6
20 30 22 6
12 19 5 9
23 31 24 6
(395 205)

Arvore 124
0 1 5 5
3 10 10 5
3 16 10 5
18 20 5 6
4 9 12 5
19 28 6 6
0 15 7 6
17 24 7 6
26 32 7 6
13 17 14 5
0 7 8 6
11 14 9 6
11 31 9 6
24 34 16 5
3 27 10 6
14 26 17 5
2 11 12 6
4 17 6 7
10 26 6 7
22 31 6 7
15 33 7 7
0 17 20 5
4 28 14 6
9 29 8 7
8 24 21 5
25 33 15 6
4 26 22 5
5 29 10 7
11 18 12 7
6 34 20 6
14 21 20 6
20 30 22 6
12 19 5 9
23 31 24 6
(402 204)

Arvore 125
0 1 5 5
3 10 10 5
3 16 10 5
18 20 5 6
4 9 12 5
19 28 6 6
0 15 7 6
17 24 7 6
26 32 7 6
13 17 14 5
0 7 8 6
11 14 9 6
11 31 9 6
24 34 16 5
3 27 10 6
14 26 17 5
2 11 12 6
4 17 6 7
22 31 6 7
16 31 13 6
0 17 20 5
15 33 7 7
4 28 14 6
8 24 21 5
7 14 8 7
9 29 8 7
25 33 15 6
5 29 10 7
11 18 12 7
6 34 20 6
14 21 20 6
20 30 22 6
3 12 24 6
23 31 24 6
(414 202)

Arvore 126
0 1 5 5
3 10 10 5
3 16 10 5
18 20 5 6
4 9 12 5
19 28 6 6
0 15 7 6
17 24 7 6
26 32 7 6
13 17 14 5
0 7 8 6
11 14 9 6
11 31 9 6
24 34 16 5
3 27 10 6
14 26 17 5
2 11 12 6
4 17 6 7
22 31 6 7
16 31 13 6
0 17 20 5
15 33 7 7
4 28 14 6
8 24 21 5
9 29 8 7
9 14 15 6
25 33 15 6
5 29 10 7
11 18 12 7
6 34 20 6
14 21 20 6
20 30 22 6
3 12 24 6
23 31 24 6
(421 201)

Arvore 127
0 1 5 5
3 10 10 5
3 16 10 5
4 9 12 5
18 20 5 6
19 28 6 6
13 17 14 5
0 15 7 6
17 24 7 6
26 32 7 6
0 7 8 6
24 34 16 5
11 14 9 6
11 31 9 6
14 26 17 5
3 27 10 6
2 11 12 6
0 17 20 5
16 31 13 6
8 24 21 5
22 31 6 7
4 28 14 6
4 26 22 5
24 31 22 5
15 33 7 7
25 33 15 6
9 29 8 7
5 29 10 7
11 18 12 7
6 34 20 6
14 21 20 6
20 30 22 6
3 12 24 6
23 31 24 6
(444 198)

Arvore 128
0 1 5 5
3 10 10 5
3 16 10 5
4 9 12 5
18 20 5 6
19 28 6 6
13 17 14 5
0 15 7 6
17 24 7 6
26 32 7 6
0 7 8 6
24 34 16 5
11 14 9 6
11 31 9 6
14 26 17 5
3 27 10 6
2 11 12 6
0 17 20 5
16 31 13 6
8 24 21 5
4 17 6 7
22 31 6 7
4 28 14 6
4 26 22 5
24 33 15 6
25 33 15 6
9 29 8 7
5 29 10 7
11 18 12 7
6 34 20 6
14 21 20 6
20 30 22 6
3 12 24 6
23 31 24 6
(436 199)

Arvore 129
0 1 5 5
3 10 10 5
3 16 10 5
4 9 12 5
13 17 14 5
24 34 16 5
18 20 5 6
14 26 17 5
19 28 6 6
0 15 7 6
17 24 7 6
26 32 7 6
0 7 8 6
0 17 20 5
11 14 9 6
11 31 9 6
8 24 21 5
3 27 10 6
4 26 22 5
24 31 22 5
2 11 12 6
3 26 25 5
9 19 25 5
24 33 15 6
25 33 15 6
7 22 16 6
9 29 8 7
6 34 20 6
14 21 20 6
20 28 21 6
5 29 10 7
20 30 22 6
3 12 24 6
23 31 24 6
(494 193)

Arvore 130
0 1 5 5
3 10 10 5
3 16 10 5
4 9 12 5
13 17 14 5
24 34 16 5
14 26 17 5
18 20 5 6
19 28 6 6
0 17 20 5
0 15 7 6
17 24 7 6
26 32 7 6
8 24 21 5
0 7 8 6
4 26 22 5
24 31 22 5
11 14 9 6
11 31 9 6
3 27 10 6
3 26 25 5
9 19 25 5
1 2 95 0
24 33 15 6
25 33 15 6
7 22 16 6
6 34 20 6
14 21 20 6
20 28 21 6
9 29 8 7
20 30 22 6
5 29 10 7
3 12 24 6
23 31 24 6
(577 187)

Arvore 131
0 1 5 5
3 10 10 5
3 16 10 5
4 9 12 5
13 17 14 5
24 34 16 5
14 26 17 5
18 20 5 6
19 28 6 6
0 17 20 5
0 15 7 6
26 32 7 6
8 24 21 5
0 7 8 6
4 26 22 5
24 31 22 5
11 14 9 6
11 31 9 6
3 27 10 6
8 17 24 5
3 26 25 5
9 19 25 5
2 11 12 6
14 33 27 5
25 33 15 6
7 22 16 6
6 34 20 6
14 21 20 6
20 28 21 6
9 29 8 7
20 30 22 6
5 29 10 7
3 12 24 6
23 31 24 6
(523 191)

Arvore 132
0 1 5 5
3 10 10 5
3 16 10 5
4 9 12 5
13 17 14 5
24 34 16 5
14 26 17 5
18 20 5 6
19 28 6 6
0 17 20 5
0 15 7 6
17 24 7 6
26 32 7 6
8 24 21 5
0 7 8 6
4 26 22 5
24 31 22 5
11 14 9 6
11 31 9 6
3 27 10 6
9 19 25 5
1 2 95 0
16 31 13 6
24 33 15 6
25 33 15 6
7 22 16 6
6 34 20 6
14 21 20 6
20 28 21 6
9 29 8 7
20 30 22 6
5 29 10 7
3 12 24 6
23 31 24 6
(565 188)

Arvore 133
0 1 5 5
3 10 10 5
3 16 10 5
4 9 12 5
13 17 14 5
24 34 16 5
14 26 17 5
18 20 5 6
19 28 6 6
0 17 20 5
0 15 7 6
17 24 7 6
26 32 7 6
8 24 21 5
0 7 8 6
4 26 22 5
24 31 22 5
11 14 9 6
11 31 9 6
3 27 10 6
1 2 95 0
16 31 13 6
4 28 14 6
24 33 15 6
25 33 15 6
7 22 16 6
6 34 20 6
14 21 20 6
20 28 21 6
9 29 8 7
20 30 22 6
5 29 10 7
3 12 24 6
23 31 24 6
(554 189)

Arvore 134
0 1 5 5
3 10 10 5
3 16 10 5
4 9 12 5
13 17 14 5
24 34 16 5
14 26 17 5
18 20 5 6
19 28 6 6
0 17 20 5
0 15 7 6
17 24 7 6
26 32 7 6
8 24 21 5
0 7 8 6
4 26 22 5
24 31 22 5
11 14 9 6
11 31 9 6
3 27 10 6
1 2 95 0
16 31 13 6
4 28 14 6
24 33 15 6
25 33 15 6
22 31 6 7
6 34 20 6
14 21 20 6
20 28 21 6
9 29 8 7
20 30 22 6
5 29 10 7
3 12 24 6
23 31 24 6
(544 190)

