Fim da primeira fase ... 
0
Fim da segunda fase ... 
13173
131.73
Total: 131.73
Suportadas = 33
Nao suportadas = 98
TOTAL DE SOLUCOES = 131

SUPORTADAS: 

Arvore 1
0 2 0 92
0 1 8 8
5 26 8 8
10 14 8 10
11 13 8 10
17 22 8 11
3 15 8 12
18 22 8 13
21 31 8 13
11 32 8 15
36 41 8 16
19 41 8 17
0 21 8 18
7 39 8 18
18 39 8 18
0 22 8 19
4 32 8 20
16 25 8 20
23 34 8 20
15 21 8 22
12 36 8 23
14 17 8 25
3 30 9 8
12 29 9 9
20 36 9 9
26 40 9 9
5 38 9 10
9 19 9 10
24 39 9 10
34 41 9 10
14 38 9 11
15 41 9 11
16 31 9 12
13 24 9 13
3 37 9 14
6 28 9 14
1 8 9 16
11 28 9 16
6 33 9 17
27 29 9 19
9 35 9 20
(339 666)

Arvore 2
0 2 0 92
0 1 8 8
5 26 8 8
10 14 8 10
11 13 8 10
17 22 8 11
3 15 8 12
18 22 8 13
21 31 8 13
11 32 8 15
36 41 8 16
19 41 8 17
0 21 8 18
7 39 8 18
18 39 8 18
0 22 8 19
3 30 9 8
4 32 8 20
16 25 8 20
23 34 8 20
12 29 9 9
20 36 9 9
26 40 9 9
5 38 9 10
9 19 9 10
24 39 9 10
34 41 9 10
15 21 8 22
14 38 9 11
15 41 9 11
12 36 8 23
16 31 9 12
13 24 9 13
14 34 9 13
3 37 9 14
6 28 9 14
1 8 9 16
11 28 9 16
6 33 9 17
27 29 9 19
11 35 10 8
(341 642)

Arvore 3
0 1 8 8
5 26 8 8
10 14 8 10
11 13 8 10
17 22 8 11
3 15 8 12
18 22 8 13
21 31 8 13
11 32 8 15
36 41 8 16
0 2 0 92
19 41 8 17
3 30 9 8
0 21 8 18
7 39 8 18
18 39 8 18
12 29 9 9
20 36 9 9
26 40 9 9
0 22 8 19
5 38 9 10
9 19 9 10
24 39 9 10
34 41 9 10
4 32 8 20
16 25 8 20
23 34 8 20
14 38 9 11
15 41 9 11
2 30 9 12
16 31 9 12
13 24 9 13
14 34 9 13
12 36 8 23
3 37 9 14
6 28 9 14
1 8 9 16
11 28 9 16
6 33 9 17
11 35 10 8
27 29 9 19
(342 632)

Arvore 4
0 1 8 8
5 26 8 8
10 14 8 10
11 13 8 10
17 22 8 11
3 15 8 12
18 22 8 13
21 31 8 13
3 30 9 8
11 32 8 15
12 29 9 9
20 36 9 9
26 40 9 9
36 41 8 16
5 38 9 10
9 19 9 10
24 39 9 10
34 41 9 10
19 41 8 17
14 38 9 11
15 41 9 11
0 21 8 18
7 39 8 18
18 39 8 18
2 30 9 12
16 31 9 12
0 22 8 19
13 24 9 13
14 34 9 13
23 25 9 13
4 32 8 20
16 25 8 20
23 34 8 20
3 37 9 14
6 28 9 14
11 35 10 8
1 8 9 16
11 28 9 16
12 36 8 23
6 33 9 17
27 29 9 19
(351 553)

Arvore 5
0 1 8 8
5 26 8 8
10 14 8 10
11 13 8 10
17 22 8 11
3 15 8 12
18 22 8 13
21 31 8 13
3 30 9 8
12 29 9 9
20 36 9 9
26 40 9 9
11 32 8 15
5 38 9 10
9 19 9 10
24 39 9 10
34 41 9 10
36 41 8 16
14 38 9 11
15 41 9 11
19 41 8 17
2 30 9 12
16 31 9 12
0 21 8 18
7 39 8 18
18 39 8 18
13 24 9 13
14 34 9 13
23 25 9 13
11 35 10 8
0 22 8 19
1 41 9 14
3 37 9 14
6 28 9 14
4 32 8 20
16 25 8 20
1 8 9 16
11 28 9 16
6 33 9 17
12 36 8 23
27 29 9 19
(352 547)

Arvore 6
0 1 8 8
5 26 8 8
10 14 8 10
11 13 8 10
17 22 8 11
3 15 8 12
3 30 9 8
18 22 8 13
21 31 8 13
12 29 9 9
20 36 9 9
26 40 9 9
5 38 9 10
9 19 9 10
24 39 9 10
34 41 9 10
11 32 8 15
14 38 9 11
15 41 9 11
36 41 8 16
2 30 9 12
16 31 9 12
19 41 8 17
11 35 10 8
18 35 10 8
13 24 9 13
14 34 9 13
23 25 9 13
0 21 8 18
7 39 8 18
13 37 10 9
1 41 9 14
3 37 9 14
6 28 9 14
4 10 9 15
16 25 8 20
1 8 9 16
11 28 9 16
6 33 9 17
12 36 8 23
27 29 9 19
(357 522)

Arvore 7
0 1 8 8
5 26 8 8
10 14 8 10
11 13 8 10
17 22 8 11
3 15 8 12
3 30 9 8
18 22 8 13
21 31 8 13
12 29 9 9
20 36 9 9
26 40 9 9
5 38 9 10
9 19 9 10
24 39 9 10
34 41 9 10
11 32 8 15
14 38 9 11
15 41 9 11
36 41 8 16
2 30 9 12
16 31 9 12
11 35 10 8
18 35 10 8
19 41 8 17
13 24 9 13
14 34 9 13
23 25 9 13
13 37 10 9
0 21 8 18
7 39 8 18
1 41 9 14
3 37 9 14
6 28 9 14
4 10 9 15
16 25 8 20
1 8 9 16
11 28 9 16
6 33 9 17
12 30 11 10
27 29 9 19
(360 509)

Arvore 8
0 1 8 8
5 26 8 8
10 14 8 10
11 13 8 10
17 22 8 11
3 30 9 8
3 15 8 12
12 29 9 9
20 36 9 9
26 40 9 9
18 22 8 13
21 31 8 13
5 38 9 10
9 19 9 10
24 39 9 10
34 41 9 10
14 38 9 11
15 41 9 11
11 32 8 15
11 35 10 8
18 35 10 8
2 30 9 12
16 31 9 12
36 41 8 16
13 37 10 9
13 24 9 13
14 34 9 13
23 25 9 13
19 41 8 17
14 32 10 10
31 39 10 10
1 41 9 14
6 28 9 14
7 39 8 18
4 10 9 15
1 8 9 16
11 28 9 16
16 25 8 20
6 33 9 17
12 30 11 10
27 29 9 19
(363 497)

Arvore 9
0 1 8 8
5 26 8 8
10 14 8 10
11 13 8 10
17 22 8 11
3 30 9 8
3 15 8 12
12 29 9 9
20 36 9 9
26 40 9 9
18 22 8 13
21 31 8 13
5 38 9 10
9 19 9 10
24 39 9 10
34 41 9 10
14 38 9 11
15 41 9 11
11 32 8 15
11 35 10 8
18 35 10 8
2 30 9 12
16 31 9 12
36 41 8 16
13 37 10 9
13 24 9 13
14 34 9 13
23 25 9 13
19 41 8 17
14 32 10 10
31 39 10 10
1 41 9 14
6 28 9 14
7 39 8 18
4 10 9 15
1 8 9 16
11 28 9 16
23 36 11 9
6 33 9 17
12 30 11 10
27 29 9 19
(366 486)

Arvore 10
0 1 8 8
5 26 8 8
10 14 8 10
11 13 8 10
17 22 8 11
3 30 9 8
3 15 8 12
12 29 9 9
20 36 9 9
26 40 9 9
18 22 8 13
21 31 8 13
5 38 9 10
9 19 9 10
24 39 9 10
34 41 9 10
14 38 9 11
15 41 9 11
11 35 10 8
18 35 10 8
11 32 8 15
2 30 9 12
16 31 9 12
13 37 10 9
36 41 8 16
13 24 9 13
14 34 9 13
23 25 9 13
14 32 10 10
31 39 10 10
19 41 8 17
1 41 9 14
6 28 9 14
7 24 10 11
4 19 11 8
23 36 11 9
1 8 9 16
11 28 9 16
12 30 11 10
6 33 9 17
27 29 9 19
(370 472)

Arvore 11
0 1 8 8
5 26 8 8
10 14 8 10
11 13 8 10
3 30 9 8
17 22 8 11
12 29 9 9
20 36 9 9
26 40 9 9
3 15 8 12
5 38 9 10
9 19 9 10
24 39 9 10
34 41 9 10
18 22 8 13
21 31 8 13
11 35 10 8
18 35 10 8
14 38 9 11
15 41 9 11
13 37 10 9
2 30 9 12
16 31 9 12
11 32 8 15
14 32 10 10
31 39 10 10
13 24 9 13
14 34 9 13
23 25 9 13
36 41 8 16
4 19 11 8
7 24 10 11
1 41 9 14
6 28 9 14
19 41 8 17
23 36 11 9
6 38 11 10
12 30 11 10
1 8 9 16
22 33 11 11
14 27 11 13
(376 454)

Arvore 12
0 1 8 8
5 26 8 8
10 14 8 10
11 13 8 10
3 30 9 8
17 22 8 11
12 29 9 9
20 36 9 9
26 40 9 9
3 15 8 12
5 38 9 10
9 19 9 10
24 39 9 10
34 41 9 10
11 35 10 8
18 35 10 8
18 22 8 13
21 31 8 13
14 38 9 11
15 41 9 11
13 37 10 9
2 30 9 12
16 31 9 12
14 32 10 10
31 39 10 10
11 32 8 15
4 19 11 8
13 24 9 13
14 34 9 13
23 25 9 13
7 24 10 11
36 41 8 16
0 15 11 9
23 36 11 9
6 28 9 14
19 37 10 12
6 38 11 10
12 30 11 10
22 33 11 11
1 8 9 16
14 27 11 13
(380 444)

Arvore 13
0 1 8 8
5 26 8 8
3 30 9 8
10 14 8 10
11 13 8 10
12 29 9 9
20 36 9 9
26 40 9 9
17 22 8 11
11 35 10 8
18 35 10 8
5 38 9 10
9 19 9 10
24 39 9 10
34 41 9 10
3 15 8 12
13 37 10 9
14 38 9 11
15 41 9 11
18 22 8 13
21 31 8 13
4 19 11 8
14 32 10 10
31 39 10 10
2 30 9 12
16 31 9 12
0 15 11 9
23 36 11 9
7 24 10 11
31 40 10 11
13 24 9 13
14 34 9 13
23 25 9 13
6 38 11 10
12 30 11 10
19 37 10 12
6 28 9 14
36 41 8 16
22 33 11 11
8 12 12 10
10 27 13 9
(387 430)

Arvore 14
0 1 8 8
5 26 8 8
3 30 9 8
10 14 8 10
11 13 8 10
12 29 9 9
20 36 9 9
26 40 9 9
17 22 8 11
11 35 10 8
18 35 10 8
5 38 9 10
9 19 9 10
24 39 9 10
34 41 9 10
3 15 8 12
13 37 10 9
14 38 9 11
15 41 9 11
4 19 11 8
18 22 8 13
21 31 8 13
14 32 10 10
31 39 10 10
2 30 9 12
16 31 9 12
0 15 11 9
23 36 11 9
7 24 10 11
31 40 10 11
13 24 9 13
14 34 9 13
23 25 9 13
6 38 11 10
12 30 11 10
19 37 10 12
6 28 9 14
4 20 11 11
22 33 11 11
8 12 12 10
10 27 13 9
(390 425)

Arvore 15
0 1 8 8
5 26 8 8
3 30 9 8
10 14 8 10
11 13 8 10
12 29 9 9
20 36 9 9
26 40 9 9
11 35 10 8
18 35 10 8
17 22 8 11
5 38 9 10
9 19 9 10
24 39 9 10
34 41 9 10
13 37 10 9
3 15 8 12
4 19 11 8
14 38 9 11
15 41 9 11
14 32 10 10
31 39 10 10
18 22 8 13
21 31 8 13
0 15 11 9
23 36 11 9
2 30 9 12
16 31 9 12
7 24 10 11
31 40 10 11
0 38 11 10
6 38 11 10
12 30 11 10
13 24 9 13
23 25 9 13
2 19 12 9
4 20 11 11
22 33 11 11
6 28 9 14
8 12 12 10
10 27 13 9
(394 419)

Arvore 16
0 1 8 8
5 26 8 8
3 30 9 8
10 14 8 10
11 13 8 10
12 29 9 9
20 36 9 9
26 40 9 9
11 35 10 8
18 35 10 8
17 22 8 11
5 38 9 10
9 19 9 10
24 39 9 10
34 41 9 10
13 37 10 9
4 19 11 8
3 15 8 12
14 38 9 11
15 41 9 11
14 32 10 10
31 39 10 10
0 15 11 9
23 36 11 9
18 22 8 13
21 31 8 13
2 30 9 12
16 31 9 12
7 24 10 11
31 40 10 11
0 38 11 10
6 38 11 10
12 30 11 10
0 11 12 9
2 19 12 9
23 25 9 13
4 20 11 11
22 33 11 11
8 12 12 10
28 39 12 10
10 27 13 9
(400 411)

Arvore 17
0 1 8 8
5 26 8 8
3 30 9 8
11 35 10 8
18 35 10 8
12 29 9 9
20 36 9 9
26 40 9 9
10 14 8 10
11 13 8 10
4 19 11 8
13 37 10 9
5 38 9 10
9 19 9 10
24 39 9 10
34 41 9 10
17 22 8 11
0 15 11 9
23 36 11 9
14 32 10 10
31 39 10 10
14 38 9 11
15 41 9 11
3 15 8 12
1 7 13 8
16 32 13 8
22 35 13 8
0 11 12 9
2 19 12 9
6 15 12 9
12 21 12 9
0 38 11 10
12 30 11 10
7 24 10 11
2 30 9 12
3 25 13 9
10 27 13 9
19 36 13 9
8 12 12 10
28 39 12 10
22 33 11 11
(423 388)

Arvore 18
0 1 8 8
5 26 8 8
3 30 9 8
11 35 10 8
18 35 10 8
12 29 9 9
20 36 9 9
26 40 9 9
10 14 8 10
11 13 8 10
4 19 11 8
13 37 10 9
5 38 9 10
9 19 9 10
24 39 9 10
34 41 9 10
17 22 8 11
0 15 11 9
23 36 11 9
14 32 10 10
31 39 10 10
1 7 13 8
16 32 13 8
22 35 13 8
14 38 9 11
15 41 9 11
0 11 12 9
2 19 12 9
6 15 12 9
12 21 12 9
3 15 8 12
0 38 11 10
12 30 11 10
7 24 10 11
3 25 13 9
9 34 13 9
10 27 13 9
19 36 13 9
8 12 12 10
28 39 12 10
22 33 11 11
(427 385)

Arvore 19
0 1 8 8
5 26 8 8
3 30 9 8
11 35 10 8
18 35 10 8
12 29 9 9
20 36 9 9
26 40 9 9
4 19 11 8
10 14 8 10
11 13 8 10
13 37 10 9
5 38 9 10
9 19 9 10
24 39 9 10
34 41 9 10
0 15 11 9
23 36 11 9
1 7 13 8
16 32 13 8
22 35 13 8
17 22 8 11
14 32 10 10
31 39 10 10
0 11 12 9
2 19 12 9
6 15 12 9
12 21 12 9
3 11 14 8
14 38 9 11
15 41 9 11
0 38 11 10
12 30 11 10
3 25 13 9
9 34 13 9
10 27 13 9
19 36 13 9
7 24 10 11
8 12 12 10
28 39 12 10
22 33 11 11
(433 381)

Arvore 20
0 1 8 8
5 26 8 8
3 30 9 8
11 35 10 8
18 35 10 8
4 19 11 8
12 29 9 9
20 36 9 9
26 40 9 9
13 37 10 9
10 14 8 10
11 13 8 10
1 7 13 8
16 32 13 8
22 35 13 8
0 15 11 9
23 36 11 9
5 38 9 10
9 19 9 10
24 39 9 10
34 41 9 10
3 11 14 8
0 11 12 9
2 19 12 9
6 15 12 9
12 21 12 9
14 32 10 10
31 39 10 10
17 22 8 11
5 12 15 8
3 25 13 9
9 34 13 9
10 27 13 9
19 36 13 9
0 38 11 10
14 38 9 11
15 41 9 11
8 15 14 9
23 24 14 9
24 28 14 9
22 33 11 11
(445 375)

Arvore 21
0 1 8 8
5 26 8 8
3 30 9 8
11 35 10 8
18 35 10 8
4 19 11 8
12 29 9 9
20 36 9 9
26 40 9 9
13 37 10 9
1 7 13 8
16 32 13 8
22 35 13 8
10 14 8 10
11 13 8 10
0 15 11 9
23 36 11 9
3 11 14 8
5 38 9 10
9 19 9 10
24 39 9 10
34 41 9 10
0 11 12 9
2 19 12 9
6 15 12 9
12 21 12 9
5 12 15 8
14 32 10 10
31 39 10 10
3 25 13 9
9 34 13 9
10 27 13 9
19 36 13 9
17 22 8 11
0 38 11 10
8 15 14 9
23 24 14 9
24 28 14 9
31 32 14 9
14 38 9 11
22 33 11 11
(450 373)

Arvore 22
0 1 8 8
5 26 8 8
3 30 9 8
11 35 10 8
18 35 10 8
4 19 11 8
12 29 9 9
20 36 9 9
26 40 9 9
1 7 13 8
16 32 13 8
22 35 13 8
13 37 10 9
3 11 14 8
0 15 11 9
23 36 11 9
5 12 15 8
10 14 8 10
11 13 8 10
0 11 12 9
2 19 12 9
6 15 12 9
12 21 12 9
5 38 9 10
9 19 9 10
24 39 9 10
34 41 9 10
3 25 13 9
9 34 13 9
10 27 13 9
19 36 13 9
14 32 10 10
31 39 10 10
8 15 14 9
23 24 14 9
24 28 14 9
31 32 14 9
0 38 11 10
17 22 8 11
0 32 12 10
4 33 17 9
(459 370)

Arvore 23
0 1 8 8
5 26 8 8
3 30 9 8
11 35 10 8
18 35 10 8
4 19 11 8
1 7 13 8
16 32 13 8
22 35 13 8
12 29 9 9
20 36 9 9
26 40 9 9
3 11 14 8
13 37 10 9
5 12 15 8
0 15 11 9
23 36 11 9
0 11 12 9
2 19 12 9
6 15 12 9
12 21 12 9
10 14 8 10
11 13 8 10
9 41 17 8
3 25 13 9
9 34 13 9
10 27 13 9
19 36 13 9
5 38 9 10
9 19 9 10
24 39 9 10
8 15 14 9
23 24 14 9
24 28 14 9
31 32 14 9
14 32 10 10
31 39 10 10
0 38 11 10
0 32 12 10
17 22 8 11
4 33 17 9
(467 368)

Arvore 24
0 1 8 8
5 26 8 8
3 30 9 8
11 35 10 8
18 35 10 8
4 19 11 8
1 7 13 8
16 32 13 8
22 35 13 8
12 29 9 9
20 36 9 9
26 40 9 9
3 11 14 8
13 37 10 9
5 12 15 8
0 15 11 9
23 36 11 9
0 11 12 9
2 19 12 9
6 15 12 9
12 21 12 9
9 41 17 8
10 14 8 10
11 13 8 10
3 25 13 9
9 34 13 9
10 27 13 9
19 36 13 9
5 38 9 10
9 19 9 10
24 39 9 10
8 15 14 9
23 24 14 9
24 28 14 9
31 32 14 9
14 32 10 10
31 39 10 10
0 38 11 10
0 32 12 10
4 33 17 9
9 17 17 9
(476 366)

Arvore 25
0 1 8 8
5 26 8 8
3 30 9 8
11 35 10 8
18 35 10 8
4 19 11 8
1 7 13 8
16 32 13 8
22 35 13 8
3 11 14 8
12 29 9 9
20 36 9 9
26 40 9 9
5 12 15 8
13 37 10 9
0 15 11 9
23 36 11 9
9 41 17 8
0 11 12 9
2 19 12 9
6 15 12 9
12 21 12 9
3 25 13 9
9 34 13 9
10 27 13 9
19 36 13 9
10 14 8 10
11 13 8 10
8 15 14 9
23 24 14 9
24 28 14 9
31 32 14 9
5 38 9 10
9 19 9 10
24 39 9 10
10 19 15 9
14 32 10 10
8 29 16 9
4 33 17 9
9 17 17 9
0 32 12 10
(486 364)

Arvore 26
0 1 8 8
5 26 8 8
3 30 9 8
11 35 10 8
18 35 10 8
4 19 11 8
1 7 13 8
16 32 13 8
22 35 13 8
3 11 14 8
5 12 15 8
12 29 9 9
20 36 9 9
26 40 9 9
13 37 10 9
9 41 17 8
0 15 11 9
23 36 11 9
0 11 12 9
2 19 12 9
6 15 12 9
12 21 12 9
3 25 13 9
9 34 13 9
10 27 13 9
19 36 13 9
8 15 14 9
23 24 14 9
24 28 14 9
31 32 14 9
10 14 8 10
11 13 8 10
10 19 15 9
5 38 9 10
9 19 9 10
24 39 9 10
8 29 16 9
14 32 10 10
4 33 17 9
9 17 17 9
21 28 24 8
(498 362)

Arvore 27
0 1 8 8
5 26 8 8
3 30 9 8
11 35 10 8
18 35 10 8
4 19 11 8
1 7 13 8
16 32 13 8
22 35 13 8
3 11 14 8
5 12 15 8
9 41 17 8
12 29 9 9
20 36 9 9
26 40 9 9
13 37 10 9
0 15 11 9
23 36 11 9
0 11 12 9
2 19 12 9
6 15 12 9
12 21 12 9
3 25 13 9
9 34 13 9
10 27 13 9
19 36 13 9
10 24 22 8
8 15 14 9
23 24 14 9
24 28 14 9
31 32 14 9
21 28 24 8
8 29 16 9
10 14 8 10
11 13 8 10
4 33 17 9
9 17 17 9
5 38 9 10
9 19 9 10
24 39 9 10
14 32 10 10
(505 361)

Arvore 28
0 1 8 8
5 26 8 8
3 30 9 8
11 35 10 8
18 35 10 8
4 19 11 8
1 7 13 8
16 32 13 8
22 35 13 8
3 11 14 8
5 12 15 8
9 41 17 8
12 29 9 9
20 36 9 9
26 40 9 9
13 37 10 9
0 15 11 9
23 36 11 9
0 11 12 9
2 19 12 9
6 15 12 9
12 21 12 9
3 25 13 9
9 34 13 9
10 27 13 9
19 36 13 9
10 24 22 8
8 15 14 9
23 24 14 9
24 28 14 9
31 32 14 9
1 2 92 0
21 28 24 8
10 14 8 10
11 13 8 10
4 33 17 9
9 17 17 9
5 38 9 10
9 19 9 10
24 39 9 10
14 32 10 10
(581 352)

Arvore 29
0 1 8 8
5 26 8 8
3 30 9 8
11 35 10 8
18 35 10 8
4 19 11 8
1 7 13 8
16 32 13 8
22 35 13 8
3 11 14 8
5 12 15 8
1 2 92 0
9 41 17 8
12 29 9 9
20 36 9 9
26 40 9 9
13 37 10 9
0 15 11 9
23 36 11 9
0 11 12 9
2 19 12 9
6 15 12 9
12 21 12 9
2 36 22 8
10 24 22 8
3 25 13 9
9 34 13 9
10 27 13 9
8 15 14 9
23 24 14 9
24 28 14 9
31 32 14 9
21 28 24 8
4 33 17 9
9 17 17 9
14 23 17 9
11 13 8 10
10 38 18 9
9 19 9 10
24 39 9 10
14 32 10 10
(608 349)

Arvore 30
0 1 8 8
5 26 8 8
1 2 92 0
3 30 9 8
11 35 10 8
18 35 10 8
4 19 11 8
1 7 13 8
16 32 13 8
22 35 13 8
3 11 14 8
5 12 15 8
9 41 17 8
12 29 9 9
20 36 9 9
26 40 9 9
13 37 10 9
0 15 11 9
23 36 11 9
2 36 22 8
10 24 22 8
0 11 12 9
2 19 12 9
6 15 12 9
12 21 12 9
25 30 23 8
9 34 13 9
10 27 13 9
21 28 24 8
8 15 14 9
23 24 14 9
24 28 14 9
31 32 14 9
4 33 17 9
9 17 17 9
14 23 17 9
10 38 18 9
11 13 8 10
35 41 19 9
24 39 9 10
14 32 10 10
(628 347)

Arvore 31
1 2 92 0
0 1 8 8
5 26 8 8
3 30 9 8
11 35 10 8
18 35 10 8
4 19 11 8
1 7 13 8
16 32 13 8
22 35 13 8
3 11 14 8
5 12 15 8
9 41 17 8
12 29 9 9
20 36 9 9
26 40 9 9
2 36 22 8
10 24 22 8
13 37 10 9
25 30 23 8
0 15 11 9
23 36 11 9
21 28 24 8
0 11 12 9
2 19 12 9
6 15 12 9
12 21 12 9
23 26 25 8
9 34 13 9
10 27 13 9
8 15 14 9
23 24 14 9
31 32 14 9
4 33 17 9
9 17 17 9
14 23 17 9
10 38 18 9
35 41 19 9
33 39 20 9
11 13 8 10
14 32 10 10
(650 345)

Arvore 32
1 2 92 0
0 1 8 8
5 26 8 8
3 30 9 8
11 35 10 8
18 35 10 8
4 19 11 8
1 7 13 8
16 32 13 8
22 35 13 8
3 11 14 8
5 12 15 8
9 41 17 8
2 36 22 8
10 24 22 8
25 30 23 8
21 28 24 8
12 29 9 9
20 36 9 9
26 40 9 9
23 26 25 8
13 37 10 9
0 15 11 9
23 36 11 9
0 11 12 9
2 19 12 9
6 15 12 9
12 21 12 9
9 34 13 9
10 27 13 9
8 15 14 9
23 24 14 9
31 32 14 9
4 33 17 9
9 17 17 9
14 23 17 9
10 38 18 9
35 41 19 9
33 39 20 9
8 31 23 9
11 13 8 10
(663 344)

Arvore 33
1 2 92 0
0 1 8 8
5 26 8 8
3 30 9 8
11 35 10 8
18 35 10 8
4 19 11 8
1 7 13 8
16 32 13 8
22 35 13 8
3 11 14 8
5 12 15 8
9 41 17 8
2 36 22 8
10 24 22 8
25 30 23 8
21 28 24 8
23 26 25 8
26 29 26 8
20 36 9 9
26 40 9 9
13 37 10 9
0 15 11 9
23 36 11 9
0 11 12 9
2 19 12 9
6 15 12 9
12 21 12 9
9 34 13 9
10 27 13 9
8 15 14 9
23 24 14 9
31 32 14 9
4 33 17 9
9 17 17 9
14 23 17 9
10 38 18 9
35 41 19 9
33 39 20 9
8 31 23 9
27 37 25 9
(697 342)


NAO SUPORTADAS: 
Arvore 34
0 2 0 92
0 1 8 8
5 26 8 8
10 14 8 10
11 13 8 10
17 22 8 11
3 15 8 12
18 22 8 13
21 31 8 13
11 32 8 15
36 41 8 16
19 41 8 17
0 21 8 18
7 39 8 18
18 39 8 18
0 22 8 19
3 30 9 8
4 32 8 20
16 25 8 20
23 34 8 20
12 29 9 9
20 36 9 9
26 40 9 9
5 38 9 10
9 19 9 10
24 39 9 10
34 41 9 10
15 21 8 22
14 38 9 11
15 41 9 11
12 36 8 23
16 31 9 12
13 24 9 13
14 17 8 25
3 37 9 14
6 28 9 14
1 8 9 16
11 28 9 16
6 33 9 17
27 29 9 19
11 35 10 8
(340 654)

Arvore 35
0 1 8 8
5 26 8 8
10 14 8 10
11 13 8 10
17 22 8 11
3 15 8 12
18 22 8 13
21 31 8 13
11 32 8 15
36 41 8 16
3 30 9 8
19 41 8 17
12 29 9 9
20 36 9 9
26 40 9 9
0 21 8 18
7 39 8 18
18 39 8 18
5 38 9 10
9 19 9 10
24 39 9 10
34 41 9 10
0 22 8 19
14 38 9 11
15 41 9 11
4 32 8 20
16 25 8 20
23 34 8 20
2 30 9 12
16 31 9 12
13 24 9 13
14 34 9 13
15 21 8 22
3 37 9 14
6 28 9 14
12 36 8 23
1 8 9 16
11 28 9 16
11 35 10 8
6 33 9 17
27 29 9 19
(350 562)

Arvore 36
0 1 8 8
5 26 8 8
10 14 8 10
11 13 8 10
17 22 8 11
3 15 8 12
18 22 8 13
21 31 8 13
11 32 8 15
36 41 8 16
3 30 9 8
19 41 8 17
12 29 9 9
20 36 9 9
26 40 9 9
0 21 8 18
7 39 8 18
18 39 8 18
5 38 9 10
9 19 9 10
24 39 9 10
34 41 9 10
0 22 8 19
14 38 9 11
15 41 9 11
4 32 8 20
16 25 8 20
2 30 9 12
16 31 9 12
0 2 0 92
13 24 9 13
14 34 9 13
23 25 9 13
3 37 9 14
6 28 9 14
12 36 8 23
1 8 9 16
11 28 9 16
11 35 10 8
6 33 9 17
27 29 9 19
(343 625)

Arvore 37
0 1 8 8
5 26 8 8
10 14 8 10
11 13 8 10
17 22 8 11
3 15 8 12
18 22 8 13
21 31 8 13
11 32 8 15
36 41 8 16
3 30 9 8
19 41 8 17
12 29 9 9
20 36 9 9
26 40 9 9
0 21 8 18
7 39 8 18
18 39 8 18
5 38 9 10
9 19 9 10
24 39 9 10
34 41 9 10
0 22 8 19
14 38 9 11
15 41 9 11
4 32 8 20
16 25 8 20
23 34 8 20
2 30 9 12
16 31 9 12
13 24 9 13
15 21 8 22
3 37 9 14
6 28 9 14
12 36 8 23
1 8 9 16
11 28 9 16
14 17 8 25
11 35 10 8
6 33 9 17
27 29 9 19
(349 574)

Arvore 38
0 1 8 8
5 26 8 8
10 14 8 10
11 13 8 10
17 22 8 11
3 15 8 12
18 22 8 13
21 31 8 13
11 32 8 15
36 41 8 16
3 30 9 8
19 41 8 17
12 29 9 9
20 36 9 9
26 40 9 9
0 21 8 18
7 39 8 18
18 39 8 18
5 38 9 10
9 19 9 10
24 39 9 10
34 41 9 10
0 22 8 19
14 38 9 11
15 41 9 11
4 32 8 20
16 25 8 20
2 30 9 12
16 31 9 12
0 2 0 92
14 34 9 13
23 25 9 13
3 37 9 14
6 28 9 14
12 36 8 23
1 8 9 16
11 28 9 16
11 35 10 8
18 35 10 8
6 33 9 17
27 29 9 19
(344 620)

Arvore 39
0 1 8 8
5 26 8 8
10 14 8 10
11 13 8 10
17 22 8 11
3 15 8 12
18 22 8 13
21 31 8 13
11 32 8 15
36 41 8 16
3 30 9 8
19 41 8 17
12 29 9 9
20 36 9 9
26 40 9 9
0 21 8 18
7 39 8 18
18 39 8 18
5 38 9 10
9 19 9 10
24 39 9 10
34 41 9 10
0 22 8 19
14 38 9 11
15 41 9 11
4 32 8 20
16 25 8 20
23 34 8 20
2 30 9 12
16 31 9 12
13 24 9 13
15 21 8 22
3 37 9 14
6 28 9 14
12 36 8 23
1 8 9 16
11 28 9 16
14 17 8 25
6 33 9 17
27 29 9 19
9 35 9 20
(348 586)

Arvore 40
0 1 8 8
5 26 8 8
10 14 8 10
11 13 8 10
17 22 8 11
3 15 8 12
18 22 8 13
21 31 8 13
11 32 8 15
36 41 8 16
3 30 9 8
19 41 8 17
12 29 9 9
20 36 9 9
26 40 9 9
0 21 8 18
7 39 8 18
18 39 8 18
5 38 9 10
9 19 9 10
24 39 9 10
34 41 9 10
0 22 8 19
14 38 9 11
15 41 9 11
23 34 8 20
2 30 9 12
16 31 9 12
0 2 0 92
13 24 9 13
14 34 9 13
23 25 9 13
6 28 9 14
12 36 8 23
4 10 9 15
1 8 9 16
11 28 9 16
11 35 10 8
6 33 9 17
13 37 10 9
27 29 9 19
(345 615)

Arvore 41
0 1 8 8
5 26 8 8
10 14 8 10
11 13 8 10
17 22 8 11
3 15 8 12
18 22 8 13
21 31 8 13
11 32 8 15
36 41 8 16
3 30 9 8
19 41 8 17
12 29 9 9
20 36 9 9
26 40 9 9
0 21 8 18
7 39 8 18
18 39 8 18
5 38 9 10
9 19 9 10
24 39 9 10
34 41 9 10
14 38 9 11
15 41 9 11
4 32 8 20
16 25 8 20
2 30 9 12
16 31 9 12
0 2 0 92
14 34 9 13
23 25 9 13
3 37 9 14
6 28 9 14
12 36 8 23
1 8 9 16
11 28 9 16
11 35 10 8
18 35 10 8
6 33 9 17
13 37 10 9
27 29 9 19
(346 610)

Arvore 42
0 1 8 8
5 26 8 8
10 14 8 10
11 13 8 10
17 22 8 11
3 15 8 12
18 22 8 13
21 31 8 13
11 32 8 15
36 41 8 16
3 30 9 8
19 41 8 17
12 29 9 9
20 36 9 9
26 40 9 9
7 39 8 18
18 39 8 18
5 38 9 10
9 19 9 10
24 39 9 10
34 41 9 10
0 22 8 19
14 38 9 11
15 41 9 11
23 34 8 20
2 30 9 12
16 31 9 12
0 2 0 92
13 24 9 13
14 34 9 13
23 25 9 13
6 28 9 14
21 38 9 14
4 10 9 15
1 8 9 16
11 28 9 16
11 35 10 8
6 33 9 17
13 37 10 9
12 24 9 19
27 29 9 19
(347 607)

Arvore 43
0 1 8 8
5 26 8 8
10 14 8 10
11 13 8 10
17 22 8 11
3 15 8 12
18 22 8 13
21 31 8 13
3 30 9 8
12 29 9 9
20 36 9 9
26 40 9 9
11 32 8 15
5 38 9 10
9 19 9 10
24 39 9 10
34 41 9 10
36 41 8 16
14 38 9 11
15 41 9 11
19 41 8 17
2 30 9 12
16 31 9 12
0 21 8 18
7 39 8 18
13 24 9 13
14 34 9 13
23 25 9 13
11 35 10 8
18 35 10 8
0 22 8 19
1 41 9 14
3 37 9 14
6 28 9 14
4 32 8 20
16 25 8 20
1 8 9 16
11 28 9 16
6 33 9 17
12 36 8 23
27 29 9 19
(354 537)

Arvore 44
0 1 8 8
5 26 8 8
10 14 8 10
11 13 8 10
17 22 8 11
3 15 8 12
18 22 8 13
21 31 8 13
3 30 9 8
12 29 9 9
20 36 9 9
26 40 9 9
11 32 8 15
5 38 9 10
9 19 9 10
24 39 9 10
34 41 9 10
36 41 8 16
14 38 9 11
15 41 9 11
19 41 8 17
2 30 9 12
16 31 9 12
0 21 8 18
7 39 8 18
18 39 8 18
14 34 9 13
23 25 9 13
11 35 10 8
18 35 10 8
0 22 8 19
1 41 9 14
3 37 9 14
6 28 9 14
4 32 8 20
16 25 8 20
1 8 9 16
11 28 9 16
6 33 9 17
12 36 8 23
27 29 9 19
(353 542)

Arvore 45
0 1 8 8
5 26 8 8
10 14 8 10
11 13 8 10
17 22 8 11
3 15 8 12
18 22 8 13
21 31 8 13
3 30 9 8
12 29 9 9
20 36 9 9
26 40 9 9
11 32 8 15
5 38 9 10
9 19 9 10
24 39 9 10
34 41 9 10
36 41 8 16
14 38 9 11
15 41 9 11
19 41 8 17
2 30 9 12
16 31 9 12
0 21 8 18
7 39 8 18
18 39 8 18
14 34 9 13
23 25 9 13
11 35 10 8
18 35 10 8
1 41 9 14
3 37 9 14
6 28 9 14
13 37 10 9
4 32 8 20
16 25 8 20
1 8 9 16
11 28 9 16
6 33 9 17
12 36 8 23
27 29 9 19
(355 532)

Arvore 46
0 1 8 8
5 26 8 8
10 14 8 10
11 13 8 10
17 22 8 11
3 15 8 12
18 22 8 13
21 31 8 13
3 30 9 8
12 29 9 9
20 36 9 9
26 40 9 9
11 32 8 15
5 38 9 10
9 19 9 10
24 39 9 10
34 41 9 10
36 41 8 16
14 38 9 11
15 41 9 11
19 41 8 17
2 30 9 12
16 31 9 12
0 21 8 18
7 39 8 18
13 24 9 13
14 34 9 13
23 25 9 13
11 35 10 8
18 35 10 8
0 22 8 19
1 41 9 14
6 28 9 14
13 37 10 9
16 25 8 20
4 10 9 15
1 8 9 16
11 28 9 16
6 33 9 17
12 36 8 23
27 29 9 19
(356 527)

Arvore 47
0 1 8 8
5 26 8 8
10 14 8 10
11 13 8 10
17 22 8 11
3 15 8 12
3 30 9 8
18 22 8 13
21 31 8 13
12 29 9 9
20 36 9 9
26 40 9 9
5 38 9 10
9 19 9 10
24 39 9 10
34 41 9 10
11 32 8 15
14 38 9 11
15 41 9 11
36 41 8 16
2 30 9 12
16 31 9 12
11 35 10 8
18 35 10 8
19 41 8 17
13 24 9 13
14 34 9 13
23 25 9 13
13 37 10 9
0 21 8 18
7 39 8 18
3 37 9 14
6 28 9 14
21 38 9 14
4 10 9 15
16 25 8 20
1 8 9 16
11 28 9 16
6 33 9 17
12 24 9 19
27 29 9 19
(358 518)

Arvore 48
0 1 8 8
5 26 8 8
10 14 8 10
11 13 8 10
17 22 8 11
3 15 8 12
3 30 9 8
18 22 8 13
21 31 8 13
12 29 9 9
20 36 9 9
26 40 9 9
5 38 9 10
9 19 9 10
24 39 9 10
34 41 9 10
11 32 8 15
14 38 9 11
15 41 9 11
36 41 8 16
2 30 9 12
16 31 9 12
11 35 10 8
18 35 10 8
19 41 8 17
13 24 9 13
14 34 9 13
23 25 9 13
13 37 10 9
0 21 8 18
7 39 8 18
1 41 9 14
6 28 9 14
14 32 10 10
4 10 9 15
23 34 8 20
1 8 9 16
11 28 9 16
6 33 9 17
12 24 9 19
27 29 9 19
(359 514)

Arvore 49
0 1 8 8
5 26 8 8
10 14 8 10
11 13 8 10
17 22 8 11
3 15 8 12
3 30 9 8
18 22 8 13
21 31 8 13
12 29 9 9
20 36 9 9
26 40 9 9
5 38 9 10
9 19 9 10
24 39 9 10
34 41 9 10
11 32 8 15
14 38 9 11
15 41 9 11
36 41 8 16
2 30 9 12
16 31 9 12
11 35 10 8
18 35 10 8
19 41 8 17
13 24 9 13
14 34 9 13
23 25 9 13
13 37 10 9
7 39 8 18
1 41 9 14
3 37 9 14
6 28 9 14
21 38 9 14
4 10 9 15
16 25 8 20
1 8 9 16
11 28 9 16
6 33 9 17
12 30 11 10
27 29 9 19
(361 505)

Arvore 50
0 1 8 8
5 26 8 8
10 14 8 10
11 13 8 10
17 22 8 11
3 15 8 12
3 30 9 8
18 22 8 13
21 31 8 13
12 29 9 9
20 36 9 9
26 40 9 9
5 38 9 10
9 19 9 10
24 39 9 10
34 41 9 10
11 32 8 15
14 38 9 11
15 41 9 11
36 41 8 16
2 30 9 12
16 31 9 12
11 35 10 8
18 35 10 8
19 41 8 17
13 24 9 13
14 34 9 13
23 25 9 13
13 37 10 9
7 39 8 18
1 41 9 14
6 28 9 14
21 38 9 14
14 32 10 10
4 10 9 15
16 25 8 20
1 8 9 16
11 28 9 16
6 33 9 17
12 30 11 10
27 29 9 19
(362 501)

Arvore 51
0 1 8 8
5 26 8 8
10 14 8 10
11 13 8 10
17 22 8 11
3 30 9 8
3 15 8 12
12 29 9 9
20 36 9 9
26 40 9 9
18 22 8 13
21 31 8 13
5 38 9 10
9 19 9 10
24 39 9 10
34 41 9 10
14 38 9 11
15 41 9 11
11 32 8 15
11 35 10 8
18 35 10 8
2 30 9 12
16 31 9 12
36 41 8 16
13 37 10 9
13 24 9 13
14 34 9 13
23 25 9 13
19 41 8 17
14 32 10 10
31 39 10 10
1 41 9 14
6 28 9 14
7 24 10 11
4 10 9 15
1 8 9 16
11 28 9 16
16 25 8 20
6 33 9 17
12 30 11 10
27 29 9 19
(365 490)

Arvore 52
0 1 8 8
5 26 8 8
10 14 8 10
11 13 8 10
17 22 8 11
3 30 9 8
3 15 8 12
12 29 9 9
20 36 9 9
26 40 9 9
18 22 8 13
21 31 8 13
5 38 9 10
9 19 9 10
24 39 9 10
34 41 9 10
14 38 9 11
15 41 9 11
11 32 8 15
11 35 10 8
18 35 10 8
2 30 9 12
16 31 9 12
36 41 8 16
13 37 10 9
13 24 9 13
14 34 9 13
23 25 9 13
19 41 8 17
14 32 10 10
1 41 9 14
6 28 9 14
21 38 9 14
7 39 8 18
4 19 11 8
1 8 9 16
11 28 9 16
16 25 8 20
6 33 9 17
12 30 11 10
27 29 9 19
(364 494)

Arvore 53
0 1 8 8
5 26 8 8
10 14 8 10
11 13 8 10
17 22 8 11
3 30 9 8
3 15 8 12
12 29 9 9
20 36 9 9
26 40 9 9
18 22 8 13
21 31 8 13
5 38 9 10
9 19 9 10
24 39 9 10
34 41 9 10
14 38 9 11
15 41 9 11
11 32 8 15
11 35 10 8
18 35 10 8
2 30 9 12
16 31 9 12
36 41 8 16
13 37 10 9
13 24 9 13
14 34 9 13
23 25 9 13
19 41 8 17
14 32 10 10
31 39 10 10
1 41 9 14
6 28 9 14
7 24 10 11
4 10 9 15
1 8 9 16
11 28 9 16
23 36 11 9
6 33 9 17
12 30 11 10
27 29 9 19
(368 479)

Arvore 54
0 1 8 8
5 26 8 8
10 14 8 10
11 13 8 10
17 22 8 11
3 30 9 8
3 15 8 12
12 29 9 9
20 36 9 9
26 40 9 9
18 22 8 13
21 31 8 13
5 38 9 10
9 19 9 10
24 39 9 10
34 41 9 10
14 38 9 11
15 41 9 11
11 32 8 15
11 35 10 8
18 35 10 8
2 30 9 12
16 31 9 12
36 41 8 16
13 37 10 9
13 24 9 13
14 34 9 13
23 25 9 13
19 41 8 17
14 32 10 10
1 41 9 14
6 28 9 14
21 38 9 14
7 39 8 18
4 19 11 8
1 8 9 16
11 28 9 16
23 36 11 9
6 33 9 17
12 30 11 10
27 29 9 19
(367 483)

Arvore 55
0 1 8 8
5 26 8 8
10 14 8 10
11 13 8 10
17 22 8 11
3 30 9 8
3 15 8 12
12 29 9 9
20 36 9 9
26 40 9 9
18 22 8 13
21 31 8 13
5 38 9 10
9 19 9 10
24 39 9 10
34 41 9 10
14 38 9 11
15 41 9 11
11 32 8 15
11 35 10 8
18 35 10 8
2 30 9 12
16 31 9 12
36 41 8 16
13 37 10 9
13 24 9 13
14 34 9 13
23 25 9 13
19 41 8 17
31 39 10 10
1 41 9 14
6 28 9 14
21 38 9 14
7 24 10 11
4 19 11 8
1 8 9 16
11 28 9 16
23 36 11 9
6 33 9 17
12 30 11 10
27 29 9 19
(369 476)

Arvore 56
0 1 8 8
5 26 8 8
10 14 8 10
11 13 8 10
17 22 8 11
3 30 9 8
3 15 8 12
12 29 9 9
20 36 9 9
26 40 9 9
18 22 8 13
21 31 8 13
5 38 9 10
9 19 9 10
24 39 9 10
34 41 9 10
14 38 9 11
15 41 9 11
11 35 10 8
18 35 10 8
11 32 8 15
2 30 9 12
16 31 9 12
13 37 10 9
36 41 8 16
13 24 9 13
14 34 9 13
23 25 9 13
14 32 10 10
31 39 10 10
19 41 8 17
1 41 9 14
6 28 9 14
7 24 10 11
4 19 11 8
23 36 11 9
1 8 9 16
11 28 9 16
12 30 11 10
22 33 11 11
27 29 9 19
(372 466)

Arvore 57
0 1 8 8
5 26 8 8
10 14 8 10
11 13 8 10
17 22 8 11
3 30 9 8
3 15 8 12
12 29 9 9
20 36 9 9
26 40 9 9
18 22 8 13
21 31 8 13
5 38 9 10
9 19 9 10
24 39 9 10
34 41 9 10
14 38 9 11
15 41 9 11
11 35 10 8
18 35 10 8
11 32 8 15
2 30 9 12
16 31 9 12
13 37 10 9
36 41 8 16
13 24 9 13
14 34 9 13
23 25 9 13
14 32 10 10
31 39 10 10
19 41 8 17
1 41 9 14
6 28 9 14
7 24 10 11
4 19 11 8
23 36 11 9
1 8 9 16
6 38 11 10
12 30 11 10
6 33 9 17
14 27 11 13
(374 460)

Arvore 58
0 1 8 8
5 26 8 8
10 14 8 10
11 13 8 10
17 22 8 11
3 30 9 8
3 15 8 12
12 29 9 9
20 36 9 9
26 40 9 9
18 22 8 13
21 31 8 13
5 38 9 10
9 19 9 10
24 39 9 10
34 41 9 10
14 38 9 11
15 41 9 11
11 35 10 8
18 35 10 8
11 32 8 15
2 30 9 12
16 31 9 12
13 37 10 9
36 41 8 16
13 24 9 13
14 34 9 13
23 25 9 13
14 32 10 10
31 39 10 10
1 41 9 14
6 28 9 14
7 24 10 11
4 19 11 8
4 10 9 15
23 36 11 9
1 8 9 16
11 28 9 16
12 30 11 10
6 33 9 17
27 29 9 19
(371 470)

Arvore 59
0 1 8 8
5 26 8 8
10 14 8 10
11 13 8 10
17 22 8 11
3 30 9 8
3 15 8 12
12 29 9 9
20 36 9 9
26 40 9 9
18 22 8 13
21 31 8 13
5 38 9 10
9 19 9 10
24 39 9 10
34 41 9 10
14 38 9 11
15 41 9 11
11 35 10 8
18 35 10 8
11 32 8 15
2 30 9 12
16 31 9 12
13 37 10 9
36 41 8 16
13 24 9 13
14 34 9 13
23 25 9 13
14 32 10 10
31 39 10 10
1 41 9 14
6 28 9 14
7 24 10 11
4 19 11 8
4 10 9 15
23 36 11 9
1 8 9 16
11 28 9 16
12 30 11 10
6 33 9 17
14 27 11 13
(373 464)

Arvore 60
0 1 8 8
5 26 8 8
10 14 8 10
11 13 8 10
17 22 8 11
3 30 9 8
3 15 8 12
12 29 9 9
20 36 9 9
26 40 9 9
18 22 8 13
21 31 8 13
5 38 9 10
9 19 9 10
24 39 9 10
34 41 9 10
14 38 9 11
15 41 9 11
11 35 10 8
18 35 10 8
11 32 8 15
2 30 9 12
16 31 9 12
13 37 10 9
36 41 8 16
13 24 9 13
14 34 9 13
23 25 9 13
14 32 10 10
31 39 10 10
1 41 9 14
6 28 9 14
7 24 10 11
4 19 11 8
4 10 9 15
23 36 11 9
1 8 9 16
11 28 9 16
12 30 11 10
22 33 11 11
14 27 11 13
(375 458)

Arvore 61
0 1 8 8
5 26 8 8
10 14 8 10
11 13 8 10
3 30 9 8
17 22 8 11
12 29 9 9
20 36 9 9
26 40 9 9
3 15 8 12
5 38 9 10
9 19 9 10
24 39 9 10
34 41 9 10
18 22 8 13
21 31 8 13
11 35 10 8
18 35 10 8
14 38 9 11
15 41 9 11
13 37 10 9
2 30 9 12
16 31 9 12
11 32 8 15
14 32 10 10
31 39 10 10
13 24 9 13
14 34 9 13
23 25 9 13
4 19 11 8
36 41 8 16
7 24 10 11
6 28 9 14
0 15 11 9
23 36 11 9
19 41 8 17
6 38 11 10
12 30 11 10
1 8 9 16
22 33 11 11
14 27 11 13
(378 449)

Arvore 62
0 1 8 8
5 26 8 8
10 14 8 10
11 13 8 10
3 30 9 8
17 22 8 11
12 29 9 9
20 36 9 9
26 40 9 9
3 15 8 12
5 38 9 10
9 19 9 10
24 39 9 10
34 41 9 10
18 22 8 13
21 31 8 13
11 35 10 8
18 35 10 8
14 38 9 11
15 41 9 11
13 37 10 9
2 30 9 12
16 31 9 12
11 32 8 15
14 32 10 10
31 39 10 10
13 24 9 13
14 34 9 13
23 25 9 13
4 19 11 8
36 41 8 16
7 24 10 11
1 41 9 14
6 28 9 14
23 36 11 9
4 10 9 15
6 38 11 10
12 30 11 10
1 8 9 16
22 33 11 11
14 27 11 13
(377 452)

Arvore 63
0 1 8 8
5 26 8 8
10 14 8 10
11 13 8 10
3 30 9 8
17 22 8 11
12 29 9 9
20 36 9 9
26 40 9 9
3 15 8 12
5 38 9 10
9 19 9 10
24 39 9 10
34 41 9 10
18 22 8 13
21 31 8 13
11 35 10 8
18 35 10 8
14 38 9 11
15 41 9 11
13 37 10 9
2 30 9 12
16 31 9 12
11 32 8 15
14 32 10 10
31 39 10 10
13 24 9 13
14 34 9 13
23 25 9 13
4 19 11 8
36 41 8 16
7 24 10 11
6 28 9 14
0 15 11 9
23 36 11 9
4 10 9 15
6 38 11 10
12 30 11 10
1 8 9 16
22 33 11 11
14 27 11 13
(379 447)

Arvore 64
0 1 8 8
5 26 8 8
10 14 8 10
11 13 8 10
3 30 9 8
17 22 8 11
12 29 9 9
20 36 9 9
26 40 9 9
3 15 8 12
5 38 9 10
9 19 9 10
24 39 9 10
34 41 9 10
11 35 10 8
18 35 10 8
18 22 8 13
21 31 8 13
14 38 9 11
15 41 9 11
13 37 10 9
2 30 9 12
16 31 9 12
14 32 10 10
31 39 10 10
4 19 11 8
13 24 9 13
14 34 9 13
23 25 9 13
7 24 10 11
31 40 10 11
0 15 11 9
23 36 11 9
36 41 8 16
6 28 9 14
19 37 10 12
6 38 11 10
12 30 11 10
22 33 11 11
1 8 9 16
14 27 11 13
(382 440)

Arvore 65
0 1 8 8
5 26 8 8
10 14 8 10
11 13 8 10
3 30 9 8
17 22 8 11
12 29 9 9
20 36 9 9
26 40 9 9
3 15 8 12
5 38 9 10
9 19 9 10
24 39 9 10
34 41 9 10
11 35 10 8
18 35 10 8
18 22 8 13
21 31 8 13
14 38 9 11
15 41 9 11
13 37 10 9
2 30 9 12
16 31 9 12
14 32 10 10
31 39 10 10
4 19 11 8
11 32 8 15
14 34 9 13
23 25 9 13
7 24 10 11
31 40 10 11
0 15 11 9
23 36 11 9
36 41 8 16
6 28 9 14
19 37 10 12
6 38 11 10
12 30 11 10
22 33 11 11
1 8 9 16
14 27 11 13
(381 442)

Arvore 66
0 1 8 8
5 26 8 8
10 14 8 10
11 13 8 10
3 30 9 8
17 22 8 11
12 29 9 9
20 36 9 9
26 40 9 9
3 15 8 12
5 38 9 10
9 19 9 10
24 39 9 10
34 41 9 10
11 35 10 8
18 35 10 8
18 22 8 13
21 31 8 13
14 38 9 11
15 41 9 11
13 37 10 9
2 30 9 12
16 31 9 12
14 32 10 10
31 39 10 10
4 19 11 8
13 24 9 13
14 34 9 13
23 25 9 13
7 24 10 11
31 40 10 11
0 15 11 9
23 36 11 9
36 41 8 16
6 28 9 14
19 37 10 12
6 38 11 10
12 30 11 10
22 33 11 11
8 12 12 10
14 27 11 13
(385 434)

Arvore 67
0 1 8 8
5 26 8 8
10 14 8 10
11 13 8 10
3 30 9 8
17 22 8 11
12 29 9 9
20 36 9 9
26 40 9 9
3 15 8 12
5 38 9 10
9 19 9 10
24 39 9 10
34 41 9 10
11 35 10 8
18 35 10 8
18 22 8 13
21 31 8 13
14 38 9 11
15 41 9 11
13 37 10 9
2 30 9 12
16 31 9 12
14 32 10 10
31 39 10 10
4 19 11 8
11 32 8 15
13 24 9 13
14 34 9 13
23 25 9 13
7 24 10 11
0 15 11 9
23 36 11 9
36 41 8 16
6 28 9 14
19 37 10 12
6 38 11 10
12 30 11 10
22 33 11 11
8 12 12 10
14 27 11 13
(383 438)

Arvore 68
0 1 8 8
5 26 8 8
10 14 8 10
11 13 8 10
3 30 9 8
17 22 8 11
12 29 9 9
20 36 9 9
26 40 9 9
3 15 8 12
5 38 9 10
9 19 9 10
24 39 9 10
34 41 9 10
11 35 10 8
18 35 10 8
18 22 8 13
21 31 8 13
14 38 9 11
15 41 9 11
13 37 10 9
2 30 9 12
16 31 9 12
14 32 10 10
31 39 10 10
4 19 11 8
11 32 8 15
14 34 9 13
23 25 9 13
7 24 10 11
31 40 10 11
0 15 11 9
23 36 11 9
36 41 8 16
6 28 9 14
19 37 10 12
6 38 11 10
12 30 11 10
22 33 11 11
8 12 12 10
14 27 11 13
(384 436)

Arvore 69
0 1 8 8
5 26 8 8
10 14 8 10
11 13 8 10
3 30 9 8
17 22 8 11
12 29 9 9
20 36 9 9
26 40 9 9
3 15 8 12
5 38 9 10
9 19 9 10
24 39 9 10
34 41 9 10
11 35 10 8
18 35 10 8
18 22 8 13
21 31 8 13
14 38 9 11
15 41 9 11
13 37 10 9
2 30 9 12
16 31 9 12
14 32 10 10
31 39 10 10
4 19 11 8
11 32 8 15
14 34 9 13
23 25 9 13
7 24 10 11
31 40 10 11
0 15 11 9
23 36 11 9
36 41 8 16
6 28 9 14
19 37 10 12
6 38 11 10
12 30 11 10
22 33 11 11
8 12 12 10
10 27 13 9
(386 432)

Arvore 70
0 1 8 8
5 26 8 8
3 30 9 8
10 14 8 10
11 13 8 10
12 29 9 9
20 36 9 9
26 40 9 9
17 22 8 11
11 35 10 8
18 35 10 8
5 38 9 10
9 19 9 10
24 39 9 10
34 41 9 10
3 15 8 12
13 37 10 9
14 38 9 11
15 41 9 11
18 22 8 13
21 31 8 13
4 19 11 8
14 32 10 10
31 39 10 10
2 30 9 12
16 31 9 12
0 15 11 9
23 36 11 9
7 24 10 11
31 40 10 11
13 24 9 13
23 25 9 13
0 38 11 10
6 38 11 10
12 30 11 10
19 37 10 12
6 28 9 14
36 41 8 16
22 33 11 11
8 12 12 10
10 27 13 9
(389 427)

Arvore 71
0 1 8 8
5 26 8 8
3 30 9 8
10 14 8 10
11 13 8 10
12 29 9 9
20 36 9 9
26 40 9 9
17 22 8 11
11 35 10 8
18 35 10 8
5 38 9 10
9 19 9 10
24 39 9 10
34 41 9 10
3 15 8 12
13 37 10 9
14 38 9 11
15 41 9 11
18 22 8 13
21 31 8 13
4 19 11 8
14 32 10 10
31 39 10 10
2 30 9 12
16 31 9 12
0 15 11 9
23 36 11 9
7 24 10 11
31 40 10 11
14 34 9 13
23 25 9 13
11 32 8 15
6 38 11 10
12 30 11 10
6 28 9 14
2 19 12 9
36 41 8 16
22 33 11 11
8 12 12 10
10 27 13 9
(388 429)

Arvore 72
0 1 8 8
5 26 8 8
3 30 9 8
10 14 8 10
11 13 8 10
12 29 9 9
20 36 9 9
26 40 9 9
17 22 8 11
11 35 10 8
18 35 10 8
5 38 9 10
9 19 9 10
24 39 9 10
34 41 9 10
3 15 8 12
13 37 10 9
14 38 9 11
15 41 9 11
4 19 11 8
18 22 8 13
21 31 8 13
14 32 10 10
31 39 10 10
2 30 9 12
16 31 9 12
0 15 11 9
23 36 11 9
7 24 10 11
31 40 10 11
13 24 9 13
23 25 9 13
0 38 11 10
6 38 11 10
12 30 11 10
19 37 10 12
6 28 9 14
4 20 11 11
22 33 11 11
8 12 12 10
10 27 13 9
(392 422)

Arvore 73
0 1 8 8
5 26 8 8
3 30 9 8
10 14 8 10
11 13 8 10
12 29 9 9
20 36 9 9
26 40 9 9
17 22 8 11
11 35 10 8
18 35 10 8
5 38 9 10
9 19 9 10
24 39 9 10
34 41 9 10
3 15 8 12
13 37 10 9
14 38 9 11
15 41 9 11
4 19 11 8
18 22 8 13
21 31 8 13
14 32 10 10
31 39 10 10
2 30 9 12
16 31 9 12
0 15 11 9
23 36 11 9
7 24 10 11
31 40 10 11
13 24 9 13
23 25 9 13
0 38 11 10
6 38 11 10
12 30 11 10
2 19 12 9
6 28 9 14
22 33 11 11
36 41 8 16
8 12 12 10
10 27 13 9
(391 424)

Arvore 74
0 1 8 8
5 26 8 8
3 30 9 8
10 14 8 10
11 13 8 10
12 29 9 9
20 36 9 9
26 40 9 9
17 22 8 11
11 35 10 8
18 35 10 8
5 38 9 10
9 19 9 10
24 39 9 10
34 41 9 10
3 15 8 12
13 37 10 9
14 38 9 11
15 41 9 11
4 19 11 8
18 22 8 13
21 31 8 13
14 32 10 10
31 39 10 10
2 30 9 12
16 31 9 12
0 15 11 9
23 36 11 9
7 24 10 11
31 40 10 11
13 24 9 13
23 25 9 13
6 38 11 10
12 30 11 10
19 37 10 12
0 11 12 9
6 28 9 14
4 20 11 11
22 33 11 11
8 12 12 10
10 27 13 9
(393 421)

Arvore 75
0 1 8 8
5 26 8 8
3 30 9 8
10 14 8 10
11 13 8 10
12 29 9 9
20 36 9 9
26 40 9 9
11 35 10 8
18 35 10 8
17 22 8 11
5 38 9 10
9 19 9 10
24 39 9 10
34 41 9 10
13 37 10 9
3 15 8 12
4 19 11 8
14 38 9 11
15 41 9 11
14 32 10 10
31 39 10 10
18 22 8 13
21 31 8 13
0 15 11 9
23 36 11 9
2 30 9 12
16 31 9 12
7 24 10 11
31 40 10 11
0 38 11 10
6 38 11 10
12 30 11 10
23 25 9 13
0 11 12 9
2 19 12 9
4 20 11 11
22 33 11 11
6 28 9 14
8 12 12 10
10 27 13 9
(397 415)

Arvore 76
0 1 8 8
5 26 8 8
3 30 9 8
10 14 8 10
11 13 8 10
12 29 9 9
20 36 9 9
26 40 9 9
11 35 10 8
18 35 10 8
17 22 8 11
5 38 9 10
9 19 9 10
24 39 9 10
34 41 9 10
13 37 10 9
3 15 8 12
4 19 11 8
14 38 9 11
15 41 9 11
14 32 10 10
31 39 10 10
18 22 8 13
21 31 8 13
0 15 11 9
23 36 11 9
2 30 9 12
16 31 9 12
7 24 10 11
31 40 10 11
0 38 11 10
6 38 11 10
12 30 11 10
23 25 9 13
2 19 12 9
14 37 10 12
4 20 11 11
22 33 11 11
6 28 9 14
8 12 12 10
10 27 13 9
(395 418)

Arvore 77
0 1 8 8
5 26 8 8
3 30 9 8
10 14 8 10
11 13 8 10
12 29 9 9
20 36 9 9
26 40 9 9
11 35 10 8
18 35 10 8
17 22 8 11
5 38 9 10
9 19 9 10
24 39 9 10
34 41 9 10
13 37 10 9
3 15 8 12
4 19 11 8
14 38 9 11
15 41 9 11
14 32 10 10
31 39 10 10
18 22 8 13
21 31 8 13
0 15 11 9
23 36 11 9
2 30 9 12
16 31 9 12
7 24 10 11
31 40 10 11
0 38 11 10
6 38 11 10
12 30 11 10
23 25 9 13
2 19 12 9
19 37 10 12
4 20 11 11
22 33 11 11
8 12 12 10
28 39 12 10
10 27 13 9
(398 414)

Arvore 78
0 1 8 8
5 26 8 8
3 30 9 8
10 14 8 10
11 13 8 10
12 29 9 9
20 36 9 9
26 40 9 9
11 35 10 8
18 35 10 8
17 22 8 11
5 38 9 10
9 19 9 10
24 39 9 10
34 41 9 10
13 37 10 9
3 15 8 12
4 19 11 8
14 38 9 11
15 41 9 11
14 32 10 10
31 39 10 10
18 22 8 13
21 31 8 13
0 15 11 9
23 36 11 9
2 30 9 12
16 31 9 12
7 24 10 11
31 40 10 11
0 38 11 10
13 24 9 13
23 25 9 13
2 19 12 9
6 15 12 9
12 21 12 9
4 20 11 11
22 33 11 11
6 28 9 14
8 12 12 10
10 27 13 9
(396 417)

Arvore 79
0 1 8 8
5 26 8 8
3 30 9 8
10 14 8 10
11 13 8 10
12 29 9 9
20 36 9 9
26 40 9 9
11 35 10 8
18 35 10 8
17 22 8 11
5 38 9 10
9 19 9 10
24 39 9 10
34 41 9 10
13 37 10 9
3 15 8 12
4 19 11 8
14 38 9 11
15 41 9 11
14 32 10 10
31 39 10 10
18 22 8 13
21 31 8 13
0 15 11 9
23 36 11 9
2 30 9 12
16 31 9 12
7 24 10 11
31 40 10 11
6 38 11 10
13 24 9 13
23 25 9 13
0 11 12 9
2 19 12 9
12 21 12 9
4 20 11 11
22 33 11 11
8 12 12 10
28 39 12 10
10 27 13 9
(399 413)

Arvore 80
0 1 8 8
5 26 8 8
3 30 9 8
10 14 8 10
11 13 8 10
12 29 9 9
20 36 9 9
26 40 9 9
11 35 10 8
18 35 10 8
17 22 8 11
5 38 9 10
9 19 9 10
24 39 9 10
34 41 9 10
13 37 10 9
4 19 11 8
3 15 8 12
14 38 9 11
15 41 9 11
14 32 10 10
31 39 10 10
0 15 11 9
23 36 11 9
21 31 8 13
2 30 9 12
16 31 9 12
7 24 10 11
31 40 10 11
0 38 11 10
6 38 11 10
12 30 11 10
0 11 12 9
2 19 12 9
22 35 13 8
23 25 9 13
4 20 11 11
22 33 11 11
8 12 12 10
28 39 12 10
10 27 13 9
(405 406)

Arvore 81
0 1 8 8
5 26 8 8
3 30 9 8
10 14 8 10
11 13 8 10
12 29 9 9
20 36 9 9
26 40 9 9
11 35 10 8
18 35 10 8
17 22 8 11
5 38 9 10
9 19 9 10
24 39 9 10
34 41 9 10
13 37 10 9
4 19 11 8
3 15 8 12
14 38 9 11
15 41 9 11
14 32 10 10
31 39 10 10
0 15 11 9
23 36 11 9
18 22 8 13
2 30 9 12
16 31 9 12
7 24 10 11
31 40 10 11
0 38 11 10
6 38 11 10
12 30 11 10
0 11 12 9
2 19 12 9
12 21 12 9
23 25 9 13
4 20 11 11
22 33 11 11
8 12 12 10
28 39 12 10
10 27 13 9
(404 407)

Arvore 82
0 1 8 8
5 26 8 8
3 30 9 8
10 14 8 10
11 13 8 10
12 29 9 9
20 36 9 9
26 40 9 9
11 35 10 8
18 35 10 8
17 22 8 11
5 38 9 10
9 19 9 10
24 39 9 10
34 41 9 10
13 37 10 9
4 19 11 8
3 15 8 12
14 38 9 11
15 41 9 11
14 32 10 10
31 39 10 10
0 15 11 9
23 36 11 9
18 22 8 13
21 31 8 13
2 30 9 12
16 31 9 12
7 24 10 11
0 38 11 10
6 38 11 10
12 30 11 10
0 11 12 9
2 19 12 9
12 21 12 9
23 25 9 13
4 20 11 11
22 33 11 11
8 12 12 10
28 39 12 10
10 27 13 9
(402 409)

Arvore 83
0 1 8 8
5 26 8 8
3 30 9 8
10 14 8 10
11 13 8 10
12 29 9 9
20 36 9 9
26 40 9 9
11 35 10 8
18 35 10 8
17 22 8 11
5 38 9 10
9 19 9 10
24 39 9 10
34 41 9 10
13 37 10 9
4 19 11 8
3 15 8 12
14 38 9 11
15 41 9 11
14 32 10 10
31 39 10 10
0 15 11 9
23 36 11 9
18 22 8 13
21 31 8 13
2 30 9 12
16 31 9 12
7 24 10 11
31 40 10 11
6 38 11 10
12 30 11 10
0 11 12 9
2 19 12 9
6 15 12 9
23 25 9 13
4 20 11 11
22 33 11 11
8 12 12 10
28 39 12 10
10 27 13 9
(401 410)

Arvore 84
0 1 8 8
5 26 8 8
3 30 9 8
10 14 8 10
11 13 8 10
12 29 9 9
20 36 9 9
26 40 9 9
11 35 10 8
18 35 10 8
17 22 8 11
5 38 9 10
9 19 9 10
24 39 9 10
34 41 9 10
13 37 10 9
4 19 11 8
3 15 8 12
14 38 9 11
15 41 9 11
14 32 10 10
31 39 10 10
0 15 11 9
23 36 11 9
18 22 8 13
2 30 9 12
16 31 9 12
7 24 10 11
0 38 11 10
6 38 11 10
12 30 11 10
0 11 12 9
2 19 12 9
12 21 12 9
1 7 13 8
23 25 9 13
4 20 11 11
22 33 11 11
8 12 12 10
28 39 12 10
10 27 13 9
(407 404)

Arvore 85
0 1 8 8
5 26 8 8
3 30 9 8
10 14 8 10
11 13 8 10
12 29 9 9
20 36 9 9
26 40 9 9
11 35 10 8
18 35 10 8
17 22 8 11
5 38 9 10
9 19 9 10
24 39 9 10
34 41 9 10
13 37 10 9
4 19 11 8
3 15 8 12
14 38 9 11
15 41 9 11
14 32 10 10
31 39 10 10
0 15 11 9
23 36 11 9
18 22 8 13
21 31 8 13
2 30 9 12
16 31 9 12
31 40 10 11
0 38 11 10
6 38 11 10
12 30 11 10
0 11 12 9
2 19 12 9
1 7 13 8
23 25 9 13
4 20 11 11
22 33 11 11
8 12 12 10
28 39 12 10
10 27 13 9
(403 408)

Arvore 86
0 1 8 8
5 26 8 8
3 30 9 8
10 14 8 10
11 13 8 10
12 29 9 9
20 36 9 9
26 40 9 9
11 35 10 8
18 35 10 8
17 22 8 11
5 38 9 10
9 19 9 10
24 39 9 10
34 41 9 10
13 37 10 9
4 19 11 8
3 15 8 12
14 38 9 11
15 41 9 11
14 32 10 10
31 39 10 10
0 15 11 9
23 36 11 9
18 22 8 13
2 30 9 12
7 24 10 11
31 40 10 11
0 38 11 10
6 38 11 10
12 30 11 10
0 11 12 9
2 19 12 9
12 21 12 9
16 32 13 8
23 25 9 13
4 20 11 11
22 33 11 11
8 12 12 10
28 39 12 10
10 27 13 9
(408 403)

Arvore 87
0 1 8 8
5 26 8 8
3 30 9 8
10 14 8 10
11 13 8 10
12 29 9 9
20 36 9 9
26 40 9 9
11 35 10 8
18 35 10 8
17 22 8 11
5 38 9 10
9 19 9 10
24 39 9 10
34 41 9 10
13 37 10 9
4 19 11 8
3 15 8 12
14 38 9 11
15 41 9 11
14 32 10 10
31 39 10 10
0 15 11 9
23 36 11 9
18 22 8 13
2 30 9 12
16 31 9 12
7 24 10 11
31 40 10 11
0 38 11 10
12 30 11 10
0 11 12 9
2 19 12 9
6 15 12 9
12 21 12 9
4 20 11 11
22 33 11 11
8 12 12 10
28 39 12 10
3 25 13 9
10 27 13 9
(409 402)

Arvore 88
0 1 8 8
5 26 8 8
3 30 9 8
10 14 8 10
11 13 8 10
12 29 9 9
20 36 9 9
26 40 9 9
11 35 10 8
18 35 10 8
17 22 8 11
5 38 9 10
9 19 9 10
24 39 9 10
34 41 9 10
13 37 10 9
4 19 11 8
3 15 8 12
14 38 9 11
15 41 9 11
14 32 10 10
31 39 10 10
0 15 11 9
23 36 11 9
18 22 8 13
2 30 9 12
16 31 9 12
7 24 10 11
0 38 11 10
6 38 11 10
12 30 11 10
0 11 12 9
2 19 12 9
12 21 12 9
1 7 13 8
4 20 11 11
22 33 11 11
8 12 12 10
28 39 12 10
3 25 13 9
10 27 13 9
(411 400)

Arvore 89
0 1 8 8
5 26 8 8
3 30 9 8
10 14 8 10
11 13 8 10
12 29 9 9
20 36 9 9
26 40 9 9
11 35 10 8
18 35 10 8
17 22 8 11
5 38 9 10
9 19 9 10
24 39 9 10
34 41 9 10
13 37 10 9
4 19 11 8
3 15 8 12
14 38 9 11
15 41 9 11
14 32 10 10
31 39 10 10
0 15 11 9
23 36 11 9
21 31 8 13
2 30 9 12
16 31 9 12
7 24 10 11
31 40 10 11
0 38 11 10
6 38 11 10
0 11 12 9
2 19 12 9
12 21 12 9
22 35 13 8
23 25 9 13
4 20 11 11
22 33 11 11
8 12 12 10
28 39 12 10
10 27 13 9
(406 405)

Arvore 90
0 1 8 8
5 26 8 8
3 30 9 8
10 14 8 10
11 13 8 10
12 29 9 9
20 36 9 9
26 40 9 9
11 35 10 8
18 35 10 8
17 22 8 11
5 38 9 10
9 19 9 10
24 39 9 10
34 41 9 10
13 37 10 9
4 19 11 8
3 15 8 12
14 38 9 11
15 41 9 11
14 32 10 10
31 39 10 10
0 15 11 9
23 36 11 9
18 22 8 13
2 30 9 12
16 31 9 12
7 24 10 11
6 38 11 10
12 30 11 10
0 11 12 9
2 19 12 9
6 15 12 9
12 21 12 9
1 7 13 8
4 20 11 11
22 33 11 11
8 12 12 10
28 39 12 10
3 25 13 9
10 27 13 9
(412 399)

Arvore 91
0 1 8 8
5 26 8 8
3 30 9 8
10 14 8 10
11 13 8 10
12 29 9 9
20 36 9 9
26 40 9 9
11 35 10 8
18 35 10 8
17 22 8 11
5 38 9 10
9 19 9 10
24 39 9 10
34 41 9 10
13 37 10 9
4 19 11 8
3 15 8 12
14 38 9 11
15 41 9 11
14 32 10 10
31 39 10 10
0 15 11 9
23 36 11 9
18 22 8 13
2 30 9 12
16 31 9 12
7 24 10 11
6 38 11 10
12 30 11 10
0 11 12 9
2 19 12 9
12 21 12 9
1 7 13 8
16 32 13 8
4 20 11 11
22 33 11 11
8 12 12 10
28 39 12 10
3 25 13 9
10 27 13 9
(413 398)

Arvore 92
0 1 8 8
5 26 8 8
3 30 9 8
10 14 8 10
11 13 8 10
12 29 9 9
20 36 9 9
26 40 9 9
11 35 10 8
18 35 10 8
17 22 8 11
5 38 9 10
9 19 9 10
24 39 9 10
34 41 9 10
13 37 10 9
4 19 11 8
3 15 8 12
14 38 9 11
15 41 9 11
14 32 10 10
31 39 10 10
0 15 11 9
23 36 11 9
18 22 8 13
2 30 9 12
16 31 9 12
7 24 10 11
0 38 11 10
12 30 11 10
0 11 12 9
2 19 12 9
6 15 12 9
12 21 12 9
1 7 13 8
23 25 9 13
22 33 11 11
8 12 12 10
28 39 12 10
3 25 13 9
10 27 13 9
(410 401)

Arvore 93
0 1 8 8
5 26 8 8
3 30 9 8
10 14 8 10
11 13 8 10
12 29 9 9
20 36 9 9
26 40 9 9
11 35 10 8
18 35 10 8
17 22 8 11
5 38 9 10
9 19 9 10
24 39 9 10
34 41 9 10
13 37 10 9
4 19 11 8
3 15 8 12
14 38 9 11
15 41 9 11
14 32 10 10
31 39 10 10
0 15 11 9
23 36 11 9
21 31 8 13
2 30 9 12
16 31 9 12
31 40 10 11
0 38 11 10
6 38 11 10
12 30 11 10
0 11 12 9
2 19 12 9
1 7 13 8
22 35 13 8
22 33 11 11
8 12 12 10
28 39 12 10
3 25 13 9
10 27 13 9
19 36 13 9
(414 397)

Arvore 94
0 1 8 8
5 26 8 8
3 30 9 8
10 14 8 10
11 13 8 10
12 29 9 9
20 36 9 9
26 40 9 9
11 35 10 8
18 35 10 8
17 22 8 11
5 38 9 10
9 19 9 10
24 39 9 10
34 41 9 10
13 37 10 9
4 19 11 8
3 15 8 12
14 38 9 11
15 41 9 11
14 32 10 10
31 39 10 10
0 15 11 9
23 36 11 9
21 31 8 13
2 30 9 12
16 31 9 12
31 40 10 11
0 38 11 10
6 38 11 10
0 11 12 9
2 19 12 9
12 21 12 9
1 7 13 8
22 35 13 8
22 33 11 11
8 12 12 10
28 39 12 10
3 25 13 9
10 27 13 9
19 36 13 9
(415 396)

Arvore 95
0 1 8 8
5 26 8 8
3 30 9 8
10 14 8 10
11 13 8 10
12 29 9 9
20 36 9 9
26 40 9 9
11 35 10 8
18 35 10 8
17 22 8 11
5 38 9 10
9 19 9 10
24 39 9 10
34 41 9 10
13 37 10 9
4 19 11 8
3 15 8 12
14 38 9 11
15 41 9 11
14 32 10 10
31 39 10 10
0 15 11 9
23 36 11 9
2 30 9 12
31 40 10 11
0 38 11 10
6 38 11 10
12 30 11 10
0 11 12 9
2 19 12 9
12 21 12 9
1 7 13 8
16 32 13 8
22 35 13 8
23 25 9 13
4 20 11 11
22 33 11 11
8 12 12 10
28 39 12 10
10 27 13 9
(416 395)

Arvore 96
0 1 8 8
5 26 8 8
3 30 9 8
10 14 8 10
11 13 8 10
12 29 9 9
20 36 9 9
26 40 9 9
11 35 10 8
18 35 10 8
17 22 8 11
5 38 9 10
9 19 9 10
24 39 9 10
34 41 9 10
13 37 10 9
4 19 11 8
3 15 8 12
14 38 9 11
15 41 9 11
14 32 10 10
31 39 10 10
0 15 11 9
23 36 11 9
2 30 9 12
7 24 10 11
31 40 10 11
0 38 11 10
6 38 11 10
12 30 11 10
0 11 12 9
2 19 12 9
12 21 12 9
16 32 13 8
22 35 13 8
4 20 11 11
22 33 11 11
8 12 12 10
28 39 12 10
3 25 13 9
10 27 13 9
(417 394)

Arvore 97
0 1 8 8
5 26 8 8
3 30 9 8
10 14 8 10
11 13 8 10
12 29 9 9
20 36 9 9
26 40 9 9
11 35 10 8
18 35 10 8
17 22 8 11
5 38 9 10
9 19 9 10
24 39 9 10
34 41 9 10
13 37 10 9
4 19 11 8
3 15 8 12
14 38 9 11
15 41 9 11
14 32 10 10
31 39 10 10
0 15 11 9
23 36 11 9
2 30 9 12
7 24 10 11
31 40 10 11
0 38 11 10
6 38 11 10
12 30 11 10
0 11 12 9
2 19 12 9
12 21 12 9
16 32 13 8
22 35 13 8
22 33 11 11
8 12 12 10
28 39 12 10
3 25 13 9
10 27 13 9
19 36 13 9
(419 392)

Arvore 98
0 1 8 8
5 26 8 8
3 30 9 8
10 14 8 10
11 13 8 10
12 29 9 9
20 36 9 9
26 40 9 9
11 35 10 8
18 35 10 8
17 22 8 11
5 38 9 10
9 19 9 10
24 39 9 10
34 41 9 10
13 37 10 9
4 19 11 8
3 15 8 12
14 38 9 11
15 41 9 11
14 32 10 10
31 39 10 10
0 15 11 9
23 36 11 9
2 30 9 12
31 40 10 11
6 38 11 10
12 30 11 10
0 11 12 9
2 19 12 9
6 15 12 9
12 21 12 9
1 7 13 8
16 32 13 8
22 35 13 8
4 20 11 11
22 33 11 11
8 12 12 10
28 39 12 10
3 25 13 9
10 27 13 9
(421 390)

Arvore 99
0 1 8 8
5 26 8 8
3 30 9 8
10 14 8 10
11 13 8 10
12 29 9 9
20 36 9 9
26 40 9 9
11 35 10 8
18 35 10 8
17 22 8 11
5 38 9 10
9 19 9 10
24 39 9 10
34 41 9 10
13 37 10 9
4 19 11 8
3 15 8 12
14 38 9 11
15 41 9 11
14 32 10 10
31 39 10 10
0 15 11 9
23 36 11 9
2 30 9 12
31 40 10 11
0 38 11 10
6 38 11 10
12 30 11 10
0 11 12 9
2 19 12 9
12 21 12 9
1 7 13 8
16 32 13 8
22 35 13 8
4 20 11 11
22 33 11 11
8 12 12 10
28 39 12 10
3 25 13 9
10 27 13 9
(420 391)

Arvore 100
0 1 8 8
5 26 8 8
3 30 9 8
10 14 8 10
11 13 8 10
12 29 9 9
20 36 9 9
26 40 9 9
11 35 10 8
18 35 10 8
17 22 8 11
5 38 9 10
9 19 9 10
24 39 9 10
34 41 9 10
13 37 10 9
4 19 11 8
3 15 8 12
14 38 9 11
15 41 9 11
14 32 10 10
31 39 10 10
0 15 11 9
23 36 11 9
2 30 9 12
31 40 10 11
0 38 11 10
6 38 11 10
12 30 11 10
0 11 12 9
2 19 12 9
12 21 12 9
1 7 13 8
16 32 13 8
22 35 13 8
23 25 9 13
22 33 11 11
8 12 12 10
28 39 12 10
3 25 13 9
10 27 13 9
(418 393)

Arvore 101
0 1 8 8
5 26 8 8
3 30 9 8
10 14 8 10
11 13 8 10
12 29 9 9
20 36 9 9
26 40 9 9
11 35 10 8
18 35 10 8
17 22 8 11
5 38 9 10
9 19 9 10
24 39 9 10
34 41 9 10
13 37 10 9
4 19 11 8
3 15 8 12
14 38 9 11
15 41 9 11
14 32 10 10
31 39 10 10
0 15 11 9
23 36 11 9
2 30 9 12
31 40 10 11
0 38 11 10
6 38 11 10
12 30 11 10
0 11 12 9
2 19 12 9
12 21 12 9
1 7 13 8
16 32 13 8
22 35 13 8
22 33 11 11
8 12 12 10
28 39 12 10
3 25 13 9
10 27 13 9
19 36 13 9
(422 389)

Arvore 102
0 1 8 8
5 26 8 8
3 30 9 8
11 35 10 8
18 35 10 8
12 29 9 9
20 36 9 9
26 40 9 9
10 14 8 10
11 13 8 10
4 19 11 8
13 37 10 9
5 38 9 10
9 19 9 10
24 39 9 10
34 41 9 10
17 22 8 11
0 15 11 9
23 36 11 9
14 32 10 10
31 39 10 10
14 38 9 11
15 41 9 11
1 7 13 8
16 32 13 8
22 35 13 8
3 15 8 12
0 11 12 9
2 19 12 9
6 15 12 9
12 21 12 9
12 30 11 10
7 24 10 11
31 40 10 11
3 25 13 9
9 34 13 9
10 27 13 9
19 36 13 9
8 12 12 10
28 39 12 10
22 33 11 11
(426 386)

Arvore 103
0 1 8 8
5 26 8 8
3 30 9 8
11 35 10 8
18 35 10 8
12 29 9 9
20 36 9 9
26 40 9 9
10 14 8 10
11 13 8 10
4 19 11 8
13 37 10 9
5 38 9 10
9 19 9 10
24 39 9 10
34 41 9 10
17 22 8 11
0 15 11 9
23 36 11 9
14 32 10 10
31 39 10 10
14 38 9 11
15 41 9 11
1 7 13 8
16 32 13 8
22 35 13 8
3 15 8 12
0 11 12 9
2 19 12 9
6 15 12 9
12 21 12 9
0 38 11 10
12 30 11 10
31 40 10 11
2 30 9 12
3 25 13 9
10 27 13 9
19 36 13 9
8 12 12 10
22 33 11 11
24 28 14 9
(425 387)

Arvore 104
0 1 8 8
5 26 8 8
3 30 9 8
11 35 10 8
18 35 10 8
12 29 9 9
20 36 9 9
26 40 9 9
10 14 8 10
11 13 8 10
4 19 11 8
13 37 10 9
5 38 9 10
9 19 9 10
24 39 9 10
34 41 9 10
17 22 8 11
0 15 11 9
23 36 11 9
14 32 10 10
31 39 10 10
1 7 13 8
16 32 13 8
22 35 13 8
14 38 9 11
15 41 9 11
0 11 12 9
2 19 12 9
6 15 12 9
12 21 12 9
3 15 8 12
6 38 11 10
12 30 11 10
7 24 10 11
3 25 13 9
9 34 13 9
10 27 13 9
19 36 13 9
28 39 12 10
22 33 11 11
8 15 14 9
(429 384)

Arvore 105
0 1 8 8
5 26 8 8
3 30 9 8
11 35 10 8
18 35 10 8
12 29 9 9
20 36 9 9
26 40 9 9
10 14 8 10
11 13 8 10
4 19 11 8
13 37 10 9
5 38 9 10
9 19 9 10
24 39 9 10
34 41 9 10
17 22 8 11
0 15 11 9
23 36 11 9
14 32 10 10
31 39 10 10
1 7 13 8
16 32 13 8
22 35 13 8
14 38 9 11
15 41 9 11
0 11 12 9
2 19 12 9
12 21 12 9
0 38 11 10
6 38 11 10
12 30 11 10
3 11 14 8
7 24 10 11
3 25 13 9
9 34 13 9
10 27 13 9
19 36 13 9
8 12 12 10
28 39 12 10
22 33 11 11
(432 382)

Arvore 106
0 1 8 8
5 26 8 8
3 30 9 8
11 35 10 8
18 35 10 8
12 29 9 9
20 36 9 9
26 40 9 9
10 14 8 10
11 13 8 10
4 19 11 8
13 37 10 9
5 38 9 10
9 19 9 10
24 39 9 10
34 41 9 10
17 22 8 11
0 15 11 9
23 36 11 9
14 32 10 10
31 39 10 10
1 7 13 8
16 32 13 8
22 35 13 8
14 38 9 11
15 41 9 11
0 11 12 9
2 19 12 9
6 15 12 9
12 21 12 9
3 15 8 12
0 38 11 10
12 30 11 10
31 40 10 11
3 25 13 9
9 34 13 9
10 27 13 9
19 36 13 9
22 33 11 11
8 15 14 9
24 28 14 9
(431 383)

Arvore 107
0 1 8 8
5 26 8 8
3 30 9 8
11 35 10 8
18 35 10 8
12 29 9 9
20 36 9 9
26 40 9 9
4 19 11 8
10 14 8 10
11 13 8 10
13 37 10 9
5 38 9 10
9 19 9 10
24 39 9 10
34 41 9 10
0 15 11 9
23 36 11 9
1 7 13 8
16 32 13 8
22 35 13 8
17 22 8 11
14 32 10 10
31 39 10 10
0 11 12 9
2 19 12 9
6 15 12 9
12 21 12 9
3 11 14 8
14 38 9 11
15 41 9 11
0 38 11 10
3 25 13 9
9 34 13 9
10 27 13 9
19 36 13 9
5 12 15 8
7 24 10 11
8 12 12 10
28 39 12 10
22 33 11 11
(437 379)

Arvore 108
0 1 8 8
5 26 8 8
3 30 9 8
11 35 10 8
18 35 10 8
12 29 9 9
20 36 9 9
26 40 9 9
4 19 11 8
10 14 8 10
11 13 8 10
13 37 10 9
5 38 9 10
9 19 9 10
24 39 9 10
34 41 9 10
0 15 11 9
23 36 11 9
1 7 13 8
16 32 13 8
22 35 13 8
17 22 8 11
14 32 10 10
31 39 10 10
0 11 12 9
2 19 12 9
6 15 12 9
12 21 12 9
3 11 14 8
14 38 9 11
15 41 9 11
6 38 11 10
12 30 11 10
3 25 13 9
9 34 13 9
10 27 13 9
19 36 13 9
7 24 10 11
28 39 12 10
8 15 14 9
22 33 11 11
(435 380)

Arvore 109
0 1 8 8
5 26 8 8
3 30 9 8
11 35 10 8
18 35 10 8
12 29 9 9
20 36 9 9
26 40 9 9
4 19 11 8
10 14 8 10
11 13 8 10
13 37 10 9
5 38 9 10
9 19 9 10
24 39 9 10
34 41 9 10
0 15 11 9
23 36 11 9
1 7 13 8
16 32 13 8
22 35 13 8
17 22 8 11
14 32 10 10
31 39 10 10
0 11 12 9
2 19 12 9
6 15 12 9
12 21 12 9
3 11 14 8
14 38 9 11
15 41 9 11
0 38 11 10
3 25 13 9
9 34 13 9
10 27 13 9
19 36 13 9
5 12 15 8
7 24 10 11
28 39 12 10
8 15 14 9
22 33 11 11
(439 378)

Arvore 110
0 1 8 8
5 26 8 8
3 30 9 8
11 35 10 8
18 35 10 8
12 29 9 9
20 36 9 9
26 40 9 9
4 19 11 8
10 14 8 10
11 13 8 10
13 37 10 9
5 38 9 10
9 19 9 10
24 39 9 10
34 41 9 10
0 15 11 9
23 36 11 9
1 7 13 8
16 32 13 8
22 35 13 8
17 22 8 11
14 32 10 10
31 39 10 10
0 11 12 9
2 19 12 9
6 15 12 9
12 21 12 9
3 11 14 8
14 38 9 11
15 41 9 11
0 38 11 10
3 25 13 9
9 34 13 9
10 27 13 9
19 36 13 9
5 12 15 8
7 24 10 11
8 15 14 9
24 28 14 9
22 33 11 11
(441 377)

Arvore 111
0 1 8 8
5 26 8 8
3 30 9 8
11 35 10 8
18 35 10 8
12 29 9 9
20 36 9 9
26 40 9 9
4 19 11 8
10 14 8 10
11 13 8 10
13 37 10 9
5 38 9 10
9 19 9 10
24 39 9 10
34 41 9 10
0 15 11 9
23 36 11 9
1 7 13 8
16 32 13 8
22 35 13 8
17 22 8 11
14 32 10 10
31 39 10 10
0 11 12 9
2 19 12 9
6 15 12 9
12 21 12 9
3 11 14 8
14 38 9 11
15 41 9 11
6 38 11 10
3 25 13 9
9 34 13 9
10 27 13 9
19 36 13 9
5 12 15 8
28 39 12 10
8 15 14 9
23 24 14 9
22 33 11 11
(443 376)

Arvore 112
0 1 8 8
5 26 8 8
3 30 9 8
11 35 10 8
18 35 10 8
4 19 11 8
12 29 9 9
20 36 9 9
26 40 9 9
13 37 10 9
10 14 8 10
11 13 8 10
1 7 13 8
16 32 13 8
22 35 13 8
0 15 11 9
23 36 11 9
5 38 9 10
9 19 9 10
24 39 9 10
34 41 9 10
3 11 14 8
0 11 12 9
2 19 12 9
6 15 12 9
12 21 12 9
14 32 10 10
31 39 10 10
5 12 15 8
17 22 8 11
3 25 13 9
9 34 13 9
10 27 13 9
19 36 13 9
0 38 11 10
15 41 9 11
23 24 14 9
24 28 14 9
31 32 14 9
8 12 12 10
22 33 11 11
(448 374)

Arvore 113
0 1 8 8
5 26 8 8
3 30 9 8
11 35 10 8
18 35 10 8
4 19 11 8
12 29 9 9
20 36 9 9
26 40 9 9
13 37 10 9
1 7 13 8
16 32 13 8
22 35 13 8
10 14 8 10
11 13 8 10
0 15 11 9
23 36 11 9
3 11 14 8
5 38 9 10
9 19 9 10
24 39 9 10
34 41 9 10
0 11 12 9
2 19 12 9
6 15 12 9
12 21 12 9
5 12 15 8
14 32 10 10
31 39 10 10
3 25 13 9
9 34 13 9
10 27 13 9
19 36 13 9
17 22 8 11
0 38 11 10
8 15 14 9
23 24 14 9
24 28 14 9
31 32 14 9
14 38 9 11
4 33 17 9
(456 371)

Arvore 114
0 1 8 8
5 26 8 8
3 30 9 8
11 35 10 8
18 35 10 8
4 19 11 8
12 29 9 9
20 36 9 9
26 40 9 9
13 37 10 9
1 7 13 8
16 32 13 8
22 35 13 8
10 14 8 10
11 13 8 10
0 15 11 9
23 36 11 9
3 11 14 8
5 38 9 10
9 19 9 10
24 39 9 10
34 41 9 10
0 11 12 9
2 19 12 9
6 15 12 9
12 21 12 9
5 12 15 8
14 32 10 10
31 39 10 10
3 25 13 9
9 34 13 9
10 27 13 9
19 36 13 9
17 22 8 11
6 38 11 10
8 15 14 9
23 24 14 9
24 28 14 9
31 32 14 9
0 32 12 10
22 33 11 11
(453 372)

Arvore 115
0 1 8 8
5 26 8 8
3 30 9 8
11 35 10 8
18 35 10 8
4 19 11 8
12 29 9 9
20 36 9 9
26 40 9 9
1 7 13 8
16 32 13 8
22 35 13 8
13 37 10 9
3 11 14 8
0 15 11 9
23 36 11 9
5 12 15 8
10 14 8 10
11 13 8 10
0 11 12 9
2 19 12 9
6 15 12 9
12 21 12 9
5 38 9 10
9 19 9 10
24 39 9 10
34 41 9 10
3 25 13 9
10 27 13 9
19 36 13 9
9 41 17 8
14 32 10 10
31 39 10 10
8 15 14 9
23 24 14 9
24 28 14 9
31 32 14 9
0 38 11 10
17 22 8 11
0 32 12 10
4 33 17 9
(463 369)

Arvore 116
0 1 8 8
5 26 8 8
3 30 9 8
11 35 10 8
18 35 10 8
4 19 11 8
1 7 13 8
16 32 13 8
22 35 13 8
12 29 9 9
20 36 9 9
26 40 9 9
3 11 14 8
13 37 10 9
5 12 15 8
0 15 11 9
23 36 11 9
0 11 12 9
2 19 12 9
6 15 12 9
12 21 12 9
10 14 8 10
11 13 8 10
9 41 17 8
3 25 13 9
9 34 13 9
10 27 13 9
19 36 13 9
5 38 9 10
9 19 9 10
24 39 9 10
8 15 14 9
23 24 14 9
24 28 14 9
31 32 14 9
14 32 10 10
31 39 10 10
6 38 11 10
17 22 8 11
4 33 17 9
9 17 17 9
(472 367)

Arvore 117
0 1 8 8
5 26 8 8
3 30 9 8
11 35 10 8
18 35 10 8
4 19 11 8
1 7 13 8
16 32 13 8
22 35 13 8
12 29 9 9
20 36 9 9
26 40 9 9
3 11 14 8
13 37 10 9
5 12 15 8
0 15 11 9
23 36 11 9
0 11 12 9
2 19 12 9
6 15 12 9
12 21 12 9
9 41 17 8
10 14 8 10
11 13 8 10
3 25 13 9
9 34 13 9
10 27 13 9
19 36 13 9
5 38 9 10
9 19 9 10
24 39 9 10
8 15 14 9
23 24 14 9
24 28 14 9
31 32 14 9
31 39 10 10
10 19 15 9
0 38 11 10
0 32 12 10
4 33 17 9
9 17 17 9
(481 365)

Arvore 118
0 1 8 8
5 26 8 8
3 30 9 8
11 35 10 8
18 35 10 8
4 19 11 8
1 7 13 8
16 32 13 8
22 35 13 8
3 11 14 8
12 29 9 9
20 36 9 9
26 40 9 9
5 12 15 8
13 37 10 9
0 15 11 9
23 36 11 9
9 41 17 8
0 11 12 9
2 19 12 9
6 15 12 9
12 21 12 9
3 25 13 9
9 34 13 9
10 27 13 9
19 36 13 9
10 14 8 10
11 13 8 10
8 15 14 9
23 24 14 9
24 28 14 9
31 32 14 9
5 38 9 10
9 19 9 10
24 39 9 10
10 19 15 9
14 32 10 10
8 29 16 9
4 33 17 9
9 17 17 9
10 38 18 9
(492 363)

Arvore 119
0 1 8 8
5 26 8 8
3 30 9 8
11 35 10 8
18 35 10 8
4 19 11 8
1 7 13 8
16 32 13 8
22 35 13 8
3 11 14 8
5 12 15 8
9 41 17 8
12 29 9 9
20 36 9 9
26 40 9 9
13 37 10 9
0 15 11 9
23 36 11 9
0 11 12 9
2 19 12 9
6 15 12 9
12 21 12 9
3 25 13 9
9 34 13 9
10 27 13 9
19 36 13 9
10 24 22 8
8 15 14 9
23 24 14 9
24 28 14 9
31 32 14 9
8 29 16 9
1 2 92 0
10 14 8 10
11 13 8 10
4 33 17 9
9 17 17 9
5 38 9 10
9 19 9 10
24 39 9 10
14 32 10 10
(573 353)

Arvore 120
0 1 8 8
5 26 8 8
3 30 9 8
11 35 10 8
18 35 10 8
4 19 11 8
1 7 13 8
16 32 13 8
22 35 13 8
3 11 14 8
5 12 15 8
9 41 17 8
12 29 9 9
20 36 9 9
26 40 9 9
13 37 10 9
0 15 11 9
23 36 11 9
0 11 12 9
2 19 12 9
6 15 12 9
12 21 12 9
3 25 13 9
9 34 13 9
10 27 13 9
19 36 13 9
10 24 22 8
8 15 14 9
23 24 14 9
24 28 14 9
31 32 14 9
21 28 24 8
21 30 16 9
11 13 8 10
4 33 17 9
9 17 17 9
14 23 17 9
5 38 9 10
9 19 9 10
24 39 9 10
14 32 10 10
(514 360)

Arvore 121
0 1 8 8
5 26 8 8
3 30 9 8
11 35 10 8
18 35 10 8
4 19 11 8
1 7 13 8
16 32 13 8
22 35 13 8
3 11 14 8
5 12 15 8
9 41 17 8
12 29 9 9
20 36 9 9
26 40 9 9
13 37 10 9
0 15 11 9
23 36 11 9
0 11 12 9
2 19 12 9
6 15 12 9
12 21 12 9
3 25 13 9
9 34 13 9
10 27 13 9
2 36 22 8
10 24 22 8
8 15 14 9
23 24 14 9
24 28 14 9
31 32 14 9
21 28 24 8
21 30 16 9
11 13 8 10
4 33 17 9
9 17 17 9
14 23 17 9
5 38 9 10
9 19 9 10
24 39 9 10
14 32 10 10
(523 359)

Arvore 122
0 1 8 8
5 26 8 8
3 30 9 8
11 35 10 8
18 35 10 8
4 19 11 8
1 7 13 8
16 32 13 8
22 35 13 8
3 11 14 8
5 12 15 8
9 41 17 8
12 29 9 9
20 36 9 9
26 40 9 9
13 37 10 9
0 15 11 9
23 36 11 9
0 11 12 9
2 19 12 9
6 15 12 9
12 21 12 9
3 25 13 9
9 34 13 9
10 27 13 9
2 36 22 8
10 24 22 8
8 15 14 9
23 24 14 9
24 28 14 9
31 32 14 9
21 28 24 8
21 30 16 9
11 13 8 10
4 33 17 9
9 17 17 9
14 23 17 9
9 19 9 10
24 39 9 10
10 38 18 9
14 32 10 10
(532 358)

Arvore 123
0 1 8 8
5 26 8 8
3 30 9 8
11 35 10 8
18 35 10 8
4 19 11 8
1 7 13 8
16 32 13 8
22 35 13 8
3 11 14 8
5 12 15 8
9 41 17 8
12 29 9 9
20 36 9 9
26 40 9 9
13 37 10 9
0 15 11 9
23 36 11 9
0 11 12 9
2 19 12 9
6 15 12 9
12 21 12 9
3 25 13 9
9 34 13 9
10 27 13 9
19 36 13 9
8 15 14 9
23 24 14 9
24 28 14 9
31 32 14 9
10 19 15 9
8 29 16 9
1 2 92 0
10 14 8 10
11 13 8 10
4 33 17 9
9 17 17 9
5 38 9 10
9 19 9 10
24 39 9 10
14 32 10 10
(566 354)

Arvore 124
0 1 8 8
5 26 8 8
3 30 9 8
11 35 10 8
18 35 10 8
4 19 11 8
1 7 13 8
16 32 13 8
22 35 13 8
3 11 14 8
5 12 15 8
9 41 17 8
12 29 9 9
20 36 9 9
26 40 9 9
13 37 10 9
0 15 11 9
23 36 11 9
0 11 12 9
2 19 12 9
6 15 12 9
12 21 12 9
9 34 13 9
10 27 13 9
2 36 22 8
10 24 22 8
8 15 14 9
23 24 14 9
24 28 14 9
31 32 14 9
25 30 23 8
21 28 24 8
21 30 16 9
11 13 8 10
4 33 17 9
9 17 17 9
14 23 17 9
9 19 9 10
24 39 9 10
10 38 18 9
14 32 10 10
(542 357)

Arvore 125
0 1 8 8
5 26 8 8
3 30 9 8
11 35 10 8
18 35 10 8
4 19 11 8
1 7 13 8
16 32 13 8
22 35 13 8
3 11 14 8
5 12 15 8
9 41 17 8
12 29 9 9
20 36 9 9
26 40 9 9
13 37 10 9
0 15 11 9
23 36 11 9
0 11 12 9
2 19 12 9
6 15 12 9
12 21 12 9
9 34 13 9
10 27 13 9
2 36 22 8
10 24 22 8
8 15 14 9
23 24 14 9
24 28 14 9
31 32 14 9
25 30 23 8
21 28 24 8
8 29 16 9
11 13 8 10
4 33 17 9
9 17 17 9
14 23 17 9
24 39 9 10
10 38 18 9
14 32 10 10
35 41 19 9
(552 356)

Arvore 126
0 1 8 8
5 26 8 8
3 30 9 8
11 35 10 8
18 35 10 8
4 19 11 8
1 7 13 8
16 32 13 8
22 35 13 8
3 11 14 8
5 12 15 8
9 41 17 8
12 29 9 9
20 36 9 9
26 40 9 9
13 37 10 9
0 15 11 9
23 36 11 9
0 11 12 9
2 19 12 9
6 15 12 9
12 21 12 9
3 25 13 9
9 34 13 9
10 27 13 9
19 36 13 9
8 15 14 9
23 24 14 9
24 28 14 9
31 32 14 9
8 29 16 9
1 2 92 0
10 14 8 10
11 13 8 10
4 33 17 9
9 17 17 9
5 38 9 10
9 19 9 10
24 39 9 10
14 32 10 10
31 39 10 10
(561 355)

Arvore 127
0 1 8 8
5 26 8 8
3 30 9 8
11 35 10 8
18 35 10 8
4 19 11 8
1 7 13 8
16 32 13 8
22 35 13 8
3 11 14 8
5 12 15 8
9 41 17 8
12 29 9 9
20 36 9 9
26 40 9 9
13 37 10 9
0 15 11 9
23 36 11 9
1 2 92 0
0 11 12 9
2 19 12 9
6 15 12 9
12 21 12 9
3 25 13 9
9 34 13 9
10 27 13 9
2 36 22 8
10 24 22 8
8 15 14 9
23 24 14 9
24 28 14 9
31 32 14 9
21 28 24 8
10 14 8 10
11 13 8 10
4 33 17 9
9 17 17 9
5 38 9 10
9 19 9 10
24 39 9 10
14 32 10 10
(590 351)

Arvore 128
0 1 8 8
5 26 8 8
3 30 9 8
11 35 10 8
18 35 10 8
4 19 11 8
1 7 13 8
16 32 13 8
22 35 13 8
3 11 14 8
5 12 15 8
9 41 17 8
12 29 9 9
20 36 9 9
26 40 9 9
13 37 10 9
0 15 11 9
23 36 11 9
1 2 92 0
0 11 12 9
2 19 12 9
6 15 12 9
12 21 12 9
3 25 13 9
9 34 13 9
10 27 13 9
2 36 22 8
10 24 22 8
8 15 14 9
23 24 14 9
24 28 14 9
31 32 14 9
21 28 24 8
11 13 8 10
4 33 17 9
9 17 17 9
14 23 17 9
5 38 9 10
9 19 9 10
24 39 9 10
14 32 10 10
(599 350)

Arvore 129
0 1 8 8
5 26 8 8
3 30 9 8
11 35 10 8
18 35 10 8
4 19 11 8
1 2 92 0
1 7 13 8
16 32 13 8
22 35 13 8
3 11 14 8
5 12 15 8
9 41 17 8
12 29 9 9
20 36 9 9
26 40 9 9
13 37 10 9
0 15 11 9
23 36 11 9
0 11 12 9
2 19 12 9
6 15 12 9
12 21 12 9
2 36 22 8
10 24 22 8
9 34 13 9
10 27 13 9
25 30 23 8
8 15 14 9
23 24 14 9
24 28 14 9
31 32 14 9
21 28 24 8
4 33 17 9
9 17 17 9
14 23 17 9
11 13 8 10
10 38 18 9
9 19 9 10
24 39 9 10
14 32 10 10
(618 348)

Arvore 130
1 2 92 0
0 1 8 8
5 26 8 8
3 30 9 8
11 35 10 8
18 35 10 8
4 19 11 8
1 7 13 8
16 32 13 8
22 35 13 8
3 11 14 8
5 12 15 8
9 41 17 8
12 29 9 9
20 36 9 9
26 40 9 9
13 37 10 9
0 15 11 9
23 36 11 9
2 36 22 8
10 24 22 8
0 11 12 9
2 19 12 9
6 15 12 9
12 21 12 9
25 30 23 8
9 34 13 9
10 27 13 9
21 28 24 8
8 15 14 9
24 28 14 9
31 32 14 9
23 26 25 8
4 33 17 9
9 17 17 9
14 23 17 9
10 38 18 9
11 13 8 10
35 41 19 9
24 39 9 10
14 32 10 10
(639 346)

Arvore 131
1 2 92 0
0 1 8 8
5 26 8 8
3 30 9 8
11 35 10 8
18 35 10 8
4 19 11 8
1 7 13 8
16 32 13 8
22 35 13 8
3 11 14 8
5 12 15 8
9 41 17 8
2 36 22 8
10 24 22 8
25 30 23 8
21 28 24 8
23 26 25 8
20 36 9 9
26 40 9 9
26 29 26 8
13 37 10 9
0 15 11 9
23 36 11 9
0 11 12 9
2 19 12 9
6 15 12 9
12 21 12 9
9 34 13 9
10 27 13 9
8 15 14 9
23 24 14 9
31 32 14 9
4 33 17 9
9 17 17 9
14 23 17 9
10 38 18 9
35 41 19 9
33 39 20 9
8 31 23 9
11 13 8 10
(680 343)

