Fim da primeira fase ... 
0
Fim da segunda fase ... 
24834
248.34
Total: 248.34
Suportadas = 35
Nao suportadas = 108
TOTAL DE SOLUCOES = 143

SUPORTADAS: 

Arvore 1
0 2 0 98
0 1 2 2
5 14 2 3
11 41 2 3
12 35 2 3
16 20 2 5
21 37 2 6
2 22 2 7
14 29 2 7
21 42 2 7
30 36 2 7
15 21 2 9
18 24 2 9
21 25 2 9
5 27 2 10
12 28 2 11
2 15 2 12
30 43 2 12
19 20 2 13
1 24 2 14
3 4 2 14
17 40 2 14
30 42 2 15
8 13 2 16
20 32 2 16
24 41 2 16
27 43 2 16
7 42 2 17
8 16 2 17
7 19 2 18
0 35 3 2
15 34 3 2
7 10 3 5
35 40 3 5
20 33 3 6
12 44 3 7
6 9 3 8
6 13 3 9
14 26 3 10
4 10 3 11
4 38 3 11
1 23 3 13
11 39 3 15
31 39 4 4
(101 514)

Arvore 2
0 1 2 2
5 14 2 3
11 41 2 3
12 35 2 3
16 20 2 5
21 37 2 6
2 22 2 7
14 29 2 7
21 42 2 7
30 36 2 7
15 21 2 9
18 24 2 9
21 25 2 9
5 27 2 10
12 28 2 11
2 15 2 12
30 43 2 12
19 20 2 13
1 24 2 14
3 4 2 14
17 40 2 14
30 42 2 15
8 13 2 16
20 32 2 16
24 41 2 16
27 43 2 16
7 42 2 17
8 16 2 17
7 19 2 18
0 7 2 19
0 35 3 2
15 34 3 2
7 10 3 5
35 40 3 5
20 33 3 6
12 44 3 7
6 9 3 8
6 13 3 9
14 26 3 10
4 10 3 11
4 38 3 11
1 23 3 13
11 39 3 15
31 39 4 4
(103 435)

Arvore 3
0 1 2 2
5 14 2 3
11 41 2 3
12 35 2 3
16 20 2 5
21 37 2 6
2 22 2 7
14 29 2 7
21 42 2 7
30 36 2 7
15 21 2 9
18 24 2 9
21 25 2 9
5 27 2 10
12 28 2 11
2 15 2 12
30 43 2 12
19 20 2 13
1 24 2 14
3 4 2 14
17 40 2 14
30 42 2 15
8 13 2 16
20 32 2 16
24 41 2 16
27 43 2 16
7 42 2 17
8 16 2 17
0 35 3 2
15 34 3 2
7 19 2 18
20 28 3 3
7 10 3 5
35 40 3 5
20 33 3 6
12 44 3 7
6 9 3 8
6 13 3 9
14 26 3 10
4 10 3 11
4 38 3 11
1 23 3 13
11 39 3 15
31 39 4 4
(104 419)

Arvore 4
0 1 2 2
5 14 2 3
11 41 2 3
12 35 2 3
16 20 2 5
21 37 2 6
2 22 2 7
14 29 2 7
21 42 2 7
30 36 2 7
15 21 2 9
18 24 2 9
21 25 2 9
5 27 2 10
12 28 2 11
2 15 2 12
30 43 2 12
19 20 2 13
1 24 2 14
3 4 2 14
17 40 2 14
30 42 2 15
0 35 3 2
15 34 3 2
8 13 2 16
20 32 2 16
24 41 2 16
27 43 2 16
13 42 3 3
20 28 3 3
7 42 2 17
8 16 2 17
7 10 3 5
35 40 3 5
20 33 3 6
12 44 3 7
6 9 3 8
6 13 3 9
14 26 3 10
4 10 3 11
4 38 3 11
1 23 3 13
11 39 3 15
31 39 4 4
(105 404)

Arvore 5
0 1 2 2
5 14 2 3
11 41 2 3
12 35 2 3
16 20 2 5
21 37 2 6
2 22 2 7
14 29 2 7
21 42 2 7
30 36 2 7
15 21 2 9
18 24 2 9
21 25 2 9
5 27 2 10
12 28 2 11
2 15 2 12
30 43 2 12
19 20 2 13
1 24 2 14
3 4 2 14
17 40 2 14
0 35 3 2
15 34 3 2
30 42 2 15
13 42 3 3
20 28 3 3
8 13 2 16
20 32 2 16
24 41 2 16
27 43 2 16
30 41 3 4
7 42 2 17
7 10 3 5
35 40 3 5
20 33 3 6
12 44 3 7
6 9 3 8
6 13 3 9
14 26 3 10
4 10 3 11
4 38 3 11
1 23 3 13
11 39 3 15
31 39 4 4
(106 391)

Arvore 6
0 1 2 2
5 14 2 3
11 41 2 3
12 35 2 3
16 20 2 5
21 37 2 6
2 22 2 7
14 29 2 7
21 42 2 7
30 36 2 7
15 21 2 9
18 24 2 9
21 25 2 9
5 27 2 10
12 28 2 11
2 15 2 12
30 43 2 12
19 20 2 13
0 35 3 2
15 34 3 2
1 24 2 14
3 4 2 14
17 40 2 14
13 42 3 3
20 28 3 3
30 42 2 15
14 37 3 4
30 41 3 4
8 13 2 16
20 32 2 16
24 41 2 16
1 7 3 5
7 10 3 5
35 40 3 5
20 33 3 6
12 44 3 7
6 9 3 8
6 13 3 9
14 26 3 10
4 10 3 11
4 38 3 11
1 23 3 13
11 39 3 15
31 39 4 4
(108 367)

Arvore 7
0 1 2 2
5 14 2 3
11 41 2 3
12 35 2 3
16 20 2 5
21 37 2 6
2 22 2 7
14 29 2 7
21 42 2 7
30 36 2 7
15 21 2 9
18 24 2 9
21 25 2 9
5 27 2 10
12 28 2 11
0 35 3 2
15 34 3 2
2 15 2 12
30 43 2 12
13 42 3 3
20 28 3 3
19 20 2 13
14 37 3 4
30 41 3 4
1 24 2 14
3 4 2 14
17 40 2 14
1 7 3 5
7 10 3 5
35 40 3 5
30 42 2 15
20 33 3 6
8 13 2 16
20 32 2 16
24 41 2 16
12 44 3 7
6 9 3 8
6 13 3 9
14 26 3 10
4 10 3 11
4 38 3 11
4 23 4 3
31 39 4 4
11 39 3 15
(109 357)

Arvore 8
0 1 2 2
5 14 2 3
11 41 2 3
12 35 2 3
16 20 2 5
21 37 2 6
2 22 2 7
14 29 2 7
21 42 2 7
30 36 2 7
15 21 2 9
18 24 2 9
21 25 2 9
5 27 2 10
0 35 3 2
15 34 3 2
12 28 2 11
13 42 3 3
20 28 3 3
2 15 2 12
30 43 2 12
14 37 3 4
30 41 3 4
19 20 2 13
1 7 3 5
7 10 3 5
35 40 3 5
1 24 2 14
3 4 2 14
17 40 2 14
20 33 3 6
30 42 2 15
12 44 3 7
13 19 3 7
8 13 2 16
20 32 2 16
6 9 3 8
6 13 3 9
14 26 3 10
4 10 3 11
4 38 3 11
4 23 4 3
31 39 4 4
11 39 3 15
(110 348)

Arvore 9
0 1 2 2
5 14 2 3
11 41 2 3
12 35 2 3
16 20 2 5
21 37 2 6
2 22 2 7
14 29 2 7
21 42 2 7
30 36 2 7
15 21 2 9
18 24 2 9
21 25 2 9
0 35 3 2
15 34 3 2
5 27 2 10
13 42 3 3
20 28 3 3
12 28 2 11
14 37 3 4
30 41 3 4
2 15 2 12
30 43 2 12
1 7 3 5
7 10 3 5
35 40 3 5
19 20 2 13
20 33 3 6
1 24 2 14
3 4 2 14
17 40 2 14
12 44 3 7
13 19 3 7
37 41 3 7
6 9 3 8
8 13 2 16
20 32 2 16
6 13 3 9
14 26 3 10
4 23 4 3
16 38 4 3
4 10 3 11
31 39 4 4
11 39 3 15
(112 332)

Arvore 10
0 1 2 2
5 14 2 3
11 41 2 3
12 35 2 3
16 20 2 5
21 37 2 6
2 22 2 7
14 29 2 7
21 42 2 7
30 36 2 7
0 35 3 2
15 34 3 2
15 21 2 9
18 24 2 9
21 25 2 9
13 42 3 3
20 28 3 3
5 27 2 10
14 37 3 4
30 41 3 4
12 28 2 11
1 7 3 5
7 10 3 5
35 40 3 5
2 15 2 12
30 43 2 12
20 33 3 6
19 20 2 13
12 44 3 7
13 19 3 7
37 41 3 7
1 24 2 14
3 4 2 14
17 40 2 14
6 9 3 8
6 13 3 9
8 13 2 16
20 32 2 16
4 23 4 3
16 38 4 3
14 26 3 10
3 19 4 4
31 39 4 4
4 39 4 8
(114 318)

Arvore 11
0 1 2 2
5 14 2 3
11 41 2 3
12 35 2 3
16 20 2 5
21 37 2 6
2 22 2 7
14 29 2 7
21 42 2 7
30 36 2 7
0 35 3 2
15 34 3 2
13 42 3 3
20 28 3 3
15 21 2 9
18 24 2 9
21 25 2 9
14 37 3 4
30 41 3 4
5 27 2 10
1 7 3 5
7 10 3 5
10 20 3 5
35 40 3 5
20 33 3 6
2 15 2 12
30 43 2 12
12 44 3 7
13 19 3 7
37 41 3 7
19 20 2 13
6 9 3 8
13 24 3 8
3 4 2 14
17 40 2 14
4 23 4 3
16 38 4 3
6 13 3 9
3 19 4 4
31 39 4 4
14 26 3 10
8 13 2 16
20 32 2 16
14 39 5 2
(117 300)

Arvore 12
0 1 2 2
5 14 2 3
11 41 2 3
12 35 2 3
16 20 2 5
21 37 2 6
0 35 3 2
15 34 3 2
2 22 2 7
14 29 2 7
21 42 2 7
30 36 2 7
13 42 3 3
20 28 3 3
14 37 3 4
30 41 3 4
15 21 2 9
18 24 2 9
21 25 2 9
1 7 3 5
7 10 3 5
10 20 3 5
35 40 3 5
5 27 2 10
20 33 3 6
12 44 3 7
13 19 3 7
37 41 3 7
2 15 2 12
30 43 2 12
4 23 4 3
16 38 4 3
6 9 3 8
13 24 3 8
15 20 3 8
3 19 4 4
4 43 4 4
31 39 4 4
6 13 3 9
17 40 2 14
14 26 3 10
32 42 4 6
14 39 5 2
8 13 2 16
(122 275)

Arvore 13
0 1 2 2
5 14 2 3
11 41 2 3
12 35 2 3
16 20 2 5
0 35 3 2
15 34 3 2
21 37 2 6
13 42 3 3
20 28 3 3
2 22 2 7
14 29 2 7
21 42 2 7
30 36 2 7
14 37 3 4
30 41 3 4
1 7 3 5
7 10 3 5
10 20 3 5
35 40 3 5
15 21 2 9
18 24 2 9
21 25 2 9
20 33 3 6
5 27 2 10
4 23 4 3
16 38 4 3
12 44 3 7
13 19 3 7
37 41 3 7
3 19 4 4
4 43 4 4
18 28 4 4
22 33 4 4
27 35 4 4
31 39 4 4
6 9 3 8
30 43 2 12
6 13 3 9
14 39 5 2
32 42 4 6
14 26 3 10
17 40 2 14
8 13 2 16
(126 259)

Arvore 14
0 1 2 2
5 14 2 3
11 41 2 3
12 35 2 3
16 20 2 5
0 35 3 2
15 34 3 2
21 37 2 6
13 42 3 3
20 28 3 3
2 22 2 7
14 29 2 7
21 42 2 7
30 36 2 7
14 37 3 4
30 41 3 4
1 7 3 5
7 10 3 5
10 20 3 5
35 40 3 5
15 21 2 9
18 24 2 9
21 25 2 9
20 33 3 6
4 23 4 3
16 38 4 3
5 27 2 10
12 44 3 7
13 19 3 7
37 41 3 7
3 19 4 4
4 43 4 4
18 28 4 4
22 33 4 4
27 35 4 4
31 39 4 4
6 9 3 8
14 39 5 2
30 43 2 12
6 13 3 9
32 42 4 6
26 39 5 3
17 40 2 14
8 13 2 16
(128 252)

Arvore 15
0 1 2 2
5 14 2 3
11 41 2 3
12 35 2 3
0 35 3 2
15 34 3 2
16 20 2 5
13 42 3 3
20 28 3 3
21 37 2 6
14 37 3 4
30 41 3 4
2 22 2 7
14 29 2 7
21 42 2 7
30 36 2 7
1 7 3 5
7 10 3 5
10 20 3 5
35 40 3 5
4 23 4 3
16 38 4 3
20 33 3 6
15 21 2 9
18 24 2 9
21 25 2 9
3 19 4 4
4 43 4 4
14 27 4 4
18 28 4 4
22 33 4 4
27 35 4 4
31 39 4 4
12 44 3 7
13 19 3 7
37 41 3 7
14 39 5 2
6 9 3 8
4 9 5 3
26 39 5 3
6 12 4 6
32 42 4 6
17 36 4 8
8 23 6 4
(140 216)

Arvore 16
0 1 2 2
5 14 2 3
11 41 2 3
12 35 2 3
0 35 3 2
15 34 3 2
13 42 3 3
20 28 3 3
16 20 2 5
14 37 3 4
30 41 3 4
21 37 2 6
4 23 4 3
16 38 4 3
1 7 3 5
7 10 3 5
10 20 3 5
35 40 3 5
2 22 2 7
14 29 2 7
21 42 2 7
30 36 2 7
14 39 5 2
3 19 4 4
4 43 4 4
14 27 4 4
18 28 4 4
22 33 4 4
27 35 4 4
31 39 4 4
20 33 3 6
4 9 5 3
19 28 5 3
21 41 5 3
26 39 5 3
12 44 3 7
15 21 2 9
18 24 2 9
21 25 2 9
6 43 5 4
16 23 5 4
32 42 4 6
8 23 6 4
6 17 5 6
(148 200)

Arvore 17
0 1 2 2
5 14 2 3
11 41 2 3
12 35 2 3
0 35 3 2
15 34 3 2
13 42 3 3
20 28 3 3
16 20 2 5
14 37 3 4
30 41 3 4
21 37 2 6
4 23 4 3
16 38 4 3
1 7 3 5
7 10 3 5
10 20 3 5
35 40 3 5
14 39 5 2
2 22 2 7
14 29 2 7
21 42 2 7
30 36 2 7
3 19 4 4
4 43 4 4
14 27 4 4
18 28 4 4
22 33 4 4
27 35 4 4
31 39 4 4
20 33 3 6
4 9 5 3
19 28 5 3
21 41 5 3
26 39 5 3
12 44 3 7
6 43 5 4
16 23 5 4
24 34 5 4
15 21 2 9
21 25 2 9
32 42 4 6
8 23 6 4
6 17 5 6
(151 195)

Arvore 18
0 1 2 2
5 14 2 3
11 41 2 3
12 35 2 3
0 35 3 2
15 34 3 2
13 42 3 3
20 28 3 3
16 20 2 5
14 37 3 4
30 41 3 4
4 23 4 3
16 38 4 3
21 37 2 6
14 39 5 2
1 7 3 5
7 10 3 5
10 20 3 5
35 40 3 5
3 19 4 4
4 43 4 4
14 27 4 4
18 28 4 4
22 33 4 4
27 35 4 4
31 39 4 4
2 22 2 7
14 29 2 7
21 42 2 7
30 36 2 7
4 9 5 3
19 28 5 3
21 41 5 3
26 39 5 3
20 33 3 6
6 43 5 4
16 23 5 4
24 34 5 4
12 44 3 7
11 34 4 6
32 42 4 6
21 25 2 9
8 23 6 4
6 17 5 6
(153 192)

Arvore 19
0 1 2 2
5 14 2 3
11 41 2 3
12 35 2 3
0 35 3 2
15 34 3 2
13 42 3 3
20 28 3 3
16 20 2 5
14 37 3 4
30 41 3 4
4 23 4 3
16 38 4 3
14 39 5 2
21 37 2 6
1 7 3 5
7 10 3 5
10 20 3 5
35 40 3 5
3 19 4 4
4 43 4 4
14 27 4 4
18 28 4 4
22 33 4 4
27 35 4 4
31 39 4 4
4 9 5 3
19 28 5 3
21 41 5 3
26 39 5 3
2 22 2 7
14 29 2 7
21 42 2 7
30 36 2 7
20 33 3 6
6 43 5 4
16 23 5 4
24 34 5 4
12 44 3 7
11 34 4 6
32 42 4 6
8 23 6 4
7 25 7 3
6 17 5 6
(158 186)

Arvore 20
0 1 2 2
0 35 3 2
15 34 3 2
5 14 2 3
11 41 2 3
12 35 2 3
13 42 3 3
20 28 3 3
14 39 5 2
4 23 4 3
16 38 4 3
14 37 3 4
30 41 3 4
16 20 2 5
4 9 5 3
18 35 5 3
19 28 5 3
21 41 5 3
26 39 5 3
3 19 4 4
4 43 4 4
14 27 4 4
18 28 4 4
22 33 4 4
27 35 4 4
31 39 4 4
1 7 3 5
7 10 3 5
35 40 3 5
21 37 2 6
9 18 7 2
11 42 7 2
6 30 6 3
14 36 6 3
2 35 5 4
24 34 5 4
20 33 3 6
14 29 2 7
7 25 7 3
0 34 6 4
8 23 6 4
37 44 6 4
32 42 4 6
17 32 8 3
(183 161)

Arvore 21
0 1 2 2
0 35 3 2
15 34 3 2
5 14 2 3
11 41 2 3
12 35 2 3
13 42 3 3
20 28 3 3
14 39 5 2
4 23 4 3
16 38 4 3
14 37 3 4
30 41 3 4
16 20 2 5
4 9 5 3
18 35 5 3
19 28 5 3
21 41 5 3
26 39 5 3
3 19 4 4
4 43 4 4
14 27 4 4
18 28 4 4
22 33 4 4
27 35 4 4
31 39 4 4
9 18 7 2
11 42 7 2
1 7 3 5
7 10 3 5
35 40 3 5
6 30 6 3
14 36 6 3
28 41 6 3
2 35 5 4
24 34 5 4
7 25 7 3
20 33 3 6
0 34 6 4
8 23 6 4
37 44 6 4
14 29 2 7
17 32 8 3
32 42 4 6
(187 158)

Arvore 22
0 1 2 2
0 35 3 2
15 34 3 2
5 14 2 3
11 41 2 3
12 35 2 3
13 42 3 3
20 28 3 3
14 39 5 2
4 23 4 3
16 38 4 3
14 37 3 4
30 41 3 4
16 20 2 5
4 9 5 3
18 35 5 3
19 28 5 3
21 41 5 3
26 39 5 3
3 19 4 4
4 43 4 4
14 27 4 4
18 28 4 4
22 33 4 4
27 35 4 4
31 39 4 4
9 18 7 2
11 42 7 2
1 7 3 5
7 10 3 5
35 40 3 5
6 30 6 3
14 36 6 3
28 41 6 3
2 35 5 4
24 34 5 4
7 25 7 3
20 33 3 6
0 34 6 4
8 23 6 4
37 44 6 4
9 29 9 2
17 32 8 3
32 42 4 6
(194 153)

Arvore 23
0 1 2 2
0 35 3 2
15 34 3 2
5 14 2 3
11 41 2 3
12 35 2 3
13 42 3 3
20 28 3 3
14 39 5 2
4 23 4 3
16 38 4 3
14 37 3 4
30 41 3 4
4 9 5 3
18 35 5 3
19 28 5 3
21 41 5 3
26 39 5 3
16 20 2 5
9 18 7 2
11 42 7 2
3 19 4 4
4 43 4 4
14 27 4 4
18 28 4 4
22 33 4 4
27 35 4 4
31 39 4 4
6 30 6 3
9 40 6 3
14 36 6 3
28 41 6 3
1 7 3 5
7 10 3 5
2 35 5 4
24 34 5 4
7 25 7 3
9 29 9 2
26 34 9 2
8 23 6 4
37 44 6 4
20 33 3 6
17 32 8 3
32 42 4 6
(200 149)

Arvore 24
0 1 2 2
0 35 3 2
15 34 3 2
5 14 2 3
11 41 2 3
12 35 2 3
13 42 3 3
20 28 3 3
14 39 5 2
4 23 4 3
16 38 4 3
14 37 3 4
30 41 3 4
4 9 5 3
18 35 5 3
19 28 5 3
21 41 5 3
26 39 5 3
9 18 7 2
11 42 7 2
16 20 2 5
3 19 4 4
4 43 4 4
14 27 4 4
18 28 4 4
22 33 4 4
27 35 4 4
31 39 4 4
6 30 6 3
9 40 6 3
14 36 6 3
28 41 6 3
7 39 8 2
7 10 3 5
2 35 5 4
24 34 5 4
7 25 7 3
9 29 9 2
26 34 9 2
8 23 6 4
37 44 6 4
17 32 8 3
20 33 3 6
11 32 9 3
(210 143)

Arvore 25
0 1 2 2
0 35 3 2
15 34 3 2
0 12 4 2
5 14 2 3
11 41 2 3
14 39 5 2
13 42 3 3
20 28 3 3
4 23 4 3
16 38 4 3
9 18 7 2
11 42 7 2
4 9 5 3
18 35 5 3
19 28 5 3
21 41 5 3
26 39 5 3
14 37 3 4
30 41 3 4
5 13 8 2
7 39 8 2
16 27 8 2
38 42 8 2
0 26 6 3
6 30 6 3
9 40 6 3
14 36 6 3
28 41 6 3
3 19 4 4
4 43 4 4
22 33 4 4
31 39 4 4
9 29 9 2
26 34 9 2
7 25 7 3
2 35 5 4
10 35 5 4
24 34 5 4
17 32 8 3
8 23 6 4
37 44 6 4
11 32 9 3
13 22 5 5
(232 132)

Arvore 26
0 1 2 2
0 35 3 2
15 34 3 2
0 12 4 2
5 14 2 3
11 41 2 3
14 39 5 2
13 42 3 3
20 28 3 3
4 23 4 3
16 38 4 3
9 18 7 2
11 42 7 2
4 9 5 3
18 35 5 3
19 28 5 3
21 41 5 3
26 39 5 3
5 13 8 2
7 39 8 2
16 27 8 2
38 42 8 2
14 37 3 4
30 41 3 4
0 26 6 3
6 30 6 3
9 40 6 3
14 36 6 3
28 41 6 3
9 29 9 2
26 34 9 2
3 19 4 4
4 43 4 4
22 33 4 4
31 39 4 4
7 25 7 3
2 35 5 4
10 35 5 4
24 34 5 4
17 32 8 3
8 23 6 4
37 44 6 4
11 32 9 3
12 33 10 3
(237 130)

Arvore 27
0 1 2 2
0 35 3 2
15 34 3 2
0 12 4 2
14 39 5 2
5 14 2 3
11 41 2 3
13 42 3 3
20 28 3 3
9 18 7 2
11 42 7 2
4 23 4 3
16 38 4 3
5 13 8 2
7 39 8 2
16 27 8 2
38 42 8 2
4 9 5 3
18 35 5 3
19 28 5 3
21 41 5 3
26 39 5 3
9 29 9 2
26 34 9 2
0 26 6 3
6 30 6 3
9 40 6 3
14 36 6 3
28 41 6 3
14 37 3 4
30 41 3 4
7 25 7 3
11 31 7 3
3 19 4 4
4 43 4 4
22 33 4 4
17 32 8 3
2 35 5 4
10 35 5 4
24 34 5 4
11 32 9 3
8 23 6 4
37 44 6 4
12 33 10 3
(240 129)

Arvore 28
0 1 2 2
0 35 3 2
15 34 3 2
0 12 4 2
14 39 5 2
5 14 2 3
11 41 2 3
9 18 7 2
11 42 7 2
13 42 3 3
20 28 3 3
5 13 8 2
7 39 8 2
16 27 8 2
38 42 8 2
4 23 4 3
16 38 4 3
9 29 9 2
26 34 9 2
4 9 5 3
18 35 5 3
19 28 5 3
21 41 5 3
26 39 5 3
0 26 6 3
6 30 6 3
9 40 6 3
14 36 6 3
28 41 6 3
7 25 7 3
11 31 7 3
14 37 3 4
30 41 3 4
17 32 8 3
3 19 4 4
4 43 4 4
22 33 4 4
25 32 13 2
2 35 5 4
10 35 5 4
24 34 5 4
8 27 14 2
33 39 14 2
42 44 10 3
(260 124)

Arvore 29
0 1 2 2
0 35 3 2
15 34 3 2
0 12 4 2
14 39 5 2
9 18 7 2
11 42 7 2
5 14 2 3
11 41 2 3
5 13 8 2
7 39 8 2
16 27 8 2
38 42 8 2
13 42 3 3
20 28 3 3
9 29 9 2
26 34 9 2
4 23 4 3
16 38 4 3
4 9 5 3
18 35 5 3
19 28 5 3
21 41 5 3
26 39 5 3
11 23 11 2
6 30 6 3
9 40 6 3
14 36 6 3
28 41 6 3
7 25 7 3
11 31 7 3
12 37 13 2
25 32 13 2
17 32 8 3
8 27 14 2
33 39 14 2
30 41 3 4
26 43 9 3
24 36 15 2
3 19 4 4
22 33 4 4
42 44 10 3
2 35 5 4
10 35 5 4
(290 118)

Arvore 30
0 1 2 2
0 35 3 2
15 34 3 2
0 12 4 2
14 39 5 2
9 18 7 2
11 42 7 2
5 13 8 2
7 39 8 2
16 27 8 2
38 42 8 2
9 29 9 2
26 34 9 2
11 23 11 2
13 29 11 2
5 14 2 3
11 41 2 3
12 37 13 2
25 32 13 2
13 42 3 3
20 28 3 3
8 27 14 2
33 39 14 2
4 23 4 3
16 38 4 3
24 36 15 2
32 43 15 2
18 35 5 3
19 28 5 3
21 41 5 3
26 39 5 3
3 44 16 2
17 22 16 2
6 30 6 3
9 40 6 3
14 36 6 3
28 41 6 3
7 25 7 3
11 31 7 3
17 32 8 3
42 44 10 3
10 40 11 3
30 41 3 4
2 35 5 4
(332 111)

Arvore 31
0 1 2 2
0 35 3 2
15 34 3 2
0 12 4 2
14 39 5 2
9 18 7 2
11 42 7 2
5 13 8 2
7 39 8 2
16 27 8 2
38 42 8 2
9 29 9 2
26 34 9 2
11 23 11 2
13 29 11 2
12 37 13 2
25 32 13 2
5 14 2 3
11 41 2 3
8 27 14 2
33 39 14 2
13 42 3 3
20 28 3 3
7 8 15 2
24 36 15 2
32 43 15 2
4 23 4 3
3 44 16 2
17 22 16 2
18 35 5 3
19 28 5 3
21 41 5 3
26 39 5 3
6 30 6 3
9 40 6 3
14 36 6 3
28 41 6 3
24 32 18 2
11 31 7 3
17 32 8 3
42 44 10 3
10 40 11 3
30 41 3 4
2 35 5 4
(354 109)

Arvore 32
0 1 2 2
0 35 3 2
15 34 3 2
0 12 4 2
14 39 5 2
9 18 7 2
11 42 7 2
5 13 8 2
7 39 8 2
16 27 8 2
38 42 8 2
9 29 9 2
26 34 9 2
11 23 11 2
13 29 11 2
12 37 13 2
25 32 13 2
8 27 14 2
33 39 14 2
5 14 2 3
11 41 2 3
7 8 15 2
8 38 15 2
24 36 15 2
32 43 15 2
20 28 3 3
3 44 16 2
17 22 16 2
4 23 4 3
18 35 5 3
19 28 5 3
21 41 5 3
26 39 5 3
24 32 18 2
6 30 6 3
9 40 6 3
14 36 6 3
28 41 6 3
11 31 7 3
17 32 8 3
42 44 10 3
10 40 11 3
30 41 3 4
2 35 5 4
(366 108)

Arvore 33
0 1 2 2
0 35 3 2
15 34 3 2
0 12 4 2
14 39 5 2
9 18 7 2
11 42 7 2
5 13 8 2
7 39 8 2
16 27 8 2
38 42 8 2
9 29 9 2
26 34 9 2
11 23 11 2
13 29 11 2
12 37 13 2
25 32 13 2
8 27 14 2
33 39 14 2
7 8 15 2
8 38 15 2
24 36 15 2
32 43 15 2
3 44 16 2
17 22 16 2
24 32 18 2
29 34 18 2
19 42 19 2
5 14 2 3
11 41 2 3
20 28 3 3
4 23 4 3
18 35 5 3
19 28 5 3
21 41 5 3
6 30 6 3
9 40 6 3
14 36 6 3
11 31 7 3
17 32 8 3
42 44 10 3
10 40 11 3
30 41 3 4
2 35 5 4
(392 106)

Arvore 34
0 1 2 2
0 35 3 2
15 34 3 2
0 12 4 2
14 39 5 2
9 18 7 2
11 42 7 2
5 13 8 2
7 39 8 2
16 27 8 2
38 42 8 2
9 29 9 2
26 34 9 2
11 23 11 2
13 29 11 2
12 37 13 2
25 32 13 2
8 27 14 2
33 39 14 2
7 8 15 2
8 38 15 2
24 36 15 2
32 43 15 2
3 44 16 2
17 22 16 2
24 32 18 2
29 34 18 2
19 42 19 2
5 38 20 2
11 41 2 3
20 28 3 3
4 23 4 3
18 35 5 3
19 28 5 3
21 41 5 3
6 30 6 3
9 40 6 3
14 36 6 3
11 31 7 3
17 32 8 3
42 44 10 3
10 40 11 3
30 41 3 4
2 35 5 4
(410 105)

Arvore 35
1 2 98 0
0 1 2 2
0 35 3 2
15 34 3 2
0 12 4 2
14 39 5 2
9 18 7 2
11 42 7 2
5 13 8 2
7 39 8 2
16 27 8 2
38 42 8 2
9 29 9 2
26 34 9 2
11 23 11 2
13 29 11 2
12 37 13 2
25 32 13 2
8 27 14 2
33 39 14 2
7 8 15 2
8 38 15 2
24 36 15 2
32 43 15 2
3 44 16 2
17 22 16 2
24 32 18 2
29 34 18 2
19 42 19 2
5 38 20 2
11 41 2 3
20 28 3 3
4 23 4 3
18 35 5 3
19 28 5 3
21 41 5 3
6 30 6 3
9 40 6 3
14 36 6 3
11 31 7 3
17 32 8 3
42 44 10 3
10 40 11 3
30 41 3 4
(503 101)


NAO SUPORTADAS: 
Arvore 36
0 1 2 2
5 14 2 3
11 41 2 3
12 35 2 3
16 20 2 5
21 37 2 6
2 22 2 7
14 29 2 7
21 42 2 7
30 36 2 7
15 21 2 9
18 24 2 9
21 25 2 9
5 27 2 10
12 28 2 11
2 15 2 12
30 43 2 12
19 20 2 13
1 24 2 14
3 4 2 14
17 40 2 14
30 42 2 15
8 13 2 16
20 32 2 16
24 41 2 16
27 43 2 16
7 42 2 17
7 19 2 18
0 2 0 98
0 35 3 2
15 34 3 2
13 42 3 3
7 10 3 5
35 40 3 5
20 33 3 6
12 44 3 7
6 9 3 8
6 13 3 9
14 26 3 10
4 10 3 11
4 38 3 11
1 23 3 13
11 39 3 15
31 39 4 4
(102 500)

Arvore 37
0 1 2 2
5 14 2 3
11 41 2 3
12 35 2 3
16 20 2 5
21 37 2 6
2 22 2 7
14 29 2 7
21 42 2 7
30 36 2 7
15 21 2 9
18 24 2 9
21 25 2 9
5 27 2 10
12 28 2 11
2 15 2 12
30 43 2 12
19 20 2 13
1 24 2 14
3 4 2 14
17 40 2 14
30 42 2 15
8 13 2 16
20 32 2 16
24 41 2 16
27 43 2 16
7 42 2 17
8 16 2 17
0 2 0 98
0 35 3 2
15 34 3 2
13 42 3 3
7 10 3 5
35 40 3 5
20 33 3 6
12 44 3 7
6 9 3 8
6 13 3 9
14 26 3 10
4 10 3 11
4 38 3 11
1 23 3 13
11 39 3 15
31 39 4 4
(102 499)

Arvore 38
0 1 2 2
5 14 2 3
11 41 2 3
12 35 2 3
16 20 2 5
21 37 2 6
2 22 2 7
14 29 2 7
21 42 2 7
30 36 2 7
15 21 2 9
18 24 2 9
21 25 2 9
5 27 2 10
12 28 2 11
2 15 2 12
30 43 2 12
19 20 2 13
1 24 2 14
3 4 2 14
17 40 2 14
0 35 3 2
15 34 3 2
30 42 2 15
13 42 3 3
20 28 3 3
8 13 2 16
20 32 2 16
24 41 2 16
14 37 3 4
30 41 3 4
7 42 2 17
7 10 3 5
35 40 3 5
20 33 3 6
12 44 3 7
6 9 3 8
6 13 3 9
14 26 3 10
4 10 3 11
4 38 3 11
1 23 3 13
11 39 3 15
31 39 4 4
(107 379)

Arvore 39
0 1 2 2
5 14 2 3
11 41 2 3
12 35 2 3
16 20 2 5
21 37 2 6
2 22 2 7
14 29 2 7
21 42 2 7
30 36 2 7
15 21 2 9
18 24 2 9
21 25 2 9
5 27 2 10
0 35 3 2
15 34 3 2
12 28 2 11
13 42 3 3
20 28 3 3
2 15 2 12
30 43 2 12
14 37 3 4
30 41 3 4
19 20 2 13
7 10 3 5
10 20 3 5
35 40 3 5
1 24 2 14
3 4 2 14
17 40 2 14
20 33 3 6
12 44 3 7
13 19 3 7
37 41 3 7
8 13 2 16
20 32 2 16
6 9 3 8
6 13 3 9
14 26 3 10
4 10 3 11
4 38 3 11
4 23 4 3
31 39 4 4
11 39 3 15
(111 340)

Arvore 40
0 1 2 2
5 14 2 3
11 41 2 3
12 35 2 3
16 20 2 5
21 37 2 6
2 22 2 7
14 29 2 7
21 42 2 7
30 36 2 7
15 21 2 9
18 24 2 9
21 25 2 9
0 35 3 2
15 34 3 2
5 27 2 10
13 42 3 3
20 28 3 3
12 28 2 11
14 37 3 4
30 41 3 4
2 15 2 12
30 43 2 12
1 7 3 5
7 10 3 5
35 40 3 5
19 20 2 13
20 33 3 6
1 24 2 14
3 4 2 14
17 40 2 14
12 44 3 7
13 19 3 7
37 41 3 7
6 9 3 8
8 13 2 16
20 32 2 16
6 13 3 9
14 26 3 10
4 23 4 3
16 38 4 3
4 10 3 11
31 39 4 4
4 39 4 8
(113 325)

Arvore 41
0 1 2 2
5 14 2 3
11 41 2 3
12 35 2 3
16 20 2 5
21 37 2 6
2 22 2 7
14 29 2 7
21 42 2 7
30 36 2 7
0 35 3 2
15 34 3 2
15 21 2 9
18 24 2 9
21 25 2 9
13 42 3 3
20 28 3 3
5 27 2 10
14 37 3 4
30 41 3 4
1 7 3 5
7 10 3 5
10 20 3 5
35 40 3 5
2 15 2 12
30 43 2 12
20 33 3 6
19 20 2 13
12 44 3 7
13 19 3 7
37 41 3 7
1 24 2 14
3 4 2 14
17 40 2 14
6 9 3 8
6 13 3 9
4 23 4 3
16 38 4 3
8 13 2 16
20 32 2 16
14 26 3 10
3 19 4 4
31 39 4 4
4 39 4 8
(115 312)

Arvore 42
0 1 2 2
5 14 2 3
11 41 2 3
12 35 2 3
16 20 2 5
21 37 2 6
2 22 2 7
14 29 2 7
21 42 2 7
30 36 2 7
0 35 3 2
15 34 3 2
15 21 2 9
18 24 2 9
21 25 2 9
13 42 3 3
20 28 3 3
5 27 2 10
14 37 3 4
30 41 3 4
1 7 3 5
7 10 3 5
10 20 3 5
35 40 3 5
2 15 2 12
30 43 2 12
20 33 3 6
19 20 2 13
12 44 3 7
13 19 3 7
37 41 3 7
3 4 2 14
17 40 2 14
6 9 3 8
13 24 3 8
6 13 3 9
4 23 4 3
16 38 4 3
8 13 2 16
20 32 2 16
14 26 3 10
3 19 4 4
31 39 4 4
4 39 4 8
(116 306)

Arvore 43
0 1 2 2
5 14 2 3
11 41 2 3
12 35 2 3
16 20 2 5
21 37 2 6
2 22 2 7
14 29 2 7
21 42 2 7
30 36 2 7
0 35 3 2
15 34 3 2
13 42 3 3
20 28 3 3
15 21 2 9
18 24 2 9
21 25 2 9
14 37 3 4
30 41 3 4
5 27 2 10
1 7 3 5
7 10 3 5
10 20 3 5
35 40 3 5
20 33 3 6
2 15 2 12
30 43 2 12
12 44 3 7
13 19 3 7
37 41 3 7
6 9 3 8
13 24 3 8
15 20 3 8
4 23 4 3
16 38 4 3
3 4 2 14
17 40 2 14
6 13 3 9
3 19 4 4
31 39 4 4
14 26 3 10
8 13 2 16
20 32 2 16
14 39 5 2
(118 295)

Arvore 44
0 1 2 2
5 14 2 3
11 41 2 3
12 35 2 3
16 20 2 5
21 37 2 6
2 22 2 7
14 29 2 7
21 42 2 7
30 36 2 7
0 35 3 2
15 34 3 2
13 42 3 3
20 28 3 3
15 21 2 9
18 24 2 9
21 25 2 9
14 37 3 4
30 41 3 4
5 27 2 10
1 7 3 5
7 10 3 5
10 20 3 5
35 40 3 5
20 33 3 6
2 15 2 12
30 43 2 12
12 44 3 7
13 19 3 7
37 41 3 7
19 20 2 13
6 9 3 8
13 24 3 8
4 23 4 3
16 38 4 3
17 40 2 14
6 13 3 9
3 19 4 4
4 43 4 4
31 39 4 4
14 26 3 10
8 13 2 16
20 32 2 16
14 39 5 2
(119 290)

Arvore 45
0 1 2 2
5 14 2 3
11 41 2 3
12 35 2 3
16 20 2 5
21 37 2 6
2 22 2 7
14 29 2 7
21 42 2 7
30 36 2 7
0 35 3 2
15 34 3 2
13 42 3 3
20 28 3 3
15 21 2 9
18 24 2 9
21 25 2 9
14 37 3 4
30 41 3 4
5 27 2 10
1 7 3 5
7 10 3 5
10 20 3 5
35 40 3 5
20 33 3 6
2 15 2 12
30 43 2 12
12 44 3 7
13 19 3 7
37 41 3 7
6 9 3 8
13 24 3 8
15 20 3 8
4 23 4 3
16 38 4 3
17 40 2 14
6 13 3 9
3 19 4 4
4 43 4 4
31 39 4 4
14 26 3 10
8 13 2 16
20 32 2 16
14 39 5 2
(120 285)

Arvore 46
0 1 2 2
5 14 2 3
11 41 2 3
12 35 2 3
16 20 2 5
21 37 2 6
2 22 2 7
14 29 2 7
21 42 2 7
30 36 2 7
0 35 3 2
15 34 3 2
13 42 3 3
20 28 3 3
15 21 2 9
18 24 2 9
21 25 2 9
14 37 3 4
30 41 3 4
5 27 2 10
1 7 3 5
7 10 3 5
10 20 3 5
35 40 3 5
20 33 3 6
2 15 2 12
30 43 2 12
12 44 3 7
13 19 3 7
37 41 3 7
19 20 2 13
6 9 3 8
13 24 3 8
4 23 4 3
16 38 4 3
17 40 2 14
6 13 3 9
3 19 4 4
4 43 4 4
31 39 4 4
14 26 3 10
8 13 2 16
32 42 4 6
14 39 5 2
(121 280)

Arvore 47
0 1 2 2
5 14 2 3
11 41 2 3
12 35 2 3
16 20 2 5
21 37 2 6
0 35 3 2
15 34 3 2
2 22 2 7
14 29 2 7
21 42 2 7
30 36 2 7
13 42 3 3
20 28 3 3
14 37 3 4
30 41 3 4
15 21 2 9
18 24 2 9
21 25 2 9
1 7 3 5
7 10 3 5
10 20 3 5
35 40 3 5
5 27 2 10
20 33 3 6
12 44 3 7
13 19 3 7
37 41 3 7
4 23 4 3
16 38 4 3
30 43 2 12
6 9 3 8
13 24 3 8
15 20 3 8
3 19 4 4
4 43 4 4
22 33 4 4
31 39 4 4
6 13 3 9
17 40 2 14
14 26 3 10
32 42 4 6
14 39 5 2
8 13 2 16
(124 267)

Arvore 48
0 1 2 2
5 14 2 3
11 41 2 3
12 35 2 3
16 20 2 5
21 37 2 6
0 35 3 2
15 34 3 2
2 22 2 7
14 29 2 7
21 42 2 7
30 36 2 7
13 42 3 3
20 28 3 3
14 37 3 4
30 41 3 4
15 21 2 9
18 24 2 9
21 25 2 9
1 7 3 5
7 10 3 5
10 20 3 5
35 40 3 5
5 27 2 10
20 33 3 6
12 44 3 7
13 19 3 7
37 41 3 7
4 23 4 3
16 38 4 3
2 15 2 12
30 43 2 12
6 9 3 8
15 20 3 8
3 19 4 4
4 43 4 4
18 28 4 4
31 39 4 4
6 13 3 9
17 40 2 14
14 26 3 10
32 42 4 6
14 39 5 2
8 13 2 16
(123 271)

Arvore 49
0 1 2 2
5 14 2 3
11 41 2 3
12 35 2 3
16 20 2 5
21 37 2 6
0 35 3 2
15 34 3 2
2 22 2 7
14 29 2 7
21 42 2 7
30 36 2 7
13 42 3 3
20 28 3 3
14 37 3 4
30 41 3 4
15 21 2 9
18 24 2 9
21 25 2 9
1 7 3 5
7 10 3 5
10 20 3 5
35 40 3 5
5 27 2 10
20 33 3 6
12 44 3 7
13 19 3 7
37 41 3 7
4 23 4 3
16 38 4 3
30 43 2 12
6 9 3 8
15 20 3 8
3 19 4 4
4 43 4 4
18 28 4 4
22 33 4 4
31 39 4 4
6 13 3 9
17 40 2 14
14 26 3 10
32 42 4 6
14 39 5 2
8 13 2 16
(125 263)

Arvore 50
0 1 2 2
5 14 2 3
11 41 2 3
12 35 2 3
16 20 2 5
0 35 3 2
15 34 3 2
21 37 2 6
13 42 3 3
20 28 3 3
2 22 2 7
14 29 2 7
21 42 2 7
30 36 2 7
14 37 3 4
30 41 3 4
1 7 3 5
7 10 3 5
10 20 3 5
35 40 3 5
15 21 2 9
18 24 2 9
21 25 2 9
20 33 3 6
5 27 2 10
4 23 4 3
16 38 4 3
12 44 3 7
13 19 3 7
37 41 3 7
3 19 4 4
4 43 4 4
22 33 4 4
27 35 4 4
31 39 4 4
6 9 3 8
13 24 3 8
30 43 2 12
6 13 3 9
14 39 5 2
32 42 4 6
26 39 5 3
17 40 2 14
8 13 2 16
(127 256)

Arvore 51
0 1 2 2
5 14 2 3
11 41 2 3
12 35 2 3
16 20 2 5
0 35 3 2
15 34 3 2
21 37 2 6
13 42 3 3
20 28 3 3
2 22 2 7
14 29 2 7
21 42 2 7
30 36 2 7
14 37 3 4
30 41 3 4
1 7 3 5
7 10 3 5
10 20 3 5
35 40 3 5
15 21 2 9
18 24 2 9
21 25 2 9
20 33 3 6
4 23 4 3
16 38 4 3
12 44 3 7
13 19 3 7
37 41 3 7
3 19 4 4
4 43 4 4
14 27 4 4
18 28 4 4
22 33 4 4
27 35 4 4
31 39 4 4
6 9 3 8
14 39 5 2
30 43 2 12
6 13 3 9
32 42 4 6
26 39 5 3
17 40 2 14
8 13 2 16
(130 246)

Arvore 52
0 1 2 2
5 14 2 3
11 41 2 3
12 35 2 3
16 20 2 5
0 35 3 2
15 34 3 2
21 37 2 6
13 42 3 3
20 28 3 3
2 22 2 7
14 29 2 7
21 42 2 7
30 36 2 7
14 37 3 4
30 41 3 4
1 7 3 5
7 10 3 5
10 20 3 5
35 40 3 5
15 21 2 9
18 24 2 9
21 25 2 9
20 33 3 6
4 23 4 3
16 38 4 3
12 44 3 7
13 19 3 7
37 41 3 7
3 19 4 4
4 43 4 4
14 27 4 4
18 28 4 4
22 33 4 4
27 35 4 4
31 39 4 4
6 9 3 8
14 39 5 2
6 13 3 9
32 42 4 6
34 43 4 6
26 39 5 3
17 40 2 14
8 13 2 16
(132 240)

Arvore 53
0 1 2 2
5 14 2 3
11 41 2 3
12 35 2 3
16 20 2 5
0 35 3 2
15 34 3 2
21 37 2 6
13 42 3 3
20 28 3 3
2 22 2 7
14 29 2 7
21 42 2 7
30 36 2 7
14 37 3 4
30 41 3 4
1 7 3 5
7 10 3 5
10 20 3 5
35 40 3 5
15 21 2 9
18 24 2 9
21 25 2 9
20 33 3 6
4 23 4 3
16 38 4 3
12 44 3 7
13 19 3 7
37 41 3 7
3 19 4 4
4 43 4 4
14 27 4 4
18 28 4 4
22 33 4 4
27 35 4 4
31 39 4 4
6 9 3 8
14 39 5 2
30 43 2 12
6 12 4 6
32 42 4 6
26 39 5 3
17 40 2 14
8 13 2 16
(131 243)

Arvore 54
0 1 2 2
5 14 2 3
11 41 2 3
12 35 2 3
16 20 2 5
0 35 3 2
15 34 3 2
21 37 2 6
13 42 3 3
20 28 3 3
2 22 2 7
14 29 2 7
21 42 2 7
30 36 2 7
14 37 3 4
30 41 3 4
1 7 3 5
7 10 3 5
10 20 3 5
35 40 3 5
15 21 2 9
18 24 2 9
21 25 2 9
20 33 3 6
4 23 4 3
16 38 4 3
12 44 3 7
13 19 3 7
37 41 3 7
3 19 4 4
4 43 4 4
14 27 4 4
18 28 4 4
22 33 4 4
27 35 4 4
31 39 4 4
6 9 3 8
14 39 5 2
6 13 3 9
32 42 4 6
34 43 4 6
26 39 5 3
17 40 2 14
0 8 4 10
(134 234)

Arvore 55
0 1 2 2
5 14 2 3
11 41 2 3
12 35 2 3
16 20 2 5
0 35 3 2
15 34 3 2
21 37 2 6
13 42 3 3
20 28 3 3
2 22 2 7
14 29 2 7
21 42 2 7
30 36 2 7
14 37 3 4
30 41 3 4
1 7 3 5
7 10 3 5
10 20 3 5
35 40 3 5
15 21 2 9
18 24 2 9
21 25 2 9
20 33 3 6
4 23 4 3
16 38 4 3
5 27 2 10
12 44 3 7
13 19 3 7
37 41 3 7
3 19 4 4
4 43 4 4
18 28 4 4
22 33 4 4
27 35 4 4
31 39 4 4
6 9 3 8
14 39 5 2
6 13 3 9
32 42 4 6
4 9 5 3
26 39 5 3
17 40 2 14
0 8 4 10
(133 237)

Arvore 56
0 1 2 2
5 14 2 3
11 41 2 3
12 35 2 3
16 20 2 5
0 35 3 2
15 34 3 2
21 37 2 6
13 42 3 3
20 28 3 3
2 22 2 7
14 29 2 7
21 42 2 7
30 36 2 7
14 37 3 4
30 41 3 4
1 7 3 5
7 10 3 5
10 20 3 5
35 40 3 5
15 21 2 9
18 24 2 9
21 25 2 9
20 33 3 6
4 23 4 3
16 38 4 3
5 27 2 10
12 44 3 7
13 19 3 7
37 41 3 7
3 19 4 4
4 43 4 4
18 28 4 4
22 33 4 4
27 35 4 4
31 39 4 4
6 9 3 8
14 39 5 2
30 43 2 12
6 12 4 6
32 42 4 6
26 39 5 3
17 40 2 14
8 13 2 16
(129 249)

Arvore 57
0 1 2 2
5 14 2 3
11 41 2 3
12 35 2 3
16 20 2 5
0 35 3 2
15 34 3 2
21 37 2 6
13 42 3 3
20 28 3 3
2 22 2 7
14 29 2 7
21 42 2 7
30 36 2 7
14 37 3 4
30 41 3 4
1 7 3 5
7 10 3 5
10 20 3 5
35 40 3 5
15 21 2 9
18 24 2 9
21 25 2 9
20 33 3 6
4 23 4 3
16 38 4 3
5 27 2 10
12 44 3 7
13 19 3 7
37 41 3 7
3 19 4 4
4 43 4 4
18 28 4 4
22 33 4 4
27 35 4 4
31 39 4 4
6 9 3 8
14 39 5 2
6 12 4 6
32 42 4 6
34 43 4 6
26 39 5 3
17 40 2 14
8 23 6 4
(135 231)

Arvore 58
0 1 2 2
5 14 2 3
11 41 2 3
12 35 2 3
16 20 2 5
0 35 3 2
15 34 3 2
21 37 2 6
13 42 3 3
20 28 3 3
2 22 2 7
14 29 2 7
21 42 2 7
30 36 2 7
14 37 3 4
30 41 3 4
1 7 3 5
7 10 3 5
10 20 3 5
35 40 3 5
15 21 2 9
18 24 2 9
21 25 2 9
20 33 3 6
4 23 4 3
16 38 4 3
12 44 3 7
13 19 3 7
37 41 3 7
3 19 4 4
4 43 4 4
14 27 4 4
18 28 4 4
22 33 4 4
27 35 4 4
31 39 4 4
6 9 3 8
14 39 5 2
6 13 3 9
32 42 4 6
34 43 4 6
26 39 5 3
17 40 2 14
8 23 6 4
(136 228)

Arvore 59
0 1 2 2
5 14 2 3
11 41 2 3
12 35 2 3
16 20 2 5
0 35 3 2
15 34 3 2
21 37 2 6
13 42 3 3
20 28 3 3
2 22 2 7
14 29 2 7
21 42 2 7
30 36 2 7
14 37 3 4
30 41 3 4
1 7 3 5
7 10 3 5
10 20 3 5
35 40 3 5
15 21 2 9
18 24 2 9
21 25 2 9
20 33 3 6
4 23 4 3
16 38 4 3
5 27 2 10
12 44 3 7
13 19 3 7
37 41 3 7
3 19 4 4
4 43 4 4
18 28 4 4
22 33 4 4
27 35 4 4
31 39 4 4
6 9 3 8
14 39 5 2
6 12 4 6
32 42 4 6
34 43 4 6
26 39 5 3
17 36 4 8
8 23 6 4
(137 225)

Arvore 60
0 1 2 2
5 14 2 3
11 41 2 3
12 35 2 3
16 20 2 5
0 35 3 2
15 34 3 2
21 37 2 6
13 42 3 3
20 28 3 3
2 22 2 7
14 29 2 7
21 42 2 7
30 36 2 7
14 37 3 4
30 41 3 4
1 7 3 5
7 10 3 5
10 20 3 5
35 40 3 5
15 21 2 9
18 24 2 9
21 25 2 9
20 33 3 6
4 23 4 3
16 38 4 3
5 27 2 10
12 44 3 7
13 19 3 7
37 41 3 7
3 19 4 4
4 43 4 4
18 28 4 4
22 33 4 4
27 35 4 4
31 39 4 4
6 9 3 8
14 39 5 2
6 12 4 6
32 42 4 6
4 9 5 3
26 39 5 3
17 36 4 8
8 23 6 4
(138 222)

Arvore 61
0 1 2 2
5 14 2 3
11 41 2 3
12 35 2 3
16 20 2 5
0 35 3 2
15 34 3 2
21 37 2 6
13 42 3 3
20 28 3 3
2 22 2 7
14 29 2 7
21 42 2 7
30 36 2 7
14 37 3 4
30 41 3 4
1 7 3 5
7 10 3 5
10 20 3 5
35 40 3 5
15 21 2 9
18 24 2 9
21 25 2 9
20 33 3 6
4 23 4 3
16 38 4 3
12 44 3 7
13 19 3 7
37 41 3 7
3 19 4 4
4 43 4 4
14 27 4 4
18 28 4 4
22 33 4 4
27 35 4 4
31 39 4 4
6 9 3 8
14 39 5 2
6 13 3 9
32 42 4 6
4 9 5 3
26 39 5 3
17 36 4 8
8 23 6 4
(139 219)

Arvore 62
0 1 2 2
5 14 2 3
11 41 2 3
12 35 2 3
0 35 3 2
15 34 3 2
16 20 2 5
13 42 3 3
20 28 3 3
21 37 2 6
14 37 3 4
30 41 3 4
2 22 2 7
14 29 2 7
21 42 2 7
30 36 2 7
1 7 3 5
7 10 3 5
10 20 3 5
35 40 3 5
4 23 4 3
16 38 4 3
20 33 3 6
3 19 4 4
4 43 4 4
14 27 4 4
18 28 4 4
22 33 4 4
27 35 4 4
31 39 4 4
14 39 5 2
15 21 2 9
18 24 2 9
21 25 2 9
12 44 3 7
37 41 3 7
4 9 5 3
19 28 5 3
26 39 5 3
6 9 3 8
6 12 4 6
32 42 4 6
17 36 4 8
8 23 6 4
(142 212)

Arvore 63
0 1 2 2
5 14 2 3
11 41 2 3
12 35 2 3
0 35 3 2
15 34 3 2
16 20 2 5
13 42 3 3
20 28 3 3
21 37 2 6
14 37 3 4
30 41 3 4
2 22 2 7
14 29 2 7
21 42 2 7
30 36 2 7
1 7 3 5
7 10 3 5
10 20 3 5
35 40 3 5
4 23 4 3
16 38 4 3
20 33 3 6
3 19 4 4
4 43 4 4
14 27 4 4
18 28 4 4
22 33 4 4
27 35 4 4
31 39 4 4
14 39 5 2
15 21 2 9
18 24 2 9
21 25 2 9
12 44 3 7
37 41 3 7
4 9 5 3
19 28 5 3
26 39 5 3
6 12 4 6
32 42 4 6
34 43 4 6
17 36 4 8
8 23 6 4
(143 210)

Arvore 64
0 1 2 2
5 14 2 3
11 41 2 3
12 35 2 3
0 35 3 2
15 34 3 2
16 20 2 5
13 42 3 3
20 28 3 3
21 37 2 6
14 37 3 4
30 41 3 4
2 22 2 7
14 29 2 7
21 42 2 7
30 36 2 7
1 7 3 5
7 10 3 5
10 20 3 5
35 40 3 5
4 23 4 3
16 38 4 3
20 33 3 6
3 19 4 4
4 43 4 4
14 27 4 4
18 28 4 4
22 33 4 4
27 35 4 4
31 39 4 4
14 39 5 2
15 21 2 9
18 24 2 9
21 25 2 9
12 44 3 7
37 41 3 7
4 9 5 3
19 28 5 3
26 39 5 3
6 12 4 6
32 42 4 6
6 43 5 4
17 36 4 8
8 23 6 4
(144 208)

Arvore 65
0 1 2 2
5 14 2 3
11 41 2 3
12 35 2 3
0 35 3 2
15 34 3 2
16 20 2 5
13 42 3 3
20 28 3 3
21 37 2 6
14 37 3 4
30 41 3 4
2 22 2 7
14 29 2 7
21 42 2 7
30 36 2 7
1 7 3 5
7 10 3 5
10 20 3 5
35 40 3 5
4 23 4 3
16 38 4 3
20 33 3 6
3 19 4 4
4 43 4 4
14 27 4 4
18 28 4 4
22 33 4 4
27 35 4 4
31 39 4 4
14 39 5 2
15 21 2 9
18 24 2 9
21 25 2 9
12 44 3 7
13 19 3 7
37 41 3 7
4 9 5 3
26 39 5 3
6 12 4 6
32 42 4 6
34 43 4 6
17 36 4 8
8 23 6 4
(141 214)

Arvore 66
0 1 2 2
5 14 2 3
11 41 2 3
12 35 2 3
0 35 3 2
15 34 3 2
16 20 2 5
13 42 3 3
20 28 3 3
21 37 2 6
14 37 3 4
30 41 3 4
2 22 2 7
14 29 2 7
21 42 2 7
30 36 2 7
1 7 3 5
7 10 3 5
10 20 3 5
35 40 3 5
4 23 4 3
16 38 4 3
20 33 3 6
3 19 4 4
4 43 4 4
14 27 4 4
18 28 4 4
22 33 4 4
27 35 4 4
31 39 4 4
14 39 5 2
15 21 2 9
18 24 2 9
21 25 2 9
12 44 3 7
4 9 5 3
19 28 5 3
21 41 5 3
26 39 5 3
6 9 3 8
6 12 4 6
32 42 4 6
6 17 5 6
8 23 6 4
(145 206)

Arvore 67
0 1 2 2
5 14 2 3
11 41 2 3
12 35 2 3
0 35 3 2
15 34 3 2
16 20 2 5
13 42 3 3
20 28 3 3
21 37 2 6
14 37 3 4
30 41 3 4
2 22 2 7
14 29 2 7
21 42 2 7
30 36 2 7
1 7 3 5
7 10 3 5
10 20 3 5
35 40 3 5
4 23 4 3
16 38 4 3
20 33 3 6
3 19 4 4
4 43 4 4
14 27 4 4
18 28 4 4
22 33 4 4
27 35 4 4
31 39 4 4
14 39 5 2
15 21 2 9
18 24 2 9
21 25 2 9
12 44 3 7
4 9 5 3
19 28 5 3
21 41 5 3
26 39 5 3
32 42 4 6
34 43 4 6
6 43 5 4
17 36 4 8
8 23 6 4
(146 204)

Arvore 68
0 1 2 2
5 14 2 3
11 41 2 3
12 35 2 3
0 35 3 2
15 34 3 2
16 20 2 5
13 42 3 3
20 28 3 3
21 37 2 6
14 37 3 4
30 41 3 4
2 22 2 7
14 29 2 7
21 42 2 7
30 36 2 7
1 7 3 5
7 10 3 5
10 20 3 5
35 40 3 5
4 23 4 3
16 38 4 3
20 33 3 6
3 19 4 4
4 43 4 4
14 27 4 4
18 28 4 4
22 33 4 4
27 35 4 4
31 39 4 4
14 39 5 2
15 21 2 9
18 24 2 9
21 25 2 9
12 44 3 7
4 9 5 3
19 28 5 3
21 41 5 3
26 39 5 3
32 42 4 6
6 43 5 4
16 23 5 4
17 36 4 8
8 23 6 4
(147 202)

Arvore 69
0 1 2 2
5 14 2 3
11 41 2 3
12 35 2 3
0 35 3 2
15 34 3 2
13 42 3 3
20 28 3 3
16 20 2 5
14 37 3 4
30 41 3 4
21 37 2 6
4 23 4 3
16 38 4 3
1 7 3 5
7 10 3 5
10 20 3 5
35 40 3 5
2 22 2 7
14 29 2 7
21 42 2 7
30 36 2 7
14 39 5 2
3 19 4 4
4 43 4 4
14 27 4 4
18 28 4 4
22 33 4 4
27 35 4 4
31 39 4 4
20 33 3 6
4 9 5 3
19 28 5 3
21 41 5 3
26 39 5 3
12 44 3 7
18 24 2 9
21 25 2 9
6 43 5 4
16 23 5 4
11 34 4 6
32 42 4 6
8 23 6 4
6 17 5 6
(150 197)

Arvore 70
0 1 2 2
5 14 2 3
11 41 2 3
12 35 2 3
0 35 3 2
15 34 3 2
13 42 3 3
20 28 3 3
16 20 2 5
14 37 3 4
30 41 3 4
21 37 2 6
4 23 4 3
16 38 4 3
1 7 3 5
7 10 3 5
10 20 3 5
35 40 3 5
2 22 2 7
14 29 2 7
21 42 2 7
30 36 2 7
14 39 5 2
3 19 4 4
4 43 4 4
14 27 4 4
18 28 4 4
22 33 4 4
27 35 4 4
31 39 4 4
20 33 3 6
4 9 5 3
19 28 5 3
21 41 5 3
26 39 5 3
12 44 3 7
18 24 2 9
21 25 2 9
6 43 5 4
16 23 5 4
11 34 4 6
32 42 4 6
8 23 6 4
17 36 4 8
(149 199)

Arvore 71
0 1 2 2
5 14 2 3
11 41 2 3
12 35 2 3
0 35 3 2
15 34 3 2
13 42 3 3
20 28 3 3
16 20 2 5
14 37 3 4
30 41 3 4
21 37 2 6
4 23 4 3
16 38 4 3
1 7 3 5
7 10 3 5
10 20 3 5
35 40 3 5
14 39 5 2
2 22 2 7
14 29 2 7
21 42 2 7
30 36 2 7
3 19 4 4
4 43 4 4
14 27 4 4
18 28 4 4
22 33 4 4
27 35 4 4
31 39 4 4
20 33 3 6
4 9 5 3
19 28 5 3
21 41 5 3
26 39 5 3
12 44 3 7
6 43 5 4
16 23 5 4
24 34 5 4
21 25 2 9
11 34 4 6
32 42 4 6
8 23 6 4
17 36 4 8
(152 194)

Arvore 72
0 1 2 2
5 14 2 3
11 41 2 3
12 35 2 3
0 35 3 2
15 34 3 2
13 42 3 3
20 28 3 3
16 20 2 5
14 37 3 4
30 41 3 4
4 23 4 3
16 38 4 3
14 39 5 2
21 37 2 6
1 7 3 5
7 10 3 5
10 20 3 5
35 40 3 5
3 19 4 4
4 43 4 4
14 27 4 4
18 28 4 4
22 33 4 4
27 35 4 4
31 39 4 4
4 9 5 3
19 28 5 3
21 41 5 3
26 39 5 3
2 22 2 7
14 29 2 7
21 42 2 7
30 36 2 7
20 33 3 6
6 43 5 4
16 23 5 4
24 34 5 4
12 44 3 7
32 42 4 6
34 43 4 6
8 23 6 4
21 25 2 9
17 42 6 5
(154 191)

Arvore 73
0 1 2 2
5 14 2 3
11 41 2 3
12 35 2 3
0 35 3 2
15 34 3 2
13 42 3 3
20 28 3 3
16 20 2 5
14 37 3 4
30 41 3 4
4 23 4 3
16 38 4 3
14 39 5 2
21 37 2 6
1 7 3 5
7 10 3 5
10 20 3 5
35 40 3 5
3 19 4 4
4 43 4 4
14 27 4 4
22 33 4 4
27 35 4 4
31 39 4 4
4 9 5 3
18 35 5 3
19 28 5 3
21 41 5 3
26 39 5 3
2 22 2 7
14 29 2 7
21 42 2 7
30 36 2 7
20 33 3 6
16 23 5 4
24 34 5 4
6 30 6 3
12 44 3 7
11 34 4 6
32 42 4 6
8 23 6 4
21 25 2 9
6 17 5 6
(155 190)

Arvore 74
0 1 2 2
5 14 2 3
11 41 2 3
12 35 2 3
0 35 3 2
15 34 3 2
13 42 3 3
20 28 3 3
16 20 2 5
14 37 3 4
30 41 3 4
4 23 4 3
16 38 4 3
14 39 5 2
21 37 2 6
7 10 3 5
10 20 3 5
35 40 3 5
3 19 4 4
4 43 4 4
14 27 4 4
18 28 4 4
22 33 4 4
27 35 4 4
31 39 4 4
4 9 5 3
18 35 5 3
19 28 5 3
21 41 5 3
26 39 5 3
2 22 2 7
14 29 2 7
21 42 2 7
30 36 2 7
20 33 3 6
6 43 5 4
16 23 5 4
24 34 5 4
12 44 3 7
32 42 4 6
34 43 4 6
8 23 6 4
21 25 2 9
17 42 6 5
(156 189)

Arvore 75
0 1 2 2
5 14 2 3
11 41 2 3
12 35 2 3
0 35 3 2
15 34 3 2
13 42 3 3
20 28 3 3
16 20 2 5
14 37 3 4
30 41 3 4
4 23 4 3
16 38 4 3
14 39 5 2
21 37 2 6
1 7 3 5
10 20 3 5
35 40 3 5
3 19 4 4
4 43 4 4
14 27 4 4
18 28 4 4
22 33 4 4
27 35 4 4
31 39 4 4
4 9 5 3
18 35 5 3
19 28 5 3
21 41 5 3
26 39 5 3
2 22 2 7
14 29 2 7
21 42 2 7
30 36 2 7
20 33 3 6
6 43 5 4
24 34 5 4
9 40 6 3
12 44 3 7
11 34 4 6
32 42 4 6
8 23 6 4
21 25 2 9
17 42 6 5
(157 188)

Arvore 76
0 1 2 2
5 14 2 3
11 41 2 3
12 35 2 3
0 35 3 2
15 34 3 2
13 42 3 3
20 28 3 3
16 20 2 5
14 37 3 4
30 41 3 4
4 23 4 3
16 38 4 3
14 39 5 2
21 37 2 6
7 10 3 5
10 20 3 5
35 40 3 5
3 19 4 4
4 43 4 4
14 27 4 4
18 28 4 4
22 33 4 4
27 35 4 4
31 39 4 4
4 9 5 3
18 35 5 3
19 28 5 3
21 41 5 3
26 39 5 3
2 22 2 7
14 29 2 7
21 42 2 7
30 36 2 7
20 33 3 6
6 43 5 4
16 23 5 4
24 34 5 4
12 44 3 7
11 34 4 6
32 42 4 6
8 23 6 4
7 25 7 3
6 17 5 6
(160 184)

Arvore 77
0 1 2 2
5 14 2 3
11 41 2 3
12 35 2 3
0 35 3 2
15 34 3 2
13 42 3 3
20 28 3 3
16 20 2 5
14 37 3 4
30 41 3 4
4 23 4 3
16 38 4 3
14 39 5 2
21 37 2 6
1 7 3 5
7 10 3 5
10 20 3 5
35 40 3 5
3 19 4 4
4 43 4 4
14 27 4 4
18 28 4 4
22 33 4 4
27 35 4 4
31 39 4 4
4 9 5 3
19 28 5 3
21 41 5 3
26 39 5 3
14 29 2 7
21 42 2 7
30 36 2 7
20 33 3 6
2 35 5 4
6 43 5 4
16 23 5 4
24 34 5 4
12 44 3 7
11 34 4 6
32 42 4 6
8 23 6 4
7 25 7 3
6 17 5 6
(161 183)

Arvore 78
0 1 2 2
5 14 2 3
11 41 2 3
12 35 2 3
0 35 3 2
15 34 3 2
13 42 3 3
20 28 3 3
16 20 2 5
14 37 3 4
30 41 3 4
4 23 4 3
16 38 4 3
14 39 5 2
21 37 2 6
7 10 3 5
10 20 3 5
35 40 3 5
3 19 4 4
4 43 4 4
14 27 4 4
18 28 4 4
22 33 4 4
27 35 4 4
31 39 4 4
4 9 5 3
18 35 5 3
19 28 5 3
21 41 5 3
26 39 5 3
14 29 2 7
21 42 2 7
30 36 2 7
20 33 3 6
2 35 5 4
6 43 5 4
16 23 5 4
24 34 5 4
12 44 3 7
11 34 4 6
32 42 4 6
8 23 6 4
7 25 7 3
6 17 5 6
(163 181)

Arvore 79
0 1 2 2
5 14 2 3
11 41 2 3
12 35 2 3
0 35 3 2
15 34 3 2
13 42 3 3
20 28 3 3
16 20 2 5
14 37 3 4
30 41 3 4
4 23 4 3
16 38 4 3
14 39 5 2
21 37 2 6
7 10 3 5
10 20 3 5
35 40 3 5
3 19 4 4
4 43 4 4
14 27 4 4
18 28 4 4
22 33 4 4
27 35 4 4
31 39 4 4
4 9 5 3
18 35 5 3
19 28 5 3
21 41 5 3
26 39 5 3
2 22 2 7
14 29 2 7
30 36 2 7
20 33 3 6
6 43 5 4
16 23 5 4
24 34 5 4
11 42 7 2
12 44 3 7
11 34 4 6
32 42 4 6
8 23 6 4
7 25 7 3
6 17 5 6
(165 179)

Arvore 80
0 1 2 2
5 14 2 3
11 41 2 3
12 35 2 3
0 35 3 2
15 34 3 2
13 42 3 3
20 28 3 3
16 20 2 5
14 37 3 4
30 41 3 4
4 23 4 3
16 38 4 3
14 39 5 2
21 37 2 6
7 10 3 5
10 20 3 5
35 40 3 5
3 19 4 4
4 43 4 4
14 27 4 4
18 28 4 4
22 33 4 4
27 35 4 4
31 39 4 4
4 9 5 3
18 35 5 3
19 28 5 3
21 41 5 3
26 39 5 3
2 22 2 7
14 29 2 7
21 42 2 7
20 33 3 6
6 43 5 4
16 23 5 4
24 34 5 4
14 36 6 3
12 44 3 7
11 34 4 6
32 42 4 6
8 23 6 4
7 25 7 3
6 17 5 6
(164 180)

Arvore 81
0 1 2 2
5 14 2 3
11 41 2 3
12 35 2 3
0 35 3 2
15 34 3 2
13 42 3 3
20 28 3 3
16 20 2 5
14 37 3 4
30 41 3 4
4 23 4 3
16 38 4 3
14 39 5 2
21 37 2 6
7 10 3 5
10 20 3 5
35 40 3 5
3 19 4 4
4 43 4 4
14 27 4 4
18 28 4 4
22 33 4 4
27 35 4 4
31 39 4 4
4 9 5 3
18 35 5 3
19 28 5 3
21 41 5 3
26 39 5 3
2 22 2 7
14 29 2 7
21 42 2 7
30 36 2 7
2 35 5 4
6 43 5 4
16 23 5 4
24 34 5 4
12 44 3 7
11 34 4 6
32 42 4 6
8 23 6 4
7 25 7 3
6 17 5 6
(162 182)

Arvore 82
0 1 2 2
5 14 2 3
11 41 2 3
12 35 2 3
0 35 3 2
15 34 3 2
13 42 3 3
20 28 3 3
16 20 2 5
14 37 3 4
30 41 3 4
4 23 4 3
16 38 4 3
14 39 5 2
21 37 2 6
7 10 3 5
10 20 3 5
35 40 3 5
3 19 4 4
4 43 4 4
14 27 4 4
18 28 4 4
22 33 4 4
27 35 4 4
31 39 4 4
4 9 5 3
18 35 5 3
19 28 5 3
21 41 5 3
26 39 5 3
2 22 2 7
14 29 2 7
21 42 2 7
20 33 3 6
6 43 5 4
16 23 5 4
24 34 5 4
14 36 6 3
11 34 4 6
32 42 4 6
39 44 5 5
8 23 6 4
7 25 7 3
6 17 5 6
(166 178)

Arvore 83
0 1 2 2
5 14 2 3
11 41 2 3
12 35 2 3
0 35 3 2
15 34 3 2
13 42 3 3
20 28 3 3
16 20 2 5
14 37 3 4
30 41 3 4
4 23 4 3
16 38 4 3
14 39 5 2
21 37 2 6
7 10 3 5
10 20 3 5
35 40 3 5
3 19 4 4
4 43 4 4
14 27 4 4
18 28 4 4
22 33 4 4
27 35 4 4
31 39 4 4
4 9 5 3
18 35 5 3
19 28 5 3
21 41 5 3
26 39 5 3
2 22 2 7
14 29 2 7
30 36 2 7
20 33 3 6
6 43 5 4
16 23 5 4
24 34 5 4
11 42 7 2
11 34 4 6
32 42 4 6
39 44 5 5
8 23 6 4
7 25 7 3
6 17 5 6
(167 177)

Arvore 84
0 1 2 2
5 14 2 3
11 41 2 3
12 35 2 3
0 35 3 2
15 34 3 2
13 42 3 3
20 28 3 3
16 20 2 5
14 37 3 4
30 41 3 4
4 23 4 3
16 38 4 3
14 39 5 2
21 37 2 6
7 10 3 5
10 20 3 5
35 40 3 5
3 19 4 4
4 43 4 4
14 27 4 4
18 28 4 4
22 33 4 4
27 35 4 4
31 39 4 4
4 9 5 3
18 35 5 3
19 28 5 3
21 41 5 3
26 39 5 3
2 22 2 7
14 29 2 7
20 33 3 6
6 43 5 4
16 23 5 4
24 34 5 4
14 36 6 3
11 42 7 2
12 44 3 7
11 34 4 6
32 42 4 6
8 23 6 4
7 25 7 3
6 17 5 6
(169 175)

Arvore 85
0 1 2 2
5 14 2 3
11 41 2 3
12 35 2 3
0 35 3 2
15 34 3 2
13 42 3 3
20 28 3 3
16 20 2 5
14 37 3 4
30 41 3 4
4 23 4 3
16 38 4 3
14 39 5 2
21 37 2 6
7 10 3 5
10 20 3 5
35 40 3 5
3 19 4 4
4 43 4 4
14 27 4 4
18 28 4 4
22 33 4 4
27 35 4 4
31 39 4 4
4 9 5 3
18 35 5 3
19 28 5 3
21 41 5 3
26 39 5 3
2 22 2 7
14 29 2 7
20 33 3 6
6 43 5 4
16 23 5 4
24 34 5 4
14 36 6 3
11 42 7 2
12 44 3 7
11 34 4 6
32 42 4 6
8 23 6 4
7 25 7 3
17 42 6 5
(170 174)

Arvore 86
0 1 2 2
5 14 2 3
11 41 2 3
12 35 2 3
0 35 3 2
15 34 3 2
13 42 3 3
20 28 3 3
16 20 2 5
14 37 3 4
30 41 3 4
4 23 4 3
16 38 4 3
14 39 5 2
21 37 2 6
7 10 3 5
10 20 3 5
35 40 3 5
3 19 4 4
4 43 4 4
14 27 4 4
18 28 4 4
22 33 4 4
27 35 4 4
31 39 4 4
4 9 5 3
18 35 5 3
19 28 5 3
21 41 5 3
26 39 5 3
2 22 2 7
14 29 2 7
30 36 2 7
2 35 5 4
16 23 5 4
24 34 5 4
6 30 6 3
11 42 7 2
12 44 3 7
11 34 4 6
32 42 4 6
8 23 6 4
7 25 7 3
6 17 5 6
(168 176)

Arvore 87
0 1 2 2
5 14 2 3
11 41 2 3
12 35 2 3
0 35 3 2
15 34 3 2
13 42 3 3
20 28 3 3
16 20 2 5
14 37 3 4
30 41 3 4
4 23 4 3
16 38 4 3
14 39 5 2
21 37 2 6
7 10 3 5
10 20 3 5
35 40 3 5
3 19 4 4
4 43 4 4
14 27 4 4
18 28 4 4
22 33 4 4
27 35 4 4
31 39 4 4
4 9 5 3
18 35 5 3
19 28 5 3
21 41 5 3
26 39 5 3
2 22 2 7
14 29 2 7
20 33 3 6
6 43 5 4
16 23 5 4
24 34 5 4
14 36 6 3
11 42 7 2
12 44 3 7
11 34 4 6
32 42 4 6
8 23 6 4
7 25 7 3
17 32 8 3
(172 172)

Arvore 88
0 1 2 2
5 14 2 3
11 41 2 3
12 35 2 3
0 35 3 2
15 34 3 2
13 42 3 3
20 28 3 3
16 20 2 5
14 37 3 4
30 41 3 4
4 23 4 3
16 38 4 3
14 39 5 2
21 37 2 6
7 10 3 5
10 20 3 5
35 40 3 5
3 19 4 4
4 43 4 4
14 27 4 4
18 28 4 4
22 33 4 4
27 35 4 4
31 39 4 4
4 9 5 3
18 35 5 3
19 28 5 3
21 41 5 3
26 39 5 3
2 22 2 7
14 29 2 7
30 36 2 7
2 35 5 4
16 23 5 4
24 34 5 4
6 30 6 3
11 42 7 2
12 44 3 7
11 34 4 6
32 42 4 6
8 23 6 4
7 25 7 3
17 32 8 3
(171 173)

Arvore 89
0 1 2 2
5 14 2 3
11 41 2 3
12 35 2 3
0 35 3 2
15 34 3 2
13 42 3 3
20 28 3 3
16 20 2 5
14 37 3 4
30 41 3 4
4 23 4 3
16 38 4 3
14 39 5 2
21 37 2 6
7 10 3 5
10 20 3 5
35 40 3 5
3 19 4 4
4 43 4 4
14 27 4 4
18 28 4 4
22 33 4 4
27 35 4 4
31 39 4 4
4 9 5 3
18 35 5 3
19 28 5 3
21 41 5 3
26 39 5 3
2 22 2 7
14 29 2 7
30 36 2 7
2 35 5 4
6 43 5 4
24 34 5 4
6 30 6 3
11 42 7 2
11 34 4 6
32 42 4 6
39 44 5 5
8 23 6 4
7 25 7 3
17 32 8 3
(173 171)

Arvore 90
0 1 2 2
5 14 2 3
11 41 2 3
12 35 2 3
0 35 3 2
15 34 3 2
13 42 3 3
20 28 3 3
16 20 2 5
14 37 3 4
30 41 3 4
4 23 4 3
16 38 4 3
14 39 5 2
21 37 2 6
1 7 3 5
7 10 3 5
10 20 3 5
35 40 3 5
3 19 4 4
4 43 4 4
14 27 4 4
22 33 4 4
27 35 4 4
31 39 4 4
4 9 5 3
18 35 5 3
19 28 5 3
21 41 5 3
26 39 5 3
2 22 2 7
14 29 2 7
21 42 2 7
30 36 2 7
20 33 3 6
6 43 5 4
16 23 5 4
24 34 5 4
12 44 3 7
11 34 4 6
32 42 4 6
8 23 6 4
7 25 7 3
6 17 5 6
(159 185)

Arvore 91
0 1 2 2
5 14 2 3
11 41 2 3
12 35 2 3
0 35 3 2
15 34 3 2
13 42 3 3
20 28 3 3
16 20 2 5
14 37 3 4
30 41 3 4
4 23 4 3
16 38 4 3
14 39 5 2
21 37 2 6
7 10 3 5
10 20 3 5
35 40 3 5
3 19 4 4
4 43 4 4
14 27 4 4
18 28 4 4
22 33 4 4
27 35 4 4
31 39 4 4
4 9 5 3
18 35 5 3
19 28 5 3
21 41 5 3
26 39 5 3
2 22 2 7
14 29 2 7
21 42 2 7
20 33 3 6
6 43 5 4
24 34 5 4
14 36 6 3
9 18 7 2
32 42 4 6
0 34 6 4
8 23 6 4
37 44 6 4
7 25 7 3
17 32 8 3
(174 170)

Arvore 92
0 1 2 2
5 14 2 3
11 41 2 3
12 35 2 3
0 35 3 2
15 34 3 2
13 42 3 3
20 28 3 3
16 20 2 5
14 37 3 4
30 41 3 4
4 23 4 3
16 38 4 3
14 39 5 2
21 37 2 6
1 7 3 5
7 10 3 5
10 20 3 5
35 40 3 5
3 19 4 4
4 43 4 4
14 27 4 4
22 33 4 4
27 35 4 4
31 39 4 4
4 9 5 3
18 35 5 3
19 28 5 3
21 41 5 3
26 39 5 3
14 29 2 7
21 42 2 7
20 33 3 6
2 35 5 4
24 34 5 4
6 30 6 3
14 36 6 3
9 18 7 2
11 34 4 6
32 42 4 6
8 23 6 4
37 44 6 4
7 25 7 3
17 32 8 3
(175 169)

Arvore 93
0 1 2 2
5 14 2 3
11 41 2 3
12 35 2 3
0 35 3 2
15 34 3 2
13 42 3 3
20 28 3 3
16 20 2 5
14 37 3 4
30 41 3 4
4 23 4 3
16 38 4 3
14 39 5 2
21 37 2 6
1 7 3 5
7 10 3 5
10 20 3 5
35 40 3 5
3 19 4 4
4 43 4 4
14 27 4 4
22 33 4 4
27 35 4 4
31 39 4 4
4 9 5 3
18 35 5 3
19 28 5 3
21 41 5 3
26 39 5 3
14 29 2 7
21 42 2 7
20 33 3 6
2 35 5 4
24 34 5 4
6 30 6 3
14 36 6 3
9 18 7 2
32 42 4 6
39 44 5 5
0 34 6 4
8 23 6 4
7 25 7 3
17 32 8 3
(176 168)

Arvore 94
0 1 2 2
5 14 2 3
11 41 2 3
12 35 2 3
0 35 3 2
15 34 3 2
13 42 3 3
20 28 3 3
16 20 2 5
14 37 3 4
30 41 3 4
4 23 4 3
16 38 4 3
14 39 5 2
21 37 2 6
1 7 3 5
7 10 3 5
10 20 3 5
35 40 3 5
3 19 4 4
4 43 4 4
14 27 4 4
22 33 4 4
27 35 4 4
31 39 4 4
4 9 5 3
18 35 5 3
19 28 5 3
21 41 5 3
26 39 5 3
14 29 2 7
21 42 2 7
20 33 3 6
2 35 5 4
24 34 5 4
6 30 6 3
14 36 6 3
9 18 7 2
32 42 4 6
0 34 6 4
8 23 6 4
37 44 6 4
7 25 7 3
17 32 8 3
(177 167)

Arvore 95
0 1 2 2
5 14 2 3
11 41 2 3
12 35 2 3
0 35 3 2
15 34 3 2
13 42 3 3
20 28 3 3
16 20 2 5
14 37 3 4
30 41 3 4
4 23 4 3
16 38 4 3
14 39 5 2
21 37 2 6
1 7 3 5
7 10 3 5
10 20 3 5
35 40 3 5
3 19 4 4
4 43 4 4
14 27 4 4
22 33 4 4
27 35 4 4
31 39 4 4
4 9 5 3
18 35 5 3
19 28 5 3
21 41 5 3
26 39 5 3
14 29 2 7
20 33 3 6
2 35 5 4
6 43 5 4
24 34 5 4
14 36 6 3
9 18 7 2
11 42 7 2
11 34 4 6
32 42 4 6
39 44 5 5
8 23 6 4
7 25 7 3
17 32 8 3
(178 166)

Arvore 96
0 1 2 2
5 14 2 3
11 41 2 3
12 35 2 3
0 35 3 2
15 34 3 2
13 42 3 3
20 28 3 3
16 20 2 5
14 37 3 4
30 41 3 4
4 23 4 3
16 38 4 3
14 39 5 2
21 37 2 6
1 7 3 5
7 10 3 5
10 20 3 5
35 40 3 5
3 19 4 4
4 43 4 4
14 27 4 4
22 33 4 4
27 35 4 4
31 39 4 4
4 9 5 3
18 35 5 3
19 28 5 3
21 41 5 3
26 39 5 3
14 29 2 7
20 33 3 6
2 35 5 4
6 43 5 4
24 34 5 4
6 30 6 3
14 36 6 3
11 42 7 2
32 42 4 6
39 44 5 5
0 34 6 4
8 23 6 4
7 25 7 3
17 32 8 3
(179 165)

Arvore 97
0 1 2 2
5 14 2 3
11 41 2 3
12 35 2 3
0 35 3 2
15 34 3 2
13 42 3 3
20 28 3 3
16 20 2 5
14 37 3 4
30 41 3 4
4 23 4 3
16 38 4 3
14 39 5 2
21 37 2 6
1 7 3 5
7 10 3 5
10 20 3 5
35 40 3 5
3 19 4 4
4 43 4 4
14 27 4 4
22 33 4 4
27 35 4 4
31 39 4 4
4 9 5 3
18 35 5 3
19 28 5 3
21 41 5 3
26 39 5 3
14 29 2 7
20 33 3 6
2 35 5 4
6 43 5 4
24 34 5 4
6 30 6 3
14 36 6 3
11 42 7 2
32 42 4 6
0 34 6 4
8 23 6 4
37 44 6 4
7 25 7 3
17 32 8 3
(180 164)

Arvore 98
0 1 2 2
5 14 2 3
11 41 2 3
12 35 2 3
0 35 3 2
15 34 3 2
13 42 3 3
20 28 3 3
16 20 2 5
14 37 3 4
30 41 3 4
4 23 4 3
16 38 4 3
14 39 5 2
21 37 2 6
1 7 3 5
7 10 3 5
10 20 3 5
35 40 3 5
3 19 4 4
4 43 4 4
14 27 4 4
22 33 4 4
27 35 4 4
31 39 4 4
4 9 5 3
18 35 5 3
19 28 5 3
21 41 5 3
26 39 5 3
14 29 2 7
20 33 3 6
2 35 5 4
6 43 5 4
24 34 5 4
14 36 6 3
9 18 7 2
11 42 7 2
32 42 4 6
0 34 6 4
8 23 6 4
37 44 6 4
7 25 7 3
17 32 8 3
(181 163)

Arvore 99
0 1 2 2
5 14 2 3
11 41 2 3
12 35 2 3
0 35 3 2
15 34 3 2
13 42 3 3
20 28 3 3
16 20 2 5
14 37 3 4
30 41 3 4
4 23 4 3
16 38 4 3
14 39 5 2
21 37 2 6
1 7 3 5
10 20 3 5
35 40 3 5
3 19 4 4
4 43 4 4
14 27 4 4
18 28 4 4
22 33 4 4
27 35 4 4
31 39 4 4
4 9 5 3
18 35 5 3
19 28 5 3
21 41 5 3
26 39 5 3
2 22 2 7
14 29 2 7
2 35 5 4
24 34 5 4
6 30 6 3
14 36 6 3
9 18 7 2
11 42 7 2
32 42 4 6
0 34 6 4
8 23 6 4
37 44 6 4
7 25 7 3
17 32 8 3
(182 162)

Arvore 100
0 1 2 2
0 35 3 2
15 34 3 2
5 14 2 3
11 41 2 3
12 35 2 3
13 42 3 3
20 28 3 3
14 39 5 2
4 23 4 3
16 38 4 3
14 37 3 4
30 41 3 4
16 20 2 5
4 9 5 3
18 35 5 3
19 28 5 3
21 41 5 3
26 39 5 3
3 19 4 4
4 43 4 4
14 27 4 4
18 28 4 4
22 33 4 4
27 35 4 4
31 39 4 4
1 7 3 5
7 10 3 5
9 18 7 2
11 42 7 2
21 37 2 6
6 30 6 3
9 40 6 3
14 36 6 3
2 35 5 4
24 34 5 4
20 33 3 6
7 25 7 3
14 29 2 7
0 34 6 4
8 23 6 4
37 44 6 4
32 42 4 6
17 32 8 3
(186 159)

Arvore 101
0 1 2 2
0 35 3 2
15 34 3 2
5 14 2 3
11 41 2 3
12 35 2 3
13 42 3 3
20 28 3 3
14 39 5 2
4 23 4 3
16 38 4 3
14 37 3 4
30 41 3 4
16 20 2 5
4 9 5 3
18 35 5 3
19 28 5 3
21 41 5 3
26 39 5 3
3 19 4 4
4 43 4 4
14 27 4 4
18 28 4 4
22 33 4 4
27 35 4 4
31 39 4 4
7 10 3 5
10 20 3 5
35 40 3 5
9 18 7 2
11 42 7 2
21 37 2 6
6 30 6 3
14 36 6 3
2 35 5 4
24 34 5 4
20 33 3 6
7 25 7 3
14 29 2 7
0 34 6 4
8 23 6 4
37 44 6 4
17 32 8 3
17 42 6 5
(185 160)

Arvore 102
0 1 2 2
0 35 3 2
15 34 3 2
5 14 2 3
11 41 2 3
12 35 2 3
13 42 3 3
20 28 3 3
14 39 5 2
4 23 4 3
16 38 4 3
14 37 3 4
30 41 3 4
16 20 2 5
4 9 5 3
18 35 5 3
19 28 5 3
21 41 5 3
26 39 5 3
3 19 4 4
4 43 4 4
14 27 4 4
18 28 4 4
22 33 4 4
27 35 4 4
31 39 4 4
9 18 7 2
11 42 7 2
1 7 3 5
7 10 3 5
6 30 6 3
9 40 6 3
14 36 6 3
28 41 6 3
2 35 5 4
24 34 5 4
7 25 7 3
20 33 3 6
0 34 6 4
8 23 6 4
37 44 6 4
14 29 2 7
17 32 8 3
32 42 4 6
(190 156)

Arvore 103
0 1 2 2
0 35 3 2
15 34 3 2
5 14 2 3
11 41 2 3
12 35 2 3
13 42 3 3
20 28 3 3
14 39 5 2
4 23 4 3
16 38 4 3
14 37 3 4
30 41 3 4
16 20 2 5
4 9 5 3
18 35 5 3
19 28 5 3
21 41 5 3
26 39 5 3
3 19 4 4
4 43 4 4
14 27 4 4
22 33 4 4
27 35 4 4
31 39 4 4
9 18 7 2
11 42 7 2
1 7 3 5
7 10 3 5
10 20 3 5
35 40 3 5
6 30 6 3
14 36 6 3
28 41 6 3
2 35 5 4
24 34 5 4
7 25 7 3
20 33 3 6
0 34 6 4
8 23 6 4
37 44 6 4
9 29 9 2
17 32 8 3
32 42 4 6
(193 154)

Arvore 104
0 1 2 2
0 35 3 2
15 34 3 2
5 14 2 3
11 41 2 3
12 35 2 3
13 42 3 3
20 28 3 3
14 39 5 2
4 23 4 3
16 38 4 3
14 37 3 4
30 41 3 4
16 20 2 5
4 9 5 3
18 35 5 3
19 28 5 3
21 41 5 3
26 39 5 3
3 19 4 4
4 43 4 4
14 27 4 4
18 28 4 4
22 33 4 4
27 35 4 4
31 39 4 4
9 18 7 2
11 42 7 2
7 10 3 5
10 20 3 5
35 40 3 5
6 30 6 3
14 36 6 3
2 35 5 4
6 43 5 4
24 34 5 4
7 25 7 3
20 33 3 6
8 23 6 4
37 44 6 4
14 29 2 7
26 34 9 2
17 32 8 3
32 42 4 6
(189 157)

Arvore 105
0 1 2 2
0 35 3 2
15 34 3 2
5 14 2 3
11 41 2 3
12 35 2 3
13 42 3 3
20 28 3 3
14 39 5 2
4 23 4 3
16 38 4 3
14 37 3 4
30 41 3 4
16 20 2 5
4 9 5 3
18 35 5 3
19 28 5 3
21 41 5 3
26 39 5 3
3 19 4 4
4 43 4 4
14 27 4 4
18 28 4 4
22 33 4 4
31 39 4 4
9 18 7 2
11 42 7 2
1 7 3 5
10 20 3 5
35 40 3 5
0 26 6 3
6 30 6 3
14 36 6 3
28 41 6 3
2 35 5 4
24 34 5 4
7 25 7 3
20 33 3 6
8 23 6 4
37 44 6 4
14 29 2 7
26 34 9 2
17 32 8 3
32 42 4 6
(192 155)

Arvore 106
0 1 2 2
0 35 3 2
15 34 3 2
5 14 2 3
11 41 2 3
12 35 2 3
13 42 3 3
20 28 3 3
14 39 5 2
4 23 4 3
16 38 4 3
14 37 3 4
30 41 3 4
16 20 2 5
4 9 5 3
18 35 5 3
19 28 5 3
21 41 5 3
26 39 5 3
3 19 4 4
4 43 4 4
14 27 4 4
18 28 4 4
22 33 4 4
27 35 4 4
31 39 4 4
9 18 7 2
11 42 7 2
1 7 3 5
7 10 3 5
6 30 6 3
9 40 6 3
14 36 6 3
28 41 6 3
2 35 5 4
24 34 5 4
7 25 7 3
20 33 3 6
0 34 6 4
8 23 6 4
37 44 6 4
9 29 9 2
17 32 8 3
32 42 4 6
(197 151)

Arvore 107
0 1 2 2
0 35 3 2
15 34 3 2
5 14 2 3
11 41 2 3
12 35 2 3
13 42 3 3
20 28 3 3
14 39 5 2
4 23 4 3
16 38 4 3
14 37 3 4
30 41 3 4
16 20 2 5
4 9 5 3
18 35 5 3
19 28 5 3
21 41 5 3
26 39 5 3
3 19 4 4
4 43 4 4
14 27 4 4
18 28 4 4
22 33 4 4
31 39 4 4
9 18 7 2
11 42 7 2
1 7 3 5
7 10 3 5
35 40 3 5
0 26 6 3
6 30 6 3
14 36 6 3
28 41 6 3
2 35 5 4
24 34 5 4
7 25 7 3
20 33 3 6
0 34 6 4
8 23 6 4
37 44 6 4
9 29 9 2
17 32 8 3
32 42 4 6
(196 152)

Arvore 108
0 1 2 2
0 35 3 2
15 34 3 2
5 14 2 3
11 41 2 3
12 35 2 3
13 42 3 3
20 28 3 3
14 39 5 2
4 23 4 3
16 38 4 3
14 37 3 4
30 41 3 4
16 20 2 5
4 9 5 3
18 35 5 3
19 28 5 3
21 41 5 3
26 39 5 3
3 19 4 4
4 43 4 4
14 27 4 4
18 28 4 4
22 33 4 4
27 35 4 4
31 39 4 4
9 18 7 2
11 42 7 2
7 10 3 5
10 20 3 5
6 30 6 3
9 40 6 3
14 36 6 3
28 41 6 3
2 35 5 4
24 34 5 4
7 25 7 3
20 33 3 6
0 34 6 4
8 23 6 4
37 44 6 4
9 29 9 2
17 32 8 3
17 42 6 5
(199 150)

Arvore 109
0 1 2 2
0 35 3 2
15 34 3 2
5 14 2 3
11 41 2 3
12 35 2 3
13 42 3 3
20 28 3 3
14 39 5 2
4 23 4 3
16 38 4 3
14 37 3 4
30 41 3 4
4 9 5 3
18 35 5 3
19 28 5 3
21 41 5 3
26 39 5 3
16 20 2 5
9 18 7 2
11 42 7 2
3 19 4 4
4 43 4 4
14 27 4 4
18 28 4 4
22 33 4 4
27 35 4 4
31 39 4 4
6 30 6 3
9 40 6 3
14 36 6 3
28 41 6 3
7 10 3 5
10 20 3 5
2 35 5 4
24 34 5 4
7 25 7 3
9 29 9 2
26 34 9 2
8 23 6 4
37 44 6 4
20 33 3 6
17 32 8 3
11 32 9 3
(205 146)

Arvore 110
0 1 2 2
0 35 3 2
15 34 3 2
5 14 2 3
11 41 2 3
12 35 2 3
13 42 3 3
20 28 3 3
14 39 5 2
4 23 4 3
16 38 4 3
14 37 3 4
30 41 3 4
4 9 5 3
18 35 5 3
19 28 5 3
21 41 5 3
26 39 5 3
16 20 2 5
9 18 7 2
11 42 7 2
3 19 4 4
4 43 4 4
14 27 4 4
18 28 4 4
22 33 4 4
27 35 4 4
31 39 4 4
6 30 6 3
9 40 6 3
14 36 6 3
28 41 6 3
1 7 3 5
10 20 3 5
2 35 5 4
24 34 5 4
7 25 7 3
9 29 9 2
26 34 9 2
8 23 6 4
37 44 6 4
17 32 8 3
13 22 5 5
32 42 4 6
(202 148)

Arvore 111
0 1 2 2
0 35 3 2
15 34 3 2
5 14 2 3
11 41 2 3
12 35 2 3
13 42 3 3
20 28 3 3
14 39 5 2
4 23 4 3
16 38 4 3
14 37 3 4
30 41 3 4
4 9 5 3
18 35 5 3
19 28 5 3
21 41 5 3
26 39 5 3
16 20 2 5
9 18 7 2
11 42 7 2
3 19 4 4
4 43 4 4
14 27 4 4
18 28 4 4
22 33 4 4
27 35 4 4
31 39 4 4
6 30 6 3
9 40 6 3
14 36 6 3
28 41 6 3
7 10 3 5
7 39 8 2
2 35 5 4
24 34 5 4
7 25 7 3
9 29 9 2
26 34 9 2
8 23 6 4
37 44 6 4
20 33 3 6
17 32 8 3
17 42 6 5
(207 145)

Arvore 112
0 1 2 2
0 35 3 2
15 34 3 2
5 14 2 3
11 41 2 3
12 35 2 3
13 42 3 3
20 28 3 3
14 39 5 2
4 23 4 3
16 38 4 3
14 37 3 4
30 41 3 4
4 9 5 3
18 35 5 3
19 28 5 3
21 41 5 3
26 39 5 3
16 20 2 5
9 18 7 2
11 42 7 2
3 19 4 4
4 43 4 4
14 27 4 4
18 28 4 4
22 33 4 4
27 35 4 4
31 39 4 4
6 30 6 3
9 40 6 3
14 36 6 3
28 41 6 3
7 10 3 5
2 35 5 4
10 35 5 4
24 34 5 4
7 25 7 3
9 29 9 2
26 34 9 2
8 23 6 4
37 44 6 4
20 33 3 6
17 32 8 3
17 42 6 5
(204 147)

Arvore 113
0 1 2 2
0 35 3 2
15 34 3 2
5 14 2 3
11 41 2 3
12 35 2 3
13 42 3 3
20 28 3 3
14 39 5 2
4 23 4 3
16 38 4 3
14 37 3 4
30 41 3 4
4 9 5 3
18 35 5 3
19 28 5 3
21 41 5 3
26 39 5 3
16 20 2 5
9 18 7 2
11 42 7 2
3 19 4 4
4 43 4 4
14 27 4 4
18 28 4 4
22 33 4 4
27 35 4 4
31 39 4 4
6 30 6 3
9 40 6 3
14 36 6 3
28 41 6 3
7 39 8 2
2 35 5 4
10 35 5 4
24 34 5 4
7 25 7 3
9 29 9 2
26 34 9 2
8 23 6 4
37 44 6 4
20 33 3 6
17 32 8 3
17 42 6 5
(209 144)

Arvore 114
0 1 2 2
0 35 3 2
15 34 3 2
5 14 2 3
11 41 2 3
0 12 4 2
13 42 3 3
20 28 3 3
14 39 5 2
4 23 4 3
16 38 4 3
14 37 3 4
30 41 3 4
4 9 5 3
18 35 5 3
19 28 5 3
21 41 5 3
26 39 5 3
9 18 7 2
11 42 7 2
16 20 2 5
3 19 4 4
4 43 4 4
14 27 4 4
18 28 4 4
22 33 4 4
27 35 4 4
31 39 4 4
6 30 6 3
9 40 6 3
14 36 6 3
28 41 6 3
7 39 8 2
7 10 3 5
2 35 5 4
24 34 5 4
7 25 7 3
9 29 9 2
26 34 9 2
8 23 6 4
37 44 6 4
17 32 8 3
20 33 3 6
11 32 9 3
(212 142)

Arvore 115
0 1 2 2
0 35 3 2
15 34 3 2
5 14 2 3
11 41 2 3
12 35 2 3
13 42 3 3
20 28 3 3
14 39 5 2
4 23 4 3
16 38 4 3
14 37 3 4
30 41 3 4
4 9 5 3
18 35 5 3
19 28 5 3
21 41 5 3
26 39 5 3
9 18 7 2
11 42 7 2
16 20 2 5
3 19 4 4
4 43 4 4
14 27 4 4
22 33 4 4
27 35 4 4
31 39 4 4
6 30 6 3
9 40 6 3
14 36 6 3
28 41 6 3
5 13 8 2
7 39 8 2
7 10 3 5
2 35 5 4
24 34 5 4
7 25 7 3
9 29 9 2
26 34 9 2
8 23 6 4
37 44 6 4
17 32 8 3
20 33 3 6
11 32 9 3
(214 141)

Arvore 116
0 1 2 2
0 35 3 2
15 34 3 2
5 14 2 3
11 41 2 3
0 12 4 2
13 42 3 3
20 28 3 3
14 39 5 2
4 23 4 3
16 38 4 3
14 37 3 4
30 41 3 4
4 9 5 3
18 35 5 3
19 28 5 3
21 41 5 3
26 39 5 3
9 18 7 2
11 42 7 2
3 19 4 4
4 43 4 4
14 27 4 4
18 28 4 4
22 33 4 4
27 35 4 4
31 39 4 4
6 30 6 3
9 40 6 3
14 36 6 3
28 41 6 3
7 39 8 2
16 27 8 2
7 10 3 5
2 35 5 4
24 34 5 4
7 25 7 3
9 29 9 2
26 34 9 2
8 23 6 4
37 44 6 4
17 32 8 3
20 33 3 6
11 32 9 3
(218 139)

Arvore 117
0 1 2 2
0 35 3 2
15 34 3 2
5 14 2 3
11 41 2 3
0 12 4 2
13 42 3 3
20 28 3 3
14 39 5 2
4 23 4 3
16 38 4 3
14 37 3 4
30 41 3 4
4 9 5 3
18 35 5 3
19 28 5 3
21 41 5 3
26 39 5 3
9 18 7 2
11 42 7 2
16 20 2 5
3 19 4 4
4 43 4 4
14 27 4 4
22 33 4 4
27 35 4 4
31 39 4 4
6 30 6 3
9 40 6 3
14 36 6 3
28 41 6 3
5 13 8 2
7 39 8 2
7 10 3 5
2 35 5 4
24 34 5 4
7 25 7 3
9 29 9 2
26 34 9 2
8 23 6 4
37 44 6 4
17 32 8 3
20 33 3 6
11 32 9 3
(216 140)

Arvore 118
0 1 2 2
0 35 3 2
15 34 3 2
5 14 2 3
11 41 2 3
0 12 4 2
13 42 3 3
20 28 3 3
14 39 5 2
4 23 4 3
16 38 4 3
14 37 3 4
30 41 3 4
4 9 5 3
18 35 5 3
19 28 5 3
21 41 5 3
26 39 5 3
9 18 7 2
11 42 7 2
3 19 4 4
4 43 4 4
18 28 4 4
22 33 4 4
27 35 4 4
31 39 4 4
0 26 6 3
6 30 6 3
9 40 6 3
14 36 6 3
28 41 6 3
7 39 8 2
16 27 8 2
7 10 3 5
2 35 5 4
24 34 5 4
7 25 7 3
9 29 9 2
26 34 9 2
8 23 6 4
37 44 6 4
17 32 8 3
20 33 3 6
11 32 9 3
(220 138)

Arvore 119
0 1 2 2
0 35 3 2
15 34 3 2
5 14 2 3
11 41 2 3
0 12 4 2
13 42 3 3
20 28 3 3
14 39 5 2
4 23 4 3
16 38 4 3
14 37 3 4
30 41 3 4
4 9 5 3
18 35 5 3
19 28 5 3
21 41 5 3
26 39 5 3
9 18 7 2
11 42 7 2
3 19 4 4
4 43 4 4
14 27 4 4
22 33 4 4
27 35 4 4
31 39 4 4
6 30 6 3
9 40 6 3
14 36 6 3
28 41 6 3
5 13 8 2
7 39 8 2
16 27 8 2
7 10 3 5
2 35 5 4
24 34 5 4
7 25 7 3
9 29 9 2
26 34 9 2
8 23 6 4
37 44 6 4
17 32 8 3
20 33 3 6
11 32 9 3
(222 137)

Arvore 120
0 1 2 2
0 35 3 2
15 34 3 2
5 14 2 3
11 41 2 3
0 12 4 2
13 42 3 3
20 28 3 3
14 39 5 2
4 23 4 3
16 38 4 3
14 37 3 4
30 41 3 4
4 9 5 3
18 35 5 3
19 28 5 3
21 41 5 3
26 39 5 3
9 18 7 2
11 42 7 2
3 19 4 4
4 43 4 4
14 27 4 4
22 33 4 4
27 35 4 4
31 39 4 4
6 30 6 3
9 40 6 3
14 36 6 3
28 41 6 3
5 13 8 2
7 39 8 2
16 27 8 2
7 10 3 5
2 35 5 4
24 34 5 4
7 25 7 3
9 29 9 2
26 34 9 2
8 23 6 4
37 44 6 4
17 32 8 3
13 22 5 5
11 32 9 3
(224 136)

Arvore 121
0 1 2 2
0 35 3 2
15 34 3 2
5 14 2 3
11 41 2 3
0 12 4 2
13 42 3 3
20 28 3 3
14 39 5 2
4 23 4 3
16 38 4 3
14 37 3 4
30 41 3 4
4 9 5 3
18 35 5 3
19 28 5 3
21 41 5 3
26 39 5 3
9 18 7 2
11 42 7 2
3 19 4 4
4 43 4 4
14 27 4 4
22 33 4 4
31 39 4 4
0 26 6 3
6 30 6 3
9 40 6 3
14 36 6 3
28 41 6 3
5 13 8 2
7 39 8 2
16 27 8 2
7 10 3 5
2 35 5 4
24 34 5 4
7 25 7 3
9 29 9 2
26 34 9 2
8 23 6 4
37 44 6 4
17 32 8 3
13 22 5 5
11 32 9 3
(226 135)

Arvore 122
0 1 2 2
0 35 3 2
15 34 3 2
5 14 2 3
11 41 2 3
0 12 4 2
13 42 3 3
20 28 3 3
14 39 5 2
4 23 4 3
16 38 4 3
14 37 3 4
30 41 3 4
4 9 5 3
18 35 5 3
19 28 5 3
21 41 5 3
26 39 5 3
9 18 7 2
11 42 7 2
3 19 4 4
4 43 4 4
14 27 4 4
22 33 4 4
31 39 4 4
0 26 6 3
6 30 6 3
9 40 6 3
14 36 6 3
28 41 6 3
5 13 8 2
7 39 8 2
16 27 8 2
2 35 5 4
10 35 5 4
24 34 5 4
7 25 7 3
9 29 9 2
26 34 9 2
8 23 6 4
37 44 6 4
17 32 8 3
13 22 5 5
11 32 9 3
(228 134)

Arvore 123
0 1 2 2
0 35 3 2
15 34 3 2
5 14 2 3
11 41 2 3
0 12 4 2
13 42 3 3
20 28 3 3
14 39 5 2
4 23 4 3
16 38 4 3
14 37 3 4
30 41 3 4
4 9 5 3
18 35 5 3
19 28 5 3
21 41 5 3
26 39 5 3
9 18 7 2
11 42 7 2
3 19 4 4
4 43 4 4
18 28 4 4
22 33 4 4
31 39 4 4
0 26 6 3
6 30 6 3
9 40 6 3
14 36 6 3
5 13 8 2
7 39 8 2
16 27 8 2
38 42 8 2
2 35 5 4
10 35 5 4
24 34 5 4
7 25 7 3
9 29 9 2
26 34 9 2
8 23 6 4
37 44 6 4
17 32 8 3
13 22 5 5
11 32 9 3
(230 133)

Arvore 124
0 1 2 2
0 35 3 2
15 34 3 2
0 12 4 2
5 14 2 3
11 41 2 3
14 39 5 2
13 42 3 3
20 28 3 3
4 23 4 3
16 38 4 3
9 18 7 2
11 42 7 2
4 9 5 3
18 35 5 3
19 28 5 3
21 41 5 3
26 39 5 3
14 37 3 4
30 41 3 4
5 13 8 2
7 39 8 2
16 27 8 2
38 42 8 2
0 26 6 3
6 30 6 3
9 40 6 3
14 36 6 3
3 19 4 4
4 43 4 4
18 28 4 4
22 33 4 4
31 39 4 4
9 29 9 2
26 34 9 2
7 25 7 3
2 35 5 4
10 35 5 4
24 34 5 4
17 32 8 3
8 23 6 4
37 44 6 4
11 32 9 3
12 33 10 3
(235 131)

Arvore 125
0 1 2 2
0 35 3 2
15 34 3 2
0 12 4 2
14 39 5 2
5 14 2 3
11 41 2 3
13 42 3 3
20 28 3 3
9 18 7 2
11 42 7 2
4 23 4 3
16 38 4 3
5 13 8 2
7 39 8 2
16 27 8 2
38 42 8 2
4 9 5 3
18 35 5 3
19 28 5 3
21 41 5 3
26 39 5 3
9 29 9 2
26 34 9 2
0 26 6 3
6 30 6 3
9 40 6 3
14 36 6 3
28 41 6 3
14 37 3 4
30 41 3 4
7 25 7 3
11 31 7 3
3 19 4 4
4 43 4 4
22 33 4 4
17 32 8 3
2 35 5 4
10 35 5 4
24 34 5 4
25 32 13 2
8 23 6 4
37 44 6 4
12 33 10 3
(244 128)

Arvore 126
0 1 2 2
0 35 3 2
15 34 3 2
0 12 4 2
14 39 5 2
5 14 2 3
11 41 2 3
13 42 3 3
20 28 3 3
9 18 7 2
11 42 7 2
4 23 4 3
16 38 4 3
5 13 8 2
7 39 8 2
16 27 8 2
38 42 8 2
4 9 5 3
18 35 5 3
19 28 5 3
21 41 5 3
26 39 5 3
9 29 9 2
26 34 9 2
0 26 6 3
6 30 6 3
9 40 6 3
14 36 6 3
28 41 6 3
14 37 3 4
30 41 3 4
7 25 7 3
21 31 7 3
3 19 4 4
4 43 4 4
22 33 4 4
17 32 8 3
2 35 5 4
10 35 5 4
24 34 5 4
11 32 9 3
37 44 6 4
12 33 10 3
8 27 14 2
(248 127)

Arvore 127
0 1 2 2
0 35 3 2
15 34 3 2
0 12 4 2
14 39 5 2
5 14 2 3
11 41 2 3
13 42 3 3
20 28 3 3
9 18 7 2
11 42 7 2
4 23 4 3
16 38 4 3
5 13 8 2
7 39 8 2
16 27 8 2
38 42 8 2
4 9 5 3
18 35 5 3
19 28 5 3
21 41 5 3
26 39 5 3
9 29 9 2
26 34 9 2
0 26 6 3
6 30 6 3
9 40 6 3
14 36 6 3
28 41 6 3
14 37 3 4
30 41 3 4
7 25 7 3
11 31 7 3
3 19 4 4
4 43 4 4
22 33 4 4
17 32 8 3
2 35 5 4
10 35 5 4
24 34 5 4
25 32 13 2
37 44 6 4
12 33 10 3
8 27 14 2
(252 126)

Arvore 128
0 1 2 2
0 35 3 2
15 34 3 2
0 12 4 2
14 39 5 2
5 14 2 3
11 41 2 3
13 42 3 3
20 28 3 3
9 18 7 2
11 42 7 2
4 23 4 3
16 38 4 3
5 13 8 2
7 39 8 2
16 27 8 2
38 42 8 2
4 9 5 3
18 35 5 3
19 28 5 3
21 41 5 3
26 39 5 3
9 29 9 2
26 34 9 2
0 26 6 3
6 30 6 3
9 40 6 3
14 36 6 3
28 41 6 3
14 37 3 4
30 41 3 4
7 25 7 3
11 31 7 3
3 19 4 4
4 43 4 4
22 33 4 4
17 32 8 3
2 35 5 4
10 35 5 4
24 34 5 4
25 32 13 2
12 33 10 3
42 44 10 3
8 27 14 2
(256 125)

Arvore 129
0 1 2 2
0 35 3 2
15 34 3 2
0 12 4 2
14 39 5 2
5 14 2 3
11 41 2 3
9 18 7 2
11 42 7 2
13 42 3 3
20 28 3 3
5 13 8 2
7 39 8 2
16 27 8 2
38 42 8 2
4 23 4 3
16 38 4 3
9 29 9 2
26 34 9 2
4 9 5 3
18 35 5 3
19 28 5 3
21 41 5 3
26 39 5 3
6 30 6 3
9 40 6 3
14 36 6 3
28 41 6 3
11 23 11 2
7 25 7 3
11 31 7 3
14 37 3 4
30 41 3 4
17 32 8 3
25 32 13 2
3 19 4 4
4 43 4 4
22 33 4 4
8 27 14 2
33 39 14 2
2 35 5 4
10 35 5 4
24 34 5 4
42 44 10 3
(265 123)

Arvore 130
0 1 2 2
0 35 3 2
15 34 3 2
0 12 4 2
14 39 5 2
5 14 2 3
11 41 2 3
9 18 7 2
11 42 7 2
13 42 3 3
20 28 3 3
5 13 8 2
7 39 8 2
16 27 8 2
38 42 8 2
4 23 4 3
16 38 4 3
9 29 9 2
26 34 9 2
4 9 5 3
18 35 5 3
19 28 5 3
21 41 5 3
26 39 5 3
6 30 6 3
9 40 6 3
14 36 6 3
28 41 6 3
11 23 11 2
7 25 7 3
11 31 7 3
14 37 3 4
30 41 3 4
17 32 8 3
25 32 13 2
3 19 4 4
22 33 4 4
26 43 9 3
8 27 14 2
33 39 14 2
2 35 5 4
10 35 5 4
24 34 5 4
42 44 10 3
(270 122)

Arvore 131
0 1 2 2
0 35 3 2
15 34 3 2
0 12 4 2
14 39 5 2
5 14 2 3
11 41 2 3
9 18 7 2
11 42 7 2
13 42 3 3
20 28 3 3
5 13 8 2
7 39 8 2
16 27 8 2
38 42 8 2
4 23 4 3
16 38 4 3
9 29 9 2
26 34 9 2
4 9 5 3
18 35 5 3
19 28 5 3
21 41 5 3
26 39 5 3
6 30 6 3
9 40 6 3
14 36 6 3
28 41 6 3
11 23 11 2
7 25 7 3
11 31 7 3
14 37 3 4
30 41 3 4
17 32 8 3
25 32 13 2
3 19 4 4
4 43 4 4
22 33 4 4
8 27 14 2
33 39 14 2
2 35 5 4
10 35 5 4
42 44 10 3
24 36 15 2
(275 121)

Arvore 132
0 1 2 2
0 35 3 2
15 34 3 2
0 12 4 2
14 39 5 2
5 14 2 3
11 41 2 3
9 18 7 2
11 42 7 2
13 42 3 3
20 28 3 3
5 13 8 2
7 39 8 2
16 27 8 2
38 42 8 2
4 23 4 3
16 38 4 3
9 29 9 2
26 34 9 2
4 9 5 3
18 35 5 3
19 28 5 3
21 41 5 3
26 39 5 3
6 30 6 3
9 40 6 3
14 36 6 3
28 41 6 3
11 23 11 2
7 25 7 3
11 31 7 3
14 37 3 4
30 41 3 4
17 32 8 3
25 32 13 2
3 19 4 4
22 33 4 4
26 43 9 3
8 27 14 2
33 39 14 2
2 35 5 4
10 35 5 4
42 44 10 3
24 36 15 2
(280 120)

Arvore 133
0 1 2 2
0 35 3 2
15 34 3 2
0 12 4 2
14 39 5 2
5 14 2 3
11 41 2 3
9 18 7 2
11 42 7 2
13 42 3 3
20 28 3 3
5 13 8 2
7 39 8 2
16 27 8 2
38 42 8 2
4 23 4 3
16 38 4 3
9 29 9 2
26 34 9 2
4 9 5 3
18 35 5 3
19 28 5 3
21 41 5 3
26 39 5 3
6 30 6 3
9 40 6 3
14 36 6 3
28 41 6 3
11 23 11 2
7 25 7 3
11 31 7 3
30 41 3 4
17 32 8 3
12 37 13 2
25 32 13 2
3 19 4 4
4 43 4 4
22 33 4 4
8 27 14 2
33 39 14 2
2 35 5 4
10 35 5 4
42 44 10 3
24 36 15 2
(285 119)

Arvore 134
0 1 2 2
0 35 3 2
15 34 3 2
0 12 4 2
14 39 5 2
9 18 7 2
11 42 7 2
5 14 2 3
11 41 2 3
5 13 8 2
7 39 8 2
16 27 8 2
38 42 8 2
13 42 3 3
20 28 3 3
9 29 9 2
26 34 9 2
4 23 4 3
16 38 4 3
18 35 5 3
19 28 5 3
21 41 5 3
26 39 5 3
11 23 11 2
13 29 11 2
6 30 6 3
9 40 6 3
14 36 6 3
28 41 6 3
7 25 7 3
11 31 7 3
12 37 13 2
25 32 13 2
17 32 8 3
8 27 14 2
33 39 14 2
30 41 3 4
26 43 9 3
24 36 15 2
3 19 4 4
22 33 4 4
42 44 10 3
2 35 5 4
10 35 5 4
(296 117)

Arvore 135
0 1 2 2
0 35 3 2
15 34 3 2
0 12 4 2
14 39 5 2
9 18 7 2
11 42 7 2
5 14 2 3
11 41 2 3
5 13 8 2
7 39 8 2
16 27 8 2
38 42 8 2
13 42 3 3
20 28 3 3
9 29 9 2
26 34 9 2
4 23 4 3
16 38 4 3
18 35 5 3
19 28 5 3
21 41 5 3
26 39 5 3
11 23 11 2
13 29 11 2
6 30 6 3
9 40 6 3
14 36 6 3
28 41 6 3
7 25 7 3
11 31 7 3
12 37 13 2
25 32 13 2
17 32 8 3
8 27 14 2
33 39 14 2
30 41 3 4
24 36 15 2
32 43 15 2
3 19 4 4
22 33 4 4
42 44 10 3
2 35 5 4
10 35 5 4
(302 116)

Arvore 136
0 1 2 2
0 35 3 2
15 34 3 2
0 12 4 2
14 39 5 2
9 18 7 2
11 42 7 2
5 14 2 3
11 41 2 3
5 13 8 2
7 39 8 2
16 27 8 2
38 42 8 2
13 42 3 3
20 28 3 3
9 29 9 2
26 34 9 2
4 23 4 3
16 38 4 3
18 35 5 3
19 28 5 3
21 41 5 3
26 39 5 3
11 23 11 2
13 29 11 2
6 30 6 3
9 40 6 3
14 36 6 3
28 41 6 3
7 25 7 3
21 31 7 3
12 37 13 2
25 32 13 2
17 32 8 3
8 27 14 2
33 39 14 2
30 41 3 4
26 43 9 3
24 36 15 2
22 33 4 4
42 44 10 3
3 44 16 2
2 35 5 4
10 35 5 4
(308 115)

Arvore 137
0 1 2 2
0 35 3 2
15 34 3 2
0 12 4 2
14 39 5 2
9 18 7 2
11 42 7 2
5 14 2 3
11 41 2 3
5 13 8 2
7 39 8 2
16 27 8 2
38 42 8 2
13 42 3 3
20 28 3 3
9 29 9 2
26 34 9 2
4 23 4 3
16 38 4 3
18 35 5 3
19 28 5 3
21 41 5 3
26 39 5 3
11 23 11 2
13 29 11 2
6 30 6 3
9 40 6 3
14 36 6 3
28 41 6 3
7 25 7 3
11 31 7 3
12 37 13 2
25 32 13 2
17 32 8 3
8 27 14 2
33 39 14 2
30 41 3 4
24 36 15 2
32 43 15 2
22 33 4 4
42 44 10 3
3 44 16 2
2 35 5 4
10 35 5 4
(314 114)

Arvore 138
0 1 2 2
0 35 3 2
15 34 3 2
0 12 4 2
14 39 5 2
9 18 7 2
11 42 7 2
5 14 2 3
11 41 2 3
5 13 8 2
7 39 8 2
16 27 8 2
38 42 8 2
13 42 3 3
20 28 3 3
9 29 9 2
26 34 9 2
4 23 4 3
16 38 4 3
4 9 5 3
18 35 5 3
19 28 5 3
21 41 5 3
26 39 5 3
11 23 11 2
6 30 6 3
9 40 6 3
14 36 6 3
28 41 6 3
7 25 7 3
21 31 7 3
12 37 13 2
25 32 13 2
17 32 8 3
8 27 14 2
33 39 14 2
30 41 3 4
24 36 15 2
32 43 15 2
42 44 10 3
3 44 16 2
17 22 16 2
2 35 5 4
10 35 5 4
(320 113)

Arvore 139
0 1 2 2
0 35 3 2
15 34 3 2
0 12 4 2
14 39 5 2
9 18 7 2
11 42 7 2
5 14 2 3
11 41 2 3
5 13 8 2
7 39 8 2
16 27 8 2
38 42 8 2
13 42 3 3
20 28 3 3
9 29 9 2
26 34 9 2
4 23 4 3
16 38 4 3
4 9 5 3
18 35 5 3
19 28 5 3
21 41 5 3
26 39 5 3
11 23 11 2
6 30 6 3
9 40 6 3
14 36 6 3
28 41 6 3
7 25 7 3
21 31 7 3
12 37 13 2
25 32 13 2
17 32 8 3
8 27 14 2
33 39 14 2
30 41 3 4
24 36 15 2
32 43 15 2
42 44 10 3
3 44 16 2
17 22 16 2
2 35 5 4
10 40 11 3
(326 112)

Arvore 140
0 1 2 2
0 35 3 2
15 34 3 2
0 12 4 2
14 39 5 2
9 18 7 2
11 42 7 2
5 13 8 2
7 39 8 2
16 27 8 2
38 42 8 2
9 29 9 2
26 34 9 2
11 23 11 2
13 29 11 2
5 14 2 3
11 41 2 3
12 37 13 2
25 32 13 2
13 42 3 3
20 28 3 3
8 27 14 2
33 39 14 2
4 23 4 3
7 8 15 2
24 36 15 2
32 43 15 2
18 35 5 3
19 28 5 3
21 41 5 3
26 39 5 3
3 44 16 2
17 22 16 2
6 30 6 3
9 40 6 3
14 36 6 3
28 41 6 3
7 25 7 3
11 31 7 3
17 32 8 3
42 44 10 3
10 40 11 3
30 41 3 4
2 35 5 4
(343 110)

Arvore 141
0 1 2 2
0 35 3 2
15 34 3 2
0 12 4 2
14 39 5 2
9 18 7 2
11 42 7 2
5 13 8 2
7 39 8 2
16 27 8 2
38 42 8 2
9 29 9 2
26 34 9 2
11 23 11 2
13 29 11 2
12 37 13 2
25 32 13 2
8 27 14 2
33 39 14 2
5 14 2 3
11 41 2 3
7 8 15 2
8 38 15 2
24 36 15 2
32 43 15 2
20 28 3 3
3 44 16 2
17 22 16 2
4 23 4 3
18 35 5 3
19 28 5 3
21 41 5 3
24 32 18 2
29 34 18 2
6 30 6 3
9 40 6 3
14 36 6 3
28 41 6 3
11 31 7 3
17 32 8 3
42 44 10 3
10 40 11 3
30 41 3 4
2 35 5 4
(379 107)

Arvore 142
0 1 2 2
0 35 3 2
15 34 3 2
0 12 4 2
14 39 5 2
9 18 7 2
11 42 7 2
5 13 8 2
7 39 8 2
16 27 8 2
38 42 8 2
9 29 9 2
26 34 9 2
11 23 11 2
13 29 11 2
12 37 13 2
25 32 13 2
8 27 14 2
33 39 14 2
7 8 15 2
8 38 15 2
24 36 15 2
32 43 15 2
3 44 16 2
17 22 16 2
24 32 18 2
29 34 18 2
19 42 19 2
5 14 2 3
11 41 2 3
20 28 3 3
4 23 4 3
18 35 5 3
19 28 5 3
21 41 5 3
6 30 6 3
9 40 6 3
14 36 6 3
11 31 7 3
17 32 8 3
42 44 10 3
10 40 11 3
30 41 3 4
1 2 98 0
(485 102)

Arvore 143
0 1 2 2
0 35 3 2
15 34 3 2
0 12 4 2
14 39 5 2
9 18 7 2
11 42 7 2
5 13 8 2
7 39 8 2
16 27 8 2
38 42 8 2
9 29 9 2
26 34 9 2
11 23 11 2
13 29 11 2
12 37 13 2
25 32 13 2
8 27 14 2
33 39 14 2
7 8 15 2
8 38 15 2
24 36 15 2
32 43 15 2
3 44 16 2
17 22 16 2
24 32 18 2
19 42 19 2
5 14 2 3
11 41 2 3
20 28 3 3
4 23 4 3
18 35 5 3
19 28 5 3
21 41 5 3
26 39 5 3
6 30 6 3
9 40 6 3
14 36 6 3
11 31 7 3
17 32 8 3
42 44 10 3
10 40 11 3
30 41 3 4
1 2 98 0
(472 103)

