Fim da primeira fase ... 
0.01
Fim da segunda fase ... 
36260
362.6
Total: 362.61
Suportadas = 56
Nao suportadas = 137
TOTAL DE SOLUCOES = 193

SUPORTADAS: 

Arvore 1
0 2 0 97
0 1 3 3
8 27 3 3
10 28 3 4
5 43 3 6
3 4 3 10
12 29 3 11
12 34 3 11
19 27 3 11
27 42 3 11
1 4 3 12
10 16 3 12
20 33 3 13
11 21 3 18
3 27 3 20
12 16 3 24
4 25 3 25
4 31 3 25
39 44 3 27
27 39 3 28
5 27 4 7
26 31 4 7
36 43 4 8
25 28 4 9
9 35 4 11
24 42 4 12
2 38 4 13
21 42 4 15
30 33 4 16
13 33 4 18
17 31 4 18
6 13 4 21
4 37 4 23
12 40 4 23
19 30 4 23
23 39 5 4
12 22 5 6
9 27 5 7
14 43 5 11
8 15 5 18
13 18 5 21
12 32 5 25
24 41 5 25
7 36 5 28
(162 740)

Arvore 2
0 1 3 3
8 27 3 3
10 28 3 4
5 43 3 6
3 4 3 10
12 29 3 11
12 34 3 11
19 27 3 11
27 42 3 11
1 4 3 12
10 16 3 12
20 33 3 13
11 21 3 18
3 27 3 20
12 16 3 24
4 25 3 25
4 31 3 25
39 44 3 27
5 27 4 7
26 31 4 7
27 39 3 28
36 43 4 8
25 28 4 9
9 35 4 11
24 42 4 12
2 38 4 13
0 2 0 97
21 42 4 15
30 33 4 16
13 33 4 18
17 31 4 18
6 13 4 21
4 37 4 23
12 40 4 23
19 30 4 23
23 39 5 4
12 22 5 6
9 27 5 7
14 43 5 11
8 15 5 18
13 18 5 21
6 41 6 4
12 32 5 25
7 36 5 28
(163 719)

Arvore 3
0 1 3 3
8 27 3 3
10 28 3 4
5 43 3 6
3 4 3 10
12 29 3 11
12 34 3 11
19 27 3 11
27 42 3 11
1 4 3 12
10 16 3 12
20 33 3 13
11 21 3 18
3 27 3 20
12 16 3 24
4 25 3 25
4 31 3 25
39 44 3 27
5 27 4 7
26 31 4 7
27 39 3 28
36 43 4 8
25 28 4 9
9 35 4 11
24 42 4 12
2 38 4 13
21 42 4 15
38 43 4 15
30 33 4 16
13 33 4 18
17 31 4 18
6 13 4 21
4 37 4 23
12 40 4 23
19 30 4 23
23 39 5 4
12 22 5 6
9 27 5 7
14 43 5 11
8 15 5 18
13 18 5 21
6 41 6 4
12 32 5 25
7 36 5 28
(167 637)

Arvore 4
0 1 3 3
8 27 3 3
10 28 3 4
5 43 3 6
3 4 3 10
12 29 3 11
12 34 3 11
19 27 3 11
27 42 3 11
1 4 3 12
10 16 3 12
20 33 3 13
11 21 3 18
3 27 3 20
12 16 3 24
5 27 4 7
26 31 4 7
4 25 3 25
4 31 3 25
36 43 4 8
25 28 4 9
39 44 3 27
27 39 3 28
9 35 4 11
24 42 4 12
2 38 4 13
21 42 4 15
38 43 4 15
30 33 4 16
13 33 4 18
17 31 4 18
6 13 4 21
23 39 5 4
4 37 4 23
12 40 4 23
19 30 4 23
12 22 5 6
9 27 5 7
14 43 5 11
8 15 5 18
13 18 5 21
6 41 6 4
12 32 5 25
7 9 6 8
(168 617)

Arvore 5
0 1 3 3
8 27 3 3
10 28 3 4
5 43 3 6
3 4 3 10
12 29 3 11
12 34 3 11
19 27 3 11
27 42 3 11
1 4 3 12
10 16 3 12
20 33 3 13
11 21 3 18
3 27 3 20
5 27 4 7
26 31 4 7
36 43 4 8
12 16 3 24
25 28 4 9
4 25 3 25
4 31 3 25
9 35 4 11
39 44 3 27
24 42 4 12
27 39 3 28
2 38 4 13
21 42 4 15
38 43 4 15
30 33 4 16
13 33 4 18
17 31 4 18
23 39 5 4
6 13 4 21
12 22 5 6
13 37 5 6
9 27 5 7
4 37 4 23
12 40 4 23
14 43 5 11
8 15 5 18
6 41 6 4
18 25 6 4
7 9 6 8
12 32 5 25
(170 583)

Arvore 6
0 1 3 3
8 27 3 3
10 28 3 4
5 43 3 6
3 4 3 10
12 29 3 11
12 34 3 11
19 27 3 11
27 42 3 11
1 4 3 12
10 16 3 12
20 33 3 13
11 21 3 18
3 27 3 20
5 27 4 7
26 31 4 7
36 43 4 8
25 28 4 9
12 16 3 24
9 35 4 11
4 25 3 25
4 31 3 25
24 42 4 12
2 38 4 13
39 44 3 27
27 39 3 28
21 42 4 15
38 43 4 15
30 33 4 16
23 39 5 4
13 33 4 18
17 31 4 18
12 22 5 6
13 37 5 6
9 27 5 7
6 13 4 21
0 37 5 9
29 40 5 9
14 43 5 11
6 41 6 4
18 25 6 4
8 15 5 18
7 9 6 8
12 32 5 25
(172 555)

Arvore 7
0 1 3 3
8 27 3 3
10 28 3 4
5 43 3 6
3 4 3 10
12 29 3 11
12 34 3 11
19 27 3 11
27 42 3 11
1 4 3 12
10 16 3 12
20 33 3 13
11 21 3 18
5 27 4 7
26 31 4 7
36 43 4 8
3 27 3 20
25 28 4 9
9 35 4 11
24 42 4 12
12 16 3 24
2 38 4 13
4 25 3 25
4 31 3 25
21 42 4 15
38 43 4 15
39 44 3 27
23 39 5 4
30 33 4 16
27 39 3 28
12 22 5 6
13 37 5 6
13 33 4 18
17 31 4 18
9 27 5 7
0 37 5 9
29 40 5 9
6 13 4 21
14 43 5 11
6 41 6 4
18 25 6 4
15 31 6 5
7 9 6 8
12 32 5 25
(173 542)

Arvore 8
0 1 3 3
8 27 3 3
10 28 3 4
5 43 3 6
3 4 3 10
12 29 3 11
12 34 3 11
19 27 3 11
27 42 3 11
1 4 3 12
10 16 3 12
20 33 3 13
5 27 4 7
26 31 4 7
36 43 4 8
11 21 3 18
25 28 4 9
3 27 3 20
9 35 4 11
24 42 4 12
2 38 4 13
23 39 5 4
12 16 3 24
21 42 4 15
38 43 4 15
12 22 5 6
13 37 5 6
4 25 3 25
4 31 3 25
30 33 4 16
9 27 5 7
39 44 3 27
13 33 4 18
17 31 4 18
0 37 5 9
23 34 5 9
29 40 5 9
14 43 5 11
6 13 4 21
6 41 6 4
18 25 6 4
15 31 6 5
7 9 6 8
12 32 5 25
(175 523)

Arvore 9
0 1 3 3
8 27 3 3
10 28 3 4
5 43 3 6
3 4 3 10
12 29 3 11
12 34 3 11
19 27 3 11
27 42 3 11
1 4 3 12
10 16 3 12
20 33 3 13
5 27 4 7
26 31 4 7
36 43 4 8
25 28 4 9
11 21 3 18
9 35 4 11
3 27 3 20
24 42 4 12
23 39 5 4
2 38 4 13
12 22 5 6
13 37 5 6
21 42 4 15
38 43 4 15
12 16 3 24
9 27 5 7
34 38 5 7
30 33 4 16
4 31 3 25
0 37 5 9
23 34 5 9
29 40 5 9
13 33 4 18
17 31 4 18
39 44 3 27
14 43 5 11
6 13 4 21
6 41 6 4
18 25 6 4
15 31 6 5
7 9 6 8
12 32 5 25
(177 505)

Arvore 10
0 1 3 3
8 27 3 3
10 28 3 4
5 43 3 6
3 4 3 10
12 29 3 11
12 34 3 11
19 27 3 11
27 42 3 11
1 4 3 12
10 16 3 12
20 33 3 13
5 27 4 7
26 31 4 7
36 43 4 8
25 28 4 9
11 21 3 18
9 35 4 11
3 27 3 20
24 42 4 12
23 39 5 4
2 38 4 13
12 22 5 6
13 37 5 6
21 42 4 15
38 43 4 15
9 27 5 7
34 38 5 7
12 16 3 24
30 33 4 16
4 31 3 25
0 37 5 9
23 34 5 9
29 40 5 9
13 33 4 18
17 31 4 18
39 44 3 27
14 43 5 11
6 41 6 4
18 25 6 4
6 13 4 21
15 31 6 5
7 9 6 8
19 32 7 8
(179 488)

Arvore 11
0 1 3 3
8 27 3 3
10 28 3 4
5 43 3 6
3 4 3 10
12 29 3 11
12 34 3 11
19 27 3 11
27 42 3 11
1 4 3 12
10 16 3 12
20 33 3 13
5 27 4 7
26 31 4 7
36 43 4 8
25 28 4 9
11 21 3 18
9 35 4 11
23 39 5 4
24 42 4 12
3 27 3 20
2 38 4 13
12 22 5 6
13 37 5 6
9 27 5 7
34 38 5 7
21 42 4 15
38 43 4 15
10 12 4 16
30 33 4 16
0 37 5 9
23 34 5 9
29 40 5 9
4 31 3 25
13 33 4 18
17 31 4 18
14 43 5 11
39 44 3 27
6 41 6 4
18 25 6 4
15 31 6 5
6 13 4 21
7 9 6 8
19 32 7 8
(180 480)

Arvore 12
0 1 3 3
8 27 3 3
10 28 3 4
5 43 3 6
3 4 3 10
12 29 3 11
12 34 3 11
19 27 3 11
27 42 3 11
1 4 3 12
10 16 3 12
20 33 3 13
5 27 4 7
26 31 4 7
36 43 4 8
25 28 4 9
11 21 3 18
9 35 4 11
23 39 5 4
24 42 4 12
3 27 3 20
2 38 4 13
12 22 5 6
13 37 5 6
9 27 5 7
34 38 5 7
21 42 4 15
38 43 4 15
10 12 4 16
30 33 4 16
0 37 5 9
23 34 5 9
29 40 5 9
4 31 3 25
13 33 4 18
17 31 4 18
14 43 5 11
6 41 6 4
18 25 6 4
30 44 6 4
15 31 6 5
6 13 4 21
7 9 6 8
19 32 7 8
(183 457)

Arvore 13
0 1 3 3
8 27 3 3
10 28 3 4
5 43 3 6
3 4 3 10
12 29 3 11
12 34 3 11
19 27 3 11
27 42 3 11
1 4 3 12
10 16 3 12
20 33 3 13
5 27 4 7
26 31 4 7
36 43 4 8
25 28 4 9
11 21 3 18
9 35 4 11
23 39 5 4
24 42 4 12
3 27 3 20
2 38 4 13
12 22 5 6
13 37 5 6
9 27 5 7
34 38 5 7
21 42 4 15
38 43 4 15
10 12 4 16
30 33 4 16
0 37 5 9
23 34 5 9
29 40 5 9
4 31 3 25
13 33 4 18
17 31 4 18
14 43 5 11
6 41 6 4
18 25 6 4
30 44 6 4
15 31 6 5
26 41 6 6
7 9 6 8
19 32 7 8
(185 442)

Arvore 14
0 1 3 3
8 27 3 3
10 28 3 4
5 43 3 6
3 4 3 10
12 29 3 11
12 34 3 11
19 27 3 11
27 42 3 11
1 4 3 12
10 16 3 12
20 33 3 13
5 27 4 7
26 31 4 7
36 43 4 8
25 28 4 9
23 39 5 4
9 35 4 11
11 21 3 18
24 42 4 12
12 22 5 6
13 37 5 6
2 38 4 13
3 27 3 20
9 27 5 7
34 38 5 7
11 19 5 8
38 43 4 15
0 37 5 9
23 34 5 9
29 40 5 9
10 12 4 16
30 33 4 16
6 41 6 4
10 30 6 4
18 25 6 4
30 44 6 4
14 43 5 11
17 31 4 18
4 31 3 25
15 31 6 5
26 41 6 6
7 9 6 8
19 32 7 8
(188 421)

Arvore 15
0 1 3 3
8 27 3 3
10 28 3 4
5 43 3 6
3 4 3 10
12 29 3 11
12 34 3 11
19 27 3 11
27 42 3 11
1 4 3 12
10 16 3 12
5 27 4 7
26 31 4 7
20 33 3 13
36 43 4 8
25 28 4 9
23 39 5 4
9 35 4 11
12 22 5 6
13 37 5 6
24 42 4 12
11 21 3 18
9 27 5 7
34 38 5 7
2 38 4 13
11 19 5 8
3 27 3 20
0 37 5 9
23 34 5 9
29 40 5 9
38 43 4 15
6 41 6 4
10 30 6 4
18 25 6 4
30 44 6 4
10 12 4 16
30 33 4 16
15 31 6 5
14 43 5 11
26 41 6 6
17 31 4 18
26 42 4 19
7 9 6 8
19 32 7 8
(189 415)

Arvore 16
0 1 3 3
8 27 3 3
10 28 3 4
5 43 3 6
3 4 3 10
12 29 3 11
12 34 3 11
19 27 3 11
27 42 3 11
1 4 3 12
10 16 3 12
5 27 4 7
26 31 4 7
20 33 3 13
36 43 4 8
25 28 4 9
23 39 5 4
9 35 4 11
12 22 5 6
13 37 5 6
24 42 4 12
9 27 5 7
34 38 5 7
11 21 3 18
2 38 4 13
11 19 5 8
0 37 5 9
23 34 5 9
29 40 5 9
6 41 6 4
10 30 6 4
18 25 6 4
30 44 6 4
34 36 6 4
3 27 3 20
15 31 6 5
10 12 4 16
30 33 4 16
14 43 5 11
26 41 6 6
17 31 4 18
7 9 6 8
26 42 4 19
19 32 7 8
(191 404)

Arvore 17
0 1 3 3
8 27 3 3
10 28 3 4
5 43 3 6
3 4 3 10
12 29 3 11
12 34 3 11
19 27 3 11
27 42 3 11
5 27 4 7
26 31 4 7
1 4 3 12
10 16 3 12
36 43 4 8
20 33 3 13
23 39 5 4
25 28 4 9
12 22 5 6
13 37 5 6
9 35 4 11
9 27 5 7
34 38 5 7
24 42 4 12
11 19 5 8
2 38 4 13
4 13 6 4
6 41 6 4
10 30 6 4
18 25 6 4
30 44 6 4
34 36 6 4
11 21 3 18
23 34 5 9
29 40 5 9
15 31 6 5
26 41 6 6
3 27 3 20
14 43 5 11
10 12 4 16
30 33 4 16
7 9 6 8
17 31 4 18
26 42 4 19
19 32 7 8
(192 399)

Arvore 18
0 1 3 3
8 27 3 3
10 28 3 4
5 43 3 6
3 4 3 10
12 29 3 11
12 34 3 11
19 27 3 11
27 42 3 11
5 27 4 7
26 31 4 7
1 4 3 12
10 16 3 12
36 43 4 8
23 39 5 4
20 33 3 13
25 28 4 9
12 22 5 6
13 37 5 6
9 35 4 11
9 27 5 7
34 38 5 7
24 42 4 12
11 19 5 8
4 13 6 4
6 41 6 4
10 30 6 4
18 25 6 4
30 44 6 4
34 36 6 4
2 38 4 13
23 34 5 9
29 40 5 9
11 21 3 18
15 31 6 5
26 41 6 6
3 43 5 11
14 43 5 11
20 40 6 7
10 12 4 16
7 9 6 8
17 31 4 18
26 42 4 19
19 32 7 8
(196 381)

Arvore 19
0 1 3 3
8 27 3 3
10 28 3 4
5 43 3 6
3 4 3 10
12 29 3 11
12 34 3 11
19 27 3 11
27 42 3 11
5 27 4 7
26 31 4 7
1 4 3 12
10 16 3 12
36 43 4 8
23 39 5 4
20 33 3 13
25 28 4 9
12 22 5 6
13 37 5 6
9 35 4 11
9 27 5 7
34 38 5 7
24 42 4 12
11 19 5 8
4 13 6 4
6 41 6 4
10 30 6 4
18 25 6 4
30 44 6 4
34 36 6 4
2 38 4 13
23 34 5 9
29 40 5 9
15 31 6 5
11 21 3 18
26 41 6 6
3 43 5 11
14 43 5 11
20 40 6 7
10 12 4 16
7 9 6 8
17 31 4 18
6 23 7 6
19 32 7 8
(199 368)

Arvore 20
0 1 3 3
8 27 3 3
10 28 3 4
5 43 3 6
3 4 3 10
5 27 4 7
26 31 4 7
12 29 3 11
12 34 3 11
19 27 3 11
27 42 3 11
23 39 5 4
36 43 4 8
1 4 3 12
10 16 3 12
25 28 4 9
20 33 3 13
12 22 5 6
13 37 5 6
9 27 5 7
34 38 5 7
9 35 4 11
4 13 6 4
6 41 6 4
10 30 6 4
18 25 6 4
30 44 6 4
34 36 6 4
11 19 5 8
24 42 4 12
15 31 6 5
23 29 6 5
29 40 5 9
2 38 4 13
26 41 6 6
11 21 3 18
20 40 6 7
3 43 5 11
14 43 5 11
20 25 7 4
7 9 6 8
6 23 7 6
17 31 4 18
19 32 7 8
(203 352)

Arvore 21
0 1 3 3
8 27 3 3
10 28 3 4
5 43 3 6
3 4 3 10
5 27 4 7
26 31 4 7
23 39 5 4
12 29 3 11
12 34 3 11
19 27 3 11
27 42 3 11
36 43 4 8
1 4 3 12
10 16 3 12
25 28 4 9
12 22 5 6
13 37 5 6
20 33 3 13
9 27 5 7
34 38 5 7
4 13 6 4
6 41 6 4
10 30 6 4
18 25 6 4
30 44 6 4
34 36 6 4
9 35 4 11
11 19 5 8
15 31 6 5
23 29 6 5
24 42 4 12
29 40 5 9
26 41 6 6
2 38 4 13
20 40 6 7
20 25 7 4
3 43 5 11
14 43 5 11
11 21 3 18
7 9 6 8
6 23 7 6
17 24 6 11
19 32 7 8
(205 345)

Arvore 22
0 1 3 3
8 27 3 3
10 28 3 4
5 43 3 6
23 39 5 4
5 27 4 7
26 31 4 7
3 4 3 10
36 43 4 8
12 22 5 6
13 37 5 6
4 13 6 4
6 41 6 4
10 30 6 4
18 25 6 4
30 44 6 4
34 36 6 4
12 29 3 11
12 34 3 11
19 27 3 11
27 42 3 11
25 28 4 9
9 27 5 7
34 38 5 7
15 31 6 5
23 29 6 5
1 4 3 12
10 16 3 12
11 19 5 8
26 41 6 6
20 25 7 4
20 33 3 13
9 35 4 11
29 40 5 9
20 40 6 7
24 42 4 12
7 9 6 8
6 23 7 6
2 38 4 13
3 43 5 11
14 43 5 11
19 32 7 8
21 42 4 15
17 24 6 11
(206 342)

Arvore 23
0 1 3 3
8 27 3 3
10 28 3 4
5 43 3 6
23 39 5 4
5 27 4 7
26 31 4 7
4 13 6 4
6 41 6 4
10 30 6 4
18 25 6 4
30 44 6 4
34 36 6 4
12 22 5 6
13 37 5 6
36 43 4 8
3 4 3 10
15 31 6 5
23 29 6 5
9 27 5 7
34 38 5 7
25 28 4 9
12 29 3 11
12 34 3 11
19 27 3 11
27 42 3 11
20 25 7 4
26 41 6 6
11 19 5 8
1 4 3 12
10 16 3 12
20 40 6 7
29 40 5 9
9 35 4 11
20 33 3 13
6 23 7 6
7 27 7 6
24 42 4 12
3 29 8 5
2 9 7 7
14 43 5 11
19 32 7 8
17 24 6 11
21 42 4 15
(213 328)

Arvore 24
0 1 3 3
8 27 3 3
10 28 3 4
5 43 3 6
23 39 5 4
5 27 4 7
26 31 4 7
4 13 6 4
6 41 6 4
10 30 6 4
18 25 6 4
30 44 6 4
34 36 6 4
12 22 5 6
13 37 5 6
36 43 4 8
3 4 3 10
15 31 6 5
23 29 6 5
9 27 5 7
34 38 5 7
25 28 4 9
12 29 3 11
12 34 3 11
19 27 3 11
27 42 3 11
20 25 7 4
26 41 6 6
11 19 5 8
1 4 3 12
10 16 3 12
20 40 6 7
29 40 5 9
9 35 4 11
20 33 3 13
6 23 7 6
7 27 7 6
24 42 4 12
3 29 8 5
2 9 7 7
14 43 5 11
19 32 7 8
17 24 6 11
7 21 9 6
(218 319)

Arvore 25
0 1 3 3
8 27 3 3
10 28 3 4
5 43 3 6
23 39 5 4
5 27 4 7
26 31 4 7
4 13 6 4
6 41 6 4
10 30 6 4
18 25 6 4
30 44 6 4
34 36 6 4
12 22 5 6
13 37 5 6
36 43 4 8
3 4 3 10
15 31 6 5
23 29 6 5
9 27 5 7
34 38 5 7
25 28 4 9
20 25 7 4
12 29 3 11
12 34 3 11
19 27 3 11
27 42 3 11
26 41 6 6
11 19 5 8
1 4 3 12
10 16 3 12
20 40 6 7
29 40 5 9
9 35 4 11
6 23 7 6
7 27 7 6
20 33 3 13
3 29 8 5
24 42 4 12
2 9 7 7
14 43 5 11
19 32 7 8
3 17 10 4
7 21 9 6
(222 312)

Arvore 26
0 1 3 3
8 27 3 3
10 28 3 4
5 43 3 6
23 39 5 4
5 27 4 7
26 31 4 7
4 13 6 4
6 41 6 4
10 30 6 4
18 25 6 4
30 44 6 4
34 36 6 4
12 22 5 6
13 37 5 6
36 43 4 8
15 31 6 5
23 29 6 5
3 4 3 10
9 27 5 7
34 38 5 7
20 25 7 4
25 28 4 9
26 41 6 6
12 29 3 11
12 34 3 11
19 27 3 11
27 42 3 11
11 19 5 8
20 40 6 7
1 4 3 12
10 16 3 12
29 40 5 9
6 23 7 6
7 27 7 6
9 35 4 11
3 29 8 5
20 33 3 13
2 9 7 7
24 42 4 12
11 14 10 3
19 32 7 8
3 17 10 4
7 21 9 6
(227 304)

Arvore 27
0 1 3 3
8 27 3 3
10 28 3 4
5 43 3 6
23 39 5 4
4 13 6 4
6 41 6 4
10 30 6 4
18 25 6 4
30 44 6 4
34 36 6 4
5 27 4 7
26 31 4 7
12 22 5 6
13 37 5 6
15 31 6 5
23 29 6 5
36 43 4 8
20 25 7 4
9 27 5 7
34 38 5 7
3 4 3 10
26 41 6 6
25 28 4 9
11 19 5 8
12 29 3 11
12 34 3 11
19 27 3 11
27 42 3 11
10 40 8 4
6 23 7 6
7 27 7 6
0 37 5 9
29 40 5 9
10 16 3 12
3 29 8 5
9 35 4 11
2 9 7 7
20 33 3 13
11 14 10 3
24 28 8 6
19 32 7 8
3 17 10 4
7 21 9 6
(235 292)

Arvore 28
0 1 3 3
8 27 3 3
10 28 3 4
5 43 3 6
23 39 5 4
4 13 6 4
6 41 6 4
10 30 6 4
18 25 6 4
30 44 6 4
34 36 6 4
5 27 4 7
26 31 4 7
12 22 5 6
13 37 5 6
15 31 6 5
23 29 6 5
36 43 4 8
20 25 7 4
9 27 5 7
34 38 5 7
3 4 3 10
26 41 6 6
25 28 4 9
11 19 5 8
10 40 8 4
12 23 8 4
12 34 3 11
19 27 3 11
27 42 3 11
6 23 7 6
7 27 7 6
0 37 5 9
29 40 5 9
3 29 8 5
10 16 3 12
9 35 4 11
2 9 7 7
11 14 10 3
24 28 8 6
20 33 3 13
19 32 7 8
3 17 10 4
7 21 9 6
(240 285)

Arvore 29
0 1 3 3
8 27 3 3
10 28 3 4
5 43 3 6
23 39 5 4
4 13 6 4
6 41 6 4
10 30 6 4
18 25 6 4
30 44 6 4
34 36 6 4
5 27 4 7
26 31 4 7
12 22 5 6
13 37 5 6
15 31 6 5
23 29 6 5
20 25 7 4
36 43 4 8
9 27 5 7
34 38 5 7
26 41 6 6
3 4 3 10
10 40 8 4
12 23 8 4
25 28 4 9
11 19 5 8
6 23 7 6
7 27 7 6
12 34 3 11
19 27 3 11
27 42 3 11
3 29 8 5
5 44 9 4
0 37 5 9
11 14 10 3
2 9 7 7
10 16 3 12
24 28 8 6
9 35 4 11
3 17 10 4
19 32 7 8
20 33 3 13
7 21 9 6
(244 280)

Arvore 30
0 1 3 3
8 27 3 3
10 28 3 4
5 43 3 6
23 39 5 4
4 13 6 4
6 41 6 4
10 30 6 4
18 25 6 4
30 44 6 4
34 36 6 4
5 27 4 7
26 31 4 7
12 22 5 6
13 37 5 6
15 31 6 5
23 29 6 5
20 25 7 4
36 43 4 8
9 27 5 7
34 38 5 7
26 41 6 6
10 40 8 4
12 23 8 4
3 4 3 10
25 28 4 9
11 19 5 8
6 23 7 6
7 27 7 6
3 29 8 5
5 44 9 4
12 30 9 4
11 14 10 3
19 27 3 11
27 42 3 11
0 37 5 9
2 9 7 7
24 28 8 6
3 17 10 4
10 16 3 12
9 35 4 11
19 32 7 8
7 21 9 6
20 33 3 13
(250 273)

Arvore 31
0 1 3 3
8 27 3 3
10 28 3 4
23 39 5 4
5 43 3 6
4 13 6 4
6 41 6 4
10 30 6 4
18 25 6 4
30 44 6 4
34 36 6 4
20 25 7 4
15 31 6 5
23 29 6 5
12 22 5 6
13 37 5 6
5 27 4 7
26 31 4 7
10 40 8 4
12 23 8 4
5 34 7 5
26 41 6 6
9 27 5 7
34 38 5 7
11 14 10 3
5 44 9 4
12 30 9 4
3 29 8 5
6 23 7 6
7 27 7 6
20 40 6 7
11 19 5 8
3 4 3 10
14 39 11 3
3 17 10 4
20 42 8 6
24 28 8 6
2 9 7 7
0 37 5 9
7 21 9 6
35 39 9 6
19 32 7 8
10 16 3 12
20 33 3 13
(273 250)

Arvore 32
0 1 3 3
8 27 3 3
10 28 3 4
23 39 5 4
5 43 3 6
4 13 6 4
6 41 6 4
10 30 6 4
18 25 6 4
30 44 6 4
34 36 6 4
20 25 7 4
15 31 6 5
23 29 6 5
12 22 5 6
13 37 5 6
5 27 4 7
26 31 4 7
10 40 8 4
12 23 8 4
5 34 7 5
26 41 6 6
9 27 5 7
34 38 5 7
11 14 10 3
5 44 9 4
12 30 9 4
3 29 8 5
6 23 7 6
7 27 7 6
20 40 6 7
11 19 5 8
14 39 11 3
3 17 10 4
14 37 10 4
20 42 8 6
24 28 8 6
2 9 7 7
0 37 5 9
7 21 9 6
35 39 9 6
19 32 7 8
10 16 3 12
20 33 3 13
(280 244)

Arvore 33
0 1 3 3
8 27 3 3
10 28 3 4
23 39 5 4
5 43 3 6
4 13 6 4
6 41 6 4
10 30 6 4
18 25 6 4
30 44 6 4
34 36 6 4
20 25 7 4
15 31 6 5
23 29 6 5
12 22 5 6
13 37 5 6
5 27 4 7
26 31 4 7
10 40 8 4
12 23 8 4
5 34 7 5
26 41 6 6
11 14 10 3
9 27 5 7
34 38 5 7
5 44 9 4
12 30 9 4
3 29 8 5
6 23 7 6
7 27 7 6
14 39 11 3
20 40 6 7
3 17 10 4
14 37 10 4
11 19 5 8
20 42 8 6
24 28 8 6
2 9 7 7
0 37 5 9
7 21 9 6
35 39 9 6
19 32 7 8
16 38 13 4
20 33 3 13
(290 236)

Arvore 34
0 1 3 3
8 27 3 3
10 28 3 4
23 39 5 4
5 43 3 6
4 13 6 4
6 41 6 4
10 30 6 4
18 25 6 4
30 44 6 4
34 36 6 4
20 25 7 4
15 31 6 5
23 29 6 5
12 22 5 6
13 37 5 6
10 40 8 4
12 23 8 4
5 27 4 7
26 31 4 7
5 34 7 5
11 14 10 3
26 41 6 6
5 44 9 4
9 34 9 4
12 30 9 4
34 38 5 7
3 29 8 5
14 39 11 3
31 44 11 3
7 27 7 6
3 17 10 4
14 37 10 4
20 40 6 7
11 19 5 8
20 42 8 6
24 28 8 6
2 9 7 7
7 21 9 6
35 39 9 6
0 37 5 9
19 32 7 8
16 38 13 4
20 33 3 13
(298 230)

Arvore 35
0 1 3 3
8 27 3 3
10 28 3 4
23 39 5 4
4 13 6 4
6 41 6 4
10 30 6 4
18 25 6 4
30 44 6 4
34 36 6 4
5 43 3 6
20 25 7 4
15 31 6 5
23 29 6 5
10 40 8 4
12 23 8 4
11 14 10 3
12 22 5 6
13 37 5 6
5 34 7 5
5 44 9 4
9 34 9 4
12 30 9 4
5 27 4 7
26 31 4 7
14 39 11 3
31 44 11 3
26 41 6 6
3 29 8 5
3 17 10 4
14 37 10 4
34 38 5 7
7 27 7 6
20 40 6 7
20 42 8 6
24 28 8 6
11 19 5 8
2 9 7 7
7 21 9 6
35 39 9 6
16 38 13 4
23 32 10 6
0 37 5 9
33 39 12 7
(310 222)

Arvore 36
0 1 3 3
8 27 3 3
10 28 3 4
23 39 5 4
4 13 6 4
6 41 6 4
10 30 6 4
18 25 6 4
30 44 6 4
34 36 6 4
20 25 7 4
5 43 3 6
11 14 10 3
10 40 8 4
12 23 8 4
15 31 6 5
23 29 6 5
14 39 11 3
31 44 11 3
5 44 9 4
9 34 9 4
12 30 9 4
5 34 7 5
12 22 5 6
13 37 5 6
3 17 10 4
14 37 10 4
3 29 8 5
26 41 6 6
5 27 4 7
26 31 4 7
7 27 7 6
34 38 5 7
18 30 10 5
20 42 8 6
24 28 8 6
16 38 13 4
2 44 11 5
7 21 9 6
35 39 9 6
11 19 5 8
23 32 10 6
0 37 5 9
33 39 12 7
(318 218)

Arvore 37
0 1 3 3
8 27 3 3
10 28 3 4
23 39 5 4
4 13 6 4
6 41 6 4
10 30 6 4
18 25 6 4
30 44 6 4
34 36 6 4
20 25 7 4
5 43 3 6
11 14 10 3
10 40 8 4
12 23 8 4
15 31 6 5
23 29 6 5
14 39 11 3
31 44 11 3
5 44 9 4
9 34 9 4
12 30 9 4
5 34 7 5
12 22 5 6
13 37 5 6
3 17 10 4
14 37 10 4
3 29 8 5
26 41 6 6
5 27 4 7
26 31 4 7
7 27 7 6
34 38 5 7
18 30 10 5
20 42 8 6
24 28 8 6
16 38 13 4
2 44 11 5
7 21 9 6
35 39 9 6
11 19 5 8
23 32 10 6
1 9 16 4
33 39 12 7
(329 213)

Arvore 38
0 1 3 3
8 27 3 3
10 28 3 4
23 39 5 4
4 13 6 4
6 41 6 4
10 30 6 4
18 25 6 4
30 44 6 4
34 36 6 4
20 25 7 4
11 14 10 3
10 40 8 4
12 23 8 4
14 39 11 3
31 44 11 3
5 43 3 6
15 31 6 5
23 29 6 5
5 44 9 4
9 34 9 4
12 30 9 4
5 34 7 5
3 17 10 4
14 37 10 4
12 22 5 6
13 37 5 6
3 29 8 5
26 41 6 6
5 27 4 7
26 31 4 7
7 27 7 6
18 30 10 5
16 38 13 4
34 38 5 7
20 42 8 6
24 28 8 6
2 44 11 5
7 21 9 6
35 39 9 6
6 32 15 4
11 19 5 8
1 9 16 4
33 38 22 3
(344 207)

Arvore 39
0 1 3 3
8 27 3 3
10 28 3 4
23 39 5 4
4 13 6 4
6 41 6 4
10 30 6 4
18 25 6 4
30 44 6 4
34 36 6 4
11 14 10 3
20 25 7 4
14 39 11 3
31 44 11 3
10 40 8 4
12 23 8 4
5 44 9 4
9 34 9 4
12 30 9 4
15 31 6 5
23 29 6 5
5 43 3 6
3 17 10 4
14 37 10 4
30 36 10 4
3 29 8 5
12 22 5 6
13 37 5 6
26 41 6 6
16 38 13 4
18 30 10 5
6 23 7 6
7 27 7 6
5 27 4 7
4 38 14 4
2 44 11 5
20 42 8 6
24 28 8 6
6 32 15 4
7 21 9 6
35 39 9 6
0 5 19 3
11 19 5 8
33 38 22 3
(362 201)

Arvore 40
0 1 3 3
8 27 3 3
10 28 3 4
23 39 5 4
4 13 6 4
6 41 6 4
10 30 6 4
18 25 6 4
30 44 6 4
34 36 6 4
11 14 10 3
20 25 7 4
14 39 11 3
31 44 11 3
10 40 8 4
12 23 8 4
5 44 9 4
9 34 9 4
12 30 9 4
15 31 6 5
23 29 6 5
3 17 10 4
14 37 10 4
30 36 10 4
5 43 3 6
3 29 8 5
12 22 5 6
13 37 5 6
16 38 13 4
26 41 6 6
18 30 10 5
4 38 14 4
6 23 7 6
7 27 7 6
2 44 11 5
5 27 4 7
6 32 15 4
20 42 8 6
24 28 8 6
0 5 19 3
21 32 16 4
35 39 9 6
33 38 22 3
11 19 5 8
(369 199)

Arvore 41
0 1 3 3
8 27 3 3
10 28 3 4
23 39 5 4
4 13 6 4
6 41 6 4
10 30 6 4
18 25 6 4
30 44 6 4
34 36 6 4
11 14 10 3
20 25 7 4
14 39 11 3
31 44 11 3
10 40 8 4
12 23 8 4
5 44 9 4
9 34 9 4
12 30 9 4
15 31 6 5
23 29 6 5
3 17 10 4
14 37 10 4
30 36 10 4
5 43 3 6
3 29 8 5
12 22 5 6
13 37 5 6
16 38 13 4
26 41 6 6
18 30 10 5
4 38 14 4
6 23 7 6
7 27 7 6
2 44 11 5
6 32 15 4
7 16 15 4
0 5 19 3
20 42 8 6
24 28 8 6
21 32 16 4
35 39 9 6
33 38 22 3
11 19 5 8
(380 196)

Arvore 42
0 1 3 3
8 27 3 3
10 28 3 4
23 39 5 4
11 14 10 3
4 13 6 4
6 41 6 4
10 30 6 4
18 25 6 4
30 44 6 4
34 36 6 4
14 39 11 3
31 44 11 3
20 25 7 4
10 40 8 4
12 23 8 4
5 44 9 4
9 34 9 4
12 30 9 4
23 36 14 3
3 17 10 4
14 37 10 4
15 31 6 5
23 29 6 5
5 43 3 6
3 29 8 5
22 43 17 3
16 38 13 4
13 37 5 6
4 38 14 4
18 30 10 5
0 5 19 3
26 41 6 6
6 32 15 4
7 16 15 4
2 44 11 5
6 23 7 6
7 27 7 6
21 32 16 4
20 42 8 6
24 28 8 6
33 38 22 3
35 39 9 6
19 25 21 4
(412 188)

Arvore 43
0 1 3 3
8 27 3 3
10 28 3 4
23 39 5 4
11 14 10 3
4 13 6 4
6 41 6 4
10 30 6 4
18 25 6 4
30 44 6 4
34 36 6 4
14 39 11 3
31 44 11 3
20 25 7 4
10 40 8 4
12 23 8 4
5 44 9 4
9 34 9 4
12 30 9 4
23 36 14 3
3 17 10 4
14 37 10 4
15 31 6 5
23 29 6 5
5 43 3 6
22 43 17 3
3 29 8 5
16 38 13 4
4 38 14 4
4 39 14 4
0 5 19 3
18 30 10 5
6 32 15 4
7 16 15 4
26 41 6 6
2 44 11 5
21 32 16 4
32 38 16 4
7 27 7 6
20 42 8 6
24 28 8 6
33 38 22 3
35 39 9 6
19 25 21 4
(430 184)

Arvore 44
0 1 3 3
8 27 3 3
10 28 3 4
23 39 5 4
11 14 10 3
4 13 6 4
6 41 6 4
10 30 6 4
18 25 6 4
30 44 6 4
34 36 6 4
14 39 11 3
31 44 11 3
20 25 7 4
10 40 8 4
12 23 8 4
5 44 9 4
9 34 9 4
12 30 9 4
23 36 14 3
3 17 10 4
14 37 10 4
15 31 6 5
23 29 6 5
22 43 17 3
5 43 3 6
3 29 8 5
16 38 13 4
4 38 14 4
4 39 14 4
0 5 19 3
18 30 10 5
6 32 15 4
7 16 15 4
26 41 6 6
2 44 11 5
21 32 16 4
32 38 16 4
1 8 21 3
33 38 22 3
20 42 8 6
24 28 8 6
35 39 9 6
19 25 21 4
(444 181)

Arvore 45
0 1 3 3
8 27 3 3
10 28 3 4
11 14 10 3
23 39 5 4
14 39 11 3
31 44 11 3
4 13 6 4
6 41 6 4
10 30 6 4
18 25 6 4
30 44 6 4
34 36 6 4
20 25 7 4
10 40 8 4
12 23 8 4
23 36 14 3
5 44 9 4
9 34 9 4
12 30 9 4
3 17 10 4
14 37 10 4
15 31 6 5
23 29 6 5
22 43 17 3
12 17 13 4
16 38 13 4
5 43 3 6
0 5 19 3
4 38 14 4
4 39 14 4
6 32 15 4
7 16 15 4
9 18 15 4
1 8 21 3
21 32 16 4
32 38 16 4
2 44 11 5
26 41 6 6
33 38 22 3
20 42 8 6
24 28 8 6
35 39 9 6
19 25 21 4
(454 179)

Arvore 46
0 1 3 3
8 27 3 3
11 14 10 3
10 28 3 4
14 39 11 3
31 44 11 3
23 39 5 4
4 13 6 4
6 41 6 4
10 30 6 4
18 25 6 4
30 44 6 4
34 36 6 4
23 36 14 3
20 25 7 4
10 40 8 4
12 23 8 4
5 44 9 4
9 34 9 4
12 30 9 4
22 43 17 3
3 17 10 4
14 37 10 4
0 5 19 3
12 17 13 4
16 38 13 4
1 8 21 3
15 31 6 5
23 29 6 5
4 38 14 4
4 39 14 4
33 38 22 3
6 32 15 4
7 16 15 4
9 18 15 4
14 41 23 3
21 32 16 4
5 43 3 6
2 44 11 5
19 25 21 4
26 41 6 6
20 42 8 6
24 28 8 6
35 39 9 6
(461 178)

Arvore 47
0 1 3 3
8 27 3 3
11 14 10 3
14 39 11 3
31 44 11 3
10 28 3 4
23 39 5 4
23 36 14 3
4 13 6 4
6 41 6 4
10 30 6 4
18 25 6 4
30 44 6 4
34 36 6 4
20 25 7 4
10 40 8 4
12 23 8 4
22 43 17 3
5 44 9 4
9 34 9 4
12 30 9 4
3 17 10 4
14 37 10 4
0 5 19 3
1 8 21 3
12 17 13 4
16 38 13 4
30 38 22 3
33 38 22 3
4 38 14 4
15 31 6 5
23 29 6 5
14 41 23 3
6 32 15 4
7 16 15 4
9 18 15 4
21 32 16 4
2 44 11 5
5 43 3 6
19 25 21 4
26 41 6 6
39 42 16 5
24 28 8 6
35 39 9 6
(477 176)

Arvore 48
0 1 3 3
8 27 3 3
11 14 10 3
14 39 11 3
31 44 11 3
10 28 3 4
23 39 5 4
23 36 14 3
4 13 6 4
6 41 6 4
10 30 6 4
18 25 6 4
30 44 6 4
34 36 6 4
20 25 7 4
10 40 8 4
12 23 8 4
22 43 17 3
5 44 9 4
9 34 9 4
12 30 9 4
3 17 10 4
14 37 10 4
0 5 19 3
1 8 21 3
12 17 13 4
16 38 13 4
30 38 22 3
33 38 22 3
4 38 14 4
14 41 23 3
15 23 23 3
23 29 6 5
6 32 15 4
7 16 15 4
9 18 15 4
21 32 16 4
2 44 11 5
5 43 3 6
19 25 21 4
26 41 6 6
39 42 16 5
24 28 8 6
35 39 9 6
(494 174)

Arvore 49
0 1 3 3
8 27 3 3
11 14 10 3
14 39 11 3
31 44 11 3
10 28 3 4
23 36 14 3
23 39 5 4
4 13 6 4
6 41 6 4
10 30 6 4
18 25 6 4
30 44 6 4
34 36 6 4
22 43 17 3
20 25 7 4
10 40 8 4
12 23 8 4
0 5 19 3
5 44 9 4
9 34 9 4
12 30 9 4
3 17 10 4
14 37 10 4
1 8 21 3
30 38 22 3
33 38 22 3
14 41 23 3
15 23 23 3
12 17 13 4
16 38 13 4
7 12 24 3
4 38 14 4
6 32 15 4
9 18 15 4
21 32 16 4
23 29 6 5
19 25 21 4
2 44 11 5
5 43 3 6
5 42 25 4
26 41 6 6
24 28 8 6
35 39 9 6
(512 172)

Arvore 50
0 1 3 3
8 27 3 3
11 14 10 3
14 39 11 3
31 44 11 3
23 36 14 3
10 28 3 4
23 39 5 4
22 43 17 3
4 13 6 4
6 41 6 4
10 30 6 4
18 25 6 4
30 44 6 4
34 36 6 4
20 25 7 4
0 5 19 3
10 40 8 4
12 23 8 4
5 44 9 4
9 34 9 4
12 30 9 4
1 8 21 3
3 17 10 4
14 37 10 4
30 38 22 3
33 38 22 3
14 41 23 3
15 23 23 3
7 12 24 3
12 17 13 4
16 38 13 4
4 38 14 4
6 32 15 4
9 18 15 4
21 32 16 4
23 29 6 5
19 25 21 4
2 44 11 5
5 42 25 4
5 43 3 6
18 26 17 5
24 28 8 6
35 39 9 6
(523 171)

Arvore 51
0 1 3 3
8 27 3 3
11 14 10 3
14 39 11 3
31 44 11 3
23 36 14 3
10 28 3 4
22 43 17 3
23 39 5 4
4 13 6 4
6 41 6 4
10 30 6 4
18 25 6 4
30 44 6 4
34 36 6 4
0 5 19 3
20 25 7 4
10 40 8 4
12 23 8 4
1 8 21 3
5 44 9 4
9 34 9 4
12 30 9 4
30 38 22 3
33 38 22 3
3 17 10 4
14 37 10 4
14 41 23 3
15 23 23 3
7 12 24 3
12 17 13 4
16 38 13 4
4 38 14 4
6 32 15 4
9 18 15 4
21 32 16 4
18 29 18 4
19 25 21 4
2 44 11 5
5 42 25 4
5 43 3 6
18 26 17 5
24 28 8 6
35 39 9 6
(535 170)

Arvore 52
0 1 3 3
8 27 3 3
11 14 10 3
14 39 11 3
31 44 11 3
23 36 14 3
22 43 17 3
10 28 3 4
0 5 19 3
23 39 5 4
4 13 6 4
6 41 6 4
10 30 6 4
18 25 6 4
30 44 6 4
34 36 6 4
1 8 21 3
20 25 7 4
30 38 22 3
33 38 22 3
10 40 8 4
12 23 8 4
14 41 23 3
15 23 23 3
5 44 9 4
9 34 9 4
12 30 9 4
7 12 24 3
3 17 10 4
14 37 10 4
12 17 13 4
16 38 13 4
4 38 14 4
6 32 15 4
9 18 15 4
21 32 16 4
18 29 18 4
19 25 21 4
5 42 25 4
2 44 11 5
18 26 17 5
5 43 3 6
20 35 22 5
24 28 8 6
(548 169)

Arvore 53
0 1 3 3
8 27 3 3
11 14 10 3
14 39 11 3
31 44 11 3
23 36 14 3
22 43 17 3
10 28 3 4
0 5 19 3
23 39 5 4
1 8 21 3
4 13 6 4
6 41 6 4
10 30 6 4
18 25 6 4
30 44 6 4
34 36 6 4
30 38 22 3
33 38 22 3
20 25 7 4
14 41 23 3
15 23 23 3
10 40 8 4
12 23 8 4
7 12 24 3
8 34 24 3
5 44 9 4
9 34 9 4
3 17 10 4
14 37 10 4
17 33 28 3
16 38 13 4
4 38 14 4
6 32 15 4
9 18 15 4
21 32 16 4
18 29 18 4
19 25 21 4
5 42 25 4
2 44 11 5
18 26 17 5
5 43 3 6
20 35 22 5
24 28 8 6
(578 167)

Arvore 54
0 1 3 3
8 27 3 3
11 14 10 3
14 39 11 3
31 44 11 3
23 36 14 3
22 43 17 3
0 5 19 3
10 28 3 4
1 8 21 3
23 39 5 4
30 38 22 3
33 38 22 3
4 13 6 4
6 41 6 4
10 30 6 4
18 25 6 4
30 44 6 4
34 36 6 4
14 41 23 3
15 23 23 3
20 25 7 4
7 12 24 3
8 34 24 3
10 40 8 4
12 23 8 4
5 44 9 4
9 34 9 4
3 17 10 4
14 37 10 4
17 33 28 3
16 38 13 4
4 44 30 3
6 32 15 4
9 18 15 4
21 32 16 4
18 29 18 4
19 25 21 4
5 42 25 4
2 44 11 5
18 26 17 5
5 43 3 6
20 35 22 5
24 28 8 6
(594 166)

Arvore 55
0 1 3 3
8 27 3 3
11 14 10 3
14 39 11 3
31 44 11 3
23 36 14 3
22 43 17 3
0 5 19 3
10 28 3 4
1 8 21 3
30 38 22 3
33 38 22 3
23 39 5 4
14 41 23 3
15 23 23 3
4 13 6 4
6 41 6 4
10 30 6 4
18 25 6 4
30 44 6 4
34 36 6 4
7 12 24 3
8 34 24 3
20 25 7 4
10 40 8 4
12 23 8 4
5 44 9 4
9 34 9 4
3 17 10 4
14 37 10 4
17 33 28 3
4 44 30 3
16 38 13 4
6 32 15 4
9 18 15 4
21 32 16 4
18 29 18 4
19 25 21 4
5 42 25 4
1 2 97 0
18 26 17 5
5 43 3 6
20 35 22 5
24 28 8 6
(680 161)

Arvore 56
1 2 97 0
0 1 3 3
8 27 3 3
11 14 10 3
14 39 11 3
31 44 11 3
23 36 14 3
22 43 17 3
0 5 19 3
1 8 21 3
30 38 22 3
33 38 22 3
14 41 23 3
15 23 23 3
7 12 24 3
8 34 24 3
17 33 28 3
4 44 30 3
10 28 3 4
23 39 5 4
4 13 6 4
6 41 6 4
10 30 6 4
18 25 6 4
30 44 6 4
34 36 6 4
20 25 7 4
10 40 8 4
12 23 8 4
5 44 9 4
9 34 9 4
3 17 10 4
14 37 10 4
16 38 13 4
6 32 15 4
9 18 15 4
21 32 16 4
18 29 18 4
19 25 21 4
5 42 25 4
18 26 17 5
17 43 21 5
20 35 22 5
24 28 8 6
(698 160)


NAO SUPORTADAS: 
Arvore 57
0 1 3 3
8 27 3 3
10 28 3 4
5 43 3 6
3 4 3 10
12 29 3 11
12 34 3 11
19 27 3 11
27 42 3 11
1 4 3 12
10 16 3 12
20 33 3 13
11 21 3 18
3 27 3 20
12 16 3 24
4 25 3 25
4 31 3 25
39 44 3 27
5 27 4 7
26 31 4 7
27 39 3 28
36 43 4 8
25 28 4 9
9 35 4 11
24 42 4 12
2 38 4 13
21 42 4 15
38 43 4 15
30 33 4 16
13 33 4 18
17 31 4 18
6 13 4 21
4 37 4 23
12 40 4 23
19 30 4 23
23 39 5 4
12 22 5 6
9 27 5 7
14 43 5 11
8 15 5 18
13 18 5 21
12 32 5 25
24 41 5 25
7 36 5 28
(166 658)

Arvore 58
0 1 3 3
8 27 3 3
10 28 3 4
5 43 3 6
3 4 3 10
12 29 3 11
12 34 3 11
19 27 3 11
27 42 3 11
1 4 3 12
10 16 3 12
20 33 3 13
11 21 3 18
3 27 3 20
12 16 3 24
4 25 3 25
4 31 3 25
39 44 3 27
5 27 4 7
26 31 4 7
27 39 3 28
36 43 4 8
25 28 4 9
9 35 4 11
24 42 4 12
2 38 4 13
0 2 0 97
21 42 4 15
30 33 4 16
13 33 4 18
17 31 4 18
6 13 4 21
4 37 4 23
12 40 4 23
19 30 4 23
23 39 5 4
12 22 5 6
9 27 5 7
14 43 5 11
8 15 5 18
13 18 5 21
6 41 6 4
29 32 5 25
7 9 6 8
(164 699)

Arvore 59
0 1 3 3
8 27 3 3
10 28 3 4
5 43 3 6
3 4 3 10
12 29 3 11
12 34 3 11
19 27 3 11
27 42 3 11
1 4 3 12
10 16 3 12
20 33 3 13
11 21 3 18
3 27 3 20
12 16 3 24
4 25 3 25
4 31 3 25
39 44 3 27
5 27 4 7
26 31 4 7
27 39 3 28
36 43 4 8
25 28 4 9
9 35 4 11
24 42 4 12
2 38 4 13
0 2 0 97
21 42 4 15
30 33 4 16
13 33 4 18
17 31 4 18
6 13 4 21
4 37 4 23
12 40 4 23
19 30 4 23
23 39 5 4
12 22 5 6
9 27 5 7
14 43 5 11
8 15 5 18
6 41 6 4
18 25 6 4
12 32 5 25
7 9 6 8
(165 682)

Arvore 60
0 1 3 3
8 27 3 3
10 28 3 4
5 43 3 6
3 4 3 10
12 29 3 11
12 34 3 11
19 27 3 11
27 42 3 11
1 4 3 12
10 16 3 12
20 33 3 13
11 21 3 18
3 27 3 20
12 16 3 24
5 27 4 7
26 31 4 7
4 25 3 25
4 31 3 25
36 43 4 8
25 28 4 9
39 44 3 27
27 39 3 28
9 35 4 11
24 42 4 12
2 38 4 13
21 42 4 15
38 43 4 15
30 33 4 16
13 33 4 18
17 31 4 18
6 13 4 21
23 39 5 4
12 40 4 23
19 30 4 23
12 22 5 6
13 37 5 6
9 27 5 7
14 43 5 11
8 15 5 18
13 18 5 21
6 41 6 4
12 32 5 25
7 9 6 8
(169 600)

Arvore 61
0 1 3 3
8 27 3 3
10 28 3 4
5 43 3 6
3 4 3 10
12 29 3 11
12 34 3 11
19 27 3 11
27 42 3 11
1 4 3 12
10 16 3 12
20 33 3 13
11 21 3 18
3 27 3 20
5 27 4 7
26 31 4 7
36 43 4 8
25 28 4 9
12 16 3 24
4 25 3 25
4 31 3 25
9 35 4 11
24 42 4 12
39 44 3 27
2 38 4 13
27 39 3 28
21 42 4 15
38 43 4 15
30 33 4 16
13 33 4 18
17 31 4 18
23 39 5 4
12 22 5 6
13 37 5 6
6 13 4 21
9 27 5 7
4 37 4 23
29 40 5 9
14 43 5 11
8 15 5 18
6 41 6 4
18 25 6 4
7 9 6 8
12 32 5 25
(171 569)

Arvore 62
0 1 3 3
8 27 3 3
10 28 3 4
5 43 3 6
3 4 3 10
12 29 3 11
12 34 3 11
19 27 3 11
27 42 3 11
1 4 3 12
10 16 3 12
20 33 3 13
5 27 4 7
26 31 4 7
36 43 4 8
11 21 3 18
25 28 4 9
3 27 3 20
9 35 4 11
24 42 4 12
2 38 4 13
23 39 5 4
21 42 4 15
38 43 4 15
4 25 3 25
4 31 3 25
12 22 5 6
13 37 5 6
10 12 4 16
30 33 4 16
9 27 5 7
39 44 3 27
13 33 4 18
17 31 4 18
27 39 3 28
0 37 5 9
29 40 5 9
14 43 5 11
6 13 4 21
6 41 6 4
18 25 6 4
15 31 6 5
7 9 6 8
12 32 5 25
(174 534)

Arvore 63
0 1 3 3
8 27 3 3
10 28 3 4
5 43 3 6
3 4 3 10
12 29 3 11
12 34 3 11
19 27 3 11
27 42 3 11
1 4 3 12
10 16 3 12
20 33 3 13
5 27 4 7
26 31 4 7
36 43 4 8
11 21 3 18
25 28 4 9
3 27 3 20
9 35 4 11
24 42 4 12
2 38 4 13
23 39 5 4
21 42 4 15
38 43 4 15
12 22 5 6
13 37 5 6
4 25 3 25
4 31 3 25
10 12 4 16
30 33 4 16
9 27 5 7
39 44 3 27
13 33 4 18
17 31 4 18
0 37 5 9
23 34 5 9
29 40 5 9
14 43 5 11
6 13 4 21
6 41 6 4
18 25 6 4
15 31 6 5
7 9 6 8
12 32 5 25
(176 515)

Arvore 64
0 1 3 3
8 27 3 3
10 28 3 4
5 43 3 6
3 4 3 10
12 29 3 11
12 34 3 11
19 27 3 11
27 42 3 11
1 4 3 12
10 16 3 12
20 33 3 13
5 27 4 7
26 31 4 7
36 43 4 8
25 28 4 9
11 21 3 18
9 35 4 11
3 27 3 20
24 42 4 12
23 39 5 4
2 38 4 13
12 22 5 6
13 37 5 6
21 42 4 15
38 43 4 15
9 27 5 7
34 38 5 7
10 12 4 16
30 33 4 16
4 31 3 25
0 37 5 9
23 34 5 9
29 40 5 9
13 33 4 18
17 31 4 18
39 44 3 27
14 43 5 11
6 13 4 21
6 41 6 4
18 25 6 4
15 31 6 5
7 9 6 8
12 32 5 25
(178 497)

Arvore 65
0 1 3 3
8 27 3 3
10 28 3 4
5 43 3 6
3 4 3 10
12 29 3 11
12 34 3 11
19 27 3 11
27 42 3 11
1 4 3 12
10 16 3 12
20 33 3 13
5 27 4 7
26 31 4 7
36 43 4 8
25 28 4 9
11 21 3 18
9 35 4 11
23 39 5 4
24 42 4 12
3 27 3 20
2 38 4 13
12 22 5 6
13 37 5 6
9 27 5 7
34 38 5 7
21 42 4 15
38 43 4 15
30 33 4 16
12 16 3 24
0 37 5 9
23 34 5 9
29 40 5 9
4 31 3 25
13 33 4 18
17 31 4 18
14 43 5 11
6 41 6 4
18 25 6 4
30 44 6 4
15 31 6 5
6 13 4 21
7 9 6 8
19 32 7 8
(182 465)

Arvore 66
0 1 3 3
8 27 3 3
10 28 3 4
5 43 3 6
3 4 3 10
12 29 3 11
12 34 3 11
19 27 3 11
27 42 3 11
1 4 3 12
10 16 3 12
20 33 3 13
5 27 4 7
26 31 4 7
36 43 4 8
25 28 4 9
11 21 3 18
9 35 4 11
23 39 5 4
24 42 4 12
3 27 3 20
2 38 4 13
12 22 5 6
13 37 5 6
9 27 5 7
34 38 5 7
38 43 4 15
11 19 5 8
10 12 4 16
30 33 4 16
0 37 5 9
23 34 5 9
29 40 5 9
4 31 3 25
13 33 4 18
17 31 4 18
14 43 5 11
39 44 3 27
6 41 6 4
18 25 6 4
15 31 6 5
6 13 4 21
7 9 6 8
19 32 7 8
(181 473)

Arvore 67
0 1 3 3
8 27 3 3
10 28 3 4
5 43 3 6
3 4 3 10
12 29 3 11
12 34 3 11
19 27 3 11
27 42 3 11
1 4 3 12
10 16 3 12
20 33 3 13
5 27 4 7
26 31 4 7
36 43 4 8
25 28 4 9
11 21 3 18
9 35 4 11
23 39 5 4
24 42 4 12
3 27 3 20
2 38 4 13
12 22 5 6
13 37 5 6
9 27 5 7
34 38 5 7
38 43 4 15
11 19 5 8
10 12 4 16
30 33 4 16
0 37 5 9
23 34 5 9
29 40 5 9
4 31 3 25
13 33 4 18
17 31 4 18
14 43 5 11
6 41 6 4
18 25 6 4
30 44 6 4
15 31 6 5
6 13 4 21
7 9 6 8
19 32 7 8
(184 450)

Arvore 68
0 1 3 3
8 27 3 3
10 28 3 4
5 43 3 6
3 4 3 10
12 29 3 11
12 34 3 11
19 27 3 11
27 42 3 11
1 4 3 12
10 16 3 12
20 33 3 13
5 27 4 7
26 31 4 7
36 43 4 8
25 28 4 9
11 21 3 18
9 35 4 11
23 39 5 4
24 42 4 12
3 27 3 20
2 38 4 13
12 22 5 6
13 37 5 6
9 27 5 7
34 38 5 7
38 43 4 15
11 19 5 8
10 12 4 16
30 33 4 16
0 37 5 9
23 34 5 9
29 40 5 9
4 31 3 25
13 33 4 18
17 31 4 18
14 43 5 11
6 41 6 4
18 25 6 4
30 44 6 4
15 31 6 5
26 41 6 6
7 9 6 8
19 32 7 8
(186 435)

Arvore 69
0 1 3 3
8 27 3 3
10 28 3 4
5 43 3 6
3 4 3 10
12 29 3 11
12 34 3 11
19 27 3 11
27 42 3 11
1 4 3 12
10 16 3 12
20 33 3 13
5 27 4 7
26 31 4 7
36 43 4 8
25 28 4 9
11 21 3 18
9 35 4 11
23 39 5 4
24 42 4 12
3 27 3 20
2 38 4 13
12 22 5 6
13 37 5 6
9 27 5 7
34 38 5 7
21 42 4 15
38 43 4 15
10 12 4 16
30 33 4 16
0 37 5 9
23 34 5 9
29 40 5 9
4 31 3 25
17 31 4 18
14 43 5 11
6 41 6 4
10 30 6 4
18 25 6 4
30 44 6 4
15 31 6 5
26 41 6 6
7 9 6 8
19 32 7 8
(187 428)

Arvore 70
0 1 3 3
8 27 3 3
10 28 3 4
5 43 3 6
3 4 3 10
12 29 3 11
12 34 3 11
19 27 3 11
27 42 3 11
1 4 3 12
10 16 3 12
5 27 4 7
26 31 4 7
20 33 3 13
36 43 4 8
25 28 4 9
23 39 5 4
9 35 4 11
12 22 5 6
13 37 5 6
24 42 4 12
11 21 3 18
9 27 5 7
34 38 5 7
2 38 4 13
11 19 5 8
3 27 3 20
23 34 5 9
29 40 5 9
38 43 4 15
4 13 6 4
6 41 6 4
10 30 6 4
18 25 6 4
30 44 6 4
10 12 4 16
30 33 4 16
15 31 6 5
14 43 5 11
26 41 6 6
17 31 4 18
26 42 4 19
7 9 6 8
19 32 7 8
(190 410)

Arvore 71
0 1 3 3
8 27 3 3
10 28 3 4
5 43 3 6
3 4 3 10
12 29 3 11
12 34 3 11
19 27 3 11
27 42 3 11
5 27 4 7
26 31 4 7
1 4 3 12
10 16 3 12
36 43 4 8
20 33 3 13
23 39 5 4
25 28 4 9
12 22 5 6
13 37 5 6
9 35 4 11
9 27 5 7
34 38 5 7
24 42 4 12
11 19 5 8
2 38 4 13
4 13 6 4
6 41 6 4
10 30 6 4
18 25 6 4
30 44 6 4
34 36 6 4
11 21 3 18
23 34 5 9
29 40 5 9
15 31 6 5
26 41 6 6
3 43 5 11
14 43 5 11
10 12 4 16
30 33 4 16
7 9 6 8
17 31 4 18
26 42 4 19
19 32 7 8
(194 390)

Arvore 72
0 1 3 3
8 27 3 3
10 28 3 4
5 43 3 6
3 4 3 10
12 29 3 11
12 34 3 11
19 27 3 11
27 42 3 11
5 27 4 7
26 31 4 7
1 4 3 12
10 16 3 12
36 43 4 8
20 33 3 13
23 39 5 4
25 28 4 9
12 22 5 6
13 37 5 6
9 35 4 11
9 27 5 7
34 38 5 7
24 42 4 12
11 19 5 8
2 38 4 13
4 13 6 4
6 41 6 4
10 30 6 4
18 25 6 4
30 44 6 4
34 36 6 4
11 21 3 18
23 34 5 9
29 40 5 9
15 31 6 5
26 41 6 6
3 43 5 11
14 43 5 11
10 12 4 16
30 33 4 16
7 9 6 8
17 31 4 18
6 28 5 15
19 32 7 8
(195 386)

Arvore 73
0 1 3 3
8 27 3 3
10 28 3 4
5 43 3 6
3 4 3 10
12 29 3 11
12 34 3 11
19 27 3 11
27 42 3 11
5 27 4 7
26 31 4 7
1 4 3 12
10 16 3 12
36 43 4 8
20 33 3 13
23 39 5 4
25 28 4 9
12 22 5 6
13 37 5 6
9 35 4 11
9 27 5 7
34 38 5 7
24 42 4 12
11 19 5 8
2 38 4 13
4 13 6 4
6 41 6 4
10 30 6 4
18 25 6 4
30 44 6 4
34 36 6 4
11 21 3 18
23 34 5 9
29 40 5 9
15 31 6 5
26 41 6 6
3 27 3 20
14 43 5 11
30 33 4 16
5 25 5 12
7 9 6 8
17 31 4 18
26 42 4 19
19 32 7 8
(193 395)

Arvore 74
0 1 3 3
8 27 3 3
10 28 3 4
5 43 3 6
3 4 3 10
12 29 3 11
12 34 3 11
19 27 3 11
27 42 3 11
5 27 4 7
26 31 4 7
1 4 3 12
10 16 3 12
36 43 4 8
23 39 5 4
20 33 3 13
25 28 4 9
12 22 5 6
13 37 5 6
9 35 4 11
9 27 5 7
34 38 5 7
24 42 4 12
11 19 5 8
4 13 6 4
6 41 6 4
10 30 6 4
18 25 6 4
30 44 6 4
34 36 6 4
2 38 4 13
23 34 5 9
29 40 5 9
11 21 3 18
15 31 6 5
26 41 6 6
3 43 5 11
14 43 5 11
20 40 6 7
10 12 4 16
7 9 6 8
17 31 4 18
6 28 5 15
19 32 7 8
(197 377)

Arvore 75
0 1 3 3
8 27 3 3
10 28 3 4
5 43 3 6
3 4 3 10
12 29 3 11
12 34 3 11
19 27 3 11
27 42 3 11
5 27 4 7
26 31 4 7
1 4 3 12
10 16 3 12
36 43 4 8
23 39 5 4
20 33 3 13
25 28 4 9
12 22 5 6
13 37 5 6
9 35 4 11
9 27 5 7
34 38 5 7
24 42 4 12
11 19 5 8
4 13 6 4
6 41 6 4
10 30 6 4
18 25 6 4
30 44 6 4
34 36 6 4
2 38 4 13
23 34 5 9
29 40 5 9
11 21 3 18
15 31 6 5
26 41 6 6
3 43 5 11
14 43 5 11
20 40 6 7
10 12 4 16
7 9 6 8
17 31 4 18
17 24 6 11
19 32 7 8
(198 373)

Arvore 76
0 1 3 3
8 27 3 3
10 28 3 4
5 43 3 6
3 4 3 10
12 29 3 11
12 34 3 11
19 27 3 11
27 42 3 11
5 27 4 7
26 31 4 7
1 4 3 12
10 16 3 12
36 43 4 8
23 39 5 4
20 33 3 13
25 28 4 9
12 22 5 6
13 37 5 6
9 35 4 11
9 27 5 7
34 38 5 7
24 42 4 12
11 19 5 8
4 13 6 4
6 41 6 4
10 30 6 4
18 25 6 4
30 44 6 4
34 36 6 4
2 38 4 13
29 40 5 9
15 31 6 5
23 29 6 5
11 21 3 18
26 41 6 6
3 43 5 11
14 43 5 11
20 40 6 7
10 12 4 16
7 9 6 8
17 31 4 18
6 23 7 6
19 32 7 8
(200 364)

Arvore 77
0 1 3 3
8 27 3 3
10 28 3 4
5 43 3 6
3 4 3 10
12 29 3 11
12 34 3 11
19 27 3 11
27 42 3 11
5 27 4 7
26 31 4 7
1 4 3 12
10 16 3 12
36 43 4 8
23 39 5 4
20 33 3 13
25 28 4 9
12 22 5 6
13 37 5 6
9 35 4 11
9 27 5 7
34 38 5 7
24 42 4 12
11 19 5 8
4 13 6 4
6 41 6 4
10 30 6 4
18 25 6 4
30 44 6 4
34 36 6 4
2 38 4 13
29 40 5 9
15 31 6 5
23 29 6 5
11 21 3 18
26 41 6 6
3 43 5 11
14 43 5 11
20 40 6 7
5 25 5 12
7 9 6 8
17 31 4 18
6 23 7 6
19 32 7 8
(201 360)

Arvore 78
0 1 3 3
8 27 3 3
10 28 3 4
5 43 3 6
3 4 3 10
12 29 3 11
12 34 3 11
19 27 3 11
27 42 3 11
5 27 4 7
26 31 4 7
1 4 3 12
10 16 3 12
36 43 4 8
23 39 5 4
20 33 3 13
25 28 4 9
12 22 5 6
13 37 5 6
9 35 4 11
9 27 5 7
34 38 5 7
24 42 4 12
11 19 5 8
4 13 6 4
6 41 6 4
10 30 6 4
18 25 6 4
30 44 6 4
34 36 6 4
2 38 4 13
23 34 5 9
29 40 5 9
15 31 6 5
11 21 3 18
26 41 6 6
3 43 5 11
14 43 5 11
20 40 6 7
7 9 6 8
20 25 7 4
17 31 4 18
6 23 7 6
19 32 7 8
(202 356)

Arvore 79
0 1 3 3
8 27 3 3
10 28 3 4
5 43 3 6
3 4 3 10
5 27 4 7
26 31 4 7
12 29 3 11
12 34 3 11
19 27 3 11
27 42 3 11
23 39 5 4
36 43 4 8
1 4 3 12
10 16 3 12
25 28 4 9
20 33 3 13
12 22 5 6
13 37 5 6
9 27 5 7
34 38 5 7
9 35 4 11
4 13 6 4
6 41 6 4
10 30 6 4
18 25 6 4
30 44 6 4
34 36 6 4
11 19 5 8
24 42 4 12
15 31 6 5
23 29 6 5
29 40 5 9
2 38 4 13
26 41 6 6
20 40 6 7
3 43 5 11
14 43 5 11
20 25 7 4
21 42 4 15
7 9 6 8
6 23 7 6
17 31 4 18
19 32 7 8
(204 349)

Arvore 80
0 1 3 3
8 27 3 3
10 28 3 4
5 43 3 6
23 39 5 4
5 27 4 7
26 31 4 7
3 4 3 10
36 43 4 8
12 22 5 6
13 37 5 6
4 13 6 4
6 41 6 4
10 30 6 4
18 25 6 4
30 44 6 4
34 36 6 4
12 29 3 11
12 34 3 11
19 27 3 11
27 42 3 11
25 28 4 9
9 27 5 7
34 38 5 7
15 31 6 5
23 29 6 5
1 4 3 12
10 16 3 12
11 19 5 8
26 41 6 6
20 25 7 4
20 33 3 13
9 35 4 11
29 40 5 9
20 40 6 7
24 42 4 12
6 23 7 6
7 27 7 6
2 38 4 13
3 43 5 11
14 43 5 11
19 32 7 8
21 42 4 15
17 24 6 11
(207 340)

Arvore 81
0 1 3 3
8 27 3 3
10 28 3 4
5 43 3 6
23 39 5 4
5 27 4 7
26 31 4 7
3 4 3 10
36 43 4 8
12 22 5 6
13 37 5 6
4 13 6 4
6 41 6 4
10 30 6 4
18 25 6 4
30 44 6 4
34 36 6 4
12 29 3 11
12 34 3 11
19 27 3 11
27 42 3 11
25 28 4 9
9 27 5 7
34 38 5 7
15 31 6 5
23 29 6 5
1 4 3 12
10 16 3 12
11 19 5 8
26 41 6 6
20 25 7 4
20 33 3 13
9 35 4 11
29 40 5 9
20 40 6 7
24 42 4 12
7 9 6 8
6 23 7 6
3 43 5 11
14 43 5 11
2 9 7 7
19 32 7 8
21 42 4 15
17 24 6 11
(209 336)

Arvore 82
0 1 3 3
8 27 3 3
10 28 3 4
5 43 3 6
23 39 5 4
5 27 4 7
26 31 4 7
3 4 3 10
36 43 4 8
12 22 5 6
13 37 5 6
4 13 6 4
6 41 6 4
10 30 6 4
18 25 6 4
30 44 6 4
34 36 6 4
12 29 3 11
12 34 3 11
19 27 3 11
27 42 3 11
25 28 4 9
9 27 5 7
34 38 5 7
15 31 6 5
23 29 6 5
1 4 3 12
10 16 3 12
11 19 5 8
26 41 6 6
20 25 7 4
20 33 3 13
9 35 4 11
29 40 5 9
20 40 6 7
24 42 4 12
7 9 6 8
6 23 7 6
14 43 5 11
2 9 7 7
3 29 8 5
19 32 7 8
21 42 4 15
17 24 6 11
(212 330)

Arvore 83
0 1 3 3
8 27 3 3
10 28 3 4
5 43 3 6
23 39 5 4
5 27 4 7
26 31 4 7
3 4 3 10
36 43 4 8
12 22 5 6
13 37 5 6
4 13 6 4
6 41 6 4
10 30 6 4
18 25 6 4
30 44 6 4
34 36 6 4
12 29 3 11
12 34 3 11
19 27 3 11
27 42 3 11
25 28 4 9
9 27 5 7
34 38 5 7
15 31 6 5
23 29 6 5
1 4 3 12
10 16 3 12
11 19 5 8
26 41 6 6
20 25 7 4
20 33 3 13
9 35 4 11
29 40 5 9
20 40 6 7
24 42 4 12
6 23 7 6
7 27 7 6
3 43 5 11
14 43 5 11
2 9 7 7
19 32 7 8
21 42 4 15
17 24 6 11
(210 334)

Arvore 84
0 1 3 3
8 27 3 3
10 28 3 4
5 43 3 6
23 39 5 4
5 27 4 7
26 31 4 7
3 4 3 10
36 43 4 8
12 22 5 6
13 37 5 6
4 13 6 4
6 41 6 4
10 30 6 4
18 25 6 4
30 44 6 4
34 36 6 4
12 29 3 11
12 34 3 11
19 27 3 11
27 42 3 11
25 28 4 9
9 27 5 7
34 38 5 7
15 31 6 5
23 29 6 5
1 4 3 12
10 16 3 12
11 19 5 8
26 41 6 6
20 25 7 4
20 33 3 13
9 35 4 11
29 40 5 9
20 40 6 7
24 42 4 12
7 9 6 8
6 23 7 6
14 43 5 11
3 29 8 5
2 40 6 10
19 32 7 8
21 42 4 15
17 24 6 11
(211 333)

Arvore 85
0 1 3 3
8 27 3 3
10 28 3 4
5 43 3 6
23 39 5 4
5 27 4 7
26 31 4 7
3 4 3 10
36 43 4 8
12 22 5 6
13 37 5 6
4 13 6 4
6 41 6 4
10 30 6 4
18 25 6 4
30 44 6 4
34 36 6 4
12 29 3 11
12 34 3 11
19 27 3 11
27 42 3 11
25 28 4 9
9 27 5 7
34 38 5 7
15 31 6 5
23 29 6 5
1 4 3 12
10 16 3 12
11 19 5 8
26 41 6 6
20 25 7 4
20 33 3 13
9 35 4 11
29 40 5 9
20 40 6 7
24 42 4 12
7 9 6 8
6 23 7 6
2 38 4 13
14 43 5 11
3 29 8 5
19 32 7 8
17 24 6 11
11 21 3 18
(208 339)

Arvore 86
0 1 3 3
8 27 3 3
10 28 3 4
5 43 3 6
23 39 5 4
5 27 4 7
26 31 4 7
4 13 6 4
6 41 6 4
10 30 6 4
18 25 6 4
30 44 6 4
34 36 6 4
12 22 5 6
13 37 5 6
36 43 4 8
3 4 3 10
15 31 6 5
23 29 6 5
9 27 5 7
34 38 5 7
25 28 4 9
12 29 3 11
12 34 3 11
19 27 3 11
27 42 3 11
20 25 7 4
26 41 6 6
11 19 5 8
1 4 3 12
10 16 3 12
20 40 6 7
29 40 5 9
9 35 4 11
20 33 3 13
6 23 7 6
7 27 7 6
24 42 4 12
3 29 8 5
2 9 7 7
14 43 5 11
19 32 7 8
3 17 10 4
21 42 4 15
(217 321)

Arvore 87
0 1 3 3
8 27 3 3
10 28 3 4
5 43 3 6
23 39 5 4
5 27 4 7
26 31 4 7
4 13 6 4
6 41 6 4
10 30 6 4
18 25 6 4
30 44 6 4
34 36 6 4
12 22 5 6
13 37 5 6
36 43 4 8
3 4 3 10
15 31 6 5
23 29 6 5
9 27 5 7
34 38 5 7
25 28 4 9
12 29 3 11
12 34 3 11
19 27 3 11
27 42 3 11
20 25 7 4
26 41 6 6
11 19 5 8
1 4 3 12
10 16 3 12
20 40 6 7
29 40 5 9
9 35 4 11
20 33 3 13
6 23 7 6
7 9 6 8
24 42 4 12
3 29 8 5
2 9 7 7
14 43 5 11
19 32 7 8
3 17 10 4
21 42 4 15
(216 323)

Arvore 88
0 1 3 3
8 27 3 3
10 28 3 4
5 43 3 6
23 39 5 4
5 27 4 7
26 31 4 7
4 13 6 4
6 41 6 4
10 30 6 4
18 25 6 4
30 44 6 4
34 36 6 4
12 22 5 6
13 37 5 6
36 43 4 8
3 4 3 10
15 31 6 5
23 29 6 5
9 27 5 7
34 38 5 7
25 28 4 9
12 29 3 11
12 34 3 11
19 27 3 11
27 42 3 11
20 25 7 4
26 41 6 6
11 19 5 8
1 4 3 12
10 16 3 12
20 40 6 7
29 40 5 9
9 35 4 11
20 33 3 13
6 23 7 6
7 9 6 8
24 42 4 12
3 29 8 5
2 9 7 7
14 43 5 11
19 32 7 8
17 24 6 11
8 21 7 10
(215 325)

Arvore 89
0 1 3 3
8 27 3 3
10 28 3 4
5 43 3 6
23 39 5 4
5 27 4 7
26 31 4 7
4 13 6 4
6 41 6 4
10 30 6 4
18 25 6 4
30 44 6 4
34 36 6 4
12 22 5 6
13 37 5 6
36 43 4 8
3 4 3 10
15 31 6 5
23 29 6 5
9 27 5 7
34 38 5 7
25 28 4 9
12 29 3 11
12 34 3 11
19 27 3 11
27 42 3 11
20 25 7 4
26 41 6 6
11 19 5 8
10 16 3 12
20 40 6 7
0 37 5 9
29 40 5 9
9 35 4 11
20 33 3 13
6 23 7 6
7 9 6 8
24 42 4 12
3 29 8 5
2 9 7 7
14 43 5 11
19 32 7 8
17 24 6 11
21 42 4 15
(214 327)

Arvore 90
0 1 3 3
8 27 3 3
10 28 3 4
5 43 3 6
23 39 5 4
5 27 4 7
26 31 4 7
4 13 6 4
6 41 6 4
10 30 6 4
18 25 6 4
30 44 6 4
34 36 6 4
12 22 5 6
13 37 5 6
36 43 4 8
3 4 3 10
15 31 6 5
23 29 6 5
9 27 5 7
34 38 5 7
25 28 4 9
12 29 3 11
12 34 3 11
19 27 3 11
27 42 3 11
20 25 7 4
26 41 6 6
11 19 5 8
1 4 3 12
10 16 3 12
20 40 6 7
29 40 5 9
9 35 4 11
20 33 3 13
6 23 7 6
7 9 6 8
24 42 4 12
3 29 8 5
2 9 7 7
14 43 5 11
19 32 7 8
3 17 10 4
7 21 9 6
(221 314)

Arvore 91
0 1 3 3
8 27 3 3
10 28 3 4
5 43 3 6
23 39 5 4
5 27 4 7
26 31 4 7
4 13 6 4
6 41 6 4
10 30 6 4
18 25 6 4
30 44 6 4
34 36 6 4
12 22 5 6
13 37 5 6
36 43 4 8
3 4 3 10
15 31 6 5
23 29 6 5
9 27 5 7
34 38 5 7
25 28 4 9
12 29 3 11
12 34 3 11
19 27 3 11
27 42 3 11
20 25 7 4
26 41 6 6
11 19 5 8
1 4 3 12
10 16 3 12
20 40 6 7
29 40 5 9
9 35 4 11
20 33 3 13
6 23 7 6
7 27 7 6
24 42 4 12
3 29 8 5
2 9 7 7
14 43 5 11
19 32 7 8
3 17 10 4
8 21 7 10
(220 316)

Arvore 92
0 1 3 3
8 27 3 3
10 28 3 4
5 43 3 6
23 39 5 4
5 27 4 7
26 31 4 7
4 13 6 4
6 41 6 4
10 30 6 4
18 25 6 4
30 44 6 4
34 36 6 4
12 22 5 6
13 37 5 6
36 43 4 8
3 4 3 10
15 31 6 5
23 29 6 5
9 27 5 7
34 38 5 7
25 28 4 9
12 29 3 11
12 34 3 11
19 27 3 11
27 42 3 11
20 25 7 4
26 41 6 6
11 19 5 8
10 16 3 12
20 40 6 7
0 37 5 9
29 40 5 9
9 35 4 11
20 33 3 13
6 23 7 6
7 9 6 8
24 42 4 12
3 29 8 5
2 9 7 7
14 43 5 11
19 32 7 8
17 24 6 11
7 21 9 6
(219 318)

Arvore 93
0 1 3 3
8 27 3 3
10 28 3 4
5 43 3 6
23 39 5 4
5 27 4 7
26 31 4 7
4 13 6 4
6 41 6 4
10 30 6 4
18 25 6 4
30 44 6 4
34 36 6 4
12 22 5 6
13 37 5 6
36 43 4 8
15 31 6 5
23 29 6 5
3 4 3 10
9 27 5 7
34 38 5 7
20 25 7 4
25 28 4 9
26 41 6 6
12 29 3 11
12 34 3 11
19 27 3 11
27 42 3 11
11 19 5 8
20 40 6 7
10 16 3 12
0 37 5 9
29 40 5 9
6 23 7 6
7 27 7 6
9 35 4 11
20 33 3 13
3 29 8 5
2 9 7 7
24 42 4 12
14 43 5 11
19 32 7 8
3 17 10 4
7 21 9 6
(224 309)

Arvore 94
0 1 3 3
8 27 3 3
10 28 3 4
5 43 3 6
23 39 5 4
5 27 4 7
26 31 4 7
4 13 6 4
6 41 6 4
10 30 6 4
18 25 6 4
30 44 6 4
34 36 6 4
12 22 5 6
13 37 5 6
36 43 4 8
15 31 6 5
23 29 6 5
3 4 3 10
9 27 5 7
34 38 5 7
20 25 7 4
25 28 4 9
26 41 6 6
12 29 3 11
12 34 3 11
19 27 3 11
27 42 3 11
11 19 5 8
10 16 3 12
10 40 8 4
0 37 5 9
29 40 5 9
6 23 7 6
7 27 7 6
9 35 4 11
20 33 3 13
3 29 8 5
2 9 7 7
24 42 4 12
14 43 5 11
19 32 7 8
3 17 10 4
7 21 9 6
(226 306)

Arvore 95
0 1 3 3
8 27 3 3
10 28 3 4
5 43 3 6
23 39 5 4
5 27 4 7
26 31 4 7
4 13 6 4
6 41 6 4
10 30 6 4
18 25 6 4
30 44 6 4
34 36 6 4
12 22 5 6
13 37 5 6
36 43 4 8
15 31 6 5
23 29 6 5
3 4 3 10
9 27 5 7
34 38 5 7
20 25 7 4
25 28 4 9
26 41 6 6
12 29 3 11
12 34 3 11
19 27 3 11
27 42 3 11
11 19 5 8
20 40 6 7
10 16 3 12
0 37 5 9
29 40 5 9
6 23 7 6
9 35 4 11
7 9 6 8
20 33 3 13
3 29 8 5
2 9 7 7
24 42 4 12
14 43 5 11
19 32 7 8
3 17 10 4
7 21 9 6
(223 311)

Arvore 96
0 1 3 3
8 27 3 3
10 28 3 4
5 43 3 6
23 39 5 4
5 27 4 7
26 31 4 7
4 13 6 4
6 41 6 4
10 30 6 4
18 25 6 4
30 44 6 4
34 36 6 4
12 22 5 6
13 37 5 6
36 43 4 8
15 31 6 5
23 29 6 5
3 4 3 10
9 27 5 7
34 38 5 7
20 25 7 4
25 28 4 9
26 41 6 6
12 29 3 11
12 34 3 11
19 27 3 11
27 42 3 11
11 19 5 8
20 40 6 7
1 4 3 12
10 16 3 12
29 40 5 9
6 23 7 6
9 35 4 11
7 9 6 8
20 33 3 13
3 29 8 5
2 9 7 7
24 28 8 6
14 43 5 11
19 32 7 8
3 17 10 4
7 21 9 6
(225 308)

Arvore 97
0 1 3 3
8 27 3 3
10 28 3 4
5 43 3 6
23 39 5 4
5 27 4 7
26 31 4 7
4 13 6 4
6 41 6 4
10 30 6 4
18 25 6 4
30 44 6 4
34 36 6 4
12 22 5 6
13 37 5 6
36 43 4 8
15 31 6 5
23 29 6 5
3 4 3 10
9 27 5 7
34 38 5 7
20 25 7 4
25 28 4 9
26 41 6 6
12 29 3 11
12 34 3 11
19 27 3 11
27 42 3 11
11 19 5 8
10 40 8 4
1 4 3 12
10 16 3 12
29 40 5 9
6 23 7 6
7 27 7 6
9 35 4 11
3 29 8 5
20 33 3 13
2 9 7 7
24 42 4 12
11 14 10 3
19 32 7 8
3 17 10 4
7 21 9 6
(229 301)

Arvore 98
0 1 3 3
8 27 3 3
10 28 3 4
5 43 3 6
23 39 5 4
5 27 4 7
26 31 4 7
4 13 6 4
6 41 6 4
10 30 6 4
18 25 6 4
30 44 6 4
34 36 6 4
12 22 5 6
13 37 5 6
36 43 4 8
15 31 6 5
23 29 6 5
3 4 3 10
9 27 5 7
34 38 5 7
20 25 7 4
25 28 4 9
26 41 6 6
12 29 3 11
12 34 3 11
19 27 3 11
27 42 3 11
11 19 5 8
10 40 8 4
1 4 3 12
10 16 3 12
29 40 5 9
6 23 7 6
7 27 7 6
9 35 4 11
3 29 8 5
20 33 3 13
2 9 7 7
24 28 8 6
11 14 10 3
19 32 7 8
3 17 10 4
7 21 9 6
(233 295)

Arvore 99
0 1 3 3
8 27 3 3
10 28 3 4
5 43 3 6
23 39 5 4
5 27 4 7
26 31 4 7
4 13 6 4
6 41 6 4
10 30 6 4
18 25 6 4
30 44 6 4
34 36 6 4
12 22 5 6
13 37 5 6
36 43 4 8
15 31 6 5
23 29 6 5
3 4 3 10
9 27 5 7
34 38 5 7
20 25 7 4
25 28 4 9
26 41 6 6
12 29 3 11
12 34 3 11
19 27 3 11
27 42 3 11
11 19 5 8
20 40 6 7
1 4 3 12
10 16 3 12
29 40 5 9
6 23 7 6
7 27 7 6
9 35 4 11
3 29 8 5
20 33 3 13
2 9 7 7
24 28 8 6
11 14 10 3
19 32 7 8
3 17 10 4
7 21 9 6
(231 298)

Arvore 100
0 1 3 3
8 27 3 3
10 28 3 4
5 43 3 6
23 39 5 4
5 27 4 7
26 31 4 7
4 13 6 4
6 41 6 4
10 30 6 4
18 25 6 4
30 44 6 4
34 36 6 4
12 22 5 6
13 37 5 6
36 43 4 8
15 31 6 5
23 29 6 5
3 4 3 10
9 27 5 7
34 38 5 7
20 25 7 4
25 28 4 9
26 41 6 6
12 34 3 11
19 27 3 11
27 42 3 11
11 19 5 8
20 40 6 7
12 23 8 4
1 4 3 12
10 16 3 12
29 40 5 9
6 23 7 6
7 27 7 6
9 35 4 11
3 29 8 5
20 33 3 13
2 9 7 7
24 42 4 12
11 14 10 3
19 32 7 8
3 17 10 4
7 21 9 6
(232 297)

Arvore 101
0 1 3 3
8 27 3 3
10 28 3 4
5 43 3 6
23 39 5 4
5 27 4 7
26 31 4 7
4 13 6 4
6 41 6 4
10 30 6 4
18 25 6 4
30 44 6 4
34 36 6 4
12 22 5 6
13 37 5 6
36 43 4 8
15 31 6 5
23 29 6 5
3 4 3 10
9 27 5 7
34 38 5 7
20 25 7 4
25 28 4 9
26 41 6 6
12 29 3 11
12 34 3 11
19 27 3 11
27 42 3 11
11 19 5 8
20 40 6 7
10 16 3 12
0 37 5 9
29 40 5 9
6 23 7 6
9 35 4 11
7 9 6 8
3 29 8 5
20 33 3 13
2 9 7 7
24 42 4 12
11 14 10 3
19 32 7 8
3 17 10 4
7 21 9 6
(228 303)

Arvore 102
0 1 3 3
8 27 3 3
10 28 3 4
5 43 3 6
23 39 5 4
5 27 4 7
26 31 4 7
4 13 6 4
6 41 6 4
10 30 6 4
18 25 6 4
30 44 6 4
34 36 6 4
12 22 5 6
13 37 5 6
36 43 4 8
15 31 6 5
23 29 6 5
3 4 3 10
9 27 5 7
34 38 5 7
20 25 7 4
25 28 4 9
26 41 6 6
12 34 3 11
19 27 3 11
27 42 3 11
11 19 5 8
10 40 8 4
12 23 8 4
1 4 3 12
10 16 3 12
29 40 5 9
6 23 7 6
7 27 7 6
9 35 4 11
3 29 8 5
20 33 3 13
2 9 7 7
24 42 4 12
11 14 10 3
19 32 7 8
3 17 10 4
7 21 9 6
(234 294)

Arvore 103
0 1 3 3
8 27 3 3
10 28 3 4
5 43 3 6
23 39 5 4
5 27 4 7
26 31 4 7
4 13 6 4
6 41 6 4
10 30 6 4
18 25 6 4
30 44 6 4
34 36 6 4
12 22 5 6
13 37 5 6
36 43 4 8
15 31 6 5
23 29 6 5
3 4 3 10
9 27 5 7
34 38 5 7
20 25 7 4
25 28 4 9
26 41 6 6
12 29 3 11
12 34 3 11
19 27 3 11
27 42 3 11
11 19 5 8
10 40 8 4
10 16 3 12
0 37 5 9
29 40 5 9
6 23 7 6
7 27 7 6
9 35 4 11
3 29 8 5
20 33 3 13
2 9 7 7
24 28 8 6
14 43 5 11
19 32 7 8
3 17 10 4
7 21 9 6
(230 300)

Arvore 104
0 1 3 3
8 27 3 3
10 28 3 4
5 43 3 6
23 39 5 4
4 13 6 4
6 41 6 4
10 30 6 4
18 25 6 4
30 44 6 4
34 36 6 4
5 27 4 7
26 31 4 7
12 22 5 6
13 37 5 6
15 31 6 5
23 29 6 5
36 43 4 8
20 25 7 4
9 27 5 7
34 38 5 7
3 4 3 10
26 41 6 6
25 28 4 9
11 19 5 8
12 34 3 11
19 27 3 11
27 42 3 11
10 40 8 4
12 23 8 4
6 23 7 6
7 27 7 6
29 40 5 9
1 4 3 12
10 16 3 12
3 29 8 5
9 35 4 11
2 9 7 7
11 14 10 3
20 33 3 13
24 28 8 6
19 32 7 8
3 17 10 4
7 21 9 6
(238 288)

Arvore 105
0 1 3 3
8 27 3 3
10 28 3 4
5 43 3 6
23 39 5 4
4 13 6 4
6 41 6 4
10 30 6 4
18 25 6 4
30 44 6 4
34 36 6 4
5 27 4 7
26 31 4 7
12 22 5 6
13 37 5 6
15 31 6 5
23 29 6 5
36 43 4 8
20 25 7 4
9 27 5 7
34 38 5 7
3 4 3 10
26 41 6 6
25 28 4 9
11 19 5 8
12 34 3 11
19 27 3 11
27 42 3 11
10 40 8 4
12 23 8 4
6 23 7 6
7 27 7 6
0 37 5 9
29 40 5 9
10 16 3 12
3 29 8 5
9 35 4 11
2 9 7 7
11 14 10 3
20 33 3 13
24 42 4 12
19 32 7 8
3 17 10 4
7 21 9 6
(236 291)

Arvore 106
0 1 3 3
8 27 3 3
10 28 3 4
5 43 3 6
23 39 5 4
4 13 6 4
6 41 6 4
10 30 6 4
18 25 6 4
30 44 6 4
34 36 6 4
5 27 4 7
26 31 4 7
12 22 5 6
13 37 5 6
15 31 6 5
23 29 6 5
36 43 4 8
20 25 7 4
9 27 5 7
34 38 5 7
3 4 3 10
26 41 6 6
25 28 4 9
11 19 5 8
12 34 3 11
19 27 3 11
27 42 3 11
10 40 8 4
12 23 8 4
6 23 7 6
0 37 5 9
29 40 5 9
10 16 3 12
3 29 8 5
7 9 6 8
9 35 4 11
2 9 7 7
11 14 10 3
20 33 3 13
24 28 8 6
19 32 7 8
3 17 10 4
7 21 9 6
(239 287)

Arvore 107
0 1 3 3
8 27 3 3
10 28 3 4
5 43 3 6
23 39 5 4
4 13 6 4
6 41 6 4
10 30 6 4
18 25 6 4
30 44 6 4
34 36 6 4
5 27 4 7
26 31 4 7
12 22 5 6
13 37 5 6
15 31 6 5
23 29 6 5
36 43 4 8
20 25 7 4
9 27 5 7
34 38 5 7
3 4 3 10
26 41 6 6
11 19 5 8
12 29 3 11
12 34 3 11
19 27 3 11
27 42 3 11
10 40 8 4
20 40 6 7
6 23 7 6
7 27 7 6
0 37 5 9
29 40 5 9
10 16 3 12
3 29 8 5
9 35 4 11
2 9 7 7
11 14 10 3
20 33 3 13
24 28 8 6
19 32 7 8
3 17 10 4
7 21 9 6
(237 290)

Arvore 108
0 1 3 3
8 27 3 3
10 28 3 4
5 43 3 6
23 39 5 4
4 13 6 4
6 41 6 4
10 30 6 4
18 25 6 4
30 44 6 4
34 36 6 4
5 27 4 7
26 31 4 7
12 22 5 6
13 37 5 6
15 31 6 5
23 29 6 5
20 25 7 4
36 43 4 8
9 27 5 7
34 38 5 7
26 41 6 6
3 4 3 10
25 28 4 9
10 40 8 4
12 23 8 4
11 19 5 8
19 27 3 11
27 42 3 11
6 23 7 6
7 27 7 6
3 29 8 5
0 37 5 9
23 34 5 9
29 40 5 9
11 14 10 3
10 16 3 12
2 9 7 7
9 35 4 11
24 28 8 6
3 17 10 4
20 33 3 13
19 32 7 8
7 21 9 6
(242 283)

Arvore 109
0 1 3 3
8 27 3 3
10 28 3 4
5 43 3 6
23 39 5 4
4 13 6 4
6 41 6 4
10 30 6 4
18 25 6 4
30 44 6 4
34 36 6 4
5 27 4 7
26 31 4 7
12 22 5 6
13 37 5 6
15 31 6 5
23 29 6 5
20 25 7 4
9 27 5 7
34 38 5 7
26 41 6 6
3 4 3 10
5 34 7 5
25 28 4 9
10 40 8 4
12 23 8 4
11 19 5 8
12 34 3 11
19 27 3 11
27 42 3 11
6 23 7 6
7 27 7 6
3 29 8 5
0 37 5 9
29 40 5 9
11 14 10 3
10 16 3 12
2 9 7 7
9 35 4 11
24 28 8 6
3 17 10 4
20 33 3 13
19 32 7 8
7 21 9 6
(243 282)

Arvore 110
0 1 3 3
8 27 3 3
10 28 3 4
5 43 3 6
23 39 5 4
4 13 6 4
6 41 6 4
10 30 6 4
18 25 6 4
30 44 6 4
34 36 6 4
5 27 4 7
26 31 4 7
12 22 5 6
13 37 5 6
15 31 6 5
23 29 6 5
20 25 7 4
36 43 4 8
9 27 5 7
34 38 5 7
26 41 6 6
10 40 8 4
12 23 8 4
3 4 3 10
11 19 5 8
20 40 6 7
6 23 7 6
7 27 7 6
3 29 8 5
12 34 3 11
19 27 3 11
27 42 3 11
5 44 9 4
11 14 10 3
0 37 5 9
2 9 7 7
24 28 8 6
10 16 3 12
9 35 4 11
3 17 10 4
19 32 7 8
20 33 3 13
7 21 9 6
(246 278)

Arvore 111
0 1 3 3
8 27 3 3
10 28 3 4
5 43 3 6
23 39 5 4
4 13 6 4
6 41 6 4
10 30 6 4
18 25 6 4
30 44 6 4
34 36 6 4
5 27 4 7
26 31 4 7
12 22 5 6
13 37 5 6
15 31 6 5
23 29 6 5
20 25 7 4
9 27 5 7
34 38 5 7
26 41 6 6
5 34 7 5
10 40 8 4
12 23 8 4
3 4 3 10
25 28 4 9
11 19 5 8
6 23 7 6
7 27 7 6
3 29 8 5
12 34 3 11
19 27 3 11
27 42 3 11
5 44 9 4
11 14 10 3
0 37 5 9
2 9 7 7
24 28 8 6
10 16 3 12
9 35 4 11
3 17 10 4
19 32 7 8
20 33 3 13
7 21 9 6
(247 277)

Arvore 112
0 1 3 3
8 27 3 3
10 28 3 4
5 43 3 6
23 39 5 4
4 13 6 4
6 41 6 4
10 30 6 4
18 25 6 4
30 44 6 4
34 36 6 4
5 27 4 7
26 31 4 7
12 22 5 6
13 37 5 6
15 31 6 5
23 29 6 5
20 25 7 4
36 43 4 8
9 27 5 7
34 38 5 7
26 41 6 6
10 40 8 4
12 23 8 4
3 4 3 10
11 19 5 8
20 40 6 7
6 23 7 6
7 27 7 6
3 29 8 5
19 27 3 11
27 42 3 11
12 30 9 4
11 14 10 3
0 37 5 9
23 34 5 9
2 9 7 7
24 28 8 6
10 16 3 12
9 35 4 11
3 17 10 4
19 32 7 8
20 33 3 13
7 21 9 6
(248 276)

Arvore 113
0 1 3 3
8 27 3 3
10 28 3 4
5 43 3 6
23 39 5 4
4 13 6 4
6 41 6 4
10 30 6 4
18 25 6 4
30 44 6 4
34 36 6 4
5 27 4 7
26 31 4 7
12 22 5 6
13 37 5 6
15 31 6 5
23 29 6 5
20 25 7 4
36 43 4 8
9 27 5 7
34 38 5 7
26 41 6 6
10 40 8 4
12 23 8 4
3 4 3 10
25 28 4 9
11 19 5 8
6 23 7 6
7 27 7 6
3 29 8 5
12 34 3 11
19 27 3 11
27 42 3 11
12 30 9 4
11 14 10 3
0 37 5 9
2 9 7 7
24 28 8 6
10 16 3 12
3 17 10 4
19 32 7 8
20 33 3 13
7 21 9 6
35 39 9 6
(249 275)

Arvore 114
0 1 3 3
8 27 3 3
10 28 3 4
5 43 3 6
23 39 5 4
4 13 6 4
6 41 6 4
10 30 6 4
18 25 6 4
30 44 6 4
34 36 6 4
5 27 4 7
26 31 4 7
12 22 5 6
13 37 5 6
15 31 6 5
23 29 6 5
20 25 7 4
9 27 5 7
34 38 5 7
26 41 6 6
5 34 7 5
10 40 8 4
12 23 8 4
3 4 3 10
25 28 4 9
11 19 5 8
6 23 7 6
7 27 7 6
3 29 8 5
5 44 9 4
12 30 9 4
11 14 10 3
19 27 3 11
27 42 3 11
0 37 5 9
2 9 7 7
24 28 8 6
3 17 10 4
10 16 3 12
9 35 4 11
19 32 7 8
7 21 9 6
20 33 3 13
(253 270)

Arvore 115
0 1 3 3
8 27 3 3
10 28 3 4
5 43 3 6
23 39 5 4
4 13 6 4
6 41 6 4
10 30 6 4
18 25 6 4
30 44 6 4
34 36 6 4
5 27 4 7
26 31 4 7
12 22 5 6
13 37 5 6
15 31 6 5
23 29 6 5
20 25 7 4
36 43 4 8
9 27 5 7
34 38 5 7
26 41 6 6
10 40 8 4
12 23 8 4
3 4 3 10
11 19 5 8
20 40 6 7
6 23 7 6
7 27 7 6
3 29 8 5
5 44 9 4
12 30 9 4
11 14 10 3
19 27 3 11
27 42 3 11
0 37 5 9
2 9 7 7
24 28 8 6
3 17 10 4
10 16 3 12
9 35 4 11
19 32 7 8
7 21 9 6
20 33 3 13
(252 271)

Arvore 116
0 1 3 3
8 27 3 3
10 28 3 4
5 43 3 6
23 39 5 4
4 13 6 4
6 41 6 4
10 30 6 4
18 25 6 4
30 44 6 4
34 36 6 4
5 27 4 7
26 31 4 7
12 22 5 6
13 37 5 6
15 31 6 5
23 29 6 5
20 25 7 4
9 27 5 7
34 38 5 7
26 41 6 6
5 34 7 5
10 40 8 4
12 23 8 4
3 4 3 10
11 19 5 8
20 40 6 7
6 23 7 6
7 27 7 6
3 29 8 5
5 44 9 4
12 30 9 4
11 14 10 3
19 27 3 11
27 42 3 11
0 37 5 9
2 9 7 7
24 28 8 6
3 17 10 4
10 16 3 12
9 35 4 11
19 32 7 8
7 21 9 6
20 33 3 13
(255 268)

Arvore 117
0 1 3 3
8 27 3 3
10 28 3 4
5 43 3 6
23 39 5 4
4 13 6 4
6 41 6 4
10 30 6 4
18 25 6 4
30 44 6 4
34 36 6 4
5 27 4 7
26 31 4 7
12 22 5 6
13 37 5 6
15 31 6 5
23 29 6 5
20 25 7 4
9 27 5 7
34 38 5 7
26 41 6 6
5 34 7 5
10 40 8 4
12 23 8 4
3 4 3 10
25 28 4 9
11 19 5 8
6 23 7 6
7 27 7 6
3 29 8 5
5 44 9 4
12 30 9 4
11 14 10 3
27 42 3 11
0 37 5 9
2 9 7 7
24 28 8 6
3 17 10 4
14 37 10 4
10 16 3 12
9 35 4 11
19 32 7 8
7 21 9 6
20 33 3 13
(260 263)

Arvore 118
0 1 3 3
8 27 3 3
10 28 3 4
5 43 3 6
23 39 5 4
4 13 6 4
6 41 6 4
10 30 6 4
18 25 6 4
30 44 6 4
34 36 6 4
5 27 4 7
26 31 4 7
12 22 5 6
13 37 5 6
15 31 6 5
23 29 6 5
20 25 7 4
9 27 5 7
34 38 5 7
26 41 6 6
5 34 7 5
10 40 8 4
12 23 8 4
3 4 3 10
25 28 4 9
11 19 5 8
6 23 7 6
7 27 7 6
3 29 8 5
5 44 9 4
12 30 9 4
11 14 10 3
19 27 3 11
0 37 5 9
2 9 7 7
20 42 8 6
24 28 8 6
3 17 10 4
10 16 3 12
9 35 4 11
19 32 7 8
7 21 9 6
20 33 3 13
(258 265)

Arvore 119
0 1 3 3
8 27 3 3
10 28 3 4
5 43 3 6
23 39 5 4
4 13 6 4
6 41 6 4
10 30 6 4
18 25 6 4
30 44 6 4
34 36 6 4
5 27 4 7
26 31 4 7
12 22 5 6
13 37 5 6
15 31 6 5
23 29 6 5
20 25 7 4
9 27 5 7
34 38 5 7
26 41 6 6
5 34 7 5
10 40 8 4
12 23 8 4
3 4 3 10
25 28 4 9
11 19 5 8
6 23 7 6
7 27 7 6
3 29 8 5
5 44 9 4
12 30 9 4
11 14 10 3
27 42 3 11
0 37 5 9
2 9 7 7
24 28 8 6
3 17 10 4
14 37 10 4
10 16 3 12
19 32 7 8
7 21 9 6
35 39 9 6
20 33 3 13
(265 258)

Arvore 120
0 1 3 3
8 27 3 3
10 28 3 4
5 43 3 6
23 39 5 4
4 13 6 4
6 41 6 4
10 30 6 4
18 25 6 4
30 44 6 4
34 36 6 4
5 27 4 7
26 31 4 7
12 22 5 6
13 37 5 6
15 31 6 5
23 29 6 5
20 25 7 4
9 27 5 7
34 38 5 7
26 41 6 6
5 34 7 5
10 40 8 4
12 23 8 4
3 4 3 10
25 28 4 9
11 19 5 8
6 23 7 6
7 27 7 6
3 29 8 5
5 44 9 4
12 30 9 4
11 14 10 3
19 27 3 11
0 37 5 9
2 9 7 7
20 42 8 6
24 28 8 6
3 17 10 4
10 16 3 12
19 32 7 8
7 21 9 6
35 39 9 6
20 33 3 13
(263 260)

Arvore 121
0 1 3 3
8 27 3 3
10 28 3 4
5 43 3 6
23 39 5 4
4 13 6 4
6 41 6 4
10 30 6 4
18 25 6 4
30 44 6 4
34 36 6 4
5 27 4 7
26 31 4 7
12 22 5 6
13 37 5 6
15 31 6 5
23 29 6 5
20 25 7 4
9 27 5 7
34 38 5 7
26 41 6 6
5 34 7 5
10 40 8 4
12 23 8 4
3 4 3 10
25 28 4 9
11 19 5 8
6 23 7 6
7 27 7 6
3 29 8 5
5 44 9 4
12 30 9 4
11 14 10 3
27 42 3 11
0 37 5 9
2 9 7 7
24 28 8 6
3 17 10 4
14 39 11 3
10 16 3 12
9 35 4 11
19 32 7 8
7 21 9 6
20 33 3 13
(261 262)

Arvore 122
0 1 3 3
8 27 3 3
10 28 3 4
5 43 3 6
23 39 5 4
4 13 6 4
6 41 6 4
10 30 6 4
18 25 6 4
30 44 6 4
34 36 6 4
5 27 4 7
26 31 4 7
12 22 5 6
13 37 5 6
15 31 6 5
23 29 6 5
20 25 7 4
36 43 4 8
9 27 5 7
34 38 5 7
26 41 6 6
10 40 8 4
12 23 8 4
3 4 3 10
25 28 4 9
11 19 5 8
6 23 7 6
7 27 7 6
3 29 8 5
5 44 9 4
12 30 9 4
11 14 10 3
27 42 3 11
0 37 5 9
2 9 7 7
24 28 8 6
3 17 10 4
14 37 10 4
10 16 3 12
9 35 4 11
19 32 7 8
7 21 9 6
20 33 3 13
(257 266)

Arvore 123
0 1 3 3
8 27 3 3
10 28 3 4
5 43 3 6
23 39 5 4
4 13 6 4
6 41 6 4
10 30 6 4
18 25 6 4
30 44 6 4
34 36 6 4
5 27 4 7
26 31 4 7
12 22 5 6
13 37 5 6
15 31 6 5
23 29 6 5
20 25 7 4
9 27 5 7
34 38 5 7
26 41 6 6
5 34 7 5
10 40 8 4
12 23 8 4
3 4 3 10
11 19 5 8
20 40 6 7
6 23 7 6
7 27 7 6
3 29 8 5
5 44 9 4
12 30 9 4
11 14 10 3
27 42 3 11
0 37 5 9
2 9 7 7
24 28 8 6
3 17 10 4
14 37 10 4
10 16 3 12
9 35 4 11
19 32 7 8
7 21 9 6
20 33 3 13
(262 261)

Arvore 124
0 1 3 3
8 27 3 3
10 28 3 4
5 43 3 6
23 39 5 4
4 13 6 4
6 41 6 4
10 30 6 4
18 25 6 4
30 44 6 4
34 36 6 4
5 27 4 7
26 31 4 7
12 22 5 6
13 37 5 6
15 31 6 5
23 29 6 5
20 25 7 4
9 27 5 7
34 38 5 7
26 41 6 6
5 34 7 5
10 40 8 4
12 23 8 4
3 4 3 10
11 19 5 8
20 40 6 7
6 23 7 6
7 27 7 6
3 29 8 5
5 44 9 4
12 30 9 4
11 14 10 3
27 42 3 11
0 37 5 9
2 9 7 7
24 28 8 6
3 17 10 4
14 37 10 4
10 16 3 12
19 32 7 8
7 21 9 6
35 39 9 6
20 33 3 13
(267 256)

Arvore 125
0 1 3 3
8 27 3 3
10 28 3 4
5 43 3 6
23 39 5 4
4 13 6 4
6 41 6 4
10 30 6 4
18 25 6 4
30 44 6 4
34 36 6 4
5 27 4 7
26 31 4 7
12 22 5 6
13 37 5 6
15 31 6 5
23 29 6 5
20 25 7 4
9 27 5 7
34 38 5 7
26 41 6 6
5 34 7 5
10 40 8 4
12 23 8 4
3 4 3 10
11 19 5 8
20 40 6 7
6 23 7 6
7 27 7 6
3 29 8 5
5 44 9 4
12 30 9 4
11 14 10 3
0 37 5 9
2 9 7 7
20 42 8 6
24 28 8 6
3 17 10 4
14 39 11 3
10 16 3 12
9 35 4 11
19 32 7 8
7 21 9 6
20 33 3 13
(268 255)

Arvore 126
0 1 3 3
8 27 3 3
10 28 3 4
5 43 3 6
23 39 5 4
4 13 6 4
6 41 6 4
10 30 6 4
18 25 6 4
30 44 6 4
34 36 6 4
5 27 4 7
26 31 4 7
12 22 5 6
13 37 5 6
15 31 6 5
23 29 6 5
20 25 7 4
9 27 5 7
34 38 5 7
26 41 6 6
5 34 7 5
10 40 8 4
12 23 8 4
3 4 3 10
11 19 5 8
20 40 6 7
6 23 7 6
7 27 7 6
3 29 8 5
5 44 9 4
12 30 9 4
11 14 10 3
0 37 5 9
2 9 7 7
20 42 8 6
24 28 8 6
3 17 10 4
14 37 10 4
10 16 3 12
19 32 7 8
7 21 9 6
35 39 9 6
20 33 3 13
(272 251)

Arvore 127
0 1 3 3
8 27 3 3
10 28 3 4
5 43 3 6
23 39 5 4
4 13 6 4
6 41 6 4
10 30 6 4
18 25 6 4
30 44 6 4
34 36 6 4
5 27 4 7
26 31 4 7
12 22 5 6
13 37 5 6
15 31 6 5
23 29 6 5
20 25 7 4
36 43 4 8
9 27 5 7
34 38 5 7
26 41 6 6
10 40 8 4
12 23 8 4
3 4 3 10
11 19 5 8
20 40 6 7
6 23 7 6
7 27 7 6
3 29 8 5
5 44 9 4
12 30 9 4
11 14 10 3
27 42 3 11
0 37 5 9
2 9 7 7
24 28 8 6
3 17 10 4
14 37 10 4
10 16 3 12
9 35 4 11
19 32 7 8
7 21 9 6
20 33 3 13
(259 264)

Arvore 128
0 1 3 3
8 27 3 3
10 28 3 4
5 43 3 6
23 39 5 4
4 13 6 4
6 41 6 4
10 30 6 4
18 25 6 4
30 44 6 4
34 36 6 4
5 27 4 7
26 31 4 7
12 22 5 6
13 37 5 6
15 31 6 5
23 29 6 5
20 25 7 4
36 43 4 8
9 27 5 7
34 38 5 7
26 41 6 6
10 40 8 4
12 23 8 4
3 4 3 10
11 19 5 8
20 40 6 7
6 23 7 6
7 27 7 6
3 29 8 5
5 44 9 4
12 30 9 4
11 14 10 3
0 37 5 9
2 9 7 7
20 42 8 6
24 28 8 6
3 17 10 4
14 37 10 4
10 16 3 12
9 35 4 11
19 32 7 8
7 21 9 6
20 33 3 13
(264 259)

Arvore 129
0 1 3 3
8 27 3 3
10 28 3 4
5 43 3 6
23 39 5 4
4 13 6 4
6 41 6 4
10 30 6 4
18 25 6 4
30 44 6 4
34 36 6 4
5 27 4 7
26 31 4 7
12 22 5 6
13 37 5 6
15 31 6 5
23 29 6 5
20 25 7 4
9 27 5 7
34 38 5 7
26 41 6 6
5 34 7 5
10 40 8 4
12 23 8 4
3 4 3 10
25 28 4 9
11 19 5 8
6 23 7 6
7 27 7 6
3 29 8 5
5 44 9 4
12 30 9 4
11 14 10 3
27 42 3 11
0 37 5 9
2 9 7 7
24 28 8 6
3 17 10 4
14 39 11 3
10 16 3 12
19 32 7 8
7 21 9 6
35 39 9 6
20 33 3 13
(266 257)

Arvore 130
0 1 3 3
8 27 3 3
10 28 3 4
5 43 3 6
23 39 5 4
4 13 6 4
6 41 6 4
10 30 6 4
18 25 6 4
30 44 6 4
34 36 6 4
5 27 4 7
26 31 4 7
12 22 5 6
13 37 5 6
15 31 6 5
23 29 6 5
20 25 7 4
9 27 5 7
34 38 5 7
26 41 6 6
5 34 7 5
10 40 8 4
12 23 8 4
3 4 3 10
25 28 4 9
11 19 5 8
6 23 7 6
7 27 7 6
3 29 8 5
5 44 9 4
12 30 9 4
11 14 10 3
0 37 5 9
2 9 7 7
20 42 8 6
24 28 8 6
3 17 10 4
14 37 10 4
10 16 3 12
19 32 7 8
7 21 9 6
35 39 9 6
20 33 3 13
(270 253)

Arvore 131
0 1 3 3
8 27 3 3
10 28 3 4
5 43 3 6
23 39 5 4
4 13 6 4
6 41 6 4
10 30 6 4
18 25 6 4
30 44 6 4
34 36 6 4
5 27 4 7
26 31 4 7
12 22 5 6
13 37 5 6
15 31 6 5
23 29 6 5
20 25 7 4
9 27 5 7
34 38 5 7
26 41 6 6
5 34 7 5
10 40 8 4
12 23 8 4
3 4 3 10
25 28 4 9
11 19 5 8
6 23 7 6
7 27 7 6
3 29 8 5
5 44 9 4
12 30 9 4
11 14 10 3
0 37 5 9
2 9 7 7
20 42 8 6
24 28 8 6
3 17 10 4
14 39 11 3
10 16 3 12
19 32 7 8
7 21 9 6
35 39 9 6
20 33 3 13
(271 252)

Arvore 132
0 1 3 3
8 27 3 3
10 28 3 4
5 43 3 6
23 39 5 4
4 13 6 4
6 41 6 4
10 30 6 4
18 25 6 4
30 44 6 4
34 36 6 4
5 27 4 7
26 31 4 7
12 22 5 6
13 37 5 6
15 31 6 5
23 29 6 5
20 25 7 4
36 43 4 8
9 27 5 7
34 38 5 7
26 41 6 6
10 40 8 4
12 23 8 4
3 4 3 10
11 19 5 8
20 40 6 7
6 23 7 6
7 27 7 6
3 29 8 5
5 44 9 4
12 30 9 4
11 14 10 3
0 37 5 9
2 9 7 7
20 42 8 6
24 28 8 6
3 17 10 4
14 37 10 4
10 16 3 12
19 32 7 8
7 21 9 6
35 39 9 6
20 33 3 13
(269 254)

Arvore 133
0 1 3 3
8 27 3 3
10 28 3 4
23 39 5 4
5 43 3 6
4 13 6 4
6 41 6 4
10 30 6 4
18 25 6 4
30 44 6 4
34 36 6 4
20 25 7 4
15 31 6 5
23 29 6 5
12 22 5 6
13 37 5 6
5 27 4 7
26 31 4 7
10 40 8 4
12 23 8 4
5 34 7 5
26 41 6 6
9 27 5 7
34 38 5 7
11 14 10 3
5 44 9 4
12 30 9 4
3 29 8 5
6 23 7 6
7 27 7 6
20 40 6 7
11 19 5 8
14 39 11 3
3 17 10 4
13 38 8 6
20 42 8 6
24 28 8 6
2 9 7 7
0 37 5 9
7 21 9 6
35 39 9 6
19 32 7 8
10 16 3 12
20 33 3 13
(278 246)

Arvore 134
0 1 3 3
8 27 3 3
10 28 3 4
23 39 5 4
5 43 3 6
4 13 6 4
6 41 6 4
10 30 6 4
18 25 6 4
30 44 6 4
34 36 6 4
20 25 7 4
15 31 6 5
23 29 6 5
12 22 5 6
13 37 5 6
5 27 4 7
26 31 4 7
10 40 8 4
12 23 8 4
5 34 7 5
26 41 6 6
9 27 5 7
34 38 5 7
11 14 10 3
5 44 9 4
12 30 9 4
3 29 8 5
7 27 7 6
20 40 6 7
11 19 5 8
14 39 11 3
31 44 11 3
3 4 3 10
3 17 10 4
20 42 8 6
24 28 8 6
2 9 7 7
0 37 5 9
7 21 9 6
35 39 9 6
19 32 7 8
10 16 3 12
20 33 3 13
(277 247)

Arvore 135
0 1 3 3
8 27 3 3
10 28 3 4
23 39 5 4
5 43 3 6
4 13 6 4
6 41 6 4
10 30 6 4
18 25 6 4
30 44 6 4
34 36 6 4
20 25 7 4
15 31 6 5
23 29 6 5
12 22 5 6
13 37 5 6
5 27 4 7
26 31 4 7
10 40 8 4
12 23 8 4
5 34 7 5
26 41 6 6
9 27 5 7
34 38 5 7
11 14 10 3
5 44 9 4
12 30 9 4
3 29 8 5
7 27 7 6
20 40 6 7
11 19 5 8
31 44 11 3
3 4 3 10
3 17 10 4
14 37 10 4
20 42 8 6
24 28 8 6
2 9 7 7
0 37 5 9
7 21 9 6
35 39 9 6
19 32 7 8
10 16 3 12
20 33 3 13
(276 248)

Arvore 136
0 1 3 3
8 27 3 3
10 28 3 4
23 39 5 4
5 43 3 6
4 13 6 4
6 41 6 4
10 30 6 4
18 25 6 4
30 44 6 4
34 36 6 4
20 25 7 4
15 31 6 5
23 29 6 5
12 22 5 6
13 37 5 6
5 27 4 7
26 31 4 7
10 40 8 4
12 23 8 4
5 34 7 5
26 41 6 6
9 27 5 7
34 38 5 7
11 14 10 3
5 44 9 4
3 29 8 5
6 23 7 6
7 27 7 6
20 40 6 7
11 19 5 8
14 39 11 3
31 44 11 3
3 4 3 10
3 17 10 4
20 42 8 6
24 28 8 6
2 9 7 7
0 37 5 9
7 21 9 6
35 39 9 6
19 32 7 8
10 16 3 12
20 33 3 13
(275 249)

Arvore 137
0 1 3 3
8 27 3 3
10 28 3 4
23 39 5 4
5 43 3 6
4 13 6 4
6 41 6 4
10 30 6 4
18 25 6 4
30 44 6 4
34 36 6 4
20 25 7 4
15 31 6 5
23 29 6 5
12 22 5 6
13 37 5 6
5 27 4 7
26 31 4 7
10 40 8 4
12 23 8 4
5 34 7 5
26 41 6 6
9 27 5 7
34 38 5 7
11 14 10 3
5 44 9 4
12 30 9 4
3 29 8 5
7 27 7 6
20 40 6 7
14 39 11 3
31 44 11 3
11 19 5 8
3 17 10 4
14 37 10 4
20 42 8 6
24 28 8 6
2 9 7 7
0 37 5 9
7 21 9 6
35 39 9 6
19 32 7 8
10 16 3 12
20 33 3 13
(284 241)

Arvore 138
0 1 3 3
8 27 3 3
10 28 3 4
23 39 5 4
5 43 3 6
4 13 6 4
6 41 6 4
10 30 6 4
18 25 6 4
30 44 6 4
34 36 6 4
20 25 7 4
15 31 6 5
23 29 6 5
12 22 5 6
13 37 5 6
5 27 4 7
26 31 4 7
10 40 8 4
12 23 8 4
5 34 7 5
26 41 6 6
9 27 5 7
34 38 5 7
11 14 10 3
5 44 9 4
12 30 9 4
3 29 8 5
6 23 7 6
7 27 7 6
20 40 6 7
14 39 11 3
11 19 5 8
3 17 10 4
14 37 10 4
20 42 8 6
24 28 8 6
2 9 7 7
0 37 5 9
7 21 9 6
35 39 9 6
19 32 7 8
16 22 11 6
20 33 3 13
(288 238)

Arvore 139
0 1 3 3
8 27 3 3
10 28 3 4
23 39 5 4
5 43 3 6
4 13 6 4
6 41 6 4
10 30 6 4
18 25 6 4
30 44 6 4
34 36 6 4
20 25 7 4
15 31 6 5
23 29 6 5
12 22 5 6
13 37 5 6
5 27 4 7
26 31 4 7
10 40 8 4
12 23 8 4
5 34 7 5
26 41 6 6
9 27 5 7
34 38 5 7
11 14 10 3
5 44 9 4
12 30 9 4
3 29 8 5
6 23 7 6
7 27 7 6
20 40 6 7
14 39 11 3
11 19 5 8
3 17 10 4
3 4 3 10
20 42 8 6
24 28 8 6
2 9 7 7
0 37 5 9
7 21 9 6
35 39 9 6
19 32 7 8
16 38 13 4
20 33 3 13
(283 242)

Arvore 140
0 1 3 3
8 27 3 3
10 28 3 4
23 39 5 4
5 43 3 6
4 13 6 4
6 41 6 4
10 30 6 4
18 25 6 4
30 44 6 4
34 36 6 4
20 25 7 4
15 31 6 5
23 29 6 5
12 22 5 6
13 37 5 6
5 27 4 7
26 31 4 7
10 40 8 4
12 23 8 4
5 34 7 5
26 41 6 6
9 27 5 7
34 38 5 7
11 14 10 3
5 44 9 4
3 29 8 5
6 23 7 6
7 27 7 6
20 40 6 7
14 39 11 3
31 44 11 3
11 19 5 8
3 17 10 4
14 37 10 4
20 42 8 6
24 28 8 6
2 9 7 7
0 37 5 9
7 21 9 6
35 39 9 6
19 32 7 8
10 16 3 12
20 33 3 13
(282 243)

Arvore 141
0 1 3 3
8 27 3 3
10 28 3 4
23 39 5 4
5 43 3 6
4 13 6 4
6 41 6 4
10 30 6 4
18 25 6 4
30 44 6 4
34 36 6 4
20 25 7 4
15 31 6 5
23 29 6 5
12 22 5 6
13 37 5 6
5 27 4 7
26 31 4 7
10 40 8 4
12 23 8 4
5 34 7 5
26 41 6 6
9 27 5 7
34 38 5 7
11 14 10 3
5 44 9 4
12 30 9 4
3 29 8 5
7 27 7 6
20 40 6 7
14 39 11 3
31 44 11 3
11 19 5 8
3 17 10 4
14 37 10 4
20 42 8 6
24 28 8 6
2 9 7 7
0 37 5 9
7 21 9 6
35 39 9 6
23 32 10 6
10 16 3 12
20 33 3 13
(287 239)

Arvore 142
0 1 3 3
8 27 3 3
10 28 3 4
23 39 5 4
5 43 3 6
4 13 6 4
6 41 6 4
10 30 6 4
18 25 6 4
30 44 6 4
34 36 6 4
20 25 7 4
15 31 6 5
23 29 6 5
12 22 5 6
13 37 5 6
5 27 4 7
26 31 4 7
10 40 8 4
12 23 8 4
5 34 7 5
26 41 6 6
34 38 5 7
11 14 10 3
5 44 9 4
9 34 9 4
12 30 9 4
3 29 8 5
7 27 7 6
14 39 11 3
31 44 11 3
11 19 5 8
3 17 10 4
14 37 10 4
25 28 4 9
20 42 8 6
24 28 8 6
2 9 7 7
0 37 5 9
7 21 9 6
35 39 9 6
19 32 7 8
10 16 3 12
20 33 3 13
(286 240)

Arvore 143
0 1 3 3
8 27 3 3
10 28 3 4
23 39 5 4
5 43 3 6
4 13 6 4
6 41 6 4
10 30 6 4
18 25 6 4
30 44 6 4
34 36 6 4
20 25 7 4
15 31 6 5
23 29 6 5
12 22 5 6
13 37 5 6
5 27 4 7
26 31 4 7
10 40 8 4
12 23 8 4
5 34 7 5
26 41 6 6
11 14 10 3
34 38 5 7
5 44 9 4
9 34 9 4
12 30 9 4
3 29 8 5
6 23 7 6
7 27 7 6
14 39 11 3
20 40 6 7
3 17 10 4
14 37 10 4
11 19 5 8
20 42 8 6
24 28 8 6
2 9 7 7
0 37 5 9
7 21 9 6
35 39 9 6
19 32 7 8
16 38 13 4
20 33 3 13
(294 233)

Arvore 144
0 1 3 3
8 27 3 3
10 28 3 4
23 39 5 4
5 43 3 6
4 13 6 4
6 41 6 4
10 30 6 4
18 25 6 4
30 44 6 4
34 36 6 4
20 25 7 4
15 31 6 5
23 29 6 5
12 22 5 6
13 37 5 6
5 27 4 7
26 31 4 7
10 40 8 4
12 23 8 4
5 34 7 5
26 41 6 6
11 14 10 3
34 38 5 7
5 44 9 4
9 34 9 4
12 30 9 4
3 29 8 5
6 23 7 6
7 27 7 6
14 39 11 3
20 40 6 7
3 17 10 4
14 37 10 4
11 19 5 8
20 42 8 6
24 28 8 6
2 9 7 7
0 37 5 9
7 21 9 6
35 39 9 6
23 32 10 6
16 38 13 4
20 33 3 13
(297 231)

Arvore 145
0 1 3 3
8 27 3 3
10 28 3 4
23 39 5 4
5 43 3 6
4 13 6 4
6 41 6 4
10 30 6 4
18 25 6 4
30 44 6 4
34 36 6 4
20 25 7 4
15 31 6 5
23 29 6 5
12 22 5 6
13 37 5 6
5 27 4 7
26 31 4 7
10 40 8 4
12 23 8 4
5 34 7 5
26 41 6 6
11 14 10 3
9 27 5 7
34 38 5 7
5 44 9 4
12 30 9 4
3 29 8 5
6 23 7 6
7 27 7 6
14 39 11 3
20 40 6 7
3 17 10 4
14 37 10 4
11 19 5 8
20 42 8 6
24 28 8 6
2 9 7 7
0 37 5 9
7 21 9 6
35 39 9 6
23 32 10 6
16 38 13 4
20 33 3 13
(293 234)

Arvore 146
0 1 3 3
8 27 3 3
10 28 3 4
23 39 5 4
5 43 3 6
4 13 6 4
6 41 6 4
10 30 6 4
18 25 6 4
30 44 6 4
34 36 6 4
20 25 7 4
15 31 6 5
23 29 6 5
12 22 5 6
13 37 5 6
5 27 4 7
26 31 4 7
10 40 8 4
12 23 8 4
26 41 6 6
11 14 10 3
9 27 5 7
34 38 5 7
5 44 9 4
9 34 9 4
12 30 9 4
3 29 8 5
6 23 7 6
7 27 7 6
14 39 11 3
20 40 6 7
3 17 10 4
14 37 10 4
11 19 5 8
20 42 8 6
24 28 8 6
2 9 7 7
0 37 5 9
7 21 9 6
35 39 9 6
19 32 7 8
16 38 13 4
20 33 3 13
(292 235)

Arvore 147
0 1 3 3
8 27 3 3
10 28 3 4
23 39 5 4
5 43 3 6
4 13 6 4
6 41 6 4
10 30 6 4
18 25 6 4
30 44 6 4
34 36 6 4
20 25 7 4
15 31 6 5
23 29 6 5
12 22 5 6
13 37 5 6
5 27 4 7
26 31 4 7
10 40 8 4
12 23 8 4
26 41 6 6
11 14 10 3
9 27 5 7
34 38 5 7
5 44 9 4
9 34 9 4
12 30 9 4
3 29 8 5
7 27 7 6
14 39 11 3
31 44 11 3
20 40 6 7
3 17 10 4
14 37 10 4
11 19 5 8
20 42 8 6
24 28 8 6
2 9 7 7
0 37 5 9
7 21 9 6
35 39 9 6
19 32 7 8
16 38 13 4
20 33 3 13
(296 232)

Arvore 148
0 1 3 3
8 27 3 3
10 28 3 4
23 39 5 4
5 43 3 6
4 13 6 4
6 41 6 4
10 30 6 4
18 25 6 4
30 44 6 4
34 36 6 4
20 25 7 4
15 31 6 5
23 29 6 5
12 22 5 6
13 37 5 6
10 40 8 4
12 23 8 4
5 27 4 7
26 31 4 7
5 34 7 5
11 14 10 3
26 41 6 6
5 44 9 4
9 34 9 4
12 30 9 4
34 38 5 7
3 29 8 5
14 39 11 3
31 44 11 3
7 27 7 6
3 17 10 4
14 37 10 4
20 40 6 7
11 19 5 8
20 42 8 6
24 28 8 6
2 9 7 7
7 21 9 6
35 39 9 6
0 37 5 9
23 32 10 6
16 38 13 4
20 33 3 13
(301 228)

Arvore 149
0 1 3 3
8 27 3 3
10 28 3 4
23 39 5 4
5 43 3 6
4 13 6 4
6 41 6 4
10 30 6 4
18 25 6 4
30 44 6 4
34 36 6 4
20 25 7 4
15 31 6 5
23 29 6 5
12 22 5 6
13 37 5 6
10 40 8 4
12 23 8 4
5 27 4 7
26 31 4 7
5 34 7 5
11 14 10 3
26 41 6 6
5 44 9 4
9 34 9 4
12 30 9 4
34 38 5 7
3 29 8 5
14 39 11 3
31 44 11 3
7 27 7 6
3 17 10 4
14 37 10 4
20 40 6 7
11 19 5 8
20 42 8 6
24 28 8 6
2 9 7 7
7 21 9 6
35 39 9 6
0 37 5 9
19 32 7 8
16 38 13 4
33 39 12 7
(307 224)

Arvore 150
0 1 3 3
8 27 3 3
10 28 3 4
23 39 5 4
5 43 3 6
4 13 6 4
6 41 6 4
10 30 6 4
18 25 6 4
30 44 6 4
34 36 6 4
20 25 7 4
15 31 6 5
23 29 6 5
12 22 5 6
13 37 5 6
10 40 8 4
12 23 8 4
5 27 4 7
26 31 4 7
5 34 7 5
11 14 10 3
26 41 6 6
5 44 9 4
9 34 9 4
12 30 9 4
34 38 5 7
3 29 8 5
14 39 11 3
6 23 7 6
7 27 7 6
3 17 10 4
14 37 10 4
20 40 6 7
11 19 5 8
20 42 8 6
24 28 8 6
2 9 7 7
7 21 9 6
35 39 9 6
0 37 5 9
19 32 7 8
16 38 13 4
33 39 12 7
(303 227)

Arvore 151
0 1 3 3
8 27 3 3
10 28 3 4
23 39 5 4
5 43 3 6
4 13 6 4
6 41 6 4
10 30 6 4
18 25 6 4
30 44 6 4
34 36 6 4
20 25 7 4
15 31 6 5
23 29 6 5
12 22 5 6
13 37 5 6
10 40 8 4
12 23 8 4
5 27 4 7
26 31 4 7
5 34 7 5
11 14 10 3
26 41 6 6
5 44 9 4
9 34 9 4
12 30 9 4
34 38 5 7
3 29 8 5
14 39 11 3
6 23 7 6
7 27 7 6
3 17 10 4
14 37 10 4
20 40 6 7
11 19 5 8
20 42 8 6
24 28 8 6
2 9 7 7
7 21 9 6
35 39 9 6
0 37 5 9
23 32 10 6
16 38 13 4
33 39 12 7
(306 225)

Arvore 152
0 1 3 3
8 27 3 3
10 28 3 4
23 39 5 4
5 43 3 6
4 13 6 4
6 41 6 4
10 30 6 4
18 25 6 4
30 44 6 4
34 36 6 4
20 25 7 4
15 31 6 5
23 29 6 5
12 22 5 6
13 37 5 6
10 40 8 4
12 23 8 4
5 27 4 7
26 31 4 7
11 14 10 3
26 41 6 6
5 44 9 4
9 34 9 4
12 30 9 4
9 27 5 7
34 38 5 7
3 29 8 5
14 39 11 3
31 44 11 3
7 27 7 6
3 17 10 4
14 37 10 4
20 40 6 7
11 19 5 8
20 42 8 6
24 28 8 6
2 9 7 7
7 21 9 6
35 39 9 6
0 37 5 9
19 32 7 8
16 38 13 4
33 39 12 7
(305 226)

Arvore 153
0 1 3 3
8 27 3 3
10 28 3 4
23 39 5 4
4 13 6 4
6 41 6 4
10 30 6 4
18 25 6 4
30 44 6 4
34 36 6 4
5 43 3 6
20 25 7 4
15 31 6 5
23 29 6 5
10 40 8 4
12 23 8 4
11 14 10 3
12 22 5 6
13 37 5 6
5 34 7 5
5 44 9 4
9 34 9 4
12 30 9 4
14 39 11 3
31 44 11 3
5 27 4 7
26 31 4 7
26 41 6 6
3 29 8 5
3 17 10 4
14 37 10 4
34 38 5 7
7 27 7 6
20 42 8 6
24 28 8 6
18 30 10 5
11 19 5 8
2 9 7 7
7 21 9 6
35 39 9 6
16 38 13 4
23 32 10 6
0 37 5 9
33 39 12 7
(314 220)

Arvore 154
0 1 3 3
8 27 3 3
10 28 3 4
23 39 5 4
4 13 6 4
6 41 6 4
10 30 6 4
18 25 6 4
30 44 6 4
34 36 6 4
5 43 3 6
20 25 7 4
15 31 6 5
23 29 6 5
10 40 8 4
12 23 8 4
11 14 10 3
12 22 5 6
13 37 5 6
5 34 7 5
5 44 9 4
9 34 9 4
12 30 9 4
14 39 11 3
31 44 11 3
5 27 4 7
26 41 6 6
3 29 8 5
3 17 10 4
14 37 10 4
34 38 5 7
6 23 7 6
7 27 7 6
20 40 6 7
20 42 8 6
24 28 8 6
11 19 5 8
2 9 7 7
7 21 9 6
35 39 9 6
16 38 13 4
23 32 10 6
0 37 5 9
33 39 12 7
(313 221)

Arvore 155
0 1 3 3
8 27 3 3
10 28 3 4
23 39 5 4
4 13 6 4
6 41 6 4
10 30 6 4
18 25 6 4
30 44 6 4
34 36 6 4
5 43 3 6
20 25 7 4
15 31 6 5
23 29 6 5
10 40 8 4
12 23 8 4
11 14 10 3
12 22 5 6
13 37 5 6
5 34 7 5
5 44 9 4
9 34 9 4
12 30 9 4
14 39 11 3
31 44 11 3
5 27 4 7
26 41 6 6
3 29 8 5
3 17 10 4
14 37 10 4
34 38 5 7
6 23 7 6
7 27 7 6
20 42 8 6
24 28 8 6
18 30 10 5
11 19 5 8
2 9 7 7
7 21 9 6
35 39 9 6
16 38 13 4
23 32 10 6
0 37 5 9
33 39 12 7
(317 219)

Arvore 156
0 1 3 3
8 27 3 3
10 28 3 4
23 39 5 4
4 13 6 4
6 41 6 4
10 30 6 4
18 25 6 4
30 44 6 4
34 36 6 4
20 25 7 4
5 43 3 6
11 14 10 3
10 40 8 4
12 23 8 4
15 31 6 5
23 29 6 5
14 39 11 3
31 44 11 3
5 44 9 4
9 34 9 4
12 30 9 4
5 34 7 5
12 22 5 6
13 37 5 6
3 17 10 4
14 37 10 4
3 29 8 5
26 41 6 6
5 27 4 7
26 31 4 7
7 27 7 6
34 38 5 7
20 42 8 6
24 28 8 6
20 40 6 7
16 38 13 4
2 44 11 5
7 21 9 6
35 39 9 6
11 19 5 8
23 32 10 6
1 9 16 4
33 39 12 7
(325 215)

Arvore 157
0 1 3 3
8 27 3 3
10 28 3 4
23 39 5 4
4 13 6 4
6 41 6 4
10 30 6 4
18 25 6 4
30 44 6 4
34 36 6 4
20 25 7 4
5 43 3 6
11 14 10 3
10 40 8 4
12 23 8 4
15 31 6 5
23 29 6 5
14 39 11 3
31 44 11 3
5 44 9 4
9 34 9 4
12 30 9 4
5 34 7 5
12 22 5 6
13 37 5 6
3 17 10 4
14 37 10 4
3 29 8 5
26 41 6 6
5 27 4 7
26 31 4 7
7 27 7 6
34 38 5 7
18 30 10 5
20 42 8 6
24 28 8 6
16 38 13 4
2 44 11 5
7 21 9 6
35 39 9 6
11 19 5 8
6 32 15 4
0 37 5 9
33 39 12 7
(323 216)

Arvore 158
0 1 3 3
8 27 3 3
10 28 3 4
23 39 5 4
4 13 6 4
6 41 6 4
10 30 6 4
18 25 6 4
30 44 6 4
34 36 6 4
20 25 7 4
5 43 3 6
11 14 10 3
10 40 8 4
12 23 8 4
15 31 6 5
23 29 6 5
14 39 11 3
31 44 11 3
5 44 9 4
9 34 9 4
12 30 9 4
5 34 7 5
12 22 5 6
13 37 5 6
3 17 10 4
14 37 10 4
3 29 8 5
26 41 6 6
5 27 4 7
6 23 7 6
7 27 7 6
34 38 5 7
18 30 10 5
20 42 8 6
24 28 8 6
16 38 13 4
2 44 11 5
7 21 9 6
35 39 9 6
11 19 5 8
23 32 10 6
0 37 5 9
33 39 12 7
(321 217)

Arvore 159
0 1 3 3
8 27 3 3
10 28 3 4
23 39 5 4
4 13 6 4
6 41 6 4
10 30 6 4
18 25 6 4
30 44 6 4
34 36 6 4
20 25 7 4
5 43 3 6
11 14 10 3
10 40 8 4
12 23 8 4
15 31 6 5
23 29 6 5
14 39 11 3
31 44 11 3
5 44 9 4
9 34 9 4
12 30 9 4
5 34 7 5
12 22 5 6
13 37 5 6
3 17 10 4
14 37 10 4
3 29 8 5
26 41 6 6
5 27 4 7
26 31 4 7
7 27 7 6
18 30 10 5
13 38 8 6
20 42 8 6
24 28 8 6
16 38 13 4
7 21 9 6
35 39 9 6
2 9 7 7
11 19 5 8
23 32 10 6
1 9 16 4
33 39 12 7
(328 214)

Arvore 160
0 1 3 3
8 27 3 3
10 28 3 4
23 39 5 4
4 13 6 4
6 41 6 4
10 30 6 4
18 25 6 4
30 44 6 4
34 36 6 4
20 25 7 4
11 14 10 3
5 43 3 6
10 40 8 4
12 23 8 4
15 31 6 5
23 29 6 5
14 39 11 3
31 44 11 3
5 44 9 4
9 34 9 4
12 30 9 4
5 34 7 5
12 22 5 6
13 37 5 6
3 17 10 4
14 37 10 4
3 29 8 5
26 41 6 6
5 27 4 7
26 31 4 7
7 27 7 6
34 38 5 7
18 30 10 5
20 42 8 6
24 28 8 6
16 38 13 4
2 44 11 5
7 21 9 6
35 39 9 6
11 19 5 8
6 32 15 4
1 9 16 4
33 39 12 7
(334 211)

Arvore 161
0 1 3 3
8 27 3 3
10 28 3 4
23 39 5 4
4 13 6 4
6 41 6 4
10 30 6 4
18 25 6 4
30 44 6 4
34 36 6 4
20 25 7 4
11 14 10 3
5 43 3 6
10 40 8 4
12 23 8 4
15 31 6 5
23 29 6 5
14 39 11 3
31 44 11 3
5 44 9 4
9 34 9 4
12 30 9 4
5 34 7 5
12 22 5 6
13 37 5 6
3 17 10 4
14 37 10 4
3 29 8 5
26 41 6 6
5 27 4 7
26 31 4 7
7 27 7 6
34 38 5 7
18 30 10 5
20 42 8 6
24 28 8 6
16 38 13 4
2 44 11 5
7 21 9 6
35 39 9 6
11 19 5 8
23 32 10 6
1 9 16 4
33 38 22 3
(339 209)

Arvore 162
0 1 3 3
8 27 3 3
10 28 3 4
23 39 5 4
4 13 6 4
6 41 6 4
10 30 6 4
18 25 6 4
30 44 6 4
34 36 6 4
20 25 7 4
11 14 10 3
5 43 3 6
10 40 8 4
12 23 8 4
15 31 6 5
23 29 6 5
14 39 11 3
31 44 11 3
5 44 9 4
9 34 9 4
12 30 9 4
5 34 7 5
12 22 5 6
13 37 5 6
3 17 10 4
14 37 10 4
3 29 8 5
26 41 6 6
5 27 4 7
6 23 7 6
7 27 7 6
34 38 5 7
18 30 10 5
20 42 8 6
24 28 8 6
16 38 13 4
2 44 11 5
7 21 9 6
35 39 9 6
11 19 5 8
23 32 10 6
1 9 16 4
33 39 12 7
(332 212)

Arvore 163
0 1 3 3
8 27 3 3
10 28 3 4
23 39 5 4
4 13 6 4
6 41 6 4
10 30 6 4
18 25 6 4
30 44 6 4
34 36 6 4
20 25 7 4
11 14 10 3
5 43 3 6
10 40 8 4
12 23 8 4
15 31 6 5
23 29 6 5
14 39 11 3
31 44 11 3
5 44 9 4
9 34 9 4
12 30 9 4
5 34 7 5
12 22 5 6
13 37 5 6
3 17 10 4
14 37 10 4
3 29 8 5
26 41 6 6
5 27 4 7
6 23 7 6
7 27 7 6
34 38 5 7
18 30 10 5
20 42 8 6
24 28 8 6
16 38 13 4
2 44 11 5
7 21 9 6
35 39 9 6
11 19 5 8
6 32 15 4
1 9 16 4
33 39 12 7
(337 210)

Arvore 164
0 1 3 3
8 27 3 3
10 28 3 4
23 39 5 4
4 13 6 4
6 41 6 4
10 30 6 4
18 25 6 4
30 44 6 4
34 36 6 4
20 25 7 4
11 14 10 3
5 43 3 6
10 40 8 4
12 23 8 4
15 31 6 5
23 29 6 5
14 39 11 3
31 44 11 3
5 44 9 4
9 34 9 4
12 30 9 4
5 34 7 5
12 22 5 6
13 37 5 6
3 17 10 4
14 37 10 4
3 29 8 5
26 41 6 6
5 27 4 7
6 23 7 6
7 27 7 6
34 38 5 7
18 30 10 5
20 42 8 6
24 28 8 6
16 38 13 4
2 44 11 5
7 21 9 6
35 39 9 6
11 19 5 8
23 32 10 6
1 9 16 4
33 38 22 3
(342 208)

Arvore 165
0 1 3 3
8 27 3 3
10 28 3 4
23 39 5 4
4 13 6 4
6 41 6 4
10 30 6 4
18 25 6 4
30 44 6 4
34 36 6 4
20 25 7 4
11 14 10 3
10 40 8 4
12 23 8 4
14 39 11 3
31 44 11 3
5 43 3 6
15 31 6 5
23 29 6 5
5 44 9 4
9 34 9 4
12 30 9 4
3 17 10 4
14 37 10 4
30 36 10 4
12 22 5 6
13 37 5 6
3 29 8 5
26 41 6 6
5 27 4 7
26 31 4 7
7 27 7 6
18 30 10 5
16 38 13 4
34 38 5 7
20 42 8 6
24 28 8 6
2 44 11 5
7 21 9 6
35 39 9 6
6 32 15 4
1 9 16 4
11 19 5 8
33 38 22 3
(347 206)

Arvore 166
0 1 3 3
8 27 3 3
10 28 3 4
23 39 5 4
4 13 6 4
6 41 6 4
10 30 6 4
18 25 6 4
30 44 6 4
34 36 6 4
20 25 7 4
11 14 10 3
10 40 8 4
12 23 8 4
14 39 11 3
31 44 11 3
5 43 3 6
15 31 6 5
23 29 6 5
5 44 9 4
9 34 9 4
12 30 9 4
3 17 10 4
14 37 10 4
30 36 10 4
12 22 5 6
13 37 5 6
3 29 8 5
26 41 6 6
5 27 4 7
6 23 7 6
7 27 7 6
18 30 10 5
16 38 13 4
34 38 5 7
20 42 8 6
24 28 8 6
2 44 11 5
7 21 9 6
35 39 9 6
6 32 15 4
1 9 16 4
11 19 5 8
33 38 22 3
(350 205)

Arvore 167
0 1 3 3
8 27 3 3
10 28 3 4
23 39 5 4
4 13 6 4
6 41 6 4
10 30 6 4
18 25 6 4
30 44 6 4
34 36 6 4
20 25 7 4
11 14 10 3
10 40 8 4
12 23 8 4
14 39 11 3
31 44 11 3
5 43 3 6
15 31 6 5
23 29 6 5
5 44 9 4
9 34 9 4
12 30 9 4
3 17 10 4
14 37 10 4
30 36 10 4
12 22 5 6
13 37 5 6
3 29 8 5
26 41 6 6
5 27 4 7
26 31 4 7
7 27 7 6
18 30 10 5
16 38 13 4
13 38 8 6
20 42 8 6
24 28 8 6
2 44 11 5
7 21 9 6
35 39 9 6
6 32 15 4
0 5 19 3
11 19 5 8
33 38 22 3
(353 204)

Arvore 168
0 1 3 3
8 27 3 3
10 28 3 4
23 39 5 4
4 13 6 4
6 41 6 4
10 30 6 4
18 25 6 4
30 44 6 4
34 36 6 4
20 25 7 4
11 14 10 3
10 40 8 4
12 23 8 4
14 39 11 3
31 44 11 3
5 43 3 6
15 31 6 5
23 29 6 5
5 44 9 4
9 34 9 4
12 30 9 4
5 34 7 5
3 17 10 4
14 37 10 4
12 22 5 6
13 37 5 6
3 29 8 5
26 41 6 6
5 27 4 7
26 31 4 7
7 27 7 6
18 30 10 5
16 38 13 4
20 42 8 6
24 28 8 6
2 44 11 5
4 38 14 4
7 21 9 6
35 39 9 6
6 32 15 4
0 5 19 3
11 19 5 8
33 38 22 3
(356 203)

Arvore 169
0 1 3 3
8 27 3 3
10 28 3 4
23 39 5 4
4 13 6 4
6 41 6 4
10 30 6 4
18 25 6 4
30 44 6 4
34 36 6 4
20 25 7 4
11 14 10 3
10 40 8 4
12 23 8 4
14 39 11 3
31 44 11 3
5 43 3 6
15 31 6 5
23 29 6 5
5 44 9 4
9 34 9 4
12 30 9 4
3 17 10 4
14 37 10 4
30 36 10 4
12 22 5 6
13 37 5 6
3 29 8 5
26 41 6 6
5 27 4 7
26 31 4 7
7 27 7 6
18 30 10 5
16 38 13 4
20 42 8 6
24 28 8 6
2 44 11 5
4 38 14 4
7 21 9 6
35 39 9 6
6 32 15 4
0 5 19 3
11 19 5 8
33 38 22 3
(359 202)

Arvore 170
0 1 3 3
8 27 3 3
10 28 3 4
23 39 5 4
4 13 6 4
6 41 6 4
10 30 6 4
18 25 6 4
30 44 6 4
34 36 6 4
11 14 10 3
20 25 7 4
14 39 11 3
31 44 11 3
10 40 8 4
12 23 8 4
5 44 9 4
9 34 9 4
12 30 9 4
15 31 6 5
23 29 6 5
5 43 3 6
3 17 10 4
14 37 10 4
5 34 7 5
3 29 8 5
12 22 5 6
13 37 5 6
26 41 6 6
16 38 13 4
18 30 10 5
6 23 7 6
7 27 7 6
4 38 14 4
5 27 4 7
2 44 11 5
20 42 8 6
24 28 8 6
6 32 15 4
0 5 19 3
35 39 9 6
21 32 16 4
33 38 22 3
11 19 5 8
(366 200)

Arvore 171
0 1 3 3
8 27 3 3
10 28 3 4
23 39 5 4
4 13 6 4
6 41 6 4
10 30 6 4
18 25 6 4
30 44 6 4
34 36 6 4
11 14 10 3
20 25 7 4
14 39 11 3
31 44 11 3
10 40 8 4
12 23 8 4
5 44 9 4
9 34 9 4
12 30 9 4
15 31 6 5
23 29 6 5
3 17 10 4
14 37 10 4
5 43 3 6
23 36 14 3
3 29 8 5
12 22 5 6
13 37 5 6
16 38 13 4
26 41 6 6
18 30 10 5
4 38 14 4
6 23 7 6
7 27 7 6
2 44 11 5
5 27 4 7
6 32 15 4
20 42 8 6
24 28 8 6
0 5 19 3
21 32 16 4
35 39 9 6
33 38 22 3
11 19 5 8
(373 198)

Arvore 172
0 1 3 3
8 27 3 3
10 28 3 4
23 39 5 4
4 13 6 4
6 41 6 4
10 30 6 4
18 25 6 4
30 44 6 4
34 36 6 4
11 14 10 3
20 25 7 4
14 39 11 3
31 44 11 3
10 40 8 4
12 23 8 4
5 44 9 4
9 34 9 4
12 30 9 4
15 31 6 5
23 29 6 5
3 17 10 4
14 37 10 4
30 36 10 4
5 43 3 6
3 29 8 5
12 22 5 6
13 37 5 6
16 38 13 4
26 41 6 6
18 30 10 5
4 38 14 4
6 23 7 6
7 27 7 6
2 44 11 5
6 32 15 4
7 16 15 4
20 42 8 6
24 28 8 6
1 9 16 4
21 32 16 4
35 39 9 6
33 38 22 3
11 19 5 8
(377 197)

Arvore 173
0 1 3 3
8 27 3 3
10 28 3 4
23 39 5 4
4 13 6 4
6 41 6 4
10 30 6 4
18 25 6 4
30 44 6 4
34 36 6 4
11 14 10 3
20 25 7 4
14 39 11 3
31 44 11 3
10 40 8 4
12 23 8 4
5 44 9 4
9 34 9 4
12 30 9 4
15 31 6 5
23 29 6 5
3 17 10 4
14 37 10 4
23 36 14 3
5 43 3 6
3 29 8 5
12 22 5 6
13 37 5 6
16 38 13 4
26 41 6 6
18 30 10 5
4 38 14 4
6 23 7 6
7 27 7 6
2 44 11 5
6 32 15 4
7 16 15 4
0 5 19 3
20 42 8 6
24 28 8 6
21 32 16 4
35 39 9 6
33 38 22 3
11 19 5 8
(384 195)

Arvore 174
0 1 3 3
8 27 3 3
10 28 3 4
23 39 5 4
4 13 6 4
6 41 6 4
10 30 6 4
18 25 6 4
30 44 6 4
34 36 6 4
11 14 10 3
20 25 7 4
14 39 11 3
31 44 11 3
10 40 8 4
12 23 8 4
5 44 9 4
9 34 9 4
12 30 9 4
15 31 6 5
23 29 6 5
3 17 10 4
14 37 10 4
30 36 10 4
5 43 3 6
3 29 8 5
13 37 5 6
16 38 13 4
22 43 17 3
26 41 6 6
18 30 10 5
4 38 14 4
6 23 7 6
7 27 7 6
2 44 11 5
6 32 15 4
7 16 15 4
0 5 19 3
20 42 8 6
24 28 8 6
21 32 16 4
35 39 9 6
33 38 22 3
11 19 5 8
(392 193)

Arvore 175
0 1 3 3
8 27 3 3
10 28 3 4
23 39 5 4
4 13 6 4
6 41 6 4
10 30 6 4
18 25 6 4
30 44 6 4
34 36 6 4
11 14 10 3
20 25 7 4
14 39 11 3
31 44 11 3
10 40 8 4
12 23 8 4
5 44 9 4
9 34 9 4
12 30 9 4
15 31 6 5
23 29 6 5
3 17 10 4
14 37 10 4
30 36 10 4
5 43 3 6
3 29 8 5
12 22 5 6
13 37 5 6
16 38 13 4
26 41 6 6
18 30 10 5
4 38 14 4
6 23 7 6
7 27 7 6
2 44 11 5
6 32 15 4
7 16 15 4
0 5 19 3
20 42 8 6
24 28 8 6
21 32 16 4
35 39 9 6
33 38 22 3
19 25 21 4
(396 192)

Arvore 176
0 1 3 3
8 27 3 3
10 28 3 4
23 39 5 4
4 13 6 4
6 41 6 4
10 30 6 4
18 25 6 4
30 44 6 4
34 36 6 4
11 14 10 3
20 25 7 4
14 39 11 3
31 44 11 3
10 40 8 4
12 23 8 4
5 44 9 4
9 34 9 4
12 30 9 4
15 31 6 5
23 29 6 5
3 17 10 4
14 37 10 4
30 36 10 4
5 43 3 6
3 29 8 5
13 37 5 6
16 38 13 4
22 43 17 3
26 41 6 6
18 30 10 5
4 38 14 4
6 23 7 6
7 27 7 6
2 44 11 5
6 32 15 4
7 16 15 4
0 5 19 3
20 42 8 6
24 28 8 6
21 32 16 4
35 39 9 6
33 38 22 3
19 25 21 4
(408 189)

Arvore 177
0 1 3 3
8 27 3 3
10 28 3 4
23 39 5 4
4 13 6 4
6 41 6 4
10 30 6 4
18 25 6 4
30 44 6 4
34 36 6 4
11 14 10 3
20 25 7 4
14 39 11 3
31 44 11 3
10 40 8 4
12 23 8 4
5 44 9 4
9 34 9 4
12 30 9 4
15 31 6 5
23 29 6 5
3 17 10 4
14 37 10 4
23 36 14 3
5 43 3 6
3 29 8 5
12 22 5 6
13 37 5 6
16 38 13 4
26 41 6 6
18 30 10 5
4 38 14 4
6 23 7 6
7 27 7 6
2 44 11 5
6 32 15 4
7 16 15 4
0 5 19 3
20 42 8 6
24 28 8 6
21 32 16 4
35 39 9 6
33 38 22 3
19 25 21 4
(400 191)

Arvore 178
0 1 3 3
8 27 3 3
10 28 3 4
23 39 5 4
4 13 6 4
6 41 6 4
10 30 6 4
18 25 6 4
30 44 6 4
34 36 6 4
11 14 10 3
20 25 7 4
14 39 11 3
31 44 11 3
10 40 8 4
12 23 8 4
5 44 9 4
9 34 9 4
12 30 9 4
15 31 6 5
23 29 6 5
3 17 10 4
14 37 10 4
30 36 10 4
5 43 3 6
3 29 8 5
12 22 5 6
16 38 13 4
26 41 6 6
18 30 10 5
4 38 14 4
4 39 14 4
6 23 7 6
7 27 7 6
2 44 11 5
6 32 15 4
7 16 15 4
0 5 19 3
20 42 8 6
24 28 8 6
21 32 16 4
35 39 9 6
33 38 22 3
11 19 5 8
(389 194)

Arvore 179
0 1 3 3
8 27 3 3
10 28 3 4
23 39 5 4
4 13 6 4
6 41 6 4
10 30 6 4
18 25 6 4
30 44 6 4
34 36 6 4
11 14 10 3
20 25 7 4
14 39 11 3
31 44 11 3
10 40 8 4
12 23 8 4
5 44 9 4
9 34 9 4
12 30 9 4
15 31 6 5
23 29 6 5
3 17 10 4
14 37 10 4
23 36 14 3
5 43 3 6
3 29 8 5
12 22 5 6
13 37 5 6
16 38 13 4
26 41 6 6
4 38 14 4
6 23 7 6
7 27 7 6
2 44 11 5
6 32 15 4
7 16 15 4
9 18 15 4
0 5 19 3
20 42 8 6
24 28 8 6
21 32 16 4
35 39 9 6
33 38 22 3
19 25 21 4
(405 190)

Arvore 180
0 1 3 3
8 27 3 3
10 28 3 4
23 39 5 4
11 14 10 3
4 13 6 4
6 41 6 4
10 30 6 4
18 25 6 4
30 44 6 4
34 36 6 4
14 39 11 3
31 44 11 3
20 25 7 4
10 40 8 4
12 23 8 4
5 44 9 4
9 34 9 4
12 30 9 4
23 36 14 3
3 17 10 4
14 37 10 4
15 31 6 5
23 29 6 5
5 43 3 6
3 29 8 5
22 43 17 3
16 38 13 4
4 38 14 4
4 39 14 4
18 30 10 5
0 5 19 3
26 41 6 6
6 32 15 4
7 16 15 4
2 44 11 5
6 23 7 6
7 27 7 6
21 32 16 4
20 42 8 6
24 28 8 6
33 38 22 3
35 39 9 6
19 25 21 4
(421 186)

Arvore 181
0 1 3 3
8 27 3 3
10 28 3 4
23 39 5 4
11 14 10 3
4 13 6 4
6 41 6 4
10 30 6 4
18 25 6 4
30 44 6 4
34 36 6 4
14 39 11 3
31 44 11 3
20 25 7 4
10 40 8 4
12 23 8 4
5 44 9 4
9 34 9 4
12 30 9 4
23 36 14 3
3 17 10 4
14 37 10 4
15 31 6 5
23 29 6 5
5 43 3 6
22 43 17 3
12 17 13 4
16 38 13 4
13 37 5 6
4 38 14 4
18 30 10 5
0 5 19 3
26 41 6 6
6 32 15 4
7 16 15 4
2 44 11 5
6 23 7 6
7 27 7 6
21 32 16 4
20 42 8 6
24 28 8 6
33 38 22 3
35 39 9 6
19 25 21 4
(417 187)

Arvore 182
0 1 3 3
8 27 3 3
10 28 3 4
23 39 5 4
11 14 10 3
4 13 6 4
6 41 6 4
10 30 6 4
18 25 6 4
30 44 6 4
34 36 6 4
14 39 11 3
31 44 11 3
20 25 7 4
10 40 8 4
12 23 8 4
5 44 9 4
9 34 9 4
12 30 9 4
23 36 14 3
3 17 10 4
14 37 10 4
15 31 6 5
23 29 6 5
5 43 3 6
3 29 8 5
22 43 17 3
16 38 13 4
13 37 5 6
4 38 14 4
0 5 19 3
26 41 6 6
6 32 15 4
7 16 15 4
9 18 15 4
2 44 11 5
7 27 7 6
21 32 16 4
32 38 16 4
20 42 8 6
24 28 8 6
33 38 22 3
35 39 9 6
19 25 21 4
(426 185)

Arvore 183
0 1 3 3
8 27 3 3
10 28 3 4
23 39 5 4
11 14 10 3
4 13 6 4
6 41 6 4
10 30 6 4
18 25 6 4
30 44 6 4
34 36 6 4
14 39 11 3
31 44 11 3
20 25 7 4
10 40 8 4
12 23 8 4
5 44 9 4
9 34 9 4
12 30 9 4
23 36 14 3
3 17 10 4
14 37 10 4
15 31 6 5
23 29 6 5
5 43 3 6
22 43 17 3
12 17 13 4
16 38 13 4
4 38 14 4
4 39 14 4
0 5 19 3
18 30 10 5
6 32 15 4
7 16 15 4
26 41 6 6
2 44 11 5
21 32 16 4
32 38 16 4
7 27 7 6
20 42 8 6
24 28 8 6
33 38 22 3
35 39 9 6
19 25 21 4
(435 183)

Arvore 184
0 1 3 3
8 27 3 3
10 28 3 4
23 39 5 4
11 14 10 3
4 13 6 4
6 41 6 4
10 30 6 4
18 25 6 4
30 44 6 4
34 36 6 4
14 39 11 3
31 44 11 3
20 25 7 4
10 40 8 4
12 23 8 4
5 44 9 4
9 34 9 4
12 30 9 4
23 36 14 3
3 17 10 4
14 37 10 4
15 31 6 5
23 29 6 5
5 43 3 6
22 43 17 3
3 29 8 5
16 38 13 4
4 38 14 4
13 37 5 6
0 5 19 3
6 32 15 4
7 16 15 4
9 18 15 4
26 41 6 6
2 44 11 5
21 32 16 4
32 38 16 4
1 8 21 3
20 42 8 6
24 28 8 6
33 38 22 3
35 39 9 6
19 25 21 4
(440 182)

Arvore 185
0 1 3 3
8 27 3 3
10 28 3 4
23 39 5 4
11 14 10 3
4 13 6 4
6 41 6 4
10 30 6 4
18 25 6 4
30 44 6 4
34 36 6 4
14 39 11 3
31 44 11 3
20 25 7 4
10 40 8 4
12 23 8 4
5 44 9 4
9 34 9 4
12 30 9 4
23 36 14 3
3 17 10 4
14 37 10 4
15 31 6 5
23 29 6 5
22 43 17 3
5 43 3 6
12 17 13 4
16 38 13 4
4 38 14 4
4 39 14 4
0 5 19 3
18 30 10 5
6 32 15 4
7 16 15 4
26 41 6 6
2 44 11 5
21 32 16 4
32 38 16 4
1 8 21 3
33 38 22 3
20 42 8 6
24 28 8 6
35 39 9 6
19 25 21 4
(449 180)

Arvore 186
0 1 3 3
8 27 3 3
11 14 10 3
10 28 3 4
14 39 11 3
31 44 11 3
23 39 5 4
4 13 6 4
6 41 6 4
10 30 6 4
18 25 6 4
30 44 6 4
34 36 6 4
23 36 14 3
20 25 7 4
10 40 8 4
12 23 8 4
5 44 9 4
9 34 9 4
12 30 9 4
22 43 17 3
3 17 10 4
14 37 10 4
0 5 19 3
12 17 13 4
16 38 13 4
1 8 21 3
15 31 6 5
23 29 6 5
4 39 14 4
30 38 22 3
33 38 22 3
6 32 15 4
7 16 15 4
9 18 15 4
14 41 23 3
21 32 16 4
5 43 3 6
2 44 11 5
19 25 21 4
26 41 6 6
20 42 8 6
24 28 8 6
35 39 9 6
(469 177)

Arvore 187
0 1 3 3
8 27 3 3
11 14 10 3
14 39 11 3
31 44 11 3
10 28 3 4
23 39 5 4
23 36 14 3
4 13 6 4
6 41 6 4
10 30 6 4
18 25 6 4
30 44 6 4
34 36 6 4
20 25 7 4
10 40 8 4
12 23 8 4
22 43 17 3
5 44 9 4
9 34 9 4
12 30 9 4
3 17 10 4
14 37 10 4
0 5 19 3
1 8 21 3
12 17 13 4
16 38 13 4
30 38 22 3
33 38 22 3
4 38 14 4
23 29 6 5
14 41 23 3
6 32 15 4
7 16 15 4
9 18 15 4
15 44 15 4
21 32 16 4
2 44 11 5
5 43 3 6
19 25 21 4
26 41 6 6
39 42 16 5
24 28 8 6
35 39 9 6
(486 175)

Arvore 188
0 1 3 3
8 27 3 3
11 14 10 3
14 39 11 3
31 44 11 3
10 28 3 4
23 39 5 4
23 36 14 3
4 13 6 4
6 41 6 4
10 30 6 4
18 25 6 4
30 44 6 4
34 36 6 4
20 25 7 4
10 40 8 4
12 23 8 4
22 43 17 3
5 44 9 4
9 34 9 4
12 30 9 4
3 17 10 4
14 37 10 4
0 5 19 3
1 8 21 3
12 17 13 4
16 38 13 4
30 38 22 3
33 38 22 3
4 38 14 4
14 41 23 3
15 23 23 3
23 29 6 5
6 32 15 4
9 18 15 4
7 12 24 3
21 32 16 4
2 44 11 5
5 43 3 6
19 25 21 4
26 41 6 6
39 42 16 5
24 28 8 6
35 39 9 6
(503 173)

Arvore 189
0 1 3 3
8 27 3 3
11 14 10 3
14 39 11 3
31 44 11 3
23 36 14 3
22 43 17 3
10 28 3 4
0 5 19 3
23 39 5 4
4 13 6 4
6 41 6 4
10 30 6 4
18 25 6 4
30 44 6 4
34 36 6 4
1 8 21 3
20 25 7 4
30 38 22 3
33 38 22 3
10 40 8 4
12 23 8 4
14 41 23 3
15 23 23 3
9 34 9 4
12 30 9 4
7 12 24 3
8 34 24 3
3 17 10 4
14 37 10 4
12 17 13 4
16 38 13 4
4 38 14 4
6 32 15 4
9 18 15 4
21 32 16 4
18 29 18 4
19 25 21 4
5 42 25 4
2 44 11 5
18 26 17 5
5 43 3 6
20 35 22 5
24 28 8 6
(563 168)

Arvore 190
0 1 3 3
8 27 3 3
11 14 10 3
14 39 11 3
31 44 11 3
23 36 14 3
22 43 17 3
0 5 19 3
10 28 3 4
1 8 21 3
30 38 22 3
33 38 22 3
23 39 5 4
14 41 23 3
15 23 23 3
4 13 6 4
6 41 6 4
10 30 6 4
18 25 6 4
30 44 6 4
34 36 6 4
7 12 24 3
8 34 24 3
20 25 7 4
10 40 8 4
12 23 8 4
9 34 9 4
12 30 9 4
3 17 10 4
14 37 10 4
17 33 28 3
4 44 30 3
16 38 13 4
6 32 15 4
9 18 15 4
21 32 16 4
18 29 18 4
19 25 21 4
5 42 25 4
2 44 11 5
18 26 17 5
17 43 21 5
20 35 22 5
24 28 8 6
(612 165)

Arvore 191
0 1 3 3
8 27 3 3
11 14 10 3
14 39 11 3
31 44 11 3
23 36 14 3
22 43 17 3
0 5 19 3
10 28 3 4
1 8 21 3
30 38 22 3
33 38 22 3
23 39 5 4
14 41 23 3
15 23 23 3
4 13 6 4
6 41 6 4
10 30 6 4
18 25 6 4
30 44 6 4
34 36 6 4
7 12 24 3
8 34 24 3
20 25 7 4
10 40 8 4
12 23 8 4
9 34 9 4
12 30 9 4
3 17 10 4
14 37 10 4
17 33 28 3
16 38 13 4
4 38 14 4
6 32 15 4
9 18 15 4
21 32 16 4
18 29 18 4
19 25 21 4
5 42 25 4
1 2 97 0
18 26 17 5
5 43 3 6
20 35 22 5
24 28 8 6
(664 162)

Arvore 192
0 1 3 3
8 27 3 3
11 14 10 3
14 39 11 3
31 44 11 3
23 36 14 3
22 43 17 3
0 5 19 3
10 28 3 4
1 8 21 3
30 38 22 3
33 38 22 3
23 39 5 4
14 41 23 3
15 23 23 3
4 13 6 4
6 41 6 4
10 30 6 4
18 25 6 4
30 44 6 4
34 36 6 4
7 12 24 3
8 34 24 3
20 25 7 4
10 40 8 4
12 23 8 4
9 34 9 4
12 30 9 4
3 17 10 4
14 37 10 4
12 17 13 4
16 38 13 4
4 38 14 4
6 32 15 4
9 18 15 4
21 32 16 4
18 29 18 4
19 25 21 4
5 42 25 4
1 2 97 0
18 26 17 5
5 43 3 6
20 35 22 5
24 28 8 6
(649 163)

Arvore 193
0 1 3 3
8 27 3 3
11 14 10 3
14 39 11 3
31 44 11 3
23 36 14 3
22 43 17 3
0 5 19 3
10 28 3 4
1 8 21 3
30 38 22 3
33 38 22 3
23 39 5 4
14 41 23 3
15 23 23 3
4 13 6 4
6 41 6 4
10 30 6 4
18 25 6 4
30 44 6 4
34 36 6 4
7 12 24 3
20 25 7 4
10 40 8 4
12 23 8 4
5 44 9 4
9 34 9 4
12 30 9 4
3 17 10 4
14 37 10 4
12 17 13 4
16 38 13 4
4 38 14 4
6 32 15 4
9 18 15 4
21 32 16 4
18 29 18 4
19 25 21 4
5 42 25 4
1 2 97 0
18 26 17 5
5 43 3 6
20 35 22 5
24 28 8 6
(634 164)

