Fim da primeira fase ... 
0
Fim da segunda fase ... 
17276
172.76
Total: 172.76
Suportadas = 27
Nao suportadas = 87
TOTAL DE SOLUCOES = 114

SUPORTADAS: 

Arvore 1
0 2 0 98
0 1 2 2
1 14 2 2
10 42 2 2
13 19 2 2
14 24 2 2
1 18 2 3
14 34 2 3
17 33 2 3
18 42 2 3
20 46 2 3
35 44 2 3
1 46 2 4
5 28 2 4
8 25 2 4
14 43 2 4
9 30 2 5
13 35 2 5
18 36 2 5
42 47 2 5
7 19 2 6
0 11 2 7
12 32 2 7
30 45 2 7
33 41 2 7
37 46 2 8
7 31 2 9
0 15 2 10
9 19 2 10
3 32 2 11
26 34 2 11
35 47 2 11
4 23 2 12
22 31 2 12
32 37 2 12
4 20 2 13
28 43 2 13
17 21 2 14
23 25 2 14
30 40 2 14
3 29 2 15
34 39 3 2
1 16 3 3
9 21 3 4
17 38 3 5
6 12 3 6
27 47 3 6
(98 411)

Arvore 2
0 1 2 2
1 14 2 2
10 42 2 2
13 19 2 2
14 24 2 2
1 18 2 3
14 34 2 3
17 33 2 3
18 42 2 3
20 46 2 3
35 44 2 3
1 46 2 4
5 28 2 4
8 25 2 4
14 43 2 4
2 24 2 5
9 30 2 5
13 35 2 5
18 36 2 5
42 47 2 5
7 19 2 6
0 11 2 7
12 32 2 7
30 45 2 7
33 41 2 7
37 46 2 8
7 31 2 9
0 15 2 10
9 19 2 10
3 32 2 11
26 34 2 11
35 47 2 11
4 23 2 12
22 31 2 12
32 37 2 12
4 20 2 13
28 43 2 13
17 21 2 14
23 25 2 14
30 40 2 14
3 29 2 15
34 39 3 2
1 16 3 3
9 21 3 4
17 38 3 5
6 12 3 6
27 47 3 6
(100 318)

Arvore 3
0 1 2 2
1 14 2 2
10 42 2 2
13 19 2 2
14 24 2 2
1 18 2 3
14 34 2 3
17 33 2 3
18 42 2 3
20 46 2 3
35 44 2 3
1 46 2 4
5 28 2 4
8 25 2 4
14 43 2 4
2 24 2 5
9 30 2 5
13 35 2 5
18 36 2 5
42 47 2 5
7 19 2 6
0 11 2 7
12 32 2 7
30 45 2 7
33 41 2 7
37 46 2 8
7 31 2 9
0 15 2 10
9 19 2 10
3 32 2 11
26 34 2 11
35 47 2 11
34 39 3 2
4 23 2 12
22 31 2 12
32 37 2 12
1 16 3 3
4 46 3 3
10 28 3 3
9 21 3 4
17 21 2 14
23 25 2 14
30 40 2 14
17 38 3 5
3 29 2 15
6 12 3 6
27 47 3 6
(102 298)

Arvore 4
0 1 2 2
1 14 2 2
10 42 2 2
13 19 2 2
14 24 2 2
1 18 2 3
14 34 2 3
17 33 2 3
18 42 2 3
20 46 2 3
35 44 2 3
1 46 2 4
5 28 2 4
8 25 2 4
14 43 2 4
2 24 2 5
9 30 2 5
13 35 2 5
18 36 2 5
42 47 2 5
7 19 2 6
0 11 2 7
12 32 2 7
30 45 2 7
33 41 2 7
37 46 2 8
7 31 2 9
0 15 2 10
9 19 2 10
34 39 3 2
3 32 2 11
26 34 2 11
35 47 2 11
1 16 3 3
4 46 3 3
10 28 3 3
4 23 2 12
22 31 2 12
32 37 2 12
9 21 3 4
17 38 3 5
21 41 3 5
23 25 2 14
30 40 2 14
6 12 3 6
27 47 3 6
3 29 2 15
(103 289)

Arvore 5
0 1 2 2
1 14 2 2
10 42 2 2
13 19 2 2
14 24 2 2
1 18 2 3
14 34 2 3
17 33 2 3
18 42 2 3
20 46 2 3
35 44 2 3
1 46 2 4
5 28 2 4
8 25 2 4
14 43 2 4
2 24 2 5
9 30 2 5
13 35 2 5
18 36 2 5
42 47 2 5
7 19 2 6
0 11 2 7
12 32 2 7
30 45 2 7
33 41 2 7
37 46 2 8
7 31 2 9
34 39 3 2
0 15 2 10
9 19 2 10
0 7 3 3
1 16 3 3
4 46 3 3
10 28 3 3
3 32 2 11
26 34 2 11
9 21 3 4
4 23 2 12
22 31 2 12
32 37 2 12
17 38 3 5
21 41 3 5
6 12 3 6
25 42 3 6
27 47 3 6
30 40 2 14
3 29 2 15
(105 273)

Arvore 6
0 1 2 2
1 14 2 2
10 42 2 2
13 19 2 2
14 24 2 2
1 18 2 3
14 34 2 3
17 33 2 3
18 42 2 3
20 46 2 3
35 44 2 3
1 46 2 4
5 28 2 4
8 25 2 4
14 43 2 4
2 24 2 5
9 30 2 5
13 35 2 5
18 36 2 5
42 47 2 5
7 19 2 6
0 11 2 7
12 32 2 7
30 45 2 7
33 41 2 7
37 46 2 8
34 39 3 2
7 31 2 9
0 7 3 3
1 16 3 3
4 46 3 3
10 28 3 3
0 15 2 10
9 19 2 10
9 21 3 4
3 32 2 11
26 34 2 11
3 39 3 5
17 38 3 5
21 41 3 5
22 41 3 5
4 23 2 12
6 12 3 6
25 42 3 6
27 47 3 6
30 40 2 14
3 29 2 15
(107 259)

Arvore 7
0 1 2 2
1 14 2 2
10 42 2 2
13 19 2 2
14 24 2 2
1 18 2 3
14 34 2 3
17 33 2 3
18 42 2 3
20 46 2 3
35 44 2 3
1 46 2 4
5 28 2 4
8 25 2 4
14 43 2 4
2 24 2 5
9 30 2 5
13 35 2 5
18 36 2 5
42 47 2 5
7 19 2 6
0 11 2 7
12 32 2 7
30 45 2 7
33 41 2 7
34 39 3 2
37 46 2 8
0 7 3 3
1 16 3 3
4 46 3 3
10 28 3 3
7 31 2 9
9 21 3 4
21 37 3 4
0 15 2 10
3 39 3 5
17 38 3 5
21 41 3 5
22 41 3 5
3 32 2 11
26 34 2 11
6 12 3 6
25 42 3 6
27 47 3 6
4 23 2 12
20 40 4 2
29 45 4 3
(112 229)

Arvore 8
0 1 2 2
1 14 2 2
10 42 2 2
13 19 2 2
14 24 2 2
1 18 2 3
14 34 2 3
17 33 2 3
18 42 2 3
20 46 2 3
35 44 2 3
1 46 2 4
5 28 2 4
8 25 2 4
14 43 2 4
2 24 2 5
9 30 2 5
13 35 2 5
18 36 2 5
42 47 2 5
7 19 2 6
34 39 3 2
0 11 2 7
12 32 2 7
30 45 2 7
33 41 2 7
0 7 3 3
1 16 3 3
4 46 3 3
10 28 3 3
37 46 2 8
9 21 3 4
21 37 3 4
7 31 2 9
3 39 3 5
17 38 3 5
21 41 3 5
22 41 3 5
0 15 2 10
6 12 3 6
25 42 3 6
27 47 3 6
32 47 3 6
26 34 2 11
20 40 4 2
4 23 2 12
29 45 4 3
(113 224)

Arvore 9
0 1 2 2
1 14 2 2
10 42 2 2
13 19 2 2
14 24 2 2
1 18 2 3
14 34 2 3
17 33 2 3
18 42 2 3
20 46 2 3
35 44 2 3
1 46 2 4
5 28 2 4
8 25 2 4
14 43 2 4
2 24 2 5
9 30 2 5
13 35 2 5
18 36 2 5
42 47 2 5
34 39 3 2
7 19 2 6
0 7 3 3
1 16 3 3
4 46 3 3
10 28 3 3
0 11 2 7
12 32 2 7
30 45 2 7
33 41 2 7
9 21 3 4
21 37 3 4
21 43 3 4
3 39 3 5
17 38 3 5
21 41 3 5
22 41 3 5
7 31 2 9
2 32 4 2
8 34 4 2
19 27 4 2
20 40 4 2
6 12 3 6
0 15 2 10
29 45 4 3
26 36 3 7
4 23 2 12
(118 204)

Arvore 10
0 1 2 2
1 14 2 2
10 42 2 2
13 19 2 2
14 24 2 2
1 18 2 3
14 34 2 3
17 33 2 3
18 42 2 3
20 46 2 3
35 44 2 3
1 46 2 4
5 28 2 4
8 25 2 4
14 43 2 4
2 24 2 5
9 30 2 5
13 35 2 5
18 36 2 5
42 47 2 5
34 39 3 2
7 19 2 6
0 7 3 3
1 16 3 3
4 46 3 3
10 28 3 3
0 11 2 7
12 32 2 7
30 45 2 7
33 41 2 7
9 21 3 4
21 37 3 4
21 43 3 4
3 39 3 5
17 38 3 5
21 41 3 5
22 41 3 5
2 32 4 2
8 34 4 2
19 27 4 2
20 40 4 2
31 38 4 2
6 12 3 6
29 45 4 3
0 15 2 10
26 36 3 7
23 40 4 5
(122 190)

Arvore 11
0 1 2 2
1 14 2 2
10 42 2 2
13 19 2 2
14 24 2 2
1 18 2 3
14 34 2 3
17 33 2 3
18 42 2 3
20 46 2 3
35 44 2 3
1 46 2 4
5 28 2 4
8 25 2 4
14 43 2 4
34 39 3 2
2 24 2 5
9 30 2 5
13 35 2 5
18 36 2 5
42 47 2 5
0 7 3 3
1 16 3 3
4 46 3 3
10 28 3 3
7 19 2 6
9 21 3 4
11 14 3 4
21 37 3 4
21 43 3 4
2 32 4 2
8 34 4 2
19 27 4 2
20 40 4 2
31 38 4 2
12 32 2 7
30 45 2 7
33 41 2 7
3 39 3 5
17 38 3 5
21 41 3 5
22 41 3 5
29 45 4 3
6 12 3 6
8 26 4 4
23 40 4 5
0 15 2 10
(124 184)

Arvore 12
0 1 2 2
1 14 2 2
10 42 2 2
13 19 2 2
14 24 2 2
1 18 2 3
14 34 2 3
17 33 2 3
18 42 2 3
20 46 2 3
35 44 2 3
34 39 3 2
1 46 2 4
5 28 2 4
8 25 2 4
14 43 2 4
0 7 3 3
1 16 3 3
4 46 3 3
10 28 3 3
2 24 2 5
9 30 2 5
13 35 2 5
18 36 2 5
42 47 2 5
2 32 4 2
8 34 4 2
19 27 4 2
20 40 4 2
31 38 4 2
9 21 3 4
11 14 3 4
21 37 3 4
21 43 3 4
7 19 2 6
3 5 4 3
29 45 4 3
17 38 3 5
21 41 3 5
22 41 3 5
12 32 2 7
30 45 2 7
33 41 2 7
8 26 4 4
6 12 3 6
23 40 4 5
15 44 4 6
(127 178)

Arvore 13
0 1 2 2
1 14 2 2
10 42 2 2
13 19 2 2
14 24 2 2
1 18 2 3
14 34 2 3
17 33 2 3
18 42 2 3
20 46 2 3
35 44 2 3
34 39 3 2
1 46 2 4
5 28 2 4
8 25 2 4
14 43 2 4
0 7 3 3
1 16 3 3
4 46 3 3
10 28 3 3
2 32 4 2
8 34 4 2
19 27 4 2
20 40 4 2
31 38 4 2
2 24 2 5
9 30 2 5
13 35 2 5
18 36 2 5
42 47 2 5
9 21 3 4
11 14 3 4
21 37 3 4
21 43 3 4
3 5 4 3
3 19 4 3
29 45 4 3
17 38 3 5
21 41 3 5
22 41 3 5
8 26 4 4
17 26 4 4
26 29 4 4
12 32 2 7
6 12 3 6
23 40 4 5
15 33 6 3
(135 166)

Arvore 14
0 1 2 2
1 14 2 2
10 42 2 2
13 19 2 2
14 24 2 2
1 18 2 3
14 34 2 3
17 33 2 3
18 42 2 3
20 46 2 3
35 44 2 3
34 39 3 2
1 46 2 4
5 28 2 4
8 25 2 4
14 43 2 4
0 7 3 3
1 16 3 3
4 46 3 3
10 28 3 3
2 32 4 2
8 34 4 2
19 27 4 2
20 40 4 2
31 38 4 2
2 24 2 5
9 30 2 5
13 35 2 5
18 36 2 5
42 47 2 5
9 21 3 4
11 14 3 4
21 37 3 4
21 43 3 4
3 5 4 3
3 19 4 3
29 45 4 3
17 38 3 5
21 41 3 5
22 41 3 5
8 26 4 4
17 26 4 4
26 29 4 4
7 12 6 2
6 12 3 6
23 40 4 5
15 33 6 3
(139 161)

Arvore 15
0 1 2 2
1 14 2 2
10 42 2 2
13 19 2 2
14 24 2 2
34 39 3 2
1 18 2 3
14 34 2 3
17 33 2 3
18 42 2 3
20 46 2 3
35 44 2 3
2 32 4 2
4 24 4 2
4 43 4 2
8 34 4 2
19 27 4 2
20 40 4 2
31 38 4 2
0 7 3 3
1 16 3 3
4 46 3 3
10 28 3 3
5 28 2 4
8 25 2 4
36 44 5 2
3 5 4 3
3 19 4 3
29 45 4 3
32 42 4 3
9 21 3 4
11 14 3 4
21 37 3 4
21 43 3 4
43 47 3 4
9 30 2 5
13 35 2 5
7 12 6 2
22 32 6 2
0 17 5 3
31 46 5 3
8 26 4 4
26 29 4 4
21 41 3 5
15 33 6 3
23 40 4 5
6 12 3 6
(155 145)

Arvore 16
0 1 2 2
1 14 2 2
10 42 2 2
13 19 2 2
14 24 2 2
34 39 3 2
1 18 2 3
14 34 2 3
17 33 2 3
18 42 2 3
20 46 2 3
35 44 2 3
2 32 4 2
4 24 4 2
4 43 4 2
8 34 4 2
19 27 4 2
20 40 4 2
31 38 4 2
0 7 3 3
1 16 3 3
4 46 3 3
10 28 3 3
36 44 5 2
5 28 2 4
8 25 2 4
3 5 4 3
3 19 4 3
29 45 4 3
32 42 4 3
7 12 6 2
22 32 6 2
9 21 3 4
11 14 3 4
21 37 3 4
21 43 3 4
43 47 3 4
0 17 5 3
31 46 5 3
9 30 2 5
13 35 2 5
27 29 7 2
8 26 4 4
15 33 6 3
26 41 6 3
23 29 7 3
6 36 9 2
(170 135)

Arvore 17
0 1 2 2
1 14 2 2
10 42 2 2
13 19 2 2
14 24 2 2
34 39 3 2
2 32 4 2
4 24 4 2
4 43 4 2
8 34 4 2
19 27 4 2
20 40 4 2
31 38 4 2
34 43 4 2
1 18 2 3
17 33 2 3
18 42 2 3
20 46 2 3
35 44 2 3
36 44 5 2
0 7 3 3
1 16 3 3
4 46 3 3
10 28 3 3
7 12 6 2
22 32 6 2
0 25 4 3
3 5 4 3
3 19 4 3
29 45 4 3
32 42 4 3
5 28 2 4
3 33 7 2
27 29 7 2
31 46 5 3
9 21 3 4
11 14 3 4
21 37 3 4
21 43 3 4
43 47 3 4
16 41 8 2
15 33 6 3
26 32 6 3
9 30 2 5
13 35 2 5
6 36 9 2
23 29 7 3
(180 130)

Arvore 18
0 1 2 2
1 14 2 2
10 42 2 2
13 19 2 2
14 24 2 2
34 39 3 2
2 32 4 2
4 24 4 2
4 43 4 2
8 34 4 2
19 27 4 2
20 40 4 2
31 38 4 2
34 43 4 2
1 18 2 3
17 33 2 3
18 42 2 3
20 46 2 3
35 44 2 3
36 44 5 2
0 7 3 3
1 16 3 3
4 46 3 3
10 28 3 3
7 12 6 2
22 32 6 2
0 25 4 3
3 5 4 3
3 19 4 3
29 45 4 3
32 42 4 3
5 28 2 4
3 33 7 2
27 29 7 2
31 46 5 3
9 21 3 4
11 14 3 4
21 37 3 4
21 43 3 4
43 47 3 4
16 41 8 2
15 33 6 3
26 32 6 3
6 36 9 2
6 41 9 2
12 30 9 2
23 29 7 3
(194 124)

Arvore 19
0 1 2 2
1 14 2 2
10 42 2 2
13 19 2 2
14 24 2 2
34 39 3 2
2 32 4 2
4 24 4 2
4 43 4 2
8 34 4 2
19 27 4 2
20 40 4 2
31 38 4 2
34 43 4 2
36 44 5 2
1 18 2 3
17 33 2 3
18 42 2 3
20 46 2 3
35 44 2 3
7 12 6 2
22 32 6 2
0 7 3 3
1 16 3 3
4 46 3 3
10 28 3 3
3 33 7 2
27 29 7 2
0 25 4 3
3 5 4 3
3 19 4 3
29 45 4 3
32 42 4 3
16 41 8 2
0 17 5 3
31 46 5 3
6 36 9 2
6 41 9 2
12 30 9 2
15 31 9 2
26 32 6 3
9 21 3 4
11 14 3 4
21 37 3 4
21 43 3 4
43 47 3 4
23 29 7 3
(200 122)

Arvore 20
0 1 2 2
1 14 2 2
10 42 2 2
13 19 2 2
14 24 2 2
34 39 3 2
2 32 4 2
4 24 4 2
4 43 4 2
8 34 4 2
19 27 4 2
20 40 4 2
31 38 4 2
34 43 4 2
36 44 5 2
7 12 6 2
22 32 6 2
1 18 2 3
17 33 2 3
18 42 2 3
20 46 2 3
35 44 2 3
3 33 7 2
27 29 7 2
0 7 3 3
1 16 3 3
4 46 3 3
10 28 3 3
16 41 8 2
0 25 4 3
3 5 4 3
3 19 4 3
29 45 4 3
32 42 4 3
6 36 9 2
6 41 9 2
12 30 9 2
15 31 9 2
0 17 5 3
31 46 5 3
26 32 6 3
11 21 7 3
23 29 7 3
9 21 3 4
11 14 3 4
21 37 3 4
43 47 3 4
(204 121)

Arvore 21
0 1 2 2
1 14 2 2
10 42 2 2
13 19 2 2
14 24 2 2
34 39 3 2
2 32 4 2
4 24 4 2
4 43 4 2
8 34 4 2
19 27 4 2
20 40 4 2
31 38 4 2
34 43 4 2
36 44 5 2
7 12 6 2
22 32 6 2
1 18 2 3
17 33 2 3
18 42 2 3
20 46 2 3
35 44 2 3
3 33 7 2
27 29 7 2
0 7 3 3
1 16 3 3
4 46 3 3
10 28 3 3
16 41 8 2
0 25 4 3
3 5 4 3
3 19 4 3
29 45 4 3
32 42 4 3
6 36 9 2
6 41 9 2
12 30 9 2
15 31 9 2
0 17 5 3
31 46 5 3
26 32 6 3
11 21 7 3
23 29 7 3
9 24 12 2
26 37 12 2
40 47 12 2
9 21 3 4
(231 115)

Arvore 22
0 1 2 2
1 14 2 2
10 42 2 2
13 19 2 2
14 24 2 2
34 39 3 2
2 32 4 2
4 24 4 2
4 43 4 2
8 34 4 2
19 27 4 2
20 40 4 2
31 38 4 2
34 43 4 2
36 44 5 2
7 12 6 2
22 32 6 2
3 33 7 2
27 29 7 2
7 10 8 2
16 41 8 2
1 18 2 3
17 33 2 3
18 42 2 3
20 46 2 3
35 44 2 3
6 36 9 2
6 41 9 2
12 30 9 2
15 31 9 2
1 16 3 3
4 46 3 3
10 28 3 3
1 15 10 2
6 33 10 2
0 25 4 3
3 5 4 3
3 19 4 3
29 45 4 3
32 42 4 3
9 24 12 2
26 37 12 2
40 47 12 2
26 32 6 3
11 21 7 3
23 29 7 3
11 32 8 3
(251 111)

Arvore 23
0 1 2 2
1 14 2 2
10 42 2 2
13 19 2 2
14 24 2 2
34 39 3 2
2 32 4 2
4 24 4 2
4 43 4 2
8 34 4 2
19 27 4 2
20 40 4 2
31 38 4 2
34 43 4 2
36 44 5 2
7 12 6 2
22 32 6 2
3 33 7 2
27 29 7 2
7 10 8 2
16 41 8 2
6 36 9 2
6 41 9 2
12 30 9 2
15 31 9 2
1 18 2 3
17 33 2 3
18 42 2 3
20 46 2 3
35 44 2 3
1 15 10 2
6 33 10 2
7 41 10 2
4 46 3 3
10 28 3 3
0 25 4 3
3 5 4 3
3 19 4 3
29 45 4 3
32 42 4 3
9 24 12 2
26 37 12 2
40 47 12 2
19 26 13 2
11 21 7 3
23 29 7 3
11 32 8 3
(265 109)

Arvore 24
0 1 2 2
1 14 2 2
10 42 2 2
13 19 2 2
14 24 2 2
34 39 3 2
2 32 4 2
4 24 4 2
4 43 4 2
8 34 4 2
19 27 4 2
20 40 4 2
31 38 4 2
34 43 4 2
36 44 5 2
7 12 6 2
22 32 6 2
3 33 7 2
27 29 7 2
7 10 8 2
16 41 8 2
6 36 9 2
6 41 9 2
12 30 9 2
15 31 9 2
1 15 10 2
6 33 10 2
7 24 10 2
7 41 10 2
1 18 2 3
17 33 2 3
20 46 2 3
35 44 2 3
18 20 11 2
10 28 3 3
2 35 12 2
9 24 12 2
26 37 12 2
40 47 12 2
0 25 4 3
3 5 4 3
3 19 4 3
29 45 4 3
19 26 13 2
11 21 7 3
23 29 7 3
11 32 8 3
(289 106)

Arvore 25
0 1 2 2
1 14 2 2
10 42 2 2
13 19 2 2
14 24 2 2
34 39 3 2
2 32 4 2
4 24 4 2
4 43 4 2
8 34 4 2
19 27 4 2
20 40 4 2
31 38 4 2
34 43 4 2
36 44 5 2
7 12 6 2
22 32 6 2
3 33 7 2
27 29 7 2
7 10 8 2
16 41 8 2
6 36 9 2
6 41 9 2
12 30 9 2
15 31 9 2
1 15 10 2
6 33 10 2
7 24 10 2
7 41 10 2
18 20 11 2
2 35 12 2
9 24 12 2
26 37 12 2
32 40 12 2
32 41 12 2
40 47 12 2
17 33 2 3
20 46 2 3
19 26 13 2
10 28 3 3
0 25 4 3
3 5 4 3
3 19 4 3
29 45 4 3
11 21 7 3
23 29 7 3
11 32 8 3
(309 104)

Arvore 26
0 1 2 2
1 14 2 2
10 42 2 2
13 19 2 2
14 24 2 2
34 39 3 2
2 32 4 2
4 24 4 2
4 43 4 2
8 34 4 2
19 27 4 2
20 40 4 2
31 38 4 2
34 43 4 2
36 44 5 2
7 12 6 2
22 32 6 2
3 33 7 2
27 29 7 2
7 10 8 2
16 41 8 2
6 36 9 2
6 41 9 2
12 30 9 2
15 31 9 2
1 15 10 2
6 33 10 2
7 24 10 2
7 41 10 2
18 20 11 2
2 35 12 2
9 24 12 2
26 37 12 2
32 40 12 2
32 41 12 2
40 47 12 2
19 26 13 2
26 46 15 2
17 33 2 3
20 46 2 3
10 28 3 3
0 25 4 3
3 5 4 3
29 45 4 3
11 21 7 3
23 29 7 3
11 32 8 3
(320 103)

Arvore 27
1 2 98 0
0 1 2 2
1 14 2 2
10 42 2 2
13 19 2 2
14 24 2 2
34 39 3 2
2 32 4 2
4 24 4 2
4 43 4 2
8 34 4 2
19 27 4 2
20 40 4 2
31 38 4 2
34 43 4 2
36 44 5 2
7 12 6 2
22 32 6 2
3 33 7 2
27 29 7 2
7 10 8 2
16 41 8 2
6 36 9 2
6 41 9 2
12 30 9 2
15 31 9 2
1 15 10 2
6 33 10 2
7 24 10 2
7 41 10 2
18 20 11 2
2 35 12 2
9 24 12 2
26 37 12 2
32 40 12 2
40 47 12 2
19 26 13 2
26 46 15 2
17 33 2 3
20 46 2 3
10 28 3 3
0 25 4 3
3 5 4 3
29 45 4 3
11 21 7 3
23 29 7 3
11 32 8 3
(406 101)


NAO SUPORTADAS: 
Arvore 28
0 1 2 2
1 14 2 2
10 42 2 2
13 19 2 2
14 24 2 2
1 18 2 3
14 34 2 3
17 33 2 3
20 46 2 3
35 44 2 3
1 46 2 4
5 28 2 4
8 25 2 4
14 43 2 4
9 30 2 5
13 35 2 5
18 36 2 5
42 47 2 5
0 2 0 98
7 19 2 6
0 11 2 7
12 32 2 7
30 45 2 7
33 41 2 7
0 42 2 8
37 46 2 8
7 31 2 9
0 15 2 10
3 32 2 11
26 34 2 11
35 47 2 11
4 23 2 12
22 35 2 12
4 20 2 13
31 32 2 13
32 45 2 13
17 21 2 14
23 25 2 14
30 40 2 14
3 29 2 15
34 39 3 2
1 16 3 3
10 28 3 3
9 21 3 4
17 38 3 5
6 12 3 6
27 47 3 6
(99 410)

Arvore 29
0 1 2 2
1 14 2 2
10 42 2 2
13 19 2 2
14 24 2 2
1 18 2 3
14 34 2 3
17 33 2 3
18 42 2 3
20 46 2 3
35 44 2 3
1 46 2 4
5 28 2 4
8 25 2 4
14 43 2 4
9 30 2 5
13 35 2 5
18 36 2 5
42 47 2 5
0 2 0 98
7 19 2 6
12 32 2 7
30 45 2 7
33 41 2 7
37 46 2 8
7 31 2 9
0 15 2 10
9 19 2 10
11 47 2 10
26 34 2 11
35 47 2 11
4 23 2 12
22 35 2 12
4 20 2 13
31 32 2 13
17 21 2 14
23 25 2 14
30 40 2 14
3 29 2 15
29 36 2 15
34 39 3 2
1 16 3 3
10 28 3 3
9 21 3 4
17 38 3 5
6 12 3 6
27 47 3 6
(99 409)

Arvore 30
0 1 2 2
1 14 2 2
10 42 2 2
13 19 2 2
14 24 2 2
1 18 2 3
14 34 2 3
17 33 2 3
18 42 2 3
20 46 2 3
35 44 2 3
1 46 2 4
5 28 2 4
8 25 2 4
14 43 2 4
9 30 2 5
13 35 2 5
18 36 2 5
42 47 2 5
0 2 0 98
7 19 2 6
0 11 2 7
12 32 2 7
30 45 2 7
33 41 2 7
37 46 2 8
0 15 2 10
9 19 2 10
26 34 2 11
35 47 2 11
4 23 2 12
22 31 2 12
22 35 2 12
32 37 2 12
4 20 2 13
28 43 2 13
17 21 2 14
23 25 2 14
30 40 2 14
29 36 2 15
34 39 3 2
1 16 3 3
9 21 3 4
3 39 3 5
17 38 3 5
6 12 3 6
27 47 3 6
(99 408)

Arvore 31
0 1 2 2
1 14 2 2
10 42 2 2
13 19 2 2
14 24 2 2
14 34 2 3
17 33 2 3
18 42 2 3
20 46 2 3
35 44 2 3
1 46 2 4
5 28 2 4
8 25 2 4
14 43 2 4
9 30 2 5
13 35 2 5
18 36 2 5
42 47 2 5
0 2 0 98
7 19 2 6
0 11 2 7
12 32 2 7
30 45 2 7
33 41 2 7
0 42 2 8
37 46 2 8
7 31 2 9
0 15 2 10
9 19 2 10
3 32 2 11
26 34 2 11
35 47 2 11
4 23 2 12
22 35 2 12
32 37 2 12
4 20 2 13
17 21 2 14
23 25 2 14
30 40 2 14
3 29 2 15
34 39 3 2
1 16 3 3
10 28 3 3
9 21 3 4
17 38 3 5
6 12 3 6
27 47 3 6
(99 406)

Arvore 32
0 1 2 2
1 14 2 2
10 42 2 2
13 19 2 2
14 24 2 2
1 18 2 3
14 34 2 3
17 33 2 3
18 42 2 3
20 46 2 3
35 44 2 3
1 46 2 4
5 28 2 4
8 25 2 4
14 43 2 4
9 30 2 5
13 35 2 5
18 36 2 5
42 47 2 5
0 2 0 98
7 19 2 6
12 32 2 7
30 45 2 7
33 41 2 7
37 46 2 8
7 31 2 9
0 15 2 10
9 19 2 10
11 47 2 10
3 32 2 11
26 34 2 11
35 47 2 11
4 23 2 12
22 31 2 12
32 37 2 12
28 43 2 13
17 21 2 14
23 25 2 14
30 40 2 14
3 29 2 15
34 39 3 2
1 16 3 3
4 46 3 3
9 21 3 4
17 38 3 5
6 12 3 6
27 47 3 6
(99 404)

Arvore 33
0 1 2 2
1 14 2 2
10 42 2 2
13 19 2 2
14 24 2 2
1 18 2 3
14 34 2 3
17 33 2 3
18 42 2 3
20 46 2 3
35 44 2 3
1 46 2 4
5 28 2 4
8 25 2 4
14 43 2 4
9 30 2 5
13 35 2 5
18 36 2 5
42 47 2 5
0 2 0 98
7 19 2 6
0 11 2 7
12 32 2 7
30 45 2 7
33 41 2 7
37 46 2 8
7 31 2 9
0 15 2 10
9 19 2 10
3 32 2 11
26 34 2 11
4 23 2 12
7 34 2 12
22 35 2 12
32 37 2 12
4 20 2 13
28 43 2 13
23 25 2 14
30 40 2 14
3 29 2 15
34 39 3 2
1 16 3 3
9 21 3 4
17 38 3 5
21 41 3 5
6 12 3 6
27 47 3 6
(99 403)

Arvore 34
0 1 2 2
1 14 2 2
10 42 2 2
13 19 2 2
14 24 2 2
1 18 2 3
14 34 2 3
17 33 2 3
18 42 2 3
20 46 2 3
35 44 2 3
1 46 2 4
5 28 2 4
8 25 2 4
14 43 2 4
9 30 2 5
13 35 2 5
18 36 2 5
42 47 2 5
0 2 0 98
7 19 2 6
0 11 2 7
12 32 2 7
30 45 2 7
33 41 2 7
37 46 2 8
7 31 2 9
0 15 2 10
9 19 2 10
3 32 2 11
26 34 2 11
4 23 2 12
7 34 2 12
22 31 2 12
32 37 2 12
28 43 2 13
17 21 2 14
23 25 2 14
30 40 2 14
3 29 2 15
34 39 3 2
1 16 3 3
4 46 3 3
9 21 3 4
17 38 3 5
6 12 3 6
27 47 3 6
(99 402)

Arvore 35
0 1 2 2
1 14 2 2
10 42 2 2
13 19 2 2
14 24 2 2
1 18 2 3
14 34 2 3
17 33 2 3
18 42 2 3
20 46 2 3
35 44 2 3
1 46 2 4
5 28 2 4
8 25 2 4
14 43 2 4
9 30 2 5
13 35 2 5
18 36 2 5
42 47 2 5
0 2 0 98
7 19 2 6
0 11 2 7
12 32 2 7
30 45 2 7
33 41 2 7
37 46 2 8
7 31 2 9
0 15 2 10
9 19 2 10
3 32 2 11
26 34 2 11
35 47 2 11
4 23 2 12
22 35 2 12
32 37 2 12
4 20 2 13
17 21 2 14
23 25 2 14
30 40 2 14
3 29 2 15
34 39 3 2
1 16 3 3
10 28 3 3
9 21 3 4
17 38 3 5
6 12 3 6
27 47 3 6
(99 401)

Arvore 36
0 1 2 2
1 14 2 2
10 42 2 2
13 19 2 2
14 24 2 2
1 18 2 3
14 34 2 3
17 33 2 3
18 42 2 3
20 46 2 3
35 44 2 3
1 46 2 4
5 28 2 4
8 25 2 4
14 43 2 4
2 24 2 5
9 30 2 5
13 35 2 5
18 36 2 5
42 47 2 5
7 19 2 6
0 11 2 7
12 32 2 7
30 45 2 7
33 41 2 7
37 46 2 8
7 31 2 9
0 15 2 10
9 19 2 10
3 32 2 11
26 34 2 11
35 47 2 11
4 23 2 12
22 31 2 12
32 37 2 12
34 39 3 2
28 43 2 13
1 16 3 3
4 46 3 3
17 21 2 14
23 25 2 14
30 40 2 14
9 21 3 4
3 29 2 15
17 38 3 5
6 12 3 6
27 47 3 6
(101 308)

Arvore 37
0 1 2 2
1 14 2 2
10 42 2 2
13 19 2 2
14 24 2 2
1 18 2 3
14 34 2 3
17 33 2 3
18 42 2 3
20 46 2 3
35 44 2 3
1 46 2 4
5 28 2 4
8 25 2 4
14 43 2 4
2 24 2 5
9 30 2 5
13 35 2 5
18 36 2 5
42 47 2 5
7 19 2 6
0 11 2 7
12 32 2 7
30 45 2 7
33 41 2 7
37 46 2 8
7 31 2 9
0 15 2 10
9 19 2 10
34 39 3 2
3 32 2 11
26 34 2 11
0 7 3 3
1 16 3 3
4 46 3 3
10 28 3 3
4 23 2 12
22 31 2 12
32 37 2 12
9 21 3 4
17 38 3 5
21 41 3 5
23 25 2 14
30 40 2 14
6 12 3 6
27 47 3 6
3 29 2 15
(104 281)

Arvore 38
0 1 2 2
1 14 2 2
10 42 2 2
13 19 2 2
14 24 2 2
1 18 2 3
14 34 2 3
17 33 2 3
18 42 2 3
20 46 2 3
35 44 2 3
1 46 2 4
5 28 2 4
8 25 2 4
14 43 2 4
2 24 2 5
9 30 2 5
13 35 2 5
18 36 2 5
42 47 2 5
7 19 2 6
0 11 2 7
12 32 2 7
30 45 2 7
33 41 2 7
37 46 2 8
7 31 2 9
34 39 3 2
0 15 2 10
9 19 2 10
0 7 3 3
1 16 3 3
4 46 3 3
10 28 3 3
3 32 2 11
26 34 2 11
9 21 3 4
4 23 2 12
32 37 2 12
17 38 3 5
21 41 3 5
22 41 3 5
6 12 3 6
25 42 3 6
27 47 3 6
30 40 2 14
3 29 2 15
(106 266)

Arvore 39
0 1 2 2
1 14 2 2
10 42 2 2
13 19 2 2
14 24 2 2
1 18 2 3
14 34 2 3
17 33 2 3
18 42 2 3
20 46 2 3
35 44 2 3
1 46 2 4
5 28 2 4
8 25 2 4
14 43 2 4
2 24 2 5
9 30 2 5
13 35 2 5
18 36 2 5
42 47 2 5
7 19 2 6
0 11 2 7
12 32 2 7
30 45 2 7
33 41 2 7
37 46 2 8
34 39 3 2
7 31 2 9
0 7 3 3
1 16 3 3
4 46 3 3
10 28 3 3
0 15 2 10
9 21 3 4
21 37 3 4
3 32 2 11
26 34 2 11
3 39 3 5
17 38 3 5
21 41 3 5
22 41 3 5
4 23 2 12
6 12 3 6
25 42 3 6
27 47 3 6
30 40 2 14
3 29 2 15
(108 253)

Arvore 40
0 1 2 2
1 14 2 2
10 42 2 2
13 19 2 2
14 24 2 2
1 18 2 3
14 34 2 3
17 33 2 3
18 42 2 3
20 46 2 3
35 44 2 3
1 46 2 4
5 28 2 4
8 25 2 4
14 43 2 4
2 24 2 5
9 30 2 5
13 35 2 5
18 36 2 5
42 47 2 5
7 19 2 6
0 11 2 7
12 32 2 7
30 45 2 7
33 41 2 7
37 46 2 8
34 39 3 2
7 31 2 9
0 7 3 3
1 16 3 3
4 46 3 3
10 28 3 3
0 15 2 10
9 21 3 4
21 37 3 4
3 32 2 11
26 34 2 11
3 39 3 5
17 38 3 5
21 41 3 5
22 41 3 5
4 23 2 12
6 12 3 6
25 42 3 6
27 47 3 6
7 40 3 8
3 29 2 15
(109 247)

Arvore 41
0 1 2 2
1 14 2 2
10 42 2 2
13 19 2 2
14 24 2 2
1 18 2 3
14 34 2 3
17 33 2 3
18 42 2 3
20 46 2 3
35 44 2 3
1 46 2 4
5 28 2 4
8 25 2 4
14 43 2 4
2 24 2 5
9 30 2 5
13 35 2 5
18 36 2 5
42 47 2 5
7 19 2 6
0 11 2 7
12 32 2 7
30 45 2 7
33 41 2 7
37 46 2 8
34 39 3 2
7 31 2 9
0 7 3 3
1 16 3 3
4 46 3 3
10 28 3 3
0 15 2 10
9 21 3 4
21 37 3 4
3 32 2 11
26 34 2 11
3 39 3 5
17 38 3 5
21 41 3 5
22 41 3 5
4 23 2 12
6 12 3 6
25 42 3 6
27 47 3 6
30 40 2 14
29 45 4 3
(110 241)

Arvore 42
0 1 2 2
1 14 2 2
10 42 2 2
13 19 2 2
14 24 2 2
1 18 2 3
14 34 2 3
17 33 2 3
18 42 2 3
20 46 2 3
35 44 2 3
1 46 2 4
5 28 2 4
8 25 2 4
14 43 2 4
2 24 2 5
9 30 2 5
13 35 2 5
18 36 2 5
42 47 2 5
7 19 2 6
0 11 2 7
12 32 2 7
30 45 2 7
33 41 2 7
37 46 2 8
34 39 3 2
7 31 2 9
0 7 3 3
1 16 3 3
4 46 3 3
10 28 3 3
0 15 2 10
9 21 3 4
21 37 3 4
3 32 2 11
26 34 2 11
3 39 3 5
17 38 3 5
21 41 3 5
22 41 3 5
4 23 2 12
6 12 3 6
25 42 3 6
27 47 3 6
7 40 3 8
29 45 4 3
(111 235)

Arvore 43
0 1 2 2
1 14 2 2
10 42 2 2
13 19 2 2
14 24 2 2
1 18 2 3
14 34 2 3
17 33 2 3
18 42 2 3
20 46 2 3
35 44 2 3
1 46 2 4
5 28 2 4
8 25 2 4
14 43 2 4
2 24 2 5
9 30 2 5
13 35 2 5
18 36 2 5
42 47 2 5
7 19 2 6
34 39 3 2
0 11 2 7
12 32 2 7
30 45 2 7
33 41 2 7
0 7 3 3
1 16 3 3
4 46 3 3
10 28 3 3
9 21 3 4
21 37 3 4
21 43 3 4
7 31 2 9
3 39 3 5
17 38 3 5
21 41 3 5
22 41 3 5
0 15 2 10
6 12 3 6
25 42 3 6
27 47 3 6
32 47 3 6
20 40 4 2
26 34 2 11
29 45 4 3
4 23 2 12
(114 220)

Arvore 44
0 1 2 2
1 14 2 2
10 42 2 2
13 19 2 2
14 24 2 2
1 18 2 3
14 34 2 3
17 33 2 3
18 42 2 3
20 46 2 3
35 44 2 3
1 46 2 4
5 28 2 4
8 25 2 4
14 43 2 4
2 24 2 5
9 30 2 5
13 35 2 5
18 36 2 5
42 47 2 5
7 19 2 6
34 39 3 2
0 11 2 7
12 32 2 7
30 45 2 7
33 41 2 7
0 7 3 3
1 16 3 3
4 46 3 3
10 28 3 3
9 21 3 4
21 37 3 4
21 43 3 4
7 31 2 9
3 39 3 5
17 38 3 5
21 41 3 5
22 41 3 5
0 15 2 10
6 12 3 6
27 47 3 6
32 47 3 6
8 34 4 2
20 40 4 2
26 34 2 11
29 45 4 3
4 23 2 12
(115 216)

Arvore 45
0 1 2 2
1 14 2 2
10 42 2 2
13 19 2 2
14 24 2 2
1 18 2 3
14 34 2 3
17 33 2 3
18 42 2 3
20 46 2 3
35 44 2 3
1 46 2 4
5 28 2 4
8 25 2 4
14 43 2 4
2 24 2 5
9 30 2 5
13 35 2 5
18 36 2 5
42 47 2 5
7 19 2 6
34 39 3 2
0 11 2 7
12 32 2 7
30 45 2 7
33 41 2 7
0 7 3 3
1 16 3 3
4 46 3 3
10 28 3 3
9 21 3 4
21 37 3 4
21 43 3 4
7 31 2 9
3 39 3 5
17 38 3 5
21 41 3 5
22 41 3 5
0 15 2 10
6 12 3 6
25 42 3 6
27 47 3 6
2 32 4 2
20 40 4 2
26 36 3 7
29 45 4 3
4 23 2 12
(116 212)

Arvore 46
0 1 2 2
1 14 2 2
10 42 2 2
13 19 2 2
14 24 2 2
1 18 2 3
14 34 2 3
17 33 2 3
18 42 2 3
20 46 2 3
35 44 2 3
1 46 2 4
5 28 2 4
8 25 2 4
14 43 2 4
2 24 2 5
9 30 2 5
13 35 2 5
18 36 2 5
42 47 2 5
7 19 2 6
34 39 3 2
0 11 2 7
12 32 2 7
30 45 2 7
33 41 2 7
0 7 3 3
1 16 3 3
4 46 3 3
10 28 3 3
9 21 3 4
21 37 3 4
21 43 3 4
7 31 2 9
3 39 3 5
17 38 3 5
21 41 3 5
22 41 3 5
0 15 2 10
6 12 3 6
2 32 4 2
8 34 4 2
19 27 4 2
20 40 4 2
26 34 2 11
29 45 4 3
4 23 2 12
(117 208)

Arvore 47
0 1 2 2
1 14 2 2
10 42 2 2
13 19 2 2
14 24 2 2
1 18 2 3
14 34 2 3
17 33 2 3
18 42 2 3
20 46 2 3
35 44 2 3
1 46 2 4
5 28 2 4
8 25 2 4
14 43 2 4
2 24 2 5
9 30 2 5
13 35 2 5
18 36 2 5
42 47 2 5
34 39 3 2
7 19 2 6
0 7 3 3
1 16 3 3
4 46 3 3
10 28 3 3
0 11 2 7
12 32 2 7
30 45 2 7
33 41 2 7
9 21 3 4
21 37 3 4
21 43 3 4
3 39 3 5
17 38 3 5
21 41 3 5
22 41 3 5
2 32 4 2
8 34 4 2
19 27 4 2
20 40 4 2
31 38 4 2
6 12 3 6
0 15 2 10
29 45 4 3
26 36 3 7
4 23 2 12
(120 197)

Arvore 48
0 1 2 2
1 14 2 2
10 42 2 2
13 19 2 2
14 24 2 2
1 18 2 3
14 34 2 3
17 33 2 3
18 42 2 3
20 46 2 3
35 44 2 3
1 46 2 4
5 28 2 4
8 25 2 4
14 43 2 4
2 24 2 5
9 30 2 5
13 35 2 5
18 36 2 5
42 47 2 5
34 39 3 2
7 19 2 6
0 7 3 3
1 16 3 3
4 46 3 3
10 28 3 3
0 11 2 7
12 32 2 7
30 45 2 7
33 41 2 7
9 21 3 4
21 37 3 4
21 43 3 4
3 39 3 5
17 38 3 5
21 41 3 5
22 41 3 5
2 32 4 2
19 27 4 2
20 40 4 2
31 38 4 2
6 12 3 6
25 42 3 6
0 15 2 10
29 45 4 3
26 36 3 7
4 23 2 12
(119 201)

Arvore 49
0 1 2 2
1 14 2 2
10 42 2 2
13 19 2 2
14 24 2 2
1 18 2 3
14 34 2 3
17 33 2 3
18 42 2 3
20 46 2 3
35 44 2 3
1 46 2 4
5 28 2 4
8 25 2 4
14 43 2 4
2 24 2 5
9 30 2 5
13 35 2 5
18 36 2 5
42 47 2 5
34 39 3 2
7 19 2 6
0 7 3 3
1 16 3 3
4 46 3 3
10 28 3 3
0 11 2 7
12 32 2 7
30 45 2 7
33 41 2 7
9 21 3 4
21 37 3 4
21 43 3 4
3 39 3 5
17 38 3 5
21 41 3 5
22 41 3 5
7 31 2 9
2 32 4 2
8 34 4 2
19 27 4 2
20 40 4 2
6 12 3 6
0 15 2 10
29 45 4 3
8 26 4 4
23 40 4 5
(121 194)

Arvore 50
0 1 2 2
1 14 2 2
10 42 2 2
13 19 2 2
14 24 2 2
1 18 2 3
14 34 2 3
17 33 2 3
18 42 2 3
20 46 2 3
35 44 2 3
1 46 2 4
5 28 2 4
8 25 2 4
14 43 2 4
2 24 2 5
9 30 2 5
13 35 2 5
18 36 2 5
42 47 2 5
34 39 3 2
7 19 2 6
0 7 3 3
1 16 3 3
4 46 3 3
10 28 3 3
12 32 2 7
30 45 2 7
33 41 2 7
9 21 3 4
11 14 3 4
21 37 3 4
21 43 3 4
3 39 3 5
17 38 3 5
21 41 3 5
22 41 3 5
2 32 4 2
8 34 4 2
19 27 4 2
20 40 4 2
31 38 4 2
6 12 3 6
29 45 4 3
0 15 2 10
26 36 3 7
23 40 4 5
(123 187)

Arvore 51
0 1 2 2
1 14 2 2
10 42 2 2
13 19 2 2
14 24 2 2
1 18 2 3
14 34 2 3
17 33 2 3
18 42 2 3
20 46 2 3
35 44 2 3
1 46 2 4
5 28 2 4
8 25 2 4
14 43 2 4
34 39 3 2
2 24 2 5
9 30 2 5
13 35 2 5
18 36 2 5
42 47 2 5
0 7 3 3
1 16 3 3
4 46 3 3
10 28 3 3
7 19 2 6
9 21 3 4
11 14 3 4
21 37 3 4
21 43 3 4
2 32 4 2
8 34 4 2
19 27 4 2
20 40 4 2
31 38 4 2
12 32 2 7
30 45 2 7
33 41 2 7
17 38 3 5
21 41 3 5
22 41 3 5
3 5 4 3
29 45 4 3
6 12 3 6
8 26 4 4
23 40 4 5
0 15 2 10
(125 182)

Arvore 52
0 1 2 2
1 14 2 2
10 42 2 2
13 19 2 2
14 24 2 2
1 18 2 3
14 34 2 3
17 33 2 3
18 42 2 3
20 46 2 3
35 44 2 3
1 46 2 4
5 28 2 4
8 25 2 4
14 43 2 4
34 39 3 2
2 24 2 5
9 30 2 5
13 35 2 5
18 36 2 5
42 47 2 5
0 7 3 3
1 16 3 3
4 46 3 3
10 28 3 3
7 19 2 6
9 21 3 4
11 14 3 4
21 37 3 4
21 43 3 4
2 32 4 2
8 34 4 2
19 27 4 2
20 40 4 2
31 38 4 2
12 32 2 7
30 45 2 7
33 41 2 7
3 39 3 5
17 38 3 5
21 41 3 5
22 41 3 5
29 45 4 3
6 12 3 6
17 26 4 4
23 40 4 5
15 44 4 6
(126 180)

Arvore 53
0 1 2 2
1 14 2 2
10 42 2 2
13 19 2 2
14 24 2 2
1 18 2 3
14 34 2 3
17 33 2 3
18 42 2 3
20 46 2 3
35 44 2 3
34 39 3 2
1 46 2 4
5 28 2 4
8 25 2 4
14 43 2 4
0 7 3 3
1 16 3 3
4 46 3 3
10 28 3 3
2 24 2 5
9 30 2 5
13 35 2 5
18 36 2 5
42 47 2 5
2 32 4 2
8 34 4 2
19 27 4 2
20 40 4 2
31 38 4 2
9 21 3 4
11 14 3 4
21 37 3 4
21 43 3 4
3 5 4 3
3 19 4 3
29 45 4 3
17 38 3 5
21 41 3 5
22 41 3 5
12 32 2 7
30 45 2 7
33 41 2 7
8 26 4 4
6 12 3 6
23 40 4 5
15 44 4 6
(129 175)

Arvore 54
0 1 2 2
1 14 2 2
10 42 2 2
13 19 2 2
14 24 2 2
1 18 2 3
14 34 2 3
17 33 2 3
18 42 2 3
20 46 2 3
35 44 2 3
34 39 3 2
1 46 2 4
5 28 2 4
8 25 2 4
14 43 2 4
0 7 3 3
1 16 3 3
4 46 3 3
10 28 3 3
2 24 2 5
9 30 2 5
13 35 2 5
18 36 2 5
42 47 2 5
2 32 4 2
8 34 4 2
19 27 4 2
20 40 4 2
31 38 4 2
9 21 3 4
11 14 3 4
21 37 3 4
21 43 3 4
3 5 4 3
3 19 4 3
29 45 4 3
17 38 3 5
21 41 3 5
22 41 3 5
12 32 2 7
33 41 2 7
8 26 4 4
26 29 4 4
6 12 3 6
23 40 4 5
15 44 4 6
(131 172)

Arvore 55
0 1 2 2
1 14 2 2
10 42 2 2
13 19 2 2
14 24 2 2
1 18 2 3
14 34 2 3
17 33 2 3
18 42 2 3
20 46 2 3
35 44 2 3
34 39 3 2
1 46 2 4
5 28 2 4
8 25 2 4
14 43 2 4
0 7 3 3
1 16 3 3
4 46 3 3
10 28 3 3
2 24 2 5
9 30 2 5
13 35 2 5
18 36 2 5
42 47 2 5
2 32 4 2
8 34 4 2
19 27 4 2
20 40 4 2
31 38 4 2
9 21 3 4
11 14 3 4
21 37 3 4
21 43 3 4
3 5 4 3
3 19 4 3
29 45 4 3
17 38 3 5
21 41 3 5
22 41 3 5
12 32 2 7
30 45 2 7
8 26 4 4
17 26 4 4
6 12 3 6
23 40 4 5
15 33 6 3
(133 169)

Arvore 56
0 1 2 2
1 14 2 2
10 42 2 2
13 19 2 2
14 24 2 2
1 18 2 3
14 34 2 3
17 33 2 3
18 42 2 3
20 46 2 3
35 44 2 3
34 39 3 2
1 46 2 4
5 28 2 4
8 25 2 4
14 43 2 4
0 7 3 3
1 16 3 3
4 46 3 3
10 28 3 3
2 24 2 5
9 30 2 5
13 35 2 5
18 36 2 5
42 47 2 5
2 32 4 2
8 34 4 2
19 27 4 2
20 40 4 2
31 38 4 2
9 21 3 4
11 14 3 4
21 37 3 4
21 43 3 4
3 5 4 3
3 19 4 3
29 45 4 3
17 38 3 5
21 41 3 5
22 41 3 5
12 32 2 7
26 29 4 4
33 45 4 4
6 12 3 6
0 17 5 3
23 40 4 5
15 44 4 6
(134 168)

Arvore 57
0 1 2 2
1 14 2 2
10 42 2 2
13 19 2 2
14 24 2 2
1 18 2 3
14 34 2 3
17 33 2 3
18 42 2 3
20 46 2 3
35 44 2 3
34 39 3 2
1 46 2 4
5 28 2 4
8 25 2 4
14 43 2 4
0 7 3 3
1 16 3 3
4 46 3 3
10 28 3 3
2 24 2 5
9 30 2 5
13 35 2 5
18 36 2 5
42 47 2 5
2 32 4 2
8 34 4 2
19 27 4 2
20 40 4 2
31 38 4 2
9 21 3 4
11 14 3 4
21 37 3 4
21 43 3 4
7 19 2 6
3 5 4 3
29 45 4 3
17 38 3 5
21 41 3 5
22 41 3 5
12 32 2 7
30 45 2 7
8 26 4 4
6 12 3 6
0 17 5 3
23 40 4 5
15 44 4 6
(130 174)

Arvore 58
0 1 2 2
1 14 2 2
10 42 2 2
13 19 2 2
14 24 2 2
1 18 2 3
14 34 2 3
17 33 2 3
18 42 2 3
20 46 2 3
35 44 2 3
34 39 3 2
1 46 2 4
5 28 2 4
8 25 2 4
14 43 2 4
0 7 3 3
1 16 3 3
4 46 3 3
10 28 3 3
2 24 2 5
9 30 2 5
13 35 2 5
18 36 2 5
42 47 2 5
2 32 4 2
8 34 4 2
19 27 4 2
20 40 4 2
31 38 4 2
9 21 3 4
11 14 3 4
21 37 3 4
21 43 3 4
7 19 2 6
3 5 4 3
29 45 4 3
17 38 3 5
21 41 3 5
22 41 3 5
12 32 2 7
30 45 2 7
8 26 4 4
6 12 3 6
0 17 5 3
23 40 4 5
15 33 6 3
(132 171)

Arvore 59
0 1 2 2
1 14 2 2
10 42 2 2
13 19 2 2
14 24 2 2
1 18 2 3
14 34 2 3
17 33 2 3
18 42 2 3
20 46 2 3
35 44 2 3
34 39 3 2
1 46 2 4
5 28 2 4
8 25 2 4
14 43 2 4
0 7 3 3
1 16 3 3
4 46 3 3
10 28 3 3
2 24 2 5
9 30 2 5
13 35 2 5
18 36 2 5
2 32 4 2
8 34 4 2
19 27 4 2
20 40 4 2
31 38 4 2
9 21 3 4
11 14 3 4
21 37 3 4
21 43 3 4
43 47 3 4
7 19 2 6
3 5 4 3
29 45 4 3
17 38 3 5
21 41 3 5
22 41 3 5
12 32 2 7
30 45 2 7
33 41 2 7
8 26 4 4
6 12 3 6
23 40 4 5
15 44 4 6
(128 177)

Arvore 60
0 1 2 2
1 14 2 2
10 42 2 2
13 19 2 2
14 24 2 2
1 18 2 3
14 34 2 3
17 33 2 3
18 42 2 3
20 46 2 3
35 44 2 3
34 39 3 2
1 46 2 4
5 28 2 4
8 25 2 4
14 43 2 4
0 7 3 3
1 16 3 3
4 46 3 3
10 28 3 3
2 32 4 2
8 34 4 2
19 27 4 2
20 40 4 2
31 38 4 2
2 24 2 5
9 30 2 5
13 35 2 5
18 36 2 5
42 47 2 5
9 21 3 4
11 14 3 4
21 37 3 4
21 43 3 4
3 5 4 3
3 19 4 3
29 45 4 3
17 38 3 5
21 41 3 5
22 41 3 5
17 26 4 4
26 29 4 4
0 17 5 3
12 32 2 7
6 12 3 6
23 40 4 5
15 33 6 3
(136 165)

Arvore 61
0 1 2 2
1 14 2 2
10 42 2 2
13 19 2 2
14 24 2 2
1 18 2 3
14 34 2 3
17 33 2 3
18 42 2 3
20 46 2 3
35 44 2 3
34 39 3 2
1 46 2 4
5 28 2 4
8 25 2 4
14 43 2 4
0 7 3 3
1 16 3 3
4 46 3 3
10 28 3 3
2 32 4 2
8 34 4 2
19 27 4 2
20 40 4 2
31 38 4 2
9 30 2 5
13 35 2 5
18 36 2 5
42 47 2 5
9 21 3 4
11 14 3 4
21 37 3 4
21 43 3 4
3 5 4 3
3 19 4 3
29 45 4 3
32 42 4 3
17 38 3 5
21 41 3 5
22 41 3 5
8 26 4 4
17 26 4 4
26 29 4 4
12 32 2 7
6 12 3 6
23 40 4 5
15 33 6 3
(137 164)

Arvore 62
0 1 2 2
1 14 2 2
10 42 2 2
13 19 2 2
14 24 2 2
1 18 2 3
14 34 2 3
17 33 2 3
18 42 2 3
20 46 2 3
35 44 2 3
34 39 3 2
1 46 2 4
5 28 2 4
8 25 2 4
14 43 2 4
0 7 3 3
1 16 3 3
4 46 3 3
10 28 3 3
2 32 4 2
8 34 4 2
19 27 4 2
20 40 4 2
31 38 4 2
2 24 2 5
9 30 2 5
13 35 2 5
18 36 2 5
42 47 2 5
9 21 3 4
11 14 3 4
21 37 3 4
21 43 3 4
3 19 4 3
29 45 4 3
36 44 5 2
17 38 3 5
21 41 3 5
22 41 3 5
8 26 4 4
17 26 4 4
26 29 4 4
7 12 6 2
6 12 3 6
23 40 4 5
15 44 4 6
(138 163)

Arvore 63
0 1 2 2
1 14 2 2
10 42 2 2
13 19 2 2
14 24 2 2
1 18 2 3
14 34 2 3
17 33 2 3
18 42 2 3
20 46 2 3
35 44 2 3
34 39 3 2
5 28 2 4
8 25 2 4
14 43 2 4
0 7 3 3
1 16 3 3
4 46 3 3
10 28 3 3
2 32 4 2
4 24 4 2
8 34 4 2
19 27 4 2
20 40 4 2
31 38 4 2
2 24 2 5
9 30 2 5
13 35 2 5
18 36 2 5
42 47 2 5
9 21 3 4
11 14 3 4
21 37 3 4
21 43 3 4
3 5 4 3
3 19 4 3
29 45 4 3
17 38 3 5
21 41 3 5
22 41 3 5
8 26 4 4
17 26 4 4
26 29 4 4
7 12 6 2
6 12 3 6
23 40 4 5
15 33 6 3
(141 159)

Arvore 64
0 1 2 2
1 14 2 2
10 42 2 2
13 19 2 2
14 24 2 2
1 18 2 3
14 34 2 3
17 33 2 3
18 42 2 3
20 46 2 3
35 44 2 3
34 39 3 2
1 46 2 4
5 28 2 4
8 25 2 4
14 43 2 4
0 7 3 3
1 16 3 3
4 46 3 3
10 28 3 3
2 32 4 2
8 34 4 2
19 27 4 2
20 40 4 2
31 38 4 2
2 24 2 5
9 30 2 5
18 36 2 5
42 47 2 5
9 21 3 4
11 14 3 4
21 37 3 4
21 43 3 4
3 5 4 3
3 19 4 3
29 45 4 3
36 44 5 2
17 38 3 5
21 41 3 5
22 41 3 5
8 26 4 4
17 26 4 4
26 29 4 4
7 12 6 2
6 12 3 6
23 40 4 5
15 33 6 3
(142 158)

Arvore 65
0 1 2 2
1 14 2 2
10 42 2 2
13 19 2 2
14 24 2 2
1 18 2 3
14 34 2 3
17 33 2 3
18 42 2 3
20 46 2 3
35 44 2 3
34 39 3 2
1 46 2 4
5 28 2 4
8 25 2 4
14 43 2 4
0 7 3 3
1 16 3 3
4 46 3 3
10 28 3 3
2 32 4 2
8 34 4 2
19 27 4 2
20 40 4 2
31 38 4 2
2 24 2 5
9 30 2 5
13 35 2 5
18 36 2 5
9 21 3 4
11 14 3 4
21 37 3 4
21 43 3 4
43 47 3 4
3 5 4 3
3 19 4 3
29 45 4 3
17 38 3 5
21 41 3 5
22 41 3 5
8 26 4 4
17 26 4 4
26 29 4 4
7 12 6 2
6 12 3 6
23 40 4 5
15 33 6 3
(140 160)

Arvore 66
0 1 2 2
1 14 2 2
10 42 2 2
13 19 2 2
14 24 2 2
1 18 2 3
14 34 2 3
17 33 2 3
18 42 2 3
20 46 2 3
35 44 2 3
34 39 3 2
5 28 2 4
8 25 2 4
14 43 2 4
0 7 3 3
1 16 3 3
4 46 3 3
10 28 3 3
2 32 4 2
4 24 4 2
8 34 4 2
19 27 4 2
20 40 4 2
31 38 4 2
9 30 2 5
13 35 2 5
18 36 2 5
42 47 2 5
9 21 3 4
11 14 3 4
21 37 3 4
21 43 3 4
3 5 4 3
3 19 4 3
29 45 4 3
32 42 4 3
17 38 3 5
21 41 3 5
22 41 3 5
8 26 4 4
17 26 4 4
26 29 4 4
7 12 6 2
6 12 3 6
23 40 4 5
15 33 6 3
(143 157)

Arvore 67
0 1 2 2
1 14 2 2
10 42 2 2
13 19 2 2
14 24 2 2
1 18 2 3
14 34 2 3
17 33 2 3
18 42 2 3
20 46 2 3
35 44 2 3
34 39 3 2
5 28 2 4
8 25 2 4
14 43 2 4
0 7 3 3
1 16 3 3
4 46 3 3
10 28 3 3
2 32 4 2
4 24 4 2
8 34 4 2
19 27 4 2
20 40 4 2
31 38 4 2
2 24 2 5
9 30 2 5
18 36 2 5
42 47 2 5
9 21 3 4
11 14 3 4
21 37 3 4
21 43 3 4
3 5 4 3
3 19 4 3
29 45 4 3
36 44 5 2
17 38 3 5
21 41 3 5
22 41 3 5
8 26 4 4
17 26 4 4
26 29 4 4
7 12 6 2
6 12 3 6
23 40 4 5
15 33 6 3
(144 156)

Arvore 68
0 1 2 2
1 14 2 2
10 42 2 2
13 19 2 2
14 24 2 2
1 18 2 3
14 34 2 3
17 33 2 3
18 42 2 3
20 46 2 3
35 44 2 3
34 39 3 2
1 46 2 4
5 28 2 4
8 25 2 4
14 43 2 4
0 7 3 3
1 16 3 3
4 46 3 3
10 28 3 3
2 32 4 2
8 34 4 2
19 27 4 2
20 40 4 2
31 38 4 2
2 24 2 5
9 30 2 5
18 36 2 5
42 47 2 5
9 21 3 4
11 14 3 4
21 37 3 4
21 43 3 4
3 5 4 3
3 19 4 3
29 45 4 3
36 44 5 2
22 41 3 5
8 26 4 4
17 26 4 4
26 29 4 4
22 25 5 3
31 46 5 3
7 12 6 2
6 12 3 6
23 40 4 5
15 33 6 3
(146 154)

Arvore 69
0 1 2 2
1 14 2 2
10 42 2 2
13 19 2 2
14 24 2 2
1 18 2 3
14 34 2 3
17 33 2 3
18 42 2 3
20 46 2 3
35 44 2 3
34 39 3 2
1 46 2 4
5 28 2 4
8 25 2 4
14 43 2 4
0 7 3 3
1 16 3 3
4 46 3 3
10 28 3 3
2 32 4 2
8 34 4 2
19 27 4 2
20 40 4 2
31 38 4 2
2 24 2 5
9 30 2 5
13 35 2 5
9 21 3 4
11 14 3 4
21 37 3 4
21 43 3 4
43 47 3 4
3 5 4 3
3 19 4 3
29 45 4 3
36 44 5 2
21 41 3 5
22 41 3 5
8 26 4 4
17 26 4 4
26 29 4 4
31 46 5 3
7 12 6 2
6 12 3 6
23 40 4 5
15 33 6 3
(145 155)

Arvore 70
0 1 2 2
1 14 2 2
10 42 2 2
13 19 2 2
14 24 2 2
1 18 2 3
14 34 2 3
17 33 2 3
18 42 2 3
20 46 2 3
35 44 2 3
34 39 3 2
5 28 2 4
8 25 2 4
14 43 2 4
0 7 3 3
1 16 3 3
4 46 3 3
10 28 3 3
2 32 4 2
4 43 4 2
8 34 4 2
19 27 4 2
20 40 4 2
31 38 4 2
2 24 2 5
9 30 2 5
13 35 2 5
42 47 2 5
9 21 3 4
11 14 3 4
21 37 3 4
21 43 3 4
3 5 4 3
3 19 4 3
29 45 4 3
36 44 5 2
21 41 3 5
8 26 4 4
17 26 4 4
26 29 4 4
22 25 5 3
31 46 5 3
7 12 6 2
6 12 3 6
23 40 4 5
15 33 6 3
(148 152)

Arvore 71
0 1 2 2
1 14 2 2
10 42 2 2
13 19 2 2
14 24 2 2
1 18 2 3
14 34 2 3
17 33 2 3
18 42 2 3
20 46 2 3
35 44 2 3
34 39 3 2
5 28 2 4
8 25 2 4
14 43 2 4
0 7 3 3
1 16 3 3
4 46 3 3
10 28 3 3
2 32 4 2
4 43 4 2
8 34 4 2
19 27 4 2
20 40 4 2
31 38 4 2
9 30 2 5
13 35 2 5
18 36 2 5
42 47 2 5
9 21 3 4
11 14 3 4
21 37 3 4
21 43 3 4
3 5 4 3
3 19 4 3
29 45 4 3
32 42 4 3
22 41 3 5
8 26 4 4
17 26 4 4
26 29 4 4
22 25 5 3
31 46 5 3
7 12 6 2
6 12 3 6
23 40 4 5
15 33 6 3
(147 153)

Arvore 72
0 1 2 2
1 14 2 2
10 42 2 2
13 19 2 2
14 24 2 2
1 18 2 3
14 34 2 3
17 33 2 3
18 42 2 3
20 46 2 3
35 44 2 3
34 39 3 2
5 28 2 4
8 25 2 4
14 43 2 4
0 7 3 3
1 16 3 3
4 46 3 3
10 28 3 3
2 32 4 2
4 43 4 2
8 34 4 2
19 27 4 2
20 40 4 2
31 38 4 2
2 24 2 5
9 30 2 5
13 35 2 5
42 47 2 5
9 21 3 4
11 14 3 4
21 37 3 4
21 43 3 4
3 5 4 3
3 19 4 3
29 45 4 3
36 44 5 2
21 41 3 5
8 26 4 4
17 26 4 4
26 29 4 4
31 46 5 3
7 12 6 2
22 32 6 2
6 12 3 6
23 40 4 5
15 33 6 3
(149 151)

Arvore 73
0 1 2 2
1 14 2 2
10 42 2 2
13 19 2 2
14 24 2 2
1 18 2 3
14 34 2 3
17 33 2 3
18 42 2 3
20 46 2 3
35 44 2 3
34 39 3 2
5 28 2 4
8 25 2 4
0 7 3 3
1 16 3 3
4 46 3 3
10 28 3 3
2 32 4 2
4 24 4 2
8 34 4 2
19 27 4 2
20 40 4 2
31 38 4 2
34 43 4 2
2 24 2 5
9 30 2 5
13 35 2 5
18 36 2 5
42 47 2 5
9 21 3 4
11 14 3 4
21 37 3 4
21 43 3 4
3 5 4 3
29 45 4 3
36 44 5 2
22 41 3 5
26 29 4 4
33 45 4 4
0 17 5 3
31 46 5 3
7 12 6 2
22 32 6 2
6 12 3 6
23 40 4 5
15 33 6 3
(150 150)

Arvore 74
0 1 2 2
1 14 2 2
10 42 2 2
13 19 2 2
14 24 2 2
1 18 2 3
14 34 2 3
17 33 2 3
18 42 2 3
20 46 2 3
35 44 2 3
34 39 3 2
5 28 2 4
8 25 2 4
0 7 3 3
1 16 3 3
4 46 3 3
10 28 3 3
2 32 4 2
4 24 4 2
8 34 4 2
19 27 4 2
20 40 4 2
31 38 4 2
34 43 4 2
2 24 2 5
9 30 2 5
13 35 2 5
42 47 2 5
9 21 3 4
11 14 3 4
21 37 3 4
21 43 3 4
3 5 4 3
3 19 4 3
29 45 4 3
36 44 5 2
22 41 3 5
17 26 4 4
19 33 4 4
26 29 4 4
31 46 5 3
7 12 6 2
22 32 6 2
6 12 3 6
23 40 4 5
15 33 6 3
(151 149)

Arvore 75
0 1 2 2
1 14 2 2
10 42 2 2
13 19 2 2
14 24 2 2
1 18 2 3
14 34 2 3
17 33 2 3
18 42 2 3
20 46 2 3
35 44 2 3
34 39 3 2
5 28 2 4
8 25 2 4
0 7 3 3
1 16 3 3
4 46 3 3
10 28 3 3
2 32 4 2
4 24 4 2
8 34 4 2
19 27 4 2
20 40 4 2
31 38 4 2
34 43 4 2
2 24 2 5
9 30 2 5
13 35 2 5
42 47 2 5
9 21 3 4
11 14 3 4
21 37 3 4
21 43 3 4
3 5 4 3
3 19 4 3
29 45 4 3
36 44 5 2
22 41 3 5
17 26 4 4
26 29 4 4
0 17 5 3
31 46 5 3
7 12 6 2
22 32 6 2
6 12 3 6
23 40 4 5
15 33 6 3
(152 148)

Arvore 76
0 1 2 2
1 14 2 2
10 42 2 2
13 19 2 2
14 24 2 2
1 18 2 3
14 34 2 3
17 33 2 3
18 42 2 3
20 46 2 3
35 44 2 3
34 39 3 2
5 28 2 4
8 25 2 4
0 7 3 3
1 16 3 3
4 46 3 3
10 28 3 3
2 32 4 2
4 24 4 2
4 43 4 2
8 34 4 2
19 27 4 2
20 40 4 2
31 38 4 2
2 24 2 5
9 30 2 5
13 35 2 5
9 21 3 4
11 14 3 4
21 37 3 4
21 43 3 4
43 47 3 4
3 5 4 3
3 19 4 3
29 45 4 3
36 44 5 2
22 41 3 5
17 26 4 4
26 29 4 4
0 17 5 3
31 46 5 3
7 12 6 2
22 32 6 2
6 12 3 6
23 40 4 5
15 33 6 3
(153 147)

Arvore 77
0 1 2 2
1 14 2 2
10 42 2 2
13 19 2 2
14 24 2 2
1 18 2 3
14 34 2 3
17 33 2 3
18 42 2 3
20 46 2 3
35 44 2 3
34 39 3 2
5 28 2 4
8 25 2 4
0 7 3 3
1 16 3 3
4 46 3 3
10 28 3 3
2 32 4 2
4 24 4 2
4 43 4 2
8 34 4 2
19 27 4 2
20 40 4 2
31 38 4 2
9 30 2 5
13 35 2 5
42 47 2 5
9 21 3 4
11 14 3 4
21 37 3 4
21 43 3 4
3 5 4 3
3 19 4 3
29 45 4 3
32 42 4 3
36 44 5 2
22 41 3 5
17 26 4 4
26 29 4 4
0 17 5 3
31 46 5 3
7 12 6 2
22 32 6 2
6 12 3 6
23 40 4 5
15 33 6 3
(154 146)

Arvore 78
0 1 2 2
1 14 2 2
10 42 2 2
13 19 2 2
14 24 2 2
34 39 3 2
1 18 2 3
14 34 2 3
17 33 2 3
18 42 2 3
20 46 2 3
35 44 2 3
2 32 4 2
4 24 4 2
4 43 4 2
8 34 4 2
19 27 4 2
20 40 4 2
31 38 4 2
0 7 3 3
1 16 3 3
4 46 3 3
10 28 3 3
5 28 2 4
8 25 2 4
36 44 5 2
3 5 4 3
3 19 4 3
29 45 4 3
32 42 4 3
9 21 3 4
11 14 3 4
21 37 3 4
21 43 3 4
43 47 3 4
7 12 6 2
22 32 6 2
9 30 2 5
13 35 2 5
0 17 5 3
31 46 5 3
8 26 4 4
26 29 4 4
21 41 3 5
15 33 6 3
23 40 4 5
6 15 6 4
(158 143)

Arvore 79
0 1 2 2
1 14 2 2
10 42 2 2
13 19 2 2
14 24 2 2
34 39 3 2
1 18 2 3
14 34 2 3
17 33 2 3
18 42 2 3
20 46 2 3
35 44 2 3
2 32 4 2
4 24 4 2
4 43 4 2
8 34 4 2
19 27 4 2
20 40 4 2
31 38 4 2
0 7 3 3
1 16 3 3
4 46 3 3
10 28 3 3
5 28 2 4
8 25 2 4
36 44 5 2
3 5 4 3
3 19 4 3
29 45 4 3
32 42 4 3
9 21 3 4
11 14 3 4
21 37 3 4
21 43 3 4
43 47 3 4
7 12 6 2
22 32 6 2
9 30 2 5
13 35 2 5
0 17 5 3
31 46 5 3
8 26 4 4
26 29 4 4
21 41 3 5
15 33 6 3
23 40 4 5
6 36 9 2
(161 141)

Arvore 80
0 1 2 2
1 14 2 2
10 42 2 2
13 19 2 2
14 24 2 2
34 39 3 2
1 18 2 3
14 34 2 3
17 33 2 3
18 42 2 3
20 46 2 3
35 44 2 3
2 32 4 2
4 24 4 2
8 34 4 2
19 27 4 2
20 40 4 2
31 38 4 2
34 43 4 2
0 7 3 3
1 16 3 3
4 46 3 3
10 28 3 3
5 28 2 4
8 25 2 4
36 44 5 2
3 5 4 3
3 19 4 3
29 45 4 3
32 42 4 3
9 21 3 4
11 14 3 4
21 37 3 4
21 43 3 4
43 47 3 4
7 12 6 2
22 32 6 2
9 30 2 5
18 36 2 5
0 17 5 3
31 46 5 3
8 26 4 4
26 29 4 4
21 41 3 5
15 33 6 3
23 29 7 3
6 36 9 2
(164 139)

Arvore 81
0 1 2 2
1 14 2 2
10 42 2 2
13 19 2 2
14 24 2 2
34 39 3 2
1 18 2 3
14 34 2 3
17 33 2 3
18 42 2 3
20 46 2 3
35 44 2 3
2 32 4 2
4 24 4 2
4 43 4 2
8 34 4 2
19 27 4 2
20 40 4 2
31 38 4 2
0 7 3 3
1 16 3 3
4 46 3 3
10 28 3 3
5 28 2 4
8 25 2 4
36 44 5 2
3 5 4 3
3 19 4 3
29 45 4 3
32 42 4 3
9 21 3 4
11 14 3 4
21 37 3 4
21 43 3 4
43 47 3 4
7 12 6 2
22 32 6 2
9 30 2 5
13 35 2 5
0 17 5 3
31 46 5 3
8 26 4 4
26 29 4 4
15 33 6 3
26 41 6 3
23 29 7 3
6 36 9 2
(167 137)

Arvore 82
0 1 2 2
1 14 2 2
10 42 2 2
13 19 2 2
14 24 2 2
34 39 3 2
1 18 2 3
14 34 2 3
17 33 2 3
18 42 2 3
20 46 2 3
35 44 2 3
2 32 4 2
4 24 4 2
4 43 4 2
8 34 4 2
19 27 4 2
20 40 4 2
31 38 4 2
0 7 3 3
1 16 3 3
4 46 3 3
10 28 3 3
5 28 2 4
8 25 2 4
36 44 5 2
3 5 4 3
3 19 4 3
29 45 4 3
32 42 4 3
9 21 3 4
11 14 3 4
21 37 3 4
21 43 3 4
43 47 3 4
7 12 6 2
22 32 6 2
9 30 2 5
18 36 2 5
17 20 5 3
31 46 5 3
17 26 4 4
26 29 4 4
15 33 6 3
16 41 8 2
23 40 4 5
6 12 3 6
(160 142)

Arvore 83
0 1 2 2
1 14 2 2
10 42 2 2
13 19 2 2
14 24 2 2
34 39 3 2
1 18 2 3
14 34 2 3
17 33 2 3
18 42 2 3
20 46 2 3
35 44 2 3
2 32 4 2
4 24 4 2
4 43 4 2
8 34 4 2
19 27 4 2
20 40 4 2
31 38 4 2
0 7 3 3
1 16 3 3
4 46 3 3
10 28 3 3
5 28 2 4
8 25 2 4
36 44 5 2
3 5 4 3
3 19 4 3
29 45 4 3
32 42 4 3
9 21 3 4
11 14 3 4
21 37 3 4
21 43 3 4
43 47 3 4
7 12 6 2
22 32 6 2
9 30 2 5
18 36 2 5
17 20 5 3
31 46 5 3
26 29 4 4
21 41 3 5
15 33 6 3
26 32 6 3
23 40 4 5
6 12 3 6
(157 144)

Arvore 84
0 1 2 2
1 14 2 2
10 42 2 2
13 19 2 2
14 24 2 2
34 39 3 2
1 18 2 3
14 34 2 3
17 33 2 3
18 42 2 3
20 46 2 3
35 44 2 3
2 32 4 2
4 43 4 2
8 34 4 2
19 27 4 2
20 40 4 2
31 38 4 2
34 43 4 2
0 7 3 3
1 16 3 3
4 46 3 3
10 28 3 3
5 28 2 4
8 25 2 4
36 44 5 2
3 5 4 3
3 19 4 3
29 45 4 3
32 42 4 3
9 21 3 4
11 14 3 4
21 37 3 4
21 43 3 4
43 47 3 4
7 12 6 2
22 32 6 2
9 30 2 5
18 36 2 5
17 20 5 3
31 46 5 3
17 26 4 4
27 29 7 2
15 33 6 3
16 41 8 2
23 40 4 5
6 12 3 6
(163 140)

Arvore 85
0 1 2 2
1 14 2 2
10 42 2 2
13 19 2 2
14 24 2 2
34 39 3 2
1 18 2 3
14 34 2 3
17 33 2 3
18 42 2 3
20 46 2 3
35 44 2 3
2 32 4 2
4 43 4 2
8 34 4 2
19 27 4 2
20 40 4 2
31 38 4 2
34 43 4 2
0 7 3 3
1 16 3 3
4 46 3 3
10 28 3 3
5 28 2 4
8 25 2 4
36 44 5 2
3 5 4 3
3 19 4 3
29 45 4 3
32 42 4 3
9 21 3 4
11 14 3 4
21 37 3 4
21 43 3 4
43 47 3 4
7 12 6 2
22 32 6 2
9 30 2 5
13 35 2 5
0 17 5 3
31 46 5 3
8 26 4 4
27 29 7 2
15 33 6 3
16 41 8 2
23 40 4 5
6 15 6 4
(166 138)

Arvore 86
0 1 2 2
1 14 2 2
10 42 2 2
13 19 2 2
14 24 2 2
34 39 3 2
1 18 2 3
14 34 2 3
17 33 2 3
18 42 2 3
20 46 2 3
35 44 2 3
2 32 4 2
4 43 4 2
8 34 4 2
19 27 4 2
20 40 4 2
31 38 4 2
34 43 4 2
0 7 3 3
1 16 3 3
4 46 3 3
10 28 3 3
5 28 2 4
8 25 2 4
36 44 5 2
3 5 4 3
3 19 4 3
29 45 4 3
32 42 4 3
9 21 3 4
11 14 3 4
21 37 3 4
21 43 3 4
43 47 3 4
7 12 6 2
22 32 6 2
9 30 2 5
13 35 2 5
0 17 5 3
31 46 5 3
8 26 4 4
27 29 7 2
15 33 6 3
16 41 8 2
23 40 4 5
6 36 9 2
(169 136)

Arvore 87
0 1 2 2
1 14 2 2
10 42 2 2
13 19 2 2
14 24 2 2
34 39 3 2
1 18 2 3
17 33 2 3
18 42 2 3
20 46 2 3
35 44 2 3
2 32 4 2
4 24 4 2
4 43 4 2
8 34 4 2
19 27 4 2
20 40 4 2
31 38 4 2
34 43 4 2
0 7 3 3
1 16 3 3
4 46 3 3
10 28 3 3
36 44 5 2
5 28 2 4
8 25 2 4
3 5 4 3
3 19 4 3
29 45 4 3
32 42 4 3
7 12 6 2
22 32 6 2
9 21 3 4
11 14 3 4
21 37 3 4
21 43 3 4
43 47 3 4
0 17 5 3
31 46 5 3
27 29 7 2
9 30 2 5
13 35 2 5
8 26 4 4
15 33 6 3
26 41 6 3
23 29 7 3
6 36 9 2
(172 134)

Arvore 88
0 1 2 2
1 14 2 2
10 42 2 2
13 19 2 2
14 24 2 2
34 39 3 2
1 18 2 3
14 34 2 3
17 33 2 3
18 42 2 3
20 46 2 3
35 44 2 3
2 32 4 2
4 43 4 2
8 34 4 2
19 27 4 2
20 40 4 2
31 38 4 2
34 43 4 2
0 7 3 3
1 16 3 3
4 46 3 3
10 28 3 3
36 44 5 2
5 28 2 4
0 25 4 3
3 5 4 3
3 19 4 3
29 45 4 3
32 42 4 3
7 12 6 2
22 32 6 2
9 21 3 4
11 14 3 4
21 37 3 4
21 43 3 4
43 47 3 4
0 17 5 3
31 46 5 3
27 29 7 2
9 30 2 5
18 36 2 5
8 26 4 4
15 33 6 3
16 41 8 2
23 29 7 3
6 36 9 2
(174 133)

Arvore 89
0 1 2 2
1 14 2 2
10 42 2 2
13 19 2 2
14 24 2 2
34 39 3 2
1 18 2 3
14 34 2 3
17 33 2 3
18 42 2 3
20 46 2 3
35 44 2 3
2 32 4 2
4 24 4 2
4 43 4 2
8 34 4 2
19 27 4 2
20 40 4 2
31 38 4 2
0 7 3 3
1 16 3 3
4 46 3 3
10 28 3 3
36 44 5 2
5 28 2 4
0 25 4 3
3 5 4 3
3 19 4 3
29 45 4 3
32 42 4 3
7 12 6 2
22 32 6 2
9 21 3 4
11 14 3 4
21 37 3 4
21 43 3 4
43 47 3 4
0 17 5 3
31 46 5 3
27 29 7 2
9 30 2 5
13 35 2 5
15 33 6 3
26 41 6 3
16 41 8 2
23 29 7 3
6 36 9 2
(176 132)

Arvore 90
0 1 2 2
1 14 2 2
10 42 2 2
13 19 2 2
14 24 2 2
34 39 3 2
1 18 2 3
14 34 2 3
17 33 2 3
18 42 2 3
20 46 2 3
35 44 2 3
2 32 4 2
4 43 4 2
8 34 4 2
19 27 4 2
20 40 4 2
31 38 4 2
34 43 4 2
0 7 3 3
1 16 3 3
4 46 3 3
10 28 3 3
36 44 5 2
5 28 2 4
0 25 4 3
3 5 4 3
3 19 4 3
29 45 4 3
32 42 4 3
7 12 6 2
22 32 6 2
9 21 3 4
11 14 3 4
21 37 3 4
21 43 3 4
43 47 3 4
31 46 5 3
3 33 7 2
27 29 7 2
9 30 2 5
13 35 2 5
15 33 6 3
26 41 6 3
16 41 8 2
23 29 7 3
6 36 9 2
(178 131)

Arvore 91
0 1 2 2
1 14 2 2
10 42 2 2
13 19 2 2
14 24 2 2
34 39 3 2
2 32 4 2
4 24 4 2
4 43 4 2
8 34 4 2
19 27 4 2
20 40 4 2
31 38 4 2
34 43 4 2
1 18 2 3
17 33 2 3
18 42 2 3
20 46 2 3
35 44 2 3
36 44 5 2
0 7 3 3
1 16 3 3
4 46 3 3
10 28 3 3
7 12 6 2
22 32 6 2
0 25 4 3
3 5 4 3
3 19 4 3
29 45 4 3
32 42 4 3
5 28 2 4
3 33 7 2
27 29 7 2
31 46 5 3
9 21 3 4
11 14 3 4
21 37 3 4
21 43 3 4
43 47 3 4
16 41 8 2
15 33 6 3
26 32 6 3
13 35 2 5
6 36 9 2
12 30 9 2
23 29 7 3
(187 127)

Arvore 92
0 1 2 2
1 14 2 2
10 42 2 2
13 19 2 2
14 24 2 2
34 39 3 2
2 32 4 2
4 24 4 2
4 43 4 2
8 34 4 2
19 27 4 2
20 40 4 2
31 38 4 2
1 18 2 3
14 34 2 3
17 33 2 3
18 42 2 3
20 46 2 3
35 44 2 3
36 44 5 2
0 7 3 3
1 16 3 3
4 46 3 3
10 28 3 3
7 12 6 2
22 32 6 2
0 25 4 3
3 5 4 3
3 19 4 3
29 45 4 3
32 42 4 3
5 28 2 4
3 33 7 2
27 29 7 2
31 46 5 3
9 21 3 4
11 14 3 4
21 37 3 4
21 43 3 4
43 47 3 4
16 41 8 2
15 33 6 3
26 32 6 3
13 35 2 5
6 36 9 2
12 30 9 2
23 29 7 3
(185 128)

Arvore 93
0 1 2 2
1 14 2 2
10 42 2 2
13 19 2 2
14 24 2 2
34 39 3 2
2 32 4 2
4 24 4 2
4 43 4 2
8 34 4 2
19 27 4 2
20 40 4 2
31 38 4 2
34 43 4 2
1 18 2 3
17 33 2 3
18 42 2 3
20 46 2 3
35 44 2 3
36 44 5 2
0 7 3 3
1 16 3 3
4 46 3 3
10 28 3 3
7 12 6 2
22 32 6 2
0 25 4 3
3 5 4 3
3 19 4 3
29 45 4 3
32 42 4 3
5 28 2 4
3 33 7 2
27 29 7 2
31 46 5 3
9 21 3 4
11 14 3 4
21 37 3 4
21 43 3 4
43 47 3 4
16 41 8 2
15 33 6 3
8 26 4 4
6 36 9 2
6 41 9 2
12 30 9 2
23 29 7 3
(192 125)

Arvore 94
0 1 2 2
1 14 2 2
10 42 2 2
13 19 2 2
14 24 2 2
34 39 3 2
2 32 4 2
4 24 4 2
4 43 4 2
8 34 4 2
19 27 4 2
20 40 4 2
31 38 4 2
1 18 2 3
14 34 2 3
17 33 2 3
18 42 2 3
20 46 2 3
35 44 2 3
36 44 5 2
0 7 3 3
1 16 3 3
4 46 3 3
10 28 3 3
7 12 6 2
22 32 6 2
0 25 4 3
3 5 4 3
3 19 4 3
29 45 4 3
32 42 4 3
5 28 2 4
27 29 7 2
0 17 5 3
31 46 5 3
9 21 3 4
11 14 3 4
21 37 3 4
21 43 3 4
43 47 3 4
16 41 8 2
15 33 6 3
26 32 6 3
13 35 2 5
6 36 9 2
12 30 9 2
23 29 7 3
(183 129)

Arvore 95
0 1 2 2
1 14 2 2
10 42 2 2
13 19 2 2
14 24 2 2
34 39 3 2
2 32 4 2
4 43 4 2
8 34 4 2
19 27 4 2
20 40 4 2
31 38 4 2
34 43 4 2
1 18 2 3
14 34 2 3
17 33 2 3
18 42 2 3
20 46 2 3
35 44 2 3
36 44 5 2
0 7 3 3
1 16 3 3
4 46 3 3
10 28 3 3
7 12 6 2
22 32 6 2
3 5 4 3
3 19 4 3
29 45 4 3
32 42 4 3
5 28 2 4
8 25 2 4
3 33 7 2
27 29 7 2
31 46 5 3
9 21 3 4
11 14 3 4
21 37 3 4
21 43 3 4
43 47 3 4
16 41 8 2
15 33 6 3
26 32 6 3
6 36 9 2
6 41 9 2
12 30 9 2
23 29 7 3
(190 126)

Arvore 96
0 1 2 2
1 14 2 2
10 42 2 2
13 19 2 2
14 24 2 2
34 39 3 2
2 32 4 2
4 24 4 2
4 43 4 2
8 34 4 2
19 27 4 2
20 40 4 2
31 38 4 2
34 43 4 2
1 18 2 3
17 33 2 3
18 42 2 3
20 46 2 3
35 44 2 3
36 44 5 2
0 7 3 3
1 16 3 3
4 46 3 3
10 28 3 3
7 12 6 2
22 32 6 2
0 25 4 3
3 5 4 3
3 19 4 3
29 45 4 3
32 42 4 3
3 33 7 2
27 29 7 2
0 17 5 3
31 46 5 3
16 41 8 2
9 21 3 4
11 14 3 4
21 37 3 4
21 43 3 4
43 47 3 4
15 33 6 3
26 32 6 3
6 36 9 2
6 41 9 2
12 30 9 2
23 29 7 3
(197 123)

Arvore 97
0 1 2 2
1 14 2 2
10 42 2 2
13 19 2 2
14 24 2 2
34 39 3 2
2 32 4 2
4 24 4 2
4 43 4 2
8 34 4 2
19 27 4 2
20 40 4 2
31 38 4 2
34 43 4 2
36 44 5 2
7 12 6 2
22 32 6 2
1 18 2 3
17 33 2 3
18 42 2 3
20 46 2 3
35 44 2 3
3 33 7 2
27 29 7 2
0 7 3 3
1 16 3 3
4 46 3 3
10 28 3 3
16 41 8 2
0 25 4 3
3 5 4 3
3 19 4 3
29 45 4 3
32 42 4 3
6 36 9 2
6 41 9 2
12 30 9 2
15 31 9 2
17 20 5 3
31 46 5 3
26 32 6 3
11 21 7 3
23 29 7 3
11 14 3 4
21 37 3 4
43 47 3 4
9 24 12 2
(213 119)

Arvore 98
0 1 2 2
1 14 2 2
10 42 2 2
13 19 2 2
14 24 2 2
34 39 3 2
2 32 4 2
4 24 4 2
4 43 4 2
8 34 4 2
19 27 4 2
20 40 4 2
31 38 4 2
34 43 4 2
36 44 5 2
7 12 6 2
22 32 6 2
1 18 2 3
17 33 2 3
18 42 2 3
20 46 2 3
35 44 2 3
3 33 7 2
27 29 7 2
0 7 3 3
1 16 3 3
4 46 3 3
10 28 3 3
16 41 8 2
0 25 4 3
3 5 4 3
3 19 4 3
29 45 4 3
32 42 4 3
6 36 9 2
6 41 9 2
12 30 9 2
15 31 9 2
0 17 5 3
31 46 5 3
26 32 6 3
11 21 7 3
23 29 7 3
11 14 3 4
43 47 3 4
9 24 12 2
26 37 12 2
(222 117)

Arvore 99
0 1 2 2
1 14 2 2
10 42 2 2
13 19 2 2
14 24 2 2
34 39 3 2
2 32 4 2
4 24 4 2
4 43 4 2
8 34 4 2
19 27 4 2
20 40 4 2
31 38 4 2
34 43 4 2
36 44 5 2
7 12 6 2
22 32 6 2
1 18 2 3
17 33 2 3
18 42 2 3
20 46 2 3
35 44 2 3
3 33 7 2
27 29 7 2
0 7 3 3
1 16 3 3
4 46 3 3
10 28 3 3
16 41 8 2
0 25 4 3
3 5 4 3
3 19 4 3
29 45 4 3
32 42 4 3
6 36 9 2
6 41 9 2
12 30 9 2
15 31 9 2
17 20 5 3
31 46 5 3
26 41 6 3
11 21 7 3
23 29 7 3
21 37 3 4
21 43 3 4
9 24 12 2
17 47 8 3
(218 118)

Arvore 100
0 1 2 2
1 14 2 2
10 42 2 2
13 19 2 2
14 24 2 2
34 39 3 2
2 32 4 2
4 24 4 2
4 43 4 2
8 34 4 2
19 27 4 2
20 40 4 2
31 38 4 2
34 43 4 2
36 44 5 2
7 12 6 2
22 32 6 2
1 18 2 3
17 33 2 3
18 42 2 3
20 46 2 3
35 44 2 3
3 33 7 2
27 29 7 2
0 7 3 3
1 16 3 3
4 46 3 3
10 28 3 3
16 41 8 2
0 25 4 3
3 5 4 3
3 19 4 3
29 45 4 3
32 42 4 3
6 36 9 2
6 41 9 2
12 30 9 2
15 31 9 2
0 17 5 3
31 46 5 3
26 32 6 3
11 21 7 3
23 29 7 3
43 47 3 4
9 24 12 2
26 37 12 2
11 32 8 3
(227 116)

Arvore 101
0 1 2 2
1 14 2 2
10 42 2 2
13 19 2 2
14 24 2 2
34 39 3 2
2 32 4 2
4 24 4 2
4 43 4 2
8 34 4 2
19 27 4 2
20 40 4 2
31 38 4 2
34 43 4 2
36 44 5 2
7 12 6 2
22 32 6 2
1 18 2 3
17 33 2 3
18 42 2 3
20 46 2 3
35 44 2 3
3 33 7 2
27 29 7 2
0 7 3 3
1 16 3 3
4 46 3 3
10 28 3 3
16 41 8 2
0 25 4 3
3 5 4 3
3 19 4 3
29 45 4 3
32 42 4 3
6 36 9 2
6 41 9 2
12 30 9 2
15 31 9 2
17 20 5 3
1 15 10 2
26 32 6 3
11 21 7 3
23 29 7 3
9 21 3 4
11 14 3 4
21 37 3 4
43 47 3 4
(209 120)

Arvore 102
0 1 2 2
1 14 2 2
10 42 2 2
13 19 2 2
14 24 2 2
34 39 3 2
2 32 4 2
4 24 4 2
4 43 4 2
8 34 4 2
19 27 4 2
20 40 4 2
31 38 4 2
34 43 4 2
36 44 5 2
7 12 6 2
22 32 6 2
1 18 2 3
17 33 2 3
18 42 2 3
20 46 2 3
35 44 2 3
3 33 7 2
27 29 7 2
1 16 3 3
4 46 3 3
10 28 3 3
7 10 8 2
16 41 8 2
0 25 4 3
3 5 4 3
3 19 4 3
29 45 4 3
32 42 4 3
6 36 9 2
6 41 9 2
12 30 9 2
15 31 9 2
0 17 5 3
31 46 5 3
26 32 6 3
11 21 7 3
23 29 7 3
9 24 12 2
26 37 12 2
40 47 12 2
9 21 3 4
(236 114)

Arvore 103
0 1 2 2
1 14 2 2
10 42 2 2
13 19 2 2
14 24 2 2
34 39 3 2
2 32 4 2
4 24 4 2
4 43 4 2
8 34 4 2
19 27 4 2
20 40 4 2
31 38 4 2
34 43 4 2
36 44 5 2
7 12 6 2
22 32 6 2
1 18 2 3
17 33 2 3
18 42 2 3
20 46 2 3
35 44 2 3
3 33 7 2
27 29 7 2
1 16 3 3
4 46 3 3
10 28 3 3
7 10 8 2
16 41 8 2
0 25 4 3
3 5 4 3
3 19 4 3
29 45 4 3
32 42 4 3
6 36 9 2
6 41 9 2
12 30 9 2
15 31 9 2
0 17 5 3
1 15 10 2
26 32 6 3
11 21 7 3
23 29 7 3
9 24 12 2
26 37 12 2
40 47 12 2
9 21 3 4
(241 113)

Arvore 104
0 1 2 2
1 14 2 2
10 42 2 2
13 19 2 2
14 24 2 2
34 39 3 2
2 32 4 2
4 24 4 2
4 43 4 2
8 34 4 2
19 27 4 2
20 40 4 2
31 38 4 2
34 43 4 2
36 44 5 2
7 12 6 2
22 32 6 2
1 18 2 3
17 33 2 3
18 42 2 3
20 46 2 3
35 44 2 3
3 33 7 2
27 29 7 2
1 16 3 3
4 46 3 3
10 28 3 3
7 10 8 2
16 41 8 2
0 25 4 3
3 5 4 3
3 19 4 3
29 45 4 3
32 42 4 3
6 36 9 2
6 41 9 2
12 30 9 2
15 31 9 2
0 17 5 3
1 15 10 2
26 32 6 3
11 21 7 3
23 29 7 3
9 24 12 2
26 37 12 2
40 47 12 2
11 32 8 3
(246 112)

Arvore 105
0 1 2 2
1 14 2 2
10 42 2 2
13 19 2 2
14 24 2 2
34 39 3 2
2 32 4 2
4 24 4 2
4 43 4 2
8 34 4 2
19 27 4 2
20 40 4 2
31 38 4 2
34 43 4 2
36 44 5 2
7 12 6 2
22 32 6 2
3 33 7 2
27 29 7 2
7 10 8 2
16 41 8 2
1 18 2 3
17 33 2 3
18 42 2 3
20 46 2 3
35 44 2 3
6 36 9 2
6 41 9 2
12 30 9 2
15 31 9 2
4 46 3 3
10 28 3 3
1 15 10 2
6 33 10 2
7 41 10 2
0 25 4 3
3 5 4 3
3 19 4 3
29 45 4 3
32 42 4 3
9 24 12 2
26 37 12 2
40 47 12 2
26 32 6 3
11 21 7 3
23 29 7 3
11 32 8 3
(258 110)

Arvore 106
0 1 2 2
1 14 2 2
10 42 2 2
13 19 2 2
14 24 2 2
34 39 3 2
2 32 4 2
4 24 4 2
4 43 4 2
8 34 4 2
19 27 4 2
20 40 4 2
31 38 4 2
34 43 4 2
36 44 5 2
7 12 6 2
22 32 6 2
3 33 7 2
27 29 7 2
7 10 8 2
16 41 8 2
6 36 9 2
6 41 9 2
12 30 9 2
15 31 9 2
17 33 2 3
18 42 2 3
20 46 2 3
35 44 2 3
1 15 10 2
6 33 10 2
7 24 10 2
7 41 10 2
4 46 3 3
10 28 3 3
0 25 4 3
3 5 4 3
3 19 4 3
29 45 4 3
32 42 4 3
9 24 12 2
26 37 12 2
40 47 12 2
19 26 13 2
11 21 7 3
23 29 7 3
11 32 8 3
(273 108)

Arvore 107
0 1 2 2
1 14 2 2
10 42 2 2
13 19 2 2
14 24 2 2
34 39 3 2
2 32 4 2
4 24 4 2
4 43 4 2
8 34 4 2
19 27 4 2
20 40 4 2
31 38 4 2
34 43 4 2
36 44 5 2
7 12 6 2
22 32 6 2
3 33 7 2
27 29 7 2
7 10 8 2
16 41 8 2
6 36 9 2
6 41 9 2
12 30 9 2
15 31 9 2
17 33 2 3
18 42 2 3
20 46 2 3
35 44 2 3
1 15 10 2
6 33 10 2
7 24 10 2
7 41 10 2
4 46 3 3
10 28 3 3
0 25 4 3
3 5 4 3
3 19 4 3
29 45 4 3
2 35 12 2
9 24 12 2
26 37 12 2
40 47 12 2
19 26 13 2
11 21 7 3
23 29 7 3
11 32 8 3
(281 107)

Arvore 108
0 1 2 2
1 14 2 2
10 42 2 2
13 19 2 2
14 24 2 2
34 39 3 2
2 32 4 2
4 24 4 2
4 43 4 2
8 34 4 2
19 27 4 2
20 40 4 2
31 38 4 2
34 43 4 2
36 44 5 2
7 12 6 2
22 32 6 2
3 33 7 2
27 29 7 2
7 10 8 2
16 41 8 2
6 36 9 2
6 41 9 2
12 30 9 2
15 31 9 2
1 15 10 2
6 33 10 2
7 24 10 2
12 44 10 2
18 20 11 2
1 18 2 3
17 33 2 3
20 46 2 3
2 35 12 2
9 24 12 2
26 37 12 2
32 40 12 2
40 47 12 2
10 28 3 3
19 26 13 2
0 25 4 3
3 5 4 3
3 19 4 3
29 45 4 3
11 21 7 3
23 29 7 3
11 32 8 3
(299 105)

Arvore 109
0 1 2 2
1 14 2 2
10 42 2 2
13 19 2 2
14 24 2 2
34 39 3 2
2 32 4 2
4 24 4 2
4 43 4 2
8 34 4 2
19 27 4 2
20 40 4 2
31 38 4 2
34 43 4 2
36 44 5 2
7 12 6 2
22 32 6 2
3 33 7 2
27 29 7 2
7 10 8 2
16 41 8 2
6 36 9 2
12 30 9 2
1 15 10 2
6 33 10 2
7 24 10 2
7 41 10 2
12 44 10 2
18 20 11 2
2 35 12 2
9 24 12 2
26 37 12 2
40 47 12 2
1 2 98 0
19 26 13 2
8 38 14 2
26 46 15 2
1 18 2 3
17 33 2 3
20 46 2 3
10 28 3 3
0 25 4 3
3 5 4 3
29 45 4 3
11 21 7 3
23 29 7 3
11 32 8 3
(402 102)

Arvore 110
0 1 2 2
1 14 2 2
10 42 2 2
13 19 2 2
14 24 2 2
34 39 3 2
2 32 4 2
4 24 4 2
4 43 4 2
8 34 4 2
19 27 4 2
20 40 4 2
31 38 4 2
34 43 4 2
36 44 5 2
7 12 6 2
22 32 6 2
3 33 7 2
27 29 7 2
7 10 8 2
16 41 8 2
6 41 9 2
12 30 9 2
15 31 9 2
1 15 10 2
6 33 10 2
12 44 10 2
12 34 11 2
18 20 11 2
2 35 12 2
9 24 12 2
26 37 12 2
32 41 12 2
40 47 12 2
1 2 98 0
19 26 13 2
26 46 15 2
1 18 2 3
17 33 2 3
20 46 2 3
10 28 3 3
0 25 4 3
3 5 4 3
29 45 4 3
11 21 7 3
23 29 7 3
11 32 8 3
(400 102)

Arvore 111
0 1 2 2
1 14 2 2
10 42 2 2
13 19 2 2
14 24 2 2
34 39 3 2
2 32 4 2
4 24 4 2
4 43 4 2
8 34 4 2
19 27 4 2
20 40 4 2
31 38 4 2
34 43 4 2
36 44 5 2
7 12 6 2
22 32 6 2
3 33 7 2
27 29 7 2
7 10 8 2
16 41 8 2
6 41 9 2
12 30 9 2
15 31 9 2
1 15 10 2
6 33 10 2
7 41 10 2
12 44 10 2
18 20 11 2
9 24 12 2
26 37 12 2
32 40 12 2
32 41 12 2
40 47 12 2
1 2 98 0
19 26 13 2
26 46 15 2
17 33 2 3
20 46 2 3
35 44 2 3
10 28 3 3
0 25 4 3
3 5 4 3
29 45 4 3
11 21 7 3
23 29 7 3
11 32 8 3
(399 102)

Arvore 112
0 1 2 2
1 14 2 2
10 42 2 2
13 19 2 2
14 24 2 2
34 39 3 2
2 32 4 2
4 24 4 2
4 43 4 2
8 34 4 2
19 27 4 2
20 40 4 2
31 38 4 2
34 43 4 2
36 44 5 2
7 12 6 2
22 32 6 2
3 33 7 2
27 29 7 2
7 10 8 2
16 41 8 2
6 36 9 2
6 41 9 2
12 30 9 2
15 31 9 2
6 33 10 2
7 24 10 2
12 44 10 2
18 20 11 2
2 35 12 2
9 24 12 2
26 37 12 2
32 40 12 2
40 47 12 2
1 2 98 0
19 26 13 2
31 44 13 2
17 33 2 3
20 46 2 3
10 28 3 3
0 25 4 3
3 5 4 3
3 19 4 3
29 45 4 3
11 21 7 3
23 29 7 3
11 32 8 3
(398 102)

Arvore 113
0 1 2 2
1 14 2 2
10 42 2 2
13 19 2 2
14 24 2 2
34 39 3 2
2 32 4 2
4 24 4 2
4 43 4 2
8 34 4 2
19 27 4 2
20 40 4 2
31 38 4 2
34 43 4 2
36 44 5 2
7 12 6 2
22 32 6 2
3 33 7 2
27 29 7 2
7 10 8 2
16 41 8 2
6 36 9 2
6 41 9 2
12 30 9 2
15 31 9 2
1 15 10 2
6 33 10 2
12 44 10 2
12 34 11 2
18 20 11 2
2 35 12 2
9 24 12 2
26 37 12 2
32 40 12 2
40 47 12 2
1 2 98 0
19 26 13 2
17 33 2 3
20 46 2 3
10 28 3 3
0 25 4 3
3 5 4 3
3 19 4 3
29 45 4 3
11 21 7 3
23 29 7 3
11 32 8 3
(396 102)

Arvore 114
0 1 2 2
1 14 2 2
10 42 2 2
13 19 2 2
14 24 2 2
34 39 3 2
2 32 4 2
4 24 4 2
4 43 4 2
8 34 4 2
19 27 4 2
20 40 4 2
31 38 4 2
34 43 4 2
36 44 5 2
7 12 6 2
22 32 6 2
3 33 7 2
27 29 7 2
7 10 8 2
16 41 8 2
6 36 9 2
6 41 9 2
12 30 9 2
15 31 9 2
1 15 10 2
6 33 10 2
7 24 10 2
12 44 10 2
18 20 11 2
2 35 12 2
9 24 12 2
26 37 12 2
32 40 12 2
40 47 12 2
1 2 98 0
19 26 13 2
17 33 2 3
20 46 2 3
10 28 3 3
0 25 4 3
3 5 4 3
3 19 4 3
29 45 4 3
11 21 7 3
23 29 7 3
11 32 8 3
(395 102)

