Fim da primeira fase ... 
0.01
Fim da segunda fase ... 
34702
347.02
Total: 347.03
Suportadas = 58
Nao suportadas = 136
TOTAL DE SOLUCOES = 194

SUPORTADAS: 

Arvore 1
0 2 0 97
0 1 3 3
14 42 3 4
35 48 3 10
0 12 3 12
5 36 3 13
15 41 3 15
13 17 3 16
33 45 3 17
10 15 3 19
29 43 3 22
14 18 3 24
25 48 3 24
16 34 3 26
18 29 3 27
26 29 3 27
34 40 3 27
23 31 3 28
31 39 4 3
27 32 4 4
31 33 4 4
4 27 4 5
12 47 4 5
23 34 4 5
11 21 4 6
24 34 4 6
0 22 4 8
26 46 4 8
3 17 4 9
15 23 4 10
14 38 4 12
17 37 4 12
19 42 4 12
0 18 4 13
12 30 4 13
15 25 4 14
30 49 4 16
35 36 4 16
3 7 4 17
23 38 4 18
4 17 4 19
6 44 4 19
27 47 4 19
8 24 4 23
10 44 4 27
4 21 4 28
9 18 5 4
1 28 5 5
11 20 5 5
(178 776)

Arvore 2
0 1 3 3
14 42 3 4
35 48 3 10
0 12 3 12
5 36 3 13
15 41 3 15
13 17 3 16
33 45 3 17
10 15 3 19
31 39 4 3
29 43 3 22
27 32 4 4
31 33 4 4
4 27 4 5
12 47 4 5
23 34 4 5
14 18 3 24
25 48 3 24
11 21 4 6
24 34 4 6
16 34 3 26
0 22 4 8
26 46 4 8
18 29 3 27
26 29 3 27
34 40 3 27
3 17 4 9
23 31 3 28
15 23 4 10
14 38 4 12
17 37 4 12
19 42 4 12
0 18 4 13
12 30 4 13
15 25 4 14
30 49 4 16
35 36 4 16
3 7 4 17
23 38 4 18
4 17 4 19
6 44 4 19
27 47 4 19
9 18 5 4
8 24 4 23
0 2 0 97
1 28 5 5
11 20 5 5
10 44 4 27
2 11 5 9
(179 757)

Arvore 3
0 1 3 3
14 42 3 4
35 48 3 10
0 12 3 12
5 36 3 13
15 41 3 15
13 17 3 16
33 45 3 17
10 15 3 19
31 39 4 3
29 43 3 22
27 32 4 4
31 33 4 4
4 27 4 5
12 47 4 5
23 34 4 5
14 18 3 24
25 48 3 24
11 21 4 6
24 34 4 6
16 34 3 26
0 22 4 8
26 46 4 8
18 29 3 27
26 29 3 27
34 40 3 27
3 17 4 9
23 31 3 28
15 23 4 10
14 38 4 12
17 37 4 12
19 42 4 12
0 18 4 13
12 30 4 13
15 25 4 14
30 49 4 16
35 36 4 16
3 7 4 17
23 38 4 18
4 17 4 19
6 44 4 19
27 47 4 19
9 18 5 4
8 24 4 23
1 28 5 5
2 24 5 5
11 20 5 5
10 44 4 27
2 11 5 9
(184 665)

Arvore 4
0 1 3 3
14 42 3 4
35 48 3 10
0 12 3 12
5 36 3 13
15 41 3 15
13 17 3 16
33 45 3 17
31 39 4 3
10 15 3 19
27 32 4 4
31 33 4 4
4 27 4 5
12 47 4 5
23 34 4 5
11 21 4 6
24 34 4 6
29 43 3 22
0 22 4 8
26 46 4 8
14 18 3 24
25 48 3 24
3 17 4 9
15 23 4 10
16 34 3 26
18 29 3 27
26 29 3 27
34 40 3 27
14 38 4 12
17 37 4 12
19 42 4 12
23 31 3 28
0 18 4 13
12 30 4 13
15 25 4 14
30 49 4 16
35 36 4 16
3 7 4 17
23 38 4 18
4 17 4 19
6 44 4 19
27 47 4 19
9 18 5 4
1 28 5 5
2 24 5 5
11 20 5 5
8 24 4 23
2 11 5 9
6 25 5 11
(185 649)

Arvore 5
0 1 3 3
14 42 3 4
35 48 3 10
0 12 3 12
5 36 3 13
15 41 3 15
13 17 3 16
31 39 4 3
33 45 3 17
27 32 4 4
31 33 4 4
4 27 4 5
12 47 4 5
23 34 4 5
10 15 3 19
11 21 4 6
24 34 4 6
0 22 4 8
26 46 4 8
29 43 3 22
3 17 4 9
15 23 4 10
14 18 3 24
25 48 3 24
14 38 4 12
17 37 4 12
19 42 4 12
16 34 3 26
0 18 4 13
12 30 4 13
18 29 3 27
26 29 3 27
34 40 3 27
15 25 4 14
23 31 3 28
30 49 4 16
35 36 4 16
16 42 5 3
3 7 4 17
9 18 5 4
1 28 5 5
2 24 5 5
11 20 5 5
4 17 4 19
6 44 4 19
27 47 4 19
2 11 5 9
8 24 4 23
6 25 5 11
(186 634)

Arvore 6
0 1 3 3
14 42 3 4
35 48 3 10
0 12 3 12
5 36 3 13
31 39 4 3
15 41 3 15
27 32 4 4
31 33 4 4
13 17 3 16
4 27 4 5
12 47 4 5
23 34 4 5
33 45 3 17
11 21 4 6
24 34 4 6
10 15 3 19
0 22 4 8
26 46 4 8
3 17 4 9
15 23 4 10
29 43 3 22
14 38 4 12
17 37 4 12
19 42 4 12
14 18 3 24
25 48 3 24
0 18 4 13
12 30 4 13
15 25 4 14
16 34 3 26
16 42 5 3
18 29 3 27
26 29 3 27
34 40 3 27
9 18 5 4
30 49 4 16
35 36 4 16
23 31 3 28
1 28 5 5
2 24 5 5
11 20 5 5
3 7 4 17
7 29 5 7
4 17 4 19
6 44 4 19
2 11 5 9
6 25 5 11
8 24 4 23
(187 622)

Arvore 7
0 1 3 3
14 42 3 4
35 48 3 10
0 12 3 12
31 39 4 3
5 36 3 13
27 32 4 4
31 33 4 4
4 27 4 5
12 47 4 5
23 34 4 5
15 41 3 15
11 21 4 6
24 34 4 6
13 17 3 16
33 45 3 17
0 22 4 8
26 46 4 8
3 17 4 9
10 15 3 19
15 23 4 10
14 38 4 12
17 37 4 12
19 42 4 12
29 43 3 22
16 42 5 3
0 18 4 13
12 30 4 13
9 18 5 4
15 25 4 14
14 18 3 24
25 48 3 24
1 28 5 5
2 24 5 5
11 20 5 5
30 49 4 16
35 36 4 16
16 34 3 26
7 29 5 7
12 17 5 7
3 7 4 17
26 29 3 27
34 40 3 27
23 31 3 28
2 11 5 9
4 17 4 19
6 44 4 19
6 25 5 11
8 24 4 23
(189 602)

Arvore 8
0 1 3 3
14 42 3 4
35 48 3 10
31 39 4 3
0 12 3 12
27 32 4 4
31 33 4 4
5 36 3 13
4 27 4 5
12 47 4 5
23 34 4 5
11 21 4 6
24 34 4 6
15 41 3 15
13 17 3 16
0 22 4 8
26 46 4 8
33 45 3 17
3 17 4 9
15 23 4 10
10 15 3 19
16 42 5 3
14 38 4 12
17 37 4 12
19 42 4 12
9 18 5 4
0 18 4 13
12 30 4 13
29 43 3 22
1 28 5 5
2 24 5 5
11 20 5 5
15 25 4 14
14 18 3 24
25 48 3 24
7 29 5 7
12 17 5 7
30 49 4 16
35 36 4 16
3 7 4 17
16 34 3 26
2 11 5 9
12 46 5 9
34 40 3 27
20 27 5 10
6 44 4 19
23 31 3 28
6 25 5 11
8 24 4 23
(192 575)

Arvore 9
0 1 3 3
14 42 3 4
35 48 3 10
31 39 4 3
0 12 3 12
27 32 4 4
31 33 4 4
5 36 3 13
4 27 4 5
12 47 4 5
23 34 4 5
11 21 4 6
24 34 4 6
15 41 3 15
13 17 3 16
0 22 4 8
26 46 4 8
33 45 3 17
3 17 4 9
15 23 4 10
10 15 3 19
16 42 5 3
14 38 4 12
17 37 4 12
19 42 4 12
9 18 5 4
0 18 4 13
12 30 4 13
1 28 5 5
2 24 5 5
11 20 5 5
29 43 3 22
15 25 4 14
7 29 5 7
12 17 5 7
14 18 3 24
25 48 3 24
30 49 4 16
35 36 4 16
3 7 4 17
2 11 5 9
12 46 5 9
15 43 5 9
20 27 5 10
34 40 3 27
6 44 4 19
6 25 5 11
23 31 3 28
8 24 4 23
(194 558)

Arvore 10
0 1 3 3
14 42 3 4
35 48 3 10
31 39 4 3
27 32 4 4
31 33 4 4
0 12 3 12
4 27 4 5
12 47 4 5
23 34 4 5
5 36 3 13
11 21 4 6
24 34 4 6
15 41 3 15
0 22 4 8
26 46 4 8
13 17 3 16
3 17 4 9
33 45 3 17
15 23 4 10
16 42 5 3
10 15 3 19
9 18 5 4
14 38 4 12
17 37 4 12
19 42 4 12
1 28 5 5
2 24 5 5
11 20 5 5
0 18 4 13
12 30 4 13
15 25 4 14
29 43 3 22
7 29 5 7
12 17 5 7
30 49 4 16
35 36 4 16
14 18 3 24
25 48 3 24
2 11 5 9
12 46 5 9
15 43 5 9
3 7 4 17
20 27 5 10
6 25 5 11
6 44 4 19
34 40 3 27
23 31 3 28
8 38 6 7
(196 542)

Arvore 11
0 1 3 3
14 42 3 4
31 39 4 3
35 48 3 10
27 32 4 4
31 33 4 4
4 27 4 5
12 47 4 5
23 34 4 5
0 12 3 12
11 21 4 6
24 34 4 6
5 36 3 13
0 22 4 8
26 46 4 8
15 41 3 15
3 17 4 9
13 17 3 16
16 42 5 3
15 23 4 10
33 45 3 17
9 18 5 4
1 28 5 5
2 24 5 5
11 20 5 5
14 38 4 12
17 37 4 12
19 42 4 12
10 15 3 19
0 18 4 13
12 30 4 13
7 29 5 7
12 17 5 7
15 25 4 14
29 43 3 22
2 11 5 9
12 46 5 9
15 43 5 9
30 49 4 16
35 36 4 16
1 21 5 10
20 27 5 10
12 42 4 17
25 48 3 24
6 25 5 11
6 44 4 19
34 40 3 27
8 38 6 7
23 31 3 28
(198 528)

Arvore 12
0 1 3 3
14 42 3 4
31 39 4 3
35 48 3 10
27 32 4 4
31 33 4 4
4 27 4 5
12 47 4 5
23 34 4 5
0 12 3 12
11 21 4 6
24 34 4 6
5 36 3 13
0 22 4 8
26 46 4 8
15 41 3 15
3 17 4 9
16 42 5 3
13 17 3 16
15 23 4 10
9 18 5 4
33 45 3 17
1 28 5 5
2 24 5 5
11 20 5 5
14 38 4 12
17 37 4 12
19 42 4 12
10 15 3 19
0 18 4 13
12 30 4 13
7 29 5 7
12 17 5 7
15 25 4 14
2 11 5 9
12 46 5 9
15 43 5 9
29 43 3 22
30 49 4 16
35 36 4 16
1 21 5 10
20 27 5 10
28 38 6 4
6 25 5 11
25 48 3 24
6 44 4 19
8 38 6 7
34 40 3 27
23 31 3 28
(200 515)

Arvore 13
0 1 3 3
14 42 3 4
31 39 4 3
35 48 3 10
27 32 4 4
31 33 4 4
4 27 4 5
12 47 4 5
23 34 4 5
0 12 3 12
11 21 4 6
24 34 4 6
5 36 3 13
0 22 4 8
26 46 4 8
15 41 3 15
3 17 4 9
16 42 5 3
13 17 3 16
15 23 4 10
9 18 5 4
33 45 3 17
1 28 5 5
2 24 5 5
11 20 5 5
14 38 4 12
17 37 4 12
19 42 4 12
10 15 3 19
0 18 4 13
12 30 4 13
7 29 5 7
12 17 5 7
15 25 4 14
2 11 5 9
12 46 5 9
15 43 5 9
29 43 3 22
30 49 4 16
35 36 4 16
1 21 5 10
20 27 5 10
28 38 6 4
6 25 5 11
0 35 6 5
6 44 4 19
8 38 6 7
34 40 3 27
23 31 3 28
(203 496)

Arvore 14
0 1 3 3
14 42 3 4
31 39 4 3
27 32 4 4
31 33 4 4
35 48 3 10
4 27 4 5
12 47 4 5
23 34 4 5
11 21 4 6
24 34 4 6
0 12 3 12
5 36 3 13
0 22 4 8
26 46 4 8
16 42 5 3
3 17 4 9
15 41 3 15
9 18 5 4
15 23 4 10
13 17 3 16
1 28 5 5
2 24 5 5
11 20 5 5
33 45 3 17
14 38 4 12
17 37 4 12
19 42 4 12
7 29 5 7
12 17 5 7
0 18 4 13
12 30 4 13
10 15 3 19
15 25 4 14
2 11 5 9
12 46 5 9
15 43 5 9
3 15 6 4
28 38 6 4
20 27 5 10
30 49 4 16
35 36 4 16
29 43 3 22
0 35 6 5
6 25 5 11
8 38 6 7
6 44 4 19
34 40 3 27
23 31 3 28
(204 490)

Arvore 15
0 1 3 3
14 42 3 4
31 39 4 3
27 32 4 4
31 33 4 4
35 48 3 10
4 27 4 5
12 47 4 5
23 34 4 5
11 21 4 6
24 34 4 6
0 12 3 12
5 36 3 13
0 22 4 8
26 46 4 8
16 42 5 3
3 17 4 9
15 41 3 15
9 18 5 4
15 23 4 10
13 17 3 16
1 28 5 5
2 24 5 5
11 20 5 5
33 45 3 17
14 38 4 12
17 37 4 12
19 42 4 12
7 29 5 7
12 17 5 7
0 18 4 13
12 30 4 13
10 15 3 19
15 25 4 14
2 11 5 9
12 46 5 9
15 43 5 9
3 15 6 4
28 38 6 4
20 27 5 10
30 49 4 16
35 36 4 16
29 43 3 22
0 35 6 5
6 25 5 11
8 38 6 7
6 44 4 19
34 40 3 27
0 39 7 5
(208 467)

Arvore 16
0 1 3 3
14 42 3 4
31 39 4 3
27 32 4 4
31 33 4 4
35 48 3 10
4 27 4 5
12 47 4 5
23 34 4 5
11 21 4 6
24 34 4 6
0 12 3 12
5 36 3 13
0 22 4 8
26 46 4 8
16 42 5 3
3 17 4 9
9 18 5 4
15 41 3 15
15 23 4 10
1 28 5 5
2 24 5 5
11 20 5 5
13 17 3 16
33 45 3 17
14 38 4 12
17 37 4 12
19 42 4 12
7 29 5 7
12 17 5 7
0 18 4 13
12 30 4 13
10 15 3 19
15 25 4 14
2 11 5 9
12 46 5 9
15 43 5 9
3 15 6 4
28 38 6 4
20 27 5 10
0 35 6 5
5 46 6 5
30 49 4 16
6 25 5 11
29 43 3 22
8 38 6 7
6 44 4 19
0 39 7 5
34 40 3 27
(210 456)

Arvore 17
0 1 3 3
14 42 3 4
31 39 4 3
27 32 4 4
31 33 4 4
4 27 4 5
12 47 4 5
23 34 4 5
35 48 3 10
11 21 4 6
24 34 4 6
0 12 3 12
16 42 5 3
0 22 4 8
26 46 4 8
5 36 3 13
9 18 5 4
3 17 4 9
1 28 5 5
2 24 5 5
11 20 5 5
15 23 4 10
15 41 3 15
13 17 3 16
7 29 5 7
12 17 5 7
14 38 4 12
17 37 4 12
19 42 4 12
33 45 3 17
18 30 6 3
0 18 4 13
3 15 6 4
28 38 6 4
2 11 5 9
12 46 5 9
15 43 5 9
15 25 4 14
10 15 3 19
0 35 6 5
5 46 6 5
20 27 5 10
6 25 5 11
30 49 4 16
8 38 6 7
3 7 4 17
6 44 4 19
0 39 7 5
34 40 3 27
(213 441)

Arvore 18
0 1 3 3
14 42 3 4
31 39 4 3
27 32 4 4
31 33 4 4
4 27 4 5
12 47 4 5
23 34 4 5
35 48 3 10
11 21 4 6
24 34 4 6
0 12 3 12
16 42 5 3
0 22 4 8
26 46 4 8
5 36 3 13
9 18 5 4
3 17 4 9
1 28 5 5
2 24 5 5
11 20 5 5
15 23 4 10
15 41 3 15
13 17 3 16
7 29 5 7
12 17 5 7
14 38 4 12
17 37 4 12
19 42 4 12
18 30 6 3
33 45 3 17
0 18 4 13
3 15 6 4
28 38 6 4
2 11 5 9
12 46 5 9
15 43 5 9
15 25 4 14
0 35 6 5
5 46 6 5
10 15 3 19
20 27 5 10
6 25 5 11
30 49 4 16
8 38 6 7
3 7 4 17
0 39 7 5
6 44 4 19
4 40 7 8
(217 422)

Arvore 19
0 1 3 3
14 42 3 4
31 39 4 3
27 32 4 4
31 33 4 4
4 27 4 5
12 47 4 5
23 34 4 5
35 48 3 10
11 21 4 6
24 34 4 6
16 42 5 3
0 12 3 12
0 22 4 8
26 46 4 8
9 18 5 4
5 36 3 13
3 17 4 9
1 28 5 5
2 24 5 5
11 20 5 5
15 23 4 10
15 41 3 15
7 29 5 7
12 17 5 7
13 17 3 16
18 30 6 3
14 38 4 12
17 37 4 12
19 42 4 12
33 45 3 17
3 15 6 4
28 38 6 4
0 18 4 13
2 11 5 9
12 46 5 9
15 43 5 9
0 35 6 5
5 46 6 5
15 25 4 14
10 47 5 10
20 27 5 10
6 25 5 11
8 38 6 7
30 49 4 16
3 7 4 17
0 39 7 5
6 44 4 19
4 40 7 8
(219 413)

Arvore 20
0 1 3 3
14 42 3 4
31 39 4 3
27 32 4 4
31 33 4 4
4 27 4 5
12 47 4 5
23 34 4 5
35 48 3 10
11 21 4 6
24 34 4 6
16 42 5 3
0 12 3 12
0 22 4 8
26 46 4 8
9 18 5 4
5 36 3 13
3 17 4 9
1 28 5 5
2 24 5 5
11 20 5 5
15 23 4 10
15 41 3 15
7 29 5 7
12 17 5 7
18 30 6 3
13 17 3 16
14 38 4 12
17 37 4 12
19 42 4 12
3 15 6 4
28 38 6 4
33 45 3 17
0 18 4 13
2 11 5 9
12 46 5 9
15 43 5 9
0 35 6 5
5 46 6 5
15 25 4 14
10 47 5 10
20 27 5 10
6 25 5 11
8 38 6 7
30 49 4 16
7 27 7 4
0 39 7 5
6 44 4 19
4 40 7 8
(222 400)

Arvore 21
0 1 3 3
14 42 3 4
31 39 4 3
27 32 4 4
31 33 4 4
4 27 4 5
12 47 4 5
23 34 4 5
11 21 4 6
24 34 4 6
35 48 3 10
16 42 5 3
9 18 5 4
0 22 4 8
26 46 4 8
0 12 3 12
1 28 5 5
2 24 5 5
11 20 5 5
3 17 4 9
5 36 3 13
15 23 4 10
18 30 6 3
7 29 5 7
12 17 5 7
15 41 3 15
3 15 6 4
28 38 6 4
14 38 4 12
17 37 4 12
19 42 4 12
13 17 3 16
0 35 6 5
2 26 6 5
5 46 6 5
2 11 5 9
15 43 5 9
0 18 4 13
33 45 3 17
10 47 5 10
20 27 5 10
15 25 4 14
8 38 6 7
6 25 5 11
7 27 7 4
30 49 4 16
0 39 7 5
2 44 7 7
4 40 7 8
(226 384)

Arvore 22
0 1 3 3
14 42 3 4
31 39 4 3
27 32 4 4
31 33 4 4
4 27 4 5
12 47 4 5
23 34 4 5
11 21 4 6
24 34 4 6
16 42 5 3
35 48 3 10
9 18 5 4
0 22 4 8
26 46 4 8
1 28 5 5
2 24 5 5
11 20 5 5
0 12 3 12
3 17 4 9
18 30 6 3
5 36 3 13
15 23 4 10
7 29 5 7
12 17 5 7
3 15 6 4
28 38 6 4
0 35 6 5
2 26 6 5
5 46 6 5
15 41 3 15
14 38 4 12
17 37 4 12
19 42 4 12
2 11 5 9
15 43 5 9
13 17 3 16
0 18 4 13
10 47 5 10
20 27 5 10
8 38 6 7
7 27 7 4
22 25 7 4
33 45 3 17
6 25 5 11
0 39 7 5
30 49 4 16
2 44 7 7
4 40 7 8
(229 374)

Arvore 23
0 1 3 3
14 42 3 4
31 39 4 3
27 32 4 4
31 33 4 4
4 27 4 5
12 47 4 5
23 34 4 5
16 42 5 3
11 21 4 6
24 34 4 6
9 18 5 4
35 48 3 10
1 28 5 5
2 24 5 5
11 20 5 5
0 22 4 8
26 46 4 8
18 30 6 3
3 17 4 9
0 12 3 12
3 15 6 4
28 38 6 4
7 29 5 7
12 17 5 7
15 23 4 10
5 36 3 13
0 35 6 5
2 26 6 5
5 46 6 5
2 11 5 9
15 43 5 9
14 38 4 12
17 37 4 12
19 42 4 12
15 41 3 15
7 27 7 4
22 25 7 4
4 41 6 7
8 38 6 7
10 47 5 10
23 30 5 10
13 17 3 16
0 39 7 5
6 25 5 11
33 45 3 17
2 44 7 7
30 49 4 16
4 40 7 8
(231 368)

Arvore 24
0 1 3 3
14 42 3 4
31 39 4 3
27 32 4 4
31 33 4 4
4 27 4 5
12 47 4 5
23 34 4 5
16 42 5 3
11 21 4 6
24 34 4 6
9 18 5 4
35 48 3 10
1 28 5 5
2 24 5 5
11 20 5 5
0 22 4 8
26 46 4 8
18 30 6 3
3 17 4 9
0 12 3 12
3 15 6 4
28 38 6 4
7 29 5 7
12 17 5 7
15 23 4 10
5 36 3 13
0 35 6 5
2 26 6 5
5 46 6 5
2 11 5 9
15 43 5 9
14 38 4 12
17 37 4 12
19 42 4 12
7 27 7 4
22 25 7 4
15 41 3 15
4 41 6 7
8 38 6 7
10 47 5 10
23 30 5 10
0 39 7 5
13 17 3 16
6 25 5 11
15 45 7 6
2 44 7 7
30 49 4 16
4 40 7 8
(235 357)

Arvore 25
0 1 3 3
14 42 3 4
31 39 4 3
27 32 4 4
31 33 4 4
4 27 4 5
12 47 4 5
23 34 4 5
16 42 5 3
11 21 4 6
24 34 4 6
9 18 5 4
1 28 5 5
2 24 5 5
11 20 5 5
35 48 3 10
18 30 6 3
0 22 4 8
26 46 4 8
3 15 6 4
28 38 6 4
3 17 4 9
7 29 5 7
12 17 5 7
0 12 3 12
0 35 6 5
2 26 6 5
5 46 6 5
15 23 4 10
5 36 3 13
7 27 7 4
22 25 7 4
2 11 5 9
15 43 5 9
4 41 6 7
8 38 6 7
14 38 4 12
17 37 4 12
19 42 4 12
0 39 7 5
10 47 5 10
20 27 5 10
23 30 5 10
15 45 7 6
6 25 5 11
13 17 3 16
2 44 7 7
4 40 7 8
30 49 4 16
(237 352)

Arvore 26
0 1 3 3
14 42 3 4
31 39 4 3
27 32 4 4
31 33 4 4
4 27 4 5
12 47 4 5
23 34 4 5
16 42 5 3
11 21 4 6
24 34 4 6
9 18 5 4
1 28 5 5
2 24 5 5
11 20 5 5
18 30 6 3
35 48 3 10
0 22 4 8
26 46 4 8
3 15 6 4
28 38 6 4
3 17 4 9
7 29 5 7
12 17 5 7
0 35 6 5
2 26 6 5
5 46 6 5
0 12 3 12
15 23 4 10
7 27 7 4
22 25 7 4
5 36 3 13
2 11 5 9
15 43 5 9
4 41 6 7
8 38 6 7
0 39 7 5
14 38 4 12
17 37 4 12
19 42 4 12
10 47 5 10
20 27 5 10
23 30 5 10
15 45 7 6
6 25 5 11
2 44 7 7
13 17 3 16
4 40 7 8
7 49 9 4
(242 340)

Arvore 27
0 1 3 3
14 42 3 4
31 39 4 3
27 32 4 4
31 33 4 4
16 42 5 3
4 27 4 5
12 47 4 5
23 34 4 5
9 18 5 4
11 21 4 6
24 34 4 6
18 30 6 3
1 28 5 5
2 24 5 5
11 20 5 5
3 15 6 4
28 38 6 4
0 22 4 8
26 46 4 8
35 48 3 10
0 35 6 5
2 26 6 5
5 46 6 5
7 29 5 7
12 17 5 7
3 17 4 9
7 27 7 4
22 25 7 4
15 23 4 10
0 12 3 12
0 39 7 5
25 43 7 5
4 41 6 7
8 38 6 7
2 11 5 9
5 36 3 13
1 19 8 4
4 43 8 4
15 45 7 6
18 42 7 6
42 47 7 6
10 47 5 10
17 37 4 12
2 44 7 7
6 25 5 11
7 49 9 4
13 35 9 4
4 40 7 8
(262 300)

Arvore 28
0 1 3 3
14 42 3 4
31 39 4 3
27 32 4 4
31 33 4 4
16 42 5 3
4 27 4 5
12 47 4 5
23 34 4 5
9 18 5 4
11 21 4 6
24 34 4 6
18 30 6 3
1 28 5 5
2 24 5 5
11 20 5 5
3 15 6 4
28 38 6 4
0 22 4 8
26 46 4 8
0 35 6 5
2 26 6 5
5 46 6 5
35 48 3 10
7 29 5 7
12 17 5 7
7 27 7 4
22 25 7 4
3 17 4 9
0 39 7 5
25 43 7 5
15 23 4 10
4 41 6 7
8 38 6 7
1 19 8 4
4 43 8 4
0 12 3 12
2 11 5 9
15 45 7 6
18 42 7 6
42 47 7 6
5 36 3 13
10 47 5 10
2 44 7 7
7 49 9 4
13 35 9 4
16 37 9 4
6 25 5 11
4 40 7 8
(267 292)

Arvore 29
0 1 3 3
14 42 3 4
31 39 4 3
27 32 4 4
31 33 4 4
16 42 5 3
4 27 4 5
12 47 4 5
23 34 4 5
9 18 5 4
18 30 6 3
11 21 4 6
24 34 4 6
1 28 5 5
2 24 5 5
11 20 5 5
3 15 6 4
28 38 6 4
0 35 6 5
2 26 6 5
5 46 6 5
0 22 4 8
26 46 4 8
7 27 7 4
22 25 7 4
7 29 5 7
12 17 5 7
35 48 3 10
3 17 4 9
0 39 7 5
25 43 7 5
1 19 8 4
4 43 8 4
4 41 6 7
8 38 6 7
15 23 4 10
15 45 7 6
18 42 7 6
42 47 7 6
2 11 5 9
15 43 5 9
7 49 9 4
13 35 9 4
16 37 9 4
2 44 7 7
10 47 5 10
5 36 3 13
4 40 7 8
6 25 5 11
(269 289)

Arvore 30
0 1 3 3
14 42 3 4
31 39 4 3
27 32 4 4
31 33 4 4
16 42 5 3
4 27 4 5
12 47 4 5
23 34 4 5
9 18 5 4
18 30 6 3
11 21 4 6
24 34 4 6
1 28 5 5
2 24 5 5
11 20 5 5
3 15 6 4
28 38 6 4
0 35 6 5
2 26 6 5
5 46 6 5
7 27 7 4
22 25 7 4
0 22 4 8
26 46 4 8
7 29 5 7
12 17 5 7
35 48 3 10
0 39 7 5
25 43 7 5
3 17 4 9
1 19 8 4
4 43 8 4
4 41 6 7
8 38 6 7
15 45 7 6
18 42 7 6
42 47 7 6
15 23 4 10
5 29 8 5
2 11 5 9
7 49 9 4
13 35 9 4
16 37 9 4
2 44 7 7
10 47 5 10
5 36 3 13
4 40 7 8
6 25 5 11
(272 285)

Arvore 31
0 1 3 3
14 42 3 4
31 39 4 3
27 32 4 4
31 33 4 4
16 42 5 3
4 27 4 5
12 47 4 5
23 34 4 5
9 18 5 4
18 30 6 3
11 21 4 6
24 34 4 6
1 28 5 5
2 24 5 5
11 20 5 5
3 15 6 4
28 38 6 4
0 35 6 5
2 26 6 5
5 46 6 5
7 27 7 4
22 25 7 4
0 22 4 8
26 46 4 8
7 29 5 7
12 17 5 7
0 39 7 5
25 43 7 5
1 19 8 4
4 43 8 4
35 48 3 10
3 17 4 9
4 41 6 7
8 38 6 7
15 45 7 6
18 42 7 6
42 47 7 6
5 29 8 5
18 26 8 5
7 49 9 4
13 35 9 4
16 37 9 4
2 11 5 9
2 44 7 7
10 47 5 10
4 40 7 8
5 36 3 13
6 25 5 11
(276 280)

Arvore 32
0 1 3 3
31 39 4 3
14 42 3 4
16 42 5 3
27 32 4 4
31 33 4 4
18 30 6 3
9 18 5 4
4 27 4 5
12 47 4 5
23 34 4 5
3 15 6 4
28 38 6 4
1 28 5 5
2 24 5 5
11 20 5 5
11 21 4 6
24 34 4 6
7 27 7 4
22 25 7 4
0 35 6 5
2 26 6 5
5 46 6 5
1 19 8 4
4 43 8 4
0 39 7 5
25 43 7 5
7 29 5 7
12 17 5 7
0 22 4 8
26 46 4 8
7 49 9 4
13 35 9 4
16 37 9 4
5 29 8 5
18 26 8 5
15 45 7 6
18 42 7 6
42 47 7 6
4 41 6 7
8 38 6 7
3 17 4 9
35 48 3 10
11 49 10 4
2 44 7 7
28 40 11 4
10 47 5 10
6 15 6 10
5 36 3 13
(286 270)

Arvore 33
0 1 3 3
31 39 4 3
14 42 3 4
16 42 5 3
27 32 4 4
31 33 4 4
18 30 6 3
9 18 5 4
4 27 4 5
12 47 4 5
23 34 4 5
3 15 6 4
28 38 6 4
1 28 5 5
2 24 5 5
11 20 5 5
11 21 4 6
24 34 4 6
7 27 7 4
22 25 7 4
0 35 6 5
2 26 6 5
5 46 6 5
1 19 8 4
4 43 8 4
0 39 7 5
25 43 7 5
7 29 5 7
12 17 5 7
0 22 4 8
26 46 4 8
7 49 9 4
13 35 9 4
16 37 9 4
5 29 8 5
18 26 8 5
15 45 7 6
18 42 7 6
42 47 7 6
4 41 6 7
8 38 6 7
3 17 4 9
11 49 10 4
35 48 3 10
2 44 7 7
28 40 11 4
10 47 5 10
6 15 6 10
0 36 10 7
(293 264)

Arvore 34
0 1 3 3
31 39 4 3
14 42 3 4
16 42 5 3
27 32 4 4
31 33 4 4
18 30 6 3
9 18 5 4
4 27 4 5
12 47 4 5
23 34 4 5
3 15 6 4
28 38 6 4
1 28 5 5
2 24 5 5
11 20 5 5
11 21 4 6
24 34 4 6
7 27 7 4
22 25 7 4
0 35 6 5
2 26 6 5
5 46 6 5
1 19 8 4
4 43 8 4
0 39 7 5
25 43 7 5
7 29 5 7
12 17 5 7
7 49 9 4
13 35 9 4
16 37 9 4
0 22 4 8
26 46 4 8
5 29 8 5
18 26 8 5
15 45 7 6
18 42 7 6
42 47 7 6
4 41 6 7
8 38 6 7
11 49 10 4
25 45 9 5
35 48 3 10
2 44 7 7
28 40 11 4
10 47 5 10
6 15 6 10
0 36 10 7
(298 260)

Arvore 35
0 1 3 3
31 39 4 3
14 42 3 4
16 42 5 3
27 32 4 4
31 33 4 4
18 30 6 3
9 18 5 4
4 27 4 5
12 47 4 5
23 34 4 5
3 15 6 4
28 38 6 4
1 28 5 5
2 24 5 5
11 20 5 5
11 21 4 6
24 34 4 6
7 27 7 4
22 25 7 4
0 35 6 5
2 26 6 5
5 46 6 5
1 19 8 4
4 43 8 4
0 39 7 5
25 43 7 5
7 49 9 4
13 35 9 4
16 37 9 4
7 29 5 7
12 17 5 7
5 29 8 5
18 26 8 5
16 32 11 3
0 22 4 8
26 46 4 8
15 45 7 6
42 47 7 6
8 30 10 4
11 49 10 4
4 41 6 7
25 45 9 5
28 40 11 4
2 44 7 7
35 48 3 10
10 47 5 10
3 36 14 4
6 15 6 10
(310 251)

Arvore 36
0 1 3 3
31 39 4 3
14 42 3 4
16 42 5 3
27 32 4 4
31 33 4 4
18 30 6 3
9 18 5 4
4 27 4 5
12 47 4 5
23 34 4 5
3 15 6 4
28 38 6 4
1 28 5 5
2 24 5 5
11 20 5 5
7 27 7 4
22 25 7 4
11 21 4 6
24 34 4 6
0 35 6 5
2 26 6 5
5 46 6 5
1 19 8 4
4 43 8 4
0 39 7 5
25 43 7 5
7 49 9 4
13 35 9 4
16 37 9 4
16 32 11 3
5 29 8 5
18 26 8 5
7 29 5 7
12 17 5 7
8 30 10 4
11 49 10 4
15 45 7 6
18 42 7 6
42 47 7 6
0 22 4 8
25 45 9 5
4 41 6 7
28 40 11 4
2 44 7 7
38 48 12 4
3 36 14 4
10 47 5 10
6 15 6 10
(322 243)

Arvore 37
0 1 3 3
31 39 4 3
14 42 3 4
16 42 5 3
27 32 4 4
31 33 4 4
18 30 6 3
9 18 5 4
4 27 4 5
12 47 4 5
23 34 4 5
3 15 6 4
28 38 6 4
1 28 5 5
2 24 5 5
11 20 5 5
7 27 7 4
22 25 7 4
11 21 4 6
24 34 4 6
0 35 6 5
2 26 6 5
5 46 6 5
1 19 8 4
4 43 8 4
0 39 7 5
25 43 7 5
7 49 9 4
13 35 9 4
16 37 9 4
16 32 11 3
5 29 8 5
18 26 8 5
8 30 10 4
11 49 10 4
7 29 5 7
12 17 5 7
15 45 7 6
18 42 7 6
42 47 7 6
1 9 9 5
25 45 9 5
28 40 11 4
4 41 6 7
38 48 12 4
2 44 7 7
3 36 14 4
10 47 5 10
6 15 6 10
(327 240)

Arvore 38
0 1 3 3
31 39 4 3
16 42 5 3
14 42 3 4
18 30 6 3
27 32 4 4
31 33 4 4
9 18 5 4
3 15 6 4
28 38 6 4
4 27 4 5
12 47 4 5
23 34 4 5
7 27 7 4
22 25 7 4
1 28 5 5
2 24 5 5
11 20 5 5
1 19 8 4
4 43 8 4
0 35 6 5
2 26 6 5
5 46 6 5
11 21 4 6
24 34 4 6
16 32 11 3
7 49 9 4
13 35 9 4
16 37 9 4
0 39 7 5
25 43 7 5
8 30 10 4
11 49 10 4
5 29 8 5
18 26 8 5
28 40 11 4
1 9 9 5
25 45 9 5
15 45 7 6
18 42 7 6
42 47 7 6
7 29 5 7
12 17 5 7
38 48 12 4
4 41 6 7
2 44 7 7
3 36 14 4
10 47 5 10
6 12 15 6
(336 236)

Arvore 39
0 1 3 3
31 39 4 3
16 42 5 3
14 42 3 4
18 30 6 3
27 32 4 4
31 33 4 4
9 18 5 4
3 15 6 4
28 38 6 4
4 27 4 5
12 47 4 5
23 34 4 5
7 27 7 4
22 25 7 4
1 28 5 5
2 24 5 5
11 20 5 5
1 19 8 4
4 43 8 4
0 35 6 5
2 26 6 5
5 46 6 5
16 32 11 3
11 21 4 6
24 34 4 6
7 49 9 4
13 35 9 4
16 37 9 4
0 39 7 5
25 43 7 5
8 30 10 4
11 49 10 4
5 29 8 5
18 26 8 5
28 40 11 4
1 9 9 5
25 45 9 5
15 45 7 6
18 42 7 6
42 47 7 6
20 46 12 4
38 48 12 4
12 17 5 7
4 41 6 7
3 36 14 4
2 44 7 7
10 47 5 10
6 12 15 6
(343 233)

Arvore 40
0 1 3 3
31 39 4 3
16 42 5 3
14 42 3 4
18 30 6 3
27 32 4 4
31 33 4 4
9 18 5 4
3 15 6 4
28 38 6 4
4 27 4 5
12 47 4 5
23 34 4 5
7 27 7 4
22 25 7 4
1 28 5 5
2 24 5 5
11 20 5 5
1 19 8 4
4 43 8 4
16 32 11 3
0 35 6 5
2 26 6 5
5 46 6 5
7 49 9 4
13 35 9 4
16 37 9 4
11 21 4 6
24 34 4 6
0 39 7 5
25 43 7 5
8 30 10 4
11 49 10 4
5 29 8 5
18 26 8 5
28 40 11 4
1 9 9 5
25 45 9 5
20 46 12 4
38 48 12 4
37 48 15 3
15 45 7 6
42 47 7 6
12 17 5 7
3 36 14 4
4 41 6 7
2 44 7 7
6 12 15 6
10 47 5 10
(351 230)

Arvore 41
0 1 3 3
31 39 4 3
16 42 5 3
18 30 6 3
14 42 3 4
27 32 4 4
31 33 4 4
9 18 5 4
3 15 6 4
28 38 6 4
7 27 7 4
22 25 7 4
4 27 4 5
12 47 4 5
23 34 4 5
16 32 11 3
1 19 8 4
4 43 8 4
1 28 5 5
2 24 5 5
11 20 5 5
27 37 12 3
7 49 9 4
13 35 9 4
0 35 6 5
2 26 6 5
5 46 6 5
8 30 10 4
11 49 10 4
0 39 7 5
25 43 7 5
11 21 4 6
24 34 4 6
28 40 11 4
5 29 8 5
18 26 8 5
37 48 15 3
20 46 12 4
38 48 12 4
1 9 9 5
25 45 9 5
15 45 7 6
42 47 7 6
3 36 14 4
8 17 11 5
4 41 6 7
2 44 7 7
6 12 15 6
10 36 17 6
(372 223)

Arvore 42
0 1 3 3
31 39 4 3
16 42 5 3
18 30 6 3
14 42 3 4
27 32 4 4
31 33 4 4
9 18 5 4
3 15 6 4
28 38 6 4
7 27 7 4
22 25 7 4
4 27 4 5
12 47 4 5
23 34 4 5
16 32 11 3
1 19 8 4
4 43 8 4
1 28 5 5
2 24 5 5
11 20 5 5
27 37 12 3
7 49 9 4
13 35 9 4
0 35 6 5
2 26 6 5
5 46 6 5
8 30 10 4
11 49 10 4
0 39 7 5
25 43 7 5
11 21 4 6
24 34 4 6
28 40 11 4
5 29 8 5
18 26 8 5
37 48 15 3
20 46 12 4
38 48 12 4
1 9 9 5
25 45 9 5
15 45 7 6
42 47 7 6
3 36 14 4
8 17 11 5
4 41 6 7
11 44 17 4
6 12 15 6
10 36 17 6
(382 220)

Arvore 43
0 1 3 3
31 39 4 3
16 42 5 3
18 30 6 3
14 42 3 4
27 32 4 4
31 33 4 4
9 18 5 4
3 15 6 4
28 38 6 4
16 32 11 3
7 27 7 4
22 25 7 4
27 37 12 3
1 19 8 4
4 43 8 4
4 27 4 5
12 47 4 5
23 34 4 5
7 49 9 4
13 35 9 4
1 28 5 5
2 24 5 5
11 20 5 5
8 30 10 4
11 49 10 4
37 48 15 3
0 35 6 5
2 26 6 5
5 46 6 5
28 40 11 4
0 39 7 5
25 43 7 5
20 46 12 4
38 48 12 4
5 29 8 5
18 26 8 5
11 21 4 6
24 34 4 6
1 9 9 5
25 45 9 5
3 36 14 4
29 47 15 4
8 17 11 5
15 45 7 6
11 44 17 4
25 41 18 4
6 12 15 6
10 36 17 6
(402 215)

Arvore 44
0 1 3 3
31 39 4 3
16 42 5 3
18 30 6 3
14 42 3 4
27 32 4 4
31 33 4 4
9 18 5 4
16 32 11 3
3 15 6 4
28 38 6 4
27 37 12 3
7 27 7 4
22 25 7 4
1 19 8 4
4 43 8 4
7 49 9 4
13 35 9 4
4 27 4 5
12 47 4 5
23 34 4 5
37 48 15 3
8 30 10 4
11 49 10 4
1 28 5 5
2 24 5 5
11 20 5 5
35 40 16 3
28 40 11 4
2 26 6 5
5 46 6 5
20 46 12 4
38 48 12 4
0 39 7 5
25 43 7 5
5 29 8 5
18 26 8 5
3 36 14 4
28 45 14 4
1 9 9 5
11 21 4 6
24 34 4 6
29 47 15 4
8 17 11 5
11 44 17 4
15 45 7 6
25 41 18 4
0 6 20 5
10 36 17 6
(422 211)

Arvore 45
0 1 3 3
31 39 4 3
16 42 5 3
18 30 6 3
14 42 3 4
27 32 4 4
31 33 4 4
16 32 11 3
9 18 5 4
27 37 12 3
3 15 6 4
28 38 6 4
7 27 7 4
22 25 7 4
1 19 8 4
4 43 8 4
37 48 15 3
7 49 9 4
13 35 9 4
35 40 16 3
8 30 10 4
11 49 10 4
4 27 4 5
12 47 4 5
23 34 4 5
28 40 11 4
1 28 5 5
2 24 5 5
11 20 5 5
20 46 12 4
38 48 12 4
2 26 6 5
5 46 6 5
22 27 13 4
0 39 7 5
3 36 14 4
28 45 14 4
5 29 8 5
18 26 8 5
29 47 15 4
1 9 9 5
11 21 4 6
24 34 4 6
11 44 17 4
8 17 11 5
25 41 18 4
15 45 7 6
0 6 20 5
10 36 17 6
(428 210)

Arvore 46
0 1 3 3
31 39 4 3
16 42 5 3
18 30 6 3
14 42 3 4
27 32 4 4
31 33 4 4
16 32 11 3
9 18 5 4
27 37 12 3
3 15 6 4
28 38 6 4
7 27 7 4
22 25 7 4
1 19 8 4
4 43 8 4
37 48 15 3
7 49 9 4
13 35 9 4
35 40 16 3
8 30 10 4
11 49 10 4
4 27 4 5
12 47 4 5
23 34 4 5
28 40 11 4
1 28 5 5
2 24 5 5
11 20 5 5
20 46 12 4
38 48 12 4
2 26 6 5
5 46 6 5
22 27 13 4
0 39 7 5
3 36 14 4
28 45 14 4
5 29 8 5
18 26 8 5
29 47 15 4
1 9 9 5
11 44 17 4
18 21 17 4
23 32 17 4
8 17 11 5
25 41 18 4
15 45 7 6
0 6 20 5
10 36 17 6
(454 206)

Arvore 47
0 1 3 3
31 39 4 3
16 42 5 3
18 30 6 3
14 42 3 4
16 32 11 3
27 32 4 4
31 33 4 4
27 37 12 3
9 18 5 4
3 15 6 4
28 38 6 4
7 27 7 4
22 25 7 4
37 48 15 3
1 19 8 4
4 43 8 4
35 40 16 3
7 49 9 4
13 35 9 4
8 30 10 4
11 49 10 4
4 42 18 3
28 40 11 4
12 47 4 5
23 34 4 5
20 46 12 4
38 48 12 4
1 28 5 5
2 24 5 5
11 20 5 5
22 27 13 4
2 26 6 5
5 46 6 5
3 36 14 4
28 45 14 4
0 39 7 5
29 47 15 4
5 29 8 5
18 26 8 5
18 49 16 4
11 44 17 4
18 21 17 4
23 32 17 4
25 41 18 4
8 17 11 5
15 45 7 6
0 6 20 5
10 36 17 6
(475 203)

Arvore 48
0 1 3 3
31 39 4 3
16 42 5 3
18 30 6 3
16 32 11 3
14 42 3 4
27 37 12 3
27 32 4 4
31 33 4 4
9 18 5 4
3 15 6 4
28 38 6 4
37 48 15 3
7 27 7 4
22 25 7 4
35 40 16 3
1 19 8 4
4 43 8 4
7 49 9 4
13 35 9 4
4 42 18 3
8 30 10 4
11 49 10 4
28 40 11 4
20 46 12 4
38 48 12 4
12 47 4 5
23 34 4 5
22 27 13 4
1 28 5 5
2 24 5 5
11 20 5 5
3 36 14 4
28 45 14 4
2 26 6 5
5 46 6 5
29 47 15 4
0 39 7 5
30 40 24 3
26 39 16 4
5 29 8 5
11 44 17 4
18 21 17 4
23 32 17 4
25 41 18 4
8 17 11 5
15 45 7 6
0 6 20 5
10 36 17 6
(491 201)

Arvore 49
0 1 3 3
31 39 4 3
16 42 5 3
18 30 6 3
16 32 11 3
14 42 3 4
27 37 12 3
27 32 4 4
31 33 4 4
9 18 5 4
3 15 6 4
28 38 6 4
37 48 15 3
7 27 7 4
22 25 7 4
35 40 16 3
1 19 8 4
4 43 8 4
7 49 9 4
13 35 9 4
4 42 18 3
8 30 10 4
11 49 10 4
28 40 11 4
20 46 12 4
38 48 12 4
12 47 4 5
23 34 4 5
22 27 13 4
1 28 5 5
2 24 5 5
11 20 5 5
3 36 14 4
28 45 14 4
2 26 6 5
5 46 6 5
29 47 15 4
16 39 24 3
30 40 24 3
26 39 16 4
5 29 8 5
11 44 17 4
18 21 17 4
23 32 17 4
25 41 18 4
8 17 11 5
15 45 7 6
0 6 20 5
10 36 17 6
(508 199)

Arvore 50
0 1 3 3
31 39 4 3
16 42 5 3
18 30 6 3
16 32 11 3
27 37 12 3
14 42 3 4
27 32 4 4
31 33 4 4
9 18 5 4
37 48 15 3
3 15 6 4
28 38 6 4
35 40 16 3
7 27 7 4
22 25 7 4
1 19 8 4
4 43 8 4
4 42 18 3
7 49 9 4
13 35 9 4
8 30 10 4
11 49 10 4
28 40 11 4
7 38 21 3
20 46 12 4
22 27 13 4
12 47 4 5
23 34 4 5
3 36 14 4
28 45 14 4
1 28 5 5
2 24 5 5
11 20 5 5
16 39 24 3
30 40 24 3
29 47 15 4
2 26 6 5
5 46 6 5
2 39 25 3
11 44 17 4
18 21 17 4
23 32 17 4
5 29 8 5
25 41 18 4
8 17 11 5
15 45 7 6
0 6 20 5
10 36 17 6
(526 197)

Arvore 51
0 1 3 3
31 39 4 3
16 42 5 3
18 30 6 3
16 32 11 3
27 37 12 3
14 42 3 4
27 32 4 4
31 33 4 4
37 48 15 3
9 18 5 4
35 40 16 3
3 15 6 4
28 38 6 4
7 27 7 4
22 25 7 4
4 42 18 3
1 19 8 4
4 43 8 4
7 49 9 4
13 35 9 4
8 30 10 4
11 49 10 4
7 38 21 3
28 40 11 4
20 46 12 4
22 27 13 4
16 39 24 3
30 40 24 3
3 36 14 4
28 45 14 4
12 47 4 5
23 34 4 5
2 39 25 3
29 47 15 4
1 28 5 5
2 24 5 5
11 20 5 5
26 39 16 4
5 46 6 5
11 44 17 4
18 21 17 4
23 32 17 4
25 41 18 4
5 29 8 5
8 17 11 5
15 45 7 6
0 6 20 5
10 36 17 6
(536 196)

Arvore 52
0 1 3 3
31 39 4 3
16 42 5 3
18 30 6 3
16 32 11 3
27 37 12 3
14 42 3 4
37 48 15 3
27 32 4 4
31 33 4 4
35 40 16 3
9 18 5 4
3 15 6 4
28 38 6 4
4 42 18 3
7 27 7 4
22 25 7 4
1 19 8 4
4 43 8 4
7 49 9 4
13 35 9 4
7 38 21 3
8 30 10 4
11 49 10 4
28 40 11 4
20 46 12 4
16 39 24 3
30 40 24 3
22 27 13 4
2 39 25 3
3 36 14 4
28 45 14 4
29 47 15 4
12 47 4 5
23 34 4 5
26 39 16 4
1 28 5 5
2 24 5 5
11 20 5 5
11 44 17 4
18 21 17 4
23 32 17 4
5 46 6 5
25 41 18 4
5 29 8 5
8 17 11 5
36 47 30 4
0 6 20 5
10 36 17 6
(559 194)

Arvore 53
0 1 3 3
31 39 4 3
16 42 5 3
18 30 6 3
16 32 11 3
27 37 12 3
37 48 15 3
14 42 3 4
35 40 16 3
27 32 4 4
31 33 4 4
9 18 5 4
4 42 18 3
3 15 6 4
28 38 6 4
7 27 7 4
22 25 7 4
1 19 8 4
4 43 8 4
7 38 21 3
7 49 9 4
13 35 9 4
8 30 10 4
11 49 10 4
28 40 11 4
16 39 24 3
30 40 24 3
20 46 12 4
2 39 25 3
22 27 13 4
3 36 14 4
28 45 14 4
29 47 15 4
26 39 16 4
12 47 4 5
23 34 4 5
11 44 17 4
18 21 17 4
23 32 17 4
1 28 5 5
2 24 5 5
11 20 5 5
25 41 18 4
5 46 6 5
12 19 20 4
8 17 11 5
36 47 30 4
0 6 20 5
10 36 17 6
(571 193)

Arvore 54
0 1 3 3
31 39 4 3
16 42 5 3
18 30 6 3
16 32 11 3
27 37 12 3
37 48 15 3
35 40 16 3
14 42 3 4
27 32 4 4
31 33 4 4
4 42 18 3
9 18 5 4
3 15 6 4
28 38 6 4
7 27 7 4
22 25 7 4
7 38 21 3
1 19 8 4
4 43 8 4
7 49 9 4
13 35 9 4
8 30 10 4
11 49 10 4
16 39 24 3
30 40 24 3
28 40 11 4
2 39 25 3
20 46 12 4
22 27 13 4
14 45 27 3
3 36 14 4
29 47 15 4
26 39 16 4
11 44 17 4
18 21 17 4
23 32 17 4
12 47 4 5
23 34 4 5
24 40 18 4
25 41 18 4
1 28 5 5
11 20 5 5
5 46 6 5
12 19 20 4
8 17 11 5
36 47 30 4
0 6 20 5
10 31 30 5
(610 190)

Arvore 55
0 1 3 3
31 39 4 3
16 42 5 3
18 30 6 3
16 32 11 3
27 37 12 3
37 48 15 3
35 40 16 3
4 42 18 3
14 42 3 4
27 32 4 4
31 33 4 4
9 18 5 4
7 38 21 3
3 15 6 4
28 38 6 4
7 27 7 4
22 25 7 4
1 19 8 4
4 43 8 4
16 39 24 3
30 40 24 3
7 49 9 4
13 35 9 4
2 39 25 3
8 30 10 4
11 49 10 4
28 40 11 4
14 45 27 3
20 46 12 4
22 27 13 4
3 36 14 4
29 47 15 4
26 39 16 4
11 44 17 4
18 21 17 4
23 32 17 4
24 40 18 4
25 41 18 4
1 26 19 4
12 47 4 5
23 34 4 5
12 19 20 4
11 20 5 5
5 46 6 5
8 17 11 5
36 47 30 4
0 6 20 5
10 31 30 5
(624 189)

Arvore 56
0 1 3 3
31 39 4 3
16 42 5 3
18 30 6 3
16 32 11 3
27 37 12 3
37 48 15 3
35 40 16 3
4 42 18 3
14 42 3 4
27 32 4 4
31 33 4 4
7 38 21 3
9 18 5 4
3 15 6 4
28 38 6 4
7 27 7 4
22 25 7 4
16 39 24 3
30 40 24 3
1 19 8 4
4 43 8 4
2 39 25 3
7 49 9 4
13 35 9 4
8 30 10 4
11 49 10 4
14 45 27 3
28 40 11 4
20 46 12 4
22 27 13 4
3 36 14 4
29 47 15 4
26 39 16 4
11 44 17 4
18 21 17 4
23 32 17 4
24 40 18 4
25 41 18 4
1 26 19 4
12 19 20 4
12 47 4 5
23 34 4 5
11 20 5 5
5 46 6 5
17 26 27 4
36 47 30 4
0 6 20 5
10 31 30 5
(640 188)

Arvore 57
0 1 3 3
31 39 4 3
16 42 5 3
18 30 6 3
16 32 11 3
27 37 12 3
37 48 15 3
35 40 16 3
4 42 18 3
7 38 21 3
14 42 3 4
27 32 4 4
31 33 4 4
9 18 5 4
16 39 24 3
30 40 24 3
3 15 6 4
28 38 6 4
2 39 25 3
7 27 7 4
22 25 7 4
1 19 8 4
4 43 8 4
14 45 27 3
7 49 9 4
13 35 9 4
8 30 10 4
11 49 10 4
28 40 11 4
20 46 12 4
22 27 13 4
3 36 14 4
29 47 15 4
26 39 16 4
11 44 17 4
18 21 17 4
23 32 17 4
24 40 18 4
25 41 18 4
1 26 19 4
12 19 20 4
12 47 4 5
23 34 4 5
27 46 23 4
5 46 6 5
17 26 27 4
36 47 30 4
0 6 20 5
10 31 30 5
(658 187)

Arvore 58
1 2 97 0
0 1 3 3
31 39 4 3
16 42 5 3
18 30 6 3
16 32 11 3
27 37 12 3
37 48 15 3
35 40 16 3
4 42 18 3
7 38 21 3
16 39 24 3
30 40 24 3
2 39 25 3
14 45 27 3
14 42 3 4
27 32 4 4
31 33 4 4
9 18 5 4
3 15 6 4
28 38 6 4
7 27 7 4
22 25 7 4
1 19 8 4
4 43 8 4
7 49 9 4
13 35 9 4
8 30 10 4
11 49 10 4
28 40 11 4
20 46 12 4
22 27 13 4
3 36 14 4
29 47 15 4
26 39 16 4
11 44 17 4
18 21 17 4
23 32 17 4
24 40 18 4
25 41 18 4
12 19 20 4
27 46 23 4
17 26 27 4
36 47 30 4
12 47 4 5
23 34 4 5
5 46 6 5
0 6 20 5
10 31 30 5
(736 183)


NAO SUPORTADAS: 
Arvore 59
0 1 3 3
14 42 3 4
35 48 3 10
0 12 3 12
5 36 3 13
15 41 3 15
13 17 3 16
33 45 3 17
10 15 3 19
31 39 4 3
29 43 3 22
27 32 4 4
31 33 4 4
4 27 4 5
12 47 4 5
23 34 4 5
14 18 3 24
25 48 3 24
11 21 4 6
24 34 4 6
16 34 3 26
0 22 4 8
26 46 4 8
18 29 3 27
26 29 3 27
34 40 3 27
3 17 4 9
23 31 3 28
15 23 4 10
14 38 4 12
17 37 4 12
19 42 4 12
0 18 4 13
12 30 4 13
15 25 4 14
30 49 4 16
35 36 4 16
3 7 4 17
23 38 4 18
4 17 4 19
6 44 4 19
27 47 4 19
9 18 5 4
8 24 4 23
1 28 5 5
2 24 5 5
11 20 5 5
10 44 4 27
4 21 4 28
(183 684)

Arvore 60
0 1 3 3
14 42 3 4
35 48 3 10
0 12 3 12
5 36 3 13
15 41 3 15
13 17 3 16
33 45 3 17
10 15 3 19
31 39 4 3
29 43 3 22
27 32 4 4
31 33 4 4
4 27 4 5
12 47 4 5
23 34 4 5
14 18 3 24
25 48 3 24
11 21 4 6
24 34 4 6
16 34 3 26
0 22 4 8
26 46 4 8
18 29 3 27
26 29 3 27
34 40 3 27
3 17 4 9
23 31 3 28
15 23 4 10
14 38 4 12
17 37 4 12
19 42 4 12
0 18 4 13
12 30 4 13
15 25 4 14
30 49 4 16
35 36 4 16
3 7 4 17
23 38 4 18
4 17 4 19
6 44 4 19
27 47 4 19
9 18 5 4
8 24 4 23
0 2 0 97
1 28 5 5
11 20 5 5
2 11 5 9
6 25 5 11
(180 741)

Arvore 61
0 1 3 3
14 42 3 4
35 48 3 10
0 12 3 12
5 36 3 13
15 41 3 15
13 17 3 16
33 45 3 17
10 15 3 19
31 39 4 3
29 43 3 22
27 32 4 4
31 33 4 4
4 27 4 5
12 47 4 5
23 34 4 5
14 18 3 24
25 48 3 24
11 21 4 6
24 34 4 6
16 34 3 26
0 22 4 8
26 46 4 8
18 29 3 27
26 29 3 27
34 40 3 27
3 17 4 9
23 31 3 28
15 23 4 10
14 38 4 12
17 37 4 12
19 42 4 12
0 18 4 13
12 30 4 13
15 25 4 14
30 49 4 16
35 36 4 16
3 7 4 17
4 17 4 19
6 44 4 19
27 47 4 19
16 42 5 3
9 18 5 4
8 24 4 23
0 2 0 97
1 28 5 5
11 20 5 5
2 11 5 9
6 25 5 11
(181 726)

Arvore 62
0 1 3 3
14 42 3 4
35 48 3 10
0 12 3 12
5 36 3 13
15 41 3 15
13 17 3 16
33 45 3 17
10 15 3 19
31 39 4 3
29 43 3 22
27 32 4 4
31 33 4 4
4 27 4 5
12 47 4 5
23 34 4 5
14 18 3 24
25 48 3 24
11 21 4 6
24 34 4 6
16 34 3 26
0 22 4 8
26 46 4 8
18 29 3 27
26 29 3 27
34 40 3 27
3 17 4 9
23 31 3 28
15 23 4 10
14 38 4 12
17 37 4 12
19 42 4 12
0 18 4 13
12 30 4 13
15 25 4 14
30 49 4 16
35 36 4 16
3 7 4 17
6 44 4 19
27 47 4 19
16 42 5 3
9 18 5 4
8 24 4 23
0 2 0 97
1 28 5 5
11 20 5 5
7 29 5 7
2 11 5 9
6 25 5 11
(182 714)

Arvore 63
0 1 3 3
14 42 3 4
35 48 3 10
0 12 3 12
5 36 3 13
31 39 4 3
27 32 4 4
31 33 4 4
15 41 3 15
4 27 4 5
12 47 4 5
23 34 4 5
13 17 3 16
11 21 4 6
24 34 4 6
33 45 3 17
0 22 4 8
26 46 4 8
10 15 3 19
3 17 4 9
15 23 4 10
29 43 3 22
14 38 4 12
17 37 4 12
19 42 4 12
0 18 4 13
12 30 4 13
16 42 5 3
14 18 3 24
25 48 3 24
15 25 4 14
9 18 5 4
1 28 5 5
2 24 5 5
11 20 5 5
16 34 3 26
30 49 4 16
35 36 4 16
18 29 3 27
26 29 3 27
34 40 3 27
7 29 5 7
12 17 5 7
23 31 3 28
4 17 4 19
6 44 4 19
2 11 5 9
6 25 5 11
8 24 4 23
(188 612)

Arvore 64
0 1 3 3
14 42 3 4
35 48 3 10
0 12 3 12
31 39 4 3
5 36 3 13
27 32 4 4
31 33 4 4
4 27 4 5
12 47 4 5
23 34 4 5
15 41 3 15
11 21 4 6
24 34 4 6
13 17 3 16
33 45 3 17
0 22 4 8
26 46 4 8
3 17 4 9
10 15 3 19
15 23 4 10
14 38 4 12
17 37 4 12
19 42 4 12
16 42 5 3
29 43 3 22
0 18 4 13
12 30 4 13
9 18 5 4
15 25 4 14
1 28 5 5
2 24 5 5
11 20 5 5
14 18 3 24
25 48 3 24
30 49 4 16
35 36 4 16
7 29 5 7
12 17 5 7
16 34 3 26
3 7 4 17
34 40 3 27
2 11 5 9
12 46 5 9
23 31 3 28
4 17 4 19
6 44 4 19
6 25 5 11
8 24 4 23
(191 584)

Arvore 65
0 1 3 3
14 42 3 4
35 48 3 10
0 12 3 12
31 39 4 3
5 36 3 13
27 32 4 4
31 33 4 4
4 27 4 5
12 47 4 5
23 34 4 5
15 41 3 15
11 21 4 6
24 34 4 6
13 17 3 16
33 45 3 17
0 22 4 8
26 46 4 8
3 17 4 9
10 15 3 19
15 23 4 10
14 38 4 12
17 37 4 12
19 42 4 12
16 42 5 3
29 43 3 22
0 18 4 13
12 30 4 13
9 18 5 4
15 25 4 14
1 28 5 5
2 24 5 5
11 20 5 5
14 18 3 24
25 48 3 24
30 49 4 16
35 36 4 16
7 29 5 7
12 17 5 7
16 34 3 26
3 7 4 17
26 29 3 27
34 40 3 27
2 11 5 9
23 31 3 28
6 44 4 19
20 27 5 10
6 25 5 11
8 24 4 23
(190 593)

Arvore 66
0 1 3 3
14 42 3 4
35 48 3 10
31 39 4 3
0 12 3 12
27 32 4 4
31 33 4 4
5 36 3 13
4 27 4 5
12 47 4 5
23 34 4 5
11 21 4 6
24 34 4 6
15 41 3 15
13 17 3 16
0 22 4 8
26 46 4 8
33 45 3 17
3 17 4 9
15 23 4 10
10 15 3 19
16 42 5 3
14 38 4 12
17 37 4 12
19 42 4 12
9 18 5 4
0 18 4 13
12 30 4 13
29 43 3 22
1 28 5 5
2 24 5 5
11 20 5 5
15 25 4 14
14 18 3 24
25 48 3 24
7 29 5 7
12 17 5 7
30 49 4 16
35 36 4 16
16 34 3 26
2 11 5 9
12 46 5 9
15 43 5 9
34 40 3 27
20 27 5 10
6 44 4 19
23 31 3 28
6 25 5 11
8 24 4 23
(193 567)

Arvore 67
0 1 3 3
14 42 3 4
35 48 3 10
31 39 4 3
0 12 3 12
27 32 4 4
31 33 4 4
5 36 3 13
4 27 4 5
12 47 4 5
23 34 4 5
11 21 4 6
24 34 4 6
15 41 3 15
13 17 3 16
0 22 4 8
26 46 4 8
33 45 3 17
3 17 4 9
15 23 4 10
10 15 3 19
16 42 5 3
14 38 4 12
17 37 4 12
19 42 4 12
9 18 5 4
0 18 4 13
12 30 4 13
1 28 5 5
2 24 5 5
11 20 5 5
29 43 3 22
15 25 4 14
7 29 5 7
12 17 5 7
25 48 3 24
30 49 4 16
35 36 4 16
3 7 4 17
12 42 4 17
2 11 5 9
12 46 5 9
15 43 5 9
20 27 5 10
34 40 3 27
6 44 4 19
6 25 5 11
23 31 3 28
8 24 4 23
(195 551)

Arvore 68
0 1 3 3
14 42 3 4
35 48 3 10
31 39 4 3
27 32 4 4
31 33 4 4
0 12 3 12
4 27 4 5
12 47 4 5
23 34 4 5
5 36 3 13
11 21 4 6
24 34 4 6
15 41 3 15
0 22 4 8
26 46 4 8
13 17 3 16
3 17 4 9
33 45 3 17
15 23 4 10
16 42 5 3
9 18 5 4
10 15 3 19
14 38 4 12
17 37 4 12
19 42 4 12
1 28 5 5
2 24 5 5
11 20 5 5
0 18 4 13
12 30 4 13
15 25 4 14
7 29 5 7
12 17 5 7
29 43 3 22
30 49 4 16
35 36 4 16
2 11 5 9
12 46 5 9
15 43 5 9
25 48 3 24
3 7 4 17
12 42 4 17
20 27 5 10
6 25 5 11
6 44 4 19
34 40 3 27
23 31 3 28
8 38 6 7
(197 535)

Arvore 69
0 1 3 3
14 42 3 4
31 39 4 3
35 48 3 10
27 32 4 4
31 33 4 4
4 27 4 5
12 47 4 5
23 34 4 5
0 12 3 12
11 21 4 6
24 34 4 6
5 36 3 13
0 22 4 8
26 46 4 8
15 41 3 15
3 17 4 9
13 17 3 16
16 42 5 3
15 23 4 10
33 45 3 17
9 18 5 4
1 28 5 5
2 24 5 5
11 20 5 5
14 38 4 12
17 37 4 12
19 42 4 12
10 15 3 19
0 18 4 13
12 30 4 13
7 29 5 7
12 17 5 7
15 25 4 14
29 43 3 22
2 11 5 9
12 46 5 9
15 43 5 9
30 49 4 16
35 36 4 16
20 27 5 10
12 42 4 17
3 15 6 4
25 48 3 24
6 25 5 11
6 44 4 19
8 38 6 7
34 40 3 27
23 31 3 28
(199 522)

Arvore 70
0 1 3 3
14 42 3 4
31 39 4 3
35 48 3 10
27 32 4 4
31 33 4 4
4 27 4 5
12 47 4 5
23 34 4 5
0 12 3 12
11 21 4 6
24 34 4 6
5 36 3 13
0 22 4 8
26 46 4 8
15 41 3 15
3 17 4 9
16 42 5 3
13 17 3 16
15 23 4 10
9 18 5 4
33 45 3 17
1 28 5 5
2 24 5 5
11 20 5 5
14 38 4 12
17 37 4 12
19 42 4 12
10 15 3 19
0 18 4 13
12 30 4 13
7 29 5 7
12 17 5 7
15 25 4 14
2 11 5 9
12 46 5 9
15 43 5 9
29 43 3 22
30 49 4 16
35 36 4 16
20 27 5 10
3 15 6 4
28 38 6 4
6 25 5 11
25 48 3 24
6 44 4 19
8 38 6 7
34 40 3 27
23 31 3 28
(201 509)

Arvore 71
0 1 3 3
14 42 3 4
31 39 4 3
35 48 3 10
27 32 4 4
31 33 4 4
4 27 4 5
12 47 4 5
23 34 4 5
0 12 3 12
11 21 4 6
24 34 4 6
5 36 3 13
0 22 4 8
26 46 4 8
15 41 3 15
3 17 4 9
16 42 5 3
13 17 3 16
15 23 4 10
9 18 5 4
33 45 3 17
1 28 5 5
2 24 5 5
11 20 5 5
14 38 4 12
17 37 4 12
19 42 4 12
10 15 3 19
0 18 4 13
12 30 4 13
7 29 5 7
12 17 5 7
15 25 4 14
2 11 5 9
12 46 5 9
15 43 5 9
29 43 3 22
30 49 4 16
35 36 4 16
20 27 5 10
3 15 6 4
12 42 4 17
6 25 5 11
0 35 6 5
6 44 4 19
8 38 6 7
34 40 3 27
23 31 3 28
(202 503)

Arvore 72
0 1 3 3
14 42 3 4
31 39 4 3
27 32 4 4
31 33 4 4
35 48 3 10
4 27 4 5
12 47 4 5
23 34 4 5
11 21 4 6
24 34 4 6
0 12 3 12
5 36 3 13
0 22 4 8
26 46 4 8
16 42 5 3
3 17 4 9
15 41 3 15
9 18 5 4
15 23 4 10
13 17 3 16
1 28 5 5
2 24 5 5
11 20 5 5
33 45 3 17
14 38 4 12
17 37 4 12
19 42 4 12
7 29 5 7
12 17 5 7
0 18 4 13
12 30 4 13
10 15 3 19
15 25 4 14
2 11 5 9
12 46 5 9
15 43 5 9
28 38 6 4
1 21 5 10
20 27 5 10
30 49 4 16
35 36 4 16
29 43 3 22
0 35 6 5
6 25 5 11
8 38 6 7
6 44 4 19
34 40 3 27
0 39 7 5
(207 473)

Arvore 73
0 1 3 3
14 42 3 4
31 39 4 3
27 32 4 4
31 33 4 4
35 48 3 10
4 27 4 5
12 47 4 5
23 34 4 5
11 21 4 6
24 34 4 6
0 12 3 12
5 36 3 13
0 22 4 8
26 46 4 8
16 42 5 3
3 17 4 9
15 41 3 15
9 18 5 4
15 23 4 10
13 17 3 16
1 28 5 5
2 24 5 5
11 20 5 5
33 45 3 17
14 38 4 12
17 37 4 12
19 42 4 12
7 29 5 7
12 17 5 7
0 18 4 13
12 30 4 13
10 15 3 19
15 25 4 14
2 11 5 9
12 46 5 9
15 43 5 9
3 15 6 4
28 38 6 4
20 27 5 10
30 49 4 16
29 43 3 22
0 35 6 5
5 46 6 5
6 25 5 11
8 38 6 7
6 44 4 19
34 40 3 27
23 31 3 28
(206 479)

Arvore 74
0 1 3 3
14 42 3 4
31 39 4 3
27 32 4 4
31 33 4 4
35 48 3 10
4 27 4 5
12 47 4 5
23 34 4 5
11 21 4 6
24 34 4 6
0 12 3 12
5 36 3 13
0 22 4 8
26 46 4 8
16 42 5 3
3 17 4 9
15 41 3 15
9 18 5 4
15 23 4 10
13 17 3 16
1 28 5 5
2 24 5 5
11 20 5 5
33 45 3 17
14 38 4 12
17 37 4 12
19 42 4 12
7 29 5 7
12 17 5 7
0 18 4 13
12 30 4 13
10 15 3 19
15 25 4 14
2 11 5 9
12 46 5 9
15 43 5 9
28 38 6 4
1 21 5 10
20 27 5 10
30 49 4 16
29 43 3 22
0 35 6 5
5 46 6 5
6 25 5 11
8 38 6 7
6 44 4 19
34 40 3 27
23 31 3 28
(205 485)

Arvore 75
0 1 3 3
14 42 3 4
31 39 4 3
27 32 4 4
31 33 4 4
35 48 3 10
4 27 4 5
12 47 4 5
23 34 4 5
11 21 4 6
24 34 4 6
0 12 3 12
5 36 3 13
0 22 4 8
26 46 4 8
16 42 5 3
3 17 4 9
15 41 3 15
9 18 5 4
15 23 4 10
13 17 3 16
1 28 5 5
2 24 5 5
11 20 5 5
33 45 3 17
14 38 4 12
17 37 4 12
19 42 4 12
7 29 5 7
12 17 5 7
0 18 4 13
12 30 4 13
10 15 3 19
15 25 4 14
2 11 5 9
12 46 5 9
15 43 5 9
3 15 6 4
28 38 6 4
20 27 5 10
30 49 4 16
35 36 4 16
5 46 6 5
6 25 5 11
3 7 4 17
8 38 6 7
6 44 4 19
34 40 3 27
0 39 7 5
(209 462)

Arvore 76
0 1 3 3
14 42 3 4
31 39 4 3
27 32 4 4
31 33 4 4
35 48 3 10
4 27 4 5
12 47 4 5
23 34 4 5
11 21 4 6
24 34 4 6
0 12 3 12
5 36 3 13
0 22 4 8
26 46 4 8
16 42 5 3
3 17 4 9
9 18 5 4
15 41 3 15
15 23 4 10
1 28 5 5
2 24 5 5
11 20 5 5
13 17 3 16
33 45 3 17
14 38 4 12
17 37 4 12
19 42 4 12
7 29 5 7
12 17 5 7
12 30 4 13
18 30 6 3
10 15 3 19
15 25 4 14
2 11 5 9
12 46 5 9
15 43 5 9
3 15 6 4
28 38 6 4
20 27 5 10
0 35 6 5
5 46 6 5
30 49 4 16
6 25 5 11
29 43 3 22
8 38 6 7
6 44 4 19
0 39 7 5
34 40 3 27
(212 446)

Arvore 77
0 1 3 3
14 42 3 4
31 39 4 3
27 32 4 4
31 33 4 4
35 48 3 10
4 27 4 5
12 47 4 5
23 34 4 5
11 21 4 6
24 34 4 6
0 12 3 12
5 36 3 13
0 22 4 8
26 46 4 8
16 42 5 3
3 17 4 9
9 18 5 4
15 41 3 15
15 23 4 10
1 28 5 5
2 24 5 5
11 20 5 5
13 17 3 16
33 45 3 17
14 38 4 12
17 37 4 12
19 42 4 12
7 29 5 7
12 17 5 7
0 18 4 13
12 30 4 13
10 15 3 19
15 25 4 14
2 11 5 9
12 46 5 9
15 43 5 9
3 15 6 4
28 38 6 4
20 27 5 10
0 35 6 5
5 46 6 5
30 49 4 16
6 25 5 11
3 7 4 17
8 38 6 7
6 44 4 19
0 39 7 5
34 40 3 27
(211 451)

Arvore 78
0 1 3 3
14 42 3 4
31 39 4 3
27 32 4 4
31 33 4 4
4 27 4 5
12 47 4 5
23 34 4 5
35 48 3 10
11 21 4 6
24 34 4 6
0 12 3 12
16 42 5 3
0 22 4 8
26 46 4 8
5 36 3 13
9 18 5 4
3 17 4 9
1 28 5 5
2 24 5 5
11 20 5 5
15 23 4 10
15 41 3 15
13 17 3 16
7 29 5 7
12 17 5 7
14 38 4 12
17 37 4 12
19 42 4 12
33 45 3 17
18 30 6 3
12 30 4 13
3 15 6 4
28 38 6 4
2 11 5 9
12 46 5 9
15 43 5 9
15 25 4 14
10 15 3 19
0 35 6 5
5 46 6 5
20 27 5 10
6 25 5 11
30 49 4 16
8 38 6 7
29 43 3 22
6 44 4 19
0 39 7 5
4 40 7 8
(216 427)

Arvore 79
0 1 3 3
14 42 3 4
31 39 4 3
27 32 4 4
31 33 4 4
4 27 4 5
12 47 4 5
23 34 4 5
35 48 3 10
11 21 4 6
24 34 4 6
0 12 3 12
16 42 5 3
0 22 4 8
26 46 4 8
5 36 3 13
9 18 5 4
3 17 4 9
1 28 5 5
2 24 5 5
11 20 5 5
15 23 4 10
15 41 3 15
13 17 3 16
7 29 5 7
12 17 5 7
14 38 4 12
17 37 4 12
19 42 4 12
33 45 3 17
18 30 6 3
12 30 4 13
3 15 6 4
28 38 6 4
2 11 5 9
12 46 5 9
15 43 5 9
15 25 4 14
0 35 6 5
5 46 6 5
10 47 5 10
20 27 5 10
6 25 5 11
30 49 4 16
8 38 6 7
3 7 4 17
6 44 4 19
0 39 7 5
34 40 3 27
(215 432)

Arvore 80
0 1 3 3
14 42 3 4
31 39 4 3
27 32 4 4
31 33 4 4
4 27 4 5
12 47 4 5
23 34 4 5
35 48 3 10
11 21 4 6
24 34 4 6
0 12 3 12
16 42 5 3
0 22 4 8
26 46 4 8
5 36 3 13
9 18 5 4
3 17 4 9
1 28 5 5
2 24 5 5
11 20 5 5
15 23 4 10
15 41 3 15
13 17 3 16
7 29 5 7
12 17 5 7
14 38 4 12
17 37 4 12
19 42 4 12
33 45 3 17
18 30 6 3
12 30 4 13
3 15 6 4
28 38 6 4
2 11 5 9
15 43 5 9
15 25 4 14
10 15 3 19
0 35 6 5
2 26 6 5
5 46 6 5
20 27 5 10
6 25 5 11
30 49 4 16
8 38 6 7
3 7 4 17
6 44 4 19
0 39 7 5
34 40 3 27
(214 437)

Arvore 81
0 1 3 3
14 42 3 4
31 39 4 3
27 32 4 4
31 33 4 4
4 27 4 5
12 47 4 5
23 34 4 5
35 48 3 10
11 21 4 6
24 34 4 6
0 12 3 12
16 42 5 3
0 22 4 8
26 46 4 8
5 36 3 13
9 18 5 4
3 17 4 9
1 28 5 5
2 24 5 5
11 20 5 5
15 23 4 10
15 41 3 15
13 17 3 16
7 29 5 7
12 17 5 7
14 38 4 12
17 37 4 12
19 42 4 12
18 30 6 3
33 45 3 17
12 30 4 13
3 15 6 4
28 38 6 4
2 11 5 9
15 43 5 9
15 25 4 14
0 35 6 5
2 26 6 5
5 46 6 5
10 15 3 19
20 27 5 10
6 25 5 11
30 49 4 16
8 38 6 7
3 7 4 17
0 39 7 5
6 44 4 19
4 40 7 8
(218 418)

Arvore 82
0 1 3 3
14 42 3 4
31 39 4 3
27 32 4 4
31 33 4 4
4 27 4 5
12 47 4 5
23 34 4 5
35 48 3 10
11 21 4 6
24 34 4 6
16 42 5 3
0 12 3 12
0 22 4 8
26 46 4 8
9 18 5 4
5 36 3 13
3 17 4 9
1 28 5 5
2 24 5 5
11 20 5 5
15 23 4 10
15 41 3 15
7 29 5 7
12 17 5 7
13 17 3 16
18 30 6 3
14 38 4 12
17 37 4 12
19 42 4 12
33 45 3 17
3 15 6 4
28 38 6 4
12 30 4 13
2 11 5 9
15 43 5 9
0 35 6 5
2 26 6 5
5 46 6 5
15 25 4 14
10 47 5 10
20 27 5 10
6 25 5 11
8 38 6 7
30 49 4 16
3 7 4 17
0 39 7 5
6 44 4 19
4 40 7 8
(220 409)

Arvore 83
0 1 3 3
14 42 3 4
31 39 4 3
27 32 4 4
31 33 4 4
4 27 4 5
12 47 4 5
23 34 4 5
35 48 3 10
11 21 4 6
24 34 4 6
16 42 5 3
0 12 3 12
0 22 4 8
26 46 4 8
9 18 5 4
5 36 3 13
3 17 4 9
1 28 5 5
2 24 5 5
11 20 5 5
15 23 4 10
15 41 3 15
7 29 5 7
12 17 5 7
13 17 3 16
18 30 6 3
14 38 4 12
17 37 4 12
19 42 4 12
33 45 3 17
3 15 6 4
28 38 6 4
0 18 4 13
2 11 5 9
15 43 5 9
0 35 6 5
2 26 6 5
5 46 6 5
15 25 4 14
20 27 5 10
10 15 3 19
6 25 5 11
8 38 6 7
30 49 4 16
7 27 7 4
0 39 7 5
6 44 4 19
4 40 7 8
(221 405)

Arvore 84
0 1 3 3
14 42 3 4
31 39 4 3
27 32 4 4
31 33 4 4
4 27 4 5
12 47 4 5
23 34 4 5
35 48 3 10
11 21 4 6
24 34 4 6
16 42 5 3
0 12 3 12
0 22 4 8
26 46 4 8
9 18 5 4
5 36 3 13
3 17 4 9
1 28 5 5
2 24 5 5
11 20 5 5
15 23 4 10
15 41 3 15
7 29 5 7
12 17 5 7
18 30 6 3
13 17 3 16
14 38 4 12
17 37 4 12
19 42 4 12
3 15 6 4
28 38 6 4
33 45 3 17
0 18 4 13
2 11 5 9
12 46 5 9
15 43 5 9
0 35 6 5
5 46 6 5
15 25 4 14
10 47 5 10
20 27 5 10
6 25 5 11
8 38 6 7
30 49 4 16
7 27 7 4
0 39 7 5
2 44 7 7
4 40 7 8
(225 388)

Arvore 85
0 1 3 3
14 42 3 4
31 39 4 3
27 32 4 4
31 33 4 4
4 27 4 5
12 47 4 5
23 34 4 5
35 48 3 10
11 21 4 6
24 34 4 6
16 42 5 3
0 12 3 12
0 22 4 8
26 46 4 8
9 18 5 4
5 36 3 13
3 17 4 9
1 28 5 5
2 24 5 5
11 20 5 5
15 23 4 10
15 41 3 15
7 29 5 7
12 17 5 7
18 30 6 3
13 17 3 16
14 38 4 12
17 37 4 12
19 42 4 12
3 15 6 4
28 38 6 4
33 45 3 17
12 30 4 13
2 11 5 9
15 43 5 9
0 35 6 5
2 26 6 5
5 46 6 5
15 25 4 14
10 47 5 10
20 27 5 10
6 25 5 11
8 38 6 7
30 49 4 16
7 27 7 4
0 39 7 5
6 44 4 19
4 40 7 8
(223 396)

Arvore 86
0 1 3 3
14 42 3 4
31 39 4 3
27 32 4 4
31 33 4 4
4 27 4 5
12 47 4 5
23 34 4 5
35 48 3 10
11 21 4 6
24 34 4 6
16 42 5 3
0 12 3 12
0 22 4 8
26 46 4 8
9 18 5 4
5 36 3 13
3 17 4 9
1 28 5 5
2 24 5 5
11 20 5 5
15 23 4 10
15 41 3 15
7 29 5 7
12 17 5 7
18 30 6 3
13 17 3 16
14 38 4 12
17 37 4 12
19 42 4 12
3 15 6 4
28 38 6 4
33 45 3 17
2 11 5 9
15 43 5 9
0 35 6 5
2 26 6 5
5 46 6 5
15 25 4 14
10 47 5 10
20 27 5 10
23 30 5 10
6 25 5 11
8 38 6 7
30 49 4 16
7 27 7 4
0 39 7 5
6 44 4 19
4 40 7 8
(224 393)

Arvore 87
0 1 3 3
14 42 3 4
31 39 4 3
27 32 4 4
31 33 4 4
4 27 4 5
12 47 4 5
23 34 4 5
11 21 4 6
24 34 4 6
16 42 5 3
35 48 3 10
9 18 5 4
0 22 4 8
26 46 4 8
1 28 5 5
2 24 5 5
11 20 5 5
0 12 3 12
3 17 4 9
5 36 3 13
18 30 6 3
15 23 4 10
7 29 5 7
12 17 5 7
3 15 6 4
28 38 6 4
15 41 3 15
0 35 6 5
2 26 6 5
5 46 6 5
14 38 4 12
17 37 4 12
19 42 4 12
2 11 5 9
15 43 5 9
13 17 3 16
10 47 5 10
20 27 5 10
23 30 5 10
33 45 3 17
8 38 6 7
15 25 4 14
7 27 7 4
6 25 5 11
0 39 7 5
30 49 4 16
2 44 7 7
4 40 7 8
(227 381)

Arvore 88
0 1 3 3
14 42 3 4
31 39 4 3
27 32 4 4
31 33 4 4
4 27 4 5
12 47 4 5
23 34 4 5
11 21 4 6
24 34 4 6
16 42 5 3
35 48 3 10
9 18 5 4
0 22 4 8
26 46 4 8
1 28 5 5
2 24 5 5
11 20 5 5
0 12 3 12
3 17 4 9
5 36 3 13
18 30 6 3
15 23 4 10
7 29 5 7
12 17 5 7
3 15 6 4
28 38 6 4
15 41 3 15
0 35 6 5
2 26 6 5
5 46 6 5
14 38 4 12
17 37 4 12
19 42 4 12
2 11 5 9
15 43 5 9
13 17 3 16
10 47 5 10
23 30 5 10
33 45 3 17
4 41 6 7
8 38 6 7
15 25 4 14
7 27 7 4
6 25 5 11
0 39 7 5
30 49 4 16
2 44 7 7
4 40 7 8
(228 378)

Arvore 89
0 1 3 3
14 42 3 4
31 39 4 3
27 32 4 4
31 33 4 4
4 27 4 5
12 47 4 5
23 34 4 5
11 21 4 6
24 34 4 6
16 42 5 3
35 48 3 10
9 18 5 4
0 22 4 8
26 46 4 8
1 28 5 5
2 24 5 5
11 20 5 5
0 12 3 12
3 17 4 9
18 30 6 3
5 36 3 13
15 23 4 10
7 29 5 7
12 17 5 7
3 15 6 4
28 38 6 4
0 35 6 5
2 26 6 5
5 46 6 5
15 41 3 15
14 38 4 12
17 37 4 12
19 42 4 12
2 11 5 9
15 43 5 9
13 17 3 16
0 18 4 13
10 47 5 10
4 41 6 7
8 38 6 7
7 27 7 4
22 25 7 4
33 45 3 17
6 25 5 11
0 39 7 5
30 49 4 16
2 44 7 7
4 40 7 8
(230 371)

Arvore 90
0 1 3 3
14 42 3 4
31 39 4 3
27 32 4 4
31 33 4 4
4 27 4 5
12 47 4 5
23 34 4 5
16 42 5 3
11 21 4 6
24 34 4 6
9 18 5 4
35 48 3 10
1 28 5 5
2 24 5 5
11 20 5 5
0 22 4 8
26 46 4 8
18 30 6 3
3 17 4 9
0 12 3 12
3 15 6 4
28 38 6 4
7 29 5 7
12 17 5 7
15 23 4 10
5 36 3 13
0 35 6 5
2 26 6 5
5 46 6 5
2 11 5 9
15 43 5 9
14 38 4 12
17 37 4 12
19 42 4 12
15 41 3 15
7 27 7 4
22 25 7 4
8 38 6 7
10 47 5 10
20 27 5 10
23 30 5 10
13 17 3 16
0 39 7 5
6 25 5 11
15 45 7 6
2 44 7 7
30 49 4 16
4 40 7 8
(234 360)

Arvore 91
0 1 3 3
14 42 3 4
31 39 4 3
27 32 4 4
31 33 4 4
4 27 4 5
12 47 4 5
23 34 4 5
16 42 5 3
11 21 4 6
24 34 4 6
9 18 5 4
35 48 3 10
1 28 5 5
2 24 5 5
11 20 5 5
0 22 4 8
26 46 4 8
18 30 6 3
3 17 4 9
0 12 3 12
3 15 6 4
28 38 6 4
7 29 5 7
12 17 5 7
15 23 4 10
5 36 3 13
0 35 6 5
2 26 6 5
5 46 6 5
2 11 5 9
15 43 5 9
14 38 4 12
17 37 4 12
19 42 4 12
7 27 7 4
22 25 7 4
4 41 6 7
8 38 6 7
10 47 5 10
20 27 5 10
23 30 5 10
13 17 3 16
0 39 7 5
6 25 5 11
33 45 3 17
2 44 7 7
30 49 4 16
4 40 7 8
(233 363)

Arvore 92
0 1 3 3
14 42 3 4
31 39 4 3
27 32 4 4
31 33 4 4
4 27 4 5
12 47 4 5
23 34 4 5
16 42 5 3
11 21 4 6
24 34 4 6
9 18 5 4
35 48 3 10
1 28 5 5
2 24 5 5
11 20 5 5
0 22 4 8
26 46 4 8
18 30 6 3
3 17 4 9
0 12 3 12
3 15 6 4
28 38 6 4
7 29 5 7
12 17 5 7
15 23 4 10
5 36 3 13
0 35 6 5
2 26 6 5
5 46 6 5
2 11 5 9
15 43 5 9
14 38 4 12
17 37 4 12
19 42 4 12
7 27 7 4
22 25 7 4
4 41 6 7
8 38 6 7
10 47 5 10
20 27 5 10
0 18 4 13
13 17 3 16
0 39 7 5
6 25 5 11
33 45 3 17
2 44 7 7
30 49 4 16
4 40 7 8
(232 366)

Arvore 93
0 1 3 3
14 42 3 4
31 39 4 3
27 32 4 4
31 33 4 4
4 27 4 5
12 47 4 5
23 34 4 5
16 42 5 3
11 21 4 6
24 34 4 6
9 18 5 4
35 48 3 10
1 28 5 5
2 24 5 5
11 20 5 5
0 22 4 8
26 46 4 8
18 30 6 3
3 17 4 9
3 15 6 4
28 38 6 4
0 12 3 12
7 29 5 7
12 17 5 7
15 23 4 10
0 35 6 5
2 26 6 5
5 46 6 5
5 36 3 13
2 11 5 9
15 43 5 9
7 27 7 4
22 25 7 4
14 38 4 12
17 37 4 12
19 42 4 12
4 41 6 7
8 38 6 7
10 47 5 10
20 27 5 10
0 39 7 5
0 18 4 13
13 17 3 16
6 25 5 11
15 45 7 6
2 44 7 7
4 40 7 8
30 49 4 16
(236 355)

Arvore 94
0 1 3 3
14 42 3 4
31 39 4 3
27 32 4 4
31 33 4 4
4 27 4 5
12 47 4 5
23 34 4 5
16 42 5 3
11 21 4 6
24 34 4 6
9 18 5 4
1 28 5 5
2 24 5 5
11 20 5 5
35 48 3 10
18 30 6 3
0 22 4 8
26 46 4 8
3 15 6 4
28 38 6 4
3 17 4 9
7 29 5 7
12 17 5 7
0 12 3 12
0 35 6 5
2 26 6 5
5 46 6 5
15 23 4 10
5 36 3 13
7 27 7 4
22 25 7 4
2 11 5 9
15 43 5 9
4 41 6 7
8 38 6 7
14 38 4 12
17 37 4 12
19 42 4 12
0 39 7 5
10 47 5 10
23 30 5 10
15 41 3 15
15 45 7 6
6 25 5 11
13 17 3 16
2 44 7 7
4 40 7 8
7 49 9 4
(240 345)

Arvore 95
0 1 3 3
14 42 3 4
31 39 4 3
27 32 4 4
31 33 4 4
4 27 4 5
12 47 4 5
23 34 4 5
16 42 5 3
11 21 4 6
24 34 4 6
9 18 5 4
1 28 5 5
2 24 5 5
11 20 5 5
35 48 3 10
18 30 6 3
0 22 4 8
26 46 4 8
3 15 6 4
28 38 6 4
3 17 4 9
7 29 5 7
12 17 5 7
0 12 3 12
0 35 6 5
2 26 6 5
5 46 6 5
15 23 4 10
5 36 3 13
7 27 7 4
22 25 7 4
2 11 5 9
15 43 5 9
4 41 6 7
8 38 6 7
14 38 4 12
17 37 4 12
19 42 4 12
0 39 7 5
10 47 5 10
23 30 5 10
3 4 6 8
15 45 7 6
6 25 5 11
13 17 3 16
2 44 7 7
4 40 7 8
30 49 4 16
(238 350)

Arvore 96
0 1 3 3
14 42 3 4
31 39 4 3
27 32 4 4
31 33 4 4
4 27 4 5
12 47 4 5
23 34 4 5
16 42 5 3
11 21 4 6
24 34 4 6
9 18 5 4
1 28 5 5
2 24 5 5
11 20 5 5
35 48 3 10
18 30 6 3
0 22 4 8
26 46 4 8
3 15 6 4
28 38 6 4
3 17 4 9
7 29 5 7
12 17 5 7
0 12 3 12
0 35 6 5
2 26 6 5
5 46 6 5
15 23 4 10
5 36 3 13
7 27 7 4
22 25 7 4
2 11 5 9
15 43 5 9
4 41 6 7
8 38 6 7
14 38 4 12
17 37 4 12
19 42 4 12
0 39 7 5
10 47 5 10
20 27 5 10
0 18 4 13
15 45 7 6
6 25 5 11
13 17 3 16
2 44 7 7
4 40 7 8
7 49 9 4
(241 343)

Arvore 97
0 1 3 3
14 42 3 4
31 39 4 3
27 32 4 4
31 33 4 4
4 27 4 5
12 47 4 5
23 34 4 5
16 42 5 3
11 21 4 6
24 34 4 6
9 18 5 4
1 28 5 5
2 24 5 5
11 20 5 5
35 48 3 10
18 30 6 3
0 22 4 8
26 46 4 8
3 15 6 4
28 38 6 4
3 17 4 9
7 29 5 7
12 17 5 7
0 12 3 12
0 35 6 5
2 26 6 5
5 46 6 5
15 23 4 10
5 36 3 13
7 27 7 4
22 25 7 4
2 11 5 9
4 41 6 7
8 38 6 7
14 38 4 12
17 37 4 12
19 42 4 12
0 39 7 5
25 43 7 5
10 47 5 10
20 27 5 10
23 30 5 10
15 45 7 6
6 25 5 11
13 17 3 16
2 44 7 7
4 40 7 8
30 49 4 16
(239 348)

Arvore 98
0 1 3 3
14 42 3 4
31 39 4 3
27 32 4 4
31 33 4 4
4 27 4 5
12 47 4 5
23 34 4 5
16 42 5 3
11 21 4 6
24 34 4 6
9 18 5 4
1 28 5 5
2 24 5 5
11 20 5 5
18 30 6 3
35 48 3 10
0 22 4 8
26 46 4 8
3 15 6 4
28 38 6 4
3 17 4 9
7 29 5 7
12 17 5 7
0 35 6 5
2 26 6 5
5 46 6 5
0 12 3 12
15 23 4 10
7 27 7 4
22 25 7 4
5 36 3 13
2 11 5 9
4 41 6 7
8 38 6 7
0 39 7 5
25 43 7 5
14 38 4 12
17 37 4 12
19 42 4 12
10 47 5 10
20 27 5 10
23 30 5 10
15 45 7 6
6 25 5 11
2 44 7 7
13 17 3 16
4 40 7 8
7 49 9 4
(244 336)

Arvore 99
0 1 3 3
14 42 3 4
31 39 4 3
27 32 4 4
31 33 4 4
4 27 4 5
12 47 4 5
23 34 4 5
16 42 5 3
11 21 4 6
24 34 4 6
9 18 5 4
1 28 5 5
2 24 5 5
11 20 5 5
18 30 6 3
35 48 3 10
0 22 4 8
26 46 4 8
3 15 6 4
28 38 6 4
3 17 4 9
7 29 5 7
12 17 5 7
0 35 6 5
2 26 6 5
5 46 6 5
0 12 3 12
15 23 4 10
7 27 7 4
22 25 7 4
5 36 3 13
2 11 5 9
15 43 5 9
4 41 6 7
8 38 6 7
0 39 7 5
17 37 4 12
19 42 4 12
10 47 5 10
20 27 5 10
23 30 5 10
15 45 7 6
18 42 7 6
6 25 5 11
2 44 7 7
13 17 3 16
4 40 7 8
7 49 9 4
(245 334)

Arvore 100
0 1 3 3
14 42 3 4
31 39 4 3
27 32 4 4
31 33 4 4
4 27 4 5
12 47 4 5
23 34 4 5
16 42 5 3
11 21 4 6
24 34 4 6
9 18 5 4
1 28 5 5
2 24 5 5
11 20 5 5
18 30 6 3
35 48 3 10
0 22 4 8
26 46 4 8
3 15 6 4
28 38 6 4
3 17 4 9
7 29 5 7
12 17 5 7
0 35 6 5
2 26 6 5
5 46 6 5
0 12 3 12
15 23 4 10
7 27 7 4
22 25 7 4
5 36 3 13
2 11 5 9
4 41 6 7
8 38 6 7
0 39 7 5
25 43 7 5
17 37 4 12
19 42 4 12
10 47 5 10
20 27 5 10
23 30 5 10
15 45 7 6
18 42 7 6
6 25 5 11
2 44 7 7
13 17 3 16
4 40 7 8
7 49 9 4
(247 330)

Arvore 101
0 1 3 3
14 42 3 4
31 39 4 3
27 32 4 4
31 33 4 4
4 27 4 5
12 47 4 5
23 34 4 5
16 42 5 3
11 21 4 6
24 34 4 6
9 18 5 4
1 28 5 5
2 24 5 5
11 20 5 5
18 30 6 3
35 48 3 10
0 22 4 8
26 46 4 8
3 15 6 4
28 38 6 4
3 17 4 9
7 29 5 7
12 17 5 7
0 35 6 5
2 26 6 5
5 46 6 5
0 12 3 12
15 23 4 10
7 27 7 4
22 25 7 4
5 36 3 13
2 11 5 9
4 41 6 7
8 38 6 7
0 39 7 5
25 43 7 5
14 38 4 12
17 37 4 12
19 42 4 12
10 47 5 10
20 27 5 10
23 30 5 10
15 45 7 6
6 25 5 11
2 44 7 7
4 40 7 8
7 49 9 4
13 35 9 4
(250 324)

Arvore 102
0 1 3 3
14 42 3 4
31 39 4 3
27 32 4 4
31 33 4 4
4 27 4 5
12 47 4 5
23 34 4 5
16 42 5 3
11 21 4 6
24 34 4 6
9 18 5 4
1 28 5 5
2 24 5 5
11 20 5 5
18 30 6 3
35 48 3 10
0 22 4 8
26 46 4 8
3 15 6 4
28 38 6 4
3 17 4 9
7 29 5 7
12 17 5 7
0 35 6 5
2 26 6 5
5 46 6 5
0 12 3 12
15 23 4 10
7 27 7 4
22 25 7 4
5 36 3 13
2 11 5 9
4 41 6 7
8 38 6 7
0 39 7 5
25 43 7 5
14 38 4 12
17 37 4 12
19 42 4 12
10 47 5 10
20 27 5 10
15 45 7 6
18 42 7 6
6 25 5 11
2 44 7 7
13 17 3 16
4 40 7 8
7 49 9 4
(246 332)

Arvore 103
0 1 3 3
14 42 3 4
31 39 4 3
27 32 4 4
31 33 4 4
4 27 4 5
12 47 4 5
23 34 4 5
16 42 5 3
11 21 4 6
24 34 4 6
9 18 5 4
1 28 5 5
2 24 5 5
11 20 5 5
18 30 6 3
35 48 3 10
0 22 4 8
26 46 4 8
3 15 6 4
28 38 6 4
3 17 4 9
7 29 5 7
12 17 5 7
0 35 6 5
2 26 6 5
5 46 6 5
0 12 3 12
15 23 4 10
7 27 7 4
22 25 7 4
5 36 3 13
2 11 5 9
4 41 6 7
8 38 6 7
0 39 7 5
25 43 7 5
14 38 4 12
17 37 4 12
10 47 5 10
20 27 5 10
23 30 5 10
15 45 7 6
1 19 8 4
6 25 5 11
2 44 7 7
13 17 3 16
4 40 7 8
7 49 9 4
(248 328)

Arvore 104
0 1 3 3
14 42 3 4
31 39 4 3
27 32 4 4
31 33 4 4
4 27 4 5
12 47 4 5
23 34 4 5
16 42 5 3
11 21 4 6
24 34 4 6
9 18 5 4
1 28 5 5
2 24 5 5
11 20 5 5
18 30 6 3
35 48 3 10
0 22 4 8
26 46 4 8
3 15 6 4
28 38 6 4
3 17 4 9
7 29 5 7
12 17 5 7
0 35 6 5
2 26 6 5
5 46 6 5
0 12 3 12
15 23 4 10
7 27 7 4
22 25 7 4
5 36 3 13
2 11 5 9
4 41 6 7
8 38 6 7
0 39 7 5
25 43 7 5
14 38 4 12
17 37 4 12
19 42 4 12
10 47 5 10
20 27 5 10
15 45 7 6
18 42 7 6
6 25 5 11
2 44 7 7
4 40 7 8
7 49 9 4
13 35 9 4
(252 320)

Arvore 105
0 1 3 3
14 42 3 4
31 39 4 3
27 32 4 4
31 33 4 4
4 27 4 5
12 47 4 5
23 34 4 5
16 42 5 3
11 21 4 6
24 34 4 6
9 18 5 4
1 28 5 5
2 24 5 5
11 20 5 5
18 30 6 3
35 48 3 10
0 22 4 8
26 46 4 8
3 15 6 4
28 38 6 4
3 17 4 9
7 29 5 7
12 17 5 7
0 35 6 5
2 26 6 5
5 46 6 5
0 12 3 12
15 23 4 10
7 27 7 4
22 25 7 4
5 36 3 13
2 11 5 9
4 41 6 7
8 38 6 7
0 39 7 5
25 43 7 5
14 38 4 12
17 37 4 12
10 47 5 10
23 30 5 10
3 4 6 8
15 45 7 6
1 19 8 4
6 25 5 11
2 44 7 7
13 17 3 16
4 40 7 8
7 49 9 4
(249 326)

Arvore 106
0 1 3 3
14 42 3 4
31 39 4 3
27 32 4 4
31 33 4 4
4 27 4 5
12 47 4 5
23 34 4 5
16 42 5 3
11 21 4 6
24 34 4 6
9 18 5 4
1 28 5 5
2 24 5 5
11 20 5 5
18 30 6 3
35 48 3 10
0 22 4 8
26 46 4 8
3 15 6 4
28 38 6 4
3 17 4 9
7 29 5 7
12 17 5 7
0 35 6 5
2 26 6 5
5 46 6 5
0 12 3 12
15 23 4 10
7 27 7 4
22 25 7 4
5 36 3 13
2 11 5 9
4 41 6 7
8 38 6 7
0 39 7 5
25 43 7 5
14 38 4 12
17 37 4 12
10 47 5 10
20 27 5 10
23 30 5 10
15 45 7 6
1 19 8 4
6 25 5 11
2 44 7 7
4 40 7 8
7 49 9 4
13 35 9 4
(254 316)

Arvore 107
0 1 3 3
14 42 3 4
31 39 4 3
27 32 4 4
31 33 4 4
4 27 4 5
12 47 4 5
23 34 4 5
16 42 5 3
11 21 4 6
24 34 4 6
9 18 5 4
1 28 5 5
2 24 5 5
11 20 5 5
18 30 6 3
35 48 3 10
0 22 4 8
26 46 4 8
3 15 6 4
28 38 6 4
3 17 4 9
7 29 5 7
12 17 5 7
0 35 6 5
2 26 6 5
5 46 6 5
0 12 3 12
15 23 4 10
7 27 7 4
22 25 7 4
5 36 3 13
2 11 5 9
4 41 6 7
8 38 6 7
0 39 7 5
25 43 7 5
14 38 4 12
17 37 4 12
10 47 5 10
3 4 6 8
15 45 7 6
18 42 7 6
1 19 8 4
6 25 5 11
2 44 7 7
13 17 3 16
4 40 7 8
7 49 9 4
(251 322)

Arvore 108
0 1 3 3
14 42 3 4
31 39 4 3
27 32 4 4
31 33 4 4
4 27 4 5
12 47 4 5
23 34 4 5
16 42 5 3
11 21 4 6
24 34 4 6
9 18 5 4
1 28 5 5
2 24 5 5
11 20 5 5
18 30 6 3
35 48 3 10
0 22 4 8
26 46 4 8
3 15 6 4
28 38 6 4
3 17 4 9
7 29 5 7
12 17 5 7
0 35 6 5
2 26 6 5
5 46 6 5
0 12 3 12
15 23 4 10
7 27 7 4
22 25 7 4
5 36 3 13
2 11 5 9
4 41 6 7
8 38 6 7
0 39 7 5
25 43 7 5
14 38 4 12
17 37 4 12
10 47 5 10
20 27 5 10
15 45 7 6
18 42 7 6
1 19 8 4
6 25 5 11
2 44 7 7
4 40 7 8
7 49 9 4
13 35 9 4
(256 312)

Arvore 109
0 1 3 3
14 42 3 4
31 39 4 3
27 32 4 4
31 33 4 4
4 27 4 5
12 47 4 5
23 34 4 5
16 42 5 3
11 21 4 6
24 34 4 6
9 18 5 4
1 28 5 5
2 24 5 5
11 20 5 5
18 30 6 3
35 48 3 10
0 22 4 8
26 46 4 8
3 15 6 4
28 38 6 4
3 17 4 9
7 29 5 7
12 17 5 7
0 35 6 5
2 26 6 5
5 46 6 5
0 12 3 12
15 23 4 10
7 27 7 4
22 25 7 4
5 36 3 13
2 11 5 9
4 41 6 7
8 38 6 7
0 39 7 5
25 43 7 5
14 38 4 12
17 37 4 12
10 47 5 10
23 30 5 10
3 4 6 8
15 45 7 6
1 19 8 4
6 25 5 11
2 44 7 7
4 40 7 8
7 49 9 4
13 35 9 4
(255 314)

Arvore 110
0 1 3 3
14 42 3 4
31 39 4 3
27 32 4 4
31 33 4 4
4 27 4 5
12 47 4 5
23 34 4 5
16 42 5 3
11 21 4 6
24 34 4 6
9 18 5 4
1 28 5 5
2 24 5 5
11 20 5 5
18 30 6 3
35 48 3 10
0 22 4 8
26 46 4 8
3 15 6 4
28 38 6 4
3 17 4 9
7 29 5 7
12 17 5 7
0 35 6 5
2 26 6 5
5 46 6 5
0 12 3 12
15 23 4 10
7 27 7 4
22 25 7 4
5 36 3 13
2 11 5 9
15 43 5 9
4 41 6 7
8 38 6 7
0 39 7 5
14 38 4 12
17 37 4 12
19 42 4 12
10 47 5 10
23 30 5 10
3 4 6 8
15 45 7 6
6 25 5 11
2 44 7 7
13 17 3 16
4 40 7 8
7 49 9 4
(243 338)

Arvore 111
0 1 3 3
14 42 3 4
31 39 4 3
27 32 4 4
31 33 4 4
4 27 4 5
12 47 4 5
23 34 4 5
16 42 5 3
11 21 4 6
24 34 4 6
9 18 5 4
1 28 5 5
2 24 5 5
11 20 5 5
18 30 6 3
35 48 3 10
0 22 4 8
26 46 4 8
3 15 6 4
28 38 6 4
3 17 4 9
7 29 5 7
12 17 5 7
0 35 6 5
2 26 6 5
5 46 6 5
0 12 3 12
15 23 4 10
7 27 7 4
22 25 7 4
5 36 3 13
2 11 5 9
4 41 6 7
8 38 6 7
0 39 7 5
25 43 7 5
17 37 4 12
19 42 4 12
10 47 5 10
20 27 5 10
23 30 5 10
15 45 7 6
18 42 7 6
6 25 5 11
2 44 7 7
4 40 7 8
7 49 9 4
13 35 9 4
(253 318)

Arvore 112
0 1 3 3
14 42 3 4
31 39 4 3
27 32 4 4
31 33 4 4
4 27 4 5
12 47 4 5
23 34 4 5
16 42 5 3
11 21 4 6
24 34 4 6
9 18 5 4
1 28 5 5
2 24 5 5
11 20 5 5
18 30 6 3
35 48 3 10
0 22 4 8
26 46 4 8
3 15 6 4
28 38 6 4
3 17 4 9
7 29 5 7
12 17 5 7
0 35 6 5
2 26 6 5
5 46 6 5
0 12 3 12
15 23 4 10
7 27 7 4
22 25 7 4
5 36 3 13
2 11 5 9
4 41 6 7
8 38 6 7
0 39 7 5
25 43 7 5
17 37 4 12
10 47 5 10
20 27 5 10
23 30 5 10
15 45 7 6
18 42 7 6
1 19 8 4
6 25 5 11
2 44 7 7
4 40 7 8
7 49 9 4
13 35 9 4
(257 310)

Arvore 113
0 1 3 3
14 42 3 4
31 39 4 3
27 32 4 4
31 33 4 4
4 27 4 5
12 47 4 5
23 34 4 5
16 42 5 3
11 21 4 6
24 34 4 6
9 18 5 4
1 28 5 5
2 24 5 5
11 20 5 5
18 30 6 3
35 48 3 10
0 22 4 8
26 46 4 8
3 15 6 4
28 38 6 4
3 17 4 9
7 29 5 7
12 17 5 7
0 35 6 5
2 26 6 5
5 46 6 5
0 12 3 12
15 23 4 10
7 27 7 4
22 25 7 4
5 36 3 13
2 11 5 9
4 41 6 7
8 38 6 7
0 39 7 5
25 43 7 5
17 37 4 12
19 42 4 12
10 47 5 10
15 45 7 6
18 42 7 6
42 47 7 6
4 43 8 4
6 25 5 11
2 44 7 7
4 40 7 8
7 49 9 4
13 35 9 4
(258 308)

Arvore 114
0 1 3 3
14 42 3 4
31 39 4 3
27 32 4 4
31 33 4 4
4 27 4 5
12 47 4 5
23 34 4 5
16 42 5 3
11 21 4 6
24 34 4 6
9 18 5 4
1 28 5 5
2 24 5 5
11 20 5 5
18 30 6 3
35 48 3 10
0 22 4 8
26 46 4 8
3 15 6 4
28 38 6 4
3 17 4 9
7 29 5 7
12 17 5 7
0 35 6 5
2 26 6 5
5 46 6 5
0 12 3 12
15 23 4 10
7 27 7 4
22 25 7 4
5 36 3 13
2 11 5 9
4 41 6 7
8 38 6 7
0 39 7 5
25 43 7 5
17 37 4 12
19 42 4 12
10 47 5 10
15 45 7 6
18 42 7 6
1 19 8 4
4 43 8 4
6 25 5 11
2 44 7 7
4 40 7 8
7 49 9 4
13 35 9 4
(259 306)

Arvore 115
0 1 3 3
14 42 3 4
31 39 4 3
27 32 4 4
31 33 4 4
4 27 4 5
12 47 4 5
23 34 4 5
16 42 5 3
11 21 4 6
24 34 4 6
9 18 5 4
1 28 5 5
2 24 5 5
11 20 5 5
18 30 6 3
35 48 3 10
0 22 4 8
26 46 4 8
3 15 6 4
28 38 6 4
3 17 4 9
7 29 5 7
12 17 5 7
0 35 6 5
2 26 6 5
5 46 6 5
0 12 3 12
15 23 4 10
7 27 7 4
22 25 7 4
5 36 3 13
2 11 5 9
4 41 6 7
8 38 6 7
0 39 7 5
25 43 7 5
17 37 4 12
10 47 5 10
3 4 6 8
15 45 7 6
18 42 7 6
42 47 7 6
1 19 8 4
6 25 5 11
2 44 7 7
4 40 7 8
7 49 9 4
13 35 9 4
(260 304)

Arvore 116
0 1 3 3
14 42 3 4
31 39 4 3
27 32 4 4
31 33 4 4
4 27 4 5
12 47 4 5
23 34 4 5
16 42 5 3
11 21 4 6
24 34 4 6
9 18 5 4
1 28 5 5
2 24 5 5
11 20 5 5
18 30 6 3
35 48 3 10
0 22 4 8
26 46 4 8
3 15 6 4
28 38 6 4
3 17 4 9
7 29 5 7
12 17 5 7
0 35 6 5
2 26 6 5
5 46 6 5
0 12 3 12
15 23 4 10
7 27 7 4
22 25 7 4
5 36 3 13
2 11 5 9
15 43 5 9
4 41 6 7
8 38 6 7
0 39 7 5
17 37 4 12
10 47 5 10
15 45 7 6
18 42 7 6
42 47 7 6
1 19 8 4
4 43 8 4
2 44 7 7
6 15 6 10
4 40 7 8
7 49 9 4
13 35 9 4
(261 303)

Arvore 117
0 1 3 3
14 42 3 4
31 39 4 3
27 32 4 4
31 33 4 4
16 42 5 3
4 27 4 5
12 47 4 5
23 34 4 5
9 18 5 4
11 21 4 6
24 34 4 6
18 30 6 3
1 28 5 5
2 24 5 5
11 20 5 5
3 15 6 4
28 38 6 4
0 22 4 8
26 46 4 8
0 35 6 5
2 26 6 5
5 46 6 5
35 48 3 10
7 29 5 7
12 17 5 7
7 27 7 4
22 25 7 4
3 17 4 9
0 39 7 5
25 43 7 5
15 23 4 10
4 41 6 7
8 38 6 7
1 19 8 4
4 43 8 4
2 11 5 9
15 43 5 9
15 45 7 6
18 42 7 6
42 47 7 6
5 36 3 13
10 47 5 10
2 44 7 7
17 37 4 12
7 49 9 4
13 35 9 4
6 25 5 11
4 40 7 8
(264 297)

Arvore 118
0 1 3 3
14 42 3 4
31 39 4 3
27 32 4 4
31 33 4 4
16 42 5 3
4 27 4 5
12 47 4 5
23 34 4 5
9 18 5 4
11 21 4 6
24 34 4 6
18 30 6 3
1 28 5 5
2 24 5 5
11 20 5 5
3 15 6 4
28 38 6 4
0 22 4 8
26 46 4 8
0 35 6 5
2 26 6 5
5 46 6 5
35 48 3 10
7 29 5 7
12 17 5 7
7 27 7 4
22 25 7 4
3 17 4 9
0 39 7 5
25 43 7 5
15 23 4 10
4 41 6 7
8 38 6 7
0 12 3 12
1 19 8 4
4 43 8 4
2 11 5 9
15 45 7 6
18 42 7 6
42 47 7 6
5 36 3 13
10 47 5 10
2 44 7 7
17 37 4 12
7 49 9 4
13 35 9 4
4 40 7 8
6 15 6 10
(263 299)

Arvore 119
0 1 3 3
14 42 3 4
31 39 4 3
27 32 4 4
31 33 4 4
16 42 5 3
4 27 4 5
12 47 4 5
23 34 4 5
9 18 5 4
11 21 4 6
24 34 4 6
18 30 6 3
1 28 5 5
2 24 5 5
11 20 5 5
3 15 6 4
28 38 6 4
0 22 4 8
26 46 4 8
0 35 6 5
2 26 6 5
5 46 6 5
35 48 3 10
7 29 5 7
12 17 5 7
7 27 7 4
22 25 7 4
3 17 4 9
0 39 7 5
25 43 7 5
15 23 4 10
4 41 6 7
8 38 6 7
1 19 8 4
4 43 8 4
2 11 5 9
15 43 5 9
15 45 7 6
42 47 7 6
5 36 3 13
18 26 8 5
10 47 5 10
2 44 7 7
17 37 4 12
7 49 9 4
13 35 9 4
6 25 5 11
4 40 7 8
(265 296)

Arvore 120
0 1 3 3
14 42 3 4
31 39 4 3
27 32 4 4
31 33 4 4
16 42 5 3
4 27 4 5
12 47 4 5
23 34 4 5
9 18 5 4
11 21 4 6
24 34 4 6
18 30 6 3
1 28 5 5
2 24 5 5
11 20 5 5
3 15 6 4
28 38 6 4
0 22 4 8
26 46 4 8
0 35 6 5
2 26 6 5
5 46 6 5
35 48 3 10
7 29 5 7
12 17 5 7
7 27 7 4
22 25 7 4
3 17 4 9
0 39 7 5
25 43 7 5
15 23 4 10
4 41 6 7
8 38 6 7
1 19 8 4
4 43 8 4
2 11 5 9
15 45 7 6
18 42 7 6
42 47 7 6
3 4 6 8
5 36 3 13
10 47 5 10
2 44 7 7
17 37 4 12
7 49 9 4
13 35 9 4
4 40 7 8
6 15 6 10
(266 295)

Arvore 121
0 1 3 3
14 42 3 4
31 39 4 3
27 32 4 4
31 33 4 4
16 42 5 3
4 27 4 5
12 47 4 5
23 34 4 5
9 18 5 4
11 21 4 6
24 34 4 6
18 30 6 3
1 28 5 5
2 24 5 5
11 20 5 5
3 15 6 4
28 38 6 4
0 22 4 8
26 46 4 8
0 35 6 5
2 26 6 5
5 46 6 5
35 48 3 10
7 29 5 7
12 17 5 7
7 27 7 4
22 25 7 4
3 17 4 9
0 39 7 5
25 43 7 5
15 23 4 10
4 41 6 7
8 38 6 7
1 19 8 4
4 43 8 4
0 12 3 12
2 11 5 9
15 45 7 6
18 42 7 6
42 47 7 6
5 36 3 13
10 47 5 10
2 44 7 7
7 49 9 4
13 35 9 4
16 37 9 4
4 40 7 8
6 15 6 10
(268 291)

Arvore 122
0 1 3 3
14 42 3 4
31 39 4 3
27 32 4 4
31 33 4 4
16 42 5 3
4 27 4 5
12 47 4 5
23 34 4 5
9 18 5 4
18 30 6 3
11 21 4 6
24 34 4 6
1 28 5 5
2 24 5 5
11 20 5 5
3 15 6 4
28 38 6 4
0 35 6 5
2 26 6 5
5 46 6 5
0 22 4 8
26 46 4 8
7 27 7 4
22 25 7 4
7 29 5 7
12 17 5 7
35 48 3 10
3 17 4 9
0 39 7 5
25 43 7 5
1 19 8 4
4 43 8 4
4 41 6 7
8 38 6 7
15 23 4 10
15 45 7 6
18 42 7 6
42 47 7 6
2 11 5 9
15 43 5 9
7 49 9 4
13 35 9 4
16 37 9 4
2 44 7 7
10 47 5 10
5 36 3 13
4 40 7 8
6 15 6 10
(270 288)

Arvore 123
0 1 3 3
14 42 3 4
31 39 4 3
27 32 4 4
31 33 4 4
16 42 5 3
4 27 4 5
12 47 4 5
23 34 4 5
9 18 5 4
18 30 6 3
11 21 4 6
24 34 4 6
1 28 5 5
2 24 5 5
11 20 5 5
3 15 6 4
28 38 6 4
0 35 6 5
2 26 6 5
5 46 6 5
0 22 4 8
26 46 4 8
7 27 7 4
22 25 7 4
7 29 5 7
12 17 5 7
35 48 3 10
3 17 4 9
0 39 7 5
25 43 7 5
1 19 8 4
4 43 8 4
4 41 6 7
8 38 6 7
15 23 4 10
15 45 7 6
18 42 7 6
2 11 5 9
15 43 5 9
18 26 8 5
7 49 9 4
13 35 9 4
16 37 9 4
2 44 7 7
10 47 5 10
5 36 3 13
4 40 7 8
6 15 6 10
(271 287)

Arvore 124
0 1 3 3
14 42 3 4
31 39 4 3
27 32 4 4
31 33 4 4
16 42 5 3
4 27 4 5
12 47 4 5
23 34 4 5
9 18 5 4
18 30 6 3
11 21 4 6
24 34 4 6
1 28 5 5
2 24 5 5
11 20 5 5
3 15 6 4
28 38 6 4
0 35 6 5
2 26 6 5
5 46 6 5
7 27 7 4
22 25 7 4
0 22 4 8
26 46 4 8
7 29 5 7
12 17 5 7
35 48 3 10
0 39 7 5
25 43 7 5
3 17 4 9
1 19 8 4
4 43 8 4
4 41 6 7
8 38 6 7
15 45 7 6
18 42 7 6
42 47 7 6
15 23 4 10
5 29 8 5
2 11 5 9
7 49 9 4
13 35 9 4
16 37 9 4
2 44 7 7
10 47 5 10
5 36 3 13
4 40 7 8
6 15 6 10
(273 284)

Arvore 125
0 1 3 3
14 42 3 4
31 39 4 3
27 32 4 4
31 33 4 4
16 42 5 3
4 27 4 5
12 47 4 5
23 34 4 5
9 18 5 4
18 30 6 3
11 21 4 6
24 34 4 6
1 28 5 5
2 24 5 5
11 20 5 5
3 15 6 4
28 38 6 4
0 35 6 5
2 26 6 5
5 46 6 5
7 27 7 4
22 25 7 4
0 22 4 8
26 46 4 8
7 29 5 7
12 17 5 7
35 48 3 10
0 39 7 5
25 43 7 5
3 17 4 9
1 19 8 4
4 43 8 4
4 41 6 7
8 38 6 7
15 45 7 6
18 42 7 6
42 47 7 6
18 26 8 5
15 43 5 9
7 49 9 4
13 35 9 4
16 37 9 4
0 11 6 8
2 44 7 7
10 47 5 10
5 36 3 13
4 40 7 8
6 25 5 11
(274 283)

Arvore 126
0 1 3 3
14 42 3 4
31 39 4 3
27 32 4 4
31 33 4 4
16 42 5 3
4 27 4 5
12 47 4 5
23 34 4 5
9 18 5 4
18 30 6 3
11 21 4 6
24 34 4 6
1 28 5 5
2 24 5 5
11 20 5 5
3 15 6 4
28 38 6 4
0 35 6 5
2 26 6 5
5 46 6 5
7 27 7 4
22 25 7 4
0 22 4 8
26 46 4 8
7 29 5 7
12 17 5 7
35 48 3 10
0 39 7 5
25 43 7 5
3 17 4 9
1 19 8 4
4 43 8 4
4 41 6 7
8 38 6 7
15 45 7 6
18 42 7 6
5 29 8 5
18 26 8 5
2 11 5 9
12 46 5 9
7 49 9 4
13 35 9 4
16 37 9 4
2 44 7 7
10 47 5 10
5 36 3 13
4 40 7 8
6 15 6 10
(275 282)

Arvore 127
0 1 3 3
14 42 3 4
31 39 4 3
27 32 4 4
31 33 4 4
16 42 5 3
4 27 4 5
12 47 4 5
23 34 4 5
9 18 5 4
18 30 6 3
11 21 4 6
24 34 4 6
1 28 5 5
2 24 5 5
11 20 5 5
3 15 6 4
28 38 6 4
0 35 6 5
2 26 6 5
5 46 6 5
7 27 7 4
22 25 7 4
0 22 4 8
26 46 4 8
7 29 5 7
12 17 5 7
0 39 7 5
25 43 7 5
1 19 8 4
4 43 8 4
35 48 3 10
3 17 4 9
4 41 6 7
8 38 6 7
15 45 7 6
18 42 7 6
42 47 7 6
5 29 8 5
18 26 8 5
7 49 9 4
13 35 9 4
16 37 9 4
0 11 6 8
2 44 7 7
10 47 5 10
4 40 7 8
5 36 3 13
6 25 5 11
(277 279)

Arvore 128
0 1 3 3
14 42 3 4
31 39 4 3
27 32 4 4
31 33 4 4
16 42 5 3
4 27 4 5
12 47 4 5
23 34 4 5
9 18 5 4
18 30 6 3
11 21 4 6
24 34 4 6
1 28 5 5
2 24 5 5
11 20 5 5
3 15 6 4
28 38 6 4
0 35 6 5
2 26 6 5
5 46 6 5
7 27 7 4
22 25 7 4
0 22 4 8
26 46 4 8
7 29 5 7
12 17 5 7
0 39 7 5
25 43 7 5
1 19 8 4
4 43 8 4
35 48 3 10
3 17 4 9
4 41 6 7
8 38 6 7
15 45 7 6
18 42 7 6
42 47 7 6
5 29 8 5
18 26 8 5
7 49 9 4
13 35 9 4
16 37 9 4
2 44 7 7
11 49 10 4
10 47 5 10
4 40 7 8
5 36 3 13
6 25 5 11
(281 275)

Arvore 129
0 1 3 3
14 42 3 4
31 39 4 3
27 32 4 4
31 33 4 4
16 42 5 3
4 27 4 5
12 47 4 5
23 34 4 5
9 18 5 4
18 30 6 3
11 21 4 6
24 34 4 6
1 28 5 5
2 24 5 5
11 20 5 5
3 15 6 4
28 38 6 4
0 35 6 5
2 26 6 5
5 46 6 5
7 27 7 4
22 25 7 4
0 22 4 8
26 46 4 8
7 29 5 7
12 17 5 7
0 39 7 5
25 43 7 5
1 19 8 4
4 43 8 4
35 48 3 10
3 17 4 9
4 41 6 7
8 38 6 7
15 45 7 6
18 42 7 6
42 47 7 6
5 29 8 5
18 26 8 5
7 49 9 4
13 35 9 4
16 37 9 4
0 11 6 8
2 44 7 7
10 47 5 10
4 40 7 8
5 36 3 13
6 15 6 10
(278 278)

Arvore 130
0 1 3 3
14 42 3 4
31 39 4 3
27 32 4 4
31 33 4 4
16 42 5 3
4 27 4 5
12 47 4 5
23 34 4 5
9 18 5 4
18 30 6 3
11 21 4 6
24 34 4 6
1 28 5 5
2 24 5 5
11 20 5 5
3 15 6 4
28 38 6 4
0 35 6 5
2 26 6 5
5 46 6 5
7 27 7 4
22 25 7 4
0 22 4 8
26 46 4 8
7 29 5 7
12 17 5 7
0 39 7 5
25 43 7 5
1 19 8 4
4 43 8 4
35 48 3 10
3 17 4 9
4 41 6 7
8 38 6 7
15 45 7 6
18 42 7 6
42 47 7 6
5 29 8 5
18 26 8 5
7 49 9 4
13 35 9 4
16 37 9 4
2 44 7 7
11 49 10 4
10 47 5 10
28 40 11 4
5 36 3 13
6 25 5 11
(285 271)

Arvore 131
0 1 3 3
14 42 3 4
31 39 4 3
27 32 4 4
31 33 4 4
16 42 5 3
4 27 4 5
12 47 4 5
23 34 4 5
9 18 5 4
18 30 6 3
11 21 4 6
24 34 4 6
1 28 5 5
2 24 5 5
11 20 5 5
3 15 6 4
28 38 6 4
0 35 6 5
2 26 6 5
5 46 6 5
7 27 7 4
22 25 7 4
0 22 4 8
26 46 4 8
7 29 5 7
12 17 5 7
0 39 7 5
25 43 7 5
1 19 8 4
4 43 8 4
35 48 3 10
3 17 4 9
4 41 6 7
8 38 6 7
15 45 7 6
18 42 7 6
42 47 7 6
5 29 8 5
18 26 8 5
7 49 9 4
13 35 9 4
16 37 9 4
2 44 7 7
11 49 10 4
10 47 5 10
4 40 7 8
5 36 3 13
6 15 6 10
(282 274)

Arvore 132
0 1 3 3
14 42 3 4
31 39 4 3
27 32 4 4
31 33 4 4
16 42 5 3
4 27 4 5
12 47 4 5
23 34 4 5
9 18 5 4
18 30 6 3
11 21 4 6
24 34 4 6
1 28 5 5
2 24 5 5
11 20 5 5
3 15 6 4
28 38 6 4
0 35 6 5
2 26 6 5
5 46 6 5
7 27 7 4
22 25 7 4
0 22 4 8
26 46 4 8
7 29 5 7
12 17 5 7
0 39 7 5
25 43 7 5
1 19 8 4
4 43 8 4
35 48 3 10
3 17 4 9
4 41 6 7
8 38 6 7
15 45 7 6
18 42 7 6
42 47 7 6
5 29 8 5
18 26 8 5
7 49 9 4
13 35 9 4
16 37 9 4
2 11 5 9
2 44 7 7
10 47 5 10
28 40 11 4
5 36 3 13
6 25 5 11
(280 276)

Arvore 133
0 1 3 3
14 42 3 4
31 39 4 3
27 32 4 4
31 33 4 4
16 42 5 3
4 27 4 5
12 47 4 5
23 34 4 5
9 18 5 4
18 30 6 3
11 21 4 6
24 34 4 6
1 28 5 5
2 24 5 5
11 20 5 5
3 15 6 4
28 38 6 4
0 35 6 5
2 26 6 5
5 46 6 5
7 27 7 4
22 25 7 4
0 22 4 8
26 46 4 8
7 29 5 7
12 17 5 7
0 39 7 5
25 43 7 5
1 19 8 4
4 43 8 4
35 48 3 10
3 17 4 9
4 41 6 7
8 38 6 7
15 45 7 6
18 42 7 6
42 47 7 6
5 29 8 5
18 26 8 5
7 49 9 4
13 35 9 4
16 37 9 4
2 44 7 7
11 49 10 4
10 47 5 10
4 40 7 8
6 25 5 11
29 36 6 11
(284 273)

Arvore 134
0 1 3 3
31 39 4 3
14 42 3 4
16 42 5 3
27 32 4 4
31 33 4 4
18 30 6 3
9 18 5 4
4 27 4 5
12 47 4 5
23 34 4 5
3 15 6 4
28 38 6 4
1 28 5 5
2 24 5 5
11 20 5 5
11 21 4 6
24 34 4 6
7 27 7 4
22 25 7 4
0 35 6 5
2 26 6 5
5 46 6 5
1 19 8 4
4 43 8 4
0 39 7 5
25 43 7 5
7 29 5 7
12 17 5 7
0 22 4 8
26 46 4 8
7 49 9 4
13 35 9 4
16 37 9 4
5 29 8 5
18 26 8 5
15 45 7 6
18 42 7 6
42 47 7 6
4 41 6 7
8 38 6 7
3 17 4 9
35 48 3 10
11 49 10 4
2 44 7 7
28 40 11 4
10 47 5 10
6 25 5 11
0 36 10 7
(292 265)

Arvore 135
0 1 3 3
31 39 4 3
14 42 3 4
16 42 5 3
27 32 4 4
31 33 4 4
18 30 6 3
9 18 5 4
4 27 4 5
12 47 4 5
23 34 4 5
3 15 6 4
28 38 6 4
1 28 5 5
2 24 5 5
11 20 5 5
11 21 4 6
24 34 4 6
7 27 7 4
22 25 7 4
0 35 6 5
2 26 6 5
5 46 6 5
1 19 8 4
4 43 8 4
0 39 7 5
25 43 7 5
7 29 5 7
12 17 5 7
0 22 4 8
26 46 4 8
7 49 9 4
13 35 9 4
16 37 9 4
5 29 8 5
18 26 8 5
15 45 7 6
18 42 7 6
42 47 7 6
4 41 6 7
8 38 6 7
35 48 3 10
11 49 10 4
25 45 9 5
2 44 7 7
28 40 11 4
10 47 5 10
6 15 6 10
5 36 3 13
(291 266)

Arvore 136
0 1 3 3
31 39 4 3
14 42 3 4
16 42 5 3
27 32 4 4
31 33 4 4
18 30 6 3
9 18 5 4
4 27 4 5
12 47 4 5
23 34 4 5
3 15 6 4
28 38 6 4
1 28 5 5
2 24 5 5
11 20 5 5
11 21 4 6
24 34 4 6
7 27 7 4
22 25 7 4
0 35 6 5
2 26 6 5
5 46 6 5
1 19 8 4
4 43 8 4
0 39 7 5
25 43 7 5
7 29 5 7
12 17 5 7
0 22 4 8
26 46 4 8
7 49 9 4
13 35 9 4
16 37 9 4
5 29 8 5
18 26 8 5
15 45 7 6
18 42 7 6
42 47 7 6
4 41 6 7
8 38 6 7
35 48 3 10
11 49 10 4
25 45 9 5
2 44 7 7
28 40 11 4
10 47 5 10
6 25 5 11
5 36 3 13
(290 267)

Arvore 137
0 1 3 3
31 39 4 3
14 42 3 4
16 42 5 3
27 32 4 4
31 33 4 4
18 30 6 3
9 18 5 4
4 27 4 5
12 47 4 5
23 34 4 5
3 15 6 4
28 38 6 4
1 28 5 5
2 24 5 5
11 20 5 5
11 21 4 6
24 34 4 6
7 27 7 4
22 25 7 4
0 35 6 5
2 26 6 5
5 46 6 5
1 19 8 4
4 43 8 4
0 39 7 5
25 43 7 5
7 29 5 7
12 17 5 7
0 22 4 8
26 46 4 8
7 49 9 4
13 35 9 4
16 37 9 4
5 29 8 5
18 26 8 5
15 45 7 6
18 42 7 6
42 47 7 6
4 41 6 7
8 38 6 7
3 17 4 9
35 48 3 10
11 49 10 4
2 44 7 7
28 40 11 4
10 47 5 10
6 15 6 10
29 36 6 11
(289 268)

Arvore 138
0 1 3 3
31 39 4 3
14 42 3 4
16 42 5 3
27 32 4 4
31 33 4 4
18 30 6 3
9 18 5 4
4 27 4 5
12 47 4 5
23 34 4 5
3 15 6 4
28 38 6 4
1 28 5 5
2 24 5 5
11 20 5 5
11 21 4 6
24 34 4 6
7 27 7 4
22 25 7 4
0 35 6 5
2 26 6 5
5 46 6 5
1 19 8 4
4 43 8 4
0 39 7 5
25 43 7 5
7 29 5 7
12 17 5 7
0 22 4 8
26 46 4 8
7 49 9 4
13 35 9 4
16 37 9 4
5 29 8 5
18 26 8 5
15 45 7 6
42 47 7 6
4 41 6 7
8 38 6 7
3 17 4 9
35 48 3 10
11 49 10 4
25 45 9 5
2 44 7 7
28 40 11 4
10 47 5 10
6 15 6 10
5 36 3 13
(288 269)

Arvore 139
0 1 3 3
31 39 4 3
14 42 3 4
16 42 5 3
27 32 4 4
31 33 4 4
18 30 6 3
9 18 5 4
4 27 4 5
12 47 4 5
23 34 4 5
3 15 6 4
28 38 6 4
1 28 5 5
2 24 5 5
11 20 5 5
11 21 4 6
24 34 4 6
7 27 7 4
22 25 7 4
0 35 6 5
2 26 6 5
5 46 6 5
1 19 8 4
4 43 8 4
0 39 7 5
25 43 7 5
7 29 5 7
12 17 5 7
0 22 4 8
26 46 4 8
7 49 9 4
13 35 9 4
16 37 9 4
5 29 8 5
18 26 8 5
15 45 7 6
18 42 7 6
42 47 7 6
4 41 6 7
8 38 6 7
11 49 10 4
3 17 4 9
35 48 3 10
2 44 7 7
28 40 11 4
10 47 5 10
6 15 6 10
3 36 14 4
(297 261)

Arvore 140
0 1 3 3
31 39 4 3
14 42 3 4
16 42 5 3
27 32 4 4
31 33 4 4
18 30 6 3
9 18 5 4
4 27 4 5
12 47 4 5
23 34 4 5
3 15 6 4
28 38 6 4
1 28 5 5
2 24 5 5
11 20 5 5
11 21 4 6
24 34 4 6
7 27 7 4
22 25 7 4
0 35 6 5
2 26 6 5
5 46 6 5
1 19 8 4
4 43 8 4
0 39 7 5
25 43 7 5
7 29 5 7
12 17 5 7
0 22 4 8
26 46 4 8
7 49 9 4
13 35 9 4
16 37 9 4
5 29 8 5
18 26 8 5
15 45 7 6
18 42 7 6
42 47 7 6
4 41 6 7
8 38 6 7
11 49 10 4
3 17 4 9
35 48 3 10
2 44 7 7
28 40 11 4
10 47 5 10
6 25 5 11
3 36 14 4
(296 262)

Arvore 141
0 1 3 3
31 39 4 3
14 42 3 4
16 42 5 3
27 32 4 4
31 33 4 4
18 30 6 3
9 18 5 4
4 27 4 5
12 47 4 5
23 34 4 5
3 15 6 4
28 38 6 4
1 28 5 5
2 24 5 5
11 20 5 5
11 21 4 6
24 34 4 6
7 27 7 4
22 25 7 4
0 35 6 5
2 26 6 5
5 46 6 5
1 19 8 4
4 43 8 4
0 39 7 5
25 43 7 5
7 29 5 7
12 17 5 7
0 22 4 8
26 46 4 8
7 49 9 4
13 35 9 4
16 37 9 4
5 29 8 5
18 26 8 5
15 45 7 6
42 47 7 6
4 41 6 7
8 38 6 7
11 49 10 4
3 17 4 9
25 45 9 5
35 48 3 10
2 44 7 7
28 40 11 4
10 47 5 10
6 15 6 10
0 36 10 7
(295 263)

Arvore 142
0 1 3 3
31 39 4 3
14 42 3 4
16 42 5 3
27 32 4 4
31 33 4 4
18 30 6 3
9 18 5 4
4 27 4 5
12 47 4 5
23 34 4 5
3 15 6 4
28 38 6 4
1 28 5 5
2 24 5 5
11 20 5 5
11 21 4 6
24 34 4 6
7 27 7 4
22 25 7 4
0 35 6 5
2 26 6 5
5 46 6 5
1 19 8 4
4 43 8 4
0 39 7 5
25 43 7 5
7 29 5 7
12 17 5 7
7 49 9 4
13 35 9 4
16 37 9 4
0 22 4 8
26 46 4 8
5 29 8 5
18 26 8 5
15 45 7 6
42 47 7 6
16 32 11 3
4 41 6 7
8 38 6 7
11 49 10 4
25 45 9 5
35 48 3 10
2 44 7 7
28 40 11 4
10 47 5 10
6 15 6 10
0 36 10 7
(302 257)

Arvore 143
0 1 3 3
31 39 4 3
14 42 3 4
16 42 5 3
27 32 4 4
31 33 4 4
18 30 6 3
9 18 5 4
4 27 4 5
12 47 4 5
23 34 4 5
3 15 6 4
28 38 6 4
1 28 5 5
2 24 5 5
11 20 5 5
11 21 4 6
24 34 4 6
7 27 7 4
22 25 7 4
0 35 6 5
2 26 6 5
5 46 6 5
1 19 8 4
4 43 8 4
0 39 7 5
25 43 7 5
7 29 5 7
12 17 5 7
7 49 9 4
13 35 9 4
16 37 9 4
0 22 4 8
26 46 4 8
5 29 8 5
18 26 8 5
15 45 7 6
42 47 7 6
16 32 11 3
4 41 6 7
8 30 10 4
11 49 10 4
25 45 9 5
35 48 3 10
2 44 7 7
28 40 11 4
10 47 5 10
6 15 6 10
0 36 10 7
(306 254)

Arvore 144
0 1 3 3
31 39 4 3
14 42 3 4
16 42 5 3
27 32 4 4
31 33 4 4
18 30 6 3
9 18 5 4
4 27 4 5
12 47 4 5
23 34 4 5
3 15 6 4
28 38 6 4
1 28 5 5
2 24 5 5
11 20 5 5
11 21 4 6
24 34 4 6
7 27 7 4
22 25 7 4
0 35 6 5
2 26 6 5
5 46 6 5
1 19 8 4
4 43 8 4
0 39 7 5
25 43 7 5
7 29 5 7
12 17 5 7
7 49 9 4
13 35 9 4
16 37 9 4
0 22 4 8
26 46 4 8
5 29 8 5
18 26 8 5
15 45 7 6
42 47 7 6
16 32 11 3
4 41 6 7
8 38 6 7
11 49 10 4
25 45 9 5
35 48 3 10
2 44 7 7
28 40 11 4
10 47 5 10
0 36 10 7
6 25 5 11
(301 258)

Arvore 145
0 1 3 3
31 39 4 3
14 42 3 4
16 42 5 3
27 32 4 4
31 33 4 4
18 30 6 3
9 18 5 4
4 27 4 5
12 47 4 5
23 34 4 5
3 15 6 4
28 38 6 4
1 28 5 5
2 24 5 5
11 20 5 5
11 21 4 6
24 34 4 6
7 27 7 4
22 25 7 4
0 35 6 5
2 26 6 5
5 46 6 5
1 19 8 4
4 43 8 4
0 39 7 5
25 43 7 5
7 29 5 7
12 17 5 7
7 49 9 4
13 35 9 4
16 37 9 4
0 22 4 8
26 46 4 8
5 29 8 5
18 26 8 5
15 45 7 6
42 47 7 6
16 32 11 3
4 41 6 7
8 30 10 4
11 49 10 4
3 17 4 9
35 48 3 10
2 44 7 7
28 40 11 4
10 47 5 10
6 15 6 10
3 36 14 4
(305 255)

Arvore 146
0 1 3 3
31 39 4 3
14 42 3 4
16 42 5 3
27 32 4 4
31 33 4 4
18 30 6 3
9 18 5 4
4 27 4 5
12 47 4 5
23 34 4 5
3 15 6 4
28 38 6 4
1 28 5 5
2 24 5 5
11 20 5 5
11 21 4 6
24 34 4 6
7 27 7 4
22 25 7 4
0 35 6 5
2 26 6 5
5 46 6 5
1 19 8 4
4 43 8 4
0 39 7 5
25 43 7 5
7 29 5 7
12 17 5 7
7 49 9 4
13 35 9 4
16 37 9 4
0 22 4 8
5 29 8 5
18 26 8 5
15 45 7 6
18 42 7 6
42 47 7 6
16 32 11 3
4 41 6 7
8 30 10 4
11 49 10 4
25 45 9 5
35 48 3 10
2 44 7 7
28 40 11 4
10 47 5 10
6 15 6 10
0 36 10 7
(309 252)

Arvore 147
0 1 3 3
31 39 4 3
14 42 3 4
16 42 5 3
27 32 4 4
31 33 4 4
18 30 6 3
9 18 5 4
4 27 4 5
12 47 4 5
23 34 4 5
3 15 6 4
28 38 6 4
1 28 5 5
2 24 5 5
11 20 5 5
11 21 4 6
24 34 4 6
7 27 7 4
22 25 7 4
0 35 6 5
2 26 6 5
5 46 6 5
1 19 8 4
4 43 8 4
0 39 7 5
25 43 7 5
7 29 5 7
12 17 5 7
7 49 9 4
13 35 9 4
16 37 9 4
0 22 4 8
26 46 4 8
5 29 8 5
15 45 7 6
18 42 7 6
42 47 7 6
16 32 11 3
4 41 6 7
8 38 6 7
11 49 10 4
25 45 9 5
35 48 3 10
2 44 7 7
28 40 11 4
10 47 5 10
0 36 10 7
6 25 5 11
(300 259)

Arvore 148
0 1 3 3
31 39 4 3
14 42 3 4
16 42 5 3
27 32 4 4
31 33 4 4
18 30 6 3
9 18 5 4
4 27 4 5
12 47 4 5
23 34 4 5
3 15 6 4
28 38 6 4
1 28 5 5
2 24 5 5
11 20 5 5
11 21 4 6
24 34 4 6
7 27 7 4
22 25 7 4
0 35 6 5
2 26 6 5
5 46 6 5
1 19 8 4
4 43 8 4
0 39 7 5
25 43 7 5
7 29 5 7
12 17 5 7
7 49 9 4
13 35 9 4
16 37 9 4
0 22 4 8
5 29 8 5
18 26 8 5
15 45 7 6
18 42 7 6
42 47 7 6
16 32 11 3
4 41 6 7
8 30 10 4
11 49 10 4
3 17 4 9
35 48 3 10
2 44 7 7
28 40 11 4
10 47 5 10
6 15 6 10
0 36 10 7
(304 256)

Arvore 149
0 1 3 3
31 39 4 3
14 42 3 4
16 42 5 3
27 32 4 4
31 33 4 4
18 30 6 3
9 18 5 4
4 27 4 5
12 47 4 5
23 34 4 5
3 15 6 4
28 38 6 4
1 28 5 5
2 24 5 5
11 20 5 5
11 21 4 6
24 34 4 6
7 27 7 4
22 25 7 4
0 35 6 5
2 26 6 5
5 46 6 5
1 19 8 4
4 43 8 4
0 39 7 5
25 43 7 5
7 29 5 7
12 17 5 7
7 49 9 4
13 35 9 4
16 37 9 4
0 22 4 8
5 29 8 5
18 26 8 5
15 45 7 6
42 47 7 6
16 32 11 3
4 41 6 7
8 38 6 7
8 30 10 4
11 49 10 4
25 45 9 5
35 48 3 10
2 44 7 7
28 40 11 4
10 47 5 10
6 15 6 10
0 36 10 7
(308 253)

Arvore 150
0 1 3 3
31 39 4 3
14 42 3 4
16 42 5 3
27 32 4 4
31 33 4 4
18 30 6 3
9 18 5 4
4 27 4 5
12 47 4 5
23 34 4 5
3 15 6 4
28 38 6 4
1 28 5 5
2 24 5 5
11 20 5 5
11 21 4 6
24 34 4 6
7 27 7 4
22 25 7 4
0 35 6 5
2 26 6 5
5 46 6 5
1 19 8 4
4 43 8 4
0 39 7 5
25 43 7 5
7 49 9 4
13 35 9 4
16 37 9 4
7 29 5 7
12 17 5 7
5 29 8 5
18 26 8 5
16 32 11 3
0 22 4 8
15 45 7 6
18 42 7 6
42 47 7 6
8 30 10 4
11 49 10 4
4 41 6 7
25 45 9 5
28 40 11 4
2 44 7 7
35 48 3 10
10 47 5 10
3 36 14 4
6 15 6 10
(313 249)

Arvore 151
0 1 3 3
31 39 4 3
14 42 3 4
16 42 5 3
27 32 4 4
31 33 4 4
18 30 6 3
9 18 5 4
4 27 4 5
12 47 4 5
23 34 4 5
3 15 6 4
28 38 6 4
1 28 5 5
2 24 5 5
11 20 5 5
11 21 4 6
24 34 4 6
7 27 7 4
22 25 7 4
0 35 6 5
2 26 6 5
5 46 6 5
1 19 8 4
4 43 8 4
0 39 7 5
25 43 7 5
7 49 9 4
13 35 9 4
16 37 9 4
7 29 5 7
12 17 5 7
5 29 8 5
18 26 8 5
16 32 11 3
0 22 4 8
26 46 4 8
15 45 7 6
42 47 7 6
8 30 10 4
11 49 10 4
4 41 6 7
25 45 9 5
28 40 11 4
2 44 7 7
38 48 12 4
10 47 5 10
3 36 14 4
6 15 6 10
(319 245)

Arvore 152
0 1 3 3
31 39 4 3
14 42 3 4
16 42 5 3
27 32 4 4
31 33 4 4
18 30 6 3
9 18 5 4
4 27 4 5
12 47 4 5
23 34 4 5
3 15 6 4
28 38 6 4
1 28 5 5
2 24 5 5
11 20 5 5
11 21 4 6
24 34 4 6
7 27 7 4
22 25 7 4
0 35 6 5
2 26 6 5
5 46 6 5
1 19 8 4
4 43 8 4
0 39 7 5
25 43 7 5
7 49 9 4
13 35 9 4
16 37 9 4
7 29 5 7
12 17 5 7
5 29 8 5
18 26 8 5
16 32 11 3
0 22 4 8
15 45 7 6
18 42 7 6
42 47 7 6
8 30 10 4
11 49 10 4
4 41 6 7
25 45 9 5
28 40 11 4
2 44 7 7
35 48 3 10
10 47 5 10
3 36 14 4
6 25 5 11
(312 250)

Arvore 153
0 1 3 3
31 39 4 3
14 42 3 4
16 42 5 3
27 32 4 4
31 33 4 4
18 30 6 3
9 18 5 4
4 27 4 5
12 47 4 5
23 34 4 5
3 15 6 4
28 38 6 4
1 28 5 5
2 24 5 5
11 20 5 5
11 21 4 6
24 34 4 6
7 27 7 4
22 25 7 4
0 35 6 5
2 26 6 5
5 46 6 5
1 19 8 4
4 43 8 4
0 39 7 5
25 43 7 5
7 49 9 4
13 35 9 4
16 37 9 4
7 29 5 7
12 17 5 7
5 29 8 5
18 26 8 5
16 32 11 3
0 22 4 8
26 46 4 8
15 45 7 6
42 47 7 6
8 30 10 4
11 49 10 4
4 41 6 7
25 45 9 5
28 40 11 4
2 44 7 7
38 48 12 4
10 47 5 10
0 36 10 7
6 15 6 10
(315 248)

Arvore 154
0 1 3 3
31 39 4 3
14 42 3 4
16 42 5 3
27 32 4 4
31 33 4 4
18 30 6 3
9 18 5 4
4 27 4 5
12 47 4 5
23 34 4 5
3 15 6 4
28 38 6 4
1 28 5 5
2 24 5 5
11 20 5 5
11 21 4 6
24 34 4 6
7 27 7 4
22 25 7 4
0 35 6 5
2 26 6 5
5 46 6 5
1 19 8 4
4 43 8 4
0 39 7 5
25 43 7 5
7 49 9 4
13 35 9 4
16 37 9 4
7 29 5 7
12 17 5 7
5 29 8 5
18 26 8 5
16 32 11 3
0 22 4 8
15 45 7 6
18 42 7 6
42 47 7 6
8 30 10 4
11 49 10 4
4 41 6 7
25 45 9 5
28 40 11 4
2 44 7 7
38 48 12 4
10 47 5 10
3 36 14 4
6 25 5 11
(321 244)

Arvore 155
0 1 3 3
31 39 4 3
14 42 3 4
16 42 5 3
27 32 4 4
31 33 4 4
18 30 6 3
9 18 5 4
4 27 4 5
12 47 4 5
23 34 4 5
3 15 6 4
28 38 6 4
1 28 5 5
2 24 5 5
11 20 5 5
11 21 4 6
24 34 4 6
7 27 7 4
22 25 7 4
0 35 6 5
2 26 6 5
5 46 6 5
1 19 8 4
4 43 8 4
0 39 7 5
25 43 7 5
7 49 9 4
13 35 9 4
16 37 9 4
7 29 5 7
12 17 5 7
5 29 8 5
18 26 8 5
16 32 11 3
0 22 4 8
15 45 7 6
18 42 7 6
42 47 7 6
11 49 10 4
4 41 6 7
8 38 6 7
25 45 9 5
28 40 11 4
2 44 7 7
38 48 12 4
10 47 5 10
3 36 14 4
6 15 6 10
(318 246)

Arvore 156
0 1 3 3
31 39 4 3
14 42 3 4
16 42 5 3
27 32 4 4
31 33 4 4
18 30 6 3
9 18 5 4
4 27 4 5
12 47 4 5
23 34 4 5
3 15 6 4
28 38 6 4
1 28 5 5
2 24 5 5
11 20 5 5
11 21 4 6
24 34 4 6
7 27 7 4
22 25 7 4
0 35 6 5
2 26 6 5
5 46 6 5
1 19 8 4
4 43 8 4
0 39 7 5
25 43 7 5
7 49 9 4
13 35 9 4
16 37 9 4
7 29 5 7
12 17 5 7
5 29 8 5
18 26 8 5
16 32 11 3
0 22 4 8
15 45 7 6
18 42 7 6
42 47 7 6
8 30 10 4
11 49 10 4
4 41 6 7
25 45 9 5
28 40 11 4
2 44 7 7
38 48 12 4
10 47 5 10
0 36 10 7
6 25 5 11
(317 247)

Arvore 157
0 1 3 3
31 39 4 3
14 42 3 4
16 42 5 3
27 32 4 4
31 33 4 4
18 30 6 3
9 18 5 4
4 27 4 5
12 47 4 5
23 34 4 5
3 15 6 4
28 38 6 4
1 28 5 5
2 24 5 5
11 20 5 5
7 27 7 4
22 25 7 4
11 21 4 6
24 34 4 6
0 35 6 5
2 26 6 5
5 46 6 5
1 19 8 4
4 43 8 4
0 39 7 5
25 43 7 5
7 49 9 4
13 35 9 4
16 37 9 4
16 32 11 3
5 29 8 5
18 26 8 5
7 29 5 7
12 17 5 7
8 30 10 4
11 49 10 4
15 45 7 6
18 42 7 6
42 47 7 6
25 45 9 5
4 41 6 7
8 38 6 7
28 40 11 4
2 44 7 7
38 48 12 4
3 36 14 4
10 47 5 10
6 15 6 10
(324 242)

Arvore 158
0 1 3 3
31 39 4 3
14 42 3 4
16 42 5 3
27 32 4 4
31 33 4 4
18 30 6 3
9 18 5 4
4 27 4 5
12 47 4 5
23 34 4 5
3 15 6 4
28 38 6 4
1 28 5 5
2 24 5 5
11 20 5 5
7 27 7 4
22 25 7 4
11 21 4 6
24 34 4 6
0 35 6 5
2 26 6 5
5 46 6 5
1 19 8 4
4 43 8 4
0 39 7 5
25 43 7 5
7 49 9 4
13 35 9 4
16 37 9 4
16 32 11 3
5 29 8 5
18 26 8 5
7 29 5 7
12 17 5 7
8 30 10 4
11 49 10 4
15 45 7 6
18 42 7 6
42 47 7 6
1 9 9 5
25 45 9 5
4 41 6 7
28 40 11 4
2 44 7 7
38 48 12 4
3 36 14 4
10 47 5 10
6 25 5 11
(326 241)

Arvore 159
0 1 3 3
31 39 4 3
16 42 5 3
14 42 3 4
18 30 6 3
27 32 4 4
31 33 4 4
9 18 5 4
3 15 6 4
28 38 6 4
4 27 4 5
12 47 4 5
23 34 4 5
7 27 7 4
22 25 7 4
1 28 5 5
2 24 5 5
11 20 5 5
1 19 8 4
4 43 8 4
0 35 6 5
2 26 6 5
5 46 6 5
11 21 4 6
24 34 4 6
16 32 11 3
7 49 9 4
13 35 9 4
16 37 9 4
0 39 7 5
25 43 7 5
8 30 10 4
11 49 10 4
5 29 8 5
18 26 8 5
28 40 11 4
1 9 9 5
25 45 9 5
15 45 7 6
18 42 7 6
42 47 7 6
12 17 5 7
20 46 12 4
38 48 12 4
4 41 6 7
2 44 7 7
3 36 14 4
10 47 5 10
6 15 6 10
(334 237)

Arvore 160
0 1 3 3
31 39 4 3
16 42 5 3
14 42 3 4
18 30 6 3
27 32 4 4
31 33 4 4
9 18 5 4
3 15 6 4
28 38 6 4
4 27 4 5
12 47 4 5
23 34 4 5
7 27 7 4
22 25 7 4
1 28 5 5
2 24 5 5
11 20 5 5
1 19 8 4
4 43 8 4
0 35 6 5
2 26 6 5
5 46 6 5
11 21 4 6
24 34 4 6
16 32 11 3
7 49 9 4
13 35 9 4
0 39 7 5
25 43 7 5
27 37 12 3
8 30 10 4
11 49 10 4
5 29 8 5
18 26 8 5
28 40 11 4
1 9 9 5
25 45 9 5
15 45 7 6
18 42 7 6
42 47 7 6
7 29 5 7
12 17 5 7
38 48 12 4
4 41 6 7
2 44 7 7
3 36 14 4
10 47 5 10
6 15 6 10
(330 239)

Arvore 161
0 1 3 3
31 39 4 3
16 42 5 3
14 42 3 4
18 30 6 3
27 32 4 4
31 33 4 4
9 18 5 4
3 15 6 4
28 38 6 4
4 27 4 5
12 47 4 5
23 34 4 5
7 27 7 4
22 25 7 4
1 28 5 5
2 24 5 5
11 20 5 5
1 19 8 4
4 43 8 4
0 35 6 5
2 26 6 5
5 46 6 5
11 21 4 6
24 34 4 6
16 32 11 3
7 49 9 4
13 35 9 4
16 37 9 4
0 39 7 5
25 43 7 5
8 30 10 4
11 49 10 4
5 29 8 5
18 26 8 5
28 40 11 4
1 9 9 5
25 45 9 5
15 45 7 6
18 42 7 6
42 47 7 6
12 17 5 7
20 46 12 4
38 48 12 4
4 41 6 7
2 44 7 7
3 36 14 4
10 47 5 10
6 25 5 11
(333 238)

Arvore 162
0 1 3 3
31 39 4 3
16 42 5 3
14 42 3 4
18 30 6 3
27 32 4 4
31 33 4 4
9 18 5 4
3 15 6 4
28 38 6 4
4 27 4 5
12 47 4 5
23 34 4 5
7 27 7 4
22 25 7 4
1 28 5 5
2 24 5 5
11 20 5 5
1 19 8 4
4 43 8 4
0 35 6 5
2 26 6 5
5 46 6 5
11 21 4 6
24 34 4 6
16 32 11 3
7 49 9 4
13 35 9 4
0 39 7 5
25 43 7 5
27 37 12 3
8 30 10 4
11 49 10 4
5 29 8 5
18 26 8 5
28 40 11 4
1 9 9 5
25 45 9 5
15 45 7 6
18 42 7 6
42 47 7 6
7 29 5 7
12 17 5 7
38 48 12 4
4 41 6 7
2 44 7 7
3 36 14 4
10 47 5 10
6 12 15 6
(339 235)

Arvore 163
0 1 3 3
31 39 4 3
16 42 5 3
14 42 3 4
18 30 6 3
27 32 4 4
31 33 4 4
9 18 5 4
3 15 6 4
28 38 6 4
4 27 4 5
12 47 4 5
23 34 4 5
7 27 7 4
22 25 7 4
1 28 5 5
2 24 5 5
11 20 5 5
1 19 8 4
4 43 8 4
0 35 6 5
2 26 6 5
5 46 6 5
11 21 4 6
24 34 4 6
16 32 11 3
7 49 9 4
13 35 9 4
16 37 9 4
0 39 7 5
25 43 7 5
8 30 10 4
11 49 10 4
5 29 8 5
18 26 8 5
28 40 11 4
25 45 9 5
15 45 7 6
18 42 7 6
42 47 7 6
7 29 5 7
12 17 5 7
38 48 12 4
37 48 15 3
4 41 6 7
2 44 7 7
3 36 14 4
10 47 5 10
6 12 15 6
(342 234)

Arvore 164
0 1 3 3
31 39 4 3
16 42 5 3
14 42 3 4
18 30 6 3
27 32 4 4
31 33 4 4
9 18 5 4
3 15 6 4
28 38 6 4
4 27 4 5
12 47 4 5
23 34 4 5
7 27 7 4
22 25 7 4
1 28 5 5
2 24 5 5
11 20 5 5
1 19 8 4
4 43 8 4
16 32 11 3
0 35 6 5
2 26 6 5
5 46 6 5
7 49 9 4
13 35 9 4
11 21 4 6
24 34 4 6
27 37 12 3
0 39 7 5
25 43 7 5
8 30 10 4
11 49 10 4
5 29 8 5
18 26 8 5
28 40 11 4
1 9 9 5
25 45 9 5
20 46 12 4
38 48 12 4
15 45 7 6
18 42 7 6
42 47 7 6
12 17 5 7
4 41 6 7
3 36 14 4
2 44 7 7
6 12 15 6
10 47 5 10
(346 232)

Arvore 165
0 1 3 3
31 39 4 3
16 42 5 3
14 42 3 4
18 30 6 3
27 32 4 4
31 33 4 4
9 18 5 4
3 15 6 4
28 38 6 4
4 27 4 5
12 47 4 5
23 34 4 5
7 27 7 4
22 25 7 4
1 28 5 5
2 24 5 5
11 20 5 5
1 19 8 4
4 43 8 4
16 32 11 3
0 35 6 5
2 26 6 5
5 46 6 5
7 49 9 4
13 35 9 4
16 37 9 4
11 21 4 6
24 34 4 6
0 39 7 5
25 43 7 5
8 30 10 4
11 49 10 4
5 29 8 5
18 26 8 5
28 40 11 4
1 9 9 5
25 45 9 5
20 46 12 4
38 48 12 4
15 45 7 6
18 42 7 6
42 47 7 6
8 17 11 5
4 41 6 7
3 36 14 4
2 44 7 7
6 12 15 6
10 47 5 10
(349 231)

Arvore 166
0 1 3 3
31 39 4 3
16 42 5 3
14 42 3 4
18 30 6 3
27 32 4 4
31 33 4 4
9 18 5 4
3 15 6 4
28 38 6 4
4 27 4 5
12 47 4 5
23 34 4 5
7 27 7 4
22 25 7 4
1 28 5 5
2 24 5 5
11 20 5 5
1 19 8 4
4 43 8 4
16 32 11 3
0 35 6 5
2 26 6 5
5 46 6 5
7 49 9 4
13 35 9 4
27 37 12 3
11 21 4 6
24 34 4 6
0 39 7 5
25 43 7 5
8 30 10 4
11 49 10 4
5 29 8 5
18 26 8 5
28 40 11 4
1 9 9 5
25 45 9 5
20 46 12 4
38 48 12 4
37 48 15 3
15 45 7 6
42 47 7 6
12 17 5 7
3 36 14 4
4 41 6 7
2 44 7 7
6 12 15 6
10 47 5 10
(354 229)

Arvore 167
0 1 3 3
31 39 4 3
16 42 5 3
14 42 3 4
18 30 6 3
27 32 4 4
31 33 4 4
9 18 5 4
3 15 6 4
28 38 6 4
4 27 4 5
12 47 4 5
23 34 4 5
7 27 7 4
22 25 7 4
1 28 5 5
2 24 5 5
11 20 5 5
1 19 8 4
4 43 8 4
16 32 11 3
0 35 6 5
2 26 6 5
5 46 6 5
7 49 9 4
13 35 9 4
16 37 9 4
11 21 4 6
24 34 4 6
0 39 7 5
25 43 7 5
8 30 10 4
11 49 10 4
5 29 8 5
18 26 8 5
28 40 11 4
1 9 9 5
25 45 9 5
20 46 12 4
38 48 12 4
37 48 15 3
15 45 7 6
42 47 7 6
12 17 5 7
3 36 14 4
4 41 6 7
2 44 7 7
6 12 15 6
10 36 17 6
(363 226)

Arvore 168
0 1 3 3
31 39 4 3
16 42 5 3
14 42 3 4
18 30 6 3
27 32 4 4
31 33 4 4
9 18 5 4
3 15 6 4
28 38 6 4
4 27 4 5
12 47 4 5
23 34 4 5
7 27 7 4
22 25 7 4
1 28 5 5
2 24 5 5
11 20 5 5
1 19 8 4
4 43 8 4
16 32 11 3
0 35 6 5
2 26 6 5
5 46 6 5
7 49 9 4
13 35 9 4
16 37 9 4
11 21 4 6
24 34 4 6
0 39 7 5
25 43 7 5
8 30 10 4
11 49 10 4
5 29 8 5
18 26 8 5
28 40 11 4
1 9 9 5
25 45 9 5
20 46 12 4
38 48 12 4
37 48 15 3
15 45 7 6
42 47 7 6
8 17 11 5
3 36 14 4
4 41 6 7
2 44 7 7
6 12 15 6
10 47 5 10
(357 228)

Arvore 169
0 1 3 3
31 39 4 3
16 42 5 3
14 42 3 4
18 30 6 3
27 32 4 4
31 33 4 4
9 18 5 4
3 15 6 4
28 38 6 4
4 27 4 5
12 47 4 5
23 34 4 5
7 27 7 4
22 25 7 4
1 28 5 5
2 24 5 5
11 20 5 5
1 19 8 4
4 43 8 4
16 32 11 3
0 35 6 5
2 26 6 5
5 46 6 5
7 49 9 4
13 35 9 4
27 37 12 3
11 21 4 6
24 34 4 6
0 39 7 5
25 43 7 5
8 30 10 4
11 49 10 4
5 29 8 5
18 26 8 5
28 40 11 4
1 9 9 5
25 45 9 5
20 46 12 4
38 48 12 4
37 48 15 3
15 45 7 6
42 47 7 6
8 17 11 5
3 36 14 4
4 41 6 7
2 44 7 7
6 12 15 6
10 47 5 10
(360 227)

Arvore 170
0 1 3 3
31 39 4 3
16 42 5 3
14 42 3 4
18 30 6 3
27 32 4 4
31 33 4 4
9 18 5 4
3 15 6 4
28 38 6 4
4 27 4 5
12 47 4 5
23 34 4 5
7 27 7 4
22 25 7 4
1 28 5 5
2 24 5 5
11 20 5 5
1 19 8 4
4 43 8 4
16 32 11 3
0 35 6 5
2 26 6 5
5 46 6 5
7 49 9 4
13 35 9 4
27 37 12 3
11 21 4 6
24 34 4 6
0 39 7 5
25 43 7 5
8 30 10 4
11 49 10 4
5 29 8 5
18 26 8 5
28 40 11 4
1 9 9 5
25 45 9 5
20 46 12 4
38 48 12 4
37 48 15 3
15 45 7 6
42 47 7 6
12 17 5 7
3 36 14 4
4 41 6 7
2 44 7 7
6 12 15 6
10 36 17 6
(366 225)

Arvore 171
0 1 3 3
31 39 4 3
16 42 5 3
14 42 3 4
18 30 6 3
27 32 4 4
31 33 4 4
9 18 5 4
3 15 6 4
28 38 6 4
4 27 4 5
12 47 4 5
23 34 4 5
7 27 7 4
22 25 7 4
1 28 5 5
2 24 5 5
11 20 5 5
1 19 8 4
4 43 8 4
16 32 11 3
0 35 6 5
2 26 6 5
5 46 6 5
7 49 9 4
13 35 9 4
16 37 9 4
11 21 4 6
24 34 4 6
0 39 7 5
25 43 7 5
8 30 10 4
11 49 10 4
5 29 8 5
18 26 8 5
28 40 11 4
1 9 9 5
25 45 9 5
20 46 12 4
38 48 12 4
37 48 15 3
15 45 7 6
42 47 7 6
8 17 11 5
3 36 14 4
4 41 6 7
2 44 7 7
6 12 15 6
10 36 17 6
(369 224)

Arvore 172
0 1 3 3
31 39 4 3
16 42 5 3
18 30 6 3
14 42 3 4
27 32 4 4
31 33 4 4
9 18 5 4
3 15 6 4
28 38 6 4
7 27 7 4
22 25 7 4
4 27 4 5
12 47 4 5
23 34 4 5
16 32 11 3
1 19 8 4
4 43 8 4
1 28 5 5
2 24 5 5
11 20 5 5
7 49 9 4
13 35 9 4
16 37 9 4
0 35 6 5
2 26 6 5
5 46 6 5
8 30 10 4
11 49 10 4
0 39 7 5
25 43 7 5
11 21 4 6
24 34 4 6
28 40 11 4
5 29 8 5
18 26 8 5
37 48 15 3
20 46 12 4
38 48 12 4
1 9 9 5
25 45 9 5
15 45 7 6
42 47 7 6
3 36 14 4
8 17 11 5
4 41 6 7
11 44 17 4
6 12 15 6
10 36 17 6
(379 221)

Arvore 173
0 1 3 3
31 39 4 3
16 42 5 3
18 30 6 3
14 42 3 4
27 32 4 4
31 33 4 4
9 18 5 4
3 15 6 4
28 38 6 4
7 27 7 4
22 25 7 4
4 27 4 5
12 47 4 5
23 34 4 5
16 32 11 3
1 19 8 4
4 43 8 4
1 28 5 5
2 24 5 5
11 20 5 5
27 37 12 3
7 49 9 4
13 35 9 4
0 35 6 5
2 26 6 5
5 46 6 5
8 30 10 4
11 49 10 4
0 39 7 5
25 43 7 5
11 21 4 6
24 34 4 6
28 40 11 4
5 29 8 5
18 26 8 5
37 48 15 3
20 46 12 4
38 48 12 4
1 9 9 5
25 45 9 5
15 45 7 6
42 47 7 6
3 36 14 4
12 17 5 7
4 41 6 7
11 44 17 4
6 12 15 6
10 36 17 6
(376 222)

Arvore 174
0 1 3 3
31 39 4 3
16 42 5 3
18 30 6 3
14 42 3 4
27 32 4 4
31 33 4 4
9 18 5 4
3 15 6 4
28 38 6 4
7 27 7 4
22 25 7 4
16 32 11 3
4 27 4 5
12 47 4 5
23 34 4 5
1 19 8 4
4 43 8 4
27 37 12 3
1 28 5 5
2 24 5 5
11 20 5 5
7 49 9 4
13 35 9 4
0 35 6 5
2 26 6 5
5 46 6 5
8 30 10 4
11 49 10 4
0 39 7 5
25 43 7 5
28 40 11 4
37 48 15 3
11 21 4 6
24 34 4 6
5 29 8 5
18 26 8 5
20 46 12 4
38 48 12 4
1 9 9 5
25 45 9 5
3 36 14 4
15 45 7 6
8 17 11 5
29 47 15 4
11 44 17 4
4 41 6 7
6 12 15 6
10 36 17 6
(390 218)

Arvore 175
0 1 3 3
31 39 4 3
16 42 5 3
18 30 6 3
14 42 3 4
27 32 4 4
31 33 4 4
9 18 5 4
3 15 6 4
28 38 6 4
7 27 7 4
22 25 7 4
16 32 11 3
4 27 4 5
12 47 4 5
23 34 4 5
1 19 8 4
4 43 8 4
27 37 12 3
1 28 5 5
2 24 5 5
11 20 5 5
7 49 9 4
13 35 9 4
0 35 6 5
2 26 6 5
5 46 6 5
8 30 10 4
11 49 10 4
0 39 7 5
25 43 7 5
28 40 11 4
37 48 15 3
11 21 4 6
24 34 4 6
5 29 8 5
18 26 8 5
20 46 12 4
38 48 12 4
1 9 9 5
25 45 9 5
3 36 14 4
15 45 7 6
42 47 7 6
8 17 11 5
39 44 17 4
25 41 18 4
6 12 15 6
10 36 17 6
(394 217)

Arvore 176
0 1 3 3
31 39 4 3
16 42 5 3
18 30 6 3
14 42 3 4
27 32 4 4
31 33 4 4
9 18 5 4
3 15 6 4
28 38 6 4
7 27 7 4
22 25 7 4
16 32 11 3
4 27 4 5
12 47 4 5
23 34 4 5
1 19 8 4
4 43 8 4
27 37 12 3
1 28 5 5
2 24 5 5
11 20 5 5
7 49 9 4
13 35 9 4
0 35 6 5
2 26 6 5
5 46 6 5
8 30 10 4
11 49 10 4
0 39 7 5
25 43 7 5
28 40 11 4
37 48 15 3
11 21 4 6
24 34 4 6
5 29 8 5
18 26 8 5
20 46 12 4
38 48 12 4
1 9 9 5
25 45 9 5
3 36 14 4
15 45 7 6
42 47 7 6
8 17 11 5
39 44 17 4
4 41 6 7
0 6 20 5
10 36 17 6
(387 219)

Arvore 177
0 1 3 3
31 39 4 3
16 42 5 3
18 30 6 3
14 42 3 4
27 32 4 4
31 33 4 4
9 18 5 4
3 15 6 4
28 38 6 4
7 27 7 4
22 25 7 4
16 32 11 3
4 27 4 5
12 47 4 5
23 34 4 5
1 19 8 4
4 43 8 4
27 37 12 3
1 28 5 5
2 24 5 5
11 20 5 5
7 49 9 4
13 35 9 4
0 35 6 5
2 26 6 5
5 46 6 5
8 30 10 4
11 49 10 4
0 39 7 5
25 43 7 5
28 40 11 4
37 48 15 3
11 21 4 6
24 34 4 6
5 29 8 5
18 26 8 5
20 46 12 4
38 48 12 4
1 9 9 5
3 36 14 4
28 45 14 4
15 45 7 6
42 47 7 6
8 17 11 5
11 44 17 4
25 41 18 4
6 12 15 6
10 36 17 6
(399 216)

Arvore 178
0 1 3 3
31 39 4 3
16 42 5 3
18 30 6 3
14 42 3 4
27 32 4 4
31 33 4 4
9 18 5 4
3 15 6 4
28 38 6 4
16 32 11 3
7 27 7 4
22 25 7 4
27 37 12 3
1 19 8 4
4 43 8 4
4 27 4 5
12 47 4 5
23 34 4 5
7 49 9 4
13 35 9 4
1 28 5 5
2 24 5 5
11 20 5 5
8 30 10 4
11 49 10 4
37 48 15 3
2 26 6 5
5 46 6 5
28 40 11 4
35 40 16 3
0 39 7 5
25 43 7 5
20 46 12 4
38 48 12 4
5 29 8 5
18 26 8 5
11 21 4 6
24 34 4 6
1 9 9 5
25 45 9 5
3 36 14 4
29 47 15 4
8 17 11 5
15 45 7 6
11 44 17 4
25 41 18 4
6 12 15 6
10 36 17 6
(412 213)

Arvore 179
0 1 3 3
31 39 4 3
16 42 5 3
18 30 6 3
14 42 3 4
27 32 4 4
31 33 4 4
9 18 5 4
3 15 6 4
28 38 6 4
16 32 11 3
7 27 7 4
22 25 7 4
27 37 12 3
1 19 8 4
4 43 8 4
4 27 4 5
12 47 4 5
23 34 4 5
7 49 9 4
13 35 9 4
1 28 5 5
2 24 5 5
11 20 5 5
8 30 10 4
11 49 10 4
37 48 15 3
0 35 6 5
2 26 6 5
5 46 6 5
35 40 16 3
0 39 7 5
25 43 7 5
20 46 12 4
38 48 12 4
5 29 8 5
18 26 8 5
11 21 4 6
24 34 4 6
1 9 9 5
25 45 9 5
3 36 14 4
29 47 15 4
8 17 11 5
15 45 7 6
11 44 17 4
25 41 18 4
6 12 15 6
10 36 17 6
(407 214)

Arvore 180
0 1 3 3
31 39 4 3
16 42 5 3
18 30 6 3
14 42 3 4
27 32 4 4
31 33 4 4
9 18 5 4
3 15 6 4
28 38 6 4
16 32 11 3
7 27 7 4
22 25 7 4
27 37 12 3
1 19 8 4
4 43 8 4
4 27 4 5
12 47 4 5
23 34 4 5
7 49 9 4
13 35 9 4
1 28 5 5
2 24 5 5
11 20 5 5
8 30 10 4
11 49 10 4
37 48 15 3
2 26 6 5
5 46 6 5
28 40 11 4
35 40 16 3
0 39 7 5
25 43 7 5
20 46 12 4
38 48 12 4
5 29 8 5
18 26 8 5
11 21 4 6
24 34 4 6
1 9 9 5
3 36 14 4
28 45 14 4
29 47 15 4
8 17 11 5
15 45 7 6
11 44 17 4
25 41 18 4
6 12 15 6
10 36 17 6
(417 212)

Arvore 181
0 1 3 3
31 39 4 3
16 42 5 3
18 30 6 3
14 42 3 4
27 32 4 4
31 33 4 4
16 32 11 3
9 18 5 4
27 37 12 3
3 15 6 4
28 38 6 4
7 27 7 4
22 25 7 4
1 19 8 4
4 43 8 4
37 48 15 3
7 49 9 4
13 35 9 4
35 40 16 3
8 30 10 4
11 49 10 4
4 27 4 5
12 47 4 5
23 34 4 5
28 40 11 4
1 28 5 5
2 24 5 5
11 20 5 5
20 46 12 4
38 48 12 4
2 26 6 5
5 46 6 5
22 27 13 4
0 39 7 5
3 36 14 4
28 45 14 4
5 29 8 5
18 26 8 5
29 47 15 4
1 9 9 5
24 34 4 6
11 44 17 4
18 21 17 4
8 17 11 5
25 41 18 4
15 45 7 6
0 6 20 5
10 36 17 6
(441 208)

Arvore 182
0 1 3 3
31 39 4 3
16 42 5 3
18 30 6 3
14 42 3 4
27 32 4 4
31 33 4 4
16 32 11 3
9 18 5 4
27 37 12 3
3 15 6 4
28 38 6 4
7 27 7 4
22 25 7 4
1 19 8 4
4 43 8 4
37 48 15 3
7 49 9 4
13 35 9 4
35 40 16 3
8 30 10 4
11 49 10 4
4 27 4 5
12 47 4 5
23 34 4 5
28 40 11 4
1 28 5 5
2 24 5 5
11 20 5 5
20 46 12 4
38 48 12 4
2 26 6 5
5 46 6 5
22 27 13 4
0 39 7 5
3 36 14 4
28 45 14 4
5 29 8 5
18 26 8 5
29 47 15 4
18 49 16 4
11 21 4 6
24 34 4 6
11 44 17 4
8 17 11 5
25 41 18 4
15 45 7 6
0 6 20 5
10 36 17 6
(435 209)

Arvore 183
0 1 3 3
31 39 4 3
16 42 5 3
18 30 6 3
14 42 3 4
27 32 4 4
31 33 4 4
16 32 11 3
9 18 5 4
27 37 12 3
3 15 6 4
28 38 6 4
7 27 7 4
22 25 7 4
1 19 8 4
4 43 8 4
37 48 15 3
7 49 9 4
13 35 9 4
35 40 16 3
8 30 10 4
11 49 10 4
4 27 4 5
12 47 4 5
23 34 4 5
28 40 11 4
1 28 5 5
2 24 5 5
11 20 5 5
20 46 12 4
38 48 12 4
2 26 6 5
5 46 6 5
0 39 7 5
25 43 7 5
3 36 14 4
28 45 14 4
5 29 8 5
18 26 8 5
29 47 15 4
1 9 9 5
11 44 17 4
18 21 17 4
23 32 17 4
8 17 11 5
25 41 18 4
15 45 7 6
0 6 20 5
10 36 17 6
(448 207)

Arvore 184
0 1 3 3
31 39 4 3
16 42 5 3
18 30 6 3
14 42 3 4
27 32 4 4
31 33 4 4
16 32 11 3
9 18 5 4
27 37 12 3
3 15 6 4
28 38 6 4
7 27 7 4
22 25 7 4
1 19 8 4
4 43 8 4
37 48 15 3
7 49 9 4
13 35 9 4
35 40 16 3
8 30 10 4
11 49 10 4
12 47 4 5
23 34 4 5
28 40 11 4
4 42 18 3
1 28 5 5
2 24 5 5
11 20 5 5
20 46 12 4
38 48 12 4
2 26 6 5
5 46 6 5
22 27 13 4
0 39 7 5
3 36 14 4
28 45 14 4
5 29 8 5
18 26 8 5
29 47 15 4
1 9 9 5
11 44 17 4
18 21 17 4
23 32 17 4
8 17 11 5
25 41 18 4
15 45 7 6
0 6 20 5
10 36 17 6
(468 204)

Arvore 185
0 1 3 3
31 39 4 3
16 42 5 3
18 30 6 3
14 42 3 4
27 32 4 4
31 33 4 4
16 32 11 3
9 18 5 4
27 37 12 3
3 15 6 4
28 38 6 4
7 27 7 4
22 25 7 4
1 19 8 4
4 43 8 4
37 48 15 3
7 49 9 4
13 35 9 4
35 40 16 3
8 30 10 4
11 49 10 4
4 27 4 5
12 47 4 5
23 34 4 5
28 40 11 4
1 28 5 5
2 24 5 5
11 20 5 5
20 46 12 4
38 48 12 4
2 26 6 5
5 46 6 5
22 27 13 4
0 39 7 5
3 36 14 4
28 45 14 4
5 29 8 5
18 26 8 5
29 47 15 4
18 49 16 4
11 44 17 4
18 21 17 4
23 32 17 4
8 17 11 5
25 41 18 4
15 45 7 6
0 6 20 5
10 36 17 6
(461 205)

Arvore 186
0 1 3 3
31 39 4 3
16 42 5 3
18 30 6 3
14 42 3 4
16 32 11 3
27 32 4 4
31 33 4 4
27 37 12 3
9 18 5 4
3 15 6 4
28 38 6 4
7 27 7 4
22 25 7 4
37 48 15 3
1 19 8 4
4 43 8 4
35 40 16 3
7 49 9 4
13 35 9 4
8 30 10 4
11 49 10 4
4 42 18 3
28 40 11 4
12 47 4 5
23 34 4 5
20 46 12 4
38 48 12 4
1 28 5 5
2 24 5 5
11 20 5 5
22 27 13 4
2 26 6 5
5 46 6 5
3 36 14 4
28 45 14 4
0 39 7 5
29 47 15 4
5 29 8 5
18 49 16 4
26 39 16 4
11 44 17 4
18 21 17 4
23 32 17 4
25 41 18 4
8 17 11 5
15 45 7 6
0 6 20 5
10 36 17 6
(483 202)

Arvore 187
0 1 3 3
31 39 4 3
16 42 5 3
18 30 6 3
16 32 11 3
14 42 3 4
27 37 12 3
27 32 4 4
31 33 4 4
9 18 5 4
3 15 6 4
28 38 6 4
37 48 15 3
7 27 7 4
22 25 7 4
35 40 16 3
1 19 8 4
4 43 8 4
7 49 9 4
13 35 9 4
4 42 18 3
8 30 10 4
11 49 10 4
28 40 11 4
20 46 12 4
38 48 12 4
12 47 4 5
23 34 4 5
22 27 13 4
1 28 5 5
2 24 5 5
11 20 5 5
3 36 14 4
28 45 14 4
2 26 6 5
5 46 6 5
29 47 15 4
16 39 24 3
18 49 16 4
26 39 16 4
5 29 8 5
11 44 17 4
18 21 17 4
23 32 17 4
25 41 18 4
8 17 11 5
15 45 7 6
0 6 20 5
10 36 17 6
(500 200)

Arvore 188
0 1 3 3
31 39 4 3
16 42 5 3
18 30 6 3
16 32 11 3
14 42 3 4
27 37 12 3
27 32 4 4
31 33 4 4
9 18 5 4
3 15 6 4
28 38 6 4
37 48 15 3
7 27 7 4
22 25 7 4
35 40 16 3
1 19 8 4
4 43 8 4
7 49 9 4
13 35 9 4
4 42 18 3
8 30 10 4
11 49 10 4
28 40 11 4
20 46 12 4
7 38 21 3
12 47 4 5
23 34 4 5
22 27 13 4
1 28 5 5
2 24 5 5
11 20 5 5
3 36 14 4
28 45 14 4
2 26 6 5
5 46 6 5
29 47 15 4
16 39 24 3
30 40 24 3
26 39 16 4
5 29 8 5
11 44 17 4
18 21 17 4
23 32 17 4
25 41 18 4
8 17 11 5
15 45 7 6
0 6 20 5
10 36 17 6
(517 198)

Arvore 189
0 1 3 3
31 39 4 3
16 42 5 3
18 30 6 3
16 32 11 3
27 37 12 3
14 42 3 4
37 48 15 3
27 32 4 4
31 33 4 4
35 40 16 3
9 18 5 4
3 15 6 4
28 38 6 4
4 42 18 3
7 27 7 4
22 25 7 4
1 19 8 4
4 43 8 4
7 49 9 4
13 35 9 4
7 38 21 3
8 30 10 4
11 49 10 4
28 40 11 4
20 46 12 4
16 39 24 3
30 40 24 3
22 27 13 4
2 39 25 3
3 36 14 4
28 45 14 4
29 47 15 4
12 47 4 5
23 34 4 5
26 39 16 4
1 28 5 5
2 24 5 5
11 20 5 5
18 21 17 4
23 32 17 4
39 44 17 4
5 46 6 5
25 41 18 4
12 19 20 4
8 17 11 5
15 45 7 6
0 6 20 5
10 36 17 6
(548 195)

Arvore 190
0 1 3 3
31 39 4 3
16 42 5 3
18 30 6 3
16 32 11 3
27 37 12 3
37 48 15 3
14 42 3 4
35 40 16 3
27 32 4 4
31 33 4 4
9 18 5 4
4 42 18 3
3 15 6 4
28 38 6 4
7 27 7 4
22 25 7 4
1 19 8 4
4 43 8 4
7 38 21 3
7 49 9 4
13 35 9 4
8 30 10 4
11 49 10 4
28 40 11 4
16 39 24 3
30 40 24 3
20 46 12 4
2 39 25 3
22 27 13 4
3 36 14 4
14 45 27 3
29 47 15 4
26 39 16 4
12 47 4 5
23 34 4 5
11 44 17 4
18 21 17 4
23 32 17 4
1 28 5 5
2 24 5 5
11 20 5 5
25 41 18 4
5 46 6 5
12 19 20 4
8 17 11 5
36 47 30 4
0 6 20 5
10 36 17 6
(584 192)

Arvore 191
0 1 3 3
31 39 4 3
16 42 5 3
18 30 6 3
16 32 11 3
27 37 12 3
37 48 15 3
14 42 3 4
35 40 16 3
27 32 4 4
31 33 4 4
9 18 5 4
4 42 18 3
3 15 6 4
28 38 6 4
7 27 7 4
22 25 7 4
1 19 8 4
4 43 8 4
7 38 21 3
7 49 9 4
13 35 9 4
8 30 10 4
11 49 10 4
28 40 11 4
16 39 24 3
30 40 24 3
20 46 12 4
2 39 25 3
22 27 13 4
3 36 14 4
14 45 27 3
29 47 15 4
26 39 16 4
12 47 4 5
23 34 4 5
11 44 17 4
18 21 17 4
23 32 17 4
1 28 5 5
11 20 5 5
24 40 18 4
25 41 18 4
5 46 6 5
12 19 20 4
8 17 11 5
36 47 30 4
0 6 20 5
10 36 17 6
(597 191)

Arvore 192
0 1 3 3
31 39 4 3
16 42 5 3
18 30 6 3
16 32 11 3
27 37 12 3
37 48 15 3
35 40 16 3
4 42 18 3
7 38 21 3
14 42 3 4
27 32 4 4
31 33 4 4
16 39 24 3
30 40 24 3
9 18 5 4
2 39 25 3
3 15 6 4
28 38 6 4
7 27 7 4
22 25 7 4
14 45 27 3
1 19 8 4
4 43 8 4
7 49 9 4
13 35 9 4
8 30 10 4
11 49 10 4
28 40 11 4
20 46 12 4
22 27 13 4
3 36 14 4
29 47 15 4
26 39 16 4
11 44 17 4
18 21 17 4
23 32 17 4
24 40 18 4
25 41 18 4
1 2 97 0
12 19 20 4
12 47 4 5
23 34 4 5
11 20 5 5
5 46 6 5
17 26 27 4
36 47 30 4
0 6 20 5
10 31 30 5
(718 184)

Arvore 193
0 1 3 3
31 39 4 3
16 42 5 3
18 30 6 3
16 32 11 3
27 37 12 3
37 48 15 3
35 40 16 3
4 42 18 3
7 38 21 3
14 42 3 4
27 32 4 4
31 33 4 4
16 39 24 3
30 40 24 3
9 18 5 4
2 39 25 3
3 15 6 4
28 38 6 4
7 27 7 4
22 25 7 4
14 45 27 3
1 19 8 4
4 43 8 4
7 49 9 4
13 35 9 4
8 30 10 4
11 49 10 4
28 40 11 4
20 46 12 4
22 27 13 4
3 36 14 4
29 47 15 4
26 39 16 4
18 21 17 4
23 32 17 4
39 44 17 4
24 40 18 4
25 41 18 4
1 2 97 0
12 19 20 4
12 47 4 5
23 34 4 5
11 20 5 5
5 46 6 5
36 47 30 4
8 17 11 5
0 6 20 5
10 31 30 5
(702 185)

Arvore 194
0 1 3 3
31 39 4 3
16 42 5 3
18 30 6 3
16 32 11 3
27 37 12 3
37 48 15 3
35 40 16 3
4 42 18 3
7 38 21 3
14 42 3 4
27 32 4 4
31 33 4 4
16 39 24 3
30 40 24 3
9 18 5 4
2 39 25 3
3 15 6 4
28 38 6 4
7 27 7 4
22 25 7 4
14 45 27 3
1 19 8 4
4 43 8 4
7 49 9 4
13 35 9 4
8 30 10 4
11 49 10 4
28 40 11 4
20 46 12 4
22 27 13 4
3 36 14 4
29 47 15 4
26 39 16 4
11 44 17 4
18 21 17 4
23 32 17 4
25 41 18 4
1 2 97 0
12 19 20 4
12 47 4 5
23 34 4 5
2 24 5 5
11 20 5 5
5 46 6 5
36 47 30 4
8 17 11 5
0 6 20 5
10 31 30 5
(689 186)

