Fim da primeira fase ... 
0
Fim da segunda fase ... 
0
0
Total: 0
Suportadas = 5
Nao suportadas = 7
TOTAL DE SOLUCOES = 12

SUPORTADAS: 

Arvore 1
0 2 0 80
0 1 20 20
1 4 21 23
1 5 21 24
3 5 22 22
3 6 24 21
(108 190)

Arvore 2
0 1 20 20
1 4 21 23
1 5 21 24
3 5 22 22
2 4 23 23
3 6 24 21
(131 133)

Arvore 3
0 1 20 20
0 4 22 21
3 5 22 22
3 6 24 21
1 5 21 24
2 4 23 23
(132 131)

Arvore 4
0 1 20 20
0 4 22 21
3 6 24 21
3 5 22 22
0 6 25 21
2 4 23 23
(136 128)

Arvore 5
1 2 80 0
0 1 20 20
0 4 22 21
3 6 24 21
0 6 25 21
3 5 22 22
(193 105)


NAO SUPORTADAS: 
Arvore 6
0 1 20 20
0 4 22 21
1 5 21 24
3 5 22 22
0 2 0 80
3 6 24 21
(109 188)

Arvore 7
0 1 20 20
0 4 22 21
3 5 22 22
0 2 0 80
3 6 24 21
3 4 24 22
(112 186)

Arvore 8
0 1 20 20
0 4 22 21
3 5 22 22
0 2 0 80
3 6 24 21
0 6 25 21
(113 185)

Arvore 9
0 1 20 20
0 4 22 21
3 5 22 22
3 6 24 21
3 4 24 22
2 4 23 23
(135 129)

Arvore 10
0 1 20 20
0 4 22 21
3 6 24 21
3 5 22 22
3 4 24 22
1 2 80 0
(192 106)

Arvore 11
0 1 20 20
0 4 22 21
3 6 24 21
3 5 22 22
1 2 80 0
1 5 21 24
(189 108)

Arvore 12
0 1 20 20
3 6 24 21
3 5 22 22
1 4 21 23
1 2 80 0
1 5 21 24
(188 110)

