125
Arvore 0  ---  Peso = 51
2, 3, 11
3, 4, 12
1, 2, 13
0, 3, 15

Arvore 1  ---  Peso = 56
2, 3, 11
3, 4, 12
1, 2, 13
0, 1, 20

Arvore 2  ---  Peso = 57
2, 3, 11
3, 4, 12
0, 3, 15
1, 3, 19

Arvore 3  ---  Peso = 58
2, 3, 11
3, 4, 12
1, 2, 13
0, 2, 22

Arvore 4  ---  Peso = 58
2, 3, 11
3, 4, 12
0, 3, 15
0, 1, 20

Arvore 5  ---  Peso = 59
3, 4, 12
1, 2, 13
0, 3, 15
1, 3, 19

Arvore 6  ---  Peso = 60
3, 4, 12
1, 2, 13
0, 3, 15
0, 1, 20

Arvore 7  ---  Peso = 62
2, 3, 11
3, 4, 12
1, 3, 19
0, 1, 20

Arvore 8  ---  Peso = 62
3, 4, 12
1, 2, 13
0, 3, 15
0, 2, 22

Arvore 9  ---  Peso = 64
2, 3, 11
3, 4, 12
0, 3, 15
1, 4, 26

Arvore 10  ---  Peso = 64
2, 3, 11
3, 4, 12
1, 3, 19
0, 2, 22

Arvore 11  ---  Peso = 64
2, 3, 11
3, 4, 12
1, 2, 13
0, 4, 28

Arvore 12  ---  Peso = 64
3, 4, 12
1, 2, 13
1, 3, 19
0, 1, 20

Arvore 13  ---  Peso = 65
2, 3, 11
1, 2, 13
0, 3, 15
1, 4, 26

Arvore 14  ---  Peso = 65
2, 3, 11
3, 4, 12
0, 1, 20
0, 2, 22

Arvore 15  ---  Peso = 66
3, 4, 12
1, 2, 13
1, 3, 19
0, 2, 22

Arvore 16  ---  Peso = 66
3, 4, 12
1, 2, 13
0, 3, 15
1, 4, 26

Arvore 17  ---  Peso = 67
2, 3, 11
1, 2, 13
0, 3, 15
0, 4, 28

Arvore 18  ---  Peso = 68
3, 4, 12
0, 3, 15
1, 3, 19
0, 2, 22

Arvore 19  ---  Peso = 69
2, 3, 11
3, 4, 12
0, 1, 20
1, 4, 26

Arvore 20  ---  Peso = 69
2, 3, 11
1, 2, 13
0, 3, 15
2, 4, 30

Arvore 21  ---  Peso = 69
3, 4, 12
0, 3, 15
0, 1, 20
0, 2, 22

Arvore 22  ---  Peso = 70
2, 3, 11
3, 4, 12
1, 3, 19
0, 4, 28

Arvore 23  ---  Peso = 70
2, 3, 11
1, 2, 13
0, 1, 20
1, 4, 26

Arvore 24  ---  Peso = 70
3, 4, 12
1, 2, 13
0, 3, 15
2, 4, 30

Arvore 25  ---  Peso = 71
2, 3, 11
0, 3, 15
1, 3, 19
1, 4, 26

Arvore 26  ---  Peso = 71
2, 3, 11
3, 4, 12
0, 1, 20
0, 4, 28

Arvore 27  ---  Peso = 71
2, 3, 11
3, 4, 12
0, 2, 22
1, 4, 26

Arvore 28  ---  Peso = 71
3, 4, 12
1, 2, 13
0, 1, 20
1, 4, 26

Arvore 29  ---  Peso = 72
2, 3, 11
1, 2, 13
0, 1, 20
0, 4, 28

Arvore 30  ---  Peso = 72
3, 4, 12
1, 2, 13
1, 3, 19
0, 4, 28

Arvore 31  ---  Peso = 72
2, 3, 11
0, 3, 15
0, 1, 20
1, 4, 26

Arvore 32  ---  Peso = 72
2, 3, 11
1, 2, 13
0, 2, 22
1, 4, 26

Arvore 33  ---  Peso = 73
3, 4, 12
1, 2, 13
0, 1, 20
0, 4, 28

Arvore 34  ---  Peso = 73
1, 2, 13
0, 3, 15
1, 3, 19
1, 4, 26

Arvore 35  ---  Peso = 73
3, 4, 12
1, 3, 19
0, 1, 20
0, 2, 22

Arvore 36  ---  Peso = 73
3, 4, 12
1, 2, 13
0, 2, 22
1, 4, 26

Arvore 37  ---  Peso = 73
2, 3, 11
0, 3, 15
1, 3, 19
0, 4, 28

Arvore 38  ---  Peso = 74
2, 3, 11
1, 2, 13
0, 2, 22
0, 4, 28

Arvore 39  ---  Peso = 74
1, 2, 13
0, 3, 15
0, 1, 20
1, 4, 26

Arvore 40  ---  Peso = 74
2, 3, 11
0, 3, 15
0, 1, 20
0, 4, 28

Arvore 41  ---  Peso = 74
2, 3, 11
1, 2, 13
0, 1, 20
2, 4, 30

Arvore 42  ---  Peso = 75
3, 4, 12
0, 3, 15
0, 2, 22
1, 4, 26

Arvore 43  ---  Peso = 75
1, 2, 13
0, 3, 15
1, 3, 19
0, 4, 28

Arvore 44  ---  Peso = 75
2, 3, 11
0, 3, 15
1, 3, 19
2, 4, 30

Arvore 45  ---  Peso = 75
3, 4, 12
1, 2, 13
0, 2, 22
0, 4, 28

Arvore 46  ---  Peso = 75
3, 4, 12
1, 2, 13
0, 1, 20
2, 4, 30

Arvore 47  ---  Peso = 76
2, 3, 11
0, 3, 15
0, 1, 20
2, 4, 30

Arvore 48  ---  Peso = 76
2, 3, 11
1, 2, 13
0, 2, 22
2, 4, 30

Arvore 49  ---  Peso = 76
1, 2, 13
0, 3, 15
0, 2, 22
1, 4, 26

Arvore 50  ---  Peso = 76
1, 2, 13
0, 3, 15
0, 1, 20
0, 4, 28

Arvore 51  ---  Peso = 76
2, 3, 11
1, 3, 19
0, 1, 20
1, 4, 26

Arvore 52  ---  Peso = 76
3, 4, 12
0, 3, 15
1, 3, 19
2, 4, 30

Arvore 53  ---  Peso = 77
3, 4, 12
1, 2, 13
0, 2, 22
2, 4, 30

Arvore 54  ---  Peso = 77
3, 4, 12
0, 3, 15
0, 1, 20
2, 4, 30

Arvore 55  ---  Peso = 77
2, 3, 11
3, 4, 12
1, 4, 26
0, 4, 28

Arvore 56  ---  Peso = 77
1, 2, 13
0, 3, 15
1, 3, 19
2, 4, 30

Arvore 57  ---  Peso = 78
2, 3, 11
1, 3, 19
0, 2, 22
1, 4, 26

Arvore 58  ---  Peso = 78
1, 2, 13
1, 3, 19
0, 1, 20
1, 4, 26

Arvore 59  ---  Peso = 78
1, 2, 13
0, 3, 15
0, 2, 22
0, 4, 28

Arvore 60  ---  Peso = 78
2, 3, 11
1, 3, 19
0, 1, 20
0, 4, 28

Arvore 61  ---  Peso = 78
1, 2, 13
0, 3, 15
0, 1, 20
2, 4, 30

Arvore 62  ---  Peso = 78
2, 3, 11
1, 2, 13
1, 4, 26
0, 4, 28

Arvore 63  ---  Peso = 79
2, 3, 11
0, 1, 20
0, 2, 22
1, 4, 26

Arvore 64  ---  Peso = 79
3, 4, 12
1, 2, 13
1, 4, 26
0, 4, 28

Arvore 65  ---  Peso = 80
2, 3, 11
1, 3, 19
0, 2, 22
0, 4, 28

Arvore 66  ---  Peso = 80
1, 2, 13
1, 3, 19
0, 2, 22
1, 4, 26

Arvore 67  ---  Peso = 80
1, 2, 13
1, 3, 19
0, 1, 20
0, 4, 28

Arvore 68  ---  Peso = 80
3, 4, 12
0, 1, 20
0, 2, 22
1, 4, 26

Arvore 69  ---  Peso = 80
2, 3, 11
0, 3, 15
1, 4, 26
0, 4, 28

Arvore 70  ---  Peso = 80
2, 3, 11
1, 3, 19
0, 1, 20
2, 4, 30

Arvore 71  ---  Peso = 80
1, 2, 13
0, 3, 15
0, 2, 22
2, 4, 30

Arvore 72  ---  Peso = 81
3, 4, 12
1, 3, 19
0, 2, 22
0, 4, 28

Arvore 73  ---  Peso = 81
2, 3, 11
0, 1, 20
0, 2, 22
0, 4, 28

Arvore 74  ---  Peso = 81
3, 4, 12
1, 3, 19
0, 1, 20
2, 4, 30

Arvore 75  ---  Peso = 82
1, 2, 13
0, 3, 15
1, 4, 26
0, 4, 28

Arvore 76  ---  Peso = 82
2, 3, 11
1, 3, 19
0, 2, 22
2, 4, 30

Arvore 77  ---  Peso = 82
0, 3, 15
1, 3, 19
0, 2, 22
1, 4, 26

Arvore 78  ---  Peso = 82
3, 4, 12
0, 1, 20
0, 2, 22
0, 4, 28

Arvore 79  ---  Peso = 82
2, 3, 11
0, 3, 15
1, 4, 26
2, 4, 30

Arvore 80  ---  Peso = 82
1, 2, 13
1, 3, 19
0, 2, 22
0, 4, 28

Arvore 81  ---  Peso = 82
2, 3, 11
1, 2, 13
0, 4, 28
2, 4, 30

Arvore 82  ---  Peso = 82
1, 2, 13
1, 3, 19
0, 1, 20
2, 4, 30

Arvore 83  ---  Peso = 83
2, 3, 11
0, 1, 20
0, 2, 22
2, 4, 30

Arvore 84  ---  Peso = 83
0, 3, 15
0, 1, 20
0, 2, 22
1, 4, 26

Arvore 85  ---  Peso = 83
3, 4, 12
0, 3, 15
1, 4, 26
2, 4, 30

Arvore 86  ---  Peso = 83
3, 4, 12
1, 3, 19
0, 2, 22
2, 4, 30

Arvore 87  ---  Peso = 83
3, 4, 12
1, 2, 13
0, 4, 28
2, 4, 30

Arvore 88  ---  Peso = 84
0, 3, 15
1, 3, 19
0, 2, 22
0, 4, 28

Arvore 89  ---  Peso = 84
1, 2, 13
1, 3, 19
0, 2, 22
2, 4, 30

Arvore 90  ---  Peso = 84
3, 4, 12
0, 1, 20
0, 2, 22
2, 4, 30

Arvore 91  ---  Peso = 84
2, 3, 11
1, 3, 19
1, 4, 26
0, 4, 28

Arvore 92  ---  Peso = 85
0, 3, 15
0, 1, 20
0, 2, 22
0, 4, 28

Arvore 93  ---  Peso = 86
1, 2, 13
1, 3, 19
1, 4, 26
0, 4, 28

Arvore 94  ---  Peso = 86
0, 3, 15
1, 3, 19
0, 2, 22
2, 4, 30

Arvore 95  ---  Peso = 86
1, 2, 13
0, 3, 15
0, 4, 28
2, 4, 30

Arvore 96  ---  Peso = 87
0, 3, 15
0, 1, 20
0, 2, 22
2, 4, 30

Arvore 97  ---  Peso = 87
2, 3, 11
0, 1, 20
1, 4, 26
2, 4, 30

Arvore 98  ---  Peso = 87
1, 3, 19
0, 1, 20
0, 2, 22
1, 4, 26

Arvore 99  ---  Peso = 87
2, 3, 11
0, 2, 22
1, 4, 26
0, 4, 28

Arvore 100  ---  Peso = 88
2, 3, 11
1, 3, 19
0, 4, 28
2, 4, 30

Arvore 101  ---  Peso = 88
3, 4, 12
0, 2, 22
1, 4, 26
0, 4, 28

Arvore 102  ---  Peso = 88
3, 4, 12
0, 1, 20
1, 4, 26
2, 4, 30

Arvore 103  ---  Peso = 89
1, 3, 19
0, 1, 20
0, 2, 22
0, 4, 28

Arvore 104  ---  Peso = 89
3, 4, 12
1, 3, 19
0, 4, 28
2, 4, 30

Arvore 105  ---  Peso = 89
2, 3, 11
0, 1, 20
0, 4, 28
2, 4, 30

Arvore 106  ---  Peso = 89
2, 3, 11
0, 2, 22
1, 4, 26
2, 4, 30

Arvore 107  ---  Peso = 90
3, 4, 12
0, 1, 20
0, 4, 28
2, 4, 30

Arvore 108  ---  Peso = 90
0, 3, 15
1, 3, 19
1, 4, 26
2, 4, 30

Arvore 109  ---  Peso = 90
3, 4, 12
0, 2, 22
1, 4, 26
2, 4, 30

Arvore 110  ---  Peso = 90
1, 2, 13
1, 3, 19
0, 4, 28
2, 4, 30

Arvore 111  ---  Peso = 91
0, 3, 15
0, 1, 20
1, 4, 26
2, 4, 30

Arvore 112  ---  Peso = 91
0, 3, 15
0, 2, 22
1, 4, 26
0, 4, 28

Arvore 113  ---  Peso = 91
1, 3, 19
0, 1, 20
0, 2, 22
2, 4, 30

Arvore 114  ---  Peso = 92
0, 3, 15
1, 3, 19
0, 4, 28
2, 4, 30

Arvore 115  ---  Peso = 93
0, 3, 15
0, 2, 22
1, 4, 26
2, 4, 30

Arvore 116  ---  Peso = 93
0, 3, 15
0, 1, 20
0, 4, 28
2, 4, 30

Arvore 117  ---  Peso = 95
2, 3, 11
1, 4, 26
0, 4, 28
2, 4, 30

Arvore 118  ---  Peso = 95
1, 3, 19
0, 1, 20
1, 4, 26
2, 4, 30

Arvore 119  ---  Peso = 95
1, 3, 19
0, 2, 22
1, 4, 26
0, 4, 28

Arvore 120  ---  Peso = 96
3, 4, 12
1, 4, 26
0, 4, 28
2, 4, 30

Arvore 121  ---  Peso = 97
1, 3, 19
0, 2, 22
1, 4, 26
2, 4, 30

Arvore 122  ---  Peso = 97
1, 3, 19
0, 1, 20
0, 4, 28
2, 4, 30

Arvore 123  ---  Peso = 99
0, 3, 15
1, 4, 26
0, 4, 28
2, 4, 30

Arvore 124  ---  Peso = 103
1, 3, 19
1, 4, 26
0, 4, 28
2, 4, 30

