136
1.36
Arvore 1
0 1 11 49
0 2 33 19
0 5 41 21
0 9 90 22
1 3 2 33
1 6 4 10
2 7 14 48
3 8 21 14
4 7 46 19
(262, 235)

Arvore 2
0 1 11 49
0 2 33 19
0 5 41 21
0 9 90 22
1 3 2 33
1 6 4 10
3 8 21 14
4 7 46 19
7 8 18 25
(266, 212)

Arvore 3
0 1 11 49
0 2 33 19
0 5 41 21
1 3 2 33
1 6 4 10
1 9 31 69
2 7 14 48
3 8 21 14
4 7 46 19
(203, 282)

Arvore 4
0 1 11 49
0 2 33 19
0 5 41 21
1 3 2 33
1 6 4 10
2 7 14 48
3 8 21 14
3 9 15 80
4 7 46 19
(187, 293)

Arvore 5
0 1 11 49
0 2 33 19
0 5 41 21
1 3 2 33
1 6 4 10
2 7 14 48
3 8 21 14
4 7 46 19
6 9 35 48
(207, 261)

Arvore 6
0 1 11 49
0 2 33 19
0 5 41 21
1 3 2 33
1 6 4 10
2 7 14 48
3 8 21 14
4 7 46 19
8 9 97 21
(269, 234)

Arvore 7
0 1 11 49
0 2 33 19
0 5 41 21
1 3 2 33
1 6 4 10
1 9 31 69
3 8 21 14
4 7 46 19
7 8 18 25
(207, 259)

Arvore 8
0 1 11 49
0 2 33 19
0 5 41 21
1 3 2 33
1 6 4 10
3 8 21 14
3 9 15 80
4 7 46 19
7 8 18 25
(191, 270)

Arvore 9
0 1 11 49
0 2 33 19
0 5 41 21
1 3 2 33
1 6 4 10
3 8 21 14
4 7 46 19
6 9 35 48
7 8 18 25
(211, 238)

Arvore 10
0 1 11 49
0 2 33 19
0 5 41 21
1 3 2 33
1 6 4 10
3 8 21 14
4 7 46 19
7 8 18 25
8 9 97 21
(273, 211)

Arvore 11
0 1 11 49
0 2 33 19
0 9 90 22
1 3 2 33
1 6 4 10
2 7 14 48
3 8 21 14
4 7 46 19
5 6 7 68
(228, 282)

Arvore 12
0 1 11 49
0 2 33 19
1 3 2 33
1 6 4 10
1 9 31 69
2 7 14 48
3 8 21 14
4 7 46 19
5 6 7 68
(169, 329)

Arvore 13
0 1 11 49
0 2 33 19
1 3 2 33
1 6 4 10
2 7 14 48
3 8 21 14
3 9 15 80
4 7 46 19
5 6 7 68
(153, 340)

Arvore 14
0 1 11 49
0 2 33 19
1 3 2 33
1 6 4 10
2 7 14 48
3 8 21 14
4 7 46 19
5 6 7 68
6 9 35 48
(173, 308)

Arvore 15
0 1 11 49
0 2 33 19
1 3 2 33
1 6 4 10
2 7 14 48
3 8 21 14
4 7 46 19
5 6 7 68
8 9 97 21
(235, 281)

Arvore 16
0 1 11 49
0 2 33 19
0 9 90 22
1 3 2 33
1 6 4 10
2 7 14 48
3 8 21 14
4 7 46 19
5 8 18 51
(239, 265)

Arvore 17
0 1 11 49
0 2 33 19
1 3 2 33
1 6 4 10
1 9 31 69
2 7 14 48
3 8 21 14
4 7 46 19
5 8 18 51
(180, 312)

Arvore 18
0 1 11 49
0 2 33 19
1 3 2 33
1 6 4 10
2 7 14 48
3 8 21 14
3 9 15 80
4 7 46 19
5 8 18 51
(164, 323)

Arvore 19
0 1 11 49
0 2 33 19
1 3 2 33
1 6 4 10
2 7 14 48
3 8 21 14
4 7 46 19
5 8 18 51
6 9 35 48
(184, 291)

Arvore 20
0 1 11 49
0 2 33 19
1 3 2 33
1 6 4 10
2 7 14 48
3 8 21 14
4 7 46 19
5 8 18 51
8 9 97 21
(246, 264)

Arvore 21
0 1 11 49
0 2 33 19
1 3 2 33
1 6 4 10
2 7 14 48
3 8 21 14
4 7 46 19
5 8 18 51
6 9 35 48
(184, 291)

Arvore 22
0 1 11 49
0 2 33 19
0 9 90 22
1 3 2 33
1 6 4 10
3 8 21 14
4 7 46 19
5 6 7 68
7 8 18 25
(232, 259)

Arvore 23
0 1 11 49
0 2 33 19
1 3 2 33
1 6 4 10
1 9 31 69
3 8 21 14
4 7 46 19
5 6 7 68
7 8 18 25
(173, 306)

Arvore 24
0 1 11 49
0 2 33 19
1 3 2 33
1 6 4 10
3 8 21 14
3 9 15 80
4 7 46 19
5 6 7 68
7 8 18 25
(157, 317)

Arvore 25
0 1 11 49
0 2 33 19
1 3 2 33
1 6 4 10
3 8 21 14
4 7 46 19
5 6 7 68
6 9 35 48
7 8 18 25
(177, 285)

Arvore 26
0 1 11 49
0 2 33 19
1 3 2 33
1 6 4 10
3 8 21 14
4 7 46 19
5 6 7 68
7 8 18 25
8 9 97 21
(239, 258)

Arvore 27
0 1 11 49
0 2 33 19
0 9 90 22
1 3 2 33
1 6 4 10
3 8 21 14
4 7 46 19
5 8 18 51
7 8 18 25
(243, 242)

Arvore 28
0 1 11 49
0 2 33 19
1 3 2 33
1 6 4 10
1 9 31 69
3 8 21 14
4 7 46 19
5 8 18 51
7 8 18 25
(184, 289)

Arvore 29
0 1 11 49
0 2 33 19
1 3 2 33
1 6 4 10
3 8 21 14
3 9 15 80
4 7 46 19
5 8 18 51
7 8 18 25
(168, 300)

Arvore 30
0 1 11 49
0 2 33 19
1 3 2 33
1 6 4 10
3 8 21 14
4 7 46 19
5 8 18 51
6 9 35 48
7 8 18 25
(188, 268)

Arvore 31
0 1 11 49
0 2 33 19
1 3 2 33
1 6 4 10
3 8 21 14
4 7 46 19
5 8 18 51
7 8 18 25
8 9 97 21
(250, 241)

Arvore 32
0 1 11 49
0 2 33 19
1 3 2 33
1 6 4 10
3 8 21 14
4 7 46 19
5 8 18 51
6 9 35 48
7 8 18 25
(188, 268)

Arvore 33
0 1 11 49
1 3 2 33
1 6 4 10
2 7 14 48
3 8 21 14
3 9 15 80
4 7 46 19
5 6 7 68
7 8 18 25
(138, 346)

Arvore 34
0 1 11 49
1 3 2 33
1 6 4 10
1 9 31 69
2 7 14 48
3 8 21 14
4 7 46 19
5 6 7 68
7 8 18 25
(154, 335)

Arvore 35
0 1 11 49
0 9 90 22
1 3 2 33
1 6 4 10
2 7 14 48
3 8 21 14
4 7 46 19
5 6 7 68
7 8 18 25
(213, 288)

Arvore 36
0 1 11 49
1 3 2 33
1 6 4 10
2 7 14 48
3 8 21 14
4 7 46 19
5 6 7 68
6 9 35 48
7 8 18 25
(158, 314)

Arvore 37
0 1 11 49
1 3 2 33
1 6 4 10
2 7 14 48
3 8 21 14
4 7 46 19
5 6 7 68
7 8 18 25
8 9 97 21
(220, 287)

Arvore 38
0 1 11 49
0 5 41 21
1 3 2 33
1 6 4 10
1 9 31 69
2 7 14 48
3 8 21 14
4 7 46 19
7 8 18 25
(188, 288)

Arvore 39
0 1 11 49
0 5 41 21
1 3 2 33
1 6 4 10
2 7 14 48
3 8 21 14
3 9 15 80
4 7 46 19
7 8 18 25
(172, 299)

Arvore 40
0 1 11 49
0 5 41 21
0 9 90 22
1 3 2 33
1 6 4 10
2 7 14 48
3 8 21 14
4 7 46 19
7 8 18 25
(247, 241)

Arvore 41
0 1 11 49
0 5 41 21
1 3 2 33
1 6 4 10
2 7 14 48
3 8 21 14
4 7 46 19
6 9 35 48
7 8 18 25
(192, 267)

Arvore 42
0 1 11 49
0 5 41 21
1 3 2 33
1 6 4 10
2 7 14 48
3 8 21 14
4 7 46 19
7 8 18 25
8 9 97 21
(254, 240)

Arvore 43
0 1 11 49
0 9 90 22
1 3 2 33
1 6 4 10
2 7 14 48
3 8 21 14
4 7 46 19
5 8 18 51
7 8 18 25
(224, 271)

Arvore 44
0 1 11 49
1 3 2 33
1 6 4 10
1 9 31 69
2 7 14 48
3 8 21 14
4 7 46 19
5 8 18 51
7 8 18 25
(165, 318)

Arvore 45
0 1 11 49
1 3 2 33
1 6 4 10
2 7 14 48
3 8 21 14
3 9 15 80
4 7 46 19
5 8 18 51
7 8 18 25
(149, 329)

Arvore 46
0 1 11 49
1 3 2 33
1 6 4 10
2 7 14 48
3 8 21 14
4 7 46 19
5 8 18 51
6 9 35 48
7 8 18 25
(169, 297)

Arvore 47
0 1 11 49
1 3 2 33
1 6 4 10
2 7 14 48
3 8 21 14
4 7 46 19
5 8 18 51
7 8 18 25
8 9 97 21
(231, 270)

Arvore 48
0 1 11 49
1 3 2 33
1 6 4 10
2 7 14 48
3 8 21 14
4 7 46 19
5 8 18 51
6 9 35 48
7 8 18 25
(169, 297)

Arvore 49
0 1 11 49
0 2 33 19
1 3 2 33
1 6 4 10
2 7 14 48
3 9 15 80
4 7 46 19
5 6 7 68
5 8 18 51
(150, 377)

Arvore 50
0 1 11 49
0 2 33 19
1 3 2 33
1 6 4 10
3 9 15 80
4 7 46 19
5 6 7 68
5 8 18 51
7 8 18 25
(154, 354)

Arvore 51
0 1 11 49
1 3 2 33
1 6 4 10
2 7 14 48
3 9 15 80
4 7 46 19
5 6 7 68
5 8 18 51
7 8 18 25
(135, 383)

Arvore 52
0 1 11 49
0 2 33 19
0 9 90 22
1 3 2 33
1 6 4 10
2 7 14 48
4 7 46 19
5 6 7 68
5 8 18 51
(225, 319)

Arvore 53
0 1 11 49
0 2 33 19
0 9 90 22
1 3 2 33
1 6 4 10
4 7 46 19
5 6 7 68
5 8 18 51
7 8 18 25
(229, 296)

Arvore 54
0 1 11 49
0 2 33 19
1 3 2 33
1 6 4 10
1 9 31 69
2 7 14 48
4 7 46 19
5 6 7 68
5 8 18 51
(166, 366)

Arvore 55
0 1 11 49
0 2 33 19
1 3 2 33
1 6 4 10
2 7 14 48
4 7 46 19
5 6 7 68
5 8 18 51
6 9 35 48
(170, 345)

Arvore 56
0 1 11 49
0 2 33 19
1 3 2 33
1 6 4 10
2 7 14 48
4 7 46 19
5 6 7 68
5 8 18 51
8 9 97 21
(232, 318)

Arvore 57
0 1 11 49
0 2 33 19
1 3 2 33
1 6 4 10
1 9 31 69
4 7 46 19
5 6 7 68
5 8 18 51
7 8 18 25
(170, 343)

Arvore 58
0 1 11 49
0 2 33 19
1 3 2 33
1 6 4 10
4 7 46 19
5 6 7 68
5 8 18 51
6 9 35 48
7 8 18 25
(174, 322)

Arvore 59
0 1 11 49
0 2 33 19
1 3 2 33
1 6 4 10
4 7 46 19
5 6 7 68
5 8 18 51
7 8 18 25
8 9 97 21
(236, 295)

Arvore 60
0 1 11 49
1 3 2 33
1 6 4 10
1 9 31 69
2 7 14 48
4 7 46 19
5 6 7 68
5 8 18 51
7 8 18 25
(151, 372)

Arvore 61
0 1 11 49
0 9 90 22
1 3 2 33
1 6 4 10
2 7 14 48
4 7 46 19
5 6 7 68
5 8 18 51
7 8 18 25
(210, 325)

Arvore 62
0 1 11 49
1 3 2 33
1 6 4 10
2 7 14 48
4 7 46 19
5 6 7 68
5 8 18 51
6 9 35 48
7 8 18 25
(155, 351)

Arvore 63
0 1 11 49
1 3 2 33
1 6 4 10
2 7 14 48
4 7 46 19
5 6 7 68
5 8 18 51
7 8 18 25
8 9 97 21
(217, 324)

Arvore 64
0 1 11 49
0 2 33 19
0 4 70 32
0 5 41 21
0 9 90 22
1 3 2 33
1 6 4 10
2 7 14 48
3 8 21 14
(286, 248)

Arvore 65
0 1 11 49
0 2 33 19
0 4 70 32
0 5 41 21
1 3 2 33
1 6 4 10
1 9 31 69
2 7 14 48
3 8 21 14
(227, 295)

Arvore 66
0 1 11 49
0 2 33 19
0 4 70 32
0 5 41 21
1 3 2 33
1 6 4 10
2 7 14 48
3 8 21 14
3 9 15 80
(211, 306)

Arvore 67
0 1 11 49
0 2 33 19
0 4 70 32
0 5 41 21
1 3 2 33
1 6 4 10
2 7 14 48
3 8 21 14
6 9 35 48
(231, 274)

Arvore 68
0 1 11 49
0 2 33 19
0 4 70 32
0 5 41 21
1 3 2 33
1 6 4 10
2 7 14 48
3 8 21 14
8 9 97 21
(293, 247)

Arvore 69
0 1 11 49
0 2 33 19
0 4 70 32
0 5 41 21
1 3 2 33
1 6 4 10
2 7 14 48
3 9 15 80
7 8 18 25
(208, 317)

Arvore 70
0 1 11 49
0 2 33 19
0 4 70 32
0 5 41 21
0 9 90 22
1 3 2 33
1 6 4 10
2 7 14 48
7 8 18 25
(283, 259)

Arvore 71
0 1 11 49
0 2 33 19
0 4 70 32
0 5 41 21
1 3 2 33
1 6 4 10
1 9 31 69
2 7 14 48
7 8 18 25
(224, 306)

Arvore 72
0 1 11 49
0 2 33 19
0 4 70 32
0 5 41 21
1 3 2 33
1 6 4 10
2 7 14 48
6 9 35 48
7 8 18 25
(228, 285)

Arvore 73
0 1 11 49
0 2 33 19
0 4 70 32
0 5 41 21
1 3 2 33
1 6 4 10
2 7 14 48
7 8 18 25
8 9 97 21
(290, 258)

Arvore 74
0 1 11 49
0 2 33 19
0 4 70 32
0 5 41 21
0 9 90 22
1 3 2 33
1 6 4 10
3 8 21 14
4 7 46 19
(318, 219)

Arvore 75
0 1 11 49
0 2 33 19
0 4 70 32
0 5 41 21
1 3 2 33
1 6 4 10
1 9 31 69
3 8 21 14
4 7 46 19
(259, 266)

Arvore 76
0 1 11 49
0 2 33 19
0 4 70 32
0 5 41 21
1 3 2 33
1 6 4 10
3 8 21 14
3 9 15 80
4 7 46 19
(243, 277)

Arvore 77
0 1 11 49
0 2 33 19
0 4 70 32
0 5 41 21
1 3 2 33
1 6 4 10
3 8 21 14
4 7 46 19
6 9 35 48
(263, 245)

Arvore 78
0 1 11 49
0 2 33 19
0 4 70 32
0 5 41 21
1 3 2 33
1 6 4 10
3 8 21 14
4 7 46 19
8 9 97 21
(325, 218)

Arvore 79
0 1 11 49
0 2 33 19
0 4 70 32
0 5 41 21
0 9 90 22
1 3 2 33
1 6 4 10
3 8 21 14
7 8 18 25
(290, 225)

Arvore 80
0 1 11 49
0 2 33 19
0 4 70 32
0 5 41 21
1 3 2 33
1 6 4 10
1 9 31 69
3 8 21 14
7 8 18 25
(231, 272)

Arvore 81
0 1 11 49
0 2 33 19
0 4 70 32
0 5 41 21
1 3 2 33
1 6 4 10
3 8 21 14
3 9 15 80
7 8 18 25
(215, 283)

Arvore 82
0 1 11 49
0 2 33 19
0 4 70 32
0 5 41 21
1 3 2 33
1 6 4 10
3 8 21 14
6 9 35 48
7 8 18 25
(235, 251)

Arvore 83
0 1 11 49
0 2 33 19
0 4 70 32
0 5 41 21
1 3 2 33
1 6 4 10
3 8 21 14
7 8 18 25
8 9 97 21
(297, 224)

Arvore 84
0 1 11 49
0 2 33 19
0 4 70 32
0 5 41 21
0 9 90 22
1 3 2 33
1 6 4 10
4 7 46 19
7 8 18 25
(315, 230)

Arvore 85
0 1 11 49
0 2 33 19
0 4 70 32
0 5 41 21
0 9 90 22
1 6 4 10
3 8 21 14
4 7 46 19
7 8 18 25
(334, 211)

Arvore 86
0 1 11 49
0 2 33 19
0 4 70 32
0 5 41 21
0 9 90 22
1 3 2 33
1 6 4 10
4 7 46 19
8 9 97 21
(394, 226)

Arvore 87
0 1 11 49
0 2 33 19
0 4 70 32
0 5 41 21
0 9 90 22
1 6 4 10
3 8 21 14
4 7 46 19
8 9 97 21
(413, 207)

Arvore 88
0 1 11 49
0 2 33 19
0 4 70 32
0 5 41 21
1 3 2 33
1 6 4 10
3 9 15 80
4 7 46 19
7 8 18 25
(240, 288)

Arvore 89
0 1 11 49
0 2 33 19
0 4 70 32
0 5 41 21
1 3 2 33
1 6 4 10
1 9 31 69
4 7 46 19
7 8 18 25
(256, 277)

Arvore 90
0 1 11 49
0 2 33 19
0 4 70 32
0 5 41 21
1 3 2 33
1 6 4 10
4 7 46 19
6 9 35 48
7 8 18 25
(260, 256)

Arvore 91
0 1 11 49
0 2 33 19
0 4 70 32
0 5 41 21
1 3 2 33
1 6 4 10
4 7 46 19
7 8 18 25
8 9 97 21
(322, 229)

Arvore 92
0 1 11 49
0 2 33 19
0 4 70 32
0 5 41 21
1 6 4 10
1 9 31 69
3 8 21 14
4 7 46 19
7 8 18 25
(275, 258)

Arvore 93
0 1 11 49
0 2 33 19
0 4 70 32
0 5 41 21
1 6 4 10
3 8 21 14
3 9 15 80
4 7 46 19
7 8 18 25
(259, 269)

Arvore 94
0 1 11 49
0 2 33 19
0 4 70 32
0 5 41 21
1 6 4 10
3 8 21 14
4 7 46 19
6 9 35 48
7 8 18 25
(279, 237)

Arvore 95
0 1 11 49
0 2 33 19
0 4 70 32
0 5 41 21
1 6 4 10
3 8 21 14
4 7 46 19
7 8 18 25
8 9 97 21
(341, 210)

Arvore 96
0 1 11 49
0 2 33 19
0 5 41 21
0 9 90 22
1 3 2 33
1 6 4 10
2 7 14 48
4 7 46 19
7 8 18 25
(259, 246)

Arvore 97
0 1 11 49
0 2 33 19
0 5 41 21
0 9 90 22
1 3 2 33
1 4 89 26
1 6 4 10
2 7 14 48
3 8 21 14
(305, 242)

Arvore 98
0 1 11 49
0 2 33 19
0 5 41 21
0 9 90 22
1 3 2 33
1 4 89 26
1 6 4 10
2 7 14 48
7 8 18 25
(302, 253)

Arvore 99
0 1 11 49
0 2 33 19
0 5 41 21
0 9 90 22
1 3 2 33
1 4 89 26
1 6 4 10
3 8 21 14
4 7 46 19
(337, 213)

Arvore 100
0 1 11 49
0 2 33 19
0 5 41 21
0 9 90 22
1 3 2 33
1 4 89 26
1 6 4 10
3 8 21 14
7 8 18 25
(309, 219)

Arvore 101
0 1 11 49
0 2 33 19
0 5 41 21
0 9 90 22
1 3 2 33
1 4 89 26
1 6 4 10
4 7 46 19
7 8 18 25
(334, 224)

Arvore 102
0 1 11 49
0 2 33 19
0 5 41 21
0 9 90 22
1 4 89 26
1 6 4 10
3 8 21 14
4 7 46 19
7 8 18 25
(353, 205)

Arvore 103
0 1 11 49
0 2 33 19
0 5 41 21
0 9 90 22
1 3 2 33
1 4 89 26
1 6 4 10
4 7 46 19
8 9 97 21
(413, 220)

Arvore 104
0 1 11 49
0 2 33 19
0 5 41 21
0 9 90 22
1 4 89 26
1 6 4 10
3 8 21 14
4 7 46 19
8 9 97 21
(432, 201)

Arvore 105
0 1 11 49
0 2 33 19
0 5 41 21
0 9 90 22
1 3 2 33
1 6 4 10
2 7 14 48
4 7 46 19
8 9 97 21
(338, 242)

Arvore 106
0 1 11 49
0 2 33 19
0 5 41 21
0 9 90 22
1 3 2 33
1 6 4 10
4 7 46 19
7 8 18 25
8 9 97 21
(342, 219)

Arvore 107
0 1 11 49
0 2 33 19
0 5 41 21
0 9 90 22
1 6 4 10
2 7 14 48
3 8 21 14
4 7 46 19
8 9 97 21
(357, 223)

Arvore 108
0 1 11 49
0 2 33 19
0 5 41 21
0 9 90 22
1 6 4 10
3 8 21 14
4 7 46 19
7 8 18 25
8 9 97 21
(361, 200)

Arvore 109
0 1 11 49
0 2 33 19
0 5 41 21
1 3 2 33
1 6 4 10
2 7 14 48
3 9 15 80
4 7 46 19
7 8 18 25
(184, 304)

Arvore 110
0 1 11 49
0 2 33 19
0 5 41 21
1 3 2 33
1 6 4 10
1 9 31 69
2 7 14 48
4 7 46 19
7 8 18 25
(200, 293)

Arvore 111
0 1 11 49
0 2 33 19
0 5 41 21
1 3 2 33
1 6 4 10
2 7 14 48
4 7 46 19
6 9 35 48
7 8 18 25
(204, 272)

Arvore 112
0 1 11 49
0 2 33 19
0 5 41 21
1 3 2 33
1 6 4 10
2 7 14 48
4 7 46 19
7 8 18 25
8 9 97 21
(266, 245)

Arvore 113
0 1 11 49
0 2 33 19
0 5 41 21
1 3 2 33
1 4 89 26
1 6 4 10
1 9 31 69
2 7 14 48
3 8 21 14
(246, 289)

Arvore 114
0 1 11 49
0 2 33 19
0 5 41 21
1 3 2 33
1 4 89 26
1 6 4 10
2 7 14 48
3 8 21 14
3 9 15 80
(230, 300)

Arvore 115
0 1 11 49
0 2 33 19
0 5 41 21
1 3 2 33
1 4 89 26
1 6 4 10
2 7 14 48
3 8 21 14
6 9 35 48
(250, 268)

Arvore 116
0 1 11 49
0 2 33 19
0 5 41 21
1 3 2 33
1 4 89 26
1 6 4 10
2 7 14 48
3 8 21 14
8 9 97 21
(312, 241)

Arvore 117
0 1 11 49
0 2 33 19
0 5 41 21
1 3 2 33
1 4 89 26
1 6 4 10
2 7 14 48
3 9 15 80
7 8 18 25
(227, 311)

Arvore 118
0 1 11 49
0 2 33 19
0 5 41 21
1 3 2 33
1 4 89 26
1 6 4 10
1 9 31 69
2 7 14 48
7 8 18 25
(243, 300)

Arvore 119
0 1 11 49
0 2 33 19
0 5 41 21
1 3 2 33
1 4 89 26
1 6 4 10
2 7 14 48
6 9 35 48
7 8 18 25
(247, 279)

Arvore 120
0 1 11 49
0 2 33 19
0 5 41 21
1 3 2 33
1 4 89 26
1 6 4 10
2 7 14 48
7 8 18 25
8 9 97 21
(309, 252)

Arvore 121
0 1 11 49
0 2 33 19
0 5 41 21
1 3 2 33
1 4 89 26
1 6 4 10
1 9 31 69
3 8 21 14
4 7 46 19
(278, 260)

Arvore 122
0 1 11 49
0 2 33 19
0 5 41 21
1 3 2 33
1 4 89 26
1 6 4 10
3 8 21 14
3 9 15 80
4 7 46 19
(262, 271)

Arvore 123
0 1 11 49
0 2 33 19
0 5 41 21
1 3 2 33
1 4 89 26
1 6 4 10
3 8 21 14
4 7 46 19
6 9 35 48
(282, 239)

Arvore 124
0 1 11 49
0 2 33 19
0 5 41 21
1 3 2 33
1 4 89 26
1 6 4 10
3 8 21 14
4 7 46 19
8 9 97 21
(344, 212)

Arvore 125
0 1 11 49
0 2 33 19
0 5 41 21
1 3 2 33
1 4 89 26
1 6 4 10
1 9 31 69
3 8 21 14
7 8 18 25
(250, 266)

Arvore 126
0 1 11 49
0 2 33 19
0 5 41 21
1 3 2 33
1 4 89 26
1 6 4 10
3 8 21 14
3 9 15 80
7 8 18 25
(234, 277)

Arvore 127
0 1 11 49
0 2 33 19
0 5 41 21
1 3 2 33
1 4 89 26
1 6 4 10
3 8 21 14
6 9 35 48
7 8 18 25
(254, 245)

Arvore 128
0 1 11 49
0 2 33 19
0 5 41 21
1 3 2 33
1 4 89 26
1 6 4 10
3 8 21 14
7 8 18 25
8 9 97 21
(316, 218)

Arvore 129
0 1 11 49
0 2 33 19
0 5 41 21
1 3 2 33
1 4 89 26
1 6 4 10
3 9 15 80
4 7 46 19
7 8 18 25
(259, 282)

Arvore 130
0 1 11 49
0 2 33 19
0 5 41 21
1 3 2 33
1 4 89 26
1 6 4 10
1 9 31 69
4 7 46 19
7 8 18 25
(275, 271)

Arvore 131
0 1 11 49
0 2 33 19
0 5 41 21
1 3 2 33
1 4 89 26
1 6 4 10
4 7 46 19
6 9 35 48
7 8 18 25
(279, 250)

Arvore 132
0 1 11 49
0 2 33 19
0 5 41 21
1 3 2 33
1 4 89 26
1 6 4 10
4 7 46 19
7 8 18 25
8 9 97 21
(341, 223)

Arvore 133
0 1 11 49
0 2 33 19
0 5 41 21
1 4 89 26
1 6 4 10
1 9 31 69
3 8 21 14
4 7 46 19
7 8 18 25
(294, 252)

Arvore 134
0 1 11 49
0 2 33 19
0 5 41 21
1 4 89 26
1 6 4 10
3 8 21 14
3 9 15 80
4 7 46 19
7 8 18 25
(278, 263)

Arvore 135
0 1 11 49
0 2 33 19
0 5 41 21
1 4 89 26
1 6 4 10
3 8 21 14
4 7 46 19
6 9 35 48
7 8 18 25
(298, 231)

Arvore 136
0 1 11 49
0 2 33 19
0 5 41 21
1 4 89 26
1 6 4 10
3 8 21 14
4 7 46 19
7 8 18 25
8 9 97 21
(360, 204)

Arvore 137
0 1 11 49
0 2 33 19
1 3 2 33
1 6 4 10
2 7 14 48
3 9 15 80
4 7 46 19
5 6 7 68
7 8 18 25
(150, 351)

Arvore 138
0 1 11 49
0 2 33 19
1 3 2 33
1 6 4 10
1 9 31 69
2 7 14 48
4 7 46 19
5 6 7 68
7 8 18 25
(166, 340)

Arvore 139
0 1 11 49
0 2 33 19
0 9 90 22
1 3 2 33
1 6 4 10
2 7 14 48
4 7 46 19
5 6 7 68
7 8 18 25
(225, 293)

Arvore 140
0 1 11 49
0 2 33 19
1 3 2 33
1 6 4 10
2 7 14 48
4 7 46 19
5 6 7 68
6 9 35 48
7 8 18 25
(170, 319)

Arvore 141
0 1 11 49
0 2 33 19
1 3 2 33
1 6 4 10
2 7 14 48
4 7 46 19
5 6 7 68
7 8 18 25
8 9 97 21
(232, 292)

Arvore 142
0 1 11 49
0 2 33 19
0 9 90 22
1 3 2 33
1 6 4 10
2 7 14 48
4 7 46 19
5 8 18 51
7 8 18 25
(236, 276)

Arvore 143
0 1 11 49
0 2 33 19
1 3 2 33
1 6 4 10
1 9 31 69
2 7 14 48
4 7 46 19
5 8 18 51
7 8 18 25
(177, 323)

Arvore 144
0 1 11 49
0 2 33 19
1 3 2 33
1 6 4 10
2 7 14 48
3 9 15 80
4 7 46 19
5 8 18 51
7 8 18 25
(161, 334)

Arvore 145
0 1 11 49
0 2 33 19
1 3 2 33
1 6 4 10
2 7 14 48
4 7 46 19
5 8 18 51
6 9 35 48
7 8 18 25
(181, 302)

Arvore 146
0 1 11 49
0 2 33 19
1 3 2 33
1 6 4 10
2 7 14 48
4 7 46 19
5 8 18 51
7 8 18 25
8 9 97 21
(243, 275)

Arvore 147
0 1 11 49
0 2 33 19
1 3 2 33
1 6 4 10
2 7 14 48
4 7 46 19
5 8 18 51
6 9 35 48
7 8 18 25
(181, 302)

Arvore 148
0 2 33 19
0 4 70 32
0 5 41 21
0 9 90 22
1 2 39 38
1 3 2 33
1 6 4 10
2 7 14 48
3 8 21 14
(314, 237)

Arvore 149
0 2 33 19
0 4 70 32
0 5 41 21
1 2 39 38
1 3 2 33
1 6 4 10
1 9 31 69
2 7 14 48
3 8 21 14
(255, 284)

Arvore 150
0 2 33 19
0 4 70 32
0 5 41 21
1 2 39 38
1 3 2 33
1 6 4 10
2 7 14 48
3 8 21 14
3 9 15 80
(239, 295)

Arvore 151
0 2 33 19
0 4 70 32
0 5 41 21
1 2 39 38
1 3 2 33
1 6 4 10
2 7 14 48
3 8 21 14
6 9 35 48
(259, 263)

Arvore 152
0 2 33 19
0 4 70 32
0 5 41 21
1 2 39 38
1 3 2 33
1 6 4 10
2 7 14 48
3 8 21 14
8 9 97 21
(321, 236)

Arvore 153
0 2 33 19
0 4 70 32
0 5 41 21
1 2 39 38
1 3 2 33
1 6 4 10
2 7 14 48
3 9 15 80
7 8 18 25
(236, 306)

Arvore 154
0 2 33 19
0 4 70 32
0 5 41 21
0 9 90 22
1 2 39 38
1 3 2 33
1 6 4 10
2 7 14 48
7 8 18 25
(311, 248)

Arvore 155
0 2 33 19
0 4 70 32
0 5 41 21
1 2 39 38
1 3 2 33
1 6 4 10
1 9 31 69
2 7 14 48
7 8 18 25
(252, 295)

Arvore 156
0 2 33 19
0 4 70 32
0 5 41 21
1 2 39 38
1 3 2 33
1 6 4 10
2 7 14 48
6 9 35 48
7 8 18 25
(256, 274)

Arvore 157
0 2 33 19
0 4 70 32
0 5 41 21
1 2 39 38
1 3 2 33
1 6 4 10
2 7 14 48
7 8 18 25
8 9 97 21
(318, 247)

Arvore 158
0 2 33 19
0 4 70 32
0 5 41 21
0 9 90 22
1 2 39 38
1 3 2 33
1 6 4 10
3 8 21 14
4 7 46 19
(346, 208)

Arvore 159
0 2 33 19
0 4 70 32
0 5 41 21
1 2 39 38
1 3 2 33
1 6 4 10
1 9 31 69
3 8 21 14
4 7 46 19
(287, 255)

Arvore 160
0 2 33 19
0 4 70 32
0 5 41 21
1 2 39 38
1 3 2 33
1 6 4 10
3 8 21 14
3 9 15 80
4 7 46 19
(271, 266)

Arvore 161
0 2 33 19
0 4 70 32
0 5 41 21
1 2 39 38
1 3 2 33
1 6 4 10
3 8 21 14
4 7 46 19
6 9 35 48
(291, 234)

Arvore 162
0 2 33 19
0 4 70 32
0 5 41 21
1 2 39 38
1 3 2 33
1 6 4 10
3 8 21 14
4 7 46 19
8 9 97 21
(353, 207)

Arvore 163
0 2 33 19
0 4 70 32
0 5 41 21
0 9 90 22
1 2 39 38
1 3 2 33
1 6 4 10
3 8 21 14
7 8 18 25
(318, 214)

Arvore 164
0 2 33 19
0 4 70 32
0 5 41 21
1 2 39 38
1 3 2 33
1 6 4 10
1 9 31 69
3 8 21 14
7 8 18 25
(259, 261)

Arvore 165
0 2 33 19
0 4 70 32
0 5 41 21
1 2 39 38
1 3 2 33
1 6 4 10
3 8 21 14
3 9 15 80
7 8 18 25
(243, 272)

Arvore 166
0 2 33 19
0 4 70 32
0 5 41 21
1 2 39 38
1 3 2 33
1 6 4 10
3 8 21 14
6 9 35 48
7 8 18 25
(263, 240)

Arvore 167
0 2 33 19
0 4 70 32
0 5 41 21
1 2 39 38
1 3 2 33
1 6 4 10
3 8 21 14
7 8 18 25
8 9 97 21
(325, 213)

Arvore 168
0 2 33 19
0 4 70 32
0 5 41 21
0 9 90 22
1 2 39 38
1 3 2 33
1 6 4 10
4 7 46 19
7 8 18 25
(343, 219)

Arvore 169
0 2 33 19
0 4 70 32
0 5 41 21
0 9 90 22
1 2 39 38
1 6 4 10
3 8 21 14
4 7 46 19
7 8 18 25
(362, 200)

Arvore 170
0 2 33 19
0 4 70 32
0 5 41 21
0 9 90 22
1 2 39 38
1 3 2 33
1 6 4 10
4 7 46 19
8 9 97 21
(422, 215)

Arvore 171
0 2 33 19
0 4 70 32
0 5 41 21
0 9 90 22
1 2 39 38
1 6 4 10
3 8 21 14
4 7 46 19
8 9 97 21
(441, 196)

Arvore 172
0 2 33 19
0 4 70 32
0 5 41 21
1 2 39 38
1 3 2 33
1 6 4 10
3 9 15 80
4 7 46 19
7 8 18 25
(268, 277)

Arvore 173
0 2 33 19
0 4 70 32
0 5 41 21
1 2 39 38
1 3 2 33
1 6 4 10
1 9 31 69
4 7 46 19
7 8 18 25
(284, 266)

Arvore 174
0 2 33 19
0 4 70 32
0 5 41 21
1 2 39 38
1 3 2 33
1 6 4 10
4 7 46 19
6 9 35 48
7 8 18 25
(288, 245)

Arvore 175
0 2 33 19
0 4 70 32
0 5 41 21
1 2 39 38
1 3 2 33
1 6 4 10
4 7 46 19
7 8 18 25
8 9 97 21
(350, 218)

Arvore 176
0 2 33 19
0 4 70 32
0 5 41 21
1 2 39 38
1 6 4 10
1 9 31 69
3 8 21 14
4 7 46 19
7 8 18 25
(303, 247)

Arvore 177
0 2 33 19
0 4 70 32
0 5 41 21
1 2 39 38
1 6 4 10
3 8 21 14
3 9 15 80
4 7 46 19
7 8 18 25
(287, 258)

Arvore 178
0 2 33 19
0 4 70 32
0 5 41 21
1 2 39 38
1 6 4 10
3 8 21 14
4 7 46 19
6 9 35 48
7 8 18 25
(307, 226)

Arvore 179
0 2 33 19
0 4 70 32
0 5 41 21
1 2 39 38
1 6 4 10
3 8 21 14
4 7 46 19
7 8 18 25
8 9 97 21
(369, 199)

Arvore 180
0 1 11 49
0 2 33 19
0 4 70 32
0 5 41 21
0 9 90 22
1 6 4 10
2 7 14 48
3 8 21 14
7 8 18 25
(302, 240)

Arvore 181
0 1 11 49
0 2 33 19
0 4 70 32
0 5 41 21
0 9 90 22
1 3 2 33
1 6 4 10
2 7 14 48
8 9 97 21
(362, 255)

Arvore 182
0 1 11 49
0 2 33 19
0 4 70 32
0 5 41 21
0 9 90 22
1 6 4 10
2 7 14 48
3 8 21 14
8 9 97 21
(381, 236)

Arvore 183
0 1 11 49
0 2 33 19
0 4 70 32
0 5 41 21
1 6 4 10
1 9 31 69
2 7 14 48
3 8 21 14
7 8 18 25
(243, 287)

Arvore 184
0 1 11 49
0 2 33 19
0 4 70 32
0 5 41 21
1 6 4 10
2 7 14 48
3 8 21 14
3 9 15 80
7 8 18 25
(227, 298)

Arvore 185
0 1 11 49
0 2 33 19
0 4 70 32
0 5 41 21
1 6 4 10
2 7 14 48
3 8 21 14
6 9 35 48
7 8 18 25
(247, 266)

Arvore 186
0 1 11 49
0 2 33 19
0 4 70 32
0 5 41 21
1 6 4 10
2 7 14 48
3 8 21 14
7 8 18 25
8 9 97 21
(309, 239)

Arvore 187
0 2 33 19
0 4 70 32
0 5 41 21
0 9 90 22
1 3 2 33
1 6 4 10
2 7 14 48
3 8 21 14
5 6 7 68
(282, 267)

Arvore 188
0 2 33 19
0 4 70 32
0 5 41 21
0 9 90 22
1 3 2 33
1 6 4 10
2 7 14 48
5 6 7 68
7 8 18 25
(279, 278)

Arvore 189
0 2 33 19
0 4 70 32
0 5 41 21
0 9 90 22
1 6 4 10
2 7 14 48
3 8 21 14
5 6 7 68
7 8 18 25
(298, 259)

Arvore 190
0 2 33 19
0 4 70 32
0 5 41 21
0 9 90 22
1 3 2 33
1 6 4 10
2 7 14 48
5 6 7 68
8 9 97 21
(358, 274)

Arvore 191
0 2 33 19
0 4 70 32
0 5 41 21
0 9 90 22
1 6 4 10
2 7 14 48
3 8 21 14
5 6 7 68
8 9 97 21
(377, 255)

Arvore 192
0 2 33 19
0 4 70 32
0 5 41 21
0 9 90 22
1 3 2 33
1 6 4 10
2 7 14 48
3 8 21 14
7 8 18 25
(293, 224)

Arvore 193
0 2 33 19
0 4 70 32
0 5 41 21
0 9 90 22
1 4 89 26
1 6 4 10
2 7 14 48
3 8 21 14
7 8 18 25
(380, 217)

Arvore 194
0 2 33 19
0 4 70 32
0 5 41 21
0 9 90 22
1 3 2 33
1 6 4 10
2 7 14 48
3 8 21 14
8 9 97 21
(372, 220)

Arvore 195
0 2 33 19
0 4 70 32
0 5 41 21
0 9 90 22
1 4 89 26
1 6 4 10
2 7 14 48
3 8 21 14
8 9 97 21
(459, 213)

Arvore 196
0 2 33 19
0 4 70 32
0 5 41 21
1 3 2 33
1 6 4 10
1 9 31 69
2 7 14 48
3 8 21 14
5 6 7 68
(223, 314)

Arvore 197
0 2 33 19
0 4 70 32
0 5 41 21
1 3 2 33
1 6 4 10
2 7 14 48
3 8 21 14
3 9 15 80
5 6 7 68
(207, 325)

Arvore 198
0 2 33 19
0 4 70 32
0 5 41 21
1 3 2 33
1 6 4 10
2 7 14 48
3 8 21 14
5 6 7 68
6 9 35 48
(227, 293)

Arvore 199
0 2 33 19
0 4 70 32
0 5 41 21
1 3 2 33
1 6 4 10
2 7 14 48
3 8 21 14
5 6 7 68
8 9 97 21
(289, 266)

Arvore 200
0 2 33 19
0 4 70 32
0 5 41 21
1 3 2 33
1 6 4 10
2 7 14 48
3 9 15 80
5 6 7 68
7 8 18 25
(204, 336)

Arvore 201
0 2 33 19
0 4 70 32
0 5 41 21
1 3 2 33
1 6 4 10
1 9 31 69
2 7 14 48
5 6 7 68
7 8 18 25
(220, 325)

Arvore 202
0 2 33 19
0 4 70 32
0 5 41 21
1 3 2 33
1 6 4 10
2 7 14 48
5 6 7 68
6 9 35 48
7 8 18 25
(224, 304)

Arvore 203
0 2 33 19
0 4 70 32
0 5 41 21
1 3 2 33
1 6 4 10
2 7 14 48
5 6 7 68
7 8 18 25
8 9 97 21
(286, 277)

Arvore 204
0 2 33 19
0 4 70 32
0 5 41 21
1 6 4 10
1 9 31 69
2 7 14 48
3 8 21 14
5 6 7 68
7 8 18 25
(239, 306)

Arvore 205
0 2 33 19
0 4 70 32
0 5 41 21
1 6 4 10
2 7 14 48
3 8 21 14
3 9 15 80
5 6 7 68
7 8 18 25
(223, 317)

Arvore 206
0 2 33 19
0 4 70 32
0 5 41 21
1 6 4 10
2 7 14 48
3 8 21 14
5 6 7 68
6 9 35 48
7 8 18 25
(243, 285)

Arvore 207
0 2 33 19
0 4 70 32
0 5 41 21
1 6 4 10
2 7 14 48
3 8 21 14
5 6 7 68
7 8 18 25
8 9 97 21
(305, 258)

Arvore 208
0 2 33 19
0 4 70 32
0 5 41 21
1 3 2 33
1 6 4 10
1 9 31 69
2 7 14 48
3 8 21 14
7 8 18 25
(234, 271)

Arvore 209
0 2 33 19
0 4 70 32
0 5 41 21
1 3 2 33
1 6 4 10
2 7 14 48
3 8 21 14
3 9 15 80
7 8 18 25
(218, 282)

Arvore 210
0 2 33 19
0 4 70 32
0 5 41 21
1 3 2 33
1 6 4 10
2 7 14 48
3 8 21 14
6 9 35 48
7 8 18 25
(238, 250)

Arvore 211
0 2 33 19
0 4 70 32
0 5 41 21
1 3 2 33
1 6 4 10
2 7 14 48
3 8 21 14
7 8 18 25
8 9 97 21
(300, 223)

Arvore 212
0 2 33 19
0 4 70 32
0 5 41 21
1 4 89 26
1 6 4 10
1 9 31 69
2 7 14 48
3 8 21 14
7 8 18 25
(321, 264)

Arvore 213
0 2 33 19
0 4 70 32
0 5 41 21
1 4 89 26
1 6 4 10
2 7 14 48
3 8 21 14
3 9 15 80
7 8 18 25
(305, 275)

Arvore 214
0 2 33 19
0 4 70 32
0 5 41 21
1 4 89 26
1 6 4 10
2 7 14 48
3 8 21 14
6 9 35 48
7 8 18 25
(325, 243)

Arvore 215
0 2 33 19
0 4 70 32
0 5 41 21
1 4 89 26
1 6 4 10
2 7 14 48
3 8 21 14
7 8 18 25
8 9 97 21
(387, 216)

Arvore 216
0 2 33 19
0 4 70 32
0 5 41 21
0 9 90 22
1 3 2 33
1 6 4 10
3 8 21 14
4 7 46 19
5 6 7 68
(314, 238)

Arvore 217
0 2 33 19
0 4 70 32
0 5 41 21
0 9 90 22
1 3 2 33
1 6 4 10
4 7 46 19
5 6 7 68
7 8 18 25
(311, 249)

Arvore 218
0 2 33 19
0 4 70 32
0 5 41 21
0 9 90 22
1 6 4 10
3 8 21 14
4 7 46 19
5 6 7 68
7 8 18 25
(330, 230)

Arvore 219
0 2 33 19
0 4 70 32
0 5 41 21
0 9 90 22
1 3 2 33
1 6 4 10
4 7 46 19
5 6 7 68
8 9 97 21
(390, 245)

Arvore 220
0 2 33 19
0 4 70 32
0 5 41 21
0 9 90 22
1 6 4 10
3 8 21 14
4 7 46 19
5 6 7 68
8 9 97 21
(409, 226)

Arvore 221
0 2 33 19
0 4 70 32
0 5 41 21
0 9 90 22
1 3 2 33
1 6 4 10
3 8 21 14
4 7 46 19
7 8 18 25
(325, 195)

Arvore 222
0 2 33 19
0 4 70 32
0 5 41 21
0 9 90 22
1 4 89 26
1 6 4 10
3 8 21 14
4 7 46 19
7 8 18 25
(412, 188)

Arvore 223
0 2 33 19
0 4 70 32
0 5 41 21
0 9 90 22
1 3 2 33
1 6 4 10
3 8 21 14
4 7 46 19
8 9 97 21
(404, 191)

Arvore 224
0 2 33 19
0 4 70 32
0 5 41 21
0 9 90 22
1 4 89 26
1 6 4 10
3 8 21 14
4 7 46 19
8 9 97 21
(491, 184)

Arvore 225
0 2 33 19
0 4 70 32
0 5 41 21
1 3 2 33
1 6 4 10
1 9 31 69
3 8 21 14
4 7 46 19
5 6 7 68
(255, 285)

Arvore 226
0 2 33 19
0 4 70 32
0 5 41 21
1 3 2 33
1 6 4 10
3 8 21 14
3 9 15 80
4 7 46 19
5 6 7 68
(239, 296)

Arvore 227
0 2 33 19
0 4 70 32
0 5 41 21
1 3 2 33
1 6 4 10
3 8 21 14
4 7 46 19
5 6 7 68
6 9 35 48
(259, 264)

Arvore 228
0 2 33 19
0 4 70 32
0 5 41 21
1 3 2 33
1 6 4 10
3 8 21 14
4 7 46 19
5 6 7 68
8 9 97 21
(321, 237)

Arvore 229
0 2 33 19
0 4 70 32
0 5 41 21
1 3 2 33
1 6 4 10
3 9 15 80
4 7 46 19
5 6 7 68
7 8 18 25
(236, 307)

Arvore 230
0 2 33 19
0 4 70 32
0 5 41 21
1 3 2 33
1 6 4 10
1 9 31 69
4 7 46 19
5 6 7 68
7 8 18 25
(252, 296)

Arvore 231
0 2 33 19
0 4 70 32
0 5 41 21
1 3 2 33
1 6 4 10
4 7 46 19
5 6 7 68
6 9 35 48
7 8 18 25
(256, 275)

Arvore 232
0 2 33 19
0 4 70 32
0 5 41 21
1 3 2 33
1 6 4 10
4 7 46 19
5 6 7 68
7 8 18 25
8 9 97 21
(318, 248)

Arvore 233
0 2 33 19
0 4 70 32
0 5 41 21
1 6 4 10
1 9 31 69
3 8 21 14
4 7 46 19
5 6 7 68
7 8 18 25
(271, 277)

Arvore 234
0 2 33 19
0 4 70 32
0 5 41 21
1 6 4 10
3 8 21 14
3 9 15 80
4 7 46 19
5 6 7 68
7 8 18 25
(255, 288)

Arvore 235
0 2 33 19
0 4 70 32
0 5 41 21
1 6 4 10
3 8 21 14
4 7 46 19
5 6 7 68
6 9 35 48
7 8 18 25
(275, 256)

Arvore 236
0 2 33 19
0 4 70 32
0 5 41 21
1 6 4 10
3 8 21 14
4 7 46 19
5 6 7 68
7 8 18 25
8 9 97 21
(337, 229)

Arvore 237
0 2 33 19
0 4 70 32
0 5 41 21
1 3 2 33
1 6 4 10
1 9 31 69
3 8 21 14
4 7 46 19
7 8 18 25
(266, 242)

Arvore 238
0 2 33 19
0 4 70 32
0 5 41 21
1 3 2 33
1 6 4 10
3 8 21 14
3 9 15 80
4 7 46 19
7 8 18 25
(250, 253)

Arvore 239
0 2 33 19
0 4 70 32
0 5 41 21
1 3 2 33
1 6 4 10
3 8 21 14
4 7 46 19
6 9 35 48
7 8 18 25
(270, 221)

Arvore 240
0 2 33 19
0 4 70 32
0 5 41 21
1 3 2 33
1 6 4 10
3 8 21 14
4 7 46 19
7 8 18 25
8 9 97 21
(332, 194)

Arvore 241
0 2 33 19
0 4 70 32
0 5 41 21
1 4 89 26
1 6 4 10
1 9 31 69
3 8 21 14
4 7 46 19
7 8 18 25
(353, 235)

Arvore 242
0 2 33 19
0 4 70 32
0 5 41 21
1 4 89 26
1 6 4 10
3 8 21 14
3 9 15 80
4 7 46 19
7 8 18 25
(337, 246)

Arvore 243
0 2 33 19
0 4 70 32
0 5 41 21
1 4 89 26
1 6 4 10
3 8 21 14
4 7 46 19
6 9 35 48
7 8 18 25
(357, 214)

Arvore 244
0 2 33 19
0 4 70 32
0 5 41 21
1 4 89 26
1 6 4 10
3 8 21 14
4 7 46 19
7 8 18 25
8 9 97 21
(419, 187)

Arvore 245
0 2 33 19
0 4 70 32
0 5 41 21
0 9 90 22
1 3 2 33
1 6 4 10
3 8 21 14
5 6 7 68
7 8 18 25
(286, 244)

Arvore 246
0 2 33 19
0 4 70 32
0 5 41 21
1 3 2 33
1 6 4 10
1 9 31 69
3 8 21 14
5 6 7 68
7 8 18 25
(227, 291)

Arvore 247
0 2 33 19
0 4 70 32
0 5 41 21
1 3 2 33
1 6 4 10
3 8 21 14
3 9 15 80
5 6 7 68
7 8 18 25
(211, 302)

Arvore 248
0 2 33 19
0 4 70 32
0 5 41 21
1 3 2 33
1 6 4 10
3 8 21 14
5 6 7 68
6 9 35 48
7 8 18 25
(231, 270)

Arvore 249
0 2 33 19
0 4 70 32
0 5 41 21
1 3 2 33
1 6 4 10
3 8 21 14
5 6 7 68
7 8 18 25
8 9 97 21
(293, 243)

Arvore 250
0 2 33 19
0 5 41 21
0 9 90 22
1 2 39 38
1 3 2 33
1 6 4 10
2 7 14 48
3 8 21 14
4 7 46 19
(290, 224)

Arvore 251
0 2 33 19
0 5 41 21
0 9 90 22
1 2 39 38
1 3 2 33
1 6 4 10
2 7 14 48
4 7 46 19
7 8 18 25
(287, 235)

Arvore 252
0 2 33 19
0 5 41 21
0 9 90 22
1 2 39 38
1 3 2 33
1 6 4 10
3 8 21 14
4 7 46 19
7 8 18 25
(294, 201)

Arvore 253
0 2 33 19
0 5 41 21
0 9 90 22
1 2 39 38
1 3 2 33
1 4 89 26
1 6 4 10
2 7 14 48
3 8 21 14
(333, 231)

Arvore 254
0 2 33 19
0 5 41 21
0 9 90 22
1 2 39 38
1 3 2 33
1 4 89 26
1 6 4 10
2 7 14 48
7 8 18 25
(330, 242)

Arvore 255
0 2 33 19
0 5 41 21
0 9 90 22
1 2 39 38
1 3 2 33
1 4 89 26
1 6 4 10
3 8 21 14
4 7 46 19
(365, 202)

Arvore 256
0 2 33 19
0 5 41 21
0 9 90 22
1 2 39 38
1 3 2 33
1 4 89 26
1 6 4 10
3 8 21 14
7 8 18 25
(337, 208)

Arvore 257
0 2 33 19
0 5 41 21
0 9 90 22
1 2 39 38
1 3 2 33
1 4 89 26
1 6 4 10
4 7 46 19
7 8 18 25
(362, 213)

Arvore 258
0 2 33 19
0 5 41 21
0 9 90 22
1 2 39 38
1 4 89 26
1 6 4 10
3 8 21 14
4 7 46 19
7 8 18 25
(381, 194)

Arvore 259
0 2 33 19
0 5 41 21
0 9 90 22
1 2 39 38
1 3 2 33
1 4 89 26
1 6 4 10
4 7 46 19
8 9 97 21
(441, 209)

Arvore 260
0 2 33 19
0 5 41 21
0 9 90 22
1 2 39 38
1 4 89 26
1 6 4 10
3 8 21 14
4 7 46 19
8 9 97 21
(460, 190)

Arvore 261
0 2 33 19
0 5 41 21
0 9 90 22
1 2 39 38
1 3 2 33
1 6 4 10
2 7 14 48
4 7 46 19
8 9 97 21
(366, 231)

Arvore 262
0 2 33 19
0 5 41 21
0 9 90 22
1 2 39 38
1 3 2 33
1 6 4 10
4 7 46 19
7 8 18 25
8 9 97 21
(370, 208)

Arvore 263
0 2 33 19
0 5 41 21
0 9 90 22
1 2 39 38
1 6 4 10
2 7 14 48
3 8 21 14
4 7 46 19
8 9 97 21
(385, 212)

Arvore 264
0 2 33 19
0 5 41 21
0 9 90 22
1 2 39 38
1 6 4 10
3 8 21 14
4 7 46 19
7 8 18 25
8 9 97 21
(389, 189)

Arvore 265
0 1 11 49
0 2 33 19
0 5 41 21
0 9 90 22
1 3 2 33
1 6 4 10
2 7 14 48
4 7 46 19
7 8 18 25
(259, 246)

Arvore 266
0 1 11 49
0 2 33 19
0 5 41 21
0 9 90 22
1 6 4 10
2 7 14 48
3 8 21 14
4 7 46 19
7 8 18 25
(278, 227)

Arvore 267
0 2 33 19
0 5 41 21
0 9 90 22
1 3 2 33
1 6 4 10
2 7 14 48
3 8 21 14
4 7 46 19
5 6 7 68
(258, 254)

Arvore 268
0 2 33 19
0 5 41 21
0 9 90 22
1 3 2 33
1 6 4 10
2 7 14 48
4 7 46 19
5 6 7 68
7 8 18 25
(255, 265)

Arvore 269
0 2 33 19
0 5 41 21
0 9 90 22
1 6 4 10
2 7 14 48
3 8 21 14
4 7 46 19
5 6 7 68
7 8 18 25
(274, 246)

Arvore 270
0 2 33 19
0 5 41 21
0 9 90 22
1 3 2 33
1 6 4 10
2 7 14 48
4 7 46 19
5 6 7 68
8 9 97 21
(334, 261)

Arvore 271
0 2 33 19
0 5 41 21
0 9 90 22
1 6 4 10
2 7 14 48
3 8 21 14
4 7 46 19
5 6 7 68
8 9 97 21
(353, 242)

Arvore 272
0 2 33 19
0 5 41 21
0 9 90 22
1 3 2 33
1 6 4 10
2 7 14 48
3 8 21 14
4 7 46 19
7 8 18 25
(269, 211)

Arvore 273
0 2 33 19
0 5 41 21
0 9 90 22
1 4 89 26
1 6 4 10
2 7 14 48
3 8 21 14
4 7 46 19
7 8 18 25
(356, 204)

Arvore 274
0 2 33 19
0 5 41 21
0 9 90 22
1 3 2 33
1 6 4 10
2 7 14 48
3 8 21 14
4 7 46 19
8 9 97 21
(348, 207)

Arvore 275
0 2 33 19
0 5 41 21
0 9 90 22
1 4 89 26
1 6 4 10
2 7 14 48
3 8 21 14
4 7 46 19
8 9 97 21
(435, 200)

Arvore 276
0 1 11 49
0 2 33 19
0 5 41 21
0 9 90 22
1 3 2 33
1 6 4 10
2 7 14 48
2 8 66 37
4 7 46 19
(307, 258)

Arvore 277
0 1 11 49
0 2 33 19
0 5 41 21
0 9 90 22
1 3 2 33
1 6 4 10
2 8 66 37
4 7 46 19
7 8 18 25
(311, 235)

Arvore 278
0 1 11 49
0 2 33 19
0 5 41 21
0 9 90 22
1 6 4 10
2 7 14 48
2 8 66 37
3 8 21 14
4 7 46 19
(326, 239)

Arvore 279
0 1 11 49
0 2 33 19
0 5 41 21
0 9 90 22
1 6 4 10
2 8 66 37
3 8 21 14
4 7 46 19
7 8 18 25
(330, 216)

Arvore 280
0 2 33 19
0 5 41 21
0 9 90 22
1 3 2 33
1 6 4 10
2 7 14 48
2 8 66 37
3 8 21 14
4 7 46 19
(317, 223)

Arvore 281
0 2 33 19
0 5 41 21
0 9 90 22
1 4 89 26
1 6 4 10
2 7 14 48
2 8 66 37
3 8 21 14
4 7 46 19
(404, 216)

Arvore 282
0 2 33 19
0 5 41 21
0 9 90 22
1 3 2 33
1 6 4 10
2 7 14 48
2 8 66 37
4 7 46 19
5 6 7 68
(303, 277)

Arvore 283
0 2 33 19
0 5 41 21
0 9 90 22
1 6 4 10
2 7 14 48
2 8 66 37
3 8 21 14
4 7 46 19
5 6 7 68
(322, 258)

Arvore 284
0 2 33 19
0 5 41 21
0 9 90 22
1 3 2 33
1 6 4 10
2 8 66 37
3 8 21 14
4 7 46 19
7 8 18 25
(321, 200)

Arvore 285
0 2 33 19
0 5 41 21
0 9 90 22
1 4 89 26
1 6 4 10
2 8 66 37
3 8 21 14
4 7 46 19
7 8 18 25
(408, 193)

Arvore 286
0 2 33 19
0 5 41 21
0 9 90 22
1 3 2 33
1 6 4 10
2 8 66 37
4 7 46 19
5 6 7 68
7 8 18 25
(307, 254)

Arvore 287
0 2 33 19
0 5 41 21
0 9 90 22
1 6 4 10
2 8 66 37
3 8 21 14
4 7 46 19
5 6 7 68
7 8 18 25
(326, 235)

Arvore 288
0 2 33 19
0 5 41 21
0 9 90 22
1 3 2 33
1 6 4 10
3 8 21 14
4 7 46 19
5 6 7 68
7 8 18 25
(262, 231)

Arvore 289
0 2 33 19
0 5 41 21
0 9 90 22
1 3 2 33
1 4 89 26
1 6 4 10
2 7 14 48
3 8 21 14
5 6 7 68
(301, 261)

Arvore 290
0 2 33 19
0 5 41 21
0 9 90 22
1 3 2 33
1 4 89 26
1 6 4 10
2 7 14 48
5 6 7 68
7 8 18 25
(298, 272)

Arvore 291
0 2 33 19
0 5 41 21
0 9 90 22
1 3 2 33
1 4 89 26
1 6 4 10
3 8 21 14
4 7 46 19
5 6 7 68
(333, 232)

Arvore 292
0 2 33 19
0 5 41 21
0 9 90 22
1 3 2 33
1 4 89 26
1 6 4 10
3 8 21 14
5 6 7 68
7 8 18 25
(305, 238)

Arvore 293
0 2 33 19
0 5 41 21
0 9 90 22
1 3 2 33
1 4 89 26
1 6 4 10
4 7 46 19
5 6 7 68
7 8 18 25
(330, 243)

Arvore 294
0 2 33 19
0 5 41 21
0 9 90 22
1 4 89 26
1 6 4 10
3 8 21 14
4 7 46 19
5 6 7 68
7 8 18 25
(349, 224)

Arvore 295
0 2 33 19
0 5 41 21
0 9 90 22
1 3 2 33
1 4 89 26
1 6 4 10
4 7 46 19
5 6 7 68
8 9 97 21
(409, 239)

Arvore 296
0 2 33 19
0 5 41 21
0 9 90 22
1 4 89 26
1 6 4 10
3 8 21 14
4 7 46 19
5 6 7 68
8 9 97 21
(428, 220)

Arvore 297
0 2 33 19
0 5 41 21
0 9 90 22
1 3 2 33
1 6 4 10
4 7 46 19
5 6 7 68
7 8 18 25
8 9 97 21
(338, 238)

Arvore 298
0 2 33 19
0 5 41 21
0 9 90 22
1 6 4 10
3 8 21 14
4 7 46 19
5 6 7 68
7 8 18 25
8 9 97 21
(357, 219)

Arvore 299
0 2 33 19
0 5 41 21
0 9 90 22
1 3 2 33
1 6 4 10
3 8 21 14
4 7 46 19
7 8 18 25
8 9 97 21
(352, 184)

Arvore 300
0 2 33 19
0 5 41 21
0 9 90 22
1 4 89 26
1 6 4 10
3 8 21 14
4 7 46 19
7 8 18 25
8 9 97 21
(439, 177)

Arvore 301
0 2 33 19
0 5 41 21
1 2 39 38
1 3 2 33
1 6 4 10
1 9 31 69
2 7 14 48
3 8 21 14
4 7 46 19
(231, 271)

Arvore 302
0 2 33 19
0 5 41 21
1 2 39 38
1 3 2 33
1 6 4 10
2 7 14 48
3 8 21 14
3 9 15 80
4 7 46 19
(215, 282)

Arvore 303
0 2 33 19
0 5 41 21
1 2 39 38
1 3 2 33
1 6 4 10
2 7 14 48
3 8 21 14
4 7 46 19
6 9 35 48
(235, 250)

Arvore 304
0 2 33 19
0 5 41 21
1 2 39 38
1 3 2 33
1 6 4 10
2 7 14 48
3 8 21 14
4 7 46 19
8 9 97 21
(297, 223)

Arvore 305
0 2 33 19
0 5 41 21
1 2 39 38
1 3 2 33
1 6 4 10
2 7 14 48
3 9 15 80
4 7 46 19
7 8 18 25
(212, 293)

Arvore 306
0 2 33 19
0 5 41 21
1 2 39 38
1 3 2 33
1 6 4 10
1 9 31 69
2 7 14 48
4 7 46 19
7 8 18 25
(228, 282)

Arvore 307
0 2 33 19
0 5 41 21
1 2 39 38
1 3 2 33
1 6 4 10
2 7 14 48
4 7 46 19
6 9 35 48
7 8 18 25
(232, 261)

Arvore 308
0 2 33 19
0 5 41 21
1 2 39 38
1 3 2 33
1 6 4 10
2 7 14 48
4 7 46 19
7 8 18 25
8 9 97 21
(294, 234)

Arvore 309
0 2 33 19
0 5 41 21
1 2 39 38
1 3 2 33
1 6 4 10
1 9 31 69
3 8 21 14
4 7 46 19
7 8 18 25
(235, 248)

Arvore 310
0 2 33 19
0 5 41 21
1 2 39 38
1 3 2 33
1 6 4 10
3 8 21 14
3 9 15 80
4 7 46 19
7 8 18 25
(219, 259)

Arvore 311
0 2 33 19
0 5 41 21
1 2 39 38
1 3 2 33
1 6 4 10
3 8 21 14
4 7 46 19
6 9 35 48
7 8 18 25
(239, 227)

Arvore 312
0 2 33 19
0 5 41 21
1 2 39 38
1 3 2 33
1 6 4 10
3 8 21 14
4 7 46 19
7 8 18 25
8 9 97 21
(301, 200)

Arvore 313
0 2 33 19
0 5 41 21
1 2 39 38
1 3 2 33
1 4 89 26
1 6 4 10
1 9 31 69
2 7 14 48
3 8 21 14
(274, 278)

Arvore 314
0 2 33 19
0 5 41 21
1 2 39 38
1 3 2 33
1 4 89 26
1 6 4 10
2 7 14 48
3 8 21 14
3 9 15 80
(258, 289)

Arvore 315
0 2 33 19
0 5 41 21
1 2 39 38
1 3 2 33
1 4 89 26
1 6 4 10
2 7 14 48
3 8 21 14
6 9 35 48
(278, 257)

Arvore 316
0 2 33 19
0 5 41 21
1 2 39 38
1 3 2 33
1 4 89 26
1 6 4 10
2 7 14 48
3 8 21 14
8 9 97 21
(340, 230)

Arvore 317
0 2 33 19
0 5 41 21
1 2 39 38
1 3 2 33
1 4 89 26
1 6 4 10
2 7 14 48
3 9 15 80
7 8 18 25
(255, 300)

Arvore 318
0 2 33 19
0 5 41 21
1 2 39 38
1 3 2 33
1 4 89 26
1 6 4 10
1 9 31 69
2 7 14 48
7 8 18 25
(271, 289)

Arvore 319
0 2 33 19
0 5 41 21
1 2 39 38
1 3 2 33
1 4 89 26
1 6 4 10
2 7 14 48
6 9 35 48
7 8 18 25
(275, 268)

Arvore 320
0 2 33 19
0 5 41 21
1 2 39 38
1 3 2 33
1 4 89 26
1 6 4 10
2 7 14 48
7 8 18 25
8 9 97 21
(337, 241)

Arvore 321
0 2 33 19
0 5 41 21
1 2 39 38
1 3 2 33
1 4 89 26
1 6 4 10
1 9 31 69
3 8 21 14
4 7 46 19
(306, 249)

Arvore 322
0 2 33 19
0 5 41 21
1 2 39 38
1 3 2 33
1 4 89 26
1 6 4 10
3 8 21 14
3 9 15 80
4 7 46 19
(290, 260)

Arvore 323
0 2 33 19
0 5 41 21
1 2 39 38
1 3 2 33
1 4 89 26
1 6 4 10
3 8 21 14
4 7 46 19
6 9 35 48
(310, 228)

Arvore 324
0 2 33 19
0 5 41 21
1 2 39 38
1 3 2 33
1 4 89 26
1 6 4 10
3 8 21 14
4 7 46 19
8 9 97 21
(372, 201)

Arvore 325
0 2 33 19
0 5 41 21
1 2 39 38
1 3 2 33
1 4 89 26
1 6 4 10
1 9 31 69
3 8 21 14
7 8 18 25
(278, 255)

Arvore 326
0 2 33 19
0 5 41 21
1 2 39 38
1 3 2 33
1 4 89 26
1 6 4 10
3 8 21 14
3 9 15 80
7 8 18 25
(262, 266)

Arvore 327
0 2 33 19
0 5 41 21
1 2 39 38
1 3 2 33
1 4 89 26
1 6 4 10
3 8 21 14
6 9 35 48
7 8 18 25
(282, 234)

Arvore 328
0 2 33 19
0 5 41 21
1 2 39 38
1 3 2 33
1 4 89 26
1 6 4 10
3 8 21 14
7 8 18 25
8 9 97 21
(344, 207)

Arvore 329
0 2 33 19
0 5 41 21
1 2 39 38
1 3 2 33
1 4 89 26
1 6 4 10
3 9 15 80
4 7 46 19
7 8 18 25
(287, 271)

Arvore 330
0 2 33 19
0 5 41 21
1 2 39 38
1 3 2 33
1 4 89 26
1 6 4 10
1 9 31 69
4 7 46 19
7 8 18 25
(303, 260)

Arvore 331
0 2 33 19
0 5 41 21
1 2 39 38
1 3 2 33
1 4 89 26
1 6 4 10
4 7 46 19
6 9 35 48
7 8 18 25
(307, 239)

Arvore 332
0 2 33 19
0 5 41 21
1 2 39 38
1 3 2 33
1 4 89 26
1 6 4 10
4 7 46 19
7 8 18 25
8 9 97 21
(369, 212)

Arvore 333
0 2 33 19
0 5 41 21
1 2 39 38
1 4 89 26
1 6 4 10
1 9 31 69
3 8 21 14
4 7 46 19
7 8 18 25
(322, 241)

Arvore 334
0 2 33 19
0 5 41 21
1 2 39 38
1 4 89 26
1 6 4 10
3 8 21 14
3 9 15 80
4 7 46 19
7 8 18 25
(306, 252)

Arvore 335
0 2 33 19
0 5 41 21
1 2 39 38
1 4 89 26
1 6 4 10
3 8 21 14
4 7 46 19
6 9 35 48
7 8 18 25
(326, 220)

Arvore 336
0 2 33 19
0 5 41 21
1 2 39 38
1 4 89 26
1 6 4 10
3 8 21 14
4 7 46 19
7 8 18 25
8 9 97 21
(388, 193)

Arvore 337
0 1 11 49
0 2 33 19
0 5 41 21
1 6 4 10
1 9 31 69
2 7 14 48
3 8 21 14
4 7 46 19
7 8 18 25
(219, 274)

Arvore 338
0 1 11 49
0 2 33 19
0 5 41 21
1 6 4 10
2 7 14 48
3 8 21 14
3 9 15 80
4 7 46 19
7 8 18 25
(203, 285)

Arvore 339
0 1 11 49
0 2 33 19
0 5 41 21
1 6 4 10
2 7 14 48
3 8 21 14
4 7 46 19
6 9 35 48
7 8 18 25
(223, 253)

Arvore 340
0 1 11 49
0 2 33 19
0 5 41 21
1 6 4 10
2 7 14 48
3 8 21 14
4 7 46 19
7 8 18 25
8 9 97 21
(285, 226)

Arvore 341
0 2 33 19
0 5 41 21
1 3 2 33
1 6 4 10
1 9 31 69
2 7 14 48
3 8 21 14
4 7 46 19
5 6 7 68
(199, 301)

Arvore 342
0 2 33 19
0 5 41 21
1 3 2 33
1 6 4 10
2 7 14 48
3 8 21 14
3 9 15 80
4 7 46 19
5 6 7 68
(183, 312)

Arvore 343
0 2 33 19
0 5 41 21
1 3 2 33
1 6 4 10
2 7 14 48
3 8 21 14
4 7 46 19
5 6 7 68
6 9 35 48
(203, 280)

Arvore 344
0 2 33 19
0 5 41 21
1 3 2 33
1 6 4 10
2 7 14 48
3 8 21 14
4 7 46 19
5 6 7 68
8 9 97 21
(265, 253)

Arvore 345
0 2 33 19
0 5 41 21
1 3 2 33
1 6 4 10
2 7 14 48
3 9 15 80
4 7 46 19
5 6 7 68
7 8 18 25
(180, 323)

Arvore 346
0 2 33 19
0 5 41 21
1 3 2 33
1 6 4 10
1 9 31 69
2 7 14 48
4 7 46 19
5 6 7 68
7 8 18 25
(196, 312)

Arvore 347
0 2 33 19
0 5 41 21
1 3 2 33
1 6 4 10
2 7 14 48
4 7 46 19
5 6 7 68
6 9 35 48
7 8 18 25
(200, 291)

Arvore 348
0 2 33 19
0 5 41 21
1 3 2 33
1 6 4 10
2 7 14 48
4 7 46 19
5 6 7 68
7 8 18 25
8 9 97 21
(262, 264)

Arvore 349
0 2 33 19
0 5 41 21
1 6 4 10
1 9 31 69
2 7 14 48
3 8 21 14
4 7 46 19
5 6 7 68
7 8 18 25
(215, 293)

Arvore 350
0 2 33 19
0 5 41 21
1 6 4 10
2 7 14 48
3 8 21 14
3 9 15 80
4 7 46 19
5 6 7 68
7 8 18 25
(199, 304)

Arvore 351
0 2 33 19
0 5 41 21
1 6 4 10
2 7 14 48
3 8 21 14
4 7 46 19
5 6 7 68
6 9 35 48
7 8 18 25
(219, 272)

Arvore 352
0 2 33 19
0 5 41 21
1 6 4 10
2 7 14 48
3 8 21 14
4 7 46 19
5 6 7 68
7 8 18 25
8 9 97 21
(281, 245)

Arvore 353
0 2 33 19
0 5 41 21
1 3 2 33
1 6 4 10
1 9 31 69
2 7 14 48
3 8 21 14
4 7 46 19
7 8 18 25
(210, 258)

Arvore 354
0 2 33 19
0 5 41 21
1 3 2 33
1 6 4 10
2 7 14 48
3 8 21 14
3 9 15 80
4 7 46 19
7 8 18 25
(194, 269)

Arvore 355
0 2 33 19
0 5 41 21
1 3 2 33
1 6 4 10
2 7 14 48
3 8 21 14
4 7 46 19
6 9 35 48
7 8 18 25
(214, 237)

Arvore 356
0 2 33 19
0 5 41 21
1 3 2 33
1 6 4 10
2 7 14 48
3 8 21 14
4 7 46 19
7 8 18 25
8 9 97 21
(276, 210)

Arvore 357
0 2 33 19
0 5 41 21
1 4 89 26
1 6 4 10
1 9 31 69
2 7 14 48
3 8 21 14
4 7 46 19
7 8 18 25
(297, 251)

Arvore 358
0 2 33 19
0 5 41 21
1 4 89 26
1 6 4 10
2 7 14 48
3 8 21 14
3 9 15 80
4 7 46 19
7 8 18 25
(281, 262)

Arvore 359
0 2 33 19
0 5 41 21
1 4 89 26
1 6 4 10
2 7 14 48
3 8 21 14
4 7 46 19
6 9 35 48
7 8 18 25
(301, 230)

Arvore 360
0 2 33 19
0 5 41 21
1 4 89 26
1 6 4 10
2 7 14 48
3 8 21 14
4 7 46 19
7 8 18 25
8 9 97 21
(363, 203)

Arvore 361
0 1 11 49
0 2 33 19
0 5 41 21
1 3 2 33
1 6 4 10
1 9 31 69
2 7 14 48
2 8 66 37
4 7 46 19
(248, 305)

Arvore 362
0 1 11 49
0 2 33 19
0 5 41 21
1 3 2 33
1 6 4 10
2 7 14 48
2 8 66 37
3 9 15 80
4 7 46 19
(232, 316)

Arvore 363
0 1 11 49
0 2 33 19
0 5 41 21
1 3 2 33
1 6 4 10
2 7 14 48
2 8 66 37
4 7 46 19
6 9 35 48
(252, 284)

Arvore 364
0 1 11 49
0 2 33 19
0 5 41 21
1 3 2 33
1 6 4 10
2 7 14 48
2 8 66 37
4 7 46 19
8 9 97 21
(314, 257)

Arvore 365
0 1 11 49
0 2 33 19
0 5 41 21
1 3 2 33
1 6 4 10
1 9 31 69
2 8 66 37
4 7 46 19
7 8 18 25
(252, 282)

Arvore 366
0 1 11 49
0 2 33 19
0 5 41 21
1 3 2 33
1 6 4 10
2 8 66 37
3 9 15 80
4 7 46 19
7 8 18 25
(236, 293)

Arvore 367
0 1 11 49
0 2 33 19
0 5 41 21
1 3 2 33
1 6 4 10
2 8 66 37
4 7 46 19
6 9 35 48
7 8 18 25
(256, 261)

Arvore 368
0 1 11 49
0 2 33 19
0 5 41 21
1 3 2 33
1 6 4 10
2 8 66 37
4 7 46 19
7 8 18 25
8 9 97 21
(318, 234)

Arvore 369
0 1 11 49
0 2 33 19
0 5 41 21
1 6 4 10
1 9 31 69
2 7 14 48
2 8 66 37
3 8 21 14
4 7 46 19
(267, 286)

Arvore 370
0 1 11 49
0 2 33 19
0 5 41 21
1 6 4 10
2 7 14 48
2 8 66 37
3 8 21 14
3 9 15 80
4 7 46 19
(251, 297)

Arvore 371
0 1 11 49
0 2 33 19
0 5 41 21
1 6 4 10
2 7 14 48
2 8 66 37
3 8 21 14
4 7 46 19
6 9 35 48
(271, 265)

Arvore 372
0 1 11 49
0 2 33 19
0 5 41 21
1 6 4 10
2 7 14 48
2 8 66 37
3 8 21 14
4 7 46 19
8 9 97 21
(333, 238)

Arvore 373
0 1 11 49
0 2 33 19
0 5 41 21
1 6 4 10
1 9 31 69
2 8 66 37
3 8 21 14
4 7 46 19
7 8 18 25
(271, 263)

Arvore 374
0 1 11 49
0 2 33 19
0 5 41 21
1 6 4 10
2 8 66 37
3 8 21 14
3 9 15 80
4 7 46 19
7 8 18 25
(255, 274)

Arvore 375
0 1 11 49
0 2 33 19
0 5 41 21
1 6 4 10
2 8 66 37
3 8 21 14
4 7 46 19
6 9 35 48
7 8 18 25
(275, 242)

Arvore 376
0 1 11 49
0 2 33 19
0 5 41 21
1 6 4 10
2 8 66 37
3 8 21 14
4 7 46 19
7 8 18 25
8 9 97 21
(337, 215)

Arvore 377
0 2 33 19
0 5 41 21
1 3 2 33
1 6 4 10
1 9 31 69
2 7 14 48
2 8 66 37
3 8 21 14
4 7 46 19
(258, 270)

Arvore 378
0 2 33 19
0 5 41 21
1 3 2 33
1 6 4 10
2 7 14 48
2 8 66 37
3 8 21 14
3 9 15 80
4 7 46 19
(242, 281)

Arvore 379
0 2 33 19
0 5 41 21
1 3 2 33
1 6 4 10
2 7 14 48
2 8 66 37
3 8 21 14
4 7 46 19
6 9 35 48
(262, 249)

Arvore 380
0 2 33 19
0 5 41 21
1 3 2 33
1 6 4 10
2 7 14 48
2 8 66 37
3 8 21 14
4 7 46 19
8 9 97 21
(324, 222)

Arvore 381
0 2 33 19
0 5 41 21
1 4 89 26
1 6 4 10
1 9 31 69
2 7 14 48
2 8 66 37
3 8 21 14
4 7 46 19
(345, 263)

Arvore 382
0 2 33 19
0 5 41 21
1 4 89 26
1 6 4 10
2 7 14 48
2 8 66 37
3 8 21 14
3 9 15 80
4 7 46 19
(329, 274)

Arvore 383
0 2 33 19
0 5 41 21
1 4 89 26
1 6 4 10
2 7 14 48
2 8 66 37
3 8 21 14
4 7 46 19
6 9 35 48
(349, 242)

Arvore 384
0 2 33 19
0 5 41 21
1 4 89 26
1 6 4 10
2 7 14 48
2 8 66 37
3 8 21 14
4 7 46 19
8 9 97 21
(411, 215)

Arvore 385
0 2 33 19
0 5 41 21
1 3 2 33
1 6 4 10
1 9 31 69
2 7 14 48
2 8 66 37
4 7 46 19
5 6 7 68
(244, 324)

Arvore 386
0 2 33 19
0 5 41 21
1 3 2 33
1 6 4 10
2 7 14 48
2 8 66 37
3 9 15 80
4 7 46 19
5 6 7 68
(228, 335)

Arvore 387
0 2 33 19
0 5 41 21
1 3 2 33
1 6 4 10
2 7 14 48
2 8 66 37
4 7 46 19
5 6 7 68
6 9 35 48
(248, 303)

Arvore 388
0 2 33 19
0 5 41 21
1 3 2 33
1 6 4 10
2 7 14 48
2 8 66 37
4 7 46 19
5 6 7 68
8 9 97 21
(310, 276)

Arvore 389
0 2 33 19
0 5 41 21
1 6 4 10
1 9 31 69
2 7 14 48
2 8 66 37
3 8 21 14
4 7 46 19
5 6 7 68
(263, 305)

Arvore 390
0 2 33 19
0 5 41 21
1 6 4 10
2 7 14 48
2 8 66 37
3 8 21 14
3 9 15 80
4 7 46 19
5 6 7 68
(247, 316)

Arvore 391
0 2 33 19
0 5 41 21
1 6 4 10
2 7 14 48
2 8 66 37
3 8 21 14
4 7 46 19
5 6 7 68
6 9 35 48
(267, 284)

Arvore 392
0 2 33 19
0 5 41 21
1 6 4 10
2 7 14 48
2 8 66 37
3 8 21 14
4 7 46 19
5 6 7 68
8 9 97 21
(329, 257)

Arvore 393
0 2 33 19
0 5 41 21
1 3 2 33
1 6 4 10
1 9 31 69
2 8 66 37
3 8 21 14
4 7 46 19
7 8 18 25
(262, 247)

Arvore 394
0 2 33 19
0 5 41 21
1 3 2 33
1 6 4 10
2 8 66 37
3 8 21 14
3 9 15 80
4 7 46 19
7 8 18 25
(246, 258)

Arvore 395
0 2 33 19
0 5 41 21
1 3 2 33
1 6 4 10
2 8 66 37
3 8 21 14
4 7 46 19
6 9 35 48
7 8 18 25
(266, 226)

Arvore 396
0 2 33 19
0 5 41 21
1 3 2 33
1 6 4 10
2 8 66 37
3 8 21 14
4 7 46 19
7 8 18 25
8 9 97 21
(328, 199)

Arvore 397
0 2 33 19
0 5 41 21
1 4 89 26
1 6 4 10
1 9 31 69
2 8 66 37
3 8 21 14
4 7 46 19
7 8 18 25
(349, 240)

Arvore 398
0 2 33 19
0 5 41 21
1 4 89 26
1 6 4 10
2 8 66 37
3 8 21 14
3 9 15 80
4 7 46 19
7 8 18 25
(333, 251)

Arvore 399
0 2 33 19
0 5 41 21
1 4 89 26
1 6 4 10
2 8 66 37
3 8 21 14
4 7 46 19
6 9 35 48
7 8 18 25
(353, 219)

Arvore 400
0 2 33 19
0 5 41 21
1 4 89 26
1 6 4 10
2 8 66 37
3 8 21 14
4 7 46 19
7 8 18 25
8 9 97 21
(415, 192)

Arvore 401
0 2 33 19
0 5 41 21
1 3 2 33
1 6 4 10
1 9 31 69
2 8 66 37
4 7 46 19
5 6 7 68
7 8 18 25
(248, 301)

Arvore 402
0 2 33 19
0 5 41 21
1 3 2 33
1 6 4 10
2 8 66 37
3 9 15 80
4 7 46 19
5 6 7 68
7 8 18 25
(232, 312)

Arvore 403
0 2 33 19
0 5 41 21
1 3 2 33
1 6 4 10
2 8 66 37
4 7 46 19
5 6 7 68
6 9 35 48
7 8 18 25
(252, 280)

Arvore 404
0 2 33 19
0 5 41 21
1 3 2 33
1 6 4 10
2 8 66 37
4 7 46 19
5 6 7 68
7 8 18 25
8 9 97 21
(314, 253)

Arvore 405
0 2 33 19
0 5 41 21
1 6 4 10
1 9 31 69
2 8 66 37
3 8 21 14
4 7 46 19
5 6 7 68
7 8 18 25
(267, 282)

Arvore 406
0 2 33 19
0 5 41 21
1 6 4 10
2 8 66 37
3 8 21 14
3 9 15 80
4 7 46 19
5 6 7 68
7 8 18 25
(251, 293)

Arvore 407
0 2 33 19
0 5 41 21
1 6 4 10
2 8 66 37
3 8 21 14
4 7 46 19
5 6 7 68
6 9 35 48
7 8 18 25
(271, 261)

Arvore 408
0 2 33 19
0 5 41 21
1 6 4 10
2 8 66 37
3 8 21 14
4 7 46 19
5 6 7 68
7 8 18 25
8 9 97 21
(333, 234)

Arvore 409
0 2 33 19
0 5 41 21
1 3 2 33
1 6 4 10
1 9 31 69
3 8 21 14
4 7 46 19
5 6 7 68
7 8 18 25
(203, 278)

Arvore 410
0 2 33 19
0 5 41 21
1 3 2 33
1 6 4 10
3 8 21 14
3 9 15 80
4 7 46 19
5 6 7 68
7 8 18 25
(187, 289)

Arvore 411
0 2 33 19
0 5 41 21
1 3 2 33
1 6 4 10
3 8 21 14
4 7 46 19
5 6 7 68
6 9 35 48
7 8 18 25
(207, 257)

Arvore 412
0 2 33 19
0 5 41 21
1 3 2 33
1 6 4 10
3 8 21 14
4 7 46 19
5 6 7 68
7 8 18 25
8 9 97 21
(269, 230)

Arvore 413
0 2 33 19
0 5 41 21
1 3 2 33
1 4 89 26
1 6 4 10
1 9 31 69
2 7 14 48
3 8 21 14
5 6 7 68
(242, 308)

Arvore 414
0 2 33 19
0 5 41 21
1 3 2 33
1 4 89 26
1 6 4 10
2 7 14 48
3 8 21 14
3 9 15 80
5 6 7 68
(226, 319)

Arvore 415
0 2 33 19
0 5 41 21
1 3 2 33
1 4 89 26
1 6 4 10
2 7 14 48
3 8 21 14
5 6 7 68
6 9 35 48
(246, 287)

Arvore 416
0 2 33 19
0 5 41 21
1 3 2 33
1 4 89 26
1 6 4 10
2 7 14 48
3 8 21 14
5 6 7 68
8 9 97 21
(308, 260)

Arvore 417
0 2 33 19
0 5 41 21
1 3 2 33
1 4 89 26
1 6 4 10
2 7 14 48
3 9 15 80
5 6 7 68
7 8 18 25
(223, 330)

Arvore 418
0 2 33 19
0 5 41 21
1 3 2 33
1 4 89 26
1 6 4 10
1 9 31 69
2 7 14 48
5 6 7 68
7 8 18 25
(239, 319)

Arvore 419
0 2 33 19
0 5 41 21
1 3 2 33
1 4 89 26
1 6 4 10
2 7 14 48
5 6 7 68
6 9 35 48
7 8 18 25
(243, 298)

Arvore 420
0 2 33 19
0 5 41 21
1 3 2 33
1 4 89 26
1 6 4 10
2 7 14 48
5 6 7 68
7 8 18 25
8 9 97 21
(305, 271)

Arvore 421
0 2 33 19
0 5 41 21
1 3 2 33
1 4 89 26
1 6 4 10
1 9 31 69
3 8 21 14
4 7 46 19
5 6 7 68
(274, 279)

Arvore 422
0 2 33 19
0 5 41 21
1 3 2 33
1 4 89 26
1 6 4 10
3 8 21 14
3 9 15 80
4 7 46 19
5 6 7 68
(258, 290)

Arvore 423
0 2 33 19
0 5 41 21
1 3 2 33
1 4 89 26
1 6 4 10
3 8 21 14
4 7 46 19
5 6 7 68
6 9 35 48
(278, 258)

Arvore 424
0 2 33 19
0 5 41 21
1 3 2 33
1 4 89 26
1 6 4 10
3 8 21 14
4 7 46 19
5 6 7 68
8 9 97 21
(340, 231)

Arvore 425
0 2 33 19
0 5 41 21
1 3 2 33
1 4 89 26
1 6 4 10
1 9 31 69
3 8 21 14
5 6 7 68
7 8 18 25
(246, 285)

Arvore 426
0 2 33 19
0 5 41 21
1 3 2 33
1 4 89 26
1 6 4 10
3 8 21 14
3 9 15 80
5 6 7 68
7 8 18 25
(230, 296)

Arvore 427
0 2 33 19
0 5 41 21
1 3 2 33
1 4 89 26
1 6 4 10
3 8 21 14
5 6 7 68
6 9 35 48
7 8 18 25
(250, 264)

Arvore 428
0 2 33 19
0 5 41 21
1 3 2 33
1 4 89 26
1 6 4 10
3 8 21 14
5 6 7 68
7 8 18 25
8 9 97 21
(312, 237)

Arvore 429
0 2 33 19
0 5 41 21
1 3 2 33
1 4 89 26
1 6 4 10
3 9 15 80
4 7 46 19
5 6 7 68
7 8 18 25
(255, 301)

Arvore 430
0 2 33 19
0 5 41 21
1 3 2 33
1 4 89 26
1 6 4 10
1 9 31 69
4 7 46 19
5 6 7 68
7 8 18 25
(271, 290)

Arvore 431
0 2 33 19
0 5 41 21
1 3 2 33
1 4 89 26
1 6 4 10
4 7 46 19
5 6 7 68
6 9 35 48
7 8 18 25
(275, 269)

Arvore 432
0 2 33 19
0 5 41 21
1 3 2 33
1 4 89 26
1 6 4 10
4 7 46 19
5 6 7 68
7 8 18 25
8 9 97 21
(337, 242)

Arvore 433
0 2 33 19
0 5 41 21
1 4 89 26
1 6 4 10
1 9 31 69
3 8 21 14
4 7 46 19
5 6 7 68
7 8 18 25
(290, 271)

Arvore 434
0 2 33 19
0 5 41 21
1 4 89 26
1 6 4 10
3 8 21 14
3 9 15 80
4 7 46 19
5 6 7 68
7 8 18 25
(274, 282)

Arvore 435
0 2 33 19
0 5 41 21
1 4 89 26
1 6 4 10
3 8 21 14
4 7 46 19
5 6 7 68
6 9 35 48
7 8 18 25
(294, 250)

Arvore 436
0 2 33 19
0 5 41 21
1 4 89 26
1 6 4 10
3 8 21 14
4 7 46 19
5 6 7 68
7 8 18 25
8 9 97 21
(356, 223)

Arvore 437
0 2 33 19
0 9 90 22
1 2 39 38
1 3 2 33
1 6 4 10
2 7 14 48
3 8 21 14
4 7 46 19
5 6 7 68
(256, 271)

Arvore 438
0 2 33 19
1 2 39 38
1 3 2 33
1 6 4 10
1 9 31 69
2 7 14 48
3 8 21 14
4 7 46 19
5 6 7 68
(197, 318)

Arvore 439
0 2 33 19
1 2 39 38
1 3 2 33
1 6 4 10
2 7 14 48
3 8 21 14
3 9 15 80
4 7 46 19
5 6 7 68
(181, 329)

Arvore 440
0 2 33 19
1 2 39 38
1 3 2 33
1 6 4 10
2 7 14 48
3 8 21 14
4 7 46 19
5 6 7 68
6 9 35 48
(201, 297)

Arvore 441
0 2 33 19
1 2 39 38
1 3 2 33
1 6 4 10
2 7 14 48
3 8 21 14
4 7 46 19
5 6 7 68
8 9 97 21
(263, 270)

Arvore 442
0 2 33 19
0 9 90 22
1 2 39 38
1 3 2 33
1 6 4 10
2 7 14 48
3 8 21 14
4 7 46 19
5 8 18 51
(267, 254)

Arvore 443
0 2 33 19
1 2 39 38
1 3 2 33
1 6 4 10
1 9 31 69
2 7 14 48
3 8 21 14
4 7 46 19
5 8 18 51
(208, 301)

Arvore 444
0 2 33 19
1 2 39 38
1 3 2 33
1 6 4 10
2 7 14 48
3 8 21 14
3 9 15 80
4 7 46 19
5 8 18 51
(192, 312)

Arvore 445
0 2 33 19
1 2 39 38
1 3 2 33
1 6 4 10
2 7 14 48
3 8 21 14
4 7 46 19
5 8 18 51
6 9 35 48
(212, 280)

Arvore 446
0 2 33 19
1 2 39 38
1 3 2 33
1 6 4 10
2 7 14 48
3 8 21 14
4 7 46 19
5 8 18 51
8 9 97 21
(274, 253)

Arvore 447
0 2 33 19
1 2 39 38
1 3 2 33
1 6 4 10
2 7 14 48
3 8 21 14
4 7 46 19
5 8 18 51
6 9 35 48
(212, 280)

Arvore 448
0 2 33 19
1 2 39 38
1 3 2 33
1 6 4 10
2 7 14 48
3 9 15 80
4 7 46 19
5 6 7 68
7 8 18 25
(178, 340)

Arvore 449
0 2 33 19
1 2 39 38
1 3 2 33
1 6 4 10
1 9 31 69
2 7 14 48
4 7 46 19
5 6 7 68
7 8 18 25
(194, 329)

Arvore 450
0 2 33 19
0 9 90 22
1 2 39 38
1 3 2 33
1 6 4 10
2 7 14 48
4 7 46 19
5 6 7 68
7 8 18 25
(253, 282)

Arvore 451
0 2 33 19
1 2 39 38
1 3 2 33
1 6 4 10
2 7 14 48
4 7 46 19
5 6 7 68
6 9 35 48
7 8 18 25
(198, 308)

Arvore 452
0 2 33 19
1 2 39 38
1 3 2 33
1 6 4 10
2 7 14 48
4 7 46 19
5 6 7 68
7 8 18 25
8 9 97 21
(260, 281)

Arvore 453
0 2 33 19
0 9 90 22
1 2 39 38
1 3 2 33
1 6 4 10
2 7 14 48
4 7 46 19
5 8 18 51
7 8 18 25
(264, 265)

Arvore 454
0 2 33 19
1 2 39 38
1 3 2 33
1 6 4 10
1 9 31 69
2 7 14 48
4 7 46 19
5 8 18 51
7 8 18 25
(205, 312)

Arvore 455
0 2 33 19
1 2 39 38
1 3 2 33
1 6 4 10
2 7 14 48
3 9 15 80
4 7 46 19
5 8 18 51
7 8 18 25
(189, 323)

Arvore 456
0 2 33 19
1 2 39 38
1 3 2 33
1 6 4 10
2 7 14 48
4 7 46 19
5 8 18 51
6 9 35 48
7 8 18 25
(209, 291)

Arvore 457
0 2 33 19
1 2 39 38
1 3 2 33
1 6 4 10
2 7 14 48
4 7 46 19
5 8 18 51
7 8 18 25
8 9 97 21
(271, 264)

Arvore 458
0 2 33 19
1 2 39 38
1 3 2 33
1 6 4 10
2 7 14 48
4 7 46 19
5 8 18 51
6 9 35 48
7 8 18 25
(209, 291)

Arvore 459
0 2 33 19
0 9 90 22
1 2 39 38
1 3 2 33
1 6 4 10
3 8 21 14
4 7 46 19
5 6 7 68
7 8 18 25
(260, 248)

Arvore 460
0 2 33 19
1 2 39 38
1 3 2 33
1 6 4 10
1 9 31 69
3 8 21 14
4 7 46 19
5 6 7 68
7 8 18 25
(201, 295)

Arvore 461
0 2 33 19
1 2 39 38
1 3 2 33
1 6 4 10
3 8 21 14
3 9 15 80
4 7 46 19
5 6 7 68
7 8 18 25
(185, 306)

Arvore 462
0 2 33 19
1 2 39 38
1 3 2 33
1 6 4 10
3 8 21 14
4 7 46 19
5 6 7 68
6 9 35 48
7 8 18 25
(205, 274)

Arvore 463
0 2 33 19
1 2 39 38
1 3 2 33
1 6 4 10
3 8 21 14
4 7 46 19
5 6 7 68
7 8 18 25
8 9 97 21
(267, 247)

Arvore 464
0 2 33 19
0 9 90 22
1 2 39 38
1 3 2 33
1 6 4 10
3 8 21 14
4 7 46 19
5 8 18 51
7 8 18 25
(271, 231)

Arvore 465
0 2 33 19
1 2 39 38
1 3 2 33
1 6 4 10
1 9 31 69
3 8 21 14
4 7 46 19
5 8 18 51
7 8 18 25
(212, 278)

Arvore 466
0 2 33 19
1 2 39 38
1 3 2 33
1 6 4 10
3 8 21 14
3 9 15 80
4 7 46 19
5 8 18 51
7 8 18 25
(196, 289)

Arvore 467
0 2 33 19
1 2 39 38
1 3 2 33
1 6 4 10
3 8 21 14
4 7 46 19
5 8 18 51
6 9 35 48
7 8 18 25
(216, 257)

Arvore 468
0 2 33 19
1 2 39 38
1 3 2 33
1 6 4 10
3 8 21 14
4 7 46 19
5 8 18 51
7 8 18 25
8 9 97 21
(278, 230)

Arvore 469
0 2 33 19
1 2 39 38
1 3 2 33
1 6 4 10
3 8 21 14
4 7 46 19
5 8 18 51
6 9 35 48
7 8 18 25
(216, 257)

Arvore 470
0 1 11 49
0 2 33 19
0 9 90 22
1 6 4 10
2 7 14 48
3 8 21 14
4 7 46 19
5 6 7 68
7 8 18 25
(244, 274)

Arvore 471
0 1 11 49
0 2 33 19
1 6 4 10
1 9 31 69
2 7 14 48
3 8 21 14
4 7 46 19
5 6 7 68
7 8 18 25
(185, 321)

Arvore 472
0 1 11 49
0 2 33 19
1 6 4 10
2 7 14 48
3 8 21 14
3 9 15 80
4 7 46 19
5 6 7 68
7 8 18 25
(169, 332)

Arvore 473
0 1 11 49
0 2 33 19
1 6 4 10
2 7 14 48
3 8 21 14
4 7 46 19
5 6 7 68
6 9 35 48
7 8 18 25
(189, 300)

Arvore 474
0 1 11 49
0 2 33 19
1 6 4 10
2 7 14 48
3 8 21 14
4 7 46 19
5 6 7 68
7 8 18 25
8 9 97 21
(251, 273)

Arvore 475
0 1 11 49
0 2 33 19
0 9 90 22
1 6 4 10
2 7 14 48
3 8 21 14
4 7 46 19
5 8 18 51
7 8 18 25
(255, 257)

Arvore 476
0 1 11 49
0 2 33 19
1 6 4 10
1 9 31 69
2 7 14 48
3 8 21 14
4 7 46 19
5 8 18 51
7 8 18 25
(196, 304)

Arvore 477
0 1 11 49
0 2 33 19
1 6 4 10
2 7 14 48
3 8 21 14
3 9 15 80
4 7 46 19
5 8 18 51
7 8 18 25
(180, 315)

Arvore 478
0 1 11 49
0 2 33 19
1 6 4 10
2 7 14 48
3 8 21 14
4 7 46 19
5 8 18 51
6 9 35 48
7 8 18 25
(200, 283)

Arvore 479
0 1 11 49
0 2 33 19
1 6 4 10
2 7 14 48
3 8 21 14
4 7 46 19
5 8 18 51
7 8 18 25
8 9 97 21
(262, 256)

Arvore 480
0 1 11 49
0 2 33 19
1 6 4 10
2 7 14 48
3 8 21 14
4 7 46 19
5 8 18 51
6 9 35 48
7 8 18 25
(200, 283)

Arvore 481
0 2 33 19
0 9 90 22
1 3 2 33
1 6 4 10
2 7 14 48
3 8 21 14
4 7 46 19
5 6 7 68
7 8 18 25
(235, 258)

Arvore 482
0 2 33 19
1 3 2 33
1 6 4 10
1 9 31 69
2 7 14 48
3 8 21 14
4 7 46 19
5 6 7 68
7 8 18 25
(176, 305)

Arvore 483
0 2 33 19
1 3 2 33
1 6 4 10
2 7 14 48
3 8 21 14
3 9 15 80
4 7 46 19
5 6 7 68
7 8 18 25
(160, 316)

Arvore 484
0 2 33 19
1 3 2 33
1 6 4 10
2 7 14 48
3 8 21 14
4 7 46 19
5 6 7 68
6 9 35 48
7 8 18 25
(180, 284)

Arvore 485
0 2 33 19
1 3 2 33
1 6 4 10
2 7 14 48
3 8 21 14
4 7 46 19
5 6 7 68
7 8 18 25
8 9 97 21
(242, 257)

Arvore 486
0 2 33 19
0 9 90 22
1 3 2 33
1 6 4 10
2 7 14 48
3 8 21 14
4 7 46 19
5 8 18 51
7 8 18 25
(246, 241)

Arvore 487
0 2 33 19
1 3 2 33
1 6 4 10
1 9 31 69
2 7 14 48
3 8 21 14
4 7 46 19
5 8 18 51
7 8 18 25
(187, 288)

Arvore 488
0 2 33 19
1 3 2 33
1 6 4 10
2 7 14 48
3 8 21 14
3 9 15 80
4 7 46 19
5 8 18 51
7 8 18 25
(171, 299)

Arvore 489
0 2 33 19
1 3 2 33
1 6 4 10
2 7 14 48
3 8 21 14
4 7 46 19
5 8 18 51
6 9 35 48
7 8 18 25
(191, 267)

Arvore 490
0 2 33 19
1 3 2 33
1 6 4 10
2 7 14 48
3 8 21 14
4 7 46 19
5 8 18 51
7 8 18 25
8 9 97 21
(253, 240)

Arvore 491
0 2 33 19
1 3 2 33
1 6 4 10
2 7 14 48
3 8 21 14
4 7 46 19
5 8 18 51
6 9 35 48
7 8 18 25
(191, 267)

