4
0.04
Arvore 1
0 1 56 56
0 6 79 45
1 2 2 43
2 3 21 71
2 4 27 36
2 5 39 13
(224, 264)

Arvore 2
0 1 56 56
1 2 2 43
2 3 21 71
2 4 27 36
2 5 39 13
3 6 3 61
(148, 280)

Arvore 3
0 1 56 56
1 2 2 43
2 3 21 71
2 4 27 36
2 5 39 13
3 6 3 61
(148, 280)

Arvore 4
0 1 56 56
0 6 79 45
1 2 2 43
1 3 45 67
2 4 27 36
2 5 39 13
(248, 260)

Arvore 5
0 1 56 56
1 2 2 43
1 3 45 67
2 4 27 36
2 5 39 13
3 6 3 61
(172, 276)

Arvore 6
0 1 56 56
0 6 79 45
1 2 2 43
2 4 27 36
2 5 39 13
3 5 72 39
(275, 232)

Arvore 7
0 1 56 56
1 2 2 43
2 4 27 36
2 5 39 13
3 5 72 39
3 6 3 61
(199, 248)

Arvore 8
0 2 13 72
0 6 79 45
1 2 2 43
2 3 21 71
2 4 27 36
2 5 39 13
(181, 280)

Arvore 9
0 2 13 72
1 2 2 43
2 3 21 71
2 4 27 36
2 5 39 13
3 6 3 61
(105, 296)

Arvore 10
0 2 13 72
1 2 2 43
2 3 21 71
2 4 27 36
2 5 39 13
3 6 3 61
(105, 296)

Arvore 11
0 2 13 72
0 6 79 45
1 2 2 43
1 3 45 67
2 4 27 36
2 5 39 13
(205, 276)

Arvore 12
0 2 13 72
1 2 2 43
1 3 45 67
2 4 27 36
2 5 39 13
3 6 3 61
(129, 292)

Arvore 13
0 2 13 72
0 6 79 45
1 2 2 43
2 4 27 36
2 5 39 13
3 5 72 39
(232, 248)

Arvore 14
0 2 13 72
1 2 2 43
2 4 27 36
2 5 39 13
3 5 72 39
3 6 3 61
(156, 264)

Arvore 15
0 2 13 72
0 4 57 54
0 6 79 45
1 2 2 43
2 3 21 71
2 5 39 13
(211, 298)

Arvore 16
0 2 13 72
0 4 57 54
1 2 2 43
2 3 21 71
2 5 39 13
3 6 3 61
(135, 314)

Arvore 17
0 2 13 72
0 4 57 54
0 6 79 45
1 2 2 43
1 3 45 67
2 5 39 13
(235, 294)

Arvore 18
0 2 13 72
0 4 57 54
1 2 2 43
1 3 45 67
2 5 39 13
3 6 3 61
(159, 310)

Arvore 19
0 2 13 72
0 4 57 54
0 6 79 45
1 2 2 43
2 5 39 13
3 5 72 39
(262, 266)

Arvore 20
0 2 13 72
0 4 57 54
1 2 2 43
2 5 39 13
3 5 72 39
3 6 3 61
(186, 282)

Arvore 21
0 4 57 54
0 6 79 45
1 2 2 43
2 3 21 71
2 4 27 36
2 5 39 13
(225, 262)

Arvore 22
0 4 57 54
1 2 2 43
2 3 21 71
2 4 27 36
2 5 39 13
3 6 3 61
(149, 278)

Arvore 23
0 4 57 54
0 6 79 45
1 2 2 43
1 3 45 67
2 4 27 36
2 5 39 13
(249, 258)

Arvore 24
0 4 57 54
1 2 2 43
1 3 45 67
2 4 27 36
2 5 39 13
3 6 3 61
(173, 274)

Arvore 25
0 4 57 54
0 6 79 45
1 2 2 43
2 4 27 36
2 5 39 13
3 5 72 39
(276, 230)

Arvore 26
0 4 57 54
1 2 2 43
2 4 27 36
2 5 39 13
3 5 72 39
3 6 3 61
(200, 246)

Arvore 27
0 1 56 56
0 6 79 45
1 2 2 43
2 4 27 36
2 5 39 13
3 6 3 61
(206, 254)

Arvore 28
0 1 56 56
0 6 79 45
1 2 2 43
2 4 27 36
2 5 39 13
3 6 3 61
(206, 254)

Arvore 29
0 4 57 54
0 6 79 45
1 2 2 43
2 4 27 36
2 5 39 13
3 6 3 61
(207, 252)

Arvore 30
0 2 13 72
0 4 57 54
0 6 79 45
1 2 2 43
2 5 39 13
3 6 3 61
(193, 288)

Arvore 31
0 4 57 54
0 6 79 45
1 2 2 43
2 3 21 71
2 5 39 13
3 6 3 61
(201, 287)

Arvore 32
0 1 56 56
0 6 79 45
1 2 2 43
2 4 27 36
3 5 72 39
3 6 3 61
(239, 280)

Arvore 33
0 1 56 56
0 6 79 45
2 4 27 36
2 5 39 13
3 5 72 39
3 6 3 61
(276, 250)

Arvore 34
0 2 13 72
0 6 79 45
1 2 2 43
2 4 27 36
2 5 39 13
3 6 3 61
(163, 270)

Arvore 35
0 2 13 72
0 6 79 45
1 2 2 43
2 4 27 36
2 5 39 13
3 6 3 61
(163, 270)

Arvore 36
0 6 79 45
1 2 2 43
1 3 45 67
2 4 27 36
2 5 39 13
3 6 3 61
(195, 265)

Arvore 37
0 6 79 45
1 2 2 43
1 3 45 67
2 4 27 36
3 5 72 39
3 6 3 61
(228, 291)

Arvore 38
0 6 79 45
1 3 45 67
2 4 27 36
2 5 39 13
3 5 72 39
3 6 3 61
(265, 261)

Arvore 39
0 6 79 45
1 2 2 43
2 3 21 71
2 4 27 36
2 5 39 13
3 6 3 61
(171, 269)

Arvore 40
0 6 79 45
1 2 2 43
2 3 21 71
2 4 27 36
2 5 39 13
3 6 3 61
(171, 269)

Arvore 41
0 2 13 72
0 6 79 45
1 2 2 43
2 4 27 36
3 5 72 39
3 6 3 61
(196, 296)

Arvore 42
0 6 79 45
1 2 2 43
2 3 21 71
2 4 27 36
3 5 72 39
3 6 3 61
(204, 295)

Arvore 43
0 6 79 45
1 2 2 43
2 4 27 36
2 5 39 13
3 5 72 39
3 6 3 61
(222, 237)

