4
0.04
0 1 69 29
1 2 19 85
2 3 33 55
2 12 37 41
3 4 25 47
5 15 11 80
6 7 94 15
6 16 78 28
7 8 62 37
8 18 51 51
9 19 7 65
10 11 20 57
11 21 20 54
12 13 58 30
13 23 25 45
14 15 56 36
14 24 68 25
15 16 17 74
17 27 64 27
19 29 67 43
20 21 14 71
21 22 7 75
22 32 18 59
23 24 19 51
24 25 9 56
24 34 55 48
25 26 76 14
26 27 84 13
27 37 54 43
28 29 0 93
29 39 6 94
30 40 2 70
31 32 0 81
32 42 30 53
33 43 89 9
34 44 55 41
35 45 13 58
36 46 60 38
37 38 39 39
37 47 38 53
38 39 81 11
38 48 84 13
40 41 18 72
40 50 45 70
41 42 5 88
41 51 72 30
42 43 28 64
43 44 41 43
45 55 97 12
46 47 84 14
46 56 43 43
48 49 43 34
49 59 12 55
50 60 41 57
51 61 16 59
52 62 41 39
53 54 36 46
53 63 14 55
54 55 12 84
54 64 12 55
57 58 41 57
58 68 30 57
59 69 9 58
61 62 5 92
61 71 93 17
62 63 17 70
63 73 20 66
65 75 34 43
66 76 3 65
67 68 37 60
67 77 44 56
68 69 11 72
69 79 86 16
70 71 46 40
70 80 71 42
72 82 10 63
73 74 27 52
73 83 40 49
74 75 42 48
74 84 6 73
75 85 20 52
76 77 48 34
76 86 1 75
78 79 40 45
79 89 23 47
80 81 53 30
81 91 38 49
82 83 20 52
83 93 20 49
86 87 64 28
86 96 10 70
87 88 45 65
89 99 45 42
90 91 5 83
92 93 63 26
93 94 29 71
95 96 10 57
97 98 75 15
98 99 2 64
(3657, 4977)
