0
0
0 11 33 69
1 2 17 83
2 13 73 23
3 4 4 73
4 15 26 55
5 6 17 55
5 16 37 49
7 8 33 42
7 18 68 24
8 9 33 55
9 10 68 41
9 20 38 63
11 12 52 49
12 13 10 92
12 23 32 72
14 15 13 88
14 25 16 87
15 16 30 65
16 17 62 31
16 27 67 34
18 19 47 45
20 31 75 16
21 32 43 62
22 33 23 56
23 24 71 29
23 34 77 24
24 25 8 66
25 36 73 26
26 27 66 27
27 28 2 98
27 38 92 16
29 30 19 53
29 40 62 26
31 32 44 52
31 42 9 84
33 34 55 31
34 35 96 18
36 37 15 85
38 39 67 32
39 40 25 72
40 41 17 70
41 42 17 62
42 43 70 25
(1802, 2225)
