92
0.92
0 12 39 51
1 2 56 43
2 3 66 24
3 4 9 68
3 15 43 41
5 6 11 73
6 18 11 82
7 8 21 78
7 19 0 96
8 9 27 50
9 10 18 57
9 21 57 35
10 11 6 59
10 22 8 63
12 13 15 86
13 14 17 88
13 25 2 90
15 16 37 54
16 28 24 63
17 18 8 66
18 19 31 72
18 30 28 55
20 21 31 69
21 33 96 3
22 23 6 73
24 25 4 76
25 26 12 65
25 37 39 50
26 38 35 71
27 28 20 75
27 39 13 67
28 29 27 44
28 40 27 63
29 30 29 69
29 41 35 47
30 31 16 63
32 33 58 40
32 44 97 4
33 34 21 67
33 45 17 55
34 35 17 77
34 46 50 39
35 47 5 91
36 37 39 49
38 39 85 18
41 42 54 27
43 44 25 76
(1392, 2772)
