1
0.01
0 1 77 36
0 26 19 57
1 27 44 42
2 3 18 81
2 28 30 56
3 29 49 35
4 30 27 67
5 31 2 76
6 7 55 42
6 32 28 71
7 33 47 45
8 34 54 58
9 10 26 50
9 35 29 61
10 11 48 53
11 12 52 52
12 13 14 86
12 38 94 13
13 14 26 60
14 15 39 55
14 40 8 93
15 16 9 87
15 41 20 58
16 17 60 27
16 42 77 24
17 43 94 7
18 19 43 45
19 20 3 97
19 45 6 62
20 21 0 62
21 22 16 82
22 23 41 47
22 48 28 56
23 24 7 65
24 25 2 60
24 50 0 72
27 28 6 78
29 30 9 61
30 31 49 32
31 32 80 44
33 34 77 26
34 35 67 23
35 36 5 81
36 37 1 70
39 40 24 51
43 44 38 40
44 45 73 28
45 46 53 59
47 48 18 61
48 49 89 7
50 51 56 30
(1837, 2731)
