1
0.01
0 11 30 59
1 2 28 68
1 12 37 40
2 3 19 65
2 13 61 32
3 4 47 47
4 5 9 72
5 16 14 80
6 7 28 43
7 8 38 38
8 9 7 67
9 20 46 56
10 21 22 67
11 12 29 57
12 23 49 60
13 14 40 58
14 25 2 89
15 26 19 78
16 17 27 52
16 27 50 30
17 18 18 51
19 30 40 44
20 31 53 32
21 32 2 72
22 33 52 38
24 35 30 58
25 36 85 15
26 27 40 44
27 28 46 43
27 38 1 85
28 29 53 30
28 39 51 36
29 30 36 44
31 32 55 28
31 42 12 82
33 34 29 68
33 44 60 36
35 46 9 91
36 37 44 45
37 48 17 51
38 49 8 63
39 40 41 51
39 50 30 65
40 41 20 48
40 51 44 39
41 42 31 52
42 43 97 21
42 53 33 64
43 54 24 50
44 45 71 19
45 46 28 72
46 47 47 55
47 48 63 28
52 53 36 66
(1908, 2844)
