0
0
0 1 71 27
0 29 72 17
2 3 60 42
2 31 86 30
3 4 12 69
3 32 34 42
4 5 46 45
4 33 43 40
5 34 14 63
6 7 11 69
7 8 1 79
7 36 8 74
8 9 23 67
8 37 37 41
9 10 18 65
10 11 17 81
10 39 10 56
12 13 28 44
12 41 29 62
13 14 31 56
13 42 37 42
14 15 14 55
15 16 36 65
16 17 83 10
17 18 64 38
17 46 57 51
18 19 58 58
19 20 58 36
19 48 38 38
20 49 1 86
21 50 59 56
22 51 76 25
23 24 5 83
23 52 74 23
24 25 21 48
25 54 12 55
26 55 8 63
27 28 68 38
27 56 56 44
28 57 0 94
29 30 32 57
30 31 88 22
34 35 15 80
35 36 88 10
37 38 46 43
39 40 25 50
40 41 41 46
42 43 23 52
43 44 92 9
45 46 17 52
47 48 69 18
49 50 33 59
50 51 4 76
51 52 46 71
52 53 25 56
54 55 69 36
55 56 94 6
(2283, 2820)
