0
0
0 10 60 34
1 2 70 20
2 3 22 66
3 13 9 77
4 5 4 62
5 6 20 47
6 16 24 71
7 8 51 34
8 9 5 93
9 19 53 44
10 11 28 55
11 12 26 59
12 13 49 35
13 14 50 32
13 23 36 46
14 15 23 72
16 17 64 27
17 18 52 46
17 27 27 54
18 19 32 66
18 28 20 72
20 21 11 65
20 30 30 51
21 22 53 30
21 31 1 68
22 23 68 21
23 24 2 73
24 25 77 15
24 34 2 66
25 26 57 26
26 27 44 42
29 39 10 85
31 32 55 27
31 41 71 19
32 33 22 51
34 35 23 57
35 36 18 68
35 45 69 29
36 37 27 48
36 46 23 55
37 38 8 61
38 39 20 76
38 48 8 87
39 49 51 59
40 41 94 12
40 50 17 79
41 42 20 65
42 43 37 56
43 44 56 26
43 53 24 48
45 55 37 39
47 48 20 68
47 57 27 65
48 58 38 58
49 59 23 60
51 52 37 45
52 53 50 41
53 54 38 48
55 56 80 33
(2073, 3034)
