0
0
0 1 73 31
1 2 0 97
1 22 56 44
2 23 80 24
3 4 33 46
3 24 11 83
5 6 27 61
5 26 51 45
6 7 57 47
6 27 44 41
7 8 52 33
8 9 82 27
8 29 48 47
10 11 33 66
10 31 43 45
12 13 30 61
12 33 6 62
13 34 0 96
14 15 18 71
14 35 49 37
15 16 45 45
16 17 18 59
16 37 68 23
17 38 83 12
18 19 52 28
18 39 22 54
19 20 4 72
19 40 17 57
21 22 14 80
22 43 3 87
23 24 61 36
24 25 48 35
24 45 9 61
25 26 29 60
27 48 59 49
28 29 6 68
28 49 37 55
29 30 40 55
31 52 40 56
32 53 71 31
33 54 35 51
34 35 45 50
34 55 47 32
35 36 46 54
38 59 34 45
40 41 76 23
41 62 2 89
42 43 39 38
44 45 74 18
45 46 18 81
46 47 8 58
49 50 6 76
50 51 59 40
51 52 22 85
52 53 78 21
53 54 67 40
56 57 20 71
57 58 1 60
58 59 41 45
59 60 89 10
60 61 90 6
61 62 6 78
(2422, 3158)
