153
1.53
0 11 11 65
1 12 6 76
2 3 12 54
2 13 4 68
3 4 47 49
4 5 54 46
4 15 32 42
6 17 7 58
7 8 10 57
7 18 0 70
8 9 42 68
10 21 66 25
11 22 71 23
12 13 1 66
13 24 12 77
14 25 32 45
15 16 29 64
15 26 93 5
17 18 22 64
18 19 49 34
18 29 22 55
19 20 50 33
19 30 26 47
20 21 3 65
20 31 16 70
21 32 7 74
22 23 76 17
23 34 11 83
24 35 39 51
25 36 1 63
26 27 60 31
28 29 8 68
29 40 81 11
31 42 30 47
32 43 37 50
33 44 70 28
34 35 4 87
35 36 64 27
35 46 63 37
36 37 19 82
36 47 34 42
37 38 25 52
37 48 0 59
38 39 34 40
40 51 2 72
41 42 22 71
42 53 37 61
44 45 26 55
44 55 16 52
45 46 35 51
46 57 24 67
48 49 24 55
48 59 42 46
49 50 36 54
51 52 49 42
52 63 22 68
54 65 1 88
55 56 19 69
57 58 7 88
59 60 35 57
60 61 40 47
61 62 9 76
62 63 20 66
63 64 12 63
64 65 19 72
(1877, 3595)
