1
0.01
0 1 16 58
0 34 71 27
2 3 12 55
2 36 34 54
3 4 44 34
3 37 43 42
5 6 1 77
6 7 5 87
6 40 27 60
7 8 62 25
7 41 47 43
9 10 20 55
9 43 26 49
10 11 22 65
11 45 21 57
12 13 35 69
12 46 20 67
13 47 5 80
14 15 77 19
15 16 9 80
15 49 10 69
16 17 13 68
17 18 11 68
18 52 56 50
19 53 44 48
20 21 43 41
20 54 74 29
21 22 93 35
21 55 7 72
22 23 44 52
23 24 20 50
24 25 1 81
24 58 12 72
25 26 37 57
25 59 0 77
26 27 28 70
27 28 2 73
27 61 5 57
28 29 19 61
28 62 2 84
29 63 72 34
30 64 75 34
31 32 87 21
31 65 24 77
32 33 49 58
34 35 2 96
35 36 29 69
37 38 37 40
38 39 6 59
39 40 7 74
41 42 95 16
42 43 34 49
43 44 17 51
45 46 59 50
47 48 89 15
48 49 77 17
49 50 59 26
50 51 64 35
52 53 11 87
53 54 61 42
56 57 14 54
57 58 20 65
60 61 44 41
63 64 55 57
64 65 58 53
65 66 94 4
66 67 93 16
(2450, 3557)
