0
0
0 10 32 48
1 11 41 51
2 3 64 35
3 4 92 8
4 5 35 46
4 14 29 50
5 6 12 67
7 17 3 87
8 9 10 80
9 19 85 19
10 20 5 89
11 12 28 61
11 21 50 44
12 13 89 9
14 15 26 52
14 24 42 40
16 17 8 74
16 26 14 83
18 19 29 54
18 28 26 71
19 29 5 71
20 21 63 42
20 30 36 52
21 22 52 35
21 31 26 68
22 23 28 56
23 24 56 31
23 33 10 85
24 25 51 42
25 26 19 53
26 27 54 31
27 28 36 46
27 37 67 20
29 39 26 73
31 41 69 44
32 42 11 62
34 35 17 67
35 36 2 67
35 45 67 20
36 37 13 60
36 46 75 19
37 38 6 78
39 49 77 21
40 41 84 10
40 50 20 51
42 43 31 58
42 52 9 58
44 45 25 63
45 55 33 59
46 47 14 60
48 58 15 57
49 59 9 58
50 51 13 86
50 60 48 62
52 53 26 48
53 54 16 78
53 63 30 50
54 55 26 49
56 57 3 97
56 66 57 44
57 58 86 9
58 59 18 70
58 68 62 37
59 69 16 58
61 62 0 91
62 63 35 45
63 64 35 51
64 65 32 45
67 68 88 8
(2417, 3613)
