1
0.01
0 15 56 33
1 16 1 95
2 3 95 7
3 18 11 83
4 19 18 53
5 6 46 35
6 21 70 20
7 22 28 44
8 9 21 76
8 23 4 63
9 10 60 26
10 11 50 41
10 25 34 44
12 27 36 44
13 14 29 53
13 28 76 26
15 16 33 66
16 17 39 55
16 31 14 71
17 18 3 92
17 32 8 56
18 19 25 56
19 20 37 39
20 35 75 16
21 22 8 57
21 36 10 73
22 23 11 71
23 38 20 71
24 25 33 65
24 39 23 47
26 27 73 34
27 28 61 42
28 29 40 47
28 43 22 63
29 44 40 49
30 31 72 33
30 45 63 32
31 46 24 51
32 33 30 42
34 49 2 84
35 36 31 59
35 50 46 45
37 38 15 59
38 53 2 71
39 40 58 31
40 41 63 25
40 55 70 20
41 42 1 87
42 57 15 76
44 59 33 51
45 60 34 77
46 47 14 54
46 61 2 90
47 48 47 33
48 63 37 39
49 50 46 32
50 51 17 57
52 53 3 66
53 54 30 68
54 69 10 79
55 56 71 21
57 72 41 64
58 59 29 47
59 74 18 57
62 63 1 71
63 64 68 24
64 65 37 67
65 66 9 68
66 67 33 58
68 69 56 37
69 70 0 62
71 72 6 63
72 73 64 37
73 74 0 76
(2408, 3926)
