1
0.01
0 11 16 65
1 12 43 41
2 13 66 35
3 14 62 24
4 5 60 46
4 15 64 47
5 6 1 70
7 8 48 54
7 18 20 50
8 9 44 39
8 19 12 54
9 10 1 70
10 21 48 37
11 22 57 43
12 23 3 97
13 14 24 71
13 24 8 67
15 16 14 76
15 26 33 54
16 17 1 60
18 29 4 76
20 31 10 73
21 32 36 50
22 23 29 68
23 34 12 66
24 25 48 40
24 35 51 38
25 26 32 65
27 38 28 61
28 29 50 32
28 39 63 33
29 40 42 53
30 41 18 85
31 32 26 59
32 43 2 78
33 34 6 56
33 44 14 53
34 35 3 96
35 36 52 37
36 37 10 68
37 38 12 62
37 48 8 58
38 39 9 83
38 49 5 65
40 41 37 56
41 52 13 88
42 43 24 81
43 54 59 44
44 45 4 71
44 55 61 31
46 57 5 88
47 58 16 81
49 60 16 78
50 51 74 25
50 61 11 54
51 52 79 25
51 62 37 45
53 54 1 77
55 56 77 18
55 66 15 78
56 67 59 51
57 68 58 29
58 59 60 26
58 69 28 45
59 70 43 41
60 71 33 66
62 73 87 12
63 64 66 36
63 74 51 36
64 65 40 39
64 75 23 76
68 69 98 2
70 71 58 40
71 72 34 53
73 74 16 76
75 76 46 55
(2524, 4178)
