0
0
0 1 41 44
1 2 77 18
2 12 92 8
3 4 39 58
3 13 44 50
5 15 73 23
6 16 54 39
7 8 62 26
8 9 10 56
8 18 22 51
9 19 33 63
10 20 44 56
11 12 24 74
12 22 33 52
13 14 14 69
13 23 67 33
14 15 51 31
14 24 29 62
16 17 15 53
16 26 59 33
17 18 10 60
18 28 5 60
19 29 34 55
20 21 25 45
20 30 25 55
21 22 16 62
22 23 6 88
22 32 58 32
24 34 16 73
25 26 37 54
27 28 76 18
27 37 38 55
29 39 31 73
30 40 4 83
31 32 19 68
31 41 79 14
33 34 23 48
34 35 25 51
35 45 47 33
36 37 77 13
37 47 68 25
38 39 82 13
40 50 11 58
41 42 30 63
42 43 19 50
42 52 2 79
44 45 38 46
44 54 39 38
45 46 48 44
46 47 75 17
47 48 42 58
48 49 33 51
51 52 8 55
51 61 41 51
52 53 24 77
52 62 36 52
54 55 94 10
55 56 33 40
57 58 77 18
57 67 42 52
59 69 17 85
60 61 78 31
61 71 19 60
62 63 89 8
62 72 70 25
63 64 45 38
63 73 57 37
65 75 4 90
66 67 33 52
66 76 63 28
67 68 0 90
68 69 51 55
68 78 25 61
70 71 25 59
73 74 11 76
74 75 45 41
75 76 11 57
76 77 67 24
78 79 26 61
(3112, 3814)
