0
0
0 1 70 26
0 41 18 82
1 2 8 69
1 42 36 40
2 3 87 15
2 43 22 63
3 44 47 42
4 5 13 81
5 6 79 23
5 46 33 51
6 7 0 97
6 47 28 57
7 8 17 78
8 9 94 9
8 49 92 11
10 11 14 75
11 12 3 66
12 13 16 57
13 14 14 89
13 54 82 11
14 15 48 52
14 55 46 53
16 17 23 66
17 18 97 2
17 58 61 36
18 19 95 10
18 59 84 12
19 20 77 24
20 61 74 18
21 22 65 42
21 62 66 45
22 23 6 89
22 63 1 90
24 65 19 52
25 26 13 78
26 27 55 38
26 67 65 22
27 28 95 15
28 29 17 77
28 69 83 24
29 30 39 38
29 70 34 67
30 31 14 54
30 71 49 30
31 32 27 79
32 33 61 59
32 73 96 13
33 34 38 62
33 74 80 30
34 35 8 86
34 75 99 26
35 36 40 52
35 76 22 82
36 37 19 86
37 38 27 72
38 39 49 43
39 40 83 38
39 80 43 43
40 81 75 19
44 45 33 49
45 46 78 16
48 49 59 55
49 50 2 75
50 51 54 50
51 52 29 55
52 53 77 18
53 54 26 66
55 56 98 8
56 57 81 13
57 58 33 78
60 61 8 78
61 62 22 63
63 64 32 65
64 65 46 33
65 66 27 71
66 67 86 37
68 69 63 41
71 72 65 36
76 77 26 74
78 79 18 69
79 80 20 74
(3749, 3990)
