0
0
0 1 29 63
1 2 69 21
1 11 21 77
2 12 32 66
3 13 1 92
4 5 43 52
5 15 2 78
6 16 73 28
7 8 23 54
8 9 6 90
9 19 93 7
10 20 38 65
11 21 60 26
13 14 42 40
14 15 16 65
15 16 70 18
16 17 65 23
17 18 31 66
17 27 41 52
18 19 66 25
20 30 56 44
21 22 51 43
21 31 38 53
23 24 21 59
24 25 7 67
24 34 48 45
25 35 3 86
26 27 10 76
26 36 41 46
27 37 15 64
28 29 71 20
28 38 12 72
30 31 19 77
30 40 44 34
31 32 45 52
32 33 2 89
32 42 45 37
33 34 67 22
35 36 39 40
35 45 85 12
37 38 40 41
39 49 67 32
40 41 49 43
40 50 5 85
41 51 66 37
43 53 23 53
44 45 41 40
44 54 62 29
45 55 30 51
46 47 77 24
47 57 3 95
48 49 9 90
49 59 24 53
51 61 48 45
52 62 22 53
53 54 9 59
54 64 22 63
55 56 79 13
57 58 22 72
57 67 38 38
59 69 1 93
60 61 3 71
60 70 21 85
61 62 17 67
62 63 69 19
62 72 32 49
64 65 15 65
65 66 20 49
66 67 42 44
67 77 70 18
68 69 25 58
68 78 66 27
69 79 3 63
71 72 20 73
72 73 32 56
73 83 59 28
74 84 51 45
75 76 21 58
75 85 1 61
76 86 20 61
77 87 16 50
78 88 15 70
80 81 30 76
81 82 45 60
82 83 88 18
83 84 79 20
86 87 28 45
87 88 24 55
88 89 61 30
(3250, 4576)
