1
0.01
0 31 12 90
1 2 71 17
1 32 30 64
2 33 3 80
3 4 14 75
4 5 53 58
4 35 11 74
6 7 86 25
7 38 95 14
8 9 9 68
9 10 7 77
10 11 70 26
11 42 25 54
12 13 88 7
12 43 6 67
13 14 45 54
14 15 39 59
15 46 2 69
16 17 31 41
16 47 6 69
18 49 6 77
19 20 42 37
20 21 69 32
21 52 90 13
22 23 23 75
23 24 85 12
23 54 21 48
24 25 27 71
24 55 10 64
25 26 31 79
26 27 47 46
26 57 7 72
28 59 31 75
29 30 21 70
30 61 6 75
31 62 41 66
33 64 8 83
34 65 42 46
35 36 62 40
36 37 95 7
36 67 29 79
38 39 58 27
39 40 31 65
39 70 7 70
41 42 63 34
41 72 38 47
42 43 23 59
43 44 16 69
43 74 4 80
44 45 43 52
45 76 83 26
46 47 48 31
47 48 34 78
48 49 57 35
49 50 74 21
50 51 17 85
50 81 49 52
51 52 65 39
52 53 64 22
52 83 61 27
53 84 54 30
54 85 66 30
56 57 58 28
57 58 0 67
58 89 50 49
59 60 35 61
60 61 18 65
61 92 16 49
62 63 97 4
63 64 0 86
64 65 61 33
65 66 44 40
66 67 7 68
67 68 7 77
68 69 19 59
69 70 24 75
70 71 39 57
71 72 13 74
72 73 13 53
74 75 34 52
76 77 46 38
77 78 83 11
79 80 34 58
80 81 83 10
82 83 1 78
84 85 55 32
85 86 89 9
87 88 31 56
88 89 24 51
89 90 14 78
90 91 19 76
91 92 13 84
(3478, 4812)
