11651
116.51
Arvore 1
0 1 6 6
0 2 0 94
0 8 7 12
0 9 9 7
1 4 6 14
1 7 11 6
3 5 15 8
3 6 8 6
3 7 7 10
(69, 163)

Arvore 2
0 1 6 6
0 2 0 94
0 8 7 12
0 9 9 7
1 4 6 14
1 7 11 6
3 6 8 6
3 7 7 10
5 8 8 12
(62, 167)

Arvore 3
0 1 6 6
0 2 0 94
0 8 7 12
0 9 9 7
1 4 6 14
1 7 11 6
3 6 8 6
3 7 7 10
5 9 14 9
(68, 164)

Arvore 4
0 1 6 6
0 2 0 94
0 9 9 7
1 4 6 14
1 7 11 6
3 5 15 8
3 6 8 6
3 7 7 10
4 8 8 8
(70, 159)

Arvore 5
0 1 6 6
0 2 0 94
0 9 9 7
1 4 6 14
1 7 11 6
3 6 8 6
3 7 7 10
4 8 8 8
5 8 8 12
(63, 163)

Arvore 6
0 1 6 6
0 2 0 94
0 9 9 7
1 4 6 14
1 7 11 6
3 6 8 6
3 7 7 10
4 8 8 8
5 9 14 9
(69, 160)

Arvore 7
0 1 6 6
0 2 0 94
0 9 9 7
1 4 6 14
1 6 8 9
1 7 11 6
3 5 15 8
3 6 8 6
4 8 8 8
(71, 158)

Arvore 8
0 1 6 6
0 2 0 94
0 9 9 7
1 4 6 14
1 6 8 9
1 7 11 6
3 6 8 6
4 8 8 8
5 8 8 12
(64, 162)

Arvore 9
0 1 6 6
0 2 0 94
0 9 9 7
1 4 6 14
1 6 8 9
1 7 11 6
3 6 8 6
4 8 8 8
5 9 14 9
(70, 159)

Arvore 10
0 1 6 6
0 2 0 94
0 9 9 7
1 4 6 14
1 7 11 6
3 5 15 8
3 6 8 6
4 8 8 8
6 8 11 8
(74, 157)

Arvore 11
0 1 6 6
0 2 0 94
0 9 9 7
1 4 6 14
1 7 11 6
3 6 8 6
4 8 8 8
5 8 8 12
6 8 11 8
(67, 161)

Arvore 12
0 1 6 6
0 2 0 94
0 9 9 7
1 4 6 14
1 7 11 6
3 6 8 6
4 8 8 8
5 9 14 9
6 8 11 8
(73, 158)

Arvore 13
0 1 6 6
0 2 0 94
0 8 7 12
0 9 9 7
1 7 11 6
3 5 15 8
3 6 8 6
3 7 7 10
4 8 8 8
(71, 157)

Arvore 14
0 1 6 6
0 2 0 94
0 8 7 12
0 9 9 7
1 7 11 6
3 6 8 6
3 7 7 10
4 8 8 8
5 8 8 12
(64, 161)

Arvore 15
0 1 6 6
0 2 0 94
0 8 7 12
0 9 9 7
1 7 11 6
3 6 8 6
3 7 7 10
4 8 8 8
5 9 14 9
(70, 158)

Arvore 16
0 1 6 6
0 2 0 94
0 9 9 7
1 7 11 6
3 5 15 8
3 6 8 6
3 7 7 10
3 8 8 10
4 8 8 8
(72, 155)

Arvore 17
0 1 6 6
0 2 0 94
0 9 9 7
1 7 11 6
3 6 8 6
3 7 7 10
3 8 8 10
4 8 8 8
5 8 8 12
(65, 159)

Arvore 18
0 1 6 6
0 2 0 94
0 9 9 7
1 7 11 6
3 6 8 6
3 7 7 10
3 8 8 10
4 8 8 8
5 9 14 9
(71, 156)

Arvore 19
0 1 6 6
0 2 0 94
0 9 9 7
1 7 11 6
3 5 15 8
3 6 8 6
3 7 7 10
4 8 8 8
6 8 11 8
(75, 153)

Arvore 20
0 1 6 6
0 2 0 94
0 9 9 7
1 7 11 6
3 6 8 6
3 7 7 10
4 8 8 8
5 8 8 12
6 8 11 8
(68, 157)

Arvore 21
0 1 6 6
0 2 0 94
0 9 9 7
1 7 11 6
3 6 8 6
3 7 7 10
4 8 8 8
5 9 14 9
6 8 11 8
(74, 154)

Arvore 22
0 1 6 6
0 2 0 94
0 8 7 12
0 9 9 7
1 6 8 9
1 7 11 6
3 5 15 8
3 6 8 6
4 8 8 8
(72, 156)

Arvore 23
0 1 6 6
0 2 0 94
0 8 7 12
0 9 9 7
1 6 8 9
1 7 11 6
3 6 8 6
4 8 8 8
5 8 8 12
(65, 160)

Arvore 24
0 1 6 6
0 2 0 94
0 8 7 12
0 9 9 7
1 6 8 9
1 7 11 6
3 6 8 6
4 8 8 8
5 9 14 9
(71, 157)

Arvore 25
0 1 6 6
0 2 0 94
0 9 9 7
1 6 8 9
1 7 11 6
3 5 15 8
3 6 8 6
3 8 8 10
4 8 8 8
(73, 154)

Arvore 26
0 1 6 6
0 2 0 94
0 9 9 7
1 6 8 9
1 7 11 6
3 6 8 6
3 8 8 10
4 8 8 8
5 8 8 12
(66, 158)

Arvore 27
0 1 6 6
0 2 0 94
0 9 9 7
1 6 8 9
1 7 11 6
3 6 8 6
3 8 8 10
4 8 8 8
5 9 14 9
(72, 155)

Arvore 28
0 1 6 6
0 2 0 94
0 9 9 7
1 6 8 9
1 7 11 6
3 5 15 8
3 6 8 6
4 8 8 8
6 8 11 8
(76, 152)

Arvore 29
0 1 6 6
0 2 0 94
0 9 9 7
1 6 8 9
1 7 11 6
3 6 8 6
4 8 8 8
5 8 8 12
6 8 11 8
(69, 156)

Arvore 30
0 1 6 6
0 2 0 94
0 9 9 7
1 6 8 9
1 7 11 6
3 6 8 6
4 8 8 8
5 9 14 9
6 8 11 8
(75, 153)

Arvore 31
0 1 6 6
0 2 0 94
0 8 7 12
0 9 9 7
1 6 8 9
3 5 15 8
3 6 8 6
3 7 7 10
4 8 8 8
(68, 160)

Arvore 32
0 1 6 6
0 2 0 94
0 8 7 12
0 9 9 7
1 6 8 9
3 6 8 6
3 7 7 10
4 8 8 8
5 8 8 12
(61, 164)

Arvore 33
0 1 6 6
0 2 0 94
0 8 7 12
0 9 9 7
1 6 8 9
3 6 8 6
3 7 7 10
4 8 8 8
5 9 14 9
(67, 161)

Arvore 34
0 1 6 6
0 2 0 94
0 9 9 7
1 4 6 14
1 6 8 9
3 5 15 8
3 6 8 6
3 7 7 10
4 8 8 8
(67, 162)

Arvore 35
0 1 6 6
0 2 0 94
0 9 9 7
1 4 6 14
1 6 8 9
3 6 8 6
3 7 7 10
4 8 8 8
5 8 8 12
(60, 166)

Arvore 36
0 1 6 6
0 2 0 94
0 9 9 7
1 4 6 14
1 6 8 9
3 6 8 6
3 7 7 10
4 8 8 8
5 9 14 9
(66, 163)

Arvore 37
0 1 6 6
0 2 0 94
0 9 9 7
1 6 8 9
3 5 15 8
3 6 8 6
3 7 7 10
3 8 8 10
4 8 8 8
(69, 158)

Arvore 38
0 1 6 6
0 2 0 94
0 9 9 7
1 6 8 9
3 6 8 6
3 7 7 10
3 8 8 10
4 8 8 8
5 8 8 12
(62, 162)

Arvore 39
0 1 6 6
0 2 0 94
0 9 9 7
1 6 8 9
3 6 8 6
3 7 7 10
3 8 8 10
4 8 8 8
5 9 14 9
(68, 159)

Arvore 40
0 1 6 6
0 2 0 94
0 9 9 7
1 6 8 9
3 5 15 8
3 6 8 6
3 7 7 10
4 8 8 8
6 8 11 8
(72, 156)

Arvore 41
0 1 6 6
0 2 0 94
0 9 9 7
1 6 8 9
3 6 8 6
3 7 7 10
4 8 8 8
5 8 8 12
6 8 11 8
(65, 160)

Arvore 42
0 1 6 6
0 2 0 94
0 9 9 7
1 6 8 9
3 6 8 6
3 7 7 10
4 8 8 8
5 9 14 9
6 8 11 8
(71, 157)

Arvore 43
0 1 6 6
0 2 0 94
0 8 7 12
0 9 9 7
3 5 15 8
3 6 8 6
3 7 7 10
4 8 8 8
7 9 6 11
(66, 162)

Arvore 44
0 1 6 6
0 2 0 94
0 8 7 12
0 9 9 7
3 6 8 6
3 7 7 10
4 8 8 8
5 8 8 12
7 9 6 11
(59, 166)

Arvore 45
0 1 6 6
0 2 0 94
0 8 7 12
0 9 9 7
3 6 8 6
3 7 7 10
4 8 8 8
5 9 14 9
7 9 6 11
(65, 163)

Arvore 46
0 1 6 6
0 2 0 94
0 9 9 7
1 4 6 14
3 5 15 8
3 6 8 6
3 7 7 10
4 8 8 8
7 9 6 11
(65, 164)

Arvore 47
0 1 6 6
0 2 0 94
0 9 9 7
1 4 6 14
3 6 8 6
3 7 7 10
4 8 8 8
5 8 8 12
7 9 6 11
(58, 168)

Arvore 48
0 1 6 6
0 2 0 94
0 9 9 7
1 4 6 14
3 6 8 6
3 7 7 10
4 8 8 8
5 9 14 9
7 9 6 11
(64, 165)

Arvore 49
0 1 6 6
0 2 0 94
0 9 9 7
3 5 15 8
3 6 8 6
3 7 7 10
3 8 8 10
4 8 8 8
7 9 6 11
(67, 160)

Arvore 50
0 1 6 6
0 2 0 94
0 9 9 7
3 6 8 6
3 7 7 10
3 8 8 10
4 8 8 8
5 8 8 12
7 9 6 11
(60, 164)

Arvore 51
0 1 6 6
0 2 0 94
0 9 9 7
3 6 8 6
3 7 7 10
3 8 8 10
4 8 8 8
5 9 14 9
7 9 6 11
(66, 161)

Arvore 52
0 1 6 6
0 2 0 94
0 9 9 7
3 5 15 8
3 6 8 6
3 7 7 10
4 8 8 8
6 8 11 8
7 9 6 11
(70, 158)

Arvore 53
0 1 6 6
0 2 0 94
0 9 9 7
3 6 8 6
3 7 7 10
4 8 8 8
5 8 8 12
6 8 11 8
7 9 6 11
(63, 162)

Arvore 54
0 1 6 6
0 2 0 94
0 9 9 7
3 6 8 6
3 7 7 10
4 8 8 8
5 9 14 9
6 8 11 8
7 9 6 11
(69, 159)

Arvore 55
0 1 6 6
0 2 0 94
0 8 7 12
0 9 9 7
1 4 6 14
3 5 15 8
3 6 8 6
3 7 7 10
7 9 6 11
(64, 168)

Arvore 56
0 1 6 6
0 2 0 94
0 8 7 12
0 9 9 7
1 4 6 14
3 6 8 6
3 7 7 10
5 8 8 12
7 9 6 11
(57, 172)

Arvore 57
0 1 6 6
0 2 0 94
0 8 7 12
0 9 9 7
1 4 6 14
3 6 8 6
3 7 7 10
5 9 14 9
7 9 6 11
(63, 169)

Arvore 58
0 1 6 6
0 2 0 94
0 8 7 12
0 9 9 7
1 6 8 9
3 5 15 8
3 6 8 6
4 8 8 8
7 9 6 11
(67, 161)

Arvore 59
0 1 6 6
0 2 0 94
0 8 7 12
0 9 9 7
1 6 8 9
3 6 8 6
4 8 8 8
5 8 8 12
7 9 6 11
(60, 165)

Arvore 60
0 1 6 6
0 2 0 94
0 8 7 12
0 9 9 7
1 6 8 9
3 6 8 6
4 8 8 8
5 9 14 9
7 9 6 11
(66, 162)

Arvore 61
0 1 6 6
0 2 0 94
0 9 9 7
1 4 6 14
1 6 8 9
3 5 15 8
3 6 8 6
4 8 8 8
7 9 6 11
(66, 163)

Arvore 62
0 1 6 6
0 2 0 94
0 9 9 7
1 4 6 14
1 6 8 9
3 6 8 6
4 8 8 8
5 8 8 12
7 9 6 11
(59, 167)

Arvore 63
0 1 6 6
0 2 0 94
0 9 9 7
1 4 6 14
1 6 8 9
3 6 8 6
4 8 8 8
5 9 14 9
7 9 6 11
(65, 164)

Arvore 64
0 1 6 6
0 2 0 94
0 9 9 7
1 6 8 9
3 5 15 8
3 6 8 6
3 8 8 10
4 8 8 8
7 9 6 11
(68, 159)

Arvore 65
0 1 6 6
0 2 0 94
0 9 9 7
1 6 8 9
3 6 8 6
3 8 8 10
4 8 8 8
5 8 8 12
7 9 6 11
(61, 163)

Arvore 66
0 1 6 6
0 2 0 94
0 9 9 7
1 6 8 9
3 6 8 6
3 8 8 10
4 8 8 8
5 9 14 9
7 9 6 11
(67, 160)

Arvore 67
0 1 6 6
0 2 0 94
0 9 9 7
1 6 8 9
3 5 15 8
3 6 8 6
4 8 8 8
6 8 11 8
7 9 6 11
(71, 157)

Arvore 68
0 1 6 6
0 2 0 94
0 9 9 7
1 6 8 9
3 6 8 6
4 8 8 8
5 8 8 12
6 8 11 8
7 9 6 11
(64, 161)

Arvore 69
0 1 6 6
0 2 0 94
0 9 9 7
1 6 8 9
3 6 8 6
4 8 8 8
5 9 14 9
6 8 11 8
7 9 6 11
(70, 158)

Arvore 70
0 1 6 6
0 2 0 94
0 9 9 7
1 4 6 14
3 5 15 8
3 6 8 6
4 8 8 8
6 8 11 8
7 9 6 11
(69, 162)

Arvore 71
0 1 6 6
0 2 0 94
0 9 9 7
1 4 6 14
3 6 8 6
4 8 8 8
5 8 8 12
6 8 11 8
7 9 6 11
(62, 166)

Arvore 72
0 1 6 6
0 2 0 94
0 9 9 7
1 4 6 14
3 6 8 6
4 8 8 8
5 9 14 9
6 8 11 8
7 9 6 11
(68, 163)

Arvore 73
0 1 6 6
0 2 0 94
0 8 7 12
1 4 6 14
1 7 11 6
2 9 13 6
3 5 15 8
3 6 8 6
3 7 7 10
(73, 162)

Arvore 74
0 1 6 6
0 2 0 94
0 8 7 12
1 4 6 14
1 7 11 6
2 9 13 6
3 6 8 6
3 7 7 10
5 8 8 12
(66, 166)

Arvore 75
0 1 6 6
0 2 0 94
0 8 7 12
1 4 6 14
1 7 11 6
2 9 13 6
3 6 8 6
3 7 7 10
5 9 14 9
(72, 163)

Arvore 76
0 1 6 6
0 2 0 94
1 4 6 14
1 7 11 6
2 9 13 6
3 5 15 8
3 6 8 6
3 7 7 10
4 8 8 8
(74, 158)

Arvore 77
0 1 6 6
0 2 0 94
1 4 6 14
1 7 11 6
2 9 13 6
3 6 8 6
3 7 7 10
4 8 8 8
5 8 8 12
(67, 162)

Arvore 78
0 1 6 6
0 2 0 94
1 4 6 14
1 7 11 6
2 9 13 6
3 6 8 6
3 7 7 10
4 8 8 8
5 9 14 9
(73, 159)

Arvore 79
0 1 6 6
0 2 0 94
1 4 6 14
1 6 8 9
1 7 11 6
2 9 13 6
3 5 15 8
3 6 8 6
4 8 8 8
(75, 157)

Arvore 80
0 1 6 6
0 2 0 94
1 4 6 14
1 6 8 9
1 7 11 6
2 9 13 6
3 6 8 6
4 8 8 8
5 8 8 12
(68, 161)

Arvore 81
0 1 6 6
0 2 0 94
1 4 6 14
1 6 8 9
1 7 11 6
2 9 13 6
3 6 8 6
4 8 8 8
5 9 14 9
(74, 158)

Arvore 82
0 1 6 6
0 2 0 94
1 4 6 14
1 7 11 6
2 9 13 6
3 5 15 8
3 6 8 6
4 8 8 8
6 8 11 8
(78, 156)

Arvore 83
0 1 6 6
0 2 0 94
1 4 6 14
1 7 11 6
2 9 13 6
3 6 8 6
4 8 8 8
5 8 8 12
6 8 11 8
(71, 160)

Arvore 84
0 1 6 6
0 2 0 94
1 4 6 14
1 7 11 6
2 9 13 6
3 6 8 6
4 8 8 8
5 9 14 9
6 8 11 8
(77, 157)

Arvore 85
0 1 6 6
0 2 0 94
0 8 7 12
1 7 11 6
2 9 13 6
3 5 15 8
3 6 8 6
3 7 7 10
4 8 8 8
(75, 156)

Arvore 86
0 1 6 6
0 2 0 94
0 8 7 12
1 7 11 6
2 9 13 6
3 6 8 6
3 7 7 10
4 8 8 8
5 8 8 12
(68, 160)

Arvore 87
0 1 6 6
0 2 0 94
0 8 7 12
1 7 11 6
2 9 13 6
3 6 8 6
3 7 7 10
4 8 8 8
5 9 14 9
(74, 157)

Arvore 88
0 1 6 6
0 2 0 94
1 7 11 6
2 9 13 6
3 5 15 8
3 6 8 6
3 7 7 10
3 8 8 10
4 8 8 8
(76, 154)

Arvore 89
0 1 6 6
0 2 0 94
1 7 11 6
2 9 13 6
3 6 8 6
3 7 7 10
3 8 8 10
4 8 8 8
5 8 8 12
(69, 158)

Arvore 90
0 1 6 6
0 2 0 94
1 7 11 6
2 9 13 6
3 6 8 6
3 7 7 10
3 8 8 10
4 8 8 8
5 9 14 9
(75, 155)

Arvore 91
0 1 6 6
0 2 0 94
1 7 11 6
2 9 13 6
3 5 15 8
3 6 8 6
3 7 7 10
4 8 8 8
6 8 11 8
(79, 152)

Arvore 92
0 1 6 6
0 2 0 94
1 7 11 6
2 9 13 6
3 6 8 6
3 7 7 10
4 8 8 8
5 8 8 12
6 8 11 8
(72, 156)

Arvore 93
0 1 6 6
0 2 0 94
1 7 11 6
2 9 13 6
3 6 8 6
3 7 7 10
4 8 8 8
5 9 14 9
6 8 11 8
(78, 153)

Arvore 94
0 1 6 6
0 2 0 94
0 8 7 12
1 6 8 9
1 7 11 6
2 9 13 6
3 5 15 8
3 6 8 6
4 8 8 8
(76, 155)

Arvore 95
0 1 6 6
0 2 0 94
0 8 7 12
1 6 8 9
1 7 11 6
2 9 13 6
3 6 8 6
4 8 8 8
5 8 8 12
(69, 159)

Arvore 96
0 1 6 6
0 2 0 94
0 8 7 12
1 6 8 9
1 7 11 6
2 9 13 6
3 6 8 6
4 8 8 8
5 9 14 9
(75, 156)

Arvore 97
0 1 6 6
0 2 0 94
1 6 8 9
1 7 11 6
2 9 13 6
3 5 15 8
3 6 8 6
3 8 8 10
4 8 8 8
(77, 153)

Arvore 98
0 1 6 6
0 2 0 94
1 6 8 9
1 7 11 6
2 9 13 6
3 6 8 6
3 8 8 10
4 8 8 8
5 8 8 12
(70, 157)

Arvore 99
0 1 6 6
0 2 0 94
1 6 8 9
1 7 11 6
2 9 13 6
3 6 8 6
3 8 8 10
4 8 8 8
5 9 14 9
(76, 154)

Arvore 100
0 1 6 6
0 2 0 94
1 6 8 9
1 7 11 6
2 9 13 6
3 5 15 8
3 6 8 6
4 8 8 8
6 8 11 8
(80, 151)

Arvore 101
0 1 6 6
0 2 0 94
1 6 8 9
1 7 11 6
2 9 13 6
3 6 8 6
4 8 8 8
5 8 8 12
6 8 11 8
(73, 155)

Arvore 102
0 1 6 6
0 2 0 94
1 6 8 9
1 7 11 6
2 9 13 6
3 6 8 6
4 8 8 8
5 9 14 9
6 8 11 8
(79, 152)

Arvore 103
0 1 6 6
0 2 0 94
1 7 11 6
3 5 15 8
3 6 8 6
3 7 7 10
3 8 8 10
4 8 8 8
7 9 6 11
(69, 159)

Arvore 104
0 1 6 6
0 2 0 94
1 7 11 6
3 6 8 6
3 7 7 10
3 8 8 10
4 8 8 8
5 8 8 12
7 9 6 11
(62, 163)

Arvore 105
0 1 6 6
0 2 0 94
1 7 11 6
3 6 8 6
3 7 7 10
3 8 8 10
4 8 8 8
5 9 14 9
7 9 6 11
(68, 160)

Arvore 106
0 1 6 6
0 2 0 94
0 8 7 12
1 7 11 6
3 5 15 8
3 6 8 6
3 7 7 10
4 8 8 8
7 9 6 11
(68, 161)

Arvore 107
0 1 6 6
0 2 0 94
0 8 7 12
1 7 11 6
3 6 8 6
3 7 7 10
4 8 8 8
5 8 8 12
7 9 6 11
(61, 165)

Arvore 108
0 1 6 6
0 2 0 94
0 8 7 12
1 7 11 6
3 6 8 6
3 7 7 10
4 8 8 8
5 9 14 9
7 9 6 11
(67, 162)

Arvore 109
0 1 6 6
0 2 0 94
1 4 6 14
1 7 11 6
3 5 15 8
3 6 8 6
3 7 7 10
4 8 8 8
7 9 6 11
(67, 163)

Arvore 110
0 1 6 6
0 2 0 94
1 4 6 14
1 7 11 6
3 6 8 6
3 7 7 10
4 8 8 8
5 8 8 12
7 9 6 11
(60, 167)

Arvore 111
0 1 6 6
0 2 0 94
1 4 6 14
1 7 11 6
3 6 8 6
3 7 7 10
4 8 8 8
5 9 14 9
7 9 6 11
(66, 164)

Arvore 112
0 1 6 6
0 2 0 94
1 7 11 6
3 5 15 8
3 6 8 6
3 7 7 10
4 8 8 8
6 8 11 8
7 9 6 11
(72, 157)

Arvore 113
0 1 6 6
0 2 0 94
1 7 11 6
3 6 8 6
3 7 7 10
4 8 8 8
5 8 8 12
6 8 11 8
7 9 6 11
(65, 161)

Arvore 114
0 1 6 6
0 2 0 94
1 7 11 6
3 6 8 6
3 7 7 10
4 8 8 8
5 9 14 9
6 8 11 8
7 9 6 11
(71, 158)

Arvore 115
0 1 6 6
0 2 0 94
0 8 7 12
1 4 6 14
1 7 11 6
3 5 15 8
3 6 8 6
3 7 7 10
7 9 6 11
(66, 167)

Arvore 116
0 1 6 6
0 2 0 94
0 8 7 12
1 4 6 14
1 7 11 6
3 6 8 6
3 7 7 10
5 8 8 12
7 9 6 11
(59, 171)

Arvore 117
0 1 6 6
0 2 0 94
0 8 7 12
1 4 6 14
1 7 11 6
3 6 8 6
3 7 7 10
5 9 14 9
7 9 6 11
(65, 168)

Arvore 118
0 1 6 6
0 2 0 94
1 6 8 9
1 7 11 6
3 5 15 8
3 6 8 6
3 8 8 10
4 8 8 8
7 9 6 11
(70, 158)

Arvore 119
0 1 6 6
0 2 0 94
1 6 8 9
1 7 11 6
3 6 8 6
3 8 8 10
4 8 8 8
5 8 8 12
7 9 6 11
(63, 162)

Arvore 120
0 1 6 6
0 2 0 94
1 6 8 9
1 7 11 6
3 6 8 6
3 8 8 10
4 8 8 8
5 9 14 9
7 9 6 11
(69, 159)

Arvore 121
0 1 6 6
0 2 0 94
0 8 7 12
1 6 8 9
1 7 11 6
3 5 15 8
3 6 8 6
4 8 8 8
7 9 6 11
(69, 160)

Arvore 122
0 1 6 6
0 2 0 94
0 8 7 12
1 6 8 9
1 7 11 6
3 6 8 6
4 8 8 8
5 8 8 12
7 9 6 11
(62, 164)

Arvore 123
0 1 6 6
0 2 0 94
0 8 7 12
1 6 8 9
1 7 11 6
3 6 8 6
4 8 8 8
5 9 14 9
7 9 6 11
(68, 161)

Arvore 124
0 1 6 6
0 2 0 94
1 4 6 14
1 6 8 9
1 7 11 6
3 5 15 8
3 6 8 6
4 8 8 8
7 9 6 11
(68, 162)

Arvore 125
0 1 6 6
0 2 0 94
1 4 6 14
1 6 8 9
1 7 11 6
3 6 8 6
4 8 8 8
5 8 8 12
7 9 6 11
(61, 166)

Arvore 126
0 1 6 6
0 2 0 94
1 4 6 14
1 6 8 9
1 7 11 6
3 6 8 6
4 8 8 8
5 9 14 9
7 9 6 11
(67, 163)

Arvore 127
0 1 6 6
0 2 0 94
1 6 8 9
1 7 11 6
3 5 15 8
3 6 8 6
4 8 8 8
6 8 11 8
7 9 6 11
(73, 156)

Arvore 128
0 1 6 6
0 2 0 94
1 6 8 9
1 7 11 6
3 6 8 6
4 8 8 8
5 8 8 12
6 8 11 8
7 9 6 11
(66, 160)

Arvore 129
0 1 6 6
0 2 0 94
1 6 8 9
1 7 11 6
3 6 8 6
4 8 8 8
5 9 14 9
6 8 11 8
7 9 6 11
(72, 157)

Arvore 130
0 1 6 6
0 2 0 94
1 4 6 14
1 7 11 6
3 5 15 8
3 6 8 6
4 8 8 8
6 8 11 8
7 9 6 11
(71, 161)

Arvore 131
0 1 6 6
0 2 0 94
1 4 6 14
1 7 11 6
3 6 8 6
4 8 8 8
5 8 8 12
6 8 11 8
7 9 6 11
(64, 165)

Arvore 132
0 1 6 6
0 2 0 94
1 4 6 14
1 7 11 6
3 6 8 6
4 8 8 8
5 9 14 9
6 8 11 8
7 9 6 11
(70, 162)

Arvore 133
0 1 6 6
0 2 0 94
0 8 7 12
1 6 8 9
2 9 13 6
3 5 15 8
3 6 8 6
3 7 7 10
4 8 8 8
(72, 159)

Arvore 134
0 1 6 6
0 2 0 94
0 8 7 12
1 6 8 9
2 9 13 6
3 6 8 6
3 7 7 10
4 8 8 8
5 8 8 12
(65, 163)

Arvore 135
0 1 6 6
0 2 0 94
0 8 7 12
1 6 8 9
2 9 13 6
3 6 8 6
3 7 7 10
4 8 8 8
5 9 14 9
(71, 160)

Arvore 136
0 1 6 6
0 2 0 94
1 4 6 14
1 6 8 9
2 9 13 6
3 5 15 8
3 6 8 6
3 7 7 10
4 8 8 8
(71, 161)

Arvore 137
0 1 6 6
0 2 0 94
1 4 6 14
1 6 8 9
2 9 13 6
3 6 8 6
3 7 7 10
4 8 8 8
5 8 8 12
(64, 165)

Arvore 138
0 1 6 6
0 2 0 94
1 4 6 14
1 6 8 9
2 9 13 6
3 6 8 6
3 7 7 10
4 8 8 8
5 9 14 9
(70, 162)

Arvore 139
0 1 6 6
0 2 0 94
1 6 8 9
2 9 13 6
3 5 15 8
3 6 8 6
3 7 7 10
3 8 8 10
4 8 8 8
(73, 157)

Arvore 140
0 1 6 6
0 2 0 94
1 6 8 9
2 9 13 6
3 6 8 6
3 7 7 10
3 8 8 10
4 8 8 8
5 8 8 12
(66, 161)

Arvore 141
0 1 6 6
0 2 0 94
1 6 8 9
2 9 13 6
3 6 8 6
3 7 7 10
3 8 8 10
4 8 8 8
5 9 14 9
(72, 158)

Arvore 142
0 1 6 6
0 2 0 94
1 6 8 9
2 9 13 6
3 5 15 8
3 6 8 6
3 7 7 10
4 8 8 8
6 8 11 8
(76, 155)

Arvore 143
0 1 6 6
0 2 0 94
1 6 8 9
2 9 13 6
3 6 8 6
3 7 7 10
4 8 8 8
5 8 8 12
6 8 11 8
(69, 159)

Arvore 144
0 1 6 6
0 2 0 94
1 6 8 9
2 9 13 6
3 6 8 6
3 7 7 10
4 8 8 8
5 9 14 9
6 8 11 8
(75, 156)

Arvore 145
0 1 6 6
0 2 0 94
1 6 8 9
3 5 15 8
3 6 8 6
3 7 7 10
3 8 8 10
4 8 8 8
7 9 6 11
(66, 162)

Arvore 146
0 1 6 6
0 2 0 94
1 6 8 9
3 6 8 6
3 7 7 10
3 8 8 10
4 8 8 8
5 8 8 12
7 9 6 11
(59, 166)

Arvore 147
0 1 6 6
0 2 0 94
1 6 8 9
3 6 8 6
3 7 7 10
3 8 8 10
4 8 8 8
5 9 14 9
7 9 6 11
(65, 163)

Arvore 148
0 1 6 6
0 2 0 94
0 8 7 12
1 6 8 9
3 5 15 8
3 6 8 6
3 7 7 10
4 8 8 8
7 9 6 11
(65, 164)

Arvore 149
0 1 6 6
0 2 0 94
0 8 7 12
1 6 8 9
3 6 8 6
3 7 7 10
4 8 8 8
5 8 8 12
7 9 6 11
(58, 168)

Arvore 150
0 1 6 6
0 2 0 94
0 8 7 12
1 6 8 9
3 6 8 6
3 7 7 10
4 8 8 8
5 9 14 9
7 9 6 11
(64, 165)

Arvore 151
0 1 6 6
0 2 0 94
1 4 6 14
1 6 8 9
3 5 15 8
3 6 8 6
3 7 7 10
4 8 8 8
7 9 6 11
(64, 166)

Arvore 152
0 1 6 6
0 2 0 94
1 4 6 14
1 6 8 9
3 6 8 6
3 7 7 10
4 8 8 8
5 8 8 12
7 9 6 11
(57, 170)

Arvore 153
0 1 6 6
0 2 0 94
1 4 6 14
1 6 8 9
3 6 8 6
3 7 7 10
4 8 8 8
5 9 14 9
7 9 6 11
(63, 167)

Arvore 154
0 1 6 6
0 2 0 94
1 6 8 9
3 5 15 8
3 6 8 6
3 7 7 10
4 8 8 8
6 8 11 8
7 9 6 11
(69, 160)

Arvore 155
0 1 6 6
0 2 0 94
1 6 8 9
3 6 8 6
3 7 7 10
4 8 8 8
5 8 8 12
6 8 11 8
7 9 6 11
(62, 164)

Arvore 156
0 1 6 6
0 2 0 94
1 6 8 9
3 6 8 6
3 7 7 10
4 8 8 8
5 9 14 9
6 8 11 8
7 9 6 11
(68, 161)

Arvore 157
0 1 6 6
0 2 0 94
0 8 7 12
1 4 6 14
1 6 8 9
3 5 15 8
3 6 8 6
3 7 7 10
7 9 6 11
(63, 170)

Arvore 158
0 1 6 6
0 2 0 94
0 8 7 12
1 4 6 14
1 6 8 9
3 6 8 6
3 7 7 10
5 8 8 12
7 9 6 11
(56, 174)

Arvore 159
0 1 6 6
0 2 0 94
0 8 7 12
1 4 6 14
1 6 8 9
3 6 8 6
3 7 7 10
5 9 14 9
7 9 6 11
(62, 171)

Arvore 160
0 1 6 6
0 8 7 12
0 9 9 7
1 2 94 0
1 4 6 14
1 7 11 6
3 5 15 8
3 6 8 6
3 7 7 10
(163, 69)

Arvore 161
0 1 6 6
0 8 7 12
0 9 9 7
1 2 94 0
1 4 6 14
1 7 11 6
3 6 8 6
3 7 7 10
5 8 8 12
(156, 73)

Arvore 162
0 1 6 6
0 8 7 12
0 9 9 7
1 2 94 0
1 4 6 14
1 7 11 6
3 6 8 6
3 7 7 10
5 9 14 9
(162, 70)

Arvore 163
0 1 6 6
0 9 9 7
1 2 94 0
1 4 6 14
1 7 11 6
3 5 15 8
3 6 8 6
3 7 7 10
4 8 8 8
(164, 65)

Arvore 164
0 1 6 6
0 9 9 7
1 2 94 0
1 4 6 14
1 7 11 6
3 6 8 6
3 7 7 10
4 8 8 8
5 8 8 12
(157, 69)

Arvore 165
0 1 6 6
0 9 9 7
1 2 94 0
1 4 6 14
1 7 11 6
3 6 8 6
3 7 7 10
4 8 8 8
5 9 14 9
(163, 66)

Arvore 166
0 1 6 6
0 9 9 7
1 2 94 0
1 4 6 14
1 6 8 9
1 7 11 6
3 5 15 8
3 6 8 6
4 8 8 8
(165, 64)

Arvore 167
0 1 6 6
0 9 9 7
1 2 94 0
1 4 6 14
1 6 8 9
1 7 11 6
3 6 8 6
4 8 8 8
5 8 8 12
(158, 68)

Arvore 168
0 1 6 6
0 9 9 7
1 2 94 0
1 4 6 14
1 6 8 9
1 7 11 6
3 6 8 6
4 8 8 8
5 9 14 9
(164, 65)

Arvore 169
0 1 6 6
0 9 9 7
1 2 94 0
1 4 6 14
1 7 11 6
3 5 15 8
3 6 8 6
4 8 8 8
6 8 11 8
(168, 63)

Arvore 170
0 1 6 6
0 9 9 7
1 2 94 0
1 4 6 14
1 7 11 6
3 6 8 6
4 8 8 8
5 8 8 12
6 8 11 8
(161, 67)

Arvore 171
0 1 6 6
0 9 9 7
1 2 94 0
1 4 6 14
1 7 11 6
3 6 8 6
4 8 8 8
5 9 14 9
6 8 11 8
(167, 64)

Arvore 172
0 1 6 6
0 8 7 12
0 9 9 7
1 2 94 0
1 7 11 6
3 5 15 8
3 6 8 6
3 7 7 10
4 8 8 8
(165, 63)

Arvore 173
0 1 6 6
0 8 7 12
0 9 9 7
1 2 94 0
1 7 11 6
3 6 8 6
3 7 7 10
4 8 8 8
5 8 8 12
(158, 67)

Arvore 174
0 1 6 6
0 8 7 12
0 9 9 7
1 2 94 0
1 7 11 6
3 6 8 6
3 7 7 10
4 8 8 8
5 9 14 9
(164, 64)

Arvore 175
0 1 6 6
0 9 9 7
1 2 94 0
1 7 11 6
3 5 15 8
3 6 8 6
3 7 7 10
3 8 8 10
4 8 8 8
(166, 61)

Arvore 176
0 1 6 6
0 9 9 7
1 2 94 0
1 7 11 6
3 6 8 6
3 7 7 10
3 8 8 10
4 8 8 8
5 8 8 12
(159, 65)

Arvore 177
0 1 6 6
0 9 9 7
1 2 94 0
1 7 11 6
3 6 8 6
3 7 7 10
3 8 8 10
4 8 8 8
5 9 14 9
(165, 62)

Arvore 178
0 1 6 6
0 9 9 7
1 2 94 0
1 7 11 6
3 5 15 8
3 6 8 6
3 7 7 10
4 8 8 8
6 8 11 8
(169, 59)

Arvore 179
0 1 6 6
0 9 9 7
1 2 94 0
1 7 11 6
3 6 8 6
3 7 7 10
4 8 8 8
5 8 8 12
6 8 11 8
(162, 63)

Arvore 180
0 1 6 6
0 9 9 7
1 2 94 0
1 7 11 6
3 6 8 6
3 7 7 10
4 8 8 8
5 9 14 9
6 8 11 8
(168, 60)

Arvore 181
0 1 6 6
0 8 7 12
0 9 9 7
1 2 94 0
1 6 8 9
1 7 11 6
3 5 15 8
3 6 8 6
4 8 8 8
(166, 62)

Arvore 182
0 1 6 6
0 8 7 12
0 9 9 7
1 2 94 0
1 6 8 9
1 7 11 6
3 6 8 6
4 8 8 8
5 8 8 12
(159, 66)

Arvore 183
0 1 6 6
0 8 7 12
0 9 9 7
1 2 94 0
1 6 8 9
1 7 11 6
3 6 8 6
4 8 8 8
5 9 14 9
(165, 63)

Arvore 184
0 1 6 6
0 9 9 7
1 2 94 0
1 6 8 9
1 7 11 6
3 5 15 8
3 6 8 6
3 8 8 10
4 8 8 8
(167, 60)

Arvore 185
0 1 6 6
0 9 9 7
1 2 94 0
1 6 8 9
1 7 11 6
3 6 8 6
3 8 8 10
4 8 8 8
5 8 8 12
(160, 64)

Arvore 186
0 1 6 6
0 9 9 7
1 2 94 0
1 6 8 9
1 7 11 6
3 6 8 6
3 8 8 10
4 8 8 8
5 9 14 9
(166, 61)

Arvore 187
0 1 6 6
0 9 9 7
1 2 94 0
1 6 8 9
1 7 11 6
3 5 15 8
3 6 8 6
4 8 8 8
6 8 11 8
(170, 58)

Arvore 188
0 1 6 6
0 9 9 7
1 2 94 0
1 6 8 9
1 7 11 6
3 6 8 6
4 8 8 8
5 8 8 12
6 8 11 8
(163, 62)

Arvore 189
0 1 6 6
0 9 9 7
1 2 94 0
1 6 8 9
1 7 11 6
3 6 8 6
4 8 8 8
5 9 14 9
6 8 11 8
(169, 59)

Arvore 190
0 1 6 6
0 8 7 12
0 9 9 7
1 2 94 0
1 6 8 9
3 5 15 8
3 6 8 6
3 7 7 10
4 8 8 8
(162, 66)

Arvore 191
0 1 6 6
0 8 7 12
0 9 9 7
1 2 94 0
1 6 8 9
3 6 8 6
3 7 7 10
4 8 8 8
5 8 8 12
(155, 70)

Arvore 192
0 1 6 6
0 8 7 12
0 9 9 7
1 2 94 0
1 6 8 9
3 6 8 6
3 7 7 10
4 8 8 8
5 9 14 9
(161, 67)

Arvore 193
0 1 6 6
0 9 9 7
1 2 94 0
1 4 6 14
1 6 8 9
3 5 15 8
3 6 8 6
3 7 7 10
4 8 8 8
(161, 68)

Arvore 194
0 1 6 6
0 9 9 7
1 2 94 0
1 4 6 14
1 6 8 9
3 6 8 6
3 7 7 10
4 8 8 8
5 8 8 12
(154, 72)

Arvore 195
0 1 6 6
0 9 9 7
1 2 94 0
1 4 6 14
1 6 8 9
3 6 8 6
3 7 7 10
4 8 8 8
5 9 14 9
(160, 69)

Arvore 196
0 1 6 6
0 9 9 7
1 2 94 0
1 6 8 9
3 5 15 8
3 6 8 6
3 7 7 10
3 8 8 10
4 8 8 8
(163, 64)

Arvore 197
0 1 6 6
0 9 9 7
1 2 94 0
1 6 8 9
3 6 8 6
3 7 7 10
3 8 8 10
4 8 8 8
5 8 8 12
(156, 68)

Arvore 198
0 1 6 6
0 9 9 7
1 2 94 0
1 6 8 9
3 6 8 6
3 7 7 10
3 8 8 10
4 8 8 8
5 9 14 9
(162, 65)

Arvore 199
0 1 6 6
0 9 9 7
1 2 94 0
1 6 8 9
3 5 15 8
3 6 8 6
3 7 7 10
4 8 8 8
6 8 11 8
(166, 62)

Arvore 200
0 1 6 6
0 9 9 7
1 2 94 0
1 6 8 9
3 6 8 6
3 7 7 10
4 8 8 8
5 8 8 12
6 8 11 8
(159, 66)

Arvore 201
0 1 6 6
0 9 9 7
1 2 94 0
1 6 8 9
3 6 8 6
3 7 7 10
4 8 8 8
5 9 14 9
6 8 11 8
(165, 63)

Arvore 202
0 1 6 6
0 8 7 12
0 9 9 7
1 2 94 0
3 5 15 8
3 6 8 6
3 7 7 10
4 8 8 8
7 9 6 11
(160, 68)

Arvore 203
0 1 6 6
0 8 7 12
0 9 9 7
1 2 94 0
3 6 8 6
3 7 7 10
4 8 8 8
5 8 8 12
7 9 6 11
(153, 72)

Arvore 204
0 1 6 6
0 8 7 12
0 9 9 7
1 2 94 0
3 6 8 6
3 7 7 10
4 8 8 8
5 9 14 9
7 9 6 11
(159, 69)

Arvore 205
0 1 6 6
0 9 9 7
1 2 94 0
1 4 6 14
3 5 15 8
3 6 8 6
3 7 7 10
4 8 8 8
7 9 6 11
(159, 70)

Arvore 206
0 1 6 6
0 9 9 7
1 2 94 0
1 4 6 14
3 6 8 6
3 7 7 10
4 8 8 8
5 8 8 12
7 9 6 11
(152, 74)

Arvore 207
0 1 6 6
0 9 9 7
1 2 94 0
1 4 6 14
3 6 8 6
3 7 7 10
4 8 8 8
5 9 14 9
7 9 6 11
(158, 71)

Arvore 208
0 1 6 6
0 9 9 7
1 2 94 0
3 5 15 8
3 6 8 6
3 7 7 10
3 8 8 10
4 8 8 8
7 9 6 11
(161, 66)

Arvore 209
0 1 6 6
0 9 9 7
1 2 94 0
3 6 8 6
3 7 7 10
3 8 8 10
4 8 8 8
5 8 8 12
7 9 6 11
(154, 70)

Arvore 210
0 1 6 6
0 9 9 7
1 2 94 0
3 6 8 6
3 7 7 10
3 8 8 10
4 8 8 8
5 9 14 9
7 9 6 11
(160, 67)

Arvore 211
0 1 6 6
0 9 9 7
1 2 94 0
3 5 15 8
3 6 8 6
3 7 7 10
4 8 8 8
6 8 11 8
7 9 6 11
(164, 64)

Arvore 212
0 1 6 6
0 9 9 7
1 2 94 0
3 6 8 6
3 7 7 10
4 8 8 8
5 8 8 12
6 8 11 8
7 9 6 11
(157, 68)

Arvore 213
0 1 6 6
0 9 9 7
1 2 94 0
3 6 8 6
3 7 7 10
4 8 8 8
5 9 14 9
6 8 11 8
7 9 6 11
(163, 65)

Arvore 214
0 1 6 6
0 8 7 12
0 9 9 7
1 2 94 0
1 4 6 14
3 5 15 8
3 6 8 6
3 7 7 10
7 9 6 11
(158, 74)

Arvore 215
0 1 6 6
0 8 7 12
0 9 9 7
1 2 94 0
1 4 6 14
3 6 8 6
3 7 7 10
5 8 8 12
7 9 6 11
(151, 78)

Arvore 216
0 1 6 6
0 8 7 12
0 9 9 7
1 2 94 0
1 4 6 14
3 6 8 6
3 7 7 10
5 9 14 9
7 9 6 11
(157, 75)

Arvore 217
0 1 6 6
0 8 7 12
0 9 9 7
1 2 94 0
1 6 8 9
3 5 15 8
3 6 8 6
4 8 8 8
7 9 6 11
(161, 67)

Arvore 218
0 1 6 6
0 8 7 12
0 9 9 7
1 2 94 0
1 6 8 9
3 6 8 6
4 8 8 8
5 8 8 12
7 9 6 11
(154, 71)

Arvore 219
0 1 6 6
0 8 7 12
0 9 9 7
1 2 94 0
1 6 8 9
3 6 8 6
4 8 8 8
5 9 14 9
7 9 6 11
(160, 68)

Arvore 220
0 1 6 6
0 9 9 7
1 2 94 0
1 4 6 14
1 6 8 9
3 5 15 8
3 6 8 6
4 8 8 8
7 9 6 11
(160, 69)

Arvore 221
0 1 6 6
0 9 9 7
1 2 94 0
1 4 6 14
1 6 8 9
3 6 8 6
4 8 8 8
5 8 8 12
7 9 6 11
(153, 73)

Arvore 222
0 1 6 6
0 9 9 7
1 2 94 0
1 4 6 14
1 6 8 9
3 6 8 6
4 8 8 8
5 9 14 9
7 9 6 11
(159, 70)

Arvore 223
0 1 6 6
0 9 9 7
1 2 94 0
1 6 8 9
3 5 15 8
3 6 8 6
3 8 8 10
4 8 8 8
7 9 6 11
(162, 65)

Arvore 224
0 1 6 6
0 9 9 7
1 2 94 0
1 6 8 9
3 6 8 6
3 8 8 10
4 8 8 8
5 8 8 12
7 9 6 11
(155, 69)

Arvore 225
0 1 6 6
0 9 9 7
1 2 94 0
1 6 8 9
3 6 8 6
3 8 8 10
4 8 8 8
5 9 14 9
7 9 6 11
(161, 66)

Arvore 226
0 1 6 6
0 9 9 7
1 2 94 0
1 6 8 9
3 5 15 8
3 6 8 6
4 8 8 8
6 8 11 8
7 9 6 11
(165, 63)

Arvore 227
0 1 6 6
0 9 9 7
1 2 94 0
1 6 8 9
3 6 8 6
4 8 8 8
5 8 8 12
6 8 11 8
7 9 6 11
(158, 67)

Arvore 228
0 1 6 6
0 9 9 7
1 2 94 0
1 6 8 9
3 6 8 6
4 8 8 8
5 9 14 9
6 8 11 8
7 9 6 11
(164, 64)

Arvore 229
0 1 6 6
0 9 9 7
1 2 94 0
1 4 6 14
3 5 15 8
3 6 8 6
4 8 8 8
6 8 11 8
7 9 6 11
(163, 68)

Arvore 230
0 1 6 6
0 9 9 7
1 2 94 0
1 4 6 14
3 6 8 6
4 8 8 8
5 8 8 12
6 8 11 8
7 9 6 11
(156, 72)

Arvore 231
0 1 6 6
0 9 9 7
1 2 94 0
1 4 6 14
3 6 8 6
4 8 8 8
5 9 14 9
6 8 11 8
7 9 6 11
(162, 69)

Arvore 232
0 1 6 6
0 8 7 12
1 2 94 0
1 4 6 14
1 7 11 6
2 9 13 6
3 5 15 8
3 6 8 6
3 7 7 10
(167, 68)

Arvore 233
0 1 6 6
0 8 7 12
1 2 94 0
1 4 6 14
1 7 11 6
2 9 13 6
3 6 8 6
3 7 7 10
5 8 8 12
(160, 72)

Arvore 234
0 1 6 6
0 8 7 12
1 2 94 0
1 4 6 14
1 7 11 6
2 9 13 6
3 6 8 6
3 7 7 10
5 9 14 9
(166, 69)

Arvore 235
0 1 6 6
1 2 94 0
1 4 6 14
1 7 11 6
2 9 13 6
3 5 15 8
3 6 8 6
3 7 7 10
4 8 8 8
(168, 64)

Arvore 236
0 1 6 6
1 2 94 0
1 4 6 14
1 7 11 6
2 9 13 6
3 6 8 6
3 7 7 10
4 8 8 8
5 8 8 12
(161, 68)

Arvore 237
0 1 6 6
1 2 94 0
1 4 6 14
1 7 11 6
2 9 13 6
3 6 8 6
3 7 7 10
4 8 8 8
5 9 14 9
(167, 65)

Arvore 238
0 1 6 6
1 2 94 0
1 4 6 14
1 6 8 9
1 7 11 6
2 9 13 6
3 5 15 8
3 6 8 6
4 8 8 8
(169, 63)

Arvore 239
0 1 6 6
1 2 94 0
1 4 6 14
1 6 8 9
1 7 11 6
2 9 13 6
3 6 8 6
4 8 8 8
5 8 8 12
(162, 67)

Arvore 240
0 1 6 6
1 2 94 0
1 4 6 14
1 6 8 9
1 7 11 6
2 9 13 6
3 6 8 6
4 8 8 8
5 9 14 9
(168, 64)

Arvore 241
0 1 6 6
1 2 94 0
1 4 6 14
1 7 11 6
2 9 13 6
3 5 15 8
3 6 8 6
4 8 8 8
6 8 11 8
(172, 62)

Arvore 242
0 1 6 6
1 2 94 0
1 4 6 14
1 7 11 6
2 9 13 6
3 6 8 6
4 8 8 8
5 8 8 12
6 8 11 8
(165, 66)

Arvore 243
0 1 6 6
1 2 94 0
1 4 6 14
1 7 11 6
2 9 13 6
3 6 8 6
4 8 8 8
5 9 14 9
6 8 11 8
(171, 63)

Arvore 244
0 1 6 6
0 8 7 12
1 2 94 0
1 7 11 6
2 9 13 6
3 5 15 8
3 6 8 6
3 7 7 10
4 8 8 8
(169, 62)

Arvore 245
0 1 6 6
0 8 7 12
1 2 94 0
1 7 11 6
2 9 13 6
3 6 8 6
3 7 7 10
4 8 8 8
5 8 8 12
(162, 66)

Arvore 246
0 1 6 6
0 8 7 12
1 2 94 0
1 7 11 6
2 9 13 6
3 6 8 6
3 7 7 10
4 8 8 8
5 9 14 9
(168, 63)

Arvore 247
0 1 6 6
1 2 94 0
1 7 11 6
2 9 13 6
3 5 15 8
3 6 8 6
3 7 7 10
3 8 8 10
4 8 8 8
(170, 60)

Arvore 248
0 1 6 6
1 2 94 0
1 7 11 6
2 9 13 6
3 6 8 6
3 7 7 10
3 8 8 10
4 8 8 8
5 8 8 12
(163, 64)

Arvore 249
0 1 6 6
1 2 94 0
1 7 11 6
2 9 13 6
3 6 8 6
3 7 7 10
3 8 8 10
4 8 8 8
5 9 14 9
(169, 61)

Arvore 250
0 1 6 6
1 2 94 0
1 7 11 6
2 9 13 6
3 5 15 8
3 6 8 6
3 7 7 10
4 8 8 8
6 8 11 8
(173, 58)

Arvore 251
0 1 6 6
1 2 94 0
1 7 11 6
2 9 13 6
3 6 8 6
3 7 7 10
4 8 8 8
5 8 8 12
6 8 11 8
(166, 62)

Arvore 252
0 1 6 6
1 2 94 0
1 7 11 6
2 9 13 6
3 6 8 6
3 7 7 10
4 8 8 8
5 9 14 9
6 8 11 8
(172, 59)

Arvore 253
0 1 6 6
0 8 7 12
1 2 94 0
1 6 8 9
1 7 11 6
2 9 13 6
3 5 15 8
3 6 8 6
4 8 8 8
(170, 61)

Arvore 254
0 1 6 6
0 8 7 12
1 2 94 0
1 6 8 9
1 7 11 6
2 9 13 6
3 6 8 6
4 8 8 8
5 8 8 12
(163, 65)

Arvore 255
0 1 6 6
0 8 7 12
1 2 94 0
1 6 8 9
1 7 11 6
2 9 13 6
3 6 8 6
4 8 8 8
5 9 14 9
(169, 62)

Arvore 256
0 1 6 6
1 2 94 0
1 6 8 9
1 7 11 6
2 9 13 6
3 5 15 8
3 6 8 6
3 8 8 10
4 8 8 8
(171, 59)

Arvore 257
0 1 6 6
1 2 94 0
1 6 8 9
1 7 11 6
2 9 13 6
3 6 8 6
3 8 8 10
4 8 8 8
5 8 8 12
(164, 63)

Arvore 258
0 1 6 6
1 2 94 0
1 6 8 9
1 7 11 6
2 9 13 6
3 6 8 6
3 8 8 10
4 8 8 8
5 9 14 9
(170, 60)

Arvore 259
0 1 6 6
1 2 94 0
1 6 8 9
1 7 11 6
2 9 13 6
3 5 15 8
3 6 8 6
4 8 8 8
6 8 11 8
(174, 57)

Arvore 260
0 1 6 6
1 2 94 0
1 6 8 9
1 7 11 6
2 9 13 6
3 6 8 6
4 8 8 8
5 8 8 12
6 8 11 8
(167, 61)

Arvore 261
0 1 6 6
1 2 94 0
1 6 8 9
1 7 11 6
2 9 13 6
3 6 8 6
4 8 8 8
5 9 14 9
6 8 11 8
(173, 58)

Arvore 262
0 1 6 6
1 2 94 0
1 7 11 6
3 5 15 8
3 6 8 6
3 7 7 10
3 8 8 10
4 8 8 8
7 9 6 11
(163, 65)

Arvore 263
0 1 6 6
1 2 94 0
1 7 11 6
3 6 8 6
3 7 7 10
3 8 8 10
4 8 8 8
5 8 8 12
7 9 6 11
(156, 69)

Arvore 264
0 1 6 6
1 2 94 0
1 7 11 6
3 6 8 6
3 7 7 10
3 8 8 10
4 8 8 8
5 9 14 9
7 9 6 11
(162, 66)

Arvore 265
0 1 6 6
0 8 7 12
1 2 94 0
1 7 11 6
3 5 15 8
3 6 8 6
3 7 7 10
4 8 8 8
7 9 6 11
(162, 67)

Arvore 266
0 1 6 6
0 8 7 12
1 2 94 0
1 7 11 6
3 6 8 6
3 7 7 10
4 8 8 8
5 8 8 12
7 9 6 11
(155, 71)

Arvore 267
0 1 6 6
0 8 7 12
1 2 94 0
1 7 11 6
3 6 8 6
3 7 7 10
4 8 8 8
5 9 14 9
7 9 6 11
(161, 68)

Arvore 268
0 1 6 6
1 2 94 0
1 4 6 14
1 7 11 6
3 5 15 8
3 6 8 6
3 7 7 10
4 8 8 8
7 9 6 11
(161, 69)

Arvore 269
0 1 6 6
1 2 94 0
1 4 6 14
1 7 11 6
3 6 8 6
3 7 7 10
4 8 8 8
5 8 8 12
7 9 6 11
(154, 73)

Arvore 270
0 1 6 6
1 2 94 0
1 4 6 14
1 7 11 6
3 6 8 6
3 7 7 10
4 8 8 8
5 9 14 9
7 9 6 11
(160, 70)

Arvore 271
0 1 6 6
1 2 94 0
1 7 11 6
3 5 15 8
3 6 8 6
3 7 7 10
4 8 8 8
6 8 11 8
7 9 6 11
(166, 63)

Arvore 272
0 1 6 6
1 2 94 0
1 7 11 6
3 6 8 6
3 7 7 10
4 8 8 8
5 8 8 12
6 8 11 8
7 9 6 11
(159, 67)

Arvore 273
0 1 6 6
1 2 94 0
1 7 11 6
3 6 8 6
3 7 7 10
4 8 8 8
5 9 14 9
6 8 11 8
7 9 6 11
(165, 64)

Arvore 274
0 1 6 6
0 8 7 12
1 2 94 0
1 4 6 14
1 7 11 6
3 5 15 8
3 6 8 6
3 7 7 10
7 9 6 11
(160, 73)

Arvore 275
0 1 6 6
0 8 7 12
1 2 94 0
1 4 6 14
1 7 11 6
3 6 8 6
3 7 7 10
5 8 8 12
7 9 6 11
(153, 77)

Arvore 276
0 1 6 6
0 8 7 12
1 2 94 0
1 4 6 14
1 7 11 6
3 6 8 6
3 7 7 10
5 9 14 9
7 9 6 11
(159, 74)

Arvore 277
0 1 6 6
1 2 94 0
1 6 8 9
1 7 11 6
3 5 15 8
3 6 8 6
3 8 8 10
4 8 8 8
7 9 6 11
(164, 64)

Arvore 278
0 1 6 6
1 2 94 0
1 6 8 9
1 7 11 6
3 6 8 6
3 8 8 10
4 8 8 8
5 8 8 12
7 9 6 11
(157, 68)

Arvore 279
0 1 6 6
1 2 94 0
1 6 8 9
1 7 11 6
3 6 8 6
3 8 8 10
4 8 8 8
5 9 14 9
7 9 6 11
(163, 65)

Arvore 280
0 1 6 6
0 8 7 12
1 2 94 0
1 6 8 9
1 7 11 6
3 5 15 8
3 6 8 6
4 8 8 8
7 9 6 11
(163, 66)

Arvore 281
0 1 6 6
0 8 7 12
1 2 94 0
1 6 8 9
1 7 11 6
3 6 8 6
4 8 8 8
5 8 8 12
7 9 6 11
(156, 70)

Arvore 282
0 1 6 6
0 8 7 12
1 2 94 0
1 6 8 9
1 7 11 6
3 6 8 6
4 8 8 8
5 9 14 9
7 9 6 11
(162, 67)

Arvore 283
0 1 6 6
1 2 94 0
1 4 6 14
1 6 8 9
1 7 11 6
3 5 15 8
3 6 8 6
4 8 8 8
7 9 6 11
(162, 68)

Arvore 284
0 1 6 6
1 2 94 0
1 4 6 14
1 6 8 9
1 7 11 6
3 6 8 6
4 8 8 8
5 8 8 12
7 9 6 11
(155, 72)

Arvore 285
0 1 6 6
1 2 94 0
1 4 6 14
1 6 8 9
1 7 11 6
3 6 8 6
4 8 8 8
5 9 14 9
7 9 6 11
(161, 69)

Arvore 286
0 1 6 6
1 2 94 0
1 6 8 9
1 7 11 6
3 5 15 8
3 6 8 6
4 8 8 8
6 8 11 8
7 9 6 11
(167, 62)

Arvore 287
0 1 6 6
1 2 94 0
1 6 8 9
1 7 11 6
3 6 8 6
4 8 8 8
5 8 8 12
6 8 11 8
7 9 6 11
(160, 66)

Arvore 288
0 1 6 6
1 2 94 0
1 6 8 9
1 7 11 6
3 6 8 6
4 8 8 8
5 9 14 9
6 8 11 8
7 9 6 11
(166, 63)

Arvore 289
0 1 6 6
1 2 94 0
1 4 6 14
1 7 11 6
3 5 15 8
3 6 8 6
4 8 8 8
6 8 11 8
7 9 6 11
(165, 67)

Arvore 290
0 1 6 6
1 2 94 0
1 4 6 14
1 7 11 6
3 6 8 6
4 8 8 8
5 8 8 12
6 8 11 8
7 9 6 11
(158, 71)

Arvore 291
0 1 6 6
1 2 94 0
1 4 6 14
1 7 11 6
3 6 8 6
4 8 8 8
5 9 14 9
6 8 11 8
7 9 6 11
(164, 68)

Arvore 292
0 1 6 6
0 8 7 12
1 2 94 0
1 6 8 9
2 9 13 6
3 5 15 8
3 6 8 6
3 7 7 10
4 8 8 8
(166, 65)

Arvore 293
0 1 6 6
0 8 7 12
1 2 94 0
1 6 8 9
2 9 13 6
3 6 8 6
3 7 7 10
4 8 8 8
5 8 8 12
(159, 69)

Arvore 294
0 1 6 6
0 8 7 12
1 2 94 0
1 6 8 9
2 9 13 6
3 6 8 6
3 7 7 10
4 8 8 8
5 9 14 9
(165, 66)

Arvore 295
0 1 6 6
1 2 94 0
1 4 6 14
1 6 8 9
2 9 13 6
3 5 15 8
3 6 8 6
3 7 7 10
4 8 8 8
(165, 67)

Arvore 296
0 1 6 6
1 2 94 0
1 4 6 14
1 6 8 9
2 9 13 6
3 6 8 6
3 7 7 10
4 8 8 8
5 8 8 12
(158, 71)

Arvore 297
0 1 6 6
1 2 94 0
1 4 6 14
1 6 8 9
2 9 13 6
3 6 8 6
3 7 7 10
4 8 8 8
5 9 14 9
(164, 68)

Arvore 298
0 1 6 6
1 2 94 0
1 6 8 9
2 9 13 6
3 5 15 8
3 6 8 6
3 7 7 10
3 8 8 10
4 8 8 8
(167, 63)

Arvore 299
0 1 6 6
1 2 94 0
1 6 8 9
2 9 13 6
3 6 8 6
3 7 7 10
3 8 8 10
4 8 8 8
5 8 8 12
(160, 67)

Arvore 300
0 1 6 6
1 2 94 0
1 6 8 9
2 9 13 6
3 6 8 6
3 7 7 10
3 8 8 10
4 8 8 8
5 9 14 9
(166, 64)

Arvore 301
0 1 6 6
1 2 94 0
1 6 8 9
2 9 13 6
3 5 15 8
3 6 8 6
3 7 7 10
4 8 8 8
6 8 11 8
(170, 61)

Arvore 302
0 1 6 6
1 2 94 0
1 6 8 9
2 9 13 6
3 6 8 6
3 7 7 10
4 8 8 8
5 8 8 12
6 8 11 8
(163, 65)

Arvore 303
0 1 6 6
1 2 94 0
1 6 8 9
2 9 13 6
3 6 8 6
3 7 7 10
4 8 8 8
5 9 14 9
6 8 11 8
(169, 62)

Arvore 304
0 1 6 6
1 2 94 0
1 6 8 9
3 5 15 8
3 6 8 6
3 7 7 10
3 8 8 10
4 8 8 8
7 9 6 11
(160, 68)

Arvore 305
0 1 6 6
1 2 94 0
1 6 8 9
3 6 8 6
3 7 7 10
3 8 8 10
4 8 8 8
5 8 8 12
7 9 6 11
(153, 72)

Arvore 306
0 1 6 6
1 2 94 0
1 6 8 9
3 6 8 6
3 7 7 10
3 8 8 10
4 8 8 8
5 9 14 9
7 9 6 11
(159, 69)

Arvore 307
0 1 6 6
0 8 7 12
1 2 94 0
1 6 8 9
3 5 15 8
3 6 8 6
3 7 7 10
4 8 8 8
7 9 6 11
(159, 70)

Arvore 308
0 1 6 6
0 8 7 12
1 2 94 0
1 6 8 9
3 6 8 6
3 7 7 10
4 8 8 8
5 8 8 12
7 9 6 11
(152, 74)

Arvore 309
0 1 6 6
0 8 7 12
1 2 94 0
1 6 8 9
3 6 8 6
3 7 7 10
4 8 8 8
5 9 14 9
7 9 6 11
(158, 71)

Arvore 310
0 1 6 6
1 2 94 0
1 4 6 14
1 6 8 9
3 5 15 8
3 6 8 6
3 7 7 10
4 8 8 8
7 9 6 11
(158, 72)

Arvore 311
0 1 6 6
1 2 94 0
1 4 6 14
1 6 8 9
3 6 8 6
3 7 7 10
4 8 8 8
5 8 8 12
7 9 6 11
(151, 76)

Arvore 312
0 1 6 6
1 2 94 0
1 4 6 14
1 6 8 9
3 6 8 6
3 7 7 10
4 8 8 8
5 9 14 9
7 9 6 11
(157, 73)

Arvore 313
0 1 6 6
1 2 94 0
1 6 8 9
3 5 15 8
3 6 8 6
3 7 7 10
4 8 8 8
6 8 11 8
7 9 6 11
(163, 66)

Arvore 314
0 1 6 6
1 2 94 0
1 6 8 9
3 6 8 6
3 7 7 10
4 8 8 8
5 8 8 12
6 8 11 8
7 9 6 11
(156, 70)

Arvore 315
0 1 6 6
1 2 94 0
1 6 8 9
3 6 8 6
3 7 7 10
4 8 8 8
5 9 14 9
6 8 11 8
7 9 6 11
(162, 67)

Arvore 316
0 1 6 6
0 8 7 12
1 2 94 0
1 4 6 14
1 6 8 9
3 5 15 8
3 6 8 6
3 7 7 10
7 9 6 11
(157, 76)

Arvore 317
0 1 6 6
0 8 7 12
1 2 94 0
1 4 6 14
1 6 8 9
3 6 8 6
3 7 7 10
5 8 8 12
7 9 6 11
(150, 80)

Arvore 318
0 1 6 6
0 8 7 12
1 2 94 0
1 4 6 14
1 6 8 9
3 6 8 6
3 7 7 10
5 9 14 9
7 9 6 11
(156, 77)

Arvore 319
0 1 6 6
0 8 7 12
0 9 9 7
1 4 6 14
1 7 11 6
2 9 13 6
3 5 15 8
3 6 8 6
3 7 7 10
(82, 75)

Arvore 320
0 1 6 6
0 8 7 12
0 9 9 7
1 4 6 14
1 7 11 6
2 9 13 6
3 6 8 6
3 7 7 10
5 8 8 12
(75, 79)

Arvore 321
0 1 6 6
0 8 7 12
0 9 9 7
1 4 6 14
1 7 11 6
2 9 13 6
3 6 8 6
3 7 7 10
5 9 14 9
(81, 76)

Arvore 322
0 1 6 6
0 9 9 7
1 4 6 14
1 7 11 6
2 9 13 6
3 5 15 8
3 6 8 6
3 7 7 10
4 8 8 8
(83, 71)

Arvore 323
0 1 6 6
0 9 9 7
1 4 6 14
1 7 11 6
2 9 13 6
3 6 8 6
3 7 7 10
4 8 8 8
5 8 8 12
(76, 75)

Arvore 324
0 1 6 6
0 9 9 7
1 4 6 14
1 7 11 6
2 9 13 6
3 6 8 6
3 7 7 10
4 8 8 8
5 9 14 9
(82, 72)

Arvore 325
0 1 6 6
0 9 9 7
1 4 6 14
1 6 8 9
1 7 11 6
2 9 13 6
3 5 15 8
3 6 8 6
4 8 8 8
(84, 70)

Arvore 326
0 1 6 6
0 9 9 7
1 4 6 14
1 6 8 9
1 7 11 6
2 9 13 6
3 6 8 6
4 8 8 8
5 8 8 12
(77, 74)

Arvore 327
0 1 6 6
0 9 9 7
1 4 6 14
1 6 8 9
1 7 11 6
2 9 13 6
3 6 8 6
4 8 8 8
5 9 14 9
(83, 71)

Arvore 328
0 1 6 6
0 9 9 7
1 4 6 14
1 7 11 6
2 9 13 6
3 5 15 8
3 6 8 6
4 8 8 8
6 8 11 8
(87, 69)

Arvore 329
0 1 6 6
0 9 9 7
1 4 6 14
1 7 11 6
2 9 13 6
3 6 8 6
4 8 8 8
5 8 8 12
6 8 11 8
(80, 73)

Arvore 330
0 1 6 6
0 9 9 7
1 4 6 14
1 7 11 6
2 9 13 6
3 6 8 6
4 8 8 8
5 9 14 9
6 8 11 8
(86, 70)

Arvore 331
0 1 6 6
0 8 7 12
0 9 9 7
1 4 6 14
1 7 11 6
2 8 10 11
3 5 15 8
3 6 8 6
3 7 7 10
(79, 80)

Arvore 332
0 1 6 6
0 8 7 12
0 9 9 7
1 4 6 14
1 7 11 6
2 8 10 11
3 6 8 6
3 7 7 10
5 8 8 12
(72, 84)

Arvore 333
0 1 6 6
0 8 7 12
0 9 9 7
1 4 6 14
1 7 11 6
2 8 10 11
3 6 8 6
3 7 7 10
5 9 14 9
(78, 81)

Arvore 334
0 1 6 6
0 8 7 12
0 9 9 7
1 4 6 14
1 7 11 6
2 5 9 12
3 6 8 6
3 7 7 10
5 8 8 12
(71, 85)

Arvore 335
0 1 6 6
0 9 9 7
1 4 6 14
1 7 11 6
2 8 10 11
3 5 15 8
3 6 8 6
3 7 7 10
4 8 8 8
(80, 76)

Arvore 336
0 1 6 6
0 9 9 7
1 4 6 14
1 7 11 6
2 8 10 11
3 6 8 6
3 7 7 10
4 8 8 8
5 8 8 12
(73, 80)

Arvore 337
0 1 6 6
0 9 9 7
1 4 6 14
1 7 11 6
2 8 10 11
3 6 8 6
3 7 7 10
4 8 8 8
5 9 14 9
(79, 77)

Arvore 338
0 1 6 6
0 9 9 7
1 4 6 14
1 7 11 6
2 5 9 12
3 6 8 6
3 7 7 10
4 8 8 8
5 8 8 12
(72, 81)

Arvore 339
0 1 6 6
0 9 9 7
1 4 6 14
1 6 8 9
1 7 11 6
2 8 10 11
3 5 15 8
3 6 8 6
4 8 8 8
(81, 75)

Arvore 340
0 1 6 6
0 9 9 7
1 4 6 14
1 6 8 9
1 7 11 6
2 8 10 11
3 6 8 6
4 8 8 8
5 8 8 12
(74, 79)

Arvore 341
0 1 6 6
0 9 9 7
1 4 6 14
1 6 8 9
1 7 11 6
2 8 10 11
3 6 8 6
4 8 8 8
5 9 14 9
(80, 76)

Arvore 342
0 1 6 6
0 9 9 7
1 4 6 14
1 6 8 9
1 7 11 6
2 5 9 12
3 6 8 6
4 8 8 8
5 8 8 12
(73, 80)

Arvore 343
0 1 6 6
0 9 9 7
1 4 6 14
1 7 11 6
2 8 10 11
3 5 15 8
3 6 8 6
4 8 8 8
6 8 11 8
(84, 74)

Arvore 344
0 1 6 6
0 9 9 7
1 4 6 14
1 7 11 6
2 8 10 11
3 6 8 6
4 8 8 8
5 8 8 12
6 8 11 8
(77, 78)

Arvore 345
0 1 6 6
0 9 9 7
1 4 6 14
1 7 11 6
2 8 10 11
3 6 8 6
4 8 8 8
5 9 14 9
6 8 11 8
(83, 75)

Arvore 346
0 1 6 6
0 9 9 7
1 4 6 14
1 7 11 6
2 5 9 12
3 6 8 6
4 8 8 8
5 8 8 12
6 8 11 8
(76, 79)

Arvore 347
0 1 6 6
0 8 7 12
0 9 9 7
1 7 11 6
2 9 13 6
3 5 15 8
3 6 8 6
3 7 7 10
4 8 8 8
(84, 69)

Arvore 348
0 1 6 6
0 8 7 12
0 9 9 7
1 7 11 6
2 9 13 6
3 6 8 6
3 7 7 10
4 8 8 8
5 8 8 12
(77, 73)

Arvore 349
0 1 6 6
0 8 7 12
0 9 9 7
1 7 11 6
2 9 13 6
3 6 8 6
3 7 7 10
4 8 8 8
5 9 14 9
(83, 70)

Arvore 350
0 1 6 6
0 9 9 7
1 7 11 6
2 9 13 6
3 5 15 8
3 6 8 6
3 7 7 10
3 8 8 10
4 8 8 8
(85, 67)

Arvore 351
0 1 6 6
0 9 9 7
1 7 11 6
2 9 13 6
3 6 8 6
3 7 7 10
3 8 8 10
4 8 8 8
5 8 8 12
(78, 71)

Arvore 352
0 1 6 6
0 9 9 7
1 7 11 6
2 9 13 6
3 6 8 6
3 7 7 10
3 8 8 10
4 8 8 8
5 9 14 9
(84, 68)

Arvore 353
0 1 6 6
0 9 9 7
1 7 11 6
2 9 13 6
3 5 15 8
3 6 8 6
3 7 7 10
4 8 8 8
6 8 11 8
(88, 65)

Arvore 354
0 1 6 6
0 9 9 7
1 7 11 6
2 9 13 6
3 6 8 6
3 7 7 10
4 8 8 8
5 8 8 12
6 8 11 8
(81, 69)

Arvore 355
0 1 6 6
0 9 9 7
1 7 11 6
2 9 13 6
3 6 8 6
3 7 7 10
4 8 8 8
5 9 14 9
6 8 11 8
(87, 66)

Arvore 356
0 1 6 6
0 8 7 12
0 9 9 7
1 6 8 9
1 7 11 6
2 9 13 6
3 5 15 8
3 6 8 6
4 8 8 8
(85, 68)

Arvore 357
0 1 6 6
0 8 7 12
0 9 9 7
1 6 8 9
1 7 11 6
2 9 13 6
3 6 8 6
4 8 8 8
5 8 8 12
(78, 72)

Arvore 358
0 1 6 6
0 8 7 12
0 9 9 7
1 6 8 9
1 7 11 6
2 9 13 6
3 6 8 6
4 8 8 8
5 9 14 9
(84, 69)

Arvore 359
0 1 6 6
0 9 9 7
1 6 8 9
1 7 11 6
2 9 13 6
3 5 15 8
3 6 8 6
3 8 8 10
4 8 8 8
(86, 66)

Arvore 360
0 1 6 6
0 9 9 7
1 6 8 9
1 7 11 6
2 9 13 6
3 6 8 6
3 8 8 10
4 8 8 8
5 8 8 12
(79, 70)

Arvore 361
0 1 6 6
0 9 9 7
1 6 8 9
1 7 11 6
2 9 13 6
3 6 8 6
3 8 8 10
4 8 8 8
5 9 14 9
(85, 67)

Arvore 362
0 1 6 6
0 9 9 7
1 6 8 9
1 7 11 6
2 9 13 6
3 5 15 8
3 6 8 6
4 8 8 8
6 8 11 8
(89, 64)

Arvore 363
0 1 6 6
0 9 9 7
1 6 8 9
1 7 11 6
2 9 13 6
3 6 8 6
4 8 8 8
5 8 8 12
6 8 11 8
(82, 68)

Arvore 364
0 1 6 6
0 9 9 7
1 6 8 9
1 7 11 6
2 9 13 6
3 6 8 6
4 8 8 8
5 9 14 9
6 8 11 8
(88, 65)

Arvore 365
0 1 6 6
0 8 7 12
0 9 9 7
1 7 11 6
2 8 10 11
3 5 15 8
3 6 8 6
3 7 7 10
4 8 8 8
(81, 74)

Arvore 366
0 1 6 6
0 8 7 12
0 9 9 7
1 7 11 6
2 8 10 11
3 6 8 6
3 7 7 10
4 8 8 8
5 8 8 12
(74, 78)

Arvore 367
0 1 6 6
0 8 7 12
0 9 9 7
1 7 11 6
2 8 10 11
3 6 8 6
3 7 7 10
4 8 8 8
5 9 14 9
(80, 75)

Arvore 368
0 1 6 6
0 8 7 12
0 9 9 7
1 7 11 6
2 5 9 12
3 6 8 6
3 7 7 10
4 8 8 8
5 8 8 12
(73, 79)

Arvore 369
0 1 6 6
0 9 9 7
1 7 11 6
2 8 10 11
3 5 15 8
3 6 8 6
3 7 7 10
3 8 8 10
4 8 8 8
(82, 72)

Arvore 370
0 1 6 6
0 9 9 7
1 7 11 6
2 8 10 11
3 6 8 6
3 7 7 10
3 8 8 10
4 8 8 8
5 8 8 12
(75, 76)

Arvore 371
0 1 6 6
0 9 9 7
1 7 11 6
2 8 10 11
3 6 8 6
3 7 7 10
3 8 8 10
4 8 8 8
5 9 14 9
(81, 73)

Arvore 372
0 1 6 6
0 9 9 7
1 7 11 6
2 5 9 12
3 6 8 6
3 7 7 10
3 8 8 10
4 8 8 8
5 8 8 12
(74, 77)

Arvore 373
0 1 6 6
0 9 9 7
1 7 11 6
2 8 10 11
3 5 15 8
3 6 8 6
3 7 7 10
4 8 8 8
6 8 11 8
(85, 70)

Arvore 374
0 1 6 6
0 9 9 7
1 7 11 6
2 8 10 11
3 6 8 6
3 7 7 10
4 8 8 8
5 8 8 12
6 8 11 8
(78, 74)

Arvore 375
0 1 6 6
0 9 9 7
1 7 11 6
2 8 10 11
3 6 8 6
3 7 7 10
4 8 8 8
5 9 14 9
6 8 11 8
(84, 71)

Arvore 376
0 1 6 6
0 9 9 7
1 7 11 6
2 5 9 12
3 6 8 6
3 7 7 10
4 8 8 8
5 8 8 12
6 8 11 8
(77, 75)

Arvore 377
0 1 6 6
0 8 7 12
0 9 9 7
1 6 8 9
1 7 11 6
2 8 10 11
3 5 15 8
3 6 8 6
4 8 8 8
(82, 73)

Arvore 378
0 1 6 6
0 8 7 12
0 9 9 7
1 6 8 9
1 7 11 6
2 8 10 11
3 6 8 6
4 8 8 8
5 8 8 12
(75, 77)

Arvore 379
0 1 6 6
0 8 7 12
0 9 9 7
1 6 8 9
1 7 11 6
2 8 10 11
3 6 8 6
4 8 8 8
5 9 14 9
(81, 74)

Arvore 380
0 1 6 6
0 8 7 12
0 9 9 7
1 6 8 9
1 7 11 6
2 5 9 12
3 6 8 6
4 8 8 8
5 8 8 12
(74, 78)

Arvore 381
0 1 6 6
0 9 9 7
1 6 8 9
1 7 11 6
2 8 10 11
3 5 15 8
3 6 8 6
3 8 8 10
4 8 8 8
(83, 71)

Arvore 382
0 1 6 6
0 9 9 7
1 6 8 9
1 7 11 6
2 8 10 11
3 6 8 6
3 8 8 10
4 8 8 8
5 8 8 12
(76, 75)

Arvore 383
0 1 6 6
0 9 9 7
1 6 8 9
1 7 11 6
2 8 10 11
3 6 8 6
3 8 8 10
4 8 8 8
5 9 14 9
(82, 72)

Arvore 384
0 1 6 6
0 9 9 7
1 6 8 9
1 7 11 6
2 5 9 12
3 6 8 6
3 8 8 10
4 8 8 8
5 8 8 12
(75, 76)

Arvore 385
0 1 6 6
0 9 9 7
1 6 8 9
1 7 11 6
2 8 10 11
3 5 15 8
3 6 8 6
4 8 8 8
6 8 11 8
(86, 69)

Arvore 386
0 1 6 6
0 9 9 7
1 6 8 9
1 7 11 6
2 8 10 11
3 6 8 6
4 8 8 8
5 8 8 12
6 8 11 8
(79, 73)

Arvore 387
0 1 6 6
0 9 9 7
1 6 8 9
1 7 11 6
2 8 10 11
3 6 8 6
4 8 8 8
5 9 14 9
6 8 11 8
(85, 70)

Arvore 388
0 1 6 6
0 9 9 7
1 6 8 9
1 7 11 6
2 5 9 12
3 6 8 6
4 8 8 8
5 8 8 12
6 8 11 8
(78, 74)

Arvore 389
0 1 6 6
0 8 7 12
0 9 9 7
1 6 8 9
2 8 10 11
3 5 15 8
3 6 8 6
3 7 7 10
4 8 8 8
(78, 77)

Arvore 390
0 1 6 6
0 8 7 12
0 9 9 7
1 6 8 9
2 8 10 11
3 6 8 6
3 7 7 10
4 8 8 8
5 8 8 12
(71, 81)

Arvore 391
0 1 6 6
0 8 7 12
0 9 9 7
1 6 8 9
2 8 10 11
3 6 8 6
3 7 7 10
4 8 8 8
5 9 14 9
(77, 78)

Arvore 392
0 1 6 6
0 8 7 12
0 9 9 7
1 6 8 9
2 9 13 6
3 5 15 8
3 6 8 6
3 7 7 10
4 8 8 8
(81, 72)

Arvore 393
0 1 6 6
0 8 7 12
0 9 9 7
1 6 8 9
2 9 13 6
3 6 8 6
3 7 7 10
4 8 8 8
5 8 8 12
(74, 76)

Arvore 394
0 1 6 6
0 8 7 12
0 9 9 7
1 6 8 9
2 9 13 6
3 6 8 6
3 7 7 10
4 8 8 8
5 9 14 9
(80, 73)

Arvore 395
0 1 6 6
0 8 7 12
0 9 9 7
1 6 8 9
2 5 9 12
3 6 8 6
3 7 7 10
4 8 8 8
5 8 8 12
(70, 82)

Arvore 396
0 1 6 6
0 9 9 7
1 4 6 14
1 6 8 9
2 8 10 11
3 5 15 8
3 6 8 6
3 7 7 10
4 8 8 8
(77, 79)

Arvore 397
0 1 6 6
0 9 9 7
1 4 6 14
1 6 8 9
2 8 10 11
3 6 8 6
3 7 7 10
4 8 8 8
5 8 8 12
(70, 83)

Arvore 398
0 1 6 6
0 9 9 7
1 4 6 14
1 6 8 9
2 8 10 11
3 6 8 6
3 7 7 10
4 8 8 8
5 9 14 9
(76, 80)

Arvore 399
0 1 6 6
0 9 9 7
1 4 6 14
1 6 8 9
2 9 13 6
3 5 15 8
3 6 8 6
3 7 7 10
4 8 8 8
(80, 74)

Arvore 400
0 1 6 6
0 9 9 7
1 4 6 14
1 6 8 9
2 9 13 6
3 6 8 6
3 7 7 10
4 8 8 8
5 8 8 12
(73, 78)

Arvore 401
0 1 6 6
0 9 9 7
1 4 6 14
1 6 8 9
2 9 13 6
3 6 8 6
3 7 7 10
4 8 8 8
5 9 14 9
(79, 75)

Arvore 402
0 1 6 6
0 9 9 7
1 4 6 14
1 6 8 9
2 5 9 12
3 6 8 6
3 7 7 10
4 8 8 8
5 8 8 12
(69, 84)

Arvore 403
0 1 6 6
0 9 9 7
1 6 8 9
2 9 13 6
3 5 15 8
3 6 8 6
3 7 7 10
3 8 8 10
4 8 8 8
(82, 70)

Arvore 404
0 1 6 6
0 9 9 7
1 6 8 9
2 9 13 6
3 6 8 6
3 7 7 10
3 8 8 10
4 8 8 8
5 8 8 12
(75, 74)

Arvore 405
0 1 6 6
0 9 9 7
1 6 8 9
2 9 13 6
3 6 8 6
3 7 7 10
3 8 8 10
4 8 8 8
5 9 14 9
(81, 71)

Arvore 406
0 1 6 6
0 9 9 7
1 6 8 9
2 9 13 6
3 5 15 8
3 6 8 6
3 7 7 10
4 8 8 8
6 8 11 8
(85, 68)

Arvore 407
0 1 6 6
0 9 9 7
1 6 8 9
2 9 13 6
3 6 8 6
3 7 7 10
4 8 8 8
5 8 8 12
6 8 11 8
(78, 72)

Arvore 408
0 1 6 6
0 9 9 7
1 6 8 9
2 9 13 6
3 6 8 6
3 7 7 10
4 8 8 8
5 9 14 9
6 8 11 8
(84, 69)

Arvore 409
0 1 6 6
0 9 9 7
1 6 8 9
2 8 10 11
3 5 15 8
3 6 8 6
3 7 7 10
3 8 8 10
4 8 8 8
(79, 75)

Arvore 410
0 1 6 6
0 9 9 7
1 6 8 9
2 8 10 11
3 6 8 6
3 7 7 10
3 8 8 10
4 8 8 8
5 8 8 12
(72, 79)

Arvore 411
0 1 6 6
0 9 9 7
1 6 8 9
2 8 10 11
3 6 8 6
3 7 7 10
3 8 8 10
4 8 8 8
5 9 14 9
(78, 76)

Arvore 412
0 1 6 6
0 9 9 7
1 6 8 9
2 5 9 12
3 6 8 6
3 7 7 10
3 8 8 10
4 8 8 8
5 8 8 12
(71, 80)

Arvore 413
0 1 6 6
0 9 9 7
1 6 8 9
2 8 10 11
3 5 15 8
3 6 8 6
3 7 7 10
4 8 8 8
6 8 11 8
(82, 73)

Arvore 414
0 1 6 6
0 9 9 7
1 6 8 9
2 8 10 11
3 6 8 6
3 7 7 10
4 8 8 8
5 8 8 12
6 8 11 8
(75, 77)

Arvore 415
0 1 6 6
0 9 9 7
1 6 8 9
2 8 10 11
3 6 8 6
3 7 7 10
4 8 8 8
5 9 14 9
6 8 11 8
(81, 74)

Arvore 416
0 1 6 6
0 9 9 7
1 6 8 9
2 5 9 12
3 6 8 6
3 7 7 10
4 8 8 8
5 8 8 12
6 8 11 8
(74, 78)

Arvore 417
0 1 6 6
0 8 7 12
0 9 9 7
2 8 10 11
3 5 15 8
3 6 8 6
3 7 7 10
4 8 8 8
7 9 6 11
(76, 79)

Arvore 418
0 1 6 6
0 8 7 12
0 9 9 7
2 8 10 11
3 6 8 6
3 7 7 10
4 8 8 8
5 8 8 12
7 9 6 11
(69, 83)

Arvore 419
0 1 6 6
0 8 7 12
0 9 9 7
2 8 10 11
3 6 8 6
3 7 7 10
4 8 8 8
5 9 14 9
7 9 6 11
(75, 80)

Arvore 420
0 1 6 6
0 8 7 12
0 9 9 7
2 9 13 6
3 5 15 8
3 6 8 6
3 7 7 10
4 8 8 8
7 9 6 11
(79, 74)

Arvore 421
0 1 6 6
0 8 7 12
0 9 9 7
2 9 13 6
3 6 8 6
3 7 7 10
4 8 8 8
5 8 8 12
7 9 6 11
(72, 78)

Arvore 422
0 1 6 6
0 8 7 12
0 9 9 7
2 9 13 6
3 6 8 6
3 7 7 10
4 8 8 8
5 9 14 9
7 9 6 11
(78, 75)

Arvore 423
0 1 6 6
0 8 7 12
0 9 9 7
2 5 9 12
3 6 8 6
3 7 7 10
4 8 8 8
5 8 8 12
7 9 6 11
(68, 84)

Arvore 424
0 1 6 6
0 9 9 7
1 4 6 14
2 8 10 11
3 5 15 8
3 6 8 6
3 7 7 10
4 8 8 8
7 9 6 11
(75, 81)

Arvore 425
0 1 6 6
0 9 9 7
1 4 6 14
2 8 10 11
3 6 8 6
3 7 7 10
4 8 8 8
5 8 8 12
7 9 6 11
(68, 85)

Arvore 426
0 1 6 6
0 9 9 7
1 4 6 14
2 8 10 11
3 6 8 6
3 7 7 10
4 8 8 8
5 9 14 9
7 9 6 11
(74, 82)

Arvore 427
0 1 6 6
0 9 9 7
1 4 6 14
2 9 13 6
3 5 15 8
3 6 8 6
3 7 7 10
4 8 8 8
7 9 6 11
(78, 76)

Arvore 428
0 1 6 6
0 9 9 7
1 4 6 14
2 9 13 6
3 6 8 6
3 7 7 10
4 8 8 8
5 8 8 12
7 9 6 11
(71, 80)

Arvore 429
0 1 6 6
0 9 9 7
1 4 6 14
2 9 13 6
3 6 8 6
3 7 7 10
4 8 8 8
5 9 14 9
7 9 6 11
(77, 77)

Arvore 430
0 1 6 6
0 9 9 7
1 4 6 14
2 5 9 12
3 6 8 6
3 7 7 10
4 8 8 8
5 8 8 12
7 9 6 11
(67, 86)

Arvore 431
0 1 6 6
0 9 9 7
2 9 13 6
3 5 15 8
3 6 8 6
3 7 7 10
3 8 8 10
4 8 8 8
7 9 6 11
(80, 72)

Arvore 432
0 1 6 6
0 9 9 7
2 9 13 6
3 6 8 6
3 7 7 10
3 8 8 10
4 8 8 8
5 8 8 12
7 9 6 11
(73, 76)

Arvore 433
0 1 6 6
0 9 9 7
2 9 13 6
3 6 8 6
3 7 7 10
3 8 8 10
4 8 8 8
5 9 14 9
7 9 6 11
(79, 73)

Arvore 434
0 1 6 6
0 9 9 7
2 9 13 6
3 5 15 8
3 6 8 6
3 7 7 10
4 8 8 8
6 8 11 8
7 9 6 11
(83, 70)

Arvore 435
0 1 6 6
0 9 9 7
2 9 13 6
3 6 8 6
3 7 7 10
4 8 8 8
5 8 8 12
6 8 11 8
7 9 6 11
(76, 74)

Arvore 436
0 1 6 6
0 9 9 7
2 9 13 6
3 6 8 6
3 7 7 10
4 8 8 8
5 9 14 9
6 8 11 8
7 9 6 11
(82, 71)

Arvore 437
0 1 6 6
0 9 9 7
2 8 10 11
3 5 15 8
3 6 8 6
3 7 7 10
3 8 8 10
4 8 8 8
7 9 6 11
(77, 77)

Arvore 438
0 1 6 6
0 9 9 7
2 8 10 11
3 6 8 6
3 7 7 10
3 8 8 10
4 8 8 8
5 8 8 12
7 9 6 11
(70, 81)

Arvore 439
0 1 6 6
0 9 9 7
2 8 10 11
3 6 8 6
3 7 7 10
3 8 8 10
4 8 8 8
5 9 14 9
7 9 6 11
(76, 78)

Arvore 440
0 1 6 6
0 9 9 7
2 5 9 12
3 6 8 6
3 7 7 10
3 8 8 10
4 8 8 8
5 8 8 12
7 9 6 11
(69, 82)

Arvore 441
0 1 6 6
0 9 9 7
2 8 10 11
3 5 15 8
3 6 8 6
3 7 7 10
4 8 8 8
6 8 11 8
7 9 6 11
(80, 75)

Arvore 442
0 1 6 6
0 9 9 7
2 8 10 11
3 6 8 6
3 7 7 10
4 8 8 8
5 8 8 12
6 8 11 8
7 9 6 11
(73, 79)

Arvore 443
0 1 6 6
0 9 9 7
2 8 10 11
3 6 8 6
3 7 7 10
4 8 8 8
5 9 14 9
6 8 11 8
7 9 6 11
(79, 76)

Arvore 444
0 1 6 6
0 9 9 7
2 5 9 12
3 6 8 6
3 7 7 10
4 8 8 8
5 8 8 12
6 8 11 8
7 9 6 11
(72, 80)

Arvore 445
0 1 6 6
0 8 7 12
0 9 9 7
1 4 6 14
2 8 10 11
3 5 15 8
3 6 8 6
3 7 7 10
7 9 6 11
(74, 85)

Arvore 446
0 1 6 6
0 8 7 12
0 9 9 7
1 4 6 14
2 8 10 11
3 6 8 6
3 7 7 10
5 8 8 12
7 9 6 11
(67, 89)

Arvore 447
0 1 6 6
0 8 7 12
0 9 9 7
1 4 6 14
2 8 10 11
3 6 8 6
3 7 7 10
5 9 14 9
7 9 6 11
(73, 86)

Arvore 448
0 1 6 6
0 8 7 12
0 9 9 7
1 4 6 14
2 9 13 6
3 5 15 8
3 6 8 6
3 7 7 10
7 9 6 11
(77, 80)

Arvore 449
0 1 6 6
0 8 7 12
0 9 9 7
1 4 6 14
2 9 13 6
3 6 8 6
3 7 7 10
5 8 8 12
7 9 6 11
(70, 84)

Arvore 450
0 1 6 6
0 8 7 12
0 9 9 7
1 4 6 14
2 9 13 6
3 6 8 6
3 7 7 10
5 9 14 9
7 9 6 11
(76, 81)

Arvore 451
0 1 6 6
0 8 7 12
0 9 9 7
1 4 6 14
2 5 9 12
3 6 8 6
3 7 7 10
5 8 8 12
7 9 6 11
(66, 90)

Arvore 452
0 1 6 6
0 8 7 12
0 9 9 7
1 6 8 9
2 8 10 11
3 5 15 8
3 6 8 6
4 8 8 8
7 9 6 11
(77, 78)

Arvore 453
0 1 6 6
0 8 7 12
0 9 9 7
1 6 8 9
2 8 10 11
3 6 8 6
4 8 8 8
5 8 8 12
7 9 6 11
(70, 82)

Arvore 454
0 1 6 6
0 8 7 12
0 9 9 7
1 6 8 9
2 8 10 11
3 6 8 6
4 8 8 8
5 9 14 9
7 9 6 11
(76, 79)

Arvore 455
0 1 6 6
0 8 7 12
0 9 9 7
1 6 8 9
2 9 13 6
3 5 15 8
3 6 8 6
4 8 8 8
7 9 6 11
(80, 73)

Arvore 456
0 1 6 6
0 8 7 12
0 9 9 7
1 6 8 9
2 9 13 6
3 6 8 6
4 8 8 8
5 8 8 12
7 9 6 11
(73, 77)

Arvore 457
0 1 6 6
0 8 7 12
0 9 9 7
1 6 8 9
2 9 13 6
3 6 8 6
4 8 8 8
5 9 14 9
7 9 6 11
(79, 74)

Arvore 458
0 1 6 6
0 8 7 12
0 9 9 7
1 6 8 9
2 5 9 12
3 6 8 6
4 8 8 8
5 8 8 12
7 9 6 11
(69, 83)

Arvore 459
0 1 6 6
0 9 9 7
1 4 6 14
1 6 8 9
2 8 10 11
3 5 15 8
3 6 8 6
4 8 8 8
7 9 6 11
(76, 80)

Arvore 460
0 1 6 6
0 9 9 7
1 4 6 14
1 6 8 9
2 8 10 11
3 6 8 6
4 8 8 8
5 8 8 12
7 9 6 11
(69, 84)

Arvore 461
0 1 6 6
0 9 9 7
1 4 6 14
1 6 8 9
2 8 10 11
3 6 8 6
4 8 8 8
5 9 14 9
7 9 6 11
(75, 81)

Arvore 462
0 1 6 6
0 9 9 7
1 4 6 14
1 6 8 9
2 9 13 6
3 5 15 8
3 6 8 6
4 8 8 8
7 9 6 11
(79, 75)

Arvore 463
0 1 6 6
0 9 9 7
1 4 6 14
1 6 8 9
2 9 13 6
3 6 8 6
4 8 8 8
5 8 8 12
7 9 6 11
(72, 79)

Arvore 464
0 1 6 6
0 9 9 7
1 4 6 14
1 6 8 9
2 9 13 6
3 6 8 6
4 8 8 8
5 9 14 9
7 9 6 11
(78, 76)

Arvore 465
0 1 6 6
0 9 9 7
1 4 6 14
1 6 8 9
2 5 9 12
3 6 8 6
4 8 8 8
5 8 8 12
7 9 6 11
(68, 85)

Arvore 466
0 1 6 6
0 9 9 7
1 6 8 9
2 9 13 6
3 5 15 8
3 6 8 6
3 8 8 10
4 8 8 8
7 9 6 11
(81, 71)

Arvore 467
0 1 6 6
0 9 9 7
1 6 8 9
2 9 13 6
3 6 8 6
3 8 8 10
4 8 8 8
5 8 8 12
7 9 6 11
(74, 75)

Arvore 468
0 1 6 6
0 9 9 7
1 6 8 9
2 9 13 6
3 6 8 6
3 8 8 10
4 8 8 8
5 9 14 9
7 9 6 11
(80, 72)

Arvore 469
0 1 6 6
0 9 9 7
1 6 8 9
2 9 13 6
3 5 15 8
3 6 8 6
4 8 8 8
6 8 11 8
7 9 6 11
(84, 69)

Arvore 470
0 1 6 6
0 9 9 7
1 6 8 9
2 9 13 6
3 6 8 6
4 8 8 8
5 8 8 12
6 8 11 8
7 9 6 11
(77, 73)

Arvore 471
0 1 6 6
0 9 9 7
1 6 8 9
2 9 13 6
3 6 8 6
4 8 8 8
5 9 14 9
6 8 11 8
7 9 6 11
(83, 70)

Arvore 472
0 1 6 6
0 9 9 7
1 6 8 9
2 8 10 11
3 5 15 8
3 6 8 6
3 8 8 10
4 8 8 8
7 9 6 11
(78, 76)

Arvore 473
0 1 6 6
0 9 9 7
1 6 8 9
2 8 10 11
3 6 8 6
3 8 8 10
4 8 8 8
5 8 8 12
7 9 6 11
(71, 80)

Arvore 474
0 1 6 6
0 9 9 7
1 6 8 9
2 8 10 11
3 6 8 6
3 8 8 10
4 8 8 8
5 9 14 9
7 9 6 11
(77, 77)

Arvore 475
0 1 6 6
0 9 9 7
1 6 8 9
2 5 9 12
3 6 8 6
3 8 8 10
4 8 8 8
5 8 8 12
7 9 6 11
(70, 81)

Arvore 476
0 1 6 6
0 9 9 7
1 6 8 9
2 8 10 11
3 5 15 8
3 6 8 6
4 8 8 8
6 8 11 8
7 9 6 11
(81, 74)

Arvore 477
0 1 6 6
0 9 9 7
1 6 8 9
2 8 10 11
3 6 8 6
4 8 8 8
5 8 8 12
6 8 11 8
7 9 6 11
(74, 78)

Arvore 478
0 1 6 6
0 9 9 7
1 6 8 9
2 8 10 11
3 6 8 6
4 8 8 8
5 9 14 9
6 8 11 8
7 9 6 11
(80, 75)

Arvore 479
0 1 6 6
0 9 9 7
1 6 8 9
2 5 9 12
3 6 8 6
4 8 8 8
5 8 8 12
6 8 11 8
7 9 6 11
(73, 79)

Arvore 480
0 1 6 6
0 9 9 7
1 4 6 14
2 9 13 6
3 5 15 8
3 6 8 6
4 8 8 8
6 8 11 8
7 9 6 11
(82, 74)

Arvore 481
0 1 6 6
0 9 9 7
1 4 6 14
2 9 13 6
3 6 8 6
4 8 8 8
5 8 8 12
6 8 11 8
7 9 6 11
(75, 78)

Arvore 482
0 1 6 6
0 9 9 7
1 4 6 14
2 9 13 6
3 6 8 6
4 8 8 8
5 9 14 9
6 8 11 8
7 9 6 11
(81, 75)

Arvore 483
0 1 6 6
0 9 9 7
1 4 6 14
2 8 10 11
3 5 15 8
3 6 8 6
4 8 8 8
6 8 11 8
7 9 6 11
(79, 79)

Arvore 484
0 1 6 6
0 9 9 7
1 4 6 14
2 8 10 11
3 6 8 6
4 8 8 8
5 8 8 12
6 8 11 8
7 9 6 11
(72, 83)

Arvore 485
0 1 6 6
0 9 9 7
1 4 6 14
2 8 10 11
3 6 8 6
4 8 8 8
5 9 14 9
6 8 11 8
7 9 6 11
(78, 80)

Arvore 486
0 1 6 6
0 9 9 7
1 4 6 14
2 5 9 12
3 6 8 6
4 8 8 8
5 8 8 12
6 8 11 8
7 9 6 11
(71, 84)

Arvore 487
0 1 6 6
1 7 11 6
2 9 13 6
3 5 15 8
3 6 8 6
3 7 7 10
3 8 8 10
4 8 8 8
7 9 6 11
(82, 71)

Arvore 488
0 1 6 6
1 7 11 6
2 9 13 6
3 6 8 6
3 7 7 10
3 8 8 10
4 8 8 8
5 8 8 12
7 9 6 11
(75, 75)

Arvore 489
0 1 6 6
1 7 11 6
2 9 13 6
3 6 8 6
3 7 7 10
3 8 8 10
4 8 8 8
5 9 14 9
7 9 6 11
(81, 72)

Arvore 490
0 1 6 6
0 8 7 12
1 7 11 6
2 9 13 6
3 5 15 8
3 6 8 6
3 7 7 10
4 8 8 8
7 9 6 11
(81, 73)

Arvore 491
0 1 6 6
0 8 7 12
1 7 11 6
2 9 13 6
3 6 8 6
3 7 7 10
4 8 8 8
5 8 8 12
7 9 6 11
(74, 77)

Arvore 492
0 1 6 6
0 8 7 12
1 7 11 6
2 9 13 6
3 6 8 6
3 7 7 10
4 8 8 8
5 9 14 9
7 9 6 11
(80, 74)

Arvore 493
0 1 6 6
1 4 6 14
1 7 11 6
2 9 13 6
3 5 15 8
3 6 8 6
3 7 7 10
4 8 8 8
7 9 6 11
(80, 75)

Arvore 494
0 1 6 6
1 4 6 14
1 7 11 6
2 9 13 6
3 6 8 6
3 7 7 10
4 8 8 8
5 8 8 12
7 9 6 11
(73, 79)

Arvore 495
0 1 6 6
1 4 6 14
1 7 11 6
2 9 13 6
3 6 8 6
3 7 7 10
4 8 8 8
5 9 14 9
7 9 6 11
(79, 76)

Arvore 496
0 1 6 6
1 7 11 6
2 9 13 6
3 5 15 8
3 6 8 6
3 7 7 10
4 8 8 8
6 8 11 8
7 9 6 11
(85, 69)

Arvore 497
0 1 6 6
1 7 11 6
2 9 13 6
3 6 8 6
3 7 7 10
4 8 8 8
5 8 8 12
6 8 11 8
7 9 6 11
(78, 73)

Arvore 498
0 1 6 6
1 7 11 6
2 9 13 6
3 6 8 6
3 7 7 10
4 8 8 8
5 9 14 9
6 8 11 8
7 9 6 11
(84, 70)

Arvore 499
0 1 6 6
0 8 7 12
1 4 6 14
1 7 11 6
2 9 13 6
3 5 15 8
3 6 8 6
3 7 7 10
7 9 6 11
(79, 79)

Arvore 500
0 1 6 6
0 8 7 12
1 4 6 14
1 7 11 6
2 9 13 6
3 6 8 6
3 7 7 10
5 8 8 12
7 9 6 11
(72, 83)

Arvore 501
0 1 6 6
0 8 7 12
1 4 6 14
1 7 11 6
2 9 13 6
3 6 8 6
3 7 7 10
5 9 14 9
7 9 6 11
(78, 80)

Arvore 502
0 1 6 6
1 6 8 9
1 7 11 6
2 9 13 6
3 5 15 8
3 6 8 6
3 8 8 10
4 8 8 8
7 9 6 11
(83, 70)

Arvore 503
0 1 6 6
1 6 8 9
1 7 11 6
2 9 13 6
3 6 8 6
3 8 8 10
4 8 8 8
5 8 8 12
7 9 6 11
(76, 74)

Arvore 504
0 1 6 6
1 6 8 9
1 7 11 6
2 9 13 6
3 6 8 6
3 8 8 10
4 8 8 8
5 9 14 9
7 9 6 11
(82, 71)

Arvore 505
0 1 6 6
0 8 7 12
1 6 8 9
1 7 11 6
2 9 13 6
3 5 15 8
3 6 8 6
4 8 8 8
7 9 6 11
(82, 72)

Arvore 506
0 1 6 6
0 8 7 12
1 6 8 9
1 7 11 6
2 9 13 6
3 6 8 6
4 8 8 8
5 8 8 12
7 9 6 11
(75, 76)

Arvore 507
0 1 6 6
0 8 7 12
1 6 8 9
1 7 11 6
2 9 13 6
3 6 8 6
4 8 8 8
5 9 14 9
7 9 6 11
(81, 73)

Arvore 508
0 1 6 6
1 4 6 14
1 6 8 9
1 7 11 6
2 9 13 6
3 5 15 8
3 6 8 6
4 8 8 8
7 9 6 11
(81, 74)

Arvore 509
0 1 6 6
1 4 6 14
1 6 8 9
1 7 11 6
2 9 13 6
3 6 8 6
4 8 8 8
5 8 8 12
7 9 6 11
(74, 78)

Arvore 510
0 1 6 6
1 4 6 14
1 6 8 9
1 7 11 6
2 9 13 6
3 6 8 6
4 8 8 8
5 9 14 9
7 9 6 11
(80, 75)

Arvore 511
0 1 6 6
1 6 8 9
1 7 11 6
2 9 13 6
3 5 15 8
3 6 8 6
4 8 8 8
6 8 11 8
7 9 6 11
(86, 68)

Arvore 512
0 1 6 6
1 6 8 9
1 7 11 6
2 9 13 6
3 6 8 6
4 8 8 8
5 8 8 12
6 8 11 8
7 9 6 11
(79, 72)

Arvore 513
0 1 6 6
1 6 8 9
1 7 11 6
2 9 13 6
3 6 8 6
4 8 8 8
5 9 14 9
6 8 11 8
7 9 6 11
(85, 69)

Arvore 514
0 1 6 6
1 4 6 14
1 7 11 6
2 9 13 6
3 5 15 8
3 6 8 6
4 8 8 8
6 8 11 8
7 9 6 11
(84, 73)

Arvore 515
0 1 6 6
1 4 6 14
1 7 11 6
2 9 13 6
3 6 8 6
4 8 8 8
5 8 8 12
6 8 11 8
7 9 6 11
(77, 77)

Arvore 516
0 1 6 6
1 4 6 14
1 7 11 6
2 9 13 6
3 6 8 6
4 8 8 8
5 9 14 9
6 8 11 8
7 9 6 11
(83, 74)

Arvore 517
0 1 6 6
1 7 11 6
2 8 10 11
3 5 15 8
3 6 8 6
3 7 7 10
3 8 8 10
4 8 8 8
7 9 6 11
(79, 76)

Arvore 518
0 1 6 6
1 7 11 6
2 8 10 11
3 6 8 6
3 7 7 10
3 8 8 10
4 8 8 8
5 8 8 12
7 9 6 11
(72, 80)

Arvore 519
0 1 6 6
1 7 11 6
2 8 10 11
3 6 8 6
3 7 7 10
3 8 8 10
4 8 8 8
5 9 14 9
7 9 6 11
(78, 77)

Arvore 520
0 1 6 6
1 7 11 6
2 5 9 12
3 6 8 6
3 7 7 10
3 8 8 10
4 8 8 8
5 8 8 12
7 9 6 11
(71, 81)

Arvore 521
0 1 6 6
0 8 7 12
1 7 11 6
2 8 10 11
3 5 15 8
3 6 8 6
3 7 7 10
4 8 8 8
7 9 6 11
(78, 78)

Arvore 522
0 1 6 6
0 8 7 12
1 7 11 6
2 8 10 11
3 6 8 6
3 7 7 10
4 8 8 8
5 8 8 12
7 9 6 11
(71, 82)

Arvore 523
0 1 6 6
0 8 7 12
1 7 11 6
2 8 10 11
3 6 8 6
3 7 7 10
4 8 8 8
5 9 14 9
7 9 6 11
(77, 79)

Arvore 524
0 1 6 6
0 8 7 12
1 7 11 6
2 5 9 12
3 6 8 6
3 7 7 10
4 8 8 8
5 8 8 12
7 9 6 11
(70, 83)

Arvore 525
0 1 6 6
1 4 6 14
1 7 11 6
2 8 10 11
3 5 15 8
3 6 8 6
3 7 7 10
4 8 8 8
7 9 6 11
(77, 80)

Arvore 526
0 1 6 6
1 4 6 14
1 7 11 6
2 8 10 11
3 6 8 6
3 7 7 10
4 8 8 8
5 8 8 12
7 9 6 11
(70, 84)

Arvore 527
0 1 6 6
1 4 6 14
1 7 11 6
2 8 10 11
3 6 8 6
3 7 7 10
4 8 8 8
5 9 14 9
7 9 6 11
(76, 81)

Arvore 528
0 1 6 6
1 4 6 14
1 7 11 6
2 5 9 12
3 6 8 6
3 7 7 10
4 8 8 8
5 8 8 12
7 9 6 11
(69, 85)

Arvore 529
0 1 6 6
1 7 11 6
2 8 10 11
3 5 15 8
3 6 8 6
3 7 7 10
4 8 8 8
6 8 11 8
7 9 6 11
(82, 74)

Arvore 530
0 1 6 6
1 7 11 6
2 8 10 11
3 6 8 6
3 7 7 10
4 8 8 8
5 8 8 12
6 8 11 8
7 9 6 11
(75, 78)

Arvore 531
0 1 6 6
1 7 11 6
2 8 10 11
3 6 8 6
3 7 7 10
4 8 8 8
5 9 14 9
6 8 11 8
7 9 6 11
(81, 75)

Arvore 532
0 1 6 6
1 7 11 6
2 5 9 12
3 6 8 6
3 7 7 10
4 8 8 8
5 8 8 12
6 8 11 8
7 9 6 11
(74, 79)

Arvore 533
0 1 6 6
0 8 7 12
1 4 6 14
1 7 11 6
2 8 10 11
3 5 15 8
3 6 8 6
3 7 7 10
7 9 6 11
(76, 84)

Arvore 534
0 1 6 6
0 8 7 12
1 4 6 14
1 7 11 6
2 8 10 11
3 6 8 6
3 7 7 10
5 8 8 12
7 9 6 11
(69, 88)

Arvore 535
0 1 6 6
0 8 7 12
1 4 6 14
1 7 11 6
2 8 10 11
3 6 8 6
3 7 7 10
5 9 14 9
7 9 6 11
(75, 85)

Arvore 536
0 1 6 6
0 8 7 12
1 4 6 14
1 7 11 6
2 5 9 12
3 6 8 6
3 7 7 10
5 8 8 12
7 9 6 11
(68, 89)

Arvore 537
0 1 6 6
1 6 8 9
1 7 11 6
2 8 10 11
3 5 15 8
3 6 8 6
3 8 8 10
4 8 8 8
7 9 6 11
(80, 75)

Arvore 538
0 1 6 6
1 6 8 9
1 7 11 6
2 8 10 11
3 6 8 6
3 8 8 10
4 8 8 8
5 8 8 12
7 9 6 11
(73, 79)

Arvore 539
0 1 6 6
1 6 8 9
1 7 11 6
2 8 10 11
3 6 8 6
3 8 8 10
4 8 8 8
5 9 14 9
7 9 6 11
(79, 76)

Arvore 540
0 1 6 6
1 6 8 9
1 7 11 6
2 5 9 12
3 6 8 6
3 8 8 10
4 8 8 8
5 8 8 12
7 9 6 11
(72, 80)

Arvore 541
0 1 6 6
0 8 7 12
1 6 8 9
1 7 11 6
2 8 10 11
3 5 15 8
3 6 8 6
4 8 8 8
7 9 6 11
(79, 77)

Arvore 542
0 1 6 6
0 8 7 12
1 6 8 9
1 7 11 6
2 8 10 11
3 6 8 6
4 8 8 8
5 8 8 12
7 9 6 11
(72, 81)

Arvore 543
0 1 6 6
0 8 7 12
1 6 8 9
1 7 11 6
2 8 10 11
3 6 8 6
4 8 8 8
5 9 14 9
7 9 6 11
(78, 78)

Arvore 544
0 1 6 6
0 8 7 12
1 6 8 9
1 7 11 6
2 5 9 12
3 6 8 6
4 8 8 8
5 8 8 12
7 9 6 11
(71, 82)

Arvore 545
0 1 6 6
1 4 6 14
1 6 8 9
1 7 11 6
2 8 10 11
3 5 15 8
3 6 8 6
4 8 8 8
7 9 6 11
(78, 79)

Arvore 546
0 1 6 6
1 4 6 14
1 6 8 9
1 7 11 6
2 8 10 11
3 6 8 6
4 8 8 8
5 8 8 12
7 9 6 11
(71, 83)

Arvore 547
0 1 6 6
1 4 6 14
1 6 8 9
1 7 11 6
2 8 10 11
3 6 8 6
4 8 8 8
5 9 14 9
7 9 6 11
(77, 80)

Arvore 548
0 1 6 6
1 4 6 14
1 6 8 9
1 7 11 6
2 5 9 12
3 6 8 6
4 8 8 8
5 8 8 12
7 9 6 11
(70, 84)

Arvore 549
0 1 6 6
1 6 8 9
1 7 11 6
2 8 10 11
3 5 15 8
3 6 8 6
4 8 8 8
6 8 11 8
7 9 6 11
(83, 73)

Arvore 550
0 1 6 6
1 6 8 9
1 7 11 6
2 8 10 11
3 6 8 6
4 8 8 8
5 8 8 12
6 8 11 8
7 9 6 11
(76, 77)

Arvore 551
0 1 6 6
1 6 8 9
1 7 11 6
2 8 10 11
3 6 8 6
4 8 8 8
5 9 14 9
6 8 11 8
7 9 6 11
(82, 74)

Arvore 552
0 1 6 6
1 6 8 9
1 7 11 6
2 5 9 12
3 6 8 6
4 8 8 8
5 8 8 12
6 8 11 8
7 9 6 11
(75, 78)

Arvore 553
0 1 6 6
1 4 6 14
1 7 11 6
2 8 10 11
3 5 15 8
3 6 8 6
4 8 8 8
6 8 11 8
7 9 6 11
(81, 78)

Arvore 554
0 1 6 6
1 4 6 14
1 7 11 6
2 8 10 11
3 6 8 6
4 8 8 8
5 8 8 12
6 8 11 8
7 9 6 11
(74, 82)

Arvore 555
0 1 6 6
1 4 6 14
1 7 11 6
2 8 10 11
3 6 8 6
4 8 8 8
5 9 14 9
6 8 11 8
7 9 6 11
(80, 79)

Arvore 556
0 1 6 6
1 4 6 14
1 7 11 6
2 5 9 12
3 6 8 6
4 8 8 8
5 8 8 12
6 8 11 8
7 9 6 11
(73, 83)

Arvore 557
0 1 6 6
1 6 8 9
2 9 13 6
3 5 15 8
3 6 8 6
3 7 7 10
3 8 8 10
4 8 8 8
7 9 6 11
(79, 74)

Arvore 558
0 1 6 6
1 6 8 9
2 9 13 6
3 6 8 6
3 7 7 10
3 8 8 10
4 8 8 8
5 8 8 12
7 9 6 11
(72, 78)

Arvore 559
0 1 6 6
1 6 8 9
2 9 13 6
3 6 8 6
3 7 7 10
3 8 8 10
4 8 8 8
5 9 14 9
7 9 6 11
(78, 75)

Arvore 560
0 1 6 6
0 8 7 12
1 6 8 9
2 9 13 6
3 5 15 8
3 6 8 6
3 7 7 10
4 8 8 8
7 9 6 11
(78, 76)

Arvore 561
0 1 6 6
0 8 7 12
1 6 8 9
2 9 13 6
3 6 8 6
3 7 7 10
4 8 8 8
5 8 8 12
7 9 6 11
(71, 80)

Arvore 562
0 1 6 6
0 8 7 12
1 6 8 9
2 9 13 6
3 6 8 6
3 7 7 10
4 8 8 8
5 9 14 9
7 9 6 11
(77, 77)

Arvore 563
0 1 6 6
1 4 6 14
1 6 8 9
2 9 13 6
3 5 15 8
3 6 8 6
3 7 7 10
4 8 8 8
7 9 6 11
(77, 78)

Arvore 564
0 1 6 6
1 4 6 14
1 6 8 9
2 9 13 6
3 6 8 6
3 7 7 10
4 8 8 8
5 8 8 12
7 9 6 11
(70, 82)

Arvore 565
0 1 6 6
1 4 6 14
1 6 8 9
2 9 13 6
3 6 8 6
3 7 7 10
4 8 8 8
5 9 14 9
7 9 6 11
(76, 79)

Arvore 566
0 1 6 6
1 6 8 9
2 9 13 6
3 5 15 8
3 6 8 6
3 7 7 10
4 8 8 8
6 8 11 8
7 9 6 11
(82, 72)

Arvore 567
0 1 6 6
1 6 8 9
2 9 13 6
3 6 8 6
3 7 7 10
4 8 8 8
5 8 8 12
6 8 11 8
7 9 6 11
(75, 76)

Arvore 568
0 1 6 6
1 6 8 9
2 9 13 6
3 6 8 6
3 7 7 10
4 8 8 8
5 9 14 9
6 8 11 8
7 9 6 11
(81, 73)

Arvore 569
0 1 6 6
1 6 8 9
2 8 10 11
3 5 15 8
3 6 8 6
3 7 7 10
3 8 8 10
4 8 8 8
7 9 6 11
(76, 79)

Arvore 570
0 1 6 6
1 6 8 9
2 8 10 11
3 6 8 6
3 7 7 10
3 8 8 10
4 8 8 8
5 8 8 12
7 9 6 11
(69, 83)

Arvore 571
0 1 6 6
1 6 8 9
2 8 10 11
3 6 8 6
3 7 7 10
3 8 8 10
4 8 8 8
5 9 14 9
7 9 6 11
(75, 80)

Arvore 572
0 1 6 6
1 6 8 9
2 5 9 12
3 6 8 6
3 7 7 10
3 8 8 10
4 8 8 8
5 8 8 12
7 9 6 11
(68, 84)

Arvore 573
0 1 6 6
0 8 7 12
1 6 8 9
2 8 10 11
3 5 15 8
3 6 8 6
3 7 7 10
4 8 8 8
7 9 6 11
(75, 81)

Arvore 574
0 1 6 6
0 8 7 12
1 6 8 9
2 8 10 11
3 6 8 6
3 7 7 10
4 8 8 8
5 8 8 12
7 9 6 11
(68, 85)

Arvore 575
0 1 6 6
0 8 7 12
1 6 8 9
2 8 10 11
3 6 8 6
3 7 7 10
4 8 8 8
5 9 14 9
7 9 6 11
(74, 82)

Arvore 576
0 1 6 6
0 8 7 12
1 6 8 9
2 5 9 12
3 6 8 6
3 7 7 10
4 8 8 8
5 8 8 12
7 9 6 11
(67, 86)

Arvore 577
0 1 6 6
1 4 6 14
1 6 8 9
2 8 10 11
3 5 15 8
3 6 8 6
3 7 7 10
4 8 8 8
7 9 6 11
(74, 83)

Arvore 578
0 1 6 6
1 4 6 14
1 6 8 9
2 8 10 11
3 6 8 6
3 7 7 10
4 8 8 8
5 8 8 12
7 9 6 11
(67, 87)

Arvore 579
0 1 6 6
1 4 6 14
1 6 8 9
2 8 10 11
3 6 8 6
3 7 7 10
4 8 8 8
5 9 14 9
7 9 6 11
(73, 84)

Arvore 580
0 1 6 6
1 4 6 14
1 6 8 9
2 5 9 12
3 6 8 6
3 7 7 10
4 8 8 8
5 8 8 12
7 9 6 11
(66, 88)

Arvore 581
0 1 6 6
1 6 8 9
2 8 10 11
3 5 15 8
3 6 8 6
3 7 7 10
4 8 8 8
6 8 11 8
7 9 6 11
(79, 77)

Arvore 582
0 1 6 6
1 6 8 9
2 8 10 11
3 6 8 6
3 7 7 10
4 8 8 8
5 8 8 12
6 8 11 8
7 9 6 11
(72, 81)

Arvore 583
0 1 6 6
1 6 8 9
2 8 10 11
3 6 8 6
3 7 7 10
4 8 8 8
5 9 14 9
6 8 11 8
7 9 6 11
(78, 78)

Arvore 584
0 1 6 6
1 6 8 9
2 5 9 12
3 6 8 6
3 7 7 10
4 8 8 8
5 8 8 12
6 8 11 8
7 9 6 11
(71, 82)

Arvore 585
0 1 6 6
0 8 7 12
1 4 6 14
1 6 8 9
2 8 10 11
3 5 15 8
3 6 8 6
3 7 7 10
7 9 6 11
(73, 87)

Arvore 586
0 1 6 6
0 8 7 12
1 4 6 14
1 6 8 9
2 8 10 11
3 6 8 6
3 7 7 10
5 8 8 12
7 9 6 11
(66, 91)

Arvore 587
0 1 6 6
0 8 7 12
1 4 6 14
1 6 8 9
2 8 10 11
3 6 8 6
3 7 7 10
5 9 14 9
7 9 6 11
(72, 88)

Arvore 588
0 1 6 6
0 8 7 12
1 4 6 14
1 6 8 9
2 9 13 6
3 5 15 8
3 6 8 6
3 7 7 10
7 9 6 11
(76, 82)

Arvore 589
0 1 6 6
0 8 7 12
1 4 6 14
1 6 8 9
2 9 13 6
3 6 8 6
3 7 7 10
5 8 8 12
7 9 6 11
(69, 86)

Arvore 590
0 1 6 6
0 8 7 12
1 4 6 14
1 6 8 9
2 9 13 6
3 6 8 6
3 7 7 10
5 9 14 9
7 9 6 11
(75, 83)

Arvore 591
0 1 6 6
0 8 7 12
1 4 6 14
1 6 8 9
2 5 9 12
3 6 8 6
3 7 7 10
5 8 8 12
7 9 6 11
(65, 92)

Arvore 592
0 2 0 94
0 8 7 12
0 9 9 7
1 2 94 0
1 4 6 14
1 7 11 6
3 5 15 8
3 6 8 6
3 7 7 10
(157, 157)

Arvore 593
0 2 0 94
0 8 7 12
0 9 9 7
1 2 94 0
1 4 6 14
1 7 11 6
3 6 8 6
3 7 7 10
5 8 8 12
(150, 161)

Arvore 594
0 2 0 94
0 8 7 12
0 9 9 7
1 2 94 0
1 4 6 14
1 7 11 6
3 6 8 6
3 7 7 10
5 9 14 9
(156, 158)

Arvore 595
0 2 0 94
0 9 9 7
1 2 94 0
1 4 6 14
1 7 11 6
3 5 15 8
3 6 8 6
3 7 7 10
4 8 8 8
(158, 153)

Arvore 596
0 2 0 94
0 9 9 7
1 2 94 0
1 4 6 14
1 7 11 6
3 6 8 6
3 7 7 10
4 8 8 8
5 8 8 12
(151, 157)

Arvore 597
0 2 0 94
0 9 9 7
1 2 94 0
1 4 6 14
1 7 11 6
3 6 8 6
3 7 7 10
4 8 8 8
5 9 14 9
(157, 154)

Arvore 598
0 2 0 94
0 9 9 7
1 2 94 0
1 4 6 14
1 6 8 9
1 7 11 6
3 5 15 8
3 6 8 6
4 8 8 8
(159, 152)

Arvore 599
0 2 0 94
0 9 9 7
1 2 94 0
1 4 6 14
1 6 8 9
1 7 11 6
3 6 8 6
4 8 8 8
5 8 8 12
(152, 156)

Arvore 600
0 2 0 94
0 9 9 7
1 2 94 0
1 4 6 14
1 6 8 9
1 7 11 6
3 6 8 6
4 8 8 8
5 9 14 9
(158, 153)

Arvore 601
0 2 0 94
0 9 9 7
1 2 94 0
1 4 6 14
1 7 11 6
3 5 15 8
3 6 8 6
4 8 8 8
6 8 11 8
(162, 151)

Arvore 602
0 2 0 94
0 9 9 7
1 2 94 0
1 4 6 14
1 7 11 6
3 6 8 6
4 8 8 8
5 8 8 12
6 8 11 8
(155, 155)

Arvore 603
0 2 0 94
0 9 9 7
1 2 94 0
1 4 6 14
1 7 11 6
3 6 8 6
4 8 8 8
5 9 14 9
6 8 11 8
(161, 152)

Arvore 604
0 2 0 94
0 8 7 12
0 9 9 7
1 2 94 0
1 7 11 6
3 5 15 8
3 6 8 6
3 7 7 10
4 8 8 8
(159, 151)

Arvore 605
0 2 0 94
0 8 7 12
0 9 9 7
1 2 94 0
1 7 11 6
3 6 8 6
3 7 7 10
4 8 8 8
5 8 8 12
(152, 155)

Arvore 606
0 2 0 94
0 8 7 12
0 9 9 7
1 2 94 0
1 7 11 6
3 6 8 6
3 7 7 10
4 8 8 8
5 9 14 9
(158, 152)

Arvore 607
0 2 0 94
0 9 9 7
1 2 94 0
1 7 11 6
3 5 15 8
3 6 8 6
3 7 7 10
3 8 8 10
4 8 8 8
(160, 149)

Arvore 608
0 2 0 94
0 9 9 7
1 2 94 0
1 7 11 6
3 6 8 6
3 7 7 10
3 8 8 10
4 8 8 8
5 8 8 12
(153, 153)

Arvore 609
0 2 0 94
0 9 9 7
1 2 94 0
1 7 11 6
3 6 8 6
3 7 7 10
3 8 8 10
4 8 8 8
5 9 14 9
(159, 150)

Arvore 610
0 2 0 94
0 9 9 7
1 2 94 0
1 7 11 6
3 5 15 8
3 6 8 6
3 7 7 10
4 8 8 8
6 8 11 8
(163, 147)

Arvore 611
0 2 0 94
0 9 9 7
1 2 94 0
1 7 11 6
3 6 8 6
3 7 7 10
4 8 8 8
5 8 8 12
6 8 11 8
(156, 151)

Arvore 612
0 2 0 94
0 9 9 7
1 2 94 0
1 7 11 6
3 6 8 6
3 7 7 10
4 8 8 8
5 9 14 9
6 8 11 8
(162, 148)

Arvore 613
0 2 0 94
0 8 7 12
0 9 9 7
1 2 94 0
1 6 8 9
1 7 11 6
3 5 15 8
3 6 8 6
4 8 8 8
(160, 150)

Arvore 614
0 2 0 94
0 8 7 12
0 9 9 7
1 2 94 0
1 6 8 9
1 7 11 6
3 6 8 6
4 8 8 8
5 8 8 12
(153, 154)

Arvore 615
0 2 0 94
0 8 7 12
0 9 9 7
1 2 94 0
1 6 8 9
1 7 11 6
3 6 8 6
4 8 8 8
5 9 14 9
(159, 151)

Arvore 616
0 2 0 94
0 9 9 7
1 2 94 0
1 6 8 9
1 7 11 6
3 5 15 8
3 6 8 6
3 8 8 10
4 8 8 8
(161, 148)

Arvore 617
0 2 0 94
0 9 9 7
1 2 94 0
1 6 8 9
1 7 11 6
3 6 8 6
3 8 8 10
4 8 8 8
5 8 8 12
(154, 152)

Arvore 618
0 2 0 94
0 9 9 7
1 2 94 0
1 6 8 9
1 7 11 6
3 6 8 6
3 8 8 10
4 8 8 8
5 9 14 9
(160, 149)

Arvore 619
0 2 0 94
0 9 9 7
1 2 94 0
1 6 8 9
1 7 11 6
3 5 15 8
3 6 8 6
4 8 8 8
6 8 11 8
(164, 146)

Arvore 620
0 2 0 94
0 9 9 7
1 2 94 0
1 6 8 9
1 7 11 6
3 6 8 6
4 8 8 8
5 8 8 12
6 8 11 8
(157, 150)

Arvore 621
0 2 0 94
0 9 9 7
1 2 94 0
1 6 8 9
1 7 11 6
3 6 8 6
4 8 8 8
5 9 14 9
6 8 11 8
(163, 147)

Arvore 622
0 2 0 94
0 8 7 12
0 9 9 7
1 2 94 0
1 6 8 9
3 5 15 8
3 6 8 6
3 7 7 10
4 8 8 8
(156, 154)

Arvore 623
0 2 0 94
0 8 7 12
0 9 9 7
1 2 94 0
1 6 8 9
3 6 8 6
3 7 7 10
4 8 8 8
5 8 8 12
(149, 158)

Arvore 624
0 2 0 94
0 8 7 12
0 9 9 7
1 2 94 0
1 6 8 9
3 6 8 6
3 7 7 10
4 8 8 8
5 9 14 9
(155, 155)

Arvore 625
0 2 0 94
0 9 9 7
1 2 94 0
1 4 6 14
1 6 8 9
3 5 15 8
3 6 8 6
3 7 7 10
4 8 8 8
(155, 156)

Arvore 626
0 2 0 94
0 9 9 7
1 2 94 0
1 4 6 14
1 6 8 9
3 6 8 6
3 7 7 10
4 8 8 8
5 8 8 12
(148, 160)

Arvore 627
0 2 0 94
0 9 9 7
1 2 94 0
1 4 6 14
1 6 8 9
3 6 8 6
3 7 7 10
4 8 8 8
5 9 14 9
(154, 157)

Arvore 628
0 2 0 94
0 9 9 7
1 2 94 0
1 6 8 9
3 5 15 8
3 6 8 6
3 7 7 10
3 8 8 10
4 8 8 8
(157, 152)

Arvore 629
0 2 0 94
0 9 9 7
1 2 94 0
1 6 8 9
3 6 8 6
3 7 7 10
3 8 8 10
4 8 8 8
5 8 8 12
(150, 156)

Arvore 630
0 2 0 94
0 9 9 7
1 2 94 0
1 6 8 9
3 6 8 6
3 7 7 10
3 8 8 10
4 8 8 8
5 9 14 9
(156, 153)

Arvore 631
0 2 0 94
0 9 9 7
1 2 94 0
1 6 8 9
3 5 15 8
3 6 8 6
3 7 7 10
4 8 8 8
6 8 11 8
(160, 150)

Arvore 632
0 2 0 94
0 9 9 7
1 2 94 0
1 6 8 9
3 6 8 6
3 7 7 10
4 8 8 8
5 8 8 12
6 8 11 8
(153, 154)

Arvore 633
0 2 0 94
0 9 9 7
1 2 94 0
1 6 8 9
3 6 8 6
3 7 7 10
4 8 8 8
5 9 14 9
6 8 11 8
(159, 151)

Arvore 634
0 2 0 94
0 8 7 12
0 9 9 7
1 2 94 0
3 5 15 8
3 6 8 6
3 7 7 10
4 8 8 8
7 9 6 11
(154, 156)

Arvore 635
0 2 0 94
0 8 7 12
0 9 9 7
1 2 94 0
3 6 8 6
3 7 7 10
4 8 8 8
5 8 8 12
7 9 6 11
(147, 160)

Arvore 636
0 2 0 94
0 8 7 12
0 9 9 7
1 2 94 0
3 6 8 6
3 7 7 10
4 8 8 8
5 9 14 9
7 9 6 11
(153, 157)

Arvore 637
0 2 0 94
0 9 9 7
1 2 94 0
1 4 6 14
3 5 15 8
3 6 8 6
3 7 7 10
4 8 8 8
7 9 6 11
(153, 158)

Arvore 638
0 2 0 94
0 9 9 7
1 2 94 0
1 4 6 14
3 6 8 6
3 7 7 10
4 8 8 8
5 8 8 12
7 9 6 11
(146, 162)

Arvore 639
0 2 0 94
0 9 9 7
1 2 94 0
1 4 6 14
3 6 8 6
3 7 7 10
4 8 8 8
5 9 14 9
7 9 6 11
(152, 159)

Arvore 640
0 2 0 94
0 9 9 7
1 2 94 0
3 5 15 8
3 6 8 6
3 7 7 10
3 8 8 10
4 8 8 8
7 9 6 11
(155, 154)

Arvore 641
0 2 0 94
0 9 9 7
1 2 94 0
3 6 8 6
3 7 7 10
3 8 8 10
4 8 8 8
5 8 8 12
7 9 6 11
(148, 158)

Arvore 642
0 2 0 94
0 9 9 7
1 2 94 0
3 6 8 6
3 7 7 10
3 8 8 10
4 8 8 8
5 9 14 9
7 9 6 11
(154, 155)

Arvore 643
0 2 0 94
0 9 9 7
1 2 94 0
3 5 15 8
3 6 8 6
3 7 7 10
4 8 8 8
6 8 11 8
7 9 6 11
(158, 152)

Arvore 644
0 2 0 94
0 9 9 7
1 2 94 0
3 6 8 6
3 7 7 10
4 8 8 8
5 8 8 12
6 8 11 8
7 9 6 11
(151, 156)

Arvore 645
0 2 0 94
0 9 9 7
1 2 94 0
3 6 8 6
3 7 7 10
4 8 8 8
5 9 14 9
6 8 11 8
7 9 6 11
(157, 153)

Arvore 646
0 2 0 94
0 8 7 12
0 9 9 7
1 2 94 0
1 4 6 14
3 5 15 8
3 6 8 6
3 7 7 10
7 9 6 11
(152, 162)

Arvore 647
0 2 0 94
0 8 7 12
0 9 9 7
1 2 94 0
1 4 6 14
3 6 8 6
3 7 7 10
5 8 8 12
7 9 6 11
(145, 166)

Arvore 648
0 2 0 94
0 8 7 12
0 9 9 7
1 2 94 0
1 4 6 14
3 6 8 6
3 7 7 10
5 9 14 9
7 9 6 11
(151, 163)

Arvore 649
0 2 0 94
0 8 7 12
0 9 9 7
1 2 94 0
1 6 8 9
3 5 15 8
3 6 8 6
4 8 8 8
7 9 6 11
(155, 155)

Arvore 650
0 2 0 94
0 8 7 12
0 9 9 7
1 2 94 0
1 6 8 9
3 6 8 6
4 8 8 8
5 8 8 12
7 9 6 11
(148, 159)

Arvore 651
0 2 0 94
0 8 7 12
0 9 9 7
1 2 94 0
1 6 8 9
3 6 8 6
4 8 8 8
5 9 14 9
7 9 6 11
(154, 156)

Arvore 652
0 2 0 94
0 9 9 7
1 2 94 0
1 4 6 14
1 6 8 9
3 5 15 8
3 6 8 6
4 8 8 8
7 9 6 11
(154, 157)

Arvore 653
0 2 0 94
0 9 9 7
1 2 94 0
1 4 6 14
1 6 8 9
3 6 8 6
4 8 8 8
5 8 8 12
7 9 6 11
(147, 161)

Arvore 654
0 2 0 94
0 9 9 7
1 2 94 0
1 4 6 14
1 6 8 9
3 6 8 6
4 8 8 8
5 9 14 9
7 9 6 11
(153, 158)

Arvore 655
0 2 0 94
0 9 9 7
1 2 94 0
1 6 8 9
3 5 15 8
3 6 8 6
3 8 8 10
4 8 8 8
7 9 6 11
(156, 153)

Arvore 656
0 2 0 94
0 9 9 7
1 2 94 0
1 6 8 9
3 6 8 6
3 8 8 10
4 8 8 8
5 8 8 12
7 9 6 11
(149, 157)

Arvore 657
0 2 0 94
0 9 9 7
1 2 94 0
1 6 8 9
3 6 8 6
3 8 8 10
4 8 8 8
5 9 14 9
7 9 6 11
(155, 154)

Arvore 658
0 2 0 94
0 9 9 7
1 2 94 0
1 6 8 9
3 5 15 8
3 6 8 6
4 8 8 8
6 8 11 8
7 9 6 11
(159, 151)

Arvore 659
0 2 0 94
0 9 9 7
1 2 94 0
1 6 8 9
3 6 8 6
4 8 8 8
5 8 8 12
6 8 11 8
7 9 6 11
(152, 155)

Arvore 660
0 2 0 94
0 9 9 7
1 2 94 0
1 6 8 9
3 6 8 6
4 8 8 8
5 9 14 9
6 8 11 8
7 9 6 11
(158, 152)

Arvore 661
0 2 0 94
0 9 9 7
1 2 94 0
1 4 6 14
3 5 15 8
3 6 8 6
4 8 8 8
6 8 11 8
7 9 6 11
(157, 156)

Arvore 662
0 2 0 94
0 9 9 7
1 2 94 0
1 4 6 14
3 6 8 6
4 8 8 8
5 8 8 12
6 8 11 8
7 9 6 11
(150, 160)

Arvore 663
0 2 0 94
0 9 9 7
1 2 94 0
1 4 6 14
3 6 8 6
4 8 8 8
5 9 14 9
6 8 11 8
7 9 6 11
(156, 157)

Arvore 664
0 2 0 94
0 8 7 12
1 2 94 0
1 4 6 14
1 7 11 6
2 9 13 6
3 5 15 8
3 6 8 6
3 7 7 10
(161, 156)

Arvore 665
0 2 0 94
0 8 7 12
1 2 94 0
1 4 6 14
1 7 11 6
2 9 13 6
3 6 8 6
3 7 7 10
5 8 8 12
(154, 160)

Arvore 666
0 2 0 94
0 8 7 12
1 2 94 0
1 4 6 14
1 7 11 6
2 9 13 6
3 6 8 6
3 7 7 10
5 9 14 9
(160, 157)

Arvore 667
0 2 0 94
1 2 94 0
1 4 6 14
1 7 11 6
2 9 13 6
3 5 15 8
3 6 8 6
3 7 7 10
4 8 8 8
(162, 152)

Arvore 668
0 2 0 94
1 2 94 0
1 4 6 14
1 7 11 6
2 9 13 6
3 6 8 6
3 7 7 10
4 8 8 8
5 8 8 12
(155, 156)

Arvore 669
0 2 0 94
1 2 94 0
1 4 6 14
1 7 11 6
2 9 13 6
3 6 8 6
3 7 7 10
4 8 8 8
5 9 14 9
(161, 153)

Arvore 670
0 2 0 94
1 2 94 0
1 4 6 14
1 6 8 9
1 7 11 6
2 9 13 6
3 5 15 8
3 6 8 6
4 8 8 8
(163, 151)

Arvore 671
0 2 0 94
1 2 94 0
1 4 6 14
1 6 8 9
1 7 11 6
2 9 13 6
3 6 8 6
4 8 8 8
5 8 8 12
(156, 155)

Arvore 672
0 2 0 94
1 2 94 0
1 4 6 14
1 6 8 9
1 7 11 6
2 9 13 6
3 6 8 6
4 8 8 8
5 9 14 9
(162, 152)

Arvore 673
0 2 0 94
1 2 94 0
1 4 6 14
1 7 11 6
2 9 13 6
3 5 15 8
3 6 8 6
4 8 8 8
6 8 11 8
(166, 150)

Arvore 674
0 2 0 94
1 2 94 0
1 4 6 14
1 7 11 6
2 9 13 6
3 6 8 6
4 8 8 8
5 8 8 12
6 8 11 8
(159, 154)

Arvore 675
0 2 0 94
1 2 94 0
1 4 6 14
1 7 11 6
2 9 13 6
3 6 8 6
4 8 8 8
5 9 14 9
6 8 11 8
(165, 151)

Arvore 676
0 2 0 94
0 8 7 12
1 2 94 0
1 7 11 6
2 9 13 6
3 5 15 8
3 6 8 6
3 7 7 10
4 8 8 8
(163, 150)

Arvore 677
0 2 0 94
0 8 7 12
1 2 94 0
1 7 11 6
2 9 13 6
3 6 8 6
3 7 7 10
4 8 8 8
5 8 8 12
(156, 154)

Arvore 678
0 2 0 94
0 8 7 12
1 2 94 0
1 7 11 6
2 9 13 6
3 6 8 6
3 7 7 10
4 8 8 8
5 9 14 9
(162, 151)

Arvore 679
0 2 0 94
1 2 94 0
1 7 11 6
2 9 13 6
3 5 15 8
3 6 8 6
3 7 7 10
3 8 8 10
4 8 8 8
(164, 148)

Arvore 680
0 2 0 94
1 2 94 0
1 7 11 6
2 9 13 6
3 6 8 6
3 7 7 10
3 8 8 10
4 8 8 8
5 8 8 12
(157, 152)

Arvore 681
0 2 0 94
1 2 94 0
1 7 11 6
2 9 13 6
3 6 8 6
3 7 7 10
3 8 8 10
4 8 8 8
5 9 14 9
(163, 149)

Arvore 682
0 2 0 94
1 2 94 0
1 7 11 6
2 9 13 6
3 5 15 8
3 6 8 6
3 7 7 10
4 8 8 8
6 8 11 8
(167, 146)

Arvore 683
0 2 0 94
1 2 94 0
1 7 11 6
2 9 13 6
3 6 8 6
3 7 7 10
4 8 8 8
5 8 8 12
6 8 11 8
(160, 150)

Arvore 684
0 2 0 94
1 2 94 0
1 7 11 6
2 9 13 6
3 6 8 6
3 7 7 10
4 8 8 8
5 9 14 9
6 8 11 8
(166, 147)

Arvore 685
0 2 0 94
0 8 7 12
1 2 94 0
1 6 8 9
1 7 11 6
2 9 13 6
3 5 15 8
3 6 8 6
4 8 8 8
(164, 149)

Arvore 686
0 2 0 94
0 8 7 12
1 2 94 0
1 6 8 9
1 7 11 6
2 9 13 6
3 6 8 6
4 8 8 8
5 8 8 12
(157, 153)

Arvore 687
0 2 0 94
0 8 7 12
1 2 94 0
1 6 8 9
1 7 11 6
2 9 13 6
3 6 8 6
4 8 8 8
5 9 14 9
(163, 150)

Arvore 688
0 2 0 94
1 2 94 0
1 6 8 9
1 7 11 6
2 9 13 6
3 5 15 8
3 6 8 6
3 8 8 10
4 8 8 8
(165, 147)

Arvore 689
0 2 0 94
1 2 94 0
1 6 8 9
1 7 11 6
2 9 13 6
3 6 8 6
3 8 8 10
4 8 8 8
5 8 8 12
(158, 151)

Arvore 690
0 2 0 94
1 2 94 0
1 6 8 9
1 7 11 6
2 9 13 6
3 6 8 6
3 8 8 10
4 8 8 8
5 9 14 9
(164, 148)

Arvore 691
0 2 0 94
1 2 94 0
1 6 8 9
1 7 11 6
2 9 13 6
3 5 15 8
3 6 8 6
4 8 8 8
6 8 11 8
(168, 145)

Arvore 692
0 2 0 94
1 2 94 0
1 6 8 9
1 7 11 6
2 9 13 6
3 6 8 6
4 8 8 8
5 8 8 12
6 8 11 8
(161, 149)

Arvore 693
0 2 0 94
1 2 94 0
1 6 8 9
1 7 11 6
2 9 13 6
3 6 8 6
4 8 8 8
5 9 14 9
6 8 11 8
(167, 146)

Arvore 694
0 2 0 94
1 2 94 0
1 7 11 6
3 5 15 8
3 6 8 6
3 7 7 10
3 8 8 10
4 8 8 8
7 9 6 11
(157, 153)

Arvore 695
0 2 0 94
1 2 94 0
1 7 11 6
3 6 8 6
3 7 7 10
3 8 8 10
4 8 8 8
5 8 8 12
7 9 6 11
(150, 157)

Arvore 696
0 2 0 94
1 2 94 0
1 7 11 6
3 6 8 6
3 7 7 10
3 8 8 10
4 8 8 8
5 9 14 9
7 9 6 11
(156, 154)

Arvore 697
0 2 0 94
0 8 7 12
1 2 94 0
1 7 11 6
3 5 15 8
3 6 8 6
3 7 7 10
4 8 8 8
7 9 6 11
(156, 155)

Arvore 698
0 2 0 94
0 8 7 12
1 2 94 0
1 7 11 6
3 6 8 6
3 7 7 10
4 8 8 8
5 8 8 12
7 9 6 11
(149, 159)

Arvore 699
0 2 0 94
0 8 7 12
1 2 94 0
1 7 11 6
3 6 8 6
3 7 7 10
4 8 8 8
5 9 14 9
7 9 6 11
(155, 156)

Arvore 700
0 2 0 94
1 2 94 0
1 4 6 14
1 7 11 6
3 5 15 8
3 6 8 6
3 7 7 10
4 8 8 8
7 9 6 11
(155, 157)

Arvore 701
0 2 0 94
1 2 94 0
1 4 6 14
1 7 11 6
3 6 8 6
3 7 7 10
4 8 8 8
5 8 8 12
7 9 6 11
(148, 161)

Arvore 702
0 2 0 94
1 2 94 0
1 4 6 14
1 7 11 6
3 6 8 6
3 7 7 10
4 8 8 8
5 9 14 9
7 9 6 11
(154, 158)

Arvore 703
0 2 0 94
1 2 94 0
1 7 11 6
3 5 15 8
3 6 8 6
3 7 7 10
4 8 8 8
6 8 11 8
7 9 6 11
(160, 151)

Arvore 704
0 2 0 94
1 2 94 0
1 7 11 6
3 6 8 6
3 7 7 10
4 8 8 8
5 8 8 12
6 8 11 8
7 9 6 11
(153, 155)

Arvore 705
0 2 0 94
1 2 94 0
1 7 11 6
3 6 8 6
3 7 7 10
4 8 8 8
5 9 14 9
6 8 11 8
7 9 6 11
(159, 152)

Arvore 706
0 2 0 94
0 8 7 12
1 2 94 0
1 4 6 14
1 7 11 6
3 5 15 8
3 6 8 6
3 7 7 10
7 9 6 11
(154, 161)

Arvore 707
0 2 0 94
0 8 7 12
1 2 94 0
1 4 6 14
1 7 11 6
3 6 8 6
3 7 7 10
5 8 8 12
7 9 6 11
(147, 165)

Arvore 708
0 2 0 94
0 8 7 12
1 2 94 0
1 4 6 14
1 7 11 6
3 6 8 6
3 7 7 10
5 9 14 9
7 9 6 11
(153, 162)

Arvore 709
0 2 0 94
1 2 94 0
1 6 8 9
1 7 11 6
3 5 15 8
3 6 8 6
3 8 8 10
4 8 8 8
7 9 6 11
(158, 152)

Arvore 710
0 2 0 94
1 2 94 0
1 6 8 9
1 7 11 6
3 6 8 6
3 8 8 10
4 8 8 8
5 8 8 12
7 9 6 11
(151, 156)

Arvore 711
0 2 0 94
1 2 94 0
1 6 8 9
1 7 11 6
3 6 8 6
3 8 8 10
4 8 8 8
5 9 14 9
7 9 6 11
(157, 153)

Arvore 712
0 2 0 94
0 8 7 12
1 2 94 0
1 6 8 9
1 7 11 6
3 5 15 8
3 6 8 6
4 8 8 8
7 9 6 11
(157, 154)

Arvore 713
0 2 0 94
0 8 7 12
1 2 94 0
1 6 8 9
1 7 11 6
3 6 8 6
4 8 8 8
5 8 8 12
7 9 6 11
(150, 158)

Arvore 714
0 2 0 94
0 8 7 12
1 2 94 0
1 6 8 9
1 7 11 6
3 6 8 6
4 8 8 8
5 9 14 9
7 9 6 11
(156, 155)

Arvore 715
0 2 0 94
1 2 94 0
1 4 6 14
1 6 8 9
1 7 11 6
3 5 15 8
3 6 8 6
4 8 8 8
7 9 6 11
(156, 156)

Arvore 716
0 2 0 94
1 2 94 0
1 4 6 14
1 6 8 9
1 7 11 6
3 6 8 6
4 8 8 8
5 8 8 12
7 9 6 11
(149, 160)

Arvore 717
0 2 0 94
1 2 94 0
1 4 6 14
1 6 8 9
1 7 11 6
3 6 8 6
4 8 8 8
5 9 14 9
7 9 6 11
(155, 157)

Arvore 718
0 2 0 94
1 2 94 0
1 6 8 9
1 7 11 6
3 5 15 8
3 6 8 6
4 8 8 8
6 8 11 8
7 9 6 11
(161, 150)

Arvore 719
0 2 0 94
1 2 94 0
1 6 8 9
1 7 11 6
3 6 8 6
4 8 8 8
5 8 8 12
6 8 11 8
7 9 6 11
(154, 154)

Arvore 720
0 2 0 94
1 2 94 0
1 6 8 9
1 7 11 6
3 6 8 6
4 8 8 8
5 9 14 9
6 8 11 8
7 9 6 11
(160, 151)

Arvore 721
0 2 0 94
1 2 94 0
1 4 6 14
1 7 11 6
3 5 15 8
3 6 8 6
4 8 8 8
6 8 11 8
7 9 6 11
(159, 155)

Arvore 722
0 2 0 94
1 2 94 0
1 4 6 14
1 7 11 6
3 6 8 6
4 8 8 8
5 8 8 12
6 8 11 8
7 9 6 11
(152, 159)

Arvore 723
0 2 0 94
1 2 94 0
1 4 6 14
1 7 11 6
3 6 8 6
4 8 8 8
5 9 14 9
6 8 11 8
7 9 6 11
(158, 156)

Arvore 724
0 2 0 94
0 8 7 12
1 2 94 0
1 6 8 9
2 9 13 6
3 5 15 8
3 6 8 6
3 7 7 10
4 8 8 8
(160, 153)

Arvore 725
0 2 0 94
0 8 7 12
1 2 94 0
1 6 8 9
2 9 13 6
3 6 8 6
3 7 7 10
4 8 8 8
5 8 8 12
(153, 157)

Arvore 726
0 2 0 94
0 8 7 12
1 2 94 0
1 6 8 9
2 9 13 6
3 6 8 6
3 7 7 10
4 8 8 8
5 9 14 9
(159, 154)

Arvore 727
0 2 0 94
1 2 94 0
1 4 6 14
1 6 8 9
2 9 13 6
3 5 15 8
3 6 8 6
3 7 7 10
4 8 8 8
(159, 155)

Arvore 728
0 2 0 94
1 2 94 0
1 4 6 14
1 6 8 9
2 9 13 6
3 6 8 6
3 7 7 10
4 8 8 8
5 8 8 12
(152, 159)

Arvore 729
0 2 0 94
1 2 94 0
1 4 6 14
1 6 8 9
2 9 13 6
3 6 8 6
3 7 7 10
4 8 8 8
5 9 14 9
(158, 156)

Arvore 730
0 2 0 94
1 2 94 0
1 6 8 9
2 9 13 6
3 5 15 8
3 6 8 6
3 7 7 10
3 8 8 10
4 8 8 8
(161, 151)

Arvore 731
0 2 0 94
1 2 94 0
1 6 8 9
2 9 13 6
3 6 8 6
3 7 7 10
3 8 8 10
4 8 8 8
5 8 8 12
(154, 155)

Arvore 732
0 2 0 94
1 2 94 0
1 6 8 9
2 9 13 6
3 6 8 6
3 7 7 10
3 8 8 10
4 8 8 8
5 9 14 9
(160, 152)

Arvore 733
0 2 0 94
1 2 94 0
1 6 8 9
2 9 13 6
3 5 15 8
3 6 8 6
3 7 7 10
4 8 8 8
6 8 11 8
(164, 149)

Arvore 734
0 2 0 94
1 2 94 0
1 6 8 9
2 9 13 6
3 6 8 6
3 7 7 10
4 8 8 8
5 8 8 12
6 8 11 8
(157, 153)

Arvore 735
0 2 0 94
1 2 94 0
1 6 8 9
2 9 13 6
3 6 8 6
3 7 7 10
4 8 8 8
5 9 14 9
6 8 11 8
(163, 150)

Arvore 736
0 2 0 94
1 2 94 0
1 6 8 9
3 5 15 8
3 6 8 6
3 7 7 10
3 8 8 10
4 8 8 8
7 9 6 11
(154, 156)

Arvore 737
0 2 0 94
1 2 94 0
1 6 8 9
3 6 8 6
3 7 7 10
3 8 8 10
4 8 8 8
5 8 8 12
7 9 6 11
(147, 160)

Arvore 738
0 2 0 94
1 2 94 0
1 6 8 9
3 6 8 6
3 7 7 10
3 8 8 10
4 8 8 8
5 9 14 9
7 9 6 11
(153, 157)

Arvore 739
0 2 0 94
0 8 7 12
1 2 94 0
1 6 8 9
3 5 15 8
3 6 8 6
3 7 7 10
4 8 8 8
7 9 6 11
(153, 158)

Arvore 740
0 2 0 94
0 8 7 12
1 2 94 0
1 6 8 9
3 6 8 6
3 7 7 10
4 8 8 8
5 8 8 12
7 9 6 11
(146, 162)

Arvore 741
0 2 0 94
0 8 7 12
1 2 94 0
1 6 8 9
3 6 8 6
3 7 7 10
4 8 8 8
5 9 14 9
7 9 6 11
(152, 159)

Arvore 742
0 2 0 94
1 2 94 0
1 4 6 14
1 6 8 9
3 5 15 8
3 6 8 6
3 7 7 10
4 8 8 8
7 9 6 11
(152, 160)

Arvore 743
0 2 0 94
1 2 94 0
1 4 6 14
1 6 8 9
3 6 8 6
3 7 7 10
4 8 8 8
5 8 8 12
7 9 6 11
(145, 164)

Arvore 744
0 2 0 94
1 2 94 0
1 4 6 14
1 6 8 9
3 6 8 6
3 7 7 10
4 8 8 8
5 9 14 9
7 9 6 11
(151, 161)

Arvore 745
0 2 0 94
1 2 94 0
1 6 8 9
3 5 15 8
3 6 8 6
3 7 7 10
4 8 8 8
6 8 11 8
7 9 6 11
(157, 154)

Arvore 746
0 2 0 94
1 2 94 0
1 6 8 9
3 6 8 6
3 7 7 10
4 8 8 8
5 8 8 12
6 8 11 8
7 9 6 11
(150, 158)

Arvore 747
0 2 0 94
1 2 94 0
1 6 8 9
3 6 8 6
3 7 7 10
4 8 8 8
5 9 14 9
6 8 11 8
7 9 6 11
(156, 155)

Arvore 748
0 2 0 94
0 8 7 12
1 2 94 0
1 4 6 14
1 6 8 9
3 5 15 8
3 6 8 6
3 7 7 10
7 9 6 11
(151, 164)

Arvore 749
0 2 0 94
0 8 7 12
1 2 94 0
1 4 6 14
1 6 8 9
3 6 8 6
3 7 7 10
5 8 8 12
7 9 6 11
(144, 168)

Arvore 750
0 2 0 94
0 8 7 12
1 2 94 0
1 4 6 14
1 6 8 9
3 6 8 6
3 7 7 10
5 9 14 9
7 9 6 11
(150, 165)

