118
1.18
Arvore 1
0 1 10 10
0 2 0 90
0 5 21 12
2 4 14 17
2 6 10 20
3 5 19 13
(74, 162)

Arvore 2
0 1 10 10
0 2 0 90
0 5 21 12
2 4 14 17
2 6 10 20
3 6 14 19
(69, 168)

Arvore 3
0 1 10 10
0 2 0 90
0 5 21 12
0 6 22 18
2 4 14 17
3 5 19 13
(86, 160)

Arvore 4
0 1 10 10
0 2 0 90
0 5 21 12
2 4 14 17
3 5 19 13
3 6 14 19
(78, 161)

Arvore 5
0 1 10 10
0 2 0 90
0 5 21 12
2 4 14 17
3 4 18 19
3 6 14 19
(77, 167)

Arvore 6
0 1 10 10
0 2 0 90
0 5 21 12
2 4 14 17
2 6 10 20
3 5 19 13
(74, 162)

Arvore 7
0 1 10 10
0 2 0 90
2 4 14 17
2 6 10 20
3 5 19 13
3 6 14 19
(67, 169)

Arvore 8
0 1 10 10
0 2 0 90
2 4 14 17
2 5 18 24
2 6 10 20
3 6 14 19
(66, 180)

Arvore 9
0 1 10 10
0 2 0 90
2 4 14 17
2 6 10 20
3 5 19 13
3 6 14 19
(67, 169)

Arvore 10
0 1 10 10
0 2 0 90
2 4 14 17
3 4 18 19
3 5 19 13
3 6 14 19
(75, 168)

Arvore 11
0 1 10 10
0 2 0 90
2 4 14 17
2 5 18 24
3 4 18 19
3 6 14 19
(74, 179)

Arvore 12
0 1 10 10
0 5 21 12
1 2 90 0
2 4 14 17
2 6 10 20
3 5 19 13
(164, 72)

Arvore 13
0 1 10 10
0 5 21 12
1 2 90 0
2 4 14 17
2 6 10 20
3 6 14 19
(159, 78)

Arvore 14
0 1 10 10
0 5 21 12
0 6 22 18
1 2 90 0
2 4 14 17
3 5 19 13
(176, 70)

Arvore 15
0 1 10 10
0 5 21 12
1 2 90 0
2 4 14 17
3 5 19 13
3 6 14 19
(168, 71)

Arvore 16
0 1 10 10
0 5 21 12
1 2 90 0
2 4 14 17
3 4 18 19
3 6 14 19
(167, 77)

Arvore 17
0 1 10 10
0 5 21 12
0 6 22 18
2 4 14 17
2 6 10 20
3 5 19 13
(96, 90)

Arvore 18
0 1 10 10
0 5 21 12
2 4 14 17
2 6 10 20
3 5 19 13
3 6 14 19
(88, 91)

Arvore 19
0 1 10 10
0 5 21 12
1 6 18 22
2 4 14 17
2 6 10 20
3 6 14 19
(87, 100)

Arvore 20
0 1 10 10
0 5 21 12
0 6 22 18
2 4 14 17
3 4 18 19
3 5 19 13
(104, 89)

Arvore 21
0 1 10 10
0 5 21 12
2 4 14 17
3 4 18 19
3 5 19 13
3 6 14 19
(96, 90)

Arvore 22
0 1 10 10
0 5 21 12
1 6 18 22
2 4 14 17
3 4 18 19
3 6 14 19
(95, 99)

Arvore 23
0 1 10 10
1 2 90 0
2 4 14 17
2 6 10 20
3 5 19 13
3 6 14 19
(157, 79)

Arvore 24
0 1 10 10
1 2 90 0
2 4 14 17
2 5 18 24
2 6 10 20
3 6 14 19
(156, 90)

Arvore 25
0 1 10 10
1 2 90 0
2 4 14 17
2 6 10 20
3 5 19 13
3 6 14 19
(157, 79)

Arvore 26
0 1 10 10
1 2 90 0
2 4 14 17
3 4 18 19
3 5 19 13
3 6 14 19
(165, 78)

Arvore 27
0 1 10 10
1 2 90 0
2 4 14 17
2 5 18 24
3 4 18 19
3 6 14 19
(164, 89)

Arvore 28
0 1 10 10
1 6 18 22
2 4 14 17
2 6 10 20
3 5 19 13
3 6 14 19
(85, 101)

Arvore 29
0 1 10 10
1 6 18 22
2 4 14 17
2 5 18 24
2 6 10 20
3 6 14 19
(84, 112)

Arvore 30
0 1 10 10
1 6 18 22
2 4 14 17
2 6 10 20
3 5 19 13
3 6 14 19
(85, 101)

Arvore 31
0 1 10 10
1 6 18 22
2 4 14 17
3 4 18 19
3 5 19 13
3 6 14 19
(93, 100)

Arvore 32
0 1 10 10
1 6 18 22
2 4 14 17
2 5 18 24
3 4 18 19
3 6 14 19
(92, 111)

Arvore 33
0 2 0 90
0 5 21 12
1 2 90 0
2 4 14 17
2 6 10 20
3 5 19 13
(154, 152)

Arvore 34
0 2 0 90
0 5 21 12
1 2 90 0
2 4 14 17
2 6 10 20
3 6 14 19
(149, 158)

Arvore 35
0 2 0 90
0 5 21 12
0 6 22 18
1 2 90 0
2 4 14 17
3 5 19 13
(166, 150)

Arvore 36
0 2 0 90
0 5 21 12
1 2 90 0
2 4 14 17
3 5 19 13
3 6 14 19
(158, 151)

Arvore 37
0 2 0 90
0 5 21 12
1 2 90 0
2 4 14 17
3 4 18 19
3 6 14 19
(157, 157)

Arvore 38
0 2 0 90
0 5 21 12
1 2 90 0
2 4 14 17
2 6 10 20
3 5 19 13
(154, 152)

Arvore 39
0 2 0 90
1 2 90 0
2 4 14 17
2 6 10 20
3 5 19 13
3 6 14 19
(147, 159)

Arvore 40
0 2 0 90
1 2 90 0
2 4 14 17
2 5 18 24
2 6 10 20
3 6 14 19
(146, 170)

Arvore 41
0 2 0 90
1 2 90 0
2 4 14 17
2 6 10 20
3 5 19 13
3 6 14 19
(147, 159)

Arvore 42
0 2 0 90
1 2 90 0
2 4 14 17
3 4 18 19
3 5 19 13
3 6 14 19
(155, 158)

Arvore 43
0 2 0 90
1 2 90 0
2 4 14 17
2 5 18 24
3 4 18 19
3 6 14 19
(154, 169)

