3
0.03
Resultado Final...
0 1 10 10
0 4 16 11
0 18 16 16
0 24 15 12
1 6 12 14
1 28 10 19
1 33 11 11
2 16 15 17
2 43 11 12
3 7 14 24
3 44 10 13
4 25 10 17
4 34 11 18
5 42 10 25
6 38 12 16
8 18 16 15
9 15 13 17
10 30 16 12
11 48 13 12
12 30 11 11
13 24 14 16
14 16 21 11
14 41 14 12
15 37 15 15
17 42 21 13
18 41 19 12
19 25 11 17
20 32 17 14
21 49 12 13
22 27 11 18
23 37 18 12
24 42 19 13
25 36 12 17
26 31 14 10
26 40 11 17
27 38 21 11
29 32 11 16
29 37 13 18
30 46 11 17
30 47 13 11
33 46 11 10
33 48 14 15
34 39 10 12
35 49 15 18
37 47 11 19
38 45 18 11
40 49 11 16
42 44 19 12
46 49 14 13
(673, 711)
