3
0.03
Resultado Final...
0 1 3 3
0 11 6 8
0 22 4 8
0 35 6 5
0 39 7 5
1 19 8 4
1 28 5 5
2 24 5 5
2 26 6 5
2 44 7 7
3 15 6 4
3 17 4 9
4 27 4 5
4 40 7 8
4 41 6 7
4 43 8 4
5 29 8 5
5 36 3 13
5 46 6 5
6 15 6 10
7 27 7 4
7 29 5 7
7 49 9 4
8 38 6 7
9 18 5 4
10 47 5 10
11 20 5 5
11 21 4 6
12 17 5 7
12 47 4 5
13 35 9 4
14 42 3 4
15 45 7 6
16 37 9 4
16 42 5 3
18 26 8 5
18 30 6 3
18 42 7 6
22 25 7 4
23 34 4 5
24 34 4 6
25 43 7 5
26 46 4 8
27 32 4 4
28 38 6 4
31 33 4 4
31 39 4 3
35 48 3 10
42 47 7 6
(278, 278)
