1294 104970
1295 104400
1296 103853
1297 103309
1298 102798
1299 102288
1300 101858
1301 101490
1302 101161
1303 100867
1304 100595
1306 100069
1305 100336
1307 99810
1308 99594
1309 99328
1311 98850
1312 98634
1310 99109
1313 98420
1314 98215
1315 98012
1316 97807
1317 97637
1319 97220
1318 97406
1321 96819
1320 97024
1324 96241
1322 96649
1325 96071
1328 95572
1327 95745
1326 95935
1323 96455
1331 95073
1334 94593
1333 94747
1332 94937
1329 95457
1330 95243
1336 94267
1338 93956
1337 94131
1335 94437
1339 93813
1341 93502
1342 93366
1340 93672
1344 93066
1343 93217
1346 92781
1350 92234
1348 92504
1347 92645
1351 92170
1345 92933
1349 92384
1356 91410
1352 91957
1357 91279
1358 91160
1355 91551
1354 91687
1353 91846
1360 90875
1359 91013
1363 90478
1364 90347
1361 90755
1365 90228
1362 90619
1366 90090
1367 89959
1369 89709
1368 89838
1370 89575
1372 89325
1373 89217
1371 89454
1375 88977
1374 89094
1377 88746
1378 88638
1382 88170
1376 88875
1379 88523
1384 87947
1380 88415
1383 88076
1381 88295
1387 87625
1388 87553
1385 87848
1386 87746
1390 87315
1393 86993
1389 87461
1392 87122
1396 86700
1391 87216
1394 86894
1395 86792
1397 86593
1401 86199
1398 86494
1399 86398
1402 86100
1403 86006
1400 86299
1404 85905
1406 85716
1407 85622
1411 85264
1410 85364
1405 85815
1408 85530
1409 85445
1413 85078
1412 85178
1414 85009
1417 84726
1418 84641
1421 84395
1415 84915
1423 84205
1416 84818
1424 84120
1425 84044
1427 83900
1429 83709
1419 84572
1426 83995
1428 83789
1422 84309
1430 83621
1420 84472
1434 83290
1435 83214
1437 83070
1433 83375
1431 83583
1439 82879
1436 83165
1432 83479
1442 82666
1444 82487
1445 82411
1447 82267
1443 82572
1441 82780
1446 82362
1440 82818
1438 82986
1452 81863
1450 82045
1453 81787
1459 81367
1456 81567
1458 81435
1455 81662
1449 82118
1454 81742
1451 81969
1448 82179
1457 81536
1461 81215
1467 80795
1460 81291
1463 81106
1464 81008
1466 80866
1462 81170
1470 80612
1465 80964
1472 80446
1471 80522
1469 80666
1474 80337
1475 80239
1478 80049
1477 80153
1468 80777
1480 79942
1473 80401
1481 79843
1476 80195
1484 79636
1483 79712
1487 79441
1486 79527
1479 79985
1490 79239
1485 79591
1491 79215
1489 79351
1482 79808
1488 79385
1493 79044
1496 78882
1492 79120
1495 78935
1499 78656
1501 78540
1494 78999
1500 78623
1498 78759
1497 78793
1502 78475
1508 78087
1507 78163
1505 78282
1510 77978
1503 78436
1504 78397
1506 78259
1516 77583
1509 78042
1515 77666
1512 77836
1520 77332
1523 77170
1519 77408
1528 76897
1517 77527
1522 77223
1526 76979
1524 77096
1518 77504
1514 77720
1513 77791
1511 77901
1530 76743
1533 76581
1534 76544
1535 76482
1529 76819
1531 76738
1527 76938
1525 77092
1532 76648
1536 76398
1538 76322
1521 77312
1540 76214
1545 75896
1539 76236
1542 76091
1549 75697
1550 75635
1544 75972
1546 75891
1541 76132
1543 76068
1554 75402
1547 75801
1553 75475
1548 75736
1555 75367
1557 75242
1552 75570
1551 75582
1561 75043
1562 74981
1556 75318
1558 75237
1560 75090
1559 75147
1565 74821
1564 74873
1572 74452
1567 74780
1566 74792
1569 74647
1568 74688
1583 73913
1576 74253
1577 74191
1571 74528
1573 74447
1575 74300
1581 74004
1570 74624
1574 74357
1563 74946
1580 74059
1586 73743
1582 73979
1592 73465
1585 73805
1584 73852
1588 73648
1593 73418
1594 73350
1578 74164
1579 74112
1589 73611
1590 73574
1596 73255
1602 72977
1595 73317
1601 73052
1591 73516
1587 73703
1598 73175
1603 72930
1609 72666
1599 73123
1605 72856
1608 72698
1600 73086
1610 72628
1615 72373
1611 72609
1623 72051
1621 72095
1614 72435
1622 72094
1613 72468
1606 72821
1617 72293
1607 72766
1628 71784
1618 72241
1612 72531
1619 72204
1626 71889
1627 71819
1635 71497
1633 71634
1616 72358
1637 71396
1625 71914
1629 71739
1620 72144
1636 71449
1634 71551
1640 71230
1630 71687
1624 71977
1631 71650
1641 71192
1638 71335
1654 70603
1653 70678
1643 71142
1646 70990
1664 70180
1652 70698
1665 70122
1645 71051
1647 70928
1656 70523
1663 70233
1648 70879
1644 71108
1657 70471
1642 71160
1658 70434
1651 70746
1650 70838
1668 69990
1667 70065
1660 70377
1666 70085
1678 69567
1661 70303
1681 69470
1670 69910
1677 69620
1662 70266
1655 70579
1672 69821
1682 69398
1685 69296
1690 69122
1674 69785
1680 69493
1675 69711
1671 69879
1695 68878
1687 69232
1684 69318
1691 69028
1676 69674
1693 68951
1669 69987
1689 69130
1686 69249
1679 69530
1702 68581
1705 68479
1701 68656
1700 68676
1692 69004
1713 68145
1715 68061
1712 68189
1704 68501
1696 68857
1709 68313
1699 68713
1698 68750
1688 69208
1717 67981
1720 67879
1716 68056
1723 67796
1707 68404
1710 68294
1728 67545
1719 67914
1726 67662
1722 67815
1727 67589
1711 68257
1708 68351
1730 67492
1706 68428
1724 67713
1721 67832
1714 68113
1738 67153
1741 67051
1746 66877
1737 67228
1744 66968
1731 67466
1750 66755
1740 67086
1743 66987
1725 67673
1732 67429
1736 67233
1729 67523
1751 66664
1745 66885
1742 67004
1735 67285
1734 67322
1758 66396
1761 66294
1765 66183
1757 66471
1766 66120
1747 66832
1770 65998
1760 66329
1763 66230
1767 66077
1748 66788
1749 66766
1756 66476
1762 66247
1768 66051
1755 66528
1754 66565
1771 65928
1774 65826
1778 65715
1779 65652
1777 65743
1783 65530
1773 65861
1776 65764
1769 66008
1764 66196
1781 65583
1775 65819
1789 65307
1792 65205
1796 65094
1786 65427
1784 65510
1788 65377
1799 64970
1798 65009
1795 65122
1791 65240
1801 64909
1794 65143
1780 65626
1797 65048
1787 65387
1782 65575
1785 65456
1802 64868
1809 64655
1817 64393
1811 64570
1804 64801
1807 64704
1814 64470
1793 65187
1810 64609
1815 64461
1819 64320
1800 64948
1816 64403
1813 64505
1808 64679
1806 64740
1825 64105
1822 64218
1821 64239
1818 64347
1824 64144
1829 63996
1812 64552
1820 64294
1835 63777
1832 63879
1827 64053
1826 64075
1845 63474
1841 63592
1846 63447
1838 63719
1823 64175
1833 63844
1830 63941
1837 63721
1843 63518
1848 63370
1844 63485
1828 64045
1831 63926
1839 63668
1852 63226
1861 62994
1849 63328
1859 63013
1842 63563
1867 62751
1860 63004
1862 62923
1858 63041
1840 63624
1855 63155
1864 62876
1847 63390
1850 63293
1857 63099
1854 63170
1865 62819
1869 62678
1866 62793
1856 63117
1884 62203
1893 61971
1881 62305
1891 61990
1874 62540
1894 61900
1890 62018
1892 61981
1872 62601
1879 62367
1887 62132
1882 62270
1889 62076
1886 62147
1876 62462
1880 62349
1897 61796
1875 62495
1898 61770
1878 62444
1888 62094
1911 61363
1908 61465
1918 61150
1901 61700
1896 61838
1921 61060
1917 61178
1899 61761
1906 61527
1909 61430
1914 61292
1923 61013
1913 61307
1903 61622
1907 61509
1902 61655
1905 61604
1915 61254
1924 60965
1931 60771
1934 60684
1928 60847
1932 60743
1919 61129
1922 61032
1927 60894
1936 60615
1929 60838
1916 61224
1926 60909
1920 61111
1910 61398
1939 60552
1940 60497
1937 60599
1933 60710
1947 60303
1950 60216
1946 60361
1953 60152
1930 60800
1935 60661
1948 60275
1938 60564
1942 60441
1945 60370
1955 60084
1944 60388
1952 60160
1949 60262
1954 60141
1959 59966
1958 60024
1963 59871
1943 60439
1960 59938
1957 60033
1964 59827
1969 59702
1967 59747
1956 60051
1972 59605
1974 59586
1965 59818
1979 59411
1975 59564
1962 59886
1978 59469
1968 59723
1983 59316
1970 59661
1977 59478
1981 59390
1989 59147
1987 59192
1976 59496
1994 58998
1991 59100
1996 58979
1997 58957
1984 59279
2001 58841
1990 59116
2005 58709
1985 59277
2004 58735
1992 59054
1986 59220
1999 58871
1982 59331
2006 58706
2011 58540
1998 58889
2009 58622
2015 58431
2012 58533
2017 58412
2008 58625
2022 58274
2021 58295
2010 58595
2026 58142
2013 58487
2007 58653
2025 58168
2020 58304
2002 58833
2003 58764
2024 58216
2000 58844
2030 58055
2032 57992
2035 57905
2037 57886
2028 58099
2038 57864
2043 57741
2042 57748
2041 57769
2045 57667
2033 57961
2046 57616
2027 58127
2040 57778
2023 58238
2049 57589
2047 57613
2044 57690
2039 57845
2018 58363
2051 57504
2031 58014
2052 57466
2063 57177
2060 57279
2065 57158
2056 57371
2069 57041
2074 56912
2058 57341
2050 57522
2055 57399
2068 57050
2053 57440
2061 57244
2077 56861
2075 56885
2081 56738
2072 56962
2079 56776
2048 57590
2059 57286
2078 56801
2083 56674
2085 56655
2076 56868
2086 56633
2091 56510
2090 56517
2089 56538
2094 56409
2093 56436
2070 57019
2073 56937
2071 57007
2097 56358
2088 56564
2095 56382
2101 56235
2092 56459
2087 56614
2099 56273
2066 57113
2117 55834
2114 55936
2119 55815
2110 56028
2120 55793
2124 55677
2123 55698
2128 55569
2127 55596
2104 56179
2106 56123
2105 56167
2109 56056
2112 55961
2107 56097
2115 55901
2129 55542
2126 55619
2121 55774
2113 55943
2102 56210
2140 55277
2137 55379
2142 55258
2133 55471
2156 54916
2146 55141
2150 55039
2135 55404
2132 55499
2130 55540
2138 55344
2122 55716
2145 55167
2149 55062
2153 54991
2136 55386
2125 55653
2159 54824
2161 54805
2152 55018
2162 54783
2167 54660
2175 54463
2166 54667
2165 54688
2148 55089
2154 54951
2174 54516
2157 54891
2169 54603
2147 55116
2141 55263
2164 54714
2163 54764
2172 54538
2143 55225
2180 54390
2155 54933
2144 55200
2181 54327
2178 54429
2184 54286
2189 54163
2170 54592
2182 54306
2171 54565
2176 54454
2179 54394
2197 53984
2191 54106
2186 54217
2198 53973
2185 54267
2194 54041
2202 53893
2177 54436
2209 53710
2206 53812
2212 53669
2217 53546
2193 54071
2214 53608
2203 53846
2210 53689
2215 53600
2207 53777
2224 53402
2225 53367
2199 53931
2200 53925
2204 53820
2196 53996
2230 53276
2222 53453
2205 53819
2226 53346
2236 53178
2223 53448
2228 53327
2229 53305
2234 53182
2231 53244
2219 53503
2232 53236
2241 53038
2216 53567
2221 53456
2243 52992
2249 52893
2213 53632
2238 53097
2247 52912
2255 52743
2265 52575
2252 52845
2257 52724
2258 52702
2263 52579
2260 52641
2248 52900
2254 52764
2261 52633
2253 52810
2239 53086
2270 52435
2245 52964
2246 52958
2250 52853
2259 52683
2237 53172
2242 53029
2267 52495
2276 52309
2268 52486
2251 52852
2288 52061
2285 52163
2291 52020
2296 51897
2293 51959
2281 52218
2300 51832
2304 51745
2287 52082
2286 52128
2272 52404
2303 51753
2278 52282
2279 52276
2305 51728
2292 52001
2283 52171
2308 51679
2271 52415
2275 52347
2280 52238
2284 52170
2311 51589
2313 51570
2319 51437
2316 51487
2323 51360
2327 51273
2310 51610
2317 51479
2309 51656
2295 51932
2302 51804
2301 51810
2328 51256
2314 51555
2306 51699
2294 51943
2298 51875
2299 51837
2290 52023
2307 51698
2332 51171
2342 51003
2345 50933
2334 51152
2324 51335
2340 51019
2318 51478
2325 51328
2348 50871
2337 51084
2326 51319
2331 51192
2338 51061
2341 51010
2330 51238
2322 51392
2349 50838
2315 51525
2335 51137
2336 51111
2352 50789
2320 51419
2344 50960
2347 50911
2369 50456
2371 50437
2361 50620
2377 50304
2364 50558
2362 50613
2363 50604
2353 50772
2365 50543
2385 50156
2374 50369
2368 50477
2378 50295
2375 50346
2354 50764
2367 50523
2360 50671
2359 50677
2355 50739
2372 50422
2387 50146
2357 50704
2381 50245
2390 50066
2384 50196
2393 50004
2403 49836
2398 49919
2406 49766
2395 49985
2380 50283
2388 50106
2389 50091
2382 50217
2392 50025
2402 49843
2399 49894
2401 49863
2376 50337
2379 50287
2409 49707
2396 49970
2397 49944
2373 50386
2411 49694
2405 49793
2414 49614
2408 49744
2430 49317
2440 49149
2435 49232
2443 49079
2432 49298
2422 49469
2417 49596
2425 49419
2426 49404
2427 49383
2419 49530
2429 49338
2439 49156
2436 49207
2438 49176
2413 49650
2416 49600
2410 49699
2434 49257
2446 49026
2418 49565
2442 49106
2424 49447
2449 48969
2459 48801
2451 48950
2441 49121
2444 49071
2445 49056
2462 48734
2448 48990
2457 48828
2433 49266
2455 48860
2452 48935
2453 48909
2465 48678
2454 48890
2461 48758
2428 49359
2471 48569
2481 48401
2458 48807
2473 48550
2463 48721
2466 48671
2467 48656
2460 48782
2484 48334
2470 48590
2480 48408
2479 48428
2474 48535
2475 48509
2468 48629
2464 48705
2476 48490
2489 48259
2483 48358
2450 48959
2493 48173
2503 48005
2495 48154
2506 47948
2485 48325
2488 48275
2482 48386
2492 48194
2499 48084
2501 48032
2487 48282
2477 48464
2490 48233
2486 48309
2496 48139
2498 48094
2511 47863
2509 47907
2505 47962
2472 48563
2513 47821
2523 47653
2521 47685
2515 47802
2526 47596
2508 47923
2520 47719
2525 47612
2500 48056
2512 47842
2504 47982
2519 47732
2497 48112
2510 47881
2507 47930
2516 47787
2517 47761
2518 47742
2531 47511
2538 47387
2548 47219
2546 47251
2540 47368
2541 47347
2528 47591
2533 47489
2545 47285
2537 47408
2529 47548
2550 47195
2544 47298
2530 47528
2522 47678
2535 47447
2532 47496
2551 47163
2542 47327
2543 47308
2556 47077
2554 47121
2569 46853
2579 46685
2577 46717
2571 46834
2572 46813
2564 46955
2576 46751
2557 47062
2568 46874
2560 47014
2587 46550
2581 46661
2575 46764
2561 46994
2553 47144
2566 46913
2562 46989
2563 46962
2559 47043
2574 46774
2585 46587
2595 46414
2597 46382
2598 46374
2590 46516
2583 46623
2610 46189
2602 46312
2605 46249
2586 46575
2594 46435
2607 46222
2601 46325
2592 46474
2589 46523
2582 46638
2600 46335
2611 46148
2621 45983
2613 46119
2623 45951
2624 45943
2635 45769
2630 45860
2632 45820
2616 46085
2609 46192
2639 45694
2628 45881
2631 45822
2612 46144
2603 46286
2620 46004
2633 45791
2627 45894
2618 46043
2615 46092
2608 46207
2629 45866
2626 45904
2649 45533
2641 45669
2651 45501
2652 45493
2658 45410
2644 45635
2637 45742
2638 45720
2648 45554
2661 45341
2655 45444
2646 45593
2643 45642
2636 45757
2657 45416
2654 45454
2663 45309
2676 45118
2665 45290
2666 45269
2677 45095
2679 45074
2674 45146
2645 45598
2653 45470
2662 45330
2675 45131
2669 45220
2678 45090
2660 45369
2671 45192
2668 45230
2683 45007
2647 45575
2682 45016
2680 45048
2687 44961
2695 44825
2685 44976
2684 44997
2691 44893
2686 44966
2698 44781
2693 44853
2664 45305
2672 45177
2670 45208
2681 45037
2694 44838
2688 44927
2697 44797
2690 44899
2692 44892
2702 44714
2712 44583
2720 44447
2718 44479
2725 44392
2727 44359
2723 44407
2733 44256
2722 44428
2706 44661
2736 44212
2731 44284
2710 44608
2719 44468
2708 44625
2714 44536
2729 44317
2717 44507
2728 44330
2704 44713
2715 44526
2700 44749
2750 44014
2744 44093
2742 44125
2749 44038
2747 44057
2734 44244
2746 44074
2730 44307
2748 44043
2751 44004
2726 44382
2760 43858
2743 44114
2732 44271
2738 44182
2753 43963
2741 44153
2752 43976
2739 44172
2724 44395
2774 43660
2768 43741
2766 43773
2773 43686
2783 43550
2782 43557
2784 43541
2771 43705
2785 43511
2758 43892
2755 43932
2770 43722
2754 43955
2772 43691
2757 43904
2775 43652
2779 43588
2767 43762
2756 43919
2762 43830
2777 43611
2765 43801
2763 43820
2781 43579
2798 43308
2807 43178
2805 43210
2821 42994
2810 43142
2824 42948
2797 43329
2794 43369
2809 43159
2793 43392
2811 43128
2816 43055
2789 43467
2796 43341
2814 43089
2791 43413
2818 43025
2806 43199
2795 43356
2792 43397
2804 43238
2790 43459
2801 43287
2799 43295
2802 43257
2787 43480
2835 42807
2837 42769
2820 43016
2827 42902
2825 42934
2832 42847
2833 42843
2817 43053
2842 42711
2841 42718
2830 42866
2844 42672
2846 42668
2813 43116
2822 42975
2829 42883
2834 42813
2836 42787
2838 42764
2815 43080
2826 42923
2812 43121
2819 43019
2855 42531
2850 42613
2857 42493
2847 42654
2840 42740
2874 42263
2872 42295
2878 42234
2879 42208
2880 42204
2864 42414
2861 42454
2889 42072
2897 42011
2891 42040
2893 42039
2871 42309
2860 42457
2888 42102
2869 42336
2865 42386
2876 42244
2881 42174
2883 42148
2885 42125
2853 42581
2863 42416
2862 42441
2894 42025
2873 42284
2859 42482
2868 42372
2896 42024
2887 42115
2854 42565
2866 42380
2884 42139
2902 41892
2919 41669
2917 41701
2923 41640
2924 41614
2925 41610
2906 41860
2909 41820
2905 41863
2899 41938
2914 41742
2910 41792
2921 41650
2926 41580
2928 41554
2898 41987
2908 41822
2930 41531
2939 41431
2904 41888
2916 41729
2913 41778
2932 41521
2911 41786
2929 41545
2956 41210
2957 41205
2935 41465
2933 41497
2940 41410
2942 41377
2915 41734
2918 41688
2949 41304
2941 41402
2937 41446
2946 41327
2934 41486
2945 41341
2907 41836
2972 41006
2973 41001
2953 41239
2951 41271
2950 41298
2936 41462
2948 41312
2967 41078
2958 41189
2959 41176
2955 41220
2969 41060
2944 41354
2952 41260
2970 41038
2962 41130
2977 40975
2961 41160
2975 41000
2966 41091
2963 41115
2960 41162
2990 40780
2965 41103
3000 40656
2998 40688
2997 40715
2993 40744
2987 40847
2986 40850
2980 40925
2983 40879
2995 40729
3014 40495
3013 40516
3005 40606
3006 40593
2982 40908
3002 40637
3016 40477
2991 40771
2979 40974
2989 40794
2988 40834
3020 40418
2999 40677
3009 40547
3017 40455
3019 40442
3024 40392
3008 40577
3003 40632
2985 40859
3007 40579
3038 40192
3012 40520
3047 40083
3045 40115
3044 40142
3040 40171
3034 40274
3033 40277
3027 40352
3030 40306
3042 40156
3061 39922
3060 39943
3052 40033
3053 40020
3029 40335
3049 40064
3036 40221
3057 39973
3035 40261
3058 39969
3067 39845
3046 40104
3056 39976
3064 39882
3066 39869
3059 39949
3071 39819
3055 40004
3080 39716
3050 40059
3032 40286
3037 40207
3054 40006
3010 40542
3021 40411
3084 39644
3082 39676
3081 39703
3077 39732
3070 39838
3079 39717
3098 39483
3097 39504
3089 39594
3090 39581
3104 39411
3093 39540
3086 39625
3100 39465
3094 39534
3114 39320
3111 39353
3095 39530
3075 39753
3063 39903
3073 39775
3101 39449
3103 39430
3096 39510
3108 39380
3092 39565
3117 39277
3087 39620
3074 39768
3113 39342
3091 39567
3138 39020
3136 39052
3144 38961
3131 39108
3126 39180
3133 39093
3124 39181
3151 38880
3120 39239
3143 38970
3135 39061
3127 39149
3140 39001
3154 38841
3153 38860
3148 38910
3168 38696
3149 38906
3129 39129
3121 39221
3155 38825
3157 38806
3150 38886
3162 38756
3146 38941
3141 38996
3147 38929
3128 39144
3159 38792
3118 39250
3145 38943
3112 39348
3174 38611
3172 38643
3180 38552
3167 38699
3169 38684
3160 38772
3187 38471
3163 38740
3179 38561
3171 38652
3176 38592
3190 38432
3189 38451
3184 38501
3165 38720
3201 38320
3186 38477
3198 38347
3207 38244
3164 38735
3177 38587
3195 38383
3181 38534
3202 38298
3200 38330
3208 38239
3197 38371
3215 38158
3191 38427
3222 38098
3199 38339
3204 38281
3188 38458
3217 38138
3220 38111
3212 38188
3219 38116
3193 38407
3232 37974
3213 38184
3229 38007
3185 38493
3183 38512
3226 38034
3210 38219
3235 37931
3211 38207
3192 38422
3205 38274
3231 37996
3223 38070
3182 38528
3209 38221
3276 37480
3274 37512
3282 37421
3271 37553
3289 37340
3265 37609
3278 37463
3281 37430
3296 37280
3273 37521
3262 37640
3260 37659
3291 37320
3294 37293
3266 37590
3293 37298
3267 37589
3255 37739
3287 37366
3303 37189
3306 37156
3259 37675
3257 37694
3264 37614
3252 37744
3243 37847
3285 37389
3279 37456
3305 37178
3297 37252
3256 37710
3286 37383
3269 37557
3250 37808
3327 36928
3325 36960
3333 36869
3322 37001
3316 37057
3340 36788
3329 36911
3332 36878
3313 37088
3311 37107
3342 36768
3317 37038
3344 36746
3318 37037
3338 36814
3324 36961
3310 37123
3308 37142
3315 37062
3330 36904
3335 36854
3337 36831
3320 37005
3357 36606
3355 36638
3363 36547
3370 36469
3352 36679
3378 36394
3346 36735
3359 36589
3362 36556
3343 36766
3341 36785
3372 36446
3375 36419
3347 36716
3348 36715
3368 36492
3354 36639
3345 36740
3366 36515
3360 36582
3365 36532
3336 36834
3367 36509
3350 36683
3398 36172
3396 36204
3404 36113
3385 36309
3393 36245
3387 36301
3419 35960
3400 36155
3403 36122
3418 35972
3382 36351
3383 36332
3416 35985
3388 36282
3381 36354
3389 36281
3409 36058
3413 36029
3395 36205
3379 36386
3386 36306
3374 36436
3407 36081
3401 36148
3406 36098
3377 36400
3408 36075
3391 36249
3427 35871
3425 35903
3433 35812
3414 36008
3422 35944
3448 35659
3441 35737
3429 35854
3432 35821
3447 35671
3411 36050
3412 36031
3417 35981
3410 36053
3443 35713
3397 36195
3438 35768
3423 35933
3431 35842
3424 35904
3415 36005
3394 36238
3436 35780
3430 35847
3435 35797
3437 35774
3420 35948
3457 35568
3455 35600
3463 35509
3444 35705
3452 35641
3445 35696
3459 35551
3462 35518
3477 35368
3442 35728
3439 35755
3440 35750
3473 35410
3453 35630
3461 35539
3446 35682
3468 35465
3454 35601
3465 35494
3460 35544
3467 35471
3450 35645
3493 35210
3499 35151
3480 35347
3472 35422
3481 35338
3495 35193
3478 35360
3470 35451
3475 35397
3483 35320
3476 35392
3497 35181
3482 35324
3504 35107
3490 35243
3514 35021
3484 35301
3501 35136
3496 35186
3503 35113
3486 35287
3509 35054
3524 34932
3507 35086
3527 34901
3488 35266
3502 35132
3494 35204
3489 35254
3511 35037
3491 35241
3513 35025
3498 35168
3520 34951
3506 35087
3535 34823
3500 35145
3517 34980
3512 35030
3492 35228
3528 34877
3522 34936
3543 34755
3526 34909
3515 35014
3516 35005
3551 34679
3553 34673
3541 34770
3548 34705
3508 35077
3530 34860
3537 34815
3539 34784
3547 34711
3532 34848
3534 34841
3525 34910
3554 34646
3549 34688
3519 34968
3531 34853
3558 34617
3518 34974
3575 34457
3569 34516
3590 34335
3573 34489
3562 34594
3563 34585
3560 34607
3588 34350
3595 34285
3598 34259
3593 34304
3601 34231
3600 34253
3597 34271
3584 34395
3577 34440
3557 34644
3586 34364
3559 34615
3579 34428
3581 34421
3594 34291
3564 34560
3546 34721
3566 34548
3567 34531
3578 34433
3605 34197
3565 34554
3620 34065
3635 33943
3608 34193
3637 33921
3614 34119
3632 33966
3617 34093
3612 34138
3619 34087
3629 34003
3622 34048
3642 33879
3643 33878
3631 33972
3625 34039
3604 34223
3639 33913
3640 33907
3609 34168
3591 34329
3599 34254
3611 34156
3623 34041
3650 33805
3610 34162
3652 33788
3667 33666
3654 33775
3649 33816
3626 34014
3644 33861
3665 33681
3669 33644
3646 33842
3664 33689
3661 33726
3663 33695
3674 33602
3657 33762
3675 33601
3671 33636
3658 33752
3633 33954
3641 33891
3655 33764
3702 33365
3696 33424
3720 33221
3717 33243
3704 33358
3690 33493
3687 33496
3681 33550
3699 33397
3682 33537
3715 33258
3685 33509
3679 33563
3697 33410
3693 33452
3700 33382
3691 33458
3680 33551
3678 33583
3725 33178
3731 33133
3722 33207
3721 33213
3683 33531
3676 33596
3694 33439
3743 33039
3705 33341
3662 33722
3672 33625
3730 33136
3724 33195
3732 33129
3710 33308
3714 33275
3709 33321
3713 33280
3712 33288
3707 33334
3719 33229
3739 33074
3738 33094
3708 33322
3728 33153
3735 33110
3753 32949
3746 33015
3748 33001
3759 32904
3736 33100
3750 32978
3749 32984
3711 33302
3741 33054
3758 32924
3760 32903
3774 32797
3771 32810
3733 33112
3804 32541
3798 32600
3789 32663
3807 32519
3806 32534
3830 32375
3823 32410
3829 32382
3818 32445
3784 32713
3788 32680
3783 32726
3787 32685
3795 32628
3791 32648
3793 32634
3782 32727
3780 32759
3802 32558
3809 32515
3781 32728
3797 32607
3775 32773
3820 32420
3810 32505
3824 32383
3785 32693
3831 32365
3778 32772
3813 32483
3815 32459
3832 32329
3796 32615
3834 32308
3845 32215
3801 32565
3764 32898
3865 32057
3859 32116
3850 32179
3868 32035
3867 32050
3891 31891
3884 31926
3890 31898
3879 31961
3849 32196
3844 32242
3848 32201
3856 32144
3852 32164
3854 32150
3843 32243
3841 32275
3863 32074
3870 32031
3842 32244
3858 32123
3836 32289
3871 32021
3881 31936
3846 32209
3892 31881
3839 32288
3906 31780
3874 31999
3876 31975
3893 31845
3857 32131
3895 31824
3909 31718
3862 32081
3886 31910
3939 31485
3933 31544
3924 31607
3942 31463
3941 31478
3958 31354
3923 31624
3918 31670
3922 31629
3930 31572
3926 31592
3928 31578
3917 31671
3915 31703
3937 31502
3944 31459
3916 31672
3932 31551
3910 31717
3945 31449
3919 31643
3920 31637
3955 31364
3913 31716
3948 31427
3950 31403
3931 31559
3967 31273
3898 31811
3936 31509
3960 31338
3983 31152
3986 31130
3985 31145
3999 31041
4002 31021
3962 31337
3966 31296
3970 31259
3972 31245
3981 31169
3976 31218
3988 31126
3954 31384
3963 31310
3989 31116
3964 31304
3992 31094
3994 31070
3975 31226
3953 31385
3980 31176
4004 31005
3997 31048
3991 31107
3979 31192
4013 30937
4016 30917
4011 30952
4001 31030
4008 30968
3974 31235
3990 31114
3995 31065
3977 31206
3978 31200
4003 31012
4024 30872
4009 30967
3969 31260
4006 30994
4018 30901
4029 30821
4023 30880
4026 30843
4031 30814
4045 30710
4055 30655
4051 30686
4048 30690
4043 30725
4033 30803
4022 30887
4027 30838
4034 30795
4040 30748
4035 30785
4056 30645
4021 30895
4041 30740
4038 30767
4064 30579
4058 30638
4061 30601
4066 30572
4090 30413
4052 30676
4059 30614
4068 30561
4078 30496
4053 30659
4086 30446
4062 30596
4069 30553
4075 30506
4084 30469
4070 30543
4083 30470
4080 30473
4091 30403
4079 30493
4073 30525
4105 30302
4076 30498
4116 30229
4113 30251
4118 30222
4100 30340
4094 30402
4142 30063
4097 30360
4104 30326
4111 30264
4103 30336
4128 30160
4120 30211
4114 30246
4110 30276
4127 30165
4136 30119
4122 30193
4135 30120
4132 30123
4143 30053
4124 30189
4125 30175
4102 30338
4087 30425
4129 30150
4095 30376
4159 29947
4156 29969
4161 29940
4185 29781
4140 30078
4147 30044
4154 29982
4171 29878
4163 29929
4173 29864
4176 29843
4181 29814
4157 29964
4153 29994
4148 30020
4170 29883
4179 29837
4165 29911
4178 29838
4167 29907
4168 29893
4130 30143
4172 29868
4183 29804
4175 29847
4138 30094
4201 29681
4198 29703
4203 29674
4182 29812
4189 29778
4196 29716
4205 29663
4217 29587
4213 29612
4215 29598
4218 29577
4223 29548
4199 29698
4195 29728
4190 29754
4212 29617
4207 29645
4174 29857
4210 29627
4216 29595
4209 29641
4214 29602
4225 29538
4180 29828
4231 29498
4228 29520
4226 29533
4235 29480
4247 29404
4243 29429
4245 29415
4236 29469
4220 29571
4242 29434
4237 29462
4250 29389
4240 29444
4239 29458
4255 29355
4248 29401
4246 29408
4241 29443
4258 29339
4262 29314
4260 29325
4251 29379
4229 29512
4244 29425
4265 29308
4257 29344
4266 29298
4254 29366
4259 29335
4261 29322
4269 29281
4233 29487
4270 29265
4263 29311
4230 29508
4284 29182
4281 29204
4286 29175
4279 29217
4288 29164
4296 29113
4300 29088
4289 29153
4267 29286
4282 29199
4273 29255
4295 29118
4304 29072
4278 29218
4297 29109
4298 29104
4275 29236
4299 29096
4271 29261
4277 29228
4268 29282
4316 28994
4313 29016
4311 29029
4320 28976
4328 28925
4302 29077
4321 28965
4314 29011
4305 29067
4327 28930
4310 29030
4324 28952
4329 28921
4330 28916
4307 29048
4315 29002
4303 29073
4292 29137
4309 29040
4332 28901
4334 28894
4336 28883
4344 28832
4318 28984
4351 28801
4326 28937
4340 28859
4345 28828
4346 28823
4323 28955
4331 28909
4319 28980
4308 29044
4325 28947
4357 28759
4354 28781
4375 28674
4359 28752
4382 28646
4363 28731
4361 28741
4341 28853
4342 28852
4343 28842
4352 28788
4335 28892
4355 28776
4376 28659
4366 28713
4338 28868
4348 28813
4385 28610
4371 28681
4369 28700
4370 28696
4356 28767
4364 28726
4350 28805
4388 28592
4402 28514
4399 28536
4420 28429
4404 28507
4408 28486
4406 28496
4427 28401
4386 28608
4433 28372
4390 28583
4387 28607
4397 28543
4380 28647
4429 28389
4400 28531
4383 28623
4389 28587
4418 28436
4411 28468
4391 28578
4421 28414
4393 28568
4416 28443
4414 28455
4432 28379
4415 28451
4401 28522
4409 28481
4447 28279
4378 28657
4395 28560
4466 28179
4463 28201
4440 28345
4472 28151
4470 28161
4468 28172
4450 28273
4454 28248
4451 28272
4461 28208
4453 28252
4475 28133
4455 28243
4464 28196
4482 28101
4457 28233
4452 28257
4480 28108
4478 28120
4499 28017
4479 28116
4465 28187
4473 28146
4442 28322
4459 28225
4435 28346
4489 28062
4486 28084
4511 27967
4495 28034
4493 28044
4500 28016
4507 27977
4491 28055
4514 27949
4484 28091
4477 28131
4512 27962
4516 27937
4487 28079
4505 27984
4501 28003
4519 27927
4522 27900
4509 27971
4502 27999
4488 28070
4496 28029
4444 28297
4458 28229
4524 27897
4534 27841
4531 27863
4556 27746
4538 27823
4540 27813
4545 27795
4552 27756
4536 27834
4559 27728
4529 27870
4518 27935
4565 27699
4557 27741
4525 27887
4515 27941
4561 27716
4532 27858
4550 27763
4520 27912
4544 27805
4554 27750
4546 27783
4533 27849
4541 27808
4567 27680
4547 27778
4583 27602
4580 27624
4587 27584
4589 27574
4601 27517
4585 27595
4578 27631
4574 27648
4563 27712
4564 27702
4581 27619
4569 27673
4571 27661
4595 27544
4582 27610
4590 27569
4596 27539
4618 27437
4608 27481
4605 27503
4612 27463
4614 27453
4619 27435
4626 27396
4610 27474
4633 27368
4603 27510
4649 27294
4599 27527
4635 27356
4592 27559
4621 27419
4594 27552
4628 27390
4607 27489
4615 27448
4575 27642
4643 27316
4642 27328
4639 27334
4652 27287
4661 27239
4645 27306
4632 27373
4623 27412
4634 27363
4680 27147
4670 27192
4630 27380
4620 27434
4654 27280
4662 27234
4666 27209
4637 27351
4625 27405
4659 27243
4627 27392
4606 27495
4638 27342
4646 27301
4656 27261
4674 27169
4681 27136
4694 27089
4678 27158
4685 27118
4687 27108
4663 27221
4690 27101
4677 27164
4665 27214
4676 27165
4706 27023
4722 26949
4672 27182
4704 27036
4708 27011
4668 27198
4653 27285
4667 27207
4701 27045
4669 27194
4648 27297
4673 27177
4691 27096
4710 27008
4714 26983
4721 26964
4711 27005
4712 26993
4718 26970
4696 27068
4723 26948
4698 27061
4739 26870
4755 26796
4745 26841
4705 27029
4695 27083
4729 26929
4720 26968
4727 26940
4737 26883
4742 26863
4700 27054
4741 26864
4734 26892
4702 27041
4707 27016
4724 26943
4743 26855
4679 27148
4771 26725
4748 26830
4765 26750
4762 26772
4781 26683
4763 26760
4759 26778
4747 26835
4774 26715
4786 26676
4749 26828
4769 26737
4790 26637
4775 26705
4780 26696
4788 26650
4738 26875
4793 26630
4751 26821
4752 26812
4792 26631
4732 26911
4753 26808
4757 26791
4758 26783
4794 26622
4730 26915
4822 26492
4799 26597
4847 26379
4854 26360
4844 26401
4863 26312
4845 26389
4841 26407
4829 26464
4831 26457
4855 26354
4851 26366
4838 26425
4816 26521
4857 26334
4862 26325
4853 26364
4870 26279
4820 26504
4837 26432
4875 26259
4833 26450
4874 26260
4827 26470
4814 26540
4835 26437
4839 26420
4840 26412
4876 26251
4812 26544
4787 26661
4815 26536
4807 26571
4881 26226
4891 26181
4898 26162
4888 26203
4907 26114
4885 26209
4889 26191
4917 26079
4873 26266
4899 26156
4895 26168
4866 26294
4850 26368
4897 26166
4904 26138
4914 26081
4864 26306
4925 26043
4919 26061
4878 26243
4918 26062
4871 26272
4879 26239
4883 26222
4884 26214
4901 26141
4920 26053
4856 26346
4834 26439
4947 25934
4954 25915
4944 25956
4963 25867
4941 25962
4945 25944
4929 26019
4931 26012
4955 25909
4951 25921
4922 26047
4906 26121
4937 25979
4962 25880
4953 25919
4960 25891
4976 25809
4970 25834
4981 25796
4975 25814
4933 26005
4934 25996
4927 26025
4935 25992
4939 25975
4940 25967
4957 25894
4905 26125
4912 26099
4913 26087
4998 25714
4992 25742
5014 25647
4996 25724
4980 25799
4982 25792
4973 25827
4988 25759
5023 25619
5004 25689
5032 25576
4984 25785
5026 25606
4985 25776
4971 25833
4978 25805
4986 25772
4990 25755
4991 25747
5008 25674
4969 25842
4956 25905
5036 25561
5020 25622
5042 25543
5017 25644
5002 25699
5028 25597
5046 25520
4995 25735
5024 25609
5019 25638
5010 25667
5040 25555
5035 25568
5045 25527
5054 25484
5048 25514
5018 25639
5007 25684
4993 25741
5000 25713
5012 25663
5013 25655
5030 25582
5043 25540
5058 25469
5044 25530
5092 25331
5070 25426
5114 25252
5089 25353
5074 25408
5076 25398
5100 25306
5067 25444
5118 25229
5096 25318
5082 25376
5063 25456
5086 25356
5107 25277
5098 25316
5117 25236
5135 25172
5064 25451
5120 25223
5079 25393
5065 25450
5072 25422
5080 25389
5084 25372
5085 25364
5102 25291
5115 25249
5159 25080
5116 25239
5128 25189
5106 25284
5110 25266
5150 25110
5125 25211
5112 25256
5136 25171
5127 25205
5132 25176
5148 25122
5099 25314
5122 25214
5143 25135
5134 25174
5138 25164
5094 25327
5153 25094
5156 25081
5126 25206
5139 25159
5111 25262
5151 25107
5194 24953
5090 25342
5152 25097
5180 24989
5209 24889
5162 25066
5202 24910
5177 25011
5164 25056
5214 24884
5173 25028
5188 24971
5154 25091
5179 25005
5184 24976
5174 25014
5200 24922
5195 24935
5186 24974
5215 24870
5190 24964
5146 25127
5223 24830
5205 24894
5229 24826
5178 25006
5167 25051
5222 24849
5191 24959
5168 25047
5163 25062
5170 25029
5212 24886
5203 24907
5247 24738
5142 25142
5272 24643
5301 24543
5254 24720
5256 24710
5294 24564
5269 24665
5306 24538
5265 24682
5280 24625
5298 24551
5246 24745
5276 24630
5243 24768
5266 24668
5292 24576
5287 24589
5278 24628
5307 24524
5238 24781
5282 24618
5315 24484
5244 24751
5270 24660
5259 24705
5252 24734
5314 24503
5283 24613
5255 24716
5262 24683
5260 24701
5304 24540
5295 24561
5234 24796
5271 24658
5248 24735
5359 24325
5341 24402
5388 24225
5343 24392
5381 24246
5367 24307
5339 24416
5333 24427
5385 24233
5353 24350
5319 24471
5325 24463
5374 24271
5365 24310
5379 24258
5394 24206
5334 24420
5331 24433
5346 24387
5342 24398
5349 24365
5347 24383
5363 24314
5382 24243
5335 24417
5396 24192
5378 24269
5425 24092
5389 24220
5404 24174
5370 24294
5422 24100
5413 24141
5412 24151
5390 24217
5356 24338
5352 24351
5387 24231
5416 24125
5415 24139
5371 24287
5368 24300
5418 24118
5407 24162
5386 24232
5400 24181
5428 24089
5419 24110
5329 24443
5372 24284
5445 24018
5429 24085
5474 23918
5438 24046
5423 24097
5443 24031
5460 23980
5453 24000
5461 23977
5471 23938
5439 24043
5405 24164
5401 24177
5411 24156
5430 24072
5436 24057
5465 23951
5479 23914
5480 23899
5464 23965
5455 23993
5467 23944
5488 23872
5487 23878
5456 23988
5435 24058
5449 24007
5477 23915
5509 23799
5493 23866
5502 23827
5517 23781
5507 23812
5524 23761
5483 23891
5525 23758
5535 23719
5503 23824
5494 23853
5500 23838
5529 23732
5543 23695
5528 23746
5519 23774
5538 23703
5531 23725
5552 23653
5551 23659
5499 23839
5520 23769
5513 23788
5541 23696
5486 23881
5574 23579
5558 23646
5545 23679
5567 23607
5572 23592
5589 23541
5548 23671
5590 23538
5600 23499
5568 23604
5559 23633
5565 23618
5594 23512
5584 23554
5539 23698
5598 23511
5581 23557
5616 23439
5624 23421
5557 23652
5564 23619
5585 23549
5620 23435
5578 23568
5606 23476
5636 23372
5607 23472
5629 23400
5634 23385
5651 23334
5610 23464
5657 23306
5673 23259
5630 23397
5662 23292
5679 23235
5652 23331
5592 23531
5621 23426
5601 23491
5670 23268
5660 23304
5655 23319
5646 23347
5643 23350
5614 23446
5593 23518
5686 23214
5626 23412
5647 23342
5682 23228
5640 23361
5656 23317
5668 23269
5613 23454
5711 23132
5704 23160
5685 23224
5709 23145
5726 23094
5732 23066
5727 23093
5667 23291
5705 23156
5694 23189
5696 23186
5676 23251
5691 23199
5735 23064
5689 23206
5745 23028
5730 23079
5721 23107
5718 23110
5701 23172
5761 22974
5722 23102
5751 23017
5757 22988
5738 23061
5731 23077
5715 23121
5789 22886
5767 22965
5779 22923
5797 22868
5787 22899
5804 22848
5768 22952
5805 22847
5772 22943
5746 23023
5818 22808
5774 22940
5754 23005
5760 22982
5813 22818
5823 22782
5808 22833
5799 22861
5782 22908
5810 22822
5739 23044
5844 22725
5800 22856
5829 22771
5835 22742
5816 22815
5809 22831
5793 22875
5766 22968
5858 22679
5869 22638
5847 22717
5902 22553
5843 22730
5859 22675
5877 22620
5848 22704
5867 22651
5884 22600
5885 22599
5826 22775
5852 22695
5832 22769
5854 22692
5898 22560
5918 22498
5907 22534
5834 22757
5840 22734
5893 22570
5888 22585
5879 22613
5862 22660
5890 22574
5819 22796
5924 22477
5880 22608
5909 22523
5896 22567
5889 22583
5873 22627
5837 22741
5908 22530
5846 22720
5899 22559
5938 22431
5959 22367
5937 22446
5992 22282
5933 22459
5949 22404
5967 22349
5957 22380
5974 22329
5975 22328
5916 22504
5942 22424
5944 22421
5988 22289
6008 22227
5997 22263
5930 22463
5983 22299
5925 22471
5952 22389
5978 22314
5969 22342
6004 22245
5913 22511
5986 22296
6014 22206
5970 22337
5999 22252
5979 22312
5963 22356
5927 22470
5998 22259
5936 22449
5989 22288
6063 22066
6041 22145
6076 22036
6096 21981
6053 22103
6071 22048
6061 22079
6078 22028
6079 22027
6046 22123
6034 22162
6028 22185
6043 22128
6055 22097
6101 21962
6029 22170
6087 21998
6056 22088
6082 22013
6073 22041
6042 22130
6108 21944
6013 22224
6019 22197
6048 22112
6090 21995
6083 22011
6031 22169
6118 21918
6067 22055
6102 21958
6040 22148
6093 21987
5994 22273
6106 21945
6119 21915
6116 21923
6139 21860
6114 21927
6122 21906
6121 21907
6086 22007
6057 22085
6144 21841
6099 21967
6097 21973
6085 22009
6158 21810
6117 21920
6151 21823
6062 22076
6091 21991
6051 22106
6133 21874
6126 21890
6161 21797
6110 21934
6145 21837
6136 21866
6037 22152
6169 21771
6182 21741
6179 21749
6173 21764
6202 21686
6159 21808
6177 21753
6185 21732
6184 21733
6120 21911
6207 21667
6189 21718
6162 21793
6150 21824
6160 21799
6148 21835
6221 21636
6180 21746
6188 21731
6214 21649
6194 21710
6193 21713
6125 21902
6154 21817
6196 21700
6149 21826
6224 21623
6165 21782
6130 21879
6199 21692
6252 21545
6265 21515
6262 21523
6256 21538
6285 21460
6242 21582
6260 21527
6268 21506
6267 21507
6203 21685
6228 21613
6272 21492
6245 21567
6233 21598
6243 21573
6231 21609
6259 21532
6277 21486
6263 21520
6271 21505
6276 21487
6237 21591
6232 21600
6279 21474
6321 21365
6220 21648
6307 21397
6248 21556
6213 21653
6282 21466
6327 21344
6340 21314
6337 21322
6331 21337
6301 21436
6360 21259
6317 21381
6335 21326
6343 21305
6342 21306
6298 21440
6278 21484
6303 21412
6289 21448
6320 21366
6318 21372
6306 21408
6334 21331
6352 21285
6338 21319
6312 21390
6351 21286
6354 21273
6396 21164
6295 21447
6348 21294
6323 21355
6288 21452
6357 21265
6384 21194
6411 21134
6414 21120
6412 21125
6394 21172
6388 21187
6417 21109
6374 21231
6392 21176
6400 21155
6399 21156
6429 21100
6346 21298
6364 21247
6377 21216
6375 21222
6428 21102
6363 21258
6415 21117
6391 21181
6435 21073
6403 21154
6339 21316
6409 21135
6395 21169
6369 21240
6408 21136
6453 21014
6405 21144
6329 21342
6380 21205
6345 21302
6486 20929
6499 20899
6513 20869
6516 20855
6496 20907
6481 20945
6490 20922
6476 20966
6494 20911
6502 20890
6437 21069
6501 20891
6519 20847
6462 20997
6448 21033
6466 20982
6479 20951
6477 20957
6517 20852
6441 21051
6493 20916
6537 20808
6511 20870
6497 20904
6471 20975
6510 20871
6459 21000
6507 20879
6431 21077
6555 20759
6482 20940
6447 21037
6456 21008
6534 20809
6547 20779
6561 20749
6564 20735
6538 20802
6544 20787
6529 20825
6542 20791
6550 20770
6524 20841
6526 20833
6514 20862
6527 20831
6525 20837
6565 20732
6553 20769
6585 20688
6541 20796
6559 20750
6545 20784
6558 20751
6465 20989
6603 20639
6530 20820
6504 20888
6595 20658
6578 20702
6596 20657
6599 20651
6605 20636
6590 20674
6611 20619
6580 20696
6562 20740
6587 20682
6571 20726
6622 20598
6640 20564
6575 20711
6588 20680
6586 20686
6574 20722
6639 20566
6614 20618
6646 20537
6602 20645
6627 20584
6620 20599
6606 20633
6568 20729
6619 20600
6616 20608
6664 20488
6591 20669
6634 20576
6680 20449
6663 20493
6650 20523
6677 20463
6681 20448
6684 20442
6690 20427
6675 20465
6688 20431
6647 20531
6670 20481
6672 20473
6665 20487
6642 20553
6707 20389
6660 20502
6673 20471
6671 20477
6649 20526
6635 20571
6699 20409
6731 20328
6687 20436
6712 20375
6705 20390
6691 20424
6653 20520
6704 20391
6701 20399
6625 20597
6641 20557
6607 20630
6766 20258
6725 20341
6747 20295
6708 20385
6695 20415
6722 20355
6726 20340
6729 20334
6749 20290
6735 20319
6720 20357
6733 20323
6709 20380
6692 20423
6715 20373
6717 20365
6710 20379
6752 20281
6718 20363
6716 20369
6740 20315
6694 20418
6744 20301
6776 20220
6757 20267
6750 20282
6736 20316
6698 20412
6656 20511
6652 20522
6764 20259
6748 20293
6795 20176
6801 20161
6823 20115
6784 20205
6771 20235
6798 20175
6802 20160
6805 20154
6825 20110
6811 20139
6809 20143
6785 20200
6768 20243
6791 20193
6793 20185
6786 20199
6827 20108
6763 20265
6828 20101
6846 20067
6794 20183
6792 20189
6845 20069
6816 20135
6770 20238
6820 20121
6808 20146
6812 20136
6774 20232
6777 20219
6788 20196
6780 20211
6824 20113
6871 19996
6882 19971
6904 19925
6865 20015
6852 20045
6879 19985
6883 19970
6886 19964
6892 19949
6877 19987
6890 19953
6866 20010
6849 20053
6874 19995
6867 20009
6914 19906
6895 19947
6909 19911
6875 19993
6851 20048
6901 19931
6839 20079
6831 20092
6838 20084
6857 20030
6855 20042
6960 19809
6889 19956
6858 20029
6869 20006
6861 20021
6968 19780
6835 20088
6917 19893
6939 19847
6900 19937
6918 19892
6921 19886
6941 19842
6927 19871
6912 19909
6916 19905
6949 19828
6943 19840
6930 19869
6947 19838
6976 19773
6935 19859
6961 19801
6932 19867
6936 19853
6906 19918
6965 19792
6924 19878
6896 19943
6844 20074
6956 19811
7003 19702
6847 20058
7013 19680
7035 19634
6996 19724
6983 19754
7010 19694
7014 19679
7007 19695
7027 19651
6998 19718
7005 19698
6980 19762
6997 19719
7045 19615
7019 19674
7026 19656
6986 19740
7057 19588
6982 19757
7067 19567
7032 19640
6988 19739
7002 19705
7061 19579
7091 19518
7020 19665
7000 19715
6989 19738
6992 19730
7025 19662
7052 19598
7101 19500
7039 19625
7040 19624
7050 19609
7053 19596
7048 19611
7024 19663
7029 19647
7031 19643
7023 19664
7071 19560
7065 19572
7012 19685
7098 19505
7083 19533
7074 19552
7018 19675
7028 19650
7087 19524
7110 19478
7051 19607
7078 19543
6953 19816
7126 19442
7123 19456
7127 19441
7148 19396
7137 19426
7115 19473
7140 19413
7135 19428
7116 19464
7125 19454
7118 19460
7158 19377
7152 19389
7132 19436
7099 19502
7139 19418
7166 19361
7170 19350
7161 19369
7107 19482
7094 19516
7113 19477
7105 19492
7119 19457
7138 19424
7214 19262
7192 19304
7171 19349
7210 19268
7181 19335
7206 19275
7201 19290
7177 19342
7182 19326
7184 19322
7176 19343
7224 19239
7218 19251
7165 19364
7205 19280
7232 19223
7251 19184
7173 19344
7227 19231
7238 19216
7179 19339
7133 19430
7144 19405
7263 19157
7185 19319
7153 19386
7280 19124
7241 19202
7220 19247
7219 19248
7245 19195
7217 19253
7240 19214
7233 19220
7266 19156
7258 19176
7293 19111
7295 19107
7289 19113
7273 19137
7267 19149
7271 19147
7259 19168
7254 19178
7281 19121
7300 19082
7197 19294
7187 19315
7299 19098
7287 19114
7193 19303
7312 19055
7234 19217
7202 19284
7329 19022
7400 18875
7379 18920
7378 18921
7411 18859
7404 18868
7386 18904
7395 18890
7371 18942
7376 18926
7392 18893
7384 18914
7425 18829
7422 18840
7432 18810
7385 18913
7426 18822
7430 18820
7391 18903
7373 18935
7418 18841
7413 18851
7440 18794
7459 18755
7356 18967
7346 18988
7365 18948
7375 18934
7341 19001
7352 18976
7339 19018
7322 19037
7412 18857
7361 18957
7485 18702
7482 18716
7464 18747
7463 18748
7495 18694
7496 18686
7489 18695
7471 18731
7480 18717
7456 18769
7461 18753
7484 18714
7477 18720
7510 18656
7507 18667
7517 18637
7515 18647
7476 18730
7458 18762
7503 18668
7511 18652
7525 18621
7431 18815
7450 18775
7437 18803
7414 18849
7407 18864
7497 18684
7446 18784
7397 18882
7557 18556
7554 18570
7536 18601
7535 18602
7568 18540
7561 18549
7543 18585
7552 18571
7533 18607
7556 18568
7549 18574
7541 18595
7574 18530
7582 18510
7579 18521
7605 18467
7542 18594
7599 18475
7531 18609
7587 18501
7548 18584
7530 18616
7596 18489
7583 18506
7576 18523
7570 18532
7498 18676
7513 18648
7522 18629
7615 18452
7509 18657
7479 18718
7569 18538
7469 18736
7625 18425
7604 18470
7603 18471
7662 18361
7636 18409
7611 18454
7620 18440
7629 18418
7617 18443
7609 18464
7642 18399
7650 18379
7671 18345
7593 18490
7647 18390
7677 18334
7679 18330
7610 18463
7631 18417
7655 18370
7566 18545
7598 18485
7644 18392
7638 18401
7581 18517
7673 18341
7590 18498
7683 18321
7663 18355
7660 18369
7700 18291
7674 18339
7649 18384
7667 18348
7691 18315
7653 18378
7680 18329
7709 18275
7685 18320
7715 18264
7717 18260
7621 18436
7669 18347
7693 18300
7637 18405
7682 18322
7708 18279
7703 18288
7711 18271
7721 18251
7675 18337
7751 18196
7787 18147
7748 18210
7730 18241
7765 18177
7762 18180
7788 18132
7785 18148
7783 18155
7737 18225
7746 18211
7755 18189
7779 18156
7750 18208
7743 18214
7741 18219
7735 18235
7768 18170
7726 18242
7797 18116
7773 18161
7736 18234
7803 18105
7805 18101
7757 18188
7725 18246
7770 18163
7738 18220
7811 18093
7796 18120
7826 18070
7791 18129
7799 18112
7763 18178
7857 18010
7836 18055
7871 17991
7894 17946
7889 17969
7839 18046
7852 18025
7853 18017
7885 17970
7849 18028
7847 18033
7825 18075
7832 18056
7903 17930
7879 17975
7815 18091
7855 18014
7841 18041
7863 18002
7827 18065
7831 18060
7876 17977
7844 18034
7917 17907
7902 17934
7932 17884
7822 18083
7897 17943
7809 18094
7922 17897
7958 17848
7901 17942
7936 17878
7933 17881
7959 17833
7956 17849
7954 17856
7918 17904
7939 17871
7950 17857
7914 17915
7912 17920
7890 17962
7944 17862
7868 17992
7920 17901
7906 17928
7928 17889
7892 17952
7909 17921
7982 17794
7941 17865
7967 17821
7997 17771
7962 17830
7874 17981
7864 18001
7934 17879
8019 17730
8033 17711
8030 17714
8014 17745
8015 17737
8036 17704
8011 17748
8009 17753
7994 17776
7973 17810
8041 17695
7965 17825
8017 17734
8003 17761
8025 17722
7989 17785
8058 17668
7993 17780
8000 17763
8038 17698
8006 17754
8059 17663
8064 17654
8094 17604
7971 17814
8031 17712
8083 17622
8103 17594
8097 17603
8046 17686
8079 17629
8100 17596
8111 17582
8075 17640
8073 17645
8037 17702
8105 17587
8029 17717
8081 17626
8067 17653
8053 17677
8089 17614
8122 17560
8057 17672
8023 17725
8070 17646
8035 17706
8123 17555
8113 17572
8157 17504
8153 17505
8132 17550
8173 17477
8167 17486
8164 17489
8116 17569
8208 17429
8187 17457
8191 17453
8185 17464
8148 17520
8149 17512
8170 17479
8181 17465
8145 17523
8143 17528
8199 17439
8128 17551
8107 17585
8175 17470
8099 17600
8151 17509
8137 17536
8159 17497
8192 17443
8093 17608
8134 17537
8140 17529
8213 17414
8078 17631
8227 17387
8165 17487
8249 17352
8269 17324
8263 17333
8260 17336
8212 17416
8244 17367
8245 17359
8266 17326
8277 17312
8241 17370
8239 17375
8224 17398
8295 17286
8203 17432
8247 17356
8255 17344
8288 17290
8189 17455
8230 17384
8236 17376
8201 17436
8209 17419
8309 17261
8219 17402
8273 17317
8261 17334
8305 17264
8341 17215
8325 17236
8319 17245
8316 17248
8339 17216
8354 17197
8300 17279
8343 17212
8349 17203
8301 17271
8280 17310
8333 17224
8297 17282
8351 17198
8303 17268
8283 17299
8311 17256
8286 17296
8344 17209
8265 17331
8275 17314
8292 17288
8365 17173
8322 17242
8231 17382
8329 17229
8317 17246
8377 17155
8413 17106
8397 17127
8391 17136
8388 17139
8411 17107
8426 17088
8432 17079
8402 17125
8372 17170
8415 17103
8409 17114
8421 17094
8403 17122
8360 17181
8373 17162
8445 17063
8405 17115
8423 17089
8375 17159
8355 17190
8338 17217
8433 17076
8383 17147
8358 17187
8453 17046
8416 17100
8337 17222
8347 17205
8364 17179
8394 17133
8389 17138
8434 17073
8470 17024
8454 17045
8448 17054
8468 17025
8459 17043
8483 17006
8477 17017
8489 16997
8472 17021
8466 17032
8478 17012
8460 17040
8417 17099
8430 17080
8502 16981
8462 17033
8386 17143
8490 16994
8498 16983
8440 17065
8503 16975
8510 16964
8473 17018
8451 17051
8446 17056
8422 17091
8538 16924
8527 16940
8558 16896
8552 16905
8572 16876
8563 16894
8533 16939
8587 16857
8581 16868
8598 16842
8593 16848
8568 16887
8576 16872
8567 16889
8570 16883
8582 16863
8564 16891
8521 16950
8534 16931
8606 16832
8492 16990
8516 16959
8519 16956
8594 16845
8602 16834
8544 16916
8607 16826
8508 16974
8577 16869
8525 16948
8555 16902
8550 16907
8526 16942
8619 16809
8655 16760
8608 16825
8639 16781
8633 16790
8653 16761
8644 16779
8614 16824
8668 16742
8679 16727
8674 16733
8649 16772
8657 16757
8648 16774
8651 16768
8663 16748
8645 16776
8615 16816
8631 16797
8591 16849
8571 16879
8573 16875
8600 16841
8675 16730
8683 16719
8625 16801
8632 16792
8543 16918
8658 16754
8636 16787
8595 16844
8709 16682
8745 16633
8698 16698
8729 16654
8723 16663
8734 16652
8704 16697
8758 16615
8752 16626
8769 16600
8764 16606
8739 16645
8747 16630
8741 16641
8753 16621
8735 16649
8692 16708
8705 16689
8721 16670
8681 16722
8673 16740
8777 16590
8661 16752
8690 16714
8773 16592
8715 16674
8722 16665
8640 16780
8748 16627
8696 16706
8726 16660
8697 16699
8685 16717
8812 16537
8848 16488
8801 16553
8832 16509
8826 16518
8778 16585
8861 16470
8855 16481
8872 16455
8867 16461
8850 16485
8841 16502
8856 16476
8795 16563
8847 16491
8808 16544
8824 16525
8784 16577
8880 16445
8766 16603
8793 16569
8756 16616
8754 16619
8825 16520
8743 16635
8736 16646
8799 16561
8829 16515
8800 16554
8788 16572
8876 16448
8912 16399
8865 16464
8870 16457
8842 16496
8901 16418
8887 16433
8881 16442
8859 16474
8944 16356
8830 16514
8897 16423
8941 16361
8820 16527
8818 16530
8889 16431
8807 16546
8837 16503
8893 16426
8979 16311
8864 16465
8852 16483
8923 16384
8903 16412
8917 16393
8955 16350
8948 16354
8868 16460
8928 16378
8906 16410
8935 16372
8895 16424
8958 16338
8919 16391
8875 16454
8991 16292
8977 16322
8988 16297
8954 16352
8854 16482
8936 16367
8972 16327
8986 16306
8884 16439
8910 16408
8940 16362
9026 16247
8911 16401
8899 16419
9056 16205
9068 16198
9020 16254
9036 16233
9050 16214
9022 16253
9088 16171
9081 16175
9001 16281
9061 16199
9031 16244
9039 16231
9045 16220
9013 16270
9028 16245
9091 16159
9052 16212
9008 16275
9010 16271
9077 16180
9110 16143
9087 16173
9000 16284
8998 16287
8987 16303
9069 16188
9105 16148
9119 16127
9017 16260
9043 16229
9073 16183
9159 16068
9044 16222
9032 16240
9194 16022
9158 16071
9174 16050
9188 16031
9139 16098
9199 16016
9177 16048
9183 16037
9151 16087
9166 16062
9146 16092
9155 16075
9148 16088
9126 16114
9215 15997
9129 16109
9138 16101
9136 16104
9118 16131
9207 16005
9257 15944
9181 16046
9229 15977
9211 16000
9182 16039
9170 16057
9224 15983
9236 15976
9222 15991
9243 15963
9204 16011
9218 15992
9238 15968
9249 15953
9256 15949
9169 16059
9291 15904
9213 15998
9189 16029
9185 16036
9245 15958
9278 15921
9255 15951
9273 15926
9287 15905
9259 15938
9121 16120
9322 15860
9286 15909
9320 15868
9341 15840
9302 15888
9316 15869
9336 15845
9347 15830
9267 15936
9327 15854
9297 15899
9354 15826
9389 15781
9361 15815
9294 15900
9311 15875
9283 15913
9254 15952
9343 15835
9376 15798
9309 15877
9308 15881
9305 15882
9298 15895
9368 15805
9366 15813
9387 15785
9362 15814
9357 15820
9348 15829
9392 15780
9400 15771
9435 15726
9407 15760
9417 15759
9374 15799
9447 15714
9419 15752
9399 15773
9401 15768
9355 15822
9384 15791
9333 15850
9430 15739
9398 15778
9351 15827
9514 15635
9478 15684
9526 15628
9557 15592
9512 15643
9533 15615
9508 15644
9503 15650
9489 15665
9494 15659
9459 15711
9471 15689
9546 15601
9466 15705
9486 15669
9475 15688
9468 15701
9520 15629
9536 15612
9565 15582
9583 15560
9545 15603
9547 15598
9493 15660
9501 15652
9500 15656
9451 15713
9530 15621
9479 15680
9576 15569
9544 15608
9497 15657
9616 15523
9653 15487
9628 15516
9659 15480
9614 15531
9635 15503
9610 15532
9605 15538
9591 15553
9596 15547
9573 15577
9588 15557
9648 15489
9622 15517
9638 15500
9562 15585
9647 15491
9667 15470
9602 15544
9603 15540
9632 15509
9686 15451
9581 15568
9678 15457
9646 15496
9599 15545
9710 15423
9747 15387
9708 15431
9729 15403
9704 15432
9699 15438
9685 15453
9674 15466
9716 15417
9631 15514
9732 15400
9677 15460
9656 15485
9741 15391
9641 15498
9761 15370
9696 15444
9697 15440
9726 15409
9780 15351
9693 15445
9751 15380
9791 15346
9769 15364
9775 15357
9788 15347
9740 15395
9819 15314
9719 15414
9757 15374
9782 15348
9682 15455
9802 15327
9738 15397
9793 15344
9767 15366
9821 15308
9689 15446
9833 15295
9851 15279
9857 15272
9870 15262
9814 15315
9794 15343
9808 15324
9797 15338
9901 15229
9801 15329
9839 15289
9811 15318
9844 15288
9832 15306
9800 15332
9820 15312
9875 15259
9849 15281
9903 15223
9771 15361
9863 15268
9909 15217
9956 15179
9955 15180
9949 15183
9927 15201
9890 15237
9884 15246
9933 15194
9898 15232
9946 15184
9873 15260
9877 15251
9977 15151
9887 15240
9920 15210
9917 15213
9915 15216
9876 15254
9878 15249
9858 15270
9896 15234
9925 15203
9976 15154
9847 15283
9939 15190
10019 15113
10001 15128
10048 15090
10047 15091
9958 15171
9990 15143
10041 15094
10038 15095
10023 15112
9969 15162
10027 15105
9995 15134
10012 15121
10009 15124
10007 15127
9968 15165
9970 15160
9987 15149
9950 15181
10088 15055
10025 15108
10063 15075
9988 15145
9931 15200
10043 15092
10052 15083
10017 15114
10093 15050
10076 15063
10068 15065
10031 15101
10066 15072
9984 15150
10111 15024
10060 15082
10178 14961
10225 14923
10135 15004
10153 14990
10167 14976
10218 14927
10154 14984
10215 14928
10200 14945
10146 14995
10110 15027
10204 14938
10172 14967
10189 14954
10186 14957
10145 14998
10124 15023
10184 14960
10147 14993
10164 14982
10127 15014
10202 14941
10165 14978
10108 15033
10220 14925
10229 14916
10194 14947
10253 14896
10208 14934
10243 14905
10161 14983
10109 15031
10237 14915
10245 14901
10221 14924
10267 14885
10276 14876
10284 14871
10271 14878
10239 14907
10256 14894
10251 14900
10214 14933
10269 14881
10332 14828
10307 14848
10287 14865
10279 14874
10296 14856
10261 14887
10320 14836
10337 14823
10310 14845
10304 14855
10322 14833
10369 14795
10362 14799
10285 14866
10344 14817
10353 14808
10361 14803
10350 14812
10333 14826
10316 14839
10330 14829
10328 14832
10346 14813
10384 14780
10364 14797
10305 14851
10338 14819
10397 14768
10292 14860
10387 14777
10394 14775
10413 14754
10430 14744
10460 14716
10432 14743
10453 14720
10376 14787
10435 14738
10444 14729
10452 14724
10441 14733
10424 14747
10407 14760
10421 14750
10419 14753
10382 14786
10434 14741
10437 14734
10475 14701
10500 14681
10455 14718
10396 14772
10406 14767
10383 14781
10478 14698
10520 14662
10537 14652
10567 14624
10539 14651
10560 14628
10483 14695
10542 14646
10551 14637
10531 14655
10514 14668
10494 14685
10528 14658
10526 14661
10489 14694
10541 14649
10544 14642
10582 14609
10469 14707
10503 14680
10513 14675
10504 14676
10445 14727
10612 14584
10490 14689
10640 14563
10622 14575
10629 14571
10670 14541
10576 14616
10585 14608
10644 14559
10653 14550
10661 14545
10662 14543
10650 14554
10686 14523
10633 14568
10616 14581
10596 14598
10673 14539
10628 14574
10591 14607
10643 14562
10646 14555
10709 14502
10580 14611
10571 14620
10605 14593
10606 14589
10547 14640
10714 14497
10700 14511
10592 14602
10557 14631
10694 14517
10742 14476
10681 14529
10685 14528
10801 14424
10794 14433
10808 14420
10820 14413
10849 14390
10761 14458
10755 14465
10764 14457
10823 14408
10832 14399
10840 14394
10841 14392
10829 14403
10812 14417
10865 14372
10795 14430
10775 14447
10852 14388
10807 14423
10770 14456
10822 14411
10825 14404
10739 14477
10759 14460
10750 14469
10784 14442
10785 14438
10726 14489
10734 14487
10879 14360
10771 14451
10736 14480
10873 14366
10921 14325
10864 14377
10945 14305
10938 14314
10952 14301
10964 14294
10993 14271
10905 14339
10899 14346
10908 14338
10976 14280
10984 14275
10985 14273
10973 14284
10956 14298
11006 14259
11009 14253
10939 14311
10919 14328
10951 14304
10914 14337
10966 14292
10883 14358
10903 14341
10858 14378
10894 14350
10928 14323
10929 14319
10870 14370
10853 14383
11023 14241
10915 14332
11017 14247
11008 14258
11087 14189
11080 14198
11147 14146
11094 14185
11106 14178
11047 14223
11041 14230
11135 14155
11050 14222
11109 14173
11118 14164
11127 14157
11115 14168
11034 14234
11054 14219
11081 14195
11061 14212
11108 14176
11093 14188
11063 14209
11045 14225
11000 14262
11071 14203
10995 14267
11057 14216
11022 14245
11159 14131
10967 14288
11190 14106
11183 14115
11150 14140
11144 14147
11223 14083
11250 14063
11197 14102
11209 14095
11153 14139
11212 14090
11229 14076
11230 14074
11218 14085
11137 14151
11126 14158
11157 14136
11184 14112
11164 14129
11215 14089
11211 14093
11196 14105
11166 14126
11148 14142
11103 14179
11173 14124
11174 14120
11098 14184
11112 14170
11125 14162
11309 14015
11070 14205
11269 14044
11262 14053
11317 14010
11302 14021
11329 14001
11276 14040
11288 14033
11291 14028
11238 14069
11362 13987
11257 14055
11342 13989
11205 14096
11263 14050
11290 14031
11243 14067
11294 14027
11300 14023
11275 14043
11320 14008
11245 14064
11227 14080
11182 14117
11297 14024
11252 14062
11287 14038
11253 14058
11285 14039
11373 13972
11204 14100
11388 13953
11312 14014
11332 13997
11461 13898
11415 13939
11454 13907
11509 13864
11494 13875
11521 13855
11502 13871
11468 13894
11480 13887
11483 13882
11430 13923
11421 13930
11449 13909
11422 13928
11408 13943
11397 13950
11455 13904
11482 13885
11486 13881
11435 13921
11492 13877
11467 13897
11512 13862
11437 13918
11419 13934
11374 13971
11489 13878
11444 13916
11369 13976
11445 13912
11383 13962
11504 13868
11524 13851
11546 13835
11539 13844
11572 13817
11579 13812
11606 13792
11587 13808
11553 13831
11565 13824
11515 13860
11507 13865
11506 13867
11534 13846
11569 13821
11473 13890
11540 13841
11567 13822
11571 13818
11577 13814
11552 13834
11520 13858
11597 13799
11592 13806
11574 13815
11530 13849
11650 13763
11427 13926
11634 13772
11653 13762
11627 13781
11660 13754
11612 13788
11581 13811
11593 13804
11603 13797
11595 13802
11622 13783
11664 13752
11657 13758
11727 13715
11561 13827
11672 13749
11642 13768
11628 13778
11655 13759
11659 13755
11640 13771
11665 13751
11667 13750
11697 13729
11685 13736
11680 13743
11618 13786
11738 13700
11815 13646
11767 13680
11834 13636
11808 13655
11789 13664
11796 13662
11762 13685
11755 13689
11774 13678
11784 13671
11776 13676
11803 13657
11845 13626
11838 13632
11751 13698
11853 13623
11868 13611
11823 13642
11809 13652
11836 13633
11840 13629
11846 13625
11848 13624
11827 13639
11764 13682
11787 13666
11799 13660
11737 13710
11711 13718
11795 13663
11752 13693
11871 13608
11890 13598
11864 13617
11811 13651
11897 13591
11859 13619
11901 13588
11894 13594
11951 13558
11879 13604
11924 13573
11892 13595
11865 13614
11870 13609
11820 13644
11904 13586
11883 13601
11843 13628
11855 13622
11896 13593
12005 13524
11934 13566
11886 13600
11908 13584
11953 13556
11960 13549
11957 13552
12027 13509
11942 13562
11972 13543
11987 13531
11955 13553
11909 13583
11928 13572
11903 13587
11933 13567
11913 13581
11918 13580
11959 13551
11950 13561
11830 13638
12068 13482
12013 13514
11965 13548
12072 13481
12032 13504
12006 13523
11971 13545
12053 13494
11983 13534
12036 13500
12106 13457
12093 13464
12021 13510
12087 13479
12052 13496
11998 13526
12034 13501
12007 13520
11982 13535
12012 13515
12054 13492
11980 13536
11992 13529
12066 13486
12059 13490
12048 13497
12031 13508
12089 13478
11997 13528
12038 13499
12147 13430
12227 13380
12179 13414
12167 13423
12286 13347
12201 13397
12185 13411
12197 13400
12235 13376
12250 13366
12240 13373
12212 13392
12174 13415
12248 13367
12221 13386
12196 13401
12226 13381
12268 13358
12194 13402
12206 13395
12262 13363
12211 13394
12252 13365
12123 13452
12164 13427
12271 13353
12290 13343
12245 13370
12311 13333
12279 13349
12191 13403
12263 13359
12310 13335
12218 13388
12270 13354
12312 13331
12238 13375
12306 13336
12317 13329
12296 13338
12137 13437
12321 13324
12380 13291
12340 13314
12348 13310
12295 13341
12361 13304
12329 13320
12313 13330
12300 13337
12360 13306
12320 13325
12407 13278
12362 13302
12327 13323
12356 13307
12374 13296
12367 13300
12339 13318
12345 13313
12337 13319
12187 13408
12421 13269
12389 13288
12395 13286
12461 13249
12429 13265
12400 13282
12413 13275
12460 13251
12406 13281
12420 13270
12495 13234
12507 13223
12396 13283
12427 13268
12456 13252
12443 13262
12449 13256
12474 13241
12467 13245
12439 13263
12445 13258
12497 13233
12488 13240
12437 13264
12560 13195
12501 13228
12528 13214
12494 13237
12534 13212
12600 13175
12568 13191
12539 13208
12552 13201
12599 13177
12559 13196
12590 13183
12634 13160
12519 13217
12535 13209
12566 13194
12648 13149
12582 13188
12542 13206
12553 13199
12616 13168
12578 13189
12584 13184
12636 13159
12669 13141
12627 13166
12576 13190
12696 13125
12707 13123
12637 13158
12664 13144
12746 13106
12675 13138
12656 13145
12688 13129
12695 13126
12748 13105
12735 13107
12726 13113
12770 13090
12655 13147
12671 13139
12702 13124
12608 13171
12718 13118
12678 13136
12643 13153
12782 13088
12752 13098
12790 13086
12714 13119
12720 13114
12772 13089
12805 13071
12815 13070
12798 13085
12763 13096
12712 13120
12861 13044
12872 13042
12802 13077
12835 13061
12918 13021
12911 13025
12840 13057
12821 13064
12853 13048
12860 13045
12913 13024
12900 13026
12891 13032
12935 13009
12820 13066
12836 13058
12867 13043
12883 13037
12843 13055
12947 13007
12955 13005
12879 13038
12885 13033
12828 13062
12769 13094
12980 12989
12928 13015
12877 13039
13054 12954
12995 12987
13028 12971
13033 12967
13014 12974
13046 12958
13104 12935
13053 12955
13106 12934
13093 12936
13084 12942
13020 12972
13013 12976
12966 13000
13029 12968
13060 12953
13076 12947
13036 12965
13140 12917
13072 12948
13078 12943
12945 13008
12962 13004
13070 12949
13117 12925
13128 12923
13174 12902
13077 12945
13109 12929
13167 12906
13116 12926
13147 12913
13043 12960
13092 12939
13123 12924
13139 12918
13243 12874
13225 12885
13061 12952
13203 12888
13211 12886
13008 12979
13163 12908
12998 12980
13158 12910
13184 12896
13133 12920
13138 12919
13270 12859
13281 12857
13327 12836
13230 12879
13262 12863
13320 12840
13269 12860
13231 12877
13296 12851
13196 12894
13300 12847
13229 12881
13245 12873
13276 12858
13292 12852
13396 12808
13378 12819
13361 12828
13246 12870
13364 12820
13359 12831
13316 12842
13311 12844
13354 12833
13286 12854
13291 12853
13490 12769
13501 12767
13447 12795
13450 12789
13482 12773
13547 12746
13540 12750
13489 12770
13416 12804
13516 12761
13520 12757
13449 12791
13465 12783
13496 12768
13512 12762
13434 12796
13466 12780
13404 12806
13536 12752
13423 12798
13531 12754
13506 12764
13674 12697
13577 12734
13588 12732
13638 12712
13569 12738
13627 12715
13576 12735
13603 12726
13583 12733
13599 12727
13451 12785
13553 12745
13668 12703
13666 12706
13623 12717
13510 12763
13618 12719
13661 12708
13598 12728
13593 12729
13761 12662
13811 12643
13822 12641
13861 12625
13872 12621
13803 12647
13754 12666
13772 12661
13760 12663
13781 12655
13837 12635
13833 12636
13817 12642
13685 12694
13725 12680
13787 12654
13717 12682
13857 12626
13744 12672
13852 12628
13832 12637
13643 12710
13898 12611
13909 12609
13948 12593
13959 12589
13890 12615
13940 12602
13841 12634
13847 12631
13848 12630
13868 12623
13924 12603
13920 12604
13904 12610
13989 12580
13941 12600
13831 12640
13919 12605
13730 12678
13714 12683
14009 12571
14020 12569
14068 12554
13943 12599
14001 12575
14051 12562
13958 12591
13979 12583
14035 12563
14031 12564
14064 12557
14073 12549
14015 12570
13985 12582
14100 12540
14052 12560
13963 12588
13968 12586
14030 12565
14164 12518
14175 12516
14114 12536
14223 12501
14098 12546
14156 12522
14220 12505
14206 12509
14113 12538
14231 12499
14134 12530
14279 12482
14190 12510
14186 12511
14155 12526
14106 12539
14140 12529
14207 12507
14118 12535
14097 12547
14123 12533
14185 12512
14301 12475
14251 12493
14312 12473
14293 12479
14360 12458
14250 12495
14343 12466
14368 12456
14271 12487
14237 12497
14243 12496
14327 12467
14277 12486
14210 12506
14344 12464
14255 12492
14260 12490
14322 12469
14416 12439
14442 12431
14392 12449
14453 12429
14521 12411
14479 12424
14434 12435
14501 12414
14391 12451
14482 12423
14498 12418
14484 12422
14509 12412
14545 12407
14534 12409
14412 12443
14378 12453
14384 12452
14420 12438
14557 12397
14351 12462
14485 12420
14396 12448
14401 12446
14463 12425
14616 12380
14627 12378
14636 12377
14608 12384
14601 12386
14672 12367
14658 12371
14683 12361
14586 12392
14552 12402
14594 12387
14590 12388
14659 12369
14575 12395
14637 12374
14704 12355
14715 12353
14741 12348
14696 12359
14768 12340
14645 12372
14744 12347
14746 12346
14760 12342
14682 12362
14678 12363
14589 12389
14730 12350
14825 12326
14747 12344
14854 12318
14790 12333
14801 12331
14782 12337
14810 12330
14830 12325
14832 12324
14846 12320
14723 12352
14882 12311
14764 12341
14816 12328
14859 12317
14922 12302
14834 12323
14911 12304
14769 12339
14841 12322
14925 12301
14940 12296
15061 12267
15072 12265
15053 12271
15002 12284
15125 12252
15098 12260
15081 12264
15101 12259
15103 12258
15117 12254
14994 12286
15153 12245
15039 12274
15035 12275
15087 12262
15130 12251
15105 12257
15193 12236
15018 12278
14972 12295
15040 12273
14977 12293
15112 12256
15046 12272
15285 12214
15296 12212
15226 12231
15349 12199
15322 12207
15305 12211
15325 12206
15327 12205
15341 12201
15218 12233
15239 12228
15263 12221
15259 12222
15311 12209
15354 12198
15383 12193
15329 12204
15242 12225
15164 12243
15264 12220
15336 12203
15270 12219
15405 12186
15416 12184
15472 12171
15378 12194
15370 12196
15425 12183
15442 12179
15391 12190
15313 12208
15431 12181
15474 12170
15449 12176
15362 12197
15273 12217
15284 12215
15384 12192
15255 12223
15518 12160
15529 12158
15454 12175
15491 12168
15585 12145
15538 12157
15555 12153
15502 12165
15504 12164
15621 12138
15462 12173
15554 12155
15426 12182
15496 12167
15566 12150
15616 12139
15386 12191
15397 12189
15497 12166
15569 12149
15636 12134
15647 12132
15609 12142
15656 12131
15673 12127
15739 12112
15580 12147
15672 12129
15614 12141
15693 12123
15684 12124
15734 12113
15592 12144
15712 12120
15515 12163
15615 12140
15542 12156
15837 12091
15848 12089
15762 12110
15810 12099
15770 12106
15857 12088
15874 12084
15922 12075
15830 12095
15821 12096
15781 12104
15720 12117
15815 12098
15894 12080
15885 12081
15768 12107
15793 12101
15913 12077
15705 12122
15816 12097
15786 12102
15934 12071
15945 12069
15867 12086
15954 12068
15971 12064
16019 12055
15982 12062
15831 12093
15918 12076
15970 12066
15912 12078
15991 12060
15908 12079
15865 12087
15836 12092
16010 12057
15883 12082
16028 12053
16039 12051
15979 12063
16076 12044
16118 12037
15930 12074
16104 12039
16007 12059
16124 12035
16135 12033
16057 12050
16075 12045
16059 12048
16225 12018
16102 12042
16067 12046
16238 12016
16098 12043
16200 12021
16103 12041
16211 12019
16162 12029
16282 12012
16146 12032
16163 12028
16312 12002
16301 12003
16247 12014
16195 12024
16189 12026
16296 12011
16154 12030
16325 12000
16185 12027
16300 12008
16190 12025
16394 11988
16484 11972
16473 11974
16435 11982
16576 11957
16419 11985
16436 11981
16387 11992
16381 11994
16585 11955
16468 11977
16462 11979
16427 11983
16500 11971
16598 11953
16458 11980
16511 11970
16365 11997
16386 11993
16573 11961
16408 11986
16463 11978
16699 11936
16688 11938
16650 11946
16634 11949
16651 11945
16791 11921
16609 11952
16735 11931
16683 11941
16677 11943
16642 11947
16559 11963
16623 11950
16678 11942
16673 11944
16516 11967
16827 11916
16816 11918
16907 11909
16873 11911
16778 11926
16938 11903
16762 11929
16779 11925
16726 11933
16862 11913
16912 11908
16770 11927
16843 11915
16713 11935
16854 11914
16916 11905
16751 11930
17027 11892
17073 11887
17016 11894
17107 11885
16978 11902
17122 11883
16979 11901
16991 11897
17062 11889
17043 11891
17112 11884
17054 11890
17143 11881
17183 11878
17239 11871
17228 11873
17319 11864
17295 11866
17334 11862
17274 11868
17365 11860
17324 11863
17266 11869
17189 11876
17419 11854
17499 11847
17475 11849
17454 11851
17545 11843
17516 11845
17435 11853
17446 11852
17369 11859
17253 11870
17572 11840
17561 11842
17596 11838
17607 11837
17698 11829
17661 11834
17588 11839
17674 11831
17487 11848
17406 11856
17665 11833
17646 11835
17800 11820
17744 11825
17824 11818
17835 11817
17714 11828
17634 11836
17859 11815
17779 11822
17909 11812
17733 11826
17773 11823
17757 11824
17886 11813
17952 11808
17933 11810
17979 11806
18029 11803
17944 11809
18013 11804
17929 11811
18093 11799
18153 11794
18053 11801
18227 11789
18277 11786
18192 11792
18261 11787
18125 11798
18200 11791
18341 11782
18134 11796
18391 11779
18425 11777
18364 11781
18447 11776
18317 11784
18460 11775
18495 11774
18410 11778
18502 11773
18516 11772
18386 11780
18612 11768
18558 11770
18593 11769
18656 11766
18710 11763
18808 11759
18907 11756
18843 11758
18910 11755
18766 11761
18752 11762
19009 11752
18954 11754
19044 11751
19158 11748
19193 11747
19138 11749
19094 11750
19243 11746
19303 11745
19377 11744
19434 11743
19508 11742
19598 11741
19717 11740
=======19717 104970 =======
