309
3.09
0 10 8 16
0 23 19 7
1 34 6 19
1 36 3 11
2 42 7 18
3 25 4 15
4 16 5 8
4 40 1 14
5 8 8 3
6 8 8 13
6 18 2 4
6 29 17 8
6 38 13 4
7 29 11 14
8 23 4 13
9 42 10 4
11 16 8 13
12 16 14 15
13 45 10 4
14 22 12 26
15 22 7 4
15 29 13 18
17 35 24 6
17 37 1 21
17 47 10 13
18 42 0 7
19 37 16 13
19 43 17 8
20 24 12 19
20 25 2 10
21 28 3 16
23 33 19 11
25 47 0 19
26 36 12 7
27 32 7 9
27 40 0 2
28 38 7 13
29 32 3 2
29 47 11 4
30 34 0 2
31 41 6 3
34 38 9 15
36 44 4 20
39 40 8 6
40 46 2 22
41 46 17 10
45 46 0 3
(380, 512)
