4970
49.7
Arvore 1
0 10 8 16
0 23 19 7
0 42 2 80
1 34 6 19
1 36 3 11
2 13 10 18
2 41 3 28
2 42 7 18
3 25 4 15
4 6 0 45
4 12 2 41
4 16 5 8
4 40 1 14
5 8 8 3
5 23 0 26
5 43 28 7
6 18 2 4
6 38 13 4
7 26 0 50
8 21 0 28
9 42 10 4
11 30 3 47
11 33 37 9
13 45 10 4
14 41 0 39
15 17 5 36
15 18 6 26
15 22 7 4
17 24 6 28
17 35 24 6
17 37 1 21
18 42 0 7
19 30 7 30
20 25 2 10
20 31 2 78
21 28 3 16
21 39 6 56
21 47 1 51
25 47 0 19
26 44 2 78
26 46 3 22
27 32 7 9
27 40 0 2
29 32 3 2
30 32 3 42
30 34 0 2
45 46 0 3

