6202
62.02
Arvore 1
0 2 4 9
1 15 8 10
1 27 1 40
2 9 11 7
2 24 0 49
2 47 1 24
3 21 16 7
3 26 3 11
3 43 4 20
4 28 10 16
4 31 12 4
4 33 3 16
4 35 3 17
5 8 3 49
6 41 4 9
6 47 3 10
7 17 4 42
7 37 0 34
8 41 4 11
8 42 5 19
8 45 8 46
9 12 5 1
9 23 10 9
10 16 3 2
11 13 37 11
12 20 20 5
12 37 1 14
13 29 13 10
13 46 0 8
14 19 26 8
14 49 28 6
15 21 12 10
15 24 2 1
15 44 6 5
16 19 24 9
16 32 6 22
18 32 1 10
19 26 7 3
19 40 35 8
20 39 4 11
22 39 25 7
23 29 8 15
23 36 1 4
25 29 3 16
26 28 4 9
26 48 6 8
29 34 17 7
30 31 28 8
35 38 1 10

