2341
23.41
Resultado Final...
0 1 5 5
0 34 6 6
0 39 5 8
2 25 7 7
2 30 7 7
3 8 10 7
3 25 7 8
4 32 9 5
5 45 6 9
6 29 8 6
7 27 6 8
7 29 6 5
7 42 6 8
9 25 8 5
10 38 8 8
11 22 10 5
11 25 6 7
12 40 6 8
13 46 11 6
14 30 10 6
15 33 6 8
15 39 6 7
16 28 6 5
17 28 5 10
17 29 5 5
17 30 9 5
18 40 7 6
18 47 6 7
19 30 5 10
19 41 8 8
20 40 7 8
21 45 5 7
23 28 5 9
24 44 9 6
25 45 8 6
26 35 7 7
28 37 10 7
30 32 6 8
31 38 5 10
31 45 9 5
33 46 5 7
34 47 7 7
35 44 7 8
36 47 7 8
42 44 6 7
43 45 6 8
43 46 7 6
(326, 329)
