953
9.53
0 11 14 26
0 44 12 28
1 24 13 28
1 37 7 28
1 40 8 23
1 42 6 25
1 44 6 26
2 36 20 21
3 6 8 22
4 10 7 31
4 14 15 17
4 41 4 25
4 47 18 18
5 21 24 24
5 38 26 19
6 7 10 28
6 9 4 28
6 42 6 23
8 11 12 21
8 31 26 18
12 17 25 19
12 20 2 26
12 22 16 18
12 41 9 20
13 41 13 19
15 21 8 25
16 39 1 30
16 41 15 21
18 23 22 24
18 28 13 23
19 39 4 20
19 45 22 18
21 24 12 30
21 46 11 28
23 45 3 24
25 26 19 24
25 32 7 45
26 30 18 18
26 35 5 38
26 39 5 20
27 44 8 32
28 43 19 17
29 34 9 33
30 33 6 26
30 37 0 34
31 48 16 31
34 36 5 22
36 49 20 21
41 49 12 24
(571, 1209)
