1444
14.44
Arvore 1
0 1 3 3
0 2 0 97
0 14 3 7
1 4 6 3
1 5 4 3
1 18 3 3
2 7 4 5
2 17 3 5
3 11 3 3
3 15 3 3
4 16 3 3
5 15 4 3
6 8 3 7
6 9 3 4
8 14 3 4
10 15 4 3
10 19 10 3
12 16 6 4
13 18 3 4
(71, 167)

Arvore 2
0 1 3 3
0 2 0 97
0 14 3 7
1 4 6 3
1 5 4 3
1 18 3 3
2 7 4 5
2 17 3 5
3 11 3 3
3 15 3 3
4 16 3 3
5 15 4 3
6 8 3 7
6 9 3 4
8 14 3 4
10 15 4 3
10 19 10 3
12 18 4 6
13 18 3 4
(69, 169)

Arvore 3
0 1 3 3
0 2 0 97
0 14 3 7
1 4 6 3
1 5 4 3
1 18 3 3
2 7 4 5
2 17 3 5
3 11 3 3
3 15 3 3
4 16 3 3
5 15 4 3
6 8 3 7
6 9 3 4
6 19 3 8
8 14 3 4
10 15 4 3
12 18 4 6
13 18 3 4
(62, 174)

Arvore 4
0 1 3 3
0 2 0 97
0 14 3 7
1 4 6 3
1 5 4 3
1 18 3 3
2 17 3 5
3 11 3 3
3 15 3 3
4 16 3 3
5 15 4 3
6 8 3 7
6 9 3 4
7 18 5 4
8 14 3 4
10 15 4 3
10 19 10 3
12 16 6 4
13 18 3 4
(72, 166)

Arvore 5
0 1 3 3
0 2 0 97
0 14 3 7
1 4 6 3
1 5 4 3
1 18 3 3
2 17 3 5
3 11 3 3
3 15 3 3
4 16 3 3
5 15 4 3
6 8 3 7
6 9 3 4
7 18 5 4
8 14 3 4
10 15 4 3
10 19 10 3
12 18 4 6
13 18 3 4
(70, 168)

Arvore 6
0 1 3 3
0 2 0 97
0 14 3 7
1 5 4 3
1 18 3 3
2 7 4 5
2 17 3 5
3 4 4 4
3 11 3 3
3 15 3 3
4 16 3 3
5 15 4 3
6 8 3 7
6 9 3 4
8 14 3 4
10 15 4 3
10 19 10 3
12 16 6 4
13 18 3 4
(69, 168)

Arvore 7
0 1 3 3
0 2 0 97
0 14 3 7
1 5 4 3
1 18 3 3
2 7 4 5
2 17 3 5
3 4 4 4
3 11 3 3
3 15 3 3
4 16 3 3
5 15 4 3
6 8 3 7
6 9 3 4
8 14 3 4
10 15 4 3
10 19 10 3
12 18 4 6
13 18 3 4
(67, 170)

Arvore 8
0 1 3 3
0 2 0 97
0 14 3 7
1 5 4 3
1 18 3 3
2 7 4 5
2 17 3 5
3 4 4 4
3 11 3 3
3 15 3 3
4 16 3 3
5 15 4 3
6 8 3 7
6 9 3 4
6 19 3 8
8 14 3 4
10 15 4 3
12 18 4 6
13 18 3 4
(60, 175)

Arvore 9
0 1 3 3
0 2 0 97
0 14 3 7
1 5 4 3
1 18 3 3
2 17 3 5
3 4 4 4
3 11 3 3
3 15 3 3
4 16 3 3
5 15 4 3
6 8 3 7
6 9 3 4
7 18 5 4
8 14 3 4
10 15 4 3
10 19 10 3
12 16 6 4
13 18 3 4
(70, 167)

Arvore 10
0 1 3 3
0 2 0 97
0 14 3 7
1 5 4 3
1 18 3 3
2 17 3 5
3 4 4 4
3 11 3 3
3 15 3 3
4 16 3 3
5 15 4 3
6 8 3 7
6 9 3 4
7 18 5 4
8 14 3 4
10 15 4 3
10 19 10 3
12 18 4 6
13 18 3 4
(68, 169)

Arvore 11
0 1 3 3
0 2 0 97
0 14 3 7
1 5 4 3
1 18 3 3
2 7 4 5
2 17 3 5
3 11 3 3
3 15 3 3
4 9 3 5
4 16 3 3
5 15 4 3
6 8 3 7
6 9 3 4
8 14 3 4
10 15 4 3
10 19 10 3
12 16 6 4
13 18 3 4
(68, 169)

Arvore 12
0 1 3 3
0 2 0 97
0 14 3 7
1 5 4 3
1 18 3 3
2 7 4 5
2 17 3 5
3 11 3 3
3 15 3 3
4 9 3 5
4 16 3 3
5 15 4 3
6 8 3 7
6 9 3 4
8 14 3 4
10 15 4 3
10 19 10 3
12 18 4 6
13 18 3 4
(66, 171)

Arvore 13
0 1 3 3
0 2 0 97
0 14 3 7
1 5 4 3
1 18 3 3
2 7 4 5
2 17 3 5
3 11 3 3
3 15 3 3
4 9 3 5
4 16 3 3
5 15 4 3
6 8 3 7
6 9 3 4
6 19 3 8
8 14 3 4
10 15 4 3
12 18 4 6
13 18 3 4
(59, 176)

Arvore 14
0 1 3 3
0 2 0 97
0 14 3 7
1 5 4 3
1 18 3 3
2 17 3 5
3 11 3 3
3 15 3 3
4 9 3 5
4 16 3 3
5 15 4 3
6 8 3 7
6 9 3 4
7 18 5 4
8 14 3 4
10 15 4 3
10 19 10 3
12 16 6 4
13 18 3 4
(69, 168)

Arvore 15
0 1 3 3
0 2 0 97
0 14 3 7
1 5 4 3
1 18 3 3
2 17 3 5
3 11 3 3
3 15 3 3
4 9 3 5
4 16 3 3
5 15 4 3
6 8 3 7
6 9 3 4
7 18 5 4
8 14 3 4
10 15 4 3
10 19 10 3
12 18 4 6
13 18 3 4
(67, 170)

Arvore 16
0 1 3 3
0 14 3 7
1 2 97 0
1 4 6 3
1 5 4 3
1 18 3 3
2 7 4 5
2 17 3 5
3 11 3 3
3 15 3 3
4 16 3 3
5 15 4 3
6 8 3 7
6 9 3 4
8 14 3 4
10 15 4 3
10 19 10 3
12 16 6 4
13 18 3 4
(168, 70)

Arvore 17
0 1 3 3
0 14 3 7
1 2 97 0
1 4 6 3
1 5 4 3
1 18 3 3
2 7 4 5
2 17 3 5
3 11 3 3
3 15 3 3
4 16 3 3
5 15 4 3
6 8 3 7
6 9 3 4
8 14 3 4
10 15 4 3
10 19 10 3
12 18 4 6
13 18 3 4
(166, 72)

Arvore 18
0 1 3 3
0 14 3 7
1 2 97 0
1 4 6 3
1 5 4 3
1 18 3 3
2 7 4 5
2 17 3 5
3 11 3 3
3 15 3 3
4 16 3 3
5 15 4 3
6 8 3 7
6 9 3 4
6 19 3 8
8 14 3 4
10 15 4 3
12 18 4 6
13 18 3 4
(159, 77)

Arvore 19
0 1 3 3
0 14 3 7
1 2 97 0
1 4 6 3
1 5 4 3
1 18 3 3
2 17 3 5
3 11 3 3
3 15 3 3
4 16 3 3
5 15 4 3
6 8 3 7
6 9 3 4
7 18 5 4
8 14 3 4
10 15 4 3
10 19 10 3
12 16 6 4
13 18 3 4
(169, 69)

Arvore 20
0 1 3 3
0 14 3 7
1 2 97 0
1 4 6 3
1 5 4 3
1 18 3 3
2 17 3 5
3 11 3 3
3 15 3 3
4 16 3 3
5 15 4 3
6 8 3 7
6 9 3 4
7 18 5 4
8 14 3 4
10 15 4 3
10 19 10 3
12 18 4 6
13 18 3 4
(167, 71)

Arvore 21
0 1 3 3
0 14 3 7
1 2 97 0
1 5 4 3
1 18 3 3
2 7 4 5
2 17 3 5
3 4 4 4
3 11 3 3
3 15 3 3
4 16 3 3
5 15 4 3
6 8 3 7
6 9 3 4
8 14 3 4
10 15 4 3
10 19 10 3
12 16 6 4
13 18 3 4
(166, 71)

Arvore 22
0 1 3 3
0 14 3 7
1 2 97 0
1 5 4 3
1 18 3 3
2 7 4 5
2 17 3 5
3 4 4 4
3 11 3 3
3 15 3 3
4 16 3 3
5 15 4 3
6 8 3 7
6 9 3 4
8 14 3 4
10 15 4 3
10 19 10 3
12 18 4 6
13 18 3 4
(164, 73)

Arvore 23
0 1 3 3
0 14 3 7
1 2 97 0
1 5 4 3
1 18 3 3
2 7 4 5
2 17 3 5
3 4 4 4
3 11 3 3
3 15 3 3
4 16 3 3
5 15 4 3
6 8 3 7
6 9 3 4
6 19 3 8
8 14 3 4
10 15 4 3
12 18 4 6
13 18 3 4
(157, 78)

Arvore 24
0 1 3 3
0 14 3 7
1 2 97 0
1 5 4 3
1 18 3 3
2 17 3 5
3 4 4 4
3 11 3 3
3 15 3 3
4 16 3 3
5 15 4 3
6 8 3 7
6 9 3 4
7 18 5 4
8 14 3 4
10 15 4 3
10 19 10 3
12 16 6 4
13 18 3 4
(167, 70)

Arvore 25
0 1 3 3
0 14 3 7
1 2 97 0
1 5 4 3
1 18 3 3
2 17 3 5
3 4 4 4
3 11 3 3
3 15 3 3
4 16 3 3
5 15 4 3
6 8 3 7
6 9 3 4
7 18 5 4
8 14 3 4
10 15 4 3
10 19 10 3
12 18 4 6
13 18 3 4
(165, 72)

Arvore 26
0 1 3 3
0 14 3 7
1 2 97 0
1 5 4 3
1 18 3 3
2 7 4 5
2 17 3 5
3 11 3 3
3 15 3 3
4 9 3 5
4 16 3 3
5 15 4 3
6 8 3 7
6 9 3 4
8 14 3 4
10 15 4 3
10 19 10 3
12 16 6 4
13 18 3 4
(165, 72)

Arvore 27
0 1 3 3
0 14 3 7
1 2 97 0
1 5 4 3
1 18 3 3
2 7 4 5
2 17 3 5
3 11 3 3
3 15 3 3
4 9 3 5
4 16 3 3
5 15 4 3
6 8 3 7
6 9 3 4
8 14 3 4
10 15 4 3
10 19 10 3
12 18 4 6
13 18 3 4
(163, 74)

Arvore 28
0 1 3 3
0 14 3 7
1 2 97 0
1 5 4 3
1 18 3 3
2 7 4 5
2 17 3 5
3 11 3 3
3 15 3 3
4 9 3 5
4 16 3 3
5 15 4 3
6 8 3 7
6 9 3 4
6 19 3 8
8 14 3 4
10 15 4 3
12 18 4 6
13 18 3 4
(156, 79)

Arvore 29
0 1 3 3
0 14 3 7
1 2 97 0
1 5 4 3
1 18 3 3
2 17 3 5
3 11 3 3
3 15 3 3
4 9 3 5
4 16 3 3
5 15 4 3
6 8 3 7
6 9 3 4
7 18 5 4
8 14 3 4
10 15 4 3
10 19 10 3
12 16 6 4
13 18 3 4
(166, 71)

Arvore 30
0 1 3 3
0 14 3 7
1 2 97 0
1 5 4 3
1 18 3 3
2 17 3 5
3 11 3 3
3 15 3 3
4 9 3 5
4 16 3 3
5 15 4 3
6 8 3 7
6 9 3 4
7 18 5 4
8 14 3 4
10 15 4 3
10 19 10 3
12 18 4 6
13 18 3 4
(164, 73)

Arvore 31
0 1 3 3
0 2 0 97
0 14 3 7
1 4 6 3
1 5 4 3
1 17 8 3
1 18 3 3
2 7 4 5
3 11 3 3
3 15 3 3
4 16 3 3
5 15 4 3
6 8 3 7
6 9 3 4
8 14 3 4
10 15 4 3
10 19 10 3
12 16 6 4
13 18 3 4
(76, 165)

Arvore 32
0 1 3 3
0 2 0 97
0 14 3 7
1 4 6 3
1 5 4 3
1 17 8 3
1 18 3 3
2 7 4 5
3 11 3 3
3 15 3 3
4 16 3 3
5 15 4 3
6 8 3 7
6 9 3 4
8 14 3 4
10 15 4 3
10 19 10 3
12 18 4 6
13 18 3 4
(74, 167)

Arvore 33
0 1 3 3
0 2 0 97
0 14 3 7
1 4 6 3
1 5 4 3
1 17 8 3
1 18 3 3
2 7 4 5
3 11 3 3
3 15 3 3
4 16 3 3
5 15 4 3
6 8 3 7
6 9 3 4
6 19 3 8
8 14 3 4
10 15 4 3
12 18 4 6
13 18 3 4
(67, 172)

Arvore 34
0 1 3 3
0 2 0 97
0 14 3 7
1 4 6 3
1 5 4 3
1 17 8 3
1 18 3 3
3 11 3 3
3 15 3 3
4 16 3 3
5 15 4 3
6 8 3 7
6 9 3 4
7 18 5 4
8 14 3 4
10 15 4 3
10 19 10 3
12 16 6 4
13 18 3 4
(77, 164)

Arvore 35
0 1 3 3
0 2 0 97
0 14 3 7
1 4 6 3
1 5 4 3
1 17 8 3
1 18 3 3
3 11 3 3
3 15 3 3
4 16 3 3
5 15 4 3
6 8 3 7
6 9 3 4
7 18 5 4
8 14 3 4
10 15 4 3
10 19 10 3
12 18 4 6
13 18 3 4
(75, 166)

Arvore 36
0 1 3 3
0 2 0 97
0 14 3 7
1 4 6 3
1 5 4 3
1 18 3 3
2 7 4 5
3 11 3 3
3 15 3 3
4 16 3 3
5 15 4 3
6 8 3 7
6 9 3 4
8 14 3 4
9 17 4 4
10 15 4 3
10 19 10 3
12 16 6 4
13 18 3 4
(72, 166)

Arvore 37
0 1 3 3
0 2 0 97
0 14 3 7
1 4 6 3
1 5 4 3
1 18 3 3
2 7 4 5
3 11 3 3
3 15 3 3
4 16 3 3
5 15 4 3
6 8 3 7
6 9 3 4
8 14 3 4
9 17 4 4
10 15 4 3
10 19 10 3
12 18 4 6
13 18 3 4
(70, 168)

Arvore 38
0 1 3 3
0 2 0 97
0 14 3 7
1 4 6 3
1 5 4 3
1 18 3 3
2 7 4 5
3 11 3 3
3 15 3 3
4 16 3 3
5 15 4 3
6 8 3 7
6 9 3 4
6 19 3 8
8 14 3 4
9 17 4 4
10 15 4 3
12 18 4 6
13 18 3 4
(63, 173)

Arvore 39
0 1 3 3
0 2 0 97
0 14 3 7
1 4 6 3
1 5 4 3
1 18 3 3
3 11 3 3
3 15 3 3
4 16 3 3
5 15 4 3
6 8 3 7
6 9 3 4
7 18 5 4
8 14 3 4
9 17 4 4
10 15 4 3
10 19 10 3
12 16 6 4
13 18 3 4
(73, 165)

Arvore 40
0 1 3 3
0 2 0 97
0 14 3 7
1 4 6 3
1 5 4 3
1 18 3 3
3 11 3 3
3 15 3 3
4 16 3 3
5 15 4 3
6 8 3 7
6 9 3 4
7 18 5 4
8 14 3 4
9 17 4 4
10 15 4 3
10 19 10 3
12 18 4 6
13 18 3 4
(71, 167)

Arvore 41
0 1 3 3
0 14 3 7
1 2 97 0
1 4 6 3
1 5 4 3
1 17 8 3
1 18 3 3
2 7 4 5
3 11 3 3
3 15 3 3
4 16 3 3
5 15 4 3
6 8 3 7
6 9 3 4
8 14 3 4
10 15 4 3
10 19 10 3
12 16 6 4
13 18 3 4
(173, 68)

Arvore 42
0 1 3 3
0 14 3 7
1 2 97 0
1 4 6 3
1 5 4 3
1 17 8 3
1 18 3 3
2 7 4 5
3 11 3 3
3 15 3 3
4 16 3 3
5 15 4 3
6 8 3 7
6 9 3 4
8 14 3 4
10 15 4 3
10 19 10 3
12 18 4 6
13 18 3 4
(171, 70)

Arvore 43
0 1 3 3
0 14 3 7
1 2 97 0
1 4 6 3
1 5 4 3
1 17 8 3
1 18 3 3
2 7 4 5
3 11 3 3
3 15 3 3
4 16 3 3
5 15 4 3
6 8 3 7
6 9 3 4
6 19 3 8
8 14 3 4
10 15 4 3
12 18 4 6
13 18 3 4
(164, 75)

Arvore 44
0 1 3 3
0 14 3 7
1 2 97 0
1 4 6 3
1 5 4 3
1 17 8 3
1 18 3 3
3 11 3 3
3 15 3 3
4 16 3 3
5 15 4 3
6 8 3 7
6 9 3 4
7 18 5 4
8 14 3 4
10 15 4 3
10 19 10 3
12 16 6 4
13 18 3 4
(174, 67)

Arvore 45
0 1 3 3
0 14 3 7
1 2 97 0
1 4 6 3
1 5 4 3
1 17 8 3
1 18 3 3
3 11 3 3
3 15 3 3
4 16 3 3
5 15 4 3
6 8 3 7
6 9 3 4
7 18 5 4
8 14 3 4
10 15 4 3
10 19 10 3
12 18 4 6
13 18 3 4
(172, 69)

Arvore 46
0 1 3 3
0 14 3 7
1 2 97 0
1 4 6 3
1 5 4 3
1 18 3 3
2 7 4 5
3 11 3 3
3 15 3 3
4 16 3 3
5 15 4 3
6 8 3 7
6 9 3 4
8 14 3 4
9 17 4 4
10 15 4 3
10 19 10 3
12 16 6 4
13 18 3 4
(169, 69)

Arvore 47
0 1 3 3
0 14 3 7
1 2 97 0
1 4 6 3
1 5 4 3
1 18 3 3
2 7 4 5
3 11 3 3
3 15 3 3
4 16 3 3
5 15 4 3
6 8 3 7
6 9 3 4
8 14 3 4
9 17 4 4
10 15 4 3
10 19 10 3
12 18 4 6
13 18 3 4
(167, 71)

Arvore 48
0 1 3 3
0 14 3 7
1 2 97 0
1 4 6 3
1 5 4 3
1 18 3 3
2 7 4 5
3 11 3 3
3 15 3 3
4 16 3 3
5 15 4 3
6 8 3 7
6 9 3 4
6 19 3 8
8 14 3 4
9 17 4 4
10 15 4 3
12 18 4 6
13 18 3 4
(160, 76)

Arvore 49
0 1 3 3
0 14 3 7
1 2 97 0
1 4 6 3
1 5 4 3
1 18 3 3
3 11 3 3
3 15 3 3
4 16 3 3
5 15 4 3
6 8 3 7
6 9 3 4
7 18 5 4
8 14 3 4
9 17 4 4
10 15 4 3
10 19 10 3
12 16 6 4
13 18 3 4
(170, 68)

Arvore 50
0 1 3 3
0 14 3 7
1 2 97 0
1 4 6 3
1 5 4 3
1 18 3 3
3 11 3 3
3 15 3 3
4 16 3 3
5 15 4 3
6 8 3 7
6 9 3 4
7 18 5 4
8 14 3 4
9 17 4 4
10 15 4 3
10 19 10 3
12 18 4 6
13 18 3 4
(168, 70)

Arvore 51
0 1 3 3
0 14 3 7
1 4 6 3
1 5 4 3
1 17 8 3
1 18 3 3
2 7 4 5
2 17 3 5
3 11 3 3
3 15 3 3
4 16 3 3
5 15 4 3
6 8 3 7
6 9 3 4
8 14 3 4
10 15 4 3
10 19 10 3
12 16 6 4
13 18 3 4
(79, 73)

Arvore 52
0 1 3 3
0 14 3 7
1 4 6 3
1 5 4 3
1 17 8 3
1 18 3 3
2 7 4 5
2 17 3 5
3 11 3 3
3 15 3 3
4 16 3 3
5 15 4 3
6 8 3 7
6 9 3 4
8 14 3 4
10 15 4 3
10 19 10 3
12 18 4 6
13 18 3 4
(77, 75)

Arvore 53
0 1 3 3
0 14 3 7
1 4 6 3
1 5 4 3
1 17 8 3
1 18 3 3
2 7 4 5
2 17 3 5
3 11 3 3
3 15 3 3
4 16 3 3
5 15 4 3
6 8 3 7
6 9 3 4
6 19 3 8
8 14 3 4
10 15 4 3
12 18 4 6
13 18 3 4
(70, 80)

Arvore 54
0 1 3 3
0 14 3 7
1 4 6 3
1 5 4 3
1 17 8 3
1 18 3 3
2 17 3 5
3 11 3 3
3 15 3 3
4 16 3 3
5 15 4 3
6 8 3 7
6 9 3 4
7 18 5 4
8 14 3 4
10 15 4 3
10 19 10 3
12 16 6 4
13 18 3 4
(80, 72)

Arvore 55
0 1 3 3
0 14 3 7
1 4 6 3
1 5 4 3
1 17 8 3
1 18 3 3
2 17 3 5
3 11 3 3
3 15 3 3
4 16 3 3
5 15 4 3
6 8 3 7
6 9 3 4
7 18 5 4
8 14 3 4
10 15 4 3
10 19 10 3
12 18 4 6
13 18 3 4
(78, 74)

Arvore 56
0 1 3 3
0 14 3 7
1 4 6 3
1 5 4 3
1 17 8 3
1 18 3 3
2 13 10 4
3 11 3 3
3 15 3 3
4 16 3 3
5 15 4 3
6 8 3 7
6 9 3 4
7 18 5 4
8 14 3 4
10 15 4 3
10 19 10 3
12 16 6 4
13 18 3 4
(87, 71)

Arvore 57
0 1 3 3
0 14 3 7
1 4 6 3
1 5 4 3
1 18 3 3
2 7 4 5
2 17 3 5
3 11 3 3
3 15 3 3
4 16 3 3
5 15 4 3
6 8 3 7
6 9 3 4
8 14 3 4
9 17 4 4
10 15 4 3
10 19 10 3
12 16 6 4
13 18 3 4
(75, 74)

Arvore 58
0 1 3 3
0 14 3 7
1 4 6 3
1 5 4 3
1 18 3 3
2 7 4 5
2 17 3 5
3 11 3 3
3 15 3 3
4 16 3 3
5 15 4 3
6 8 3 7
6 9 3 4
8 14 3 4
9 17 4 4
10 15 4 3
10 19 10 3
12 18 4 6
13 18 3 4
(73, 76)

Arvore 59
0 1 3 3
0 14 3 7
1 4 6 3
1 5 4 3
1 18 3 3
2 7 4 5
2 17 3 5
3 11 3 3
3 15 3 3
4 16 3 3
5 15 4 3
6 8 3 7
6 9 3 4
6 19 3 8
8 14 3 4
9 17 4 4
10 15 4 3
12 18 4 6
13 18 3 4
(66, 81)

Arvore 60
0 1 3 3
0 14 3 7
1 4 6 3
1 5 4 3
1 18 3 3
2 17 3 5
3 11 3 3
3 15 3 3
4 16 3 3
5 15 4 3
6 8 3 7
6 9 3 4
7 18 5 4
8 14 3 4
9 17 4 4
10 15 4 3
10 19 10 3
12 16 6 4
13 18 3 4
(76, 73)

Arvore 61
0 1 3 3
0 14 3 7
1 4 6 3
1 5 4 3
1 18 3 3
2 17 3 5
3 11 3 3
3 15 3 3
4 16 3 3
5 15 4 3
6 8 3 7
6 9 3 4
7 18 5 4
8 14 3 4
9 17 4 4
10 15 4 3
10 19 10 3
12 18 4 6
13 18 3 4
(74, 75)

Arvore 62
0 1 3 3
0 14 3 7
1 4 6 3
1 5 4 3
1 18 3 3
2 13 10 4
3 11 3 3
3 15 3 3
4 16 3 3
5 15 4 3
6 8 3 7
6 9 3 4
7 18 5 4
8 14 3 4
9 17 4 4
10 15 4 3
10 19 10 3
12 16 6 4
13 18 3 4
(83, 72)

Arvore 63
0 1 3 3
0 2 0 97
0 14 3 7
1 5 4 3
1 17 8 3
1 18 3 3
2 7 4 5
3 11 3 3
3 15 3 3
4 9 3 5
4 16 3 3
5 15 4 3
6 8 3 7
6 9 3 4
8 14 3 4
10 15 4 3
10 19 10 3
12 16 6 4
13 18 3 4
(73, 167)

Arvore 64
0 1 3 3
0 2 0 97
0 14 3 7
1 5 4 3
1 17 8 3
1 18 3 3
2 7 4 5
3 11 3 3
3 15 3 3
4 9 3 5
4 16 3 3
5 15 4 3
6 8 3 7
6 9 3 4
8 14 3 4
10 15 4 3
10 19 10 3
12 18 4 6
13 18 3 4
(71, 169)

Arvore 65
0 1 3 3
0 2 0 97
0 14 3 7
1 5 4 3
1 17 8 3
1 18 3 3
2 7 4 5
3 11 3 3
3 15 3 3
4 9 3 5
4 16 3 3
5 15 4 3
6 8 3 7
6 9 3 4
6 19 3 8
8 14 3 4
10 15 4 3
12 18 4 6
13 18 3 4
(64, 174)

Arvore 66
0 1 3 3
0 2 0 97
0 14 3 7
1 5 4 3
1 17 8 3
1 18 3 3
3 11 3 3
3 15 3 3
4 9 3 5
4 16 3 3
5 15 4 3
6 8 3 7
6 9 3 4
7 18 5 4
8 14 3 4
10 15 4 3
10 19 10 3
12 16 6 4
13 18 3 4
(74, 166)

Arvore 67
0 1 3 3
0 2 0 97
0 14 3 7
1 5 4 3
1 17 8 3
1 18 3 3
3 11 3 3
3 15 3 3
4 9 3 5
4 16 3 3
5 15 4 3
6 8 3 7
6 9 3 4
7 18 5 4
8 14 3 4
10 15 4 3
10 19 10 3
12 18 4 6
13 18 3 4
(72, 168)

Arvore 68
0 1 3 3
0 2 0 97
0 14 3 7
1 5 4 3
1 18 3 3
2 7 4 5
3 11 3 3
3 15 3 3
4 9 3 5
4 16 3 3
5 15 4 3
6 8 3 7
6 9 3 4
8 14 3 4
9 17 4 4
10 15 4 3
10 19 10 3
12 16 6 4
13 18 3 4
(69, 168)

Arvore 69
0 1 3 3
0 2 0 97
0 14 3 7
1 5 4 3
1 18 3 3
2 7 4 5
3 11 3 3
3 15 3 3
4 9 3 5
4 16 3 3
5 15 4 3
6 8 3 7
6 9 3 4
8 14 3 4
9 17 4 4
10 15 4 3
10 19 10 3
12 18 4 6
13 18 3 4
(67, 170)

Arvore 70
0 1 3 3
0 2 0 97
0 14 3 7
1 5 4 3
1 18 3 3
2 7 4 5
3 11 3 3
3 15 3 3
4 9 3 5
4 16 3 3
5 15 4 3
6 8 3 7
6 9 3 4
6 19 3 8
8 14 3 4
9 17 4 4
10 15 4 3
12 18 4 6
13 18 3 4
(60, 175)

Arvore 71
0 1 3 3
0 2 0 97
0 14 3 7
1 5 4 3
1 18 3 3
3 11 3 3
3 15 3 3
4 9 3 5
4 16 3 3
5 15 4 3
6 8 3 7
6 9 3 4
7 18 5 4
8 14 3 4
9 17 4 4
10 15 4 3
10 19 10 3
12 16 6 4
13 18 3 4
(70, 167)

Arvore 72
0 1 3 3
0 2 0 97
0 14 3 7
1 5 4 3
1 18 3 3
3 11 3 3
3 15 3 3
4 9 3 5
4 16 3 3
5 15 4 3
6 8 3 7
6 9 3 4
7 18 5 4
8 14 3 4
9 17 4 4
10 15 4 3
10 19 10 3
12 18 4 6
13 18 3 4
(68, 169)

Arvore 73
0 1 3 3
0 14 3 7
1 2 97 0
1 5 4 3
1 17 8 3
1 18 3 3
2 7 4 5
3 11 3 3
3 15 3 3
4 9 3 5
4 16 3 3
5 15 4 3
6 8 3 7
6 9 3 4
8 14 3 4
10 15 4 3
10 19 10 3
12 16 6 4
13 18 3 4
(170, 70)

Arvore 74
0 1 3 3
0 14 3 7
1 2 97 0
1 5 4 3
1 17 8 3
1 18 3 3
2 7 4 5
3 11 3 3
3 15 3 3
4 9 3 5
4 16 3 3
5 15 4 3
6 8 3 7
6 9 3 4
8 14 3 4
10 15 4 3
10 19 10 3
12 18 4 6
13 18 3 4
(168, 72)

Arvore 75
0 1 3 3
0 14 3 7
1 2 97 0
1 5 4 3
1 17 8 3
1 18 3 3
2 7 4 5
3 11 3 3
3 15 3 3
4 9 3 5
4 16 3 3
5 15 4 3
6 8 3 7
6 9 3 4
6 19 3 8
8 14 3 4
10 15 4 3
12 18 4 6
13 18 3 4
(161, 77)

Arvore 76
0 1 3 3
0 14 3 7
1 2 97 0
1 5 4 3
1 17 8 3
1 18 3 3
3 11 3 3
3 15 3 3
4 9 3 5
4 16 3 3
5 15 4 3
6 8 3 7
6 9 3 4
7 18 5 4
8 14 3 4
10 15 4 3
10 19 10 3
12 16 6 4
13 18 3 4
(171, 69)

Arvore 77
0 1 3 3
0 14 3 7
1 2 97 0
1 5 4 3
1 17 8 3
1 18 3 3
3 11 3 3
3 15 3 3
4 9 3 5
4 16 3 3
5 15 4 3
6 8 3 7
6 9 3 4
7 18 5 4
8 14 3 4
10 15 4 3
10 19 10 3
12 18 4 6
13 18 3 4
(169, 71)

Arvore 78
0 1 3 3
0 14 3 7
1 2 97 0
1 5 4 3
1 18 3 3
2 7 4 5
3 11 3 3
3 15 3 3
4 9 3 5
4 16 3 3
5 15 4 3
6 8 3 7
6 9 3 4
8 14 3 4
9 17 4 4
10 15 4 3
10 19 10 3
12 16 6 4
13 18 3 4
(166, 71)

Arvore 79
0 1 3 3
0 14 3 7
1 2 97 0
1 5 4 3
1 18 3 3
2 7 4 5
3 11 3 3
3 15 3 3
4 9 3 5
4 16 3 3
5 15 4 3
6 8 3 7
6 9 3 4
8 14 3 4
9 17 4 4
10 15 4 3
10 19 10 3
12 18 4 6
13 18 3 4
(164, 73)

Arvore 80
0 1 3 3
0 14 3 7
1 2 97 0
1 5 4 3
1 18 3 3
2 7 4 5
3 11 3 3
3 15 3 3
4 9 3 5
4 16 3 3
5 15 4 3
6 8 3 7
6 9 3 4
6 19 3 8
8 14 3 4
9 17 4 4
10 15 4 3
12 18 4 6
13 18 3 4
(157, 78)

Arvore 81
0 1 3 3
0 14 3 7
1 2 97 0
1 5 4 3
1 18 3 3
3 11 3 3
3 15 3 3
4 9 3 5
4 16 3 3
5 15 4 3
6 8 3 7
6 9 3 4
7 18 5 4
8 14 3 4
9 17 4 4
10 15 4 3
10 19 10 3
12 16 6 4
13 18 3 4
(167, 70)

Arvore 82
0 1 3 3
0 14 3 7
1 2 97 0
1 5 4 3
1 18 3 3
3 11 3 3
3 15 3 3
4 9 3 5
4 16 3 3
5 15 4 3
6 8 3 7
6 9 3 4
7 18 5 4
8 14 3 4
9 17 4 4
10 15 4 3
10 19 10 3
12 18 4 6
13 18 3 4
(165, 72)

Arvore 83
0 1 3 3
0 14 3 7
1 5 4 3
1 17 8 3
1 18 3 3
2 7 4 5
2 17 3 5
3 11 3 3
3 15 3 3
4 9 3 5
4 16 3 3
5 15 4 3
6 8 3 7
6 9 3 4
8 14 3 4
10 15 4 3
10 19 10 3
12 16 6 4
13 18 3 4
(76, 75)

Arvore 84
0 1 3 3
0 14 3 7
1 5 4 3
1 17 8 3
1 18 3 3
2 7 4 5
2 17 3 5
3 11 3 3
3 15 3 3
4 9 3 5
4 16 3 3
5 15 4 3
6 8 3 7
6 9 3 4
8 14 3 4
10 15 4 3
10 19 10 3
12 18 4 6
13 18 3 4
(74, 77)

Arvore 85
0 1 3 3
0 14 3 7
1 5 4 3
1 17 8 3
1 18 3 3
2 7 4 5
2 17 3 5
3 11 3 3
3 15 3 3
4 9 3 5
4 16 3 3
5 15 4 3
6 8 3 7
6 9 3 4
6 19 3 8
8 14 3 4
10 15 4 3
12 18 4 6
13 18 3 4
(67, 82)

Arvore 86
0 1 3 3
0 14 3 7
1 5 4 3
1 17 8 3
1 18 3 3
2 17 3 5
3 11 3 3
3 15 3 3
4 9 3 5
4 16 3 3
5 15 4 3
6 8 3 7
6 9 3 4
7 18 5 4
8 14 3 4
10 15 4 3
10 19 10 3
12 16 6 4
13 18 3 4
(77, 74)

Arvore 87
0 1 3 3
0 14 3 7
1 5 4 3
1 17 8 3
1 18 3 3
2 17 3 5
3 11 3 3
3 15 3 3
4 9 3 5
4 16 3 3
5 15 4 3
6 8 3 7
6 9 3 4
7 18 5 4
8 14 3 4
10 15 4 3
10 19 10 3
12 18 4 6
13 18 3 4
(75, 76)

Arvore 88
0 1 3 3
0 14 3 7
1 5 4 3
1 17 8 3
1 18 3 3
2 13 10 4
3 11 3 3
3 15 3 3
4 9 3 5
4 16 3 3
5 15 4 3
6 8 3 7
6 9 3 4
7 18 5 4
8 14 3 4
10 15 4 3
10 19 10 3
12 16 6 4
13 18 3 4
(84, 73)

Arvore 89
0 1 3 3
0 14 3 7
1 5 4 3
1 18 3 3
2 7 4 5
2 17 3 5
3 11 3 3
3 15 3 3
4 9 3 5
4 16 3 3
5 15 4 3
6 8 3 7
6 9 3 4
8 14 3 4
9 17 4 4
10 15 4 3
10 19 10 3
12 16 6 4
13 18 3 4
(72, 76)

Arvore 90
0 1 3 3
0 14 3 7
1 5 4 3
1 18 3 3
2 7 4 5
2 17 3 5
3 11 3 3
3 15 3 3
4 9 3 5
4 16 3 3
5 15 4 3
6 8 3 7
6 9 3 4
8 14 3 4
9 17 4 4
10 15 4 3
10 19 10 3
12 18 4 6
13 18 3 4
(70, 78)

Arvore 91
0 1 3 3
0 14 3 7
1 5 4 3
1 18 3 3
2 7 4 5
2 17 3 5
3 11 3 3
3 15 3 3
4 9 3 5
4 16 3 3
5 15 4 3
6 8 3 7
6 9 3 4
6 19 3 8
8 14 3 4
9 17 4 4
10 15 4 3
12 18 4 6
13 18 3 4
(63, 83)

Arvore 92
0 1 3 3
0 14 3 7
1 5 4 3
1 18 3 3
2 17 3 5
3 11 3 3
3 15 3 3
4 9 3 5
4 16 3 3
5 15 4 3
6 8 3 7
6 9 3 4
7 18 5 4
8 14 3 4
9 17 4 4
10 15 4 3
10 19 10 3
12 16 6 4
13 18 3 4
(73, 75)

Arvore 93
0 1 3 3
0 14 3 7
1 5 4 3
1 18 3 3
2 17 3 5
3 11 3 3
3 15 3 3
4 9 3 5
4 16 3 3
5 15 4 3
6 8 3 7
6 9 3 4
7 18 5 4
8 14 3 4
9 17 4 4
10 15 4 3
10 19 10 3
12 18 4 6
13 18 3 4
(71, 77)

Arvore 94
0 1 3 3
0 14 3 7
1 5 4 3
1 18 3 3
2 13 10 4
3 11 3 3
3 15 3 3
4 9 3 5
4 16 3 3
5 15 4 3
6 8 3 7
6 9 3 4
7 18 5 4
8 14 3 4
9 17 4 4
10 15 4 3
10 19 10 3
12 16 6 4
13 18 3 4
(80, 74)

Arvore 95
0 1 3 3
0 2 0 97
0 14 3 7
0 15 3 5
1 5 4 3
1 18 3 3
2 7 4 5
2 17 3 5
3 11 3 3
3 15 3 3
4 9 3 5
4 16 3 3
6 8 3 7
6 9 3 4
8 14 3 4
10 15 4 3
10 19 10 3
12 16 6 4
13 18 3 4
(67, 171)

Arvore 96
0 1 3 3
0 2 0 97
0 14 3 7
0 15 3 5
1 5 4 3
1 18 3 3
2 7 4 5
2 17 3 5
3 11 3 3
3 15 3 3
4 9 3 5
4 16 3 3
6 8 3 7
6 9 3 4
8 14 3 4
10 15 4 3
10 19 10 3
12 18 4 6
13 18 3 4
(65, 173)

Arvore 97
0 1 3 3
0 2 0 97
0 14 3 7
0 15 3 5
1 5 4 3
1 18 3 3
2 7 4 5
2 17 3 5
3 11 3 3
3 15 3 3
4 9 3 5
4 16 3 3
6 8 3 7
6 9 3 4
6 19 3 8
8 14 3 4
10 15 4 3
12 18 4 6
13 18 3 4
(58, 178)

Arvore 98
0 1 3 3
0 2 0 97
0 14 3 7
0 15 3 5
1 5 4 3
1 18 3 3
2 17 3 5
3 11 3 3
3 15 3 3
4 9 3 5
4 16 3 3
6 8 3 7
6 9 3 4
7 18 5 4
8 14 3 4
10 15 4 3
10 19 10 3
12 16 6 4
13 18 3 4
(68, 170)

Arvore 99
0 1 3 3
0 2 0 97
0 14 3 7
0 15 3 5
1 5 4 3
1 18 3 3
2 17 3 5
3 11 3 3
3 15 3 3
4 9 3 5
4 16 3 3
6 8 3 7
6 9 3 4
7 18 5 4
8 14 3 4
10 15 4 3
10 19 10 3
12 18 4 6
13 18 3 4
(66, 172)

Arvore 100
0 1 3 3
0 2 0 97
0 14 3 7
0 15 3 5
1 4 6 3
1 5 4 3
1 18 3 3
2 7 4 5
2 17 3 5
3 11 3 3
3 15 3 3
4 16 3 3
6 8 3 7
6 9 3 4
8 14 3 4
10 15 4 3
10 19 10 3
12 16 6 4
13 18 3 4
(70, 169)

Arvore 101
0 1 3 3
0 2 0 97
0 14 3 7
0 15 3 5
1 4 6 3
1 5 4 3
1 18 3 3
2 7 4 5
2 17 3 5
3 11 3 3
3 15 3 3
4 16 3 3
6 8 3 7
6 9 3 4
8 14 3 4
10 15 4 3
10 19 10 3
12 18 4 6
13 18 3 4
(68, 171)

Arvore 102
0 1 3 3
0 2 0 97
0 14 3 7
0 15 3 5
1 4 6 3
1 5 4 3
1 18 3 3
2 7 4 5
2 17 3 5
3 11 3 3
3 15 3 3
4 16 3 3
6 8 3 7
6 9 3 4
6 19 3 8
8 14 3 4
10 15 4 3
12 18 4 6
13 18 3 4
(61, 176)

Arvore 103
0 1 3 3
0 2 0 97
0 14 3 7
0 15 3 5
1 4 6 3
1 5 4 3
1 18 3 3
2 17 3 5
3 11 3 3
3 15 3 3
4 16 3 3
6 8 3 7
6 9 3 4
7 18 5 4
8 14 3 4
10 15 4 3
10 19 10 3
12 16 6 4
13 18 3 4
(71, 168)

Arvore 104
0 1 3 3
0 2 0 97
0 14 3 7
0 15 3 5
1 4 6 3
1 5 4 3
1 18 3 3
2 17 3 5
3 11 3 3
3 15 3 3
4 16 3 3
6 8 3 7
6 9 3 4
7 18 5 4
8 14 3 4
10 15 4 3
10 19 10 3
12 18 4 6
13 18 3 4
(69, 170)

Arvore 105
0 1 3 3
0 2 0 97
0 14 3 7
0 15 3 5
1 5 4 3
1 18 3 3
2 7 4 5
2 17 3 5
3 4 4 4
3 11 3 3
3 15 3 3
4 16 3 3
6 8 3 7
6 9 3 4
8 14 3 4
10 15 4 3
10 19 10 3
12 16 6 4
13 18 3 4
(68, 170)

Arvore 106
0 1 3 3
0 2 0 97
0 14 3 7
0 15 3 5
1 5 4 3
1 18 3 3
2 7 4 5
2 17 3 5
3 4 4 4
3 11 3 3
3 15 3 3
4 16 3 3
6 8 3 7
6 9 3 4
8 14 3 4
10 15 4 3
10 19 10 3
12 18 4 6
13 18 3 4
(66, 172)

Arvore 107
0 1 3 3
0 2 0 97
0 14 3 7
0 15 3 5
1 5 4 3
1 18 3 3
2 7 4 5
2 17 3 5
3 4 4 4
3 11 3 3
3 15 3 3
4 16 3 3
6 8 3 7
6 9 3 4
6 19 3 8
8 14 3 4
10 15 4 3
12 18 4 6
13 18 3 4
(59, 177)

Arvore 108
0 1 3 3
0 2 0 97
0 14 3 7
0 15 3 5
1 5 4 3
1 18 3 3
2 17 3 5
3 4 4 4
3 11 3 3
3 15 3 3
4 16 3 3
6 8 3 7
6 9 3 4
7 18 5 4
8 14 3 4
10 15 4 3
10 19 10 3
12 16 6 4
13 18 3 4
(69, 169)

Arvore 109
0 1 3 3
0 2 0 97
0 14 3 7
0 15 3 5
1 5 4 3
1 18 3 3
2 17 3 5
3 4 4 4
3 11 3 3
3 15 3 3
4 16 3 3
6 8 3 7
6 9 3 4
7 18 5 4
8 14 3 4
10 15 4 3
10 19 10 3
12 18 4 6
13 18 3 4
(67, 171)

Arvore 110
0 1 3 3
0 14 3 7
0 15 3 5
1 2 97 0
1 5 4 3
1 18 3 3
2 7 4 5
2 17 3 5
3 11 3 3
3 15 3 3
4 9 3 5
4 16 3 3
6 8 3 7
6 9 3 4
8 14 3 4
10 15 4 3
10 19 10 3
12 16 6 4
13 18 3 4
(164, 74)

Arvore 111
0 1 3 3
0 14 3 7
0 15 3 5
1 2 97 0
1 5 4 3
1 18 3 3
2 7 4 5
2 17 3 5
3 11 3 3
3 15 3 3
4 9 3 5
4 16 3 3
6 8 3 7
6 9 3 4
8 14 3 4
10 15 4 3
10 19 10 3
12 18 4 6
13 18 3 4
(162, 76)

Arvore 112
0 1 3 3
0 14 3 7
0 15 3 5
1 2 97 0
1 5 4 3
1 18 3 3
2 7 4 5
2 17 3 5
3 11 3 3
3 15 3 3
4 9 3 5
4 16 3 3
6 8 3 7
6 9 3 4
6 19 3 8
8 14 3 4
10 15 4 3
12 18 4 6
13 18 3 4
(155, 81)

Arvore 113
0 1 3 3
0 14 3 7
0 15 3 5
1 2 97 0
1 5 4 3
1 18 3 3
2 17 3 5
3 11 3 3
3 15 3 3
4 9 3 5
4 16 3 3
6 8 3 7
6 9 3 4
7 18 5 4
8 14 3 4
10 15 4 3
10 19 10 3
12 16 6 4
13 18 3 4
(165, 73)

Arvore 114
0 1 3 3
0 14 3 7
0 15 3 5
1 2 97 0
1 5 4 3
1 18 3 3
2 17 3 5
3 11 3 3
3 15 3 3
4 9 3 5
4 16 3 3
6 8 3 7
6 9 3 4
7 18 5 4
8 14 3 4
10 15 4 3
10 19 10 3
12 18 4 6
13 18 3 4
(163, 75)

Arvore 115
0 1 3 3
0 14 3 7
0 15 3 5
1 2 97 0
1 4 6 3
1 5 4 3
1 18 3 3
2 7 4 5
2 17 3 5
3 11 3 3
3 15 3 3
4 16 3 3
6 8 3 7
6 9 3 4
8 14 3 4
10 15 4 3
10 19 10 3
12 16 6 4
13 18 3 4
(167, 72)

Arvore 116
0 1 3 3
0 14 3 7
0 15 3 5
1 2 97 0
1 4 6 3
1 5 4 3
1 18 3 3
2 7 4 5
2 17 3 5
3 11 3 3
3 15 3 3
4 16 3 3
6 8 3 7
6 9 3 4
8 14 3 4
10 15 4 3
10 19 10 3
12 18 4 6
13 18 3 4
(165, 74)

Arvore 117
0 1 3 3
0 14 3 7
0 15 3 5
1 2 97 0
1 4 6 3
1 5 4 3
1 18 3 3
2 7 4 5
2 17 3 5
3 11 3 3
3 15 3 3
4 16 3 3
6 8 3 7
6 9 3 4
6 19 3 8
8 14 3 4
10 15 4 3
12 18 4 6
13 18 3 4
(158, 79)

Arvore 118
0 1 3 3
0 14 3 7
0 15 3 5
1 2 97 0
1 4 6 3
1 5 4 3
1 18 3 3
2 17 3 5
3 11 3 3
3 15 3 3
4 16 3 3
6 8 3 7
6 9 3 4
7 18 5 4
8 14 3 4
10 15 4 3
10 19 10 3
12 16 6 4
13 18 3 4
(168, 71)

Arvore 119
0 1 3 3
0 14 3 7
0 15 3 5
1 2 97 0
1 4 6 3
1 5 4 3
1 18 3 3
2 17 3 5
3 11 3 3
3 15 3 3
4 16 3 3
6 8 3 7
6 9 3 4
7 18 5 4
8 14 3 4
10 15 4 3
10 19 10 3
12 18 4 6
13 18 3 4
(166, 73)

Arvore 120
0 1 3 3
0 14 3 7
0 15 3 5
1 2 97 0
1 5 4 3
1 18 3 3
2 7 4 5
2 17 3 5
3 4 4 4
3 11 3 3
3 15 3 3
4 16 3 3
6 8 3 7
6 9 3 4
8 14 3 4
10 15 4 3
10 19 10 3
12 16 6 4
13 18 3 4
(165, 73)

Arvore 121
0 1 3 3
0 14 3 7
0 15 3 5
1 2 97 0
1 5 4 3
1 18 3 3
2 7 4 5
2 17 3 5
3 4 4 4
3 11 3 3
3 15 3 3
4 16 3 3
6 8 3 7
6 9 3 4
8 14 3 4
10 15 4 3
10 19 10 3
12 18 4 6
13 18 3 4
(163, 75)

Arvore 122
0 1 3 3
0 14 3 7
0 15 3 5
1 2 97 0
1 5 4 3
1 18 3 3
2 7 4 5
2 17 3 5
3 4 4 4
3 11 3 3
3 15 3 3
4 16 3 3
6 8 3 7
6 9 3 4
6 19 3 8
8 14 3 4
10 15 4 3
12 18 4 6
13 18 3 4
(156, 80)

Arvore 123
0 1 3 3
0 14 3 7
0 15 3 5
1 2 97 0
1 5 4 3
1 18 3 3
2 17 3 5
3 4 4 4
3 11 3 3
3 15 3 3
4 16 3 3
6 8 3 7
6 9 3 4
7 18 5 4
8 14 3 4
10 15 4 3
10 19 10 3
12 16 6 4
13 18 3 4
(166, 72)

Arvore 124
0 1 3 3
0 14 3 7
0 15 3 5
1 2 97 0
1 5 4 3
1 18 3 3
2 17 3 5
3 4 4 4
3 11 3 3
3 15 3 3
4 16 3 3
6 8 3 7
6 9 3 4
7 18 5 4
8 14 3 4
10 15 4 3
10 19 10 3
12 18 4 6
13 18 3 4
(164, 74)

Arvore 125
0 1 3 3
0 2 0 97
0 14 3 7
0 15 3 5
1 4 6 3
1 5 4 3
1 17 8 3
1 18 3 3
2 7 4 5
3 11 3 3
3 15 3 3
4 16 3 3
6 8 3 7
6 9 3 4
8 14 3 4
10 15 4 3
10 19 10 3
12 16 6 4
13 18 3 4
(75, 167)

Arvore 126
0 1 3 3
0 2 0 97
0 14 3 7
0 15 3 5
1 4 6 3
1 5 4 3
1 17 8 3
1 18 3 3
2 7 4 5
3 11 3 3
3 15 3 3
4 16 3 3
6 8 3 7
6 9 3 4
8 14 3 4
10 15 4 3
10 19 10 3
12 18 4 6
13 18 3 4
(73, 169)

Arvore 127
0 1 3 3
0 2 0 97
0 14 3 7
0 15 3 5
1 4 6 3
1 5 4 3
1 17 8 3
1 18 3 3
2 7 4 5
3 11 3 3
3 15 3 3
4 16 3 3
6 8 3 7
6 9 3 4
6 19 3 8
8 14 3 4
10 15 4 3
12 18 4 6
13 18 3 4
(66, 174)

Arvore 128
0 1 3 3
0 2 0 97
0 14 3 7
0 15 3 5
1 4 6 3
1 5 4 3
1 17 8 3
1 18 3 3
3 11 3 3
3 15 3 3
4 16 3 3
6 8 3 7
6 9 3 4
7 18 5 4
8 14 3 4
10 15 4 3
10 19 10 3
12 16 6 4
13 18 3 4
(76, 166)

Arvore 129
0 1 3 3
0 2 0 97
0 14 3 7
0 15 3 5
1 4 6 3
1 5 4 3
1 17 8 3
1 18 3 3
3 11 3 3
3 15 3 3
4 16 3 3
6 8 3 7
6 9 3 4
7 18 5 4
8 14 3 4
10 15 4 3
10 19 10 3
12 18 4 6
13 18 3 4
(74, 168)

Arvore 130
0 1 3 3
0 2 0 97
0 14 3 7
0 15 3 5
1 4 6 3
1 5 4 3
1 18 3 3
2 7 4 5
3 11 3 3
3 15 3 3
4 16 3 3
6 8 3 7
6 9 3 4
8 14 3 4
9 17 4 4
10 15 4 3
10 19 10 3
12 16 6 4
13 18 3 4
(71, 168)

Arvore 131
0 1 3 3
0 2 0 97
0 14 3 7
0 15 3 5
1 4 6 3
1 5 4 3
1 18 3 3
2 7 4 5
3 11 3 3
3 15 3 3
4 16 3 3
6 8 3 7
6 9 3 4
8 14 3 4
9 17 4 4
10 15 4 3
10 19 10 3
12 18 4 6
13 18 3 4
(69, 170)

Arvore 132
0 1 3 3
0 2 0 97
0 14 3 7
0 15 3 5
1 4 6 3
1 5 4 3
1 18 3 3
2 7 4 5
3 11 3 3
3 15 3 3
4 16 3 3
6 8 3 7
6 9 3 4
6 19 3 8
8 14 3 4
9 17 4 4
10 15 4 3
12 18 4 6
13 18 3 4
(62, 175)

Arvore 133
0 1 3 3
0 2 0 97
0 14 3 7
0 15 3 5
1 4 6 3
1 5 4 3
1 18 3 3
3 11 3 3
3 15 3 3
4 16 3 3
6 8 3 7
6 9 3 4
7 18 5 4
8 14 3 4
9 17 4 4
10 15 4 3
10 19 10 3
12 16 6 4
13 18 3 4
(72, 167)

Arvore 134
0 1 3 3
0 2 0 97
0 14 3 7
0 15 3 5
1 4 6 3
1 5 4 3
1 18 3 3
3 11 3 3
3 15 3 3
4 16 3 3
6 8 3 7
6 9 3 4
7 18 5 4
8 14 3 4
9 17 4 4
10 15 4 3
10 19 10 3
12 18 4 6
13 18 3 4
(70, 169)

Arvore 135
0 1 3 3
0 14 3 7
0 15 3 5
1 2 97 0
1 4 6 3
1 5 4 3
1 17 8 3
1 18 3 3
2 7 4 5
3 11 3 3
3 15 3 3
4 16 3 3
6 8 3 7
6 9 3 4
8 14 3 4
10 15 4 3
10 19 10 3
12 16 6 4
13 18 3 4
(172, 70)

Arvore 136
0 1 3 3
0 14 3 7
0 15 3 5
1 2 97 0
1 4 6 3
1 5 4 3
1 17 8 3
1 18 3 3
2 7 4 5
3 11 3 3
3 15 3 3
4 16 3 3
6 8 3 7
6 9 3 4
8 14 3 4
10 15 4 3
10 19 10 3
12 18 4 6
13 18 3 4
(170, 72)

Arvore 137
0 1 3 3
0 14 3 7
0 15 3 5
1 2 97 0
1 4 6 3
1 5 4 3
1 17 8 3
1 18 3 3
2 7 4 5
3 11 3 3
3 15 3 3
4 16 3 3
6 8 3 7
6 9 3 4
6 19 3 8
8 14 3 4
10 15 4 3
12 18 4 6
13 18 3 4
(163, 77)

Arvore 138
0 1 3 3
0 14 3 7
0 15 3 5
1 2 97 0
1 4 6 3
1 5 4 3
1 17 8 3
1 18 3 3
3 11 3 3
3 15 3 3
4 16 3 3
6 8 3 7
6 9 3 4
7 18 5 4
8 14 3 4
10 15 4 3
10 19 10 3
12 16 6 4
13 18 3 4
(173, 69)

Arvore 139
0 1 3 3
0 14 3 7
0 15 3 5
1 2 97 0
1 4 6 3
1 5 4 3
1 17 8 3
1 18 3 3
3 11 3 3
3 15 3 3
4 16 3 3
6 8 3 7
6 9 3 4
7 18 5 4
8 14 3 4
10 15 4 3
10 19 10 3
12 18 4 6
13 18 3 4
(171, 71)

Arvore 140
0 1 3 3
0 14 3 7
0 15 3 5
1 2 97 0
1 4 6 3
1 5 4 3
1 18 3 3
2 7 4 5
3 11 3 3
3 15 3 3
4 16 3 3
6 8 3 7
6 9 3 4
8 14 3 4
9 17 4 4
10 15 4 3
10 19 10 3
12 16 6 4
13 18 3 4
(168, 71)

Arvore 141
0 1 3 3
0 14 3 7
0 15 3 5
1 2 97 0
1 4 6 3
1 5 4 3
1 18 3 3
2 7 4 5
3 11 3 3
3 15 3 3
4 16 3 3
6 8 3 7
6 9 3 4
8 14 3 4
9 17 4 4
10 15 4 3
10 19 10 3
12 18 4 6
13 18 3 4
(166, 73)

Arvore 142
0 1 3 3
0 14 3 7
0 15 3 5
1 2 97 0
1 4 6 3
1 5 4 3
1 18 3 3
2 7 4 5
3 11 3 3
3 15 3 3
4 16 3 3
6 8 3 7
6 9 3 4
6 19 3 8
8 14 3 4
9 17 4 4
10 15 4 3
12 18 4 6
13 18 3 4
(159, 78)

Arvore 143
0 1 3 3
0 14 3 7
0 15 3 5
1 2 97 0
1 4 6 3
1 5 4 3
1 18 3 3
3 11 3 3
3 15 3 3
4 16 3 3
6 8 3 7
6 9 3 4
7 18 5 4
8 14 3 4
9 17 4 4
10 15 4 3
10 19 10 3
12 16 6 4
13 18 3 4
(169, 70)

Arvore 144
0 1 3 3
0 14 3 7
0 15 3 5
1 2 97 0
1 4 6 3
1 5 4 3
1 18 3 3
3 11 3 3
3 15 3 3
4 16 3 3
6 8 3 7
6 9 3 4
7 18 5 4
8 14 3 4
9 17 4 4
10 15 4 3
10 19 10 3
12 18 4 6
13 18 3 4
(167, 72)

Arvore 145
0 1 3 3
0 2 0 97
0 14 3 7
0 15 3 5
1 5 4 3
1 17 8 3
1 18 3 3
2 7 4 5
3 11 3 3
3 15 3 3
4 9 3 5
4 16 3 3
6 8 3 7
6 9 3 4
8 14 3 4
10 15 4 3
10 19 10 3
12 16 6 4
13 18 3 4
(72, 169)

Arvore 146
0 1 3 3
0 2 0 97
0 14 3 7
0 15 3 5
1 5 4 3
1 17 8 3
1 18 3 3
2 7 4 5
3 11 3 3
3 15 3 3
4 9 3 5
4 16 3 3
6 8 3 7
6 9 3 4
8 14 3 4
10 15 4 3
10 19 10 3
12 18 4 6
13 18 3 4
(70, 171)

Arvore 147
0 1 3 3
0 2 0 97
0 14 3 7
0 15 3 5
1 5 4 3
1 17 8 3
1 18 3 3
2 7 4 5
3 11 3 3
3 15 3 3
4 9 3 5
4 16 3 3
6 8 3 7
6 9 3 4
6 19 3 8
8 14 3 4
10 15 4 3
12 18 4 6
13 18 3 4
(63, 176)

Arvore 148
0 1 3 3
0 2 0 97
0 14 3 7
0 15 3 5
1 5 4 3
1 17 8 3
1 18 3 3
3 11 3 3
3 15 3 3
4 9 3 5
4 16 3 3
6 8 3 7
6 9 3 4
7 18 5 4
8 14 3 4
10 15 4 3
10 19 10 3
12 16 6 4
13 18 3 4
(73, 168)

Arvore 149
0 1 3 3
0 2 0 97
0 14 3 7
0 15 3 5
1 5 4 3
1 17 8 3
1 18 3 3
3 11 3 3
3 15 3 3
4 9 3 5
4 16 3 3
6 8 3 7
6 9 3 4
7 18 5 4
8 14 3 4
10 15 4 3
10 19 10 3
12 18 4 6
13 18 3 4
(71, 170)

Arvore 150
0 1 3 3
0 2 0 97
0 14 3 7
0 15 3 5
1 5 4 3
1 18 3 3
2 7 4 5
3 11 3 3
3 15 3 3
4 9 3 5
4 16 3 3
6 8 3 7
6 9 3 4
8 14 3 4
9 17 4 4
10 15 4 3
10 19 10 3
12 16 6 4
13 18 3 4
(68, 170)

Arvore 151
0 1 3 3
0 2 0 97
0 14 3 7
0 15 3 5
1 5 4 3
1 18 3 3
2 7 4 5
3 11 3 3
3 15 3 3
4 9 3 5
4 16 3 3
6 8 3 7
6 9 3 4
8 14 3 4
9 17 4 4
10 15 4 3
10 19 10 3
12 18 4 6
13 18 3 4
(66, 172)

Arvore 152
0 1 3 3
0 2 0 97
0 14 3 7
0 15 3 5
1 5 4 3
1 18 3 3
2 7 4 5
3 11 3 3
3 15 3 3
4 9 3 5
4 16 3 3
6 8 3 7
6 9 3 4
6 19 3 8
8 14 3 4
9 17 4 4
10 15 4 3
12 18 4 6
13 18 3 4
(59, 177)

Arvore 153
0 1 3 3
0 2 0 97
0 14 3 7
0 15 3 5
1 5 4 3
1 18 3 3
3 11 3 3
3 15 3 3
4 9 3 5
4 16 3 3
6 8 3 7
6 9 3 4
7 18 5 4
8 14 3 4
9 17 4 4
10 15 4 3
10 19 10 3
12 16 6 4
13 18 3 4
(69, 169)

Arvore 154
0 1 3 3
0 2 0 97
0 14 3 7
0 15 3 5
1 5 4 3
1 18 3 3
3 11 3 3
3 15 3 3
4 9 3 5
4 16 3 3
6 8 3 7
6 9 3 4
7 18 5 4
8 14 3 4
9 17 4 4
10 15 4 3
10 19 10 3
12 18 4 6
13 18 3 4
(67, 171)

Arvore 155
0 1 3 3
0 14 3 7
0 15 3 5
1 2 97 0
1 5 4 3
1 17 8 3
1 18 3 3
2 7 4 5
3 11 3 3
3 15 3 3
4 9 3 5
4 16 3 3
6 8 3 7
6 9 3 4
8 14 3 4
10 15 4 3
10 19 10 3
12 16 6 4
13 18 3 4
(169, 72)

Arvore 156
0 1 3 3
0 14 3 7
0 15 3 5
1 2 97 0
1 5 4 3
1 17 8 3
1 18 3 3
2 7 4 5
3 11 3 3
3 15 3 3
4 9 3 5
4 16 3 3
6 8 3 7
6 9 3 4
8 14 3 4
10 15 4 3
10 19 10 3
12 18 4 6
13 18 3 4
(167, 74)

Arvore 157
0 1 3 3
0 14 3 7
0 15 3 5
1 2 97 0
1 5 4 3
1 17 8 3
1 18 3 3
2 7 4 5
3 11 3 3
3 15 3 3
4 9 3 5
4 16 3 3
6 8 3 7
6 9 3 4
6 19 3 8
8 14 3 4
10 15 4 3
12 18 4 6
13 18 3 4
(160, 79)

Arvore 158
0 1 3 3
0 14 3 7
0 15 3 5
1 2 97 0
1 5 4 3
1 17 8 3
1 18 3 3
3 11 3 3
3 15 3 3
4 9 3 5
4 16 3 3
6 8 3 7
6 9 3 4
7 18 5 4
8 14 3 4
10 15 4 3
10 19 10 3
12 16 6 4
13 18 3 4
(170, 71)

Arvore 159
0 1 3 3
0 14 3 7
0 15 3 5
1 2 97 0
1 5 4 3
1 17 8 3
1 18 3 3
3 11 3 3
3 15 3 3
4 9 3 5
4 16 3 3
6 8 3 7
6 9 3 4
7 18 5 4
8 14 3 4
10 15 4 3
10 19 10 3
12 18 4 6
13 18 3 4
(168, 73)

Arvore 160
0 1 3 3
0 14 3 7
0 15 3 5
1 2 97 0
1 5 4 3
1 18 3 3
2 7 4 5
3 11 3 3
3 15 3 3
4 9 3 5
4 16 3 3
6 8 3 7
6 9 3 4
8 14 3 4
9 17 4 4
10 15 4 3
10 19 10 3
12 16 6 4
13 18 3 4
(165, 73)

Arvore 161
0 1 3 3
0 14 3 7
0 15 3 5
1 2 97 0
1 5 4 3
1 18 3 3
2 7 4 5
3 11 3 3
3 15 3 3
4 9 3 5
4 16 3 3
6 8 3 7
6 9 3 4
8 14 3 4
9 17 4 4
10 15 4 3
10 19 10 3
12 18 4 6
13 18 3 4
(163, 75)

Arvore 162
0 1 3 3
0 14 3 7
0 15 3 5
1 2 97 0
1 5 4 3
1 18 3 3
2 7 4 5
3 11 3 3
3 15 3 3
4 9 3 5
4 16 3 3
6 8 3 7
6 9 3 4
6 19 3 8
8 14 3 4
9 17 4 4
10 15 4 3
12 18 4 6
13 18 3 4
(156, 80)

Arvore 163
0 1 3 3
0 14 3 7
0 15 3 5
1 2 97 0
1 5 4 3
1 18 3 3
3 11 3 3
3 15 3 3
4 9 3 5
4 16 3 3
6 8 3 7
6 9 3 4
7 18 5 4
8 14 3 4
9 17 4 4
10 15 4 3
10 19 10 3
12 16 6 4
13 18 3 4
(166, 72)

Arvore 164
0 1 3 3
0 14 3 7
0 15 3 5
1 2 97 0
1 5 4 3
1 18 3 3
3 11 3 3
3 15 3 3
4 9 3 5
4 16 3 3
6 8 3 7
6 9 3 4
7 18 5 4
8 14 3 4
9 17 4 4
10 15 4 3
10 19 10 3
12 18 4 6
13 18 3 4
(164, 74)

Arvore 165
0 1 3 3
0 14 3 7
0 15 3 5
1 5 4 3
1 17 8 3
1 18 3 3
2 7 4 5
2 17 3 5
3 11 3 3
3 15 3 3
4 9 3 5
4 16 3 3
6 8 3 7
6 9 3 4
8 14 3 4
10 15 4 3
10 19 10 3
12 16 6 4
13 18 3 4
(75, 77)

Arvore 166
0 1 3 3
0 14 3 7
0 15 3 5
1 5 4 3
1 17 8 3
1 18 3 3
2 7 4 5
2 17 3 5
3 11 3 3
3 15 3 3
4 9 3 5
4 16 3 3
6 8 3 7
6 9 3 4
8 14 3 4
10 15 4 3
10 19 10 3
12 18 4 6
13 18 3 4
(73, 79)

Arvore 167
0 1 3 3
0 14 3 7
0 15 3 5
1 5 4 3
1 17 8 3
1 18 3 3
2 7 4 5
2 17 3 5
3 11 3 3
3 15 3 3
4 9 3 5
4 16 3 3
6 8 3 7
6 9 3 4
6 19 3 8
8 14 3 4
10 15 4 3
12 18 4 6
13 18 3 4
(66, 84)

Arvore 168
0 1 3 3
0 14 3 7
0 15 3 5
1 5 4 3
1 17 8 3
1 18 3 3
2 17 3 5
3 11 3 3
3 15 3 3
4 9 3 5
4 16 3 3
6 8 3 7
6 9 3 4
7 18 5 4
8 14 3 4
10 15 4 3
10 19 10 3
12 16 6 4
13 18 3 4
(76, 76)

Arvore 169
0 1 3 3
0 14 3 7
0 15 3 5
1 5 4 3
1 17 8 3
1 18 3 3
2 17 3 5
3 11 3 3
3 15 3 3
4 9 3 5
4 16 3 3
6 8 3 7
6 9 3 4
7 18 5 4
8 14 3 4
10 15 4 3
10 19 10 3
12 18 4 6
13 18 3 4
(74, 78)

Arvore 170
0 1 3 3
0 14 3 7
0 15 3 5
1 5 4 3
1 17 8 3
1 18 3 3
2 13 10 4
3 11 3 3
3 15 3 3
4 9 3 5
4 16 3 3
6 8 3 7
6 9 3 4
7 18 5 4
8 14 3 4
10 15 4 3
10 19 10 3
12 16 6 4
13 18 3 4
(83, 75)

Arvore 171
0 1 3 3
0 14 3 7
0 15 3 5
1 5 4 3
1 18 3 3
2 7 4 5
2 17 3 5
3 11 3 3
3 15 3 3
4 9 3 5
4 16 3 3
6 8 3 7
6 9 3 4
8 14 3 4
9 17 4 4
10 15 4 3
10 19 10 3
12 16 6 4
13 18 3 4
(71, 78)

Arvore 172
0 1 3 3
0 14 3 7
0 15 3 5
1 5 4 3
1 18 3 3
2 7 4 5
2 17 3 5
3 11 3 3
3 15 3 3
4 9 3 5
4 16 3 3
6 8 3 7
6 9 3 4
8 14 3 4
9 17 4 4
10 15 4 3
10 19 10 3
12 18 4 6
13 18 3 4
(69, 80)

Arvore 173
0 1 3 3
0 14 3 7
0 15 3 5
1 5 4 3
1 18 3 3
2 7 4 5
2 17 3 5
3 11 3 3
3 15 3 3
4 9 3 5
4 16 3 3
6 8 3 7
6 9 3 4
6 19 3 8
8 14 3 4
9 17 4 4
10 15 4 3
12 18 4 6
13 18 3 4
(62, 85)

Arvore 174
0 1 3 3
0 14 3 7
0 15 3 5
1 5 4 3
1 18 3 3
2 17 3 5
3 11 3 3
3 15 3 3
4 9 3 5
4 16 3 3
6 8 3 7
6 9 3 4
7 18 5 4
8 14 3 4
9 17 4 4
10 15 4 3
10 19 10 3
12 16 6 4
13 18 3 4
(72, 77)

Arvore 175
0 1 3 3
0 14 3 7
0 15 3 5
1 5 4 3
1 18 3 3
2 17 3 5
3 11 3 3
3 15 3 3
4 9 3 5
4 16 3 3
6 8 3 7
6 9 3 4
7 18 5 4
8 14 3 4
9 17 4 4
10 15 4 3
10 19 10 3
12 18 4 6
13 18 3 4
(70, 79)

Arvore 176
0 1 3 3
0 14 3 7
0 15 3 5
1 5 4 3
1 18 3 3
2 13 10 4
3 11 3 3
3 15 3 3
4 9 3 5
4 16 3 3
6 8 3 7
6 9 3 4
7 18 5 4
8 14 3 4
9 17 4 4
10 15 4 3
10 19 10 3
12 16 6 4
13 18 3 4
(79, 76)

Arvore 177
0 1 3 3
0 14 3 7
0 15 3 5
1 4 6 3
1 5 4 3
1 17 8 3
1 18 3 3
2 7 4 5
2 17 3 5
3 11 3 3
3 15 3 3
4 16 3 3
6 8 3 7
6 9 3 4
8 14 3 4
10 15 4 3
10 19 10 3
12 16 6 4
13 18 3 4
(78, 75)

Arvore 178
0 1 3 3
0 14 3 7
0 15 3 5
1 4 6 3
1 5 4 3
1 17 8 3
1 18 3 3
2 7 4 5
2 17 3 5
3 11 3 3
3 15 3 3
4 16 3 3
6 8 3 7
6 9 3 4
8 14 3 4
10 15 4 3
10 19 10 3
12 18 4 6
13 18 3 4
(76, 77)

Arvore 179
0 1 3 3
0 14 3 7
0 15 3 5
1 4 6 3
1 5 4 3
1 17 8 3
1 18 3 3
2 7 4 5
2 17 3 5
3 11 3 3
3 15 3 3
4 16 3 3
6 8 3 7
6 9 3 4
6 19 3 8
8 14 3 4
10 15 4 3
12 18 4 6
13 18 3 4
(69, 82)

Arvore 180
0 1 3 3
0 14 3 7
0 15 3 5
1 4 6 3
1 5 4 3
1 17 8 3
1 18 3 3
2 17 3 5
3 11 3 3
3 15 3 3
4 16 3 3
6 8 3 7
6 9 3 4
7 18 5 4
8 14 3 4
10 15 4 3
10 19 10 3
12 16 6 4
13 18 3 4
(79, 74)

Arvore 181
0 1 3 3
0 14 3 7
0 15 3 5
1 4 6 3
1 5 4 3
1 17 8 3
1 18 3 3
2 17 3 5
3 11 3 3
3 15 3 3
4 16 3 3
6 8 3 7
6 9 3 4
7 18 5 4
8 14 3 4
10 15 4 3
10 19 10 3
12 18 4 6
13 18 3 4
(77, 76)

Arvore 182
0 1 3 3
0 14 3 7
0 15 3 5
1 4 6 3
1 5 4 3
1 17 8 3
1 18 3 3
2 13 10 4
3 11 3 3
3 15 3 3
4 16 3 3
6 8 3 7
6 9 3 4
7 18 5 4
8 14 3 4
10 15 4 3
10 19 10 3
12 16 6 4
13 18 3 4
(86, 73)

Arvore 183
0 1 3 3
0 14 3 7
0 15 3 5
1 4 6 3
1 5 4 3
1 18 3 3
2 7 4 5
2 17 3 5
3 11 3 3
3 15 3 3
4 16 3 3
6 8 3 7
6 9 3 4
8 14 3 4
9 17 4 4
10 15 4 3
10 19 10 3
12 16 6 4
13 18 3 4
(74, 76)

Arvore 184
0 1 3 3
0 14 3 7
0 15 3 5
1 4 6 3
1 5 4 3
1 18 3 3
2 7 4 5
2 17 3 5
3 11 3 3
3 15 3 3
4 16 3 3
6 8 3 7
6 9 3 4
8 14 3 4
9 17 4 4
10 15 4 3
10 19 10 3
12 18 4 6
13 18 3 4
(72, 78)

Arvore 185
0 1 3 3
0 14 3 7
0 15 3 5
1 4 6 3
1 5 4 3
1 18 3 3
2 7 4 5
2 17 3 5
3 11 3 3
3 15 3 3
4 16 3 3
6 8 3 7
6 9 3 4
6 19 3 8
8 14 3 4
9 17 4 4
10 15 4 3
12 18 4 6
13 18 3 4
(65, 83)

Arvore 186
0 1 3 3
0 14 3 7
0 15 3 5
1 4 6 3
1 5 4 3
1 18 3 3
2 17 3 5
3 11 3 3
3 15 3 3
4 16 3 3
6 8 3 7
6 9 3 4
7 18 5 4
8 14 3 4
9 17 4 4
10 15 4 3
10 19 10 3
12 16 6 4
13 18 3 4
(75, 75)

Arvore 187
0 1 3 3
0 14 3 7
0 15 3 5
1 4 6 3
1 5 4 3
1 18 3 3
2 17 3 5
3 11 3 3
3 15 3 3
4 16 3 3
6 8 3 7
6 9 3 4
7 18 5 4
8 14 3 4
9 17 4 4
10 15 4 3
10 19 10 3
12 18 4 6
13 18 3 4
(73, 77)

Arvore 188
0 1 3 3
0 14 3 7
0 15 3 5
1 4 6 3
1 5 4 3
1 18 3 3
2 13 10 4
3 11 3 3
3 15 3 3
4 16 3 3
6 8 3 7
6 9 3 4
7 18 5 4
8 14 3 4
9 17 4 4
10 15 4 3
10 19 10 3
12 16 6 4
13 18 3 4
(82, 74)

Arvore 189
0 2 0 97
0 14 3 7
1 2 97 0
1 4 6 3
1 5 4 3
1 18 3 3
2 7 4 5
2 17 3 5
3 11 3 3
3 15 3 3
4 16 3 3
5 15 4 3
6 8 3 7
6 9 3 4
8 14 3 4
10 15 4 3
10 19 10 3
12 16 6 4
13 18 3 4
(165, 164)

Arvore 190
0 2 0 97
0 14 3 7
1 2 97 0
1 4 6 3
1 5 4 3
1 18 3 3
2 7 4 5
2 17 3 5
3 11 3 3
3 15 3 3
4 16 3 3
5 15 4 3
6 8 3 7
6 9 3 4
8 14 3 4
10 15 4 3
10 19 10 3
12 18 4 6
13 18 3 4
(163, 166)

Arvore 191
0 2 0 97
0 14 3 7
1 2 97 0
1 4 6 3
1 5 4 3
1 18 3 3
2 7 4 5
2 17 3 5
3 11 3 3
3 15 3 3
4 16 3 3
5 15 4 3
6 8 3 7
6 9 3 4
6 19 3 8
8 14 3 4
10 15 4 3
12 18 4 6
13 18 3 4
(156, 171)

Arvore 192
0 2 0 97
0 14 3 7
1 2 97 0
1 4 6 3
1 5 4 3
1 18 3 3
2 17 3 5
3 11 3 3
3 15 3 3
4 16 3 3
5 15 4 3
6 8 3 7
6 9 3 4
7 18 5 4
8 14 3 4
10 15 4 3
10 19 10 3
12 16 6 4
13 18 3 4
(166, 163)

Arvore 193
0 2 0 97
0 14 3 7
1 2 97 0
1 4 6 3
1 5 4 3
1 18 3 3
2 17 3 5
3 11 3 3
3 15 3 3
4 16 3 3
5 15 4 3
6 8 3 7
6 9 3 4
7 18 5 4
8 14 3 4
10 15 4 3
10 19 10 3
12 18 4 6
13 18 3 4
(164, 165)

Arvore 194
0 2 0 97
0 14 3 7
1 2 97 0
1 5 4 3
1 18 3 3
2 7 4 5
2 17 3 5
3 4 4 4
3 11 3 3
3 15 3 3
4 16 3 3
5 15 4 3
6 8 3 7
6 9 3 4
8 14 3 4
10 15 4 3
10 19 10 3
12 16 6 4
13 18 3 4
(163, 165)

Arvore 195
0 2 0 97
0 14 3 7
1 2 97 0
1 5 4 3
1 18 3 3
2 7 4 5
2 17 3 5
3 4 4 4
3 11 3 3
3 15 3 3
4 16 3 3
5 15 4 3
6 8 3 7
6 9 3 4
8 14 3 4
10 15 4 3
10 19 10 3
12 18 4 6
13 18 3 4
(161, 167)

Arvore 196
0 2 0 97
0 14 3 7
1 2 97 0
1 5 4 3
1 18 3 3
2 7 4 5
2 17 3 5
3 4 4 4
3 11 3 3
3 15 3 3
4 16 3 3
5 15 4 3
6 8 3 7
6 9 3 4
6 19 3 8
8 14 3 4
10 15 4 3
12 18 4 6
13 18 3 4
(154, 172)

Arvore 197
0 2 0 97
0 14 3 7
1 2 97 0
1 5 4 3
1 18 3 3
2 17 3 5
3 4 4 4
3 11 3 3
3 15 3 3
4 16 3 3
5 15 4 3
6 8 3 7
6 9 3 4
7 18 5 4
8 14 3 4
10 15 4 3
10 19 10 3
12 16 6 4
13 18 3 4
(164, 164)

Arvore 198
0 2 0 97
0 14 3 7
1 2 97 0
1 5 4 3
1 18 3 3
2 17 3 5
3 4 4 4
3 11 3 3
3 15 3 3
4 16 3 3
5 15 4 3
6 8 3 7
6 9 3 4
7 18 5 4
8 14 3 4
10 15 4 3
10 19 10 3
12 18 4 6
13 18 3 4
(162, 166)

Arvore 199
0 2 0 97
0 14 3 7
1 2 97 0
1 5 4 3
1 18 3 3
2 7 4 5
2 17 3 5
3 11 3 3
3 15 3 3
4 9 3 5
4 16 3 3
5 15 4 3
6 8 3 7
6 9 3 4
8 14 3 4
10 15 4 3
10 19 10 3
12 16 6 4
13 18 3 4
(162, 166)

Arvore 200
0 2 0 97
0 14 3 7
1 2 97 0
1 5 4 3
1 18 3 3
2 7 4 5
2 17 3 5
3 11 3 3
3 15 3 3
4 9 3 5
4 16 3 3
5 15 4 3
6 8 3 7
6 9 3 4
8 14 3 4
10 15 4 3
10 19 10 3
12 18 4 6
13 18 3 4
(160, 168)

Arvore 201
0 2 0 97
0 14 3 7
1 2 97 0
1 5 4 3
1 18 3 3
2 7 4 5
2 17 3 5
3 11 3 3
3 15 3 3
4 9 3 5
4 16 3 3
5 15 4 3
6 8 3 7
6 9 3 4
6 19 3 8
8 14 3 4
10 15 4 3
12 18 4 6
13 18 3 4
(153, 173)

Arvore 202
0 2 0 97
0 14 3 7
1 2 97 0
1 5 4 3
1 18 3 3
2 17 3 5
3 11 3 3
3 15 3 3
4 9 3 5
4 16 3 3
5 15 4 3
6 8 3 7
6 9 3 4
7 18 5 4
8 14 3 4
10 15 4 3
10 19 10 3
12 16 6 4
13 18 3 4
(163, 165)

Arvore 203
0 2 0 97
0 14 3 7
1 2 97 0
1 5 4 3
1 18 3 3
2 17 3 5
3 11 3 3
3 15 3 3
4 9 3 5
4 16 3 3
5 15 4 3
6 8 3 7
6 9 3 4
7 18 5 4
8 14 3 4
10 15 4 3
10 19 10 3
12 18 4 6
13 18 3 4
(161, 167)

