112
1.12
0 1 35 44
1 12 55 35
2 13 29 32
3 14 61 65
4 5 18 16
4 15 12 30
5 6 41 61
6 7 38 52
7 18 42 37
8 19 40 28
9 20 58 68
10 21 75 62
11 22 25 39
12 23 32 28
13 24 15 28
14 25 51 33
15 16 2 21
16 27 26 31
17 18 47 63
17 28 1 23
18 19 57 34
19 20 50 59
19 30 38 37
20 21 26 49
20 31 27 53
22 23 51 41
23 34 59 37
24 35 9 17
25 26 57 43
26 37 38 38
27 38 40 34
28 39 71 44
29 40 40 39
30 41 36 40
31 32 8 5
33 44 43 44
34 35 34 41
34 45 23 44
35 36 53 49
36 37 29 29
36 47 39 63
37 38 34 60
38 49 47 47
40 41 11 19
40 51 26 51
41 42 60 66
43 54 87 64
44 45 6 22
45 46 11 28
47 48 53 55
50 51 21 15
51 52 59 64
52 53 44 46
53 54 60 49
(2050, 2222)
