26602
266.02
0 15 47 62
1 2 69 47
2 3 44 32
3 18 19 20
4 5 43 50
4 19 7 36
6 7 22 39
7 22 21 32
8 9 55 70
8 23 0 36
9 10 56 58
10 11 39 55
10 25 33 44
12 13 32 43
12 27 42 34
14 29 7 27
15 16 31 30
16 17 32 34
16 31 55 39
17 18 11 27
18 19 2 40
20 35 27 20
21 22 36 52
22 23 32 45
22 37 35 41
23 38 21 18
24 39 4 33
25 26 49 65
26 41 28 37
27 28 20 33
27 42 51 33
28 29 51 37
29 44 36 46
30 45 49 34
31 32 30 23
31 46 11 27
32 33 27 36
32 47 32 33
33 34 38 61
33 48 23 18
35 36 23 19
35 50 32 42
36 37 9 15
38 39 16 16
38 53 7 18
40 41 52 35
40 55 24 52
41 42 40 49
43 44 9 28
44 59 7 34
45 46 64 56
47 62 64 48
48 49 22 26
49 50 6 14
50 65 62 64
51 52 60 39
52 53 19 20
53 54 22 18
54 69 41 46
56 57 36 27
57 58 0 8
58 59 46 64
58 73 18 11
60 61 17 37
61 62 27 36
63 64 60 59
64 65 34 56
65 66 59 68
66 67 20 36
68 69 66 52
69 70 65 73
71 72 21 13
72 73 22 23
73 74 50 58
(2387, 2807)
