198
1.98
Arvore 1
0 1 65 38
0 6 6 67
1 2 11 81
1 7 73 20
3 4 39 51
3 9 78 24
4 5 0 70
5 11 25 79
7 8 81 17
8 9 24 66
9 10 3 91
(405, 604)

Arvore 2
0 1 65 38
0 6 6 67
1 2 11 81
1 7 73 20
3 4 39 51
3 9 78 24
4 5 0 70
5 11 25 79
7 8 81 17
8 9 24 66
10 11 44 39
(446, 552)

Arvore 3
0 1 65 38
0 6 6 67
1 2 11 81
1 7 73 20
3 4 39 51
3 9 78 24
4 5 0 70
7 8 81 17
8 9 24 66
9 10 3 91
10 11 44 39
(424, 564)

Arvore 4
0 1 65 38
0 6 6 67
1 2 11 81
1 7 73 20
3 4 39 51
3 9 78 24
4 5 0 70
4 10 44 55
7 8 81 17
8 9 24 66
10 11 44 39
(465, 528)

Arvore 5
0 1 65 38
0 6 6 67
1 2 11 81
1 7 73 20
2 3 65 48
3 4 39 51
3 9 78 24
4 5 0 70
7 8 81 17
9 10 3 91
10 11 44 39
(465, 546)

Arvore 6
0 1 65 38
0 6 6 67
1 2 11 81
1 7 73 20
2 3 65 48
3 4 39 51
3 9 78 24
4 5 0 70
4 10 44 55
7 8 81 17
10 11 44 39
(506, 510)

Arvore 7
0 1 65 38
0 6 6 67
1 2 11 81
1 7 73 20
2 3 65 48
3 4 39 51
3 9 78 24
4 5 0 70
5 11 25 79
7 8 81 17
10 11 44 39
(487, 534)

Arvore 8
0 1 65 38
0 6 6 67
1 2 11 81
1 7 73 20
2 3 65 48
3 4 39 51
3 9 78 24
4 5 0 70
5 11 25 79
8 9 24 66
9 10 3 91
(389, 635)

Arvore 9
0 1 65 38
0 6 6 67
1 2 11 81
1 7 73 20
2 3 65 48
3 4 39 51
3 9 78 24
4 5 0 70
5 11 25 79
8 9 24 66
10 11 44 39
(430, 583)

Arvore 10
0 1 65 38
0 6 6 67
1 2 11 81
1 7 73 20
2 3 65 48
3 4 39 51
3 9 78 24
4 5 0 70
8 9 24 66
9 10 3 91
10 11 44 39
(408, 595)

Arvore 11
0 1 65 38
0 6 6 67
1 2 11 81
1 7 73 20
2 3 65 48
3 4 39 51
3 9 78 24
4 5 0 70
4 10 44 55
8 9 24 66
10 11 44 39
(449, 559)

Arvore 12
0 1 65 38
0 6 6 67
1 7 73 20
2 8 97 25
3 4 39 51
3 9 78 24
4 5 0 70
5 11 25 79
7 8 81 17
8 9 24 66
9 10 3 91
(491, 548)

Arvore 13
0 1 65 38
0 6 6 67
1 7 73 20
2 8 97 25
3 4 39 51
3 9 78 24
4 5 0 70
5 11 25 79
7 8 81 17
8 9 24 66
10 11 44 39
(532, 496)

Arvore 14
0 1 65 38
0 6 6 67
1 7 73 20
2 8 97 25
3 4 39 51
3 9 78 24
4 5 0 70
7 8 81 17
8 9 24 66
9 10 3 91
10 11 44 39
(510, 508)

Arvore 15
0 1 65 38
0 6 6 67
1 7 73 20
2 8 97 25
3 4 39 51
3 9 78 24
4 5 0 70
4 10 44 55
7 8 81 17
8 9 24 66
10 11 44 39
(551, 472)

Arvore 16
0 1 65 38
0 6 6 67
1 7 73 20
2 3 65 48
2 8 97 25
3 4 39 51
3 9 78 24
4 5 0 70
7 8 81 17
9 10 3 91
10 11 44 39
(551, 490)

Arvore 17
0 1 65 38
0 6 6 67
1 7 73 20
2 3 65 48
2 8 97 25
3 4 39 51
3 9 78 24
4 5 0 70
4 10 44 55
7 8 81 17
10 11 44 39
(592, 454)

Arvore 18
0 1 65 38
0 6 6 67
1 7 73 20
2 3 65 48
2 8 97 25
3 4 39 51
3 9 78 24
4 5 0 70
5 11 25 79
7 8 81 17
10 11 44 39
(573, 478)

Arvore 19
0 1 65 38
0 6 6 67
1 7 73 20
2 3 65 48
3 4 39 51
3 9 78 24
4 5 0 70
5 11 25 79
7 8 81 17
8 9 24 66
9 10 3 91
(459, 571)

Arvore 20
0 1 65 38
0 6 6 67
1 7 73 20
2 3 65 48
3 4 39 51
3 9 78 24
4 5 0 70
5 11 25 79
7 8 81 17
8 9 24 66
10 11 44 39
(500, 519)

Arvore 21
0 1 65 38
0 6 6 67
1 7 73 20
2 3 65 48
3 4 39 51
3 9 78 24
4 5 0 70
7 8 81 17
8 9 24 66
9 10 3 91
10 11 44 39
(478, 531)

Arvore 22
0 1 65 38
0 6 6 67
1 7 73 20
2 3 65 48
3 4 39 51
3 9 78 24
4 5 0 70
4 10 44 55
7 8 81 17
8 9 24 66
10 11 44 39
(519, 495)

Arvore 23
0 1 65 38
0 6 6 67
1 2 11 81
1 7 73 20
3 4 39 51
4 5 0 70
5 11 25 79
7 8 81 17
8 9 24 66
9 10 3 91
10 11 44 39
(371, 619)

Arvore 24
0 1 65 38
0 6 6 67
1 2 11 81
1 7 73 20
2 3 65 48
3 4 39 51
4 5 0 70
5 11 25 79
7 8 81 17
8 9 24 66
10 11 44 39
(433, 576)

Arvore 25
0 1 65 38
0 6 6 67
1 2 11 81
1 7 73 20
2 3 65 48
3 4 39 51
4 5 0 70
7 8 81 17
8 9 24 66
9 10 3 91
10 11 44 39
(411, 588)

Arvore 26
0 1 65 38
0 6 6 67
1 2 11 81
1 7 73 20
3 4 39 51
4 5 0 70
4 10 44 55
7 8 81 17
8 9 24 66
9 10 3 91
10 11 44 39
(390, 595)

Arvore 27
0 1 65 38
0 6 6 67
1 2 11 81
1 7 73 20
2 3 65 48
3 4 39 51
4 5 0 70
4 10 44 55
7 8 81 17
8 9 24 66
10 11 44 39
(452, 552)

Arvore 28
0 1 65 38
0 6 6 67
1 2 11 81
1 7 73 20
2 3 65 48
3 4 39 51
4 5 0 70
4 10 44 55
7 8 81 17
9 10 3 91
10 11 44 39
(431, 577)

Arvore 29
0 1 65 38
0 6 6 67
1 2 11 81
1 7 73 20
2 3 65 48
3 4 39 51
4 5 0 70
5 11 25 79
8 9 24 66
9 10 3 91
10 11 44 39
(355, 650)

Arvore 30
0 1 65 38
0 6 6 67
1 2 11 81
1 7 73 20
2 3 65 48
3 4 39 51
4 5 0 70
4 10 44 55
8 9 24 66
9 10 3 91
10 11 44 39
(374, 626)

Arvore 31
0 1 65 38
0 6 6 67
1 7 73 20
2 3 65 48
3 4 39 51
4 5 0 70
5 11 25 79
7 8 81 17
8 9 24 66
9 10 3 91
10 11 44 39
(425, 586)

Arvore 32
0 1 65 38
0 6 6 67
1 7 73 20
2 8 97 25
3 4 39 51
4 5 0 70
5 11 25 79
7 8 81 17
8 9 24 66
9 10 3 91
10 11 44 39
(457, 563)

Arvore 33
0 1 65 38
0 6 6 67
1 7 73 20
2 3 65 48
3 4 39 51
4 5 0 70
4 10 44 55
7 8 81 17
8 9 24 66
9 10 3 91
10 11 44 39
(444, 562)

Arvore 34
0 1 65 38
0 6 6 67
1 7 73 20
2 8 97 25
3 4 39 51
4 5 0 70
4 10 44 55
7 8 81 17
8 9 24 66
9 10 3 91
10 11 44 39
(476, 539)

Arvore 35
0 1 65 38
0 6 6 67
1 7 73 20
2 3 65 48
2 8 97 25
3 4 39 51
4 5 0 70
4 10 44 55
7 8 81 17
9 10 3 91
10 11 44 39
(517, 521)

Arvore 36
0 1 65 38
0 6 6 67
1 2 11 81
1 7 73 20
3 9 78 24
4 5 0 70
5 11 25 79
7 8 81 17
8 9 24 66
9 10 3 91
10 11 44 39
(410, 592)

Arvore 37
0 1 65 38
0 6 6 67
1 2 11 81
1 7 73 20
2 3 65 48
3 9 78 24
4 5 0 70
5 11 25 79
7 8 81 17
9 10 3 91
10 11 44 39
(451, 574)

Arvore 38
0 1 65 38
0 6 6 67
1 2 11 81
1 7 73 20
2 3 65 48
3 9 78 24
4 5 0 70
5 11 25 79
8 9 24 66
9 10 3 91
10 11 44 39
(394, 623)

Arvore 39
0 1 65 38
0 6 6 67
1 7 73 20
2 8 97 25
3 9 78 24
4 5 0 70
5 11 25 79
7 8 81 17
8 9 24 66
9 10 3 91
10 11 44 39
(496, 536)

Arvore 40
0 1 65 38
0 6 6 67
1 7 73 20
2 3 65 48
2 8 97 25
3 9 78 24
4 5 0 70
5 11 25 79
7 8 81 17
9 10 3 91
10 11 44 39
(537, 518)

Arvore 41
0 1 65 38
0 6 6 67
1 7 73 20
2 3 65 48
3 9 78 24
4 5 0 70
5 11 25 79
7 8 81 17
8 9 24 66
9 10 3 91
10 11 44 39
(464, 559)

Arvore 42
0 1 65 38
0 6 6 67
1 2 11 81
1 7 73 20
2 3 65 48
4 5 0 70
5 11 25 79
7 8 81 17
8 9 24 66
9 10 3 91
10 11 44 39
(397, 616)

Arvore 43
0 1 65 38
0 6 6 67
1 2 11 81
3 4 39 51
3 9 78 24
4 5 0 70
5 11 25 79
6 7 38 65
7 8 81 17
8 9 24 66
9 10 3 91
(370, 649)

Arvore 44
0 1 65 38
0 6 6 67
1 2 11 81
3 4 39 51
3 9 78 24
4 5 0 70
5 11 25 79
6 7 38 65
7 8 81 17
8 9 24 66
10 11 44 39
(411, 597)

Arvore 45
0 1 65 38
0 6 6 67
1 2 11 81
3 4 39 51
3 9 78 24
4 5 0 70
6 7 38 65
7 8 81 17
8 9 24 66
9 10 3 91
10 11 44 39
(389, 609)

Arvore 46
0 1 65 38
0 6 6 67
1 2 11 81
3 4 39 51
3 9 78 24
4 5 0 70
4 10 44 55
6 7 38 65
7 8 81 17
8 9 24 66
10 11 44 39
(430, 573)

Arvore 47
0 1 65 38
0 6 6 67
1 2 11 81
2 3 65 48
3 4 39 51
3 9 78 24
4 5 0 70
6 7 38 65
7 8 81 17
9 10 3 91
10 11 44 39
(430, 591)

Arvore 48
0 1 65 38
0 6 6 67
1 2 11 81
2 3 65 48
3 4 39 51
3 9 78 24
4 5 0 70
4 10 44 55
6 7 38 65
7 8 81 17
10 11 44 39
(471, 555)

Arvore 49
0 1 65 38
0 6 6 67
1 2 11 81
2 3 65 48
3 4 39 51
3 9 78 24
4 5 0 70
5 11 25 79
6 7 38 65
7 8 81 17
10 11 44 39
(452, 579)

Arvore 50
0 1 65 38
0 6 6 67
1 2 11 81
2 3 65 48
3 4 39 51
3 9 78 24
4 5 0 70
5 11 25 79
6 7 38 65
8 9 24 66
9 10 3 91
(354, 680)

Arvore 51
0 1 65 38
0 6 6 67
1 2 11 81
2 3 65 48
3 4 39 51
3 9 78 24
4 5 0 70
5 11 25 79
6 7 38 65
8 9 24 66
10 11 44 39
(395, 628)

Arvore 52
0 1 65 38
0 6 6 67
1 2 11 81
2 3 65 48
3 4 39 51
3 9 78 24
4 5 0 70
6 7 38 65
8 9 24 66
9 10 3 91
10 11 44 39
(373, 640)

Arvore 53
0 1 65 38
0 6 6 67
1 2 11 81
2 3 65 48
3 4 39 51
3 9 78 24
4 5 0 70
4 10 44 55
6 7 38 65
8 9 24 66
10 11 44 39
(414, 604)

Arvore 54
0 1 65 38
0 6 6 67
1 2 11 81
3 4 39 51
4 5 0 70
5 11 25 79
6 7 38 65
7 8 81 17
8 9 24 66
9 10 3 91
10 11 44 39
(336, 664)

Arvore 55
0 1 65 38
0 6 6 67
1 2 11 81
2 3 65 48
3 4 39 51
4 5 0 70
5 11 25 79
6 7 38 65
7 8 81 17
8 9 24 66
10 11 44 39
(398, 621)

Arvore 56
0 1 65 38
0 6 6 67
1 2 11 81
2 3 65 48
3 4 39 51
4 5 0 70
6 7 38 65
7 8 81 17
8 9 24 66
9 10 3 91
10 11 44 39
(376, 633)

Arvore 57
0 1 65 38
0 6 6 67
1 2 11 81
3 4 39 51
4 5 0 70
4 10 44 55
6 7 38 65
7 8 81 17
8 9 24 66
9 10 3 91
10 11 44 39
(355, 640)

Arvore 58
0 1 65 38
0 6 6 67
1 2 11 81
2 3 65 48
3 4 39 51
4 5 0 70
4 10 44 55
6 7 38 65
7 8 81 17
8 9 24 66
10 11 44 39
(417, 597)

Arvore 59
0 1 65 38
0 6 6 67
1 2 11 81
2 3 65 48
3 4 39 51
4 5 0 70
4 10 44 55
6 7 38 65
7 8 81 17
9 10 3 91
10 11 44 39
(396, 622)

Arvore 60
0 1 65 38
0 6 6 67
1 2 11 81
2 3 65 48
3 4 39 51
4 5 0 70
5 11 25 79
6 7 38 65
8 9 24 66
9 10 3 91
10 11 44 39
(320, 695)

Arvore 61
0 1 65 38
0 6 6 67
1 2 11 81
2 3 65 48
3 4 39 51
4 5 0 70
4 10 44 55
6 7 38 65
8 9 24 66
9 10 3 91
10 11 44 39
(339, 671)

Arvore 62
0 1 65 38
0 6 6 67
1 2 11 81
2 3 65 48
3 4 39 51
4 5 0 70
5 11 25 79
7 8 81 17
8 9 24 66
9 10 3 91
10 11 44 39
(363, 647)

Arvore 63
0 1 65 38
0 6 6 67
1 2 11 81
2 3 65 48
3 4 39 51
4 5 0 70
4 10 44 55
7 8 81 17
8 9 24 66
9 10 3 91
10 11 44 39
(382, 623)

Arvore 64
0 1 65 38
0 6 6 67
2 8 97 25
3 4 39 51
3 9 78 24
4 5 0 70
5 11 25 79
6 7 38 65
7 8 81 17
8 9 24 66
9 10 3 91
(456, 593)

Arvore 65
0 1 65 38
0 6 6 67
2 8 97 25
3 4 39 51
3 9 78 24
4 5 0 70
5 11 25 79
6 7 38 65
7 8 81 17
8 9 24 66
10 11 44 39
(497, 541)

Arvore 66
0 1 65 38
0 6 6 67
2 8 97 25
3 4 39 51
3 9 78 24
4 5 0 70
6 7 38 65
7 8 81 17
8 9 24 66
9 10 3 91
10 11 44 39
(475, 553)

Arvore 67
0 1 65 38
0 6 6 67
2 8 97 25
3 4 39 51
3 9 78 24
4 5 0 70
4 10 44 55
6 7 38 65
7 8 81 17
8 9 24 66
10 11 44 39
(516, 517)

Arvore 68
0 1 65 38
0 6 6 67
2 3 65 48
2 8 97 25
3 4 39 51
3 9 78 24
4 5 0 70
6 7 38 65
7 8 81 17
9 10 3 91
10 11 44 39
(516, 535)

Arvore 69
0 1 65 38
0 6 6 67
2 3 65 48
2 8 97 25
3 4 39 51
3 9 78 24
4 5 0 70
4 10 44 55
6 7 38 65
7 8 81 17
10 11 44 39
(557, 499)

Arvore 70
0 1 65 38
0 6 6 67
2 3 65 48
2 8 97 25
3 4 39 51
3 9 78 24
4 5 0 70
5 11 25 79
6 7 38 65
7 8 81 17
10 11 44 39
(538, 523)

Arvore 71
0 1 65 38
0 6 6 67
2 3 65 48
3 4 39 51
3 9 78 24
4 5 0 70
5 11 25 79
6 7 38 65
7 8 81 17
8 9 24 66
9 10 3 91
(424, 616)

Arvore 72
0 1 65 38
0 6 6 67
2 3 65 48
3 4 39 51
3 9 78 24
4 5 0 70
5 11 25 79
6 7 38 65
7 8 81 17
8 9 24 66
10 11 44 39
(465, 564)

Arvore 73
0 1 65 38
0 6 6 67
2 3 65 48
3 4 39 51
3 9 78 24
4 5 0 70
6 7 38 65
7 8 81 17
8 9 24 66
9 10 3 91
10 11 44 39
(443, 576)

Arvore 74
0 1 65 38
0 6 6 67
2 3 65 48
3 4 39 51
3 9 78 24
4 5 0 70
4 10 44 55
6 7 38 65
7 8 81 17
8 9 24 66
10 11 44 39
(484, 540)

Arvore 75
0 1 65 38
0 6 6 67
2 3 65 48
3 4 39 51
4 5 0 70
5 11 25 79
6 7 38 65
7 8 81 17
8 9 24 66
9 10 3 91
10 11 44 39
(390, 631)

Arvore 76
0 1 65 38
0 6 6 67
2 8 97 25
3 4 39 51
4 5 0 70
5 11 25 79
6 7 38 65
7 8 81 17
8 9 24 66
9 10 3 91
10 11 44 39
(422, 608)

Arvore 77
0 1 65 38
0 6 6 67
2 3 65 48
3 4 39 51
4 5 0 70
4 10 44 55
6 7 38 65
7 8 81 17
8 9 24 66
9 10 3 91
10 11 44 39
(409, 607)

Arvore 78
0 1 65 38
0 6 6 67
2 8 97 25
3 4 39 51
4 5 0 70
4 10 44 55
6 7 38 65
7 8 81 17
8 9 24 66
9 10 3 91
10 11 44 39
(441, 584)

Arvore 79
0 1 65 38
0 6 6 67
2 3 65 48
2 8 97 25
3 4 39 51
4 5 0 70
4 10 44 55
6 7 38 65
7 8 81 17
9 10 3 91
10 11 44 39
(482, 566)

Arvore 80
0 1 65 38
0 6 6 67
1 2 11 81
3 9 78 24
4 5 0 70
5 11 25 79
6 7 38 65
7 8 81 17
8 9 24 66
9 10 3 91
10 11 44 39
(375, 637)

Arvore 81
0 1 65 38
0 6 6 67
1 2 11 81
2 3 65 48
3 9 78 24
4 5 0 70
5 11 25 79
6 7 38 65
7 8 81 17
9 10 3 91
10 11 44 39
(416, 619)

Arvore 82
0 1 65 38
0 6 6 67
1 2 11 81
2 3 65 48
3 9 78 24
4 5 0 70
5 11 25 79
6 7 38 65
8 9 24 66
9 10 3 91
10 11 44 39
(359, 668)

Arvore 83
0 1 65 38
0 6 6 67
1 2 11 81
2 3 65 48
4 5 0 70
5 11 25 79
6 7 38 65
7 8 81 17
8 9 24 66
9 10 3 91
10 11 44 39
(362, 661)

Arvore 84
0 1 65 38
0 6 6 67
2 8 97 25
3 9 78 24
4 5 0 70
5 11 25 79
6 7 38 65
7 8 81 17
8 9 24 66
9 10 3 91
10 11 44 39
(461, 581)

Arvore 85
0 1 65 38
0 6 6 67
2 3 65 48
2 8 97 25
3 9 78 24
4 5 0 70
5 11 25 79
6 7 38 65
7 8 81 17
9 10 3 91
10 11 44 39
(502, 563)

Arvore 86
0 1 65 38
0 6 6 67
2 3 65 48
3 9 78 24
4 5 0 70
5 11 25 79
6 7 38 65
7 8 81 17
8 9 24 66
9 10 3 91
10 11 44 39
(429, 604)

Arvore 87
0 1 65 38
1 2 11 81
1 7 73 20
3 4 39 51
3 9 78 24
4 5 0 70
5 11 25 79
6 7 38 65
7 8 81 17
8 9 24 66
9 10 3 91
(437, 602)

Arvore 88
0 1 65 38
1 2 11 81
1 7 73 20
3 4 39 51
3 9 78 24
4 5 0 70
5 11 25 79
6 7 38 65
7 8 81 17
8 9 24 66
10 11 44 39
(478, 550)

Arvore 89
0 1 65 38
1 2 11 81
1 7 73 20
3 4 39 51
3 9 78 24
4 5 0 70
6 7 38 65
7 8 81 17
8 9 24 66
9 10 3 91
10 11 44 39
(456, 562)

Arvore 90
0 1 65 38
1 2 11 81
1 7 73 20
3 4 39 51
3 9 78 24
4 5 0 70
4 10 44 55
6 7 38 65
7 8 81 17
8 9 24 66
10 11 44 39
(497, 526)

Arvore 91
0 1 65 38
1 2 11 81
1 7 73 20
2 3 65 48
3 4 39 51
3 9 78 24
4 5 0 70
6 7 38 65
7 8 81 17
9 10 3 91
10 11 44 39
(497, 544)

Arvore 92
0 1 65 38
1 2 11 81
1 7 73 20
2 3 65 48
3 4 39 51
3 9 78 24
4 5 0 70
4 10 44 55
6 7 38 65
7 8 81 17
10 11 44 39
(538, 508)

Arvore 93
0 1 65 38
1 2 11 81
1 7 73 20
2 3 65 48
3 4 39 51
3 9 78 24
4 5 0 70
5 11 25 79
6 7 38 65
7 8 81 17
10 11 44 39
(519, 532)

Arvore 94
0 1 65 38
1 2 11 81
1 7 73 20
2 3 65 48
3 4 39 51
3 9 78 24
4 5 0 70
5 11 25 79
6 7 38 65
8 9 24 66
9 10 3 91
(421, 633)

Arvore 95
0 1 65 38
1 2 11 81
1 7 73 20
2 3 65 48
3 4 39 51
3 9 78 24
4 5 0 70
5 11 25 79
6 7 38 65
8 9 24 66
10 11 44 39
(462, 581)

Arvore 96
0 1 65 38
1 2 11 81
1 7 73 20
2 3 65 48
3 4 39 51
3 9 78 24
4 5 0 70
6 7 38 65
8 9 24 66
9 10 3 91
10 11 44 39
(440, 593)

Arvore 97
0 1 65 38
1 2 11 81
1 7 73 20
2 3 65 48
3 4 39 51
3 9 78 24
4 5 0 70
4 10 44 55
6 7 38 65
8 9 24 66
10 11 44 39
(481, 557)

Arvore 98
0 1 65 38
1 7 73 20
2 8 97 25
3 4 39 51
3 9 78 24
4 5 0 70
5 11 25 79
6 7 38 65
7 8 81 17
8 9 24 66
9 10 3 91
(523, 546)

Arvore 99
0 1 65 38
1 7 73 20
2 8 97 25
3 4 39 51
3 9 78 24
4 5 0 70
5 11 25 79
6 7 38 65
7 8 81 17
8 9 24 66
10 11 44 39
(564, 494)

Arvore 100
0 1 65 38
1 7 73 20
2 8 97 25
3 4 39 51
3 9 78 24
4 5 0 70
6 7 38 65
7 8 81 17
8 9 24 66
9 10 3 91
10 11 44 39
(542, 506)

Arvore 101
0 1 65 38
1 7 73 20
2 8 97 25
3 4 39 51
3 9 78 24
4 5 0 70
4 10 44 55
6 7 38 65
7 8 81 17
8 9 24 66
10 11 44 39
(583, 470)

Arvore 102
0 1 65 38
1 7 73 20
2 3 65 48
2 8 97 25
3 4 39 51
3 9 78 24
4 5 0 70
6 7 38 65
7 8 81 17
9 10 3 91
10 11 44 39
(583, 488)

Arvore 103
0 1 65 38
1 7 73 20
2 3 65 48
2 8 97 25
3 4 39 51
3 9 78 24
4 5 0 70
4 10 44 55
6 7 38 65
7 8 81 17
10 11 44 39
(624, 452)

Arvore 104
0 1 65 38
1 7 73 20
2 3 65 48
2 8 97 25
3 4 39 51
3 9 78 24
4 5 0 70
5 11 25 79
6 7 38 65
7 8 81 17
10 11 44 39
(605, 476)

Arvore 105
0 1 65 38
1 7 73 20
2 3 65 48
3 4 39 51
3 9 78 24
4 5 0 70
5 11 25 79
6 7 38 65
7 8 81 17
8 9 24 66
9 10 3 91
(491, 569)

Arvore 106
0 1 65 38
1 7 73 20
2 3 65 48
3 4 39 51
3 9 78 24
4 5 0 70
5 11 25 79
6 7 38 65
7 8 81 17
8 9 24 66
10 11 44 39
(532, 517)

Arvore 107
0 1 65 38
1 7 73 20
2 3 65 48
3 4 39 51
3 9 78 24
4 5 0 70
6 7 38 65
7 8 81 17
8 9 24 66
9 10 3 91
10 11 44 39
(510, 529)

Arvore 108
0 1 65 38
1 7 73 20
2 3 65 48
3 4 39 51
3 9 78 24
4 5 0 70
4 10 44 55
6 7 38 65
7 8 81 17
8 9 24 66
10 11 44 39
(551, 493)

Arvore 109
0 1 65 38
1 2 11 81
1 7 73 20
3 4 39 51
4 5 0 70
5 11 25 79
6 7 38 65
7 8 81 17
8 9 24 66
9 10 3 91
10 11 44 39
(403, 617)

Arvore 110
0 1 65 38
1 2 11 81
1 7 73 20
2 3 65 48
3 4 39 51
4 5 0 70
5 11 25 79
6 7 38 65
7 8 81 17
8 9 24 66
10 11 44 39
(465, 574)

Arvore 111
0 1 65 38
1 2 11 81
1 7 73 20
2 3 65 48
3 4 39 51
4 5 0 70
6 7 38 65
7 8 81 17
8 9 24 66
9 10 3 91
10 11 44 39
(443, 586)

Arvore 112
0 1 65 38
1 2 11 81
1 7 73 20
3 4 39 51
4 5 0 70
4 10 44 55
6 7 38 65
7 8 81 17
8 9 24 66
9 10 3 91
10 11 44 39
(422, 593)

Arvore 113
0 1 65 38
1 2 11 81
1 7 73 20
2 3 65 48
3 4 39 51
4 5 0 70
4 10 44 55
6 7 38 65
7 8 81 17
8 9 24 66
10 11 44 39
(484, 550)

Arvore 114
0 1 65 38
1 2 11 81
1 7 73 20
2 3 65 48
3 4 39 51
4 5 0 70
4 10 44 55
6 7 38 65
7 8 81 17
9 10 3 91
10 11 44 39
(463, 575)

Arvore 115
0 1 65 38
1 2 11 81
1 7 73 20
2 3 65 48
3 4 39 51
4 5 0 70
5 11 25 79
6 7 38 65
8 9 24 66
9 10 3 91
10 11 44 39
(387, 648)

Arvore 116
0 1 65 38
1 2 11 81
1 7 73 20
2 3 65 48
3 4 39 51
4 5 0 70
4 10 44 55
6 7 38 65
8 9 24 66
9 10 3 91
10 11 44 39
(406, 624)

Arvore 117
0 1 65 38
1 7 73 20
2 3 65 48
3 4 39 51
4 5 0 70
5 11 25 79
6 7 38 65
7 8 81 17
8 9 24 66
9 10 3 91
10 11 44 39
(457, 584)

Arvore 118
0 1 65 38
1 7 73 20
2 8 97 25
3 4 39 51
4 5 0 70
5 11 25 79
6 7 38 65
7 8 81 17
8 9 24 66
9 10 3 91
10 11 44 39
(489, 561)

Arvore 119
0 1 65 38
1 7 73 20
2 3 65 48
3 4 39 51
4 5 0 70
4 10 44 55
6 7 38 65
7 8 81 17
8 9 24 66
9 10 3 91
10 11 44 39
(476, 560)

Arvore 120
0 1 65 38
1 7 73 20
2 8 97 25
3 4 39 51
4 5 0 70
4 10 44 55
6 7 38 65
7 8 81 17
8 9 24 66
9 10 3 91
10 11 44 39
(508, 537)

Arvore 121
0 1 65 38
1 7 73 20
2 3 65 48
2 8 97 25
3 4 39 51
4 5 0 70
4 10 44 55
6 7 38 65
7 8 81 17
9 10 3 91
10 11 44 39
(549, 519)

Arvore 122
0 1 65 38
1 2 11 81
1 7 73 20
3 9 78 24
4 5 0 70
5 11 25 79
6 7 38 65
7 8 81 17
8 9 24 66
9 10 3 91
10 11 44 39
(442, 590)

Arvore 123
0 1 65 38
1 2 11 81
1 7 73 20
2 3 65 48
3 9 78 24
4 5 0 70
5 11 25 79
6 7 38 65
7 8 81 17
9 10 3 91
10 11 44 39
(483, 572)

Arvore 124
0 1 65 38
1 2 11 81
1 7 73 20
2 3 65 48
3 9 78 24
4 5 0 70
5 11 25 79
6 7 38 65
8 9 24 66
9 10 3 91
10 11 44 39
(426, 621)

Arvore 125
0 1 65 38
1 7 73 20
2 8 97 25
3 9 78 24
4 5 0 70
5 11 25 79
6 7 38 65
7 8 81 17
8 9 24 66
9 10 3 91
10 11 44 39
(528, 534)

Arvore 126
0 1 65 38
1 7 73 20
2 3 65 48
2 8 97 25
3 9 78 24
4 5 0 70
5 11 25 79
6 7 38 65
7 8 81 17
9 10 3 91
10 11 44 39
(569, 516)

Arvore 127
0 1 65 38
1 7 73 20
2 3 65 48
3 9 78 24
4 5 0 70
5 11 25 79
6 7 38 65
7 8 81 17
8 9 24 66
9 10 3 91
10 11 44 39
(496, 557)

Arvore 128
0 1 65 38
1 2 11 81
1 7 73 20
2 3 65 48
4 5 0 70
5 11 25 79
6 7 38 65
7 8 81 17
8 9 24 66
9 10 3 91
10 11 44 39
(429, 614)

Arvore 129
0 6 6 67
1 2 11 81
1 7 73 20
3 4 39 51
3 9 78 24
4 5 0 70
5 11 25 79
6 7 38 65
7 8 81 17
8 9 24 66
9 10 3 91
(378, 631)

Arvore 130
0 6 6 67
1 2 11 81
1 7 73 20
3 4 39 51
3 9 78 24
4 5 0 70
5 11 25 79
6 7 38 65
7 8 81 17
8 9 24 66
10 11 44 39
(419, 579)

Arvore 131
0 6 6 67
1 2 11 81
1 7 73 20
3 4 39 51
3 9 78 24
4 5 0 70
6 7 38 65
7 8 81 17
8 9 24 66
9 10 3 91
10 11 44 39
(397, 591)

Arvore 132
0 6 6 67
1 2 11 81
1 7 73 20
3 4 39 51
3 9 78 24
4 5 0 70
4 10 44 55
6 7 38 65
7 8 81 17
8 9 24 66
10 11 44 39
(438, 555)

Arvore 133
0 6 6 67
1 2 11 81
1 7 73 20
2 3 65 48
3 4 39 51
3 9 78 24
4 5 0 70
6 7 38 65
7 8 81 17
9 10 3 91
10 11 44 39
(438, 573)

Arvore 134
0 6 6 67
1 2 11 81
1 7 73 20
2 3 65 48
3 4 39 51
3 9 78 24
4 5 0 70
4 10 44 55
6 7 38 65
7 8 81 17
10 11 44 39
(479, 537)

Arvore 135
0 6 6 67
1 2 11 81
1 7 73 20
2 3 65 48
3 4 39 51
3 9 78 24
4 5 0 70
5 11 25 79
6 7 38 65
7 8 81 17
10 11 44 39
(460, 561)

Arvore 136
0 6 6 67
1 2 11 81
1 7 73 20
2 3 65 48
3 4 39 51
3 9 78 24
4 5 0 70
5 11 25 79
6 7 38 65
8 9 24 66
9 10 3 91
(362, 662)

Arvore 137
0 6 6 67
1 2 11 81
1 7 73 20
2 3 65 48
3 4 39 51
3 9 78 24
4 5 0 70
5 11 25 79
6 7 38 65
8 9 24 66
10 11 44 39
(403, 610)

Arvore 138
0 6 6 67
1 2 11 81
1 7 73 20
2 3 65 48
3 4 39 51
3 9 78 24
4 5 0 70
6 7 38 65
8 9 24 66
9 10 3 91
10 11 44 39
(381, 622)

Arvore 139
0 6 6 67
1 2 11 81
1 7 73 20
2 3 65 48
3 4 39 51
3 9 78 24
4 5 0 70
4 10 44 55
6 7 38 65
8 9 24 66
10 11 44 39
(422, 586)

Arvore 140
0 6 6 67
1 7 73 20
2 8 97 25
3 4 39 51
3 9 78 24
4 5 0 70
5 11 25 79
6 7 38 65
7 8 81 17
8 9 24 66
9 10 3 91
(464, 575)

Arvore 141
0 6 6 67
1 7 73 20
2 8 97 25
3 4 39 51
3 9 78 24
4 5 0 70
5 11 25 79
6 7 38 65
7 8 81 17
8 9 24 66
10 11 44 39
(505, 523)

Arvore 142
0 6 6 67
1 7 73 20
2 8 97 25
3 4 39 51
3 9 78 24
4 5 0 70
6 7 38 65
7 8 81 17
8 9 24 66
9 10 3 91
10 11 44 39
(483, 535)

Arvore 143
0 6 6 67
1 7 73 20
2 8 97 25
3 4 39 51
3 9 78 24
4 5 0 70
4 10 44 55
6 7 38 65
7 8 81 17
8 9 24 66
10 11 44 39
(524, 499)

Arvore 144
0 6 6 67
1 7 73 20
2 3 65 48
2 8 97 25
3 4 39 51
3 9 78 24
4 5 0 70
6 7 38 65
7 8 81 17
9 10 3 91
10 11 44 39
(524, 517)

Arvore 145
0 6 6 67
1 7 73 20
2 3 65 48
2 8 97 25
3 4 39 51
3 9 78 24
4 5 0 70
4 10 44 55
6 7 38 65
7 8 81 17
10 11 44 39
(565, 481)

Arvore 146
0 6 6 67
1 7 73 20
2 3 65 48
2 8 97 25
3 4 39 51
3 9 78 24
4 5 0 70
5 11 25 79
6 7 38 65
7 8 81 17
10 11 44 39
(546, 505)

Arvore 147
0 6 6 67
1 7 73 20
2 3 65 48
3 4 39 51
3 9 78 24
4 5 0 70
5 11 25 79
6 7 38 65
7 8 81 17
8 9 24 66
9 10 3 91
(432, 598)

Arvore 148
0 6 6 67
1 7 73 20
2 3 65 48
3 4 39 51
3 9 78 24
4 5 0 70
5 11 25 79
6 7 38 65
7 8 81 17
8 9 24 66
10 11 44 39
(473, 546)

Arvore 149
0 6 6 67
1 7 73 20
2 3 65 48
3 4 39 51
3 9 78 24
4 5 0 70
6 7 38 65
7 8 81 17
8 9 24 66
9 10 3 91
10 11 44 39
(451, 558)

Arvore 150
0 6 6 67
1 7 73 20
2 3 65 48
3 4 39 51
3 9 78 24
4 5 0 70
4 10 44 55
6 7 38 65
7 8 81 17
8 9 24 66
10 11 44 39
(492, 522)

Arvore 151
0 6 6 67
1 2 11 81
1 7 73 20
3 4 39 51
4 5 0 70
5 11 25 79
6 7 38 65
7 8 81 17
8 9 24 66
9 10 3 91
10 11 44 39
(344, 646)

Arvore 152
0 6 6 67
1 2 11 81
1 7 73 20
2 3 65 48
3 4 39 51
4 5 0 70
5 11 25 79
6 7 38 65
7 8 81 17
8 9 24 66
10 11 44 39
(406, 603)

Arvore 153
0 6 6 67
1 2 11 81
1 7 73 20
2 3 65 48
3 4 39 51
4 5 0 70
6 7 38 65
7 8 81 17
8 9 24 66
9 10 3 91
10 11 44 39
(384, 615)

Arvore 154
0 6 6 67
1 2 11 81
1 7 73 20
3 4 39 51
4 5 0 70
4 10 44 55
6 7 38 65
7 8 81 17
8 9 24 66
9 10 3 91
10 11 44 39
(363, 622)

Arvore 155
0 6 6 67
1 2 11 81
1 7 73 20
2 3 65 48
3 4 39 51
4 5 0 70
4 10 44 55
6 7 38 65
7 8 81 17
8 9 24 66
10 11 44 39
(425, 579)

Arvore 156
0 6 6 67
1 2 11 81
1 7 73 20
2 3 65 48
3 4 39 51
4 5 0 70
4 10 44 55
6 7 38 65
7 8 81 17
9 10 3 91
10 11 44 39
(404, 604)

Arvore 157
0 6 6 67
1 2 11 81
1 7 73 20
2 3 65 48
3 4 39 51
4 5 0 70
5 11 25 79
6 7 38 65
8 9 24 66
9 10 3 91
10 11 44 39
(328, 677)

Arvore 158
0 6 6 67
1 2 11 81
1 7 73 20
2 3 65 48
3 4 39 51
4 5 0 70
4 10 44 55
6 7 38 65
8 9 24 66
9 10 3 91
10 11 44 39
(347, 653)

Arvore 159
0 6 6 67
1 7 73 20
2 3 65 48
3 4 39 51
4 5 0 70
5 11 25 79
6 7 38 65
7 8 81 17
8 9 24 66
9 10 3 91
10 11 44 39
(398, 613)

Arvore 160
0 6 6 67
1 7 73 20
2 8 97 25
3 4 39 51
4 5 0 70
5 11 25 79
6 7 38 65
7 8 81 17
8 9 24 66
9 10 3 91
10 11 44 39
(430, 590)

Arvore 161
0 6 6 67
1 7 73 20
2 3 65 48
3 4 39 51
4 5 0 70
4 10 44 55
6 7 38 65
7 8 81 17
8 9 24 66
9 10 3 91
10 11 44 39
(417, 589)

Arvore 162
0 6 6 67
1 7 73 20
2 8 97 25
3 4 39 51
4 5 0 70
4 10 44 55
6 7 38 65
7 8 81 17
8 9 24 66
9 10 3 91
10 11 44 39
(449, 566)

Arvore 163
0 6 6 67
1 7 73 20
2 3 65 48
2 8 97 25
3 4 39 51
4 5 0 70
4 10 44 55
6 7 38 65
7 8 81 17
9 10 3 91
10 11 44 39
(490, 548)

Arvore 164
0 6 6 67
1 2 11 81
1 7 73 20
3 9 78 24
4 5 0 70
5 11 25 79
6 7 38 65
7 8 81 17
8 9 24 66
9 10 3 91
10 11 44 39
(383, 619)

Arvore 165
0 6 6 67
1 2 11 81
1 7 73 20
2 3 65 48
3 9 78 24
4 5 0 70
5 11 25 79
6 7 38 65
7 8 81 17
9 10 3 91
10 11 44 39
(424, 601)

Arvore 166
0 6 6 67
1 2 11 81
1 7 73 20
2 3 65 48
3 9 78 24
4 5 0 70
5 11 25 79
6 7 38 65
8 9 24 66
9 10 3 91
10 11 44 39
(367, 650)

Arvore 167
0 6 6 67
1 7 73 20
2 8 97 25
3 9 78 24
4 5 0 70
5 11 25 79
6 7 38 65
7 8 81 17
8 9 24 66
9 10 3 91
10 11 44 39
(469, 563)

Arvore 168
0 6 6 67
1 7 73 20
2 3 65 48
2 8 97 25
3 9 78 24
4 5 0 70
5 11 25 79
6 7 38 65
7 8 81 17
9 10 3 91
10 11 44 39
(510, 545)

Arvore 169
0 6 6 67
1 7 73 20
2 3 65 48
3 9 78 24
4 5 0 70
5 11 25 79
6 7 38 65
7 8 81 17
8 9 24 66
9 10 3 91
10 11 44 39
(437, 586)

Arvore 170
0 6 6 67
1 2 11 81
1 7 73 20
2 3 65 48
4 5 0 70
5 11 25 79
6 7 38 65
7 8 81 17
8 9 24 66
9 10 3 91
10 11 44 39
(370, 643)

