18
0.18
Arvore 1
0 1 65 38
0 6 6 67
1 2 11 81
1 7 73 20
2 3 65 48
3 4 39 51
3 9 78 24
4 5 0 70
4 10 44 55
5 11 25 79
7 8 81 17
(487, 550)

Arvore 2
0 1 65 38
0 6 6 67
1 2 11 81
1 7 73 20
2 3 65 48
3 4 39 51
3 9 78 24
4 5 0 70
4 10 44 55
7 8 81 17
10 11 44 39
(506, 510)

Arvore 3
0 1 65 38
0 6 6 67
1 2 11 81
1 7 73 20
2 3 65 48
3 4 39 51
3 9 78 24
4 5 0 70
4 10 44 55
5 11 25 79
8 9 24 66
(430, 599)

Arvore 4
0 1 65 38
0 6 6 67
1 2 11 81
1 7 73 20
2 3 65 48
3 4 39 51
3 9 78 24
4 5 0 70
4 10 44 55
8 9 24 66
10 11 44 39
(449, 559)

Arvore 5
0 1 65 38
0 6 6 67
1 2 11 81
1 7 73 20
2 3 65 48
3 4 39 51
3 9 78 24
4 5 0 70
5 11 25 79
7 8 81 17
9 10 3 91
(446, 586)

Arvore 6
0 1 65 38
0 6 6 67
1 2 11 81
1 7 73 20
2 3 65 48
3 4 39 51
3 9 78 24
4 5 0 70
5 11 25 79
7 8 81 17
10 11 44 39
(487, 534)

Arvore 7
0 1 65 38
0 6 6 67
1 2 11 81
1 7 73 20
2 3 65 48
3 4 39 51
3 9 78 24
4 5 0 70
7 8 81 17
9 10 3 91
10 11 44 39
(465, 546)

Arvore 8
0 1 65 38
0 6 6 67
1 2 11 81
1 7 73 20
2 3 65 48
3 4 39 51
3 9 78 24
4 5 0 70
5 11 25 79
8 9 24 66
9 10 3 91
(389, 635)

Arvore 9
0 1 65 38
0 6 6 67
1 2 11 81
1 7 73 20
2 3 65 48
3 4 39 51
3 9 78 24
4 5 0 70
5 11 25 79
8 9 24 66
10 11 44 39
(430, 583)

Arvore 10
0 1 65 38
0 6 6 67
1 2 11 81
1 7 73 20
2 3 65 48
3 4 39 51
3 9 78 24
4 5 0 70
8 9 24 66
9 10 3 91
10 11 44 39
(408, 595)

Arvore 11
0 1 65 38
0 6 6 67
1 2 11 81
1 7 73 20
2 3 65 48
3 4 39 51
4 5 0 70
4 10 44 55
5 11 25 79
7 8 81 17
8 9 24 66
(433, 592)

Arvore 12
0 1 65 38
0 6 6 67
1 2 11 81
1 7 73 20
2 3 65 48
3 4 39 51
4 5 0 70
4 10 44 55
5 11 25 79
7 8 81 17
9 10 3 91
(412, 617)

Arvore 13
0 1 65 38
0 6 6 67
1 2 11 81
1 7 73 20
2 3 65 48
3 4 39 51
4 5 0 70
4 10 44 55
5 11 25 79
8 9 24 66
9 10 3 91
(355, 666)

Arvore 14
0 1 65 38
0 6 6 67
1 2 11 81
1 7 73 20
2 3 65 48
3 4 39 51
4 5 0 70
4 10 44 55
7 8 81 17
8 9 24 66
10 11 44 39
(452, 552)

Arvore 15
0 1 65 38
0 6 6 67
1 2 11 81
1 7 73 20
2 3 65 48
3 4 39 51
4 5 0 70
4 10 44 55
7 8 81 17
9 10 3 91
10 11 44 39
(431, 577)

Arvore 16
0 1 65 38
0 6 6 67
1 2 11 81
1 7 73 20
2 3 65 48
3 4 39 51
4 5 0 70
4 10 44 55
8 9 24 66
9 10 3 91
10 11 44 39
(374, 626)

Arvore 17
0 1 65 38
0 6 6 67
1 2 11 81
1 7 73 20
2 3 65 48
3 4 39 51
4 5 0 70
5 11 25 79
7 8 81 17
8 9 24 66
9 10 3 91
(392, 628)

Arvore 18
0 1 65 38
0 6 6 67
1 2 11 81
1 7 73 20
2 3 65 48
3 4 39 51
4 5 0 70
5 11 25 79
7 8 81 17
8 9 24 66
10 11 44 39
(433, 576)

Arvore 19
0 1 65 38
0 6 6 67
1 2 11 81
1 7 73 20
2 3 65 48
3 4 39 51
4 5 0 70
5 11 25 79
7 8 81 17
9 10 3 91
10 11 44 39
(412, 601)

Arvore 20
0 1 65 38
0 6 6 67
1 2 11 81
1 7 73 20
2 3 65 48
3 4 39 51
4 5 0 70
5 11 25 79
8 9 24 66
9 10 3 91
10 11 44 39
(355, 650)

Arvore 21
0 1 65 38
0 6 6 67
1 2 11 81
1 7 73 20
2 3 65 48
3 4 39 51
4 5 0 70
7 8 81 17
8 9 24 66
9 10 3 91
10 11 44 39
(411, 588)

Arvore 22
0 1 65 38
0 6 6 67
1 2 11 81
1 7 73 20
2 3 65 48
3 4 39 51
3 9 78 24
5 11 25 79
7 8 81 17
9 10 3 91
10 11 44 39
(490, 555)

Arvore 23
0 1 65 38
0 6 6 67
1 2 11 81
1 7 73 20
2 3 65 48
3 9 78 24
4 5 0 70
5 11 25 79
7 8 81 17
9 10 3 91
10 11 44 39
(451, 574)

Arvore 24
0 1 65 38
0 6 6 67
1 2 11 81
1 7 73 20
2 3 65 48
3 4 39 51
3 9 78 24
5 11 25 79
8 9 24 66
9 10 3 91
10 11 44 39
(433, 604)

Arvore 25
0 1 65 38
0 6 6 67
1 2 11 81
1 7 73 20
2 3 65 48
3 9 78 24
4 5 0 70
5 11 25 79
8 9 24 66
9 10 3 91
10 11 44 39
(394, 623)

Arvore 26
0 1 65 38
0 6 6 67
1 2 11 81
1 7 73 20
2 3 65 48
3 4 39 51
5 11 25 79
7 8 81 17
8 9 24 66
9 10 3 91
10 11 44 39
(436, 597)

Arvore 27
0 1 65 38
0 6 6 67
1 2 11 81
1 7 73 20
2 3 65 48
4 5 0 70
5 11 25 79
7 8 81 17
8 9 24 66
9 10 3 91
10 11 44 39
(397, 616)

Arvore 28
0 1 65 38
0 6 6 67
1 2 11 81
1 7 73 20
3 4 39 51
3 9 78 24
4 5 0 70
4 10 44 55
5 11 25 79
7 8 81 17
8 9 24 66
(446, 568)

Arvore 29
0 1 65 38
0 6 6 67
1 2 11 81
1 7 73 20
3 4 39 51
3 9 78 24
4 5 0 70
4 10 44 55
7 8 81 17
8 9 24 66
10 11 44 39
(465, 528)

Arvore 30
0 1 65 38
0 6 6 67
1 2 11 81
1 7 73 20
3 4 39 51
3 9 78 24
4 5 0 70
5 11 25 79
7 8 81 17
8 9 24 66
9 10 3 91
(405, 604)

Arvore 31
0 1 65 38
0 6 6 67
1 2 11 81
1 7 73 20
3 4 39 51
3 9 78 24
4 5 0 70
5 11 25 79
7 8 81 17
8 9 24 66
10 11 44 39
(446, 552)

Arvore 32
0 1 65 38
0 6 6 67
1 2 11 81
1 7 73 20
3 4 39 51
3 9 78 24
4 5 0 70
7 8 81 17
8 9 24 66
9 10 3 91
10 11 44 39
(424, 564)

Arvore 33
0 1 65 38
0 6 6 67
1 2 11 81
1 7 73 20
3 4 39 51
3 9 78 24
5 11 25 79
7 8 81 17
8 9 24 66
9 10 3 91
10 11 44 39
(449, 573)

Arvore 34
0 1 65 38
0 6 6 67
1 2 11 81
1 7 73 20
3 9 78 24
4 5 0 70
5 11 25 79
7 8 81 17
8 9 24 66
9 10 3 91
10 11 44 39
(410, 592)

Arvore 35
0 1 65 38
0 6 6 67
1 2 11 81
1 7 73 20
2 3 65 48
4 5 0 70
4 10 44 55
7 8 81 17
8 9 24 66
9 10 3 91
10 11 44 39
(416, 592)

Arvore 36
0 1 65 38
0 6 6 67
1 2 11 81
1 7 73 20
3 4 39 51
4 5 0 70
4 10 44 55
7 8 81 17
8 9 24 66
9 10 3 91
10 11 44 39
(390, 595)

Arvore 37
0 1 65 38
0 6 6 67
1 2 11 81
1 7 73 20
3 9 78 24
4 5 0 70
4 10 44 55
7 8 81 17
8 9 24 66
9 10 3 91
10 11 44 39
(429, 568)

Arvore 38
0 1 65 38
0 6 6 67
1 2 11 81
1 7 73 20
3 4 39 51
4 5 0 70
5 11 25 79
7 8 81 17
8 9 24 66
9 10 3 91
10 11 44 39
(371, 619)

Arvore 39
0 1 65 38
0 6 6 67
1 2 11 81
1 7 73 20
2 3 65 48
4 10 44 55
5 11 25 79
7 8 81 17
8 9 24 66
9 10 3 91
10 11 44 39
(441, 601)

Arvore 40
0 1 65 38
0 6 6 67
1 2 11 81
1 7 73 20
3 4 39 51
4 10 44 55
5 11 25 79
7 8 81 17
8 9 24 66
9 10 3 91
10 11 44 39
(415, 604)

Arvore 41
0 1 65 38
0 6 6 67
1 2 11 81
1 7 73 20
3 9 78 24
4 10 44 55
5 11 25 79
7 8 81 17
8 9 24 66
9 10 3 91
10 11 44 39
(454, 577)

Arvore 42
0 1 65 38
0 6 6 67
1 2 11 81
2 3 65 48
3 4 39 51
3 9 78 24
4 5 0 70
4 10 44 55
5 11 25 79
6 7 38 65
7 8 81 17
(452, 595)

Arvore 43
0 1 65 38
0 6 6 67
1 2 11 81
2 3 65 48
3 4 39 51
3 9 78 24
4 5 0 70
4 10 44 55
5 11 25 79
6 7 38 65
8 9 24 66
(395, 644)

Arvore 44
0 1 65 38
0 6 6 67
1 2 11 81
2 3 65 48
3 4 39 51
4 5 0 70
4 10 44 55
5 11 25 79
6 7 38 65
7 8 81 17
8 9 24 66
(398, 637)

Arvore 45
0 1 65 38
0 6 6 67
1 2 11 81
2 3 65 48
3 4 39 51
4 5 0 70
4 10 44 55
5 11 25 79
6 7 38 65
7 8 81 17
9 10 3 91
(377, 662)

Arvore 46
0 1 65 38
0 6 6 67
1 2 11 81
2 3 65 48
3 4 39 51
4 5 0 70
4 10 44 55
5 11 25 79
6 7 38 65
8 9 24 66
9 10 3 91
(320, 711)

Arvore 47
0 1 65 38
0 6 6 67
1 2 11 81
2 3 65 48
3 4 39 51
4 5 0 70
4 10 44 55
5 11 25 79
7 8 81 17
8 9 24 66
9 10 3 91
(363, 663)

Arvore 48
0 1 65 38
0 6 6 67
1 2 11 81
2 3 65 48
3 4 39 51
3 9 78 24
4 5 0 70
4 10 44 55
6 7 38 65
7 8 81 17
10 11 44 39
(471, 555)

Arvore 49
0 1 65 38
0 6 6 67
1 2 11 81
2 3 65 48
3 4 39 51
3 9 78 24
4 5 0 70
4 10 44 55
6 7 38 65
8 9 24 66
10 11 44 39
(414, 604)

Arvore 50
0 1 65 38
0 6 6 67
1 2 11 81
2 3 65 48
3 4 39 51
4 5 0 70
4 10 44 55
6 7 38 65
7 8 81 17
8 9 24 66
10 11 44 39
(417, 597)

Arvore 51
0 1 65 38
0 6 6 67
1 2 11 81
2 3 65 48
3 4 39 51
4 5 0 70
4 10 44 55
6 7 38 65
7 8 81 17
9 10 3 91
10 11 44 39
(396, 622)

Arvore 52
0 1 65 38
0 6 6 67
1 2 11 81
2 3 65 48
3 4 39 51
4 5 0 70
4 10 44 55
6 7 38 65
8 9 24 66
9 10 3 91
10 11 44 39
(339, 671)

Arvore 53
0 1 65 38
0 6 6 67
1 2 11 81
2 3 65 48
3 4 39 51
4 5 0 70
4 10 44 55
7 8 81 17
8 9 24 66
9 10 3 91
10 11 44 39
(382, 623)

Arvore 54
0 1 65 38
0 6 6 67
1 2 11 81
2 3 65 48
3 4 39 51
3 9 78 24
4 5 0 70
5 11 25 79
6 7 38 65
7 8 81 17
9 10 3 91
(411, 631)

Arvore 55
0 1 65 38
0 6 6 67
1 2 11 81
2 3 65 48
3 4 39 51
3 9 78 24
4 5 0 70
5 11 25 79
6 7 38 65
7 8 81 17
10 11 44 39
(452, 579)

Arvore 56
0 1 65 38
0 6 6 67
1 2 11 81
2 3 65 48
3 4 39 51
3 9 78 24
4 5 0 70
5 11 25 79
6 7 38 65
8 9 24 66
9 10 3 91
(354, 680)

Arvore 57
0 1 65 38
0 6 6 67
1 2 11 81
2 3 65 48
3 4 39 51
3 9 78 24
4 5 0 70
5 11 25 79
6 7 38 65
8 9 24 66
10 11 44 39
(395, 628)

Arvore 58
0 1 65 38
0 6 6 67
1 2 11 81
2 3 65 48
3 4 39 51
4 5 0 70
5 11 25 79
6 7 38 65
7 8 81 17
8 9 24 66
9 10 3 91
(357, 673)

Arvore 59
0 1 65 38
0 6 6 67
1 2 11 81
2 3 65 48
3 4 39 51
4 5 0 70
5 11 25 79
6 7 38 65
7 8 81 17
8 9 24 66
10 11 44 39
(398, 621)

Arvore 60
0 1 65 38
0 6 6 67
1 2 11 81
2 3 65 48
3 4 39 51
4 5 0 70
5 11 25 79
6 7 38 65
7 8 81 17
9 10 3 91
10 11 44 39
(377, 646)

Arvore 61
0 1 65 38
0 6 6 67
1 2 11 81
2 3 65 48
3 4 39 51
4 5 0 70
5 11 25 79
6 7 38 65
8 9 24 66
9 10 3 91
10 11 44 39
(320, 695)

Arvore 62
0 1 65 38
0 6 6 67
1 2 11 81
2 3 65 48
3 4 39 51
4 5 0 70
5 11 25 79
7 8 81 17
8 9 24 66
9 10 3 91
10 11 44 39
(363, 647)

Arvore 63
0 1 65 38
0 6 6 67
1 2 11 81
2 3 65 48
3 4 39 51
3 9 78 24
4 5 0 70
6 7 38 65
7 8 81 17
9 10 3 91
10 11 44 39
(430, 591)

Arvore 64
0 1 65 38
0 6 6 67
1 2 11 81
2 3 65 48
3 4 39 51
3 9 78 24
4 5 0 70
6 7 38 65
8 9 24 66
9 10 3 91
10 11 44 39
(373, 640)

Arvore 65
0 1 65 38
0 6 6 67
1 2 11 81
2 3 65 48
3 4 39 51
4 5 0 70
6 7 38 65
7 8 81 17
8 9 24 66
9 10 3 91
10 11 44 39
(376, 633)

Arvore 66
0 1 65 38
0 6 6 67
1 2 11 81
2 3 65 48
3 4 39 51
3 9 78 24
5 11 25 79
6 7 38 65
7 8 81 17
9 10 3 91
10 11 44 39
(455, 600)

Arvore 67
0 1 65 38
0 6 6 67
1 2 11 81
2 3 65 48
3 9 78 24
4 5 0 70
5 11 25 79
6 7 38 65
7 8 81 17
9 10 3 91
10 11 44 39
(416, 619)

Arvore 68
0 1 65 38
0 6 6 67
1 2 11 81
2 3 65 48
3 4 39 51
3 9 78 24
5 11 25 79
6 7 38 65
8 9 24 66
9 10 3 91
10 11 44 39
(398, 649)

Arvore 69
0 1 65 38
0 6 6 67
1 2 11 81
2 3 65 48
3 9 78 24
4 5 0 70
5 11 25 79
6 7 38 65
8 9 24 66
9 10 3 91
10 11 44 39
(359, 668)

Arvore 70
0 1 65 38
0 6 6 67
1 2 11 81
2 3 65 48
3 4 39 51
5 11 25 79
6 7 38 65
7 8 81 17
8 9 24 66
9 10 3 91
10 11 44 39
(401, 642)

Arvore 71
0 1 65 38
0 6 6 67
1 2 11 81
2 3 65 48
4 5 0 70
5 11 25 79
6 7 38 65
7 8 81 17
8 9 24 66
9 10 3 91
10 11 44 39
(362, 661)

Arvore 72
0 1 65 38
0 6 6 67
1 2 11 81
3 4 39 51
3 9 78 24
4 5 0 70
4 10 44 55
5 11 25 79
6 7 38 65
7 8 81 17
8 9 24 66
(411, 613)

Arvore 73
0 1 65 38
0 6 6 67
1 2 11 81
3 4 39 51
3 9 78 24
4 5 0 70
4 10 44 55
6 7 38 65
7 8 81 17
8 9 24 66
10 11 44 39
(430, 573)

Arvore 74
0 1 65 38
0 6 6 67
1 2 11 81
3 4 39 51
3 9 78 24
4 5 0 70
5 11 25 79
6 7 38 65
7 8 81 17
8 9 24 66
9 10 3 91
(370, 649)

Arvore 75
0 1 65 38
0 6 6 67
1 2 11 81
3 4 39 51
3 9 78 24
4 5 0 70
5 11 25 79
6 7 38 65
7 8 81 17
8 9 24 66
10 11 44 39
(411, 597)

Arvore 76
0 1 65 38
0 6 6 67
1 2 11 81
3 4 39 51
3 9 78 24
4 5 0 70
6 7 38 65
7 8 81 17
8 9 24 66
9 10 3 91
10 11 44 39
(389, 609)

Arvore 77
0 1 65 38
0 6 6 67
1 2 11 81
3 4 39 51
3 9 78 24
5 11 25 79
6 7 38 65
7 8 81 17
8 9 24 66
9 10 3 91
10 11 44 39
(414, 618)

Arvore 78
0 1 65 38
0 6 6 67
1 2 11 81
3 9 78 24
4 5 0 70
5 11 25 79
6 7 38 65
7 8 81 17
8 9 24 66
9 10 3 91
10 11 44 39
(375, 637)

Arvore 79
0 1 65 38
0 6 6 67
1 2 11 81
2 3 65 48
4 5 0 70
4 10 44 55
6 7 38 65
7 8 81 17
8 9 24 66
9 10 3 91
10 11 44 39
(381, 637)

Arvore 80
0 1 65 38
0 6 6 67
1 2 11 81
3 4 39 51
4 5 0 70
4 10 44 55
6 7 38 65
7 8 81 17
8 9 24 66
9 10 3 91
10 11 44 39
(355, 640)

Arvore 81
0 1 65 38
0 6 6 67
1 2 11 81
3 9 78 24
4 5 0 70
4 10 44 55
6 7 38 65
7 8 81 17
8 9 24 66
9 10 3 91
10 11 44 39
(394, 613)

Arvore 82
0 1 65 38
0 6 6 67
1 2 11 81
3 4 39 51
4 5 0 70
5 11 25 79
6 7 38 65
7 8 81 17
8 9 24 66
9 10 3 91
10 11 44 39
(336, 664)

Arvore 83
0 1 65 38
0 6 6 67
1 2 11 81
2 3 65 48
4 10 44 55
5 11 25 79
6 7 38 65
7 8 81 17
8 9 24 66
9 10 3 91
10 11 44 39
(406, 646)

Arvore 84
0 1 65 38
0 6 6 67
1 2 11 81
3 4 39 51
4 10 44 55
5 11 25 79
6 7 38 65
7 8 81 17
8 9 24 66
9 10 3 91
10 11 44 39
(380, 649)

Arvore 85
0 1 65 38
0 6 6 67
1 2 11 81
3 9 78 24
4 10 44 55
5 11 25 79
6 7 38 65
7 8 81 17
8 9 24 66
9 10 3 91
10 11 44 39
(419, 622)

Arvore 86
0 1 65 38
0 6 6 67
1 7 73 20
2 3 65 48
2 8 97 25
3 4 39 51
3 9 78 24
4 5 0 70
4 10 44 55
5 11 25 79
7 8 81 17
(573, 494)

Arvore 87
0 1 65 38
0 6 6 67
1 7 73 20
2 3 65 48
2 8 97 25
3 4 39 51
3 9 78 24
4 5 0 70
4 10 44 55
7 8 81 17
10 11 44 39
(592, 454)

Arvore 88
0 1 65 38
0 6 6 67
1 7 73 20
2 3 65 48
2 8 97 25
3 4 39 51
3 9 78 24
4 5 0 70
5 11 25 79
7 8 81 17
9 10 3 91
(532, 530)

Arvore 89
0 1 65 38
0 6 6 67
1 7 73 20
2 3 65 48
2 8 97 25
3 4 39 51
3 9 78 24
4 5 0 70
5 11 25 79
7 8 81 17
10 11 44 39
(573, 478)

Arvore 90
0 1 65 38
0 6 6 67
1 7 73 20
2 3 65 48
2 8 97 25
3 4 39 51
3 9 78 24
4 5 0 70
7 8 81 17
9 10 3 91
10 11 44 39
(551, 490)

Arvore 91
0 1 65 38
0 6 6 67
1 7 73 20
2 3 65 48
2 8 97 25
3 4 39 51
4 5 0 70
4 10 44 55
5 11 25 79
7 8 81 17
8 9 24 66
(519, 536)

Arvore 92
0 1 65 38
0 6 6 67
1 7 73 20
2 3 65 48
2 8 97 25
3 4 39 51
4 5 0 70
4 10 44 55
7 8 81 17
8 9 24 66
10 11 44 39
(538, 496)

Arvore 93
0 1 65 38
0 6 6 67
1 7 73 20
2 3 65 48
2 8 97 25
3 4 39 51
4 5 0 70
4 10 44 55
5 11 25 79
7 8 81 17
9 10 3 91
(498, 561)

Arvore 94
0 1 65 38
0 6 6 67
1 7 73 20
2 3 65 48
2 8 97 25
3 4 39 51
4 5 0 70
4 10 44 55
7 8 81 17
9 10 3 91
10 11 44 39
(517, 521)

Arvore 95
0 1 65 38
0 6 6 67
1 7 73 20
2 3 65 48
2 8 97 25
3 4 39 51
4 5 0 70
5 11 25 79
7 8 81 17
8 9 24 66
9 10 3 91
(478, 572)

Arvore 96
0 1 65 38
0 6 6 67
1 7 73 20
2 3 65 48
2 8 97 25
3 4 39 51
4 5 0 70
5 11 25 79
7 8 81 17
8 9 24 66
10 11 44 39
(519, 520)

Arvore 97
0 1 65 38
0 6 6 67
1 7 73 20
2 3 65 48
2 8 97 25
3 4 39 51
4 5 0 70
7 8 81 17
8 9 24 66
9 10 3 91
10 11 44 39
(497, 532)

Arvore 98
0 1 65 38
0 6 6 67
1 7 73 20
2 3 65 48
2 8 97 25
3 4 39 51
3 9 78 24
5 11 25 79
7 8 81 17
9 10 3 91
10 11 44 39
(576, 499)

Arvore 99
0 1 65 38
0 6 6 67
1 7 73 20
2 3 65 48
2 8 97 25
3 9 78 24
4 5 0 70
5 11 25 79
7 8 81 17
9 10 3 91
10 11 44 39
(537, 518)

Arvore 100
0 1 65 38
0 6 6 67
1 7 73 20
2 3 65 48
2 8 97 25
3 4 39 51
5 11 25 79
7 8 81 17
8 9 24 66
9 10 3 91
10 11 44 39
(522, 541)

Arvore 101
0 1 65 38
0 6 6 67
1 7 73 20
2 3 65 48
2 8 97 25
4 5 0 70
5 11 25 79
7 8 81 17
8 9 24 66
9 10 3 91
10 11 44 39
(483, 560)

Arvore 102
0 1 65 38
0 6 6 67
1 7 73 20
2 8 97 25
3 4 39 51
3 9 78 24
4 5 0 70
4 10 44 55
5 11 25 79
7 8 81 17
8 9 24 66
(532, 512)

Arvore 103
0 1 65 38
0 6 6 67
1 7 73 20
2 8 97 25
3 4 39 51
3 9 78 24
4 5 0 70
4 10 44 55
7 8 81 17
8 9 24 66
10 11 44 39
(551, 472)

Arvore 104
0 1 65 38
0 6 6 67
1 7 73 20
2 8 97 25
3 4 39 51
3 9 78 24
4 5 0 70
5 11 25 79
7 8 81 17
8 9 24 66
9 10 3 91
(491, 548)

Arvore 105
0 1 65 38
0 6 6 67
1 7 73 20
2 8 97 25
3 4 39 51
3 9 78 24
4 5 0 70
5 11 25 79
7 8 81 17
8 9 24 66
10 11 44 39
(532, 496)

Arvore 106
0 1 65 38
0 6 6 67
1 7 73 20
2 8 97 25
3 4 39 51
3 9 78 24
4 5 0 70
7 8 81 17
8 9 24 66
9 10 3 91
10 11 44 39
(510, 508)

Arvore 107
0 1 65 38
0 6 6 67
1 7 73 20
2 8 97 25
3 4 39 51
3 9 78 24
5 11 25 79
7 8 81 17
8 9 24 66
9 10 3 91
10 11 44 39
(535, 517)

Arvore 108
0 1 65 38
0 6 6 67
1 7 73 20
2 8 97 25
3 9 78 24
4 5 0 70
5 11 25 79
7 8 81 17
8 9 24 66
9 10 3 91
10 11 44 39
(496, 536)

Arvore 109
0 1 65 38
0 6 6 67
1 7 73 20
2 3 65 48
2 8 97 25
4 5 0 70
4 10 44 55
7 8 81 17
8 9 24 66
9 10 3 91
10 11 44 39
(502, 536)

Arvore 110
0 1 65 38
0 6 6 67
1 7 73 20
2 8 97 25
3 4 39 51
4 5 0 70
4 10 44 55
7 8 81 17
8 9 24 66
9 10 3 91
10 11 44 39
(476, 539)

Arvore 111
0 1 65 38
0 6 6 67
1 7 73 20
2 8 97 25
3 9 78 24
4 5 0 70
4 10 44 55
7 8 81 17
8 9 24 66
9 10 3 91
10 11 44 39
(515, 512)

Arvore 112
0 1 65 38
0 6 6 67
1 7 73 20
2 8 97 25
3 4 39 51
4 5 0 70
5 11 25 79
7 8 81 17
8 9 24 66
9 10 3 91
10 11 44 39
(457, 563)

Arvore 113
0 1 65 38
0 6 6 67
1 7 73 20
2 3 65 48
2 8 97 25
4 10 44 55
5 11 25 79
7 8 81 17
8 9 24 66
9 10 3 91
10 11 44 39
(527, 545)

Arvore 114
0 1 65 38
0 6 6 67
1 7 73 20
2 8 97 25
3 4 39 51
4 10 44 55
5 11 25 79
7 8 81 17
8 9 24 66
9 10 3 91
10 11 44 39
(501, 548)

Arvore 115
0 1 65 38
0 6 6 67
1 7 73 20
2 8 97 25
3 9 78 24
4 10 44 55
5 11 25 79
7 8 81 17
8 9 24 66
9 10 3 91
10 11 44 39
(540, 521)

Arvore 116
0 1 65 38
0 6 6 67
1 7 73 20
2 3 65 48
3 4 39 51
3 9 78 24
4 5 0 70
4 10 44 55
5 11 25 79
7 8 81 17
8 9 24 66
(500, 535)

Arvore 117
0 1 65 38
0 6 6 67
1 7 73 20
2 3 65 48
3 4 39 51
3 9 78 24
4 5 0 70
4 10 44 55
7 8 81 17
8 9 24 66
10 11 44 39
(519, 495)

Arvore 118
0 1 65 38
0 6 6 67
1 7 73 20
2 3 65 48
3 4 39 51
3 9 78 24
4 5 0 70
5 11 25 79
7 8 81 17
8 9 24 66
9 10 3 91
(459, 571)

Arvore 119
0 1 65 38
0 6 6 67
1 7 73 20
2 3 65 48
3 4 39 51
3 9 78 24
4 5 0 70
5 11 25 79
7 8 81 17
8 9 24 66
10 11 44 39
(500, 519)

Arvore 120
0 1 65 38
0 6 6 67
1 7 73 20
2 3 65 48
3 4 39 51
3 9 78 24
4 5 0 70
7 8 81 17
8 9 24 66
9 10 3 91
10 11 44 39
(478, 531)

Arvore 121
0 1 65 38
0 6 6 67
1 7 73 20
2 3 65 48
3 4 39 51
3 9 78 24
5 11 25 79
7 8 81 17
8 9 24 66
9 10 3 91
10 11 44 39
(503, 540)

Arvore 122
0 1 65 38
0 6 6 67
1 7 73 20
2 3 65 48
3 9 78 24
4 5 0 70
5 11 25 79
7 8 81 17
8 9 24 66
9 10 3 91
10 11 44 39
(464, 559)

Arvore 123
0 1 65 38
0 6 6 67
1 7 73 20
2 3 65 48
3 4 39 51
4 5 0 70
4 10 44 55
7 8 81 17
8 9 24 66
9 10 3 91
10 11 44 39
(444, 562)

Arvore 124
0 1 65 38
0 6 6 67
1 7 73 20
2 3 65 48
3 9 78 24
4 5 0 70
4 10 44 55
7 8 81 17
8 9 24 66
9 10 3 91
10 11 44 39
(483, 535)

Arvore 125
0 1 65 38
0 6 6 67
1 7 73 20
2 3 65 48
3 4 39 51
4 5 0 70
5 11 25 79
7 8 81 17
8 9 24 66
9 10 3 91
10 11 44 39
(425, 586)

Arvore 126
0 1 65 38
0 6 6 67
1 7 73 20
2 3 65 48
3 4 39 51
4 10 44 55
5 11 25 79
7 8 81 17
8 9 24 66
9 10 3 91
10 11 44 39
(469, 571)

Arvore 127
0 1 65 38
0 6 6 67
1 7 73 20
2 3 65 48
3 9 78 24
4 10 44 55
5 11 25 79
7 8 81 17
8 9 24 66
9 10 3 91
10 11 44 39
(508, 544)

Arvore 128
0 1 65 38
0 6 6 67
2 3 65 48
2 8 97 25
3 4 39 51
3 9 78 24
4 5 0 70
4 10 44 55
5 11 25 79
6 7 38 65
7 8 81 17
(538, 539)

Arvore 129
0 1 65 38
0 6 6 67
2 3 65 48
2 8 97 25
3 4 39 51
3 9 78 24
4 5 0 70
4 10 44 55
6 7 38 65
7 8 81 17
10 11 44 39
(557, 499)

Arvore 130
0 1 65 38
0 6 6 67
2 3 65 48
2 8 97 25
3 4 39 51
3 9 78 24
4 5 0 70
5 11 25 79
6 7 38 65
7 8 81 17
9 10 3 91
(497, 575)

Arvore 131
0 1 65 38
0 6 6 67
2 3 65 48
2 8 97 25
3 4 39 51
3 9 78 24
4 5 0 70
5 11 25 79
6 7 38 65
7 8 81 17
10 11 44 39
(538, 523)

Arvore 132
0 1 65 38
0 6 6 67
2 3 65 48
2 8 97 25
3 4 39 51
3 9 78 24
4 5 0 70
6 7 38 65
7 8 81 17
9 10 3 91
10 11 44 39
(516, 535)

Arvore 133
0 1 65 38
0 6 6 67
2 3 65 48
2 8 97 25
3 4 39 51
4 5 0 70
4 10 44 55
5 11 25 79
6 7 38 65
7 8 81 17
8 9 24 66
(484, 581)

Arvore 134
0 1 65 38
0 6 6 67
2 3 65 48
2 8 97 25
3 4 39 51
4 5 0 70
4 10 44 55
6 7 38 65
7 8 81 17
8 9 24 66
10 11 44 39
(503, 541)

Arvore 135
0 1 65 38
0 6 6 67
2 3 65 48
2 8 97 25
3 4 39 51
4 5 0 70
4 10 44 55
5 11 25 79
6 7 38 65
7 8 81 17
9 10 3 91
(463, 606)

Arvore 136
0 1 65 38
0 6 6 67
2 3 65 48
2 8 97 25
3 4 39 51
4 5 0 70
4 10 44 55
6 7 38 65
7 8 81 17
9 10 3 91
10 11 44 39
(482, 566)

Arvore 137
0 1 65 38
0 6 6 67
2 3 65 48
2 8 97 25
3 4 39 51
4 5 0 70
5 11 25 79
6 7 38 65
7 8 81 17
8 9 24 66
9 10 3 91
(443, 617)

Arvore 138
0 1 65 38
0 6 6 67
2 3 65 48
2 8 97 25
3 4 39 51
4 5 0 70
5 11 25 79
6 7 38 65
7 8 81 17
8 9 24 66
10 11 44 39
(484, 565)

Arvore 139
0 1 65 38
0 6 6 67
2 3 65 48
2 8 97 25
3 4 39 51
4 5 0 70
6 7 38 65
7 8 81 17
8 9 24 66
9 10 3 91
10 11 44 39
(462, 577)

Arvore 140
0 1 65 38
0 6 6 67
2 3 65 48
2 8 97 25
3 4 39 51
3 9 78 24
5 11 25 79
6 7 38 65
7 8 81 17
9 10 3 91
10 11 44 39
(541, 544)

Arvore 141
0 1 65 38
0 6 6 67
2 3 65 48
2 8 97 25
3 9 78 24
4 5 0 70
5 11 25 79
6 7 38 65
7 8 81 17
9 10 3 91
10 11 44 39
(502, 563)

Arvore 142
0 1 65 38
0 6 6 67
2 3 65 48
2 8 97 25
3 4 39 51
5 11 25 79
6 7 38 65
7 8 81 17
8 9 24 66
9 10 3 91
10 11 44 39
(487, 586)

Arvore 143
0 1 65 38
0 6 6 67
2 3 65 48
2 8 97 25
4 5 0 70
5 11 25 79
6 7 38 65
7 8 81 17
8 9 24 66
9 10 3 91
10 11 44 39
(448, 605)

Arvore 144
0 1 65 38
0 6 6 67
2 8 97 25
3 4 39 51
3 9 78 24
4 5 0 70
4 10 44 55
5 11 25 79
6 7 38 65
7 8 81 17
8 9 24 66
(497, 557)

Arvore 145
0 1 65 38
0 6 6 67
2 8 97 25
3 4 39 51
3 9 78 24
4 5 0 70
4 10 44 55
6 7 38 65
7 8 81 17
8 9 24 66
10 11 44 39
(516, 517)

Arvore 146
0 1 65 38
0 6 6 67
2 8 97 25
3 4 39 51
3 9 78 24
4 5 0 70
5 11 25 79
6 7 38 65
7 8 81 17
8 9 24 66
9 10 3 91
(456, 593)

Arvore 147
0 1 65 38
0 6 6 67
2 8 97 25
3 4 39 51
3 9 78 24
4 5 0 70
5 11 25 79
6 7 38 65
7 8 81 17
8 9 24 66
10 11 44 39
(497, 541)

Arvore 148
0 1 65 38
0 6 6 67
2 8 97 25
3 4 39 51
3 9 78 24
4 5 0 70
6 7 38 65
7 8 81 17
8 9 24 66
9 10 3 91
10 11 44 39
(475, 553)

Arvore 149
0 1 65 38
0 6 6 67
2 8 97 25
3 4 39 51
3 9 78 24
5 11 25 79
6 7 38 65
7 8 81 17
8 9 24 66
9 10 3 91
10 11 44 39
(500, 562)

Arvore 150
0 1 65 38
0 6 6 67
2 8 97 25
3 9 78 24
4 5 0 70
5 11 25 79
6 7 38 65
7 8 81 17
8 9 24 66
9 10 3 91
10 11 44 39
(461, 581)

Arvore 151
0 1 65 38
0 6 6 67
2 3 65 48
2 8 97 25
4 5 0 70
4 10 44 55
6 7 38 65
7 8 81 17
8 9 24 66
9 10 3 91
10 11 44 39
(467, 581)

Arvore 152
0 1 65 38
0 6 6 67
2 8 97 25
3 4 39 51
4 5 0 70
4 10 44 55
6 7 38 65
7 8 81 17
8 9 24 66
9 10 3 91
10 11 44 39
(441, 584)

Arvore 153
0 1 65 38
0 6 6 67
2 8 97 25
3 9 78 24
4 5 0 70
4 10 44 55
6 7 38 65
7 8 81 17
8 9 24 66
9 10 3 91
10 11 44 39
(480, 557)

Arvore 154
0 1 65 38
0 6 6 67
2 8 97 25
3 4 39 51
4 5 0 70
5 11 25 79
6 7 38 65
7 8 81 17
8 9 24 66
9 10 3 91
10 11 44 39
(422, 608)

Arvore 155
0 1 65 38
0 6 6 67
2 3 65 48
2 8 97 25
4 10 44 55
5 11 25 79
6 7 38 65
7 8 81 17
8 9 24 66
9 10 3 91
10 11 44 39
(492, 590)

Arvore 156
0 1 65 38
0 6 6 67
2 8 97 25
3 4 39 51
4 10 44 55
5 11 25 79
6 7 38 65
7 8 81 17
8 9 24 66
9 10 3 91
10 11 44 39
(466, 593)

Arvore 157
0 1 65 38
0 6 6 67
2 8 97 25
3 9 78 24
4 10 44 55
5 11 25 79
6 7 38 65
7 8 81 17
8 9 24 66
9 10 3 91
10 11 44 39
(505, 566)

Arvore 158
0 1 65 38
0 6 6 67
2 3 65 48
3 4 39 51
3 9 78 24
4 5 0 70
4 10 44 55
5 11 25 79
6 7 38 65
7 8 81 17
8 9 24 66
(465, 580)

Arvore 159
0 1 65 38
0 6 6 67
2 3 65 48
3 4 39 51
3 9 78 24
4 5 0 70
4 10 44 55
6 7 38 65
7 8 81 17
8 9 24 66
10 11 44 39
(484, 540)

Arvore 160
0 1 65 38
0 6 6 67
2 3 65 48
3 4 39 51
3 9 78 24
4 5 0 70
5 11 25 79
6 7 38 65
7 8 81 17
8 9 24 66
9 10 3 91
(424, 616)

Arvore 161
0 1 65 38
0 6 6 67
2 3 65 48
3 4 39 51
3 9 78 24
4 5 0 70
5 11 25 79
6 7 38 65
7 8 81 17
8 9 24 66
10 11 44 39
(465, 564)

Arvore 162
0 1 65 38
0 6 6 67
2 3 65 48
3 4 39 51
3 9 78 24
4 5 0 70
6 7 38 65
7 8 81 17
8 9 24 66
9 10 3 91
10 11 44 39
(443, 576)

Arvore 163
0 1 65 38
0 6 6 67
2 3 65 48
3 4 39 51
3 9 78 24
5 11 25 79
6 7 38 65
7 8 81 17
8 9 24 66
9 10 3 91
10 11 44 39
(468, 585)

Arvore 164
0 1 65 38
0 6 6 67
2 3 65 48
3 9 78 24
4 5 0 70
5 11 25 79
6 7 38 65
7 8 81 17
8 9 24 66
9 10 3 91
10 11 44 39
(429, 604)

Arvore 165
0 1 65 38
0 6 6 67
2 3 65 48
3 4 39 51
4 5 0 70
4 10 44 55
6 7 38 65
7 8 81 17
8 9 24 66
9 10 3 91
10 11 44 39
(409, 607)

Arvore 166
0 1 65 38
0 6 6 67
2 3 65 48
3 9 78 24
4 5 0 70
4 10 44 55
6 7 38 65
7 8 81 17
8 9 24 66
9 10 3 91
10 11 44 39
(448, 580)

Arvore 167
0 1 65 38
0 6 6 67
2 3 65 48
3 4 39 51
4 5 0 70
5 11 25 79
6 7 38 65
7 8 81 17
8 9 24 66
9 10 3 91
10 11 44 39
(390, 631)

Arvore 168
0 1 65 38
0 6 6 67
2 3 65 48
3 4 39 51
4 10 44 55
5 11 25 79
6 7 38 65
7 8 81 17
8 9 24 66
9 10 3 91
10 11 44 39
(434, 616)

Arvore 169
0 1 65 38
0 6 6 67
2 3 65 48
3 9 78 24
4 10 44 55
5 11 25 79
6 7 38 65
7 8 81 17
8 9 24 66
9 10 3 91
10 11 44 39
(473, 589)

Arvore 170
0 1 65 38
1 2 11 81
1 7 73 20
2 3 65 48
3 4 39 51
3 9 78 24
4 5 0 70
4 10 44 55
5 11 25 79
6 7 38 65
7 8 81 17
(519, 548)

Arvore 171
0 1 65 38
1 2 11 81
1 7 73 20
2 3 65 48
3 4 39 51
3 9 78 24
4 5 0 70
4 10 44 55
6 7 38 65
7 8 81 17
10 11 44 39
(538, 508)

Arvore 172
0 1 65 38
1 2 11 81
1 7 73 20
2 3 65 48
3 4 39 51
3 9 78 24
4 5 0 70
4 10 44 55
5 11 25 79
6 7 38 65
8 9 24 66
(462, 597)

Arvore 173
0 1 65 38
1 2 11 81
1 7 73 20
2 3 65 48
3 4 39 51
3 9 78 24
4 5 0 70
4 10 44 55
6 7 38 65
8 9 24 66
10 11 44 39
(481, 557)

Arvore 174
0 1 65 38
1 2 11 81
1 7 73 20
2 3 65 48
3 4 39 51
3 9 78 24
4 5 0 70
5 11 25 79
6 7 38 65
7 8 81 17
9 10 3 91
(478, 584)

Arvore 175
0 1 65 38
1 2 11 81
1 7 73 20
2 3 65 48
3 4 39 51
3 9 78 24
4 5 0 70
5 11 25 79
6 7 38 65
7 8 81 17
10 11 44 39
(519, 532)

Arvore 176
0 1 65 38
1 2 11 81
1 7 73 20
2 3 65 48
3 4 39 51
3 9 78 24
4 5 0 70
6 7 38 65
7 8 81 17
9 10 3 91
10 11 44 39
(497, 544)

Arvore 177
0 1 65 38
1 2 11 81
1 7 73 20
2 3 65 48
3 4 39 51
3 9 78 24
4 5 0 70
5 11 25 79
6 7 38 65
8 9 24 66
9 10 3 91
(421, 633)

Arvore 178
0 1 65 38
1 2 11 81
1 7 73 20
2 3 65 48
3 4 39 51
3 9 78 24
4 5 0 70
5 11 25 79
6 7 38 65
8 9 24 66
10 11 44 39
(462, 581)

Arvore 179
0 1 65 38
1 2 11 81
1 7 73 20
2 3 65 48
3 4 39 51
3 9 78 24
4 5 0 70
6 7 38 65
8 9 24 66
9 10 3 91
10 11 44 39
(440, 593)

Arvore 180
0 1 65 38
1 2 11 81
1 7 73 20
2 3 65 48
3 4 39 51
4 5 0 70
4 10 44 55
5 11 25 79
6 7 38 65
7 8 81 17
8 9 24 66
(465, 590)

Arvore 181
0 1 65 38
1 2 11 81
1 7 73 20
2 3 65 48
3 4 39 51
4 5 0 70
4 10 44 55
5 11 25 79
6 7 38 65
7 8 81 17
9 10 3 91
(444, 615)

Arvore 182
0 1 65 38
1 2 11 81
1 7 73 20
2 3 65 48
3 4 39 51
4 5 0 70
4 10 44 55
5 11 25 79
6 7 38 65
8 9 24 66
9 10 3 91
(387, 664)

Arvore 183
0 1 65 38
1 2 11 81
1 7 73 20
2 3 65 48
3 4 39 51
4 5 0 70
4 10 44 55
6 7 38 65
7 8 81 17
8 9 24 66
10 11 44 39
(484, 550)

Arvore 184
0 1 65 38
1 2 11 81
1 7 73 20
2 3 65 48
3 4 39 51
4 5 0 70
4 10 44 55
6 7 38 65
7 8 81 17
9 10 3 91
10 11 44 39
(463, 575)

Arvore 185
0 1 65 38
1 2 11 81
1 7 73 20
2 3 65 48
3 4 39 51
4 5 0 70
4 10 44 55
6 7 38 65
8 9 24 66
9 10 3 91
10 11 44 39
(406, 624)

Arvore 186
0 1 65 38
1 2 11 81
1 7 73 20
2 3 65 48
3 4 39 51
4 5 0 70
5 11 25 79
6 7 38 65
7 8 81 17
8 9 24 66
9 10 3 91
(424, 626)

Arvore 187
0 1 65 38
1 2 11 81
1 7 73 20
2 3 65 48
3 4 39 51
4 5 0 70
5 11 25 79
6 7 38 65
7 8 81 17
8 9 24 66
10 11 44 39
(465, 574)

Arvore 188
0 1 65 38
1 2 11 81
1 7 73 20
2 3 65 48
3 4 39 51
4 5 0 70
5 11 25 79
6 7 38 65
7 8 81 17
9 10 3 91
10 11 44 39
(444, 599)

Arvore 189
0 1 65 38
1 2 11 81
1 7 73 20
2 3 65 48
3 4 39 51
4 5 0 70
5 11 25 79
6 7 38 65
8 9 24 66
9 10 3 91
10 11 44 39
(387, 648)

Arvore 190
0 1 65 38
1 2 11 81
1 7 73 20
2 3 65 48
3 4 39 51
4 5 0 70
6 7 38 65
7 8 81 17
8 9 24 66
9 10 3 91
10 11 44 39
(443, 586)

Arvore 191
0 1 65 38
1 2 11 81
1 7 73 20
2 3 65 48
3 4 39 51
3 9 78 24
5 11 25 79
6 7 38 65
7 8 81 17
9 10 3 91
10 11 44 39
(522, 553)

Arvore 192
0 1 65 38
1 2 11 81
1 7 73 20
2 3 65 48
3 9 78 24
4 5 0 70
5 11 25 79
6 7 38 65
7 8 81 17
9 10 3 91
10 11 44 39
(483, 572)

Arvore 193
0 1 65 38
1 2 11 81
1 7 73 20
2 3 65 48
3 4 39 51
3 9 78 24
5 11 25 79
6 7 38 65
8 9 24 66
9 10 3 91
10 11 44 39
(465, 602)

Arvore 194
0 1 65 38
1 2 11 81
1 7 73 20
2 3 65 48
3 9 78 24
4 5 0 70
5 11 25 79
6 7 38 65
8 9 24 66
9 10 3 91
10 11 44 39
(426, 621)

Arvore 195
0 1 65 38
1 2 11 81
1 7 73 20
2 3 65 48
3 4 39 51
5 11 25 79
6 7 38 65
7 8 81 17
8 9 24 66
9 10 3 91
10 11 44 39
(468, 595)

Arvore 196
0 1 65 38
1 2 11 81
1 7 73 20
2 3 65 48
4 5 0 70
5 11 25 79
6 7 38 65
7 8 81 17
8 9 24 66
9 10 3 91
10 11 44 39
(429, 614)

Arvore 197
0 1 65 38
1 2 11 81
1 7 73 20
3 4 39 51
3 9 78 24
4 5 0 70
4 10 44 55
5 11 25 79
6 7 38 65
7 8 81 17
8 9 24 66
(478, 566)

Arvore 198
0 1 65 38
1 2 11 81
1 7 73 20
3 4 39 51
3 9 78 24
4 5 0 70
4 10 44 55
6 7 38 65
7 8 81 17
8 9 24 66
10 11 44 39
(497, 526)

Arvore 199
0 1 65 38
1 2 11 81
1 7 73 20
3 4 39 51
3 9 78 24
4 5 0 70
5 11 25 79
6 7 38 65
7 8 81 17
8 9 24 66
9 10 3 91
(437, 602)

Arvore 200
0 1 65 38
1 2 11 81
1 7 73 20
3 4 39 51
3 9 78 24
4 5 0 70
5 11 25 79
6 7 38 65
7 8 81 17
8 9 24 66
10 11 44 39
(478, 550)

Arvore 201
0 1 65 38
1 2 11 81
1 7 73 20
3 4 39 51
3 9 78 24
4 5 0 70
6 7 38 65
7 8 81 17
8 9 24 66
9 10 3 91
10 11 44 39
(456, 562)

Arvore 202
0 1 65 38
1 2 11 81
1 7 73 20
3 4 39 51
3 9 78 24
5 11 25 79
6 7 38 65
7 8 81 17
8 9 24 66
9 10 3 91
10 11 44 39
(481, 571)

Arvore 203
0 1 65 38
1 2 11 81
1 7 73 20
3 9 78 24
4 5 0 70
5 11 25 79
6 7 38 65
7 8 81 17
8 9 24 66
9 10 3 91
10 11 44 39
(442, 590)

Arvore 204
0 1 65 38
1 2 11 81
1 7 73 20
2 3 65 48
4 5 0 70
4 10 44 55
6 7 38 65
7 8 81 17
8 9 24 66
9 10 3 91
10 11 44 39
(448, 590)

Arvore 205
0 1 65 38
1 2 11 81
1 7 73 20
3 4 39 51
4 5 0 70
4 10 44 55
6 7 38 65
7 8 81 17
8 9 24 66
9 10 3 91
10 11 44 39
(422, 593)

Arvore 206
0 1 65 38
1 2 11 81
1 7 73 20
3 9 78 24
4 5 0 70
4 10 44 55
6 7 38 65
7 8 81 17
8 9 24 66
9 10 3 91
10 11 44 39
(461, 566)

Arvore 207
0 1 65 38
1 2 11 81
1 7 73 20
3 4 39 51
4 5 0 70
5 11 25 79
6 7 38 65
7 8 81 17
8 9 24 66
9 10 3 91
10 11 44 39
(403, 617)

Arvore 208
0 1 65 38
1 2 11 81
1 7 73 20
2 3 65 48
4 10 44 55
5 11 25 79
6 7 38 65
7 8 81 17
8 9 24 66
9 10 3 91
10 11 44 39
(473, 599)

Arvore 209
0 1 65 38
1 2 11 81
1 7 73 20
3 4 39 51
4 10 44 55
5 11 25 79
6 7 38 65
7 8 81 17
8 9 24 66
9 10 3 91
10 11 44 39
(447, 602)

Arvore 210
0 1 65 38
1 2 11 81
1 7 73 20
3 9 78 24
4 10 44 55
5 11 25 79
6 7 38 65
7 8 81 17
8 9 24 66
9 10 3 91
10 11 44 39
(486, 575)

Arvore 211
0 1 65 38
1 7 73 20
2 3 65 48
2 8 97 25
3 4 39 51
3 9 78 24
4 5 0 70
4 10 44 55
5 11 25 79
6 7 38 65
7 8 81 17
(605, 492)

Arvore 212
0 1 65 38
1 7 73 20
2 3 65 48
2 8 97 25
3 4 39 51
3 9 78 24
4 5 0 70
4 10 44 55
6 7 38 65
7 8 81 17
10 11 44 39
(624, 452)

Arvore 213
0 1 65 38
1 7 73 20
2 3 65 48
2 8 97 25
3 4 39 51
3 9 78 24
4 5 0 70
5 11 25 79
6 7 38 65
7 8 81 17
9 10 3 91
(564, 528)

Arvore 214
0 1 65 38
1 7 73 20
2 3 65 48
2 8 97 25
3 4 39 51
3 9 78 24
4 5 0 70
5 11 25 79
6 7 38 65
7 8 81 17
10 11 44 39
(605, 476)

Arvore 215
0 1 65 38
1 7 73 20
2 3 65 48
2 8 97 25
3 4 39 51
3 9 78 24
4 5 0 70
6 7 38 65
7 8 81 17
9 10 3 91
10 11 44 39
(583, 488)

Arvore 216
0 1 65 38
1 7 73 20
2 3 65 48
2 8 97 25
3 4 39 51
4 5 0 70
4 10 44 55
5 11 25 79
6 7 38 65
7 8 81 17
8 9 24 66
(551, 534)

Arvore 217
0 1 65 38
1 7 73 20
2 3 65 48
2 8 97 25
3 4 39 51
4 5 0 70
4 10 44 55
6 7 38 65
7 8 81 17
8 9 24 66
10 11 44 39
(570, 494)

Arvore 218
0 1 65 38
1 7 73 20
2 3 65 48
2 8 97 25
3 4 39 51
4 5 0 70
4 10 44 55
5 11 25 79
6 7 38 65
7 8 81 17
9 10 3 91
(530, 559)

Arvore 219
0 1 65 38
1 7 73 20
2 3 65 48
2 8 97 25
3 4 39 51
4 5 0 70
4 10 44 55
6 7 38 65
7 8 81 17
9 10 3 91
10 11 44 39
(549, 519)

Arvore 220
0 1 65 38
1 7 73 20
2 3 65 48
2 8 97 25
3 4 39 51
4 5 0 70
5 11 25 79
6 7 38 65
7 8 81 17
8 9 24 66
9 10 3 91
(510, 570)

Arvore 221
0 1 65 38
1 7 73 20
2 3 65 48
2 8 97 25
3 4 39 51
4 5 0 70
5 11 25 79
6 7 38 65
7 8 81 17
8 9 24 66
10 11 44 39
(551, 518)

Arvore 222
0 1 65 38
1 7 73 20
2 3 65 48
2 8 97 25
3 4 39 51
4 5 0 70
6 7 38 65
7 8 81 17
8 9 24 66
9 10 3 91
10 11 44 39
(529, 530)

Arvore 223
0 1 65 38
1 7 73 20
2 3 65 48
2 8 97 25
3 4 39 51
3 9 78 24
5 11 25 79
6 7 38 65
7 8 81 17
9 10 3 91
10 11 44 39
(608, 497)

Arvore 224
0 1 65 38
1 7 73 20
2 3 65 48
2 8 97 25
3 9 78 24
4 5 0 70
5 11 25 79
6 7 38 65
7 8 81 17
9 10 3 91
10 11 44 39
(569, 516)

Arvore 225
0 1 65 38
1 7 73 20
2 3 65 48
2 8 97 25
3 4 39 51
5 11 25 79
6 7 38 65
7 8 81 17
8 9 24 66
9 10 3 91
10 11 44 39
(554, 539)

Arvore 226
0 1 65 38
1 7 73 20
2 3 65 48
2 8 97 25
4 5 0 70
5 11 25 79
6 7 38 65
7 8 81 17
8 9 24 66
9 10 3 91
10 11 44 39
(515, 558)

Arvore 227
0 1 65 38
1 7 73 20
2 8 97 25
3 4 39 51
3 9 78 24
4 5 0 70
4 10 44 55
5 11 25 79
6 7 38 65
7 8 81 17
8 9 24 66
(564, 510)

Arvore 228
0 1 65 38
1 7 73 20
2 8 97 25
3 4 39 51
3 9 78 24
4 5 0 70
4 10 44 55
6 7 38 65
7 8 81 17
8 9 24 66
10 11 44 39
(583, 470)

Arvore 229
0 1 65 38
1 7 73 20
2 8 97 25
3 4 39 51
3 9 78 24
4 5 0 70
5 11 25 79
6 7 38 65
7 8 81 17
8 9 24 66
9 10 3 91
(523, 546)

Arvore 230
0 1 65 38
1 7 73 20
2 8 97 25
3 4 39 51
3 9 78 24
4 5 0 70
5 11 25 79
6 7 38 65
7 8 81 17
8 9 24 66
10 11 44 39
(564, 494)

Arvore 231
0 1 65 38
1 7 73 20
2 8 97 25
3 4 39 51
3 9 78 24
4 5 0 70
6 7 38 65
7 8 81 17
8 9 24 66
9 10 3 91
10 11 44 39
(542, 506)

Arvore 232
0 1 65 38
1 7 73 20
2 8 97 25
3 4 39 51
3 9 78 24
5 11 25 79
6 7 38 65
7 8 81 17
8 9 24 66
9 10 3 91
10 11 44 39
(567, 515)

Arvore 233
0 1 65 38
1 7 73 20
2 8 97 25
3 9 78 24
4 5 0 70
5 11 25 79
6 7 38 65
7 8 81 17
8 9 24 66
9 10 3 91
10 11 44 39
(528, 534)

Arvore 234
0 1 65 38
1 7 73 20
2 3 65 48
2 8 97 25
4 5 0 70
4 10 44 55
6 7 38 65
7 8 81 17
8 9 24 66
9 10 3 91
10 11 44 39
(534, 534)

Arvore 235
0 1 65 38
1 7 73 20
2 8 97 25
3 4 39 51
4 5 0 70
4 10 44 55
6 7 38 65
7 8 81 17
8 9 24 66
9 10 3 91
10 11 44 39
(508, 537)

Arvore 236
0 1 65 38
1 7 73 20
2 8 97 25
3 9 78 24
4 5 0 70
4 10 44 55
6 7 38 65
7 8 81 17
8 9 24 66
9 10 3 91
10 11 44 39
(547, 510)

Arvore 237
0 1 65 38
1 7 73 20
2 8 97 25
3 4 39 51
4 5 0 70
5 11 25 79
6 7 38 65
7 8 81 17
8 9 24 66
9 10 3 91
10 11 44 39
(489, 561)

Arvore 238
0 1 65 38
1 7 73 20
2 3 65 48
2 8 97 25
4 10 44 55
5 11 25 79
6 7 38 65
7 8 81 17
8 9 24 66
9 10 3 91
10 11 44 39
(559, 543)

Arvore 239
0 1 65 38
1 7 73 20
2 8 97 25
3 4 39 51
4 10 44 55
5 11 25 79
6 7 38 65
7 8 81 17
8 9 24 66
9 10 3 91
10 11 44 39
(533, 546)

Arvore 240
0 1 65 38
1 7 73 20
2 8 97 25
3 9 78 24
4 10 44 55
5 11 25 79
6 7 38 65
7 8 81 17
8 9 24 66
9 10 3 91
10 11 44 39
(572, 519)

Arvore 241
0 1 65 38
1 7 73 20
2 3 65 48
3 4 39 51
3 9 78 24
4 5 0 70
4 10 44 55
5 11 25 79
6 7 38 65
7 8 81 17
8 9 24 66
(532, 533)

Arvore 242
0 1 65 38
1 7 73 20
2 3 65 48
3 4 39 51
3 9 78 24
4 5 0 70
4 10 44 55
6 7 38 65
7 8 81 17
8 9 24 66
10 11 44 39
(551, 493)

Arvore 243
0 1 65 38
1 7 73 20
2 3 65 48
3 4 39 51
3 9 78 24
4 5 0 70
5 11 25 79
6 7 38 65
7 8 81 17
8 9 24 66
9 10 3 91
(491, 569)

Arvore 244
0 1 65 38
1 7 73 20
2 3 65 48
3 4 39 51
3 9 78 24
4 5 0 70
5 11 25 79
6 7 38 65
7 8 81 17
8 9 24 66
10 11 44 39
(532, 517)

Arvore 245
0 1 65 38
1 7 73 20
2 3 65 48
3 4 39 51
3 9 78 24
4 5 0 70
6 7 38 65
7 8 81 17
8 9 24 66
9 10 3 91
10 11 44 39
(510, 529)

Arvore 246
0 1 65 38
1 7 73 20
2 3 65 48
3 4 39 51
3 9 78 24
5 11 25 79
6 7 38 65
7 8 81 17
8 9 24 66
9 10 3 91
10 11 44 39
(535, 538)

Arvore 247
0 1 65 38
1 7 73 20
2 3 65 48
3 9 78 24
4 5 0 70
5 11 25 79
6 7 38 65
7 8 81 17
8 9 24 66
9 10 3 91
10 11 44 39
(496, 557)

Arvore 248
0 1 65 38
1 7 73 20
2 3 65 48
3 4 39 51
4 5 0 70
4 10 44 55
6 7 38 65
7 8 81 17
8 9 24 66
9 10 3 91
10 11 44 39
(476, 560)

Arvore 249
0 1 65 38
1 7 73 20
2 3 65 48
3 9 78 24
4 5 0 70
4 10 44 55
6 7 38 65
7 8 81 17
8 9 24 66
9 10 3 91
10 11 44 39
(515, 533)

Arvore 250
0 1 65 38
1 7 73 20
2 3 65 48
3 4 39 51
4 5 0 70
5 11 25 79
6 7 38 65
7 8 81 17
8 9 24 66
9 10 3 91
10 11 44 39
(457, 584)

Arvore 251
0 1 65 38
1 7 73 20
2 3 65 48
3 4 39 51
4 10 44 55
5 11 25 79
6 7 38 65
7 8 81 17
8 9 24 66
9 10 3 91
10 11 44 39
(501, 569)

Arvore 252
0 1 65 38
1 7 73 20
2 3 65 48
3 9 78 24
4 10 44 55
5 11 25 79
6 7 38 65
7 8 81 17
8 9 24 66
9 10 3 91
10 11 44 39
(540, 542)

Arvore 253
0 1 65 38
1 7 73 20
2 3 65 48
3 4 39 51
3 9 78 24
4 5 0 70
6 7 38 65
7 8 81 17
8 9 24 66
9 10 3 91
10 11 44 39
(510, 529)

Arvore 254
0 6 6 67
1 2 11 81
1 7 73 20
2 3 65 48
3 4 39 51
3 9 78 24
4 5 0 70
4 10 44 55
5 11 25 79
6 7 38 65
7 8 81 17
(460, 577)

Arvore 255
0 6 6 67
1 2 11 81
1 7 73 20
2 3 65 48
3 4 39 51
3 9 78 24
4 5 0 70
4 10 44 55
6 7 38 65
7 8 81 17
10 11 44 39
(479, 537)

Arvore 256
0 6 6 67
1 2 11 81
1 7 73 20
2 3 65 48
3 4 39 51
3 9 78 24
4 5 0 70
4 10 44 55
5 11 25 79
6 7 38 65
8 9 24 66
(403, 626)

Arvore 257
0 6 6 67
1 2 11 81
1 7 73 20
2 3 65 48
3 4 39 51
3 9 78 24
4 5 0 70
4 10 44 55
6 7 38 65
8 9 24 66
10 11 44 39
(422, 586)

Arvore 258
0 6 6 67
1 2 11 81
1 7 73 20
2 3 65 48
3 4 39 51
3 9 78 24
4 5 0 70
5 11 25 79
6 7 38 65
7 8 81 17
9 10 3 91
(419, 613)

Arvore 259
0 6 6 67
1 2 11 81
1 7 73 20
2 3 65 48
3 4 39 51
3 9 78 24
4 5 0 70
5 11 25 79
6 7 38 65
7 8 81 17
10 11 44 39
(460, 561)

Arvore 260
0 6 6 67
1 2 11 81
1 7 73 20
2 3 65 48
3 4 39 51
3 9 78 24
4 5 0 70
6 7 38 65
7 8 81 17
9 10 3 91
10 11 44 39
(438, 573)

Arvore 261
0 6 6 67
1 2 11 81
1 7 73 20
2 3 65 48
3 4 39 51
3 9 78 24
4 5 0 70
5 11 25 79
6 7 38 65
8 9 24 66
9 10 3 91
(362, 662)

Arvore 262
0 6 6 67
1 2 11 81
1 7 73 20
2 3 65 48
3 4 39 51
3 9 78 24
4 5 0 70
5 11 25 79
6 7 38 65
8 9 24 66
10 11 44 39
(403, 610)

Arvore 263
0 6 6 67
1 2 11 81
1 7 73 20
2 3 65 48
3 4 39 51
3 9 78 24
4 5 0 70
6 7 38 65
8 9 24 66
9 10 3 91
10 11 44 39
(381, 622)

Arvore 264
0 6 6 67
1 2 11 81
1 7 73 20
2 3 65 48
3 4 39 51
4 5 0 70
4 10 44 55
5 11 25 79
6 7 38 65
7 8 81 17
8 9 24 66
(406, 619)

Arvore 265
0 6 6 67
1 2 11 81
1 7 73 20
2 3 65 48
3 4 39 51
4 5 0 70
4 10 44 55
5 11 25 79
6 7 38 65
7 8 81 17
9 10 3 91
(385, 644)

Arvore 266
0 6 6 67
1 2 11 81
1 7 73 20
2 3 65 48
3 4 39 51
4 5 0 70
4 10 44 55
5 11 25 79
6 7 38 65
8 9 24 66
9 10 3 91
(328, 693)

Arvore 267
0 6 6 67
1 2 11 81
1 7 73 20
2 3 65 48
3 4 39 51
4 5 0 70
4 10 44 55
6 7 38 65
7 8 81 17
8 9 24 66
10 11 44 39
(425, 579)

Arvore 268
0 6 6 67
1 2 11 81
1 7 73 20
2 3 65 48
3 4 39 51
4 5 0 70
4 10 44 55
6 7 38 65
7 8 81 17
9 10 3 91
10 11 44 39
(404, 604)

Arvore 269
0 6 6 67
1 2 11 81
1 7 73 20
2 3 65 48
3 4 39 51
4 5 0 70
4 10 44 55
6 7 38 65
8 9 24 66
9 10 3 91
10 11 44 39
(347, 653)

Arvore 270
0 6 6 67
1 2 11 81
1 7 73 20
2 3 65 48
3 4 39 51
4 5 0 70
5 11 25 79
6 7 38 65
7 8 81 17
8 9 24 66
9 10 3 91
(365, 655)

Arvore 271
0 6 6 67
1 2 11 81
1 7 73 20
2 3 65 48
3 4 39 51
4 5 0 70
5 11 25 79
6 7 38 65
7 8 81 17
8 9 24 66
10 11 44 39
(406, 603)

Arvore 272
0 6 6 67
1 2 11 81
1 7 73 20
2 3 65 48
3 4 39 51
4 5 0 70
5 11 25 79
6 7 38 65
7 8 81 17
9 10 3 91
10 11 44 39
(385, 628)

Arvore 273
0 6 6 67
1 2 11 81
1 7 73 20
2 3 65 48
3 4 39 51
4 5 0 70
5 11 25 79
6 7 38 65
8 9 24 66
9 10 3 91
10 11 44 39
(328, 677)

Arvore 274
0 6 6 67
1 2 11 81
1 7 73 20
2 3 65 48
3 4 39 51
4 5 0 70
6 7 38 65
7 8 81 17
8 9 24 66
9 10 3 91
10 11 44 39
(384, 615)

Arvore 275
0 6 6 67
1 2 11 81
1 7 73 20
2 3 65 48
3 4 39 51
3 9 78 24
5 11 25 79
6 7 38 65
7 8 81 17
9 10 3 91
10 11 44 39
(463, 582)

Arvore 276
0 6 6 67
1 2 11 81
1 7 73 20
2 3 65 48
3 9 78 24
4 5 0 70
5 11 25 79
6 7 38 65
7 8 81 17
9 10 3 91
10 11 44 39
(424, 601)

Arvore 277
0 6 6 67
1 2 11 81
1 7 73 20
2 3 65 48
3 4 39 51
3 9 78 24
5 11 25 79
6 7 38 65
8 9 24 66
9 10 3 91
10 11 44 39
(406, 631)

Arvore 278
0 6 6 67
1 2 11 81
1 7 73 20
2 3 65 48
3 9 78 24
4 5 0 70
5 11 25 79
6 7 38 65
8 9 24 66
9 10 3 91
10 11 44 39
(367, 650)

Arvore 279
0 6 6 67
1 2 11 81
1 7 73 20
2 3 65 48
3 4 39 51
5 11 25 79
6 7 38 65
7 8 81 17
8 9 24 66
9 10 3 91
10 11 44 39
(409, 624)

Arvore 280
0 6 6 67
1 2 11 81
1 7 73 20
2 3 65 48
4 5 0 70
5 11 25 79
6 7 38 65
7 8 81 17
8 9 24 66
9 10 3 91
10 11 44 39
(370, 643)

Arvore 281
0 6 6 67
1 2 11 81
1 7 73 20
3 4 39 51
3 9 78 24
4 5 0 70
4 10 44 55
5 11 25 79
6 7 38 65
7 8 81 17
8 9 24 66
(419, 595)

Arvore 282
0 6 6 67
1 2 11 81
1 7 73 20
3 4 39 51
3 9 78 24
4 5 0 70
4 10 44 55
6 7 38 65
7 8 81 17
8 9 24 66
10 11 44 39
(438, 555)

Arvore 283
0 6 6 67
1 2 11 81
1 7 73 20
3 4 39 51
3 9 78 24
4 5 0 70
5 11 25 79
6 7 38 65
7 8 81 17
8 9 24 66
9 10 3 91
(378, 631)

Arvore 284
0 6 6 67
1 2 11 81
1 7 73 20
3 4 39 51
3 9 78 24
4 5 0 70
5 11 25 79
6 7 38 65
7 8 81 17
8 9 24 66
10 11 44 39
(419, 579)

Arvore 285
0 6 6 67
1 2 11 81
1 7 73 20
3 4 39 51
3 9 78 24
4 5 0 70
6 7 38 65
7 8 81 17
8 9 24 66
9 10 3 91
10 11 44 39
(397, 591)

Arvore 286
0 6 6 67
1 2 11 81
1 7 73 20
3 4 39 51
3 9 78 24
5 11 25 79
6 7 38 65
7 8 81 17
8 9 24 66
9 10 3 91
10 11 44 39
(422, 600)

Arvore 287
0 6 6 67
1 2 11 81
1 7 73 20
3 9 78 24
4 5 0 70
5 11 25 79
6 7 38 65
7 8 81 17
8 9 24 66
9 10 3 91
10 11 44 39
(383, 619)

Arvore 288
0 6 6 67
1 2 11 81
1 7 73 20
2 3 65 48
4 5 0 70
4 10 44 55
6 7 38 65
7 8 81 17
8 9 24 66
9 10 3 91
10 11 44 39
(389, 619)

Arvore 289
0 6 6 67
1 2 11 81
1 7 73 20
3 4 39 51
4 5 0 70
4 10 44 55
6 7 38 65
7 8 81 17
8 9 24 66
9 10 3 91
10 11 44 39
(363, 622)

Arvore 290
0 6 6 67
1 2 11 81
1 7 73 20
3 9 78 24
4 5 0 70
4 10 44 55
6 7 38 65
7 8 81 17
8 9 24 66
9 10 3 91
10 11 44 39
(402, 595)

Arvore 291
0 6 6 67
1 2 11 81
1 7 73 20
3 4 39 51
4 5 0 70
5 11 25 79
6 7 38 65
7 8 81 17
8 9 24 66
9 10 3 91
10 11 44 39
(344, 646)

Arvore 292
0 6 6 67
1 2 11 81
1 7 73 20
2 3 65 48
4 10 44 55
5 11 25 79
6 7 38 65
7 8 81 17
8 9 24 66
9 10 3 91
10 11 44 39
(414, 628)

Arvore 293
0 6 6 67
1 2 11 81
1 7 73 20
3 4 39 51
4 10 44 55
5 11 25 79
6 7 38 65
7 8 81 17
8 9 24 66
9 10 3 91
10 11 44 39
(388, 631)

Arvore 294
0 6 6 67
1 2 11 81
1 7 73 20
3 9 78 24
4 10 44 55
5 11 25 79
6 7 38 65
7 8 81 17
8 9 24 66
9 10 3 91
10 11 44 39
(427, 604)

Arvore 295
0 6 6 67
1 7 73 20
2 3 65 48
2 8 97 25
3 4 39 51
3 9 78 24
4 5 0 70
4 10 44 55
5 11 25 79
6 7 38 65
7 8 81 17
(546, 521)

Arvore 296
0 6 6 67
1 7 73 20
2 3 65 48
2 8 97 25
3 4 39 51
3 9 78 24
4 5 0 70
4 10 44 55
6 7 38 65
7 8 81 17
10 11 44 39
(565, 481)

Arvore 297
0 6 6 67
1 7 73 20
2 3 65 48
2 8 97 25
3 4 39 51
3 9 78 24
4 5 0 70
5 11 25 79
6 7 38 65
7 8 81 17
9 10 3 91
(505, 557)

Arvore 298
0 6 6 67
1 7 73 20
2 3 65 48
2 8 97 25
3 4 39 51
3 9 78 24
4 5 0 70
5 11 25 79
6 7 38 65
7 8 81 17
10 11 44 39
(546, 505)

Arvore 299
0 6 6 67
1 7 73 20
2 3 65 48
2 8 97 25
3 4 39 51
3 9 78 24
4 5 0 70
6 7 38 65
7 8 81 17
9 10 3 91
10 11 44 39
(524, 517)

Arvore 300
0 6 6 67
1 7 73 20
2 3 65 48
2 8 97 25
3 4 39 51
4 5 0 70
4 10 44 55
5 11 25 79
6 7 38 65
7 8 81 17
8 9 24 66
(492, 563)

Arvore 301
0 6 6 67
1 7 73 20
2 3 65 48
2 8 97 25
3 4 39 51
4 5 0 70
4 10 44 55
6 7 38 65
7 8 81 17
8 9 24 66
10 11 44 39
(511, 523)

Arvore 302
0 6 6 67
1 7 73 20
2 3 65 48
2 8 97 25
3 4 39 51
4 5 0 70
4 10 44 55
5 11 25 79
6 7 38 65
7 8 81 17
9 10 3 91
(471, 588)

Arvore 303
0 6 6 67
1 7 73 20
2 3 65 48
2 8 97 25
3 4 39 51
4 5 0 70
4 10 44 55
6 7 38 65
7 8 81 17
9 10 3 91
10 11 44 39
(490, 548)

Arvore 304
0 6 6 67
1 7 73 20
2 3 65 48
2 8 97 25
3 4 39 51
4 5 0 70
5 11 25 79
6 7 38 65
7 8 81 17
8 9 24 66
9 10 3 91
(451, 599)

Arvore 305
0 6 6 67
1 7 73 20
2 3 65 48
2 8 97 25
3 4 39 51
4 5 0 70
5 11 25 79
6 7 38 65
7 8 81 17
8 9 24 66
10 11 44 39
(492, 547)

Arvore 306
0 6 6 67
1 7 73 20
2 3 65 48
2 8 97 25
3 4 39 51
4 5 0 70
6 7 38 65
7 8 81 17
8 9 24 66
9 10 3 91
10 11 44 39
(470, 559)

Arvore 307
0 6 6 67
1 7 73 20
2 3 65 48
2 8 97 25
3 4 39 51
3 9 78 24
5 11 25 79
6 7 38 65
7 8 81 17
9 10 3 91
10 11 44 39
(549, 526)

Arvore 308
0 6 6 67
1 7 73 20
2 3 65 48
2 8 97 25
3 9 78 24
4 5 0 70
5 11 25 79
6 7 38 65
7 8 81 17
9 10 3 91
10 11 44 39
(510, 545)

Arvore 309
0 6 6 67
1 7 73 20
2 3 65 48
2 8 97 25
3 4 39 51
5 11 25 79
6 7 38 65
7 8 81 17
8 9 24 66
9 10 3 91
10 11 44 39
(495, 568)

Arvore 310
0 6 6 67
1 7 73 20
2 3 65 48
2 8 97 25
4 5 0 70
5 11 25 79
6 7 38 65
7 8 81 17
8 9 24 66
9 10 3 91
10 11 44 39
(456, 587)

Arvore 311
0 6 6 67
1 7 73 20
2 8 97 25
3 4 39 51
3 9 78 24
4 5 0 70
4 10 44 55
5 11 25 79
6 7 38 65
7 8 81 17
8 9 24 66
(505, 539)

Arvore 312
0 6 6 67
1 7 73 20
2 8 97 25
3 4 39 51
3 9 78 24
4 5 0 70
4 10 44 55
6 7 38 65
7 8 81 17
8 9 24 66
10 11 44 39
(524, 499)

Arvore 313
0 6 6 67
1 7 73 20
2 8 97 25
3 4 39 51
3 9 78 24
4 5 0 70
5 11 25 79
6 7 38 65
7 8 81 17
8 9 24 66
9 10 3 91
(464, 575)

Arvore 314
0 6 6 67
1 7 73 20
2 8 97 25
3 4 39 51
3 9 78 24
4 5 0 70
5 11 25 79
6 7 38 65
7 8 81 17
8 9 24 66
10 11 44 39
(505, 523)

Arvore 315
0 6 6 67
1 7 73 20
2 8 97 25
3 4 39 51
3 9 78 24
4 5 0 70
6 7 38 65
7 8 81 17
8 9 24 66
9 10 3 91
10 11 44 39
(483, 535)

Arvore 316
0 6 6 67
1 7 73 20
2 8 97 25
3 4 39 51
3 9 78 24
5 11 25 79
6 7 38 65
7 8 81 17
8 9 24 66
9 10 3 91
10 11 44 39
(508, 544)

Arvore 317
0 6 6 67
1 7 73 20
2 8 97 25
3 9 78 24
4 5 0 70
5 11 25 79
6 7 38 65
7 8 81 17
8 9 24 66
9 10 3 91
10 11 44 39
(469, 563)

Arvore 318
0 6 6 67
1 7 73 20
2 3 65 48
2 8 97 25
4 5 0 70
4 10 44 55
6 7 38 65
7 8 81 17
8 9 24 66
9 10 3 91
10 11 44 39
(475, 563)

Arvore 319
0 6 6 67
1 7 73 20
2 8 97 25
3 4 39 51
4 5 0 70
4 10 44 55
6 7 38 65
7 8 81 17
8 9 24 66
9 10 3 91
10 11 44 39
(449, 566)

Arvore 320
0 6 6 67
1 7 73 20
2 8 97 25
3 9 78 24
4 5 0 70
4 10 44 55
6 7 38 65
7 8 81 17
8 9 24 66
9 10 3 91
10 11 44 39
(488, 539)

Arvore 321
0 6 6 67
1 7 73 20
2 8 97 25
3 4 39 51
4 5 0 70
5 11 25 79
6 7 38 65
7 8 81 17
8 9 24 66
9 10 3 91
10 11 44 39
(430, 590)

Arvore 322
0 6 6 67
1 7 73 20
2 3 65 48
2 8 97 25
4 10 44 55
5 11 25 79
6 7 38 65
7 8 81 17
8 9 24 66
9 10 3 91
10 11 44 39
(500, 572)

Arvore 323
0 6 6 67
1 7 73 20
2 8 97 25
3 4 39 51
4 10 44 55
5 11 25 79
6 7 38 65
7 8 81 17
8 9 24 66
9 10 3 91
10 11 44 39
(474, 575)

Arvore 324
0 6 6 67
1 7 73 20
2 8 97 25
3 9 78 24
4 10 44 55
5 11 25 79
6 7 38 65
7 8 81 17
8 9 24 66
9 10 3 91
10 11 44 39
(513, 548)

Arvore 325
0 6 6 67
1 7 73 20
2 3 65 48
3 4 39 51
3 9 78 24
4 5 0 70
4 10 44 55
5 11 25 79
6 7 38 65
7 8 81 17
8 9 24 66
(473, 562)

Arvore 326
0 6 6 67
1 7 73 20
2 3 65 48
3 4 39 51
3 9 78 24
4 5 0 70
4 10 44 55
6 7 38 65
7 8 81 17
8 9 24 66
10 11 44 39
(492, 522)

Arvore 327
0 6 6 67
1 7 73 20
2 3 65 48
3 4 39 51
3 9 78 24
4 5 0 70
5 11 25 79
6 7 38 65
7 8 81 17
8 9 24 66
9 10 3 91
(432, 598)

Arvore 328
0 6 6 67
1 7 73 20
2 3 65 48
3 4 39 51
3 9 78 24
4 5 0 70
5 11 25 79
6 7 38 65
7 8 81 17
8 9 24 66
10 11 44 39
(473, 546)

Arvore 329
0 6 6 67
1 7 73 20
2 3 65 48
3 4 39 51
3 9 78 24
4 5 0 70
6 7 38 65
7 8 81 17
8 9 24 66
9 10 3 91
10 11 44 39
(451, 558)

Arvore 330
0 6 6 67
1 7 73 20
2 3 65 48
3 4 39 51
3 9 78 24
5 11 25 79
6 7 38 65
7 8 81 17
8 9 24 66
9 10 3 91
10 11 44 39
(476, 567)

Arvore 331
0 6 6 67
1 7 73 20
2 3 65 48
3 9 78 24
4 5 0 70
5 11 25 79
6 7 38 65
7 8 81 17
8 9 24 66
9 10 3 91
10 11 44 39
(437, 586)

Arvore 332
0 6 6 67
1 7 73 20
2 3 65 48
3 4 39 51
4 5 0 70
4 10 44 55
6 7 38 65
7 8 81 17
8 9 24 66
9 10 3 91
10 11 44 39
(417, 589)

Arvore 333
0 6 6 67
1 7 73 20
2 3 65 48
3 9 78 24
4 5 0 70
4 10 44 55
6 7 38 65
7 8 81 17
8 9 24 66
9 10 3 91
10 11 44 39
(456, 562)

Arvore 334
0 6 6 67
1 7 73 20
2 3 65 48
3 4 39 51
4 5 0 70
5 11 25 79
6 7 38 65
7 8 81 17
8 9 24 66
9 10 3 91
10 11 44 39
(398, 613)

Arvore 335
0 6 6 67
1 7 73 20
2 3 65 48
3 4 39 51
4 10 44 55
5 11 25 79
6 7 38 65
7 8 81 17
8 9 24 66
9 10 3 91
10 11 44 39
(442, 598)

Arvore 336
0 6 6 67
1 7 73 20
2 3 65 48
3 9 78 24
4 10 44 55
5 11 25 79
6 7 38 65
7 8 81 17
8 9 24 66
9 10 3 91
10 11 44 39
(481, 571)

