9
0.09
Arvore 1
0 2 52 30
0 4 83 17
0 6 26 91
1 2 45 27
1 3 78 8
1 5 21 70
(305, 243)

Arvore 2
0 2 52 30
0 4 83 17
1 2 45 27
1 3 78 8
1 5 21 70
1 6 95 8
(374, 160)

Arvore 3
0 2 52 30
0 4 83 17
1 2 45 27
1 3 78 8
1 5 21 70
2 6 45 62
(324, 214)

Arvore 4
0 2 52 30
0 4 83 17
1 2 45 27
1 3 78 8
1 5 21 70
4 6 46 16
(325, 168)

Arvore 5
0 2 52 30
0 4 83 17
1 2 45 27
1 3 78 8
1 6 95 8
3 5 74 28
(427, 118)

Arvore 6
0 2 52 30
0 4 83 17
1 2 45 27
1 3 78 8
1 6 95 8
4 5 28 37
(381, 127)

Arvore 7
0 2 52 30
0 4 83 17
0 6 26 91
1 2 45 27
1 3 78 8
4 5 28 37
(312, 210)

Arvore 8
0 2 52 30
0 4 83 17
1 2 45 27
1 3 78 8
2 6 45 62
4 5 28 37
(331, 181)

Arvore 9
0 2 52 30
0 4 83 17
1 2 45 27
1 3 78 8
4 5 28 37
4 6 46 16
(332, 135)

Arvore 10
0 2 52 30
0 4 83 17
1 2 45 27
1 3 78 8
3 5 74 28
4 6 46 16
(378, 126)

Arvore 11
0 2 52 30
0 4 83 17
0 6 26 91
1 2 45 27
1 5 21 70
2 3 50 40
(277, 275)

Arvore 12
0 2 52 30
0 4 83 17
0 6 26 91
1 2 45 27
1 5 21 70
3 4 63 14
(290, 249)

Arvore 13
0 2 52 30
0 4 83 17
1 2 45 27
1 5 21 70
2 3 50 40
2 6 45 62
(296, 246)

Arvore 14
0 2 52 30
0 4 83 17
1 2 45 27
1 5 21 70
2 6 45 62
3 4 63 14
(309, 220)

Arvore 15
0 2 52 30
0 4 83 17
1 2 45 27
1 5 21 70
1 6 95 8
3 4 63 14
(359, 166)

Arvore 16
0 2 52 30
0 4 83 17
1 2 45 27
1 5 21 70
3 4 63 14
4 6 46 16
(310, 174)

Arvore 17
0 2 52 30
0 4 83 17
1 2 45 27
1 5 21 70
2 3 50 40
4 6 46 16
(297, 200)

Arvore 18
0 2 52 30
0 4 83 17
1 2 45 27
1 6 95 8
3 4 63 14
3 5 74 28
(412, 124)

Arvore 19
0 2 52 30
0 4 83 17
1 2 45 27
1 6 95 8
3 4 63 14
4 5 28 37
(366, 133)

Arvore 20
0 2 52 30
0 4 83 17
0 6 26 91
1 2 45 27
3 4 63 14
4 5 28 37
(297, 216)

Arvore 21
0 2 52 30
0 4 83 17
1 2 45 27
2 6 45 62
3 4 63 14
4 5 28 37
(316, 187)

Arvore 22
0 2 52 30
0 4 83 17
1 2 45 27
3 4 63 14
4 5 28 37
4 6 46 16
(317, 141)

Arvore 23
0 2 52 30
0 4 83 17
1 2 45 27
3 4 63 14
3 5 74 28
4 6 46 16
(363, 132)

Arvore 24
0 2 52 30
0 4 83 17
0 6 26 91
1 2 45 27
2 3 50 40
4 5 28 37
(284, 242)

Arvore 25
0 2 52 30
0 4 83 17
1 2 45 27
2 3 50 40
2 6 45 62
4 5 28 37
(303, 213)

Arvore 26
0 2 52 30
0 4 83 17
1 2 45 27
2 3 50 40
4 5 28 37
4 6 46 16
(304, 167)

Arvore 27
0 2 52 30
0 4 83 17
0 6 26 91
1 3 78 8
1 4 26 45
1 5 21 70
(286, 261)

Arvore 28
0 2 52 30
0 4 83 17
1 3 78 8
1 4 26 45
1 5 21 70
1 6 95 8
(355, 178)

Arvore 29
0 2 52 30
0 4 83 17
1 3 78 8
1 4 26 45
1 5 21 70
2 6 45 62
(305, 232)

Arvore 30
0 2 52 30
0 4 83 17
1 3 78 8
1 4 26 45
1 5 21 70
4 6 46 16
(306, 186)

Arvore 31
0 2 52 30
0 4 83 17
1 3 78 8
1 4 26 45
1 6 95 8
3 5 74 28
(408, 136)

Arvore 32
0 2 52 30
0 4 83 17
1 3 78 8
1 4 26 45
1 6 95 8
4 5 28 37
(362, 145)

Arvore 33
0 2 52 30
0 4 83 17
0 6 26 91
1 3 78 8
1 4 26 45
4 5 28 37
(293, 228)

Arvore 34
0 2 52 30
0 4 83 17
1 3 78 8
1 4 26 45
2 6 45 62
4 5 28 37
(312, 199)

Arvore 35
0 2 52 30
0 4 83 17
1 3 78 8
1 4 26 45
4 5 28 37
4 6 46 16
(313, 153)

Arvore 36
0 2 52 30
0 4 83 17
1 3 78 8
1 4 26 45
3 5 74 28
4 6 46 16
(359, 144)

Arvore 37
0 2 52 30
0 4 83 17
0 6 26 91
1 4 26 45
1 5 21 70
2 3 50 40
(258, 293)

Arvore 38
0 2 52 30
0 4 83 17
0 6 26 91
1 4 26 45
1 5 21 70
3 4 63 14
(271, 267)

Arvore 39
0 2 52 30
0 4 83 17
1 4 26 45
1 5 21 70
2 3 50 40
2 6 45 62
(277, 264)

Arvore 40
0 2 52 30
0 4 83 17
1 4 26 45
1 5 21 70
2 6 45 62
3 4 63 14
(290, 238)

Arvore 41
0 2 52 30
0 4 83 17
1 4 26 45
1 5 21 70
1 6 95 8
3 4 63 14
(340, 184)

Arvore 42
0 2 52 30
0 4 83 17
1 4 26 45
1 5 21 70
3 4 63 14
4 6 46 16
(291, 192)

Arvore 43
0 2 52 30
0 4 83 17
1 4 26 45
1 5 21 70
2 3 50 40
4 6 46 16
(278, 218)

Arvore 44
0 2 52 30
0 4 83 17
1 4 26 45
1 6 95 8
3 4 63 14
3 5 74 28
(393, 142)

Arvore 45
0 2 52 30
0 4 83 17
1 4 26 45
1 6 95 8
3 4 63 14
4 5 28 37
(347, 151)

Arvore 46
0 2 52 30
0 4 83 17
0 6 26 91
1 4 26 45
3 4 63 14
4 5 28 37
(278, 234)

Arvore 47
0 2 52 30
0 4 83 17
1 4 26 45
2 6 45 62
3 4 63 14
4 5 28 37
(297, 205)

Arvore 48
0 2 52 30
0 4 83 17
1 4 26 45
3 4 63 14
4 5 28 37
4 6 46 16
(298, 159)

Arvore 49
0 2 52 30
0 4 83 17
1 4 26 45
3 4 63 14
3 5 74 28
4 6 46 16
(344, 150)

Arvore 50
0 2 52 30
0 4 83 17
0 6 26 91
1 4 26 45
2 3 50 40
4 5 28 37
(265, 260)

Arvore 51
0 2 52 30
0 4 83 17
1 4 26 45
2 3 50 40
2 6 45 62
4 5 28 37
(284, 231)

Arvore 52
0 2 52 30
0 4 83 17
1 4 26 45
2 3 50 40
4 5 28 37
4 6 46 16
(285, 185)

Arvore 53
0 2 52 30
0 4 83 17
0 6 26 91
1 3 78 8
1 5 21 70
3 4 63 14
(323, 230)

Arvore 54
0 2 52 30
0 4 83 17
1 3 78 8
1 5 21 70
1 6 95 8
3 4 63 14
(392, 147)

Arvore 55
0 2 52 30
0 4 83 17
1 3 78 8
1 5 21 70
2 6 45 62
3 4 63 14
(342, 201)

Arvore 56
0 2 52 30
0 4 83 17
1 3 78 8
1 5 21 70
3 4 63 14
4 6 46 16
(343, 155)

Arvore 57
0 2 52 30
0 4 83 17
1 3 78 8
1 6 95 8
3 4 63 14
3 5 74 28
(445, 105)

Arvore 58
0 2 52 30
0 4 83 17
1 3 78 8
1 6 95 8
3 4 63 14
4 5 28 37
(399, 114)

Arvore 59
0 2 52 30
0 4 83 17
0 6 26 91
1 3 78 8
3 4 63 14
4 5 28 37
(330, 197)

Arvore 60
0 2 52 30
0 4 83 17
1 3 78 8
2 6 45 62
3 4 63 14
4 5 28 37
(349, 168)

Arvore 61
0 2 52 30
0 4 83 17
1 3 78 8
3 4 63 14
4 5 28 37
4 6 46 16
(350, 122)

Arvore 62
0 2 52 30
0 4 83 17
1 3 78 8
3 4 63 14
3 5 74 28
4 6 46 16
(396, 113)

Arvore 63
0 2 52 30
0 4 83 17
0 6 26 91
1 5 21 70
3 4 63 14
4 5 28 37
(273, 259)

Arvore 64
0 2 52 30
0 4 83 17
1 5 21 70
1 6 95 8
3 4 63 14
4 5 28 37
(342, 176)

Arvore 65
0 2 52 30
0 4 83 17
1 5 21 70
2 6 45 62
3 4 63 14
4 5 28 37
(292, 230)

Arvore 66
0 2 52 30
0 4 83 17
1 5 21 70
3 4 63 14
4 5 28 37
4 6 46 16
(293, 184)

Arvore 67
0 2 52 30
0 4 83 17
0 6 26 91
1 3 78 8
1 5 21 70
4 5 28 37
(288, 253)

Arvore 68
0 2 52 30
0 4 83 17
0 6 26 91
1 5 21 70
2 3 50 40
4 5 28 37
(260, 285)

Arvore 69
0 2 52 30
0 4 83 17
1 3 78 8
1 5 21 70
1 6 95 8
4 5 28 37
(357, 170)

Arvore 70
0 2 52 30
0 4 83 17
1 3 78 8
1 5 21 70
2 6 45 62
4 5 28 37
(307, 224)

Arvore 71
0 2 52 30
0 4 83 17
1 3 78 8
1 5 21 70
4 5 28 37
4 6 46 16
(308, 178)

Arvore 72
0 2 52 30
0 4 83 17
1 5 21 70
2 3 50 40
2 6 45 62
4 5 28 37
(279, 256)

Arvore 73
0 2 52 30
0 4 83 17
1 5 21 70
2 3 50 40
4 5 28 37
4 6 46 16
(280, 210)

Arvore 74
0 2 52 30
0 4 83 17
1 3 78 8
1 6 95 8
4 5 28 37
4 6 46 16
(382, 116)

Arvore 75
0 2 52 30
0 4 83 17
1 6 95 8
2 3 50 40
4 5 28 37
4 6 46 16
(354, 148)

Arvore 76
0 2 52 30
0 4 83 17
1 6 95 8
3 4 63 14
4 5 28 37
4 6 46 16
(367, 122)

Arvore 77
0 2 52 30
0 4 83 17
1 3 78 8
1 5 21 70
1 6 95 8
4 6 46 16
(375, 149)

Arvore 78
0 2 52 30
0 4 83 17
1 3 78 8
1 6 95 8
3 5 74 28
4 6 46 16
(428, 107)

Arvore 79
0 2 52 30
0 4 83 17
1 5 21 70
1 6 95 8
2 3 50 40
4 6 46 16
(347, 181)

Arvore 80
0 2 52 30
0 4 83 17
1 5 21 70
1 6 95 8
3 4 63 14
4 6 46 16
(360, 155)

Arvore 81
0 2 52 30
0 4 83 17
1 6 95 8
3 4 63 14
3 5 74 28
4 6 46 16
(413, 113)

Arvore 82
0 2 52 30
0 6 26 91
1 2 45 27
1 3 78 8
1 4 26 45
1 5 21 70
(248, 271)

Arvore 83
0 2 52 30
0 6 26 91
1 2 45 27
1 3 78 8
1 4 26 45
3 5 74 28
(301, 229)

Arvore 84
0 2 52 30
0 6 26 91
1 2 45 27
1 3 78 8
1 4 26 45
4 5 28 37
(255, 238)

Arvore 85
0 2 52 30
0 6 26 91
1 2 45 27
1 3 78 8
1 5 21 70
3 4 63 14
(285, 240)

Arvore 86
0 2 52 30
0 6 26 91
1 2 45 27
1 3 78 8
1 5 21 70
4 5 28 37
(250, 263)

Arvore 87
0 2 52 30
0 6 26 91
1 2 45 27
1 3 78 8
1 5 21 70
4 6 46 16
(268, 242)

Arvore 88
0 2 52 30
0 6 26 91
1 2 45 27
1 3 78 8
3 4 63 14
3 5 74 28
(338, 198)

Arvore 89
0 2 52 30
0 6 26 91
1 2 45 27
1 3 78 8
3 4 63 14
4 5 28 37
(292, 207)

Arvore 90
0 2 52 30
0 6 26 91
1 2 45 27
1 3 78 8
3 5 74 28
4 6 46 16
(321, 200)

Arvore 91
0 2 52 30
0 6 26 91
1 2 45 27
1 3 78 8
4 5 28 37
4 6 46 16
(275, 209)

Arvore 92
0 2 52 30
0 6 26 91
1 2 45 27
1 4 26 45
1 5 21 70
2 3 50 40
(220, 303)

Arvore 93
0 2 52 30
0 6 26 91
1 2 45 27
1 4 26 45
1 5 21 70
3 4 63 14
(233, 277)

Arvore 94
0 2 52 30
0 6 26 91
1 2 45 27
1 4 26 45
3 4 63 14
3 5 74 28
(286, 235)

Arvore 95
0 2 52 30
0 6 26 91
1 2 45 27
1 4 26 45
3 4 63 14
4 5 28 37
(240, 244)

Arvore 96
0 2 52 30
0 6 26 91
1 2 45 27
1 4 26 45
2 3 50 40
4 5 28 37
(227, 270)

Arvore 97
0 2 52 30
0 6 26 91
1 2 45 27
1 5 21 70
2 3 50 40
4 5 28 37
(222, 295)

Arvore 98
0 2 52 30
0 6 26 91
1 2 45 27
1 5 21 70
3 4 63 14
4 5 28 37
(235, 269)

Arvore 99
0 2 52 30
0 6 26 91
1 2 45 27
1 5 21 70
2 3 50 40
4 6 46 16
(240, 274)

Arvore 100
0 2 52 30
0 6 26 91
1 2 45 27
1 5 21 70
3 4 63 14
4 6 46 16
(253, 248)

Arvore 101
0 2 52 30
0 6 26 91
1 2 45 27
3 4 63 14
3 5 74 28
4 6 46 16
(306, 206)

Arvore 102
0 2 52 30
0 6 26 91
1 2 45 27
3 4 63 14
4 5 28 37
4 6 46 16
(260, 215)

Arvore 103
0 2 52 30
0 6 26 91
1 2 45 27
2 3 50 40
4 5 28 37
4 6 46 16
(247, 241)

Arvore 104
0 2 52 30
0 6 26 91
1 3 78 8
1 4 26 45
1 5 21 70
1 6 95 8
(298, 252)

Arvore 105
0 2 52 30
0 6 26 91
1 3 78 8
1 4 26 45
1 6 95 8
3 5 74 28
(351, 210)

Arvore 106
0 2 52 30
0 6 26 91
1 3 78 8
1 4 26 45
1 6 95 8
4 5 28 37
(305, 219)

Arvore 107
0 2 52 30
0 6 26 91
1 3 78 8
1 5 21 70
1 6 95 8
3 4 63 14
(335, 221)

Arvore 108
0 2 52 30
0 6 26 91
1 3 78 8
1 5 21 70
1 6 95 8
4 5 28 37
(300, 244)

Arvore 109
0 2 52 30
0 6 26 91
1 3 78 8
1 5 21 70
1 6 95 8
4 6 46 16
(318, 223)

Arvore 110
0 2 52 30
0 6 26 91
1 3 78 8
1 6 95 8
3 4 63 14
3 5 74 28
(388, 179)

Arvore 111
0 2 52 30
0 6 26 91
1 3 78 8
1 6 95 8
3 4 63 14
4 5 28 37
(342, 188)

Arvore 112
0 2 52 30
0 6 26 91
1 3 78 8
1 6 95 8
3 5 74 28
4 6 46 16
(371, 181)

Arvore 113
0 2 52 30
0 6 26 91
1 3 78 8
1 6 95 8
4 5 28 37
4 6 46 16
(325, 190)

Arvore 114
0 2 52 30
0 6 26 91
1 4 26 45
1 5 21 70
1 6 95 8
2 3 50 40
(270, 284)

Arvore 115
0 2 52 30
0 6 26 91
1 4 26 45
1 5 21 70
1 6 95 8
3 4 63 14
(283, 258)

Arvore 116
0 2 52 30
0 6 26 91
1 4 26 45
1 6 95 8
3 4 63 14
3 5 74 28
(336, 216)

Arvore 117
0 2 52 30
0 6 26 91
1 4 26 45
1 6 95 8
3 4 63 14
4 5 28 37
(290, 225)

Arvore 118
0 2 52 30
0 6 26 91
1 4 26 45
1 6 95 8
2 3 50 40
4 5 28 37
(277, 251)

Arvore 119
0 2 52 30
0 6 26 91
1 5 21 70
1 6 95 8
2 3 50 40
4 5 28 37
(272, 276)

Arvore 120
0 2 52 30
0 6 26 91
1 5 21 70
1 6 95 8
3 4 63 14
4 5 28 37
(285, 250)

Arvore 121
0 2 52 30
0 6 26 91
1 5 21 70
1 6 95 8
2 3 50 40
4 6 46 16
(290, 255)

Arvore 122
0 2 52 30
0 6 26 91
1 5 21 70
1 6 95 8
3 4 63 14
4 6 46 16
(303, 229)

Arvore 123
0 2 52 30
0 6 26 91
1 6 95 8
3 4 63 14
3 5 74 28
4 6 46 16
(356, 187)

Arvore 124
0 2 52 30
0 6 26 91
1 6 95 8
3 4 63 14
4 5 28 37
4 6 46 16
(310, 196)

Arvore 125
0 2 52 30
0 6 26 91
1 6 95 8
2 3 50 40
4 5 28 37
4 6 46 16
(297, 222)

Arvore 126
0 2 52 30
0 6 26 91
1 3 78 8
1 4 26 45
1 5 21 70
4 6 46 16
(249, 260)

Arvore 127
0 2 52 30
0 6 26 91
1 3 78 8
1 4 26 45
3 5 74 28
4 6 46 16
(302, 218)

Arvore 128
0 2 52 30
0 6 26 91
1 3 78 8
1 4 26 45
4 5 28 37
4 6 46 16
(256, 227)

Arvore 129
0 2 52 30
0 6 26 91
1 4 26 45
1 5 21 70
2 3 50 40
4 6 46 16
(221, 292)

Arvore 130
0 2 52 30
0 6 26 91
1 4 26 45
1 5 21 70
3 4 63 14
4 6 46 16
(234, 266)

Arvore 131
0 2 52 30
0 6 26 91
1 4 26 45
3 4 63 14
3 5 74 28
4 6 46 16
(287, 224)

Arvore 132
0 2 52 30
0 6 26 91
1 4 26 45
3 4 63 14
4 5 28 37
4 6 46 16
(241, 233)

Arvore 133
0 2 52 30
0 6 26 91
1 4 26 45
2 3 50 40
4 5 28 37
4 6 46 16
(228, 259)

Arvore 134
0 2 52 30
0 6 26 91
1 3 78 8
1 5 21 70
3 4 63 14
4 6 46 16
(286, 229)

Arvore 135
0 2 52 30
0 6 26 91
1 3 78 8
3 4 63 14
3 5 74 28
4 6 46 16
(339, 187)

Arvore 136
0 2 52 30
0 6 26 91
1 3 78 8
3 4 63 14
4 5 28 37
4 6 46 16
(293, 196)

Arvore 137
0 2 52 30
0 6 26 91
1 5 21 70
3 4 63 14
4 5 28 37
4 6 46 16
(236, 258)

Arvore 138
0 2 52 30
0 6 26 91
1 3 78 8
1 5 21 70
4 5 28 37
4 6 46 16
(251, 252)

Arvore 139
0 2 52 30
0 6 26 91
1 5 21 70
2 3 50 40
4 5 28 37
4 6 46 16
(223, 284)

Arvore 140
0 2 52 30
1 2 45 27
1 3 78 8
1 4 26 45
1 5 21 70
1 6 95 8
(317, 188)

Arvore 141
0 2 52 30
1 2 45 27
1 3 78 8
1 4 26 45
1 5 21 70
2 6 45 62
(267, 242)

Arvore 142
0 2 52 30
1 2 45 27
1 3 78 8
1 4 26 45
1 5 21 70
4 6 46 16
(268, 196)

Arvore 143
0 2 52 30
1 2 45 27
1 3 78 8
1 4 26 45
1 6 95 8
3 5 74 28
(370, 146)

Arvore 144
0 2 52 30
1 2 45 27
1 3 78 8
1 4 26 45
1 6 95 8
4 5 28 37
(324, 155)

Arvore 145
0 2 52 30
1 2 45 27
1 3 78 8
1 4 26 45
2 6 45 62
4 5 28 37
(274, 209)

Arvore 146
0 2 52 30
1 2 45 27
1 3 78 8
1 4 26 45
4 5 28 37
4 6 46 16
(275, 163)

Arvore 147
0 2 52 30
1 2 45 27
1 3 78 8
1 4 26 45
3 5 74 28
4 6 46 16
(321, 154)

Arvore 148
0 2 52 30
1 2 45 27
1 3 78 8
1 5 21 70
1 6 95 8
3 4 63 14
(354, 157)

Arvore 149
0 2 52 30
1 2 45 27
1 3 78 8
1 5 21 70
1 6 95 8
4 5 28 37
(319, 180)

Arvore 150
0 2 52 30
1 2 45 27
1 3 78 8
1 5 21 70
1 6 95 8
4 6 46 16
(337, 159)

Arvore 151
0 2 52 30
1 2 45 27
1 3 78 8
1 5 21 70
2 6 45 62
3 4 63 14
(304, 211)

Arvore 152
0 2 52 30
1 2 45 27
1 3 78 8
1 5 21 70
3 4 63 14
4 6 46 16
(305, 165)

Arvore 153
0 2 52 30
1 2 45 27
1 3 78 8
1 5 21 70
2 6 45 62
4 5 28 37
(269, 234)

Arvore 154
0 2 52 30
1 2 45 27
1 3 78 8
1 5 21 70
4 5 28 37
4 6 46 16
(270, 188)

Arvore 155
0 2 52 30
1 2 45 27
1 3 78 8
1 6 95 8
3 4 63 14
3 5 74 28
(407, 115)

Arvore 156
0 2 52 30
1 2 45 27
1 3 78 8
1 6 95 8
3 4 63 14
4 5 28 37
(361, 124)

Arvore 157
0 2 52 30
1 2 45 27
1 3 78 8
1 6 95 8
3 5 74 28
4 6 46 16
(390, 117)

Arvore 158
0 2 52 30
1 2 45 27
1 3 78 8
1 6 95 8
4 5 28 37
4 6 46 16
(344, 126)

Arvore 159
0 2 52 30
1 2 45 27
1 3 78 8
2 6 45 62
3 4 63 14
4 5 28 37
(311, 178)

Arvore 160
0 2 52 30
1 2 45 27
1 3 78 8
3 4 63 14
4 5 28 37
4 6 46 16
(312, 132)

Arvore 161
0 2 52 30
1 2 45 27
1 3 78 8
3 4 63 14
3 5 74 28
4 6 46 16
(358, 123)

Arvore 162
0 2 52 30
1 2 45 27
1 4 26 45
1 5 21 70
2 3 50 40
2 6 45 62
(239, 274)

Arvore 163
0 2 52 30
1 2 45 27
1 4 26 45
1 5 21 70
2 6 45 62
3 4 63 14
(252, 248)

Arvore 164
0 2 52 30
1 2 45 27
1 4 26 45
1 5 21 70
1 6 95 8
3 4 63 14
(302, 194)

Arvore 165
0 2 52 30
1 2 45 27
1 4 26 45
1 5 21 70
3 4 63 14
4 6 46 16
(253, 202)

Arvore 166
0 2 52 30
1 2 45 27
1 4 26 45
1 5 21 70
2 3 50 40
4 6 46 16
(240, 228)

Arvore 167
0 2 52 30
1 2 45 27
1 4 26 45
1 6 95 8
3 4 63 14
3 5 74 28
(355, 152)

Arvore 168
0 2 52 30
1 2 45 27
1 4 26 45
1 6 95 8
3 4 63 14
4 5 28 37
(309, 161)

Arvore 169
0 2 52 30
1 2 45 27
1 4 26 45
2 6 45 62
3 4 63 14
4 5 28 37
(259, 215)

Arvore 170
0 2 52 30
1 2 45 27
1 4 26 45
3 4 63 14
4 5 28 37
4 6 46 16
(260, 169)

Arvore 171
0 2 52 30
1 2 45 27
1 4 26 45
3 4 63 14
3 5 74 28
4 6 46 16
(306, 160)

Arvore 172
0 2 52 30
1 2 45 27
1 4 26 45
2 3 50 40
2 6 45 62
4 5 28 37
(246, 241)

Arvore 173
0 2 52 30
1 2 45 27
1 4 26 45
2 3 50 40
4 5 28 37
4 6 46 16
(247, 195)

Arvore 174
0 2 52 30
0 6 26 91
1 2 45 27
1 4 26 45
1 5 21 70
3 5 74 28
(244, 291)

Arvore 175
0 2 52 30
1 2 45 27
1 4 26 45
1 5 21 70
1 6 95 8
3 5 74 28
(313, 208)

Arvore 176
0 2 52 30
1 2 45 27
1 4 26 45
1 5 21 70
2 6 45 62
3 5 74 28
(263, 262)

Arvore 177
0 2 52 30
1 2 45 27
1 4 26 45
1 5 21 70
3 5 74 28
4 6 46 16
(264, 216)

Arvore 178
0 2 52 30
1 2 45 27
1 5 21 70
1 6 95 8
3 4 63 14
3 5 74 28
(350, 177)

Arvore 179
0 2 52 30
1 2 45 27
1 5 21 70
1 6 95 8
3 5 74 28
4 5 28 37
(315, 200)

Arvore 180
0 2 52 30
1 2 45 27
1 5 21 70
1 6 95 8
3 5 74 28
4 6 46 16
(333, 179)

Arvore 181
0 2 52 30
0 6 26 91
1 2 45 27
1 5 21 70
3 4 63 14
3 5 74 28
(281, 260)

Arvore 182
0 2 52 30
1 2 45 27
1 5 21 70
2 6 45 62
3 4 63 14
3 5 74 28
(300, 231)

Arvore 183
0 2 52 30
1 2 45 27
1 5 21 70
3 4 63 14
3 5 74 28
4 6 46 16
(301, 185)

Arvore 184
0 2 52 30
0 6 26 91
1 2 45 27
1 5 21 70
3 5 74 28
4 5 28 37
(246, 283)

Arvore 185
0 2 52 30
1 2 45 27
1 5 21 70
2 6 45 62
3 5 74 28
4 5 28 37
(265, 254)

Arvore 186
0 2 52 30
1 2 45 27
1 5 21 70
3 5 74 28
4 5 28 37
4 6 46 16
(266, 208)

Arvore 187
0 2 52 30
1 2 45 27
1 5 21 70
2 3 50 40
2 6 45 62
4 5 28 37
(241, 266)

Arvore 188
0 2 52 30
1 2 45 27
1 5 21 70
2 6 45 62
3 4 63 14
4 5 28 37
(254, 240)

Arvore 189
0 2 52 30
1 2 45 27
1 5 21 70
1 6 95 8
3 4 63 14
4 5 28 37
(304, 186)

Arvore 190
0 2 52 30
1 2 45 27
1 5 21 70
3 4 63 14
4 5 28 37
4 6 46 16
(255, 194)

Arvore 191
0 2 52 30
1 2 45 27
1 5 21 70
2 3 50 40
4 5 28 37
4 6 46 16
(242, 220)

Arvore 192
0 2 52 30
1 2 45 27
1 4 26 45
1 5 21 70
1 6 95 8
2 3 50 40
(289, 220)

Arvore 193
0 2 52 30
1 2 45 27
1 4 26 45
1 6 95 8
2 3 50 40
3 5 74 28
(342, 178)

Arvore 194
0 2 52 30
1 2 45 27
1 4 26 45
1 6 95 8
2 3 50 40
4 5 28 37
(296, 187)

Arvore 195
0 2 52 30
1 2 45 27
1 4 26 45
2 3 50 40
3 5 74 28
4 6 46 16
(293, 186)

Arvore 196
0 2 52 30
1 2 45 27
1 5 21 70
1 6 95 8
2 3 50 40
3 4 63 14
(326, 189)

Arvore 197
0 2 52 30
1 2 45 27
1 5 21 70
1 6 95 8
2 3 50 40
4 5 28 37
(291, 212)

Arvore 198
0 2 52 30
1 2 45 27
1 5 21 70
1 6 95 8
2 3 50 40
4 6 46 16
(309, 191)

Arvore 199
0 2 52 30
0 6 26 91
1 2 45 27
1 5 21 70
2 3 50 40
3 4 63 14
(257, 272)

Arvore 200
0 2 52 30
1 2 45 27
1 5 21 70
2 3 50 40
2 6 45 62
3 4 63 14
(276, 243)

Arvore 201
0 2 52 30
1 2 45 27
1 5 21 70
2 3 50 40
3 4 63 14
4 6 46 16
(277, 197)

Arvore 202
0 2 52 30
1 2 45 27
1 6 95 8
2 3 50 40
3 4 63 14
3 5 74 28
(379, 147)

Arvore 203
0 2 52 30
1 2 45 27
1 6 95 8
2 3 50 40
3 4 63 14
4 5 28 37
(333, 156)

Arvore 204
0 2 52 30
1 2 45 27
1 6 95 8
2 3 50 40
3 5 74 28
4 6 46 16
(362, 149)

Arvore 205
0 2 52 30
1 2 45 27
1 6 95 8
2 3 50 40
4 5 28 37
4 6 46 16
(316, 158)

Arvore 206
0 2 52 30
0 6 26 91
1 2 45 27
2 3 50 40
3 4 63 14
4 5 28 37
(264, 239)

Arvore 207
0 2 52 30
1 2 45 27
2 3 50 40
2 6 45 62
3 4 63 14
4 5 28 37
(283, 210)

Arvore 208
0 2 52 30
1 2 45 27
2 3 50 40
3 4 63 14
4 5 28 37
4 6 46 16
(284, 164)

Arvore 209
0 2 52 30
1 2 45 27
2 3 50 40
3 4 63 14
3 5 74 28
4 6 46 16
(330, 155)

Arvore 210
0 4 83 17
0 6 26 91
1 2 45 27
1 3 78 8
1 4 26 45
1 5 21 70
(279, 258)

Arvore 211
0 4 83 17
1 2 45 27
1 3 78 8
1 4 26 45
1 5 21 70
1 6 95 8
(348, 175)

Arvore 212
0 4 83 17
1 2 45 27
1 3 78 8
1 4 26 45
1 5 21 70
2 6 45 62
(298, 229)

Arvore 213
0 4 83 17
1 2 45 27
1 3 78 8
1 4 26 45
1 5 21 70
4 6 46 16
(299, 183)

Arvore 214
0 4 83 17
1 2 45 27
1 3 78 8
1 4 26 45
1 6 95 8
3 5 74 28
(401, 133)

Arvore 215
0 4 83 17
1 2 45 27
1 3 78 8
1 4 26 45
1 6 95 8
4 5 28 37
(355, 142)

Arvore 216
0 4 83 17
0 6 26 91
1 2 45 27
1 3 78 8
1 4 26 45
4 5 28 37
(286, 225)

Arvore 217
0 4 83 17
1 2 45 27
1 3 78 8
1 4 26 45
2 6 45 62
4 5 28 37
(305, 196)

Arvore 218
0 4 83 17
1 2 45 27
1 3 78 8
1 4 26 45
4 5 28 37
4 6 46 16
(306, 150)

Arvore 219
0 4 83 17
1 2 45 27
1 3 78 8
1 4 26 45
3 5 74 28
4 6 46 16
(352, 141)

Arvore 220
0 4 83 17
0 6 26 91
1 2 45 27
1 4 26 45
1 5 21 70
2 3 50 40
(251, 290)

Arvore 221
0 4 83 17
0 6 26 91
1 2 45 27
1 4 26 45
1 5 21 70
3 4 63 14
(264, 264)

Arvore 222
0 4 83 17
1 2 45 27
1 4 26 45
1 5 21 70
2 3 50 40
2 6 45 62
(270, 261)

Arvore 223
0 4 83 17
1 2 45 27
1 4 26 45
1 5 21 70
2 6 45 62
3 4 63 14
(283, 235)

Arvore 224
0 4 83 17
1 2 45 27
1 4 26 45
1 5 21 70
1 6 95 8
3 4 63 14
(333, 181)

Arvore 225
0 4 83 17
1 2 45 27
1 4 26 45
1 5 21 70
3 4 63 14
4 6 46 16
(284, 189)

Arvore 226
0 4 83 17
1 2 45 27
1 4 26 45
1 5 21 70
2 3 50 40
4 6 46 16
(271, 215)

Arvore 227
0 4 83 17
1 2 45 27
1 4 26 45
1 6 95 8
3 4 63 14
3 5 74 28
(386, 139)

Arvore 228
0 4 83 17
1 2 45 27
1 4 26 45
1 6 95 8
3 4 63 14
4 5 28 37
(340, 148)

Arvore 229
0 4 83 17
0 6 26 91
1 2 45 27
1 4 26 45
3 4 63 14
4 5 28 37
(271, 231)

Arvore 230
0 4 83 17
1 2 45 27
1 4 26 45
2 6 45 62
3 4 63 14
4 5 28 37
(290, 202)

Arvore 231
0 4 83 17
1 2 45 27
1 4 26 45
3 4 63 14
4 5 28 37
4 6 46 16
(291, 156)

Arvore 232
0 4 83 17
1 2 45 27
1 4 26 45
3 4 63 14
3 5 74 28
4 6 46 16
(337, 147)

Arvore 233
0 4 83 17
0 6 26 91
1 2 45 27
1 4 26 45
2 3 50 40
4 5 28 37
(258, 257)

Arvore 234
0 4 83 17
1 2 45 27
1 4 26 45
2 3 50 40
2 6 45 62
4 5 28 37
(277, 228)

Arvore 235
0 4 83 17
1 2 45 27
1 4 26 45
2 3 50 40
4 5 28 37
4 6 46 16
(278, 182)

Arvore 236
0 4 83 17
1 2 45 27
1 4 26 45
3 4 63 14
4 5 28 37
4 6 46 16
(291, 156)

Arvore 237
0 4 83 17
0 6 26 91
1 2 45 27
1 3 78 8
1 5 21 70
3 4 63 14
(316, 227)

Arvore 238
0 4 83 17
1 2 45 27
1 3 78 8
1 5 21 70
1 6 95 8
3 4 63 14
(385, 144)

Arvore 239
0 4 83 17
1 2 45 27
1 3 78 8
1 5 21 70
2 6 45 62
3 4 63 14
(335, 198)

Arvore 240
0 4 83 17
1 2 45 27
1 3 78 8
1 5 21 70
3 4 63 14
4 6 46 16
(336, 152)

Arvore 241
0 4 83 17
1 2 45 27
1 3 78 8
1 6 95 8
3 4 63 14
3 5 74 28
(438, 102)

Arvore 242
0 4 83 17
1 2 45 27
1 3 78 8
1 6 95 8
3 4 63 14
4 5 28 37
(392, 111)

Arvore 243
0 4 83 17
0 6 26 91
1 2 45 27
1 3 78 8
3 4 63 14
4 5 28 37
(323, 194)

Arvore 244
0 4 83 17
1 2 45 27
1 3 78 8
2 6 45 62
3 4 63 14
4 5 28 37
(342, 165)

Arvore 245
0 4 83 17
1 2 45 27
1 3 78 8
3 4 63 14
4 5 28 37
4 6 46 16
(343, 119)

Arvore 246
0 4 83 17
1 2 45 27
1 3 78 8
3 4 63 14
3 5 74 28
4 6 46 16
(389, 110)

Arvore 247
0 4 83 17
1 2 45 27
1 3 78 8
3 4 63 14
4 5 28 37
4 6 46 16
(343, 119)

Arvore 248
0 4 83 17
0 6 26 91
1 2 45 27
1 5 21 70
3 4 63 14
4 5 28 37
(266, 256)

Arvore 249
0 4 83 17
1 2 45 27
1 5 21 70
1 6 95 8
3 4 63 14
4 5 28 37
(335, 173)

Arvore 250
0 4 83 17
1 2 45 27
1 5 21 70
2 6 45 62
3 4 63 14
4 5 28 37
(285, 227)

Arvore 251
0 4 83 17
1 2 45 27
1 5 21 70
3 4 63 14
4 5 28 37
4 6 46 16
(286, 181)

Arvore 252
0 4 83 17
1 2 45 27
2 3 50 40
3 4 63 14
4 5 28 37
4 6 46 16
(315, 151)

Arvore 253
0 4 83 17
1 3 78 8
2 3 50 40
3 4 63 14
4 5 28 37
4 6 46 16
(348, 132)

Arvore 254
0 4 83 17
1 4 26 45
2 3 50 40
3 4 63 14
4 5 28 37
4 6 46 16
(296, 169)

Arvore 255
0 4 83 17
1 5 21 70
2 3 50 40
3 4 63 14
4 5 28 37
4 6 46 16
(291, 194)

Arvore 256
0 2 52 30
0 4 83 17
1 5 21 70
3 4 63 14
3 5 74 28
4 6 46 16
(339, 175)

Arvore 257
0 4 83 17
1 2 45 27
1 5 21 70
3 4 63 14
3 5 74 28
4 6 46 16
(332, 172)

Arvore 258
0 4 83 17
1 2 45 27
2 3 50 40
3 4 63 14
3 5 74 28
4 6 46 16
(361, 142)

Arvore 259
0 4 83 17
1 3 78 8
2 3 50 40
3 4 63 14
3 5 74 28
4 6 46 16
(394, 123)

Arvore 260
0 4 83 17
1 4 26 45
2 3 50 40
3 4 63 14
3 5 74 28
4 6 46 16
(342, 160)

Arvore 261
0 4 83 17
1 5 21 70
2 3 50 40
3 4 63 14
3 5 74 28
4 6 46 16
(337, 185)

Arvore 262
0 4 83 17
0 6 26 91
1 2 45 27
1 3 78 8
1 5 21 70
4 5 28 37
(281, 250)

Arvore 263
0 4 83 17
0 6 26 91
1 2 45 27
1 5 21 70
2 3 50 40
4 5 28 37
(253, 282)

Arvore 264
0 4 83 17
0 6 26 91
1 2 45 27
1 3 78 8
1 5 21 70
4 5 28 37
(281, 250)

Arvore 265
0 4 83 17
1 2 45 27
1 3 78 8
1 5 21 70
1 6 95 8
4 5 28 37
(350, 167)

Arvore 266
0 4 83 17
1 2 45 27
1 3 78 8
1 5 21 70
2 6 45 62
4 5 28 37
(300, 221)

Arvore 267
0 4 83 17
1 2 45 27
1 3 78 8
1 5 21 70
4 5 28 37
4 6 46 16
(301, 175)

Arvore 268
0 4 83 17
1 2 45 27
1 5 21 70
2 3 50 40
2 6 45 62
4 5 28 37
(272, 253)

Arvore 269
0 4 83 17
1 2 45 27
1 5 21 70
2 3 50 40
4 5 28 37
4 6 46 16
(273, 207)

Arvore 270
0 4 83 17
1 2 45 27
1 3 78 8
1 6 95 8
4 5 28 37
4 6 46 16
(375, 113)

Arvore 271
0 4 83 17
1 2 45 27
1 6 95 8
2 3 50 40
4 5 28 37
4 6 46 16
(347, 145)

Arvore 272
0 4 83 17
1 2 45 27
1 6 95 8
3 4 63 14
4 5 28 37
4 6 46 16
(360, 119)

Arvore 273
0 4 83 17
1 2 45 27
1 3 78 8
1 5 21 70
1 6 95 8
4 6 46 16
(368, 146)

Arvore 274
0 4 83 17
1 2 45 27
1 3 78 8
1 6 95 8
3 5 74 28
4 6 46 16
(421, 104)

Arvore 275
0 4 83 17
1 2 45 27
1 5 21 70
1 6 95 8
2 3 50 40
4 6 46 16
(340, 178)

Arvore 276
0 4 83 17
1 2 45 27
1 5 21 70
1 6 95 8
3 4 63 14
4 6 46 16
(353, 152)

Arvore 277
0 4 83 17
1 2 45 27
1 6 95 8
3 4 63 14
3 5 74 28
4 6 46 16
(406, 110)

Arvore 278
0 6 26 91
1 2 45 27
1 3 78 8
1 4 26 45
1 5 21 70
1 6 95 8
(291, 249)

Arvore 279
0 6 26 91
1 2 45 27
1 3 78 8
1 4 26 45
1 6 95 8
3 5 74 28
(344, 207)

Arvore 280
0 6 26 91
1 2 45 27
1 3 78 8
1 4 26 45
1 6 95 8
4 5 28 37
(298, 216)

Arvore 281
0 6 26 91
1 2 45 27
1 3 78 8
1 5 21 70
1 6 95 8
3 4 63 14
(328, 218)

Arvore 282
0 6 26 91
1 2 45 27
1 3 78 8
1 5 21 70
1 6 95 8
4 5 28 37
(293, 241)

Arvore 283
0 6 26 91
1 2 45 27
1 3 78 8
1 5 21 70
1 6 95 8
4 6 46 16
(311, 220)

Arvore 284
0 6 26 91
1 2 45 27
1 3 78 8
1 6 95 8
3 4 63 14
3 5 74 28
(381, 176)

Arvore 285
0 6 26 91
1 2 45 27
1 3 78 8
1 6 95 8
3 4 63 14
4 5 28 37
(335, 185)

Arvore 286
0 6 26 91
1 2 45 27
1 3 78 8
1 6 95 8
3 5 74 28
4 6 46 16
(364, 178)

Arvore 287
0 6 26 91
1 2 45 27
1 3 78 8
1 6 95 8
4 5 28 37
4 6 46 16
(318, 187)

Arvore 288
0 6 26 91
1 2 45 27
1 4 26 45
1 5 21 70
1 6 95 8
2 3 50 40
(263, 281)

Arvore 289
0 6 26 91
1 2 45 27
1 4 26 45
1 5 21 70
1 6 95 8
3 4 63 14
(276, 255)

Arvore 290
0 6 26 91
1 2 45 27
1 4 26 45
1 6 95 8
3 4 63 14
3 5 74 28
(329, 213)

Arvore 291
0 6 26 91
1 2 45 27
1 4 26 45
1 6 95 8
3 4 63 14
4 5 28 37
(283, 222)

Arvore 292
0 6 26 91
1 2 45 27
1 4 26 45
1 6 95 8
2 3 50 40
4 5 28 37
(270, 248)

Arvore 293
0 6 26 91
1 2 45 27
1 5 21 70
1 6 95 8
2 3 50 40
4 5 28 37
(265, 273)

Arvore 294
0 6 26 91
1 2 45 27
1 5 21 70
1 6 95 8
3 4 63 14
4 5 28 37
(278, 247)

Arvore 295
0 6 26 91
1 2 45 27
1 5 21 70
1 6 95 8
2 3 50 40
4 6 46 16
(283, 252)

Arvore 296
0 6 26 91
1 2 45 27
1 5 21 70
1 6 95 8
3 4 63 14
4 6 46 16
(296, 226)

Arvore 297
0 6 26 91
1 2 45 27
1 6 95 8
3 4 63 14
3 5 74 28
4 6 46 16
(349, 184)

Arvore 298
0 6 26 91
1 2 45 27
1 6 95 8
3 4 63 14
4 5 28 37
4 6 46 16
(303, 193)

Arvore 299
0 6 26 91
1 2 45 27
1 6 95 8
2 3 50 40
4 5 28 37
4 6 46 16
(290, 219)

Arvore 300
0 6 26 91
1 2 45 27
1 6 95 8
3 4 63 14
4 5 28 37
4 6 46 16
(303, 193)

Arvore 301
0 6 26 91
1 2 45 27
1 3 78 8
1 4 26 45
1 5 21 70
2 6 45 62
(241, 303)

Arvore 302
0 6 26 91
1 2 45 27
1 3 78 8
1 4 26 45
2 6 45 62
3 5 74 28
(294, 261)

Arvore 303
0 6 26 91
1 2 45 27
1 3 78 8
1 4 26 45
2 6 45 62
4 5 28 37
(248, 270)

Arvore 304
0 6 26 91
1 2 45 27
1 3 78 8
1 5 21 70
2 6 45 62
3 4 63 14
(278, 272)

Arvore 305
0 6 26 91
1 2 45 27
1 3 78 8
1 5 21 70
2 6 45 62
4 5 28 37
(243, 295)

Arvore 306
0 6 26 91
1 2 45 27
1 3 78 8
1 5 21 70
2 6 45 62
4 6 46 16
(261, 274)

Arvore 307
0 6 26 91
1 2 45 27
1 3 78 8
2 6 45 62
3 4 63 14
3 5 74 28
(331, 230)

Arvore 308
0 6 26 91
1 2 45 27
1 3 78 8
2 6 45 62
3 4 63 14
4 5 28 37
(285, 239)

Arvore 309
0 6 26 91
1 2 45 27
1 3 78 8
2 6 45 62
3 5 74 28
4 6 46 16
(314, 232)

Arvore 310
0 6 26 91
1 2 45 27
1 3 78 8
2 6 45 62
4 5 28 37
4 6 46 16
(268, 241)

Arvore 311
0 6 26 91
1 2 45 27
1 4 26 45
1 5 21 70
2 3 50 40
2 6 45 62
(213, 335)

Arvore 312
0 6 26 91
1 2 45 27
1 4 26 45
1 5 21 70
2 6 45 62
3 4 63 14
(226, 309)

Arvore 313
0 6 26 91
1 2 45 27
1 4 26 45
2 6 45 62
3 4 63 14
3 5 74 28
(279, 267)

Arvore 314
0 6 26 91
1 2 45 27
1 4 26 45
2 6 45 62
3 4 63 14
4 5 28 37
(233, 276)

Arvore 315
0 6 26 91
1 2 45 27
1 4 26 45
2 3 50 40
2 6 45 62
4 5 28 37
(220, 302)

Arvore 316
0 6 26 91
1 2 45 27
1 5 21 70
2 3 50 40
2 6 45 62
4 5 28 37
(215, 327)

Arvore 317
0 6 26 91
1 2 45 27
1 5 21 70
2 6 45 62
3 4 63 14
4 5 28 37
(228, 301)

Arvore 318
0 6 26 91
1 2 45 27
1 5 21 70
2 3 50 40
2 6 45 62
4 6 46 16
(233, 306)

Arvore 319
0 6 26 91
1 2 45 27
1 5 21 70
2 6 45 62
3 4 63 14
4 6 46 16
(246, 280)

Arvore 320
0 6 26 91
1 2 45 27
2 6 45 62
3 4 63 14
3 5 74 28
4 6 46 16
(299, 238)

Arvore 321
0 6 26 91
1 2 45 27
2 6 45 62
3 4 63 14
4 5 28 37
4 6 46 16
(253, 247)

Arvore 322
0 6 26 91
1 2 45 27
2 3 50 40
2 6 45 62
4 5 28 37
4 6 46 16
(240, 273)

Arvore 323
0 6 26 91
1 3 78 8
1 4 26 45
1 5 21 70
1 6 95 8
2 6 45 62
(291, 284)

Arvore 324
0 6 26 91
1 3 78 8
1 4 26 45
1 6 95 8
2 6 45 62
3 5 74 28
(344, 242)

Arvore 325
0 6 26 91
1 3 78 8
1 4 26 45
1 6 95 8
2 6 45 62
4 5 28 37
(298, 251)

Arvore 326
0 6 26 91
1 3 78 8
1 5 21 70
1 6 95 8
2 6 45 62
3 4 63 14
(328, 253)

Arvore 327
0 6 26 91
1 3 78 8
1 5 21 70
1 6 95 8
2 6 45 62
4 5 28 37
(293, 276)

Arvore 328
0 6 26 91
1 3 78 8
1 5 21 70
1 6 95 8
2 6 45 62
4 6 46 16
(311, 255)

Arvore 329
0 6 26 91
1 3 78 8
1 6 95 8
2 6 45 62
3 4 63 14
3 5 74 28
(381, 211)

Arvore 330
0 6 26 91
1 3 78 8
1 6 95 8
2 6 45 62
3 4 63 14
4 5 28 37
(335, 220)

Arvore 331
0 6 26 91
1 3 78 8
1 6 95 8
2 6 45 62
3 5 74 28
4 6 46 16
(364, 213)

Arvore 332
0 6 26 91
1 3 78 8
1 6 95 8
2 6 45 62
4 5 28 37
4 6 46 16
(318, 222)

Arvore 333
0 6 26 91
1 4 26 45
1 5 21 70
1 6 95 8
2 3 50 40
2 6 45 62
(263, 316)

Arvore 334
0 6 26 91
1 4 26 45
1 5 21 70
1 6 95 8
2 6 45 62
3 4 63 14
(276, 290)

Arvore 335
0 6 26 91
1 4 26 45
1 6 95 8
2 6 45 62
3 4 63 14
3 5 74 28
(329, 248)

Arvore 336
0 6 26 91
1 4 26 45
1 6 95 8
2 6 45 62
3 4 63 14
4 5 28 37
(283, 257)

Arvore 337
0 6 26 91
1 4 26 45
1 6 95 8
2 3 50 40
2 6 45 62
4 5 28 37
(270, 283)

Arvore 338
0 6 26 91
1 5 21 70
1 6 95 8
2 3 50 40
2 6 45 62
4 5 28 37
(265, 308)

Arvore 339
0 6 26 91
1 5 21 70
1 6 95 8
2 6 45 62
3 4 63 14
4 5 28 37
(278, 282)

Arvore 340
0 6 26 91
1 5 21 70
1 6 95 8
2 3 50 40
2 6 45 62
4 6 46 16
(283, 287)

Arvore 341
0 6 26 91
1 5 21 70
1 6 95 8
2 6 45 62
3 4 63 14
4 6 46 16
(296, 261)

Arvore 342
0 6 26 91
1 6 95 8
2 6 45 62
3 4 63 14
3 5 74 28
4 6 46 16
(349, 219)

Arvore 343
0 6 26 91
1 6 95 8
2 6 45 62
3 4 63 14
4 5 28 37
4 6 46 16
(303, 228)

Arvore 344
0 6 26 91
1 6 95 8
2 3 50 40
2 6 45 62
4 5 28 37
4 6 46 16
(290, 254)

Arvore 345
0 6 26 91
1 3 78 8
1 4 26 45
1 5 21 70
2 6 45 62
4 6 46 16
(242, 292)

Arvore 346
0 6 26 91
1 3 78 8
1 4 26 45
2 6 45 62
3 5 74 28
4 6 46 16
(295, 250)

Arvore 347
0 6 26 91
1 3 78 8
1 4 26 45
2 6 45 62
4 5 28 37
4 6 46 16
(249, 259)

Arvore 348
0 6 26 91
1 4 26 45
1 5 21 70
2 3 50 40
2 6 45 62
4 6 46 16
(214, 324)

Arvore 349
0 6 26 91
1 4 26 45
1 5 21 70
2 6 45 62
3 4 63 14
4 6 46 16
(227, 298)

Arvore 350
0 6 26 91
1 4 26 45
2 6 45 62
3 4 63 14
3 5 74 28
4 6 46 16
(280, 256)

Arvore 351
0 6 26 91
1 4 26 45
2 6 45 62
3 4 63 14
4 5 28 37
4 6 46 16
(234, 265)

Arvore 352
0 6 26 91
1 4 26 45
2 3 50 40
2 6 45 62
4 5 28 37
4 6 46 16
(221, 291)

Arvore 353
0 6 26 91
1 3 78 8
1 5 21 70
2 6 45 62
3 4 63 14
4 6 46 16
(279, 261)

Arvore 354
0 6 26 91
1 3 78 8
2 6 45 62
3 4 63 14
3 5 74 28
4 6 46 16
(332, 219)

Arvore 355
0 6 26 91
1 3 78 8
2 6 45 62
3 4 63 14
4 5 28 37
4 6 46 16
(286, 228)

Arvore 356
0 6 26 91
1 5 21 70
2 6 45 62
3 4 63 14
4 5 28 37
4 6 46 16
(229, 290)

Arvore 357
0 6 26 91
1 3 78 8
1 5 21 70
2 6 45 62
4 5 28 37
4 6 46 16
(244, 284)

Arvore 358
0 6 26 91
1 5 21 70
2 3 50 40
2 6 45 62
4 5 28 37
4 6 46 16
(216, 316)

Arvore 359
0 6 26 91
1 2 45 27
1 3 78 8
1 4 26 45
1 5 21 70
4 6 46 16
(242, 257)

Arvore 360
0 6 26 91
1 2 45 27
1 3 78 8
1 4 26 45
3 5 74 28
4 6 46 16
(295, 215)

Arvore 361
0 6 26 91
1 2 45 27
1 3 78 8
1 4 26 45
4 5 28 37
4 6 46 16
(249, 224)

Arvore 362
0 6 26 91
1 2 45 27
1 4 26 45
1 5 21 70
2 3 50 40
4 6 46 16
(214, 289)

Arvore 363
0 6 26 91
1 2 45 27
1 4 26 45
1 5 21 70
3 4 63 14
4 6 46 16
(227, 263)

Arvore 364
0 6 26 91
1 2 45 27
1 4 26 45
3 4 63 14
3 5 74 28
4 6 46 16
(280, 221)

Arvore 365
0 6 26 91
1 2 45 27
1 4 26 45
3 4 63 14
4 5 28 37
4 6 46 16
(234, 230)

Arvore 366
0 6 26 91
1 2 45 27
1 4 26 45
2 3 50 40
4 5 28 37
4 6 46 16
(221, 256)

Arvore 367
0 6 26 91
1 2 45 27
1 4 26 45
3 4 63 14
4 5 28 37
4 6 46 16
(234, 230)

Arvore 368
0 6 26 91
1 2 45 27
1 3 78 8
1 5 21 70
3 4 63 14
4 6 46 16
(279, 226)

Arvore 369
0 6 26 91
1 2 45 27
1 3 78 8
3 4 63 14
3 5 74 28
4 6 46 16
(332, 184)

Arvore 370
0 6 26 91
1 2 45 27
1 3 78 8
3 4 63 14
4 5 28 37
4 6 46 16
(286, 193)

Arvore 371
0 2 52 30
0 6 26 91
1 5 21 70
3 4 63 14
3 5 74 28
4 6 46 16
(282, 249)

Arvore 372
0 6 26 91
1 2 45 27
1 5 21 70
3 4 63 14
3 5 74 28
4 6 46 16
(275, 246)

Arvore 373
0 6 26 91
1 2 45 27
2 3 50 40
3 4 63 14
3 5 74 28
4 6 46 16
(304, 216)

Arvore 374
0 6 26 91
1 3 78 8
2 3 50 40
3 4 63 14
3 5 74 28
4 6 46 16
(337, 197)

Arvore 375
0 6 26 91
1 4 26 45
2 3 50 40
3 4 63 14
3 5 74 28
4 6 46 16
(285, 234)

Arvore 376
0 6 26 91
1 5 21 70
2 3 50 40
3 4 63 14
3 5 74 28
4 6 46 16
(280, 259)

Arvore 377
0 6 26 91
1 2 45 27
1 5 21 70
3 4 63 14
4 5 28 37
4 6 46 16
(229, 255)

Arvore 378
0 6 26 91
1 2 45 27
2 3 50 40
3 4 63 14
4 5 28 37
4 6 46 16
(258, 225)

Arvore 379
0 6 26 91
1 3 78 8
2 3 50 40
3 4 63 14
4 5 28 37
4 6 46 16
(291, 206)

Arvore 380
0 6 26 91
1 4 26 45
2 3 50 40
3 4 63 14
4 5 28 37
4 6 46 16
(239, 243)

Arvore 381
0 6 26 91
1 5 21 70
2 3 50 40
3 4 63 14
4 5 28 37
4 6 46 16
(234, 268)

Arvore 382
0 6 26 91
1 2 45 27
1 3 78 8
1 5 21 70
4 5 28 37
4 6 46 16
(244, 249)

Arvore 383
0 6 26 91
1 2 45 27
1 5 21 70
2 3 50 40
4 5 28 37
4 6 46 16
(216, 281)

