1
0.01
Arvore 1
0 1 10 10
0 2 0 90
0 5 21 12
2 4 14 17
2 6 10 20
3 5 19 13
(74, 162)

Arvore 2
0 1 10 10
0 2 0 90
0 5 21 12
2 4 14 17
2 6 10 20
3 6 14 19
(69, 168)

Arvore 3
0 1 10 10
0 2 0 90
0 5 21 12
0 6 22 18
2 4 14 17
3 4 18 19
(85, 166)

Arvore 4
0 1 10 10
0 2 0 90
0 5 21 12
2 4 14 17
2 6 10 20
3 4 18 19
(73, 168)

Arvore 5
0 1 10 10
0 2 0 90
0 5 21 12
2 4 14 17
3 4 18 19
3 6 14 19
(77, 167)

Arvore 6
0 1 10 10
0 2 0 90
0 5 21 12
0 6 22 18
2 4 14 17
3 5 19 13
(86, 160)

Arvore 7
0 1 10 10
0 2 0 90
0 5 21 12
2 4 14 17
3 5 19 13
3 6 14 19
(78, 161)

Arvore 8
0 1 10 10
0 2 0 90
2 4 14 17
2 5 18 24
2 6 10 20
3 6 14 19
(66, 180)

Arvore 9
0 1 10 10
0 2 0 90
2 4 14 17
2 6 10 20
3 5 19 13
3 6 14 19
(67, 169)

Arvore 10
0 1 10 10
0 2 0 90
2 4 14 17
2 5 18 24
2 6 10 20
3 4 18 19
(70, 180)

Arvore 11
0 1 10 10
0 2 0 90
2 4 14 17
2 6 10 20
3 4 18 19
3 5 19 13
(71, 169)

Arvore 12
0 1 10 10
0 2 0 90
0 6 22 18
2 4 14 17
3 4 18 19
3 5 19 13
(83, 167)

Arvore 13
0 1 10 10
0 2 0 90
2 4 14 17
3 4 18 19
3 5 19 13
3 6 14 19
(75, 168)

Arvore 14
0 1 10 10
0 2 0 90
2 4 14 17
2 5 18 24
3 4 18 19
3 6 14 19
(74, 179)

Arvore 15
0 1 10 10
0 5 21 12
1 2 90 0
2 4 14 17
2 6 10 20
3 5 19 13
(164, 72)

Arvore 16
0 1 10 10
0 5 21 12
1 2 90 0
2 4 14 17
2 6 10 20
3 6 14 19
(159, 78)

Arvore 17
0 1 10 10
0 5 21 12
0 6 22 18
1 2 90 0
2 4 14 17
3 4 18 19
(175, 76)

Arvore 18
0 1 10 10
0 5 21 12
1 2 90 0
2 4 14 17
2 6 10 20
3 4 18 19
(163, 78)

Arvore 19
0 1 10 10
0 5 21 12
1 2 90 0
2 4 14 17
3 4 18 19
3 6 14 19
(167, 77)

Arvore 20
0 1 10 10
0 5 21 12
0 6 22 18
1 2 90 0
2 4 14 17
3 5 19 13
(176, 70)

Arvore 21
0 1 10 10
0 5 21 12
1 2 90 0
2 4 14 17
3 5 19 13
3 6 14 19
(168, 71)

Arvore 22
0 1 10 10
0 2 0 90
0 5 21 12
1 6 18 22
2 4 14 17
3 5 19 13
(82, 164)

Arvore 23
0 1 10 10
0 2 0 90
0 5 21 12
1 6 18 22
2 4 14 17
3 6 14 19
(77, 170)

Arvore 24
0 1 10 10
0 5 21 12
1 2 90 0
1 6 18 22
2 4 14 17
3 5 19 13
(172, 74)

Arvore 25
0 1 10 10
0 5 21 12
1 2 90 0
1 6 18 22
2 4 14 17
3 6 14 19
(167, 80)

Arvore 26
0 1 10 10
0 5 21 12
1 6 18 22
2 4 14 17
2 6 10 20
3 5 19 13
(92, 94)

Arvore 27
0 1 10 10
0 5 21 12
1 6 18 22
2 4 14 17
2 6 10 20
3 6 14 19
(87, 100)

Arvore 28
0 1 10 10
0 2 0 90
0 5 21 12
1 6 18 22
3 4 18 19
3 5 19 13
(86, 166)

Arvore 29
0 1 10 10
0 5 21 12
1 2 90 0
1 6 18 22
3 4 18 19
3 5 19 13
(176, 76)

Arvore 30
0 1 10 10
0 5 21 12
1 6 18 22
2 4 14 17
3 4 18 19
3 5 19 13
(100, 93)

Arvore 31
0 1 10 10
0 5 21 12
1 6 18 22
2 6 10 20
3 4 18 19
3 5 19 13
(96, 96)

Arvore 32
0 1 10 10
0 2 0 90
0 5 21 12
1 6 18 22
3 4 18 19
3 6 14 19
(81, 172)

Arvore 33
0 1 10 10
0 5 21 12
1 2 90 0
1 6 18 22
3 4 18 19
3 6 14 19
(171, 82)

Arvore 34
0 1 10 10
0 5 21 12
1 6 18 22
2 4 14 17
3 4 18 19
3 6 14 19
(95, 99)

Arvore 35
0 1 10 10
0 5 21 12
1 6 18 22
2 6 10 20
3 4 18 19
3 6 14 19
(91, 102)

Arvore 36
0 1 10 10
0 5 21 12
0 6 22 18
2 4 14 17
2 6 10 20
3 5 19 13
(96, 90)

Arvore 37
0 1 10 10
0 2 0 90
0 5 21 12
0 6 22 18
3 4 18 19
3 5 19 13
(90, 162)

Arvore 38
0 1 10 10
0 5 21 12
0 6 22 18
1 2 90 0
3 4 18 19
3 5 19 13
(180, 72)

Arvore 39
0 1 10 10
0 5 21 12
0 6 22 18
2 4 14 17
3 4 18 19
3 5 19 13
(104, 89)

Arvore 40
0 1 10 10
0 5 21 12
0 6 22 18
2 6 10 20
3 4 18 19
3 5 19 13
(100, 92)

Arvore 41
0 1 10 10
0 5 21 12
2 4 14 17
2 6 10 20
3 5 19 13
3 6 14 19
(88, 91)

Arvore 42
0 1 10 10
0 2 0 90
0 5 21 12
3 4 18 19
3 5 19 13
3 6 14 19
(82, 163)

Arvore 43
0 1 10 10
0 5 21 12
1 2 90 0
3 4 18 19
3 5 19 13
3 6 14 19
(172, 73)

Arvore 44
0 1 10 10
0 5 21 12
2 4 14 17
3 4 18 19
3 5 19 13
3 6 14 19
(96, 90)

Arvore 45
0 1 10 10
0 5 21 12
2 6 10 20
3 4 18 19
3 5 19 13
3 6 14 19
(92, 93)

Arvore 46
0 1 10 10
1 2 90 0
2 4 14 17
2 5 18 24
2 6 10 20
3 6 14 19
(156, 90)

Arvore 47
0 1 10 10
1 2 90 0
2 4 14 17
2 6 10 20
3 5 19 13
3 6 14 19
(157, 79)

Arvore 48
0 1 10 10
1 2 90 0
2 4 14 17
2 5 18 24
2 6 10 20
3 4 18 19
(160, 90)

Arvore 49
0 1 10 10
1 2 90 0
2 4 14 17
2 6 10 20
3 4 18 19
3 5 19 13
(161, 79)

Arvore 50
0 1 10 10
0 6 22 18
1 2 90 0
2 4 14 17
3 4 18 19
3 5 19 13
(173, 77)

Arvore 51
0 1 10 10
1 2 90 0
2 4 14 17
3 4 18 19
3 5 19 13
3 6 14 19
(165, 78)

Arvore 52
0 1 10 10
1 2 90 0
2 4 14 17
2 5 18 24
3 4 18 19
3 6 14 19
(164, 89)

Arvore 53
0 1 10 10
0 2 0 90
1 6 18 22
2 4 14 17
2 5 18 24
3 6 14 19
(74, 182)

Arvore 54
0 1 10 10
0 2 0 90
1 6 18 22
2 4 14 17
3 5 19 13
3 6 14 19
(75, 171)

Arvore 55
0 1 10 10
1 2 90 0
1 6 18 22
2 4 14 17
2 5 18 24
3 6 14 19
(164, 92)

Arvore 56
0 1 10 10
1 2 90 0
1 6 18 22
2 4 14 17
3 5 19 13
3 6 14 19
(165, 81)

Arvore 57
0 1 10 10
1 6 18 22
2 4 14 17
2 5 18 24
2 6 10 20
3 6 14 19
(84, 112)

Arvore 58
0 1 10 10
1 6 18 22
2 4 14 17
2 6 10 20
3 5 19 13
3 6 14 19
(85, 101)

Arvore 59
0 1 10 10
0 2 0 90
1 6 18 22
2 5 18 24
3 4 18 19
3 6 14 19
(78, 184)

Arvore 60
0 1 10 10
0 2 0 90
1 6 18 22
3 4 18 19
3 5 19 13
3 6 14 19
(79, 173)

Arvore 61
0 1 10 10
1 2 90 0
1 6 18 22
2 5 18 24
3 4 18 19
3 6 14 19
(168, 94)

Arvore 62
0 1 10 10
1 2 90 0
1 6 18 22
3 4 18 19
3 5 19 13
3 6 14 19
(169, 83)

Arvore 63
0 1 10 10
1 6 18 22
2 4 14 17
2 5 18 24
3 4 18 19
3 6 14 19
(92, 111)

Arvore 64
0 1 10 10
1 6 18 22
2 4 14 17
3 4 18 19
3 5 19 13
3 6 14 19
(93, 100)

Arvore 65
0 1 10 10
1 6 18 22
2 5 18 24
2 6 10 20
3 4 18 19
3 6 14 19
(88, 114)

Arvore 66
0 1 10 10
1 6 18 22
2 6 10 20
3 4 18 19
3 5 19 13
3 6 14 19
(89, 103)

Arvore 67
0 2 0 90
0 5 21 12
1 2 90 0
2 4 14 17
2 6 10 20
3 5 19 13
(154, 152)

Arvore 68
0 2 0 90
0 5 21 12
1 2 90 0
2 4 14 17
2 6 10 20
3 6 14 19
(149, 158)

Arvore 69
0 2 0 90
0 5 21 12
0 6 22 18
1 2 90 0
2 4 14 17
3 4 18 19
(165, 156)

Arvore 70
0 2 0 90
0 5 21 12
1 2 90 0
2 4 14 17
2 6 10 20
3 4 18 19
(153, 158)

Arvore 71
0 2 0 90
0 5 21 12
1 2 90 0
2 4 14 17
3 4 18 19
3 6 14 19
(157, 157)

Arvore 72
0 2 0 90
0 5 21 12
0 6 22 18
1 2 90 0
2 4 14 17
3 5 19 13
(166, 150)

Arvore 73
0 2 0 90
0 5 21 12
1 2 90 0
2 4 14 17
3 5 19 13
3 6 14 19
(158, 151)

Arvore 74
0 2 0 90
1 2 90 0
2 4 14 17
2 5 18 24
2 6 10 20
3 6 14 19
(146, 170)

Arvore 75
0 2 0 90
1 2 90 0
2 4 14 17
2 6 10 20
3 5 19 13
3 6 14 19
(147, 159)

Arvore 76
0 2 0 90
1 2 90 0
2 4 14 17
2 5 18 24
2 6 10 20
3 4 18 19
(150, 170)

Arvore 77
0 2 0 90
1 2 90 0
2 4 14 17
2 6 10 20
3 4 18 19
3 5 19 13
(151, 159)

Arvore 78
0 2 0 90
0 6 22 18
1 2 90 0
2 4 14 17
3 4 18 19
3 5 19 13
(163, 157)

Arvore 79
0 2 0 90
1 2 90 0
2 4 14 17
3 4 18 19
3 5 19 13
3 6 14 19
(155, 158)

Arvore 80
0 2 0 90
1 2 90 0
2 4 14 17
2 5 18 24
3 4 18 19
3 6 14 19
(154, 169)

