0
0
0 11 41 52
1 12 37 28
2 13 11 26
3 4 52 36
4 5 10 15
5 6 11 11
5 16 23 44
7 8 28 35
8 9 49 57
8 19 24 36
9 10 27 40
10 21 73 53
11 12 50 58
12 23 19 16
13 14 29 49
14 15 17 45
14 25 24 49
15 16 46 39
16 27 40 25
17 18 46 43
17 28 54 37
18 19 31 54
19 30 55 50
20 21 29 38
20 31 72 51
22 23 24 17
23 24 37 42
23 34 11 36
24 35 20 35
25 26 29 53
26 37 7 26
28 29 49 60
28 39 49 67
31 42 3 34
32 43 14 37
33 34 24 26
35 36 37 46
36 37 26 47
37 38 37 45
38 39 48 48
39 40 14 22
41 42 75 46
42 43 39 55
(1441, 1729)
