1
0.01
0 10 11 38
1 11 22 27
2 12 71 49
3 13 59 50
4 14 19 20
5 15 44 43
6 7 3 31
6 16 9 15
7 8 39 37
7 17 51 50
8 9 18 19
8 18 17 36
9 19 42 40
10 11 8 35
10 20 66 59
12 13 32 57
13 14 17 38
14 15 78 63
14 24 7 40
15 16 32 28
16 26 47 44
18 28 16 34
19 29 65 72
20 30 58 64
21 22 14 29
21 31 27 43
22 23 43 56
23 24 2 13
24 34 15 25
25 35 31 23
27 28 11 29
28 38 6 42
30 31 67 44
31 32 69 49
31 41 43 64
33 34 11 21
35 36 88 54
36 37 11 19
36 46 70 42
37 38 62 64
37 47 14 46
38 39 70 82
40 41 56 43
42 43 72 54
43 44 23 22
44 45 61 54
45 46 59 68
47 48 83 56
48 49 82 73
(1921, 2104)
