0
0
0 21 25 35
1 2 10 10
1 22 49 46
2 3 0 2
4 5 58 61
5 6 39 56
5 26 21 23
6 7 25 49
6 27 4 23
7 8 21 18
7 28 9 31
8 9 87 58
9 10 54 37
10 11 35 28
11 12 43 56
11 32 15 40
12 13 17 41
13 14 17 20
14 35 47 30
15 36 53 54
16 37 9 28
17 38 21 46
18 19 40 36
19 20 47 66
20 41 61 56
21 22 50 35
22 23 20 28
22 43 31 25
23 24 16 31
24 25 21 52
24 45 58 52
26 47 51 32
28 29 32 27
28 49 37 54
30 31 2 2
31 52 25 20
32 33 17 14
33 54 44 47
34 35 4 9
34 55 52 35
35 36 37 51
37 58 36 54
38 39 49 63
38 59 16 32
39 40 19 21
40 41 63 54
40 61 9 20
42 43 4 34
44 45 72 57
45 46 36 33
46 47 6 4
47 48 20 20
49 50 59 51
50 51 78 66
51 52 5 6
52 53 36 31
55 56 30 49
56 57 72 45
57 58 70 70
58 59 28 51
60 61 19 16
61 62 21 48
(2052, 2289)
