1
0.01
0 1 59 42
1 12 0 33
2 3 42 28
2 13 37 49
3 4 33 57
4 5 47 37
5 6 10 15
6 7 60 65
6 17 24 17
8 9 8 43
9 20 0 13
10 21 40 29
11 22 34 28
12 23 65 45
13 14 48 55
13 24 1 15
15 16 26 23
15 26 60 47
16 17 31 20
16 27 8 23
17 28 11 41
18 29 10 41
19 20 38 27
19 30 24 30
20 21 17 17
21 32 21 38
22 23 15 37
22 33 24 41
24 25 16 32
26 37 12 20
28 39 12 20
29 30 15 29
29 40 27 34
30 41 24 52
31 32 6 20
31 42 48 34
33 34 9 20
33 44 7 42
34 45 17 34
35 36 19 24
35 46 29 32
37 48 53 52
38 49 17 45
39 40 7 7
39 50 5 20
41 52 2 1
42 43 53 66
44 55 16 30
45 46 3 7
45 56 15 16
47 48 12 23
47 58 11 38
48 59 3 26
49 60 38 39
50 51 42 40
50 61 15 17
52 53 27 26
53 54 5 24
53 64 49 34
56 57 3 15
57 58 28 21
60 61 0 12
61 62 49 44
63 64 53 38
64 65 26 41
(1566, 2031)
