0
0
0 10 69 45
1 2 24 24
2 3 84 75
2 12 43 40
4 5 51 33
5 15 86 75
6 7 66 49
6 16 15 48
7 8 58 44
8 9 11 44
9 19 34 29
10 11 23 16
10 20 9 40
11 12 12 21
11 21 31 40
13 14 33 31
14 15 46 39
15 16 6 20
17 18 3 4
18 19 27 48
19 29 11 29
20 30 36 49
22 23 16 38
22 32 21 43
23 24 11 35
24 25 6 15
24 34 6 36
25 26 21 40
26 27 25 16
26 36 47 55
27 37 8 23
28 29 61 49
28 38 3 4
29 39 67 57
30 31 8 15
31 32 14 17
31 41 33 45
32 33 26 19
32 42 60 45
33 43 41 34
34 44 69 49
35 45 32 37
36 46 23 49
37 47 35 47
38 48 39 37
40 50 58 50
42 52 54 35
43 53 8 14
44 45 57 35
46 56 27 45
47 48 27 43
47 57 7 7
49 59 3 31
50 60 6 33
51 52 3 23
53 54 23 22
53 63 7 23
54 64 7 12
55 56 55 63
55 65 5 32
56 66 63 60
57 58 13 39
58 68 53 52
59 69 56 59
60 61 9 38
61 62 71 44
62 63 25 40
66 67 29 23
68 69 87 70
(2203, 2541)
