0
0
0 10 11 14
1 11 56 62
2 3 27 46
2 12 17 21
4 5 12 44
4 14 34 39
5 6 48 47
5 15 33 36
7 8 37 53
7 17 85 54
8 9 33 50
10 11 68 60
10 20 76 59
12 13 11 28
13 14 54 39
13 23 40 54
15 16 23 18
15 25 24 14
16 17 56 43
16 26 31 39
17 18 43 55
18 19 75 46
20 21 59 50
21 22 48 39
22 32 0 21
23 24 46 47
26 27 8 23
27 37 2 31
28 29 9 35
28 38 10 20
30 40 14 31
31 32 7 15
32 33 6 13
33 43 36 25
34 44 13 37
35 45 5 33
36 37 18 36
37 47 46 29
38 39 28 42
39 49 22 27
40 41 54 43
40 50 3 11
41 42 35 25
42 43 12 34
42 52 26 21
44 45 6 9
45 46 12 14
46 47 12 45
47 48 1 16
47 57 39 41
48 49 12 37
48 58 14 30
50 51 5 31
50 60 18 27
53 63 8 24
54 55 56 55
55 65 23 30
56 57 41 28
56 66 41 33
58 59 14 28
60 61 1 26
60 70 21 32
61 71 53 38
62 63 36 41
63 64 24 25
63 73 20 12
64 65 24 22
65 66 9 40
65 75 36 33
66 67 37 34
67 77 1 20
68 78 33 29
69 79 33 23
71 72 50 37
72 73 37 28
72 82 18 38
74 75 0 1
75 85 35 41
76 86 20 13
77 78 60 37
78 88 67 74
79 89 54 71
80 81 48 40
81 82 75 46
83 84 85 71
84 85 14 13
85 86 9 8
86 87 2 24
88 89 76 62
(2681, 3036)
