2
0.02
0 1 37 41
0 48 50 37
2 3 39 25
2 50 32 32
3 4 70 63
3 51 16 21
4 5 71 47
5 6 6 26
5 53 13 41
7 8 40 28
7 55 32 34
9 10 19 24
10 58 4 37
11 12 71 69
12 60 38 27
13 14 62 44
13 61 51 36
14 15 15 38
14 62 52 35
15 63 73 46
16 17 45 42
17 18 54 46
17 65 15 20
18 66 57 39
19 20 25 44
19 67 68 64
20 21 50 66
21 22 62 39
22 23 40 39
23 24 17 43
23 71 37 46
24 25 11 9
25 26 76 69
26 27 5 16
27 28 20 30
27 75 47 66
28 29 12 39
30 78 9 8
31 32 15 29
32 80 8 16
33 81 57 62
34 35 46 50
35 36 55 65
36 37 83 71
37 38 83 82
37 85 17 10
38 39 61 66
38 86 33 25
39 40 71 82
40 41 37 42
41 42 29 31
42 43 6 8
43 44 68 52
43 91 15 44
45 93 94 61
46 47 3 5
46 94 34 55
47 95 40 53
48 49 19 23
49 50 80 49
52 53 54 69
53 54 84 57
54 55 41 35
55 56 20 20
56 57 5 21
57 58 80 56
58 59 30 21
59 60 71 76
60 61 64 43
63 64 69 55
64 65 37 43
66 67 48 67
67 68 55 61
68 69 15 30
70 71 65 53
71 72 40 25
72 73 11 29
73 74 65 63
75 76 1 14
76 77 81 69
77 78 71 73
78 79 10 34
79 80 19 13
80 81 78 69
81 82 6 8
82 83 0 15
83 84 14 20
84 85 32 19
86 87 27 29
87 88 30 54
89 90 24 33
90 91 16 36
91 92 26 55
92 93 1 35
93 94 24 30
(3709, 3887)
