0
0
Arvore 1
0 1 59 38
0 2 37 62
0 3 60 42
0 4 92 17
(248, 159)

Arvore 2
0 1 59 38
0 2 37 62
0 3 60 42
1 4 12 86
(168, 228)

Arvore 3
0 1 59 38
0 2 37 62
0 3 60 42
2 4 95 13
(251, 155)

Arvore 4
0 1 59 38
0 2 37 62
0 4 92 17
1 3 61 40
(249, 157)

Arvore 5
0 1 59 38
0 2 37 62
0 4 92 17
2 3 84 23
(272, 140)

Arvore 6
0 1 59 38
0 2 37 62
0 4 92 17
3 4 98 16
(286, 133)

Arvore 7
0 1 59 38
0 2 37 62
1 3 61 40
1 4 12 86
(169, 226)

Arvore 8
0 1 59 38
0 2 37 62
1 3 61 40
2 4 95 13
(252, 153)

Arvore 9
0 1 59 38
0 2 37 62
1 4 12 86
2 3 84 23
(192, 209)

Arvore 10
0 1 59 38
0 2 37 62
1 4 12 86
3 4 98 16
(206, 202)

Arvore 11
0 1 59 38
0 2 37 62
2 3 84 23
2 4 95 13
(275, 136)

Arvore 12
0 1 59 38
0 2 37 62
2 4 95 13
3 4 98 16
(289, 129)

Arvore 13
0 1 59 38
0 3 60 42
0 4 92 17
1 2 22 72
(233, 169)

Arvore 14
0 1 59 38
0 3 60 42
0 4 92 17
2 3 84 23
(295, 120)

Arvore 15
0 1 59 38
0 3 60 42
0 4 92 17
2 4 95 13
(306, 110)

Arvore 16
0 1 59 38
0 3 60 42
1 2 22 72
1 4 12 86
(153, 238)

Arvore 17
0 1 59 38
0 3 60 42
1 2 22 72
2 4 95 13
(236, 165)

Arvore 18
0 1 59 38
0 3 60 42
1 4 12 86
2 3 84 23
(215, 189)

Arvore 19
0 1 59 38
0 3 60 42
1 4 12 86
2 4 95 13
(226, 179)

Arvore 20
0 1 59 38
0 3 60 42
2 3 84 23
2 4 95 13
(298, 116)

Arvore 21
0 1 59 38
0 2 37 62
0 3 60 42
3 4 98 16
(254, 158)

Arvore 22
0 1 59 38
0 3 60 42
1 2 22 72
3 4 98 16
(239, 168)

Arvore 23
0 1 59 38
0 3 60 42
2 3 84 23
3 4 98 16
(301, 119)

Arvore 24
0 1 59 38
0 3 60 42
2 4 95 13
3 4 98 16
(312, 109)

Arvore 25
0 1 59 38
0 4 92 17
1 2 22 72
1 3 61 40
(234, 167)

Arvore 26
0 1 59 38
0 4 92 17
1 2 22 72
2 3 84 23
(257, 150)

Arvore 27
0 1 59 38
0 4 92 17
1 2 22 72
3 4 98 16
(271, 143)

Arvore 28
0 1 59 38
0 4 92 17
1 3 61 40
2 3 84 23
(296, 118)

Arvore 29
0 1 59 38
0 4 92 17
1 3 61 40
2 4 95 13
(307, 108)

Arvore 30
0 1 59 38
0 4 92 17
2 3 84 23
2 4 95 13
(330, 91)

Arvore 31
0 1 59 38
0 4 92 17
2 4 95 13
3 4 98 16
(344, 84)

Arvore 32
0 1 59 38
1 2 22 72
1 3 61 40
1 4 12 86
(154, 236)

Arvore 33
0 1 59 38
1 2 22 72
1 3 61 40
2 4 95 13
(237, 163)

Arvore 34
0 1 59 38
1 2 22 72
1 4 12 86
2 3 84 23
(177, 219)

Arvore 35
0 1 59 38
1 2 22 72
1 4 12 86
3 4 98 16
(191, 212)

Arvore 36
0 1 59 38
1 2 22 72
2 3 84 23
2 4 95 13
(260, 146)

Arvore 37
0 1 59 38
1 2 22 72
2 4 95 13
3 4 98 16
(274, 139)

Arvore 38
0 1 59 38
1 3 61 40
1 4 12 86
2 3 84 23
(216, 187)

Arvore 39
0 1 59 38
1 3 61 40
1 4 12 86
2 4 95 13
(227, 177)

Arvore 40
0 1 59 38
1 3 61 40
2 3 84 23
2 4 95 13
(299, 114)

Arvore 41
0 1 59 38
0 2 37 62
1 3 61 40
3 4 98 16
(255, 156)

Arvore 42
0 1 59 38
1 2 22 72
1 3 61 40
3 4 98 16
(240, 166)

Arvore 43
0 1 59 38
1 3 61 40
2 3 84 23
3 4 98 16
(302, 117)

Arvore 44
0 1 59 38
1 3 61 40
2 4 95 13
3 4 98 16
(313, 107)

Arvore 45
0 1 59 38
1 4 12 86
2 3 84 23
2 4 95 13
(250, 160)

Arvore 46
0 1 59 38
1 4 12 86
2 4 95 13
3 4 98 16
(264, 153)

Arvore 47
0 2 37 62
0 3 60 42
0 4 92 17
1 2 22 72
(211, 193)

Arvore 48
0 2 37 62
0 4 92 17
1 2 22 72
1 3 61 40
(212, 191)

Arvore 49
0 2 37 62
0 4 92 17
1 2 22 72
2 3 84 23
(235, 174)

Arvore 50
0 2 37 62
0 4 92 17
1 2 22 72
3 4 98 16
(249, 167)

Arvore 51
0 2 37 62
0 3 60 42
0 4 92 17
1 4 12 86
(201, 207)

Arvore 52
0 2 37 62
0 4 92 17
1 3 61 40
1 4 12 86
(202, 205)

Arvore 53
0 2 37 62
0 4 92 17
1 4 12 86
2 3 84 23
(225, 188)

Arvore 54
0 2 37 62
0 4 92 17
1 4 12 86
3 4 98 16
(239, 181)

Arvore 55
0 2 37 62
0 3 60 42
1 2 22 72
1 4 12 86
(131, 262)

Arvore 56
0 2 37 62
0 3 60 42
1 2 22 72
2 4 95 13
(214, 189)

Arvore 57
0 2 37 62
1 2 22 72
1 3 61 40
1 4 12 86
(132, 260)

Arvore 58
0 2 37 62
1 2 22 72
1 3 61 40
2 4 95 13
(215, 187)

Arvore 59
0 2 37 62
1 2 22 72
1 4 12 86
2 3 84 23
(155, 243)

Arvore 60
0 2 37 62
1 2 22 72
1 4 12 86
3 4 98 16
(169, 236)

Arvore 61
0 2 37 62
1 2 22 72
2 3 84 23
2 4 95 13
(238, 170)

Arvore 62
0 2 37 62
1 2 22 72
2 4 95 13
3 4 98 16
(252, 163)

Arvore 63
0 2 37 62
1 4 12 86
2 3 84 23
2 4 95 13
(228, 184)

Arvore 64
0 2 37 62
0 3 60 42
1 4 12 86
2 4 95 13
(204, 203)

Arvore 65
0 2 37 62
1 3 61 40
1 4 12 86
2 4 95 13
(205, 201)

Arvore 66
0 2 37 62
1 4 12 86
2 4 95 13
3 4 98 16
(242, 177)

Arvore 67
0 3 60 42
0 4 92 17
1 2 22 72
1 4 12 86
(186, 217)

Arvore 68
0 3 60 42
0 4 92 17
1 4 12 86
2 3 84 23
(248, 168)

Arvore 69
0 3 60 42
0 4 92 17
1 4 12 86
2 4 95 13
(259, 158)

Arvore 70
0 4 92 17
1 2 22 72
1 3 61 40
1 4 12 86
(187, 215)

Arvore 71
0 4 92 17
1 2 22 72
1 4 12 86
2 3 84 23
(210, 198)

Arvore 72
0 4 92 17
1 2 22 72
1 4 12 86
3 4 98 16
(224, 191)

Arvore 73
0 4 92 17
1 3 61 40
1 4 12 86
2 3 84 23
(249, 166)

Arvore 74
0 4 92 17
1 3 61 40
1 4 12 86
2 4 95 13
(260, 156)

Arvore 75
0 4 92 17
1 4 12 86
2 3 84 23
2 4 95 13
(283, 139)

Arvore 76
0 4 92 17
1 4 12 86
2 4 95 13
3 4 98 16
(297, 132)

Arvore 77
0 3 60 42
0 4 92 17
1 2 22 72
2 4 95 13
(269, 144)

Arvore 78
0 4 92 17
1 2 22 72
1 3 61 40
2 4 95 13
(270, 142)

Arvore 79
0 4 92 17
1 2 22 72
2 3 84 23
2 4 95 13
(293, 125)

Arvore 80
0 4 92 17
1 2 22 72
2 4 95 13
3 4 98 16
(307, 118)

