0
0
Arvore 1
0 2 97 11
0 3 92 24
0 4 23 66
1 2 0 77
(212, 178)

Arvore 2
0 2 97 11
0 3 92 24
0 4 23 66
1 3 34 38
(246, 139)

Arvore 3
0 2 97 11
0 3 92 24
0 4 23 66
1 4 17 43
(229, 144)

Arvore 4
0 2 97 11
0 3 92 24
1 2 0 77
1 4 17 43
(206, 155)

Arvore 5
0 2 97 11
0 3 92 24
1 3 34 38
1 4 17 43
(240, 116)

Arvore 6
0 2 97 11
1 2 0 77
1 3 34 38
1 4 17 43
(148, 169)

Arvore 7
0 2 97 11
1 2 0 77
1 4 17 43
2 3 21 60
(135, 191)

Arvore 8
0 2 97 11
0 4 23 66
1 2 0 77
2 3 21 60
(141, 214)

Arvore 9
0 2 97 11
0 4 23 66
1 3 34 38
2 3 21 60
(175, 175)

Arvore 10
0 2 97 11
0 4 23 66
1 4 17 43
2 3 21 60
(158, 180)

Arvore 11
0 2 97 11
1 3 34 38
1 4 17 43
2 3 21 60
(169, 152)

Arvore 12
0 2 97 11
0 3 92 24
1 2 0 77
2 4 42 46
(231, 158)

Arvore 13
0 2 97 11
0 3 92 24
1 3 34 38
2 4 42 46
(265, 119)

Arvore 14
0 2 97 11
0 3 92 24
1 4 17 43
2 4 42 46
(248, 124)

Arvore 15
0 2 97 11
1 2 0 77
1 3 34 38
2 4 42 46
(173, 172)

Arvore 16
0 2 97 11
1 2 0 77
2 3 21 60
2 4 42 46
(160, 194)

Arvore 17
0 2 97 11
1 3 34 38
1 4 17 43
2 4 42 46
(190, 138)

Arvore 18
0 2 97 11
1 4 17 43
2 3 21 60
2 4 42 46
(177, 160)

Arvore 19
0 3 92 24
1 2 0 77
1 3 34 38
1 4 17 43
(143, 182)

Arvore 20
0 3 92 24
1 3 34 38
1 4 17 43
2 3 21 60
(164, 165)

Arvore 21
0 3 92 24
1 3 34 38
1 4 17 43
2 4 42 46
(185, 151)

Arvore 22
0 3 92 24
0 4 23 66
1 2 0 77
2 3 21 60
(136, 227)

Arvore 23
0 3 92 24
0 4 23 66
1 3 34 38
2 3 21 60
(170, 188)

Arvore 24
0 3 92 24
0 4 23 66
1 4 17 43
2 3 21 60
(153, 193)

Arvore 25
0 3 92 24
1 2 0 77
1 4 17 43
2 3 21 60
(130, 204)

Arvore 26
0 2 97 11
0 4 23 66
1 2 0 77
1 3 34 38
(154, 192)

Arvore 27
0 2 97 11
0 4 23 66
1 3 34 38
1 4 17 43
(171, 158)

Arvore 28
0 3 92 24
0 4 23 66
1 2 0 77
1 3 34 38
(149, 205)

Arvore 29
0 3 92 24
0 4 23 66
1 3 34 38
2 4 42 46
(191, 174)

Arvore 30
0 3 92 24
0 4 23 66
1 2 0 77
1 4 17 43
(132, 210)

Arvore 31
0 3 92 24
0 4 23 66
1 4 17 43
2 4 42 46
(174, 179)

Arvore 32
0 4 23 66
1 2 0 77
1 3 34 38
1 4 17 43
(74, 224)

Arvore 33
0 4 23 66
1 2 0 77
1 4 17 43
2 3 21 60
(61, 246)

Arvore 34
0 4 23 66
1 3 34 38
1 4 17 43
2 3 21 60
(95, 207)

Arvore 35
0 4 23 66
1 3 34 38
1 4 17 43
2 4 42 46
(116, 193)

