38
0.38
Arvore 1
0 1 79 43
0 2 39 46
0 4 32 79
0 6 39 80
2 3 35 47
2 5 81 28
(305, 323)

Arvore 2
0 2 39 46
0 4 32 79
0 6 39 80
1 3 69 46
2 3 35 47
2 5 81 28
(295, 326)

Arvore 3
0 2 39 46
0 4 32 79
0 6 39 80
1 4 57 49
2 3 35 47
2 5 81 28
(283, 329)

Arvore 4
0 2 39 46
0 4 32 79
0 6 39 80
1 5 1 89
2 3 35 47
2 5 81 28
(227, 369)

Arvore 5
0 2 39 46
0 4 32 79
0 6 39 80
1 6 27 76
2 3 35 47
2 5 81 28
(253, 356)

Arvore 6
0 1 79 43
0 2 39 46
0 4 32 79
0 6 39 80
2 3 35 47
3 5 99 1
(323, 296)

Arvore 7
0 2 39 46
0 4 32 79
0 6 39 80
1 3 69 46
2 3 35 47
3 5 99 1
(313, 299)

Arvore 8
0 2 39 46
0 4 32 79
0 6 39 80
1 4 57 49
2 3 35 47
3 5 99 1
(301, 302)

Arvore 9
0 2 39 46
0 4 32 79
0 6 39 80
1 5 1 89
2 3 35 47
3 5 99 1
(245, 342)

Arvore 10
0 2 39 46
0 4 32 79
0 6 39 80
1 6 27 76
2 3 35 47
3 5 99 1
(271, 329)

Arvore 11
0 1 79 43
0 2 39 46
0 4 32 79
0 6 39 80
2 3 35 47
4 5 45 33
(269, 328)

Arvore 12
0 2 39 46
0 4 32 79
0 6 39 80
1 3 69 46
2 3 35 47
4 5 45 33
(259, 331)

Arvore 13
0 2 39 46
0 4 32 79
0 6 39 80
1 4 57 49
2 3 35 47
4 5 45 33
(247, 334)

Arvore 14
0 2 39 46
0 4 32 79
0 6 39 80
1 5 1 89
2 3 35 47
4 5 45 33
(191, 374)

Arvore 15
0 2 39 46
0 4 32 79
0 6 39 80
1 6 27 76
2 3 35 47
4 5 45 33
(217, 361)

Arvore 16
0 1 79 43
0 2 39 46
0 4 32 79
0 6 39 80
2 3 35 47
5 6 9 62
(233, 357)

Arvore 17
0 2 39 46
0 4 32 79
0 6 39 80
1 3 69 46
2 3 35 47
5 6 9 62
(223, 360)

Arvore 18
0 2 39 46
0 4 32 79
0 6 39 80
1 4 57 49
2 3 35 47
5 6 9 62
(211, 363)

Arvore 19
0 2 39 46
0 4 32 79
0 6 39 80
1 5 1 89
2 3 35 47
5 6 9 62
(155, 403)

Arvore 20
0 2 39 46
0 4 32 79
0 6 39 80
1 6 27 76
2 3 35 47
5 6 9 62
(181, 390)

Arvore 21
0 1 79 43
0 2 39 46
0 4 32 79
2 3 35 47
2 5 81 28
2 6 74 52
(340, 295)

Arvore 22
0 1 79 43
0 2 39 46
0 4 32 79
2 3 35 47
2 5 81 28
3 6 92 20
(358, 263)

Arvore 23
0 1 79 43
0 2 39 46
0 4 32 79
2 3 35 47
2 5 81 28
5 6 9 62
(275, 305)

Arvore 24
0 2 39 46
0 4 32 79
1 3 69 46
2 3 35 47
2 5 81 28
2 6 74 52
(330, 298)

Arvore 25
0 2 39 46
0 4 32 79
1 3 69 46
2 3 35 47
2 5 81 28
3 6 92 20
(348, 266)

Arvore 26
0 2 39 46
0 4 32 79
1 3 69 46
2 3 35 47
2 5 81 28
5 6 9 62
(265, 308)

Arvore 27
0 2 39 46
0 4 32 79
1 4 57 49
2 3 35 47
2 5 81 28
2 6 74 52
(318, 301)

Arvore 28
0 2 39 46
0 4 32 79
1 4 57 49
2 3 35 47
2 5 81 28
3 6 92 20
(336, 269)

Arvore 29
0 2 39 46
0 4 32 79
1 4 57 49
2 3 35 47
2 5 81 28
5 6 9 62
(253, 311)

Arvore 30
0 2 39 46
0 4 32 79
1 5 1 89
2 3 35 47
2 5 81 28
2 6 74 52
(262, 341)

Arvore 31
0 2 39 46
0 4 32 79
1 5 1 89
2 3 35 47
2 5 81 28
3 6 92 20
(280, 309)

Arvore 32
0 2 39 46
0 4 32 79
1 5 1 89
2 3 35 47
2 5 81 28
5 6 9 62
(197, 351)

Arvore 33
0 2 39 46
0 4 32 79
1 6 27 76
2 3 35 47
2 5 81 28
3 6 92 20
(306, 296)

Arvore 34
0 2 39 46
0 4 32 79
1 6 27 76
2 3 35 47
2 5 81 28
5 6 9 62
(223, 338)

Arvore 35
0 1 79 43
0 2 39 46
0 4 32 79
2 3 35 47
2 6 74 52
3 5 99 1
(358, 268)

Arvore 36
0 1 79 43
0 2 39 46
0 4 32 79
2 3 35 47
3 5 99 1
3 6 92 20
(376, 236)

Arvore 37
0 1 79 43
0 2 39 46
0 4 32 79
2 3 35 47
3 5 99 1
5 6 9 62
(293, 278)

Arvore 38
0 2 39 46
0 4 32 79
1 3 69 46
2 3 35 47
2 6 74 52
3 5 99 1
(348, 271)

Arvore 39
0 2 39 46
0 4 32 79
1 3 69 46
2 3 35 47
3 5 99 1
3 6 92 20
(366, 239)

Arvore 40
0 2 39 46
0 4 32 79
1 3 69 46
2 3 35 47
3 5 99 1
5 6 9 62
(283, 281)

Arvore 41
0 2 39 46
0 4 32 79
1 4 57 49
2 3 35 47
2 6 74 52
3 5 99 1
(336, 274)

Arvore 42
0 2 39 46
0 4 32 79
1 4 57 49
2 3 35 47
3 5 99 1
3 6 92 20
(354, 242)

Arvore 43
0 2 39 46
0 4 32 79
1 4 57 49
2 3 35 47
3 5 99 1
5 6 9 62
(271, 284)

Arvore 44
0 2 39 46
0 4 32 79
1 5 1 89
2 3 35 47
2 6 74 52
3 5 99 1
(280, 314)

Arvore 45
0 2 39 46
0 4 32 79
1 5 1 89
2 3 35 47
3 5 99 1
3 6 92 20
(298, 282)

Arvore 46
0 2 39 46
0 4 32 79
1 5 1 89
2 3 35 47
3 5 99 1
5 6 9 62
(215, 324)

Arvore 47
0 2 39 46
0 4 32 79
1 6 27 76
2 3 35 47
3 5 99 1
3 6 92 20
(324, 269)

Arvore 48
0 2 39 46
0 4 32 79
1 6 27 76
2 3 35 47
3 5 99 1
5 6 9 62
(241, 311)

Arvore 49
0 1 79 43
0 2 39 46
0 4 32 79
2 3 35 47
3 6 92 20
4 5 45 33
(322, 268)

Arvore 50
0 2 39 46
0 4 32 79
1 3 69 46
2 3 35 47
3 6 92 20
4 5 45 33
(312, 271)

Arvore 51
0 2 39 46
0 4 32 79
1 4 57 49
2 3 35 47
3 6 92 20
4 5 45 33
(300, 274)

Arvore 52
0 2 39 46
0 4 32 79
1 5 1 89
2 3 35 47
3 6 92 20
4 5 45 33
(244, 314)

Arvore 53
0 2 39 46
0 4 32 79
1 6 27 76
2 3 35 47
3 6 92 20
4 5 45 33
(270, 301)

Arvore 54
0 1 79 43
0 2 39 46
0 4 32 79
2 3 35 47
3 6 92 20
5 6 9 62
(286, 297)

Arvore 55
0 2 39 46
0 4 32 79
1 3 69 46
2 3 35 47
3 6 92 20
5 6 9 62
(276, 300)

Arvore 56
0 2 39 46
0 4 32 79
1 4 57 49
2 3 35 47
3 6 92 20
5 6 9 62
(264, 303)

Arvore 57
0 2 39 46
0 4 32 79
1 5 1 89
2 3 35 47
3 6 92 20
5 6 9 62
(208, 343)

Arvore 58
0 2 39 46
0 4 32 79
1 6 27 76
2 3 35 47
3 6 92 20
5 6 9 62
(234, 330)

Arvore 59
0 1 79 43
0 2 39 46
0 4 32 79
2 3 35 47
2 6 74 52
4 5 45 33
(304, 300)

Arvore 60
0 1 79 43
0 2 39 46
0 4 32 79
2 3 35 47
4 5 45 33
5 6 9 62
(239, 310)

Arvore 61
0 2 39 46
0 4 32 79
1 3 69 46
2 3 35 47
2 6 74 52
4 5 45 33
(294, 303)

Arvore 62
0 2 39 46
0 4 32 79
1 3 69 46
2 3 35 47
4 5 45 33
5 6 9 62
(229, 313)

Arvore 63
0 2 39 46
0 4 32 79
1 4 57 49
2 3 35 47
2 6 74 52
4 5 45 33
(282, 306)

Arvore 64
0 2 39 46
0 4 32 79
1 4 57 49
2 3 35 47
4 5 45 33
5 6 9 62
(217, 316)

Arvore 65
0 2 39 46
0 4 32 79
1 5 1 89
2 3 35 47
2 6 74 52
4 5 45 33
(226, 346)

Arvore 66
0 2 39 46
0 4 32 79
1 5 1 89
2 3 35 47
4 5 45 33
5 6 9 62
(161, 356)

Arvore 67
0 2 39 46
0 4 32 79
1 6 27 76
2 3 35 47
4 5 45 33
5 6 9 62
(187, 343)

Arvore 68
0 1 79 43
0 2 39 46
0 4 32 79
2 3 35 47
2 5 81 28
4 6 23 81
(289, 324)

Arvore 69
0 2 39 46
0 4 32 79
1 3 69 46
2 3 35 47
2 5 81 28
4 6 23 81
(279, 327)

Arvore 70
0 2 39 46
0 4 32 79
1 4 57 49
2 3 35 47
2 5 81 28
4 6 23 81
(267, 330)

Arvore 71
0 2 39 46
0 4 32 79
1 5 1 89
2 3 35 47
2 5 81 28
4 6 23 81
(211, 370)

Arvore 72
0 2 39 46
0 4 32 79
1 6 27 76
2 3 35 47
2 5 81 28
4 6 23 81
(237, 357)

Arvore 73
0 1 79 43
0 2 39 46
0 4 32 79
2 3 35 47
3 5 99 1
4 6 23 81
(307, 297)

Arvore 74
0 2 39 46
0 4 32 79
1 3 69 46
2 3 35 47
3 5 99 1
4 6 23 81
(297, 300)

Arvore 75
0 2 39 46
0 4 32 79
1 4 57 49
2 3 35 47
3 5 99 1
4 6 23 81
(285, 303)

Arvore 76
0 2 39 46
0 4 32 79
1 5 1 89
2 3 35 47
3 5 99 1
4 6 23 81
(229, 343)

Arvore 77
0 2 39 46
0 4 32 79
1 6 27 76
2 3 35 47
3 5 99 1
4 6 23 81
(255, 330)

Arvore 78
0 1 79 43
0 2 39 46
0 4 32 79
2 3 35 47
4 5 45 33
4 6 23 81
(253, 329)

Arvore 79
0 2 39 46
0 4 32 79
1 3 69 46
2 3 35 47
4 5 45 33
4 6 23 81
(243, 332)

Arvore 80
0 2 39 46
0 4 32 79
1 4 57 49
2 3 35 47
4 5 45 33
4 6 23 81
(231, 335)

Arvore 81
0 2 39 46
0 4 32 79
1 5 1 89
2 3 35 47
4 5 45 33
4 6 23 81
(175, 375)

Arvore 82
0 2 39 46
0 4 32 79
1 6 27 76
2 3 35 47
4 5 45 33
4 6 23 81
(201, 362)

Arvore 83
0 1 79 43
0 2 39 46
0 4 32 79
2 3 35 47
4 6 23 81
5 6 9 62
(217, 358)

Arvore 84
0 2 39 46
0 4 32 79
1 3 69 46
2 3 35 47
4 6 23 81
5 6 9 62
(207, 361)

Arvore 85
0 2 39 46
0 4 32 79
1 4 57 49
2 3 35 47
4 6 23 81
5 6 9 62
(195, 364)

Arvore 86
0 2 39 46
0 4 32 79
1 5 1 89
2 3 35 47
4 6 23 81
5 6 9 62
(139, 404)

Arvore 87
0 2 39 46
0 4 32 79
1 6 27 76
2 3 35 47
4 6 23 81
5 6 9 62
(165, 391)

Arvore 88
0 2 39 46
0 4 32 79
1 5 1 89
2 5 81 28
2 6 74 52
3 4 69 34
(296, 328)

Arvore 89
0 2 39 46
0 4 32 79
1 5 1 89
2 5 81 28
3 4 69 34
3 6 92 20
(314, 296)

Arvore 90
0 2 39 46
0 4 32 79
1 5 1 89
2 5 81 28
3 4 69 34
5 6 9 62
(231, 338)

Arvore 91
0 2 39 46
0 4 32 79
1 5 1 89
2 5 81 28
2 6 74 52
3 5 99 1
(326, 295)

Arvore 92
0 2 39 46
0 4 32 79
1 5 1 89
2 5 81 28
3 5 99 1
3 6 92 20
(344, 263)

Arvore 93
0 2 39 46
0 4 32 79
1 5 1 89
2 5 81 28
3 5 99 1
5 6 9 62
(261, 305)

Arvore 94
0 2 39 46
0 4 32 79
1 5 1 89
2 5 81 28
3 6 92 20
5 6 9 62
(254, 324)

Arvore 95
0 1 79 43
0 2 39 46
0 4 32 79
2 5 81 28
2 6 74 52
3 4 69 34
(374, 282)

Arvore 96
0 1 79 43
0 2 39 46
0 4 32 79
2 5 81 28
3 4 69 34
3 6 92 20
(392, 250)

Arvore 97
0 1 79 43
0 2 39 46
0 4 32 79
2 5 81 28
3 4 69 34
5 6 9 62
(309, 292)

Arvore 98
0 2 39 46
0 4 32 79
1 3 69 46
2 5 81 28
2 6 74 52
3 4 69 34
(364, 285)

Arvore 99
0 2 39 46
0 4 32 79
1 3 69 46
2 5 81 28
3 4 69 34
3 6 92 20
(382, 253)

Arvore 100
0 2 39 46
0 4 32 79
1 3 69 46
2 5 81 28
3 4 69 34
5 6 9 62
(299, 295)

Arvore 101
0 2 39 46
0 4 32 79
1 4 57 49
2 5 81 28
2 6 74 52
3 4 69 34
(352, 288)

Arvore 102
0 2 39 46
0 4 32 79
1 4 57 49
2 5 81 28
3 4 69 34
3 6 92 20
(370, 256)

Arvore 103
0 2 39 46
0 4 32 79
1 4 57 49
2 5 81 28
3 4 69 34
5 6 9 62
(287, 298)

Arvore 104
0 2 39 46
0 4 32 79
1 6 27 76
2 5 81 28
3 4 69 34
3 6 92 20
(340, 283)

Arvore 105
0 2 39 46
0 4 32 79
1 6 27 76
2 5 81 28
3 4 69 34
5 6 9 62
(257, 325)

Arvore 106
0 1 79 43
0 2 39 46
0 4 32 79
2 5 81 28
2 6 74 52
3 5 99 1
(404, 249)

Arvore 107
0 1 79 43
0 2 39 46
0 4 32 79
2 5 81 28
3 5 99 1
3 6 92 20
(422, 217)

Arvore 108
0 1 79 43
0 2 39 46
0 4 32 79
2 5 81 28
3 5 99 1
5 6 9 62
(339, 259)

Arvore 109
0 2 39 46
0 4 32 79
1 3 69 46
2 5 81 28
2 6 74 52
3 5 99 1
(394, 252)

Arvore 110
0 2 39 46
0 4 32 79
1 3 69 46
2 5 81 28
3 5 99 1
3 6 92 20
(412, 220)

Arvore 111
0 2 39 46
0 4 32 79
1 3 69 46
2 5 81 28
3 5 99 1
5 6 9 62
(329, 262)

Arvore 112
0 2 39 46
0 4 32 79
1 4 57 49
2 5 81 28
2 6 74 52
3 5 99 1
(382, 255)

Arvore 113
0 2 39 46
0 4 32 79
1 4 57 49
2 5 81 28
3 5 99 1
3 6 92 20
(400, 223)

Arvore 114
0 2 39 46
0 4 32 79
1 4 57 49
2 5 81 28
3 5 99 1
5 6 9 62
(317, 265)

Arvore 115
0 2 39 46
0 4 32 79
1 6 27 76
2 5 81 28
3 5 99 1
3 6 92 20
(370, 250)

Arvore 116
0 2 39 46
0 4 32 79
1 6 27 76
2 5 81 28
3 5 99 1
5 6 9 62
(287, 292)

Arvore 117
0 2 39 46
0 4 32 79
1 6 27 76
2 5 81 28
3 6 92 20
5 6 9 62
(280, 311)

Arvore 118
0 1 79 43
0 2 39 46
0 4 32 79
2 5 81 28
3 6 92 20
5 6 9 62
(332, 278)

Arvore 119
0 2 39 46
0 4 32 79
1 3 69 46
2 5 81 28
3 6 92 20
5 6 9 62
(322, 281)

Arvore 120
0 2 39 46
0 4 32 79
1 4 57 49
2 5 81 28
3 6 92 20
5 6 9 62
(310, 284)

Arvore 121
0 2 39 46
0 4 32 79
1 5 1 89
2 6 74 52
3 4 69 34
4 5 45 33
(260, 333)

Arvore 122
0 2 39 46
0 4 32 79
1 5 1 89
3 4 69 34
3 6 92 20
4 5 45 33
(278, 301)

Arvore 123
0 2 39 46
0 4 32 79
1 5 1 89
3 4 69 34
4 5 45 33
5 6 9 62
(195, 343)

Arvore 124
0 2 39 46
0 4 32 79
1 5 1 89
2 6 74 52
3 5 99 1
4 5 45 33
(290, 300)

Arvore 125
0 2 39 46
0 4 32 79
1 5 1 89
3 5 99 1
3 6 92 20
4 5 45 33
(308, 268)

Arvore 126
0 2 39 46
0 4 32 79
1 5 1 89
3 5 99 1
4 5 45 33
5 6 9 62
(225, 310)

Arvore 127
0 2 39 46
0 4 32 79
1 5 1 89
3 6 92 20
4 5 45 33
5 6 9 62
(218, 329)

Arvore 128
0 1 79 43
0 2 39 46
0 4 32 79
2 6 74 52
3 4 69 34
4 5 45 33
(338, 287)

Arvore 129
0 1 79 43
0 2 39 46
0 4 32 79
3 4 69 34
3 6 92 20
4 5 45 33
(356, 255)

Arvore 130
0 1 79 43
0 2 39 46
0 4 32 79
3 4 69 34
4 5 45 33
5 6 9 62
(273, 297)

Arvore 131
0 2 39 46
0 4 32 79
1 3 69 46
2 6 74 52
3 4 69 34
4 5 45 33
(328, 290)

Arvore 132
0 2 39 46
0 4 32 79
1 3 69 46
3 4 69 34
3 6 92 20
4 5 45 33
(346, 258)

Arvore 133
0 2 39 46
0 4 32 79
1 3 69 46
3 4 69 34
4 5 45 33
5 6 9 62
(263, 300)

Arvore 134
0 2 39 46
0 4 32 79
1 4 57 49
2 6 74 52
3 4 69 34
4 5 45 33
(316, 293)

Arvore 135
0 2 39 46
0 4 32 79
1 4 57 49
3 4 69 34
3 6 92 20
4 5 45 33
(334, 261)

Arvore 136
0 2 39 46
0 4 32 79
1 4 57 49
3 4 69 34
4 5 45 33
5 6 9 62
(251, 303)

Arvore 137
0 2 39 46
0 4 32 79
1 6 27 76
3 4 69 34
3 6 92 20
4 5 45 33
(304, 288)

Arvore 138
0 2 39 46
0 4 32 79
1 6 27 76
3 4 69 34
4 5 45 33
5 6 9 62
(221, 330)

Arvore 139
0 1 79 43
0 2 39 46
0 4 32 79
2 6 74 52
3 5 99 1
4 5 45 33
(368, 254)

Arvore 140
0 1 79 43
0 2 39 46
0 4 32 79
3 5 99 1
3 6 92 20
4 5 45 33
(386, 222)

Arvore 141
0 1 79 43
0 2 39 46
0 4 32 79
3 5 99 1
4 5 45 33
5 6 9 62
(303, 264)

Arvore 142
0 2 39 46
0 4 32 79
1 3 69 46
2 6 74 52
3 5 99 1
4 5 45 33
(358, 257)

Arvore 143
0 2 39 46
0 4 32 79
1 3 69 46
3 5 99 1
3 6 92 20
4 5 45 33
(376, 225)

Arvore 144
0 2 39 46
0 4 32 79
1 3 69 46
3 5 99 1
4 5 45 33
5 6 9 62
(293, 267)

Arvore 145
0 2 39 46
0 4 32 79
1 4 57 49
2 6 74 52
3 5 99 1
4 5 45 33
(346, 260)

Arvore 146
0 2 39 46
0 4 32 79
1 4 57 49
3 5 99 1
3 6 92 20
4 5 45 33
(364, 228)

Arvore 147
0 2 39 46
0 4 32 79
1 4 57 49
3 5 99 1
4 5 45 33
5 6 9 62
(281, 270)

Arvore 148
0 2 39 46
0 4 32 79
1 6 27 76
3 5 99 1
3 6 92 20
4 5 45 33
(334, 255)

Arvore 149
0 2 39 46
0 4 32 79
1 6 27 76
3 5 99 1
4 5 45 33
5 6 9 62
(251, 297)

Arvore 150
0 2 39 46
0 4 32 79
1 6 27 76
3 6 92 20
4 5 45 33
5 6 9 62
(244, 316)

Arvore 151
0 1 79 43
0 2 39 46
0 4 32 79
3 6 92 20
4 5 45 33
5 6 9 62
(296, 283)

Arvore 152
0 2 39 46
0 4 32 79
1 3 69 46
3 6 92 20
4 5 45 33
5 6 9 62
(286, 286)

Arvore 153
0 2 39 46
0 4 32 79
1 4 57 49
3 6 92 20
4 5 45 33
5 6 9 62
(274, 289)

Arvore 154
0 2 39 46
0 4 32 79
1 5 1 89
2 5 81 28
3 4 69 34
4 6 23 81
(245, 357)

Arvore 155
0 2 39 46
0 4 32 79
1 5 1 89
2 5 81 28
3 5 99 1
4 6 23 81
(275, 324)

Arvore 156
0 2 39 46
0 4 32 79
1 5 1 89
2 5 81 28
3 6 92 20
4 6 23 81
(268, 343)

Arvore 157
0 2 39 46
0 4 32 79
1 6 27 76
2 5 81 28
3 4 69 34
4 6 23 81
(271, 344)

Arvore 158
0 2 39 46
0 4 32 79
1 6 27 76
2 5 81 28
3 5 99 1
4 6 23 81
(301, 311)

Arvore 159
0 2 39 46
0 4 32 79
1 6 27 76
2 5 81 28
3 6 92 20
4 6 23 81
(294, 330)

Arvore 160
0 1 79 43
0 2 39 46
0 4 32 79
2 5 81 28
3 4 69 34
4 6 23 81
(323, 311)

Arvore 161
0 2 39 46
0 4 32 79
1 3 69 46
2 5 81 28
3 4 69 34
4 6 23 81
(313, 314)

Arvore 162
0 2 39 46
0 4 32 79
1 4 57 49
2 5 81 28
3 4 69 34
4 6 23 81
(301, 317)

Arvore 163
0 1 79 43
0 2 39 46
0 4 32 79
2 5 81 28
3 5 99 1
4 6 23 81
(353, 278)

Arvore 164
0 2 39 46
0 4 32 79
1 3 69 46
2 5 81 28
3 5 99 1
4 6 23 81
(343, 281)

Arvore 165
0 2 39 46
0 4 32 79
1 4 57 49
2 5 81 28
3 5 99 1
4 6 23 81
(331, 284)

Arvore 166
0 1 79 43
0 2 39 46
0 4 32 79
2 5 81 28
3 6 92 20
4 6 23 81
(346, 297)

Arvore 167
0 2 39 46
0 4 32 79
1 3 69 46
2 5 81 28
3 6 92 20
4 6 23 81
(336, 300)

Arvore 168
0 2 39 46
0 4 32 79
1 4 57 49
2 5 81 28
3 6 92 20
4 6 23 81
(324, 303)

Arvore 169
0 1 79 43
0 2 39 46
0 4 32 79
3 5 99 1
3 6 92 20
4 6 23 81
(364, 270)

Arvore 170
0 2 39 46
0 4 32 79
1 3 69 46
3 5 99 1
3 6 92 20
4 6 23 81
(354, 273)

Arvore 171
0 2 39 46
0 4 32 79
1 4 57 49
3 5 99 1
3 6 92 20
4 6 23 81
(342, 276)

Arvore 172
0 2 39 46
0 4 32 79
1 5 1 89
3 5 99 1
3 6 92 20
4 6 23 81
(286, 316)

Arvore 173
0 2 39 46
0 4 32 79
1 6 27 76
3 5 99 1
3 6 92 20
4 6 23 81
(312, 303)

Arvore 174
0 1 79 43
0 2 39 46
0 4 32 79
3 6 92 20
4 5 45 33
4 6 23 81
(310, 302)

Arvore 175
0 2 39 46
0 4 32 79
1 3 69 46
3 6 92 20
4 5 45 33
4 6 23 81
(300, 305)

Arvore 176
0 2 39 46
0 4 32 79
1 4 57 49
3 6 92 20
4 5 45 33
4 6 23 81
(288, 308)

Arvore 177
0 2 39 46
0 4 32 79
1 5 1 89
3 6 92 20
4 5 45 33
4 6 23 81
(232, 348)

Arvore 178
0 2 39 46
0 4 32 79
1 6 27 76
3 6 92 20
4 5 45 33
4 6 23 81
(258, 335)

Arvore 179
0 1 79 43
0 2 39 46
0 4 32 79
3 6 92 20
4 6 23 81
5 6 9 62
(274, 331)

Arvore 180
0 2 39 46
0 4 32 79
1 3 69 46
3 6 92 20
4 6 23 81
5 6 9 62
(264, 334)

Arvore 181
0 2 39 46
0 4 32 79
1 4 57 49
3 6 92 20
4 6 23 81
5 6 9 62
(252, 337)

Arvore 182
0 2 39 46
0 4 32 79
1 5 1 89
3 6 92 20
4 6 23 81
5 6 9 62
(196, 377)

Arvore 183
0 2 39 46
0 4 32 79
1 6 27 76
3 6 92 20
4 6 23 81
5 6 9 62
(222, 364)

Arvore 184
0 2 39 46
0 4 32 79
1 5 1 89
3 4 69 34
4 5 45 33
4 6 23 81
(209, 362)

Arvore 185
0 2 39 46
0 4 32 79
1 5 1 89
3 5 99 1
4 5 45 33
4 6 23 81
(239, 329)

Arvore 186
0 2 39 46
0 4 32 79
1 6 27 76
3 4 69 34
4 5 45 33
4 6 23 81
(235, 349)

Arvore 187
0 2 39 46
0 4 32 79
1 6 27 76
3 5 99 1
4 5 45 33
4 6 23 81
(265, 316)

Arvore 188
0 1 79 43
0 2 39 46
0 4 32 79
3 4 69 34
4 5 45 33
4 6 23 81
(287, 316)

Arvore 189
0 2 39 46
0 4 32 79
1 3 69 46
3 4 69 34
4 5 45 33
4 6 23 81
(277, 319)

Arvore 190
0 2 39 46
0 4 32 79
1 4 57 49
3 4 69 34
4 5 45 33
4 6 23 81
(265, 322)

Arvore 191
0 1 79 43
0 2 39 46
0 4 32 79
3 5 99 1
4 5 45 33
4 6 23 81
(317, 283)

Arvore 192
0 2 39 46
0 4 32 79
1 3 69 46
3 5 99 1
4 5 45 33
4 6 23 81
(307, 286)

Arvore 193
0 2 39 46
0 4 32 79
1 4 57 49
3 5 99 1
4 5 45 33
4 6 23 81
(295, 289)

Arvore 194
0 2 39 46
0 4 32 79
1 5 1 89
3 4 69 34
4 6 23 81
5 6 9 62
(173, 391)

Arvore 195
0 2 39 46
0 4 32 79
1 5 1 89
3 5 99 1
4 6 23 81
5 6 9 62
(203, 358)

Arvore 196
0 2 39 46
0 4 32 79
1 6 27 76
3 4 69 34
4 6 23 81
5 6 9 62
(199, 378)

Arvore 197
0 2 39 46
0 4 32 79
1 6 27 76
3 5 99 1
4 6 23 81
5 6 9 62
(229, 345)

Arvore 198
0 1 79 43
0 2 39 46
0 4 32 79
3 4 69 34
4 6 23 81
5 6 9 62
(251, 345)

Arvore 199
0 2 39 46
0 4 32 79
1 3 69 46
3 4 69 34
4 6 23 81
5 6 9 62
(241, 348)

Arvore 200
0 2 39 46
0 4 32 79
1 4 57 49
3 4 69 34
4 6 23 81
5 6 9 62
(229, 351)

Arvore 201
0 1 79 43
0 2 39 46
0 4 32 79
3 5 99 1
4 6 23 81
5 6 9 62
(281, 312)

Arvore 202
0 2 39 46
0 4 32 79
1 3 69 46
3 5 99 1
4 6 23 81
5 6 9 62
(271, 315)

Arvore 203
0 2 39 46
0 4 32 79
1 4 57 49
3 5 99 1
4 6 23 81
5 6 9 62
(259, 318)

Arvore 204
0 2 39 46
0 4 32 79
0 5 69 35
1 5 1 89
2 3 35 47
3 6 92 20
(268, 316)

Arvore 205
0 2 39 46
0 5 69 35
1 5 1 89
2 3 35 47
3 6 92 20
4 5 45 33
(281, 270)

Arvore 206
0 2 39 46
0 5 69 35
1 5 1 89
2 3 35 47
3 6 92 20
4 6 23 81
(259, 318)

Arvore 207
0 2 39 46
0 5 69 35
1 5 1 89
2 3 35 47
2 6 74 52
4 5 45 33
(263, 302)

Arvore 208
0 2 39 46
0 5 69 35
1 5 1 89
2 3 35 47
4 5 45 33
5 6 9 62
(198, 312)

Arvore 209
0 2 39 46
0 4 32 79
0 5 69 35
1 5 1 89
2 3 35 47
5 6 9 62
(185, 358)

Arvore 210
0 2 39 46
0 5 69 35
1 5 1 89
2 3 35 47
4 6 23 81
5 6 9 62
(176, 360)

Arvore 211
0 2 39 46
0 4 32 79
0 5 69 35
1 5 1 89
3 5 99 1
3 6 92 20
(332, 270)

Arvore 212
0 2 39 46
0 5 69 35
1 5 1 89
3 5 99 1
3 6 92 20
4 5 45 33
(345, 224)

Arvore 213
0 2 39 46
0 5 69 35
1 5 1 89
3 5 99 1
3 6 92 20
4 6 23 81
(323, 272)

Arvore 214
0 2 39 46
0 5 69 35
1 5 1 89
2 6 74 52
3 5 99 1
4 5 45 33
(327, 256)

Arvore 215
0 2 39 46
0 5 69 35
1 5 1 89
3 5 99 1
4 5 45 33
5 6 9 62
(262, 266)

Arvore 216
0 2 39 46
0 4 32 79
0 5 69 35
1 5 1 89
3 5 99 1
5 6 9 62
(249, 312)

Arvore 217
0 2 39 46
0 5 69 35
1 5 1 89
3 5 99 1
4 6 23 81
5 6 9 62
(240, 314)

Arvore 218
0 2 39 46
0 5 69 35
1 5 1 89
2 6 74 52
3 4 69 34
4 5 45 33
(297, 289)

Arvore 219
0 2 39 46
0 5 69 35
1 5 1 89
3 4 69 34
3 6 92 20
4 5 45 33
(315, 257)

Arvore 220
0 2 39 46
0 5 69 35
1 5 1 89
3 4 69 34
4 5 45 33
5 6 9 62
(232, 299)

Arvore 221
0 2 39 46
0 5 69 35
1 5 1 89
3 6 92 20
4 5 45 33
5 6 9 62
(255, 285)

Arvore 222
0 2 39 46
0 4 32 79
0 5 69 35
1 5 1 89
3 4 69 34
5 6 9 62
(219, 345)

Arvore 223
0 2 39 46
0 4 32 79
0 5 69 35
1 5 1 89
3 6 92 20
5 6 9 62
(242, 331)

Arvore 224
0 2 39 46
0 5 69 35
1 5 1 89
3 6 92 20
4 6 23 81
5 6 9 62
(233, 333)

Arvore 225
0 2 39 46
0 5 69 35
1 5 1 89
3 4 69 34
4 6 23 81
5 6 9 62
(210, 347)

Arvore 226
0 2 39 46
0 4 32 79
0 5 69 35
1 6 27 76
2 3 35 47
3 6 92 20
(294, 303)

Arvore 227
0 2 39 46
0 5 69 35
1 6 27 76
2 3 35 47
3 6 92 20
4 5 45 33
(307, 257)

Arvore 228
0 2 39 46
0 5 69 35
1 6 27 76
2 3 35 47
3 6 92 20
4 6 23 81
(285, 305)

Arvore 229
0 1 79 43
0 2 39 46
0 5 69 35
2 3 35 47
3 6 92 20
4 5 45 33
(359, 224)

Arvore 230
0 2 39 46
0 5 69 35
1 3 69 46
2 3 35 47
3 6 92 20
4 5 45 33
(349, 227)

Arvore 231
0 2 39 46
0 5 69 35
1 4 57 49
2 3 35 47
3 6 92 20
4 5 45 33
(337, 230)

Arvore 232
0 1 79 43
0 2 39 46
0 5 69 35
2 3 35 47
3 6 92 20
4 6 23 81
(337, 272)

Arvore 233
0 2 39 46
0 5 69 35
1 3 69 46
2 3 35 47
3 6 92 20
4 6 23 81
(327, 275)

Arvore 234
0 2 39 46
0 5 69 35
1 4 57 49
2 3 35 47
3 6 92 20
4 6 23 81
(315, 278)

Arvore 235
0 1 79 43
0 2 39 46
0 5 69 35
2 3 35 47
2 6 74 52
4 5 45 33
(341, 256)

Arvore 236
0 1 79 43
0 2 39 46
0 5 69 35
2 3 35 47
4 5 45 33
5 6 9 62
(276, 266)

Arvore 237
0 2 39 46
0 5 69 35
1 3 69 46
2 3 35 47
2 6 74 52
4 5 45 33
(331, 259)

Arvore 238
0 2 39 46
0 5 69 35
1 3 69 46
2 3 35 47
4 5 45 33
5 6 9 62
(266, 269)

Arvore 239
0 2 39 46
0 5 69 35
1 4 57 49
2 3 35 47
2 6 74 52
4 5 45 33
(319, 262)

Arvore 240
0 2 39 46
0 5 69 35
1 4 57 49
2 3 35 47
4 5 45 33
5 6 9 62
(254, 272)

Arvore 241
0 2 39 46
0 5 69 35
1 6 27 76
2 3 35 47
4 5 45 33
5 6 9 62
(224, 299)

Arvore 242
0 2 39 46
0 4 32 79
0 5 69 35
1 6 27 76
2 3 35 47
5 6 9 62
(211, 345)

Arvore 243
0 2 39 46
0 5 69 35
1 6 27 76
2 3 35 47
4 6 23 81
5 6 9 62
(202, 347)

Arvore 244
0 1 79 43
0 2 39 46
0 5 69 35
2 3 35 47
4 6 23 81
5 6 9 62
(254, 314)

Arvore 245
0 2 39 46
0 5 69 35
1 3 69 46
2 3 35 47
4 6 23 81
5 6 9 62
(244, 317)

Arvore 246
0 2 39 46
0 5 69 35
1 4 57 49
2 3 35 47
4 6 23 81
5 6 9 62
(232, 320)

Arvore 247
0 2 39 46
0 4 32 79
0 5 69 35
1 6 27 76
3 5 99 1
3 6 92 20
(358, 257)

Arvore 248
0 2 39 46
0 5 69 35
1 6 27 76
3 5 99 1
3 6 92 20
4 5 45 33
(371, 211)

Arvore 249
0 2 39 46
0 5 69 35
1 6 27 76
3 5 99 1
3 6 92 20
4 6 23 81
(349, 259)

Arvore 250
0 1 79 43
0 2 39 46
0 5 69 35
3 5 99 1
3 6 92 20
4 5 45 33
(423, 178)

Arvore 251
0 2 39 46
0 5 69 35
1 3 69 46
3 5 99 1
3 6 92 20
4 5 45 33
(413, 181)

Arvore 252
0 2 39 46
0 5 69 35
1 4 57 49
3 5 99 1
3 6 92 20
4 5 45 33
(401, 184)

Arvore 253
0 1 79 43
0 2 39 46
0 5 69 35
3 5 99 1
3 6 92 20
4 6 23 81
(401, 226)

Arvore 254
0 2 39 46
0 5 69 35
1 3 69 46
3 5 99 1
3 6 92 20
4 6 23 81
(391, 229)

Arvore 255
0 2 39 46
0 5 69 35
1 4 57 49
3 5 99 1
3 6 92 20
4 6 23 81
(379, 232)

Arvore 256
0 1 79 43
0 2 39 46
0 5 69 35
2 6 74 52
3 5 99 1
4 5 45 33
(405, 210)

Arvore 257
0 1 79 43
0 2 39 46
0 5 69 35
3 5 99 1
4 5 45 33
5 6 9 62
(340, 220)

Arvore 258
0 2 39 46
0 5 69 35
1 3 69 46
2 6 74 52
3 5 99 1
4 5 45 33
(395, 213)

Arvore 259
0 2 39 46
0 5 69 35
1 3 69 46
3 5 99 1
4 5 45 33
5 6 9 62
(330, 223)

Arvore 260
0 2 39 46
0 5 69 35
1 4 57 49
2 6 74 52
3 5 99 1
4 5 45 33
(383, 216)

Arvore 261
0 2 39 46
0 5 69 35
1 4 57 49
3 5 99 1
4 5 45 33
5 6 9 62
(318, 226)

Arvore 262
0 2 39 46
0 5 69 35
1 6 27 76
3 5 99 1
4 5 45 33
5 6 9 62
(288, 253)

Arvore 263
0 2 39 46
0 4 32 79
0 5 69 35
1 6 27 76
3 5 99 1
5 6 9 62
(275, 299)

Arvore 264
0 2 39 46
0 5 69 35
1 6 27 76
3 5 99 1
4 6 23 81
5 6 9 62
(266, 301)

Arvore 265
0 1 79 43
0 2 39 46
0 5 69 35
3 5 99 1
4 6 23 81
5 6 9 62
(318, 268)

Arvore 266
0 2 39 46
0 5 69 35
1 3 69 46
3 5 99 1
4 6 23 81
5 6 9 62
(308, 271)

Arvore 267
0 2 39 46
0 5 69 35
1 4 57 49
3 5 99 1
4 6 23 81
5 6 9 62
(296, 274)

Arvore 268
0 1 79 43
0 2 39 46
0 5 69 35
2 6 74 52
3 4 69 34
4 5 45 33
(375, 243)

Arvore 269
0 1 79 43
0 2 39 46
0 5 69 35
3 4 69 34
3 6 92 20
4 5 45 33
(393, 211)

Arvore 270
0 1 79 43
0 2 39 46
0 5 69 35
3 4 69 34
4 5 45 33
5 6 9 62
(310, 253)

Arvore 271
0 2 39 46
0 5 69 35
1 3 69 46
2 6 74 52
3 4 69 34
4 5 45 33
(365, 246)

Arvore 272
0 2 39 46
0 5 69 35
1 3 69 46
3 4 69 34
3 6 92 20
4 5 45 33
(383, 214)

Arvore 273
0 2 39 46
0 5 69 35
1 3 69 46
3 4 69 34
4 5 45 33
5 6 9 62
(300, 256)

Arvore 274
0 2 39 46
0 5 69 35
1 4 57 49
2 6 74 52
3 4 69 34
4 5 45 33
(353, 249)

Arvore 275
0 2 39 46
0 5 69 35
1 4 57 49
3 4 69 34
3 6 92 20
4 5 45 33
(371, 217)

Arvore 276
0 2 39 46
0 5 69 35
1 4 57 49
3 4 69 34
4 5 45 33
5 6 9 62
(288, 259)

Arvore 277
0 2 39 46
0 5 69 35
1 6 27 76
3 4 69 34
3 6 92 20
4 5 45 33
(341, 244)

Arvore 278
0 2 39 46
0 5 69 35
1 6 27 76
3 4 69 34
4 5 45 33
5 6 9 62
(258, 286)

Arvore 279
0 2 39 46
0 5 69 35
1 6 27 76
3 6 92 20
4 5 45 33
5 6 9 62
(281, 272)

Arvore 280
0 1 79 43
0 2 39 46
0 5 69 35
3 6 92 20
4 5 45 33
5 6 9 62
(333, 239)

Arvore 281
0 2 39 46
0 5 69 35
1 3 69 46
3 6 92 20
4 5 45 33
5 6 9 62
(323, 242)

Arvore 282
0 2 39 46
0 5 69 35
1 4 57 49
3 6 92 20
4 5 45 33
5 6 9 62
(311, 245)

Arvore 283
0 2 39 46
0 4 32 79
0 5 69 35
1 6 27 76
3 4 69 34
5 6 9 62
(245, 332)

Arvore 284
0 2 39 46
0 4 32 79
0 5 69 35
1 6 27 76
3 6 92 20
5 6 9 62
(268, 318)

Arvore 285
0 2 39 46
0 5 69 35
1 6 27 76
3 6 92 20
4 6 23 81
5 6 9 62
(259, 320)

Arvore 286
0 2 39 46
0 5 69 35
1 6 27 76
3 4 69 34
4 6 23 81
5 6 9 62
(236, 334)

Arvore 287
0 1 79 43
0 2 39 46
0 5 69 35
3 6 92 20
4 6 23 81
5 6 9 62
(311, 287)

Arvore 288
0 2 39 46
0 5 69 35
1 3 69 46
3 6 92 20
4 6 23 81
5 6 9 62
(301, 290)

Arvore 289
0 2 39 46
0 5 69 35
1 4 57 49
3 6 92 20
4 6 23 81
5 6 9 62
(289, 293)

Arvore 290
0 1 79 43
0 2 39 46
0 5 69 35
3 4 69 34
4 6 23 81
5 6 9 62
(288, 301)

Arvore 291
0 2 39 46
0 5 69 35
1 3 69 46
3 4 69 34
4 6 23 81
5 6 9 62
(278, 304)

Arvore 292
0 2 39 46
0 5 69 35
1 4 57 49
3 4 69 34
4 6 23 81
5 6 9 62
(266, 307)

Arvore 293
0 1 79 43
0 2 39 46
0 6 39 80
2 3 35 47
2 4 61 63
2 5 81 28
(334, 307)

Arvore 294
0 2 39 46
0 6 39 80
1 3 69 46
2 3 35 47
2 4 61 63
2 5 81 28
(324, 310)

Arvore 295
0 2 39 46
0 6 39 80
1 4 57 49
2 3 35 47
2 4 61 63
2 5 81 28
(312, 313)

Arvore 296
0 2 39 46
0 6 39 80
1 5 1 89
2 3 35 47
2 4 61 63
2 5 81 28
(256, 353)

Arvore 297
0 2 39 46
0 6 39 80
1 6 27 76
2 3 35 47
2 4 61 63
2 5 81 28
(282, 340)

Arvore 298
0 1 79 43
0 2 39 46
0 6 39 80
2 3 35 47
2 4 61 63
3 5 99 1
(352, 280)

Arvore 299
0 2 39 46
0 6 39 80
1 3 69 46
2 3 35 47
2 4 61 63
3 5 99 1
(342, 283)

Arvore 300
0 2 39 46
0 6 39 80
1 4 57 49
2 3 35 47
2 4 61 63
3 5 99 1
(330, 286)

Arvore 301
0 2 39 46
0 6 39 80
1 5 1 89
2 3 35 47
2 4 61 63
3 5 99 1
(274, 326)

Arvore 302
0 2 39 46
0 6 39 80
1 6 27 76
2 3 35 47
2 4 61 63
3 5 99 1
(300, 313)

Arvore 303
0 1 79 43
0 2 39 46
0 6 39 80
2 3 35 47
2 4 61 63
4 5 45 33
(298, 312)

Arvore 304
0 2 39 46
0 6 39 80
1 3 69 46
2 3 35 47
2 4 61 63
4 5 45 33
(288, 315)

Arvore 305
0 2 39 46
0 6 39 80
1 4 57 49
2 3 35 47
2 4 61 63
4 5 45 33
(276, 318)

Arvore 306
0 2 39 46
0 6 39 80
1 5 1 89
2 3 35 47
2 4 61 63
4 5 45 33
(220, 358)

Arvore 307
0 2 39 46
0 6 39 80
1 6 27 76
2 3 35 47
2 4 61 63
4 5 45 33
(246, 345)

Arvore 308
0 1 79 43
0 2 39 46
0 6 39 80
2 3 35 47
2 4 61 63
5 6 9 62
(262, 341)

Arvore 309
0 2 39 46
0 6 39 80
1 3 69 46
2 3 35 47
2 4 61 63
5 6 9 62
(252, 344)

Arvore 310
0 2 39 46
0 6 39 80
1 4 57 49
2 3 35 47
2 4 61 63
5 6 9 62
(240, 347)

Arvore 311
0 2 39 46
0 6 39 80
1 5 1 89
2 3 35 47
2 4 61 63
5 6 9 62
(184, 387)

Arvore 312
0 2 39 46
0 6 39 80
1 6 27 76
2 3 35 47
2 4 61 63
5 6 9 62
(210, 374)

Arvore 313
0 1 79 43
0 2 39 46
2 3 35 47
2 4 61 63
2 5 81 28
2 6 74 52
(369, 279)

Arvore 314
0 1 79 43
0 2 39 46
2 3 35 47
2 4 61 63
2 5 81 28
3 6 92 20
(387, 247)

Arvore 315
0 1 79 43
0 2 39 46
2 3 35 47
2 4 61 63
2 5 81 28
5 6 9 62
(304, 289)

Arvore 316
0 2 39 46
1 3 69 46
2 3 35 47
2 4 61 63
2 5 81 28
2 6 74 52
(359, 282)

Arvore 317
0 2 39 46
1 3 69 46
2 3 35 47
2 4 61 63
2 5 81 28
3 6 92 20
(377, 250)

Arvore 318
0 2 39 46
1 3 69 46
2 3 35 47
2 4 61 63
2 5 81 28
5 6 9 62
(294, 292)

Arvore 319
0 2 39 46
1 4 57 49
2 3 35 47
2 4 61 63
2 5 81 28
2 6 74 52
(347, 285)

Arvore 320
0 2 39 46
1 4 57 49
2 3 35 47
2 4 61 63
2 5 81 28
3 6 92 20
(365, 253)

Arvore 321
0 2 39 46
1 4 57 49
2 3 35 47
2 4 61 63
2 5 81 28
5 6 9 62
(282, 295)

Arvore 322
0 2 39 46
1 5 1 89
2 3 35 47
2 4 61 63
2 5 81 28
2 6 74 52
(291, 325)

Arvore 323
0 2 39 46
1 5 1 89
2 3 35 47
2 4 61 63
2 5 81 28
3 6 92 20
(309, 293)

Arvore 324
0 2 39 46
1 5 1 89
2 3 35 47
2 4 61 63
2 5 81 28
5 6 9 62
(226, 335)

Arvore 325
0 2 39 46
1 6 27 76
2 3 35 47
2 4 61 63
2 5 81 28
3 6 92 20
(335, 280)

Arvore 326
0 2 39 46
1 6 27 76
2 3 35 47
2 4 61 63
2 5 81 28
5 6 9 62
(252, 322)

Arvore 327
0 1 79 43
0 2 39 46
2 3 35 47
2 4 61 63
2 6 74 52
3 5 99 1
(387, 252)

Arvore 328
0 1 79 43
0 2 39 46
2 3 35 47
2 4 61 63
3 5 99 1
3 6 92 20
(405, 220)

Arvore 329
0 1 79 43
0 2 39 46
2 3 35 47
2 4 61 63
3 5 99 1
5 6 9 62
(322, 262)

Arvore 330
0 2 39 46
1 3 69 46
2 3 35 47
2 4 61 63
2 6 74 52
3 5 99 1
(377, 255)

Arvore 331
0 2 39 46
1 3 69 46
2 3 35 47
2 4 61 63
3 5 99 1
3 6 92 20
(395, 223)

Arvore 332
0 2 39 46
1 3 69 46
2 3 35 47
2 4 61 63
3 5 99 1
5 6 9 62
(312, 265)

Arvore 333
0 2 39 46
1 4 57 49
2 3 35 47
2 4 61 63
2 6 74 52
3 5 99 1
(365, 258)

Arvore 334
0 2 39 46
1 4 57 49
2 3 35 47
2 4 61 63
3 5 99 1
3 6 92 20
(383, 226)

Arvore 335
0 2 39 46
1 4 57 49
2 3 35 47
2 4 61 63
3 5 99 1
5 6 9 62
(300, 268)

Arvore 336
0 2 39 46
1 5 1 89
2 3 35 47
2 4 61 63
2 6 74 52
3 5 99 1
(309, 298)

Arvore 337
0 2 39 46
1 5 1 89
2 3 35 47
2 4 61 63
3 5 99 1
3 6 92 20
(327, 266)

Arvore 338
0 2 39 46
1 5 1 89
2 3 35 47
2 4 61 63
3 5 99 1
5 6 9 62
(244, 308)

Arvore 339
0 2 39 46
1 6 27 76
2 3 35 47
2 4 61 63
3 5 99 1
3 6 92 20
(353, 253)

Arvore 340
0 2 39 46
1 6 27 76
2 3 35 47
2 4 61 63
3 5 99 1
5 6 9 62
(270, 295)

Arvore 341
0 1 79 43
0 2 39 46
2 3 35 47
2 4 61 63
3 6 92 20
4 5 45 33
(351, 252)

Arvore 342
0 2 39 46
1 3 69 46
2 3 35 47
2 4 61 63
3 6 92 20
4 5 45 33
(341, 255)

Arvore 343
0 2 39 46
1 4 57 49
2 3 35 47
2 4 61 63
3 6 92 20
4 5 45 33
(329, 258)

Arvore 344
0 2 39 46
1 5 1 89
2 3 35 47
2 4 61 63
3 6 92 20
4 5 45 33
(273, 298)

Arvore 345
0 2 39 46
1 6 27 76
2 3 35 47
2 4 61 63
3 6 92 20
4 5 45 33
(299, 285)

Arvore 346
0 1 79 43
0 2 39 46
2 3 35 47
2 4 61 63
3 6 92 20
5 6 9 62
(315, 281)

Arvore 347
0 2 39 46
1 3 69 46
2 3 35 47
2 4 61 63
3 6 92 20
5 6 9 62
(305, 284)

Arvore 348
0 2 39 46
1 4 57 49
2 3 35 47
2 4 61 63
3 6 92 20
5 6 9 62
(293, 287)

Arvore 349
0 2 39 46
1 5 1 89
2 3 35 47
2 4 61 63
3 6 92 20
5 6 9 62
(237, 327)

Arvore 350
0 2 39 46
1 6 27 76
2 3 35 47
2 4 61 63
3 6 92 20
5 6 9 62
(263, 314)

Arvore 351
0 1 79 43
0 2 39 46
2 3 35 47
2 4 61 63
2 6 74 52
4 5 45 33
(333, 284)

Arvore 352
0 1 79 43
0 2 39 46
2 3 35 47
2 4 61 63
4 5 45 33
5 6 9 62
(268, 294)

Arvore 353
0 2 39 46
1 3 69 46
2 3 35 47
2 4 61 63
2 6 74 52
4 5 45 33
(323, 287)

Arvore 354
0 2 39 46
1 3 69 46
2 3 35 47
2 4 61 63
4 5 45 33
5 6 9 62
(258, 297)

Arvore 355
0 2 39 46
1 4 57 49
2 3 35 47
2 4 61 63
2 6 74 52
4 5 45 33
(311, 290)

Arvore 356
0 2 39 46
1 4 57 49
2 3 35 47
2 4 61 63
4 5 45 33
5 6 9 62
(246, 300)

Arvore 357
0 2 39 46
1 5 1 89
2 3 35 47
2 4 61 63
2 6 74 52
4 5 45 33
(255, 330)

Arvore 358
0 2 39 46
1 5 1 89
2 3 35 47
2 4 61 63
4 5 45 33
5 6 9 62
(190, 340)

Arvore 359
0 2 39 46
1 6 27 76
2 3 35 47
2 4 61 63
4 5 45 33
5 6 9 62
(216, 327)

Arvore 360
0 1 79 43
0 2 39 46
2 3 35 47
2 4 61 63
2 5 81 28
4 6 23 81
(318, 308)

Arvore 361
0 2 39 46
1 3 69 46
2 3 35 47
2 4 61 63
2 5 81 28
4 6 23 81
(308, 311)

Arvore 362
0 2 39 46
1 4 57 49
2 3 35 47
2 4 61 63
2 5 81 28
4 6 23 81
(296, 314)

Arvore 363
0 2 39 46
1 5 1 89
2 3 35 47
2 4 61 63
2 5 81 28
4 6 23 81
(240, 354)

Arvore 364
0 2 39 46
1 6 27 76
2 3 35 47
2 4 61 63
2 5 81 28
4 6 23 81
(266, 341)

Arvore 365
0 1 79 43
0 2 39 46
2 3 35 47
2 4 61 63
3 5 99 1
4 6 23 81
(336, 281)

Arvore 366
0 2 39 46
1 3 69 46
2 3 35 47
2 4 61 63
3 5 99 1
4 6 23 81
(326, 284)

Arvore 367
0 2 39 46
1 4 57 49
2 3 35 47
2 4 61 63
3 5 99 1
4 6 23 81
(314, 287)

Arvore 368
0 2 39 46
1 5 1 89
2 3 35 47
2 4 61 63
3 5 99 1
4 6 23 81
(258, 327)

Arvore 369
0 2 39 46
1 6 27 76
2 3 35 47
2 4 61 63
3 5 99 1
4 6 23 81
(284, 314)

Arvore 370
0 1 79 43
0 2 39 46
2 3 35 47
2 4 61 63
4 5 45 33
4 6 23 81
(282, 313)

Arvore 371
0 2 39 46
1 3 69 46
2 3 35 47
2 4 61 63
4 5 45 33
4 6 23 81
(272, 316)

Arvore 372
0 2 39 46
1 4 57 49
2 3 35 47
2 4 61 63
4 5 45 33
4 6 23 81
(260, 319)

Arvore 373
0 2 39 46
1 5 1 89
2 3 35 47
2 4 61 63
4 5 45 33
4 6 23 81
(204, 359)

Arvore 374
0 2 39 46
1 6 27 76
2 3 35 47
2 4 61 63
4 5 45 33
4 6 23 81
(230, 346)

Arvore 375
0 1 79 43
0 2 39 46
2 3 35 47
2 4 61 63
4 6 23 81
5 6 9 62
(246, 342)

Arvore 376
0 2 39 46
1 3 69 46
2 3 35 47
2 4 61 63
4 6 23 81
5 6 9 62
(236, 345)

Arvore 377
0 2 39 46
1 4 57 49
2 3 35 47
2 4 61 63
4 6 23 81
5 6 9 62
(224, 348)

Arvore 378
0 2 39 46
1 5 1 89
2 3 35 47
2 4 61 63
4 6 23 81
5 6 9 62
(168, 388)

Arvore 379
0 2 39 46
1 6 27 76
2 3 35 47
2 4 61 63
4 6 23 81
5 6 9 62
(194, 375)

Arvore 380
0 2 39 46
1 5 1 89
2 3 35 47
2 5 81 28
3 6 92 20
4 5 45 33
(293, 263)

Arvore 381
0 2 39 46
1 5 1 89
2 3 35 47
2 5 81 28
3 6 92 20
4 6 23 81
(271, 311)

Arvore 382
0 2 39 46
1 5 1 89
2 3 35 47
2 5 81 28
2 6 74 52
4 5 45 33
(275, 295)

Arvore 383
0 2 39 46
1 5 1 89
2 3 35 47
2 5 81 28
4 5 45 33
5 6 9 62
(210, 305)

Arvore 384
0 2 39 46
1 5 1 89
2 3 35 47
2 5 81 28
4 6 23 81
5 6 9 62
(188, 353)

Arvore 385
0 2 39 46
1 6 27 76
2 3 35 47
2 5 81 28
3 6 92 20
4 5 45 33
(319, 250)

Arvore 386
0 2 39 46
1 6 27 76
2 3 35 47
2 5 81 28
3 6 92 20
4 6 23 81
(297, 298)

Arvore 387
0 1 79 43
0 2 39 46
2 3 35 47
2 5 81 28
3 6 92 20
4 5 45 33
(371, 217)

Arvore 388
0 2 39 46
1 3 69 46
2 3 35 47
2 5 81 28
3 6 92 20
4 5 45 33
(361, 220)

Arvore 389
0 2 39 46
1 4 57 49
2 3 35 47
2 5 81 28
3 6 92 20
4 5 45 33
(349, 223)

Arvore 390
0 1 79 43
0 2 39 46
2 3 35 47
2 5 81 28
3 6 92 20
4 6 23 81
(349, 265)

Arvore 391
0 2 39 46
1 3 69 46
2 3 35 47
2 5 81 28
3 6 92 20
4 6 23 81
(339, 268)

Arvore 392
0 2 39 46
1 4 57 49
2 3 35 47
2 5 81 28
3 6 92 20
4 6 23 81
(327, 271)

Arvore 393
0 1 79 43
0 2 39 46
2 3 35 47
2 5 81 28
2 6 74 52
4 5 45 33
(353, 249)

Arvore 394
0 1 79 43
0 2 39 46
2 3 35 47
2 5 81 28
4 5 45 33
5 6 9 62
(288, 259)

Arvore 395
0 2 39 46
1 3 69 46
2 3 35 47
2 5 81 28
2 6 74 52
4 5 45 33
(343, 252)

Arvore 396
0 2 39 46
1 3 69 46
2 3 35 47
2 5 81 28
4 5 45 33
5 6 9 62
(278, 262)

Arvore 397
0 2 39 46
1 4 57 49
2 3 35 47
2 5 81 28
2 6 74 52
4 5 45 33
(331, 255)

Arvore 398
0 2 39 46
1 4 57 49
2 3 35 47
2 5 81 28
4 5 45 33
5 6 9 62
(266, 265)

Arvore 399
0 2 39 46
1 6 27 76
2 3 35 47
2 5 81 28
4 5 45 33
5 6 9 62
(236, 292)

Arvore 400
0 2 39 46
1 6 27 76
2 3 35 47
2 5 81 28
4 6 23 81
5 6 9 62
(214, 340)

Arvore 401
0 1 79 43
0 2 39 46
2 3 35 47
2 5 81 28
4 6 23 81
5 6 9 62
(266, 307)

Arvore 402
0 2 39 46
1 3 69 46
2 3 35 47
2 5 81 28
4 6 23 81
5 6 9 62
(256, 310)

Arvore 403
0 2 39 46
1 4 57 49
2 3 35 47
2 5 81 28
4 6 23 81
5 6 9 62
(244, 313)

Arvore 404
0 1 79 43
0 2 39 46
0 6 39 80
2 3 35 47
2 5 81 28
3 4 69 34
(342, 278)

Arvore 405
0 2 39 46
0 6 39 80
1 3 69 46
2 3 35 47
2 5 81 28
3 4 69 34
(332, 281)

Arvore 406
0 2 39 46
0 6 39 80
1 4 57 49
2 3 35 47
2 5 81 28
3 4 69 34
(320, 284)

Arvore 407
0 2 39 46
0 6 39 80
1 5 1 89
2 3 35 47
2 5 81 28
3 4 69 34
(264, 324)

Arvore 408
0 2 39 46
0 6 39 80
1 6 27 76
2 3 35 47
2 5 81 28
3 4 69 34
(290, 311)

Arvore 409
0 1 79 43
0 2 39 46
0 6 39 80
2 3 35 47
3 4 69 34
3 5 99 1
(360, 251)

Arvore 410
0 2 39 46
0 6 39 80
1 3 69 46
2 3 35 47
3 4 69 34
3 5 99 1
(350, 254)

Arvore 411
0 2 39 46
0 6 39 80
1 4 57 49
2 3 35 47
3 4 69 34
3 5 99 1
(338, 257)

Arvore 412
0 2 39 46
0 6 39 80
1 5 1 89
2 3 35 47
3 4 69 34
3 5 99 1
(282, 297)

Arvore 413
0 2 39 46
0 6 39 80
1 6 27 76
2 3 35 47
3 4 69 34
3 5 99 1
(308, 284)

Arvore 414
0 1 79 43
0 2 39 46
0 6 39 80
2 3 35 47
3 4 69 34
4 5 45 33
(306, 283)

Arvore 415
0 2 39 46
0 6 39 80
1 3 69 46
2 3 35 47
3 4 69 34
4 5 45 33
(296, 286)

Arvore 416
0 2 39 46
0 6 39 80
1 4 57 49
2 3 35 47
3 4 69 34
4 5 45 33
(284, 289)

Arvore 417
0 2 39 46
0 6 39 80
1 5 1 89
2 3 35 47
3 4 69 34
4 5 45 33
(228, 329)

Arvore 418
0 2 39 46
0 6 39 80
1 6 27 76
2 3 35 47
3 4 69 34
4 5 45 33
(254, 316)

Arvore 419
0 1 79 43
0 2 39 46
0 6 39 80
2 3 35 47
3 4 69 34
5 6 9 62
(270, 312)

Arvore 420
0 2 39 46
0 6 39 80
1 3 69 46
2 3 35 47
3 4 69 34
5 6 9 62
(260, 315)

Arvore 421
0 2 39 46
0 6 39 80
1 4 57 49
2 3 35 47
3 4 69 34
5 6 9 62
(248, 318)

Arvore 422
0 2 39 46
0 6 39 80
1 5 1 89
2 3 35 47
3 4 69 34
5 6 9 62
(192, 358)

Arvore 423
0 2 39 46
0 6 39 80
1 6 27 76
2 3 35 47
3 4 69 34
5 6 9 62
(218, 345)

Arvore 424
0 1 79 43
0 2 39 46
2 3 35 47
2 5 81 28
2 6 74 52
3 4 69 34
(377, 250)

Arvore 425
0 1 79 43
0 2 39 46
2 3 35 47
2 5 81 28
3 4 69 34
3 6 92 20
(395, 218)

Arvore 426
0 1 79 43
0 2 39 46
2 3 35 47
2 5 81 28
3 4 69 34
5 6 9 62
(312, 260)

Arvore 427
0 2 39 46
1 3 69 46
2 3 35 47
2 5 81 28
2 6 74 52
3 4 69 34
(367, 253)

Arvore 428
0 2 39 46
1 3 69 46
2 3 35 47
2 5 81 28
3 4 69 34
3 6 92 20
(385, 221)

Arvore 429
0 2 39 46
1 3 69 46
2 3 35 47
2 5 81 28
3 4 69 34
5 6 9 62
(302, 263)

Arvore 430
0 2 39 46
1 4 57 49
2 3 35 47
2 5 81 28
2 6 74 52
3 4 69 34
(355, 256)

Arvore 431
0 2 39 46
1 4 57 49
2 3 35 47
2 5 81 28
3 4 69 34
3 6 92 20
(373, 224)

Arvore 432
0 2 39 46
1 4 57 49
2 3 35 47
2 5 81 28
3 4 69 34
5 6 9 62
(290, 266)

Arvore 433
0 2 39 46
1 5 1 89
2 3 35 47
2 5 81 28
2 6 74 52
3 4 69 34
(299, 296)

Arvore 434
0 2 39 46
1 5 1 89
2 3 35 47
2 5 81 28
3 4 69 34
3 6 92 20
(317, 264)

Arvore 435
0 2 39 46
1 5 1 89
2 3 35 47
2 5 81 28
3 4 69 34
5 6 9 62
(234, 306)

Arvore 436
0 2 39 46
1 6 27 76
2 3 35 47
2 5 81 28
3 4 69 34
3 6 92 20
(343, 251)

Arvore 437
0 2 39 46
1 6 27 76
2 3 35 47
2 5 81 28
3 4 69 34
5 6 9 62
(260, 293)

Arvore 438
0 1 79 43
0 2 39 46
2 3 35 47
2 6 74 52
3 4 69 34
3 5 99 1
(395, 223)

Arvore 439
0 1 79 43
0 2 39 46
2 3 35 47
3 4 69 34
3 5 99 1
3 6 92 20
(413, 191)

Arvore 440
0 1 79 43
0 2 39 46
2 3 35 47
3 4 69 34
3 5 99 1
5 6 9 62
(330, 233)

Arvore 441
0 2 39 46
1 3 69 46
2 3 35 47
2 6 74 52
3 4 69 34
3 5 99 1
(385, 226)

Arvore 442
0 2 39 46
1 3 69 46
2 3 35 47
3 4 69 34
3 5 99 1
3 6 92 20
(403, 194)

Arvore 443
0 2 39 46
1 3 69 46
2 3 35 47
3 4 69 34
3 5 99 1
5 6 9 62
(320, 236)

Arvore 444
0 2 39 46
1 4 57 49
2 3 35 47
2 6 74 52
3 4 69 34
3 5 99 1
(373, 229)

Arvore 445
0 2 39 46
1 4 57 49
2 3 35 47
3 4 69 34
3 5 99 1
3 6 92 20
(391, 197)

Arvore 446
0 2 39 46
1 4 57 49
2 3 35 47
3 4 69 34
3 5 99 1
5 6 9 62
(308, 239)

Arvore 447
0 2 39 46
1 5 1 89
2 3 35 47
2 6 74 52
3 4 69 34
3 5 99 1
(317, 269)

Arvore 448
0 2 39 46
1 5 1 89
2 3 35 47
3 4 69 34
3 5 99 1
3 6 92 20
(335, 237)

Arvore 449
0 2 39 46
1 5 1 89
2 3 35 47
3 4 69 34
3 5 99 1
5 6 9 62
(252, 279)

Arvore 450
0 2 39 46
1 6 27 76
2 3 35 47
3 4 69 34
3 5 99 1
3 6 92 20
(361, 224)

Arvore 451
0 2 39 46
1 6 27 76
2 3 35 47
3 4 69 34
3 5 99 1
5 6 9 62
(278, 266)

Arvore 452
0 1 79 43
0 2 39 46
2 3 35 47
3 4 69 34
3 6 92 20
4 5 45 33
(359, 223)

Arvore 453
0 2 39 46
1 3 69 46
2 3 35 47
3 4 69 34
3 6 92 20
4 5 45 33
(349, 226)

Arvore 454
0 2 39 46
1 4 57 49
2 3 35 47
3 4 69 34
3 6 92 20
4 5 45 33
(337, 229)

Arvore 455
0 2 39 46
1 5 1 89
2 3 35 47
3 4 69 34
3 6 92 20
4 5 45 33
(281, 269)

Arvore 456
0 2 39 46
1 6 27 76
2 3 35 47
3 4 69 34
3 6 92 20
4 5 45 33
(307, 256)

Arvore 457
0 1 79 43
0 2 39 46
2 3 35 47
3 4 69 34
3 6 92 20
5 6 9 62
(323, 252)

Arvore 458
0 2 39 46
1 3 69 46
2 3 35 47
3 4 69 34
3 6 92 20
5 6 9 62
(313, 255)

Arvore 459
0 2 39 46
1 4 57 49
2 3 35 47
3 4 69 34
3 6 92 20
5 6 9 62
(301, 258)

Arvore 460
0 2 39 46
1 5 1 89
2 3 35 47
3 4 69 34
3 6 92 20
5 6 9 62
(245, 298)

Arvore 461
0 2 39 46
1 6 27 76
2 3 35 47
3 4 69 34
3 6 92 20
5 6 9 62
(271, 285)

Arvore 462
0 1 79 43
0 2 39 46
2 3 35 47
2 6 74 52
3 4 69 34
4 5 45 33
(341, 255)

Arvore 463
0 1 79 43
0 2 39 46
2 3 35 47
3 4 69 34
4 5 45 33
5 6 9 62
(276, 265)

Arvore 464
0 2 39 46
1 3 69 46
2 3 35 47
2 6 74 52
3 4 69 34
4 5 45 33
(331, 258)

Arvore 465
0 2 39 46
1 3 69 46
2 3 35 47
3 4 69 34
4 5 45 33
5 6 9 62
(266, 268)

Arvore 466
0 2 39 46
1 4 57 49
2 3 35 47
2 6 74 52
3 4 69 34
4 5 45 33
(319, 261)

Arvore 467
0 2 39 46
1 4 57 49
2 3 35 47
3 4 69 34
4 5 45 33
5 6 9 62
(254, 271)

Arvore 468
0 2 39 46
1 5 1 89
2 3 35 47
2 6 74 52
3 4 69 34
4 5 45 33
(263, 301)

Arvore 469
0 2 39 46
1 5 1 89
2 3 35 47
3 4 69 34
4 5 45 33
5 6 9 62
(198, 311)

Arvore 470
0 2 39 46
1 6 27 76
2 3 35 47
3 4 69 34
4 5 45 33
5 6 9 62
(224, 298)

Arvore 471
0 1 79 43
0 2 39 46
2 3 35 47
2 5 81 28
3 4 69 34
4 6 23 81
(326, 279)

Arvore 472
0 2 39 46
1 3 69 46
2 3 35 47
2 5 81 28
3 4 69 34
4 6 23 81
(316, 282)

Arvore 473
0 2 39 46
1 4 57 49
2 3 35 47
2 5 81 28
3 4 69 34
4 6 23 81
(304, 285)

Arvore 474
0 2 39 46
1 5 1 89
2 3 35 47
2 5 81 28
3 4 69 34
4 6 23 81
(248, 325)

Arvore 475
0 2 39 46
1 6 27 76
2 3 35 47
2 5 81 28
3 4 69 34
4 6 23 81
(274, 312)

Arvore 476
0 1 79 43
0 2 39 46
2 3 35 47
3 4 69 34
3 5 99 1
4 6 23 81
(344, 252)

Arvore 477
0 2 39 46
1 3 69 46
2 3 35 47
3 4 69 34
3 5 99 1
4 6 23 81
(334, 255)

Arvore 478
0 2 39 46
1 4 57 49
2 3 35 47
3 4 69 34
3 5 99 1
4 6 23 81
(322, 258)

Arvore 479
0 2 39 46
1 5 1 89
2 3 35 47
3 4 69 34
3 5 99 1
4 6 23 81
(266, 298)

Arvore 480
0 2 39 46
1 6 27 76
2 3 35 47
3 4 69 34
3 5 99 1
4 6 23 81
(292, 285)

Arvore 481
0 1 79 43
0 2 39 46
2 3 35 47
3 4 69 34
4 5 45 33
4 6 23 81
(290, 284)

Arvore 482
0 2 39 46
1 3 69 46
2 3 35 47
3 4 69 34
4 5 45 33
4 6 23 81
(280, 287)

Arvore 483
0 2 39 46
1 4 57 49
2 3 35 47
3 4 69 34
4 5 45 33
4 6 23 81
(268, 290)

Arvore 484
0 2 39 46
1 5 1 89
2 3 35 47
3 4 69 34
4 5 45 33
4 6 23 81
(212, 330)

Arvore 485
0 2 39 46
1 6 27 76
2 3 35 47
3 4 69 34
4 5 45 33
4 6 23 81
(238, 317)

Arvore 486
0 1 79 43
0 2 39 46
2 3 35 47
3 4 69 34
4 6 23 81
5 6 9 62
(254, 313)

Arvore 487
0 2 39 46
1 3 69 46
2 3 35 47
3 4 69 34
4 6 23 81
5 6 9 62
(244, 316)

Arvore 488
0 2 39 46
1 4 57 49
2 3 35 47
3 4 69 34
4 6 23 81
5 6 9 62
(232, 319)

Arvore 489
0 2 39 46
1 5 1 89
2 3 35 47
3 4 69 34
4 6 23 81
5 6 9 62
(176, 359)

Arvore 490
0 2 39 46
1 6 27 76
2 3 35 47
3 4 69 34
4 6 23 81
5 6 9 62
(202, 346)

Arvore 491
0 2 39 46
1 5 1 89
2 3 35 47
3 5 99 1
3 6 92 20
4 5 45 33
(311, 236)

Arvore 492
0 2 39 46
1 5 1 89
2 3 35 47
3 5 99 1
3 6 92 20
4 6 23 81
(289, 284)

Arvore 493
0 2 39 46
1 5 1 89
2 3 35 47
2 6 74 52
3 5 99 1
4 5 45 33
(293, 268)

Arvore 494
0 2 39 46
1 5 1 89
2 3 35 47
3 5 99 1
4 5 45 33
5 6 9 62
(228, 278)

Arvore 495
0 2 39 46
1 5 1 89
2 3 35 47
3 5 99 1
4 6 23 81
5 6 9 62
(206, 326)

Arvore 496
0 2 39 46
1 6 27 76
2 3 35 47
3 5 99 1
3 6 92 20
4 5 45 33
(337, 223)

Arvore 497
0 2 39 46
1 6 27 76
2 3 35 47
3 5 99 1
3 6 92 20
4 6 23 81
(315, 271)

Arvore 498
0 1 79 43
0 2 39 46
2 3 35 47
3 5 99 1
3 6 92 20
4 5 45 33
(389, 190)

Arvore 499
0 2 39 46
1 3 69 46
2 3 35 47
3 5 99 1
3 6 92 20
4 5 45 33
(379, 193)

Arvore 500
0 2 39 46
1 4 57 49
2 3 35 47
3 5 99 1
3 6 92 20
4 5 45 33
(367, 196)

Arvore 501
0 1 79 43
0 2 39 46
2 3 35 47
3 5 99 1
3 6 92 20
4 6 23 81
(367, 238)

Arvore 502
0 2 39 46
1 3 69 46
2 3 35 47
3 5 99 1
3 6 92 20
4 6 23 81
(357, 241)

Arvore 503
0 2 39 46
1 4 57 49
2 3 35 47
3 5 99 1
3 6 92 20
4 6 23 81
(345, 244)

Arvore 504
0 1 79 43
0 2 39 46
2 3 35 47
2 6 74 52
3 5 99 1
4 5 45 33
(371, 222)

Arvore 505
0 1 79 43
0 2 39 46
2 3 35 47
3 5 99 1
4 5 45 33
5 6 9 62
(306, 232)

Arvore 506
0 2 39 46
1 3 69 46
2 3 35 47
2 6 74 52
3 5 99 1
4 5 45 33
(361, 225)

Arvore 507
0 2 39 46
1 3 69 46
2 3 35 47
3 5 99 1
4 5 45 33
5 6 9 62
(296, 235)

Arvore 508
0 2 39 46
1 4 57 49
2 3 35 47
2 6 74 52
3 5 99 1
4 5 45 33
(349, 228)

Arvore 509
0 2 39 46
1 4 57 49
2 3 35 47
3 5 99 1
4 5 45 33
5 6 9 62
(284, 238)

Arvore 510
0 2 39 46
1 6 27 76
2 3 35 47
3 5 99 1
4 5 45 33
5 6 9 62
(254, 265)

Arvore 511
0 2 39 46
1 6 27 76
2 3 35 47
3 5 99 1
4 6 23 81
5 6 9 62
(232, 313)

Arvore 512
0 1 79 43
0 2 39 46
2 3 35 47
3 5 99 1
4 6 23 81
5 6 9 62
(284, 280)

Arvore 513
0 2 39 46
1 3 69 46
2 3 35 47
3 5 99 1
4 6 23 81
5 6 9 62
(274, 283)

Arvore 514
0 2 39 46
1 4 57 49
2 3 35 47
3 5 99 1
4 6 23 81
5 6 9 62
(262, 286)

Arvore 515
0 2 39 46
1 5 1 89
2 3 35 47
3 6 92 20
4 5 45 33
5 6 9 62
(221, 297)

Arvore 516
0 2 39 46
1 5 1 89
2 3 35 47
3 6 92 20
4 6 23 81
5 6 9 62
(199, 345)

Arvore 517
0 2 39 46
1 6 27 76
2 3 35 47
3 6 92 20
4 5 45 33
5 6 9 62
(247, 284)

Arvore 518
0 2 39 46
1 6 27 76
2 3 35 47
3 6 92 20
4 6 23 81
5 6 9 62
(225, 332)

Arvore 519
0 1 79 43
0 2 39 46
2 3 35 47
3 6 92 20
4 5 45 33
5 6 9 62
(299, 251)

Arvore 520
0 2 39 46
1 3 69 46
2 3 35 47
3 6 92 20
4 5 45 33
5 6 9 62
(289, 254)

Arvore 521
0 2 39 46
1 4 57 49
2 3 35 47
3 6 92 20
4 5 45 33
5 6 9 62
(277, 257)

Arvore 522
0 1 79 43
0 2 39 46
2 3 35 47
3 6 92 20
4 6 23 81
5 6 9 62
(277, 299)

Arvore 523
0 2 39 46
1 3 69 46
2 3 35 47
3 6 92 20
4 6 23 81
5 6 9 62
(267, 302)

Arvore 524
0 2 39 46
1 4 57 49
2 3 35 47
3 6 92 20
4 6 23 81
5 6 9 62
(255, 305)

Arvore 525
0 2 39 46
1 5 1 89
2 5 81 28
3 5 99 1
3 6 92 20
4 5 45 33
(357, 217)

Arvore 526
0 2 39 46
1 5 1 89
2 5 81 28
3 5 99 1
3 6 92 20
4 6 23 81
(335, 265)

Arvore 527
0 2 39 46
1 5 1 89
2 5 81 28
2 6 74 52
3 5 99 1
4 5 45 33
(339, 249)

Arvore 528
0 2 39 46
1 5 1 89
2 5 81 28
3 5 99 1
4 5 45 33
5 6 9 62
(274, 259)

Arvore 529
0 2 39 46
1 5 1 89
2 5 81 28
3 5 99 1
4 6 23 81
5 6 9 62
(252, 307)

Arvore 530
0 2 39 46
1 5 1 89
2 5 81 28
2 6 74 52
3 4 69 34
4 5 45 33
(309, 282)

Arvore 531
0 2 39 46
1 5 1 89
2 5 81 28
3 4 69 34
3 6 92 20
4 5 45 33
(327, 250)

Arvore 532
0 2 39 46
1 5 1 89
2 5 81 28
3 4 69 34
4 5 45 33
5 6 9 62
(244, 292)

Arvore 533
0 2 39 46
1 5 1 89
2 5 81 28
3 6 92 20
4 5 45 33
5 6 9 62
(267, 278)

Arvore 534
0 2 39 46
1 5 1 89
2 5 81 28
3 6 92 20
4 6 23 81
5 6 9 62
(245, 326)

Arvore 535
0 2 39 46
1 5 1 89
2 5 81 28
3 4 69 34
4 6 23 81
5 6 9 62
(222, 340)

Arvore 536
0 2 39 46
1 6 27 76
2 5 81 28
3 5 99 1
3 6 92 20
4 5 45 33
(383, 204)

Arvore 537
0 2 39 46
1 6 27 76
2 5 81 28
3 5 99 1
3 6 92 20
4 6 23 81
(361, 252)

Arvore 538
0 1 79 43
0 2 39 46
2 5 81 28
3 5 99 1
3 6 92 20
4 5 45 33
(435, 171)

Arvore 539
0 2 39 46
1 3 69 46
2 5 81 28
3 5 99 1
3 6 92 20
4 5 45 33
(425, 174)

Arvore 540
0 2 39 46
1 4 57 49
2 5 81 28
3 5 99 1
3 6 92 20
4 5 45 33
(413, 177)

Arvore 541
0 1 79 43
0 2 39 46
2 5 81 28
3 5 99 1
3 6 92 20
4 6 23 81
(413, 219)

Arvore 542
0 2 39 46
1 3 69 46
2 5 81 28
3 5 99 1
3 6 92 20
4 6 23 81
(403, 222)

Arvore 543
0 2 39 46
1 4 57 49
2 5 81 28
3 5 99 1
3 6 92 20
4 6 23 81
(391, 225)

Arvore 544
0 1 79 43
0 2 39 46
2 5 81 28
2 6 74 52
3 5 99 1
4 5 45 33
(417, 203)

Arvore 545
0 1 79 43
0 2 39 46
2 5 81 28
3 5 99 1
4 5 45 33
5 6 9 62
(352, 213)

Arvore 546
0 2 39 46
1 3 69 46
2 5 81 28
2 6 74 52
3 5 99 1
4 5 45 33
(407, 206)

Arvore 547
0 2 39 46
1 3 69 46
2 5 81 28
3 5 99 1
4 5 45 33
5 6 9 62
(342, 216)

Arvore 548
0 2 39 46
1 4 57 49
2 5 81 28
2 6 74 52
3 5 99 1
4 5 45 33
(395, 209)

Arvore 549
0 2 39 46
1 4 57 49
2 5 81 28
3 5 99 1
4 5 45 33
5 6 9 62
(330, 219)

Arvore 550
0 2 39 46
1 6 27 76
2 5 81 28
3 5 99 1
4 5 45 33
5 6 9 62
(300, 246)

Arvore 551
0 2 39 46
1 6 27 76
2 5 81 28
3 5 99 1
4 6 23 81
5 6 9 62
(278, 294)

Arvore 552
0 1 79 43
0 2 39 46
2 5 81 28
3 5 99 1
4 6 23 81
5 6 9 62
(330, 261)

Arvore 553
0 2 39 46
1 3 69 46
2 5 81 28
3 5 99 1
4 6 23 81
5 6 9 62
(320, 264)

Arvore 554
0 2 39 46
1 4 57 49
2 5 81 28
3 5 99 1
4 6 23 81
5 6 9 62
(308, 267)

Arvore 555
0 1 79 43
0 2 39 46
2 5 81 28
2 6 74 52
3 4 69 34
4 5 45 33
(387, 236)

Arvore 556
0 1 79 43
0 2 39 46
2 5 81 28
3 4 69 34
3 6 92 20
4 5 45 33
(405, 204)

Arvore 557
0 1 79 43
0 2 39 46
2 5 81 28
3 4 69 34
4 5 45 33
5 6 9 62
(322, 246)

Arvore 558
0 2 39 46
1 3 69 46
2 5 81 28
2 6 74 52
3 4 69 34
4 5 45 33
(377, 239)

Arvore 559
0 2 39 46
1 3 69 46
2 5 81 28
3 4 69 34
3 6 92 20
4 5 45 33
(395, 207)

Arvore 560
0 2 39 46
1 3 69 46
2 5 81 28
3 4 69 34
4 5 45 33
5 6 9 62
(312, 249)

Arvore 561
0 2 39 46
1 4 57 49
2 5 81 28
2 6 74 52
3 4 69 34
4 5 45 33
(365, 242)

Arvore 562
0 2 39 46
1 4 57 49
2 5 81 28
3 4 69 34
3 6 92 20
4 5 45 33
(383, 210)

Arvore 563
0 2 39 46
1 4 57 49
2 5 81 28
3 4 69 34
4 5 45 33
5 6 9 62
(300, 252)

Arvore 564
0 2 39 46
1 6 27 76
2 5 81 28
3 4 69 34
3 6 92 20
4 5 45 33
(353, 237)

Arvore 565
0 2 39 46
1 6 27 76
2 5 81 28
3 4 69 34
4 5 45 33
5 6 9 62
(270, 279)

Arvore 566
0 2 39 46
1 6 27 76
2 5 81 28
3 6 92 20
4 5 45 33
5 6 9 62
(293, 265)

Arvore 567
0 1 79 43
0 2 39 46
2 5 81 28
3 6 92 20
4 5 45 33
5 6 9 62
(345, 232)

Arvore 568
0 2 39 46
1 3 69 46
2 5 81 28
3 6 92 20
4 5 45 33
5 6 9 62
(335, 235)

Arvore 569
0 2 39 46
1 4 57 49
2 5 81 28
3 6 92 20
4 5 45 33
5 6 9 62
(323, 238)

Arvore 570
0 2 39 46
1 6 27 76
2 5 81 28
3 6 92 20
4 5 45 33
5 6 9 62
(293, 265)

Arvore 571
0 2 39 46
1 6 27 76
2 5 81 28
3 6 92 20
4 6 23 81
5 6 9 62
(271, 313)

Arvore 572
0 2 39 46
1 6 27 76
2 5 81 28
3 4 69 34
4 6 23 81
5 6 9 62
(248, 327)

Arvore 573
0 1 79 43
0 2 39 46
2 5 81 28
3 6 92 20
4 6 23 81
5 6 9 62
(323, 280)

Arvore 574
0 2 39 46
1 3 69 46
2 5 81 28
3 6 92 20
4 6 23 81
5 6 9 62
(313, 283)

Arvore 575
0 2 39 46
1 4 57 49
2 5 81 28
3 6 92 20
4 6 23 81
5 6 9 62
(301, 286)

Arvore 576
0 1 79 43
0 2 39 46
2 5 81 28
3 4 69 34
4 6 23 81
5 6 9 62
(300, 294)

Arvore 577
0 2 39 46
1 3 69 46
2 5 81 28
3 4 69 34
4 6 23 81
5 6 9 62
(290, 297)

Arvore 578
0 2 39 46
1 4 57 49
2 5 81 28
3 4 69 34
4 6 23 81
5 6 9 62
(278, 300)

Arvore 579
0 4 32 79
1 5 1 89
2 3 35 47
2 5 81 28
2 6 74 52
4 5 45 33
(268, 328)

Arvore 580
0 4 32 79
1 5 1 89
2 3 35 47
2 5 81 28
3 6 92 20
4 5 45 33
(286, 296)

Arvore 581
0 4 32 79
1 5 1 89
2 3 35 47
2 5 81 28
4 5 45 33
5 6 9 62
(203, 338)

Arvore 582
0 4 32 79
1 5 1 89
2 5 81 28
2 6 74 52
3 4 69 34
4 5 45 33
(302, 315)

Arvore 583
0 4 32 79
1 5 1 89
2 5 81 28
3 4 69 34
3 6 92 20
4 5 45 33
(320, 283)

Arvore 584
0 4 32 79
1 5 1 89
2 5 81 28
3 4 69 34
4 5 45 33
5 6 9 62
(237, 325)

Arvore 585
0 4 32 79
1 5 1 89
2 5 81 28
2 6 74 52
3 5 99 1
4 5 45 33
(332, 282)

Arvore 586
0 4 32 79
1 5 1 89
2 5 81 28
3 5 99 1
3 6 92 20
4 5 45 33
(350, 250)

Arvore 587
0 4 32 79
1 5 1 89
2 5 81 28
3 5 99 1
4 5 45 33
5 6 9 62
(267, 292)

Arvore 588
0 4 32 79
1 5 1 89
2 5 81 28
3 6 92 20
4 5 45 33
5 6 9 62
(260, 311)

Arvore 589
0 4 32 79
1 2 80 45
1 5 1 89
2 6 74 52
3 4 69 34
4 5 45 33
(301, 332)

Arvore 590
0 4 32 79
1 2 80 45
1 5 1 89
3 4 69 34
3 6 92 20
4 5 45 33
(319, 300)

Arvore 591
0 4 32 79
1 2 80 45
1 5 1 89
3 4 69 34
4 5 45 33
5 6 9 62
(236, 342)

Arvore 592
0 4 32 79
1 5 1 89
2 3 35 47
2 6 74 52
3 4 69 34
4 5 45 33
(256, 334)

Arvore 593
0 4 32 79
1 5 1 89
2 3 35 47
3 4 69 34
3 6 92 20
4 5 45 33
(274, 302)

Arvore 594
0 4 32 79
1 5 1 89
2 3 35 47
3 4 69 34
4 5 45 33
5 6 9 62
(191, 344)

Arvore 595
0 4 32 79
1 2 80 45
1 5 1 89
2 6 74 52
3 5 99 1
4 5 45 33
(331, 299)

Arvore 596
0 4 32 79
1 2 80 45
1 5 1 89
3 5 99 1
3 6 92 20
4 5 45 33
(349, 267)

Arvore 597
0 4 32 79
1 2 80 45
1 5 1 89
3 5 99 1
4 5 45 33
5 6 9 62
(266, 309)

Arvore 598
0 4 32 79
1 5 1 89
2 3 35 47
2 6 74 52
3 5 99 1
4 5 45 33
(286, 301)

Arvore 599
0 4 32 79
1 5 1 89
2 3 35 47
3 5 99 1
3 6 92 20
4 5 45 33
(304, 269)

Arvore 600
0 4 32 79
1 5 1 89
2 3 35 47
3 5 99 1
4 5 45 33
5 6 9 62
(221, 311)

Arvore 601
0 4 32 79
1 2 80 45
1 5 1 89
3 6 92 20
4 5 45 33
5 6 9 62
(259, 328)

Arvore 602
0 4 32 79
1 5 1 89
2 3 35 47
3 6 92 20
4 5 45 33
5 6 9 62
(214, 330)

Arvore 603
0 1 79 43
0 4 32 79
2 3 35 47
2 5 81 28
2 6 74 52
4 5 45 33
(346, 282)

Arvore 604
0 1 79 43
0 4 32 79
2 3 35 47
2 5 81 28
3 6 92 20
4 5 45 33
(364, 250)

Arvore 605
0 1 79 43
0 4 32 79
2 3 35 47
2 5 81 28
4 5 45 33
5 6 9 62
(281, 292)

Arvore 606
0 4 32 79
1 3 69 46
2 3 35 47
2 5 81 28
2 6 74 52
4 5 45 33
(336, 285)

Arvore 607
0 4 32 79
1 3 69 46
2 3 35 47
2 5 81 28
3 6 92 20
4 5 45 33
(354, 253)

Arvore 608
0 4 32 79
1 3 69 46
2 3 35 47
2 5 81 28
4 5 45 33
5 6 9 62
(271, 295)

Arvore 609
0 4 32 79
1 4 57 49
2 3 35 47
2 5 81 28
2 6 74 52
4 5 45 33
(324, 288)

Arvore 610
0 4 32 79
1 4 57 49
2 3 35 47
2 5 81 28
3 6 92 20
4 5 45 33
(342, 256)

Arvore 611
0 4 32 79
1 4 57 49
2 3 35 47
2 5 81 28
4 5 45 33
5 6 9 62
(259, 298)

Arvore 612
0 4 32 79
1 6 27 76
2 3 35 47
2 5 81 28
3 6 92 20
4 5 45 33
(312, 283)

Arvore 613
0 4 32 79
1 6 27 76
2 3 35 47
2 5 81 28
4 5 45 33
5 6 9 62
(229, 325)

Arvore 614
0 1 79 43
0 4 32 79
2 5 81 28
2 6 74 52
3 4 69 34
4 5 45 33
(380, 269)

Arvore 615
0 1 79 43
0 4 32 79
2 5 81 28
3 4 69 34
3 6 92 20
4 5 45 33
(398, 237)

Arvore 616
0 1 79 43
0 4 32 79
2 5 81 28
3 4 69 34
4 5 45 33
5 6 9 62
(315, 279)

Arvore 617
0 4 32 79
1 3 69 46
2 5 81 28
2 6 74 52
3 4 69 34
4 5 45 33
(370, 272)

Arvore 618
0 4 32 79
1 3 69 46
2 5 81 28
3 4 69 34
3 6 92 20
4 5 45 33
(388, 240)

Arvore 619
0 4 32 79
1 3 69 46
2 5 81 28
3 4 69 34
4 5 45 33
5 6 9 62
(305, 282)

Arvore 620
0 4 32 79
1 4 57 49
2 5 81 28
2 6 74 52
3 4 69 34
4 5 45 33
(358, 275)

Arvore 621
0 4 32 79
1 4 57 49
2 5 81 28
3 4 69 34
3 6 92 20
4 5 45 33
(376, 243)

Arvore 622
0 4 32 79
1 4 57 49
2 5 81 28
3 4 69 34
4 5 45 33
5 6 9 62
(293, 285)

Arvore 623
0 4 32 79
1 6 27 76
2 5 81 28
3 4 69 34
3 6 92 20
4 5 45 33
(346, 270)

Arvore 624
0 4 32 79
1 6 27 76
2 5 81 28
3 4 69 34
4 5 45 33
5 6 9 62
(263, 312)

Arvore 625
0 1 79 43
0 4 32 79
2 5 81 28
2 6 74 52
3 5 99 1
4 5 45 33
(410, 236)

Arvore 626
0 1 79 43
0 4 32 79
2 5 81 28
3 5 99 1
3 6 92 20
4 5 45 33
(428, 204)

Arvore 627
0 1 79 43
0 4 32 79
2 5 81 28
3 5 99 1
4 5 45 33
5 6 9 62
(345, 246)

Arvore 628
0 4 32 79
1 3 69 46
2 5 81 28
2 6 74 52
3 5 99 1
4 5 45 33
(400, 239)

Arvore 629
0 4 32 79
1 3 69 46
2 5 81 28
3 5 99 1
3 6 92 20
4 5 45 33
(418, 207)

Arvore 630
0 4 32 79
1 3 69 46
2 5 81 28
3 5 99 1
4 5 45 33
5 6 9 62
(335, 249)

Arvore 631
0 4 32 79
1 4 57 49
2 5 81 28
2 6 74 52
3 5 99 1
4 5 45 33
(388, 242)

Arvore 632
0 4 32 79
1 4 57 49
2 5 81 28
3 5 99 1
3 6 92 20
4 5 45 33
(406, 210)

Arvore 633
0 4 32 79
1 4 57 49
2 5 81 28
3 5 99 1
4 5 45 33
5 6 9 62
(323, 252)

Arvore 634
0 4 32 79
1 6 27 76
2 5 81 28
3 5 99 1
3 6 92 20
4 5 45 33
(376, 237)

Arvore 635
0 4 32 79
1 6 27 76
2 5 81 28
3 5 99 1
4 5 45 33
5 6 9 62
(293, 279)

Arvore 636
0 4 32 79
1 6 27 76
2 5 81 28
3 6 92 20
4 5 45 33
5 6 9 62
(286, 298)

Arvore 637
0 1 79 43
0 4 32 79
2 5 81 28
3 6 92 20
4 5 45 33
5 6 9 62
(338, 265)

Arvore 638
0 4 32 79
1 3 69 46
2 5 81 28
3 6 92 20
4 5 45 33
5 6 9 62
(328, 268)

Arvore 639
0 4 32 79
1 4 57 49
2 5 81 28
3 6 92 20
4 5 45 33
5 6 9 62
(316, 271)

Arvore 640
0 1 79 43
0 4 32 79
1 2 80 45
2 6 74 52
3 4 69 34
4 5 45 33
(379, 286)

Arvore 641
0 1 79 43
0 4 32 79
1 2 80 45
3 4 69 34
3 6 92 20
4 5 45 33
(397, 254)

Arvore 642
0 1 79 43
0 4 32 79
1 2 80 45
3 4 69 34
4 5 45 33
5 6 9 62
(314, 296)

Arvore 643
0 1 79 43
0 4 32 79
2 3 35 47
2 6 74 52
3 4 69 34
4 5 45 33
(334, 288)

Arvore 644
0 1 79 43
0 4 32 79
2 3 35 47
3 4 69 34
3 6 92 20
4 5 45 33
(352, 256)

Arvore 645
0 1 79 43
0 4 32 79
2 3 35 47
3 4 69 34
4 5 45 33
5 6 9 62
(269, 298)

Arvore 646
0 4 32 79
1 3 69 46
2 3 35 47
2 6 74 52
3 4 69 34
4 5 45 33
(324, 291)

Arvore 647
0 4 32 79
1 3 69 46
2 3 35 47
3 4 69 34
3 6 92 20
4 5 45 33
(342, 259)

Arvore 648
0 4 32 79
1 3 69 46
2 3 35 47
3 4 69 34
4 5 45 33
5 6 9 62
(259, 301)

Arvore 649
0 4 32 79
1 4 57 49
2 3 35 47
2 6 74 52
3 4 69 34
4 5 45 33
(312, 294)

Arvore 650
0 4 32 79
1 4 57 49
2 3 35 47
3 4 69 34
3 6 92 20
4 5 45 33
(330, 262)

Arvore 651
0 4 32 79
1 4 57 49
2 3 35 47
3 4 69 34
4 5 45 33
5 6 9 62
(247, 304)

Arvore 652
0 4 32 79
1 6 27 76
2 3 35 47
3 4 69 34
3 6 92 20
4 5 45 33
(300, 289)

Arvore 653
0 4 32 79
1 6 27 76
2 3 35 47
3 4 69 34
4 5 45 33
5 6 9 62
(217, 331)

Arvore 654
0 4 32 79
1 2 80 45
1 6 27 76
3 4 69 34
3 6 92 20
4 5 45 33
(345, 287)

Arvore 655
0 4 32 79
1 2 80 45
1 6 27 76
3 4 69 34
4 5 45 33
5 6 9 62
(262, 329)

Arvore 656
0 1 79 43
0 4 32 79
1 2 80 45
2 6 74 52
3 5 99 1
4 5 45 33
(409, 253)

Arvore 657
0 1 79 43
0 4 32 79
1 2 80 45
3 5 99 1
3 6 92 20
4 5 45 33
(427, 221)

Arvore 658
0 1 79 43
0 4 32 79
1 2 80 45
3 5 99 1
4 5 45 33
5 6 9 62
(344, 263)

Arvore 659
0 1 79 43
0 4 32 79
2 3 35 47
2 6 74 52
3 5 99 1
4 5 45 33
(364, 255)

Arvore 660
0 1 79 43
0 4 32 79
2 3 35 47
3 5 99 1
3 6 92 20
4 5 45 33
(382, 223)

Arvore 661
0 1 79 43
0 4 32 79
2 3 35 47
3 5 99 1
4 5 45 33
5 6 9 62
(299, 265)

Arvore 662
0 4 32 79
1 3 69 46
2 3 35 47
2 6 74 52
3 5 99 1
4 5 45 33
(354, 258)

Arvore 663
0 4 32 79
1 3 69 46
2 3 35 47
3 5 99 1
3 6 92 20
4 5 45 33
(372, 226)

Arvore 664
0 4 32 79
1 3 69 46
2 3 35 47
3 5 99 1
4 5 45 33
5 6 9 62
(289, 268)

Arvore 665
0 4 32 79
1 4 57 49
2 3 35 47
2 6 74 52
3 5 99 1
4 5 45 33
(342, 261)

Arvore 666
0 4 32 79
1 4 57 49
2 3 35 47
3 5 99 1
3 6 92 20
4 5 45 33
(360, 229)

Arvore 667
0 4 32 79
1 4 57 49
2 3 35 47
3 5 99 1
4 5 45 33
5 6 9 62
(277, 271)

Arvore 668
0 4 32 79
1 6 27 76
2 3 35 47
3 5 99 1
3 6 92 20
4 5 45 33
(330, 256)

Arvore 669
0 4 32 79
1 6 27 76
2 3 35 47
3 5 99 1
4 5 45 33
5 6 9 62
(247, 298)

Arvore 670
0 4 32 79
1 2 80 45
1 6 27 76
3 5 99 1
3 6 92 20
4 5 45 33
(375, 254)

Arvore 671
0 4 32 79
1 2 80 45
1 6 27 76
3 5 99 1
4 5 45 33
5 6 9 62
(292, 296)

Arvore 672
0 4 32 79
1 2 80 45
1 6 27 76
3 6 92 20
4 5 45 33
5 6 9 62
(285, 315)

Arvore 673
0 4 32 79
1 6 27 76
2 3 35 47
3 6 92 20
4 5 45 33
5 6 9 62
(240, 317)

Arvore 674
0 1 79 43
0 4 32 79
1 2 80 45
3 6 92 20
4 5 45 33
5 6 9 62
(337, 282)

Arvore 675
0 1 79 43
0 4 32 79
2 3 35 47
3 6 92 20
4 5 45 33
5 6 9 62
(292, 284)

Arvore 676
0 4 32 79
1 3 69 46
2 3 35 47
3 6 92 20
4 5 45 33
5 6 9 62
(282, 287)

Arvore 677
0 4 32 79
1 4 57 49
2 3 35 47
3 6 92 20
4 5 45 33
5 6 9 62
(270, 290)

Arvore 678
0 1 79 43
0 4 32 79
2 3 35 47
2 5 81 28
3 6 92 20
4 6 23 81
(342, 298)

Arvore 679
0 4 32 79
1 3 69 46
2 3 35 47
2 5 81 28
3 6 92 20
4 6 23 81
(332, 301)

Arvore 680
0 4 32 79
1 4 57 49
2 3 35 47
2 5 81 28
3 6 92 20
4 6 23 81
(320, 304)

Arvore 681
0 4 32 79
1 5 1 89
2 3 35 47
2 5 81 28
3 6 92 20
4 6 23 81
(264, 344)

Arvore 682
0 4 32 79
1 6 27 76
2 3 35 47
2 5 81 28
3 6 92 20
4 6 23 81
(290, 331)

Arvore 683
0 1 79 43
0 4 32 79
2 3 35 47
3 5 99 1
3 6 92 20
4 6 23 81
(360, 271)

Arvore 684
0 4 32 79
1 3 69 46
2 3 35 47
3 5 99 1
3 6 92 20
4 6 23 81
(350, 274)

Arvore 685
0 4 32 79
1 4 57 49
2 3 35 47
3 5 99 1
3 6 92 20
4 6 23 81
(338, 277)

Arvore 686
0 4 32 79
1 5 1 89
2 3 35 47
3 5 99 1
3 6 92 20
4 6 23 81
(282, 317)

Arvore 687
0 4 32 79
1 6 27 76
2 3 35 47
3 5 99 1
3 6 92 20
4 6 23 81
(308, 304)

Arvore 688
0 1 79 43
0 4 32 79
2 3 35 47
3 6 92 20
4 5 45 33
4 6 23 81
(306, 303)

Arvore 689
0 4 32 79
1 3 69 46
2 3 35 47
3 6 92 20
4 5 45 33
4 6 23 81
(296, 306)

Arvore 690
0 4 32 79
1 4 57 49
2 3 35 47
3 6 92 20
4 5 45 33
4 6 23 81
(284, 309)

Arvore 691
0 4 32 79
1 5 1 89
2 3 35 47
3 6 92 20
4 5 45 33
4 6 23 81
(228, 349)

Arvore 692
0 4 32 79
1 6 27 76
2 3 35 47
3 6 92 20
4 5 45 33
4 6 23 81
(254, 336)

Arvore 693
0 1 79 43
0 4 32 79
2 3 35 47
3 6 92 20
4 6 23 81
5 6 9 62
(270, 332)

Arvore 694
0 4 32 79
1 3 69 46
2 3 35 47
3 6 92 20
4 6 23 81
5 6 9 62
(260, 335)

Arvore 695
0 4 32 79
1 4 57 49
2 3 35 47
3 6 92 20
4 6 23 81
5 6 9 62
(248, 338)

Arvore 696
0 4 32 79
1 5 1 89
2 3 35 47
3 6 92 20
4 6 23 81
5 6 9 62
(192, 378)

Arvore 697
0 4 32 79
1 6 27 76
2 3 35 47
3 6 92 20
4 6 23 81
5 6 9 62
(218, 365)

Arvore 698
0 1 79 43
0 4 32 79
1 2 80 45
3 5 99 1
3 6 92 20
4 6 23 81
(405, 269)

Arvore 699
0 1 79 43
0 4 32 79
2 5 81 28
3 5 99 1
3 6 92 20
4 6 23 81
(406, 252)

Arvore 700
0 4 32 79
1 2 80 45
1 5 1 89
3 5 99 1
3 6 92 20
4 6 23 81
(327, 315)

Arvore 701
0 4 32 79
1 5 1 89
2 5 81 28
3 5 99 1
3 6 92 20
4 6 23 81
(328, 298)

Arvore 702
0 4 32 79
1 2 80 45
1 6 27 76
3 5 99 1
3 6 92 20
4 6 23 81
(353, 302)

Arvore 703
0 4 32 79
1 6 27 76
2 5 81 28
3 5 99 1
3 6 92 20
4 6 23 81
(354, 285)

Arvore 704
0 4 32 79
1 3 69 46
2 5 81 28
3 5 99 1
3 6 92 20
4 6 23 81
(396, 255)

Arvore 705
0 4 32 79
1 4 57 49
2 5 81 28
3 5 99 1
3 6 92 20
4 6 23 81
(384, 258)

Arvore 706
0 1 79 43
0 4 32 79
1 2 80 45
3 6 92 20
4 5 45 33
4 6 23 81
(351, 301)

Arvore 707
0 1 79 43
0 4 32 79
2 5 81 28
3 6 92 20
4 5 45 33
4 6 23 81
(352, 284)

Arvore 708
0 4 32 79
1 2 80 45
1 5 1 89
3 6 92 20
4 5 45 33
4 6 23 81
(273, 347)

Arvore 709
0 4 32 79
1 5 1 89
2 5 81 28
3 6 92 20
4 5 45 33
4 6 23 81
(274, 330)

Arvore 710
0 4 32 79
1 2 80 45
1 6 27 76
3 6 92 20
4 5 45 33
4 6 23 81
(299, 334)

Arvore 711
0 4 32 79
1 6 27 76
2 5 81 28
3 6 92 20
4 5 45 33
4 6 23 81
(300, 317)

Arvore 712
0 4 32 79
1 3 69 46
2 5 81 28
3 6 92 20
4 5 45 33
4 6 23 81
(342, 287)

Arvore 713
0 4 32 79
1 4 57 49
2 5 81 28
3 6 92 20
4 5 45 33
4 6 23 81
(330, 290)

Arvore 714
0 1 79 43
0 4 32 79
1 2 80 45
3 6 92 20
4 6 23 81
5 6 9 62
(315, 330)

Arvore 715
0 1 79 43
0 4 32 79
2 5 81 28
3 6 92 20
4 6 23 81
5 6 9 62
(316, 313)

Arvore 716
0 4 32 79
1 2 80 45
1 5 1 89
3 6 92 20
4 6 23 81
5 6 9 62
(237, 376)

Arvore 717
0 4 32 79
1 5 1 89
2 5 81 28
3 6 92 20
4 6 23 81
5 6 9 62
(238, 359)

Arvore 718
0 4 32 79
1 2 80 45
1 6 27 76
3 6 92 20
4 6 23 81
5 6 9 62
(263, 363)

Arvore 719
0 4 32 79
1 6 27 76
2 5 81 28
3 6 92 20
4 6 23 81
5 6 9 62
(264, 346)

Arvore 720
0 4 32 79
1 3 69 46
2 5 81 28
3 6 92 20
4 6 23 81
5 6 9 62
(306, 316)

Arvore 721
0 4 32 79
1 4 57 49
2 5 81 28
3 6 92 20
4 6 23 81
5 6 9 62
(294, 319)

Arvore 722
0 4 32 79
1 5 1 89
2 3 35 47
2 5 81 28
4 5 45 33
4 6 23 81
(217, 357)

Arvore 723
0 4 32 79
1 5 1 89
2 5 81 28
3 4 69 34
4 5 45 33
4 6 23 81
(251, 344)

Arvore 724
0 4 32 79
1 5 1 89
2 5 81 28
3 5 99 1
4 5 45 33
4 6 23 81
(281, 311)

Arvore 725
0 4 32 79
1 2 80 45
1 5 1 89
3 4 69 34
4 5 45 33
4 6 23 81
(250, 361)

Arvore 726
0 4 32 79
1 5 1 89
2 3 35 47
3 4 69 34
4 5 45 33
4 6 23 81
(205, 363)

Arvore 727
0 4 32 79
1 2 80 45
1 5 1 89
3 5 99 1
4 5 45 33
4 6 23 81
(280, 328)

Arvore 728
0 4 32 79
1 5 1 89
2 3 35 47
3 5 99 1
4 5 45 33
4 6 23 81
(235, 330)

Arvore 729
0 4 32 79
1 6 27 76
2 3 35 47
2 5 81 28
4 5 45 33
4 6 23 81
(243, 344)

Arvore 730
0 4 32 79
1 6 27 76
2 5 81 28
3 4 69 34
4 5 45 33
4 6 23 81
(277, 331)

Arvore 731
0 4 32 79
1 6 27 76
2 5 81 28
3 5 99 1
4 5 45 33
4 6 23 81
(307, 298)

Arvore 732
0 4 32 79
1 2 80 45
1 6 27 76
3 4 69 34
4 5 45 33
4 6 23 81
(276, 348)

Arvore 733
0 4 32 79
1 6 27 76
2 3 35 47
3 4 69 34
4 5 45 33
4 6 23 81
(231, 350)

Arvore 734
0 4 32 79
1 2 80 45
1 6 27 76
3 5 99 1
4 5 45 33
4 6 23 81
(306, 315)

Arvore 735
0 4 32 79
1 6 27 76
2 3 35 47
3 5 99 1
4 5 45 33
4 6 23 81
(261, 317)

Arvore 736
0 1 79 43
0 4 32 79
2 3 35 47
2 5 81 28
4 5 45 33
4 6 23 81
(295, 311)

Arvore 737
0 4 32 79
1 3 69 46
2 3 35 47
2 5 81 28
4 5 45 33
4 6 23 81
(285, 314)

Arvore 738
0 4 32 79
1 4 57 49
2 3 35 47
2 5 81 28
4 5 45 33
4 6 23 81
(273, 317)

Arvore 739
0 1 79 43
0 4 32 79
2 5 81 28
3 4 69 34
4 5 45 33
4 6 23 81
(329, 298)

Arvore 740
0 4 32 79
1 3 69 46
2 5 81 28
3 4 69 34
4 5 45 33
4 6 23 81
(319, 301)

Arvore 741
0 4 32 79
1 4 57 49
2 5 81 28
3 4 69 34
4 5 45 33
4 6 23 81
(307, 304)

Arvore 742
0 1 79 43
0 4 32 79
2 5 81 28
3 5 99 1
4 5 45 33
4 6 23 81
(359, 265)

Arvore 743
0 4 32 79
1 3 69 46
2 5 81 28
3 5 99 1
4 5 45 33
4 6 23 81
(349, 268)

Arvore 744
0 4 32 79
1 4 57 49
2 5 81 28
3 5 99 1
4 5 45 33
4 6 23 81
(337, 271)

Arvore 745
0 1 79 43
0 4 32 79
1 2 80 45
3 4 69 34
4 5 45 33
4 6 23 81
(328, 315)

Arvore 746
0 1 79 43
0 4 32 79
2 3 35 47
3 4 69 34
4 5 45 33
4 6 23 81
(283, 317)

Arvore 747
0 4 32 79
1 3 69 46
2 3 35 47
3 4 69 34
4 5 45 33
4 6 23 81
(273, 320)

Arvore 748
0 4 32 79
1 4 57 49
2 3 35 47
3 4 69 34
4 5 45 33
4 6 23 81
(261, 323)

Arvore 749
0 1 79 43
0 4 32 79
1 2 80 45
3 5 99 1
4 5 45 33
4 6 23 81
(358, 282)

Arvore 750
0 1 79 43
0 4 32 79
2 3 35 47
3 5 99 1
4 5 45 33
4 6 23 81
(313, 284)

Arvore 751
0 4 32 79
1 3 69 46
2 3 35 47
3 5 99 1
4 5 45 33
4 6 23 81
(303, 287)

Arvore 752
0 4 32 79
1 4 57 49
2 3 35 47
3 5 99 1
4 5 45 33
4 6 23 81
(291, 290)

Arvore 753
0 4 32 79
1 5 1 89
2 3 35 47
2 5 81 28
4 6 23 81
5 6 9 62
(181, 386)

Arvore 754
0 4 32 79
1 5 1 89
2 5 81 28
3 4 69 34
4 6 23 81
5 6 9 62
(215, 373)

Arvore 755
0 4 32 79
1 5 1 89
2 5 81 28
3 5 99 1
4 6 23 81
5 6 9 62
(245, 340)

Arvore 756
0 4 32 79
1 2 80 45
1 5 1 89
3 4 69 34
4 6 23 81
5 6 9 62
(214, 390)

Arvore 757
0 4 32 79
1 5 1 89
2 3 35 47
3 4 69 34
4 6 23 81
5 6 9 62
(169, 392)

Arvore 758
0 4 32 79
1 2 80 45
1 5 1 89
3 5 99 1
4 6 23 81
5 6 9 62
(244, 357)

Arvore 759
0 4 32 79
1 5 1 89
2 3 35 47
3 5 99 1
4 6 23 81
5 6 9 62
(199, 359)

Arvore 760
0 4 32 79
1 6 27 76
2 3 35 47
2 5 81 28
4 6 23 81
5 6 9 62
(207, 373)

Arvore 761
0 4 32 79
1 6 27 76
2 5 81 28
3 4 69 34
4 6 23 81
5 6 9 62
(241, 360)

Arvore 762
0 4 32 79
1 6 27 76
2 5 81 28
3 5 99 1
4 6 23 81
5 6 9 62
(271, 327)

Arvore 763
0 4 32 79
1 2 80 45
1 6 27 76
3 4 69 34
4 6 23 81
5 6 9 62
(240, 377)

Arvore 764
0 4 32 79
1 6 27 76
2 3 35 47
3 4 69 34
4 6 23 81
5 6 9 62
(195, 379)

Arvore 765
0 4 32 79
1 2 80 45
1 6 27 76
3 5 99 1
4 6 23 81
5 6 9 62
(270, 344)

Arvore 766
0 4 32 79
1 6 27 76
2 3 35 47
3 5 99 1
4 6 23 81
5 6 9 62
(225, 346)

Arvore 767
0 1 79 43
0 4 32 79
2 3 35 47
2 5 81 28
4 6 23 81
5 6 9 62
(259, 340)

Arvore 768
0 4 32 79
1 3 69 46
2 3 35 47
2 5 81 28
4 6 23 81
5 6 9 62
(249, 343)

Arvore 769
0 4 32 79
1 4 57 49
2 3 35 47
2 5 81 28
4 6 23 81
5 6 9 62
(237, 346)

Arvore 770
0 1 79 43
0 4 32 79
2 5 81 28
3 4 69 34
4 6 23 81
5 6 9 62
(293, 327)

Arvore 771
0 4 32 79
1 3 69 46
2 5 81 28
3 4 69 34
4 6 23 81
5 6 9 62
(283, 330)

Arvore 772
0 4 32 79
1 4 57 49
2 5 81 28
3 4 69 34
4 6 23 81
5 6 9 62
(271, 333)

Arvore 773
0 1 79 43
0 4 32 79
2 5 81 28
3 5 99 1
4 6 23 81
5 6 9 62
(323, 294)

Arvore 774
0 4 32 79
1 3 69 46
2 5 81 28
3 5 99 1
4 6 23 81
5 6 9 62
(313, 297)

Arvore 775
0 4 32 79
1 4 57 49
2 5 81 28
3 5 99 1
4 6 23 81
5 6 9 62
(301, 300)

Arvore 776
0 1 79 43
0 4 32 79
1 2 80 45
3 4 69 34
4 6 23 81
5 6 9 62
(292, 344)

Arvore 777
0 1 79 43
0 4 32 79
2 3 35 47
3 4 69 34
4 6 23 81
5 6 9 62
(247, 346)

Arvore 778
0 4 32 79
1 3 69 46
2 3 35 47
3 4 69 34
4 6 23 81
5 6 9 62
(237, 349)

Arvore 779
0 4 32 79
1 4 57 49
2 3 35 47
3 4 69 34
4 6 23 81
5 6 9 62
(225, 352)

Arvore 780
0 1 79 43
0 4 32 79
1 2 80 45
3 5 99 1
4 6 23 81
5 6 9 62
(322, 311)

Arvore 781
0 1 79 43
0 4 32 79
2 3 35 47
3 5 99 1
4 6 23 81
5 6 9 62
(277, 313)

Arvore 782
0 4 32 79
1 3 69 46
2 3 35 47
3 5 99 1
4 6 23 81
5 6 9 62
(267, 316)

Arvore 783
0 4 32 79
1 4 57 49
2 3 35 47
3 5 99 1
4 6 23 81
5 6 9 62
(255, 319)

Arvore 784
0 4 32 79
0 5 69 35
1 5 1 89
2 3 35 47
2 5 81 28
3 6 92 20
(310, 298)

Arvore 785
0 5 69 35
1 5 1 89
2 3 35 47
2 5 81 28
3 6 92 20
4 5 45 33
(323, 252)

Arvore 786
0 5 69 35
1 5 1 89
2 3 35 47
2 5 81 28
3 6 92 20
4 6 23 81
(301, 300)

Arvore 787
0 5 69 35
1 5 1 89
2 3 35 47
2 5 81 28
2 6 74 52
4 5 45 33
(305, 284)

Arvore 788
0 5 69 35
1 5 1 89
2 3 35 47
2 5 81 28
4 5 45 33
5 6 9 62
(240, 294)

Arvore 789
0 4 32 79
0 5 69 35
1 5 1 89
2 3 35 47
2 5 81 28
5 6 9 62
(227, 340)

Arvore 790
0 5 69 35
1 5 1 89
2 3 35 47
2 5 81 28
4 6 23 81
5 6 9 62
(218, 342)

Arvore 791
0 4 32 79
0 5 69 35
1 5 1 89
2 5 81 28
3 5 99 1
3 6 92 20
(374, 252)

Arvore 792
0 5 69 35
1 5 1 89
2 5 81 28
3 5 99 1
3 6 92 20
4 5 45 33
(387, 206)

Arvore 793
0 5 69 35
1 5 1 89
2 5 81 28
3 5 99 1
3 6 92 20
4 6 23 81
(365, 254)

Arvore 794
0 5 69 35
1 5 1 89
2 5 81 28
2 6 74 52
3 5 99 1
4 5 45 33
(369, 238)

Arvore 795
0 5 69 35
1 5 1 89
2 5 81 28
3 5 99 1
4 5 45 33
5 6 9 62
(304, 248)

Arvore 796
0 4 32 79
0 5 69 35
1 5 1 89
2 5 81 28
3 5 99 1
5 6 9 62
(291, 294)

Arvore 797
0 5 69 35
1 5 1 89
2 5 81 28
3 5 99 1
4 6 23 81
5 6 9 62
(282, 296)

Arvore 798
0 5 69 35
1 5 1 89
2 5 81 28
2 6 74 52
3 4 69 34
4 5 45 33
(339, 271)

Arvore 799
0 5 69 35
1 5 1 89
2 5 81 28
3 4 69 34
3 6 92 20
4 5 45 33
(357, 239)

Arvore 800
0 5 69 35
1 5 1 89
2 5 81 28
3 4 69 34
4 5 45 33
5 6 9 62
(274, 281)

Arvore 801
0 5 69 35
1 5 1 89
2 5 81 28
3 6 92 20
4 5 45 33
5 6 9 62
(297, 267)

Arvore 802
0 4 32 79
0 5 69 35
1 5 1 89
2 5 81 28
3 4 69 34
5 6 9 62
(261, 327)

Arvore 803
0 4 32 79
0 5 69 35
1 5 1 89
2 5 81 28
3 6 92 20
5 6 9 62
(284, 313)

Arvore 804
0 5 69 35
1 5 1 89
2 5 81 28
3 6 92 20
4 6 23 81
5 6 9 62
(275, 315)

Arvore 805
0 5 69 35
1 5 1 89
2 5 81 28
3 4 69 34
4 6 23 81
5 6 9 62
(252, 329)

Arvore 806
0 4 32 79
0 5 69 35
1 5 1 89
2 3 35 47
3 5 99 1
3 6 92 20
(328, 271)

Arvore 807
0 5 69 35
1 5 1 89
2 3 35 47
3 5 99 1
3 6 92 20
4 5 45 33
(341, 225)

Arvore 808
0 5 69 35
1 5 1 89
2 3 35 47
3 5 99 1
3 6 92 20
4 6 23 81
(319, 273)

Arvore 809
0 5 69 35
1 5 1 89
2 3 35 47
2 6 74 52
3 5 99 1
4 5 45 33
(323, 257)

Arvore 810
0 5 69 35
1 5 1 89
2 3 35 47
3 5 99 1
4 5 45 33
5 6 9 62
(258, 267)

Arvore 811
0 4 32 79
0 5 69 35
1 5 1 89
2 3 35 47
3 5 99 1
5 6 9 62
(245, 313)

Arvore 812
0 5 69 35
1 5 1 89
2 3 35 47
3 5 99 1
4 6 23 81
5 6 9 62
(236, 315)

Arvore 813
0 4 32 79
0 5 69 35
1 2 80 45
1 5 1 89
3 5 99 1
3 6 92 20
(373, 269)

Arvore 814
0 5 69 35
1 2 80 45
1 5 1 89
3 5 99 1
3 6 92 20
4 5 45 33
(386, 223)

Arvore 815
0 5 69 35
1 2 80 45
1 5 1 89
3 5 99 1
3 6 92 20
4 6 23 81
(364, 271)

Arvore 816
0 5 69 35
1 2 80 45
1 5 1 89
2 6 74 52
3 5 99 1
4 5 45 33
(368, 255)

Arvore 817
0 5 69 35
1 2 80 45
1 5 1 89
3 5 99 1
4 5 45 33
5 6 9 62
(303, 265)

Arvore 818
0 4 32 79
0 5 69 35
1 2 80 45
1 5 1 89
3 5 99 1
5 6 9 62
(290, 311)

Arvore 819
0 5 69 35
1 2 80 45
1 5 1 89
3 5 99 1
4 6 23 81
5 6 9 62
(281, 313)

Arvore 820
0 5 69 35
1 2 80 45
1 5 1 89
2 6 74 52
3 4 69 34
4 5 45 33
(338, 288)

Arvore 821
0 5 69 35
1 2 80 45
1 5 1 89
3 4 69 34
3 6 92 20
4 5 45 33
(356, 256)

Arvore 822
0 5 69 35
1 2 80 45
1 5 1 89
3 4 69 34
4 5 45 33
5 6 9 62
(273, 298)

Arvore 823
0 5 69 35
1 5 1 89
2 3 35 47
2 6 74 52
3 4 69 34
4 5 45 33
(293, 290)

Arvore 824
0 5 69 35
1 5 1 89
2 3 35 47
3 4 69 34
3 6 92 20
4 5 45 33
(311, 258)

Arvore 825
0 5 69 35
1 5 1 89
2 3 35 47
3 4 69 34
4 5 45 33
5 6 9 62
(228, 300)

Arvore 826
0 5 69 35
1 2 80 45
1 5 1 89
3 6 92 20
4 5 45 33
5 6 9 62
(296, 284)

Arvore 827
0 5 69 35
1 5 1 89
2 3 35 47
3 6 92 20
4 5 45 33
5 6 9 62
(251, 286)

Arvore 828
0 4 32 79
0 5 69 35
1 2 80 45
1 5 1 89
3 4 69 34
5 6 9 62
(260, 344)

Arvore 829
0 4 32 79
0 5 69 35
1 5 1 89
2 3 35 47
3 4 69 34
5 6 9 62
(215, 346)

Arvore 830
0 4 32 79
0 5 69 35
1 2 80 45
1 5 1 89
3 6 92 20
5 6 9 62
(283, 330)

Arvore 831
0 4 32 79
0 5 69 35
1 5 1 89
2 3 35 47
3 6 92 20
5 6 9 62
(238, 332)

Arvore 832
0 5 69 35
1 5 1 89
2 3 35 47
3 6 92 20
4 6 23 81
5 6 9 62
(229, 334)

Arvore 833
0 5 69 35
1 2 80 45
1 5 1 89
3 6 92 20
4 6 23 81
5 6 9 62
(274, 332)

Arvore 834
0 5 69 35
1 2 80 45
1 5 1 89
3 4 69 34
4 6 23 81
5 6 9 62
(251, 346)

Arvore 835
0 5 69 35
1 5 1 89
2 3 35 47
3 4 69 34
4 6 23 81
5 6 9 62
(206, 348)

Arvore 836
0 4 32 79
0 5 69 35
1 6 27 76
2 3 35 47
2 5 81 28
3 6 92 20
(336, 285)

Arvore 837
0 5 69 35
1 6 27 76
2 3 35 47
2 5 81 28
3 6 92 20
4 5 45 33
(349, 239)

Arvore 838
0 5 69 35
1 6 27 76
2 3 35 47
2 5 81 28
3 6 92 20
4 6 23 81
(327, 287)

Arvore 839
0 1 79 43
0 5 69 35
2 3 35 47
2 5 81 28
3 6 92 20
4 5 45 33
(401, 206)

Arvore 840
0 5 69 35
1 3 69 46
2 3 35 47
2 5 81 28
3 6 92 20
4 5 45 33
(391, 209)

Arvore 841
0 5 69 35
1 4 57 49
2 3 35 47
2 5 81 28
3 6 92 20
4 5 45 33
(379, 212)

Arvore 842
0 1 79 43
0 5 69 35
2 3 35 47
2 5 81 28
3 6 92 20
4 6 23 81
(379, 254)

Arvore 843
0 5 69 35
1 3 69 46
2 3 35 47
2 5 81 28
3 6 92 20
4 6 23 81
(369, 257)

Arvore 844
0 5 69 35
1 4 57 49
2 3 35 47
2 5 81 28
3 6 92 20
4 6 23 81
(357, 260)

Arvore 845
0 1 79 43
0 5 69 35
2 3 35 47
2 5 81 28
2 6 74 52
4 5 45 33
(383, 238)

Arvore 846
0 1 79 43
0 5 69 35
2 3 35 47
2 5 81 28
4 5 45 33
5 6 9 62
(318, 248)

Arvore 847
0 5 69 35
1 3 69 46
2 3 35 47
2 5 81 28
2 6 74 52
4 5 45 33
(373, 241)

Arvore 848
0 5 69 35
1 3 69 46
2 3 35 47
2 5 81 28
4 5 45 33
5 6 9 62
(308, 251)

Arvore 849
0 5 69 35
1 4 57 49
2 3 35 47
2 5 81 28
2 6 74 52
4 5 45 33
(361, 244)

Arvore 850
0 5 69 35
1 4 57 49
2 3 35 47
2 5 81 28
4 5 45 33
5 6 9 62
(296, 254)

Arvore 851
0 5 69 35
1 6 27 76
2 3 35 47
2 5 81 28
4 5 45 33
5 6 9 62
(266, 281)

Arvore 852
0 4 32 79
0 5 69 35
1 6 27 76
2 3 35 47
2 5 81 28
5 6 9 62
(253, 327)

Arvore 853
0 5 69 35
1 6 27 76
2 3 35 47
2 5 81 28
4 6 23 81
5 6 9 62
(244, 329)

Arvore 854
0 1 79 43
0 5 69 35
2 3 35 47
2 5 81 28
4 6 23 81
5 6 9 62
(296, 296)

Arvore 855
0 5 69 35
1 3 69 46
2 3 35 47
2 5 81 28
4 6 23 81
5 6 9 62
(286, 299)

Arvore 856
0 5 69 35
1 4 57 49
2 3 35 47
2 5 81 28
4 6 23 81
5 6 9 62
(274, 302)

Arvore 857
0 4 32 79
0 5 69 35
1 6 27 76
2 5 81 28
3 5 99 1
3 6 92 20
(400, 239)

Arvore 858
0 5 69 35
1 6 27 76
2 5 81 28
3 5 99 1
3 6 92 20
4 5 45 33
(413, 193)

Arvore 859
0 5 69 35
1 6 27 76
2 5 81 28
3 5 99 1
3 6 92 20
4 6 23 81
(391, 241)

Arvore 860
0 1 79 43
0 5 69 35
2 5 81 28
3 5 99 1
3 6 92 20
4 5 45 33
(465, 160)

Arvore 861
0 5 69 35
1 3 69 46
2 5 81 28
3 5 99 1
3 6 92 20
4 5 45 33
(455, 163)

Arvore 862
0 5 69 35
1 4 57 49
2 5 81 28
3 5 99 1
3 6 92 20
4 5 45 33
(443, 166)

Arvore 863
0 1 79 43
0 5 69 35
2 5 81 28
3 5 99 1
3 6 92 20
4 6 23 81
(443, 208)

Arvore 864
0 5 69 35
1 3 69 46
2 5 81 28
3 5 99 1
3 6 92 20
4 6 23 81
(433, 211)

Arvore 865
0 5 69 35
1 4 57 49
2 5 81 28
3 5 99 1
3 6 92 20
4 6 23 81
(421, 214)

Arvore 866
0 1 79 43
0 5 69 35
2 5 81 28
2 6 74 52
3 5 99 1
4 5 45 33
(447, 192)

Arvore 867
0 1 79 43
0 5 69 35
2 5 81 28
3 5 99 1
4 5 45 33
5 6 9 62
(382, 202)

Arvore 868
0 5 69 35
1 3 69 46
2 5 81 28
2 6 74 52
3 5 99 1
4 5 45 33
(437, 195)

Arvore 869
0 5 69 35
1 3 69 46
2 5 81 28
3 5 99 1
4 5 45 33
5 6 9 62
(372, 205)

Arvore 870
0 5 69 35
1 4 57 49
2 5 81 28
2 6 74 52
3 5 99 1
4 5 45 33
(425, 198)

Arvore 871
0 5 69 35
1 4 57 49
2 5 81 28
3 5 99 1
4 5 45 33
5 6 9 62
(360, 208)

Arvore 872
0 5 69 35
1 6 27 76
2 5 81 28
3 5 99 1
4 5 45 33
5 6 9 62
(330, 235)

Arvore 873
0 4 32 79
0 5 69 35
1 6 27 76
2 5 81 28
3 5 99 1
5 6 9 62
(317, 281)

Arvore 874
0 5 69 35
1 6 27 76
2 5 81 28
3 5 99 1
4 6 23 81
5 6 9 62
(308, 283)

Arvore 875
0 1 79 43
0 5 69 35
2 5 81 28
3 5 99 1
4 6 23 81
5 6 9 62
(360, 250)

Arvore 876
0 5 69 35
1 3 69 46
2 5 81 28
3 5 99 1
4 6 23 81
5 6 9 62
(350, 253)

Arvore 877
0 5 69 35
1 4 57 49
2 5 81 28
3 5 99 1
4 6 23 81
5 6 9 62
(338, 256)

Arvore 878
0 1 79 43
0 5 69 35
2 5 81 28
2 6 74 52
3 4 69 34
4 5 45 33
(417, 225)

Arvore 879
0 1 79 43
0 5 69 35
2 5 81 28
3 4 69 34
3 6 92 20
4 5 45 33
(435, 193)

Arvore 880
0 1 79 43
0 5 69 35
2 5 81 28
3 4 69 34
4 5 45 33
5 6 9 62
(352, 235)

Arvore 881
0 5 69 35
1 3 69 46
2 5 81 28
2 6 74 52
3 4 69 34
4 5 45 33
(407, 228)

Arvore 882
0 5 69 35
1 3 69 46
2 5 81 28
3 4 69 34
3 6 92 20
4 5 45 33
(425, 196)

Arvore 883
0 5 69 35
1 3 69 46
2 5 81 28
3 4 69 34
4 5 45 33
5 6 9 62
(342, 238)

Arvore 884
0 5 69 35
1 4 57 49
2 5 81 28
2 6 74 52
3 4 69 34
4 5 45 33
(395, 231)

Arvore 885
0 5 69 35
1 4 57 49
2 5 81 28
3 4 69 34
3 6 92 20
4 5 45 33
(413, 199)

Arvore 886
0 5 69 35
1 4 57 49
2 5 81 28
3 4 69 34
4 5 45 33
5 6 9 62
(330, 241)

Arvore 887
0 5 69 35
1 6 27 76
2 5 81 28
3 4 69 34
3 6 92 20
4 5 45 33
(383, 226)

Arvore 888
0 5 69 35
1 6 27 76
2 5 81 28
3 4 69 34
4 5 45 33
5 6 9 62
(300, 268)

Arvore 889
0 5 69 35
1 6 27 76
2 5 81 28
3 6 92 20
4 5 45 33
5 6 9 62
(323, 254)

Arvore 890
0 1 79 43
0 5 69 35
2 5 81 28
3 6 92 20
4 5 45 33
5 6 9 62
(375, 221)

Arvore 891
0 5 69 35
1 3 69 46
2 5 81 28
3 6 92 20
4 5 45 33
5 6 9 62
(365, 224)

Arvore 892
0 5 69 35
1 4 57 49
2 5 81 28
3 6 92 20
4 5 45 33
5 6 9 62
(353, 227)

Arvore 893
0 4 32 79
0 5 69 35
1 6 27 76
2 5 81 28
3 4 69 34
5 6 9 62
(287, 314)

Arvore 894
0 4 32 79
0 5 69 35
1 6 27 76
2 5 81 28
3 6 92 20
5 6 9 62
(310, 300)

Arvore 895
0 5 69 35
1 6 27 76
2 5 81 28
3 6 92 20
4 6 23 81
5 6 9 62
(301, 302)

Arvore 896
0 5 69 35
1 6 27 76
2 5 81 28
3 4 69 34
4 6 23 81
5 6 9 62
(278, 316)

Arvore 897
0 1 79 43
0 5 69 35
2 5 81 28
3 6 92 20
4 6 23 81
5 6 9 62
(353, 269)

Arvore 898
0 5 69 35
1 3 69 46
2 5 81 28
3 6 92 20
4 6 23 81
5 6 9 62
(343, 272)

Arvore 899
0 5 69 35
1 4 57 49
2 5 81 28
3 6 92 20
4 6 23 81
5 6 9 62
(331, 275)

Arvore 900
0 1 79 43
0 5 69 35
2 5 81 28
3 4 69 34
4 6 23 81
5 6 9 62
(330, 283)

Arvore 901
0 5 69 35
1 3 69 46
2 5 81 28
3 4 69 34
4 6 23 81
5 6 9 62
(320, 286)

Arvore 902
0 5 69 35
1 4 57 49
2 5 81 28
3 4 69 34
4 6 23 81
5 6 9 62
(308, 289)

Arvore 903
0 4 32 79
0 5 69 35
1 6 27 76
2 3 35 47
3 5 99 1
3 6 92 20
(354, 258)

Arvore 904
0 5 69 35
1 6 27 76
2 3 35 47
3 5 99 1
3 6 92 20
4 5 45 33
(367, 212)

Arvore 905
0 5 69 35
1 6 27 76
2 3 35 47
3 5 99 1
3 6 92 20
4 6 23 81
(345, 260)

Arvore 906
0 1 79 43
0 5 69 35
2 3 35 47
3 5 99 1
3 6 92 20
4 5 45 33
(419, 179)

Arvore 907
0 5 69 35
1 3 69 46
2 3 35 47
3 5 99 1
3 6 92 20
4 5 45 33
(409, 182)

Arvore 908
0 5 69 35
1 4 57 49
2 3 35 47
3 5 99 1
3 6 92 20
4 5 45 33
(397, 185)

Arvore 909
0 1 79 43
0 5 69 35
2 3 35 47
3 5 99 1
3 6 92 20
4 6 23 81
(397, 227)

Arvore 910
0 5 69 35
1 3 69 46
2 3 35 47
3 5 99 1
3 6 92 20
4 6 23 81
(387, 230)

Arvore 911
0 5 69 35
1 4 57 49
2 3 35 47
3 5 99 1
3 6 92 20
4 6 23 81
(375, 233)

Arvore 912
0 1 79 43
0 5 69 35
2 3 35 47
2 6 74 52
3 5 99 1
4 5 45 33
(401, 211)

Arvore 913
0 1 79 43
0 5 69 35
2 3 35 47
3 5 99 1
4 5 45 33
5 6 9 62
(336, 221)

Arvore 914
0 5 69 35
1 3 69 46
2 3 35 47
2 6 74 52
3 5 99 1
4 5 45 33
(391, 214)

Arvore 915
0 5 69 35
1 3 69 46
2 3 35 47
3 5 99 1
4 5 45 33
5 6 9 62
(326, 224)

Arvore 916
0 5 69 35
1 4 57 49
2 3 35 47
2 6 74 52
3 5 99 1
4 5 45 33
(379, 217)

Arvore 917
0 5 69 35
1 4 57 49
2 3 35 47
3 5 99 1
4 5 45 33
5 6 9 62
(314, 227)

Arvore 918
0 5 69 35
1 6 27 76
2 3 35 47
3 5 99 1
4 5 45 33
5 6 9 62
(284, 254)

Arvore 919
0 4 32 79
0 5 69 35
1 6 27 76
2 3 35 47
3 5 99 1
5 6 9 62
(271, 300)

Arvore 920
0 5 69 35
1 6 27 76
2 3 35 47
3 5 99 1
4 6 23 81
5 6 9 62
(262, 302)

Arvore 921
0 1 79 43
0 5 69 35
2 3 35 47
3 5 99 1
4 6 23 81
5 6 9 62
(314, 269)

Arvore 922
0 5 69 35
1 3 69 46
2 3 35 47
3 5 99 1
4 6 23 81
5 6 9 62
(304, 272)

Arvore 923
0 5 69 35
1 4 57 49
2 3 35 47
3 5 99 1
4 6 23 81
5 6 9 62
(292, 275)

Arvore 924
0 4 32 79
0 5 69 35
1 2 80 45
1 6 27 76
3 5 99 1
3 6 92 20
(399, 256)

Arvore 925
0 5 69 35
1 2 80 45
1 6 27 76
3 5 99 1
3 6 92 20
4 5 45 33
(412, 210)

Arvore 926
0 5 69 35
1 2 80 45
1 6 27 76
3 5 99 1
3 6 92 20
4 6 23 81
(390, 258)

Arvore 927
0 1 79 43
0 5 69 35
1 2 80 45
3 5 99 1
3 6 92 20
4 5 45 33
(464, 177)

Arvore 928
0 1 79 43
0 5 69 35
1 2 80 45
3 5 99 1
3 6 92 20
4 6 23 81
(442, 225)

Arvore 929
0 1 79 43
0 5 69 35
1 2 80 45
2 6 74 52
3 5 99 1
4 5 45 33
(446, 209)

Arvore 930
0 1 79 43
0 5 69 35
1 2 80 45
3 5 99 1
4 5 45 33
5 6 9 62
(381, 219)

Arvore 931
0 5 69 35
1 2 80 45
1 6 27 76
3 5 99 1
4 5 45 33
5 6 9 62
(329, 252)

Arvore 932
0 4 32 79
0 5 69 35
1 2 80 45
1 6 27 76
3 5 99 1
5 6 9 62
(316, 298)

Arvore 933
0 5 69 35
1 2 80 45
1 6 27 76
3 5 99 1
4 6 23 81
5 6 9 62
(307, 300)

Arvore 934
0 1 79 43
0 5 69 35
1 2 80 45
3 5 99 1
4 6 23 81
5 6 9 62
(359, 267)

Arvore 935
0 1 79 43
0 5 69 35
1 2 80 45
2 6 74 52
3 4 69 34
4 5 45 33
(416, 242)

Arvore 936
0 1 79 43
0 5 69 35
1 2 80 45
3 4 69 34
3 6 92 20
4 5 45 33
(434, 210)

Arvore 937
0 1 79 43
0 5 69 35
1 2 80 45
3 4 69 34
4 5 45 33
5 6 9 62
(351, 252)

Arvore 938
0 1 79 43
0 5 69 35
2 3 35 47
2 6 74 52
3 4 69 34
4 5 45 33
(371, 244)

Arvore 939
0 1 79 43
0 5 69 35
2 3 35 47
3 4 69 34
3 6 92 20
4 5 45 33
(389, 212)

Arvore 940
0 1 79 43
0 5 69 35
2 3 35 47
3 4 69 34
4 5 45 33
5 6 9 62
(306, 254)

Arvore 941
0 5 69 35
1 3 69 46
2 3 35 47
2 6 74 52
3 4 69 34
4 5 45 33
(361, 247)

Arvore 942
0 5 69 35
1 3 69 46
2 3 35 47
3 4 69 34
3 6 92 20
4 5 45 33
(379, 215)

Arvore 943
0 5 69 35
1 3 69 46
2 3 35 47
3 4 69 34
4 5 45 33
5 6 9 62
(296, 257)

Arvore 944
0 5 69 35
1 4 57 49
2 3 35 47
2 6 74 52
3 4 69 34
4 5 45 33
(349, 250)

Arvore 945
0 5 69 35
1 4 57 49
2 3 35 47
3 4 69 34
3 6 92 20
4 5 45 33
(367, 218)

Arvore 946
0 5 69 35
1 4 57 49
2 3 35 47
3 4 69 34
4 5 45 33
5 6 9 62
(284, 260)

Arvore 947
0 5 69 35
1 6 27 76
2 3 35 47
3 4 69 34
3 6 92 20
4 5 45 33
(337, 245)

Arvore 948
0 5 69 35
1 6 27 76
2 3 35 47
3 4 69 34
4 5 45 33
5 6 9 62
(254, 287)

Arvore 949
0 5 69 35
1 2 80 45
1 6 27 76
3 4 69 34
3 6 92 20
4 5 45 33
(382, 243)

Arvore 950
0 5 69 35
1 2 80 45
1 6 27 76
3 4 69 34
4 5 45 33
5 6 9 62
(299, 285)

Arvore 951
0 5 69 35
1 2 80 45
1 6 27 76
3 6 92 20
4 5 45 33
5 6 9 62
(322, 271)

Arvore 952
0 5 69 35
1 6 27 76
2 3 35 47
3 6 92 20
4 5 45 33
5 6 9 62
(277, 273)

Arvore 953
0 1 79 43
0 5 69 35
1 2 80 45
3 6 92 20
4 5 45 33
5 6 9 62
(374, 238)

Arvore 954
0 1 79 43
0 5 69 35
2 3 35 47
3 6 92 20
4 5 45 33
5 6 9 62
(329, 240)

Arvore 955
0 5 69 35
1 3 69 46
2 3 35 47
3 6 92 20
4 5 45 33
5 6 9 62
(319, 243)

Arvore 956
0 5 69 35
1 4 57 49
2 3 35 47
3 6 92 20
4 5 45 33
5 6 9 62
(307, 246)

Arvore 957
0 4 32 79
0 5 69 35
1 2 80 45
1 6 27 76
3 4 69 34
5 6 9 62
(286, 331)

Arvore 958
0 4 32 79
0 5 69 35
1 6 27 76
2 3 35 47
3 4 69 34
5 6 9 62
(241, 333)

Arvore 959
0 4 32 79
0 5 69 35
1 2 80 45
1 6 27 76
3 6 92 20
5 6 9 62
(309, 317)

Arvore 960
0 4 32 79
0 5 69 35
1 6 27 76
2 3 35 47
3 6 92 20
5 6 9 62
(264, 319)

Arvore 961
0 5 69 35
1 6 27 76
2 3 35 47
3 6 92 20
4 6 23 81
5 6 9 62
(255, 321)

Arvore 962
0 5 69 35
1 2 80 45
1 6 27 76
3 6 92 20
4 6 23 81
5 6 9 62
(300, 319)

Arvore 963
0 5 69 35
1 2 80 45
1 6 27 76
3 4 69 34
4 6 23 81
5 6 9 62
(277, 333)

Arvore 964
0 5 69 35
1 6 27 76
2 3 35 47
3 4 69 34
4 6 23 81
5 6 9 62
(232, 335)

Arvore 965
0 1 79 43
0 5 69 35
2 3 35 47
3 6 92 20
4 6 23 81
5 6 9 62
(307, 288)

Arvore 966
0 5 69 35
1 3 69 46
2 3 35 47
3 6 92 20
4 6 23 81
5 6 9 62
(297, 291)

Arvore 967
0 5 69 35
1 4 57 49
2 3 35 47
3 6 92 20
4 6 23 81
5 6 9 62
(285, 294)

Arvore 968
0 1 79 43
0 5 69 35
1 2 80 45
3 6 92 20
4 6 23 81
5 6 9 62
(352, 286)

Arvore 969
0 1 79 43
0 5 69 35
1 2 80 45
3 4 69 34
4 6 23 81
5 6 9 62
(329, 300)

Arvore 970
0 1 79 43
0 5 69 35
2 3 35 47
3 4 69 34
4 6 23 81
5 6 9 62
(284, 302)

Arvore 971
0 5 69 35
1 3 69 46
2 3 35 47
3 4 69 34
4 6 23 81
5 6 9 62
(274, 305)

Arvore 972
0 5 69 35
1 4 57 49
2 3 35 47
3 4 69 34
4 6 23 81
5 6 9 62
(262, 308)

