1
0.01
Arvore 
0 10 47 51
1 2 65 61
1 11 16 40
3 4 40 56
4 5 17 49
5 15 55 59
6 7 71 54
7 8 31 35
7 17 22 23
9 19 36 40
10 20 10 20
11 21 15 16
12 13 55 68
13 23 39 61
14 15 16 43
14 24 29 23
15 16 38 35
16 17 11 28
17 18 34 28
17 27 11 38
19 29 48 35
20 21 19 47
21 22 24 50
21 31 19 35
22 23 30 23
23 33 48 57
24 25 26 46
24 34 19 47
26 36 68 80
28 29 48 37
28 38 18 43
29 39 60 60
30 31 12 20
31 32 27 52
31 41 59 50
33 34 19 12
34 35 33 26
35 36 19 43
36 37 17 30
37 38 21 45
37 47 6 10
40 41 55 39
40 50 6 39
41 51 9 6
42 43 12 43
42 52 61 63
43 44 24 25
44 45 18 48
44 54 62 52
45 46 39 55
45 55 8 22
47 57 34 37
48 49 66 45
48 58 11 28
49 59 90 78
52 53 56 65
55 56 37 25
56 57 8 25
57 58 25 26
(1919, 2397)

