1
0.01
Arvore 
0 1 35 24
0 43 2 32
1 2 63 39
2 3 27 37
3 4 49 48
4 5 48 42
5 48 75 83
6 7 29 30
6 49 23 45
7 8 37 51
8 9 5 17
8 51 9 39
9 52 15 11
10 11 18 50
10 53 10 24
11 54 34 36
12 55 40 52
13 14 30 29
13 56 57 61
14 15 25 19
15 16 33 33
15 58 31 44
16 17 39 55
16 59 21 30
17 18 40 64
17 60 26 30
18 61 9 26
19 20 46 53
19 62 25 20
20 21 34 47
21 64 53 36
22 23 63 43
22 65 60 58
23 24 87 56
23 66 47 49
24 25 51 61
24 67 81 78
25 26 53 37
26 69 60 66
27 28 37 39
27 70 11 26
28 29 21 44
29 30 0 26
29 72 53 39
31 32 6 43
31 74 39 27
32 75 7 32
33 34 10 18
33 76 66 43
34 77 13 39
35 36 76 48
35 78 7 24
36 37 73 65
36 79 70 76
37 38 53 37
38 39 23 30
39 40 40 61
39 82 16 15
40 83 55 49
41 42 57 37
41 84 63 76
42 85 33 21
43 44 5 42
45 46 9 44
46 47 61 44
47 48 47 57
48 49 20 33
50 51 0 21
52 53 78 51
54 55 64 40
55 56 76 70
57 58 34 24
61 62 56 41
63 64 49 49
64 65 72 51
68 69 66 49
69 70 6 16
70 71 60 52
72 73 46 55
73 74 74 75
75 76 38 24
77 78 42 28
79 80 46 37
81 82 1 32
83 84 27 33
(3296, 3538)

