7
0.07
Arvore 
0 39 6 69
1 13 0 75
1 41 2 91
2 7 3 99
2 15 1 45
2 25 2 44
3 33 0 65
4 38 1 96
4 41 4 25
5 43 3 81
6 9 4 28
6 26 4 95
6 46 3 66
7 29 1 77
8 28 1 80
8 30 0 63
8 34 2 79
10 30 5 62
10 43 6 80
11 12 4 48
11 38 3 76
12 20 2 26
12 35 4 53
12 46 1 57
14 21 3 81
14 36 3 70
15 46 0 94
16 28 1 95
16 39 1 30
17 18 6 50
18 22 2 98
19 39 4 20
21 28 2 87
22 26 2 80
23 24 0 43
23 35 4 91
23 45 3 24
24 40 7 77
25 30 4 71
27 42 3 90
27 49 4 48
30 37 0 34
31 34 5 81
31 49 2 48
32 42 0 92
33 41 1 90
34 48 1 53
38 47 1 86
41 44 3 33
(124, 3246)

