66
0.66
Arvore 1
0 2 39 46
0 4 32 79
1 5 1 89
2 3 35 47
2 5 81 28
3 6 92 20
(280, 309)

Arvore 2
0 2 39 46
1 5 1 89
2 3 35 47
2 5 81 28
3 6 92 20
4 5 45 33
(293, 263)

Arvore 3
0 2 39 46
1 5 1 89
2 3 35 47
2 5 81 28
3 6 92 20
4 6 23 81
(271, 311)

Arvore 4
0 2 39 46
1 5 1 89
2 3 35 47
2 5 81 28
2 6 74 52
4 5 45 33
(275, 295)

Arvore 5
0 2 39 46
1 5 1 89
2 3 35 47
2 5 81 28
4 5 45 33
5 6 9 62
(210, 305)

Arvore 6
0 2 39 46
0 4 32 79
1 5 1 89
2 3 35 47
2 5 81 28
5 6 9 62
(197, 351)

Arvore 7
0 2 39 46
1 5 1 89
2 3 35 47
2 5 81 28
4 6 23 81
5 6 9 62
(188, 353)

Arvore 8
0 2 39 46
0 4 32 79
1 5 1 89
2 3 35 47
3 5 99 1
3 6 92 20
(298, 282)

Arvore 9
0 2 39 46
1 5 1 89
2 3 35 47
3 5 99 1
3 6 92 20
4 5 45 33
(311, 236)

Arvore 10
0 2 39 46
1 5 1 89
2 3 35 47
3 5 99 1
3 6 92 20
4 6 23 81
(289, 284)

Arvore 11
0 2 39 46
1 5 1 89
2 3 35 47
2 6 74 52
3 5 99 1
4 5 45 33
(293, 268)

Arvore 12
0 2 39 46
1 5 1 89
2 3 35 47
3 5 99 1
4 5 45 33
5 6 9 62
(228, 278)

Arvore 13
0 2 39 46
0 4 32 79
1 5 1 89
2 3 35 47
3 5 99 1
5 6 9 62
(215, 324)

Arvore 14
0 2 39 46
1 5 1 89
2 3 35 47
3 5 99 1
4 6 23 81
5 6 9 62
(206, 326)

Arvore 15
0 2 39 46
1 5 1 89
2 3 35 47
3 4 69 34
3 6 92 20
4 5 45 33
(281, 269)

Arvore 16
0 2 39 46
1 5 1 89
2 3 35 47
3 6 92 20
4 5 45 33
5 6 9 62
(221, 297)

Arvore 17
0 2 39 46
0 4 32 79
1 5 1 89
2 3 35 47
3 6 92 20
5 6 9 62
(208, 343)

Arvore 18
0 2 39 46
1 5 1 89
2 3 35 47
3 6 92 20
4 6 23 81
5 6 9 62
(199, 345)

Arvore 19
0 2 39 46
1 5 1 89
2 3 35 47
2 6 74 52
3 4 69 34
4 5 45 33
(263, 301)

Arvore 20
0 2 39 46
1 5 1 89
2 3 35 47
3 4 69 34
4 5 45 33
5 6 9 62
(198, 311)

Arvore 21
0 2 39 46
0 4 32 79
1 5 1 89
2 3 35 47
4 5 45 33
5 6 9 62
(161, 356)

Arvore 22
0 2 39 46
1 5 1 89
2 3 35 47
2 4 61 63
4 5 45 33
5 6 9 62
(190, 340)

Arvore 23
0 2 39 46
0 4 32 79
0 6 39 80
1 5 1 89
2 3 35 47
5 6 9 62
(155, 403)

Arvore 24
0 2 39 46
0 4 32 79
1 5 1 89
2 3 35 47
4 6 23 81
5 6 9 62
(139, 404)

Arvore 25
0 2 39 46
1 5 1 89
2 3 35 47
2 4 61 63
4 6 23 81
5 6 9 62
(168, 388)

Arvore 26
0 2 39 46
1 5 1 89
2 3 35 47
3 4 69 34
4 6 23 81
5 6 9 62
(176, 359)

Arvore 27
0 2 39 46
0 4 32 79
1 5 1 89
2 5 81 28
3 5 99 1
3 6 92 20
(344, 263)

Arvore 28
0 2 39 46
1 5 1 89
2 5 81 28
3 5 99 1
3 6 92 20
4 5 45 33
(357, 217)

Arvore 29
0 2 39 46
1 5 1 89
2 5 81 28
3 5 99 1
3 6 92 20
4 6 23 81
(335, 265)

Arvore 30
0 2 39 46
1 5 1 89
2 5 81 28
2 6 74 52
3 5 99 1
4 5 45 33
(339, 249)

Arvore 31
0 2 39 46
1 5 1 89
2 5 81 28
3 5 99 1
4 5 45 33
5 6 9 62
(274, 259)

Arvore 32
0 2 39 46
0 4 32 79
1 5 1 89
2 5 81 28
3 5 99 1
5 6 9 62
(261, 305)

Arvore 33
0 2 39 46
1 5 1 89
2 5 81 28
3 5 99 1
4 6 23 81
5 6 9 62
(252, 307)

Arvore 34
0 2 39 46
1 5 1 89
2 5 81 28
3 4 69 34
3 6 92 20
4 5 45 33
(327, 250)

Arvore 35
0 2 39 46
1 5 1 89
2 5 81 28
3 6 92 20
4 5 45 33
5 6 9 62
(267, 278)

Arvore 36
0 2 39 46
0 4 32 79
1 5 1 89
2 5 81 28
3 6 92 20
5 6 9 62
(254, 324)

Arvore 37
0 2 39 46
1 5 1 89
2 5 81 28
3 6 92 20
4 6 23 81
5 6 9 62
(245, 326)

Arvore 38
0 2 39 46
1 5 1 89
2 5 81 28
2 6 74 52
3 4 69 34
4 5 45 33
(309, 282)

Arvore 39
0 2 39 46
1 5 1 89
2 5 81 28
3 4 69 34
4 5 45 33
5 6 9 62
(244, 292)

Arvore 40
0 2 39 46
0 4 32 79
1 5 1 89
2 5 81 28
3 4 69 34
5 6 9 62
(231, 338)

Arvore 41
0 2 39 46
1 5 1 89
2 5 81 28
3 4 69 34
4 6 23 81
5 6 9 62
(222, 340)

Arvore 42
0 2 39 46
0 4 32 79
1 5 1 89
3 5 99 1
3 6 92 20
4 5 45 33
(308, 268)

Arvore 43
0 2 39 46
0 4 32 79
1 5 1 89
3 5 99 1
3 6 92 20
4 6 23 81
(286, 316)

Arvore 44
0 2 39 46
0 5 69 35
1 5 1 89
3 5 99 1
3 6 92 20
4 5 45 33
(345, 224)

Arvore 45
0 2 39 46
0 5 69 35
1 5 1 89
3 5 99 1
3 6 92 20
4 6 23 81
(323, 272)

Arvore 46
0 2 39 46
0 5 69 35
1 5 1 89
2 6 74 52
3 5 99 1
4 5 45 33
(327, 256)

Arvore 47
0 2 39 46
0 5 69 35
1 5 1 89
3 5 99 1
4 5 45 33
5 6 9 62
(262, 266)

Arvore 48
0 2 39 46
0 4 32 79
1 5 1 89
3 5 99 1
4 5 45 33
5 6 9 62
(225, 310)

Arvore 49
0 2 39 46
0 4 32 79
1 5 1 89
3 5 99 1
4 6 23 81
5 6 9 62
(203, 358)

Arvore 50
0 2 39 46
0 5 69 35
1 5 1 89
3 5 99 1
4 6 23 81
5 6 9 62
(240, 314)

Arvore 51
0 2 39 46
0 4 32 79
1 5 1 89
3 4 69 34
3 6 92 20
4 5 45 33
(278, 301)

Arvore 52
0 2 39 46
0 5 69 35
1 5 1 89
3 4 69 34
3 6 92 20
4 5 45 33
(315, 257)

Arvore 53
0 2 39 46
0 4 32 79
1 5 1 89
3 6 92 20
4 5 45 33
5 6 9 62
(218, 329)

Arvore 54
0 2 39 46
0 5 69 35
1 5 1 89
3 6 92 20
4 5 45 33
5 6 9 62
(255, 285)

Arvore 55
0 2 39 46
0 4 32 79
1 5 1 89
3 6 92 20
4 6 23 81
5 6 9 62
(196, 377)

Arvore 56
0 2 39 46
0 5 69 35
1 5 1 89
3 6 92 20
4 6 23 81
5 6 9 62
(233, 333)

Arvore 57
0 2 39 46
0 5 69 35
1 5 1 89
2 6 74 52
3 4 69 34
4 5 45 33
(297, 289)

Arvore 58
0 2 39 46
0 5 69 35
1 5 1 89
3 4 69 34
4 5 45 33
5 6 9 62
(232, 299)

Arvore 59
0 2 39 46
0 4 32 79
1 5 1 89
3 4 69 34
4 5 45 33
5 6 9 62
(195, 343)

Arvore 60
0 2 39 46
0 4 32 79
1 5 1 89
3 4 69 34
4 6 23 81
5 6 9 62
(173, 391)

Arvore 61
0 2 39 46
0 5 69 35
1 5 1 89
3 4 69 34
4 6 23 81
5 6 9 62
(210, 347)

Arvore 62
0 2 39 46
0 4 32 79
1 6 27 76
2 3 35 47
2 5 81 28
3 6 92 20
(306, 296)

Arvore 63
0 2 39 46
1 6 27 76
2 3 35 47
2 5 81 28
3 6 92 20
4 5 45 33
(319, 250)

Arvore 64
0 2 39 46
1 6 27 76
2 3 35 47
2 5 81 28
3 6 92 20
4 6 23 81
(297, 298)

Arvore 65
0 1 79 43
0 2 39 46
2 3 35 47
2 5 81 28
3 6 92 20
4 5 45 33
(371, 217)

Arvore 66
0 2 39 46
1 3 69 46
2 3 35 47
2 5 81 28
3 6 92 20
4 5 45 33
(361, 220)

Arvore 67
0 2 39 46
1 4 57 49
2 3 35 47
2 5 81 28
3 6 92 20
4 5 45 33
(349, 223)

Arvore 68
0 1 79 43
0 2 39 46
2 3 35 47
2 5 81 28
3 6 92 20
4 6 23 81
(349, 265)

Arvore 69
0 2 39 46
1 3 69 46
2 3 35 47
2 5 81 28
3 6 92 20
4 6 23 81
(339, 268)

Arvore 70
0 2 39 46
1 4 57 49
2 3 35 47
2 5 81 28
3 6 92 20
4 6 23 81
(327, 271)

Arvore 71
0 1 79 43
0 2 39 46
2 3 35 47
2 5 81 28
2 6 74 52
4 5 45 33
(353, 249)

Arvore 72
0 1 79 43
0 2 39 46
2 3 35 47
2 5 81 28
4 5 45 33
5 6 9 62
(288, 259)

Arvore 73
0 2 39 46
1 3 69 46
2 3 35 47
2 5 81 28
2 6 74 52
4 5 45 33
(343, 252)

Arvore 74
0 2 39 46
1 3 69 46
2 3 35 47
2 5 81 28
4 5 45 33
5 6 9 62
(278, 262)

Arvore 75
0 2 39 46
1 4 57 49
2 3 35 47
2 5 81 28
2 6 74 52
4 5 45 33
(331, 255)

Arvore 76
0 2 39 46
1 4 57 49
2 3 35 47
2 5 81 28
4 5 45 33
5 6 9 62
(266, 265)

Arvore 77
0 2 39 46
1 6 27 76
2 3 35 47
2 5 81 28
4 5 45 33
5 6 9 62
(236, 292)

Arvore 78
0 2 39 46
0 4 32 79
1 6 27 76
2 3 35 47
2 5 81 28
5 6 9 62
(223, 338)

Arvore 79
0 2 39 46
1 6 27 76
2 3 35 47
2 5 81 28
4 6 23 81
5 6 9 62
(214, 340)

Arvore 80
0 1 79 43
0 2 39 46
2 3 35 47
2 5 81 28
4 6 23 81
5 6 9 62
(266, 307)

Arvore 81
0 2 39 46
1 3 69 46
2 3 35 47
2 5 81 28
4 6 23 81
5 6 9 62
(256, 310)

Arvore 82
0 2 39 46
1 4 57 49
2 3 35 47
2 5 81 28
4 6 23 81
5 6 9 62
(244, 313)

Arvore 83
0 2 39 46
0 4 32 79
1 6 27 76
2 3 35 47
3 5 99 1
3 6 92 20
(324, 269)

Arvore 84
0 2 39 46
1 6 27 76
2 3 35 47
3 5 99 1
3 6 92 20
4 5 45 33
(337, 223)

Arvore 85
0 2 39 46
1 6 27 76
2 3 35 47
3 5 99 1
3 6 92 20
4 6 23 81
(315, 271)

Arvore 86
0 1 79 43
0 2 39 46
2 3 35 47
3 5 99 1
3 6 92 20
4 5 45 33
(389, 190)

Arvore 87
0 2 39 46
1 3 69 46
2 3 35 47
3 5 99 1
3 6 92 20
4 5 45 33
(379, 193)

Arvore 88
0 2 39 46
1 4 57 49
2 3 35 47
3 5 99 1
3 6 92 20
4 5 45 33
(367, 196)

Arvore 89
0 1 79 43
0 2 39 46
2 3 35 47
3 5 99 1
3 6 92 20
4 6 23 81
(367, 238)

Arvore 90
0 2 39 46
1 3 69 46
2 3 35 47
3 5 99 1
3 6 92 20
4 6 23 81
(357, 241)

Arvore 91
0 2 39 46
1 4 57 49
2 3 35 47
3 5 99 1
3 6 92 20
4 6 23 81
(345, 244)

Arvore 92
0 1 79 43
0 2 39 46
2 3 35 47
2 6 74 52
3 5 99 1
4 5 45 33
(371, 222)

Arvore 93
0 1 79 43
0 2 39 46
2 3 35 47
3 5 99 1
4 5 45 33
5 6 9 62
(306, 232)

Arvore 94
0 2 39 46
1 3 69 46
2 3 35 47
2 6 74 52
3 5 99 1
4 5 45 33
(361, 225)

Arvore 95
0 2 39 46
1 3 69 46
2 3 35 47
3 5 99 1
4 5 45 33
5 6 9 62
(296, 235)

Arvore 96
0 2 39 46
1 4 57 49
2 3 35 47
2 6 74 52
3 5 99 1
4 5 45 33
(349, 228)

Arvore 97
0 2 39 46
1 4 57 49
2 3 35 47
3 5 99 1
4 5 45 33
5 6 9 62
(284, 238)

Arvore 98
0 2 39 46
1 6 27 76
2 3 35 47
3 5 99 1
4 5 45 33
5 6 9 62
(254, 265)

Arvore 99
0 2 39 46
0 4 32 79
1 6 27 76
2 3 35 47
3 5 99 1
5 6 9 62
(241, 311)

Arvore 100
0 2 39 46
1 6 27 76
2 3 35 47
3 5 99 1
4 6 23 81
5 6 9 62
(232, 313)

Arvore 101
0 1 79 43
0 2 39 46
2 3 35 47
3 5 99 1
4 6 23 81
5 6 9 62
(284, 280)

Arvore 102
0 2 39 46
1 3 69 46
2 3 35 47
3 5 99 1
4 6 23 81
5 6 9 62
(274, 283)

Arvore 103
0 2 39 46
1 4 57 49
2 3 35 47
3 5 99 1
4 6 23 81
5 6 9 62
(262, 286)

Arvore 104
0 2 39 46
1 4 57 49
2 3 35 47
3 4 69 34
3 6 92 20
4 5 45 33
(337, 229)

Arvore 105
0 2 39 46
1 4 57 49
2 3 35 47
3 6 92 20
4 5 45 33
5 6 9 62
(277, 257)

Arvore 106
0 1 79 43
0 2 39 46
2 3 35 47
3 4 69 34
3 6 92 20
4 5 45 33
(359, 223)

Arvore 107
0 2 39 46
1 3 69 46
2 3 35 47
3 4 69 34
3 6 92 20
4 5 45 33
(349, 226)

Arvore 108
0 2 39 46
1 6 27 76
2 3 35 47
3 4 69 34
3 6 92 20
4 5 45 33
(307, 256)

Arvore 109
0 1 79 43
0 2 39 46
2 3 35 47
3 6 92 20
4 5 45 33
5 6 9 62
(299, 251)

Arvore 110
0 2 39 46
1 3 69 46
2 3 35 47
3 6 92 20
4 5 45 33
5 6 9 62
(289, 254)

Arvore 111
0 2 39 46
1 6 27 76
2 3 35 47
3 6 92 20
4 5 45 33
5 6 9 62
(247, 284)

Arvore 112
0 2 39 46
0 4 32 79
1 6 27 76
2 3 35 47
3 6 92 20
5 6 9 62
(234, 330)

Arvore 113
0 2 39 46
1 6 27 76
2 3 35 47
3 6 92 20
4 6 23 81
5 6 9 62
(225, 332)

Arvore 114
0 1 79 43
0 2 39 46
2 3 35 47
3 6 92 20
4 6 23 81
5 6 9 62
(277, 299)

Arvore 115
0 2 39 46
1 3 69 46
2 3 35 47
3 6 92 20
4 6 23 81
5 6 9 62
(267, 302)

Arvore 116
0 2 39 46
1 4 57 49
2 3 35 47
3 6 92 20
4 6 23 81
5 6 9 62
(255, 305)

Arvore 117
0 2 39 46
1 4 57 49
2 3 35 47
2 6 74 52
3 4 69 34
4 5 45 33
(319, 261)

Arvore 118
0 2 39 46
1 4 57 49
2 3 35 47
3 4 69 34
4 5 45 33
5 6 9 62
(254, 271)

Arvore 119
0 2 39 46
0 4 32 79
1 4 57 49
2 3 35 47
4 5 45 33
5 6 9 62
(217, 316)

Arvore 120
0 2 39 46
1 4 57 49
2 3 35 47
2 4 61 63
4 5 45 33
5 6 9 62
(246, 300)

Arvore 121
0 1 79 43
0 2 39 46
2 3 35 47
2 6 74 52
3 4 69 34
4 5 45 33
(341, 255)

Arvore 122
0 1 79 43
0 2 39 46
2 3 35 47
3 4 69 34
4 5 45 33
5 6 9 62
(276, 265)

Arvore 123
0 2 39 46
1 3 69 46
2 3 35 47
2 6 74 52
3 4 69 34
4 5 45 33
(331, 258)

Arvore 124
0 2 39 46
1 3 69 46
2 3 35 47
3 4 69 34
4 5 45 33
5 6 9 62
(266, 268)

Arvore 125
0 2 39 46
1 6 27 76
2 3 35 47
3 4 69 34
4 5 45 33
5 6 9 62
(224, 298)

Arvore 126
0 2 39 46
0 4 32 79
1 6 27 76
2 3 35 47
4 5 45 33
5 6 9 62
(187, 343)

Arvore 127
0 2 39 46
1 6 27 76
2 3 35 47
2 4 61 63
4 5 45 33
5 6 9 62
(216, 327)

Arvore 128
0 2 39 46
0 4 32 79
0 6 39 80
1 6 27 76
2 3 35 47
5 6 9 62
(181, 390)

Arvore 129
0 2 39 46
0 4 32 79
1 6 27 76
2 3 35 47
4 6 23 81
5 6 9 62
(165, 391)

Arvore 130
0 2 39 46
1 6 27 76
2 3 35 47
2 4 61 63
4 6 23 81
5 6 9 62
(194, 375)

Arvore 131
0 2 39 46
1 6 27 76
2 3 35 47
3 4 69 34
4 6 23 81
5 6 9 62
(202, 346)

Arvore 132
0 2 39 46
0 4 32 79
1 4 57 49
2 3 35 47
4 6 23 81
5 6 9 62
(195, 364)

Arvore 133
0 2 39 46
1 4 57 49
2 3 35 47
2 4 61 63
4 6 23 81
5 6 9 62
(224, 348)

Arvore 134
0 2 39 46
1 4 57 49
2 3 35 47
3 4 69 34
4 6 23 81
5 6 9 62
(232, 319)

Arvore 135
0 1 79 43
0 2 39 46
2 3 35 47
3 4 69 34
4 6 23 81
5 6 9 62
(254, 313)

Arvore 136
0 2 39 46
1 3 69 46
2 3 35 47
3 4 69 34
4 6 23 81
5 6 9 62
(244, 316)

Arvore 137
0 2 39 46
0 4 32 79
1 6 27 76
2 5 81 28
3 5 99 1
3 6 92 20
(370, 250)

Arvore 138
0 2 39 46
1 6 27 76
2 5 81 28
3 5 99 1
3 6 92 20
4 5 45 33
(383, 204)

Arvore 139
0 2 39 46
1 6 27 76
2 5 81 28
3 5 99 1
3 6 92 20
4 6 23 81
(361, 252)

Arvore 140
0 1 79 43
0 2 39 46
2 5 81 28
3 5 99 1
3 6 92 20
4 5 45 33
(435, 171)

Arvore 141
0 2 39 46
1 3 69 46
2 5 81 28
3 5 99 1
3 6 92 20
4 5 45 33
(425, 174)

Arvore 142
0 2 39 46
1 4 57 49
2 5 81 28
3 5 99 1
3 6 92 20
4 5 45 33
(413, 177)

Arvore 143
0 1 79 43
0 2 39 46
2 5 81 28
3 5 99 1
3 6 92 20
4 6 23 81
(413, 219)

Arvore 144
0 2 39 46
1 3 69 46
2 5 81 28
3 5 99 1
3 6 92 20
4 6 23 81
(403, 222)

Arvore 145
0 2 39 46
1 4 57 49
2 5 81 28
3 5 99 1
3 6 92 20
4 6 23 81
(391, 225)

Arvore 146
0 1 79 43
0 2 39 46
2 5 81 28
2 6 74 52
3 5 99 1
4 5 45 33
(417, 203)

Arvore 147
0 1 79 43
0 2 39 46
2 5 81 28
3 5 99 1
4 5 45 33
5 6 9 62
(352, 213)

Arvore 148
0 2 39 46
1 3 69 46
2 5 81 28
2 6 74 52
3 5 99 1
4 5 45 33
(407, 206)

Arvore 149
0 2 39 46
1 3 69 46
2 5 81 28
3 5 99 1
4 5 45 33
5 6 9 62
(342, 216)

Arvore 150
0 2 39 46
1 4 57 49
2 5 81 28
2 6 74 52
3 5 99 1
4 5 45 33
(395, 209)

Arvore 151
0 2 39 46
1 4 57 49
2 5 81 28
3 5 99 1
4 5 45 33
5 6 9 62
(330, 219)

Arvore 152
0 2 39 46
1 6 27 76
2 5 81 28
3 5 99 1
4 5 45 33
5 6 9 62
(300, 246)

Arvore 153
0 2 39 46
0 4 32 79
1 6 27 76
2 5 81 28
3 5 99 1
5 6 9 62
(287, 292)

Arvore 154
0 2 39 46
1 6 27 76
2 5 81 28
3 5 99 1
4 6 23 81
5 6 9 62
(278, 294)

Arvore 155
0 1 79 43
0 2 39 46
2 5 81 28
3 5 99 1
4 6 23 81
5 6 9 62
(330, 261)

Arvore 156
0 2 39 46
1 3 69 46
2 5 81 28
3 5 99 1
4 6 23 81
5 6 9 62
(320, 264)

Arvore 157
0 2 39 46
1 4 57 49
2 5 81 28
3 5 99 1
4 6 23 81
5 6 9 62
(308, 267)

Arvore 158
0 1 79 43
0 2 39 46
2 5 81 28
3 4 69 34
3 6 92 20
4 5 45 33
(405, 204)

Arvore 159
0 2 39 46
1 3 69 46
2 5 81 28
3 4 69 34
3 6 92 20
4 5 45 33
(395, 207)

Arvore 160
0 2 39 46
1 4 57 49
2 5 81 28
3 4 69 34
3 6 92 20
4 5 45 33
(383, 210)

Arvore 161
0 2 39 46
1 6 27 76
2 5 81 28
3 4 69 34
3 6 92 20
4 5 45 33
(353, 237)

Arvore 162
0 1 79 43
0 2 39 46
2 5 81 28
3 6 92 20
4 5 45 33
5 6 9 62
(345, 232)

Arvore 163
0 2 39 46
1 3 69 46
2 5 81 28
3 6 92 20
4 5 45 33
5 6 9 62
(335, 235)

Arvore 164
0 2 39 46
1 4 57 49
2 5 81 28
3 6 92 20
4 5 45 33
5 6 9 62
(323, 238)

Arvore 165
0 2 39 46
1 6 27 76
2 5 81 28
3 6 92 20
4 5 45 33
5 6 9 62
(293, 265)

Arvore 166
0 2 39 46
0 4 32 79
1 6 27 76
2 5 81 28
3 6 92 20
5 6 9 62
(280, 311)

Arvore 167
0 2 39 46
1 6 27 76
2 5 81 28
3 6 92 20
4 6 23 81
5 6 9 62
(271, 313)

Arvore 168
0 1 79 43
0 2 39 46
2 5 81 28
3 6 92 20
4 6 23 81
5 6 9 62
(323, 280)

Arvore 169
0 2 39 46
1 3 69 46
2 5 81 28
3 6 92 20
4 6 23 81
5 6 9 62
(313, 283)

Arvore 170
0 2 39 46
1 4 57 49
2 5 81 28
3 6 92 20
4 6 23 81
5 6 9 62
(301, 286)

Arvore 171
0 1 79 43
0 2 39 46
2 5 81 28
2 6 74 52
3 4 69 34
4 5 45 33
(387, 236)

Arvore 172
0 1 79 43
0 2 39 46
2 5 81 28
3 4 69 34
4 5 45 33
5 6 9 62
(322, 246)

Arvore 173
0 2 39 46
1 3 69 46
2 5 81 28
2 6 74 52
3 4 69 34
4 5 45 33
(377, 239)

Arvore 174
0 2 39 46
1 3 69 46
2 5 81 28
3 4 69 34
4 5 45 33
5 6 9 62
(312, 249)

Arvore 175
0 2 39 46
1 4 57 49
2 5 81 28
2 6 74 52
3 4 69 34
4 5 45 33
(365, 242)

Arvore 176
0 2 39 46
1 4 57 49
2 5 81 28
3 4 69 34
4 5 45 33
5 6 9 62
(300, 252)

Arvore 177
0 2 39 46
1 6 27 76
2 5 81 28
3 4 69 34
4 5 45 33
5 6 9 62
(270, 279)

Arvore 178
0 2 39 46
0 4 32 79
1 6 27 76
2 5 81 28
3 4 69 34
5 6 9 62
(257, 325)

Arvore 179
0 2 39 46
1 6 27 76
2 5 81 28
3 4 69 34
4 6 23 81
5 6 9 62
(248, 327)

Arvore 180
0 1 79 43
0 2 39 46
2 5 81 28
3 4 69 34
4 6 23 81
5 6 9 62
(300, 294)

Arvore 181
0 2 39 46
1 3 69 46
2 5 81 28
3 4 69 34
4 6 23 81
5 6 9 62
(290, 297)

Arvore 182
0 2 39 46
1 4 57 49
2 5 81 28
3 4 69 34
4 6 23 81
5 6 9 62
(278, 300)

Arvore 183
0 2 39 46
0 4 32 79
1 6 27 76
3 5 99 1
3 6 92 20
4 5 45 33
(334, 255)

Arvore 184
0 2 39 46
0 4 32 79
1 6 27 76
3 5 99 1
3 6 92 20
4 6 23 81
(312, 303)

Arvore 185
0 2 39 46
0 5 69 35
1 6 27 76
3 5 99 1
3 6 92 20
4 5 45 33
(371, 211)

Arvore 186
0 2 39 46
0 5 69 35
1 6 27 76
3 5 99 1
3 6 92 20
4 6 23 81
(349, 259)

Arvore 187
0 1 79 43
0 2 39 46
0 5 69 35
3 5 99 1
3 6 92 20
4 5 45 33
(423, 178)

Arvore 188
0 2 39 46
0 5 69 35
1 3 69 46
3 5 99 1
3 6 92 20
4 5 45 33
(413, 181)

Arvore 189
0 2 39 46
0 5 69 35
1 4 57 49
3 5 99 1
3 6 92 20
4 5 45 33
(401, 184)

Arvore 190
0 1 79 43
0 2 39 46
0 5 69 35
3 5 99 1
3 6 92 20
4 6 23 81
(401, 226)

Arvore 191
0 2 39 46
0 5 69 35
1 3 69 46
3 5 99 1
3 6 92 20
4 6 23 81
(391, 229)

Arvore 192
0 2 39 46
0 5 69 35
1 4 57 49
3 5 99 1
3 6 92 20
4 6 23 81
(379, 232)

Arvore 193
0 1 79 43
0 2 39 46
0 5 69 35
2 6 74 52
3 5 99 1
4 5 45 33
(405, 210)

Arvore 194
0 1 79 43
0 2 39 46
0 5 69 35
3 5 99 1
4 5 45 33
5 6 9 62
(340, 220)

Arvore 195
0 2 39 46
0 5 69 35
1 3 69 46
2 6 74 52
3 5 99 1
4 5 45 33
(395, 213)

Arvore 196
0 2 39 46
0 5 69 35
1 3 69 46
3 5 99 1
4 5 45 33
5 6 9 62
(330, 223)

Arvore 197
0 2 39 46
0 5 69 35
1 4 57 49
2 6 74 52
3 5 99 1
4 5 45 33
(383, 216)

Arvore 198
0 2 39 46
0 5 69 35
1 4 57 49
3 5 99 1
4 5 45 33
5 6 9 62
(318, 226)

Arvore 199
0 2 39 46
0 5 69 35
1 6 27 76
3 5 99 1
4 5 45 33
5 6 9 62
(288, 253)

Arvore 200
0 2 39 46
0 4 32 79
1 6 27 76
3 5 99 1
4 5 45 33
5 6 9 62
(251, 297)

Arvore 201
0 2 39 46
0 4 32 79
1 6 27 76
3 5 99 1
4 6 23 81
5 6 9 62
(229, 345)

Arvore 202
0 2 39 46
0 5 69 35
1 6 27 76
3 5 99 1
4 6 23 81
5 6 9 62
(266, 301)

Arvore 203
0 1 79 43
0 2 39 46
0 5 69 35
3 5 99 1
4 6 23 81
5 6 9 62
(318, 268)

Arvore 204
0 2 39 46
0 5 69 35
1 3 69 46
3 5 99 1
4 6 23 81
5 6 9 62
(308, 271)

Arvore 205
0 2 39 46
0 5 69 35
1 4 57 49
3 5 99 1
4 6 23 81
5 6 9 62
(296, 274)

Arvore 206
0 1 79 43
0 2 39 46
0 5 69 35
3 4 69 34
3 6 92 20
4 5 45 33
(393, 211)

Arvore 207
0 2 39 46
0 5 69 35
1 3 69 46
3 4 69 34
3 6 92 20
4 5 45 33
(383, 214)

Arvore 208
0 2 39 46
0 5 69 35
1 4 57 49
3 4 69 34
3 6 92 20
4 5 45 33
(371, 217)

Arvore 209
0 2 39 46
0 5 69 35
1 6 27 76
3 4 69 34
3 6 92 20
4 5 45 33
(341, 244)

Arvore 210
0 2 39 46
0 4 32 79
1 6 27 76
3 4 69 34
3 6 92 20
4 5 45 33
(304, 288)

Arvore 211
0 1 79 43
0 2 39 46
0 5 69 35
3 6 92 20
4 5 45 33
5 6 9 62
(333, 239)

Arvore 212
0 2 39 46
0 5 69 35
1 3 69 46
3 6 92 20
4 5 45 33
5 6 9 62
(323, 242)

Arvore 213
0 2 39 46
0 5 69 35
1 4 57 49
3 6 92 20
4 5 45 33
5 6 9 62
(311, 245)

Arvore 214
0 2 39 46
0 5 69 35
1 6 27 76
3 6 92 20
4 5 45 33
5 6 9 62
(281, 272)

Arvore 215
0 2 39 46
0 4 32 79
1 6 27 76
3 6 92 20
4 5 45 33
5 6 9 62
(244, 316)

Arvore 216
0 2 39 46
0 4 32 79
1 6 27 76
3 6 92 20
4 6 23 81
5 6 9 62
(222, 364)

Arvore 217
0 2 39 46
0 5 69 35
1 6 27 76
3 6 92 20
4 6 23 81
5 6 9 62
(259, 320)

Arvore 218
0 1 79 43
0 2 39 46
0 5 69 35
3 6 92 20
4 6 23 81
5 6 9 62
(311, 287)

Arvore 219
0 2 39 46
0 5 69 35
1 3 69 46
3 6 92 20
4 6 23 81
5 6 9 62
(301, 290)

Arvore 220
0 2 39 46
0 5 69 35
1 4 57 49
3 6 92 20
4 6 23 81
5 6 9 62
(289, 293)

Arvore 221
0 1 79 43
0 2 39 46
0 5 69 35
2 6 74 52
3 4 69 34
4 5 45 33
(375, 243)

Arvore 222
0 1 79 43
0 2 39 46
0 5 69 35
3 4 69 34
4 5 45 33
5 6 9 62
(310, 253)

Arvore 223
0 2 39 46
0 5 69 35
1 3 69 46
2 6 74 52
3 4 69 34
4 5 45 33
(365, 246)

Arvore 224
0 2 39 46
0 5 69 35
1 3 69 46
3 4 69 34
4 5 45 33
5 6 9 62
(300, 256)

Arvore 225
0 2 39 46
0 5 69 35
1 4 57 49
2 6 74 52
3 4 69 34
4 5 45 33
(353, 249)

Arvore 226
0 2 39 46
0 5 69 35
1 4 57 49
3 4 69 34
4 5 45 33
5 6 9 62
(288, 259)

Arvore 227
0 2 39 46
0 5 69 35
1 6 27 76
3 4 69 34
4 5 45 33
5 6 9 62
(258, 286)

Arvore 228
0 2 39 46
0 4 32 79
1 6 27 76
3 4 69 34
4 5 45 33
5 6 9 62
(221, 330)

Arvore 229
0 2 39 46
0 4 32 79
1 6 27 76
3 4 69 34
4 6 23 81
5 6 9 62
(199, 378)

Arvore 230
0 2 39 46
0 5 69 35
1 6 27 76
3 4 69 34
4 6 23 81
5 6 9 62
(236, 334)

Arvore 231
0 1 79 43
0 2 39 46
0 5 69 35
3 4 69 34
4 6 23 81
5 6 9 62
(288, 301)

Arvore 232
0 2 39 46
0 5 69 35
1 3 69 46
3 4 69 34
4 6 23 81
5 6 9 62
(278, 304)

Arvore 233
0 2 39 46
0 5 69 35
1 4 57 49
3 4 69 34
4 6 23 81
5 6 9 62
(266, 307)

Arvore 234
0 4 32 79
1 5 1 89
2 3 35 47
2 5 81 28
3 6 92 20
4 5 45 33
(286, 296)

Arvore 235
0 4 32 79
1 5 1 89
2 3 35 47
2 5 81 28
3 6 92 20
4 6 23 81
(264, 344)

Arvore 236
0 5 69 35
1 5 1 89
2 3 35 47
2 5 81 28
3 6 92 20
4 5 45 33
(323, 252)

Arvore 237
0 5 69 35
1 5 1 89
2 3 35 47
2 5 81 28
3 6 92 20
4 6 23 81
(301, 300)

Arvore 238
0 5 69 35
1 5 1 89
2 3 35 47
2 5 81 28
2 6 74 52
4 5 45 33
(305, 284)

Arvore 239
0 5 69 35
1 5 1 89
2 3 35 47
2 5 81 28
4 5 45 33
5 6 9 62
(240, 294)

Arvore 240
0 4 32 79
1 5 1 89
2 3 35 47
2 5 81 28
4 5 45 33
5 6 9 62
(203, 338)

Arvore 241
0 4 32 79
1 5 1 89
2 3 35 47
2 5 81 28
4 6 23 81
5 6 9 62
(181, 386)

Arvore 242
0 5 69 35
1 5 1 89
2 3 35 47
2 5 81 28
4 6 23 81
5 6 9 62
(218, 342)

Arvore 243
0 4 32 79
1 5 1 89
2 3 35 47
3 5 99 1
3 6 92 20
4 5 45 33
(304, 269)

Arvore 244
0 4 32 79
1 5 1 89
2 3 35 47
3 5 99 1
3 6 92 20
4 6 23 81
(282, 317)

Arvore 245
0 5 69 35
1 5 1 89
2 3 35 47
3 5 99 1
3 6 92 20
4 5 45 33
(341, 225)

Arvore 246
0 5 69 35
1 5 1 89
2 3 35 47
3 5 99 1
3 6 92 20
4 6 23 81
(319, 273)

Arvore 247
0 5 69 35
1 5 1 89
2 3 35 47
2 6 74 52
3 5 99 1
4 5 45 33
(323, 257)

Arvore 248
0 5 69 35
1 5 1 89
2 3 35 47
3 5 99 1
4 5 45 33
5 6 9 62
(258, 267)

Arvore 249
0 4 32 79
1 5 1 89
2 3 35 47
3 5 99 1
4 5 45 33
5 6 9 62
(221, 311)

Arvore 250
0 4 32 79
1 5 1 89
2 3 35 47
3 5 99 1
4 6 23 81
5 6 9 62
(199, 359)

Arvore 251
0 5 69 35
1 5 1 89
2 3 35 47
3 5 99 1
4 6 23 81
5 6 9 62
(236, 315)

Arvore 252
0 4 32 79
1 5 1 89
2 3 35 47
3 4 69 34
3 6 92 20
4 5 45 33
(274, 302)

Arvore 253
0 5 69 35
1 5 1 89
2 3 35 47
3 4 69 34
3 6 92 20
4 5 45 33
(311, 258)

Arvore 254
0 4 32 79
1 5 1 89
2 3 35 47
3 6 92 20
4 5 45 33
5 6 9 62
(214, 330)

Arvore 255
0 5 69 35
1 5 1 89
2 3 35 47
3 6 92 20
4 5 45 33
5 6 9 62
(251, 286)

Arvore 256
0 4 32 79
1 5 1 89
2 3 35 47
3 6 92 20
4 6 23 81
5 6 9 62
(192, 378)

Arvore 257
0 5 69 35
1 5 1 89
2 3 35 47
3 6 92 20
4 6 23 81
5 6 9 62
(229, 334)

Arvore 258
0 5 69 35
1 5 1 89
2 3 35 47
2 6 74 52
3 4 69 34
4 5 45 33
(293, 290)

Arvore 259
0 5 69 35
1 5 1 89
2 3 35 47
3 4 69 34
4 5 45 33
5 6 9 62
(228, 300)

Arvore 260
0 4 32 79
1 5 1 89
2 3 35 47
3 4 69 34
4 5 45 33
5 6 9 62
(191, 344)

Arvore 261
0 4 32 79
1 5 1 89
2 3 35 47
3 4 69 34
4 6 23 81
5 6 9 62
(169, 392)

Arvore 262
0 5 69 35
1 5 1 89
2 3 35 47
3 4 69 34
4 6 23 81
5 6 9 62
(206, 348)

Arvore 263
0 4 32 79
1 5 1 89
2 5 81 28
3 5 99 1
3 6 92 20
4 5 45 33
(350, 250)

Arvore 264
0 4 32 79
1 5 1 89
2 5 81 28
3 5 99 1
3 6 92 20
4 6 23 81
(328, 298)

Arvore 265
0 5 69 35
1 5 1 89
2 5 81 28
3 5 99 1
3 6 92 20
4 5 45 33
(387, 206)

Arvore 266
0 5 69 35
1 5 1 89
2 5 81 28
3 5 99 1
3 6 92 20
4 6 23 81
(365, 254)

Arvore 267
0 5 69 35
1 5 1 89
2 5 81 28
2 6 74 52
3 5 99 1
4 5 45 33
(369, 238)

Arvore 268
0 5 69 35
1 5 1 89
2 5 81 28
3 5 99 1
4 5 45 33
5 6 9 62
(304, 248)

Arvore 269
0 4 32 79
1 5 1 89
2 5 81 28
3 5 99 1
4 5 45 33
5 6 9 62
(267, 292)

Arvore 270
0 4 32 79
1 5 1 89
2 5 81 28
3 5 99 1
4 6 23 81
5 6 9 62
(245, 340)

Arvore 271
0 5 69 35
1 5 1 89
2 5 81 28
3 5 99 1
4 6 23 81
5 6 9 62
(282, 296)

Arvore 272
0 4 32 79
1 5 1 89
2 5 81 28
3 4 69 34
3 6 92 20
4 5 45 33
(320, 283)

Arvore 273
0 5 69 35
1 5 1 89
2 5 81 28
3 4 69 34
3 6 92 20
4 5 45 33
(357, 239)

Arvore 274
0 4 32 79
1 5 1 89
2 5 81 28
3 6 92 20
4 5 45 33
5 6 9 62
(260, 311)

Arvore 275
0 5 69 35
1 5 1 89
2 5 81 28
3 6 92 20
4 5 45 33
5 6 9 62
(297, 267)

Arvore 276
0 4 32 79
1 5 1 89
2 5 81 28
3 6 92 20
4 6 23 81
5 6 9 62
(238, 359)

Arvore 277
0 5 69 35
1 5 1 89
2 5 81 28
3 6 92 20
4 6 23 81
5 6 9 62
(275, 315)

Arvore 278
0 5 69 35
1 5 1 89
2 5 81 28
2 6 74 52
3 4 69 34
4 5 45 33
(339, 271)

Arvore 279
0 5 69 35
1 5 1 89
2 5 81 28
3 4 69 34
4 5 45 33
5 6 9 62
(274, 281)

Arvore 280
0 4 32 79
1 5 1 89
2 5 81 28
3 4 69 34
4 5 45 33
5 6 9 62
(237, 325)

Arvore 281
0 4 32 79
1 5 1 89
2 5 81 28
3 4 69 34
4 6 23 81
5 6 9 62
(215, 373)

Arvore 282
0 5 69 35
1 5 1 89
2 5 81 28
3 4 69 34
4 6 23 81
5 6 9 62
(252, 329)

Arvore 283
0 4 32 79
1 2 80 45
1 5 1 89
3 5 99 1
3 6 92 20
4 5 45 33
(349, 267)

Arvore 284
0 4 32 79
1 2 80 45
1 5 1 89
3 5 99 1
3 6 92 20
4 6 23 81
(327, 315)

Arvore 285
0 5 69 35
1 2 80 45
1 5 1 89
3 5 99 1
3 6 92 20
4 5 45 33
(386, 223)

Arvore 286
0 5 69 35
1 2 80 45
1 5 1 89
3 5 99 1
3 6 92 20
4 6 23 81
(364, 271)

Arvore 287
0 5 69 35
1 2 80 45
1 5 1 89
2 6 74 52
3 5 99 1
4 5 45 33
(368, 255)

Arvore 288
0 5 69 35
1 2 80 45
1 5 1 89
3 5 99 1
4 5 45 33
5 6 9 62
(303, 265)

Arvore 289
0 4 32 79
1 2 80 45
1 5 1 89
3 5 99 1
4 5 45 33
5 6 9 62
(266, 309)

Arvore 290
0 4 32 79
1 2 80 45
1 5 1 89
3 5 99 1
4 6 23 81
5 6 9 62
(244, 357)

Arvore 291
0 5 69 35
1 2 80 45
1 5 1 89
3 5 99 1
4 6 23 81
5 6 9 62
(281, 313)

Arvore 292
0 4 32 79
1 2 80 45
1 5 1 89
3 4 69 34
3 6 92 20
4 5 45 33
(319, 300)

Arvore 293
0 5 69 35
1 2 80 45
1 5 1 89
3 4 69 34
3 6 92 20
4 5 45 33
(356, 256)

Arvore 294
0 4 32 79
1 2 80 45
1 5 1 89
3 6 92 20
4 5 45 33
5 6 9 62
(259, 328)

Arvore 295
0 5 69 35
1 2 80 45
1 5 1 89
3 6 92 20
4 5 45 33
5 6 9 62
(296, 284)

Arvore 296
0 4 32 79
1 2 80 45
1 5 1 89
3 6 92 20
4 6 23 81
5 6 9 62
(237, 376)

Arvore 297
0 5 69 35
1 2 80 45
1 5 1 89
3 6 92 20
4 6 23 81
5 6 9 62
(274, 332)

Arvore 298
0 5 69 35
1 2 80 45
1 5 1 89
2 6 74 52
3 4 69 34
4 5 45 33
(338, 288)

Arvore 299
0 5 69 35
1 2 80 45
1 5 1 89
3 4 69 34
4 5 45 33
5 6 9 62
(273, 298)

Arvore 300
0 4 32 79
1 2 80 45
1 5 1 89
3 4 69 34
4 5 45 33
5 6 9 62
(236, 342)

Arvore 301
0 4 32 79
1 2 80 45
1 5 1 89
3 4 69 34
4 6 23 81
5 6 9 62
(214, 390)

Arvore 302
0 5 69 35
1 2 80 45
1 5 1 89
3 4 69 34
4 6 23 81
5 6 9 62
(251, 346)

Arvore 303
0 4 32 79
1 6 27 76
2 3 35 47
2 5 81 28
3 6 92 20
4 5 45 33
(312, 283)

Arvore 304
0 4 32 79
1 6 27 76
2 3 35 47
2 5 81 28
3 6 92 20
4 6 23 81
(290, 331)

Arvore 305
0 5 69 35
1 6 27 76
2 3 35 47
2 5 81 28
3 6 92 20
4 5 45 33
(349, 239)

Arvore 306
0 5 69 35
1 6 27 76
2 3 35 47
2 5 81 28
3 6 92 20
4 6 23 81
(327, 287)

Arvore 307
0 1 79 43
0 5 69 35
2 3 35 47
2 5 81 28
3 6 92 20
4 5 45 33
(401, 206)

Arvore 308
0 5 69 35
1 3 69 46
2 3 35 47
2 5 81 28
3 6 92 20
4 5 45 33
(391, 209)

Arvore 309
0 5 69 35
1 4 57 49
2 3 35 47
2 5 81 28
3 6 92 20
4 5 45 33
(379, 212)

Arvore 310
0 1 79 43
0 5 69 35
2 3 35 47
2 5 81 28
3 6 92 20
4 6 23 81
(379, 254)

Arvore 311
0 5 69 35
1 3 69 46
2 3 35 47
2 5 81 28
3 6 92 20
4 6 23 81
(369, 257)

Arvore 312
0 5 69 35
1 4 57 49
2 3 35 47
2 5 81 28
3 6 92 20
4 6 23 81
(357, 260)

Arvore 313
0 1 79 43
0 5 69 35
2 3 35 47
2 5 81 28
2 6 74 52
4 5 45 33
(383, 238)

Arvore 314
0 1 79 43
0 5 69 35
2 3 35 47
2 5 81 28
4 5 45 33
5 6 9 62
(318, 248)

Arvore 315
0 5 69 35
1 3 69 46
2 3 35 47
2 5 81 28
2 6 74 52
4 5 45 33
(373, 241)

Arvore 316
0 5 69 35
1 3 69 46
2 3 35 47
2 5 81 28
4 5 45 33
5 6 9 62
(308, 251)

Arvore 317
0 5 69 35
1 4 57 49
2 3 35 47
2 5 81 28
2 6 74 52
4 5 45 33
(361, 244)

Arvore 318
0 5 69 35
1 4 57 49
2 3 35 47
2 5 81 28
4 5 45 33
5 6 9 62
(296, 254)

Arvore 319
0 5 69 35
1 6 27 76
2 3 35 47
2 5 81 28
4 5 45 33
5 6 9 62
(266, 281)

Arvore 320
0 4 32 79
1 6 27 76
2 3 35 47
2 5 81 28
4 5 45 33
5 6 9 62
(229, 325)

Arvore 321
0 4 32 79
1 6 27 76
2 3 35 47
2 5 81 28
4 6 23 81
5 6 9 62
(207, 373)

Arvore 322
0 5 69 35
1 6 27 76
2 3 35 47
2 5 81 28
4 6 23 81
5 6 9 62
(244, 329)

Arvore 323
0 1 79 43
0 5 69 35
2 3 35 47
2 5 81 28
4 6 23 81
5 6 9 62
(296, 296)

Arvore 324
0 5 69 35
1 3 69 46
2 3 35 47
2 5 81 28
4 6 23 81
5 6 9 62
(286, 299)

Arvore 325
0 5 69 35
1 4 57 49
2 3 35 47
2 5 81 28
4 6 23 81
5 6 9 62
(274, 302)

Arvore 326
0 4 32 79
1 6 27 76
2 3 35 47
3 5 99 1
3 6 92 20
4 5 45 33
(330, 256)

Arvore 327
0 4 32 79
1 6 27 76
2 3 35 47
3 5 99 1
3 6 92 20
4 6 23 81
(308, 304)

Arvore 328
0 5 69 35
1 6 27 76
2 3 35 47
3 5 99 1
3 6 92 20
4 5 45 33
(367, 212)

Arvore 329
0 5 69 35
1 6 27 76
2 3 35 47
3 5 99 1
3 6 92 20
4 6 23 81
(345, 260)

Arvore 330
0 1 79 43
0 5 69 35
2 3 35 47
3 5 99 1
3 6 92 20
4 5 45 33
(419, 179)

Arvore 331
0 5 69 35
1 3 69 46
2 3 35 47
3 5 99 1
3 6 92 20
4 5 45 33
(409, 182)

Arvore 332
0 5 69 35
1 4 57 49
2 3 35 47
3 5 99 1
3 6 92 20
4 5 45 33
(397, 185)

Arvore 333
0 1 79 43
0 5 69 35
2 3 35 47
3 5 99 1
3 6 92 20
4 6 23 81
(397, 227)

Arvore 334
0 5 69 35
1 3 69 46
2 3 35 47
3 5 99 1
3 6 92 20
4 6 23 81
(387, 230)

Arvore 335
0 5 69 35
1 4 57 49
2 3 35 47
3 5 99 1
3 6 92 20
4 6 23 81
(375, 233)

Arvore 336
0 1 79 43
0 5 69 35
2 3 35 47
2 6 74 52
3 5 99 1
4 5 45 33
(401, 211)

Arvore 337
0 1 79 43
0 5 69 35
2 3 35 47
3 5 99 1
4 5 45 33
5 6 9 62
(336, 221)

Arvore 338
0 5 69 35
1 3 69 46
2 3 35 47
2 6 74 52
3 5 99 1
4 5 45 33
(391, 214)

Arvore 339
0 5 69 35
1 3 69 46
2 3 35 47
3 5 99 1
4 5 45 33
5 6 9 62
(326, 224)

Arvore 340
0 5 69 35
1 4 57 49
2 3 35 47
2 6 74 52
3 5 99 1
4 5 45 33
(379, 217)

Arvore 341
0 5 69 35
1 4 57 49
2 3 35 47
3 5 99 1
4 5 45 33
5 6 9 62
(314, 227)

Arvore 342
0 5 69 35
1 6 27 76
2 3 35 47
3 5 99 1
4 5 45 33
5 6 9 62
(284, 254)

Arvore 343
0 4 32 79
1 6 27 76
2 3 35 47
3 5 99 1
4 5 45 33
5 6 9 62
(247, 298)

Arvore 344
0 4 32 79
1 6 27 76
2 3 35 47
3 5 99 1
4 6 23 81
5 6 9 62
(225, 346)

Arvore 345
0 5 69 35
1 6 27 76
2 3 35 47
3 5 99 1
4 6 23 81
5 6 9 62
(262, 302)

Arvore 346
0 1 79 43
0 5 69 35
2 3 35 47
3 5 99 1
4 6 23 81
5 6 9 62
(314, 269)

Arvore 347
0 5 69 35
1 3 69 46
2 3 35 47
3 5 99 1
4 6 23 81
5 6 9 62
(304, 272)

Arvore 348
0 5 69 35
1 4 57 49
2 3 35 47
3 5 99 1
4 6 23 81
5 6 9 62
(292, 275)

Arvore 349
0 1 79 43
0 5 69 35
2 3 35 47
3 4 69 34
3 6 92 20
4 5 45 33
(389, 212)

Arvore 350
0 5 69 35
1 3 69 46
2 3 35 47
3 4 69 34
3 6 92 20
4 5 45 33
(379, 215)

Arvore 351
0 5 69 35
1 4 57 49
2 3 35 47
3 4 69 34
3 6 92 20
4 5 45 33
(367, 218)

Arvore 352
0 5 69 35
1 6 27 76
2 3 35 47
3 4 69 34
3 6 92 20
4 5 45 33
(337, 245)

Arvore 353
0 4 32 79
1 6 27 76
2 3 35 47
3 4 69 34
3 6 92 20
4 5 45 33
(300, 289)

Arvore 354
0 1 79 43
0 5 69 35
2 3 35 47
3 6 92 20
4 5 45 33
5 6 9 62
(329, 240)

Arvore 355
0 5 69 35
1 3 69 46
2 3 35 47
3 6 92 20
4 5 45 33
5 6 9 62
(319, 243)

Arvore 356
0 5 69 35
1 4 57 49
2 3 35 47
3 6 92 20
4 5 45 33
5 6 9 62
(307, 246)

Arvore 357
0 5 69 35
1 6 27 76
2 3 35 47
3 6 92 20
4 5 45 33
5 6 9 62
(277, 273)

Arvore 358
0 4 32 79
1 6 27 76
2 3 35 47
3 6 92 20
4 5 45 33
5 6 9 62
(240, 317)

Arvore 359
0 4 32 79
1 6 27 76
2 3 35 47
3 6 92 20
4 6 23 81
5 6 9 62
(218, 365)

Arvore 360
0 5 69 35
1 6 27 76
2 3 35 47
3 6 92 20
4 6 23 81
5 6 9 62
(255, 321)

Arvore 361
0 1 79 43
0 5 69 35
2 3 35 47
3 6 92 20
4 6 23 81
5 6 9 62
(307, 288)

Arvore 362
0 5 69 35
1 3 69 46
2 3 35 47
3 6 92 20
4 6 23 81
5 6 9 62
(297, 291)

Arvore 363
0 5 69 35
1 4 57 49
2 3 35 47
3 6 92 20
4 6 23 81
5 6 9 62
(285, 294)

Arvore 364
0 1 79 43
0 5 69 35
2 3 35 47
2 6 74 52
3 4 69 34
4 5 45 33
(371, 244)

Arvore 365
0 1 79 43
0 5 69 35
2 3 35 47
3 4 69 34
4 5 45 33
5 6 9 62
(306, 254)

Arvore 366
0 5 69 35
1 3 69 46
2 3 35 47
2 6 74 52
3 4 69 34
4 5 45 33
(361, 247)

Arvore 367
0 5 69 35
1 3 69 46
2 3 35 47
3 4 69 34
4 5 45 33
5 6 9 62
(296, 257)

Arvore 368
0 5 69 35
1 4 57 49
2 3 35 47
2 6 74 52
3 4 69 34
4 5 45 33
(349, 250)

Arvore 369
0 5 69 35
1 4 57 49
2 3 35 47
3 4 69 34
4 5 45 33
5 6 9 62
(284, 260)

Arvore 370
0 5 69 35
1 6 27 76
2 3 35 47
3 4 69 34
4 5 45 33
5 6 9 62
(254, 287)

Arvore 371
0 4 32 79
1 6 27 76
2 3 35 47
3 4 69 34
4 5 45 33
5 6 9 62
(217, 331)

Arvore 372
0 4 32 79
1 6 27 76
2 3 35 47
3 4 69 34
4 6 23 81
5 6 9 62
(195, 379)

Arvore 373
0 5 69 35
1 6 27 76
2 3 35 47
3 4 69 34
4 6 23 81
5 6 9 62
(232, 335)

Arvore 374
0 1 79 43
0 5 69 35
2 3 35 47
3 4 69 34
4 6 23 81
5 6 9 62
(284, 302)

Arvore 375
0 5 69 35
1 3 69 46
2 3 35 47
3 4 69 34
4 6 23 81
5 6 9 62
(274, 305)

Arvore 376
0 5 69 35
1 4 57 49
2 3 35 47
3 4 69 34
4 6 23 81
5 6 9 62
(262, 308)

Arvore 377
0 4 32 79
1 6 27 76
2 5 81 28
3 5 99 1
3 6 92 20
4 5 45 33
(376, 237)

Arvore 378
0 4 32 79
1 6 27 76
2 5 81 28
3 5 99 1
3 6 92 20
4 6 23 81
(354, 285)

Arvore 379
0 5 69 35
1 6 27 76
2 5 81 28
3 5 99 1
3 6 92 20
4 5 45 33
(413, 193)

Arvore 380
0 5 69 35
1 6 27 76
2 5 81 28
3 5 99 1
3 6 92 20
4 6 23 81
(391, 241)

Arvore 381
0 1 79 43
0 5 69 35
2 5 81 28
3 5 99 1
3 6 92 20
4 5 45 33
(465, 160)

Arvore 382
0 5 69 35
1 3 69 46
2 5 81 28
3 5 99 1
3 6 92 20
4 5 45 33
(455, 163)

Arvore 383
0 5 69 35
1 4 57 49
2 5 81 28
3 5 99 1
3 6 92 20
4 5 45 33
(443, 166)

Arvore 384
0 1 79 43
0 5 69 35
2 5 81 28
3 5 99 1
3 6 92 20
4 6 23 81
(443, 208)

Arvore 385
0 5 69 35
1 3 69 46
2 5 81 28
3 5 99 1
3 6 92 20
4 6 23 81
(433, 211)

Arvore 386
0 5 69 35
1 4 57 49
2 5 81 28
3 5 99 1
3 6 92 20
4 6 23 81
(421, 214)

Arvore 387
0 1 79 43
0 5 69 35
2 5 81 28
2 6 74 52
3 5 99 1
4 5 45 33
(447, 192)

Arvore 388
0 1 79 43
0 5 69 35
2 5 81 28
3 5 99 1
4 5 45 33
5 6 9 62
(382, 202)

Arvore 389
0 5 69 35
1 3 69 46
2 5 81 28
2 6 74 52
3 5 99 1
4 5 45 33
(437, 195)

Arvore 390
0 5 69 35
1 3 69 46
2 5 81 28
3 5 99 1
4 5 45 33
5 6 9 62
(372, 205)

Arvore 391
0 5 69 35
1 4 57 49
2 5 81 28
2 6 74 52
3 5 99 1
4 5 45 33
(425, 198)

Arvore 392
0 5 69 35
1 4 57 49
2 5 81 28
3 5 99 1
4 5 45 33
5 6 9 62
(360, 208)

Arvore 393
0 5 69 35
1 6 27 76
2 5 81 28
3 5 99 1
4 5 45 33
5 6 9 62
(330, 235)

Arvore 394
0 4 32 79
1 6 27 76
2 5 81 28
3 5 99 1
4 5 45 33
5 6 9 62
(293, 279)

Arvore 395
0 4 32 79
1 6 27 76
2 5 81 28
3 5 99 1
4 6 23 81
5 6 9 62
(271, 327)

Arvore 396
0 5 69 35
1 6 27 76
2 5 81 28
3 5 99 1
4 6 23 81
5 6 9 62
(308, 283)

Arvore 397
0 1 79 43
0 5 69 35
2 5 81 28
3 5 99 1
4 6 23 81
5 6 9 62
(360, 250)

Arvore 398
0 5 69 35
1 3 69 46
2 5 81 28
3 5 99 1
4 6 23 81
5 6 9 62
(350, 253)

Arvore 399
0 5 69 35
1 4 57 49
2 5 81 28
3 5 99 1
4 6 23 81
5 6 9 62
(338, 256)

Arvore 400
0 1 79 43
0 5 69 35
2 5 81 28
3 4 69 34
3 6 92 20
4 5 45 33
(435, 193)

Arvore 401
0 5 69 35
1 3 69 46
2 5 81 28
3 4 69 34
3 6 92 20
4 5 45 33
(425, 196)

Arvore 402
0 5 69 35
1 4 57 49
2 5 81 28
3 4 69 34
3 6 92 20
4 5 45 33
(413, 199)

Arvore 403
0 5 69 35
1 6 27 76
2 5 81 28
3 4 69 34
3 6 92 20
4 5 45 33
(383, 226)

Arvore 404
0 4 32 79
1 6 27 76
2 5 81 28
3 4 69 34
3 6 92 20
4 5 45 33
(346, 270)

Arvore 405
0 1 79 43
0 5 69 35
2 5 81 28
3 6 92 20
4 5 45 33
5 6 9 62
(375, 221)

Arvore 406
0 5 69 35
1 3 69 46
2 5 81 28
3 6 92 20
4 5 45 33
5 6 9 62
(365, 224)

Arvore 407
0 5 69 35
1 4 57 49
2 5 81 28
3 6 92 20
4 5 45 33
5 6 9 62
(353, 227)

Arvore 408
0 5 69 35
1 6 27 76
2 5 81 28
3 6 92 20
4 5 45 33
5 6 9 62
(323, 254)

Arvore 409
0 4 32 79
1 6 27 76
2 5 81 28
3 6 92 20
4 5 45 33
5 6 9 62
(286, 298)

Arvore 410
0 4 32 79
1 6 27 76
2 5 81 28
3 6 92 20
4 6 23 81
5 6 9 62
(264, 346)

Arvore 411
0 5 69 35
1 6 27 76
2 5 81 28
3 6 92 20
4 6 23 81
5 6 9 62
(301, 302)

Arvore 412
0 1 79 43
0 5 69 35
2 5 81 28
3 6 92 20
4 6 23 81
5 6 9 62
(353, 269)

Arvore 413
0 5 69 35
1 3 69 46
2 5 81 28
3 6 92 20
4 6 23 81
5 6 9 62
(343, 272)

Arvore 414
0 5 69 35
1 4 57 49
2 5 81 28
3 6 92 20
4 6 23 81
5 6 9 62
(331, 275)

Arvore 415
0 1 79 43
0 5 69 35
2 5 81 28
2 6 74 52
3 4 69 34
4 5 45 33
(417, 225)

Arvore 416
0 1 79 43
0 5 69 35
2 5 81 28
3 4 69 34
4 5 45 33
5 6 9 62
(352, 235)

Arvore 417
0 5 69 35
1 3 69 46
2 5 81 28
2 6 74 52
3 4 69 34
4 5 45 33
(407, 228)

Arvore 418
0 5 69 35
1 3 69 46
2 5 81 28
3 4 69 34
4 5 45 33
5 6 9 62
(342, 238)

Arvore 419
0 5 69 35
1 4 57 49
2 5 81 28
2 6 74 52
3 4 69 34
4 5 45 33
(395, 231)

Arvore 420
0 5 69 35
1 4 57 49
2 5 81 28
3 4 69 34
4 5 45 33
5 6 9 62
(330, 241)

Arvore 421
0 5 69 35
1 6 27 76
2 5 81 28
3 4 69 34
4 5 45 33
5 6 9 62
(300, 268)

Arvore 422
0 4 32 79
1 6 27 76
2 5 81 28
3 4 69 34
4 5 45 33
5 6 9 62
(263, 312)

Arvore 423
0 4 32 79
1 6 27 76
2 5 81 28
3 4 69 34
4 6 23 81
5 6 9 62
(241, 360)

Arvore 424
0 5 69 35
1 6 27 76
2 5 81 28
3 4 69 34
4 6 23 81
5 6 9 62
(278, 316)

Arvore 425
0 1 79 43
0 5 69 35
2 5 81 28
3 4 69 34
4 6 23 81
5 6 9 62
(330, 283)

Arvore 426
0 5 69 35
1 3 69 46
2 5 81 28
3 4 69 34
4 6 23 81
5 6 9 62
(320, 286)

Arvore 427
0 5 69 35
1 4 57 49
2 5 81 28
3 4 69 34
4 6 23 81
5 6 9 62
(308, 289)

Arvore 428
0 4 32 79
1 2 80 45
1 6 27 76
3 5 99 1
3 6 92 20
4 5 45 33
(375, 254)

Arvore 429
0 4 32 79
1 2 80 45
1 6 27 76
3 5 99 1
3 6 92 20
4 6 23 81
(353, 302)

Arvore 430
0 5 69 35
1 2 80 45
1 6 27 76
3 5 99 1
3 6 92 20
4 5 45 33
(412, 210)

Arvore 431
0 5 69 35
1 2 80 45
1 6 27 76
3 5 99 1
3 6 92 20
4 6 23 81
(390, 258)

Arvore 432
0 1 79 43
0 5 69 35
1 2 80 45
3 5 99 1
3 6 92 20
4 5 45 33
(464, 177)

Arvore 433
0 1 79 43
0 5 69 35
1 2 80 45
3 5 99 1
3 6 92 20
4 6 23 81
(442, 225)

Arvore 434
0 1 79 43
0 5 69 35
1 2 80 45
2 6 74 52
3 5 99 1
4 5 45 33
(446, 209)

Arvore 435
0 1 79 43
0 5 69 35
1 2 80 45
3 5 99 1
4 5 45 33
5 6 9 62
(381, 219)

Arvore 436
0 5 69 35
1 2 80 45
1 6 27 76
3 5 99 1
4 5 45 33
5 6 9 62
(329, 252)

Arvore 437
0 4 32 79
1 2 80 45
1 6 27 76
3 5 99 1
4 5 45 33
5 6 9 62
(292, 296)

Arvore 438
0 4 32 79
1 2 80 45
1 6 27 76
3 5 99 1
4 6 23 81
5 6 9 62
(270, 344)

Arvore 439
0 5 69 35
1 2 80 45
1 6 27 76
3 5 99 1
4 6 23 81
5 6 9 62
(307, 300)

Arvore 440
0 1 79 43
0 5 69 35
1 2 80 45
3 5 99 1
4 6 23 81
5 6 9 62
(359, 267)

Arvore 441
0 1 79 43
0 5 69 35
1 2 80 45
3 4 69 34
3 6 92 20
4 5 45 33
(434, 210)

Arvore 442
0 5 69 35
1 2 80 45
1 6 27 76
3 4 69 34
3 6 92 20
4 5 45 33
(382, 243)

Arvore 443
0 4 32 79
1 2 80 45
1 6 27 76
3 4 69 34
3 6 92 20
4 5 45 33
(345, 287)

Arvore 444
0 1 79 43
0 5 69 35
1 2 80 45
3 6 92 20
4 5 45 33
5 6 9 62
(374, 238)

Arvore 445
0 5 69 35
1 2 80 45
1 6 27 76
3 6 92 20
4 5 45 33
5 6 9 62
(322, 271)

Arvore 446
0 4 32 79
1 2 80 45
1 6 27 76
3 6 92 20
4 5 45 33
5 6 9 62
(285, 315)

Arvore 447
0 4 32 79
1 2 80 45
1 6 27 76
3 6 92 20
4 6 23 81
5 6 9 62
(263, 363)

Arvore 448
0 5 69 35
1 2 80 45
1 6 27 76
3 6 92 20
4 6 23 81
5 6 9 62
(300, 319)

Arvore 449
0 1 79 43
0 5 69 35
1 2 80 45
3 6 92 20
4 6 23 81
5 6 9 62
(352, 286)

Arvore 450
0 1 79 43
0 5 69 35
1 2 80 45
2 6 74 52
3 4 69 34
4 5 45 33
(416, 242)

Arvore 451
0 1 79 43
0 5 69 35
1 2 80 45
3 4 69 34
4 5 45 33
5 6 9 62
(351, 252)

Arvore 452
0 5 69 35
1 2 80 45
1 6 27 76
3 4 69 34
4 5 45 33
5 6 9 62
(299, 285)

Arvore 453
0 4 32 79
1 2 80 45
1 6 27 76
3 4 69 34
4 5 45 33
5 6 9 62
(262, 329)

Arvore 454
0 4 32 79
1 2 80 45
1 6 27 76
3 4 69 34
4 6 23 81
5 6 9 62
(240, 377)

Arvore 455
0 5 69 35
1 2 80 45
1 6 27 76
3 4 69 34
4 6 23 81
5 6 9 62
(277, 333)

Arvore 456
0 1 79 43
0 5 69 35
1 2 80 45
3 4 69 34
4 6 23 81
5 6 9 62
(329, 300)

