41
0.41
Arvore 1
0 6 26 91
1 2 45 27
1 3 78 8
1 4 26 45
1 5 21 70
1 6 95 8
(291, 249)

Arvore 2
0 6 26 91
1 2 45 27
1 3 78 8
1 4 26 45
1 5 21 70
2 6 45 62
(241, 303)

Arvore 3
0 6 26 91
1 2 45 27
1 3 78 8
1 4 26 45
1 5 21 70
4 6 46 16
(242, 257)

Arvore 4
0 2 52 30
1 2 45 27
1 3 78 8
1 4 26 45
1 5 21 70
1 6 95 8
(317, 188)

Arvore 5
0 4 83 17
1 2 45 27
1 3 78 8
1 4 26 45
1 5 21 70
1 6 95 8
(348, 175)

Arvore 6
0 2 52 30
1 2 45 27
1 3 78 8
1 4 26 45
1 5 21 70
2 6 45 62
(267, 242)

Arvore 7
0 4 83 17
1 2 45 27
1 3 78 8
1 4 26 45
1 5 21 70
2 6 45 62
(298, 229)

Arvore 8
0 2 52 30
1 2 45 27
1 3 78 8
1 4 26 45
1 5 21 70
4 6 46 16
(268, 196)

Arvore 9
0 4 83 17
1 2 45 27
1 3 78 8
1 4 26 45
1 5 21 70
4 6 46 16
(299, 183)

Arvore 10
0 2 52 30
1 2 45 27
1 3 78 8
1 4 26 45
1 6 95 8
3 5 74 28
(370, 146)

Arvore 11
0 2 52 30
1 2 45 27
1 3 78 8
1 4 26 45
1 6 95 8
4 5 28 37
(324, 155)

Arvore 12
0 4 83 17
1 2 45 27
1 3 78 8
1 4 26 45
1 6 95 8
3 5 74 28
(401, 133)

Arvore 13
0 4 83 17
1 2 45 27
1 3 78 8
1 4 26 45
1 6 95 8
4 5 28 37
(355, 142)

Arvore 14
0 6 26 91
1 2 45 27
1 3 78 8
1 4 26 45
1 6 95 8
3 5 74 28
(344, 207)

Arvore 15
0 6 26 91
1 2 45 27
1 3 78 8
1 4 26 45
1 6 95 8
4 5 28 37
(298, 216)

Arvore 16
0 6 26 91
1 2 45 27
1 3 78 8
1 4 26 45
2 6 45 62
4 5 28 37
(248, 270)

Arvore 17
0 6 26 91
1 2 45 27
1 3 78 8
1 4 26 45
4 5 28 37
4 6 46 16
(249, 224)

Arvore 18
0 2 52 30
1 2 45 27
1 3 78 8
1 4 26 45
2 6 45 62
4 5 28 37
(274, 209)

Arvore 19
0 4 83 17
1 2 45 27
1 3 78 8
1 4 26 45
2 6 45 62
4 5 28 37
(305, 196)

Arvore 20
0 2 52 30
1 2 45 27
1 3 78 8
1 4 26 45
4 5 28 37
4 6 46 16
(275, 163)

Arvore 21
0 4 83 17
1 2 45 27
1 3 78 8
1 4 26 45
4 5 28 37
4 6 46 16
(306, 150)

Arvore 22
0 2 52 30
1 2 45 27
1 3 78 8
1 4 26 45
3 5 74 28
4 6 46 16
(321, 154)

Arvore 23
0 4 83 17
1 2 45 27
1 3 78 8
1 4 26 45
3 5 74 28
4 6 46 16
(352, 141)

Arvore 24
0 6 26 91
1 2 45 27
1 3 78 8
1 4 26 45
3 5 74 28
4 6 46 16
(295, 215)

Arvore 25
0 2 52 30
1 2 45 27
1 3 78 8
1 5 21 70
1 6 95 8
3 4 63 14
(354, 157)

Arvore 26
0 4 83 17
1 2 45 27
1 3 78 8
1 5 21 70
1 6 95 8
3 4 63 14
(385, 144)

Arvore 27
0 6 26 91
1 2 45 27
1 3 78 8
1 5 21 70
1 6 95 8
3 4 63 14
(328, 218)

Arvore 28
0 2 52 30
1 2 45 27
1 3 78 8
1 5 21 70
1 6 95 8
4 5 28 37
(319, 180)

Arvore 29
0 4 83 17
1 2 45 27
1 3 78 8
1 5 21 70
1 6 95 8
4 5 28 37
(350, 167)

Arvore 30
0 6 26 91
1 2 45 27
1 3 78 8
1 5 21 70
1 6 95 8
4 5 28 37
(293, 241)

Arvore 31
0 2 52 30
1 2 45 27
1 3 78 8
1 5 21 70
1 6 95 8
4 6 46 16
(337, 159)

Arvore 32
0 4 83 17
1 2 45 27
1 3 78 8
1 5 21 70
1 6 95 8
4 6 46 16
(368, 146)

Arvore 33
0 6 26 91
1 2 45 27
1 3 78 8
1 5 21 70
1 6 95 8
4 6 46 16
(311, 220)

Arvore 34
0 6 26 91
1 2 45 27
1 3 78 8
1 5 21 70
2 6 45 62
3 4 63 14
(278, 272)

Arvore 35
0 6 26 91
1 2 45 27
1 3 78 8
1 5 21 70
3 4 63 14
4 6 46 16
(279, 226)

Arvore 36
0 2 52 30
1 2 45 27
1 3 78 8
1 5 21 70
2 6 45 62
3 4 63 14
(304, 211)

Arvore 37
0 4 83 17
1 2 45 27
1 3 78 8
1 5 21 70
2 6 45 62
3 4 63 14
(335, 198)

Arvore 38
0 2 52 30
1 2 45 27
1 3 78 8
1 5 21 70
3 4 63 14
4 6 46 16
(305, 165)

Arvore 39
0 4 83 17
1 2 45 27
1 3 78 8
1 5 21 70
3 4 63 14
4 6 46 16
(336, 152)

Arvore 40
0 6 26 91
1 2 45 27
1 3 78 8
1 5 21 70
2 6 45 62
4 5 28 37
(243, 295)

Arvore 41
0 6 26 91
1 2 45 27
1 3 78 8
1 5 21 70
4 5 28 37
4 6 46 16
(244, 249)

Arvore 42
0 2 52 30
1 2 45 27
1 3 78 8
1 5 21 70
2 6 45 62
4 5 28 37
(269, 234)

Arvore 43
0 4 83 17
1 2 45 27
1 3 78 8
1 5 21 70
2 6 45 62
4 5 28 37
(300, 221)

Arvore 44
0 2 52 30
1 2 45 27
1 3 78 8
1 5 21 70
4 5 28 37
4 6 46 16
(270, 188)

Arvore 45
0 4 83 17
1 2 45 27
1 3 78 8
1 5 21 70
4 5 28 37
4 6 46 16
(301, 175)

Arvore 46
0 2 52 30
1 2 45 27
1 3 78 8
1 6 95 8
3 4 63 14
3 5 74 28
(407, 115)

Arvore 47
0 2 52 30
1 2 45 27
1 3 78 8
1 6 95 8
3 4 63 14
4 5 28 37
(361, 124)

Arvore 48
0 4 83 17
1 2 45 27
1 3 78 8
1 6 95 8
3 4 63 14
3 5 74 28
(438, 102)

Arvore 49
0 4 83 17
1 2 45 27
1 3 78 8
1 6 95 8
3 4 63 14
4 5 28 37
(392, 111)

Arvore 50
0 6 26 91
1 2 45 27
1 3 78 8
1 6 95 8
3 4 63 14
3 5 74 28
(381, 176)

Arvore 51
0 6 26 91
1 2 45 27
1 3 78 8
1 6 95 8
3 4 63 14
4 5 28 37
(335, 185)

Arvore 52
0 2 52 30
1 2 45 27
1 3 78 8
1 6 95 8
4 5 28 37
4 6 46 16
(344, 126)

Arvore 53
0 4 83 17
1 2 45 27
1 3 78 8
1 6 95 8
4 5 28 37
4 6 46 16
(375, 113)

Arvore 54
0 6 26 91
1 2 45 27
1 3 78 8
1 6 95 8
4 5 28 37
4 6 46 16
(318, 187)

Arvore 55
0 2 52 30
1 2 45 27
1 3 78 8
1 6 95 8
3 5 74 28
4 6 46 16
(390, 117)

Arvore 56
0 4 83 17
1 2 45 27
1 3 78 8
1 6 95 8
3 5 74 28
4 6 46 16
(421, 104)

Arvore 57
0 6 26 91
1 2 45 27
1 3 78 8
1 6 95 8
3 5 74 28
4 6 46 16
(364, 178)

Arvore 58
0 6 26 91
1 2 45 27
1 3 78 8
2 6 45 62
3 4 63 14
4 5 28 37
(285, 239)

Arvore 59
0 6 26 91
1 2 45 27
1 3 78 8
3 4 63 14
4 5 28 37
4 6 46 16
(286, 193)

Arvore 60
0 2 52 30
1 2 45 27
1 3 78 8
2 6 45 62
3 4 63 14
4 5 28 37
(311, 178)

Arvore 61
0 4 83 17
1 2 45 27
1 3 78 8
2 6 45 62
3 4 63 14
4 5 28 37
(342, 165)

Arvore 62
0 2 52 30
1 2 45 27
1 3 78 8
3 4 63 14
4 5 28 37
4 6 46 16
(312, 132)

Arvore 63
0 4 83 17
1 2 45 27
1 3 78 8
3 4 63 14
4 5 28 37
4 6 46 16
(343, 119)

Arvore 64
0 2 52 30
1 2 45 27
1 3 78 8
3 4 63 14
3 5 74 28
4 6 46 16
(358, 123)

Arvore 65
0 4 83 17
1 2 45 27
1 3 78 8
3 4 63 14
3 5 74 28
4 6 46 16
(389, 110)

Arvore 66
0 6 26 91
1 2 45 27
1 3 78 8
3 4 63 14
3 5 74 28
4 6 46 16
(332, 184)

Arvore 67
0 6 26 91
1 2 45 27
1 4 26 45
1 5 21 70
2 3 50 40
2 6 45 62
(213, 335)

Arvore 68
0 6 26 91
1 2 45 27
1 4 26 45
1 5 21 70
2 6 45 62
3 4 63 14
(226, 309)

Arvore 69
0 6 26 91
1 2 45 27
1 4 26 45
1 5 21 70
1 6 95 8
3 4 63 14
(276, 255)

Arvore 70
0 6 26 91
1 2 45 27
1 4 26 45
1 5 21 70
3 4 63 14
4 6 46 16
(227, 263)

Arvore 71
0 6 26 91
1 2 45 27
1 4 26 45
1 5 21 70
2 3 50 40
4 6 46 16
(214, 289)

Arvore 72
0 2 52 30
1 2 45 27
1 4 26 45
1 5 21 70
2 3 50 40
2 6 45 62
(239, 274)

Arvore 73
0 2 52 30
1 2 45 27
1 4 26 45
1 5 21 70
2 6 45 62
3 4 63 14
(252, 248)

Arvore 74
0 4 83 17
1 2 45 27
1 4 26 45
1 5 21 70
2 3 50 40
2 6 45 62
(270, 261)

Arvore 75
0 4 83 17
1 2 45 27
1 4 26 45
1 5 21 70
2 6 45 62
3 4 63 14
(283, 235)

Arvore 76
0 2 52 30
1 2 45 27
1 4 26 45
1 5 21 70
1 6 95 8
3 4 63 14
(302, 194)

Arvore 77
0 4 83 17
1 2 45 27
1 4 26 45
1 5 21 70
1 6 95 8
3 4 63 14
(333, 181)

Arvore 78
0 2 52 30
1 2 45 27
1 4 26 45
1 5 21 70
3 4 63 14
4 6 46 16
(253, 202)

Arvore 79
0 4 83 17
1 2 45 27
1 4 26 45
1 5 21 70
3 4 63 14
4 6 46 16
(284, 189)

Arvore 80
0 2 52 30
1 2 45 27
1 4 26 45
1 5 21 70
2 3 50 40
4 6 46 16
(240, 228)

Arvore 81
0 4 83 17
1 2 45 27
1 4 26 45
1 5 21 70
2 3 50 40
4 6 46 16
(271, 215)

Arvore 82
0 2 52 30
1 2 45 27
1 4 26 45
1 6 95 8
3 4 63 14
3 5 74 28
(355, 152)

Arvore 83
0 2 52 30
1 2 45 27
1 4 26 45
1 6 95 8
3 4 63 14
4 5 28 37
(309, 161)

Arvore 84
0 4 83 17
1 2 45 27
1 4 26 45
1 6 95 8
3 4 63 14
3 5 74 28
(386, 139)

Arvore 85
0 4 83 17
1 2 45 27
1 4 26 45
1 6 95 8
3 4 63 14
4 5 28 37
(340, 148)

Arvore 86
0 6 26 91
1 2 45 27
1 4 26 45
1 6 95 8
3 4 63 14
3 5 74 28
(329, 213)

Arvore 87
0 6 26 91
1 2 45 27
1 4 26 45
1 6 95 8
3 4 63 14
4 5 28 37
(283, 222)

Arvore 88
0 6 26 91
1 2 45 27
1 4 26 45
2 6 45 62
3 4 63 14
4 5 28 37
(233, 276)

Arvore 89
0 6 26 91
1 2 45 27
1 4 26 45
3 4 63 14
4 5 28 37
4 6 46 16
(234, 230)

Arvore 90
0 2 52 30
1 2 45 27
1 4 26 45
2 6 45 62
3 4 63 14
4 5 28 37
(259, 215)

Arvore 91
0 4 83 17
1 2 45 27
1 4 26 45
2 6 45 62
3 4 63 14
4 5 28 37
(290, 202)

Arvore 92
0 2 52 30
1 2 45 27
1 4 26 45
3 4 63 14
4 5 28 37
4 6 46 16
(260, 169)

Arvore 93
0 4 83 17
1 2 45 27
1 4 26 45
3 4 63 14
4 5 28 37
4 6 46 16
(291, 156)

Arvore 94
0 2 52 30
1 2 45 27
1 4 26 45
3 4 63 14
3 5 74 28
4 6 46 16
(306, 160)

Arvore 95
0 4 83 17
1 2 45 27
1 4 26 45
3 4 63 14
3 5 74 28
4 6 46 16
(337, 147)

Arvore 96
0 6 26 91
1 2 45 27
1 4 26 45
3 4 63 14
3 5 74 28
4 6 46 16
(280, 221)

Arvore 97
0 6 26 91
1 2 45 27
1 4 26 45
2 3 50 40
2 6 45 62
4 5 28 37
(220, 302)

Arvore 98
0 6 26 91
1 2 45 27
1 4 26 45
2 3 50 40
4 5 28 37
4 6 46 16
(221, 256)

Arvore 99
0 2 52 30
1 2 45 27
1 4 26 45
2 3 50 40
2 6 45 62
4 5 28 37
(246, 241)

Arvore 100
0 4 83 17
1 2 45 27
1 4 26 45
2 3 50 40
2 6 45 62
4 5 28 37
(277, 228)

Arvore 101
0 2 52 30
1 2 45 27
1 4 26 45
2 3 50 40
4 5 28 37
4 6 46 16
(247, 195)

Arvore 102
0 4 83 17
1 2 45 27
1 4 26 45
2 3 50 40
4 5 28 37
4 6 46 16
(278, 182)

Arvore 103
0 6 26 91
1 2 45 27
1 5 21 70
1 6 95 8
3 4 63 14
4 5 28 37
(278, 247)

Arvore 104
0 6 26 91
1 2 45 27
1 5 21 70
2 6 45 62
3 4 63 14
4 5 28 37
(228, 301)

Arvore 105
0 6 26 91
1 2 45 27
1 5 21 70
3 4 63 14
4 5 28 37
4 6 46 16
(229, 255)

Arvore 106
0 2 52 30
1 2 45 27
1 5 21 70
1 6 95 8
3 4 63 14
4 5 28 37
(304, 186)

Arvore 107
0 4 83 17
1 2 45 27
1 5 21 70
1 6 95 8
3 4 63 14
4 5 28 37
(335, 173)

Arvore 108
0 2 52 30
1 2 45 27
1 5 21 70
2 6 45 62
3 4 63 14
4 5 28 37
(254, 240)

Arvore 109
0 4 83 17
1 2 45 27
1 5 21 70
2 6 45 62
3 4 63 14
4 5 28 37
(285, 227)

Arvore 110
0 2 52 30
1 2 45 27
1 5 21 70
3 4 63 14
4 5 28 37
4 6 46 16
(255, 194)

Arvore 111
0 4 83 17
1 2 45 27
1 5 21 70
3 4 63 14
4 5 28 37
4 6 46 16
(286, 181)

Arvore 112
0 2 52 30
1 2 45 27
1 5 21 70
3 4 63 14
3 5 74 28
4 6 46 16
(301, 185)

Arvore 113
0 4 83 17
1 2 45 27
1 5 21 70
3 4 63 14
3 5 74 28
4 6 46 16
(332, 172)

Arvore 114
0 6 26 91
1 2 45 27
1 5 21 70
3 4 63 14
3 5 74 28
4 6 46 16
(275, 246)

Arvore 115
0 6 26 91
1 2 45 27
1 5 21 70
2 3 50 40
2 6 45 62
4 5 28 37
(215, 327)

Arvore 116
0 6 26 91
1 2 45 27
1 5 21 70
2 3 50 40
4 5 28 37
4 6 46 16
(216, 281)

Arvore 117
0 2 52 30
1 2 45 27
1 5 21 70
2 3 50 40
2 6 45 62
4 5 28 37
(241, 266)

Arvore 118
0 4 83 17
1 2 45 27
1 5 21 70
2 3 50 40
2 6 45 62
4 5 28 37
(272, 253)

Arvore 119
0 2 52 30
1 2 45 27
1 5 21 70
2 3 50 40
4 5 28 37
4 6 46 16
(242, 220)

Arvore 120
0 4 83 17
1 2 45 27
1 5 21 70
2 3 50 40
4 5 28 37
4 6 46 16
(273, 207)

Arvore 121
0 2 52 30
1 2 45 27
2 3 50 40
3 4 63 14
4 5 28 37
4 6 46 16
(284, 164)

Arvore 122
0 4 83 17
1 2 45 27
2 3 50 40
3 4 63 14
4 5 28 37
4 6 46 16
(315, 151)

Arvore 123
0 6 26 91
1 2 45 27
2 3 50 40
3 4 63 14
4 5 28 37
4 6 46 16
(258, 225)

Arvore 124
0 2 52 30
1 2 45 27
2 3 50 40
3 4 63 14
3 5 74 28
4 6 46 16
(330, 155)

Arvore 125
0 4 83 17
1 2 45 27
2 3 50 40
3 4 63 14
3 5 74 28
4 6 46 16
(361, 142)

Arvore 126
0 6 26 91
1 2 45 27
2 3 50 40
3 4 63 14
3 5 74 28
4 6 46 16
(304, 216)

Arvore 127
0 2 52 30
1 2 45 27
1 6 95 8
2 3 50 40
4 5 28 37
4 6 46 16
(316, 158)

Arvore 128
0 4 83 17
1 2 45 27
1 6 95 8
2 3 50 40
4 5 28 37
4 6 46 16
(347, 145)

Arvore 129
0 6 26 91
1 2 45 27
1 6 95 8
2 3 50 40
4 5 28 37
4 6 46 16
(290, 219)

