1
0.01
Arvore 
0 1 23 54
0 10 5 31
1 2 6 21
1 11 0 16
3 4 23 21
4 5 2 2
5 15 44 65
6 16 0 4
7 8 19 14
7 17 3 26
8 18 13 17
9 19 1 9
11 12 28 43
11 21 19 40
12 22 36 47
13 14 20 41
13 23 45 65
14 15 12 8
15 16 22 19
16 26 15 10
17 27 16 31
18 19 43 30
20 30 70 44
21 31 23 44
22 32 63 66
23 24 3 22
23 33 10 42
25 26 10 16
26 27 62 47
27 28 24 17
27 37 44 51
29 39 69 49
30 40 19 46
31 41 37 34
33 43 7 39
34 44 59 56
35 36 21 52
35 45 52 32
36 37 25 48
36 46 11 27
37 38 48 50
38 39 16 32
39 49 55 48
40 41 52 60
41 51 49 42
42 43 18 42
42 52 21 45
43 44 30 24
45 55 26 42
46 56 23 17
47 57 19 38
48 58 50 36
49 59 4 17
50 51 52 58
51 52 49 46
52 53 23 31
52 62 6 12
53 54 40 40
54 64 36 38
56 66 12 27
57 58 3 21
57 67 18 45
59 69 3 30
60 61 76 52
61 62 16 29
61 71 23 35
63 73 16 14
65 66 39 52
65 75 7 32
66 67 51 57
67 68 61 53
70 71 73 65
71 72 27 44
72 73 0 23
72 82 17 17
73 74 32 29
74 84 15 15
75 76 32 21
75 85 40 34
76 77 15 32
76 86 52 58
78 79 48 54
78 88 1 5
80 81 34 42
80 90 2 5
81 91 40 47
83 93 36 25
84 94 43 33
86 87 46 50
87 97 56 34
88 98 49 43
89 99 29 33
91 92 21 37
92 93 32 48
93 94 24 22
94 95 37 44
96 97 26 40
97 98 22 28
98 99 60 43
(2855, 3482)

