1
0.01
Arvore 
0 1 38 46
0 34 27 27
1 2 7 27
3 4 30 52
3 37 14 45
5 6 19 18
5 39 34 36
7 8 43 54
8 9 42 41
8 42 15 42
9 10 0 4
9 43 12 26
10 11 10 39
11 12 0 31
12 13 44 39
13 14 40 30
14 15 25 29
14 48 3 11
15 16 7 43
15 49 74 78
16 17 32 45
17 18 39 60
18 19 61 71
18 52 32 38
19 20 1 28
19 53 31 22
21 22 48 50
22 56 47 46
23 24 5 4
24 58 21 16
25 26 3 9
25 59 40 40
26 27 11 25
26 60 16 12
27 28 30 38
28 29 10 17
28 62 3 27
29 30 41 41
29 63 48 42
30 31 30 31
31 32 11 18
31 65 17 20
32 33 1 24
32 66 1 13
34 35 36 29
35 36 64 49
36 37 79 78
37 38 11 14
38 39 46 50
39 40 60 71
40 41 4 12
41 42 55 41
43 44 13 10
44 45 73 66
45 46 35 56
47 48 34 47
49 50 9 21
51 52 36 52
53 54 68 77
54 55 58 39
55 56 70 54
56 57 47 64
57 58 37 35
58 59 71 56
61 62 46 63
63 64 18 48
66 67 16 48
(2049, 2535)

