1
0.01
Arvore 
0 11 8 19
1 12 21 14
2 13 57 41
3 4 21 26
4 5 9 19
4 15 56 58
5 6 45 59
7 18 25 46
8 19 25 38
9 10 68 60
10 21 17 28
11 22 42 47
12 13 56 37
13 14 48 63
13 24 4 18
14 15 23 42
15 16 40 55
15 26 8 41
16 17 18 14
17 28 71 72
18 19 21 51
19 20 16 11
19 30 56 59
20 21 25 45
22 23 44 30
22 33 16 49
23 24 47 29
24 35 22 43
25 26 15 42
25 36 40 46
27 28 5 22
29 30 12 20
30 41 8 20
31 32 21 25
32 43 41 51
33 34 45 33
34 45 61 58
37 38 33 47
38 49 42 44
39 50 27 19
40 41 33 54
40 51 34 42
41 52 9 29
42 43 16 46
43 54 33 46
44 45 33 54
45 46 28 30
45 56 12 46
47 48 49 64
48 59 35 57
49 60 37 61
50 51 9 20
52 63 9 15
53 54 31 23
54 65 29 44
55 56 20 45
55 66 16 35
56 57 42 44
56 67 32 26
57 58 20 36
58 59 37 41
59 70 13 21
60 71 13 44
61 62 42 46
62 63 11 23
62 73 32 59
64 65 1 3
64 75 2 3
65 76 35 43
67 68 18 25
68 69 23 26
70 71 10 38
71 72 9 9
72 73 1 1
73 74 18 13
74 75 5 40
(2056, 2793)

