teste.sh: line 4: mono: command not found
teste.sh: line 5: mono: command not found
teste.sh: line 6: mono: command not found
teste.sh: line 8: mono: command not found
teste.sh: line 9: mono: command not found
teste.sh: line 10: mono: command not found
teste.sh: line 12: mono: command not found
teste.sh: line 13: mono: command not found
teste.sh: line 14: mono: command not found
teste.sh: line 18: mono: command not found
teste.sh: line 19: mono: command not found
teste.sh: line 20: mono: command not found
teste.sh: line 22: mono: command not found
teste.sh: line 23: mono: command not found
teste.sh: line 24: mono: command not found
teste.sh: line 26: mono: command not found
teste.sh: line 27: mono: command not found
teste.sh: line 28: mono: command not found
teste.sh: line 4: mono: command not found
teste.sh: line 5: mono: command not found
teste.sh: line 6: mono: command not found
teste.sh: line 8: mono: command not found
teste.sh: line 9: mono: command not found
teste.sh: line 10: mono: command not found
teste.sh: line 12: mono: command not found
teste.sh: line 13: mono: command not found
teste.sh: line 14: mono: command not found
teste.sh: line 18: mono: command not found
teste.sh: line 19: mono: command not found
teste.sh: line 20: mono: command not found
teste.sh: line 22: mono: command not found
teste.sh: line 23: mono: command not found
teste.sh: line 24: mono: command not found
teste.sh: line 26: mono: command not found
teste.sh: line 27: mono: command not found
teste.sh: line 28: mono: command not found
teste.sh: line 4: mono: command not found
teste.sh: line 5: mono: command not found
teste.sh: line 6: mono: command not found
teste.sh: line 8: mono: command not found
teste.sh: line 9: mono: command not found
teste.sh: line 10: mono: command not found
teste.sh: line 12: mono: command not found
teste.sh: line 13: mono: command not found
teste.sh: line 14: mono: command not found
teste.sh: line 18: mono: command not found
teste.sh: line 19: mono: command not found
teste.sh: line 20: mono: command not found
teste.sh: line 22: mono: command not found
teste.sh: line 23: mono: command not found
teste.sh: line 24: mono: command not found
teste.sh: line 26: mono: command not found
teste.sh: line 27: mono: command not found
teste.sh: line 28: mono: command not found
teste.sh: line 4: mono: command not found
teste.sh: line 5: mono: command not found
teste.sh: line 6: mono: command not found
teste.sh: line 8: mono: command not found
teste.sh: line 9: mono: command not found
teste.sh: line 10: mono: command not found
teste.sh: line 12: mono: command not found
teste.sh: line 13: mono: command not found
teste.sh: line 14: mono: command not found
teste.sh: line 18: mono: command not found
teste.sh: line 19: mono: command not found
teste.sh: line 20: mono: command not found
teste.sh: line 22: mono: command not found
teste.sh: line 23: mono: command not found
teste.sh: line 24: mono: command not found
teste.sh: line 26: mono: command not found
teste.sh: line 27: mono: command not found
teste.sh: line 28: mono: command not found
teste.sh: line 4: mono: command not found
teste.sh: line 5: mono: command not found
teste.sh: line 6: mono: command not found
teste.sh: line 8: mono: command not found
teste.sh: line 9: mono: command not found
teste.sh: line 10: mono: command not found
teste.sh: line 12: mono: command not found
teste.sh: line 13: mono: command not found
teste.sh: line 14: mono: command not found
teste.sh: line 18: mono: command not found
teste.sh: line 19: mono: command not found
teste.sh: line 20: mono: command not found
teste.sh: line 22: mono: command not found
teste.sh: line 23: mono: command not found
teste.sh: line 24: mono: command not found
teste.sh: line 26: mono: command not found
teste.sh: line 27: mono: command not found
teste.sh: line 28: mono: command not found
teste.sh: line 4: mono: command not found
teste.sh: line 5: mono: command not found
teste.sh: line 6: mono: command not found
teste.sh: line 8: mono: command not found
teste.sh: line 9: mono: command not found
teste.sh: line 10: mono: command not found
teste.sh: line 12: mono: command not found
teste.sh: line 13: mono: command not found
teste.sh: line 14: mono: command not found
teste.sh: line 18: mono: command not found
teste.sh: line 19: mono: command not found
teste.sh: line 20: mono: command not found
teste.sh: line 22: mono: command not found
teste.sh: line 23: mono: command not found
teste.sh: line 24: mono: command not found
teste.sh: line 26: mono: command not found
teste.sh: line 27: mono: command not found
teste.sh: line 28: mono: command not found
teste.sh: line 4: mono: command not found
teste.sh: line 5: mono: command not found
teste.sh: line 6: mono: command not found
teste.sh: line 8: mono: command not found
teste.sh: line 9: mono: command not found
teste.sh: line 10: mono: command not found
teste.sh: line 12: mono: command not found
teste.sh: line 13: mono: command not found
teste.sh: line 14: mono: command not found
teste.sh: line 18: mono: command not found
teste.sh: line 19: mono: command not found
teste.sh: line 20: mono: command not found
teste.sh: line 22: mono: command not found
teste.sh: line 23: mono: command not found
teste.sh: line 24: mono: command not found
teste.sh: line 26: mono: command not found
teste.sh: line 27: mono: command not found
teste.sh: line 28: mono: command not found
teste.sh: line 4: mono: command not found
teste.sh: line 5: mono: command not found
teste.sh: line 6: mono: command not found
teste.sh: line 8: mono: command not found
teste.sh: line 9: mono: command not found
teste.sh: line 10: mono: command not found
teste.sh: line 12: mono: command not found
teste.sh: line 13: mono: command not found
teste.sh: line 14: mono: command not found
teste.sh: line 18: mono: command not found
teste.sh: line 19: mono: command not found
teste.sh: line 20: mono: command not found
teste.sh: line 22: mono: command not found
teste.sh: line 23: mono: command not found
teste.sh: line 24: mono: command not found
teste.sh: line 26: mono: command not found
teste.sh: line 27: mono: command not found
teste.sh: line 28: mono: command not found
teste.sh: line 4: mono: command not found
teste.sh: line 5: mono: command not found
teste.sh: line 6: mono: command not found
teste.sh: line 8: mono: command not found
teste.sh: line 9: mono: command not found
teste.sh: line 10: mono: command not found
teste.sh: line 12: mono: command not found
teste.sh: line 13: mono: command not found
teste.sh: line 14: mono: command not found
teste.sh: line 18: mono: command not found
teste.sh: line 19: mono: command not found
teste.sh: line 20: mono: command not found
teste.sh: line 22: mono: command not found
teste.sh: line 23: mono: command not found
teste.sh: line 24: mono: command not found
teste.sh: line 26: mono: command not found
teste.sh: line 27: mono: command not found
teste.sh: line 28: mono: command not found
teste.sh: line 4: mono: command not found
teste.sh: line 5: mono: command not found
teste.sh: line 6: mono: command not found
teste.sh: line 8: mono: command not found
teste.sh: line 9: mono: command not found
teste.sh: line 10: mono: command not found
teste.sh: line 12: mono: command not found
teste.sh: line 13: mono: command not found
teste.sh: line 14: mono: command not found
teste.sh: line 18: mono: command not found
teste.sh: line 19: mono: command not found
teste.sh: line 20: mono: command not found
teste.sh: line 22: mono: command not found
teste.sh: line 23: mono: command not found
teste.sh: line 24: mono: command not found
teste.sh: line 26: mono: command not found
teste.sh: line 27: mono: command not found
teste.sh: line 28: mono: command not found
teste.sh: line 4: mono: command not found
teste.sh: line 5: mono: command not found
teste.sh: line 6: mono: command not found
teste.sh: line 8: mono: command not found
teste.sh: line 9: mono: command not found
teste.sh: line 10: mono: command not found
teste.sh: line 12: mono: command not found
teste.sh: line 13: mono: command not found
teste.sh: line 14: mono: command not found
teste.sh: line 18: mono: command not found
teste.sh: line 19: mono: command not found
teste.sh: line 20: mono: command not found
teste.sh: line 22: mono: command not found
teste.sh: line 23: mono: command not found
teste.sh: line 24: mono: command not found
teste.sh: line 26: mono: command not found
teste.sh: line 27: mono: command not found
teste.sh: line 28: mono: command not found
teste.sh: line 4: mono: command not found
teste.sh: line 5: mono: command not found
teste.sh: line 6: mono: command not found
teste.sh: line 8: mono: command not found
teste.sh: line 9: mono: command not found
teste.sh: line 10: mono: command not found
teste.sh: line 12: mono: command not found
teste.sh: line 13: mono: command not found
teste.sh: line 14: mono: command not found
teste.sh: line 18: mono: command not found
teste.sh: line 19: mono: command not found
teste.sh: line 20: mono: command not found
teste.sh: line 22: mono: command not found
teste.sh: line 23: mono: command not found
teste.sh: line 24: mono: command not found
teste.sh: line 26: mono: command not found
teste.sh: line 27: mono: command not found
teste.sh: line 28: mono: command not found
teste.sh: line 4: mono: command not found
teste.sh: line 5: mono: command not found
teste.sh: line 6: mono: command not found
teste.sh: line 8: mono: command not found
teste.sh: line 9: mono: command not found
teste.sh: line 10: mono: command not found
teste.sh: line 12: mono: command not found
teste.sh: line 13: mono: command not found
teste.sh: line 14: mono: command not found
teste.sh: line 18: mono: command not found
teste.sh: line 19: mono: command not found
teste.sh: line 20: mono: command not found
teste.sh: line 22: mono: command not found
teste.sh: line 23: mono: command not found
teste.sh: line 24: mono: command not found
teste.sh: line 26: mono: command not found
teste.sh: line 27: mono: command not found
teste.sh: line 28: mono: command not found
teste.sh: line 4: mono: command not found
teste.sh: line 5: mono: command not found
teste.sh: line 6: mono: command not found
teste.sh: line 8: mono: command not found
teste.sh: line 9: mono: command not found
teste.sh: line 10: mono: command not found
teste.sh: line 12: mono: command not found
teste.sh: line 13: mono: command not found
teste.sh: line 14: mono: command not found
teste.sh: line 18: mono: command not found
teste.sh: line 19: mono: command not found
teste.sh: line 20: mono: command not found
teste.sh: line 22: mono: command not found
teste.sh: line 23: mono: command not found
teste.sh: line 24: mono: command not found
teste.sh: line 26: mono: command not found
teste.sh: line 27: mono: command not found
teste.sh: line 28: mono: command not found
teste.sh: line 4: mono: command not found
teste.sh: line 5: mono: command not found
teste.sh: line 6: mono: command not found
teste.sh: line 8: mono: command not found
teste.sh: line 9: mono: command not found
teste.sh: line 10: mono: command not found
teste.sh: line 12: mono: command not found
teste.sh: line 13: mono: command not found
teste.sh: line 14: mono: command not found
teste.sh: line 18: mono: command not found
teste.sh: line 19: mono: command not found
teste.sh: line 20: mono: command not found
teste.sh: line 22: mono: command not found
teste.sh: line 23: mono: command not found
teste.sh: line 24: mono: command not found
teste.sh: line 26: mono: command not found
teste.sh: line 27: mono: command not found
teste.sh: line 28: mono: command not found
teste.sh: line 4: mono: command not found
teste.sh: line 5: mono: command not found
teste.sh: line 6: mono: command not found
teste.sh: line 8: mono: command not found
teste.sh: line 9: mono: command not found
teste.sh: line 10: mono: command not found
teste.sh: line 12: mono: command not found
teste.sh: line 13: mono: command not found
teste.sh: line 14: mono: command not found
teste.sh: line 18: mono: command not found
teste.sh: line 19: mono: command not found
teste.sh: line 20: mono: command not found
teste.sh: line 22: mono: command not found
teste.sh: line 23: mono: command not found
teste.sh: line 24: mono: command not found
teste.sh: line 26: mono: command not found
teste.sh: line 27: mono: command not found
teste.sh: line 28: mono: command not found
teste.sh: line 4: mono: command not found
teste.sh: line 5: mono: command not found
teste.sh: line 6: mono: command not found
teste.sh: line 8: mono: command not found
teste.sh: line 9: mono: command not found
teste.sh: line 10: mono: command not found
teste.sh: line 12: mono: command not found
teste.sh: line 13: mono: command not found
teste.sh: line 14: mono: command not found
teste.sh: line 18: mono: command not found
teste.sh: line 19: mono: command not found
teste.sh: line 20: mono: command not found
teste.sh: line 22: mono: command not found
teste.sh: line 23: mono: command not found
teste.sh: line 24: mono: command not found
teste.sh: line 26: mono: command not found
teste.sh: line 27: mono: command not found
teste.sh: line 28: mono: command not found
teste.sh: line 4: mono: command not found
teste.sh: line 5: mono: command not found
teste.sh: line 6: mono: command not found
teste.sh: line 8: mono: command not found
teste.sh: line 9: mono: command not found
teste.sh: line 10: mono: command not found
teste.sh: line 12: mono: command not found
teste.sh: line 13: mono: command not found
teste.sh: line 14: mono: command not found
teste.sh: line 18: mono: command not found
teste.sh: line 19: mono: command not found
teste.sh: line 20: mono: command not found
teste.sh: line 22: mono: command not found
teste.sh: line 23: mono: command not found
teste.sh: line 24: mono: command not found
teste.sh: line 26: mono: command not found
teste.sh: line 27: mono: command not found
teste.sh: line 28: mono: command not found
teste.sh: line 4: mono: command not found
teste.sh: line 5: mono: command not found
teste.sh: line 6: mono: command not found
teste.sh: line 8: mono: command not found
teste.sh: line 9: mono: command not found
teste.sh: line 10: mono: command not found
teste.sh: line 12: mono: command not found
teste.sh: line 13: mono: command not found
teste.sh: line 14: mono: command not found
teste.sh: line 18: mono: command not found
teste.sh: line 19: mono: command not found
teste.sh: line 20: mono: command not found
teste.sh: line 22: mono: command not found
teste.sh: line 23: mono: command not found
teste.sh: line 24: mono: command not found
teste.sh: line 26: mono: command not found
teste.sh: line 27: mono: command not found
teste.sh: line 28: mono: command not found
teste.sh: line 4: mono: command not found
teste.sh: line 5: mono: command not found
teste.sh: line 6: mono: command not found
teste.sh: line 8: mono: command not found
teste.sh: line 9: mono: command not found
teste.sh: line 10: mono: command not found
teste.sh: line 12: mono: command not found
teste.sh: line 13: mono: command not found
teste.sh: line 14: mono: command not found
teste.sh: line 18: mono: command not found
teste.sh: line 19: mono: command not found
teste.sh: line 20: mono: command not found
teste.sh: line 22: mono: command not found
teste.sh: line 23: mono: command not found
teste.sh: line 24: mono: command not found
teste.sh: line 26: mono: command not found
teste.sh: line 27: mono: command not found
teste.sh: line 28: mono: command not found
teste.sh: line 4: mono: command not found
teste.sh: line 5: mono: command not found
teste.sh: line 6: mono: command not found
teste.sh: line 8: mono: command not found
teste.sh: line 9: mono: command not found
teste.sh: line 10: mono: command not found
teste.sh: line 12: mono: command not found
teste.sh: line 13: mono: command not found
teste.sh: line 14: mono: command not found
teste.sh: line 18: mono: command not found
teste.sh: line 19: mono: command not found
teste.sh: line 20: mono: command not found
teste.sh: line 22: mono: command not found
teste.sh: line 23: mono: command not found
teste.sh: line 24: mono: command not found
teste.sh: line 26: mono: command not found
teste.sh: line 27: mono: command not found
teste.sh: line 28: mono: command not found
teste.sh: line 4: mono: command not found
teste.sh: line 5: mono: command not found
teste.sh: line 6: mono: command not found
teste.sh: line 8: mono: command not found
teste.sh: line 9: mono: command not found
teste.sh: line 10: mono: command not found
teste.sh: line 12: mono: command not found
teste.sh: line 13: mono: command not found
teste.sh: line 14: mono: command not found
teste.sh: line 18: mono: command not found
teste.sh: line 19: mono: command not found
teste.sh: line 20: mono: command not found
teste.sh: line 22: mono: command not found
teste.sh: line 23: mono: command not found
teste.sh: line 24: mono: command not found
teste.sh: line 26: mono: command not found
teste.sh: line 27: mono: command not found
teste.sh: line 28: mono: command not found
teste.sh: line 4: mono: command not found
teste.sh: line 5: mono: command not found
teste.sh: line 6: mono: command not found
teste.sh: line 8: mono: command not found
teste.sh: line 9: mono: command not found
teste.sh: line 10: mono: command not found
teste.sh: line 12: mono: command not found
teste.sh: line 13: mono: command not found
teste.sh: line 14: mono: command not found
teste.sh: line 18: mono: command not found
teste.sh: line 19: mono: command not found
teste.sh: line 20: mono: command not found
teste.sh: line 22: mono: command not found
teste.sh: line 23: mono: command not found
teste.sh: line 24: mono: command not found
teste.sh: line 26: mono: command not found
teste.sh: line 27: mono: command not found
teste.sh: line 28: mono: command not found
teste.sh: line 4: mono: command not found
teste.sh: line 5: mono: command not found
teste.sh: line 6: mono: command not found
teste.sh: line 8: mono: command not found
teste.sh: line 9: mono: command not found
teste.sh: line 10: mono: command not found
teste.sh: line 12: mono: command not found
teste.sh: line 13: mono: command not found
teste.sh: line 14: mono: command not found
teste.sh: line 18: mono: command not found
teste.sh: line 19: mono: command not found
teste.sh: line 20: mono: command not found
teste.sh: line 22: mono: command not found
teste.sh: line 23: mono: command not found
teste.sh: line 24: mono: command not found
teste.sh: line 26: mono: command not found
teste.sh: line 27: mono: command not found
teste.sh: line 28: mono: command not found
teste.sh: line 4: mono: command not found
teste.sh: line 5: mono: command not found
teste.sh: line 6: mono: command not found
teste.sh: line 8: mono: command not found
teste.sh: line 9: mono: command not found
teste.sh: line 10: mono: command not found
teste.sh: line 12: mono: command not found
teste.sh: line 13: mono: command not found
teste.sh: line 14: mono: command not found
teste.sh: line 18: mono: command not found
teste.sh: line 19: mono: command not found
teste.sh: line 20: mono: command not found
teste.sh: line 22: mono: command not found
teste.sh: line 23: mono: command not found
teste.sh: line 24: mono: command not found
teste.sh: line 26: mono: command not found
teste.sh: line 27: mono: command not found
teste.sh: line 28: mono: command not found
teste.sh: line 4: mono: command not found
teste.sh: line 5: mono: command not found
teste.sh: line 6: mono: command not found
teste.sh: line 8: mono: command not found
teste.sh: line 9: mono: command not found
teste.sh: line 10: mono: command not found
teste.sh: line 12: mono: command not found
teste.sh: line 13: mono: command not found
teste.sh: line 14: mono: command not found
teste.sh: line 18: mono: command not found
teste.sh: line 19: mono: command not found
teste.sh: line 20: mono: command not found
teste.sh: line 22: mono: command not found
teste.sh: line 23: mono: command not found
teste.sh: line 24: mono: command not found
teste.sh: line 26: mono: command not found
teste.sh: line 27: mono: command not found
teste.sh: line 28: mono: command not found
teste.sh: line 4: mono: command not found
teste.sh: line 5: mono: command not found
teste.sh: line 6: mono: command not found
teste.sh: line 8: mono: command not found
teste.sh: line 9: mono: command not found
teste.sh: line 10: mono: command not found
teste.sh: line 12: mono: command not found
teste.sh: line 13: mono: command not found
teste.sh: line 14: mono: command not found
teste.sh: line 18: mono: command not found
teste.sh: line 19: mono: command not found
teste.sh: line 20: mono: command not found
teste.sh: line 22: mono: command not found
teste.sh: line 23: mono: command not found
teste.sh: line 24: mono: command not found
teste.sh: line 26: mono: command not found
teste.sh: line 27: mono: command not found
teste.sh: line 28: mono: command not found
teste.sh: line 4: mono: command not found
teste.sh: line 5: mono: command not found
teste.sh: line 6: mono: command not found
teste.sh: line 8: mono: command not found
teste.sh: line 9: mono: command not found
teste.sh: line 10: mono: command not found
teste.sh: line 12: mono: command not found
teste.sh: line 13: mono: command not found
teste.sh: line 14: mono: command not found
teste.sh: line 18: mono: command not found
teste.sh: line 19: mono: command not found
teste.sh: line 20: mono: command not found
teste.sh: line 22: mono: command not found
teste.sh: line 23: mono: command not found
teste.sh: line 24: mono: command not found
teste.sh: line 26: mono: command not found
teste.sh: line 27: mono: command not found
teste.sh: line 28: mono: command not found
teste.sh: line 4: mono: command not found
teste.sh: line 5: mono: command not found
teste.sh: line 6: mono: command not found
teste.sh: line 8: mono: command not found
teste.sh: line 9: mono: command not found
teste.sh: line 10: mono: command not found
teste.sh: line 12: mono: command not found
teste.sh: line 13: mono: command not found
teste.sh: line 14: mono: command not found
teste.sh: line 18: mono: command not found
teste.sh: line 19: mono: command not found
teste.sh: line 20: mono: command not found
teste.sh: line 22: mono: command not found
teste.sh: line 23: mono: command not found
teste.sh: line 24: mono: command not found
teste.sh: line 26: mono: command not found
teste.sh: line 27: mono: command not found
teste.sh: line 28: mono: command not found
teste.sh: line 4: mono: command not found
teste.sh: line 5: mono: command not found
teste.sh: line 6: mono: command not found
teste.sh: line 8: mono: command not found
teste.sh: line 9: mono: command not found
teste.sh: line 10: mono: command not found
teste.sh: line 12: mono: command not found
teste.sh: line 13: mono: command not found
teste.sh: line 14: mono: command not found
teste.sh: line 18: mono: command not found
teste.sh: line 19: mono: command not found
teste.sh: line 20: mono: command not found
teste.sh: line 22: mono: command not found
teste.sh: line 23: mono: command not found
teste.sh: line 24: mono: command not found
teste.sh: line 26: mono: command not found
teste.sh: line 27: mono: command not found
teste.sh: line 28: mono: command not found
teste.sh: line 4: mono: command not found
teste.sh: line 5: mono: command not found
teste.sh: line 6: mono: command not found
teste.sh: line 8: mono: command not found
teste.sh: line 9: mono: command not found
teste.sh: line 10: mono: command not found
teste.sh: line 12: mono: command not found
teste.sh: line 13: mono: command not found
teste.sh: line 14: mono: command not found
teste.sh: line 18: mono: command not found
teste.sh: line 19: mono: command not found
teste.sh: line 20: mono: command not found
teste.sh: line 22: mono: command not found
teste.sh: line 23: mono: command not found
teste.sh: line 24: mono: command not found
teste.sh: line 26: mono: command not found
teste.sh: line 27: mono: command not found
teste.sh: line 28: mono: command not found
teste.sh: line 4: mono: command not found
teste.sh: line 5: mono: command not found
teste.sh: line 6: mono: command not found
teste.sh: line 8: mono: command not found
teste.sh: line 9: mono: command not found
teste.sh: line 10: mono: command not found
teste.sh: line 12: mono: command not found
teste.sh: line 13: mono: command not found
teste.sh: line 14: mono: command not found
teste.sh: line 18: mono: command not found
teste.sh: line 19: mono: command not found
teste.sh: line 20: mono: command not found
teste.sh: line 22: mono: command not found
teste.sh: line 23: mono: command not found
teste.sh: line 24: mono: command not found
teste.sh: line 26: mono: command not found
teste.sh: line 27: mono: command not found
teste.sh: line 28: mono: command not found

Unhandled Exception:
System.NullReferenceException: Object reference not set to an instance of an object
  at Pareto.BaseFront`1[T].get_Ok () <0x4fcf428 + 0x000d5> in <filename unknown>:0 
  at Pareto.BestFront.get_Ok () <0x4fcfee0 + 0x00047> in <filename unknown>:0 
  at Pareto.Oracle..ctor (IBicriteriaProblem pb) <0x496fb8 + 0x004d3> in <filename unknown>:0 
  at Pareto.OracleFront..ctor (IBicriteriaProblem pb) <0x496f90 + 0x00017> in <filename unknown>:0 
  at bispantree.Program+Oracle..ctor (bispantree.BicriteriaSpanningTree bst) <0x4969b8 + 0x00087> in <filename unknown>:0 
  at bispantree.Program.Main (System.String[] args) <0x48afa8 + 0x0014b> in <filename unknown>:0 
[ERROR] FATAL UNHANDLED EXCEPTION: System.NullReferenceException: Object reference not set to an instance of an object
  at Pareto.BaseFront`1[T].get_Ok () <0x4fcf428 + 0x000d5> in <filename unknown>:0 
  at Pareto.BestFront.get_Ok () <0x4fcfee0 + 0x00047> in <filename unknown>:0 
  at Pareto.Oracle..ctor (IBicriteriaProblem pb) <0x496fb8 + 0x004d3> in <filename unknown>:0 
  at Pareto.OracleFront..ctor (IBicriteriaProblem pb) <0x496f90 + 0x00017> in <filename unknown>:0 
  at bispantree.Program+Oracle..ctor (bispantree.BicriteriaSpanningTree bst) <0x4969b8 + 0x00087> in <filename unknown>:0 
  at bispantree.Program.Main (System.String[] args) <0x48afa8 + 0x0014b> in <filename unknown>:0 

Unhandled Exception:
System.NullReferenceException: Object reference not set to an instance of an object
  at Pareto.BestFront.ComputeNadir () <0x4e1cb0 + 0x0006e> in <filename unknown>:0 
  at Pareto.BestFront..ctor (Pareto.Front all, Pareto.Front supported) <0x4e1bd0 + 0x00097> in <filename unknown>:0 
  at Pareto.Oracle..ctor (IBicriteriaProblem pb) <0x4dfff0 + 0x00493> in <filename unknown>:0 
  at Pareto.OracleFront..ctor (IBicriteriaProblem pb) <0x4dffc8 + 0x00017> in <filename unknown>:0 
  at bispantree.Program+Oracle..ctor (bispantree.BicriteriaSpanningTree bst) <0x4df9f0 + 0x00087> in <filename unknown>:0 
  at bispantree.Program.Main (System.String[] args) <0x4d3fa8 + 0x0014b> in <filename unknown>:0 
[ERROR] FATAL UNHANDLED EXCEPTION: System.NullReferenceException: Object reference not set to an instance of an object
  at Pareto.BestFront.ComputeNadir () <0x4e1cb0 + 0x0006e> in <filename unknown>:0 
  at Pareto.BestFront..ctor (Pareto.Front all, Pareto.Front supported) <0x4e1bd0 + 0x00097> in <filename unknown>:0 
  at Pareto.Oracle..ctor (IBicriteriaProblem pb) <0x4dfff0 + 0x00493> in <filename unknown>:0 
  at Pareto.OracleFront..ctor (IBicriteriaProblem pb) <0x4dffc8 + 0x00017> in <filename unknown>:0 
  at bispantree.Program+Oracle..ctor (bispantree.BicriteriaSpanningTree bst) <0x4df9f0 + 0x00087> in <filename unknown>:0 
  at bispantree.Program.Main (System.String[] args) <0x4d3fa8 + 0x0014b> in <filename unknown>:0 

Unhandled Exception:
System.NullReferenceException: Object reference not set to an instance of an object
  at Pareto.BestFront.ComputeNadir () <0x50fc00 + 0x0006e> in <filename unknown>:0 
  at Pareto.BestFront..ctor (Pareto.Front all, Pareto.Front supported) <0x50fb20 + 0x00097> in <filename unknown>:0 
  at Pareto.Oracle..ctor (IBicriteriaProblem pb) <0x50df40 + 0x00493> in <filename unknown>:0 
  at Pareto.OracleFront..ctor (IBicriteriaProblem pb) <0x50df18 + 0x00017> in <filename unknown>:0 
  at bispantree.Program+Oracle..ctor (bispantree.BicriteriaSpanningTree bst) <0x50d940 + 0x00087> in <filename unknown>:0 
  at bispantree.Program.Main (System.String[] args) <0x501fa8 + 0x0014b> in <filename unknown>:0 
[ERROR] FATAL UNHANDLED EXCEPTION: System.NullReferenceException: Object reference not set to an instance of an object
  at Pareto.BestFront.ComputeNadir () <0x50fc00 + 0x0006e> in <filename unknown>:0 
  at Pareto.BestFront..ctor (Pareto.Front all, Pareto.Front supported) <0x50fb20 + 0x00097> in <filename unknown>:0 
  at Pareto.Oracle..ctor (IBicriteriaProblem pb) <0x50df40 + 0x00493> in <filename unknown>:0 
  at Pareto.OracleFront..ctor (IBicriteriaProblem pb) <0x50df18 + 0x00017> in <filename unknown>:0 
  at bispantree.Program+Oracle..ctor (bispantree.BicriteriaSpanningTree bst) <0x50d940 + 0x00087> in <filename unknown>:0 
  at bispantree.Program.Main (System.String[] args) <0x501fa8 + 0x0014b> in <filename unknown>:0 

Unhandled Exception:
System.NullReferenceException: Object reference not set to an instance of an object
  at Pareto.BestFront.ComputeNadir () <0x55bc78 + 0x0006e> in <filename unknown>:0 
  at Pareto.BestFront..ctor (Pareto.Front all, Pareto.Front supported) <0x55bb98 + 0x00097> in <filename unknown>:0 
  at Pareto.Oracle..ctor (IBicriteriaProblem pb) <0x559fb8 + 0x00493> in <filename unknown>:0 
  at Pareto.OracleFront..ctor (IBicriteriaProblem pb) <0x559f90 + 0x00017> in <filename unknown>:0 
  at bispantree.Program+Oracle..ctor (bispantree.BicriteriaSpanningTree bst) <0x5599b8 + 0x00087> in <filename unknown>:0 
  at bispantree.Program.Main (System.String[] args) <0x54dfa8 + 0x0014b> in <filename unknown>:0 
[ERROR] FATAL UNHANDLED EXCEPTION: System.NullReferenceException: Object reference not set to an instance of an object
  at Pareto.BestFront.ComputeNadir () <0x55bc78 + 0x0006e> in <filename unknown>:0 
  at Pareto.BestFront..ctor (Pareto.Front all, Pareto.Front supported) <0x55bb98 + 0x00097> in <filename unknown>:0 
  at Pareto.Oracle..ctor (IBicriteriaProblem pb) <0x559fb8 + 0x00493> in <filename unknown>:0 
  at Pareto.OracleFront..ctor (IBicriteriaProblem pb) <0x559f90 + 0x00017> in <filename unknown>:0 
  at bispantree.Program+Oracle..ctor (bispantree.BicriteriaSpanningTree bst) <0x5599b8 + 0x00087> in <filename unknown>:0 
  at bispantree.Program.Main (System.String[] args) <0x54dfa8 + 0x0014b> in <filename unknown>:0 

Unhandled Exception:
System.NullReferenceException: Object reference not set to an instance of an object
  at Pareto.BestFront.ComputeNadir () <0x511cb0 + 0x0006e> in <filename unknown>:0 
  at Pareto.BestFront..ctor (Pareto.Front all, Pareto.Front supported) <0x511bd0 + 0x00097> in <filename unknown>:0 
  at Pareto.Oracle..ctor (IBicriteriaProblem pb) <0x50fff0 + 0x00493> in <filename unknown>:0 
  at Pareto.OracleFront..ctor (IBicriteriaProblem pb) <0x50ffc8 + 0x00017> in <filename unknown>:0 
  at bispantree.Program+Oracle..ctor (bispantree.BicriteriaSpanningTree bst) <0x50f9f0 + 0x00087> in <filename unknown>:0 
  at bispantree.Program.Main (System.String[] args) <0x503fa8 + 0x0014b> in <filename unknown>:0 
[ERROR] FATAL UNHANDLED EXCEPTION: System.NullReferenceException: Object reference not set to an instance of an object
  at Pareto.BestFront.ComputeNadir () <0x511cb0 + 0x0006e> in <filename unknown>:0 
  at Pareto.BestFront..ctor (Pareto.Front all, Pareto.Front supported) <0x511bd0 + 0x00097> in <filename unknown>:0 
  at Pareto.Oracle..ctor (IBicriteriaProblem pb) <0x50fff0 + 0x00493> in <filename unknown>:0 
  at Pareto.OracleFront..ctor (IBicriteriaProblem pb) <0x50ffc8 + 0x00017> in <filename unknown>:0 
  at bispantree.Program+Oracle..ctor (bispantree.BicriteriaSpanningTree bst) <0x50f9f0 + 0x00087> in <filename unknown>:0 
  at bispantree.Program.Main (System.String[] args) <0x503fa8 + 0x0014b> in <filename unknown>:0 

Unhandled Exception:
System.NullReferenceException: Object reference not set to an instance of an object
  at Pareto.BestFront.ComputeNadir () <0x555cb0 + 0x0006e> in <filename unknown>:0 
  at Pareto.BestFront..ctor (Pareto.Front all, Pareto.Front supported) <0x555bd0 + 0x00097> in <filename unknown>:0 
  at Pareto.Oracle..ctor (IBicriteriaProblem pb) <0x553ff0 + 0x00493> in <filename unknown>:0 
  at Pareto.OracleFront..ctor (IBicriteriaProblem pb) <0x553fc8 + 0x00017> in <filename unknown>:0 
  at bispantree.Program+Oracle..ctor (bispantree.BicriteriaSpanningTree bst) <0x5539f0 + 0x00087> in <filename unknown>:0 
  at bispantree.Program.Main (System.String[] args) <0x547fa8 + 0x0014b> in <filename unknown>:0 
[ERROR] FATAL UNHANDLED EXCEPTION: System.NullReferenceException: Object reference not set to an instance of an object
  at Pareto.BestFront.ComputeNadir () <0x555cb0 + 0x0006e> in <filename unknown>:0 
  at Pareto.BestFront..ctor (Pareto.Front all, Pareto.Front supported) <0x555bd0 + 0x00097> in <filename unknown>:0 
  at Pareto.Oracle..ctor (IBicriteriaProblem pb) <0x553ff0 + 0x00493> in <filename unknown>:0 
  at Pareto.OracleFront..ctor (IBicriteriaProblem pb) <0x553fc8 + 0x00017> in <filename unknown>:0 
  at bispantree.Program+Oracle..ctor (bispantree.BicriteriaSpanningTree bst) <0x5539f0 + 0x00087> in <filename unknown>:0 
  at bispantree.Program.Main (System.String[] args) <0x547fa8 + 0x0014b> in <filename unknown>:0 

Unhandled Exception:
System.NullReferenceException: Object reference not set to an instance of an object
  at Pareto.BestFront.ComputeNadir () <0x4a7cb0 + 0x0006e> in <filename unknown>:0 
  at Pareto.BestFront..ctor (Pareto.Front all, Pareto.Front supported) <0x4a7bd0 + 0x00097> in <filename unknown>:0 
  at Pareto.Oracle..ctor (IBicriteriaProblem pb) <0x4a5ff0 + 0x00493> in <filename unknown>:0 
  at Pareto.OracleFront..ctor (IBicriteriaProblem pb) <0x4a5fc8 + 0x00017> in <filename unknown>:0 
  at bispantree.Program+Oracle..ctor (bispantree.BicriteriaSpanningTree bst) <0x4a59f0 + 0x00087> in <filename unknown>:0 
  at bispantree.Program.Main (System.String[] args) <0x499fa8 + 0x0014b> in <filename unknown>:0 
[ERROR] FATAL UNHANDLED EXCEPTION: System.NullReferenceException: Object reference not set to an instance of an object
  at Pareto.BestFront.ComputeNadir () <0x4a7cb0 + 0x0006e> in <filename unknown>:0 
  at Pareto.BestFront..ctor (Pareto.Front all, Pareto.Front supported) <0x4a7bd0 + 0x00097> in <filename unknown>:0 
  at Pareto.Oracle..ctor (IBicriteriaProblem pb) <0x4a5ff0 + 0x00493> in <filename unknown>:0 
  at Pareto.OracleFront..ctor (IBicriteriaProblem pb) <0x4a5fc8 + 0x00017> in <filename unknown>:0 
  at bispantree.Program+Oracle..ctor (bispantree.BicriteriaSpanningTree bst) <0x4a59f0 + 0x00087> in <filename unknown>:0 
  at bispantree.Program.Main (System.String[] args) <0x499fa8 + 0x0014b> in <filename unknown>:0 

Unhandled Exception:
System.NullReferenceException: Object reference not set to an instance of an object
  at Pareto.BestFront.ComputeNadir () <0x51acb0 + 0x0006e> in <filename unknown>:0 
  at Pareto.BestFront..ctor (Pareto.Front all, Pareto.Front supported) <0x51abd0 + 0x00097> in <filename unknown>:0 
  at Pareto.Oracle..ctor (IBicriteriaProblem pb) <0x518ff0 + 0x00493> in <filename unknown>:0 
  at Pareto.OracleFront..ctor (IBicriteriaProblem pb) <0x518fc8 + 0x00017> in <filename unknown>:0 
  at bispantree.Program+Oracle..ctor (bispantree.BicriteriaSpanningTree bst) <0x5189f0 + 0x00087> in <filename unknown>:0 
  at bispantree.Program.Main (System.String[] args) <0x50cfa8 + 0x0014b> in <filename unknown>:0 
[ERROR] FATAL UNHANDLED EXCEPTION: System.NullReferenceException: Object reference not set to an instance of an object
  at Pareto.BestFront.ComputeNadir () <0x51acb0 + 0x0006e> in <filename unknown>:0 
  at Pareto.BestFront..ctor (Pareto.Front all, Pareto.Front supported) <0x51abd0 + 0x00097> in <filename unknown>:0 
  at Pareto.Oracle..ctor (IBicriteriaProblem pb) <0x518ff0 + 0x00493> in <filename unknown>:0 
  at Pareto.OracleFront..ctor (IBicriteriaProblem pb) <0x518fc8 + 0x00017> in <filename unknown>:0 
  at bispantree.Program+Oracle..ctor (bispantree.BicriteriaSpanningTree bst) <0x5189f0 + 0x00087> in <filename unknown>:0 
  at bispantree.Program.Main (System.String[] args) <0x50cfa8 + 0x0014b> in <filename unknown>:0 

Unhandled Exception:
System.NullReferenceException: Object reference not set to an instance of an object
  at Pareto.BaseFront`1[T].get_Ok () <0x2a1f450 + 0x000d5> in <filename unknown>:0 
  at Pareto.BestFront.get_Ok () <0x2a1ff08 + 0x00047> in <filename unknown>:0 
  at Pareto.Oracle..ctor (IBicriteriaProblem pb) <0x4e6ff0 + 0x004d3> in <filename unknown>:0 
  at Pareto.OracleFront..ctor (IBicriteriaProblem pb) <0x4e6fc8 + 0x00017> in <filename unknown>:0 
  at bispantree.Program+Oracle..ctor (bispantree.BicriteriaSpanningTree bst) <0x4e69f0 + 0x00087> in <filename unknown>:0 
  at bispantree.Program.Main (System.String[] args) <0x4dafa8 + 0x0014b> in <filename unknown>:0 
[ERROR] FATAL UNHANDLED EXCEPTION: System.NullReferenceException: Object reference not set to an instance of an object
  at Pareto.BaseFront`1[T].get_Ok () <0x2a1f450 + 0x000d5> in <filename unknown>:0 
  at Pareto.BestFront.get_Ok () <0x2a1ff08 + 0x00047> in <filename unknown>:0 
  at Pareto.Oracle..ctor (IBicriteriaProblem pb) <0x4e6ff0 + 0x004d3> in <filename unknown>:0 
  at Pareto.OracleFront..ctor (IBicriteriaProblem pb) <0x4e6fc8 + 0x00017> in <filename unknown>:0 
  at bispantree.Program+Oracle..ctor (bispantree.BicriteriaSpanningTree bst) <0x4e69f0 + 0x00087> in <filename unknown>:0 
  at bispantree.Program.Main (System.String[] args) <0x4dafa8 + 0x0014b> in <filename unknown>:0 

Unhandled Exception:
System.NullReferenceException: Object reference not set to an instance of an object
  at Pareto.BestFront.ComputeNadir () <0x590cb0 + 0x0006e> in <filename unknown>:0 
  at Pareto.BestFront..ctor (Pareto.Front all, Pareto.Front supported) <0x590bd0 + 0x00097> in <filename unknown>:0 
  at Pareto.Oracle..ctor (IBicriteriaProblem pb) <0x58eff0 + 0x00493> in <filename unknown>:0 
  at Pareto.OracleFront..ctor (IBicriteriaProblem pb) <0x58efc8 + 0x00017> in <filename unknown>:0 
  at bispantree.Program+Oracle..ctor (bispantree.BicriteriaSpanningTree bst) <0x58e9f0 + 0x00087> in <filename unknown>:0 
  at bispantree.Program.Main (System.String[] args) <0x582fa8 + 0x0014b> in <filename unknown>:0 
[ERROR] FATAL UNHANDLED EXCEPTION: System.NullReferenceException: Object reference not set to an instance of an object
  at Pareto.BestFront.ComputeNadir () <0x590cb0 + 0x0006e> in <filename unknown>:0 
  at Pareto.BestFront..ctor (Pareto.Front all, Pareto.Front supported) <0x590bd0 + 0x00097> in <filename unknown>:0 
  at Pareto.Oracle..ctor (IBicriteriaProblem pb) <0x58eff0 + 0x00493> in <filename unknown>:0 
  at Pareto.OracleFront..ctor (IBicriteriaProblem pb) <0x58efc8 + 0x00017> in <filename unknown>:0 
  at bispantree.Program+Oracle..ctor (bispantree.BicriteriaSpanningTree bst) <0x58e9f0 + 0x00087> in <filename unknown>:0 
  at bispantree.Program.Main (System.String[] args) <0x582fa8 + 0x0014b> in <filename unknown>:0 

Unhandled Exception:
System.NullReferenceException: Object reference not set to an instance of an object
  at Pareto.BestFront.ComputeNadir () <0x4a0cb0 + 0x0006e> in <filename unknown>:0 
  at Pareto.BestFront..ctor (Pareto.Front all, Pareto.Front supported) <0x4a0bd0 + 0x00097> in <filename unknown>:0 
  at Pareto.Oracle..ctor (IBicriteriaProblem pb) <0x49eff0 + 0x00493> in <filename unknown>:0 
  at Pareto.OracleFront..ctor (IBicriteriaProblem pb) <0x49efc8 + 0x00017> in <filename unknown>:0 
  at bispantree.Program+Oracle..ctor (bispantree.BicriteriaSpanningTree bst) <0x49e9f0 + 0x00087> in <filename unknown>:0 
  at bispantree.Program.Main (System.String[] args) <0x492fa8 + 0x0014b> in <filename unknown>:0 
[ERROR] FATAL UNHANDLED EXCEPTION: System.NullReferenceException: Object reference not set to an instance of an object
  at Pareto.BestFront.ComputeNadir () <0x4a0cb0 + 0x0006e> in <filename unknown>:0 
  at Pareto.BestFront..ctor (Pareto.Front all, Pareto.Front supported) <0x4a0bd0 + 0x00097> in <filename unknown>:0 
  at Pareto.Oracle..ctor (IBicriteriaProblem pb) <0x49eff0 + 0x00493> in <filename unknown>:0 
  at Pareto.OracleFront..ctor (IBicriteriaProblem pb) <0x49efc8 + 0x00017> in <filename unknown>:0 
  at bispantree.Program+Oracle..ctor (bispantree.BicriteriaSpanningTree bst) <0x49e9f0 + 0x00087> in <filename unknown>:0 
  at bispantree.Program.Main (System.String[] args) <0x492fa8 + 0x0014b> in <filename unknown>:0 

Unhandled Exception:
System.NullReferenceException: Object reference not set to an instance of an object
  at Pareto.BestFront.ComputeNadir () <0x581cb0 + 0x0006e> in <filename unknown>:0 
  at Pareto.BestFront..ctor (Pareto.Front all, Pareto.Front supported) <0x581bd0 + 0x00097> in <filename unknown>:0 
  at Pareto.Oracle..ctor (IBicriteriaProblem pb) <0x57fff0 + 0x00493> in <filename unknown>:0 
  at Pareto.OracleFront..ctor (IBicriteriaProblem pb) <0x57ffc8 + 0x00017> in <filename unknown>:0 
  at bispantree.Program+Oracle..ctor (bispantree.BicriteriaSpanningTree bst) <0x57f9f0 + 0x00087> in <filename unknown>:0 
  at bispantree.Program.Main (System.String[] args) <0x573fa8 + 0x0014b> in <filename unknown>:0 
[ERROR] FATAL UNHANDLED EXCEPTION: System.NullReferenceException: Object reference not set to an instance of an object
  at Pareto.BestFront.ComputeNadir () <0x581cb0 + 0x0006e> in <filename unknown>:0 
  at Pareto.BestFront..ctor (Pareto.Front all, Pareto.Front supported) <0x581bd0 + 0x00097> in <filename unknown>:0 
  at Pareto.Oracle..ctor (IBicriteriaProblem pb) <0x57fff0 + 0x00493> in <filename unknown>:0 
  at Pareto.OracleFront..ctor (IBicriteriaProblem pb) <0x57ffc8 + 0x00017> in <filename unknown>:0 
  at bispantree.Program+Oracle..ctor (bispantree.BicriteriaSpanningTree bst) <0x57f9f0 + 0x00087> in <filename unknown>:0 
  at bispantree.Program.Main (System.String[] args) <0x573fa8 + 0x0014b> in <filename unknown>:0 

Unhandled Exception:
System.NullReferenceException: Object reference not set to an instance of an object
  at Pareto.BaseFront`1[T].get_Ok () <0x2a43450 + 0x000d5> in <filename unknown>:0 
  at Pareto.BestFront.get_Ok () <0x2a43f08 + 0x00047> in <filename unknown>:0 
  at Pareto.Oracle..ctor (IBicriteriaProblem pb) <0x50bff0 + 0x004d3> in <filename unknown>:0 
  at Pareto.OracleFront..ctor (IBicriteriaProblem pb) <0x50bfc8 + 0x00017> in <filename unknown>:0 
  at bispantree.Program+Oracle..ctor (bispantree.BicriteriaSpanningTree bst) <0x50b9f0 + 0x00087> in <filename unknown>:0 
  at bispantree.Program.Main (System.String[] args) <0x4fffa8 + 0x0014b> in <filename unknown>:0 
[ERROR] FATAL UNHANDLED EXCEPTION: System.NullReferenceException: Object reference not set to an instance of an object
  at Pareto.BaseFront`1[T].get_Ok () <0x2a43450 + 0x000d5> in <filename unknown>:0 
  at Pareto.BestFront.get_Ok () <0x2a43f08 + 0x00047> in <filename unknown>:0 
  at Pareto.Oracle..ctor (IBicriteriaProblem pb) <0x50bff0 + 0x004d3> in <filename unknown>:0 
  at Pareto.OracleFront..ctor (IBicriteriaProblem pb) <0x50bfc8 + 0x00017> in <filename unknown>:0 
  at bispantree.Program+Oracle..ctor (bispantree.BicriteriaSpanningTree bst) <0x50b9f0 + 0x00087> in <filename unknown>:0 
  at bispantree.Program.Main (System.String[] args) <0x4fffa8 + 0x0014b> in <filename unknown>:0 

Unhandled Exception:
System.NullReferenceException: Object reference not set to an instance of an object
  at Pareto.BestFront.ComputeNadir () <0x4abcb0 + 0x0006e> in <filename unknown>:0 
  at Pareto.BestFront..ctor (Pareto.Front all, Pareto.Front supported) <0x4abbd0 + 0x00097> in <filename unknown>:0 
  at Pareto.Oracle..ctor (IBicriteriaProblem pb) <0x4a9ff0 + 0x00493> in <filename unknown>:0 
  at Pareto.OracleFront..ctor (IBicriteriaProblem pb) <0x4a9fc8 + 0x00017> in <filename unknown>:0 
  at bispantree.Program+Oracle..ctor (bispantree.BicriteriaSpanningTree bst) <0x4a99f0 + 0x00087> in <filename unknown>:0 
  at bispantree.Program.Main (System.String[] args) <0x49dfa8 + 0x0014b> in <filename unknown>:0 
[ERROR] FATAL UNHANDLED EXCEPTION: System.NullReferenceException: Object reference not set to an instance of an object
  at Pareto.BestFront.ComputeNadir () <0x4abcb0 + 0x0006e> in <filename unknown>:0 
  at Pareto.BestFront..ctor (Pareto.Front all, Pareto.Front supported) <0x4abbd0 + 0x00097> in <filename unknown>:0 
  at Pareto.Oracle..ctor (IBicriteriaProblem pb) <0x4a9ff0 + 0x00493> in <filename unknown>:0 
  at Pareto.OracleFront..ctor (IBicriteriaProblem pb) <0x4a9fc8 + 0x00017> in <filename unknown>:0 
  at bispantree.Program+Oracle..ctor (bispantree.BicriteriaSpanningTree bst) <0x4a99f0 + 0x00087> in <filename unknown>:0 
  at bispantree.Program.Main (System.String[] args) <0x49dfa8 + 0x0014b> in <filename unknown>:0 

Unhandled Exception:
System.NullReferenceException: Object reference not set to an instance of an object
  at Pareto.BestFront.ComputeNadir () <0x560cb0 + 0x0006e> in <filename unknown>:0 
  at Pareto.BestFront..ctor (Pareto.Front all, Pareto.Front supported) <0x560bd0 + 0x00097> in <filename unknown>:0 
  at Pareto.Oracle..ctor (IBicriteriaProblem pb) <0x55eff0 + 0x00493> in <filename unknown>:0 
  at Pareto.OracleFront..ctor (IBicriteriaProblem pb) <0x55efc8 + 0x00017> in <filename unknown>:0 
  at bispantree.Program+Oracle..ctor (bispantree.BicriteriaSpanningTree bst) <0x55e9f0 + 0x00087> in <filename unknown>:0 
  at bispantree.Program.Main (System.String[] args) <0x552fa8 + 0x0014b> in <filename unknown>:0 
[ERROR] FATAL UNHANDLED EXCEPTION: System.NullReferenceException: Object reference not set to an instance of an object
  at Pareto.BestFront.ComputeNadir () <0x560cb0 + 0x0006e> in <filename unknown>:0 
  at Pareto.BestFront..ctor (Pareto.Front all, Pareto.Front supported) <0x560bd0 + 0x00097> in <filename unknown>:0 
  at Pareto.Oracle..ctor (IBicriteriaProblem pb) <0x55eff0 + 0x00493> in <filename unknown>:0 
  at Pareto.OracleFront..ctor (IBicriteriaProblem pb) <0x55efc8 + 0x00017> in <filename unknown>:0 
  at bispantree.Program+Oracle..ctor (bispantree.BicriteriaSpanningTree bst) <0x55e9f0 + 0x00087> in <filename unknown>:0 
  at bispantree.Program.Main (System.String[] args) <0x552fa8 + 0x0014b> in <filename unknown>:0 

Unhandled Exception:
System.NullReferenceException: Object reference not set to an instance of an object
  at Pareto.BestFront.ComputeNadir () <0x568cb0 + 0x0006e> in <filename unknown>:0 
  at Pareto.BestFront..ctor (Pareto.Front all, Pareto.Front supported) <0x568bd0 + 0x00097> in <filename unknown>:0 
  at Pareto.Oracle..ctor (IBicriteriaProblem pb) <0x566ff0 + 0x00493> in <filename unknown>:0 
  at Pareto.OracleFront..ctor (IBicriteriaProblem pb) <0x566fc8 + 0x00017> in <filename unknown>:0 
  at bispantree.Program+Oracle..ctor (bispantree.BicriteriaSpanningTree bst) <0x5669f0 + 0x00087> in <filename unknown>:0 
  at bispantree.Program.Main (System.String[] args) <0x55afa8 + 0x0014b> in <filename unknown>:0 
[ERROR] FATAL UNHANDLED EXCEPTION: System.NullReferenceException: Object reference not set to an instance of an object
  at Pareto.BestFront.ComputeNadir () <0x568cb0 + 0x0006e> in <filename unknown>:0 
  at Pareto.BestFront..ctor (Pareto.Front all, Pareto.Front supported) <0x568bd0 + 0x00097> in <filename unknown>:0 
  at Pareto.Oracle..ctor (IBicriteriaProblem pb) <0x566ff0 + 0x00493> in <filename unknown>:0 
  at Pareto.OracleFront..ctor (IBicriteriaProblem pb) <0x566fc8 + 0x00017> in <filename unknown>:0 
  at bispantree.Program+Oracle..ctor (bispantree.BicriteriaSpanningTree bst) <0x5669f0 + 0x00087> in <filename unknown>:0 
  at bispantree.Program.Main (System.String[] args) <0x55afa8 + 0x0014b> in <filename unknown>:0 

Unhandled Exception:
System.NullReferenceException: Object reference not set to an instance of an object
  at Pareto.BaseFront`1[T].get_Ok () <0x2a55450 + 0x000d5> in <filename unknown>:0 
  at Pareto.BestFront.get_Ok () <0x2a55f08 + 0x00047> in <filename unknown>:0 
  at Pareto.Oracle..ctor (IBicriteriaProblem pb) <0x51dff0 + 0x004d3> in <filename unknown>:0 
  at Pareto.OracleFront..ctor (IBicriteriaProblem pb) <0x51dfc8 + 0x00017> in <filename unknown>:0 
  at bispantree.Program+Oracle..ctor (bispantree.BicriteriaSpanningTree bst) <0x51d9f0 + 0x00087> in <filename unknown>:0 
  at bispantree.Program.Main (System.String[] args) <0x511fa8 + 0x0014b> in <filename unknown>:0 
[ERROR] FATAL UNHANDLED EXCEPTION: System.NullReferenceException: Object reference not set to an instance of an object
  at Pareto.BaseFront`1[T].get_Ok () <0x2a55450 + 0x000d5> in <filename unknown>:0 
  at Pareto.BestFront.get_Ok () <0x2a55f08 + 0x00047> in <filename unknown>:0 
  at Pareto.Oracle..ctor (IBicriteriaProblem pb) <0x51dff0 + 0x004d3> in <filename unknown>:0 
  at Pareto.OracleFront..ctor (IBicriteriaProblem pb) <0x51dfc8 + 0x00017> in <filename unknown>:0 
  at bispantree.Program+Oracle..ctor (bispantree.BicriteriaSpanningTree bst) <0x51d9f0 + 0x00087> in <filename unknown>:0 
  at bispantree.Program.Main (System.String[] args) <0x511fa8 + 0x0014b> in <filename unknown>:0 

Unhandled Exception:
System.NullReferenceException: Object reference not set to an instance of an object
  at Pareto.BestFront.ComputeNadir () <0x55bcb0 + 0x0006e> in <filename unknown>:0 
  at Pareto.BestFront..ctor (Pareto.Front all, Pareto.Front supported) <0x55bbd0 + 0x00097> in <filename unknown>:0 
  at Pareto.Oracle..ctor (IBicriteriaProblem pb) <0x559ff0 + 0x00493> in <filename unknown>:0 
  at Pareto.OracleFront..ctor (IBicriteriaProblem pb) <0x559fc8 + 0x00017> in <filename unknown>:0 
  at bispantree.Program+Oracle..ctor (bispantree.BicriteriaSpanningTree bst) <0x5599f0 + 0x00087> in <filename unknown>:0 
  at bispantree.Program.Main (System.String[] args) <0x54dfa8 + 0x0014b> in <filename unknown>:0 
[ERROR] FATAL UNHANDLED EXCEPTION: System.NullReferenceException: Object reference not set to an instance of an object
  at Pareto.BestFront.ComputeNadir () <0x55bcb0 + 0x0006e> in <filename unknown>:0 
  at Pareto.BestFront..ctor (Pareto.Front all, Pareto.Front supported) <0x55bbd0 + 0x00097> in <filename unknown>:0 
  at Pareto.Oracle..ctor (IBicriteriaProblem pb) <0x559ff0 + 0x00493> in <filename unknown>:0 
  at Pareto.OracleFront..ctor (IBicriteriaProblem pb) <0x559fc8 + 0x00017> in <filename unknown>:0 
  at bispantree.Program+Oracle..ctor (bispantree.BicriteriaSpanningTree bst) <0x5599f0 + 0x00087> in <filename unknown>:0 
  at bispantree.Program.Main (System.String[] args) <0x54dfa8 + 0x0014b> in <filename unknown>:0 

Unhandled Exception:
System.NullReferenceException: Object reference not set to an instance of an object
  at Pareto.BaseFront`1[T].get_Ok () <0x29d9450 + 0x000d5> in <filename unknown>:0 
  at Pareto.BestFront.get_Ok () <0x29d9f08 + 0x00047> in <filename unknown>:0 
  at Pareto.Oracle..ctor (IBicriteriaProblem pb) <0x4a0ff0 + 0x004d3> in <filename unknown>:0 
  at Pareto.OracleFront..ctor (IBicriteriaProblem pb) <0x4a0fc8 + 0x00017> in <filename unknown>:0 
  at bispantree.Program+Oracle..ctor (bispantree.BicriteriaSpanningTree bst) <0x4a09f0 + 0x00087> in <filename unknown>:0 
  at bispantree.Program.Main (System.String[] args) <0x494fa8 + 0x0014b> in <filename unknown>:0 
[ERROR] FATAL UNHANDLED EXCEPTION: System.NullReferenceException: Object reference not set to an instance of an object
  at Pareto.BaseFront`1[T].get_Ok () <0x29d9450 + 0x000d5> in <filename unknown>:0 
  at Pareto.BestFront.get_Ok () <0x29d9f08 + 0x00047> in <filename unknown>:0 
  at Pareto.Oracle..ctor (IBicriteriaProblem pb) <0x4a0ff0 + 0x004d3> in <filename unknown>:0 
  at Pareto.OracleFront..ctor (IBicriteriaProblem pb) <0x4a0fc8 + 0x00017> in <filename unknown>:0 
  at bispantree.Program+Oracle..ctor (bispantree.BicriteriaSpanningTree bst) <0x4a09f0 + 0x00087> in <filename unknown>:0 
  at bispantree.Program.Main (System.String[] args) <0x494fa8 + 0x0014b> in <filename unknown>:0 

Unhandled Exception:
System.NullReferenceException: Object reference not set to an instance of an object
  at Pareto.BaseFront`1[T].get_Ok () <0x796700 + 0x000d5> in <filename unknown>:0 
  at Pareto.BestFront.get_Ok () <0x796fd0 + 0x00047> in <filename unknown>:0 
  at Pareto.Oracle..ctor (IBicriteriaProblem pb) <0x55eff0 + 0x004d3> in <filename unknown>:0 
  at Pareto.OracleFront..ctor (IBicriteriaProblem pb) <0x55efc8 + 0x00017> in <filename unknown>:0 
  at bispantree.Program+Oracle..ctor (bispantree.BicriteriaSpanningTree bst) <0x55e9f0 + 0x00087> in <filename unknown>:0 
  at bispantree.Program.Main (System.String[] args) <0x552fa8 + 0x0014b> in <filename unknown>:0 
[ERROR] FATAL UNHANDLED EXCEPTION: System.NullReferenceException: Object reference not set to an instance of an object
  at Pareto.BaseFront`1[T].get_Ok () <0x796700 + 0x000d5> in <filename unknown>:0 
  at Pareto.BestFront.get_Ok () <0x796fd0 + 0x00047> in <filename unknown>:0 
  at Pareto.Oracle..ctor (IBicriteriaProblem pb) <0x55eff0 + 0x004d3> in <filename unknown>:0 
  at Pareto.OracleFront..ctor (IBicriteriaProblem pb) <0x55efc8 + 0x00017> in <filename unknown>:0 
  at bispantree.Program+Oracle..ctor (bispantree.BicriteriaSpanningTree bst) <0x55e9f0 + 0x00087> in <filename unknown>:0 
  at bispantree.Program.Main (System.String[] args) <0x552fa8 + 0x0014b> in <filename unknown>:0 

Unhandled Exception:
System.NullReferenceException: Object reference not set to an instance of an object
  at Pareto.BestFront.ComputeNadir () <0x582cb0 + 0x0006e> in <filename unknown>:0 
  at Pareto.BestFront..ctor (Pareto.Front all, Pareto.Front supported) <0x582bd0 + 0x00097> in <filename unknown>:0 
  at Pareto.Oracle..ctor (IBicriteriaProblem pb) <0x580ff0 + 0x00493> in <filename unknown>:0 
  at Pareto.OracleFront..ctor (IBicriteriaProblem pb) <0x580fc8 + 0x00017> in <filename unknown>:0 
  at bispantree.Program+Oracle..ctor (bispantree.BicriteriaSpanningTree bst) <0x5809f0 + 0x00087> in <filename unknown>:0 
  at bispantree.Program.Main (System.String[] args) <0x574fa8 + 0x0014b> in <filename unknown>:0 
[ERROR] FATAL UNHANDLED EXCEPTION: System.NullReferenceException: Object reference not set to an instance of an object
  at Pareto.BestFront.ComputeNadir () <0x582cb0 + 0x0006e> in <filename unknown>:0 
  at Pareto.BestFront..ctor (Pareto.Front all, Pareto.Front supported) <0x582bd0 + 0x00097> in <filename unknown>:0 
  at Pareto.Oracle..ctor (IBicriteriaProblem pb) <0x580ff0 + 0x00493> in <filename unknown>:0 
  at Pareto.OracleFront..ctor (IBicriteriaProblem pb) <0x580fc8 + 0x00017> in <filename unknown>:0 
  at bispantree.Program+Oracle..ctor (bispantree.BicriteriaSpanningTree bst) <0x5809f0 + 0x00087> in <filename unknown>:0 
  at bispantree.Program.Main (System.String[] args) <0x574fa8 + 0x0014b> in <filename unknown>:0 

Unhandled Exception:
System.NullReferenceException: Object reference not set to an instance of an object
  at Pareto.BaseFront`1[T].get_Ok () <0x2a75700 + 0x000d5> in <filename unknown>:0 
  at Pareto.BestFront.get_Ok () <0x2a75fd0 + 0x00047> in <filename unknown>:0 
  at Pareto.Oracle..ctor (IBicriteriaProblem pb) <0x53dff0 + 0x004d3> in <filename unknown>:0 
  at Pareto.OracleFront..ctor (IBicriteriaProblem pb) <0x53dfc8 + 0x00017> in <filename unknown>:0 
  at bispantree.Program+Oracle..ctor (bispantree.BicriteriaSpanningTree bst) <0x53d9f0 + 0x00087> in <filename unknown>:0 
  at bispantree.Program.Main (System.String[] args) <0x531fa8 + 0x0014b> in <filename unknown>:0 
[ERROR] FATAL UNHANDLED EXCEPTION: System.NullReferenceException: Object reference not set to an instance of an object
  at Pareto.BaseFront`1[T].get_Ok () <0x2a75700 + 0x000d5> in <filename unknown>:0 
  at Pareto.BestFront.get_Ok () <0x2a75fd0 + 0x00047> in <filename unknown>:0 
  at Pareto.Oracle..ctor (IBicriteriaProblem pb) <0x53dff0 + 0x004d3> in <filename unknown>:0 
  at Pareto.OracleFront..ctor (IBicriteriaProblem pb) <0x53dfc8 + 0x00017> in <filename unknown>:0 
  at bispantree.Program+Oracle..ctor (bispantree.BicriteriaSpanningTree bst) <0x53d9f0 + 0x00087> in <filename unknown>:0 
  at bispantree.Program.Main (System.String[] args) <0x531fa8 + 0x0014b> in <filename unknown>:0 

Unhandled Exception:
System.NullReferenceException: Object reference not set to an instance of an object
  at Pareto.BestFront.ComputeNadir () <0x587cb0 + 0x0006e> in <filename unknown>:0 
  at Pareto.BestFront..ctor (Pareto.Front all, Pareto.Front supported) <0x587bd0 + 0x00097> in <filename unknown>:0 
  at Pareto.Oracle..ctor (IBicriteriaProblem pb) <0x585ff0 + 0x00493> in <filename unknown>:0 
  at Pareto.OracleFront..ctor (IBicriteriaProblem pb) <0x585fc8 + 0x00017> in <filename unknown>:0 
  at bispantree.Program+Oracle..ctor (bispantree.BicriteriaSpanningTree bst) <0x5859f0 + 0x00087> in <filename unknown>:0 
  at bispantree.Program.Main (System.String[] args) <0x579fa8 + 0x0014b> in <filename unknown>:0 
[ERROR] FATAL UNHANDLED EXCEPTION: System.NullReferenceException: Object reference not set to an instance of an object
  at Pareto.BestFront.ComputeNadir () <0x587cb0 + 0x0006e> in <filename unknown>:0 
  at Pareto.BestFront..ctor (Pareto.Front all, Pareto.Front supported) <0x587bd0 + 0x00097> in <filename unknown>:0 
  at Pareto.Oracle..ctor (IBicriteriaProblem pb) <0x585ff0 + 0x00493> in <filename unknown>:0 
  at Pareto.OracleFront..ctor (IBicriteriaProblem pb) <0x585fc8 + 0x00017> in <filename unknown>:0 
  at bispantree.Program+Oracle..ctor (bispantree.BicriteriaSpanningTree bst) <0x5859f0 + 0x00087> in <filename unknown>:0 
  at bispantree.Program.Main (System.String[] args) <0x579fa8 + 0x0014b> in <filename unknown>:0 

Unhandled Exception:
System.NullReferenceException: Object reference not set to an instance of an object
  at Pareto.BaseFront`1[T].get_Ok () <0x2a5e450 + 0x000d5> in <filename unknown>:0 
  at Pareto.BestFront.get_Ok () <0x2a5ef08 + 0x00047> in <filename unknown>:0 
  at Pareto.Oracle..ctor (IBicriteriaProblem pb) <0x526ff0 + 0x004d3> in <filename unknown>:0 
  at Pareto.OracleFront..ctor (IBicriteriaProblem pb) <0x526fc8 + 0x00017> in <filename unknown>:0 
  at bispantree.Program+Oracle..ctor (bispantree.BicriteriaSpanningTree bst) <0x5269f0 + 0x00087> in <filename unknown>:0 
  at bispantree.Program.Main (System.String[] args) <0x51afa8 + 0x0014b> in <filename unknown>:0 
[ERROR] FATAL UNHANDLED EXCEPTION: System.NullReferenceException: Object reference not set to an instance of an object
  at Pareto.BaseFront`1[T].get_Ok () <0x2a5e450 + 0x000d5> in <filename unknown>:0 
  at Pareto.BestFront.get_Ok () <0x2a5ef08 + 0x00047> in <filename unknown>:0 
  at Pareto.Oracle..ctor (IBicriteriaProblem pb) <0x526ff0 + 0x004d3> in <filename unknown>:0 
  at Pareto.OracleFront..ctor (IBicriteriaProblem pb) <0x526fc8 + 0x00017> in <filename unknown>:0 
  at bispantree.Program+Oracle..ctor (bispantree.BicriteriaSpanningTree bst) <0x5269f0 + 0x00087> in <filename unknown>:0 
  at bispantree.Program.Main (System.String[] args) <0x51afa8 + 0x0014b> in <filename unknown>:0 

Unhandled Exception:
System.NullReferenceException: Object reference not set to an instance of an object
  at Pareto.BestFront.ComputeNadir () <0x502cb0 + 0x0006e> in <filename unknown>:0 
  at Pareto.BestFront..ctor (Pareto.Front all, Pareto.Front supported) <0x502bd0 + 0x00097> in <filename unknown>:0 
  at Pareto.Oracle..ctor (IBicriteriaProblem pb) <0x500ff0 + 0x00493> in <filename unknown>:0 
  at Pareto.OracleFront..ctor (IBicriteriaProblem pb) <0x500fc8 + 0x00017> in <filename unknown>:0 
  at bispantree.Program+Oracle..ctor (bispantree.BicriteriaSpanningTree bst) <0x5009f0 + 0x00087> in <filename unknown>:0 
  at bispantree.Program.Main (System.String[] args) <0x4f4fa8 + 0x0014b> in <filename unknown>:0 
[ERROR] FATAL UNHANDLED EXCEPTION: System.NullReferenceException: Object reference not set to an instance of an object
  at Pareto.BestFront.ComputeNadir () <0x502cb0 + 0x0006e> in <filename unknown>:0 
  at Pareto.BestFront..ctor (Pareto.Front all, Pareto.Front supported) <0x502bd0 + 0x00097> in <filename unknown>:0 
  at Pareto.Oracle..ctor (IBicriteriaProblem pb) <0x500ff0 + 0x00493> in <filename unknown>:0 
  at Pareto.OracleFront..ctor (IBicriteriaProblem pb) <0x500fc8 + 0x00017> in <filename unknown>:0 
  at bispantree.Program+Oracle..ctor (bispantree.BicriteriaSpanningTree bst) <0x5009f0 + 0x00087> in <filename unknown>:0 
  at bispantree.Program.Main (System.String[] args) <0x4f4fa8 + 0x0014b> in <filename unknown>:0 

Unhandled Exception:
System.NullReferenceException: Object reference not set to an instance of an object
  at Pareto.BaseFront`1[T].get_Ok () <0x2a235a8 + 0x000d5> in <filename unknown>:0 
  at Pareto.BestFront.get_Ok () <0x2a23fd0 + 0x00047> in <filename unknown>:0 
  at Pareto.Oracle..ctor (IBicriteriaProblem pb) <0x4eaff0 + 0x004d3> in <filename unknown>:0 
  at Pareto.OracleFront..ctor (IBicriteriaProblem pb) <0x4eafc8 + 0x00017> in <filename unknown>:0 
  at bispantree.Program+Oracle..ctor (bispantree.BicriteriaSpanningTree bst) <0x4ea9f0 + 0x00087> in <filename unknown>:0 
  at bispantree.Program.Main (System.String[] args) <0x4defa8 + 0x0014b> in <filename unknown>:0 
[ERROR] FATAL UNHANDLED EXCEPTION: System.NullReferenceException: Object reference not set to an instance of an object
  at Pareto.BaseFront`1[T].get_Ok () <0x2a235a8 + 0x000d5> in <filename unknown>:0 
  at Pareto.BestFront.get_Ok () <0x2a23fd0 + 0x00047> in <filename unknown>:0 
  at Pareto.Oracle..ctor (IBicriteriaProblem pb) <0x4eaff0 + 0x004d3> in <filename unknown>:0 
  at Pareto.OracleFront..ctor (IBicriteriaProblem pb) <0x4eafc8 + 0x00017> in <filename unknown>:0 
  at bispantree.Program+Oracle..ctor (bispantree.BicriteriaSpanningTree bst) <0x4ea9f0 + 0x00087> in <filename unknown>:0 
  at bispantree.Program.Main (System.String[] args) <0x4defa8 + 0x0014b> in <filename unknown>:0 

Unhandled Exception:
System.NullReferenceException: Object reference not set to an instance of an object
  at Pareto.BaseFront`1[T].get_Ok () <0x785700 + 0x000d5> in <filename unknown>:0 
  at Pareto.BestFront.get_Ok () <0x785fd0 + 0x00047> in <filename unknown>:0 
  at Pareto.Oracle..ctor (IBicriteriaProblem pb) <0x54dff0 + 0x004d3> in <filename unknown>:0 
  at Pareto.OracleFront..ctor (IBicriteriaProblem pb) <0x54dfc8 + 0x00017> in <filename unknown>:0 
  at bispantree.Program+Oracle..ctor (bispantree.BicriteriaSpanningTree bst) <0x54d9f0 + 0x00087> in <filename unknown>:0 
  at bispantree.Program.Main (System.String[] args) <0x541fa8 + 0x0014b> in <filename unknown>:0 
[ERROR] FATAL UNHANDLED EXCEPTION: System.NullReferenceException: Object reference not set to an instance of an object
  at Pareto.BaseFront`1[T].get_Ok () <0x785700 + 0x000d5> in <filename unknown>:0 
  at Pareto.BestFront.get_Ok () <0x785fd0 + 0x00047> in <filename unknown>:0 
  at Pareto.Oracle..ctor (IBicriteriaProblem pb) <0x54dff0 + 0x004d3> in <filename unknown>:0 
  at Pareto.OracleFront..ctor (IBicriteriaProblem pb) <0x54dfc8 + 0x00017> in <filename unknown>:0 
  at bispantree.Program+Oracle..ctor (bispantree.BicriteriaSpanningTree bst) <0x54d9f0 + 0x00087> in <filename unknown>:0 
  at bispantree.Program.Main (System.String[] args) <0x541fa8 + 0x0014b> in <filename unknown>:0 

Unhandled Exception:
System.NullReferenceException: Object reference not set to an instance of an object
  at Pareto.BestFront.ComputeNadir () <0x584cb0 + 0x0006e> in <filename unknown>:0 
  at Pareto.BestFront..ctor (Pareto.Front all, Pareto.Front supported) <0x584bd0 + 0x00097> in <filename unknown>:0 
  at Pareto.Oracle..ctor (IBicriteriaProblem pb) <0x582ff0 + 0x00493> in <filename unknown>:0 
  at Pareto.OracleFront..ctor (IBicriteriaProblem pb) <0x582fc8 + 0x00017> in <filename unknown>:0 
  at bispantree.Program+Oracle..ctor (bispantree.BicriteriaSpanningTree bst) <0x5829f0 + 0x00087> in <filename unknown>:0 
  at bispantree.Program.Main (System.String[] args) <0x576fa8 + 0x0014b> in <filename unknown>:0 
[ERROR] FATAL UNHANDLED EXCEPTION: System.NullReferenceException: Object reference not set to an instance of an object
  at Pareto.BestFront.ComputeNadir () <0x584cb0 + 0x0006e> in <filename unknown>:0 
  at Pareto.BestFront..ctor (Pareto.Front all, Pareto.Front supported) <0x584bd0 + 0x00097> in <filename unknown>:0 
  at Pareto.Oracle..ctor (IBicriteriaProblem pb) <0x582ff0 + 0x00493> in <filename unknown>:0 
  at Pareto.OracleFront..ctor (IBicriteriaProblem pb) <0x582fc8 + 0x00017> in <filename unknown>:0 
  at bispantree.Program+Oracle..ctor (bispantree.BicriteriaSpanningTree bst) <0x5829f0 + 0x00087> in <filename unknown>:0 
  at bispantree.Program.Main (System.String[] args) <0x576fa8 + 0x0014b> in <filename unknown>:0 

Unhandled Exception:
System.NullReferenceException: Object reference not set to an instance of an object
  at Pareto.BaseFront`1[T].get_Ok () <0x2a47450 + 0x000d5> in <filename unknown>:0 
  at Pareto.BestFront.get_Ok () <0x2a47f08 + 0x00047> in <filename unknown>:0 
  at Pareto.Oracle..ctor (IBicriteriaProblem pb) <0x50eff0 + 0x004d3> in <filename unknown>:0 
  at Pareto.OracleFront..ctor (IBicriteriaProblem pb) <0x50efc8 + 0x00017> in <filename unknown>:0 
  at bispantree.Program+Oracle..ctor (bispantree.BicriteriaSpanningTree bst) <0x50e9f0 + 0x00087> in <filename unknown>:0 
  at bispantree.Program.Main (System.String[] args) <0x502fa8 + 0x0014b> in <filename unknown>:0 
[ERROR] FATAL UNHANDLED EXCEPTION: System.NullReferenceException: Object reference not set to an instance of an object
  at Pareto.BaseFront`1[T].get_Ok () <0x2a47450 + 0x000d5> in <filename unknown>:0 
  at Pareto.BestFront.get_Ok () <0x2a47f08 + 0x00047> in <filename unknown>:0 
  at Pareto.Oracle..ctor (IBicriteriaProblem pb) <0x50eff0 + 0x004d3> in <filename unknown>:0 
  at Pareto.OracleFront..ctor (IBicriteriaProblem pb) <0x50efc8 + 0x00017> in <filename unknown>:0 
  at bispantree.Program+Oracle..ctor (bispantree.BicriteriaSpanningTree bst) <0x50e9f0 + 0x00087> in <filename unknown>:0 
  at bispantree.Program.Main (System.String[] args) <0x502fa8 + 0x0014b> in <filename unknown>:0 

Unhandled Exception:
System.NullReferenceException: Object reference not set to an instance of an object
  at Pareto.BestFront.ComputeNadir () <0x4ffcb0 + 0x0006e> in <filename unknown>:0 
  at Pareto.BestFront..ctor (Pareto.Front all, Pareto.Front supported) <0x4ffbd0 + 0x00097> in <filename unknown>:0 
  at Pareto.Oracle..ctor (IBicriteriaProblem pb) <0x4fdff0 + 0x00493> in <filename unknown>:0 
  at Pareto.OracleFront..ctor (IBicriteriaProblem pb) <0x4fdfc8 + 0x00017> in <filename unknown>:0 
  at bispantree.Program+Oracle..ctor (bispantree.BicriteriaSpanningTree bst) <0x4fd9f0 + 0x00087> in <filename unknown>:0 
  at bispantree.Program.Main (System.String[] args) <0x4f1fa8 + 0x0014b> in <filename unknown>:0 
[ERROR] FATAL UNHANDLED EXCEPTION: System.NullReferenceException: Object reference not set to an instance of an object
  at Pareto.BestFront.ComputeNadir () <0x4ffcb0 + 0x0006e> in <filename unknown>:0 
  at Pareto.BestFront..ctor (Pareto.Front all, Pareto.Front supported) <0x4ffbd0 + 0x00097> in <filename unknown>:0 
  at Pareto.Oracle..ctor (IBicriteriaProblem pb) <0x4fdff0 + 0x00493> in <filename unknown>:0 
  at Pareto.OracleFront..ctor (IBicriteriaProblem pb) <0x4fdfc8 + 0x00017> in <filename unknown>:0 
  at bispantree.Program+Oracle..ctor (bispantree.BicriteriaSpanningTree bst) <0x4fd9f0 + 0x00087> in <filename unknown>:0 
  at bispantree.Program.Main (System.String[] args) <0x4f1fa8 + 0x0014b> in <filename unknown>:0 

Unhandled Exception:
System.NullReferenceException: Object reference not set to an instance of an object
  at Pareto.BaseFront`1[T].get_Ok () <0x7bf5a8 + 0x000d5> in <filename unknown>:0 
  at Pareto.BestFront.get_Ok () <0x7c0150 + 0x00047> in <filename unknown>:0 
  at Pareto.Oracle..ctor (IBicriteriaProblem pb) <0x587ff0 + 0x004d3> in <filename unknown>:0 
  at Pareto.OracleFront..ctor (IBicriteriaProblem pb) <0x587fc8 + 0x00017> in <filename unknown>:0 
  at bispantree.Program+Oracle..ctor (bispantree.BicriteriaSpanningTree bst) <0x5879f0 + 0x00087> in <filename unknown>:0 
  at bispantree.Program.Main (System.String[] args) <0x57bfa8 + 0x0014b> in <filename unknown>:0 
[ERROR] FATAL UNHANDLED EXCEPTION: System.NullReferenceException: Object reference not set to an instance of an object
  at Pareto.BaseFront`1[T].get_Ok () <0x7bf5a8 + 0x000d5> in <filename unknown>:0 
  at Pareto.BestFront.get_Ok () <0x7c0150 + 0x00047> in <filename unknown>:0 
  at Pareto.Oracle..ctor (IBicriteriaProblem pb) <0x587ff0 + 0x004d3> in <filename unknown>:0 
  at Pareto.OracleFront..ctor (IBicriteriaProblem pb) <0x587fc8 + 0x00017> in <filename unknown>:0 
  at bispantree.Program+Oracle..ctor (bispantree.BicriteriaSpanningTree bst) <0x5879f0 + 0x00087> in <filename unknown>:0 
  at bispantree.Program.Main (System.String[] args) <0x57bfa8 + 0x0014b> in <filename unknown>:0 
