3
0.03
Arvore 
0 29 4 3
0 33 8 16
0 35 2 12
1 37 5 10
1 42 1 41
2 26 0 21
3 27 3 24
4 19 0 2
5 6 7 27
6 20 0 18
6 25 0 2
6 30 3 31
6 31 2 33
7 9 2 8
8 21 0 48
8 34 0 3
8 48 3 19
9 39 3 43
9 41 7 23
10 28 1 46
10 32 6 36
10 35 3 50
11 30 6 50
12 36 4 44
13 16 2 4
13 25 1 19
13 46 2 2
14 36 1 6
15 37 6 40
15 39 2 36
16 34 0 6
17 32 9 5
18 39 0 20
19 25 1 19
19 45 0 1
20 49 8 33
22 47 0 31
23 24 0 1
23 25 2 47
24 29 0 16
26 32 1 10
27 38 1 43
29 38 2 24
29 39 0 12
36 38 3 32
36 47 3 44
40 48 3 5
43 48 0 11
44 46 6 10
(123, 1087)

