
34596
345.96
Arvore 1
0 9 44 47
1 2 21 74
1 10 62 40
2 3 26 75
3 4 32 67
4 5 42 55
4 13 15 85
5 6 11 89
7 8 92 12
7 16 68 40
8 17 77 25
9 10 5 91
10 11 10 76
11 12 25 77
13 14 84 25
14 15 10 76
15 16 24 77
(648, 1031)

Arvore 2
0 9 44 47
1 2 21 74
1 10 62 40
2 3 26 75
3 4 32 67
4 5 42 55
4 13 15 85
5 6 11 89
6 7 85 20
7 8 92 12
7 16 68 40
8 17 77 25
9 10 5 91
10 11 10 76
11 12 25 77
14 15 10 76
15 16 24 77
(649, 1026)

Arvore 3
0 9 44 47
1 2 21 74
1 10 62 40
2 3 26 75
3 4 32 67
4 5 42 55
4 13 15 85
5 6 11 89
7 16 68 40
8 17 77 25
9 10 5 91
10 11 10 76
11 12 25 77
13 14 84 25
14 15 10 76
15 16 24 77
16 17 96 3
(652, 1022)

Arvore 4
0 9 44 47
1 2 21 74
1 10 62 40
2 3 26 75
3 4 32 67
4 5 42 55
4 13 15 85
5 6 11 89
6 7 85 20
7 16 68 40
8 17 77 25
9 10 5 91
10 11 10 76
11 12 25 77
14 15 10 76
15 16 24 77
16 17 96 3
(653, 1017)

Arvore 5
0 1 69 27
0 9 44 47
1 2 21 74
2 3 26 75
3 4 32 67
4 5 42 55
4 13 15 85
5 6 11 89
6 7 85 20
7 8 92 12
7 16 68 40
8 17 77 25
9 10 5 91
10 11 10 76
11 12 25 77
14 15 10 76
15 16 24 77
(656, 1013)

Arvore 6
0 9 44 47
1 2 21 74
1 10 62 40
2 3 26 75
3 4 32 67
4 5 42 55
4 13 15 85
5 6 11 89
5 14 89 14
7 16 68 40
8 17 77 25
9 10 5 91
10 11 10 76
11 12 25 77
14 15 10 76
15 16 24 77
16 17 96 3
(657, 1011)

Arvore 7
0 1 69 27
0 9 44 47
1 2 21 74
2 3 26 75
3 4 32 67
4 5 42 55
4 13 15 85
5 6 11 89
7 16 68 40
8 17 77 25
9 10 5 91
10 11 10 76
11 12 25 77
13 14 84 25
14 15 10 76
15 16 24 77
16 17 96 3
(659, 1009)

Arvore 8
0 1 69 27
0 9 44 47
1 2 21 74
2 3 26 75
3 4 32 67
4 5 42 55
4 13 15 85
5 6 11 89
6 7 85 20
7 16 68 40
8 17 77 25
9 10 5 91
10 11 10 76
11 12 25 77
14 15 10 76
15 16 24 77
16 17 96 3
(660, 1004)

Arvore 9
0 1 69 27
0 9 44 47
1 2 21 74
2 3 26 75
3 4 32 67
4 5 42 55
4 13 15 85
5 6 11 89
5 14 89 14
7 16 68 40
8 17 77 25
9 10 5 91
10 11 10 76
11 12 25 77
14 15 10 76
15 16 24 77
16 17 96 3
(664, 998)

Arvore 10
0 9 44 47
1 2 21 74
1 10 62 40
2 3 26 75
3 4 32 67
4 5 42 55
4 13 15 85
5 6 11 89
5 14 89 14
6 7 85 20
8 17 77 25
9 10 5 91
10 11 10 76
11 12 25 77
14 15 10 76
15 16 24 77
16 17 96 3
(674, 991)

Arvore 11
0 1 69 27
0 9 44 47
1 2 21 74
2 3 26 75
3 4 32 67
4 5 42 55
4 13 15 85
5 6 11 89
6 7 85 20
8 17 77 25
9 10 5 91
10 11 10 76
11 12 25 77
13 14 84 25
14 15 10 76
15 16 24 77
16 17 96 3
(676, 989)

Arvore 12
0 1 69 27
0 9 44 47
1 2 21 74
2 3 26 75
3 4 32 67
4 5 42 55
4 13 15 85
5 6 11 89
5 14 89 14
6 7 85 20
7 8 92 12
8 17 77 25
9 10 5 91
10 11 10 76
11 12 25 77
14 15 10 76
15 16 24 77
(677, 987)

Arvore 13
0 1 69 27
0 9 44 47
1 2 21 74
2 3 26 75
3 4 32 67
4 5 42 55
4 13 15 85
5 6 11 89
5 14 89 14
7 8 92 12
7 16 68 40
9 10 5 91
10 11 10 76
11 12 25 77
14 15 10 76
15 16 24 77
16 17 96 3
(679, 985)

Arvore 14
0 1 69 27
0 9 44 47
1 2 21 74
2 3 26 75
3 4 32 67
4 5 42 55
4 13 15 85
5 6 11 89
5 14 89 14
6 7 85 20
8 17 77 25
9 10 5 91
10 11 10 76
11 12 25 77
14 15 10 76
15 16 24 77
16 17 96 3
(681, 978)

Arvore 15
0 1 69 27
0 9 44 47
1 2 21 74
2 3 26 75
3 4 32 67
4 5 42 55
4 13 15 85
5 6 11 89
6 7 85 20
7 8 92 12
8 17 77 25
9 10 5 91
10 11 10 76
11 12 25 77
14 15 10 76
15 16 24 77
16 17 96 3
(684, 976)

Arvore 16
0 1 69 27
0 9 44 47
1 2 21 74
2 3 26 75
3 4 32 67
4 5 42 55
4 13 15 85
5 6 11 89
5 14 89 14
7 8 92 12
8 17 77 25
9 10 5 91
10 11 10 76
11 12 25 77
14 15 10 76
15 16 24 77
16 17 96 3
(688, 970)

Arvore 17
0 1 69 27
0 9 44 47
1 2 21 74
2 3 26 75
3 4 32 67
4 5 42 55
4 13 15 85
5 6 11 89
5 14 89 14
6 7 85 20
7 8 92 12
9 10 5 91
10 11 10 76
11 12 25 77
14 15 10 76
15 16 24 77
16 17 96 3
(696, 965)

Arvore 18
0 1 69 27
0 9 44 47
1 2 21 74
3 4 32 67
3 12 70 32
4 5 42 55
4 13 15 85
5 6 11 89
6 7 85 20
7 16 68 40
8 17 77 25
9 10 5 91
10 11 10 76
11 12 25 77
14 15 10 76
15 16 24 77
16 17 96 3
(704, 961)

Arvore 19
0 1 69 27
0 9 44 47
1 2 21 74
2 3 26 75
3 4 32 67
3 12 70 32
4 5 42 55
4 13 15 85
5 6 11 89
6 7 85 20
7 16 68 40
8 17 77 25
9 10 5 91
10 11 10 76
14 15 10 76
15 16 24 77
16 17 96 3
(705, 959)

Arvore 20
0 1 69 27
0 9 44 47
1 2 21 74
3 4 32 67
3 12 70 32
4 5 42 55
4 13 15 85
5 6 11 89
5 14 89 14
7 16 68 40
8 17 77 25
9 10 5 91
10 11 10 76
11 12 25 77
14 15 10 76
15 16 24 77
16 17 96 3
(708, 955)

Arvore 21
0 1 69 27
0 9 44 47
1 2 21 74
2 3 26 75
3 4 32 67
3 12 70 32
4 5 42 55
4 13 15 85
5 6 11 89
5 14 89 14
7 16 68 40
8 17 77 25
9 10 5 91
10 11 10 76
14 15 10 76
15 16 24 77
16 17 96 3
(709, 953)

Arvore 22
0 9 44 47
1 2 21 74
2 3 26 75
3 4 32 67
4 5 42 55
4 13 15 85
5 6 11 89
5 14 89 14
7 8 92 12
8 17 77 25
9 10 5 91
10 11 10 76
11 12 25 77
12 13 99 4
14 15 10 76
15 16 24 77
16 17 96 3
(718, 947)

Arvore 23
0 9 44 47
1 2 21 74
1 10 62 40
2 3 26 75
3 4 32 67
3 12 70 32
4 5 42 55
4 13 15 85
5 6 11 89
5 14 89 14
6 7 85 20
8 17 77 25
9 10 5 91
10 11 10 76
14 15 10 76
15 16 24 77
16 17 96 3
(719, 946)

Arvore 24
0 1 69 27
0 9 44 47
1 2 21 74
3 4 32 67
3 12 70 32
4 5 42 55
4 13 15 85
5 6 11 89
5 14 89 14
6 7 85 20
7 8 92 12
8 17 77 25
9 10 5 91
10 11 10 76
11 12 25 77
14 15 10 76
15 16 24 77
(721, 944)

Arvore 25
0 1 69 27
0 9 44 47
1 2 21 74
2 3 26 75
3 4 32 67
3 12 70 32
4 5 42 55
4 13 15 85
5 6 11 89
5 14 89 14
6 7 85 20
7 8 92 12
8 17 77 25
9 10 5 91
10 11 10 76
14 15 10 76
15 16 24 77
(722, 942)

Arvore 26
0 1 69 27
0 9 44 47
1 2 21 74
2 3 26 75
3 4 32 67
3 12 70 32
4 5 42 55
4 13 15 85
5 6 11 89
5 14 89 14
7 8 92 12
7 16 68 40
9 10 5 91
10 11 10 76
14 15 10 76
15 16 24 77
16 17 96 3
(724, 940)

Arvore 27
0 1 69 27
0 9 44 47
1 2 21 74
3 4 32 67
3 12 70 32
4 5 42 55
4 13 15 85
5 6 11 89
5 14 89 14
6 7 85 20
8 17 77 25
9 10 5 91
10 11 10 76
11 12 25 77
14 15 10 76
15 16 24 77
16 17 96 3
(725, 935)

Arvore 28
0 1 69 27
0 9 44 47
1 2 21 74
2 3 26 75
3 4 32 67
3 12 70 32
4 5 42 55
4 13 15 85
5 6 11 89
5 14 89 14
6 7 85 20
8 17 77 25
9 10 5 91
10 11 10 76
14 15 10 76
15 16 24 77
16 17 96 3
(726, 933)

Arvore 29
0 1 69 27
0 9 44 47
1 2 21 74
2 3 26 75
3 4 32 67
3 12 70 32
4 5 42 55
4 13 15 85
5 6 11 89
6 7 85 20
7 8 92 12
8 17 77 25
9 10 5 91
10 11 10 76
14 15 10 76
15 16 24 77
16 17 96 3
(729, 931)

Arvore 30
0 1 69 27
0 9 44 47
1 2 21 74
3 4 32 67
3 12 70 32
4 5 42 55
4 13 15 85
5 6 11 89
5 14 89 14
7 8 92 12
8 17 77 25
9 10 5 91
10 11 10 76
11 12 25 77
14 15 10 76
15 16 24 77
16 17 96 3
(732, 927)

Arvore 31
0 1 69 27
0 9 44 47
1 2 21 74
2 3 26 75
3 4 32 67
3 12 70 32
4 5 42 55
4 13 15 85
5 6 11 89
5 14 89 14
7 8 92 12
8 17 77 25
9 10 5 91
10 11 10 76
14 15 10 76
15 16 24 77
16 17 96 3
(733, 925)

Arvore 32
0 1 69 27
0 9 44 47
1 2 21 74
3 4 32 67
3 12 70 32
4 5 42 55
4 13 15 85
5 6 11 89
5 14 89 14
6 7 85 20
7 8 92 12
9 10 5 91
10 11 10 76
11 12 25 77
14 15 10 76
15 16 24 77
16 17 96 3
(740, 922)

Arvore 33
0 1 69 27
0 9 44 47
1 2 21 74
2 3 26 75
3 4 32 67
3 12 70 32
4 5 42 55
4 13 15 85
5 6 11 89
5 14 89 14
6 7 85 20
7 8 92 12
9 10 5 91
10 11 10 76
14 15 10 76
15 16 24 77
16 17 96 3
(741, 920)

Arvore 34
0 1 69 27
0 9 44 47
1 2 21 74
1 10 62 40
2 3 26 75
3 4 32 67
4 5 42 55
4 13 15 85
5 6 11 89
5 14 89 14
7 8 92 12
8 17 77 25
10 11 10 76
11 12 25 77
14 15 10 76
15 16 24 77
16 17 96 3
(745, 919)

Arvore 35
0 1 69 27
0 9 44 47
1 2 21 74
2 3 26 75
4 5 42 55
4 13 15 85
5 6 11 89
5 14 89 14
6 7 85 20
8 17 77 25
9 10 5 91
10 11 10 76
11 12 25 77
12 13 99 4
14 15 10 76
15 16 24 77
16 17 96 3
(748, 915)

Arvore 36
0 1 69 27
0 9 44 47
1 2 21 74
2 3 26 75
3 4 32 67
4 5 42 55
4 13 15 85
5 6 11 89
5 14 89 14
6 7 85 20
7 8 92 12
8 17 77 25
9 10 5 91
10 11 10 76
11 12 25 77
14 15 10 76
16 17 96 3
(749, 913)

Arvore 37
0 1 69 27
0 9 44 47
1 2 21 74
2 3 26 75
3 4 32 67
3 12 70 32
4 5 42 55
4 13 15 85
5 6 11 89
5 14 89 14
7 8 92 12
8 17 77 25
10 11 10 76
11 12 25 77
14 15 10 76
15 16 24 77
16 17 96 3
(753, 911)

Arvore 38
0 1 69 27
0 9 44 47
1 2 21 74
3 4 32 67
4 5 42 55
4 13 15 85
5 6 11 89
5 14 89 14
6 7 85 20
8 17 77 25
9 10 5 91
10 11 10 76
11 12 25 77
12 13 99 4
14 15 10 76
15 16 24 77
16 17 96 3
(754, 907)

Arvore 39
0 1 69 27
0 9 44 47
1 2 21 74
2 3 26 75
3 4 32 67
4 5 42 55
4 13 15 85
5 6 11 89
5 14 89 14
6 7 85 20
8 17 77 25
9 10 5 91
10 11 10 76
12 13 99 4
14 15 10 76
15 16 24 77
16 17 96 3
(755, 905)

Arvore 40
0 1 69 27
0 9 44 47
1 2 21 74
2 3 26 75
3 4 32 67
4 5 42 55
4 13 15 85
5 6 11 89
6 7 85 20
7 8 92 12
8 17 77 25
9 10 5 91
10 11 10 76
12 13 99 4
14 15 10 76
15 16 24 77
16 17 96 3
(758, 903)

Arvore 41
0 1 69 27
0 9 44 47
1 2 21 74
3 4 32 67
4 5 42 55
4 13 15 85
5 6 11 89
5 14 89 14
7 8 92 12
8 17 77 25
9 10 5 91
10 11 10 76
11 12 25 77
12 13 99 4
14 15 10 76
15 16 24 77
16 17 96 3
(761, 899)

Arvore 42
0 1 69 27
0 9 44 47
1 2 21 74
2 3 26 75
3 4 32 67
4 5 42 55
4 13 15 85
5 6 11 89
5 14 89 14
7 8 92 12
8 17 77 25
9 10 5 91
10 11 10 76
12 13 99 4
14 15 10 76
15 16 24 77
16 17 96 3
(762, 897)

Arvore 43
0 1 69 27
0 9 44 47
1 2 21 74
2 3 26 75
3 4 32 67
4 5 42 55
5 6 11 89
6 7 85 20
7 8 92 12
8 17 77 25
9 10 5 91
10 11 10 76
11 12 25 77
12 13 99 4
14 15 10 76
15 16 24 77
16 17 96 3
(768, 895)

Arvore 44
0 1 69 27
0 9 44 47
1 2 21 74
3 4 32 67
4 5 42 55
4 13 15 85
5 6 11 89
5 14 89 14
6 7 85 20
7 8 92 12
9 10 5 91
10 11 10 76
11 12 25 77
12 13 99 4
14 15 10 76
15 16 24 77
16 17 96 3
(769, 894)

Arvore 45
0 1 69 27
0 9 44 47
1 2 21 74
2 3 26 75
3 4 32 67
4 5 42 55
4 13 15 85
5 6 11 89
5 14 89 14
6 7 85 20
7 8 92 12
9 10 5 91
10 11 10 76
12 13 99 4
14 15 10 76
15 16 24 77
16 17 96 3
(770, 892)

Arvore 46
0 1 69 27
0 9 44 47
1 2 21 74
2 3 26 75
3 4 32 67
4 5 42 55
5 6 11 89
5 14 89 14
7 8 92 12
8 17 77 25
9 10 5 91
10 11 10 76
11 12 25 77
12 13 99 4
14 15 10 76
15 16 24 77
16 17 96 3
(772, 889)

Arvore 47
0 1 69 27
0 9 44 47
1 2 21 74
2 3 26 75
3 4 32 67
4 5 42 55
5 6 11 89
5 14 89 14
6 7 85 20
7 8 92 12
9 10 5 91
10 11 10 76
11 12 25 77
12 13 99 4
14 15 10 76
15 16 24 77
16 17 96 3
(780, 884)

Arvore 48
0 1 69 27
0 9 44 47
1 2 21 74
2 3 26 75
3 4 32 67
4 5 42 55
4 13 15 85
5 6 11 89
5 14 89 14
7 8 92 12
8 17 77 25
10 11 10 76
11 12 25 77
12 13 99 4
14 15 10 76
15 16 24 77
16 17 96 3
(782, 883)

Arvore 49
0 1 69 27
0 9 44 47
1 2 21 74
1 10 62 40
2 3 26 75
3 4 32 67
3 12 70 32
4 5 42 55
4 13 15 85
5 6 11 89
5 14 89 14
6 7 85 20
8 17 77 25
10 11 10 76
14 15 10 76
15 16 24 77
16 17 96 3
(783, 882)

Arvore 50
0 1 69 27
0 9 44 47
1 2 21 74
1 10 62 40
2 3 26 75
3 4 32 67
3 12 70 32
4 5 42 55
4 13 15 85
5 6 11 89
6 7 85 20
7 8 92 12
8 17 77 25
10 11 10 76
14 15 10 76
15 16 24 77
16 17 96 3
(786, 880)

Arvore 51
0 1 69 27
0 9 44 47
1 2 21 74
1 10 62 40
3 4 32 67
3 12 70 32
4 5 42 55
4 13 15 85
5 6 11 89
5 14 89 14
7 8 92 12
8 17 77 25
10 11 10 76
11 12 25 77
14 15 10 76
15 16 24 77
16 17 96 3
(789, 876)

Arvore 52
0 1 69 27
0 9 44 47
1 2 21 74
1 10 62 40
2 3 26 75
3 4 32 67
3 12 70 32
4 5 42 55
4 13 15 85
5 6 11 89
5 14 89 14
7 8 92 12
8 17 77 25
10 11 10 76
14 15 10 76
15 16 24 77
16 17 96 3
(790, 874)

Arvore 53
0 1 69 27
0 9 44 47
1 2 21 74
3 12 70 32
4 5 42 55
4 13 15 85
5 6 11 89
5 14 89 14
6 7 85 20
8 17 77 25
9 10 5 91
10 11 10 76
11 12 25 77
12 13 99 4
14 15 10 76
15 16 24 77
16 17 96 3
(792, 872)

Arvore 54
0 1 69 27
0 9 44 47
1 2 21 74
2 3 26 75
3 12 70 32
4 5 42 55
4 13 15 85
5 6 11 89
5 14 89 14
6 7 85 20
8 17 77 25
9 10 5 91
10 11 10 76
12 13 99 4
14 15 10 76
15 16 24 77
16 17 96 3
(793, 870)

Arvore 55
0 1 69 27
0 9 44 47
1 2 21 74
2 3 26 75
3 4 32 67
3 12 70 32
4 5 42 55
4 13 15 85
5 6 11 89
5 14 89 14
6 7 85 20
7 8 92 12
8 17 77 25
9 10 5 91
10 11 10 76
14 15 10 76
16 17 96 3
(794, 868)

Arvore 56
0 1 69 27
0 9 44 47
1 2 21 74
3 12 70 32
4 5 42 55
4 13 15 85
5 6 11 89
5 14 89 14
7 8 92 12
8 17 77 25
9 10 5 91
10 11 10 76
11 12 25 77
12 13 99 4
14 15 10 76
15 16 24 77
16 17 96 3
(799, 864)

Arvore 57
0 1 69 27
0 9 44 47
1 2 21 74
2 3 26 75
3 12 70 32
4 5 42 55
4 13 15 85
5 6 11 89
5 14 89 14
7 8 92 12
8 17 77 25
9 10 5 91
10 11 10 76
12 13 99 4
14 15 10 76
15 16 24 77
16 17 96 3
(800, 862)

Arvore 58
0 1 69 27
0 9 44 47
1 2 21 74
3 4 32 67
3 12 70 32
4 5 42 55
4 13 15 85
5 14 89 14
6 7 85 20
7 8 92 12
8 17 77 25
9 10 5 91
10 11 10 76
11 12 25 77
14 15 10 76
15 16 24 77
16 17 96 3
(806, 858)

Arvore 59
0 1 69 27
0 9 44 47
1 2 21 74
2 3 26 75
3 4 32 67
3 12 70 32
4 5 42 55
4 13 15 85
5 14 89 14
6 7 85 20
7 8 92 12
8 17 77 25
9 10 5 91
10 11 10 76
14 15 10 76
15 16 24 77
16 17 96 3
(807, 856)

Arvore 60
0 1 69 27
0 9 44 47
1 2 21 74
3 4 32 67
3 12 70 32
4 5 42 55
5 6 11 89
5 14 89 14
6 7 85 20
8 17 77 25
9 10 5 91
10 11 10 76
11 12 25 77
12 13 99 4
14 15 10 76
15 16 24 77
16 17 96 3
(809, 854)

Arvore 61
0 1 69 27
0 9 44 47
1 2 21 74
2 3 26 75
3 4 32 67
3 12 70 32
4 5 42 55
5 6 11 89
5 14 89 14
6 7 85 20
8 17 77 25
9 10 5 91
10 11 10 76
12 13 99 4
14 15 10 76
15 16 24 77
16 17 96 3
(810, 852)

Arvore 62
0 1 69 27
0 9 44 47
1 2 21 74
2 3 26 75
3 4 32 67
3 12 70 32
4 5 42 55
5 6 11 89
6 7 85 20
7 8 92 12
8 17 77 25
9 10 5 91
10 11 10 76
12 13 99 4
14 15 10 76
15 16 24 77
16 17 96 3
(813, 850)

Arvore 63
0 1 69 27
0 9 44 47
1 2 21 74
3 4 32 67
3 12 70 32
4 5 42 55
5 6 11 89
5 14 89 14
7 8 92 12
8 17 77 25
9 10 5 91
10 11 10 76
11 12 25 77
12 13 99 4
14 15 10 76
15 16 24 77
16 17 96 3
(816, 846)

Arvore 64
0 1 69 27
0 9 44 47
1 2 21 74
2 3 26 75
3 4 32 67
3 12 70 32
4 5 42 55
5 6 11 89
5 14 89 14
7 8 92 12
8 17 77 25
9 10 5 91
10 11 10 76
12 13 99 4
14 15 10 76
15 16 24 77
16 17 96 3
(817, 844)

Arvore 65
0 1 69 27
0 9 44 47
1 2 21 74
3 4 32 67
4 5 42 55
4 13 15 85
5 6 11 89
5 14 89 14
6 7 85 20
7 8 92 12
8 17 77 25
9 10 5 91
10 11 10 76
11 12 25 77
12 13 99 4
14 15 10 76
16 17 96 3
(822, 842)

Arvore 66
0 1 69 27
0 9 44 47
1 2 21 74
2 3 26 75
3 4 32 67
4 5 42 55
4 13 15 85
5 6 11 89
5 14 89 14
6 7 85 20
7 8 92 12
8 17 77 25
9 10 5 91
10 11 10 76
12 13 99 4
14 15 10 76
16 17 96 3
(823, 840)

Arvore 67
0 1 69 27
0 9 44 47
1 2 21 74
2 3 26 75
3 4 32 67
3 12 70 32
4 5 42 55
5 6 11 89
5 14 89 14
6 7 85 20
7 8 92 12
9 10 5 91
10 11 10 76
12 13 99 4
14 15 10 76
15 16 24 77
16 17 96 3
(825, 839)

Arvore 68
0 1 69 27
0 9 44 47
1 2 21 74
2 3 26 75
4 5 42 55
4 13 15 85
5 14 89 14
6 7 85 20
7 8 92 12
8 17 77 25
9 10 5 91
10 11 10 76
11 12 25 77
12 13 99 4
14 15 10 76
15 16 24 77
16 17 96 3
(829, 838)

Arvore 69
0 1 69 27
0 9 44 47
1 2 21 74
2 3 26 75
3 4 32 67
4 5 42 55
5 6 11 89
5 14 89 14
7 8 92 12
8 17 77 25
9 10 5 91
10 11 10 76
12 13 99 4
13 14 84 25
14 15 10 76
15 16 24 77
16 17 96 3
(831, 837)

Arvore 70
0 1 69 27
0 9 44 47
1 2 21 74
2 3 26 75
3 4 32 67
4 5 42 55
5 6 11 89
5 14 89 14
6 7 85 20
7 8 92 12
8 17 77 25
9 10 5 91
10 11 10 76
11 12 25 77
12 13 99 4
14 15 10 76
16 17 96 3
(833, 832)

Arvore 71
0 1 69 27
0 9 44 47
1 2 21 74
3 4 32 67
4 5 42 55
4 13 15 85
5 14 89 14
6 7 85 20
7 8 92 12
8 17 77 25
9 10 5 91
10 11 10 76
11 12 25 77
12 13 99 4
14 15 10 76
15 16 24 77
16 17 96 3
(835, 830)

Arvore 72
0 1 69 27
0 9 44 47
1 2 21 74
2 3 26 75
3 4 32 67
4 5 42 55
4 13 15 85
5 14 89 14
6 7 85 20
7 8 92 12
8 17 77 25
9 10 5 91
10 11 10 76
12 13 99 4
14 15 10 76
15 16 24 77
16 17 96 3
(836, 828)

Arvore 73
0 1 69 27
0 9 44 47
1 2 21 74
2 3 26 75
3 4 32 67
4 5 42 55
4 13 15 85
5 6 11 89
5 14 89 14
6 7 85 20
7 8 92 12
8 17 77 25
10 11 10 76
11 12 25 77
12 13 99 4
14 15 10 76
16 17 96 3
(843, 826)

Arvore 74
0 1 69 27
0 9 44 47
1 2 21 74
2 3 26 75
3 4 32 67
3 12 70 32
4 5 42 55
5 6 11 89
5 14 89 14
6 7 85 20
7 8 92 12
10 11 10 76
11 12 25 77
12 13 99 4
14 15 10 76
15 16 24 77
16 17 96 3
(845, 825)

Arvore 75
0 1 69 27
0 9 44 47
1 2 21 74
2 3 26 75
3 4 32 67
4 5 42 55
5 14 89 14
6 7 85 20
7 8 92 12
8 17 77 25
9 10 5 91
10 11 10 76
11 12 25 77
12 13 99 4
14 15 10 76
15 16 24 77
16 17 96 3
(846, 820)

Arvore 76
0 1 69 27
0 9 44 47
1 2 21 74
1 10 62 40
2 3 26 75
3 12 70 32
4 5 42 55
4 13 15 85
5 6 11 89
5 14 89 14
6 7 85 20
8 17 77 25
10 11 10 76
12 13 99 4
14 15 10 76
15 16 24 77
16 17 96 3
(850, 819)

Arvore 77
0 1 69 27
0 9 44 47
1 2 21 74
1 10 62 40
2 3 26 75
3 4 32 67
3 12 70 32
4 5 42 55
4 13 15 85
5 6 11 89
5 14 89 14
6 7 85 20
7 8 92 12
8 17 77 25
10 11 10 76
14 15 10 76
16 17 96 3
(851, 817)

Arvore 78
0 1 69 27
0 9 44 47
1 2 21 74
2 3 26 75
3 4 32 67
3 12 70 32
4 5 42 55
5 6 11 89
5 14 89 14
6 7 85 20
7 16 68 40
8 17 77 25
9 10 5 91
10 11 10 76
12 13 99 4
14 15 10 76
16 17 96 3
(854, 815)

Arvore 79
0 1 69 27
0 9 44 47
1 2 21 74
1 10 62 40
3 12 70 32
4 5 42 55
4 13 15 85
5 6 11 89
5 14 89 14
7 8 92 12
8 17 77 25
10 11 10 76
11 12 25 77
12 13 99 4
14 15 10 76
15 16 24 77
16 17 96 3
(856, 813)

Arvore 80
0 1 69 27
0 9 44 47
1 2 21 74
1 10 62 40
2 3 26 75
3 12 70 32
4 5 42 55
4 13 15 85
5 6 11 89
5 14 89 14
7 8 92 12
8 17 77 25
10 11 10 76
12 13 99 4
14 15 10 76
15 16 24 77
16 17 96 3
(857, 811)

Arvore 81
0 1 69 27
0 9 44 47
1 2 21 74
3 12 70 32
4 5 42 55
4 13 15 85
5 6 11 89
5 14 89 14
6 7 85 20
7 8 92 12
8 17 77 25
9 10 5 91
10 11 10 76
11 12 25 77
12 13 99 4
14 15 10 76
16 17 96 3
(860, 807)

Arvore 82
0 1 69 27
0 9 44 47
1 2 21 74
2 3 26 75
3 12 70 32
4 5 42 55
4 13 15 85
5 6 11 89
5 14 89 14
6 7 85 20
7 8 92 12
8 17 77 25
9 10 5 91
10 11 10 76
12 13 99 4
14 15 10 76
16 17 96 3
(861, 805)

Arvore 83
0 1 69 27
0 9 44 47
1 2 21 74
1 10 62 40
3 4 32 67
3 12 70 32
4 5 42 55
5 6 11 89
5 14 89 14
6 7 85 20
8 17 77 25
10 11 10 76
11 12 25 77
12 13 99 4
14 15 10 76
15 16 24 77
16 17 96 3
(866, 803)

Arvore 84
0 1 69 27
0 9 44 47
1 2 21 74
1 10 62 40
2 3 26 75
3 4 32 67
3 12 70 32
4 5 42 55
5 6 11 89
5 14 89 14
6 7 85 20
8 17 77 25
10 11 10 76
12 13 99 4
14 15 10 76
15 16 24 77
16 17 96 3
(867, 801)

Arvore 85
0 1 69 27
0 9 44 47
1 2 21 74
1 10 62 40
2 3 26 75
3 4 32 67
3 12 70 32
4 5 42 55
5 6 11 89
6 7 85 20
7 8 92 12
8 17 77 25
10 11 10 76
12 13 99 4
14 15 10 76
15 16 24 77
16 17 96 3
(870, 799)

Arvore 86
0 1 69 27
0 9 44 47
1 2 21 74
3 12 70 32
4 5 42 55
4 13 15 85
5 14 89 14
6 7 85 20
7 8 92 12
8 17 77 25
9 10 5 91
10 11 10 76
11 12 25 77
12 13 99 4
14 15 10 76
15 16 24 77
16 17 96 3
(873, 795)

Arvore 87
0 1 69 27
0 9 44 47
1 2 21 74
2 3 26 75
3 12 70 32
4 5 42 55
4 13 15 85
5 14 89 14
6 7 85 20
7 8 92 12
8 17 77 25
9 10 5 91
10 11 10 76
12 13 99 4
14 15 10 76
15 16 24 77
16 17 96 3
(874, 793)

Arvore 88
0 1 69 27
0 9 44 47
1 2 21 74
3 4 32 67
3 12 70 32
4 5 42 55
5 6 11 89
5 14 89 14
6 7 85 20
7 8 92 12
8 17 77 25
9 10 5 91
10 11 10 76
11 12 25 77
12 13 99 4
14 15 10 76
16 17 96 3
(877, 789)

Arvore 89
0 1 69 27
0 9 44 47
1 2 21 74
2 3 26 75
3 4 32 67
3 12 70 32
4 5 42 55
5 6 11 89
5 14 89 14
6 7 85 20
7 8 92 12
8 17 77 25
9 10 5 91
10 11 10 76
12 13 99 4
14 15 10 76
16 17 96 3
(878, 787)

Arvore 90
0 1 69 27
0 9 44 47
1 2 21 74
2 3 26 75
3 4 32 67
3 12 70 32
4 5 42 55
6 7 85 20
7 8 92 12
8 17 77 25
9 10 5 91
10 11 10 76
12 13 99 4
13 14 84 25
14 15 10 76
15 16 24 77
16 17 96 3
(886, 786)

Arvore 91
0 1 69 27
0 9 44 47
1 2 21 74
3 4 32 67
3 12 70 32
4 5 42 55
5 14 89 14
6 7 85 20
7 8 92 12
8 17 77 25
9 10 5 91
10 11 10 76
11 12 25 77
12 13 99 4
14 15 10 76
15 16 24 77
16 17 96 3
(890, 777)

Arvore 92
0 1 69 27
0 9 44 47
1 2 21 74
2 3 26 75
3 4 32 67
3 12 70 32
4 5 42 55
5 14 89 14
6 7 85 20
7 8 92 12
8 17 77 25
9 10 5 91
10 11 10 76
12 13 99 4
14 15 10 76
15 16 24 77
16 17 96 3
(891, 775)

Arvore 93
0 1 69 27
0 9 44 47
1 2 21 74
2 3 26 75
3 4 32 67
3 12 70 32
4 5 42 55
5 6 11 89
5 14 89 14
6 7 85 20
7 8 92 12
8 17 77 25
10 11 10 76
11 12 25 77
12 13 99 4
14 15 10 76
16 17 96 3
(898, 773)

Arvore 94
0 1 69 27
0 9 44 47
1 2 21 74
2 11 90 16
3 4 32 67
3 12 70 32
4 5 42 55
5 6 11 89
5 14 89 14
7 8 92 12
8 17 77 25
10 11 10 76
11 12 25 77
12 13 99 4
14 15 10 76
15 16 24 77
16 17 96 3
(901, 771)

Arvore 95
0 1 69 27
0 9 44 47
1 2 21 74
2 3 26 75
2 11 90 16
3 4 32 67
3 12 70 32
4 5 42 55
5 6 11 89
5 14 89 14
7 8 92 12
8 17 77 25
10 11 10 76
12 13 99 4
14 15 10 76
15 16 24 77
16 17 96 3
(902, 769)

Arvore 96
0 1 69 27
0 9 44 47
1 2 21 74
2 3 26 75
3 4 32 67
4 5 42 55
5 14 89 14
6 7 85 20
7 8 92 12
8 17 77 25
9 10 5 91
10 11 10 76
12 13 99 4
13 14 84 25
14 15 10 76
15 16 24 77
16 17 96 3
(905, 768)

Arvore 97
0 9 44 47
1 2 21 74
2 11 90 16
3 4 32 67
4 5 42 55
4 13 15 85
5 6 11 89
5 14 89 14
6 7 85 20
7 8 92 12
8 17 77 25
10 11 10 76
11 12 25 77
12 13 99 4
14 15 10 76
16 17 96 3
(838, 740)

Arvore 98
0 1 69 27
0 9 44 47
1 2 21 74
1 10 62 40
3 4 32 67
3 12 70 32
4 5 42 55
5 6 11 89
5 14 89 14
6 7 85 20
7 8 92 12
8 17 77 25
10 11 10 76
11 12 25 77
12 13 99 4
14 15 10 76
16 17 96 3
(934, 738)

Arvore 99
0 1 69 27
0 9 44 47
1 2 21 74
1 10 62 40
2 3 26 75
3 4 32 67
3 12 70 32
4 5 42 55
5 6 11 89
5 14 89 14
6 7 85 20
7 8 92 12
8 17 77 25
10 11 10 76
12 13 99 4
14 15 10 76
16 17 96 3
(935, 736)

Arvore 100
0 1 69 27
0 9 44 47
1 2 21 74
3 12 70 32
4 5 42 55
5 14 89 14
6 7 85 20
7 8 92 12
8 17 77 25
9 10 5 91
10 11 10 76
11 12 25 77
12 13 99 4
13 14 84 25
14 15 10 76
15 16 24 77
16 17 96 3
(942, 735)

Arvore 101
0 1 69 27
0 9 44 47
1 2 21 74
2 3 26 75
3 12 70 32
4 5 42 55
5 14 89 14
6 7 85 20
7 8 92 12
8 17 77 25
9 10 5 91
10 11 10 76
12 13 99 4
13 14 84 25
14 15 10 76
15 16 24 77
16 17 96 3
(943, 733)

Arvore 102
0 1 69 27
0 9 44 47
1 2 21 74
2 11 90 16
3 12 70 32
4 5 42 55
4 13 15 85
5 6 11 89
5 14 89 14
6 7 85 20
7 8 92 12
8 17 77 25
10 11 10 76
11 12 25 77
12 13 99 4
14 15 10 76
16 17 96 3
(945, 732)

Arvore 103
0 1 69 27
0 9 44 47
1 2 21 74
2 3 26 75
2 11 90 16
3 12 70 32
4 5 42 55
4 13 15 85
5 6 11 89
5 14 89 14
6 7 85 20
7 8 92 12
8 17 77 25
10 11 10 76
12 13 99 4
14 15 10 76
16 17 96 3
(946, 730)

Arvore 104
0 1 69 27
0 9 44 47
1 2 21 74
1 10 62 40
3 4 32 67
3 12 70 32
4 5 42 55
5 14 89 14
6 7 85 20
7 8 92 12
8 17 77 25
10 11 10 76
11 12 25 77
12 13 99 4
14 15 10 76
15 16 24 77
16 17 96 3
(947, 726)

Arvore 105
0 1 69 27
0 9 44 47
1 2 21 74
1 10 62 40
2 3 26 75
3 4 32 67
3 12 70 32
4 5 42 55
5 14 89 14
6 7 85 20
7 8 92 12
8 17 77 25
10 11 10 76
12 13 99 4
14 15 10 76
15 16 24 77
16 17 96 3
(948, 724)

Arvore 106
0 1 69 27
0 9 44 47
1 2 21 74
2 3 26 75
3 4 32 67
3 12 70 32
4 5 42 55
5 14 89 14
6 7 85 20
6 15 86 24
7 8 92 12
8 17 77 25
9 10 5 91
10 11 10 76
12 13 99 4
14 15 10 76
16 17 96 3
(953, 722)

Arvore 107
0 1 69 27
0 9 44 47
1 2 21 74
2 11 90 16
3 12 70 32
4 5 42 55
4 13 15 85
5 14 89 14
6 7 85 20
7 8 92 12
8 17 77 25
10 11 10 76
11 12 25 77
12 13 99 4
14 15 10 76
15 16 24 77
16 17 96 3
(958, 720)

Arvore 108
0 1 69 27
0 9 44 47
1 2 21 74
2 3 26 75
2 11 90 16
3 12 70 32
4 5 42 55
4 13 15 85
5 14 89 14
6 7 85 20
7 8 92 12
8 17 77 25
10 11 10 76
12 13 99 4
14 15 10 76
15 16 24 77
16 17 96 3
(959, 718)

Arvore 109
0 1 69 27
0 9 44 47
2 3 26 75
2 11 90 16
3 4 32 67
3 12 70 32
4 5 42 55
5 14 89 14
6 7 85 20
7 8 92 12
8 17 77 25
9 10 5 91
10 11 10 76
12 13 99 4
14 15 10 76
15 16 24 77
16 17 96 3
(960, 717)

Arvore 110
0 1 69 27
0 9 44 47
1 2 21 74
2 11 90 16
3 4 32 67
3 12 70 32
4 5 42 55
5 6 11 89
5 14 89 14
6 7 85 20
7 8 92 12
8 17 77 25
10 11 10 76
11 12 25 77
12 13 99 4
14 15 10 76
16 17 96 3
(962, 714)

Arvore 111
0 1 69 27
0 9 44 47
1 2 21 74
2 3 26 75
2 11 90 16
3 4 32 67
3 12 70 32
4 5 42 55
5 6 11 89
5 14 89 14
6 7 85 20
7 8 92 12
8 17 77 25
10 11 10 76
12 13 99 4
14 15 10 76
16 17 96 3
(963, 712)

Arvore 112
0 9 44 47
1 2 21 74
2 3 26 75
2 11 90 16
3 4 32 67
3 12 70 32
6 7 85 20
7 8 92 12
8 17 77 25
10 11 10 76
12 13 99 4
13 14 84 25
14 15 10 76
15 16 24 77
16 17 96 3
(860, 629)

Arvore 113
0 1 69 27
0 9 44 47
1 10 62 40
2 11 90 16
3 12 70 32
4 5 42 55
5 14 89 14
6 7 85 20
7 8 92 12
8 17 77 25
10 11 10 76
11 12 25 77
12 13 99 4
13 14 84 25
14 15 10 76
15 16 24 77
16 17 96 3
(1068, 626)

Arvore 114
0 1 69 27
0 9 44 47
1 10 62 40
2 3 26 75
2 11 90 16
3 12 70 32
4 5 42 55
5 14 89 14
6 7 85 20
7 8 92 12
8 17 77 25
10 11 10 76
12 13 99 4
13 14 84 25
14 15 10 76
15 16 24 77
16 17 96 3
(1069, 624)

Arvore 115
0 1 69 27
0 9 44 47
2 3 26 75
2 11 90 16
3 12 70 32
4 5 42 55
5 14 89 14
6 7 85 20
6 15 86 24
7 8 92 12
8 17 77 25
9 10 5 91
10 11 10 76
12 13 99 4
13 14 84 25
14 15 10 76
16 17 96 3
(1074, 622)

Arvore 116
0 1 69 27
0 9 44 47
1 10 62 40
2 11 90 16
3 4 32 67
3 12 70 32
4 5 42 55
5 14 89 14
6 7 85 20
6 15 86 24
7 8 92 12
8 17 77 25
10 11 10 76
11 12 25 77
12 13 99 4
14 15 10 76
16 17 96 3
(1078, 615)

Arvore 117
0 1 69 27
0 9 44 47
1 10 62 40
2 3 26 75
2 11 90 16
3 4 32 67
3 12 70 32
4 5 42 55
5 14 89 14
6 7 85 20
6 15 86 24
7 8 92 12
8 17 77 25
10 11 10 76
12 13 99 4
14 15 10 76
16 17 96 3
(1079, 613)

Arvore 118
0 1 69 27
0 9 44 47
1 2 21 74
2 11 90 16
3 12 70 32
4 5 42 55
5 14 89 14
6 7 85 20
6 15 86 24
7 8 92 12
8 17 77 25
10 11 10 76
11 12 25 77
12 13 99 4
13 14 84 25
14 15 10 76
16 17 96 3
(1089, 607)

Arvore 119
0 1 69 27
0 9 44 47
1 2 21 74
2 3 26 75
2 11 90 16
3 12 70 32
4 5 42 55
5 14 89 14
6 7 85 20
6 15 86 24
7 8 92 12
8 17 77 25
10 11 10 76
12 13 99 4
13 14 84 25
14 15 10 76
16 17 96 3
(1090, 605)

Arvore 120
0 1 69 27
0 9 44 47
1 10 62 40
2 11 90 16
3 12 70 32
4 13 15 85
5 14 89 14
6 7 85 20
6 15 86 24
7 8 92 12
8 17 77 25
10 11 10 76
11 12 25 77
12 13 99 4
13 14 84 25
14 15 10 76
16 17 96 3
(1103, 603)

Arvore 121
0 1 69 27
0 9 44 47
1 10 62 40
2 3 26 75
2 11 90 16
3 12 70 32
4 13 15 85
5 14 89 14
6 7 85 20
6 15 86 24
7 8 92 12
8 17 77 25
10 11 10 76
12 13 99 4
13 14 84 25
14 15 10 76
16 17 96 3
(1104, 601)

Arvore 122
0 1 69 27
0 9 44 47
1 10 62 40
2 3 26 75
2 11 90 16
3 12 70 32
4 5 42 55
5 14 89 14
6 7 85 20
6 15 86 24
7 16 68 40
8 17 77 25
10 11 10 76
12 13 99 4
13 14 84 25
14 15 10 76
16 17 96 3
(1107, 599)

Arvore 123
0 1 69 27
0 9 44 47
1 10 62 40
2 3 26 75
2 11 90 16
3 4 32 67
3 12 70 32
5 14 89 14
6 7 85 20
6 15 86 24
7 8 92 12
7 16 68 40
10 11 10 76
12 13 99 4
13 14 84 25
14 15 10 76
16 17 96 3
(1112, 598)

Arvore 124
0 1 69 27
0 9 44 47
1 2 21 74
1 10 62 40
2 3 26 75
2 11 90 16
3 12 70 32
4 5 42 55
5 14 89 14
6 7 85 20
6 15 86 24
7 16 68 40
8 17 77 25
12 13 99 4
13 14 84 25
14 15 10 76
16 17 96 3
(1118, 597)

Arvore 125
0 1 69 27
0 9 44 47
1 10 62 40
2 11 90 16
3 4 32 67
3 12 70 32
5 14 89 14
6 7 85 20
6 15 86 24
7 8 92 12
8 17 77 25
10 11 10 76
11 12 25 77
12 13 99 4
13 14 84 25
14 15 10 76
16 17 96 3
(1120, 585)

Arvore 126
0 1 69 27
0 9 44 47
1 10 62 40
2 3 26 75
2 11 90 16
3 4 32 67
3 12 70 32
5 14 89 14
6 7 85 20
6 15 86 24
7 8 92 12
8 17 77 25
10 11 10 76
12 13 99 4
13 14 84 25
14 15 10 76
16 17 96 3
(1121, 583)

Arvore 127
0 1 69 27
0 9 44 47
1 10 62 40
2 11 90 16
3 12 70 32
4 5 42 55
5 14 89 14
6 7 85 20
6 15 86 24
7 8 92 12
8 17 77 25
10 11 10 76
11 12 25 77
12 13 99 4
13 14 84 25
14 15 10 76
16 17 96 3
(1130, 573)

Arvore 128
0 1 69 27
0 9 44 47
1 10 62 40
2 3 26 75
2 11 90 16
3 12 70 32
4 5 42 55
5 14 89 14
6 7 85 20
6 15 86 24
7 8 92 12
8 17 77 25
10 11 10 76
12 13 99 4
13 14 84 25
14 15 10 76
16 17 96 3
(1131, 571)

Arvore 129
0 1 69 27
0 9 44 47
1 2 21 74
1 10 62 40
2 3 26 75
2 11 90 16
3 12 70 32
4 5 42 55
5 14 89 14
6 7 85 20
6 15 86 24
7 8 92 12
8 17 77 25
12 13 99 4
13 14 84 25
14 15 10 76
16 17 96 3
(1142, 569)

