Instância GrafosCompletos/Conjunto2/2_OBJETIVOS/concave/12.conc1.in

AS VARIAVEIS BINARIAS FORAM CONSIDERADAS.

Optimize a model with 144 rows, 198 columns and 649 nonzeros
Coefficient statistics:
  Matrix range    [1e+00, 1e+01]
  Objective range [9e-02, 1e+02]
  Bounds range    [1e+00, 1e+01]
  RHS range       [1e+00, 1e+01]
Found heuristic solution: objective -375.381
Presolve time: 0.00s
Presolved: 144 rows, 198 columns, 649 nonzeros
Variable types: 132 continuous, 66 integer (66 binary)

Root relaxation: objective -1.017118e+01, 105 iterations, 0.00 seconds

    Nodes    |    Current Node    |     Objective Bounds      |     Work
 Expl Unexpl |  Obj  Depth IntInf | Incumbent    BestBd   Gap | It/Node

     0     0  -10.17118    0   11 -375.38100  -10.17118  97.3%     -   
H    0     0                     -99.2010004  -10.17118  89.7%     -   
     0     0  -35.51177    0   12  -99.20100  -35.51177  64.2%     -   
H    0     0                     -98.2170006  -35.51177  63.8%     -   
     0     0  -37.84148    0   17  -98.21700  -37.84148  61.5%     -   
     0     0  -41.48425    0   15  -98.21700  -41.48425  57.8%     -   
     0     0  -43.78328    0   14  -98.21700  -43.78328  55.4%     -   
H    0     0                     -92.2189995  -43.78328  52.5%     -   
     0     0  -43.85131    0   16  -92.21900  -43.85131  52.4%     -   
     0     0  -44.80587    0   16  -92.21900  -44.80587  51.4%     -   
     0     0  -45.10300    0   14  -92.21900  -45.10300  51.1%     -   
     0     0  -45.14188    0   16  -92.21900  -45.14188  51.0%     -   
H    0     0                     -92.2089993  -45.14188  51.0%     -   
H    0     0                     -72.1850001  -45.14188  37.5%     -   
     0     0  -45.14188    0   11  -72.18500  -45.14188  37.5%     -   
     0     0  -45.14188    0   16  -72.18500  -45.14188  37.5%     -   
     0     0  -45.14188    0   17  -72.18500  -45.14188  37.5%     -   
     0     0  -45.14188    0   19  -72.18500  -45.14188  37.5%     -   
     0     0  -45.14188    0   17  -72.18500  -45.14188  37.5%     -   
     0     0  -45.14188    0   16  -72.18500  -45.14188  37.5%     -   
     0     0  -45.14188    0   16  -72.18500  -45.14188  37.5%     -   
     0     0  -45.23041    0   16  -72.18500  -45.23041  37.3%     -   
     0     2  -45.26608    0   16  -72.18500  -45.26608  37.3%     -   
H   23    23                     -70.1950003  -47.63993  32.1%  18.7   
H   81    68                     -70.1930005  -47.65467  32.1%  10.3   
H  108    90                     -69.1970002  -47.74407  31.0%  11.4   
H  189   157                     -68.2030002  -47.81964  29.9%  10.8   
H  289   204                     -67.1950003  -48.31073  28.1%  11.3   
H  885   448                     -66.1960007  -50.35184  23.9%  13.9   
  3383  1690  -57.44337   34   11  -66.19600  -53.43220  19.3%  12.8   
H 4172  1979                     -65.1940009  -53.90213  17.3%  12.6   
H 4615  2053                     -64.1960007  -54.08236  15.8%  12.6   
  7024  2787  -57.55572   25   10  -64.19600  -55.39156  13.7%  12.7   
 10202  3614  -62.66153   28    7  -64.19600  -56.30490  12.3%  12.5   
 12646  3982  -63.80507   31   10  -64.19600  -57.10218  11.1%  12.8   
 15721  4026  -62.67015   23    7  -64.19600  -58.04687  9.58%  13.3   
H16977  3973                     -64.1920005  -58.45217  8.94%  13.3   
 18686  3808  -62.51522   29   11  -64.19200  -58.98608  8.11%  13.4   
 21934  3278     cutoff   34       -64.19200  -59.97119  6.58%  13.4   
 25012  2236     cutoff   32       -64.19200  -61.16424  4.72%  13.3   

Cutting planes:
  Gomory: 9
  MIR: 79
  Flow cover: 131
  Flow path: 25
  Zero half: 8
  Network: 1

Explored 28317 nodes (362232 simplex iterations) in 43.80 seconds
Thread count was 1 (of 4 available processors)

Optimal solution found (tolerance 1.00e-04)
Best objective -6.419200053066e+01, best bound -6.418732358658e+01, gap 0.0073%

Arvore 1 *** OK! PRIMERIA SOLUCAO OTIMA! TUDO CERTO AQUI!
0 1 6 6
0 2 0 94
0 4 7 10
2 6 6 12
3 7 6 8
3 8 7 6
3 10 6 13
5 11 6 13
6 11 7 8
7 9 6 12
7 11 7 10
(64, 192)
