23
0.23
Arvore 1
0 1 13 13
0 2 0 87
0 6 14 17
1 8 19 13
2 4 13 14
2 7 16 14
3 5 15 14
3 7 16 13
3 9 16 14
(122, 199)

Arvore 2
0 1 13 13
0 2 0 87
0 6 14 17
1 8 19 13
2 4 13 14
2 7 16 14
3 5 15 14
3 7 16 13
6 9 13 19
(119, 204)

Arvore 3
0 1 13 13
0 2 0 87
0 6 14 17
1 8 19 13
2 4 13 14
2 7 16 14
3 5 15 14
3 8 15 19
6 9 13 19
(118, 210)

Arvore 4
0 1 13 13
0 2 0 87
0 6 14 17
1 8 19 13
2 4 13 14
3 5 15 14
3 7 16 13
3 8 15 19
6 9 13 19
(118, 209)

Arvore 5
0 1 13 13
0 2 0 87
0 6 14 17
1 8 19 13
2 4 13 14
3 5 15 14
3 7 16 13
3 9 16 14
6 9 13 19
(119, 204)

Arvore 6
0 1 13 13
0 2 0 87
1 8 19 13
2 4 13 14
2 6 15 14
2 7 16 14
3 5 15 14
3 7 16 13
3 9 16 14
(123, 196)

Arvore 7
0 1 13 13
0 2 0 87
1 8 19 13
2 4 13 14
2 6 15 14
2 7 16 14
3 5 15 14
3 7 16 13
6 9 13 19
(120, 201)

Arvore 8
0 1 13 13
0 2 0 87
1 8 19 13
2 4 13 14
2 6 15 14
2 7 16 14
3 5 15 14
3 8 15 19
6 9 13 19
(119, 207)

Arvore 9
0 1 13 13
0 2 0 87
1 8 19 13
2 4 13 14
2 6 15 14
3 5 15 14
3 7 16 13
3 8 15 19
6 9 13 19
(119, 206)

Arvore 10
0 1 13 13
0 2 0 87
1 8 19 13
2 4 13 14
2 6 15 14
3 5 15 14
3 7 16 13
3 9 16 14
6 9 13 19
(120, 201)

Arvore 11
0 1 13 13
0 2 0 87
0 6 14 17
2 4 13 14
2 7 16 14
3 5 15 14
3 7 16 13
3 8 15 19
3 9 16 14
(118, 205)

Arvore 12
0 1 13 13
0 2 0 87
0 6 14 17
2 4 13 14
2 7 16 14
3 5 15 14
3 7 16 13
3 9 16 14
4 8 16 16
(119, 202)

Arvore 13
0 1 13 13
0 2 0 87
0 6 14 17
2 4 13 14
2 7 16 14
3 5 15 14
3 7 16 13
3 9 16 14
6 8 17 14
(120, 200)

Arvore 14
0 1 13 13
0 2 0 87
0 6 14 17
2 4 13 14
2 7 16 14
3 5 15 14
3 7 16 13
3 8 15 19
6 9 13 19
(115, 210)

Arvore 15
0 1 13 13
0 2 0 87
0 6 14 17
2 4 13 14
2 7 16 14
3 5 15 14
3 7 16 13
4 8 16 16
6 9 13 19
(116, 207)

Arvore 16
0 1 13 13
0 2 0 87
0 6 14 17
2 4 13 14
2 7 16 14
3 5 15 14
3 7 16 13
6 8 17 14
6 9 13 19
(117, 205)

Arvore 17
0 1 13 13
0 2 0 87
0 6 14 17
2 4 13 14
3 5 15 14
3 7 16 13
3 8 15 19
3 9 16 14
6 9 13 19
(115, 210)

Arvore 18
0 1 13 13
0 2 0 87
0 6 14 17
2 4 13 14
3 5 15 14
3 7 16 13
3 9 16 14
4 8 16 16
6 9 13 19
(116, 207)

Arvore 19
0 1 13 13
0 2 0 87
0 6 14 17
2 4 13 14
3 5 15 14
3 7 16 13
3 9 16 14
6 8 17 14
6 9 13 19
(117, 205)

Arvore 20
0 1 13 13
0 2 0 87
2 4 13 14
2 6 15 14
2 7 16 14
3 5 15 14
3 7 16 13
3 8 15 19
3 9 16 14
(119, 202)

Arvore 21
0 1 13 13
0 2 0 87
2 4 13 14
2 6 15 14
2 7 16 14
3 5 15 14
3 7 16 13
3 9 16 14
4 8 16 16
(120, 199)

Arvore 22
0 1 13 13
0 2 0 87
2 4 13 14
2 6 15 14
2 7 16 14
3 5 15 14
3 7 16 13
3 9 16 14
6 8 17 14
(121, 197)

Arvore 23
0 1 13 13
0 2 0 87
2 4 13 14
2 6 15 14
2 7 16 14
3 5 15 14
3 7 16 13
3 8 15 19
6 9 13 19
(116, 207)

Arvore 24
0 1 13 13
0 2 0 87
2 4 13 14
2 6 15 14
2 7 16 14
3 5 15 14
3 7 16 13
4 8 16 16
6 9 13 19
(117, 204)

Arvore 25
0 1 13 13
0 2 0 87
2 4 13 14
2 6 15 14
2 7 16 14
3 5 15 14
3 7 16 13
6 8 17 14
6 9 13 19
(118, 202)

Arvore 26
0 1 13 13
0 2 0 87
2 4 13 14
2 6 15 14
3 5 15 14
3 7 16 13
3 8 15 19
3 9 16 14
6 9 13 19
(116, 207)

Arvore 27
0 1 13 13
0 2 0 87
2 4 13 14
2 6 15 14
3 5 15 14
3 7 16 13
3 9 16 14
4 8 16 16
6 9 13 19
(117, 204)

Arvore 28
0 1 13 13
0 2 0 87
2 4 13 14
2 6 15 14
3 5 15 14
3 7 16 13
3 9 16 14
6 8 17 14
6 9 13 19
(118, 202)

Arvore 29
0 1 13 13
0 2 0 87
0 5 18 16
0 6 14 17
1 8 19 13
2 4 13 14
3 5 15 14
3 7 16 13
3 9 16 14
(124, 201)

Arvore 30
0 1 13 13
0 2 0 87
0 5 18 16
0 6 14 17
1 8 19 13
2 4 13 14
3 5 15 14
3 7 16 13
6 9 13 19
(121, 206)

Arvore 31
0 1 13 13
0 2 0 87
0 5 18 16
1 8 19 13
2 4 13 14
2 6 15 14
3 5 15 14
3 7 16 13
3 9 16 14
(125, 198)

Arvore 32
0 1 13 13
0 2 0 87
0 5 18 16
1 8 19 13
2 4 13 14
2 6 15 14
3 5 15 14
3 7 16 13
6 9 13 19
(122, 203)

Arvore 33
0 1 13 13
0 2 0 87
0 5 18 16
0 6 14 17
2 4 13 14
3 5 15 14
3 7 16 13
3 8 15 19
3 9 16 14
(120, 207)

Arvore 34
0 1 13 13
0 2 0 87
0 5 18 16
0 6 14 17
2 4 13 14
3 5 15 14
3 7 16 13
3 9 16 14
4 8 16 16
(121, 204)

Arvore 35
0 1 13 13
0 2 0 87
0 5 18 16
0 6 14 17
2 4 13 14
3 5 15 14
3 7 16 13
3 9 16 14
6 8 17 14
(122, 202)

Arvore 36
0 1 13 13
0 2 0 87
0 5 18 16
0 6 14 17
2 4 13 14
3 5 15 14
3 7 16 13
3 8 15 19
6 9 13 19
(117, 212)

Arvore 37
0 1 13 13
0 2 0 87
0 5 18 16
0 6 14 17
2 4 13 14
3 5 15 14
3 7 16 13
4 8 16 16
6 9 13 19
(118, 209)

Arvore 38
0 1 13 13
0 2 0 87
0 5 18 16
0 6 14 17
2 4 13 14
3 5 15 14
3 7 16 13
6 8 17 14
6 9 13 19
(119, 207)

Arvore 39
0 1 13 13
0 2 0 87
0 5 18 16
2 4 13 14
2 6 15 14
3 5 15 14
3 7 16 13
3 8 15 19
3 9 16 14
(121, 204)

Arvore 40
0 1 13 13
0 2 0 87
0 5 18 16
2 4 13 14
2 6 15 14
3 5 15 14
3 7 16 13
3 9 16 14
4 8 16 16
(122, 201)

Arvore 41
0 1 13 13
0 2 0 87
0 5 18 16
2 4 13 14
2 6 15 14
3 5 15 14
3 7 16 13
3 9 16 14
6 8 17 14
(123, 199)

Arvore 42
0 1 13 13
0 2 0 87
0 5 18 16
2 4 13 14
2 6 15 14
3 5 15 14
3 7 16 13
3 8 15 19
6 9 13 19
(118, 209)

Arvore 43
0 1 13 13
0 2 0 87
0 5 18 16
2 4 13 14
2 6 15 14
3 5 15 14
3 7 16 13
4 8 16 16
6 9 13 19
(119, 206)

Arvore 44
0 1 13 13
0 2 0 87
0 5 18 16
2 4 13 14
2 6 15 14
3 5 15 14
3 7 16 13
6 8 17 14
6 9 13 19
(120, 204)

Arvore 45
0 1 13 13
0 5 18 16
0 6 14 17
1 2 87 0
1 8 19 13
2 4 13 14
3 5 15 14
3 7 16 13
3 9 16 14
(211, 114)

Arvore 46
0 1 13 13
0 5 18 16
0 6 14 17
1 2 87 0
1 8 19 13
2 4 13 14
3 5 15 14
3 7 16 13
6 9 13 19
(208, 119)

Arvore 47
0 1 13 13
0 5 18 16
0 6 14 17
1 2 87 0
2 4 13 14
3 5 15 14
3 7 16 13
3 8 15 19
3 9 16 14
(207, 120)

Arvore 48
0 1 13 13
0 5 18 16
0 6 14 17
1 2 87 0
2 4 13 14
3 5 15 14
3 7 16 13
3 9 16 14
4 8 16 16
(208, 117)

Arvore 49
0 1 13 13
0 5 18 16
0 6 14 17
1 2 87 0
2 4 13 14
3 5 15 14
3 7 16 13
3 9 16 14
6 8 17 14
(209, 115)

Arvore 50
0 1 13 13
0 5 18 16
0 6 14 17
1 2 87 0
2 4 13 14
3 5 15 14
3 7 16 13
3 8 15 19
6 9 13 19
(204, 125)

Arvore 51
0 1 13 13
0 5 18 16
0 6 14 17
1 2 87 0
2 4 13 14
3 5 15 14
3 7 16 13
4 8 16 16
6 9 13 19
(205, 122)

Arvore 52
0 1 13 13
0 5 18 16
0 6 14 17
1 2 87 0
2 4 13 14
3 5 15 14
3 7 16 13
6 8 17 14
6 9 13 19
(206, 120)

Arvore 53
0 1 13 13
0 5 18 16
0 6 14 17
1 8 19 13
2 4 13 14
2 6 15 14
3 5 15 14
3 7 16 13
3 9 16 14
(139, 128)

Arvore 54
0 1 13 13
0 5 18 16
0 6 14 17
1 8 19 13
2 4 13 14
2 6 15 14
3 5 15 14
3 7 16 13
6 9 13 19
(136, 133)

Arvore 55
0 1 13 13
0 5 18 16
0 6 14 17
1 8 19 13
2 4 13 14
2 6 15 14
3 5 15 14
3 7 16 13
6 9 13 19
(136, 133)

Arvore 56
0 1 13 13
0 5 18 16
0 6 14 17
2 4 13 14
2 6 15 14
3 5 15 14
3 7 16 13
3 8 15 19
3 9 16 14
(135, 134)

Arvore 57
0 1 13 13
0 5 18 16
0 6 14 17
2 4 13 14
2 6 15 14
3 5 15 14
3 7 16 13
3 9 16 14
4 8 16 16
(136, 131)

Arvore 58
0 1 13 13
0 5 18 16
0 6 14 17
2 4 13 14
2 6 15 14
3 5 15 14
3 7 16 13
3 9 16 14
6 8 17 14
(137, 129)

Arvore 59
0 1 13 13
0 5 18 16
0 6 14 17
2 4 13 14
2 6 15 14
3 5 15 14
3 7 16 13
3 8 15 19
6 9 13 19
(132, 139)

Arvore 60
0 1 13 13
0 5 18 16
0 6 14 17
2 4 13 14
2 6 15 14
3 5 15 14
3 7 16 13
4 8 16 16
6 9 13 19
(133, 136)

Arvore 61
0 1 13 13
0 5 18 16
0 6 14 17
2 4 13 14
2 6 15 14
3 5 15 14
3 7 16 13
6 8 17 14
6 9 13 19
(134, 134)

Arvore 62
0 1 13 13
0 5 18 16
1 2 87 0
1 8 19 13
2 4 13 14
2 6 15 14
3 5 15 14
3 7 16 13
3 9 16 14
(212, 111)

Arvore 63
0 1 13 13
0 5 18 16
1 2 87 0
1 8 19 13
2 4 13 14
2 6 15 14
3 5 15 14
3 7 16 13
6 9 13 19
(209, 116)

Arvore 64
0 1 13 13
0 5 18 16
1 2 87 0
1 8 19 13
2 4 13 14
2 6 15 14
3 5 15 14
3 7 16 13
6 9 13 19
(209, 116)

Arvore 65
0 1 13 13
0 5 18 16
1 2 87 0
2 4 13 14
2 6 15 14
3 5 15 14
3 7 16 13
3 8 15 19
3 9 16 14
(208, 117)

Arvore 66
0 1 13 13
0 5 18 16
1 2 87 0
2 4 13 14
2 6 15 14
3 5 15 14
3 7 16 13
3 9 16 14
4 8 16 16
(209, 114)

Arvore 67
0 1 13 13
0 5 18 16
1 2 87 0
2 4 13 14
2 6 15 14
3 5 15 14
3 7 16 13
3 9 16 14
6 8 17 14
(210, 112)

Arvore 68
0 1 13 13
0 5 18 16
1 2 87 0
2 4 13 14
2 6 15 14
3 5 15 14
3 7 16 13
3 8 15 19
6 9 13 19
(205, 122)

Arvore 69
0 1 13 13
0 5 18 16
1 2 87 0
2 4 13 14
2 6 15 14
3 5 15 14
3 7 16 13
4 8 16 16
6 9 13 19
(206, 119)

Arvore 70
0 1 13 13
0 5 18 16
1 2 87 0
2 4 13 14
2 6 15 14
3 5 15 14
3 7 16 13
6 8 17 14
6 9 13 19
(207, 117)

Arvore 71
0 1 13 13
0 5 18 16
0 6 14 17
1 8 19 13
2 4 13 14
2 7 16 14
3 5 15 14
3 7 16 13
3 9 16 14
(140, 128)

Arvore 72
0 1 13 13
0 5 18 16
0 6 14 17
1 8 19 13
2 4 13 14
2 7 16 14
3 5 15 14
3 7 16 13
6 9 13 19
(137, 133)

Arvore 73
0 1 13 13
0 5 18 16
1 8 19 13
2 4 13 14
2 6 15 14
2 7 16 14
3 5 15 14
3 7 16 13
3 9 16 14
(141, 125)

Arvore 74
0 1 13 13
0 5 18 16
1 8 19 13
2 4 13 14
2 6 15 14
2 7 16 14
3 5 15 14
3 7 16 13
6 9 13 19
(138, 130)

Arvore 75
0 1 13 13
0 2 0 87
0 5 18 16
1 8 19 13
2 4 13 14
3 5 15 14
3 7 16 13
3 9 16 14
6 9 13 19
(123, 203)

Arvore 76
0 1 13 13
0 5 18 16
1 2 87 0
1 8 19 13
2 4 13 14
3 5 15 14
3 7 16 13
3 9 16 14
6 9 13 19
(210, 116)

Arvore 77
0 1 13 13
0 5 18 16
1 8 19 13
2 4 13 14
2 7 16 14
3 5 15 14
3 7 16 13
3 9 16 14
6 9 13 19
(139, 130)

Arvore 78
0 1 13 13
0 5 18 16
1 8 19 13
2 4 13 14
2 6 15 14
3 5 15 14
3 7 16 13
3 9 16 14
6 9 13 19
(138, 130)

Arvore 79
0 1 13 13
0 5 18 16
0 6 14 17
2 4 13 14
2 7 16 14
3 5 15 14
3 7 16 13
3 8 15 19
3 9 16 14
(136, 134)

Arvore 80
0 1 13 13
0 5 18 16
0 6 14 17
2 4 13 14
2 7 16 14
3 5 15 14
3 7 16 13
3 9 16 14
4 8 16 16
(137, 131)

Arvore 81
0 1 13 13
0 5 18 16
0 6 14 17
2 4 13 14
2 7 16 14
3 5 15 14
3 7 16 13
3 9 16 14
6 8 17 14
(138, 129)

Arvore 82
0 1 13 13
0 5 18 16
0 6 14 17
2 4 13 14
2 7 16 14
3 5 15 14
3 7 16 13
3 8 15 19
6 9 13 19
(133, 139)

Arvore 83
0 1 13 13
0 5 18 16
0 6 14 17
2 4 13 14
2 7 16 14
3 5 15 14
3 7 16 13
4 8 16 16
6 9 13 19
(134, 136)

Arvore 84
0 1 13 13
0 5 18 16
0 6 14 17
2 4 13 14
2 7 16 14
3 5 15 14
3 7 16 13
6 8 17 14
6 9 13 19
(135, 134)

Arvore 85
0 1 13 13
0 5 18 16
2 4 13 14
2 6 15 14
2 7 16 14
3 5 15 14
3 7 16 13
3 8 15 19
3 9 16 14
(137, 131)

Arvore 86
0 1 13 13
0 5 18 16
2 4 13 14
2 6 15 14
2 7 16 14
3 5 15 14
3 7 16 13
3 9 16 14
4 8 16 16
(138, 128)

Arvore 87
0 1 13 13
0 5 18 16
2 4 13 14
2 6 15 14
2 7 16 14
3 5 15 14
3 7 16 13
3 9 16 14
6 8 17 14
(139, 126)

Arvore 88
0 1 13 13
0 5 18 16
2 4 13 14
2 6 15 14
2 7 16 14
3 5 15 14
3 7 16 13
3 8 15 19
6 9 13 19
(134, 136)

Arvore 89
0 1 13 13
0 5 18 16
2 4 13 14
2 6 15 14
2 7 16 14
3 5 15 14
3 7 16 13
4 8 16 16
6 9 13 19
(135, 133)

Arvore 90
0 1 13 13
0 5 18 16
2 4 13 14
2 6 15 14
2 7 16 14
3 5 15 14
3 7 16 13
6 8 17 14
6 9 13 19
(136, 131)

Arvore 91
0 1 13 13
0 2 0 87
0 5 18 16
2 4 13 14
3 5 15 14
3 7 16 13
3 8 15 19
3 9 16 14
6 9 13 19
(119, 209)

Arvore 92
0 1 13 13
0 2 0 87
0 5 18 16
2 4 13 14
3 5 15 14
3 7 16 13
3 9 16 14
4 8 16 16
6 9 13 19
(120, 206)

Arvore 93
0 1 13 13
0 2 0 87
0 5 18 16
2 4 13 14
3 5 15 14
3 7 16 13
3 9 16 14
6 8 17 14
6 9 13 19
(121, 204)

Arvore 94
0 1 13 13
0 5 18 16
1 2 87 0
2 4 13 14
3 5 15 14
3 7 16 13
3 8 15 19
3 9 16 14
6 9 13 19
(206, 122)

Arvore 95
0 1 13 13
0 5 18 16
1 2 87 0
2 4 13 14
3 5 15 14
3 7 16 13
3 9 16 14
4 8 16 16
6 9 13 19
(207, 119)

Arvore 96
0 1 13 13
0 5 18 16
1 2 87 0
2 4 13 14
3 5 15 14
3 7 16 13
3 9 16 14
6 8 17 14
6 9 13 19
(208, 117)

Arvore 97
0 1 13 13
0 5 18 16
2 4 13 14
2 7 16 14
3 5 15 14
3 7 16 13
3 8 15 19
3 9 16 14
6 9 13 19
(135, 136)

Arvore 98
0 1 13 13
0 5 18 16
2 4 13 14
2 7 16 14
3 5 15 14
3 7 16 13
3 9 16 14
4 8 16 16
6 9 13 19
(136, 133)

Arvore 99
0 1 13 13
0 5 18 16
2 4 13 14
2 7 16 14
3 5 15 14
3 7 16 13
3 9 16 14
6 8 17 14
6 9 13 19
(137, 131)

Arvore 100
0 1 13 13
0 5 18 16
2 4 13 14
2 6 15 14
3 5 15 14
3 7 16 13
3 8 15 19
3 9 16 14
6 9 13 19
(134, 136)

Arvore 101
0 1 13 13
0 5 18 16
2 4 13 14
2 6 15 14
3 5 15 14
3 7 16 13
3 9 16 14
4 8 16 16
6 9 13 19
(135, 133)

Arvore 102
0 1 13 13
0 5 18 16
2 4 13 14
2 6 15 14
3 5 15 14
3 7 16 13
3 9 16 14
6 8 17 14
6 9 13 19
(136, 131)

Arvore 103
0 1 13 13
0 6 14 17
1 2 87 0
1 8 19 13
2 4 13 14
2 7 16 14
3 5 15 14
3 7 16 13
3 9 16 14
(209, 112)

Arvore 104
0 1 13 13
0 6 14 17
1 2 87 0
1 8 19 13
2 4 13 14
2 7 16 14
3 5 15 14
3 7 16 13
6 9 13 19
(206, 117)

Arvore 105
0 1 13 13
0 6 14 17
1 2 87 0
1 8 19 13
2 4 13 14
2 7 16 14
3 5 15 14
3 8 15 19
6 9 13 19
(205, 123)

Arvore 106
0 1 13 13
0 6 14 17
1 2 87 0
1 8 19 13
2 4 13 14
3 5 15 14
3 7 16 13
3 8 15 19
6 9 13 19
(205, 122)

Arvore 107
0 1 13 13
0 6 14 17
1 2 87 0
1 8 19 13
2 4 13 14
3 5 15 14
3 7 16 13
3 9 16 14
6 9 13 19
(206, 117)

Arvore 108
0 1 13 13
0 6 14 17
1 2 87 0
2 4 13 14
2 7 16 14
3 5 15 14
3 7 16 13
3 8 15 19
3 9 16 14
(205, 118)

Arvore 109
0 1 13 13
0 6 14 17
1 2 87 0
2 4 13 14
2 7 16 14
3 5 15 14
3 7 16 13
3 9 16 14
4 8 16 16
(206, 115)

Arvore 110
0 1 13 13
0 6 14 17
1 2 87 0
2 4 13 14
2 7 16 14
3 5 15 14
3 7 16 13
3 9 16 14
6 8 17 14
(207, 113)

Arvore 111
0 1 13 13
0 6 14 17
1 2 87 0
2 4 13 14
2 7 16 14
3 5 15 14
3 7 16 13
3 8 15 19
6 9 13 19
(202, 123)

Arvore 112
0 1 13 13
0 6 14 17
1 2 87 0
2 4 13 14
2 7 16 14
3 5 15 14
3 7 16 13
4 8 16 16
6 9 13 19
(203, 120)

Arvore 113
0 1 13 13
0 6 14 17
1 2 87 0
2 4 13 14
2 7 16 14
3 5 15 14
3 7 16 13
6 8 17 14
6 9 13 19
(204, 118)

Arvore 114
0 1 13 13
0 6 14 17
1 2 87 0
2 4 13 14
3 5 15 14
3 7 16 13
3 8 15 19
3 9 16 14
6 9 13 19
(202, 123)

Arvore 115
0 1 13 13
0 6 14 17
1 2 87 0
2 4 13 14
3 5 15 14
3 7 16 13
3 9 16 14
4 8 16 16
6 9 13 19
(203, 120)

Arvore 116
0 1 13 13
0 6 14 17
1 2 87 0
2 4 13 14
3 5 15 14
3 7 16 13
3 9 16 14
6 8 17 14
6 9 13 19
(204, 118)

Arvore 117
0 1 13 13
0 6 14 17
1 8 19 13
2 4 13 14
2 6 15 14
2 7 16 14
3 5 15 14
3 7 16 13
3 9 16 14
(137, 126)

Arvore 118
0 1 13 13
0 6 14 17
1 8 19 13
2 4 13 14
2 6 15 14
2 7 16 14
3 5 15 14
3 7 16 13
6 9 13 19
(134, 131)

Arvore 119
0 1 13 13
0 6 14 17
1 8 19 13
2 4 13 14
2 6 15 14
2 7 16 14
3 5 15 14
3 8 15 19
6 9 13 19
(133, 137)

Arvore 120
0 1 13 13
0 6 14 17
1 8 19 13
2 4 13 14
2 6 15 14
3 5 15 14
3 7 16 13
3 8 15 19
6 9 13 19
(133, 136)

Arvore 121
0 1 13 13
0 6 14 17
1 8 19 13
2 4 13 14
2 6 15 14
3 5 15 14
3 7 16 13
3 9 16 14
6 9 13 19
(134, 131)

Arvore 122
0 1 13 13
0 6 14 17
2 4 13 14
2 6 15 14
2 7 16 14
3 5 15 14
3 7 16 13
3 8 15 19
3 9 16 14
(133, 132)

Arvore 123
0 1 13 13
0 6 14 17
2 4 13 14
2 6 15 14
2 7 16 14
3 5 15 14
3 7 16 13
3 9 16 14
4 8 16 16
(134, 129)

Arvore 124
0 1 13 13
0 6 14 17
2 4 13 14
2 6 15 14
2 7 16 14
3 5 15 14
3 7 16 13
3 9 16 14
6 8 17 14
(135, 127)

Arvore 125
0 1 13 13
0 6 14 17
2 4 13 14
2 6 15 14
2 7 16 14
3 5 15 14
3 7 16 13
3 8 15 19
6 9 13 19
(130, 137)

Arvore 126
0 1 13 13
0 6 14 17
2 4 13 14
2 6 15 14
2 7 16 14
3 5 15 14
3 7 16 13
4 8 16 16
6 9 13 19
(131, 134)

Arvore 127
0 1 13 13
0 6 14 17
2 4 13 14
2 6 15 14
2 7 16 14
3 5 15 14
3 7 16 13
6 8 17 14
6 9 13 19
(132, 132)

Arvore 128
0 1 13 13
0 6 14 17
2 4 13 14
2 6 15 14
3 5 15 14
3 7 16 13
3 8 15 19
3 9 16 14
6 9 13 19
(130, 137)

Arvore 129
0 1 13 13
0 6 14 17
2 4 13 14
2 6 15 14
3 5 15 14
3 7 16 13
3 9 16 14
4 8 16 16
6 9 13 19
(131, 134)

Arvore 130
0 1 13 13
0 6 14 17
2 4 13 14
2 6 15 14
3 5 15 14
3 7 16 13
3 9 16 14
6 8 17 14
6 9 13 19
(132, 132)

Arvore 131
0 1 13 13
1 2 87 0
1 8 19 13
2 4 13 14
2 6 15 14
2 7 16 14
3 5 15 14
3 7 16 13
3 9 16 14
(210, 109)

Arvore 132
0 1 13 13
1 2 87 0
1 8 19 13
2 4 13 14
2 6 15 14
2 7 16 14
3 5 15 14
3 7 16 13
6 9 13 19
(207, 114)

Arvore 133
0 1 13 13
1 2 87 0
1 8 19 13
2 4 13 14
2 6 15 14
2 7 16 14
3 5 15 14
3 8 15 19
6 9 13 19
(206, 120)

Arvore 134
0 1 13 13
1 2 87 0
1 8 19 13
2 4 13 14
2 6 15 14
3 5 15 14
3 7 16 13
3 8 15 19
6 9 13 19
(206, 119)

Arvore 135
0 1 13 13
1 2 87 0
1 8 19 13
2 4 13 14
2 6 15 14
3 5 15 14
3 7 16 13
3 9 16 14
6 9 13 19
(207, 114)

Arvore 136
0 1 13 13
1 2 87 0
2 4 13 14
2 6 15 14
2 7 16 14
3 5 15 14
3 7 16 13
3 8 15 19
3 9 16 14
(206, 115)

Arvore 137
0 1 13 13
1 2 87 0
2 4 13 14
2 6 15 14
2 7 16 14
3 5 15 14
3 7 16 13
3 9 16 14
4 8 16 16
(207, 112)

Arvore 138
0 1 13 13
1 2 87 0
2 4 13 14
2 6 15 14
2 7 16 14
3 5 15 14
3 7 16 13
3 9 16 14
6 8 17 14
(208, 110)

Arvore 139
0 1 13 13
1 2 87 0
2 4 13 14
2 6 15 14
2 7 16 14
3 5 15 14
3 7 16 13
3 8 15 19
6 9 13 19
(203, 120)

Arvore 140
0 1 13 13
1 2 87 0
2 4 13 14
2 6 15 14
2 7 16 14
3 5 15 14
3 7 16 13
4 8 16 16
6 9 13 19
(204, 117)

Arvore 141
0 1 13 13
1 2 87 0
2 4 13 14
2 6 15 14
2 7 16 14
3 5 15 14
3 7 16 13
6 8 17 14
6 9 13 19
(205, 115)

Arvore 142
0 1 13 13
1 2 87 0
2 4 13 14
2 6 15 14
3 5 15 14
3 7 16 13
3 8 15 19
3 9 16 14
6 9 13 19
(203, 120)

Arvore 143
0 1 13 13
1 2 87 0
2 4 13 14
2 6 15 14
3 5 15 14
3 7 16 13
3 9 16 14
4 8 16 16
6 9 13 19
(204, 117)

Arvore 144
0 1 13 13
1 2 87 0
2 4 13 14
2 6 15 14
3 5 15 14
3 7 16 13
3 9 16 14
6 8 17 14
6 9 13 19
(205, 115)

Arvore 145
0 1 13 13
0 2 0 87
0 6 14 17
1 8 19 13
2 7 16 14
3 5 15 14
3 7 16 13
3 9 16 14
4 8 16 16
(125, 201)

Arvore 146
0 1 13 13
0 2 0 87
0 6 14 17
1 8 19 13
2 7 16 14
3 5 15 14
3 7 16 13
4 8 16 16
6 9 13 19
(122, 206)

Arvore 147
0 1 13 13
0 2 0 87
0 6 14 17
1 8 19 13
2 7 16 14
3 5 15 14
3 8 15 19
4 8 16 16
6 9 13 19
(121, 212)

Arvore 148
0 1 13 13
0 2 0 87
0 6 14 17
1 8 19 13
3 5 15 14
3 7 16 13
3 8 15 19
4 8 16 16
6 9 13 19
(121, 211)

Arvore 149
0 1 13 13
0 2 0 87
0 6 14 17
1 8 19 13
3 5 15 14
3 7 16 13
3 9 16 14
4 8 16 16
6 9 13 19
(122, 206)

Arvore 150
0 1 13 13
0 2 0 87
1 8 19 13
2 6 15 14
2 7 16 14
3 5 15 14
3 7 16 13
3 9 16 14
4 8 16 16
(126, 198)

Arvore 151
0 1 13 13
0 2 0 87
1 8 19 13
2 6 15 14
2 7 16 14
3 5 15 14
3 7 16 13
4 8 16 16
6 9 13 19
(123, 203)

Arvore 152
0 1 13 13
0 2 0 87
1 8 19 13
2 6 15 14
2 7 16 14
3 5 15 14
3 8 15 19
4 8 16 16
6 9 13 19
(122, 209)

Arvore 153
0 1 13 13
0 2 0 87
1 8 19 13
2 6 15 14
3 5 15 14
3 7 16 13
3 8 15 19
4 8 16 16
6 9 13 19
(122, 208)

Arvore 154
0 1 13 13
0 2 0 87
1 8 19 13
2 6 15 14
3 5 15 14
3 7 16 13
3 9 16 14
4 8 16 16
6 9 13 19
(123, 203)

Arvore 155
0 1 13 13
0 6 14 17
1 2 87 0
1 8 19 13
2 7 16 14
3 5 15 14
3 7 16 13
3 9 16 14
4 8 16 16
(212, 114)

Arvore 156
0 1 13 13
0 6 14 17
1 2 87 0
1 8 19 13
2 7 16 14
3 5 15 14
3 7 16 13
4 8 16 16
6 9 13 19
(209, 119)

Arvore 157
0 1 13 13
0 6 14 17
1 2 87 0
1 8 19 13
2 7 16 14
3 5 15 14
3 8 15 19
4 8 16 16
6 9 13 19
(208, 125)

Arvore 158
0 1 13 13
0 6 14 17
1 2 87 0
1 8 19 13
3 5 15 14
3 7 16 13
3 8 15 19
4 8 16 16
6 9 13 19
(208, 124)

Arvore 159
0 1 13 13
0 6 14 17
1 2 87 0
1 8 19 13
3 5 15 14
3 7 16 13
3 9 16 14
4 8 16 16
6 9 13 19
(209, 119)

Arvore 160
0 1 13 13
1 2 87 0
1 8 19 13
2 6 15 14
2 7 16 14
3 5 15 14
3 7 16 13
3 9 16 14
4 8 16 16
(213, 111)

Arvore 161
0 1 13 13
1 2 87 0
1 8 19 13
2 6 15 14
2 7 16 14
3 5 15 14
3 7 16 13
4 8 16 16
6 9 13 19
(210, 116)

Arvore 162
0 1 13 13
1 2 87 0
1 8 19 13
2 6 15 14
2 7 16 14
3 5 15 14
3 8 15 19
4 8 16 16
6 9 13 19
(209, 122)

Arvore 163
0 1 13 13
1 2 87 0
1 8 19 13
2 6 15 14
3 5 15 14
3 7 16 13
3 8 15 19
4 8 16 16
6 9 13 19
(209, 121)

Arvore 164
0 1 13 13
1 2 87 0
1 8 19 13
2 6 15 14
3 5 15 14
3 7 16 13
3 9 16 14
4 8 16 16
6 9 13 19
(210, 116)

Arvore 165
0 1 13 13
0 6 14 17
1 8 19 13
2 4 13 14
2 7 16 14
3 5 15 14
3 7 16 13
3 9 16 14
4 8 16 16
(138, 128)

Arvore 166
0 1 13 13
0 6 14 17
1 8 19 13
2 4 13 14
2 7 16 14
3 5 15 14
3 7 16 13
4 8 16 16
6 9 13 19
(135, 133)

Arvore 167
0 1 13 13
0 6 14 17
1 8 19 13
2 4 13 14
2 7 16 14
3 5 15 14
3 8 15 19
4 8 16 16
6 9 13 19
(134, 139)

Arvore 168
0 1 13 13
0 6 14 17
1 8 19 13
2 4 13 14
3 5 15 14
3 7 16 13
3 8 15 19
4 8 16 16
6 9 13 19
(134, 138)

Arvore 169
0 1 13 13
0 6 14 17
1 8 19 13
2 4 13 14
3 5 15 14
3 7 16 13
3 9 16 14
4 8 16 16
6 9 13 19
(135, 133)

Arvore 170
0 1 13 13
1 8 19 13
2 4 13 14
2 6 15 14
2 7 16 14
3 5 15 14
3 7 16 13
3 9 16 14
4 8 16 16
(139, 125)

Arvore 171
0 1 13 13
1 8 19 13
2 4 13 14
2 6 15 14
2 7 16 14
3 5 15 14
3 7 16 13
4 8 16 16
6 9 13 19
(136, 130)

Arvore 172
0 1 13 13
1 8 19 13
2 4 13 14
2 6 15 14
2 7 16 14
3 5 15 14
3 8 15 19
4 8 16 16
6 9 13 19
(135, 136)

Arvore 173
0 1 13 13
1 8 19 13
2 4 13 14
2 6 15 14
3 5 15 14
3 7 16 13
3 8 15 19
4 8 16 16
6 9 13 19
(135, 135)

Arvore 174
0 1 13 13
1 8 19 13
2 4 13 14
2 6 15 14
3 5 15 14
3 7 16 13
3 9 16 14
4 8 16 16
6 9 13 19
(136, 130)

Arvore 175
0 1 13 13
0 2 0 87
1 8 19 13
2 4 13 14
2 7 16 14
3 5 15 14
3 7 16 13
3 9 16 14
6 8 17 14
(125, 196)

Arvore 176
0 1 13 13
0 2 0 87
1 8 19 13
2 4 13 14
2 7 16 14
3 5 15 14
3 7 16 13
6 8 17 14
6 9 13 19
(122, 201)

Arvore 177
0 1 13 13
0 2 0 87
1 8 19 13
2 4 13 14
2 7 16 14
3 5 15 14
3 8 15 19
6 8 17 14
6 9 13 19
(121, 207)

Arvore 178
0 1 13 13
0 2 0 87
1 8 19 13
2 4 13 14
3 5 15 14
3 7 16 13
3 8 15 19
6 8 17 14
6 9 13 19
(121, 206)

Arvore 179
0 1 13 13
0 2 0 87
1 8 19 13
2 4 13 14
3 5 15 14
3 7 16 13
3 9 16 14
6 8 17 14
6 9 13 19
(122, 201)

Arvore 180
0 1 13 13
1 2 87 0
1 8 19 13
2 4 13 14
2 7 16 14
3 5 15 14
3 7 16 13
3 9 16 14
6 8 17 14
(212, 109)

Arvore 181
0 1 13 13
1 2 87 0
1 8 19 13
2 4 13 14
2 7 16 14
3 5 15 14
3 7 16 13
6 8 17 14
6 9 13 19
(209, 114)

Arvore 182
0 1 13 13
1 2 87 0
1 8 19 13
2 4 13 14
2 7 16 14
3 5 15 14
3 8 15 19
6 8 17 14
6 9 13 19
(208, 120)

Arvore 183
0 1 13 13
1 2 87 0
1 8 19 13
2 4 13 14
3 5 15 14
3 7 16 13
3 8 15 19
6 8 17 14
6 9 13 19
(208, 119)

Arvore 184
0 1 13 13
1 2 87 0
1 8 19 13
2 4 13 14
3 5 15 14
3 7 16 13
3 9 16 14
6 8 17 14
6 9 13 19
(209, 114)

Arvore 185
0 1 13 13
1 8 19 13
2 4 13 14
2 6 15 14
2 7 16 14
3 5 15 14
3 7 16 13
3 9 16 14
6 8 17 14
(140, 123)

Arvore 186
0 1 13 13
1 8 19 13
2 4 13 14
2 6 15 14
2 7 16 14
3 5 15 14
3 7 16 13
6 8 17 14
6 9 13 19
(137, 128)

Arvore 187
0 1 13 13
1 8 19 13
2 4 13 14
2 6 15 14
2 7 16 14
3 5 15 14
3 8 15 19
6 8 17 14
6 9 13 19
(136, 134)

Arvore 188
0 1 13 13
1 8 19 13
2 4 13 14
2 6 15 14
3 5 15 14
3 7 16 13
3 8 15 19
6 8 17 14
6 9 13 19
(136, 133)

Arvore 189
0 1 13 13
1 8 19 13
2 4 13 14
2 6 15 14
3 5 15 14
3 7 16 13
3 9 16 14
6 8 17 14
6 9 13 19
(137, 128)

Arvore 190
0 2 0 87
0 6 14 17
1 2 87 0
1 8 19 13
2 4 13 14
2 7 16 14
3 5 15 14
3 7 16 13
3 9 16 14
(196, 186)

Arvore 191
0 2 0 87
0 6 14 17
1 2 87 0
1 8 19 13
2 4 13 14
2 7 16 14
3 5 15 14
3 7 16 13
6 9 13 19
(193, 191)

Arvore 192
0 2 0 87
0 6 14 17
1 2 87 0
1 8 19 13
2 4 13 14
2 7 16 14
3 5 15 14
3 8 15 19
6 9 13 19
(192, 197)

Arvore 193
0 2 0 87
0 6 14 17
1 2 87 0
1 8 19 13
2 4 13 14
3 5 15 14
3 7 16 13
3 8 15 19
6 9 13 19
(192, 196)

Arvore 194
0 2 0 87
0 6 14 17
1 2 87 0
1 8 19 13
2 4 13 14
3 5 15 14
3 7 16 13
3 9 16 14
6 9 13 19
(193, 191)

Arvore 195
0 2 0 87
1 2 87 0
1 8 19 13
2 4 13 14
2 6 15 14
2 7 16 14
3 5 15 14
3 7 16 13
3 9 16 14
(197, 183)

Arvore 196
0 2 0 87
1 2 87 0
1 8 19 13
2 4 13 14
2 6 15 14
2 7 16 14
3 5 15 14
3 7 16 13
6 9 13 19
(194, 188)

Arvore 197
0 2 0 87
1 2 87 0
1 8 19 13
2 4 13 14
2 6 15 14
2 7 16 14
3 5 15 14
3 8 15 19
6 9 13 19
(193, 194)

Arvore 198
0 2 0 87
1 2 87 0
1 8 19 13
2 4 13 14
2 6 15 14
3 5 15 14
3 7 16 13
3 8 15 19
6 9 13 19
(193, 193)

Arvore 199
0 2 0 87
1 2 87 0
1 8 19 13
2 4 13 14
2 6 15 14
3 5 15 14
3 7 16 13
3 9 16 14
6 9 13 19
(194, 188)

Arvore 200
0 2 0 87
0 6 14 17
1 2 87 0
2 4 13 14
2 7 16 14
3 5 15 14
3 7 16 13
3 8 15 19
3 9 16 14
(192, 192)

Arvore 201
0 2 0 87
0 6 14 17
1 2 87 0
2 4 13 14
2 7 16 14
3 5 15 14
3 7 16 13
3 9 16 14
4 8 16 16
(193, 189)

Arvore 202
0 2 0 87
0 6 14 17
1 2 87 0
2 4 13 14
2 7 16 14
3 5 15 14
3 7 16 13
3 9 16 14
6 8 17 14
(194, 187)

Arvore 203
0 2 0 87
0 6 14 17
1 2 87 0
2 4 13 14
2 7 16 14
3 5 15 14
3 7 16 13
3 8 15 19
6 9 13 19
(189, 197)

Arvore 204
0 2 0 87
0 6 14 17
1 2 87 0
2 4 13 14
2 7 16 14
3 5 15 14
3 7 16 13
4 8 16 16
6 9 13 19
(190, 194)

Arvore 205
0 2 0 87
0 6 14 17
1 2 87 0
2 4 13 14
2 7 16 14
3 5 15 14
3 7 16 13
6 8 17 14
6 9 13 19
(191, 192)

Arvore 206
0 2 0 87
0 6 14 17
1 2 87 0
2 4 13 14
3 5 15 14
3 7 16 13
3 8 15 19
3 9 16 14
6 9 13 19
(189, 197)

Arvore 207
0 2 0 87
0 6 14 17
1 2 87 0
2 4 13 14
3 5 15 14
3 7 16 13
3 9 16 14
4 8 16 16
6 9 13 19
(190, 194)

Arvore 208
0 2 0 87
0 6 14 17
1 2 87 0
2 4 13 14
3 5 15 14
3 7 16 13
3 9 16 14
6 8 17 14
6 9 13 19
(191, 192)

Arvore 209
0 2 0 87
1 2 87 0
2 4 13 14
2 6 15 14
2 7 16 14
3 5 15 14
3 7 16 13
3 8 15 19
3 9 16 14
(193, 189)

Arvore 210
0 2 0 87
1 2 87 0
2 4 13 14
2 6 15 14
2 7 16 14
3 5 15 14
3 7 16 13
3 9 16 14
4 8 16 16
(194, 186)

Arvore 211
0 2 0 87
1 2 87 0
2 4 13 14
2 6 15 14
2 7 16 14
3 5 15 14
3 7 16 13
3 9 16 14
6 8 17 14
(195, 184)

Arvore 212
0 2 0 87
1 2 87 0
2 4 13 14
2 6 15 14
2 7 16 14
3 5 15 14
3 7 16 13
3 8 15 19
6 9 13 19
(190, 194)

Arvore 213
0 2 0 87
1 2 87 0
2 4 13 14
2 6 15 14
2 7 16 14
3 5 15 14
3 7 16 13
4 8 16 16
6 9 13 19
(191, 191)

Arvore 214
0 2 0 87
1 2 87 0
2 4 13 14
2 6 15 14
2 7 16 14
3 5 15 14
3 7 16 13
6 8 17 14
6 9 13 19
(192, 189)

Arvore 215
0 2 0 87
1 2 87 0
2 4 13 14
2 6 15 14
3 5 15 14
3 7 16 13
3 8 15 19
3 9 16 14
6 9 13 19
(190, 194)

Arvore 216
0 2 0 87
1 2 87 0
2 4 13 14
2 6 15 14
3 5 15 14
3 7 16 13
3 9 16 14
4 8 16 16
6 9 13 19
(191, 191)

Arvore 217
0 2 0 87
1 2 87 0
2 4 13 14
2 6 15 14
3 5 15 14
3 7 16 13
3 9 16 14
6 8 17 14
6 9 13 19
(192, 189)

