428
4.28
Arvore 1
0 1 6 6
0 2 0 94
0 4 6 13
0 6 10 12
0 8 10 7
1 5 11 10
1 9 9 6
2 11 6 8
3 9 8 12
3 10 6 7
7 11 8 8
(80, 183)

Arvore 2
0 1 6 6
0 2 0 94
0 4 6 13
0 6 10 12
0 8 10 7
1 9 9 6
2 11 6 8
3 5 6 13
3 9 8 12
3 10 6 7
7 11 8 8
(75, 186)

Arvore 3
0 1 6 6
0 2 0 94
0 4 6 13
0 8 10 7
1 5 11 10
1 9 9 6
2 11 6 8
3 9 8 12
3 10 6 7
6 9 9 13
7 11 8 8
(79, 184)

Arvore 4
0 1 6 6
0 2 0 94
0 4 6 13
0 8 10 7
1 9 9 6
2 11 6 8
3 5 6 13
3 9 8 12
3 10 6 7
6 9 9 13
7 11 8 8
(74, 187)

Arvore 5
0 1 6 6
0 2 0 94
0 4 6 13
0 6 10 12
0 8 10 7
1 5 11 10
1 9 9 6
2 11 6 8
3 9 8 12
7 10 9 6
7 11 8 8
(83, 182)

Arvore 6
0 1 6 6
0 2 0 94
0 4 6 13
0 6 10 12
0 8 10 7
1 9 9 6
2 11 6 8
3 5 6 13
3 9 8 12
7 10 9 6
7 11 8 8
(78, 185)

Arvore 7
0 1 6 6
0 2 0 94
0 4 6 13
0 8 10 7
1 5 11 10
1 9 9 6
2 11 6 8
3 9 8 12
6 9 9 13
7 10 9 6
7 11 8 8
(82, 183)

Arvore 8
0 1 6 6
0 2 0 94
0 4 6 13
0 8 10 7
1 9 9 6
2 11 6 8
3 5 6 13
3 9 8 12
6 9 9 13
7 10 9 6
7 11 8 8
(77, 186)

Arvore 9
0 1 6 6
0 2 0 94
0 4 6 13
0 6 10 12
0 8 10 7
1 5 11 10
1 9 9 6
2 11 6 8
3 10 6 7
7 10 9 6
7 11 8 8
(81, 177)

Arvore 10
0 1 6 6
0 2 0 94
0 4 6 13
0 6 10 12
0 8 10 7
1 9 9 6
2 11 6 8
3 5 6 13
3 10 6 7
7 10 9 6
7 11 8 8
(76, 180)

Arvore 11
0 1 6 6
0 2 0 94
0 4 6 13
0 8 10 7
1 5 11 10
1 9 9 6
2 11 6 8
3 10 6 7
6 9 9 13
7 10 9 6
7 11 8 8
(80, 178)

Arvore 12
0 1 6 6
0 2 0 94
0 4 6 13
0 8 10 7
1 9 9 6
2 11 6 8
3 5 6 13
3 10 6 7
6 9 9 13
7 10 9 6
7 11 8 8
(75, 181)

Arvore 13
0 1 6 6
0 2 0 94
0 6 10 12
0 8 10 7
1 4 7 8
1 5 11 10
1 9 9 6
2 11 6 8
3 9 8 12
3 10 6 7
7 11 8 8
(81, 178)

Arvore 14
0 1 6 6
0 2 0 94
0 6 10 12
0 8 10 7
1 4 7 8
1 9 9 6
2 11 6 8
3 5 6 13
3 9 8 12
3 10 6 7
7 11 8 8
(76, 181)

Arvore 15
0 1 6 6
0 2 0 94
0 8 10 7
1 4 7 8
1 5 11 10
1 9 9 6
2 11 6 8
3 9 8 12
3 10 6 7
6 9 9 13
7 11 8 8
(80, 179)

Arvore 16
0 1 6 6
0 2 0 94
0 8 10 7
1 4 7 8
1 9 9 6
2 11 6 8
3 5 6 13
3 9 8 12
3 10 6 7
6 9 9 13
7 11 8 8
(75, 182)

Arvore 17
0 1 6 6
0 2 0 94
0 6 10 12
0 8 10 7
1 4 7 8
1 5 11 10
1 9 9 6
2 11 6 8
3 9 8 12
7 10 9 6
7 11 8 8
(84, 177)

Arvore 18
0 1 6 6
0 2 0 94
0 6 10 12
0 8 10 7
1 4 7 8
1 9 9 6
2 11 6 8
3 5 6 13
3 9 8 12
7 10 9 6
7 11 8 8
(79, 180)

Arvore 19
0 1 6 6
0 2 0 94
0 8 10 7
1 4 7 8
1 5 11 10
1 9 9 6
2 11 6 8
3 9 8 12
6 9 9 13
7 10 9 6
7 11 8 8
(83, 178)

Arvore 20
0 1 6 6
0 2 0 94
0 8 10 7
1 4 7 8
1 9 9 6
2 11 6 8
3 5 6 13
3 9 8 12
6 9 9 13
7 10 9 6
7 11 8 8
(78, 181)

Arvore 21
0 1 6 6
0 2 0 94
0 6 10 12
0 8 10 7
1 4 7 8
1 5 11 10
1 9 9 6
2 11 6 8
3 10 6 7
7 10 9 6
7 11 8 8
(82, 172)

Arvore 22
0 1 6 6
0 2 0 94
0 6 10 12
0 8 10 7
1 4 7 8
1 9 9 6
2 11 6 8
3 5 6 13
3 10 6 7
7 10 9 6
7 11 8 8
(77, 175)

Arvore 23
0 1 6 6
0 2 0 94
0 8 10 7
1 4 7 8
1 5 11 10
1 9 9 6
2 11 6 8
3 10 6 7
6 9 9 13
7 10 9 6
7 11 8 8
(81, 173)

Arvore 24
0 1 6 6
0 2 0 94
0 8 10 7
1 4 7 8
1 9 9 6
2 11 6 8
3 5 6 13
3 10 6 7
6 9 9 13
7 10 9 6
7 11 8 8
(76, 176)

Arvore 25
0 1 6 6
0 2 0 94
0 4 6 13
0 6 10 12
1 9 9 6
2 11 6 8
3 5 6 13
3 9 8 12
3 10 6 7
4 8 8 13
7 11 8 8
(73, 192)

Arvore 26
0 1 6 6
0 2 0 94
0 4 6 13
1 9 9 6
2 11 6 8
3 5 6 13
3 9 8 12
3 10 6 7
4 8 8 13
6 9 9 13
7 11 8 8
(72, 193)

Arvore 27
0 1 6 6
0 2 0 94
0 4 6 13
0 6 10 12
1 9 9 6
2 11 6 8
3 5 6 13
3 9 8 12
4 8 8 13
7 10 9 6
7 11 8 8
(76, 191)

Arvore 28
0 1 6 6
0 2 0 94
0 4 6 13
1 9 9 6
2 11 6 8
3 5 6 13
3 9 8 12
4 8 8 13
6 9 9 13
7 10 9 6
7 11 8 8
(75, 192)

Arvore 29
0 1 6 6
0 2 0 94
0 4 6 13
0 6 10 12
1 9 9 6
2 11 6 8
3 5 6 13
3 10 6 7
4 8 8 13
7 10 9 6
7 11 8 8
(74, 186)

Arvore 30
0 1 6 6
0 2 0 94
0 4 6 13
1 9 9 6
2 11 6 8
3 5 6 13
3 10 6 7
4 8 8 13
6 9 9 13
7 10 9 6
7 11 8 8
(73, 187)

Arvore 31
0 1 6 6
0 2 0 94
0 6 10 12
1 4 7 8
1 9 9 6
2 11 6 8
3 5 6 13
3 9 8 12
3 10 6 7
4 8 8 13
7 11 8 8
(74, 187)

Arvore 32
0 1 6 6
0 2 0 94
1 4 7 8
1 9 9 6
2 11 6 8
3 5 6 13
3 9 8 12
3 10 6 7
4 8 8 13
6 9 9 13
7 11 8 8
(73, 188)

Arvore 33
0 1 6 6
0 2 0 94
0 6 10 12
1 4 7 8
1 9 9 6
2 11 6 8
3 5 6 13
3 9 8 12
4 8 8 13
7 10 9 6
7 11 8 8
(77, 186)

Arvore 34
0 1 6 6
0 2 0 94
1 4 7 8
1 9 9 6
2 11 6 8
3 5 6 13
3 9 8 12
4 8 8 13
6 9 9 13
7 10 9 6
7 11 8 8
(76, 187)

Arvore 35
0 1 6 6
0 2 0 94
0 6 10 12
1 4 7 8
1 9 9 6
2 11 6 8
3 5 6 13
3 10 6 7
4 8 8 13
7 10 9 6
7 11 8 8
(75, 181)

Arvore 36
0 1 6 6
0 2 0 94
1 4 7 8
1 9 9 6
2 11 6 8
3 5 6 13
3 10 6 7
4 8 8 13
6 9 9 13
7 10 9 6
7 11 8 8
(74, 182)

Arvore 37
0 1 6 6
0 2 0 94
0 4 6 13
0 6 10 12
0 8 10 7
0 9 7 12
1 5 11 10
2 11 6 8
3 9 8 12
3 10 6 7
7 11 8 8
(78, 189)

Arvore 38
0 1 6 6
0 2 0 94
0 4 6 13
0 6 10 12
0 8 10 7
0 9 7 12
2 11 6 8
3 5 6 13
3 9 8 12
3 10 6 7
7 11 8 8
(73, 192)

Arvore 39
0 1 6 6
0 2 0 94
0 4 6 13
0 8 10 7
0 9 7 12
1 5 11 10
2 11 6 8
3 9 8 12
3 10 6 7
6 9 9 13
7 11 8 8
(77, 190)

Arvore 40
0 1 6 6
0 2 0 94
0 4 6 13
0 8 10 7
0 9 7 12
2 11 6 8
3 5 6 13
3 9 8 12
3 10 6 7
6 9 9 13
7 11 8 8
(72, 193)

Arvore 41
0 1 6 6
0 2 0 94
0 4 6 13
0 6 10 12
0 8 10 7
0 9 7 12
1 5 11 10
2 11 6 8
3 9 8 12
7 10 9 6
7 11 8 8
(81, 188)

Arvore 42
0 1 6 6
0 2 0 94
0 4 6 13
0 6 10 12
0 8 10 7
0 9 7 12
2 11 6 8
3 5 6 13
3 9 8 12
7 10 9 6
7 11 8 8
(76, 191)

Arvore 43
0 1 6 6
0 2 0 94
0 4 6 13
0 8 10 7
0 9 7 12
1 5 11 10
2 11 6 8
3 9 8 12
6 9 9 13
7 10 9 6
7 11 8 8
(80, 189)

Arvore 44
0 1 6 6
0 2 0 94
0 4 6 13
0 8 10 7
0 9 7 12
2 11 6 8
3 5 6 13
3 9 8 12
6 9 9 13
7 10 9 6
7 11 8 8
(75, 192)

Arvore 45
0 1 6 6
0 2 0 94
0 4 6 13
0 6 10 12
0 8 10 7
0 9 7 12
1 5 11 10
2 11 6 8
3 10 6 7
7 10 9 6
7 11 8 8
(79, 183)

Arvore 46
0 1 6 6
0 2 0 94
0 4 6 13
0 6 10 12
0 8 10 7
0 9 7 12
2 11 6 8
3 5 6 13
3 10 6 7
7 10 9 6
7 11 8 8
(74, 186)

Arvore 47
0 1 6 6
0 2 0 94
0 4 6 13
0 8 10 7
0 9 7 12
1 5 11 10
2 11 6 8
3 10 6 7
6 9 9 13
7 10 9 6
7 11 8 8
(78, 184)

Arvore 48
0 1 6 6
0 2 0 94
0 4 6 13
0 8 10 7
0 9 7 12
2 11 6 8
3 5 6 13
3 10 6 7
6 9 9 13
7 10 9 6
7 11 8 8
(73, 187)

Arvore 49
0 1 6 6
0 2 0 94
0 4 6 13
0 6 10 12
0 9 7 12
2 11 6 8
3 5 6 13
3 9 8 12
3 10 6 7
4 8 8 13
7 11 8 8
(71, 198)

Arvore 50
0 1 6 6
0 2 0 94
0 4 6 13
0 9 7 12
2 11 6 8
3 5 6 13
3 9 8 12
3 10 6 7
4 8 8 13
6 9 9 13
7 11 8 8
(70, 199)

Arvore 51
0 1 6 6
0 2 0 94
0 4 6 13
0 6 10 12
0 9 7 12
2 11 6 8
3 5 6 13
3 9 8 12
4 8 8 13
7 10 9 6
7 11 8 8
(74, 197)

Arvore 52
0 1 6 6
0 2 0 94
0 4 6 13
0 9 7 12
2 11 6 8
3 5 6 13
3 9 8 12
4 8 8 13
6 9 9 13
7 10 9 6
7 11 8 8
(73, 198)

Arvore 53
0 1 6 6
0 2 0 94
0 4 6 13
0 6 10 12
0 9 7 12
2 11 6 8
3 5 6 13
3 10 6 7
4 8 8 13
7 10 9 6
7 11 8 8
(72, 192)

Arvore 54
0 1 6 6
0 2 0 94
0 4 6 13
0 9 7 12
2 11 6 8
3 5 6 13
3 10 6 7
4 8 8 13
6 9 9 13
7 10 9 6
7 11 8 8
(71, 193)

Arvore 55
0 1 6 6
0 2 0 94
0 6 10 12
0 8 10 7
0 9 7 12
1 4 7 8
1 5 11 10
2 11 6 8
3 9 8 12
3 10 6 7
7 11 8 8
(79, 184)

Arvore 56
0 1 6 6
0 2 0 94
0 6 10 12
0 8 10 7
0 9 7 12
1 4 7 8
2 11 6 8
3 5 6 13
3 9 8 12
3 10 6 7
7 11 8 8
(74, 187)

Arvore 57
0 1 6 6
0 2 0 94
0 8 10 7
0 9 7 12
1 4 7 8
1 5 11 10
2 11 6 8
3 9 8 12
3 10 6 7
6 9 9 13
7 11 8 8
(78, 185)

Arvore 58
0 1 6 6
0 2 0 94
0 8 10 7
0 9 7 12
1 4 7 8
2 11 6 8
3 5 6 13
3 9 8 12
3 10 6 7
6 9 9 13
7 11 8 8
(73, 188)

Arvore 59
0 1 6 6
0 2 0 94
0 6 10 12
0 8 10 7
0 9 7 12
1 4 7 8
1 5 11 10
2 11 6 8
3 9 8 12
7 10 9 6
7 11 8 8
(82, 183)

Arvore 60
0 1 6 6
0 2 0 94
0 6 10 12
0 8 10 7
0 9 7 12
1 4 7 8
2 11 6 8
3 5 6 13
3 9 8 12
7 10 9 6
7 11 8 8
(77, 186)

Arvore 61
0 1 6 6
0 2 0 94
0 8 10 7
0 9 7 12
1 4 7 8
1 5 11 10
2 11 6 8
3 9 8 12
6 9 9 13
7 10 9 6
7 11 8 8
(81, 184)

Arvore 62
0 1 6 6
0 2 0 94
0 8 10 7
0 9 7 12
1 4 7 8
2 11 6 8
3 5 6 13
3 9 8 12
6 9 9 13
7 10 9 6
7 11 8 8
(76, 187)

Arvore 63
0 1 6 6
0 2 0 94
0 6 10 12
0 8 10 7
0 9 7 12
1 4 7 8
1 5 11 10
2 11 6 8
3 10 6 7
7 10 9 6
7 11 8 8
(80, 178)

Arvore 64
0 1 6 6
0 2 0 94
0 6 10 12
0 8 10 7
0 9 7 12
1 4 7 8
2 11 6 8
3 5 6 13
3 10 6 7
7 10 9 6
7 11 8 8
(75, 181)

Arvore 65
0 1 6 6
0 2 0 94
0 8 10 7
0 9 7 12
1 4 7 8
1 5 11 10
2 11 6 8
3 10 6 7
6 9 9 13
7 10 9 6
7 11 8 8
(79, 179)

Arvore 66
0 1 6 6
0 2 0 94
0 8 10 7
0 9 7 12
1 4 7 8
2 11 6 8
3 5 6 13
3 10 6 7
6 9 9 13
7 10 9 6
7 11 8 8
(74, 182)

Arvore 67
0 1 6 6
0 2 0 94
0 6 10 12
0 9 7 12
1 4 7 8
2 11 6 8
3 5 6 13
3 9 8 12
3 10 6 7
4 8 8 13
7 11 8 8
(72, 193)

Arvore 68
0 1 6 6
0 2 0 94
0 9 7 12
1 4 7 8
2 11 6 8
3 5 6 13
3 9 8 12
3 10 6 7
4 8 8 13
6 9 9 13
7 11 8 8
(71, 194)

Arvore 69
0 1 6 6
0 2 0 94
0 6 10 12
0 9 7 12
1 4 7 8
2 11 6 8
3 5 6 13
3 9 8 12
4 8 8 13
7 10 9 6
7 11 8 8
(75, 192)

Arvore 70
0 1 6 6
0 2 0 94
0 9 7 12
1 4 7 8
2 11 6 8
3 5 6 13
3 9 8 12
4 8 8 13
6 9 9 13
7 10 9 6
7 11 8 8
(74, 193)

Arvore 71
0 1 6 6
0 2 0 94
0 6 10 12
0 9 7 12
1 4 7 8
2 11 6 8
3 5 6 13
3 10 6 7
4 8 8 13
7 10 9 6
7 11 8 8
(73, 187)

Arvore 72
0 1 6 6
0 2 0 94
0 9 7 12
1 4 7 8
2 11 6 8
3 5 6 13
3 10 6 7
4 8 8 13
6 9 9 13
7 10 9 6
7 11 8 8
(72, 188)

Arvore 73
0 1 6 6
0 4 6 13
0 6 10 12
0 8 10 7
0 9 7 12
1 2 94 0
1 5 11 10
2 11 6 8
3 9 8 12
3 10 6 7
7 11 8 8
(172, 95)

Arvore 74
0 1 6 6
0 4 6 13
0 6 10 12
0 8 10 7
0 9 7 12
1 2 94 0
2 11 6 8
3 5 6 13
3 9 8 12
3 10 6 7
7 11 8 8
(167, 98)

Arvore 75
0 1 6 6
0 4 6 13
0 8 10 7
0 9 7 12
1 2 94 0
1 5 11 10
2 11 6 8
3 9 8 12
3 10 6 7
6 9 9 13
7 11 8 8
(171, 96)

Arvore 76
0 1 6 6
0 4 6 13
0 8 10 7
0 9 7 12
1 2 94 0
2 11 6 8
3 5 6 13
3 9 8 12
3 10 6 7
6 9 9 13
7 11 8 8
(166, 99)

Arvore 77
0 1 6 6
0 4 6 13
0 6 10 12
0 8 10 7
0 9 7 12
1 2 94 0
1 5 11 10
2 11 6 8
3 9 8 12
7 10 9 6
7 11 8 8
(175, 94)

Arvore 78
0 1 6 6
0 4 6 13
0 6 10 12
0 8 10 7
0 9 7 12
1 2 94 0
2 11 6 8
3 5 6 13
3 9 8 12
7 10 9 6
7 11 8 8
(170, 97)

Arvore 79
0 1 6 6
0 4 6 13
0 8 10 7
0 9 7 12
1 2 94 0
1 5 11 10
2 11 6 8
3 9 8 12
6 9 9 13
7 10 9 6
7 11 8 8
(174, 95)

Arvore 80
0 1 6 6
0 4 6 13
0 8 10 7
0 9 7 12
1 2 94 0
2 11 6 8
3 5 6 13
3 9 8 12
6 9 9 13
7 10 9 6
7 11 8 8
(169, 98)

Arvore 81
0 1 6 6
0 4 6 13
0 6 10 12
0 8 10 7
0 9 7 12
1 2 94 0
1 5 11 10
2 11 6 8
3 10 6 7
7 10 9 6
7 11 8 8
(173, 89)

Arvore 82
0 1 6 6
0 4 6 13
0 6 10 12
0 8 10 7
0 9 7 12
1 2 94 0
2 11 6 8
3 5 6 13
3 10 6 7
7 10 9 6
7 11 8 8
(168, 92)

Arvore 83
0 1 6 6
0 4 6 13
0 8 10 7
0 9 7 12
1 2 94 0
1 5 11 10
2 11 6 8
3 10 6 7
6 9 9 13
7 10 9 6
7 11 8 8
(172, 90)

Arvore 84
0 1 6 6
0 4 6 13
0 8 10 7
0 9 7 12
1 2 94 0
2 11 6 8
3 5 6 13
3 10 6 7
6 9 9 13
7 10 9 6
7 11 8 8
(167, 93)

Arvore 85
0 1 6 6
0 2 0 94
0 4 6 13
0 6 10 12
0 8 10 7
0 9 7 12
1 5 11 10
1 11 9 9
3 9 8 12
3 10 6 7
7 11 8 8
(81, 190)

Arvore 86
0 1 6 6
0 2 0 94
0 4 6 13
0 6 10 12
0 8 10 7
0 9 7 12
1 11 9 9
3 5 6 13
3 9 8 12
3 10 6 7
7 11 8 8
(76, 193)

Arvore 87
0 1 6 6
0 2 0 94
0 4 6 13
0 8 10 7
0 9 7 12
1 5 11 10
1 11 9 9
3 9 8 12
3 10 6 7
6 9 9 13
7 11 8 8
(80, 191)

Arvore 88
0 1 6 6
0 2 0 94
0 4 6 13
0 8 10 7
0 9 7 12
1 11 9 9
3 5 6 13
3 9 8 12
3 10 6 7
6 9 9 13
7 11 8 8
(75, 194)

Arvore 89
0 1 6 6
0 2 0 94
0 4 6 13
0 6 10 12
0 8 10 7
0 9 7 12
1 5 11 10
1 11 9 9
3 9 8 12
7 10 9 6
7 11 8 8
(84, 189)

Arvore 90
0 1 6 6
0 2 0 94
0 4 6 13
0 6 10 12
0 8 10 7
0 9 7 12
1 11 9 9
3 5 6 13
3 9 8 12
7 10 9 6
7 11 8 8
(79, 192)

Arvore 91
0 1 6 6
0 2 0 94
0 4 6 13
0 8 10 7
0 9 7 12
1 5 11 10
1 11 9 9
3 9 8 12
6 9 9 13
7 10 9 6
7 11 8 8
(83, 190)

Arvore 92
0 1 6 6
0 2 0 94
0 4 6 13
0 8 10 7
0 9 7 12
1 11 9 9
3 5 6 13
3 9 8 12
6 9 9 13
7 10 9 6
7 11 8 8
(78, 193)

Arvore 93
0 1 6 6
0 2 0 94
0 4 6 13
0 6 10 12
0 8 10 7
0 9 7 12
1 5 11 10
1 11 9 9
3 10 6 7
7 10 9 6
7 11 8 8
(82, 184)

Arvore 94
0 1 6 6
0 2 0 94
0 4 6 13
0 6 10 12
0 8 10 7
0 9 7 12
1 11 9 9
3 5 6 13
3 10 6 7
7 10 9 6
7 11 8 8
(77, 187)

Arvore 95
0 1 6 6
0 2 0 94
0 4 6 13
0 8 10 7
0 9 7 12
1 5 11 10
1 11 9 9
3 10 6 7
6 9 9 13
7 10 9 6
7 11 8 8
(81, 185)

Arvore 96
0 1 6 6
0 2 0 94
0 4 6 13
0 8 10 7
0 9 7 12
1 11 9 9
3 5 6 13
3 10 6 7
6 9 9 13
7 10 9 6
7 11 8 8
(76, 188)

Arvore 97
0 1 6 6
0 4 6 13
0 6 10 12
0 8 10 7
0 9 7 12
1 2 94 0
1 5 11 10
1 11 9 9
3 9 8 12
3 10 6 7
7 11 8 8
(175, 96)

Arvore 98
0 1 6 6
0 4 6 13
0 6 10 12
0 8 10 7
0 9 7 12
1 2 94 0
1 11 9 9
3 5 6 13
3 9 8 12
3 10 6 7
7 11 8 8
(170, 99)

Arvore 99
0 1 6 6
0 4 6 13
0 8 10 7
0 9 7 12
1 2 94 0
1 5 11 10
1 11 9 9
3 9 8 12
3 10 6 7
6 9 9 13
7 11 8 8
(174, 97)

Arvore 100
0 1 6 6
0 4 6 13
0 8 10 7
0 9 7 12
1 2 94 0
1 11 9 9
3 5 6 13
3 9 8 12
3 10 6 7
6 9 9 13
7 11 8 8
(169, 100)

Arvore 101
0 1 6 6
0 4 6 13
0 6 10 12
0 8 10 7
0 9 7 12
1 2 94 0
1 5 11 10
1 11 9 9
3 9 8 12
7 10 9 6
7 11 8 8
(178, 95)

Arvore 102
0 1 6 6
0 4 6 13
0 6 10 12
0 8 10 7
0 9 7 12
1 2 94 0
1 11 9 9
3 5 6 13
3 9 8 12
7 10 9 6
7 11 8 8
(173, 98)

Arvore 103
0 1 6 6
0 4 6 13
0 8 10 7
0 9 7 12
1 2 94 0
1 5 11 10
1 11 9 9
3 9 8 12
6 9 9 13
7 10 9 6
7 11 8 8
(177, 96)

Arvore 104
0 1 6 6
0 4 6 13
0 8 10 7
0 9 7 12
1 2 94 0
1 11 9 9
3 5 6 13
3 9 8 12
6 9 9 13
7 10 9 6
7 11 8 8
(172, 99)

Arvore 105
0 1 6 6
0 4 6 13
0 6 10 12
0 8 10 7
0 9 7 12
1 2 94 0
1 5 11 10
1 11 9 9
3 10 6 7
7 10 9 6
7 11 8 8
(176, 90)

Arvore 106
0 1 6 6
0 4 6 13
0 6 10 12
0 8 10 7
0 9 7 12
1 2 94 0
1 11 9 9
3 5 6 13
3 10 6 7
7 10 9 6
7 11 8 8
(171, 93)

Arvore 107
0 1 6 6
0 4 6 13
0 8 10 7
0 9 7 12
1 2 94 0
1 5 11 10
1 11 9 9
3 10 6 7
6 9 9 13
7 10 9 6
7 11 8 8
(175, 91)

Arvore 108
0 1 6 6
0 4 6 13
0 8 10 7
0 9 7 12
1 2 94 0
1 11 9 9
3 5 6 13
3 10 6 7
6 9 9 13
7 10 9 6
7 11 8 8
(170, 94)

Arvore 109
0 1 6 6
0 4 6 13
0 6 10 12
0 8 10 7
0 9 7 12
1 5 11 10
1 11 9 9
2 9 15 7
3 9 8 12
3 10 6 7
7 11 8 8
(96, 103)

Arvore 110
0 1 6 6
0 4 6 13
0 6 10 12
0 8 10 7
0 9 7 12
1 11 9 9
2 9 15 7
3 5 6 13
3 9 8 12
3 10 6 7
7 11 8 8
(91, 106)

Arvore 111
0 1 6 6
0 4 6 13
0 8 10 7
0 9 7 12
1 5 11 10
1 11 9 9
2 9 15 7
3 9 8 12
3 10 6 7
6 9 9 13
7 11 8 8
(95, 104)

Arvore 112
0 1 6 6
0 4 6 13
0 8 10 7
0 9 7 12
1 11 9 9
2 9 15 7
3 5 6 13
3 9 8 12
3 10 6 7
6 9 9 13
7 11 8 8
(90, 107)

Arvore 113
0 1 6 6
0 4 6 13
0 6 10 12
0 8 10 7
0 9 7 12
1 5 11 10
1 11 9 9
2 9 15 7
3 9 8 12
7 10 9 6
7 11 8 8
(99, 102)

Arvore 114
0 1 6 6
0 4 6 13
0 6 10 12
0 8 10 7
0 9 7 12
1 11 9 9
2 9 15 7
3 5 6 13
3 9 8 12
7 10 9 6
7 11 8 8
(94, 105)

Arvore 115
0 1 6 6
0 4 6 13
0 8 10 7
0 9 7 12
1 5 11 10
1 11 9 9
2 9 15 7
3 9 8 12
6 9 9 13
7 10 9 6
7 11 8 8
(98, 103)

Arvore 116
0 1 6 6
0 4 6 13
0 8 10 7
0 9 7 12
1 11 9 9
2 9 15 7
3 5 6 13
3 9 8 12
6 9 9 13
7 10 9 6
7 11 8 8
(93, 106)

Arvore 117
0 1 6 6
0 4 6 13
0 6 10 12
0 8 10 7
0 9 7 12
1 5 11 10
1 11 9 9
2 9 15 7
3 10 6 7
7 10 9 6
7 11 8 8
(97, 97)

Arvore 118
0 1 6 6
0 4 6 13
0 6 10 12
0 8 10 7
0 9 7 12
1 11 9 9
2 9 15 7
3 5 6 13
3 10 6 7
7 10 9 6
7 11 8 8
(92, 100)

Arvore 119
0 1 6 6
0 4 6 13
0 8 10 7
0 9 7 12
1 5 11 10
1 11 9 9
2 9 15 7
3 10 6 7
6 9 9 13
7 10 9 6
7 11 8 8
(96, 98)

Arvore 120
0 1 6 6
0 4 6 13
0 8 10 7
0 9 7 12
1 11 9 9
2 9 15 7
3 5 6 13
3 10 6 7
6 9 9 13
7 10 9 6
7 11 8 8
(91, 101)

Arvore 121
0 1 6 6
0 4 6 13
0 6 10 12
0 8 10 7
0 9 7 12
1 5 11 10
1 11 9 9
2 11 6 8
3 9 8 12
3 10 6 7
7 11 8 8
(87, 104)

Arvore 122
0 1 6 6
0 4 6 13
0 6 10 12
0 8 10 7
0 9 7 12
1 11 9 9
2 11 6 8
3 5 6 13
3 9 8 12
3 10 6 7
7 11 8 8
(82, 107)

Arvore 123
0 1 6 6
0 4 6 13
0 8 10 7
0 9 7 12
1 5 11 10
1 11 9 9
2 11 6 8
3 9 8 12
3 10 6 7
6 9 9 13
7 11 8 8
(86, 105)

Arvore 124
0 1 6 6
0 4 6 13
0 8 10 7
0 9 7 12
1 11 9 9
2 11 6 8
3 5 6 13
3 9 8 12
3 10 6 7
6 9 9 13
7 11 8 8
(81, 108)

Arvore 125
0 1 6 6
0 4 6 13
0 6 10 12
0 8 10 7
0 9 7 12
1 5 11 10
1 11 9 9
2 11 6 8
3 9 8 12
7 10 9 6
7 11 8 8
(90, 103)

Arvore 126
0 1 6 6
0 4 6 13
0 6 10 12
0 8 10 7
0 9 7 12
1 11 9 9
2 11 6 8
3 5 6 13
3 9 8 12
7 10 9 6
7 11 8 8
(85, 106)

Arvore 127
0 1 6 6
0 4 6 13
0 8 10 7
0 9 7 12
1 5 11 10
1 11 9 9
2 11 6 8
3 9 8 12
6 9 9 13
7 10 9 6
7 11 8 8
(89, 104)

Arvore 128
0 1 6 6
0 4 6 13
0 8 10 7
0 9 7 12
1 11 9 9
2 11 6 8
3 5 6 13
3 9 8 12
6 9 9 13
7 10 9 6
7 11 8 8
(84, 107)

Arvore 129
0 1 6 6
0 4 6 13
0 6 10 12
0 8 10 7
0 9 7 12
1 5 11 10
1 11 9 9
2 11 6 8
3 10 6 7
7 10 9 6
7 11 8 8
(88, 98)

Arvore 130
0 1 6 6
0 4 6 13
0 6 10 12
0 8 10 7
0 9 7 12
1 11 9 9
2 11 6 8
3 5 6 13
3 10 6 7
7 10 9 6
7 11 8 8
(83, 101)

Arvore 131
0 1 6 6
0 4 6 13
0 8 10 7
0 9 7 12
1 5 11 10
1 11 9 9
2 11 6 8
3 10 6 7
6 9 9 13
7 10 9 6
7 11 8 8
(87, 99)

Arvore 132
0 1 6 6
0 4 6 13
0 8 10 7
0 9 7 12
1 11 9 9
2 11 6 8
3 5 6 13
3 10 6 7
6 9 9 13
7 10 9 6
7 11 8 8
(82, 102)

Arvore 133
0 1 6 6
0 4 6 13
0 6 10 12
0 8 10 7
0 9 7 12
1 5 11 10
2 9 15 7
2 11 6 8
3 9 8 12
3 10 6 7
7 11 8 8
(93, 102)

Arvore 134
0 1 6 6
0 4 6 13
0 6 10 12
0 8 10 7
0 9 7 12
2 9 15 7
2 11 6 8
3 5 6 13
3 9 8 12
3 10 6 7
7 11 8 8
(88, 105)

Arvore 135
0 1 6 6
0 4 6 13
0 8 10 7
0 9 7 12
1 5 11 10
2 9 15 7
2 11 6 8
3 9 8 12
3 10 6 7
6 9 9 13
7 11 8 8
(92, 103)

Arvore 136
0 1 6 6
0 4 6 13
0 8 10 7
0 9 7 12
2 9 15 7
2 11 6 8
3 5 6 13
3 9 8 12
3 10 6 7
6 9 9 13
7 11 8 8
(87, 106)

Arvore 137
0 1 6 6
0 4 6 13
0 6 10 12
0 8 10 7
0 9 7 12
1 5 11 10
2 9 15 7
2 11 6 8
3 9 8 12
7 10 9 6
7 11 8 8
(96, 101)

Arvore 138
0 1 6 6
0 4 6 13
0 6 10 12
0 8 10 7
0 9 7 12
2 9 15 7
2 11 6 8
3 5 6 13
3 9 8 12
7 10 9 6
7 11 8 8
(91, 104)

Arvore 139
0 1 6 6
0 4 6 13
0 8 10 7
0 9 7 12
1 5 11 10
2 9 15 7
2 11 6 8
3 9 8 12
6 9 9 13
7 10 9 6
7 11 8 8
(95, 102)

Arvore 140
0 1 6 6
0 4 6 13
0 8 10 7
0 9 7 12
2 9 15 7
2 11 6 8
3 5 6 13
3 9 8 12
6 9 9 13
7 10 9 6
7 11 8 8
(90, 105)

Arvore 141
0 1 6 6
0 4 6 13
0 6 10 12
0 8 10 7
0 9 7 12
1 5 11 10
2 9 15 7
2 11 6 8
3 10 6 7
7 10 9 6
7 11 8 8
(94, 96)

Arvore 142
0 1 6 6
0 4 6 13
0 6 10 12
0 8 10 7
0 9 7 12
2 9 15 7
2 11 6 8
3 5 6 13
3 10 6 7
7 10 9 6
7 11 8 8
(89, 99)

Arvore 143
0 1 6 6
0 4 6 13
0 8 10 7
0 9 7 12
1 5 11 10
2 9 15 7
2 11 6 8
3 10 6 7
6 9 9 13
7 10 9 6
7 11 8 8
(93, 97)

Arvore 144
0 1 6 6
0 4 6 13
0 8 10 7
0 9 7 12
2 9 15 7
2 11 6 8
3 5 6 13
3 10 6 7
6 9 9 13
7 10 9 6
7 11 8 8
(88, 100)

Arvore 145
0 1 6 6
0 2 0 94
0 4 6 13
0 6 10 12
0 8 10 7
0 9 7 12
2 11 6 8
3 5 6 13
3 9 8 12
3 10 6 7
7 10 9 6
(74, 190)

Arvore 146
0 1 6 6
0 2 0 94
0 4 6 13
0 8 10 7
0 9 7 12
2 11 6 8
3 5 6 13
3 9 8 12
3 10 6 7
6 9 9 13
7 10 9 6
(73, 191)

Arvore 147
0 1 6 6
0 2 0 94
0 4 6 13
0 6 10 12
0 8 10 7
0 9 7 12
1 5 11 10
2 11 6 8
3 9 8 12
3 10 6 7
7 10 9 6
(79, 187)

Arvore 148
0 1 6 6
0 2 0 94
0 4 6 13
0 8 10 7
0 9 7 12
1 5 11 10
2 11 6 8
3 9 8 12
3 10 6 7
6 9 9 13
7 10 9 6
(78, 188)

Arvore 149
0 1 6 6
0 4 6 13
0 6 10 12
0 8 10 7
0 9 7 12
1 2 94 0
2 11 6 8
3 5 6 13
3 9 8 12
3 10 6 7
7 10 9 6
(168, 96)

Arvore 150
0 1 6 6
0 4 6 13
0 8 10 7
0 9 7 12
1 2 94 0
2 11 6 8
3 5 6 13
3 9 8 12
3 10 6 7
6 9 9 13
7 10 9 6
(167, 97)

Arvore 151
0 1 6 6
0 4 6 13
0 6 10 12
0 8 10 7
0 9 7 12
1 2 94 0
1 5 11 10
2 11 6 8
3 9 8 12
3 10 6 7
7 10 9 6
(173, 93)

Arvore 152
0 1 6 6
0 4 6 13
0 8 10 7
0 9 7 12
1 2 94 0
1 5 11 10
2 11 6 8
3 9 8 12
3 10 6 7
6 9 9 13
7 10 9 6
(172, 94)

Arvore 153
0 1 6 6
0 2 0 94
0 4 6 13
0 6 10 12
0 8 10 7
0 9 7 12
0 11 8 13
3 5 6 13
3 9 8 12
3 10 6 7
7 10 9 6
(76, 195)

Arvore 154
0 1 6 6
0 2 0 94
0 4 6 13
0 8 10 7
0 9 7 12
0 11 8 13
3 5 6 13
3 9 8 12
3 10 6 7
6 9 9 13
7 10 9 6
(75, 196)

Arvore 155
0 1 6 6
0 2 0 94
0 4 6 13
0 6 10 12
0 8 10 7
0 9 7 12
0 11 8 13
3 5 6 13
3 9 8 12
3 10 6 7
7 11 8 8
(75, 197)

Arvore 156
0 1 6 6
0 2 0 94
0 4 6 13
0 8 10 7
0 9 7 12
0 11 8 13
3 5 6 13
3 9 8 12
3 10 6 7
6 9 9 13
7 11 8 8
(74, 198)

Arvore 157
0 1 6 6
0 4 6 13
0 6 10 12
0 8 10 7
0 9 7 12
0 11 8 13
1 2 94 0
3 5 6 13
3 9 8 12
3 10 6 7
7 10 9 6
(170, 101)

Arvore 158
0 1 6 6
0 4 6 13
0 8 10 7
0 9 7 12
0 11 8 13
1 2 94 0
3 5 6 13
3 9 8 12
3 10 6 7
6 9 9 13
7 10 9 6
(169, 102)

Arvore 159
0 1 6 6
0 4 6 13
0 6 10 12
0 8 10 7
0 9 7 12
0 11 8 13
1 2 94 0
3 5 6 13
3 9 8 12
3 10 6 7
7 11 8 8
(169, 103)

Arvore 160
0 1 6 6
0 4 6 13
0 8 10 7
0 9 7 12
0 11 8 13
1 2 94 0
3 5 6 13
3 9 8 12
3 10 6 7
6 9 9 13
7 11 8 8
(168, 104)

Arvore 161
0 1 6 6
0 4 6 13
0 6 10 12
0 8 10 7
0 9 7 12
0 11 8 13
2 11 6 8
3 5 6 13
3 9 8 12
3 10 6 7
7 10 9 6
(82, 109)

Arvore 162
0 1 6 6
0 4 6 13
0 8 10 7
0 9 7 12
0 11 8 13
2 11 6 8
3 5 6 13
3 9 8 12
3 10 6 7
6 9 9 13
7 10 9 6
(81, 110)

Arvore 163
0 1 6 6
0 4 6 13
0 6 10 12
0 8 10 7
0 9 7 12
0 11 8 13
2 11 6 8
3 5 6 13
3 9 8 12
3 10 6 7
7 11 8 8
(81, 111)

Arvore 164
0 1 6 6
0 4 6 13
0 8 10 7
0 9 7 12
0 11 8 13
2 11 6 8
3 5 6 13
3 9 8 12
3 10 6 7
6 9 9 13
7 11 8 8
(80, 112)

Arvore 165
0 1 6 6
0 4 6 13
0 6 10 12
0 8 10 7
0 9 7 12
0 11 8 13
2 9 15 7
3 5 6 13
3 9 8 12
3 10 6 7
7 10 9 6
(91, 108)

Arvore 166
0 1 6 6
0 4 6 13
0 8 10 7
0 9 7 12
0 11 8 13
2 9 15 7
3 5 6 13
3 9 8 12
3 10 6 7
6 9 9 13
7 10 9 6
(90, 109)

Arvore 167
0 1 6 6
0 4 6 13
0 6 10 12
0 8 10 7
0 9 7 12
2 9 15 7
2 11 6 8
3 5 6 13
3 9 8 12
3 10 6 7
7 10 9 6
(89, 103)

Arvore 168
0 1 6 6
0 4 6 13
0 8 10 7
0 9 7 12
2 9 15 7
2 11 6 8
3 5 6 13
3 9 8 12
3 10 6 7
6 9 9 13
7 10 9 6
(88, 104)

Arvore 169
0 1 6 6
0 2 0 94
0 4 6 13
0 6 10 12
0 8 10 7
0 9 7 12
3 5 6 13
3 9 8 12
3 10 6 7
7 10 9 6
7 11 8 8
(76, 190)

Arvore 170
0 1 6 6
0 2 0 94
0 4 6 13
0 8 10 7
0 9 7 12
3 5 6 13
3 9 8 12
3 10 6 7
6 9 9 13
7 10 9 6
7 11 8 8
(75, 191)

Arvore 171
0 1 6 6
0 4 6 13
0 6 10 12
0 8 10 7
0 9 7 12
1 2 94 0
3 5 6 13
3 9 8 12
3 10 6 7
7 10 9 6
7 11 8 8
(170, 96)

Arvore 172
0 1 6 6
0 4 6 13
0 8 10 7
0 9 7 12
1 2 94 0
3 5 6 13
3 9 8 12
3 10 6 7
6 9 9 13
7 10 9 6
7 11 8 8
(169, 97)

Arvore 173
0 1 6 6
0 4 6 13
0 6 10 12
0 8 10 7
0 9 7 12
2 9 15 7
3 5 6 13
3 9 8 12
3 10 6 7
7 10 9 6
7 11 8 8
(91, 103)

Arvore 174
0 1 6 6
0 4 6 13
0 8 10 7
0 9 7 12
2 9 15 7
3 5 6 13
3 9 8 12
3 10 6 7
6 9 9 13
7 10 9 6
7 11 8 8
(90, 104)

Arvore 175
0 1 6 6
0 4 6 13
0 6 10 12
0 8 10 7
0 9 7 12
2 11 6 8
3 5 6 13
3 9 8 12
3 10 6 7
7 10 9 6
7 11 8 8
(82, 104)

Arvore 176
0 1 6 6
0 4 6 13
0 8 10 7
0 9 7 12
2 11 6 8
3 5 6 13
3 9 8 12
3 10 6 7
6 9 9 13
7 10 9 6
7 11 8 8
(81, 105)

Arvore 177
0 1 6 6
0 4 6 13
0 6 10 12
0 8 10 7
0 9 7 12
1 5 11 10
2 9 15 7
2 11 6 8
3 9 8 12
3 10 6 7
7 10 9 6
(94, 100)

Arvore 178
0 1 6 6
0 4 6 13
0 8 10 7
0 9 7 12
1 5 11 10
2 9 15 7
2 11 6 8
3 9 8 12
3 10 6 7
6 9 9 13
7 10 9 6
(93, 101)

Arvore 179
0 1 6 6
0 2 0 94
0 4 6 13
0 6 10 12
0 8 10 7
0 9 7 12
1 5 11 10
3 9 8 12
3 10 6 7
7 10 9 6
7 11 8 8
(81, 187)

Arvore 180
0 1 6 6
0 2 0 94
0 4 6 13
0 8 10 7
0 9 7 12
1 5 11 10
3 9 8 12
3 10 6 7
6 9 9 13
7 10 9 6
7 11 8 8
(80, 188)

Arvore 181
0 1 6 6
0 4 6 13
0 6 10 12
0 8 10 7
0 9 7 12
1 2 94 0
1 5 11 10
3 9 8 12
3 10 6 7
7 10 9 6
7 11 8 8
(175, 93)

Arvore 182
0 1 6 6
0 4 6 13
0 8 10 7
0 9 7 12
1 2 94 0
1 5 11 10
3 9 8 12
3 10 6 7
6 9 9 13
7 10 9 6
7 11 8 8
(174, 94)

Arvore 183
0 1 6 6
0 4 6 13
0 6 10 12
0 8 10 7
0 9 7 12
1 5 11 10
2 9 15 7
3 9 8 12
3 10 6 7
7 10 9 6
7 11 8 8
(96, 100)

Arvore 184
0 1 6 6
0 4 6 13
0 8 10 7
0 9 7 12
1 5 11 10
2 9 15 7
3 9 8 12
3 10 6 7
6 9 9 13
7 10 9 6
7 11 8 8
(95, 101)

Arvore 185
0 1 6 6
0 4 6 13
0 6 10 12
0 8 10 7
0 9 7 12
1 5 11 10
2 11 6 8
3 9 8 12
3 10 6 7
7 10 9 6
7 11 8 8
(87, 101)

Arvore 186
0 1 6 6
0 4 6 13
0 8 10 7
0 9 7 12
1 5 11 10
2 11 6 8
3 9 8 12
3 10 6 7
6 9 9 13
7 10 9 6
7 11 8 8
(86, 102)

Arvore 187
0 1 6 6
0 4 6 13
0 6 10 12
0 9 7 12
1 2 94 0
2 11 6 8
3 5 6 13
3 9 8 12
3 10 6 7
4 8 8 13
7 11 8 8
(165, 104)

Arvore 188
0 1 6 6
0 4 6 13
0 9 7 12
1 2 94 0
2 11 6 8
3 5 6 13
3 9 8 12
3 10 6 7
4 8 8 13
6 9 9 13
7 11 8 8
(164, 105)

Arvore 189
0 1 6 6
0 4 6 13
0 6 10 12
0 9 7 12
1 2 94 0
2 11 6 8
3 5 6 13
3 9 8 12
4 8 8 13
7 10 9 6
7 11 8 8
(168, 103)

Arvore 190
0 1 6 6
0 4 6 13
0 9 7 12
1 2 94 0
2 11 6 8
3 5 6 13
3 9 8 12
4 8 8 13
6 9 9 13
7 10 9 6
7 11 8 8
(167, 104)

Arvore 191
0 1 6 6
0 4 6 13
0 6 10 12
0 9 7 12
1 2 94 0
2 11 6 8
3 5 6 13
3 10 6 7
4 8 8 13
7 10 9 6
7 11 8 8
(166, 98)

Arvore 192
0 1 6 6
0 4 6 13
0 9 7 12
1 2 94 0
2 11 6 8
3 5 6 13
3 10 6 7
4 8 8 13
6 9 9 13
7 10 9 6
7 11 8 8
(165, 99)

Arvore 193
0 1 6 6
0 2 0 94
0 4 6 13
0 6 10 12
0 9 7 12
1 11 9 9
3 5 6 13
3 9 8 12
3 10 6 7
4 8 8 13
7 11 8 8
(74, 199)

Arvore 194
0 1 6 6
0 2 0 94
0 4 6 13
0 9 7 12
1 11 9 9
3 5 6 13
3 9 8 12
3 10 6 7
4 8 8 13
6 9 9 13
7 11 8 8
(73, 200)

Arvore 195
0 1 6 6
0 2 0 94
0 4 6 13
0 6 10 12
0 9 7 12
1 11 9 9
3 5 6 13
3 9 8 12
4 8 8 13
7 10 9 6
7 11 8 8
(77, 198)

Arvore 196
0 1 6 6
0 2 0 94
0 4 6 13
0 9 7 12
1 11 9 9
3 5 6 13
3 9 8 12
4 8 8 13
6 9 9 13
7 10 9 6
7 11 8 8
(76, 199)

Arvore 197
0 1 6 6
0 2 0 94
0 4 6 13
0 6 10 12
0 9 7 12
1 11 9 9
3 5 6 13
3 10 6 7
4 8 8 13
7 10 9 6
7 11 8 8
(75, 193)

Arvore 198
0 1 6 6
0 2 0 94
0 4 6 13
0 9 7 12
1 11 9 9
3 5 6 13
3 10 6 7
4 8 8 13
6 9 9 13
7 10 9 6
7 11 8 8
(74, 194)

Arvore 199
0 1 6 6
0 4 6 13
0 6 10 12
0 9 7 12
1 2 94 0
1 11 9 9
3 5 6 13
3 9 8 12
3 10 6 7
4 8 8 13
7 11 8 8
(168, 105)

Arvore 200
0 1 6 6
0 4 6 13
0 9 7 12
1 2 94 0
1 11 9 9
3 5 6 13
3 9 8 12
3 10 6 7
4 8 8 13
6 9 9 13
7 11 8 8
(167, 106)

Arvore 201
0 1 6 6
0 4 6 13
0 6 10 12
0 9 7 12
1 2 94 0
1 11 9 9
3 5 6 13
3 9 8 12
4 8 8 13
7 10 9 6
7 11 8 8
(171, 104)

Arvore 202
0 1 6 6
0 4 6 13
0 9 7 12
1 2 94 0
1 11 9 9
3 5 6 13
3 9 8 12
4 8 8 13
6 9 9 13
7 10 9 6
7 11 8 8
(170, 105)

Arvore 203
0 1 6 6
0 4 6 13
0 6 10 12
0 9 7 12
1 2 94 0
1 11 9 9
3 5 6 13
3 10 6 7
4 8 8 13
7 10 9 6
7 11 8 8
(169, 99)

Arvore 204
0 1 6 6
0 4 6 13
0 9 7 12
1 2 94 0
1 11 9 9
3 5 6 13
3 10 6 7
4 8 8 13
6 9 9 13
7 10 9 6
7 11 8 8
(168, 100)

Arvore 205
0 1 6 6
0 4 6 13
0 6 10 12
0 9 7 12
1 11 9 9
2 11 6 8
3 5 6 13
3 9 8 12
3 10 6 7
4 8 8 13
7 11 8 8
(80, 113)

Arvore 206
0 1 6 6
0 4 6 13
0 9 7 12
1 11 9 9
2 11 6 8
3 5 6 13
3 9 8 12
3 10 6 7
4 8 8 13
6 9 9 13
7 11 8 8
(79, 114)

Arvore 207
0 1 6 6
0 4 6 13
0 6 10 12
0 9 7 12
1 11 9 9
2 11 6 8
3 5 6 13
3 9 8 12
4 8 8 13
7 10 9 6
7 11 8 8
(83, 112)

Arvore 208
0 1 6 6
0 4 6 13
0 9 7 12
1 11 9 9
2 11 6 8
3 5 6 13
3 9 8 12
4 8 8 13
6 9 9 13
7 10 9 6
7 11 8 8
(82, 113)

Arvore 209
0 1 6 6
0 4 6 13
0 6 10 12
0 9 7 12
1 11 9 9
2 11 6 8
3 5 6 13
3 10 6 7
4 8 8 13
7 10 9 6
7 11 8 8
(81, 107)

Arvore 210
0 1 6 6
0 4 6 13
0 9 7 12
1 11 9 9
2 11 6 8
3 5 6 13
3 10 6 7
4 8 8 13
6 9 9 13
7 10 9 6
7 11 8 8
(80, 108)

Arvore 211
0 1 6 6
0 2 0 94
0 4 6 13
0 6 10 12
0 9 7 12
2 11 6 8
3 5 6 13
3 9 8 12
3 10 6 7
4 8 8 13
7 10 9 6
(72, 196)

Arvore 212
0 1 6 6
0 2 0 94
0 4 6 13
0 9 7 12
2 11 6 8
3 5 6 13
3 9 8 12
3 10 6 7
4 8 8 13
6 9 9 13
7 10 9 6
(71, 197)

Arvore 213
0 1 6 6
0 4 6 13
0 6 10 12
0 9 7 12
1 2 94 0
2 11 6 8
3 5 6 13
3 9 8 12
3 10 6 7
4 8 8 13
7 10 9 6
(166, 102)

Arvore 214
0 1 6 6
0 4 6 13
0 9 7 12
1 2 94 0
2 11 6 8
3 5 6 13
3 9 8 12
3 10 6 7
4 8 8 13
6 9 9 13
7 10 9 6
(165, 103)

Arvore 215
0 1 6 6
0 2 0 94
0 4 6 13
0 6 10 12
0 9 7 12
3 5 6 13
3 9 8 12
3 10 6 7
4 8 8 13
7 10 9 6
7 11 8 8
(74, 196)

Arvore 216
0 1 6 6
0 2 0 94
0 4 6 13
0 9 7 12
3 5 6 13
3 9 8 12
3 10 6 7
4 8 8 13
6 9 9 13
7 10 9 6
7 11 8 8
(73, 197)

Arvore 217
0 1 6 6
0 4 6 13
0 6 10 12
0 9 7 12
1 2 94 0
3 5 6 13
3 9 8 12
3 10 6 7
4 8 8 13
7 10 9 6
7 11 8 8
(168, 102)

Arvore 218
0 1 6 6
0 4 6 13
0 9 7 12
1 2 94 0
3 5 6 13
3 9 8 12
3 10 6 7
4 8 8 13
6 9 9 13
7 10 9 6
7 11 8 8
(167, 103)

Arvore 219
0 1 6 6
0 4 6 13
0 6 10 12
0 9 7 12
2 11 6 8
3 5 6 13
3 9 8 12
3 10 6 7
4 8 8 13
7 10 9 6
7 11 8 8
(80, 110)

Arvore 220
0 1 6 6
0 4 6 13
0 9 7 12
2 11 6 8
3 5 6 13
3 9 8 12
3 10 6 7
4 8 8 13
6 9 9 13
7 10 9 6
7 11 8 8
(79, 111)

Arvore 221
0 1 6 6
0 4 6 13
0 6 10 12
0 8 10 7
1 2 94 0
1 5 11 10
1 9 9 6
2 11 6 8
3 9 8 12
3 10 6 7
7 11 8 8
(174, 89)

Arvore 222
0 1 6 6
0 4 6 13
0 6 10 12
0 8 10 7
1 2 94 0
1 9 9 6
2 11 6 8
3 5 6 13
3 9 8 12
3 10 6 7
7 11 8 8
(169, 92)

Arvore 223
0 1 6 6
0 4 6 13
0 8 10 7
1 2 94 0
1 5 11 10
1 9 9 6
2 11 6 8
3 9 8 12
3 10 6 7
6 9 9 13
7 11 8 8
(173, 90)

Arvore 224
0 1 6 6
0 4 6 13
0 8 10 7
1 2 94 0
1 9 9 6
2 11 6 8
3 5 6 13
3 9 8 12
3 10 6 7
6 9 9 13
7 11 8 8
(168, 93)

Arvore 225
0 1 6 6
0 4 6 13
0 6 10 12
0 8 10 7
1 2 94 0
1 5 11 10
1 9 9 6
2 11 6 8
3 9 8 12
7 10 9 6
7 11 8 8
(177, 88)

Arvore 226
0 1 6 6
0 4 6 13
0 6 10 12
0 8 10 7
1 2 94 0
1 9 9 6
2 11 6 8
3 5 6 13
3 9 8 12
7 10 9 6
7 11 8 8
(172, 91)

Arvore 227
0 1 6 6
0 4 6 13
0 8 10 7
1 2 94 0
1 5 11 10
1 9 9 6
2 11 6 8
3 9 8 12
6 9 9 13
7 10 9 6
7 11 8 8
(176, 89)

Arvore 228
0 1 6 6
0 4 6 13
0 8 10 7
1 2 94 0
1 9 9 6
2 11 6 8
3 5 6 13
3 9 8 12
6 9 9 13
7 10 9 6
7 11 8 8
(171, 92)

Arvore 229
0 1 6 6
0 4 6 13
0 6 10 12
0 8 10 7
1 2 94 0
1 5 11 10
1 9 9 6
2 11 6 8
3 10 6 7
7 10 9 6
7 11 8 8
(175, 83)

Arvore 230
0 1 6 6
0 4 6 13
0 6 10 12
0 8 10 7
1 2 94 0
1 9 9 6
2 11 6 8
3 5 6 13
3 10 6 7
7 10 9 6
7 11 8 8
(170, 86)

Arvore 231
0 1 6 6
0 4 6 13
0 8 10 7
1 2 94 0
1 5 11 10
1 9 9 6
2 11 6 8
3 10 6 7
6 9 9 13
7 10 9 6
7 11 8 8
(174, 84)

Arvore 232
0 1 6 6
0 4 6 13
0 8 10 7
1 2 94 0
1 9 9 6
2 11 6 8
3 5 6 13
3 10 6 7
6 9 9 13
7 10 9 6
7 11 8 8
(169, 87)

Arvore 233
0 1 6 6
0 4 6 13
0 6 10 12
1 2 94 0
1 9 9 6
2 11 6 8
3 5 6 13
3 9 8 12
3 10 6 7
4 8 8 13
7 11 8 8
(167, 98)

Arvore 234
0 1 6 6
0 4 6 13
1 2 94 0
1 9 9 6
2 11 6 8
3 5 6 13
3 9 8 12
3 10 6 7
4 8 8 13
6 9 9 13
7 11 8 8
(166, 99)

Arvore 235
0 1 6 6
0 4 6 13
0 6 10 12
1 2 94 0
1 9 9 6
2 11 6 8
3 5 6 13
3 9 8 12
4 8 8 13
7 10 9 6
7 11 8 8
(170, 97)

Arvore 236
0 1 6 6
0 4 6 13
1 2 94 0
1 9 9 6
2 11 6 8
3 5 6 13
3 9 8 12
4 8 8 13
6 9 9 13
7 10 9 6
7 11 8 8
(169, 98)

Arvore 237
0 1 6 6
0 4 6 13
0 6 10 12
1 2 94 0
1 9 9 6
2 11 6 8
3 5 6 13
3 10 6 7
4 8 8 13
7 10 9 6
7 11 8 8
(168, 92)

Arvore 238
0 1 6 6
0 4 6 13
1 2 94 0
1 9 9 6
2 11 6 8
3 5 6 13
3 10 6 7
4 8 8 13
6 9 9 13
7 10 9 6
7 11 8 8
(167, 93)

Arvore 239
0 1 6 6
0 2 0 94
0 4 6 13
0 6 10 12
0 8 10 7
1 5 11 10
1 9 9 6
1 11 9 9
3 9 8 12
3 10 6 7
7 11 8 8
(83, 184)

Arvore 240
0 1 6 6
0 2 0 94
0 4 6 13
0 6 10 12
0 8 10 7
1 9 9 6
1 11 9 9
3 5 6 13
3 9 8 12
3 10 6 7
7 11 8 8
(78, 187)

Arvore 241
0 1 6 6
0 2 0 94
0 4 6 13
0 8 10 7
1 5 11 10
1 9 9 6
1 11 9 9
3 9 8 12
3 10 6 7
6 9 9 13
7 11 8 8
(82, 185)

Arvore 242
0 1 6 6
0 2 0 94
0 4 6 13
0 8 10 7
1 9 9 6
1 11 9 9
3 5 6 13
3 9 8 12
3 10 6 7
6 9 9 13
7 11 8 8
(77, 188)

Arvore 243
0 1 6 6
0 2 0 94
0 4 6 13
0 6 10 12
0 8 10 7
1 5 11 10
1 9 9 6
1 11 9 9
3 9 8 12
7 10 9 6
7 11 8 8
(86, 183)

Arvore 244
0 1 6 6
0 2 0 94
0 4 6 13
0 6 10 12
0 8 10 7
1 9 9 6
1 11 9 9
3 5 6 13
3 9 8 12
7 10 9 6
7 11 8 8
(81, 186)

Arvore 245
0 1 6 6
0 2 0 94
0 4 6 13
0 8 10 7
1 5 11 10
1 9 9 6
1 11 9 9
3 9 8 12
6 9 9 13
7 10 9 6
7 11 8 8
(85, 184)

Arvore 246
0 1 6 6
0 2 0 94
0 4 6 13
0 8 10 7
1 9 9 6
1 11 9 9
3 5 6 13
3 9 8 12
6 9 9 13
7 10 9 6
7 11 8 8
(80, 187)

Arvore 247
0 1 6 6
0 2 0 94
0 4 6 13
0 6 10 12
0 8 10 7
1 5 11 10
1 9 9 6
1 11 9 9
3 10 6 7
7 10 9 6
7 11 8 8
(84, 178)

Arvore 248
0 1 6 6
0 2 0 94
0 4 6 13
0 6 10 12
0 8 10 7
1 9 9 6
1 11 9 9
3 5 6 13
3 10 6 7
7 10 9 6
7 11 8 8
(79, 181)

Arvore 249
0 1 6 6
0 2 0 94
0 4 6 13
0 8 10 7
1 5 11 10
1 9 9 6
1 11 9 9
3 10 6 7
6 9 9 13
7 10 9 6
7 11 8 8
(83, 179)

Arvore 250
0 1 6 6
0 2 0 94
0 4 6 13
0 8 10 7
1 9 9 6
1 11 9 9
3 5 6 13
3 10 6 7
6 9 9 13
7 10 9 6
7 11 8 8
(78, 182)

Arvore 251
0 1 6 6
0 4 6 13
0 6 10 12
0 8 10 7
1 2 94 0
1 5 11 10
1 9 9 6
1 11 9 9
3 9 8 12
3 10 6 7
7 11 8 8
(177, 90)

Arvore 252
0 1 6 6
0 4 6 13
0 6 10 12
0 8 10 7
1 2 94 0
1 9 9 6
1 11 9 9
3 5 6 13
3 9 8 12
3 10 6 7
7 11 8 8
(172, 93)

Arvore 253
0 1 6 6
0 4 6 13
0 8 10 7
1 2 94 0
1 5 11 10
1 9 9 6
1 11 9 9
3 9 8 12
3 10 6 7
6 9 9 13
7 11 8 8
(176, 91)

Arvore 254
0 1 6 6
0 4 6 13
0 8 10 7
1 2 94 0
1 9 9 6
1 11 9 9
3 5 6 13
3 9 8 12
3 10 6 7
6 9 9 13
7 11 8 8
(171, 94)

Arvore 255
0 1 6 6
0 4 6 13
0 6 10 12
0 8 10 7
1 2 94 0
1 5 11 10
1 9 9 6
1 11 9 9
3 9 8 12
7 10 9 6
7 11 8 8
(180, 89)

Arvore 256
0 1 6 6
0 4 6 13
0 6 10 12
0 8 10 7
1 2 94 0
1 9 9 6
1 11 9 9
3 5 6 13
3 9 8 12
7 10 9 6
7 11 8 8
(175, 92)

Arvore 257
0 1 6 6
0 4 6 13
0 8 10 7
1 2 94 0
1 5 11 10
1 9 9 6
1 11 9 9
3 9 8 12
6 9 9 13
7 10 9 6
7 11 8 8
(179, 90)

Arvore 258
0 1 6 6
0 4 6 13
0 8 10 7
1 2 94 0
1 9 9 6
1 11 9 9
3 5 6 13
3 9 8 12
6 9 9 13
7 10 9 6
7 11 8 8
(174, 93)

Arvore 259
0 1 6 6
0 4 6 13
0 6 10 12
0 8 10 7
1 2 94 0
1 5 11 10
1 9 9 6
1 11 9 9
3 10 6 7
7 10 9 6
7 11 8 8
(178, 84)

Arvore 260
0 1 6 6
0 4 6 13
0 6 10 12
0 8 10 7
1 2 94 0
1 9 9 6
1 11 9 9
3 5 6 13
3 10 6 7
7 10 9 6
7 11 8 8
(173, 87)

Arvore 261
0 1 6 6
0 4 6 13
0 8 10 7
1 2 94 0
1 5 11 10
1 9 9 6
1 11 9 9
3 10 6 7
6 9 9 13
7 10 9 6
7 11 8 8
(177, 85)

Arvore 262
0 1 6 6
0 4 6 13
0 8 10 7
1 2 94 0
1 9 9 6
1 11 9 9
3 5 6 13
3 10 6 7
6 9 9 13
7 10 9 6
7 11 8 8
(172, 88)

Arvore 263
0 1 6 6
0 4 6 13
0 6 10 12
0 8 10 7
1 5 11 10
1 9 9 6
1 11 9 9
2 9 15 7
3 9 8 12
3 10 6 7
7 11 8 8
(98, 97)

Arvore 264
0 1 6 6
0 4 6 13
0 6 10 12
0 8 10 7
1 9 9 6
1 11 9 9
2 9 15 7
3 5 6 13
3 9 8 12
3 10 6 7
7 11 8 8
(93, 100)

Arvore 265
0 1 6 6
0 4 6 13
0 8 10 7
1 5 11 10
1 9 9 6
1 11 9 9
2 9 15 7
3 9 8 12
3 10 6 7
6 9 9 13
7 11 8 8
(97, 98)

Arvore 266
0 1 6 6
0 4 6 13
0 8 10 7
1 9 9 6
1 11 9 9
2 9 15 7
3 5 6 13
3 9 8 12
3 10 6 7
6 9 9 13
7 11 8 8
(92, 101)

Arvore 267
0 1 6 6
0 4 6 13
0 6 10 12
0 8 10 7
1 5 11 10
1 9 9 6
1 11 9 9
2 9 15 7
3 9 8 12
7 10 9 6
7 11 8 8
(101, 96)

Arvore 268
0 1 6 6
0 4 6 13
0 6 10 12
0 8 10 7
1 9 9 6
1 11 9 9
2 9 15 7
3 5 6 13
3 9 8 12
7 10 9 6
7 11 8 8
(96, 99)

Arvore 269
0 1 6 6
0 4 6 13
0 8 10 7
1 5 11 10
1 9 9 6
1 11 9 9
2 9 15 7
3 9 8 12
6 9 9 13
7 10 9 6
7 11 8 8
(100, 97)

Arvore 270
0 1 6 6
0 4 6 13
0 8 10 7
1 9 9 6
1 11 9 9
2 9 15 7
3 5 6 13
3 9 8 12
6 9 9 13
7 10 9 6
7 11 8 8
(95, 100)

Arvore 271
0 1 6 6
0 4 6 13
0 6 10 12
0 8 10 7
1 5 11 10
1 9 9 6
1 11 9 9
2 9 15 7
3 10 6 7
7 10 9 6
7 11 8 8
(99, 91)

Arvore 272
0 1 6 6
0 4 6 13
0 6 10 12
0 8 10 7
1 9 9 6
1 11 9 9
2 9 15 7
3 5 6 13
3 10 6 7
7 10 9 6
7 11 8 8
(94, 94)

Arvore 273
0 1 6 6
0 4 6 13
0 8 10 7
1 5 11 10
1 9 9 6
1 11 9 9
2 9 15 7
3 10 6 7
6 9 9 13
7 10 9 6
7 11 8 8
(98, 92)

Arvore 274
0 1 6 6
0 4 6 13
0 8 10 7
1 9 9 6
1 11 9 9
2 9 15 7
3 5 6 13
3 10 6 7
6 9 9 13
7 10 9 6
7 11 8 8
(93, 95)

Arvore 275
0 1 6 6
0 4 6 13
0 6 10 12
0 8 10 7
1 5 11 10
1 9 9 6
1 11 9 9
2 11 6 8
3 9 8 12
3 10 6 7
7 11 8 8
(89, 98)

Arvore 276
0 1 6 6
0 4 6 13
0 6 10 12
0 8 10 7
1 9 9 6
1 11 9 9
2 11 6 8
3 5 6 13
3 9 8 12
3 10 6 7
7 11 8 8
(84, 101)

Arvore 277
0 1 6 6
0 4 6 13
0 8 10 7
1 5 11 10
1 9 9 6
1 11 9 9
2 11 6 8
3 9 8 12
3 10 6 7
6 9 9 13
7 11 8 8
(88, 99)

Arvore 278
0 1 6 6
0 4 6 13
0 8 10 7
1 9 9 6
1 11 9 9
2 11 6 8
3 5 6 13
3 9 8 12
3 10 6 7
6 9 9 13
7 11 8 8
(83, 102)

Arvore 279
0 1 6 6
0 4 6 13
0 6 10 12
0 8 10 7
1 5 11 10
1 9 9 6
1 11 9 9
2 11 6 8
3 9 8 12
7 10 9 6
7 11 8 8
(92, 97)

Arvore 280
0 1 6 6
0 4 6 13
0 6 10 12
0 8 10 7
1 9 9 6
1 11 9 9
2 11 6 8
3 5 6 13
3 9 8 12
7 10 9 6
7 11 8 8
(87, 100)

Arvore 281
0 1 6 6
0 4 6 13
0 8 10 7
1 5 11 10
1 9 9 6
1 11 9 9
2 11 6 8
3 9 8 12
6 9 9 13
7 10 9 6
7 11 8 8
(91, 98)

Arvore 282
0 1 6 6
0 4 6 13
0 8 10 7
1 9 9 6
1 11 9 9
2 11 6 8
3 5 6 13
3 9 8 12
6 9 9 13
7 10 9 6
7 11 8 8
(86, 101)

Arvore 283
0 1 6 6
0 4 6 13
0 6 10 12
0 8 10 7
1 5 11 10
1 9 9 6
1 11 9 9
2 11 6 8
3 10 6 7
7 10 9 6
7 11 8 8
(90, 92)

Arvore 284
0 1 6 6
0 4 6 13
0 6 10 12
0 8 10 7
1 9 9 6
1 11 9 9
2 11 6 8
3 5 6 13
3 10 6 7
7 10 9 6
7 11 8 8
(85, 95)

Arvore 285
0 1 6 6
0 4 6 13
0 8 10 7
1 5 11 10
1 9 9 6
1 11 9 9
2 11 6 8
3 10 6 7
6 9 9 13
7 10 9 6
7 11 8 8
(89, 93)

Arvore 286
0 1 6 6
0 4 6 13
0 8 10 7
1 9 9 6
1 11 9 9
2 11 6 8
3 5 6 13
3 10 6 7
6 9 9 13
7 10 9 6
7 11 8 8
(84, 96)

Arvore 287
0 1 6 6
0 4 6 13
0 6 10 12
0 8 10 7
1 5 11 10
1 9 9 6
2 9 15 7
2 11 6 8
3 9 8 12
3 10 6 7
7 11 8 8
(95, 96)

Arvore 288
0 1 6 6
0 4 6 13
0 6 10 12
0 8 10 7
1 9 9 6
2 9 15 7
2 11 6 8
3 5 6 13
3 9 8 12
3 10 6 7
7 11 8 8
(90, 99)

Arvore 289
0 1 6 6
0 4 6 13
0 8 10 7
1 5 11 10
1 9 9 6
2 9 15 7
2 11 6 8
3 9 8 12
3 10 6 7
6 9 9 13
7 11 8 8
(94, 97)

Arvore 290
0 1 6 6
0 4 6 13
0 8 10 7
1 9 9 6
2 9 15 7
2 11 6 8
3 5 6 13
3 9 8 12
3 10 6 7
6 9 9 13
7 11 8 8
(89, 100)

Arvore 291
0 1 6 6
0 4 6 13
0 6 10 12
0 8 10 7
1 5 11 10
1 9 9 6
2 9 15 7
2 11 6 8
3 9 8 12
7 10 9 6
7 11 8 8
(98, 95)

Arvore 292
0 1 6 6
0 4 6 13
0 6 10 12
0 8 10 7
1 9 9 6
2 9 15 7
2 11 6 8
3 5 6 13
3 9 8 12
7 10 9 6
7 11 8 8
(93, 98)

Arvore 293
0 1 6 6
0 4 6 13
0 8 10 7
1 5 11 10
1 9 9 6
2 9 15 7
2 11 6 8
3 9 8 12
6 9 9 13
7 10 9 6
7 11 8 8
(97, 96)

Arvore 294
0 1 6 6
0 4 6 13
0 8 10 7
1 9 9 6
2 9 15 7
2 11 6 8
3 5 6 13
3 9 8 12
6 9 9 13
7 10 9 6
7 11 8 8
(92, 99)

Arvore 295
0 1 6 6
0 4 6 13
0 6 10 12
0 8 10 7
1 5 11 10
1 9 9 6
2 9 15 7
2 11 6 8
3 10 6 7
7 10 9 6
7 11 8 8
(96, 90)

Arvore 296
0 1 6 6
0 4 6 13
0 6 10 12
0 8 10 7
1 9 9 6
2 9 15 7
2 11 6 8
3 5 6 13
3 10 6 7
7 10 9 6
7 11 8 8
(91, 93)

Arvore 297
0 1 6 6
0 4 6 13
0 8 10 7
1 5 11 10
1 9 9 6
2 9 15 7
2 11 6 8
3 10 6 7
6 9 9 13
7 10 9 6
7 11 8 8
(95, 91)

Arvore 298
0 1 6 6
0 4 6 13
0 8 10 7
1 9 9 6
2 9 15 7
2 11 6 8
3 5 6 13
3 10 6 7
6 9 9 13
7 10 9 6
7 11 8 8
(90, 94)

Arvore 299
0 1 6 6
0 2 0 94
0 4 6 13
0 6 10 12
0 8 10 7
1 9 9 6
2 11 6 8
3 5 6 13
3 9 8 12
3 10 6 7
7 10 9 6
(76, 184)

Arvore 300
0 1 6 6
0 2 0 94
0 4 6 13
0 8 10 7
1 9 9 6
2 11 6 8
3 5 6 13
3 9 8 12
3 10 6 7
6 9 9 13
7 10 9 6
(75, 185)

Arvore 301
0 1 6 6
0 2 0 94
0 4 6 13
0 6 10 12
0 8 10 7
1 5 11 10
1 9 9 6
2 11 6 8
3 9 8 12
3 10 6 7
7 10 9 6
(81, 181)

Arvore 302
0 1 6 6
0 2 0 94
0 4 6 13
0 8 10 7
1 5 11 10
1 9 9 6
2 11 6 8
3 9 8 12
3 10 6 7
6 9 9 13
7 10 9 6
(80, 182)

Arvore 303
0 1 6 6
0 4 6 13
0 6 10 12
0 8 10 7
1 2 94 0
1 9 9 6
2 11 6 8
3 5 6 13
3 9 8 12
3 10 6 7
7 10 9 6
(170, 90)

Arvore 304
0 1 6 6
0 4 6 13
0 8 10 7
1 2 94 0
1 9 9 6
2 11 6 8
3 5 6 13
3 9 8 12
3 10 6 7
6 9 9 13
7 10 9 6
(169, 91)

Arvore 305
0 1 6 6
0 4 6 13
0 6 10 12
0 8 10 7
1 2 94 0
1 5 11 10
1 9 9 6
2 11 6 8
3 9 8 12
3 10 6 7
7 10 9 6
(175, 87)

Arvore 306
0 1 6 6
0 4 6 13
0 8 10 7
1 2 94 0
1 5 11 10
1 9 9 6
2 11 6 8
3 9 8 12
3 10 6 7
6 9 9 13
7 10 9 6
(174, 88)

Arvore 307
0 1 6 6
0 2 0 94
0 4 6 13
0 6 10 12
0 8 10 7
0 11 8 13
1 9 9 6
3 5 6 13
3 9 8 12
3 10 6 7
7 10 9 6
(78, 189)

Arvore 308
0 1 6 6
0 2 0 94
0 4 6 13
0 8 10 7
0 11 8 13
1 9 9 6
3 5 6 13
3 9 8 12
3 10 6 7
6 9 9 13
7 10 9 6
(77, 190)

Arvore 309
0 1 6 6
0 2 0 94
0 4 6 13
0 6 10 12
0 8 10 7
0 11 8 13
1 9 9 6
3 5 6 13
3 9 8 12
3 10 6 7
7 11 8 8
(77, 191)

Arvore 310
0 1 6 6
0 2 0 94
0 4 6 13
0 8 10 7
0 11 8 13
1 9 9 6
3 5 6 13
3 9 8 12
3 10 6 7
6 9 9 13
7 11 8 8
(76, 192)

Arvore 311
0 1 6 6
0 4 6 13
0 6 10 12
0 8 10 7
0 11 8 13
1 2 94 0
1 9 9 6
3 5 6 13
3 9 8 12
3 10 6 7
7 10 9 6
(172, 95)

Arvore 312
0 1 6 6
0 4 6 13
0 8 10 7
0 11 8 13
1 2 94 0
1 9 9 6
3 5 6 13
3 9 8 12
3 10 6 7
6 9 9 13
7 10 9 6
(171, 96)

Arvore 313
0 1 6 6
0 4 6 13
0 6 10 12
0 8 10 7
0 11 8 13
1 2 94 0
1 9 9 6
3 5 6 13
3 9 8 12
3 10 6 7
7 11 8 8
(171, 97)

Arvore 314
0 1 6 6
0 4 6 13
0 8 10 7
0 11 8 13
1 2 94 0
1 9 9 6
3 5 6 13
3 9 8 12
3 10 6 7
6 9 9 13
7 11 8 8
(170, 98)

Arvore 315
0 1 6 6
0 4 6 13
0 6 10 12
0 8 10 7
0 11 8 13
1 9 9 6
2 11 6 8
3 5 6 13
3 9 8 12
3 10 6 7
7 10 9 6
(84, 103)

Arvore 316
0 1 6 6
0 4 6 13
0 8 10 7
0 11 8 13
1 9 9 6
2 11 6 8
3 5 6 13
3 9 8 12
3 10 6 7
6 9 9 13
7 10 9 6
(83, 104)

Arvore 317
0 1 6 6
0 4 6 13
0 6 10 12
0 8 10 7
0 11 8 13
1 9 9 6
2 11 6 8
3 5 6 13
3 9 8 12
3 10 6 7
7 11 8 8
(83, 105)

Arvore 318
0 1 6 6
0 4 6 13
0 8 10 7
0 11 8 13
1 9 9 6
2 11 6 8
3 5 6 13
3 9 8 12
3 10 6 7
6 9 9 13
7 11 8 8
(82, 106)

Arvore 319
0 1 6 6
0 4 6 13
0 6 10 12
0 8 10 7
0 11 8 13
1 9 9 6
2 9 15 7
3 5 6 13
3 9 8 12
3 10 6 7
7 10 9 6
(93, 102)

Arvore 320
0 1 6 6
0 4 6 13
0 8 10 7
0 11 8 13
1 9 9 6
2 9 15 7
3 5 6 13
3 9 8 12
3 10 6 7
6 9 9 13
7 10 9 6
(92, 103)

Arvore 321
0 1 6 6
0 4 6 13
0 6 10 12
0 8 10 7
1 9 9 6
2 9 15 7
2 11 6 8
3 5 6 13
3 9 8 12
3 10 6 7
7 10 9 6
(91, 97)

Arvore 322
0 1 6 6
0 4 6 13
0 8 10 7
1 9 9 6
2 9 15 7
2 11 6 8
3 5 6 13
3 9 8 12
3 10 6 7
6 9 9 13
7 10 9 6
(90, 98)

Arvore 323
0 1 6 6
0 2 0 94
0 4 6 13
0 6 10 12
0 8 10 7
1 9 9 6
3 5 6 13
3 9 8 12
3 10 6 7
7 10 9 6
7 11 8 8
(78, 184)

Arvore 324
0 1 6 6
0 2 0 94
0 4 6 13
0 8 10 7
1 9 9 6
3 5 6 13
3 9 8 12
3 10 6 7
6 9 9 13
7 10 9 6
7 11 8 8
(77, 185)

Arvore 325
0 1 6 6
0 4 6 13
0 6 10 12
0 8 10 7
1 2 94 0
1 9 9 6
3 5 6 13
3 9 8 12
3 10 6 7
7 10 9 6
7 11 8 8
(172, 90)

Arvore 326
0 1 6 6
0 4 6 13
0 8 10 7
1 2 94 0
1 9 9 6
3 5 6 13
3 9 8 12
3 10 6 7
6 9 9 13
7 10 9 6
7 11 8 8
(171, 91)

Arvore 327
0 1 6 6
0 4 6 13
0 6 10 12
0 8 10 7
1 9 9 6
2 9 15 7
3 5 6 13
3 9 8 12
3 10 6 7
7 10 9 6
7 11 8 8
(93, 97)

Arvore 328
0 1 6 6
0 4 6 13
0 8 10 7
1 9 9 6
2 9 15 7
3 5 6 13
3 9 8 12
3 10 6 7
6 9 9 13
7 10 9 6
7 11 8 8
(92, 98)

Arvore 329
0 1 6 6
0 4 6 13
0 6 10 12
0 8 10 7
1 9 9 6
2 11 6 8
3 5 6 13
3 9 8 12
3 10 6 7
7 10 9 6
7 11 8 8
(84, 98)

Arvore 330
0 1 6 6
0 4 6 13
0 8 10 7
1 9 9 6
2 11 6 8
3 5 6 13
3 9 8 12
3 10 6 7
6 9 9 13
7 10 9 6
7 11 8 8
(83, 99)

Arvore 331
0 1 6 6
0 4 6 13
0 6 10 12
0 8 10 7
1 5 11 10
1 9 9 6
2 9 15 7
2 11 6 8
3 9 8 12
3 10 6 7
7 10 9 6
(96, 94)

Arvore 332
0 1 6 6
0 4 6 13
0 8 10 7
1 5 11 10
1 9 9 6
2 9 15 7
2 11 6 8
3 9 8 12
3 10 6 7
6 9 9 13
7 10 9 6
(95, 95)

Arvore 333
0 1 6 6
0 2 0 94
0 4 6 13
0 6 10 12
0 8 10 7
1 5 11 10
1 9 9 6
3 9 8 12
3 10 6 7
7 10 9 6
7 11 8 8
(83, 181)

Arvore 334
0 1 6 6
0 2 0 94
0 4 6 13
0 8 10 7
1 5 11 10
1 9 9 6
3 9 8 12
3 10 6 7
6 9 9 13
7 10 9 6
7 11 8 8
(82, 182)

Arvore 335
0 1 6 6
0 4 6 13
0 6 10 12
0 8 10 7
1 2 94 0
1 5 11 10
1 9 9 6
3 9 8 12
3 10 6 7
7 10 9 6
7 11 8 8
(177, 87)

Arvore 336
0 1 6 6
0 4 6 13
0 8 10 7
1 2 94 0
1 5 11 10
1 9 9 6
3 9 8 12
3 10 6 7
6 9 9 13
7 10 9 6
7 11 8 8
(176, 88)

Arvore 337
0 1 6 6
0 4 6 13
0 6 10 12
0 8 10 7
1 5 11 10
1 9 9 6
2 9 15 7
3 9 8 12
3 10 6 7
7 10 9 6
7 11 8 8
(98, 94)

Arvore 338
0 1 6 6
0 4 6 13
0 8 10 7
1 5 11 10
1 9 9 6
2 9 15 7
3 9 8 12
3 10 6 7
6 9 9 13
7 10 9 6
7 11 8 8
(97, 95)

Arvore 339
0 1 6 6
0 4 6 13
0 6 10 12
0 8 10 7
1 5 11 10
1 9 9 6
2 11 6 8
3 9 8 12
3 10 6 7
7 10 9 6
7 11 8 8
(89, 95)

Arvore 340
0 1 6 6
0 4 6 13
0 8 10 7
1 5 11 10
1 9 9 6
2 11 6 8
3 9 8 12
3 10 6 7
6 9 9 13
7 10 9 6
7 11 8 8
(88, 96)

Arvore 341
0 1 6 6
0 2 0 94
0 4 6 13
0 6 10 12
1 9 9 6
1 11 9 9
3 5 6 13
3 9 8 12
3 10 6 7
4 8 8 13
7 11 8 8
(76, 193)

Arvore 342
0 1 6 6
0 2 0 94
0 4 6 13
1 9 9 6
1 11 9 9
3 5 6 13
3 9 8 12
3 10 6 7
4 8 8 13
6 9 9 13
7 11 8 8
(75, 194)

Arvore 343
0 1 6 6
0 2 0 94
0 4 6 13
0 6 10 12
1 9 9 6
1 11 9 9
3 5 6 13
3 9 8 12
4 8 8 13
7 10 9 6
7 11 8 8
(79, 192)

Arvore 344
0 1 6 6
0 2 0 94
0 4 6 13
1 9 9 6
1 11 9 9
3 5 6 13
3 9 8 12
4 8 8 13
6 9 9 13
7 10 9 6
7 11 8 8
(78, 193)

Arvore 345
0 1 6 6
0 2 0 94
0 4 6 13
0 6 10 12
1 9 9 6
1 11 9 9
3 5 6 13
3 10 6 7
4 8 8 13
7 10 9 6
7 11 8 8
(77, 187)

Arvore 346
0 1 6 6
0 2 0 94
0 4 6 13
1 9 9 6
1 11 9 9
3 5 6 13
3 10 6 7
4 8 8 13
6 9 9 13
7 10 9 6
7 11 8 8
(76, 188)

Arvore 347
0 1 6 6
0 4 6 13
0 6 10 12
1 2 94 0
1 9 9 6
1 11 9 9
3 5 6 13
3 9 8 12
3 10 6 7
4 8 8 13
7 11 8 8
(170, 99)

Arvore 348
0 1 6 6
0 4 6 13
1 2 94 0
1 9 9 6
1 11 9 9
3 5 6 13
3 9 8 12
3 10 6 7
4 8 8 13
6 9 9 13
7 11 8 8
(169, 100)

Arvore 349
0 1 6 6
0 4 6 13
0 6 10 12
1 2 94 0
1 9 9 6
1 11 9 9
3 5 6 13
3 9 8 12
4 8 8 13
7 10 9 6
7 11 8 8
(173, 98)

Arvore 350
0 1 6 6
0 4 6 13
1 2 94 0
1 9 9 6
1 11 9 9
3 5 6 13
3 9 8 12
4 8 8 13
6 9 9 13
7 10 9 6
7 11 8 8
(172, 99)

Arvore 351
0 1 6 6
0 4 6 13
0 6 10 12
1 2 94 0
1 9 9 6
1 11 9 9
3 5 6 13
3 10 6 7
4 8 8 13
7 10 9 6
7 11 8 8
(171, 93)

Arvore 352
0 1 6 6
0 4 6 13
1 2 94 0
1 9 9 6
1 11 9 9
3 5 6 13
3 10 6 7
4 8 8 13
6 9 9 13
7 10 9 6
7 11 8 8
(170, 94)

Arvore 353
0 1 6 6
0 4 6 13
0 6 10 12
1 9 9 6
1 11 9 9
2 11 6 8
3 5 6 13
3 9 8 12
3 10 6 7
4 8 8 13
7 11 8 8
(82, 107)

Arvore 354
0 1 6 6
0 4 6 13
1 9 9 6
1 11 9 9
2 11 6 8
3 5 6 13
3 9 8 12
3 10 6 7
4 8 8 13
6 9 9 13
7 11 8 8
(81, 108)

Arvore 355
0 1 6 6
0 4 6 13
0 6 10 12
1 9 9 6
1 11 9 9
2 11 6 8
3 5 6 13
3 9 8 12
4 8 8 13
7 10 9 6
7 11 8 8
(85, 106)

Arvore 356
0 1 6 6
0 4 6 13
1 9 9 6
1 11 9 9
2 11 6 8
3 5 6 13
3 9 8 12
4 8 8 13
6 9 9 13
7 10 9 6
7 11 8 8
(84, 107)

Arvore 357
0 1 6 6
0 4 6 13
0 6 10 12
1 9 9 6
1 11 9 9
2 11 6 8
3 5 6 13
3 10 6 7
4 8 8 13
7 10 9 6
7 11 8 8
(83, 101)

Arvore 358
0 1 6 6
0 4 6 13
1 9 9 6
1 11 9 9
2 11 6 8
3 5 6 13
3 10 6 7
4 8 8 13
6 9 9 13
7 10 9 6
7 11 8 8
(82, 102)

Arvore 359
0 1 6 6
0 2 0 94
0 4 6 13
0 6 10 12
1 9 9 6
2 11 6 8
3 5 6 13
3 9 8 12
3 10 6 7
4 8 8 13
7 10 9 6
(74, 190)

Arvore 360
0 1 6 6
0 2 0 94
0 4 6 13
1 9 9 6
2 11 6 8
3 5 6 13
3 9 8 12
3 10 6 7
4 8 8 13
6 9 9 13
7 10 9 6
(73, 191)

Arvore 361
0 1 6 6
0 4 6 13
0 6 10 12
1 2 94 0
1 9 9 6
2 11 6 8
3 5 6 13
3 9 8 12
3 10 6 7
4 8 8 13
7 10 9 6
(168, 96)

Arvore 362
0 1 6 6
0 4 6 13
1 2 94 0
1 9 9 6
2 11 6 8
3 5 6 13
3 9 8 12
3 10 6 7
4 8 8 13
6 9 9 13
7 10 9 6
(167, 97)

Arvore 363
0 1 6 6
0 2 0 94
0 4 6 13
0 6 10 12
1 9 9 6
3 5 6 13
3 9 8 12
3 10 6 7
4 8 8 13
7 10 9 6
7 11 8 8
(76, 190)

Arvore 364
0 1 6 6
0 2 0 94
0 4 6 13
1 9 9 6
3 5 6 13
3 9 8 12
3 10 6 7
4 8 8 13
6 9 9 13
7 10 9 6
7 11 8 8
(75, 191)

Arvore 365
0 1 6 6
0 4 6 13
0 6 10 12
1 2 94 0
1 9 9 6
3 5 6 13
3 9 8 12
3 10 6 7
4 8 8 13
7 10 9 6
7 11 8 8
(170, 96)

Arvore 366
0 1 6 6
0 4 6 13
1 2 94 0
1 9 9 6
3 5 6 13
3 9 8 12
3 10 6 7
4 8 8 13
6 9 9 13
7 10 9 6
7 11 8 8
(169, 97)

Arvore 367
0 1 6 6
0 4 6 13
0 6 10 12
1 9 9 6
2 11 6 8
3 5 6 13
3 9 8 12
3 10 6 7
4 8 8 13
7 10 9 6
7 11 8 8
(82, 104)

Arvore 368
0 1 6 6
0 4 6 13
1 9 9 6
2 11 6 8
3 5 6 13
3 9 8 12
3 10 6 7
4 8 8 13
6 9 9 13
7 10 9 6
7 11 8 8
(81, 105)

Arvore 369
0 1 6 6
0 6 10 12
0 8 10 7
1 2 94 0
1 4 7 8
1 5 11 10
1 9 9 6
2 11 6 8
3 9 8 12
3 10 6 7
7 11 8 8
(175, 84)

Arvore 370
0 1 6 6
0 6 10 12
0 8 10 7
1 2 94 0
1 4 7 8
1 9 9 6
2 11 6 8
3 5 6 13
3 9 8 12
3 10 6 7
7 11 8 8
(170, 87)

Arvore 371
0 1 6 6
0 8 10 7
1 2 94 0
1 4 7 8
1 5 11 10
1 9 9 6
2 11 6 8
3 9 8 12
3 10 6 7
6 9 9 13
7 11 8 8
(174, 85)

Arvore 372
0 1 6 6
0 8 10 7
1 2 94 0
1 4 7 8
1 9 9 6
2 11 6 8
3 5 6 13
3 9 8 12
3 10 6 7
6 9 9 13
7 11 8 8
(169, 88)

Arvore 373
0 1 6 6
0 6 10 12
0 8 10 7
1 2 94 0
1 4 7 8
1 5 11 10
1 9 9 6
2 11 6 8
3 9 8 12
7 10 9 6
7 11 8 8
(178, 83)

Arvore 374
0 1 6 6
0 6 10 12
0 8 10 7
1 2 94 0
1 4 7 8
1 9 9 6
2 11 6 8
3 5 6 13
3 9 8 12
7 10 9 6
7 11 8 8
(173, 86)

Arvore 375
0 1 6 6
0 8 10 7
1 2 94 0
1 4 7 8
1 5 11 10
1 9 9 6
2 11 6 8
3 9 8 12
6 9 9 13
7 10 9 6
7 11 8 8
(177, 84)

Arvore 376
0 1 6 6
0 8 10 7
1 2 94 0
1 4 7 8
1 9 9 6
2 11 6 8
3 5 6 13
3 9 8 12
6 9 9 13
7 10 9 6
7 11 8 8
(172, 87)

Arvore 377
0 1 6 6
0 6 10 12
0 8 10 7
1 2 94 0
1 4 7 8
1 5 11 10
1 9 9 6
2 11 6 8
3 10 6 7
7 10 9 6
7 11 8 8
(176, 78)

Arvore 378
0 1 6 6
0 6 10 12
0 8 10 7
1 2 94 0
1 4 7 8
1 9 9 6
2 11 6 8
3 5 6 13
3 10 6 7
7 10 9 6
7 11 8 8
(171, 81)

Arvore 379
0 1 6 6
0 8 10 7
1 2 94 0
1 4 7 8
1 5 11 10
1 9 9 6
2 11 6 8
3 10 6 7
6 9 9 13
7 10 9 6
7 11 8 8
(175, 79)

Arvore 380
0 1 6 6
0 8 10 7
1 2 94 0
1 4 7 8
1 9 9 6
2 11 6 8
3 5 6 13
3 10 6 7
6 9 9 13
7 10 9 6
7 11 8 8
(170, 82)

Arvore 381
0 1 6 6
0 6 10 12
1 2 94 0
1 4 7 8
1 9 9 6
2 11 6 8
3 5 6 13
3 9 8 12
3 10 6 7
4 8 8 13
7 11 8 8
(168, 93)

Arvore 382
0 1 6 6
1 2 94 0
1 4 7 8
1 9 9 6
2 11 6 8
3 5 6 13
3 9 8 12
3 10 6 7
4 8 8 13
6 9 9 13
7 11 8 8
(167, 94)

Arvore 383
0 1 6 6
0 6 10 12
1 2 94 0
1 4 7 8
1 9 9 6
2 11 6 8
3 5 6 13
3 9 8 12
4 8 8 13
7 10 9 6
7 11 8 8
(171, 92)

Arvore 384
0 1 6 6
1 2 94 0
1 4 7 8
1 9 9 6
2 11 6 8
3 5 6 13
3 9 8 12
4 8 8 13
6 9 9 13
7 10 9 6
7 11 8 8
(170, 93)

Arvore 385
0 1 6 6
0 6 10 12
1 2 94 0
1 4 7 8
1 9 9 6
2 11 6 8
3 5 6 13
3 10 6 7
4 8 8 13
7 10 9 6
7 11 8 8
(169, 87)

Arvore 386
0 1 6 6
1 2 94 0
1 4 7 8
1 9 9 6
2 11 6 8
3 5 6 13
3 10 6 7
4 8 8 13
6 9 9 13
7 10 9 6
7 11 8 8
(168, 88)

Arvore 387
0 1 6 6
0 6 10 12
0 8 10 7
0 9 7 12
1 2 94 0
1 4 7 8
1 5 11 10
2 11 6 8
3 9 8 12
3 10 6 7
7 11 8 8
(173, 90)

Arvore 388
0 1 6 6
0 6 10 12
0 8 10 7
0 9 7 12
1 2 94 0
1 4 7 8
2 11 6 8
3 5 6 13
3 9 8 12
3 10 6 7
7 11 8 8
(168, 93)

Arvore 389
0 1 6 6
0 8 10 7
0 9 7 12
1 2 94 0
1 4 7 8
1 5 11 10
2 11 6 8
3 9 8 12
3 10 6 7
6 9 9 13
7 11 8 8
(172, 91)

Arvore 390
0 1 6 6
0 8 10 7
0 9 7 12
1 2 94 0
1 4 7 8
2 11 6 8
3 5 6 13
3 9 8 12
3 10 6 7
6 9 9 13
7 11 8 8
(167, 94)

Arvore 391
0 1 6 6
0 6 10 12
0 8 10 7
0 9 7 12
1 2 94 0
1 4 7 8
1 5 11 10
2 11 6 8
3 9 8 12
7 10 9 6
7 11 8 8
(176, 89)

Arvore 392
0 1 6 6
0 6 10 12
0 8 10 7
0 9 7 12
1 2 94 0
1 4 7 8
2 11 6 8
3 5 6 13
3 9 8 12
7 10 9 6
7 11 8 8
(171, 92)

Arvore 393
0 1 6 6
0 8 10 7
0 9 7 12
1 2 94 0
1 4 7 8
1 5 11 10
2 11 6 8
3 9 8 12
6 9 9 13
7 10 9 6
7 11 8 8
(175, 90)

Arvore 394
0 1 6 6
0 8 10 7
0 9 7 12
1 2 94 0
1 4 7 8
2 11 6 8
3 5 6 13
3 9 8 12
6 9 9 13
7 10 9 6
7 11 8 8
(170, 93)

Arvore 395
0 1 6 6
0 6 10 12
0 8 10 7
0 9 7 12
1 2 94 0
1 4 7 8
1 5 11 10
2 11 6 8
3 10 6 7
7 10 9 6
7 11 8 8
(174, 84)

Arvore 396
0 1 6 6
0 6 10 12
0 8 10 7
0 9 7 12
1 2 94 0
1 4 7 8
2 11 6 8
3 5 6 13
3 10 6 7
7 10 9 6
7 11 8 8
(169, 87)

Arvore 397
0 1 6 6
0 8 10 7
0 9 7 12
1 2 94 0
1 4 7 8
1 5 11 10
2 11 6 8
3 10 6 7
6 9 9 13
7 10 9 6
7 11 8 8
(173, 85)

Arvore 398
0 1 6 6
0 8 10 7
0 9 7 12
1 2 94 0
1 4 7 8
2 11 6 8
3 5 6 13
3 10 6 7
6 9 9 13
7 10 9 6
7 11 8 8
(168, 88)

Arvore 399
0 1 6 6
0 6 10 12
0 9 7 12
1 2 94 0
1 4 7 8
2 11 6 8
3 5 6 13
3 9 8 12
3 10 6 7
4 8 8 13
7 11 8 8
(166, 99)

Arvore 400
0 1 6 6
0 9 7 12
1 2 94 0
1 4 7 8
2 11 6 8
3 5 6 13
3 9 8 12
3 10 6 7
4 8 8 13
6 9 9 13
7 11 8 8
(165, 100)

Arvore 401
0 1 6 6
0 6 10 12
0 9 7 12
1 2 94 0
1 4 7 8
2 11 6 8
3 5 6 13
3 9 8 12
4 8 8 13
7 10 9 6
7 11 8 8
(169, 98)

Arvore 402
0 1 6 6
0 9 7 12
1 2 94 0
1 4 7 8
2 11 6 8
3 5 6 13
3 9 8 12
4 8 8 13
6 9 9 13
7 10 9 6
7 11 8 8
(168, 99)

Arvore 403
0 1 6 6
0 6 10 12
0 9 7 12
1 2 94 0
1 4 7 8
2 11 6 8
3 5 6 13
3 10 6 7
4 8 8 13
7 10 9 6
7 11 8 8
(167, 93)

Arvore 404
0 1 6 6
0 9 7 12
1 2 94 0
1 4 7 8
2 11 6 8
3 5 6 13
3 10 6 7
4 8 8 13
6 9 9 13
7 10 9 6
7 11 8 8
(166, 94)

Arvore 405
0 1 6 6
0 2 0 94
0 6 10 12
0 8 10 7
0 9 7 12
1 4 7 8
1 5 11 10
1 11 9 9
3 9 8 12
3 10 6 7
7 11 8 8
(82, 185)

Arvore 406
0 1 6 6
0 2 0 94
0 6 10 12
0 8 10 7
0 9 7 12
1 4 7 8
1 11 9 9
3 5 6 13
3 9 8 12
3 10 6 7
7 11 8 8
(77, 188)

Arvore 407
0 1 6 6
0 2 0 94
0 8 10 7
0 9 7 12
1 4 7 8
1 5 11 10
1 11 9 9
3 9 8 12
3 10 6 7
6 9 9 13
7 11 8 8
(81, 186)

Arvore 408
0 1 6 6
0 2 0 94
0 8 10 7
0 9 7 12
1 4 7 8
1 11 9 9
3 5 6 13
3 9 8 12
3 10 6 7
6 9 9 13
7 11 8 8
(76, 189)

Arvore 409
0 1 6 6
0 2 0 94
0 6 10 12
0 8 10 7
0 9 7 12
1 4 7 8
1 5 11 10
1 11 9 9
3 9 8 12
7 10 9 6
7 11 8 8
(85, 184)

Arvore 410
0 1 6 6
0 2 0 94
0 6 10 12
0 8 10 7
0 9 7 12
1 4 7 8
1 11 9 9
3 5 6 13
3 9 8 12
7 10 9 6
7 11 8 8
(80, 187)

Arvore 411
0 1 6 6
0 2 0 94
0 8 10 7
0 9 7 12
1 4 7 8
1 5 11 10
1 11 9 9
3 9 8 12
6 9 9 13
7 10 9 6
7 11 8 8
(84, 185)

Arvore 412
0 1 6 6
0 2 0 94
0 8 10 7
0 9 7 12
1 4 7 8
1 11 9 9
3 5 6 13
3 9 8 12
6 9 9 13
7 10 9 6
7 11 8 8
(79, 188)

Arvore 413
0 1 6 6
0 2 0 94
0 6 10 12
0 8 10 7
0 9 7 12
1 4 7 8
1 5 11 10
1 11 9 9
3 10 6 7
7 10 9 6
7 11 8 8
(83, 179)

Arvore 414
0 1 6 6
0 2 0 94
0 6 10 12
0 8 10 7
0 9 7 12
1 4 7 8
1 11 9 9
3 5 6 13
3 10 6 7
7 10 9 6
7 11 8 8
(78, 182)

Arvore 415
0 1 6 6
0 2 0 94
0 8 10 7
0 9 7 12
1 4 7 8
1 5 11 10
1 11 9 9
3 10 6 7
6 9 9 13
7 10 9 6
7 11 8 8
(82, 180)

Arvore 416
0 1 6 6
0 2 0 94
0 8 10 7
0 9 7 12
1 4 7 8
1 11 9 9
3 5 6 13
3 10 6 7
6 9 9 13
7 10 9 6
7 11 8 8
(77, 183)

Arvore 417
0 1 6 6
0 6 10 12
0 8 10 7
0 9 7 12
1 2 94 0
1 4 7 8
1 5 11 10
1 11 9 9
3 9 8 12
3 10 6 7
7 11 8 8
(176, 91)

Arvore 418
0 1 6 6
0 6 10 12
0 8 10 7
0 9 7 12
1 2 94 0
1 4 7 8
1 11 9 9
3 5 6 13
3 9 8 12
3 10 6 7
7 11 8 8
(171, 94)

Arvore 419
0 1 6 6
0 8 10 7
0 9 7 12
1 2 94 0
1 4 7 8
1 5 11 10
1 11 9 9
3 9 8 12
3 10 6 7
6 9 9 13
7 11 8 8
(175, 92)

Arvore 420
0 1 6 6
0 8 10 7
0 9 7 12
1 2 94 0
1 4 7 8
1 11 9 9
3 5 6 13
3 9 8 12
3 10 6 7
6 9 9 13
7 11 8 8
(170, 95)

Arvore 421
0 1 6 6
0 6 10 12
0 8 10 7
0 9 7 12
1 2 94 0
1 4 7 8
1 5 11 10
1 11 9 9
3 9 8 12
7 10 9 6
7 11 8 8
(179, 90)

Arvore 422
0 1 6 6
0 6 10 12
0 8 10 7
0 9 7 12
1 2 94 0
1 4 7 8
1 11 9 9
3 5 6 13
3 9 8 12
7 10 9 6
7 11 8 8
(174, 93)

Arvore 423
0 1 6 6
0 8 10 7
0 9 7 12
1 2 94 0
1 4 7 8
1 5 11 10
1 11 9 9
3 9 8 12
6 9 9 13
7 10 9 6
7 11 8 8
(178, 91)

Arvore 424
0 1 6 6
0 8 10 7
0 9 7 12
1 2 94 0
1 4 7 8
1 11 9 9
3 5 6 13
3 9 8 12
6 9 9 13
7 10 9 6
7 11 8 8
(173, 94)

Arvore 425
0 1 6 6
0 6 10 12
0 8 10 7
0 9 7 12
1 2 94 0
1 4 7 8
1 5 11 10
1 11 9 9
3 10 6 7
7 10 9 6
7 11 8 8
(177, 85)

Arvore 426
0 1 6 6
0 6 10 12
0 8 10 7
0 9 7 12
1 2 94 0
1 4 7 8
1 11 9 9
3 5 6 13
3 10 6 7
7 10 9 6
7 11 8 8
(172, 88)

Arvore 427
0 1 6 6
0 8 10 7
0 9 7 12
1 2 94 0
1 4 7 8
1 5 11 10
1 11 9 9
3 10 6 7
6 9 9 13
7 10 9 6
7 11 8 8
(176, 86)

Arvore 428
0 1 6 6
0 8 10 7
0 9 7 12
1 2 94 0
1 4 7 8
1 11 9 9
3 5 6 13
3 10 6 7
6 9 9 13
7 10 9 6
7 11 8 8
(171, 89)

Arvore 429
0 1 6 6
0 6 10 12
0 8 10 7
0 9 7 12
1 4 7 8
1 5 11 10
1 11 9 9
2 9 15 7
3 9 8 12
3 10 6 7
7 11 8 8
(97, 98)

Arvore 430
0 1 6 6
0 6 10 12
0 8 10 7
0 9 7 12
1 4 7 8
1 11 9 9
2 9 15 7
3 5 6 13
3 9 8 12
3 10 6 7
7 11 8 8
(92, 101)

Arvore 431
0 1 6 6
0 8 10 7
0 9 7 12
1 4 7 8
1 5 11 10
1 11 9 9
2 9 15 7
3 9 8 12
3 10 6 7
6 9 9 13
7 11 8 8
(96, 99)

Arvore 432
0 1 6 6
0 8 10 7
0 9 7 12
1 4 7 8
1 11 9 9
2 9 15 7
3 5 6 13
3 9 8 12
3 10 6 7
6 9 9 13
7 11 8 8
(91, 102)

Arvore 433
0 1 6 6
0 6 10 12
0 8 10 7
0 9 7 12
1 4 7 8
1 5 11 10
1 11 9 9
2 9 15 7
3 9 8 12
7 10 9 6
7 11 8 8
(100, 97)

Arvore 434
0 1 6 6
0 6 10 12
0 8 10 7
0 9 7 12
1 4 7 8
1 11 9 9
2 9 15 7
3 5 6 13
3 9 8 12
7 10 9 6
7 11 8 8
(95, 100)

Arvore 435
0 1 6 6
0 8 10 7
0 9 7 12
1 4 7 8
1 5 11 10
1 11 9 9
2 9 15 7
3 9 8 12
6 9 9 13
7 10 9 6
7 11 8 8
(99, 98)

Arvore 436
0 1 6 6
0 8 10 7
0 9 7 12
1 4 7 8
1 11 9 9
2 9 15 7
3 5 6 13
3 9 8 12
6 9 9 13
7 10 9 6
7 11 8 8
(94, 101)

Arvore 437
0 1 6 6
0 6 10 12
0 8 10 7
0 9 7 12
1 4 7 8
1 5 11 10
1 11 9 9
2 9 15 7
3 10 6 7
7 10 9 6
7 11 8 8
(98, 92)

Arvore 438
0 1 6 6
0 6 10 12
0 8 10 7
0 9 7 12
1 4 7 8
1 11 9 9
2 9 15 7
3 5 6 13
3 10 6 7
7 10 9 6
7 11 8 8
(93, 95)

Arvore 439
0 1 6 6
0 8 10 7
0 9 7 12
1 4 7 8
1 5 11 10
1 11 9 9
2 9 15 7
3 10 6 7
6 9 9 13
7 10 9 6
7 11 8 8
(97, 93)

Arvore 440
0 1 6 6
0 8 10 7
0 9 7 12
1 4 7 8
1 11 9 9
2 9 15 7
3 5 6 13
3 10 6 7
6 9 9 13
7 10 9 6
7 11 8 8
(92, 96)

Arvore 441
0 1 6 6
0 6 10 12
0 8 10 7
0 9 7 12
1 4 7 8
1 5 11 10
1 11 9 9
2 11 6 8
3 9 8 12
3 10 6 7
7 11 8 8
(88, 99)

Arvore 442
0 1 6 6
0 6 10 12
0 8 10 7
0 9 7 12
1 4 7 8
1 11 9 9
2 11 6 8
3 5 6 13
3 9 8 12
3 10 6 7
7 11 8 8
(83, 102)

Arvore 443
0 1 6 6
0 8 10 7
0 9 7 12
1 4 7 8
1 5 11 10
1 11 9 9
2 11 6 8
3 9 8 12
3 10 6 7
6 9 9 13
7 11 8 8
(87, 100)

Arvore 444
0 1 6 6
0 8 10 7
0 9 7 12
1 4 7 8
1 11 9 9
2 11 6 8
3 5 6 13
3 9 8 12
3 10 6 7
6 9 9 13
7 11 8 8
(82, 103)

Arvore 445
0 1 6 6
0 6 10 12
0 8 10 7
0 9 7 12
1 4 7 8
1 5 11 10
1 11 9 9
2 11 6 8
3 9 8 12
7 10 9 6
7 11 8 8
(91, 98)

Arvore 446
0 1 6 6
0 6 10 12
0 8 10 7
0 9 7 12
1 4 7 8
1 11 9 9
2 11 6 8
3 5 6 13
3 9 8 12
7 10 9 6
7 11 8 8
(86, 101)

Arvore 447
0 1 6 6
0 8 10 7
0 9 7 12
1 4 7 8
1 5 11 10
1 11 9 9
2 11 6 8
3 9 8 12
6 9 9 13
7 10 9 6
7 11 8 8
(90, 99)

Arvore 448
0 1 6 6
0 8 10 7
0 9 7 12
1 4 7 8
1 11 9 9
2 11 6 8
3 5 6 13
3 9 8 12
6 9 9 13
7 10 9 6
7 11 8 8
(85, 102)

Arvore 449
0 1 6 6
0 6 10 12
0 8 10 7
0 9 7 12
1 4 7 8
1 5 11 10
1 11 9 9
2 11 6 8
3 10 6 7
7 10 9 6
7 11 8 8
(89, 93)

Arvore 450
0 1 6 6
0 6 10 12
0 8 10 7
0 9 7 12
1 4 7 8
1 11 9 9
2 11 6 8
3 5 6 13
3 10 6 7
7 10 9 6
7 11 8 8
(84, 96)

Arvore 451
0 1 6 6
0 8 10 7
0 9 7 12
1 4 7 8
1 5 11 10
1 11 9 9
2 11 6 8
3 10 6 7
6 9 9 13
7 10 9 6
7 11 8 8
(88, 94)

Arvore 452
0 1 6 6
0 8 10 7
0 9 7 12
1 4 7 8
1 11 9 9
2 11 6 8
3 5 6 13
3 10 6 7
6 9 9 13
7 10 9 6
7 11 8 8
(83, 97)

Arvore 453
0 1 6 6
0 6 10 12
0 8 10 7
0 9 7 12
1 4 7 8
1 5 11 10
2 9 15 7
2 11 6 8
3 9 8 12
3 10 6 7
7 11 8 8
(94, 97)

Arvore 454
0 1 6 6
0 6 10 12
0 8 10 7
0 9 7 12
1 4 7 8
2 9 15 7
2 11 6 8
3 5 6 13
3 9 8 12
3 10 6 7
7 11 8 8
(89, 100)

Arvore 455
0 1 6 6
0 8 10 7
0 9 7 12
1 4 7 8
1 5 11 10
2 9 15 7
2 11 6 8
3 9 8 12
3 10 6 7
6 9 9 13
7 11 8 8
(93, 98)

Arvore 456
0 1 6 6
0 8 10 7
0 9 7 12
1 4 7 8
2 9 15 7
2 11 6 8
3 5 6 13
3 9 8 12
3 10 6 7
6 9 9 13
7 11 8 8
(88, 101)

Arvore 457
0 1 6 6
0 6 10 12
0 8 10 7
0 9 7 12
1 4 7 8
1 5 11 10
2 9 15 7
2 11 6 8
3 9 8 12
7 10 9 6
7 11 8 8
(97, 96)

Arvore 458
0 1 6 6
0 6 10 12
0 8 10 7
0 9 7 12
1 4 7 8
2 9 15 7
2 11 6 8
3 5 6 13
3 9 8 12
7 10 9 6
7 11 8 8
(92, 99)

Arvore 459
0 1 6 6
0 8 10 7
0 9 7 12
1 4 7 8
1 5 11 10
2 9 15 7
2 11 6 8
3 9 8 12
6 9 9 13
7 10 9 6
7 11 8 8
(96, 97)

Arvore 460
0 1 6 6
0 8 10 7
0 9 7 12
1 4 7 8
2 9 15 7
2 11 6 8
3 5 6 13
3 9 8 12
6 9 9 13
7 10 9 6
7 11 8 8
(91, 100)

Arvore 461
0 1 6 6
0 6 10 12
0 8 10 7
0 9 7 12
1 4 7 8
1 5 11 10
2 9 15 7
2 11 6 8
3 10 6 7
7 10 9 6
7 11 8 8
(95, 91)

Arvore 462
0 1 6 6
0 6 10 12
0 8 10 7
0 9 7 12
1 4 7 8
2 9 15 7
2 11 6 8
3 5 6 13
3 10 6 7
7 10 9 6
7 11 8 8
(90, 94)

Arvore 463
0 1 6 6
0 8 10 7
0 9 7 12
1 4 7 8
1 5 11 10
2 9 15 7
2 11 6 8
3 10 6 7
6 9 9 13
7 10 9 6
7 11 8 8
(94, 92)

Arvore 464
0 1 6 6
0 8 10 7
0 9 7 12
1 4 7 8
2 9 15 7
2 11 6 8
3 5 6 13
3 10 6 7
6 9 9 13
7 10 9 6
7 11 8 8
(89, 95)

Arvore 465
0 1 6 6
0 2 0 94
0 6 10 12
0 8 10 7
0 9 7 12
1 4 7 8
2 11 6 8
3 5 6 13
3 9 8 12
3 10 6 7
7 10 9 6
(75, 185)

Arvore 466
0 1 6 6
0 2 0 94
0 8 10 7
0 9 7 12
1 4 7 8
2 11 6 8
3 5 6 13
3 9 8 12
3 10 6 7
6 9 9 13
7 10 9 6
(74, 186)

Arvore 467
0 1 6 6
0 2 0 94
0 6 10 12
0 8 10 7
0 9 7 12
1 4 7 8
1 5 11 10
2 11 6 8
3 9 8 12
3 10 6 7
7 10 9 6
(80, 182)

Arvore 468
0 1 6 6
0 2 0 94
0 8 10 7
0 9 7 12
1 4 7 8
1 5 11 10
2 11 6 8
3 9 8 12
3 10 6 7
6 9 9 13
7 10 9 6
(79, 183)

Arvore 469
0 1 6 6
0 6 10 12
0 8 10 7
0 9 7 12
1 2 94 0
1 4 7 8
2 11 6 8
3 5 6 13
3 9 8 12
3 10 6 7
7 10 9 6
(169, 91)

Arvore 470
0 1 6 6
0 8 10 7
0 9 7 12
1 2 94 0
1 4 7 8
2 11 6 8
3 5 6 13
3 9 8 12
3 10 6 7
6 9 9 13
7 10 9 6
(168, 92)

Arvore 471
0 1 6 6
0 6 10 12
0 8 10 7
0 9 7 12
1 2 94 0
1 4 7 8
1 5 11 10
2 11 6 8
3 9 8 12
3 10 6 7
7 10 9 6
(174, 88)

Arvore 472
0 1 6 6
0 8 10 7
0 9 7 12
1 2 94 0
1 4 7 8
1 5 11 10
2 11 6 8
3 9 8 12
3 10 6 7
6 9 9 13
7 10 9 6
(173, 89)

Arvore 473
0 1 6 6
0 2 0 94
0 6 10 12
0 8 10 7
0 9 7 12
0 11 8 13
1 4 7 8
3 5 6 13
3 9 8 12
3 10 6 7
7 10 9 6
(77, 190)

Arvore 474
0 1 6 6
0 2 0 94
0 8 10 7
0 9 7 12
0 11 8 13
1 4 7 8
3 5 6 13
3 9 8 12
3 10 6 7
6 9 9 13
7 10 9 6
(76, 191)

Arvore 475
0 1 6 6
0 2 0 94
0 6 10 12
0 8 10 7
0 9 7 12
0 11 8 13
1 4 7 8
3 5 6 13
3 9 8 12
3 10 6 7
7 11 8 8
(76, 192)

Arvore 476
0 1 6 6
0 2 0 94
0 8 10 7
0 9 7 12
0 11 8 13
1 4 7 8
3 5 6 13
3 9 8 12
3 10 6 7
6 9 9 13
7 11 8 8
(75, 193)

Arvore 477
0 1 6 6
0 6 10 12
0 8 10 7
0 9 7 12
0 11 8 13
1 2 94 0
1 4 7 8
3 5 6 13
3 9 8 12
3 10 6 7
7 10 9 6
(171, 96)

Arvore 478
0 1 6 6
0 8 10 7
0 9 7 12
0 11 8 13
1 2 94 0
1 4 7 8
3 5 6 13
3 9 8 12
3 10 6 7
6 9 9 13
7 10 9 6
(170, 97)

Arvore 479
0 1 6 6
0 6 10 12
0 8 10 7
0 9 7 12
0 11 8 13
1 2 94 0
1 4 7 8
3 5 6 13
3 9 8 12
3 10 6 7
7 11 8 8
(170, 98)

Arvore 480
0 1 6 6
0 8 10 7
0 9 7 12
0 11 8 13
1 2 94 0
1 4 7 8
3 5 6 13
3 9 8 12
3 10 6 7
6 9 9 13
7 11 8 8
(169, 99)

Arvore 481
0 1 6 6
0 6 10 12
0 8 10 7
0 9 7 12
0 11 8 13
1 4 7 8
2 11 6 8
3 5 6 13
3 9 8 12
3 10 6 7
7 10 9 6
(83, 104)

Arvore 482
0 1 6 6
0 8 10 7
0 9 7 12
0 11 8 13
1 4 7 8
2 11 6 8
3 5 6 13
3 9 8 12
3 10 6 7
6 9 9 13
7 10 9 6
(82, 105)

Arvore 483
0 1 6 6
0 6 10 12
0 8 10 7
0 9 7 12
0 11 8 13
1 4 7 8
2 11 6 8
3 5 6 13
3 9 8 12
3 10 6 7
7 11 8 8
(82, 106)

Arvore 484
0 1 6 6
0 8 10 7
0 9 7 12
0 11 8 13
1 4 7 8
2 11 6 8
3 5 6 13
3 9 8 12
3 10 6 7
6 9 9 13
7 11 8 8
(81, 107)

Arvore 485
0 1 6 6
0 6 10 12
0 8 10 7
0 9 7 12
0 11 8 13
1 4 7 8
2 9 15 7
3 5 6 13
3 9 8 12
3 10 6 7
7 10 9 6
(92, 103)

Arvore 486
0 1 6 6
0 8 10 7
0 9 7 12
0 11 8 13
1 4 7 8
2 9 15 7
3 5 6 13
3 9 8 12
3 10 6 7
6 9 9 13
7 10 9 6
(91, 104)

Arvore 487
0 1 6 6
0 6 10 12
0 8 10 7
0 9 7 12
1 4 7 8
2 9 15 7
2 11 6 8
3 5 6 13
3 9 8 12
3 10 6 7
7 10 9 6
(90, 98)

Arvore 488
0 1 6 6
0 8 10 7
0 9 7 12
1 4 7 8
2 9 15 7
2 11 6 8
3 5 6 13
3 9 8 12
3 10 6 7
6 9 9 13
7 10 9 6
(89, 99)

Arvore 489
0 1 6 6
0 2 0 94
0 6 10 12
0 8 10 7
0 9 7 12
1 4 7 8
3 5 6 13
3 9 8 12
3 10 6 7
7 10 9 6
7 11 8 8
(77, 185)

Arvore 490
0 1 6 6
0 2 0 94
0 8 10 7
0 9 7 12
1 4 7 8
3 5 6 13
3 9 8 12
3 10 6 7
6 9 9 13
7 10 9 6
7 11 8 8
(76, 186)

Arvore 491
0 1 6 6
0 6 10 12
0 8 10 7
0 9 7 12
1 2 94 0
1 4 7 8
3 5 6 13
3 9 8 12
3 10 6 7
7 10 9 6
7 11 8 8
(171, 91)

Arvore 492
0 1 6 6
0 8 10 7
0 9 7 12
1 2 94 0
1 4 7 8
3 5 6 13
3 9 8 12
3 10 6 7
6 9 9 13
7 10 9 6
7 11 8 8
(170, 92)

Arvore 493
0 1 6 6
0 6 10 12
0 8 10 7
0 9 7 12
1 4 7 8
2 9 15 7
3 5 6 13
3 9 8 12
3 10 6 7
7 10 9 6
7 11 8 8
(92, 98)

Arvore 494
0 1 6 6
0 8 10 7
0 9 7 12
1 4 7 8
2 9 15 7
3 5 6 13
3 9 8 12
3 10 6 7
6 9 9 13
7 10 9 6
7 11 8 8
(91, 99)

Arvore 495
0 1 6 6
0 6 10 12
0 8 10 7
0 9 7 12
1 4 7 8
2 11 6 8
3 5 6 13
3 9 8 12
3 10 6 7
7 10 9 6
7 11 8 8
(83, 99)

Arvore 496
0 1 6 6
0 8 10 7
0 9 7 12
1 4 7 8
2 11 6 8
3 5 6 13
3 9 8 12
3 10 6 7
6 9 9 13
7 10 9 6
7 11 8 8
(82, 100)

Arvore 497
0 1 6 6
0 6 10 12
0 8 10 7
0 9 7 12
1 4 7 8
1 5 11 10
2 9 15 7
2 11 6 8
3 9 8 12
3 10 6 7
7 10 9 6
(95, 95)

Arvore 498
0 1 6 6
0 8 10 7
0 9 7 12
1 4 7 8
1 5 11 10
2 9 15 7
2 11 6 8
3 9 8 12
3 10 6 7
6 9 9 13
7 10 9 6
(94, 96)

Arvore 499
0 1 6 6
0 2 0 94
0 6 10 12
0 8 10 7
0 9 7 12
1 4 7 8
1 5 11 10
3 9 8 12
3 10 6 7
7 10 9 6
7 11 8 8
(82, 182)

Arvore 500
0 1 6 6
0 2 0 94
0 8 10 7
0 9 7 12
1 4 7 8
1 5 11 10
3 9 8 12
3 10 6 7
6 9 9 13
7 10 9 6
7 11 8 8
(81, 183)

Arvore 501
0 1 6 6
0 6 10 12
0 8 10 7
0 9 7 12
1 2 94 0
1 4 7 8
1 5 11 10
3 9 8 12
3 10 6 7
7 10 9 6
7 11 8 8
(176, 88)

Arvore 502
0 1 6 6
0 8 10 7
0 9 7 12
1 2 94 0
1 4 7 8
1 5 11 10
3 9 8 12
3 10 6 7
6 9 9 13
7 10 9 6
7 11 8 8
(175, 89)

Arvore 503
0 1 6 6
0 6 10 12
0 8 10 7
0 9 7 12
1 4 7 8
1 5 11 10
2 9 15 7
3 9 8 12
3 10 6 7
7 10 9 6
7 11 8 8
(97, 95)

Arvore 504
0 1 6 6
0 8 10 7
0 9 7 12
1 4 7 8
1 5 11 10
2 9 15 7
3 9 8 12
3 10 6 7
6 9 9 13
7 10 9 6
7 11 8 8
(96, 96)

Arvore 505
0 1 6 6
0 6 10 12
0 8 10 7
0 9 7 12
1 4 7 8
1 5 11 10
2 11 6 8
3 9 8 12
3 10 6 7
7 10 9 6
7 11 8 8
(88, 96)

Arvore 506
0 1 6 6
0 8 10 7
0 9 7 12
1 4 7 8
1 5 11 10
2 11 6 8
3 9 8 12
3 10 6 7
6 9 9 13
7 10 9 6
7 11 8 8
(87, 97)

Arvore 507
0 1 6 6
0 2 0 94
0 6 10 12
0 9 7 12
1 4 7 8
1 11 9 9
3 5 6 13
3 9 8 12
3 10 6 7
4 8 8 13
7 11 8 8
(75, 194)

Arvore 508
0 1 6 6
0 2 0 94
0 9 7 12
1 4 7 8
1 11 9 9
3 5 6 13
3 9 8 12
3 10 6 7
4 8 8 13
6 9 9 13
7 11 8 8
(74, 195)

Arvore 509
0 1 6 6
0 2 0 94
0 6 10 12
0 9 7 12
1 4 7 8
1 11 9 9
3 5 6 13
3 9 8 12
4 8 8 13
7 10 9 6
7 11 8 8
(78, 193)

Arvore 510
0 1 6 6
0 2 0 94
0 9 7 12
1 4 7 8
1 11 9 9
3 5 6 13
3 9 8 12
4 8 8 13
6 9 9 13
7 10 9 6
7 11 8 8
(77, 194)

Arvore 511
0 1 6 6
0 2 0 94
0 6 10 12
0 9 7 12
1 4 7 8
1 11 9 9
3 5 6 13
3 10 6 7
4 8 8 13
7 10 9 6
7 11 8 8
(76, 188)

Arvore 512
0 1 6 6
0 2 0 94
0 9 7 12
1 4 7 8
1 11 9 9
3 5 6 13
3 10 6 7
4 8 8 13
6 9 9 13
7 10 9 6
7 11 8 8
(75, 189)

Arvore 513
0 1 6 6
0 6 10 12
0 9 7 12
1 2 94 0
1 4 7 8
1 11 9 9
3 5 6 13
3 9 8 12
3 10 6 7
4 8 8 13
7 11 8 8
(169, 100)

Arvore 514
0 1 6 6
0 9 7 12
1 2 94 0
1 4 7 8
1 11 9 9
3 5 6 13
3 9 8 12
3 10 6 7
4 8 8 13
6 9 9 13
7 11 8 8
(168, 101)

Arvore 515
0 1 6 6
0 6 10 12
0 9 7 12
1 2 94 0
1 4 7 8
1 11 9 9
3 5 6 13
3 9 8 12
4 8 8 13
7 10 9 6
7 11 8 8
(172, 99)

Arvore 516
0 1 6 6
0 9 7 12
1 2 94 0
1 4 7 8
1 11 9 9
3 5 6 13
3 9 8 12
4 8 8 13
6 9 9 13
7 10 9 6
7 11 8 8
(171, 100)

Arvore 517
0 1 6 6
0 6 10 12
0 9 7 12
1 2 94 0
1 4 7 8
1 11 9 9
3 5 6 13
3 10 6 7
4 8 8 13
7 10 9 6
7 11 8 8
(170, 94)

Arvore 518
0 1 6 6
0 9 7 12
1 2 94 0
1 4 7 8
1 11 9 9
3 5 6 13
3 10 6 7
4 8 8 13
6 9 9 13
7 10 9 6
7 11 8 8
(169, 95)

Arvore 519
0 1 6 6
0 6 10 12
0 9 7 12
1 4 7 8
1 11 9 9
2 11 6 8
3 5 6 13
3 9 8 12
3 10 6 7
4 8 8 13
7 11 8 8
(81, 108)

Arvore 520
0 1 6 6
0 9 7 12
1 4 7 8
1 11 9 9
2 11 6 8
3 5 6 13
3 9 8 12
3 10 6 7
4 8 8 13
6 9 9 13
7 11 8 8
(80, 109)

Arvore 521
0 1 6 6
0 6 10 12
0 9 7 12
1 4 7 8
1 11 9 9
2 11 6 8
3 5 6 13
3 9 8 12
4 8 8 13
7 10 9 6
7 11 8 8
(84, 107)

Arvore 522
0 1 6 6
0 9 7 12
1 4 7 8
1 11 9 9
2 11 6 8
3 5 6 13
3 9 8 12
4 8 8 13
6 9 9 13
7 10 9 6
7 11 8 8
(83, 108)

Arvore 523
0 1 6 6
0 6 10 12
0 9 7 12
1 4 7 8
1 11 9 9
2 11 6 8
3 5 6 13
3 10 6 7
4 8 8 13
7 10 9 6
7 11 8 8
(82, 102)

Arvore 524
0 1 6 6
0 9 7 12
1 4 7 8
1 11 9 9
2 11 6 8
3 5 6 13
3 10 6 7
4 8 8 13
6 9 9 13
7 10 9 6
7 11 8 8
(81, 103)

Arvore 525
0 1 6 6
0 2 0 94
0 6 10 12
0 9 7 12
1 4 7 8
2 11 6 8
3 5 6 13
3 9 8 12
3 10 6 7
4 8 8 13
7 10 9 6
(73, 191)

Arvore 526
0 1 6 6
0 2 0 94
0 9 7 12
1 4 7 8
2 11 6 8
3 5 6 13
3 9 8 12
3 10 6 7
4 8 8 13
6 9 9 13
7 10 9 6
(72, 192)

Arvore 527
0 1 6 6
0 6 10 12
0 9 7 12
1 2 94 0
1 4 7 8
2 11 6 8
3 5 6 13
3 9 8 12
3 10 6 7
4 8 8 13
7 10 9 6
(167, 97)

Arvore 528
0 1 6 6
0 9 7 12
1 2 94 0
1 4 7 8
2 11 6 8
3 5 6 13
3 9 8 12
3 10 6 7
4 8 8 13
6 9 9 13
7 10 9 6
(166, 98)

Arvore 529
0 1 6 6
0 2 0 94
0 6 10 12
0 9 7 12
1 4 7 8
3 5 6 13
3 9 8 12
3 10 6 7
4 8 8 13
7 10 9 6
7 11 8 8
(75, 191)

Arvore 530
0 1 6 6
0 2 0 94
0 9 7 12
1 4 7 8
3 5 6 13
3 9 8 12
3 10 6 7
4 8 8 13
6 9 9 13
7 10 9 6
7 11 8 8
(74, 192)

Arvore 531
0 1 6 6
0 6 10 12
0 9 7 12
1 2 94 0
1 4 7 8
3 5 6 13
3 9 8 12
3 10 6 7
4 8 8 13
7 10 9 6
7 11 8 8
(169, 97)

Arvore 532
0 1 6 6
0 9 7 12
1 2 94 0
1 4 7 8
3 5 6 13
3 9 8 12
3 10 6 7
4 8 8 13
6 9 9 13
7 10 9 6
7 11 8 8
(168, 98)

Arvore 533
0 1 6 6
0 6 10 12
0 9 7 12
1 4 7 8
2 11 6 8
3 5 6 13
3 9 8 12
3 10 6 7
4 8 8 13
7 10 9 6
7 11 8 8
(81, 105)

Arvore 534
0 1 6 6
0 9 7 12
1 4 7 8
2 11 6 8
3 5 6 13
3 9 8 12
3 10 6 7
4 8 8 13
6 9 9 13
7 10 9 6
7 11 8 8
(80, 106)

Arvore 535
0 1 6 6
0 2 0 94
0 6 10 12
0 8 10 7
1 4 7 8
1 5 11 10
1 9 9 6
1 11 9 9
3 9 8 12
3 10 6 7
7 11 8 8
(84, 179)

Arvore 536
0 1 6 6
0 2 0 94
0 6 10 12
0 8 10 7
1 4 7 8
1 9 9 6
1 11 9 9
3 5 6 13
3 9 8 12
3 10 6 7
7 11 8 8
(79, 182)

Arvore 537
0 1 6 6
0 2 0 94
0 8 10 7
1 4 7 8
1 5 11 10
1 9 9 6
1 11 9 9
3 9 8 12
3 10 6 7
6 9 9 13
7 11 8 8
(83, 180)

Arvore 538
0 1 6 6
0 2 0 94
0 8 10 7
1 4 7 8
1 9 9 6
1 11 9 9
3 5 6 13
3 9 8 12
3 10 6 7
6 9 9 13
7 11 8 8
(78, 183)

Arvore 539
0 1 6 6
0 2 0 94
0 6 10 12
0 8 10 7
1 4 7 8
1 5 11 10
1 9 9 6
1 11 9 9
3 9 8 12
7 10 9 6
7 11 8 8
(87, 178)

Arvore 540
0 1 6 6
0 2 0 94
0 6 10 12
0 8 10 7
1 4 7 8
1 9 9 6
1 11 9 9
3 5 6 13
3 9 8 12
7 10 9 6
7 11 8 8
(82, 181)

Arvore 541
0 1 6 6
0 2 0 94
0 8 10 7
1 4 7 8
1 5 11 10
1 9 9 6
1 11 9 9
3 9 8 12
6 9 9 13
7 10 9 6
7 11 8 8
(86, 179)

Arvore 542
0 1 6 6
0 2 0 94
0 8 10 7
1 4 7 8
1 9 9 6
1 11 9 9
3 5 6 13
3 9 8 12
6 9 9 13
7 10 9 6
7 11 8 8
(81, 182)

Arvore 543
0 1 6 6
0 2 0 94
0 6 10 12
0 8 10 7
1 4 7 8
1 5 11 10
1 9 9 6
1 11 9 9
3 10 6 7
7 10 9 6
7 11 8 8
(85, 173)

Arvore 544
0 1 6 6
0 2 0 94
0 6 10 12
0 8 10 7
1 4 7 8
1 9 9 6
1 11 9 9
3 5 6 13
3 10 6 7
7 10 9 6
7 11 8 8
(80, 176)

Arvore 545
0 1 6 6
0 2 0 94
0 8 10 7
1 4 7 8
1 5 11 10
1 9 9 6
1 11 9 9
3 10 6 7
6 9 9 13
7 10 9 6
7 11 8 8
(84, 174)

Arvore 546
0 1 6 6
0 2 0 94
0 8 10 7
1 4 7 8
1 9 9 6
1 11 9 9
3 5 6 13
3 10 6 7
6 9 9 13
7 10 9 6
7 11 8 8
(79, 177)

Arvore 547
0 1 6 6
0 6 10 12
0 8 10 7
1 2 94 0
1 4 7 8
1 5 11 10
1 9 9 6
1 11 9 9
3 9 8 12
3 10 6 7
7 11 8 8
(178, 85)

Arvore 548
0 1 6 6
0 6 10 12
0 8 10 7
1 2 94 0
1 4 7 8
1 9 9 6
1 11 9 9
3 5 6 13
3 9 8 12
3 10 6 7
7 11 8 8
(173, 88)

Arvore 549
0 1 6 6
0 8 10 7
1 2 94 0
1 4 7 8
1 5 11 10
1 9 9 6
1 11 9 9
3 9 8 12
3 10 6 7
6 9 9 13
7 11 8 8
(177, 86)

Arvore 550
0 1 6 6
0 8 10 7
1 2 94 0
1 4 7 8
1 9 9 6
1 11 9 9
3 5 6 13
3 9 8 12
3 10 6 7
6 9 9 13
7 11 8 8
(172, 89)

Arvore 551
0 1 6 6
0 6 10 12
0 8 10 7
1 2 94 0
1 4 7 8
1 5 11 10
1 9 9 6
1 11 9 9
3 9 8 12
7 10 9 6
7 11 8 8
(181, 84)

Arvore 552
0 1 6 6
0 6 10 12
0 8 10 7
1 2 94 0
1 4 7 8
1 9 9 6
1 11 9 9
3 5 6 13
3 9 8 12
7 10 9 6
7 11 8 8
(176, 87)

Arvore 553
0 1 6 6
0 8 10 7
1 2 94 0
1 4 7 8
1 5 11 10
1 9 9 6
1 11 9 9
3 9 8 12
6 9 9 13
7 10 9 6
7 11 8 8
(180, 85)

Arvore 554
0 1 6 6
0 8 10 7
1 2 94 0
1 4 7 8
1 9 9 6
1 11 9 9
3 5 6 13
3 9 8 12
6 9 9 13
7 10 9 6
7 11 8 8
(175, 88)

Arvore 555
0 1 6 6
0 6 10 12
0 8 10 7
1 2 94 0
1 4 7 8
1 5 11 10
1 9 9 6
1 11 9 9
3 10 6 7
7 10 9 6
7 11 8 8
(179, 79)

Arvore 556
0 1 6 6
0 6 10 12
0 8 10 7
1 2 94 0
1 4 7 8
1 9 9 6
1 11 9 9
3 5 6 13
3 10 6 7
7 10 9 6
7 11 8 8
(174, 82)

Arvore 557
0 1 6 6
0 8 10 7
1 2 94 0
1 4 7 8
1 5 11 10
1 9 9 6
1 11 9 9
3 10 6 7
6 9 9 13
7 10 9 6
7 11 8 8
(178, 80)

Arvore 558
0 1 6 6
0 8 10 7
1 2 94 0
1 4 7 8
1 9 9 6
1 11 9 9
3 5 6 13
3 10 6 7
6 9 9 13
7 10 9 6
7 11 8 8
(173, 83)

Arvore 559
0 1 6 6
0 6 10 12
0 8 10 7
1 4 7 8
1 5 11 10
1 9 9 6
1 11 9 9
2 9 15 7
3 9 8 12
3 10 6 7
7 11 8 8
(99, 92)

Arvore 560
0 1 6 6
0 6 10 12
0 8 10 7
1 4 7 8
1 9 9 6
1 11 9 9
2 9 15 7
3 5 6 13
3 9 8 12
3 10 6 7
7 11 8 8
(94, 95)

Arvore 561
0 1 6 6
0 8 10 7
1 4 7 8
1 5 11 10
1 9 9 6
1 11 9 9
2 9 15 7
3 9 8 12
3 10 6 7
6 9 9 13
7 11 8 8
(98, 93)

Arvore 562
0 1 6 6
0 8 10 7
1 4 7 8
1 9 9 6
1 11 9 9
2 9 15 7
3 5 6 13
3 9 8 12
3 10 6 7
6 9 9 13
7 11 8 8
(93, 96)

Arvore 563
0 1 6 6
0 6 10 12
0 8 10 7
1 4 7 8
1 5 11 10
1 9 9 6
1 11 9 9
2 9 15 7
3 9 8 12
7 10 9 6
7 11 8 8
(102, 91)

Arvore 564
0 1 6 6
0 6 10 12
0 8 10 7
1 4 7 8
1 9 9 6
1 11 9 9
2 9 15 7
3 5 6 13
3 9 8 12
7 10 9 6
7 11 8 8
(97, 94)

Arvore 565
0 1 6 6
0 8 10 7
1 4 7 8
1 5 11 10
1 9 9 6
1 11 9 9
2 9 15 7
3 9 8 12
6 9 9 13
7 10 9 6
7 11 8 8
(101, 92)

Arvore 566
0 1 6 6
0 8 10 7
1 4 7 8
1 9 9 6
1 11 9 9
2 9 15 7
3 5 6 13
3 9 8 12
6 9 9 13
7 10 9 6
7 11 8 8
(96, 95)

Arvore 567
0 1 6 6
0 6 10 12
0 8 10 7
1 4 7 8
1 5 11 10
1 9 9 6
1 11 9 9
2 9 15 7
3 10 6 7
7 10 9 6
7 11 8 8
(100, 86)

Arvore 568
0 1 6 6
0 6 10 12
0 8 10 7
1 4 7 8
1 9 9 6
1 11 9 9
2 9 15 7
3 5 6 13
3 10 6 7
7 10 9 6
7 11 8 8
(95, 89)

Arvore 569
0 1 6 6
0 8 10 7
1 4 7 8
1 5 11 10
1 9 9 6
1 11 9 9
2 9 15 7
3 10 6 7
6 9 9 13
7 10 9 6
7 11 8 8
(99, 87)

Arvore 570
0 1 6 6
0 8 10 7
1 4 7 8
1 9 9 6
1 11 9 9
2 9 15 7
3 5 6 13
3 10 6 7
6 9 9 13
7 10 9 6
7 11 8 8
(94, 90)

Arvore 571
0 1 6 6
0 6 10 12
0 8 10 7
1 4 7 8
1 5 11 10
1 9 9 6
1 11 9 9
2 11 6 8
3 9 8 12
3 10 6 7
7 11 8 8
(90, 93)

Arvore 572
0 1 6 6
0 6 10 12
0 8 10 7
1 4 7 8
1 9 9 6
1 11 9 9
2 11 6 8
3 5 6 13
3 9 8 12
3 10 6 7
7 11 8 8
(85, 96)

Arvore 573
0 1 6 6
0 8 10 7
1 4 7 8
1 5 11 10
1 9 9 6
1 11 9 9
2 11 6 8
3 9 8 12
3 10 6 7
6 9 9 13
7 11 8 8
(89, 94)

Arvore 574
0 1 6 6
0 8 10 7
1 4 7 8
1 9 9 6
1 11 9 9
2 11 6 8
3 5 6 13
3 9 8 12
3 10 6 7
6 9 9 13
7 11 8 8
(84, 97)

Arvore 575
0 1 6 6
0 6 10 12
0 8 10 7
1 4 7 8
1 5 11 10
1 9 9 6
1 11 9 9
2 11 6 8
3 9 8 12
7 10 9 6
7 11 8 8
(93, 92)

Arvore 576
0 1 6 6
0 6 10 12
0 8 10 7
1 4 7 8
1 9 9 6
1 11 9 9
2 11 6 8
3 5 6 13
3 9 8 12
7 10 9 6
7 11 8 8
(88, 95)

Arvore 577
0 1 6 6
0 8 10 7
1 4 7 8
1 5 11 10
1 9 9 6
1 11 9 9
2 11 6 8
3 9 8 12
6 9 9 13
7 10 9 6
7 11 8 8
(92, 93)

Arvore 578
0 1 6 6
0 8 10 7
1 4 7 8
1 9 9 6
1 11 9 9
2 11 6 8
3 5 6 13
3 9 8 12
6 9 9 13
7 10 9 6
7 11 8 8
(87, 96)

Arvore 579
0 1 6 6
0 6 10 12
0 8 10 7
1 4 7 8
1 5 11 10
1 9 9 6
1 11 9 9
2 11 6 8
3 10 6 7
7 10 9 6
7 11 8 8
(91, 87)

Arvore 580
0 1 6 6
0 6 10 12
0 8 10 7
1 4 7 8
1 9 9 6
1 11 9 9
2 11 6 8
3 5 6 13
3 10 6 7
7 10 9 6
7 11 8 8
(86, 90)

Arvore 581
0 1 6 6
0 8 10 7
1 4 7 8
1 5 11 10
1 9 9 6
1 11 9 9
2 11 6 8
3 10 6 7
6 9 9 13
7 10 9 6
7 11 8 8
(90, 88)

Arvore 582
0 1 6 6
0 8 10 7
1 4 7 8
1 9 9 6
1 11 9 9
2 11 6 8
3 5 6 13
3 10 6 7
6 9 9 13
7 10 9 6
7 11 8 8
(85, 91)

Arvore 583
0 1 6 6
0 6 10 12
0 8 10 7
1 4 7 8
1 5 11 10
1 9 9 6
2 9 15 7
2 11 6 8
3 9 8 12
3 10 6 7
7 11 8 8
(96, 91)

Arvore 584
0 1 6 6
0 6 10 12
0 8 10 7
1 4 7 8
1 9 9 6
2 9 15 7
2 11 6 8
3 5 6 13
3 9 8 12
3 10 6 7
7 11 8 8
(91, 94)

Arvore 585
0 1 6 6
0 8 10 7
1 4 7 8
1 5 11 10
1 9 9 6
2 9 15 7
2 11 6 8
3 9 8 12
3 10 6 7
6 9 9 13
7 11 8 8
(95, 92)

Arvore 586
0 1 6 6
0 8 10 7
1 4 7 8
1 9 9 6
2 9 15 7
2 11 6 8
3 5 6 13
3 9 8 12
3 10 6 7
6 9 9 13
7 11 8 8
(90, 95)

Arvore 587
0 1 6 6
0 6 10 12
0 8 10 7
1 4 7 8
1 5 11 10
1 9 9 6
2 9 15 7
2 11 6 8
3 9 8 12
7 10 9 6
7 11 8 8
(99, 90)

Arvore 588
0 1 6 6
0 6 10 12
0 8 10 7
1 4 7 8
1 9 9 6
2 9 15 7
2 11 6 8
3 5 6 13
3 9 8 12
7 10 9 6
7 11 8 8
(94, 93)

Arvore 589
0 1 6 6
0 8 10 7
1 4 7 8
1 5 11 10
1 9 9 6
2 9 15 7
2 11 6 8
3 9 8 12
6 9 9 13
7 10 9 6
7 11 8 8
(98, 91)

Arvore 590
0 1 6 6
0 8 10 7
1 4 7 8
1 9 9 6
2 9 15 7
2 11 6 8
3 5 6 13
3 9 8 12
6 9 9 13
7 10 9 6
7 11 8 8
(93, 94)

Arvore 591
0 1 6 6
0 6 10 12
0 8 10 7
1 4 7 8
1 5 11 10
1 9 9 6
2 9 15 7
2 11 6 8
3 10 6 7
7 10 9 6
7 11 8 8
(97, 85)

Arvore 592
0 1 6 6
0 6 10 12
0 8 10 7
1 4 7 8
1 9 9 6
2 9 15 7
2 11 6 8
3 5 6 13
3 10 6 7
7 10 9 6
7 11 8 8
(92, 88)

Arvore 593
0 1 6 6
0 8 10 7
1 4 7 8
1 5 11 10
1 9 9 6
2 9 15 7
2 11 6 8
3 10 6 7
6 9 9 13
7 10 9 6
7 11 8 8
(96, 86)

Arvore 594
0 1 6 6
0 8 10 7
1 4 7 8
1 9 9 6
2 9 15 7
2 11 6 8
3 5 6 13
3 10 6 7
6 9 9 13
7 10 9 6
7 11 8 8
(91, 89)

Arvore 595
0 1 6 6
0 2 0 94
0 6 10 12
0 8 10 7
1 4 7 8
1 9 9 6
2 11 6 8
3 5 6 13
3 9 8 12
3 10 6 7
7 10 9 6
(77, 179)

Arvore 596
0 1 6 6
0 2 0 94
0 8 10 7
1 4 7 8
1 9 9 6
2 11 6 8
3 5 6 13
3 9 8 12
3 10 6 7
6 9 9 13
7 10 9 6
(76, 180)

Arvore 597
0 1 6 6
0 2 0 94
0 6 10 12
0 8 10 7
1 4 7 8
1 5 11 10
1 9 9 6
2 11 6 8
3 9 8 12
3 10 6 7
7 10 9 6
(82, 176)

Arvore 598
0 1 6 6
0 2 0 94
0 8 10 7
1 4 7 8
1 5 11 10
1 9 9 6
2 11 6 8
3 9 8 12
3 10 6 7
6 9 9 13
7 10 9 6
(81, 177)

Arvore 599
0 1 6 6
0 6 10 12
0 8 10 7
1 2 94 0
1 4 7 8
1 9 9 6
2 11 6 8
3 5 6 13
3 9 8 12
3 10 6 7
7 10 9 6
(171, 85)

Arvore 600
0 1 6 6
0 8 10 7
1 2 94 0
1 4 7 8
1 9 9 6
2 11 6 8
3 5 6 13
3 9 8 12
3 10 6 7
6 9 9 13
7 10 9 6
(170, 86)

Arvore 601
0 1 6 6
0 6 10 12
0 8 10 7
1 2 94 0
1 4 7 8
1 5 11 10
1 9 9 6
2 11 6 8
3 9 8 12
3 10 6 7
7 10 9 6
(176, 82)

Arvore 602
0 1 6 6
0 8 10 7
1 2 94 0
1 4 7 8
1 5 11 10
1 9 9 6
2 11 6 8
3 9 8 12
3 10 6 7
6 9 9 13
7 10 9 6
(175, 83)

Arvore 603
0 1 6 6
0 2 0 94
0 6 10 12
0 8 10 7
0 11 8 13
1 4 7 8
1 9 9 6
3 5 6 13
3 9 8 12
3 10 6 7
7 10 9 6
(79, 184)

Arvore 604
0 1 6 6
0 2 0 94
0 8 10 7
0 11 8 13
1 4 7 8
1 9 9 6
3 5 6 13
3 9 8 12
3 10 6 7
6 9 9 13
7 10 9 6
(78, 185)

Arvore 605
0 1 6 6
0 2 0 94
0 6 10 12
0 8 10 7
0 11 8 13
1 4 7 8
1 9 9 6
3 5 6 13
3 9 8 12
3 10 6 7
7 11 8 8
(78, 186)

Arvore 606
0 1 6 6
0 2 0 94
0 8 10 7
0 11 8 13
1 4 7 8
1 9 9 6
3 5 6 13
3 9 8 12
3 10 6 7
6 9 9 13
7 11 8 8
(77, 187)

Arvore 607
0 1 6 6
0 6 10 12
0 8 10 7
0 11 8 13
1 2 94 0
1 4 7 8
1 9 9 6
3 5 6 13
3 9 8 12
3 10 6 7
7 10 9 6
(173, 90)

Arvore 608
0 1 6 6
0 8 10 7
0 11 8 13
1 2 94 0
1 4 7 8
1 9 9 6
3 5 6 13
3 9 8 12
3 10 6 7
6 9 9 13
7 10 9 6
(172, 91)

Arvore 609
0 1 6 6
0 6 10 12
0 8 10 7
0 11 8 13
1 2 94 0
1 4 7 8
1 9 9 6
3 5 6 13
3 9 8 12
3 10 6 7
7 11 8 8
(172, 92)

Arvore 610
0 1 6 6
0 8 10 7
0 11 8 13
1 2 94 0
1 4 7 8
1 9 9 6
3 5 6 13
3 9 8 12
3 10 6 7
6 9 9 13
7 11 8 8
(171, 93)

Arvore 611
0 1 6 6
0 6 10 12
0 8 10 7
0 11 8 13
1 4 7 8
1 9 9 6
2 11 6 8
3 5 6 13
3 9 8 12
3 10 6 7
7 10 9 6
(85, 98)

Arvore 612
0 1 6 6
0 8 10 7
0 11 8 13
1 4 7 8
1 9 9 6
2 11 6 8
3 5 6 13
3 9 8 12
3 10 6 7
6 9 9 13
7 10 9 6
(84, 99)

Arvore 613
0 1 6 6
0 6 10 12
0 8 10 7
0 11 8 13
1 4 7 8
1 9 9 6
2 11 6 8
3 5 6 13
3 9 8 12
3 10 6 7
7 11 8 8
(84, 100)

Arvore 614
0 1 6 6
0 8 10 7
0 11 8 13
1 4 7 8
1 9 9 6
2 11 6 8
3 5 6 13
3 9 8 12
3 10 6 7
6 9 9 13
7 11 8 8
(83, 101)

Arvore 615
0 1 6 6
0 6 10 12
0 8 10 7
0 11 8 13
1 4 7 8
1 9 9 6
2 9 15 7
3 5 6 13
3 9 8 12
3 10 6 7
7 10 9 6
(94, 97)

Arvore 616
0 1 6 6
0 8 10 7
0 11 8 13
1 4 7 8
1 9 9 6
2 9 15 7
3 5 6 13
3 9 8 12
3 10 6 7
6 9 9 13
7 10 9 6
(93, 98)

Arvore 617
0 1 6 6
0 6 10 12
0 8 10 7
1 4 7 8
1 9 9 6
2 9 15 7
2 11 6 8
3 5 6 13
3 9 8 12
3 10 6 7
7 10 9 6
(92, 92)

Arvore 618
0 1 6 6
0 8 10 7
1 4 7 8
1 9 9 6
2 9 15 7
2 11 6 8
3 5 6 13
3 9 8 12
3 10 6 7
6 9 9 13
7 10 9 6
(91, 93)

Arvore 619
0 1 6 6
0 2 0 94
0 6 10 12
0 8 10 7
1 4 7 8
1 9 9 6
3 5 6 13
3 9 8 12
3 10 6 7
7 10 9 6
7 11 8 8
(79, 179)

Arvore 620
0 1 6 6
0 2 0 94
0 8 10 7
1 4 7 8
1 9 9 6
3 5 6 13
3 9 8 12
3 10 6 7
6 9 9 13
7 10 9 6
7 11 8 8
(78, 180)

Arvore 621
0 1 6 6
0 6 10 12
0 8 10 7
1 2 94 0
1 4 7 8
1 9 9 6
3 5 6 13
3 9 8 12
3 10 6 7
7 10 9 6
7 11 8 8
(173, 85)

Arvore 622
0 1 6 6
0 8 10 7
1 2 94 0
1 4 7 8
1 9 9 6
3 5 6 13
3 9 8 12
3 10 6 7
6 9 9 13
7 10 9 6
7 11 8 8
(172, 86)

Arvore 623
0 1 6 6
0 6 10 12
0 8 10 7
1 4 7 8
1 9 9 6
2 9 15 7
3 5 6 13
3 9 8 12
3 10 6 7
7 10 9 6
7 11 8 8
(94, 92)

Arvore 624
0 1 6 6
0 8 10 7
1 4 7 8
1 9 9 6
2 9 15 7
3 5 6 13
3 9 8 12
3 10 6 7
6 9 9 13
7 10 9 6
7 11 8 8
(93, 93)

Arvore 625
0 1 6 6
0 6 10 12
0 8 10 7
1 4 7 8
1 9 9 6
2 11 6 8
3 5 6 13
3 9 8 12
3 10 6 7
7 10 9 6
7 11 8 8
(85, 93)

Arvore 626
0 1 6 6
0 8 10 7
1 4 7 8
1 9 9 6
2 11 6 8
3 5 6 13
3 9 8 12
3 10 6 7
6 9 9 13
7 10 9 6
7 11 8 8
(84, 94)

Arvore 627
0 1 6 6
0 6 10 12
0 8 10 7
1 4 7 8
1 5 11 10
1 9 9 6
2 9 15 7
2 11 6 8
3 9 8 12
3 10 6 7
7 10 9 6
(97, 89)

Arvore 628
0 1 6 6
0 8 10 7
1 4 7 8
1 5 11 10
1 9 9 6
2 9 15 7
2 11 6 8
3 9 8 12
3 10 6 7
6 9 9 13
7 10 9 6
(96, 90)

Arvore 629
0 1 6 6
0 2 0 94
0 6 10 12
0 8 10 7
1 4 7 8
1 5 11 10
1 9 9 6
3 9 8 12
3 10 6 7
7 10 9 6
7 11 8 8
(84, 176)

Arvore 630
0 1 6 6
0 2 0 94
0 8 10 7
1 4 7 8
1 5 11 10
1 9 9 6
3 9 8 12
3 10 6 7
6 9 9 13
7 10 9 6
7 11 8 8
(83, 177)

Arvore 631
0 1 6 6
0 6 10 12
0 8 10 7
1 2 94 0
1 4 7 8
1 5 11 10
1 9 9 6
3 9 8 12
3 10 6 7
7 10 9 6
7 11 8 8
(178, 82)

Arvore 632
0 1 6 6
0 8 10 7
1 2 94 0
1 4 7 8
1 5 11 10
1 9 9 6
3 9 8 12
3 10 6 7
6 9 9 13
7 10 9 6
7 11 8 8
(177, 83)

Arvore 633
0 1 6 6
0 6 10 12
0 8 10 7
1 4 7 8
1 5 11 10
1 9 9 6
2 9 15 7
3 9 8 12
3 10 6 7
7 10 9 6
7 11 8 8
(99, 89)

Arvore 634
0 1 6 6
0 8 10 7
1 4 7 8
1 5 11 10
1 9 9 6
2 9 15 7
3 9 8 12
3 10 6 7
6 9 9 13
7 10 9 6
7 11 8 8
(98, 90)

Arvore 635
0 1 6 6
0 6 10 12
0 8 10 7
1 4 7 8
1 5 11 10
1 9 9 6
2 11 6 8
3 9 8 12
3 10 6 7
7 10 9 6
7 11 8 8
(90, 90)

Arvore 636
0 1 6 6
0 8 10 7
1 4 7 8
1 5 11 10
1 9 9 6
2 11 6 8
3 9 8 12
3 10 6 7
6 9 9 13
7 10 9 6
7 11 8 8
(89, 91)

Arvore 637
0 1 6 6
0 2 0 94
0 6 10 12
1 4 7 8
1 9 9 6
1 11 9 9
3 5 6 13
3 9 8 12
3 10 6 7
4 8 8 13
7 11 8 8
(77, 188)

Arvore 638
0 1 6 6
0 2 0 94
1 4 7 8
1 9 9 6
1 11 9 9
3 5 6 13
3 9 8 12
3 10 6 7
4 8 8 13
6 9 9 13
7 11 8 8
(76, 189)

Arvore 639
0 1 6 6
0 2 0 94
0 6 10 12
1 4 7 8
1 9 9 6
1 11 9 9
3 5 6 13
3 9 8 12
4 8 8 13
7 10 9 6
7 11 8 8
(80, 187)

Arvore 640
0 1 6 6
0 2 0 94
1 4 7 8
1 9 9 6
1 11 9 9
3 5 6 13
3 9 8 12
4 8 8 13
6 9 9 13
7 10 9 6
7 11 8 8
(79, 188)

Arvore 641
0 1 6 6
0 2 0 94
0 6 10 12
1 4 7 8
1 9 9 6
1 11 9 9
3 5 6 13
3 10 6 7
4 8 8 13
7 10 9 6
7 11 8 8
(78, 182)

Arvore 642
0 1 6 6
0 2 0 94
1 4 7 8
1 9 9 6
1 11 9 9
3 5 6 13
3 10 6 7
4 8 8 13
6 9 9 13
7 10 9 6
7 11 8 8
(77, 183)

Arvore 643
0 1 6 6
0 6 10 12
1 2 94 0
1 4 7 8
1 9 9 6
1 11 9 9
3 5 6 13
3 9 8 12
3 10 6 7
4 8 8 13
7 11 8 8
(171, 94)

Arvore 644
0 1 6 6
1 2 94 0
1 4 7 8
1 9 9 6
1 11 9 9
3 5 6 13
3 9 8 12
3 10 6 7
4 8 8 13
6 9 9 13
7 11 8 8
(170, 95)

Arvore 645
0 1 6 6
0 6 10 12
1 2 94 0
1 4 7 8
1 9 9 6
1 11 9 9
3 5 6 13
3 9 8 12
4 8 8 13
7 10 9 6
7 11 8 8
(174, 93)

Arvore 646
0 1 6 6
1 2 94 0
1 4 7 8
1 9 9 6
1 11 9 9
3 5 6 13
3 9 8 12
4 8 8 13
6 9 9 13
7 10 9 6
7 11 8 8
(173, 94)

Arvore 647
0 1 6 6
0 6 10 12
1 2 94 0
1 4 7 8
1 9 9 6
1 11 9 9
3 5 6 13
3 10 6 7
4 8 8 13
7 10 9 6
7 11 8 8
(172, 88)

Arvore 648
0 1 6 6
1 2 94 0
1 4 7 8
1 9 9 6
1 11 9 9
3 5 6 13
3 10 6 7
4 8 8 13
6 9 9 13
7 10 9 6
7 11 8 8
(171, 89)

Arvore 649
0 1 6 6
0 6 10 12
1 4 7 8
1 9 9 6
1 11 9 9
2 11 6 8
3 5 6 13
3 9 8 12
3 10 6 7
4 8 8 13
7 11 8 8
(83, 102)

Arvore 650
0 1 6 6
1 4 7 8
1 9 9 6
1 11 9 9
2 11 6 8
3 5 6 13
3 9 8 12
3 10 6 7
4 8 8 13
6 9 9 13
7 11 8 8
(82, 103)

Arvore 651
0 1 6 6
0 6 10 12
1 4 7 8
1 9 9 6
1 11 9 9
2 11 6 8
3 5 6 13
3 9 8 12
4 8 8 13
7 10 9 6
7 11 8 8
(86, 101)

Arvore 652
0 1 6 6
1 4 7 8
1 9 9 6
1 11 9 9
2 11 6 8
3 5 6 13
3 9 8 12
4 8 8 13
6 9 9 13
7 10 9 6
7 11 8 8
(85, 102)

Arvore 653
0 1 6 6
0 6 10 12
1 4 7 8
1 9 9 6
1 11 9 9
2 11 6 8
3 5 6 13
3 10 6 7
4 8 8 13
7 10 9 6
7 11 8 8
(84, 96)

Arvore 654
0 1 6 6
1 4 7 8
1 9 9 6
1 11 9 9
2 11 6 8
3 5 6 13
3 10 6 7
4 8 8 13
6 9 9 13
7 10 9 6
7 11 8 8
(83, 97)

Arvore 655
0 1 6 6
0 2 0 94
0 6 10 12
1 4 7 8
1 9 9 6
2 11 6 8
3 5 6 13
3 9 8 12
3 10 6 7
4 8 8 13
7 10 9 6
(75, 185)

Arvore 656
0 1 6 6
0 2 0 94
1 4 7 8
1 9 9 6
2 11 6 8
3 5 6 13
3 9 8 12
3 10 6 7
4 8 8 13
6 9 9 13
7 10 9 6
(74, 186)

Arvore 657
0 1 6 6
0 6 10 12
1 2 94 0
1 4 7 8
1 9 9 6
2 11 6 8
3 5 6 13
3 9 8 12
3 10 6 7
4 8 8 13
7 10 9 6
(169, 91)

Arvore 658
0 1 6 6
1 2 94 0
1 4 7 8
1 9 9 6
2 11 6 8
3 5 6 13
3 9 8 12
3 10 6 7
4 8 8 13
6 9 9 13
7 10 9 6
(168, 92)

Arvore 659
0 1 6 6
0 2 0 94
0 6 10 12
1 4 7 8
1 9 9 6
3 5 6 13
3 9 8 12
3 10 6 7
4 8 8 13
7 10 9 6
7 11 8 8
(77, 185)

Arvore 660
0 1 6 6
0 2 0 94
1 4 7 8
1 9 9 6
3 5 6 13
3 9 8 12
3 10 6 7
4 8 8 13
6 9 9 13
7 10 9 6
7 11 8 8
(76, 186)

Arvore 661
0 1 6 6
0 6 10 12
1 2 94 0
1 4 7 8
1 9 9 6
3 5 6 13
3 9 8 12
3 10 6 7
4 8 8 13
7 10 9 6
7 11 8 8
(171, 91)

Arvore 662
0 1 6 6
1 2 94 0
1 4 7 8
1 9 9 6
3 5 6 13
3 9 8 12
3 10 6 7
4 8 8 13
6 9 9 13
7 10 9 6
7 11 8 8
(170, 92)

Arvore 663
0 1 6 6
0 6 10 12
1 4 7 8
1 9 9 6
2 11 6 8
3 5 6 13
3 9 8 12
3 10 6 7
4 8 8 13
7 10 9 6
7 11 8 8
(83, 99)

Arvore 664
0 1 6 6
1 4 7 8
1 9 9 6
2 11 6 8
3 5 6 13
3 9 8 12
3 10 6 7
4 8 8 13
6 9 9 13
7 10 9 6
7 11 8 8
(82, 100)

Arvore 665
0 2 0 94
0 4 6 13
0 6 10 12
0 8 10 7
1 2 94 0
1 5 11 10
1 9 9 6
2 11 6 8
3 9 8 12
3 10 6 7
7 11 8 8
(168, 177)

Arvore 666
0 2 0 94
0 4 6 13
0 6 10 12
0 8 10 7
1 2 94 0
1 9 9 6
2 11 6 8
3 5 6 13
3 9 8 12
3 10 6 7
7 11 8 8
(163, 180)

Arvore 667
0 2 0 94
0 4 6 13
0 8 10 7
1 2 94 0
1 5 11 10
1 9 9 6
2 11 6 8
3 9 8 12
3 10 6 7
6 9 9 13
7 11 8 8
(167, 178)

Arvore 668
0 2 0 94
0 4 6 13
0 8 10 7
1 2 94 0
1 9 9 6
2 11 6 8
3 5 6 13
3 9 8 12
3 10 6 7
6 9 9 13
7 11 8 8
(162, 181)

Arvore 669
0 2 0 94
0 4 6 13
0 6 10 12
0 8 10 7
1 2 94 0
1 5 11 10
1 9 9 6
2 11 6 8
3 9 8 12
7 10 9 6
7 11 8 8
(171, 176)

Arvore 670
0 2 0 94
0 4 6 13
0 6 10 12
0 8 10 7
1 2 94 0
1 9 9 6
2 11 6 8
3 5 6 13
3 9 8 12
7 10 9 6
7 11 8 8
(166, 179)

Arvore 671
0 2 0 94
0 4 6 13
0 8 10 7
1 2 94 0
1 5 11 10
1 9 9 6
2 11 6 8
3 9 8 12
6 9 9 13
7 10 9 6
7 11 8 8
(170, 177)

Arvore 672
0 2 0 94
0 4 6 13
0 8 10 7
1 2 94 0
1 9 9 6
2 11 6 8
3 5 6 13
3 9 8 12
6 9 9 13
7 10 9 6
7 11 8 8
(165, 180)

Arvore 673
0 2 0 94
0 4 6 13
0 6 10 12
0 8 10 7
1 2 94 0
1 5 11 10
1 9 9 6
2 11 6 8
3 10 6 7
7 10 9 6
7 11 8 8
(169, 171)

Arvore 674
0 2 0 94
0 4 6 13
0 6 10 12
0 8 10 7
1 2 94 0
1 9 9 6
2 11 6 8
3 5 6 13
3 10 6 7
7 10 9 6
7 11 8 8
(164, 174)

Arvore 675
0 2 0 94
0 4 6 13
0 8 10 7
1 2 94 0
1 5 11 10
1 9 9 6
2 11 6 8
3 10 6 7
6 9 9 13
7 10 9 6
7 11 8 8
(168, 172)

Arvore 676
0 2 0 94
0 4 6 13
0 8 10 7
1 2 94 0
1 9 9 6
2 11 6 8
3 5 6 13
3 10 6 7
6 9 9 13
7 10 9 6
7 11 8 8
(163, 175)

Arvore 677
0 2 0 94
0 6 10 12
0 8 10 7
1 2 94 0
1 4 7 8
1 5 11 10
1 9 9 6
2 11 6 8
3 9 8 12
3 10 6 7
7 11 8 8
(169, 172)

Arvore 678
0 2 0 94
0 6 10 12
0 8 10 7
1 2 94 0
1 4 7 8
1 9 9 6
2 11 6 8
3 5 6 13
3 9 8 12
3 10 6 7
7 11 8 8
(164, 175)

Arvore 679
0 2 0 94
0 8 10 7
1 2 94 0
1 4 7 8
1 5 11 10
1 9 9 6
2 11 6 8
3 9 8 12
3 10 6 7
6 9 9 13
7 11 8 8
(168, 173)

Arvore 680
0 2 0 94
0 8 10 7
1 2 94 0
1 4 7 8
1 9 9 6
2 11 6 8
3 5 6 13
3 9 8 12
3 10 6 7
6 9 9 13
7 11 8 8
(163, 176)

Arvore 681
0 2 0 94
0 6 10 12
0 8 10 7
1 2 94 0
1 4 7 8
1 5 11 10
1 9 9 6
2 11 6 8
3 9 8 12
7 10 9 6
7 11 8 8
(172, 171)

Arvore 682
0 2 0 94
0 6 10 12
0 8 10 7
1 2 94 0
1 4 7 8
1 9 9 6
2 11 6 8
3 5 6 13
3 9 8 12
7 10 9 6
7 11 8 8
(167, 174)

Arvore 683
0 2 0 94
0 8 10 7
1 2 94 0
1 4 7 8
1 5 11 10
1 9 9 6
2 11 6 8
3 9 8 12
6 9 9 13
7 10 9 6
7 11 8 8
(171, 172)

Arvore 684
0 2 0 94
0 8 10 7
1 2 94 0
1 4 7 8
1 9 9 6
2 11 6 8
3 5 6 13
3 9 8 12
6 9 9 13
7 10 9 6
7 11 8 8
(166, 175)

Arvore 685
0 2 0 94
0 6 10 12
0 8 10 7
1 2 94 0
1 4 7 8
1 5 11 10
1 9 9 6
2 11 6 8
3 10 6 7
7 10 9 6
7 11 8 8
(170, 166)

Arvore 686
0 2 0 94
0 6 10 12
0 8 10 7
1 2 94 0
1 4 7 8
1 9 9 6
2 11 6 8
3 5 6 13
3 10 6 7
7 10 9 6
7 11 8 8
(165, 169)

Arvore 687
0 2 0 94
0 8 10 7
1 2 94 0
1 4 7 8
1 5 11 10
1 9 9 6
2 11 6 8
3 10 6 7
6 9 9 13
7 10 9 6
7 11 8 8
(169, 167)

Arvore 688
0 2 0 94
0 8 10 7
1 2 94 0
1 4 7 8
1 9 9 6
2 11 6 8
3 5 6 13
3 10 6 7
6 9 9 13
7 10 9 6
7 11 8 8
(164, 170)

Arvore 689
0 2 0 94
0 4 6 13
0 6 10 12
1 2 94 0
1 9 9 6
2 11 6 8
3 5 6 13
3 9 8 12
3 10 6 7
4 8 8 13
7 11 8 8
(161, 186)

Arvore 690
0 2 0 94
0 4 6 13
1 2 94 0
1 9 9 6
2 11 6 8
3 5 6 13
3 9 8 12
3 10 6 7
4 8 8 13
6 9 9 13
7 11 8 8
(160, 187)

Arvore 691
0 2 0 94
0 4 6 13
0 6 10 12
1 2 94 0
1 9 9 6
2 11 6 8
3 5 6 13
3 9 8 12
4 8 8 13
7 10 9 6
7 11 8 8
(164, 185)

Arvore 692
0 2 0 94
0 4 6 13
1 2 94 0
1 9 9 6
2 11 6 8
3 5 6 13
3 9 8 12
4 8 8 13
6 9 9 13
7 10 9 6
7 11 8 8
(163, 186)

Arvore 693
0 2 0 94
0 4 6 13
0 6 10 12
1 2 94 0
1 9 9 6
2 11 6 8
3 5 6 13
3 10 6 7
4 8 8 13
7 10 9 6
7 11 8 8
(162, 180)

Arvore 694
0 2 0 94
0 4 6 13
1 2 94 0
1 9 9 6
2 11 6 8
3 5 6 13
3 10 6 7
4 8 8 13
6 9 9 13
7 10 9 6
7 11 8 8
(161, 181)

Arvore 695
0 2 0 94
0 6 10 12
1 2 94 0
1 4 7 8
1 9 9 6
2 11 6 8
3 5 6 13
3 9 8 12
3 10 6 7
4 8 8 13
7 11 8 8
(162, 181)

Arvore 696
0 2 0 94
1 2 94 0
1 4 7 8
1 9 9 6
2 11 6 8
3 5 6 13
3 9 8 12
3 10 6 7
4 8 8 13
6 9 9 13
7 11 8 8
(161, 182)

Arvore 697
0 2 0 94
0 6 10 12
1 2 94 0
1 4 7 8
1 9 9 6
2 11 6 8
3 5 6 13
3 9 8 12
4 8 8 13
7 10 9 6
7 11 8 8
(165, 180)

Arvore 698
0 2 0 94
1 2 94 0
1 4 7 8
1 9 9 6
2 11 6 8
3 5 6 13
3 9 8 12
4 8 8 13
6 9 9 13
7 10 9 6
7 11 8 8
(164, 181)

Arvore 699
0 2 0 94
0 6 10 12
1 2 94 0
1 4 7 8
1 9 9 6
2 11 6 8
3 5 6 13
3 10 6 7
4 8 8 13
7 10 9 6
7 11 8 8
(163, 175)

Arvore 700
0 2 0 94
1 2 94 0
1 4 7 8
1 9 9 6
2 11 6 8
3 5 6 13
3 10 6 7
4 8 8 13
6 9 9 13
7 10 9 6
7 11 8 8
(162, 176)

Arvore 701
0 2 0 94
0 4 6 13
0 6 10 12
0 8 10 7
0 9 7 12
1 2 94 0
1 5 11 10
2 11 6 8
3 9 8 12
3 10 6 7
7 11 8 8
(166, 183)

Arvore 702
0 2 0 94
0 4 6 13
0 6 10 12
0 8 10 7
0 9 7 12
1 2 94 0
2 11 6 8
3 5 6 13
3 9 8 12
3 10 6 7
7 11 8 8
(161, 186)

Arvore 703
0 2 0 94
0 4 6 13
0 8 10 7
0 9 7 12
1 2 94 0
1 5 11 10
2 11 6 8
3 9 8 12
3 10 6 7
6 9 9 13
7 11 8 8
(165, 184)

Arvore 704
0 2 0 94
0 4 6 13
0 8 10 7
0 9 7 12
1 2 94 0
2 11 6 8
3 5 6 13
3 9 8 12
3 10 6 7
6 9 9 13
7 11 8 8
(160, 187)

Arvore 705
0 2 0 94
0 4 6 13
0 6 10 12
0 8 10 7
0 9 7 12
1 2 94 0
1 5 11 10
2 11 6 8
3 9 8 12
7 10 9 6
7 11 8 8
(169, 182)

Arvore 706
0 2 0 94
0 4 6 13
0 6 10 12
0 8 10 7
0 9 7 12
1 2 94 0
2 11 6 8
3 5 6 13
3 9 8 12
7 10 9 6
7 11 8 8
(164, 185)

Arvore 707
0 2 0 94
0 4 6 13
0 8 10 7
0 9 7 12
1 2 94 0
1 5 11 10
2 11 6 8
3 9 8 12
6 9 9 13
7 10 9 6
7 11 8 8
(168, 183)

Arvore 708
0 2 0 94
0 4 6 13
0 8 10 7
0 9 7 12
1 2 94 0
2 11 6 8
3 5 6 13
3 9 8 12
6 9 9 13
7 10 9 6
7 11 8 8
(163, 186)

Arvore 709
0 2 0 94
0 4 6 13
0 6 10 12
0 8 10 7
0 9 7 12
1 2 94 0
1 5 11 10
2 11 6 8
3 10 6 7
7 10 9 6
7 11 8 8
(167, 177)

Arvore 710
0 2 0 94
0 4 6 13
0 6 10 12
0 8 10 7
0 9 7 12
1 2 94 0
2 11 6 8
3 5 6 13
3 10 6 7
7 10 9 6
7 11 8 8
(162, 180)

Arvore 711
0 2 0 94
0 4 6 13
0 8 10 7
0 9 7 12
1 2 94 0
1 5 11 10
2 11 6 8
3 10 6 7
6 9 9 13
7 10 9 6
7 11 8 8
(166, 178)

Arvore 712
0 2 0 94
0 4 6 13
0 8 10 7
0 9 7 12
1 2 94 0
2 11 6 8
3 5 6 13
3 10 6 7
6 9 9 13
7 10 9 6
7 11 8 8
(161, 181)

Arvore 713
0 2 0 94
0 4 6 13
0 6 10 12
0 9 7 12
1 2 94 0
2 11 6 8
3 5 6 13
3 9 8 12
3 10 6 7
4 8 8 13
7 11 8 8
(159, 192)

Arvore 714
0 2 0 94
0 4 6 13
0 9 7 12
1 2 94 0
2 11 6 8
3 5 6 13
3 9 8 12
3 10 6 7
4 8 8 13
6 9 9 13
7 11 8 8
(158, 193)

Arvore 715
0 2 0 94
0 4 6 13
0 6 10 12
0 9 7 12
1 2 94 0
2 11 6 8
3 5 6 13
3 9 8 12
4 8 8 13
7 10 9 6
7 11 8 8
(162, 191)

Arvore 716
0 2 0 94
0 4 6 13
0 9 7 12
1 2 94 0
2 11 6 8
3 5 6 13
3 9 8 12
4 8 8 13
6 9 9 13
7 10 9 6
7 11 8 8
(161, 192)

Arvore 717
0 2 0 94
0 4 6 13
0 6 10 12
0 9 7 12
1 2 94 0
2 11 6 8
3 5 6 13
3 10 6 7
4 8 8 13
7 10 9 6
7 11 8 8
(160, 186)

Arvore 718
0 2 0 94
0 4 6 13
0 9 7 12
1 2 94 0
2 11 6 8
3 5 6 13
3 10 6 7
4 8 8 13
6 9 9 13
7 10 9 6
7 11 8 8
(159, 187)

Arvore 719
0 2 0 94
0 6 10 12
0 8 10 7
0 9 7 12
1 2 94 0
1 4 7 8
1 5 11 10
2 11 6 8
3 9 8 12
3 10 6 7
7 11 8 8
(167, 178)

Arvore 720
0 2 0 94
0 6 10 12
0 8 10 7
0 9 7 12
1 2 94 0
1 4 7 8
2 11 6 8
3 5 6 13
3 9 8 12
3 10 6 7
7 11 8 8
(162, 181)

Arvore 721
0 2 0 94
0 8 10 7
0 9 7 12
1 2 94 0
1 4 7 8
1 5 11 10
2 11 6 8
3 9 8 12
3 10 6 7
6 9 9 13
7 11 8 8
(166, 179)

Arvore 722
0 2 0 94
0 8 10 7
0 9 7 12
1 2 94 0
1 4 7 8
2 11 6 8
3 5 6 13
3 9 8 12
3 10 6 7
6 9 9 13
7 11 8 8
(161, 182)

Arvore 723
0 2 0 94
0 6 10 12
0 8 10 7
0 9 7 12
1 2 94 0
1 4 7 8
1 5 11 10
2 11 6 8
3 9 8 12
7 10 9 6
7 11 8 8
(170, 177)

Arvore 724
0 2 0 94
0 6 10 12
0 8 10 7
0 9 7 12
1 2 94 0
1 4 7 8
2 11 6 8
3 5 6 13
3 9 8 12
7 10 9 6
7 11 8 8
(165, 180)

Arvore 725
0 2 0 94
0 8 10 7
0 9 7 12
1 2 94 0
1 4 7 8
1 5 11 10
2 11 6 8
3 9 8 12
6 9 9 13
7 10 9 6
7 11 8 8
(169, 178)

Arvore 726
0 2 0 94
0 8 10 7
0 9 7 12
1 2 94 0
1 4 7 8
2 11 6 8
3 5 6 13
3 9 8 12
6 9 9 13
7 10 9 6
7 11 8 8
(164, 181)

Arvore 727
0 2 0 94
0 6 10 12
0 8 10 7
0 9 7 12
1 2 94 0
1 4 7 8
1 5 11 10
2 11 6 8
3 10 6 7
7 10 9 6
7 11 8 8
(168, 172)

Arvore 728
0 2 0 94
0 6 10 12
0 8 10 7
0 9 7 12
1 2 94 0
1 4 7 8
2 11 6 8
3 5 6 13
3 10 6 7
7 10 9 6
7 11 8 8
(163, 175)

Arvore 729
0 2 0 94
0 8 10 7
0 9 7 12
1 2 94 0
1 4 7 8
1 5 11 10
2 11 6 8
3 10 6 7
6 9 9 13
7 10 9 6
7 11 8 8
(167, 173)

Arvore 730
0 2 0 94
0 8 10 7
0 9 7 12
1 2 94 0
1 4 7 8
2 11 6 8
3 5 6 13
3 10 6 7
6 9 9 13
7 10 9 6
7 11 8 8
(162, 176)

Arvore 731
0 2 0 94
0 6 10 12
0 9 7 12
1 2 94 0
1 4 7 8
2 11 6 8
3 5 6 13
3 9 8 12
3 10 6 7
4 8 8 13
7 11 8 8
(160, 187)

Arvore 732
0 2 0 94
0 9 7 12
1 2 94 0
1 4 7 8
2 11 6 8
3 5 6 13
3 9 8 12
3 10 6 7
4 8 8 13
6 9 9 13
7 11 8 8
(159, 188)

Arvore 733
0 2 0 94
0 6 10 12
0 9 7 12
1 2 94 0
1 4 7 8
2 11 6 8
3 5 6 13
3 9 8 12
4 8 8 13
7 10 9 6
7 11 8 8
(163, 186)

Arvore 734
0 2 0 94
0 9 7 12
1 2 94 0
1 4 7 8
2 11 6 8
3 5 6 13
3 9 8 12
4 8 8 13
6 9 9 13
7 10 9 6
7 11 8 8
(162, 187)

Arvore 735
0 2 0 94
0 6 10 12
0 9 7 12
1 2 94 0
1 4 7 8
2 11 6 8
3 5 6 13
3 10 6 7
4 8 8 13
7 10 9 6
7 11 8 8
(161, 181)

Arvore 736
0 2 0 94
0 9 7 12
1 2 94 0
1 4 7 8
2 11 6 8
3 5 6 13
3 10 6 7
4 8 8 13
6 9 9 13
7 10 9 6
7 11 8 8
(160, 182)

