0
0
Arvore 1
0 1 15 15
0 2 0 85
1 4 22 20
3 4 23 22
(60, 142)

Arvore 2
0 1 15 15
0 2 0 85
2 4 17 23
3 4 23 22
(55, 145)

Arvore 3
0 1 15 15
0 2 0 85
0 4 20 24
3 4 23 22
(58, 146)

Arvore 4
0 1 15 15
0 4 20 24
1 2 85 0
3 4 23 22
(143, 61)

Arvore 5
0 1 15 15
0 4 20 24
2 4 17 23
3 4 23 22
(75, 84)

Arvore 6
0 1 15 15
1 2 85 0
1 4 22 20
3 4 23 22
(145, 57)

Arvore 7
0 1 15 15
1 2 85 0
2 4 17 23
3 4 23 22
(140, 60)

Arvore 8
0 1 15 15
1 4 22 20
2 4 17 23
3 4 23 22
(77, 80)

Arvore 9
0 2 0 85
1 2 85 0
1 4 22 20
3 4 23 22
(130, 127)

Arvore 10
0 2 0 85
1 2 85 0
2 4 17 23
3 4 23 22
(125, 130)

