2
0.02
0 21 10 30
1 3 22 24
1 9 19 17
1 14 4 38
2 5 19 27
2 7 28 15
2 19 28 15
2 43 10 23
3 8 14 18
3 12 0 36
3 17 15 21
3 29 8 37
3 36 13 30
3 42 11 30
4 12 19 20
4 22 5 31
6 40 5 19
7 41 16 26
10 24 16 23
10 35 2 38
10 44 32 15
11 29 11 22
12 24 1 33
13 22 3 26
14 28 25 19
14 30 9 42
14 37 6 33
15 16 3 20
15 20 18 23
16 39 5 28
17 25 5 28
18 28 15 33
20 34 19 18
20 43 8 19
21 39 5 34
22 26 3 21
23 43 2 36
25 33 11 37
27 34 3 37
31 44 1 26
32 34 8 28
32 36 25 18
34 40 1 38
34 46 3 47
38 39 15 23
40 45 14 26
42 47 12 27
(527, 1275)
