19
0.19
Arvore 1
0 3 6 7
0 6 18 32
0 10 34 25
1 3 20 19
1 4 28 34
1 5 11 26
1 7 6 42
2 3 9 18
3 9 5 21
8 9 13 22
8 11 38 36
(188, 282)

Arvore 2
0 3 6 7
0 10 34 25
1 3 20 19
1 4 28 34
1 5 11 26
1 7 6 42
2 3 9 18
2 6 31 30
3 9 5 21
8 9 13 22
8 11 38 36
(201, 280)

Arvore 3
0 3 6 7
1 3 20 19
1 4 28 34
1 5 11 26
1 7 6 42
2 3 9 18
2 6 31 30
3 9 5 21
8 9 13 22
8 10 14 31
8 11 38 36
(181, 286)

Arvore 4
0 3 6 7
0 6 18 32
1 3 20 19
1 4 28 34
1 5 11 26
1 7 6 42
2 3 9 18
3 9 5 21
8 9 13 22
8 10 14 31
8 11 38 36
(168, 288)

Arvore 5
0 3 6 7
0 6 18 32
0 10 34 25
1 3 20 19
1 4 28 34
1 5 11 26
2 3 9 18
3 9 5 21
5 7 13 34
8 9 13 22
8 11 38 36
(195, 274)

Arvore 6
0 3 6 7
0 6 18 32
0 10 34 25
1 3 20 19
1 4 28 34
1 5 11 26
2 3 9 18
3 9 5 21
7 8 47 28
8 9 13 22
8 11 38 36
(229, 268)

Arvore 7
0 3 6 7
0 10 34 25
1 3 20 19
1 4 28 34
1 5 11 26
2 3 9 18
2 6 31 30
3 9 5 21
5 7 13 34
8 9 13 22
8 11 38 36
(208, 272)

Arvore 8
0 3 6 7
0 10 34 25
1 3 20 19
1 4 28 34
1 5 11 26
2 3 9 18
2 6 31 30
3 9 5 21
7 8 47 28
8 9 13 22
8 11 38 36
(242, 266)

Arvore 9
0 3 6 7
1 3 20 19
1 4 28 34
1 5 11 26
2 3 9 18
2 6 31 30
3 9 5 21
5 7 13 34
8 9 13 22
8 10 14 31
8 11 38 36
(188, 278)

Arvore 10
0 3 6 7
1 3 20 19
1 4 28 34
1 5 11 26
2 3 9 18
2 6 31 30
3 9 5 21
7 8 47 28
8 9 13 22
8 10 14 31
8 11 38 36
(222, 272)

Arvore 11
0 3 6 7
0 6 18 32
1 3 20 19
1 4 28 34
1 5 11 26
2 3 9 18
3 9 5 21
5 7 13 34
8 9 13 22
8 10 14 31
8 11 38 36
(175, 280)

Arvore 12
0 3 6 7
0 6 18 32
1 3 20 19
1 4 28 34
1 5 11 26
2 3 9 18
3 9 5 21
7 8 47 28
8 9 13 22
8 10 14 31
8 11 38 36
(209, 274)

Arvore 13
0 1 9 27
0 3 6 7
0 6 18 32
0 10 34 25
1 4 28 34
1 5 11 26
1 7 6 42
2 3 9 18
3 9 5 21
8 9 13 22
8 11 38 36
(177, 290)

Arvore 14
0 1 9 27
0 3 6 7
0 10 34 25
1 4 28 34
1 5 11 26
1 7 6 42
2 3 9 18
2 6 31 30
3 9 5 21
8 9 13 22
8 11 38 36
(190, 288)

Arvore 15
0 1 9 27
0 3 6 7
1 4 28 34
1 5 11 26
1 7 6 42
2 3 9 18
2 6 31 30
3 9 5 21
8 9 13 22
8 10 14 31
8 11 38 36
(170, 294)

Arvore 16
0 1 9 27
0 3 6 7
0 6 18 32
1 4 28 34
1 5 11 26
1 7 6 42
2 3 9 18
3 9 5 21
8 9 13 22
8 10 14 31
8 11 38 36
(157, 296)

Arvore 17
0 1 9 27
0 3 6 7
0 6 18 32
0 10 34 25
1 4 28 34
1 5 11 26
2 3 9 18
3 9 5 21
5 7 13 34
8 9 13 22
8 11 38 36
(184, 282)

Arvore 18
0 1 9 27
0 3 6 7
0 6 18 32
0 10 34 25
1 4 28 34
1 5 11 26
2 3 9 18
3 9 5 21
7 8 47 28
8 9 13 22
8 11 38 36
(218, 276)

Arvore 19
0 1 9 27
0 3 6 7
0 10 34 25
1 4 28 34
1 5 11 26
2 3 9 18
2 6 31 30
3 9 5 21
5 7 13 34
8 9 13 22
8 11 38 36
(197, 280)

Arvore 20
0 1 9 27
0 3 6 7
0 10 34 25
1 4 28 34
1 5 11 26
2 3 9 18
2 6 31 30
3 9 5 21
7 8 47 28
8 9 13 22
8 11 38 36
(231, 274)

Arvore 21
0 1 9 27
0 3 6 7
1 4 28 34
1 5 11 26
2 3 9 18
2 6 31 30
3 9 5 21
5 7 13 34
8 9 13 22
8 10 14 31
8 11 38 36
(177, 286)

Arvore 22
0 1 9 27
0 3 6 7
1 4 28 34
1 5 11 26
2 3 9 18
2 6 31 30
3 9 5 21
7 8 47 28
8 9 13 22
8 10 14 31
8 11 38 36
(211, 280)

Arvore 23
0 1 9 27
0 3 6 7
0 6 18 32
1 4 28 34
1 5 11 26
2 3 9 18
3 9 5 21
5 7 13 34
8 9 13 22
8 10 14 31
8 11 38 36
(164, 288)

Arvore 24
0 1 9 27
0 3 6 7
0 6 18 32
1 4 28 34
1 5 11 26
2 3 9 18
3 9 5 21
7 8 47 28
8 9 13 22
8 10 14 31
8 11 38 36
(198, 282)

Arvore 25
0 1 9 27
0 3 6 7
0 6 18 32
0 10 34 25
1 4 28 34
1 7 6 42
2 3 9 18
2 5 18 26
3 9 5 21
8 9 13 22
8 11 38 36
(184, 290)

Arvore 26
0 1 9 27
0 3 6 7
0 6 18 32
0 10 34 25
1 4 28 34
2 3 9 18
2 5 18 26
3 9 5 21
5 7 13 34
8 9 13 22
8 11 38 36
(191, 282)

Arvore 27
0 1 9 27
0 3 6 7
0 6 18 32
0 10 34 25
1 4 28 34
2 3 9 18
2 5 18 26
3 9 5 21
7 8 47 28
8 9 13 22
8 11 38 36
(225, 276)

Arvore 28
0 1 9 27
0 3 6 7
0 10 34 25
1 4 28 34
1 7 6 42
2 3 9 18
2 5 18 26
2 6 31 30
3 9 5 21
8 9 13 22
8 11 38 36
(197, 288)

Arvore 29
0 1 9 27
0 3 6 7
0 10 34 25
1 4 28 34
2 3 9 18
2 5 18 26
2 6 31 30
3 9 5 21
5 7 13 34
8 9 13 22
8 11 38 36
(204, 280)

Arvore 30
0 1 9 27
0 3 6 7
0 10 34 25
1 4 28 34
2 3 9 18
2 5 18 26
2 6 31 30
3 9 5 21
7 8 47 28
8 9 13 22
8 11 38 36
(238, 274)

Arvore 31
0 1 9 27
0 3 6 7
1 4 28 34
1 7 6 42
2 3 9 18
2 5 18 26
2 6 31 30
3 9 5 21
8 9 13 22
8 10 14 31
8 11 38 36
(177, 294)

Arvore 32
0 1 9 27
0 3 6 7
0 6 18 32
1 4 28 34
1 7 6 42
2 3 9 18
2 5 18 26
3 9 5 21
8 9 13 22
8 10 14 31
8 11 38 36
(164, 296)

Arvore 33
0 1 9 27
0 3 6 7
1 4 28 34
2 3 9 18
2 5 18 26
2 6 31 30
3 9 5 21
5 7 13 34
8 9 13 22
8 10 14 31
8 11 38 36
(184, 286)

Arvore 34
0 1 9 27
0 3 6 7
1 4 28 34
2 3 9 18
2 5 18 26
2 6 31 30
3 9 5 21
7 8 47 28
8 9 13 22
8 10 14 31
8 11 38 36
(218, 280)

Arvore 35
0 1 9 27
0 3 6 7
0 6 18 32
1 4 28 34
2 3 9 18
2 5 18 26
3 9 5 21
5 7 13 34
8 9 13 22
8 10 14 31
8 11 38 36
(171, 288)

Arvore 36
0 1 9 27
0 3 6 7
0 6 18 32
1 4 28 34
2 3 9 18
2 5 18 26
3 9 5 21
7 8 47 28
8 9 13 22
8 10 14 31
8 11 38 36
(205, 282)

Arvore 37
0 3 6 7
0 6 18 32
0 10 34 25
1 3 20 19
1 4 28 34
1 7 6 42
2 3 9 18
2 5 18 26
3 9 5 21
8 9 13 22
8 11 38 36
(195, 282)

Arvore 38
0 3 6 7
0 6 18 32
0 10 34 25
1 3 20 19
1 4 28 34
2 3 9 18
2 5 18 26
3 9 5 21
5 7 13 34
8 9 13 22
8 11 38 36
(202, 274)

Arvore 39
0 3 6 7
0 6 18 32
0 10 34 25
1 3 20 19
1 4 28 34
2 3 9 18
2 5 18 26
3 9 5 21
7 8 47 28
8 9 13 22
8 11 38 36
(236, 268)

Arvore 40
0 3 6 7
0 10 34 25
1 3 20 19
1 4 28 34
1 7 6 42
2 3 9 18
2 5 18 26
2 6 31 30
3 9 5 21
8 9 13 22
8 11 38 36
(208, 280)

Arvore 41
0 3 6 7
0 10 34 25
1 3 20 19
1 4 28 34
2 3 9 18
2 5 18 26
2 6 31 30
3 9 5 21
5 7 13 34
8 9 13 22
8 11 38 36
(215, 272)

Arvore 42
0 3 6 7
0 10 34 25
1 3 20 19
1 4 28 34
2 3 9 18
2 5 18 26
2 6 31 30
3 9 5 21
7 8 47 28
8 9 13 22
8 11 38 36
(249, 266)

Arvore 43
0 3 6 7
1 3 20 19
1 4 28 34
1 7 6 42
2 3 9 18
2 5 18 26
2 6 31 30
3 9 5 21
8 9 13 22
8 10 14 31
8 11 38 36
(188, 286)

Arvore 44
0 3 6 7
0 6 18 32
1 3 20 19
1 4 28 34
1 7 6 42
2 3 9 18
2 5 18 26
3 9 5 21
8 9 13 22
8 10 14 31
8 11 38 36
(175, 288)

Arvore 45
0 3 6 7
1 3 20 19
1 4 28 34
2 3 9 18
2 5 18 26
2 6 31 30
3 9 5 21
5 7 13 34
8 9 13 22
8 10 14 31
8 11 38 36
(195, 278)

Arvore 46
0 3 6 7
1 3 20 19
1 4 28 34
2 3 9 18
2 5 18 26
2 6 31 30
3 9 5 21
7 8 47 28
8 9 13 22
8 10 14 31
8 11 38 36
(229, 272)

Arvore 47
0 3 6 7
0 6 18 32
1 3 20 19
1 4 28 34
2 3 9 18
2 5 18 26
3 9 5 21
5 7 13 34
8 9 13 22
8 10 14 31
8 11 38 36
(182, 280)

Arvore 48
0 3 6 7
0 6 18 32
1 3 20 19
1 4 28 34
2 3 9 18
2 5 18 26
3 9 5 21
7 8 47 28
8 9 13 22
8 10 14 31
8 11 38 36
(216, 274)

Arvore 49
0 3 6 7
0 6 18 32
0 10 34 25
1 4 28 34
1 5 11 26
1 7 6 42
2 3 9 18
2 5 18 26
3 9 5 21
8 9 13 22
8 11 38 36
(186, 289)

Arvore 50
0 3 6 7
0 6 18 32
0 10 34 25
1 4 28 34
1 5 11 26
2 3 9 18
2 5 18 26
3 9 5 21
5 7 13 34
8 9 13 22
8 11 38 36
(193, 281)

Arvore 51
0 3 6 7
0 6 18 32
0 10 34 25
1 4 28 34
1 5 11 26
2 3 9 18
2 5 18 26
3 9 5 21
7 8 47 28
8 9 13 22
8 11 38 36
(227, 275)

Arvore 52
0 3 6 7
0 10 34 25
1 4 28 34
1 5 11 26
1 7 6 42
2 3 9 18
2 5 18 26
2 6 31 30
3 9 5 21
8 9 13 22
8 11 38 36
(199, 287)

Arvore 53
0 3 6 7
0 10 34 25
1 4 28 34
1 5 11 26
2 3 9 18
2 5 18 26
2 6 31 30
3 9 5 21
5 7 13 34
8 9 13 22
8 11 38 36
(206, 279)

Arvore 54
0 3 6 7
0 10 34 25
1 4 28 34
1 5 11 26
2 3 9 18
2 5 18 26
2 6 31 30
3 9 5 21
7 8 47 28
8 9 13 22
8 11 38 36
(240, 273)

Arvore 55
0 3 6 7
1 4 28 34
1 5 11 26
1 7 6 42
2 3 9 18
2 5 18 26
2 6 31 30
3 9 5 21
8 9 13 22
8 10 14 31
8 11 38 36
(179, 293)

Arvore 56
0 3 6 7
0 6 18 32
1 4 28 34
1 5 11 26
1 7 6 42
2 3 9 18
2 5 18 26
3 9 5 21
8 9 13 22
8 10 14 31
8 11 38 36
(166, 295)

Arvore 57
0 3 6 7
1 4 28 34
1 5 11 26
2 3 9 18
2 5 18 26
2 6 31 30
3 9 5 21
5 7 13 34
8 9 13 22
8 10 14 31
8 11 38 36
(186, 285)

Arvore 58
0 3 6 7
1 4 28 34
1 5 11 26
2 3 9 18
2 5 18 26
2 6 31 30
3 9 5 21
7 8 47 28
8 9 13 22
8 10 14 31
8 11 38 36
(220, 279)

Arvore 59
0 3 6 7
0 6 18 32
1 4 28 34
1 5 11 26
2 3 9 18
2 5 18 26
3 9 5 21
5 7 13 34
8 9 13 22
8 10 14 31
8 11 38 36
(173, 287)

Arvore 60
0 3 6 7
0 6 18 32
1 4 28 34
1 5 11 26
2 3 9 18
2 5 18 26
3 9 5 21
7 8 47 28
8 9 13 22
8 10 14 31
8 11 38 36
(207, 281)

