118
1.18
Arvore 1
0 1 6 50
0 10 8 16
1 5 3 26
1 8 15 40
1 13 3 13
2 9 26 23
2 14 0 4
3 7 4 3
3 9 11 24
4 12 17 46
5 7 9 14
5 11 0 24
6 9 3 50
6 12 6 40
(111, 373)

Arvore 2
0 1 6 50
0 10 8 16
1 5 3 26
1 8 15 40
1 13 3 13
2 9 26 23
2 14 0 4
3 7 4 3
3 9 11 24
4 12 17 46
5 7 9 14
5 11 0 24
6 9 3 50
8 12 21 20
(126, 353)

Arvore 3
0 1 6 50
0 10 8 16
1 5 3 26
1 8 15 40
1 13 3 13
2 9 26 23
2 14 0 4
3 7 4 3
3 9 11 24
4 12 17 46
5 7 9 14
5 11 0 24
6 12 6 40
8 12 21 20
(129, 343)

Arvore 4
0 1 6 50
0 10 8 16
1 5 3 26
1 8 15 40
1 12 31 28
1 13 3 13
2 9 26 23
2 14 0 4
3 7 4 3
3 9 11 24
4 12 17 46
5 7 9 14
5 11 0 24
6 9 3 50
(136, 361)

Arvore 5
0 1 6 50
0 10 8 16
1 5 3 26
1 12 31 28
1 13 3 13
2 9 26 23
2 14 0 4
3 7 4 3
3 9 11 24
4 12 17 46
5 7 9 14
5 11 0 24
6 9 3 50
8 9 13 42
(134, 363)

Arvore 6
0 1 6 50
0 10 8 16
1 5 3 26
1 12 31 28
1 13 3 13
2 9 26 23
2 14 0 4
3 7 4 3
3 9 11 24
4 12 17 46
5 7 9 14
5 11 0 24
6 9 3 50
8 12 21 20
(142, 341)

Arvore 7
0 1 6 50
0 10 8 16
1 5 3 26
1 8 15 40
1 12 31 28
1 13 3 13
2 9 26 23
2 14 0 4
3 7 4 3
3 9 11 24
4 12 17 46
5 7 9 14
5 11 0 24
6 12 6 40
(139, 351)

Arvore 8
0 1 6 50
0 10 8 16
1 5 3 26
1 12 31 28
1 13 3 13
2 9 26 23
2 14 0 4
3 7 4 3
3 9 11 24
4 12 17 46
5 7 9 14
5 11 0 24
6 12 6 40
8 9 13 42
(137, 353)

Arvore 9
0 1 6 50
0 10 8 16
1 5 3 26
1 12 31 28
1 13 3 13
2 9 26 23
2 14 0 4
3 7 4 3
3 9 11 24
4 12 17 46
5 7 9 14
5 11 0 24
6 12 6 40
8 12 21 20
(145, 331)

Arvore 10
0 1 6 50
0 10 8 16
1 5 3 26
1 13 3 13
2 9 26 23
2 14 0 4
3 7 4 3
3 9 11 24
4 12 17 46
5 7 9 14
5 11 0 24
6 9 3 50
6 12 6 40
8 9 13 42
(109, 375)

Arvore 11
0 1 6 50
0 10 8 16
1 5 3 26
1 13 3 13
2 9 26 23
2 14 0 4
3 7 4 3
3 9 11 24
4 12 17 46
5 7 9 14
5 11 0 24
6 9 3 50
6 12 6 40
8 12 21 20
(117, 353)

Arvore 12
0 1 6 50
0 10 8 16
1 5 3 26
1 13 3 13
2 9 26 23
2 14 0 4
3 7 4 3
3 9 11 24
4 12 17 46
5 7 9 14
5 11 0 24
6 9 3 50
8 9 13 42
8 12 21 20
(124, 355)

Arvore 13
0 1 6 50
0 10 8 16
1 5 3 26
1 13 3 13
2 9 26 23
2 14 0 4
3 7 4 3
3 9 11 24
4 12 17 46
5 7 9 14
5 11 0 24
6 12 6 40
8 9 13 42
8 12 21 20
(127, 345)

Arvore 14
0 1 6 50
0 10 8 16
1 5 3 26
1 8 15 40
1 13 3 13
2 14 0 4
3 7 4 3
3 9 11 24
4 12 17 46
5 7 9 14
5 11 0 24
6 9 3 50
6 12 6 40
11 14 3 36
(88, 386)

Arvore 15
0 1 6 50
0 10 8 16
1 5 3 26
1 8 15 40
1 13 3 13
2 14 0 4
3 7 4 3
3 9 11 24
4 12 17 46
5 7 9 14
5 11 0 24
6 9 3 50
8 12 21 20
11 14 3 36
(103, 366)

Arvore 16
0 1 6 50
0 10 8 16
1 5 3 26
1 8 15 40
1 13 3 13
2 14 0 4
3 7 4 3
3 9 11 24
4 12 17 46
5 7 9 14
5 11 0 24
6 12 6 40
8 12 21 20
11 14 3 36
(106, 356)

Arvore 17
0 1 6 50
0 10 8 16
1 5 3 26
1 8 15 40
1 12 31 28
1 13 3 13
2 14 0 4
3 7 4 3
3 9 11 24
4 12 17 46
5 7 9 14
5 11 0 24
6 9 3 50
11 14 3 36
(113, 374)

Arvore 18
0 1 6 50
0 10 8 16
1 5 3 26
1 12 31 28
1 13 3 13
2 14 0 4
3 7 4 3
3 9 11 24
4 12 17 46
5 7 9 14
5 11 0 24
6 9 3 50
8 9 13 42
11 14 3 36
(111, 376)

Arvore 19
0 1 6 50
0 10 8 16
1 5 3 26
1 12 31 28
1 13 3 13
2 14 0 4
3 7 4 3
3 9 11 24
4 12 17 46
5 7 9 14
5 11 0 24
6 9 3 50
8 12 21 20
11 14 3 36
(119, 354)

Arvore 20
0 1 6 50
0 10 8 16
1 5 3 26
1 8 15 40
1 12 31 28
1 13 3 13
2 14 0 4
3 7 4 3
3 9 11 24
4 12 17 46
5 7 9 14
5 11 0 24
6 12 6 40
11 14 3 36
(116, 364)

Arvore 21
0 1 6 50
0 10 8 16
1 5 3 26
1 12 31 28
1 13 3 13
2 14 0 4
3 7 4 3
3 9 11 24
4 12 17 46
5 7 9 14
5 11 0 24
6 12 6 40
8 9 13 42
11 14 3 36
(114, 366)

Arvore 22
0 1 6 50
0 10 8 16
1 5 3 26
1 12 31 28
1 13 3 13
2 14 0 4
3 7 4 3
3 9 11 24
4 12 17 46
5 7 9 14
5 11 0 24
6 12 6 40
8 12 21 20
11 14 3 36
(122, 344)

Arvore 23
0 1 6 50
0 10 8 16
1 5 3 26
1 13 3 13
2 14 0 4
3 7 4 3
3 9 11 24
4 12 17 46
5 7 9 14
5 11 0 24
6 9 3 50
6 12 6 40
8 9 13 42
11 14 3 36
(86, 388)

Arvore 24
0 1 6 50
0 10 8 16
1 5 3 26
1 13 3 13
2 14 0 4
3 7 4 3
3 9 11 24
4 12 17 46
5 7 9 14
5 11 0 24
6 9 3 50
6 12 6 40
8 12 21 20
11 14 3 36
(94, 366)

Arvore 25
0 1 6 50
0 10 8 16
1 5 3 26
1 13 3 13
2 14 0 4
3 7 4 3
3 9 11 24
4 12 17 46
5 7 9 14
5 11 0 24
6 9 3 50
8 9 13 42
8 12 21 20
11 14 3 36
(101, 368)

Arvore 26
0 1 6 50
0 10 8 16
1 5 3 26
1 13 3 13
2 14 0 4
3 7 4 3
3 9 11 24
4 12 17 46
5 7 9 14
5 11 0 24
6 12 6 40
8 9 13 42
8 12 21 20
11 14 3 36
(104, 358)

Arvore 27
0 1 6 50
0 10 8 16
1 5 3 26
1 8 15 40
1 13 3 13
2 9 26 23
2 14 0 4
3 7 4 3
4 12 17 46
5 7 9 14
5 11 0 24
6 9 3 50
6 12 6 40
11 14 3 36
(103, 385)

Arvore 28
0 1 6 50
0 10 8 16
1 5 3 26
1 8 15 40
1 13 3 13
2 9 26 23
2 14 0 4
3 7 4 3
4 12 17 46
5 7 9 14
5 11 0 24
6 9 3 50
8 12 21 20
11 14 3 36
(118, 365)

Arvore 29
0 1 6 50
0 10 8 16
1 5 3 26
1 8 15 40
1 13 3 13
2 9 26 23
2 14 0 4
3 7 4 3
4 12 17 46
5 7 9 14
5 11 0 24
6 12 6 40
8 12 21 20
11 14 3 36
(121, 355)

Arvore 30
0 1 6 50
0 10 8 16
1 5 3 26
1 8 15 40
1 12 31 28
1 13 3 13
2 9 26 23
2 14 0 4
3 7 4 3
4 12 17 46
5 7 9 14
5 11 0 24
6 9 3 50
11 14 3 36
(128, 373)

Arvore 31
0 1 6 50
0 10 8 16
1 5 3 26
1 12 31 28
1 13 3 13
2 9 26 23
2 14 0 4
3 7 4 3
4 12 17 46
5 7 9 14
5 11 0 24
6 9 3 50
8 9 13 42
11 14 3 36
(126, 375)

Arvore 32
0 1 6 50
0 10 8 16
1 5 3 26
1 12 31 28
1 13 3 13
2 9 26 23
2 14 0 4
3 7 4 3
4 12 17 46
5 7 9 14
5 11 0 24
6 9 3 50
8 12 21 20
11 14 3 36
(134, 353)

Arvore 33
0 1 6 50
0 10 8 16
1 5 3 26
1 8 15 40
1 12 31 28
1 13 3 13
2 9 26 23
2 14 0 4
3 7 4 3
4 12 17 46
5 7 9 14
5 11 0 24
6 12 6 40
11 14 3 36
(131, 363)

Arvore 34
0 1 6 50
0 10 8 16
1 5 3 26
1 12 31 28
1 13 3 13
2 9 26 23
2 14 0 4
3 7 4 3
4 12 17 46
5 7 9 14
5 11 0 24
6 12 6 40
8 9 13 42
11 14 3 36
(129, 365)

Arvore 35
0 1 6 50
0 10 8 16
1 5 3 26
1 12 31 28
1 13 3 13
2 9 26 23
2 14 0 4
3 7 4 3
4 12 17 46
5 7 9 14
5 11 0 24
6 12 6 40
8 12 21 20
11 14 3 36
(137, 343)

Arvore 36
0 1 6 50
0 10 8 16
1 5 3 26
1 13 3 13
2 9 26 23
2 14 0 4
3 7 4 3
4 12 17 46
5 7 9 14
5 11 0 24
6 9 3 50
6 12 6 40
8 9 13 42
11 14 3 36
(101, 387)

Arvore 37
0 1 6 50
0 10 8 16
1 5 3 26
1 13 3 13
2 9 26 23
2 14 0 4
3 7 4 3
4 12 17 46
5 7 9 14
5 11 0 24
6 9 3 50
6 12 6 40
8 12 21 20
11 14 3 36
(109, 365)

Arvore 38
0 1 6 50
0 10 8 16
1 5 3 26
1 13 3 13
2 9 26 23
2 14 0 4
3 7 4 3
4 12 17 46
5 7 9 14
5 11 0 24
6 9 3 50
8 9 13 42
8 12 21 20
11 14 3 36
(116, 367)

Arvore 39
0 1 6 50
0 10 8 16
1 5 3 26
1 13 3 13
2 9 26 23
2 14 0 4
3 7 4 3
4 12 17 46
5 7 9 14
5 11 0 24
6 12 6 40
8 9 13 42
8 12 21 20
11 14 3 36
(119, 357)

Arvore 40
0 1 6 50
0 10 8 16
1 5 3 26
1 8 15 40
1 13 3 13
2 14 0 4
3 7 4 3
3 9 11 24
4 12 17 46
5 7 9 14
5 11 0 24
6 9 3 50
11 14 3 36
12 14 9 50
(91, 396)

Arvore 41
0 1 6 50
0 10 8 16
1 5 3 26
1 13 3 13
2 14 0 4
3 7 4 3
3 9 11 24
4 12 17 46
5 7 9 14
5 11 0 24
6 9 3 50
8 9 13 42
11 14 3 36
12 14 9 50
(89, 398)

Arvore 42
0 1 6 50
0 10 8 16
1 5 3 26
1 13 3 13
2 14 0 4
3 7 4 3
3 9 11 24
4 12 17 46
5 7 9 14
5 11 0 24
6 9 3 50
8 12 21 20
11 14 3 36
12 14 9 50
(97, 376)

Arvore 43
0 1 6 50
0 10 8 16
1 5 3 26
1 8 15 40
1 13 3 13
2 14 0 4
3 7 4 3
3 9 11 24
4 12 17 46
5 7 9 14
5 11 0 24
6 12 6 40
11 14 3 36
12 14 9 50
(94, 386)

Arvore 44
0 1 6 50
0 10 8 16
1 5 3 26
1 13 3 13
2 14 0 4
3 7 4 3
3 9 11 24
4 12 17 46
5 7 9 14
5 11 0 24
6 12 6 40
8 9 13 42
11 14 3 36
12 14 9 50
(92, 388)

Arvore 45
0 1 6 50
0 10 8 16
1 5 3 26
1 13 3 13
2 14 0 4
3 7 4 3
3 9 11 24
4 12 17 46
5 7 9 14
5 11 0 24
6 12 6 40
8 12 21 20
11 14 3 36
12 14 9 50
(100, 366)

Arvore 46
0 1 6 50
0 10 8 16
1 5 3 26
1 8 15 40
1 13 3 13
2 14 0 4
3 7 4 3
4 12 17 46
5 7 9 14
5 11 0 24
6 9 3 50
6 12 6 40
11 14 3 36
12 14 9 50
(86, 412)

Arvore 47
0 1 6 50
0 10 8 16
1 5 3 26
1 13 3 13
2 14 0 4
3 7 4 3
4 12 17 46
5 7 9 14
5 11 0 24
6 9 3 50
6 12 6 40
8 9 13 42
11 14 3 36
12 14 9 50
(84, 414)

Arvore 48
0 1 6 50
0 10 8 16
1 5 3 26
1 13 3 13
2 14 0 4
3 7 4 3
4 12 17 46
5 7 9 14
5 11 0 24
6 9 3 50
6 12 6 40
8 12 21 20
11 14 3 36
12 14 9 50
(92, 392)

Arvore 49
0 1 6 50
0 10 8 16
1 5 3 26
1 13 3 13
2 9 26 23
2 14 0 4
3 7 4 3
4 12 17 46
5 7 9 14
5 11 0 24
6 12 6 40
8 12 21 20
11 14 3 36
12 14 9 50
(115, 365)

Arvore 50
0 1 6 50
0 10 8 16
1 5 3 26
1 13 3 13
2 9 26 23
2 14 0 4
3 7 4 3
4 12 17 46
5 7 9 14
5 11 0 24
6 9 3 50
8 12 21 20
11 14 3 36
12 14 9 50
(112, 375)

Arvore 51
0 1 6 50
0 3 16 46
0 10 8 16
1 5 3 26
1 8 15 40
1 13 3 13
2 9 26 23
2 14 0 4
3 7 4 3
3 9 11 24
4 12 17 46
5 11 0 24
6 9 3 50
6 12 6 40
(118, 405)

Arvore 52
0 1 6 50
0 3 16 46
0 10 8 16
1 5 3 26
1 8 15 40
1 13 3 13
2 9 26 23
2 14 0 4
3 7 4 3
3 9 11 24
4 12 17 46
5 11 0 24
6 9 3 50
8 12 21 20
(133, 385)

Arvore 53
0 1 6 50
0 3 16 46
0 10 8 16
1 5 3 26
1 8 15 40
1 13 3 13
2 9 26 23
2 14 0 4
3 7 4 3
3 9 11 24
4 12 17 46
5 11 0 24
6 12 6 40
8 12 21 20
(136, 375)

Arvore 54
0 1 6 50
0 3 16 46
0 10 8 16
1 5 3 26
1 8 15 40
1 12 31 28
1 13 3 13
2 9 26 23
2 14 0 4
3 7 4 3
3 9 11 24
4 12 17 46
5 11 0 24
6 9 3 50
(143, 393)

Arvore 55
0 1 6 50
0 3 16 46
0 10 8 16
1 5 3 26
1 12 31 28
1 13 3 13
2 9 26 23
2 14 0 4
3 7 4 3
3 9 11 24
4 12 17 46
5 11 0 24
6 9 3 50
8 9 13 42
(141, 395)

Arvore 56
0 1 6 50
0 3 16 46
0 10 8 16
1 5 3 26
1 12 31 28
1 13 3 13
2 9 26 23
2 14 0 4
3 7 4 3
3 9 11 24
4 12 17 46
5 11 0 24
6 9 3 50
8 12 21 20
(149, 373)

Arvore 57
0 1 6 50
0 3 16 46
0 10 8 16
1 5 3 26
1 8 15 40
1 12 31 28
1 13 3 13
2 9 26 23
2 14 0 4
3 7 4 3
3 9 11 24
4 12 17 46
5 11 0 24
6 12 6 40
(146, 383)

Arvore 58
0 1 6 50
0 3 16 46
0 10 8 16
1 5 3 26
1 12 31 28
1 13 3 13
2 9 26 23
2 14 0 4
3 7 4 3
3 9 11 24
4 12 17 46
5 11 0 24
6 12 6 40
8 9 13 42
(144, 385)

Arvore 59
0 1 6 50
0 3 16 46
0 10 8 16
1 5 3 26
1 12 31 28
1 13 3 13
2 9 26 23
2 14 0 4
3 7 4 3
3 9 11 24
4 12 17 46
5 11 0 24
6 12 6 40
8 12 21 20
(152, 363)

Arvore 60
0 1 6 50
0 3 16 46
0 10 8 16
1 5 3 26
1 13 3 13
2 9 26 23
2 14 0 4
3 7 4 3
3 9 11 24
4 12 17 46
5 11 0 24
6 9 3 50
6 12 6 40
8 9 13 42
(116, 407)

Arvore 61
0 1 6 50
0 3 16 46
0 10 8 16
1 5 3 26
1 13 3 13
2 9 26 23
2 14 0 4
3 7 4 3
3 9 11 24
4 12 17 46
5 11 0 24
6 9 3 50
6 12 6 40
8 12 21 20
(124, 385)

Arvore 62
0 1 6 50
0 3 16 46
0 10 8 16
1 5 3 26
1 13 3 13
2 9 26 23
2 14 0 4
3 7 4 3
3 9 11 24
4 12 17 46
5 11 0 24
6 9 3 50
8 9 13 42
8 12 21 20
(131, 387)

Arvore 63
0 1 6 50
0 3 16 46
0 10 8 16
1 5 3 26
1 13 3 13
2 9 26 23
2 14 0 4
3 7 4 3
3 9 11 24
4 12 17 46
5 11 0 24
6 12 6 40
8 9 13 42
8 12 21 20
(134, 377)

Arvore 64
0 1 6 50
0 3 16 46
0 10 8 16
1 5 3 26
1 8 15 40
1 13 3 13
2 14 0 4
3 7 4 3
3 9 11 24
4 12 17 46
5 11 0 24
6 9 3 50
6 12 6 40
11 14 3 36
(95, 418)

Arvore 65
0 1 6 50
0 3 16 46
0 10 8 16
1 5 3 26
1 8 15 40
1 13 3 13
2 14 0 4
3 7 4 3
3 9 11 24
4 12 17 46
5 11 0 24
6 9 3 50
8 12 21 20
11 14 3 36
(110, 398)

Arvore 66
0 1 6 50
0 3 16 46
0 10 8 16
1 5 3 26
1 8 15 40
1 13 3 13
2 14 0 4
3 7 4 3
3 9 11 24
4 12 17 46
5 11 0 24
6 12 6 40
8 12 21 20
11 14 3 36
(113, 388)

Arvore 67
0 1 6 50
0 3 16 46
0 10 8 16
1 5 3 26
1 8 15 40
1 12 31 28
1 13 3 13
2 14 0 4
3 7 4 3
3 9 11 24
4 12 17 46
5 11 0 24
6 9 3 50
11 14 3 36
(120, 406)

Arvore 68
0 1 6 50
0 3 16 46
0 10 8 16
1 5 3 26
1 12 31 28
1 13 3 13
2 14 0 4
3 7 4 3
3 9 11 24
4 12 17 46
5 11 0 24
6 9 3 50
8 9 13 42
11 14 3 36
(118, 408)

Arvore 69
0 1 6 50
0 3 16 46
0 10 8 16
1 5 3 26
1 12 31 28
1 13 3 13
2 14 0 4
3 7 4 3
3 9 11 24
4 12 17 46
5 11 0 24
6 9 3 50
8 12 21 20
11 14 3 36
(126, 386)

Arvore 70
0 1 6 50
0 3 16 46
0 10 8 16
1 5 3 26
1 8 15 40
1 12 31 28
1 13 3 13
2 14 0 4
3 7 4 3
3 9 11 24
4 12 17 46
5 11 0 24
6 12 6 40
11 14 3 36
(123, 396)

Arvore 71
0 1 6 50
0 3 16 46
0 10 8 16
1 5 3 26
1 12 31 28
1 13 3 13
2 14 0 4
3 7 4 3
3 9 11 24
4 12 17 46
5 11 0 24
6 12 6 40
8 9 13 42
11 14 3 36
(121, 398)

Arvore 72
0 1 6 50
0 3 16 46
0 10 8 16
1 5 3 26
1 12 31 28
1 13 3 13
2 14 0 4
3 7 4 3
3 9 11 24
4 12 17 46
5 11 0 24
6 12 6 40
8 12 21 20
11 14 3 36
(129, 376)

Arvore 73
0 1 6 50
0 3 16 46
0 10 8 16
1 5 3 26
1 13 3 13
2 14 0 4
3 7 4 3
3 9 11 24
4 12 17 46
5 11 0 24
6 9 3 50
6 12 6 40
8 9 13 42
11 14 3 36
(93, 420)

Arvore 74
0 1 6 50
0 3 16 46
0 10 8 16
1 5 3 26
1 13 3 13
2 14 0 4
3 7 4 3
3 9 11 24
4 12 17 46
5 11 0 24
6 9 3 50
6 12 6 40
8 12 21 20
11 14 3 36
(101, 398)

Arvore 75
0 1 6 50
0 3 16 46
0 10 8 16
1 5 3 26
1 13 3 13
2 14 0 4
3 7 4 3
3 9 11 24
4 12 17 46
5 11 0 24
6 9 3 50
8 9 13 42
8 12 21 20
11 14 3 36
(108, 400)

Arvore 76
0 1 6 50
0 3 16 46
0 10 8 16
1 5 3 26
1 13 3 13
2 14 0 4
3 7 4 3
3 9 11 24
4 12 17 46
5 11 0 24
6 12 6 40
8 9 13 42
8 12 21 20
11 14 3 36
(111, 390)

Arvore 77
0 1 6 50
0 3 16 46
0 10 8 16
1 5 3 26
1 8 15 40
1 13 3 13
2 9 26 23
2 14 0 4
3 7 4 3
4 12 17 46
5 11 0 24
6 9 3 50
6 12 6 40
11 14 3 36
(110, 417)

Arvore 78
0 1 6 50
0 3 16 46
0 10 8 16
1 5 3 26
1 8 15 40
1 13 3 13
2 9 26 23
2 14 0 4
3 7 4 3
4 12 17 46
5 11 0 24
6 9 3 50
8 12 21 20
11 14 3 36
(125, 397)

Arvore 79
0 1 6 50
0 3 16 46
0 10 8 16
1 5 3 26
1 8 15 40
1 13 3 13
2 9 26 23
2 14 0 4
3 7 4 3
4 12 17 46
5 11 0 24
6 12 6 40
8 12 21 20
11 14 3 36
(128, 387)

Arvore 80
0 1 6 50
0 3 16 46
0 10 8 16
1 5 3 26
1 8 15 40
1 12 31 28
1 13 3 13
2 9 26 23
2 14 0 4
3 7 4 3
4 12 17 46
5 11 0 24
6 9 3 50
11 14 3 36
(135, 405)

Arvore 81
0 1 6 50
0 3 16 46
0 10 8 16
1 5 3 26
1 12 31 28
1 13 3 13
2 9 26 23
2 14 0 4
3 7 4 3
4 12 17 46
5 11 0 24
6 9 3 50
8 9 13 42
11 14 3 36
(133, 407)

Arvore 82
0 1 6 50
0 3 16 46
0 10 8 16
1 5 3 26
1 12 31 28
1 13 3 13
2 9 26 23
2 14 0 4
3 7 4 3
4 12 17 46
5 11 0 24
6 9 3 50
8 12 21 20
11 14 3 36
(141, 385)

Arvore 83
0 1 6 50
0 3 16 46
0 10 8 16
1 5 3 26
1 8 15 40
1 12 31 28
1 13 3 13
2 9 26 23
2 14 0 4
3 7 4 3
4 12 17 46
5 11 0 24
6 12 6 40
11 14 3 36
(138, 395)

Arvore 84
0 1 6 50
0 3 16 46
0 10 8 16
1 5 3 26
1 12 31 28
1 13 3 13
2 9 26 23
2 14 0 4
3 7 4 3
4 12 17 46
5 11 0 24
6 12 6 40
8 9 13 42
11 14 3 36
(136, 397)

Arvore 85
0 1 6 50
0 3 16 46
0 10 8 16
1 5 3 26
1 12 31 28
1 13 3 13
2 9 26 23
2 14 0 4
3 7 4 3
4 12 17 46
5 11 0 24
6 12 6 40
8 12 21 20
11 14 3 36
(144, 375)

Arvore 86
0 1 6 50
0 3 16 46
0 10 8 16
1 5 3 26
1 13 3 13
2 9 26 23
2 14 0 4
3 7 4 3
4 12 17 46
5 11 0 24
6 9 3 50
6 12 6 40
8 9 13 42
11 14 3 36
(108, 419)

Arvore 87
0 1 6 50
0 3 16 46
0 10 8 16
1 5 3 26
1 13 3 13
2 9 26 23
2 14 0 4
3 7 4 3
4 12 17 46
5 11 0 24
6 9 3 50
6 12 6 40
8 12 21 20
11 14 3 36
(116, 397)

Arvore 88
0 1 6 50
0 3 16 46
0 10 8 16
1 5 3 26
1 13 3 13
2 9 26 23
2 14 0 4
3 7 4 3
4 12 17 46
5 11 0 24
6 9 3 50
8 9 13 42
8 12 21 20
11 14 3 36
(123, 399)

Arvore 89
0 1 6 50
0 3 16 46
0 10 8 16
1 5 3 26
1 13 3 13
2 9 26 23
2 14 0 4
3 7 4 3
4 12 17 46
5 11 0 24
6 12 6 40
8 9 13 42
8 12 21 20
11 14 3 36
(126, 389)

Arvore 90
0 1 6 50
0 3 16 46
0 10 8 16
1 5 3 26
1 8 15 40
1 13 3 13
2 14 0 4
3 7 4 3
3 9 11 24
4 12 17 46
5 11 0 24
6 9 3 50
11 14 3 36
12 14 9 50
(98, 428)

Arvore 91
0 1 6 50
0 3 16 46
0 10 8 16
1 5 3 26
1 13 3 13
2 14 0 4
3 7 4 3
3 9 11 24
4 12 17 46
5 11 0 24
6 9 3 50
8 9 13 42
11 14 3 36
12 14 9 50
(96, 430)

Arvore 92
0 1 6 50
0 3 16 46
0 10 8 16
1 5 3 26
1 13 3 13
2 14 0 4
3 7 4 3
3 9 11 24
4 12 17 46
5 11 0 24
6 9 3 50
8 12 21 20
11 14 3 36
12 14 9 50
(104, 408)

Arvore 93
0 1 6 50
0 3 16 46
0 10 8 16
1 5 3 26
1 8 15 40
1 13 3 13
2 14 0 4
3 7 4 3
3 9 11 24
4 12 17 46
5 11 0 24
6 12 6 40
11 14 3 36
12 14 9 50
(101, 418)

Arvore 94
0 1 6 50
0 3 16 46
0 10 8 16
1 5 3 26
1 13 3 13
2 14 0 4
3 7 4 3
3 9 11 24
4 12 17 46
5 11 0 24
6 12 6 40
8 9 13 42
11 14 3 36
12 14 9 50
(99, 420)

Arvore 95
0 1 6 50
0 3 16 46
0 10 8 16
1 5 3 26
1 13 3 13
2 14 0 4
3 7 4 3
3 9 11 24
4 12 17 46
5 11 0 24
6 12 6 40
8 12 21 20
11 14 3 36
12 14 9 50
(107, 398)

Arvore 96
0 1 6 50
0 3 16 46
0 10 8 16
1 5 3 26
1 8 15 40
1 13 3 13
2 14 0 4
3 7 4 3
4 12 17 46
5 11 0 24
6 9 3 50
6 12 6 40
11 14 3 36
12 14 9 50
(93, 444)

Arvore 97
0 1 6 50
0 3 16 46
0 10 8 16
1 5 3 26
1 13 3 13
2 14 0 4
3 7 4 3
4 12 17 46
5 11 0 24
6 9 3 50
6 12 6 40
8 9 13 42
11 14 3 36
12 14 9 50
(91, 446)

Arvore 98
0 1 6 50
0 3 16 46
0 10 8 16
1 5 3 26
1 13 3 13
2 14 0 4
3 7 4 3
4 12 17 46
5 11 0 24
6 9 3 50
6 12 6 40
8 12 21 20
11 14 3 36
12 14 9 50
(99, 424)

Arvore 99
0 1 6 50
0 3 16 46
0 10 8 16
1 5 3 26
1 13 3 13
2 9 26 23
2 14 0 4
3 7 4 3
4 12 17 46
5 11 0 24
6 12 6 40
8 12 21 20
11 14 3 36
12 14 9 50
(122, 397)

Arvore 100
0 1 6 50
0 3 16 46
0 10 8 16
1 5 3 26
1 13 3 13
2 9 26 23
2 14 0 4
3 7 4 3
4 12 17 46
5 11 0 24
6 9 3 50
8 12 21 20
11 14 3 36
12 14 9 50
(119, 407)

Arvore 101
0 1 6 50
0 3 16 46
0 10 8 16
1 8 15 40
1 13 3 13
2 9 26 23
2 14 0 4
3 7 4 3
3 9 11 24
4 12 17 46
5 7 9 14
5 11 0 24
6 9 3 50
6 12 6 40
(124, 393)

Arvore 102
0 1 6 50
0 3 16 46
0 10 8 16
1 8 15 40
1 13 3 13
2 9 26 23
2 14 0 4
3 7 4 3
3 9 11 24
4 12 17 46
5 7 9 14
5 11 0 24
6 9 3 50
8 12 21 20
(139, 373)

Arvore 103
0 1 6 50
0 3 16 46
0 10 8 16
1 8 15 40
1 13 3 13
2 9 26 23
2 14 0 4
3 7 4 3
3 9 11 24
4 12 17 46
5 7 9 14
5 11 0 24
6 12 6 40
8 12 21 20
(142, 363)

Arvore 104
0 1 6 50
0 3 16 46
0 10 8 16
1 8 15 40
1 12 31 28
1 13 3 13
2 9 26 23
2 14 0 4
3 7 4 3
3 9 11 24
4 12 17 46
5 7 9 14
5 11 0 24
6 9 3 50
(149, 381)

Arvore 105
0 1 6 50
0 3 16 46
0 10 8 16
1 12 31 28
1 13 3 13
2 9 26 23
2 14 0 4
3 7 4 3
3 9 11 24
4 12 17 46
5 7 9 14
5 11 0 24
6 9 3 50
8 9 13 42
(147, 383)

Arvore 106
0 1 6 50
0 3 16 46
0 10 8 16
1 12 31 28
1 13 3 13
2 9 26 23
2 14 0 4
3 7 4 3
3 9 11 24
4 12 17 46
5 7 9 14
5 11 0 24
6 9 3 50
8 12 21 20
(155, 361)

Arvore 107
0 1 6 50
0 3 16 46
0 10 8 16
1 8 15 40
1 12 31 28
1 13 3 13
2 9 26 23
2 14 0 4
3 7 4 3
3 9 11 24
4 12 17 46
5 7 9 14
5 11 0 24
6 12 6 40
(152, 371)

Arvore 108
0 1 6 50
0 3 16 46
0 10 8 16
1 12 31 28
1 13 3 13
2 9 26 23
2 14 0 4
3 7 4 3
3 9 11 24
4 12 17 46
5 7 9 14
5 11 0 24
6 12 6 40
8 9 13 42
(150, 373)

Arvore 109
0 1 6 50
0 3 16 46
0 10 8 16
1 12 31 28
1 13 3 13
2 9 26 23
2 14 0 4
3 7 4 3
3 9 11 24
4 12 17 46
5 7 9 14
5 11 0 24
6 12 6 40
8 12 21 20
(158, 351)

Arvore 110
0 1 6 50
0 3 16 46
0 10 8 16
1 13 3 13
2 9 26 23
2 14 0 4
3 7 4 3
3 9 11 24
4 12 17 46
5 7 9 14
5 11 0 24
6 9 3 50
6 12 6 40
8 9 13 42
(122, 395)

Arvore 111
0 1 6 50
0 3 16 46
0 10 8 16
1 13 3 13
2 9 26 23
2 14 0 4
3 7 4 3
3 9 11 24
4 12 17 46
5 7 9 14
5 11 0 24
6 9 3 50
6 12 6 40
8 12 21 20
(130, 373)

Arvore 112
0 1 6 50
0 3 16 46
0 10 8 16
1 13 3 13
2 9 26 23
2 14 0 4
3 7 4 3
3 9 11 24
4 12 17 46
5 7 9 14
5 11 0 24
6 9 3 50
8 9 13 42
8 12 21 20
(137, 375)

Arvore 113
0 1 6 50
0 3 16 46
0 10 8 16
1 13 3 13
2 9 26 23
2 14 0 4
3 7 4 3
3 9 11 24
4 12 17 46
5 7 9 14
5 11 0 24
6 12 6 40
8 9 13 42
8 12 21 20
(140, 365)

Arvore 114
0 1 6 50
0 3 16 46
0 10 8 16
1 8 15 40
1 13 3 13
2 14 0 4
3 7 4 3
3 9 11 24
4 12 17 46
5 7 9 14
5 11 0 24
6 9 3 50
6 12 6 40
11 14 3 36
(101, 406)

Arvore 115
0 1 6 50
0 3 16 46
0 10 8 16
1 8 15 40
1 13 3 13
2 14 0 4
3 7 4 3
3 9 11 24
4 12 17 46
5 7 9 14
5 11 0 24
6 9 3 50
8 12 21 20
11 14 3 36
(116, 386)

Arvore 116
0 1 6 50
0 3 16 46
0 10 8 16
1 8 15 40
1 13 3 13
2 14 0 4
3 7 4 3
3 9 11 24
4 12 17 46
5 7 9 14
5 11 0 24
6 12 6 40
8 12 21 20
11 14 3 36
(119, 376)

Arvore 117
0 1 6 50
0 3 16 46
0 10 8 16
1 8 15 40
1 12 31 28
1 13 3 13
2 14 0 4
3 7 4 3
3 9 11 24
4 12 17 46
5 7 9 14
5 11 0 24
6 9 3 50
11 14 3 36
(126, 394)

Arvore 118
0 1 6 50
0 3 16 46
0 10 8 16
1 12 31 28
1 13 3 13
2 14 0 4
3 7 4 3
3 9 11 24
4 12 17 46
5 7 9 14
5 11 0 24
6 9 3 50
8 9 13 42
11 14 3 36
(124, 396)

Arvore 119
0 1 6 50
0 3 16 46
0 10 8 16
1 12 31 28
1 13 3 13
2 14 0 4
3 7 4 3
3 9 11 24
4 12 17 46
5 7 9 14
5 11 0 24
6 9 3 50
8 12 21 20
11 14 3 36
(132, 374)

Arvore 120
0 1 6 50
0 3 16 46
0 10 8 16
1 8 15 40
1 12 31 28
1 13 3 13
2 14 0 4
3 7 4 3
3 9 11 24
4 12 17 46
5 7 9 14
5 11 0 24
6 12 6 40
11 14 3 36
(129, 384)

Arvore 121
0 1 6 50
0 3 16 46
0 10 8 16
1 12 31 28
1 13 3 13
2 14 0 4
3 7 4 3
3 9 11 24
4 12 17 46
5 7 9 14
5 11 0 24
6 12 6 40
8 9 13 42
11 14 3 36
(127, 386)

Arvore 122
0 1 6 50
0 3 16 46
0 10 8 16
1 12 31 28
1 13 3 13
2 14 0 4
3 7 4 3
3 9 11 24
4 12 17 46
5 7 9 14
5 11 0 24
6 12 6 40
8 12 21 20
11 14 3 36
(135, 364)

Arvore 123
0 1 6 50
0 3 16 46
0 10 8 16
1 13 3 13
2 14 0 4
3 7 4 3
3 9 11 24
4 12 17 46
5 7 9 14
5 11 0 24
6 9 3 50
6 12 6 40
8 9 13 42
11 14 3 36
(99, 408)

Arvore 124
0 1 6 50
0 3 16 46
0 10 8 16
1 13 3 13
2 14 0 4
3 7 4 3
3 9 11 24
4 12 17 46
5 7 9 14
5 11 0 24
6 9 3 50
6 12 6 40
8 12 21 20
11 14 3 36
(107, 386)

Arvore 125
0 1 6 50
0 3 16 46
0 10 8 16
1 13 3 13
2 14 0 4
3 7 4 3
3 9 11 24
4 12 17 46
5 7 9 14
5 11 0 24
6 9 3 50
8 9 13 42
8 12 21 20
11 14 3 36
(114, 388)

Arvore 126
0 1 6 50
0 3 16 46
0 10 8 16
1 13 3 13
2 14 0 4
3 7 4 3
3 9 11 24
4 12 17 46
5 7 9 14
5 11 0 24
6 12 6 40
8 9 13 42
8 12 21 20
11 14 3 36
(117, 378)

Arvore 127
0 1 6 50
0 3 16 46
0 10 8 16
1 8 15 40
1 13 3 13
2 9 26 23
2 14 0 4
3 7 4 3
4 12 17 46
5 7 9 14
5 11 0 24
6 9 3 50
6 12 6 40
11 14 3 36
(116, 405)

Arvore 128
0 1 6 50
0 3 16 46
0 10 8 16
1 8 15 40
1 13 3 13
2 9 26 23
2 14 0 4
3 7 4 3
4 12 17 46
5 7 9 14
5 11 0 24
6 9 3 50
8 12 21 20
11 14 3 36
(131, 385)

Arvore 129
0 1 6 50
0 3 16 46
0 10 8 16
1 8 15 40
1 13 3 13
2 9 26 23
2 14 0 4
3 7 4 3
4 12 17 46
5 7 9 14
5 11 0 24
6 12 6 40
8 12 21 20
11 14 3 36
(134, 375)

Arvore 130
0 1 6 50
0 3 16 46
0 10 8 16
1 8 15 40
1 12 31 28
1 13 3 13
2 9 26 23
2 14 0 4
3 7 4 3
4 12 17 46
5 7 9 14
5 11 0 24
6 9 3 50
11 14 3 36
(141, 393)

Arvore 131
0 1 6 50
0 3 16 46
0 10 8 16
1 12 31 28
1 13 3 13
2 9 26 23
2 14 0 4
3 7 4 3
4 12 17 46
5 7 9 14
5 11 0 24
6 9 3 50
8 9 13 42
11 14 3 36
(139, 395)

Arvore 132
0 1 6 50
0 3 16 46
0 10 8 16
1 12 31 28
1 13 3 13
2 9 26 23
2 14 0 4
3 7 4 3
4 12 17 46
5 7 9 14
5 11 0 24
6 9 3 50
8 12 21 20
11 14 3 36
(147, 373)

Arvore 133
0 1 6 50
0 3 16 46
0 10 8 16
1 8 15 40
1 12 31 28
1 13 3 13
2 9 26 23
2 14 0 4
3 7 4 3
4 12 17 46
5 7 9 14
5 11 0 24
6 12 6 40
11 14 3 36
(144, 383)

Arvore 134
0 1 6 50
0 3 16 46
0 10 8 16
1 12 31 28
1 13 3 13
2 9 26 23
2 14 0 4
3 7 4 3
4 12 17 46
5 7 9 14
5 11 0 24
6 12 6 40
8 9 13 42
11 14 3 36
(142, 385)

Arvore 135
0 1 6 50
0 3 16 46
0 10 8 16
1 12 31 28
1 13 3 13
2 9 26 23
2 14 0 4
3 7 4 3
4 12 17 46
5 7 9 14
5 11 0 24
6 12 6 40
8 12 21 20
11 14 3 36
(150, 363)

Arvore 136
0 1 6 50
0 3 16 46
0 10 8 16
1 13 3 13
2 9 26 23
2 14 0 4
3 7 4 3
4 12 17 46
5 7 9 14
5 11 0 24
6 9 3 50
6 12 6 40
8 9 13 42
11 14 3 36
(114, 407)

Arvore 137
0 1 6 50
0 3 16 46
0 10 8 16
1 13 3 13
2 9 26 23
2 14 0 4
3 7 4 3
4 12 17 46
5 7 9 14
5 11 0 24
6 9 3 50
6 12 6 40
8 12 21 20
11 14 3 36
(122, 385)

Arvore 138
0 1 6 50
0 3 16 46
0 10 8 16
1 13 3 13
2 9 26 23
2 14 0 4
3 7 4 3
4 12 17 46
5 7 9 14
5 11 0 24
6 9 3 50
8 9 13 42
8 12 21 20
11 14 3 36
(129, 387)

Arvore 139
0 1 6 50
0 3 16 46
0 10 8 16
1 13 3 13
2 9 26 23
2 14 0 4
3 7 4 3
4 12 17 46
5 7 9 14
5 11 0 24
6 12 6 40
8 9 13 42
8 12 21 20
11 14 3 36
(132, 377)

Arvore 140
0 1 6 50
0 3 16 46
0 10 8 16
1 8 15 40
1 13 3 13
2 14 0 4
3 7 4 3
3 9 11 24
4 12 17 46
5 7 9 14
5 11 0 24
6 9 3 50
11 14 3 36
12 14 9 50
(104, 416)

Arvore 141
0 1 6 50
0 3 16 46
0 10 8 16
1 13 3 13
2 14 0 4
3 7 4 3
3 9 11 24
4 12 17 46
5 7 9 14
5 11 0 24
6 9 3 50
8 9 13 42
11 14 3 36
12 14 9 50
(102, 418)

Arvore 142
0 1 6 50
0 3 16 46
0 10 8 16
1 13 3 13
2 14 0 4
3 7 4 3
3 9 11 24
4 12 17 46
5 7 9 14
5 11 0 24
6 9 3 50
8 12 21 20
11 14 3 36
12 14 9 50
(110, 396)

Arvore 143
0 1 6 50
0 3 16 46
0 10 8 16
1 8 15 40
1 13 3 13
2 14 0 4
3 7 4 3
3 9 11 24
4 12 17 46
5 7 9 14
5 11 0 24
6 12 6 40
11 14 3 36
12 14 9 50
(107, 406)

Arvore 144
0 1 6 50
0 3 16 46
0 10 8 16
1 13 3 13
2 14 0 4
3 7 4 3
3 9 11 24
4 12 17 46
5 7 9 14
5 11 0 24
6 12 6 40
8 9 13 42
11 14 3 36
12 14 9 50
(105, 408)

Arvore 145
0 1 6 50
0 3 16 46
0 10 8 16
1 13 3 13
2 14 0 4
3 7 4 3
3 9 11 24
4 12 17 46
5 7 9 14
5 11 0 24
6 12 6 40
8 12 21 20
11 14 3 36
12 14 9 50
(113, 386)

Arvore 146
0 1 6 50
0 3 16 46
0 10 8 16
1 8 15 40
1 13 3 13
2 14 0 4
3 7 4 3
4 12 17 46
5 7 9 14
5 11 0 24
6 9 3 50
6 12 6 40
11 14 3 36
12 14 9 50
(99, 432)

Arvore 147
0 1 6 50
0 3 16 46
0 10 8 16
1 13 3 13
2 14 0 4
3 7 4 3
4 12 17 46
5 7 9 14
5 11 0 24
6 9 3 50
6 12 6 40
8 9 13 42
11 14 3 36
12 14 9 50
(97, 434)

Arvore 148
0 1 6 50
0 3 16 46
0 10 8 16
1 13 3 13
2 14 0 4
3 7 4 3
4 12 17 46
5 7 9 14
5 11 0 24
6 9 3 50
6 12 6 40
8 12 21 20
11 14 3 36
12 14 9 50
(105, 412)

Arvore 149
0 1 6 50
0 3 16 46
0 10 8 16
1 13 3 13
2 9 26 23
2 14 0 4
3 7 4 3
4 12 17 46
5 7 9 14
5 11 0 24
6 12 6 40
8 12 21 20
11 14 3 36
12 14 9 50
(128, 385)

Arvore 150
0 1 6 50
0 3 16 46
0 10 8 16
1 13 3 13
2 9 26 23
2 14 0 4
3 7 4 3
4 12 17 46
5 7 9 14
5 11 0 24
6 9 3 50
8 12 21 20
11 14 3 36
12 14 9 50
(125, 395)

Arvore 151
0 3 16 46
0 10 8 16
1 5 3 26
1 8 15 40
1 13 3 13
2 9 26 23
2 14 0 4
3 7 4 3
3 9 11 24
4 12 17 46
5 7 9 14
5 11 0 24
6 9 3 50
6 12 6 40
(121, 369)

Arvore 152
0 3 16 46
0 10 8 16
1 5 3 26
1 8 15 40
1 13 3 13
2 9 26 23
2 14 0 4
3 7 4 3
3 9 11 24
4 12 17 46
5 7 9 14
5 11 0 24
6 9 3 50
8 12 21 20
(136, 349)

Arvore 153
0 3 16 46
0 10 8 16
1 5 3 26
1 8 15 40
1 13 3 13
2 9 26 23
2 14 0 4
3 7 4 3
3 9 11 24
4 12 17 46
5 7 9 14
5 11 0 24
6 12 6 40
8 12 21 20
(139, 339)

Arvore 154
0 3 16 46
0 10 8 16
1 5 3 26
1 8 15 40
1 12 31 28
1 13 3 13
2 9 26 23
2 14 0 4
3 7 4 3
3 9 11 24
4 12 17 46
5 7 9 14
5 11 0 24
6 9 3 50
(146, 357)

Arvore 155
0 3 16 46
0 10 8 16
1 5 3 26
1 12 31 28
1 13 3 13
2 9 26 23
2 14 0 4
3 7 4 3
3 9 11 24
4 12 17 46
5 7 9 14
5 11 0 24
6 9 3 50
8 9 13 42
(144, 359)

Arvore 156
0 3 16 46
0 10 8 16
1 5 3 26
1 12 31 28
1 13 3 13
2 9 26 23
2 14 0 4
3 7 4 3
3 9 11 24
4 12 17 46
5 7 9 14
5 11 0 24
6 9 3 50
8 12 21 20
(152, 337)

Arvore 157
0 3 16 46
0 10 8 16
1 5 3 26
1 8 15 40
1 12 31 28
1 13 3 13
2 9 26 23
2 14 0 4
3 7 4 3
3 9 11 24
4 12 17 46
5 7 9 14
5 11 0 24
6 12 6 40
(149, 347)

Arvore 158
0 3 16 46
0 10 8 16
1 5 3 26
1 12 31 28
1 13 3 13
2 9 26 23
2 14 0 4
3 7 4 3
3 9 11 24
4 12 17 46
5 7 9 14
5 11 0 24
6 12 6 40
8 9 13 42
(147, 349)

Arvore 159
0 3 16 46
0 10 8 16
1 5 3 26
1 12 31 28
1 13 3 13
2 9 26 23
2 14 0 4
3 7 4 3
3 9 11 24
4 12 17 46
5 7 9 14
5 11 0 24
6 12 6 40
8 12 21 20
(155, 327)

Arvore 160
0 3 16 46
0 10 8 16
1 5 3 26
1 13 3 13
2 9 26 23
2 14 0 4
3 7 4 3
3 9 11 24
4 12 17 46
5 7 9 14
5 11 0 24
6 9 3 50
6 12 6 40
8 9 13 42
(119, 371)

Arvore 161
0 3 16 46
0 10 8 16
1 5 3 26
1 13 3 13
2 9 26 23
2 14 0 4
3 7 4 3
3 9 11 24
4 12 17 46
5 7 9 14
5 11 0 24
6 9 3 50
6 12 6 40
8 12 21 20
(127, 349)

Arvore 162
0 3 16 46
0 10 8 16
1 5 3 26
1 13 3 13
2 9 26 23
2 14 0 4
3 7 4 3
3 9 11 24
4 12 17 46
5 7 9 14
5 11 0 24
6 9 3 50
8 9 13 42
8 12 21 20
(134, 351)

Arvore 163
0 3 16 46
0 10 8 16
1 5 3 26
1 13 3 13
2 9 26 23
2 14 0 4
3 7 4 3
3 9 11 24
4 12 17 46
5 7 9 14
5 11 0 24
6 12 6 40
8 9 13 42
8 12 21 20
(137, 341)

Arvore 164
0 3 16 46
0 10 8 16
1 5 3 26
1 8 15 40
1 13 3 13
2 14 0 4
3 7 4 3
3 9 11 24
4 12 17 46
5 7 9 14
5 11 0 24
6 9 3 50
6 12 6 40
11 14 3 36
(98, 382)

Arvore 165
0 3 16 46
0 10 8 16
1 5 3 26
1 8 15 40
1 13 3 13
2 14 0 4
3 7 4 3
3 9 11 24
4 12 17 46
5 7 9 14
5 11 0 24
6 9 3 50
8 12 21 20
11 14 3 36
(113, 362)

Arvore 166
0 3 16 46
0 10 8 16
1 5 3 26
1 8 15 40
1 13 3 13
2 14 0 4
3 7 4 3
3 9 11 24
4 12 17 46
5 7 9 14
5 11 0 24
6 12 6 40
8 12 21 20
11 14 3 36
(116, 352)

Arvore 167
0 3 16 46
0 10 8 16
1 5 3 26
1 8 15 40
1 12 31 28
1 13 3 13
2 14 0 4
3 7 4 3
3 9 11 24
4 12 17 46
5 7 9 14
5 11 0 24
6 9 3 50
11 14 3 36
(123, 370)

Arvore 168
0 3 16 46
0 10 8 16
1 5 3 26
1 12 31 28
1 13 3 13
2 14 0 4
3 7 4 3
3 9 11 24
4 12 17 46
5 7 9 14
5 11 0 24
6 9 3 50
8 9 13 42
11 14 3 36
(121, 372)

Arvore 169
0 3 16 46
0 10 8 16
1 5 3 26
1 12 31 28
1 13 3 13
2 14 0 4
3 7 4 3
3 9 11 24
4 12 17 46
5 7 9 14
5 11 0 24
6 9 3 50
8 12 21 20
11 14 3 36
(129, 350)

Arvore 170
0 3 16 46
0 10 8 16
1 5 3 26
1 8 15 40
1 12 31 28
1 13 3 13
2 14 0 4
3 7 4 3
3 9 11 24
4 12 17 46
5 7 9 14
5 11 0 24
6 12 6 40
11 14 3 36
(126, 360)

Arvore 171
0 3 16 46
0 10 8 16
1 5 3 26
1 12 31 28
1 13 3 13
2 14 0 4
3 7 4 3
3 9 11 24
4 12 17 46
5 7 9 14
5 11 0 24
6 12 6 40
8 9 13 42
11 14 3 36
(124, 362)

Arvore 172
0 3 16 46
0 10 8 16
1 5 3 26
1 12 31 28
1 13 3 13
2 14 0 4
3 7 4 3
3 9 11 24
4 12 17 46
5 7 9 14
5 11 0 24
6 12 6 40
8 12 21 20
11 14 3 36
(132, 340)

Arvore 173
0 3 16 46
0 10 8 16
1 5 3 26
1 13 3 13
2 14 0 4
3 7 4 3
3 9 11 24
4 12 17 46
5 7 9 14
5 11 0 24
6 9 3 50
6 12 6 40
8 9 13 42
11 14 3 36
(96, 384)

Arvore 174
0 3 16 46
0 10 8 16
1 5 3 26
1 13 3 13
2 14 0 4
3 7 4 3
3 9 11 24
4 12 17 46
5 7 9 14
5 11 0 24
6 9 3 50
6 12 6 40
8 12 21 20
11 14 3 36
(104, 362)

Arvore 175
0 3 16 46
0 10 8 16
1 5 3 26
1 13 3 13
2 14 0 4
3 7 4 3
3 9 11 24
4 12 17 46
5 7 9 14
5 11 0 24
6 9 3 50
8 9 13 42
8 12 21 20
11 14 3 36
(111, 364)

Arvore 176
0 3 16 46
0 10 8 16
1 5 3 26
1 13 3 13
2 14 0 4
3 7 4 3
3 9 11 24
4 12 17 46
5 7 9 14
5 11 0 24
6 12 6 40
8 9 13 42
8 12 21 20
11 14 3 36
(114, 354)

Arvore 177
0 3 16 46
0 10 8 16
1 5 3 26
1 8 15 40
1 13 3 13
2 9 26 23
2 14 0 4
3 7 4 3
4 12 17 46
5 7 9 14
5 11 0 24
6 9 3 50
6 12 6 40
11 14 3 36
(113, 381)

Arvore 178
0 3 16 46
0 10 8 16
1 5 3 26
1 8 15 40
1 13 3 13
2 9 26 23
2 14 0 4
3 7 4 3
4 12 17 46
5 7 9 14
5 11 0 24
6 9 3 50
8 12 21 20
11 14 3 36
(128, 361)

Arvore 179
0 3 16 46
0 10 8 16
1 5 3 26
1 8 15 40
1 13 3 13
2 9 26 23
2 14 0 4
3 7 4 3
4 12 17 46
5 7 9 14
5 11 0 24
6 12 6 40
8 12 21 20
11 14 3 36
(131, 351)

Arvore 180
0 3 16 46
0 10 8 16
1 5 3 26
1 8 15 40
1 12 31 28
1 13 3 13
2 9 26 23
2 14 0 4
3 7 4 3
4 12 17 46
5 7 9 14
5 11 0 24
6 9 3 50
11 14 3 36
(138, 369)

Arvore 181
0 3 16 46
0 10 8 16
1 5 3 26
1 12 31 28
1 13 3 13
2 9 26 23
2 14 0 4
3 7 4 3
4 12 17 46
5 7 9 14
5 11 0 24
6 9 3 50
8 9 13 42
11 14 3 36
(136, 371)

Arvore 182
0 3 16 46
0 10 8 16
1 5 3 26
1 12 31 28
1 13 3 13
2 9 26 23
2 14 0 4
3 7 4 3
4 12 17 46
5 7 9 14
5 11 0 24
6 9 3 50
8 12 21 20
11 14 3 36
(144, 349)

Arvore 183
0 3 16 46
0 10 8 16
1 5 3 26
1 8 15 40
1 12 31 28
1 13 3 13
2 9 26 23
2 14 0 4
3 7 4 3
4 12 17 46
5 7 9 14
5 11 0 24
6 12 6 40
11 14 3 36
(141, 359)

Arvore 184
0 3 16 46
0 10 8 16
1 5 3 26
1 12 31 28
1 13 3 13
2 9 26 23
2 14 0 4
3 7 4 3
4 12 17 46
5 7 9 14
5 11 0 24
6 12 6 40
8 9 13 42
11 14 3 36
(139, 361)

Arvore 185
0 3 16 46
0 10 8 16
1 5 3 26
1 12 31 28
1 13 3 13
2 9 26 23
2 14 0 4
3 7 4 3
4 12 17 46
5 7 9 14
5 11 0 24
6 12 6 40
8 12 21 20
11 14 3 36
(147, 339)

Arvore 186
0 3 16 46
0 10 8 16
1 5 3 26
1 13 3 13
2 9 26 23
2 14 0 4
3 7 4 3
4 12 17 46
5 7 9 14
5 11 0 24
6 9 3 50
6 12 6 40
8 9 13 42
11 14 3 36
(111, 383)

Arvore 187
0 3 16 46
0 10 8 16
1 5 3 26
1 13 3 13
2 9 26 23
2 14 0 4
3 7 4 3
4 12 17 46
5 7 9 14
5 11 0 24
6 9 3 50
6 12 6 40
8 12 21 20
11 14 3 36
(119, 361)

Arvore 188
0 3 16 46
0 10 8 16
1 5 3 26
1 13 3 13
2 9 26 23
2 14 0 4
3 7 4 3
4 12 17 46
5 7 9 14
5 11 0 24
6 9 3 50
8 9 13 42
8 12 21 20
11 14 3 36
(126, 363)

Arvore 189
0 3 16 46
0 10 8 16
1 5 3 26
1 13 3 13
2 9 26 23
2 14 0 4
3 7 4 3
4 12 17 46
5 7 9 14
5 11 0 24
6 12 6 40
8 9 13 42
8 12 21 20
11 14 3 36
(129, 353)

Arvore 190
0 3 16 46
0 10 8 16
1 5 3 26
1 8 15 40
1 13 3 13
2 14 0 4
3 7 4 3
3 9 11 24
4 12 17 46
5 7 9 14
5 11 0 24
6 9 3 50
11 14 3 36
12 14 9 50
(101, 392)

Arvore 191
0 3 16 46
0 10 8 16
1 5 3 26
1 13 3 13
2 14 0 4
3 7 4 3
3 9 11 24
4 12 17 46
5 7 9 14
5 11 0 24
6 9 3 50
8 9 13 42
11 14 3 36
12 14 9 50
(99, 394)

Arvore 192
0 3 16 46
0 10 8 16
1 5 3 26
1 13 3 13
2 14 0 4
3 7 4 3
3 9 11 24
4 12 17 46
5 7 9 14
5 11 0 24
6 9 3 50
8 12 21 20
11 14 3 36
12 14 9 50
(107, 372)

Arvore 193
0 3 16 46
0 10 8 16
1 5 3 26
1 8 15 40
1 13 3 13
2 14 0 4
3 7 4 3
3 9 11 24
4 12 17 46
5 7 9 14
5 11 0 24
6 12 6 40
11 14 3 36
12 14 9 50
(104, 382)

Arvore 194
0 3 16 46
0 10 8 16
1 5 3 26
1 13 3 13
2 14 0 4
3 7 4 3
3 9 11 24
4 12 17 46
5 7 9 14
5 11 0 24
6 12 6 40
8 9 13 42
11 14 3 36
12 14 9 50
(102, 384)

Arvore 195
0 3 16 46
0 10 8 16
1 5 3 26
1 13 3 13
2 14 0 4
3 7 4 3
3 9 11 24
4 12 17 46
5 7 9 14
5 11 0 24
6 12 6 40
8 12 21 20
11 14 3 36
12 14 9 50
(110, 362)

Arvore 196
0 3 16 46
0 10 8 16
1 5 3 26
1 8 15 40
1 13 3 13
2 14 0 4
3 7 4 3
4 12 17 46
5 7 9 14
5 11 0 24
6 9 3 50
6 12 6 40
11 14 3 36
12 14 9 50
(96, 408)

Arvore 197
0 3 16 46
0 10 8 16
1 5 3 26
1 13 3 13
2 14 0 4
3 7 4 3
4 12 17 46
5 7 9 14
5 11 0 24
6 9 3 50
6 12 6 40
8 9 13 42
11 14 3 36
12 14 9 50
(94, 410)

Arvore 198
0 3 16 46
0 10 8 16
1 5 3 26
1 13 3 13
2 14 0 4
3 7 4 3
4 12 17 46
5 7 9 14
5 11 0 24
6 9 3 50
6 12 6 40
8 12 21 20
11 14 3 36
12 14 9 50
(102, 388)

Arvore 199
0 3 16 46
0 10 8 16
1 5 3 26
1 13 3 13
2 9 26 23
2 14 0 4
3 7 4 3
4 12 17 46
5 7 9 14
5 11 0 24
6 12 6 40
8 12 21 20
11 14 3 36
12 14 9 50
(125, 361)

Arvore 200
0 3 16 46
0 10 8 16
1 5 3 26
1 13 3 13
2 9 26 23
2 14 0 4
3 7 4 3
4 12 17 46
5 7 9 14
5 11 0 24
6 9 3 50
8 12 21 20
11 14 3 36
12 14 9 50
(122, 371)

Arvore 201
0 10 8 16
1 5 3 26
1 8 15 40
1 13 3 13
2 9 26 23
2 14 0 4
3 7 4 3
3 9 11 24
4 12 17 46
5 7 9 14
5 11 0 24
6 9 3 50
6 12 6 40
10 13 28 27
(133, 350)

Arvore 202
0 10 8 16
1 5 3 26
1 8 15 40
1 13 3 13
2 9 26 23
2 14 0 4
3 7 4 3
3 9 11 24
4 12 17 46
5 7 9 14
5 11 0 24
6 9 3 50
8 12 21 20
10 13 28 27
(148, 330)

Arvore 203
0 10 8 16
1 5 3 26
1 8 15 40
1 13 3 13
2 9 26 23
2 14 0 4
3 7 4 3
3 9 11 24
4 12 17 46
5 7 9 14
5 11 0 24
6 12 6 40
8 12 21 20
10 13 28 27
(151, 320)

Arvore 204
0 10 8 16
1 5 3 26
1 8 15 40
1 12 31 28
1 13 3 13
2 9 26 23
2 14 0 4
3 7 4 3
3 9 11 24
4 12 17 46
5 7 9 14
5 11 0 24
6 9 3 50
10 13 28 27
(158, 338)

Arvore 205
0 10 8 16
1 5 3 26
1 12 31 28
1 13 3 13
2 9 26 23
2 14 0 4
3 7 4 3
3 9 11 24
4 12 17 46
5 7 9 14
5 11 0 24
6 9 3 50
8 9 13 42
10 13 28 27
(156, 340)

Arvore 206
0 10 8 16
1 5 3 26
1 12 31 28
1 13 3 13
2 9 26 23
2 14 0 4
3 7 4 3
3 9 11 24
4 12 17 46
5 7 9 14
5 11 0 24
6 9 3 50
8 12 21 20
10 13 28 27
(164, 318)

Arvore 207
0 10 8 16
1 5 3 26
1 8 15 40
1 12 31 28
1 13 3 13
2 9 26 23
2 14 0 4
3 7 4 3
3 9 11 24
4 12 17 46
5 7 9 14
5 11 0 24
6 12 6 40
10 13 28 27
(161, 328)

Arvore 208
0 10 8 16
1 5 3 26
1 12 31 28
1 13 3 13
2 9 26 23
2 14 0 4
3 7 4 3
3 9 11 24
4 12 17 46
5 7 9 14
5 11 0 24
6 12 6 40
8 9 13 42
10 13 28 27
(159, 330)

Arvore 209
0 10 8 16
1 5 3 26
1 12 31 28
1 13 3 13
2 9 26 23
2 14 0 4
3 7 4 3
3 9 11 24
4 12 17 46
5 7 9 14
5 11 0 24
6 12 6 40
8 12 21 20
10 13 28 27
(167, 308)

Arvore 210
0 10 8 16
1 5 3 26
1 13 3 13
2 9 26 23
2 14 0 4
3 7 4 3
3 9 11 24
4 12 17 46
5 7 9 14
5 11 0 24
6 9 3 50
6 12 6 40
8 9 13 42
10 13 28 27
(131, 352)

Arvore 211
0 10 8 16
1 5 3 26
1 13 3 13
2 9 26 23
2 14 0 4
3 7 4 3
3 9 11 24
4 12 17 46
5 7 9 14
5 11 0 24
6 9 3 50
6 12 6 40
8 12 21 20
10 13 28 27
(139, 330)

Arvore 212
0 10 8 16
1 5 3 26
1 13 3 13
2 9 26 23
2 14 0 4
3 7 4 3
3 9 11 24
4 12 17 46
5 7 9 14
5 11 0 24
6 9 3 50
8 9 13 42
8 12 21 20
10 13 28 27
(146, 332)

Arvore 213
0 10 8 16
1 5 3 26
1 13 3 13
2 9 26 23
2 14 0 4
3 7 4 3
3 9 11 24
4 12 17 46
5 7 9 14
5 11 0 24
6 12 6 40
8 9 13 42
8 12 21 20
10 13 28 27
(149, 322)

Arvore 214
0 10 8 16
1 5 3 26
1 8 15 40
1 13 3 13
2 14 0 4
3 7 4 3
3 9 11 24
4 12 17 46
5 7 9 14
5 11 0 24
6 9 3 50
6 12 6 40
10 13 28 27
11 14 3 36
(110, 363)

Arvore 215
0 10 8 16
1 5 3 26
1 8 15 40
1 13 3 13
2 14 0 4
3 7 4 3
3 9 11 24
4 12 17 46
5 7 9 14
5 11 0 24
6 9 3 50
8 12 21 20
10 13 28 27
11 14 3 36
(125, 343)

Arvore 216
0 10 8 16
1 5 3 26
1 8 15 40
1 13 3 13
2 14 0 4
3 7 4 3
3 9 11 24
4 12 17 46
5 7 9 14
5 11 0 24
6 12 6 40
8 12 21 20
10 13 28 27
11 14 3 36
(128, 333)

Arvore 217
0 10 8 16
1 5 3 26
1 8 15 40
1 12 31 28
1 13 3 13
2 14 0 4
3 7 4 3
3 9 11 24
4 12 17 46
5 7 9 14
5 11 0 24
6 9 3 50
10 13 28 27
11 14 3 36
(135, 351)

Arvore 218
0 10 8 16
1 5 3 26
1 12 31 28
1 13 3 13
2 14 0 4
3 7 4 3
3 9 11 24
4 12 17 46
5 7 9 14
5 11 0 24
6 9 3 50
8 9 13 42
10 13 28 27
11 14 3 36
(133, 353)

Arvore 219
0 10 8 16
1 5 3 26
1 12 31 28
1 13 3 13
2 14 0 4
3 7 4 3
3 9 11 24
4 12 17 46
5 7 9 14
5 11 0 24
6 9 3 50
8 12 21 20
10 13 28 27
11 14 3 36
(141, 331)

Arvore 220
0 10 8 16
1 5 3 26
1 8 15 40
1 12 31 28
1 13 3 13
2 14 0 4
3 7 4 3
3 9 11 24
4 12 17 46
5 7 9 14
5 11 0 24
6 12 6 40
10 13 28 27
11 14 3 36
(138, 341)

Arvore 221
0 10 8 16
1 5 3 26
1 12 31 28
1 13 3 13
2 14 0 4
3 7 4 3
3 9 11 24
4 12 17 46
5 7 9 14
5 11 0 24
6 12 6 40
8 9 13 42
10 13 28 27
11 14 3 36
(136, 343)

Arvore 222
0 10 8 16
1 5 3 26
1 12 31 28
1 13 3 13
2 14 0 4
3 7 4 3
3 9 11 24
4 12 17 46
5 7 9 14
5 11 0 24
6 12 6 40
8 12 21 20
10 13 28 27
11 14 3 36
(144, 321)

Arvore 223
0 10 8 16
1 5 3 26
1 13 3 13
2 14 0 4
3 7 4 3
3 9 11 24
4 12 17 46
5 7 9 14
5 11 0 24
6 9 3 50
6 12 6 40
8 9 13 42
10 13 28 27
11 14 3 36
(108, 365)

Arvore 224
0 10 8 16
1 5 3 26
1 13 3 13
2 14 0 4
3 7 4 3
3 9 11 24
4 12 17 46
5 7 9 14
5 11 0 24
6 9 3 50
6 12 6 40
8 12 21 20
10 13 28 27
11 14 3 36
(116, 343)

Arvore 225
0 10 8 16
1 5 3 26
1 13 3 13
2 14 0 4
3 7 4 3
3 9 11 24
4 12 17 46
5 7 9 14
5 11 0 24
6 9 3 50
8 9 13 42
8 12 21 20
10 13 28 27
11 14 3 36
(123, 345)

Arvore 226
0 10 8 16
1 5 3 26
1 13 3 13
2 14 0 4
3 7 4 3
3 9 11 24
4 12 17 46
5 7 9 14
5 11 0 24
6 12 6 40
8 9 13 42
8 12 21 20
10 13 28 27
11 14 3 36
(126, 335)

Arvore 227
0 10 8 16
1 5 3 26
1 8 15 40
1 13 3 13
2 9 26 23
2 14 0 4
3 7 4 3
4 12 17 46
5 7 9 14
5 11 0 24
6 9 3 50
6 12 6 40
10 13 28 27
11 14 3 36
(125, 362)

Arvore 228
0 10 8 16
1 5 3 26
1 8 15 40
1 13 3 13
2 9 26 23
2 14 0 4
3 7 4 3
4 12 17 46
5 7 9 14
5 11 0 24
6 9 3 50
8 12 21 20
10 13 28 27
11 14 3 36
(140, 342)

Arvore 229
0 10 8 16
1 5 3 26
1 8 15 40
1 13 3 13
2 9 26 23
2 14 0 4
3 7 4 3
4 12 17 46
5 7 9 14
5 11 0 24
6 12 6 40
8 12 21 20
10 13 28 27
11 14 3 36
(143, 332)

Arvore 230
0 10 8 16
1 5 3 26
1 8 15 40
1 12 31 28
1 13 3 13
2 9 26 23
2 14 0 4
3 7 4 3
4 12 17 46
5 7 9 14
5 11 0 24
6 9 3 50
10 13 28 27
11 14 3 36
(150, 350)

Arvore 231
0 10 8 16
1 5 3 26
1 12 31 28
1 13 3 13
2 9 26 23
2 14 0 4
3 7 4 3
4 12 17 46
5 7 9 14
5 11 0 24
6 9 3 50
8 9 13 42
10 13 28 27
11 14 3 36
(148, 352)

Arvore 232
0 10 8 16
1 5 3 26
1 12 31 28
1 13 3 13
2 9 26 23
2 14 0 4
3 7 4 3
4 12 17 46
5 7 9 14
5 11 0 24
6 9 3 50
8 12 21 20
10 13 28 27
11 14 3 36
(156, 330)

Arvore 233
0 10 8 16
1 5 3 26
1 8 15 40
1 12 31 28
1 13 3 13
2 9 26 23
2 14 0 4
3 7 4 3
4 12 17 46
5 7 9 14
5 11 0 24
6 12 6 40
10 13 28 27
11 14 3 36
(153, 340)

Arvore 234
0 10 8 16
1 5 3 26
1 12 31 28
1 13 3 13
2 9 26 23
2 14 0 4
3 7 4 3
4 12 17 46
5 7 9 14
5 11 0 24
6 12 6 40
8 9 13 42
10 13 28 27
11 14 3 36
(151, 342)

Arvore 235
0 10 8 16
1 5 3 26
1 12 31 28
1 13 3 13
2 9 26 23
2 14 0 4
3 7 4 3
4 12 17 46
5 7 9 14
5 11 0 24
6 12 6 40
8 12 21 20
10 13 28 27
11 14 3 36
(159, 320)

Arvore 236
0 10 8 16
1 5 3 26
1 13 3 13
2 9 26 23
2 14 0 4
3 7 4 3
4 12 17 46
5 7 9 14
5 11 0 24
6 9 3 50
6 12 6 40
8 9 13 42
10 13 28 27
11 14 3 36
(123, 364)

Arvore 237
0 10 8 16
1 5 3 26
1 13 3 13
2 9 26 23
2 14 0 4
3 7 4 3
4 12 17 46
5 7 9 14
5 11 0 24
6 9 3 50
6 12 6 40
8 12 21 20
10 13 28 27
11 14 3 36
(131, 342)

Arvore 238
0 10 8 16
1 5 3 26
1 13 3 13
2 9 26 23
2 14 0 4
3 7 4 3
4 12 17 46
5 7 9 14
5 11 0 24
6 9 3 50
8 9 13 42
8 12 21 20
10 13 28 27
11 14 3 36
(138, 344)

Arvore 239
0 10 8 16
1 5 3 26
1 13 3 13
2 9 26 23
2 14 0 4
3 7 4 3
4 12 17 46
5 7 9 14
5 11 0 24
6 12 6 40
8 9 13 42
8 12 21 20
10 13 28 27
11 14 3 36
(141, 334)

Arvore 240
0 10 8 16
1 5 3 26
1 8 15 40
1 13 3 13
2 14 0 4
3 7 4 3
3 9 11 24
4 12 17 46
5 7 9 14
5 11 0 24
6 9 3 50
10 13 28 27
11 14 3 36
12 14 9 50
(113, 373)

Arvore 241
0 10 8 16
1 5 3 26
1 13 3 13
2 14 0 4
3 7 4 3
3 9 11 24
4 12 17 46
5 7 9 14
5 11 0 24
6 9 3 50
8 9 13 42
10 13 28 27
11 14 3 36
12 14 9 50
(111, 375)

Arvore 242
0 10 8 16
1 5 3 26
1 13 3 13
2 14 0 4
3 7 4 3
3 9 11 24
4 12 17 46
5 7 9 14
5 11 0 24
6 9 3 50
8 12 21 20
10 13 28 27
11 14 3 36
12 14 9 50
(119, 353)

Arvore 243
0 10 8 16
1 5 3 26
1 8 15 40
1 13 3 13
2 14 0 4
3 7 4 3
3 9 11 24
4 12 17 46
5 7 9 14
5 11 0 24
6 12 6 40
10 13 28 27
11 14 3 36
12 14 9 50
(116, 363)

Arvore 244
0 10 8 16
1 5 3 26
1 13 3 13
2 14 0 4
3 7 4 3
3 9 11 24
4 12 17 46
5 7 9 14
5 11 0 24
6 12 6 40
8 9 13 42
10 13 28 27
11 14 3 36
12 14 9 50
(114, 365)

Arvore 245
0 10 8 16
1 5 3 26
1 13 3 13
2 14 0 4
3 7 4 3
3 9 11 24
4 12 17 46
5 7 9 14
5 11 0 24
6 12 6 40
8 12 21 20
10 13 28 27
11 14 3 36
12 14 9 50
(122, 343)

Arvore 246
0 10 8 16
1 5 3 26
1 8 15 40
1 13 3 13
2 14 0 4
3 7 4 3
4 12 17 46
5 7 9 14
5 11 0 24
6 9 3 50
6 12 6 40
10 13 28 27
11 14 3 36
12 14 9 50
(108, 389)

Arvore 247
0 10 8 16
1 5 3 26
1 13 3 13
2 14 0 4
3 7 4 3
4 12 17 46
5 7 9 14
5 11 0 24
6 9 3 50
6 12 6 40
8 9 13 42
10 13 28 27
11 14 3 36
12 14 9 50
(106, 391)

Arvore 248
0 10 8 16
1 5 3 26
1 13 3 13
2 14 0 4
3 7 4 3
4 12 17 46
5 7 9 14
5 11 0 24
6 9 3 50
6 12 6 40
8 12 21 20
10 13 28 27
11 14 3 36
12 14 9 50
(114, 369)

Arvore 249
0 10 8 16
1 5 3 26
1 13 3 13
2 9 26 23
2 14 0 4
3 7 4 3
4 12 17 46
5 7 9 14
5 11 0 24
6 12 6 40
8 12 21 20
10 13 28 27
11 14 3 36
12 14 9 50
(137, 342)

Arvore 250
0 10 8 16
1 5 3 26
1 13 3 13
2 9 26 23
2 14 0 4
3 7 4 3
4 12 17 46
5 7 9 14
5 11 0 24
6 9 3 50
8 12 21 20
10 13 28 27
11 14 3 36
12 14 9 50
(134, 352)

