0
0
Arvore 1
0 2 93 34
0 3 4 40
0 4 91 49
1 2 24 43
(212, 166)

Arvore 2
0 2 93 34
0 3 4 40
1 2 24 43
1 4 37 53
(158, 170)

Arvore 3
0 2 93 34
0 3 4 40
1 2 24 43
3 4 31 54
(152, 171)

Arvore 4
0 2 93 34
0 3 4 40
0 4 91 49
1 3 73 19
(261, 142)

Arvore 5
0 2 93 34
0 3 4 40
1 3 73 19
1 4 37 53
(207, 146)

Arvore 6
0 2 93 34
0 3 4 40
1 3 73 19
3 4 31 54
(201, 147)

Arvore 7
0 3 4 40
0 4 91 49
1 2 24 43
1 3 73 19
(192, 151)

Arvore 8
0 3 4 40
1 2 24 43
1 3 73 19
1 4 37 53
(138, 155)

Arvore 9
0 3 4 40
1 2 24 43
1 3 73 19
3 4 31 54
(132, 156)

Arvore 10
0 2 93 34
0 3 4 40
1 4 37 53
3 4 31 54
(165, 181)

Arvore 11
0 3 4 40
1 2 24 43
1 4 37 53
3 4 31 54
(96, 190)

