3
0.03
Arvore 1
0 6 56 49
1 2 38 47
2 3 81 58
2 8 10 11
3 4 37 43
3 9 27 30
4 5 9 10
5 11 30 55
6 7 72 64
6 12 93 66
7 8 12 25
7 13 31 29
8 14 54 52
9 10 61 70
12 18 34 24
14 15 45 62
15 16 14 10
15 21 21 22
16 17 64 50
16 22 36 40
19 20 55 46
20 21 13 24
22 23 35 30
(928, 917)

Arvore 2
0 6 56 49
1 2 38 47
2 3 81 58
2 8 10 11
3 4 37 43
3 9 27 30
4 5 9 10
5 11 30 55
6 7 72 64
6 12 93 66
7 8 12 25
7 13 31 29
8 14 54 52
10 11 68 69
12 18 34 24
14 15 45 62
15 16 14 10
15 21 21 22
16 17 64 50
16 22 36 40
19 20 55 46
20 21 13 24
22 23 35 30
(935, 916)

Arvore 3
0 6 56 49
1 2 38 47
2 3 81 58
2 8 10 11
3 4 37 43
3 9 27 30
4 5 9 10
5 11 30 55
6 7 72 64
6 12 93 66
7 8 12 25
7 13 31 29
8 14 54 52
10 16 97 63
12 18 34 24
14 15 45 62
15 16 14 10
15 21 21 22
16 17 64 50
16 22 36 40
19 20 55 46
20 21 13 24
22 23 35 30
(964, 910)

Arvore 4
0 6 56 49
1 2 38 47
2 3 81 58
2 8 10 11
3 4 37 43
3 9 27 30
4 5 9 10
5 11 30 55
6 7 72 64
7 8 12 25
7 13 31 29
8 14 54 52
9 10 61 70
12 18 34 24
14 15 45 62
15 16 14 10
15 21 21 22
16 17 64 50
16 22 36 40
18 19 76 72
19 20 55 46
20 21 13 24
22 23 35 30
(911, 923)

Arvore 5
0 6 56 49
1 2 38 47
2 3 81 58
2 8 10 11
3 4 37 43
3 9 27 30
4 5 9 10
5 11 30 55
6 7 72 64
7 8 12 25
7 13 31 29
8 14 54 52
10 11 68 69
12 18 34 24
14 15 45 62
15 16 14 10
15 21 21 22
16 17 64 50
16 22 36 40
18 19 76 72
19 20 55 46
20 21 13 24
22 23 35 30
(918, 922)

Arvore 6
0 6 56 49
1 2 38 47
2 3 81 58
2 8 10 11
3 4 37 43
3 9 27 30
4 5 9 10
5 11 30 55
6 7 72 64
7 8 12 25
7 13 31 29
8 14 54 52
10 16 97 63
12 18 34 24
14 15 45 62
15 16 14 10
15 21 21 22
16 17 64 50
16 22 36 40
18 19 76 72
19 20 55 46
20 21 13 24
22 23 35 30
(947, 916)

Arvore 7
0 6 56 49
1 2 38 47
2 3 81 58
2 8 10 11
3 4 37 43
3 9 27 30
4 5 9 10
5 11 30 55
6 7 72 64
6 12 93 66
7 8 12 25
7 13 31 29
8 14 54 52
9 10 61 70
12 18 34 24
14 20 46 42
15 16 14 10
15 21 21 22
16 17 64 50
16 22 36 40
19 20 55 46
20 21 13 24
22 23 35 30
(929, 897)

Arvore 8
0 6 56 49
1 2 38 47
2 3 81 58
2 8 10 11
3 4 37 43
3 9 27 30
4 5 9 10
5 11 30 55
6 7 72 64
6 12 93 66
7 8 12 25
7 13 31 29
8 14 54 52
10 11 68 69
12 18 34 24
14 20 46 42
15 16 14 10
15 21 21 22
16 17 64 50
16 22 36 40
19 20 55 46
20 21 13 24
22 23 35 30
(936, 896)

Arvore 9
0 6 56 49
1 2 38 47
2 3 81 58
2 8 10 11
3 4 37 43
3 9 27 30
4 5 9 10
5 11 30 55
6 7 72 64
6 12 93 66
7 8 12 25
7 13 31 29
8 14 54 52
10 16 97 63
12 18 34 24
14 20 46 42
15 16 14 10
15 21 21 22
16 17 64 50
16 22 36 40
19 20 55 46
20 21 13 24
22 23 35 30
(965, 890)

Arvore 10
0 6 56 49
1 2 38 47
2 3 81 58
2 8 10 11
3 4 37 43
3 9 27 30
4 5 9 10
5 11 30 55
6 7 72 64
7 8 12 25
7 13 31 29
8 14 54 52
9 10 61 70
12 18 34 24
14 20 46 42
15 16 14 10
15 21 21 22
16 17 64 50
16 22 36 40
18 19 76 72
19 20 55 46
20 21 13 24
22 23 35 30
(912, 903)

Arvore 11
0 6 56 49
1 2 38 47
2 3 81 58
2 8 10 11
3 4 37 43
3 9 27 30
4 5 9 10
5 11 30 55
6 7 72 64
7 8 12 25
7 13 31 29
8 14 54 52
10 11 68 69
12 18 34 24
14 20 46 42
15 16 14 10
15 21 21 22
16 17 64 50
16 22 36 40
18 19 76 72
19 20 55 46
20 21 13 24
22 23 35 30
(919, 902)

Arvore 12
0 6 56 49
1 2 38 47
2 3 81 58
2 8 10 11
3 4 37 43
3 9 27 30
4 5 9 10
5 11 30 55
6 7 72 64
7 8 12 25
7 13 31 29
8 14 54 52
10 16 97 63
12 18 34 24
14 20 46 42
15 16 14 10
15 21 21 22
16 17 64 50
16 22 36 40
18 19 76 72
19 20 55 46
20 21 13 24
22 23 35 30
(948, 896)

Arvore 13
0 6 56 49
1 2 38 47
2 3 81 58
2 8 10 11
3 4 37 43
3 9 27 30
4 5 9 10
5 11 30 55
6 7 72 64
6 12 93 66
7 8 12 25
7 13 31 29
9 10 61 70
12 18 34 24
13 14 42 57
14 15 45 62
15 16 14 10
15 21 21 22
16 17 64 50
16 22 36 40
19 20 55 46
20 21 13 24
22 23 35 30
(916, 922)

Arvore 14
0 6 56 49
1 2 38 47
2 3 81 58
2 8 10 11
3 4 37 43
3 9 27 30
4 5 9 10
5 11 30 55
6 7 72 64
6 12 93 66
7 8 12 25
7 13 31 29
10 11 68 69
12 18 34 24
13 14 42 57
14 15 45 62
15 16 14 10
15 21 21 22
16 17 64 50
16 22 36 40
19 20 55 46
20 21 13 24
22 23 35 30
(923, 921)

Arvore 15
0 6 56 49
1 2 38 47
2 3 81 58
2 8 10 11
3 4 37 43
3 9 27 30
4 5 9 10
5 11 30 55
6 7 72 64
6 12 93 66
7 8 12 25
7 13 31 29
10 16 97 63
12 18 34 24
13 14 42 57
14 15 45 62
15 16 14 10
15 21 21 22
16 17 64 50
16 22 36 40
19 20 55 46
20 21 13 24
22 23 35 30
(952, 915)

Arvore 16
0 6 56 49
1 2 38 47
2 3 81 58
2 8 10 11
3 4 37 43
3 9 27 30
4 5 9 10
5 11 30 55
6 7 72 64
7 8 12 25
7 13 31 29
9 10 61 70
12 18 34 24
13 14 42 57
14 15 45 62
15 16 14 10
15 21 21 22
16 17 64 50
16 22 36 40
18 19 76 72
19 20 55 46
20 21 13 24
22 23 35 30
(899, 928)

Arvore 17
0 6 56 49
1 2 38 47
2 3 81 58
2 8 10 11
3 4 37 43
3 9 27 30
4 5 9 10
5 11 30 55
6 7 72 64
7 8 12 25
7 13 31 29
10 11 68 69
12 18 34 24
13 14 42 57
14 15 45 62
15 16 14 10
15 21 21 22
16 17 64 50
16 22 36 40
18 19 76 72
19 20 55 46
20 21 13 24
22 23 35 30
(906, 927)

Arvore 18
0 6 56 49
1 2 38 47
2 3 81 58
2 8 10 11
3 4 37 43
3 9 27 30
4 5 9 10
5 11 30 55
6 7 72 64
7 8 12 25
7 13 31 29
10 16 97 63
12 18 34 24
13 14 42 57
14 15 45 62
15 16 14 10
15 21 21 22
16 17 64 50
16 22 36 40
18 19 76 72
19 20 55 46
20 21 13 24
22 23 35 30
(935, 921)

Arvore 19
0 6 56 49
1 2 38 47
2 3 81 58
2 8 10 11
3 4 37 43
3 9 27 30
4 5 9 10
5 11 30 55
6 7 72 64
6 12 93 66
7 8 12 25
7 13 31 29
9 10 61 70
12 18 34 24
13 14 42 57
14 20 46 42
15 16 14 10
15 21 21 22
16 17 64 50
16 22 36 40
19 20 55 46
20 21 13 24
22 23 35 30
(917, 902)

Arvore 20
0 6 56 49
1 2 38 47
2 3 81 58
2 8 10 11
3 4 37 43
3 9 27 30
4 5 9 10
5 11 30 55
6 7 72 64
6 12 93 66
7 8 12 25
7 13 31 29
10 11 68 69
12 18 34 24
13 14 42 57
14 20 46 42
15 16 14 10
15 21 21 22
16 17 64 50
16 22 36 40
19 20 55 46
20 21 13 24
22 23 35 30
(924, 901)

Arvore 21
0 6 56 49
1 2 38 47
2 3 81 58
2 8 10 11
3 4 37 43
3 9 27 30
4 5 9 10
5 11 30 55
6 7 72 64
6 12 93 66
7 8 12 25
7 13 31 29
10 16 97 63
12 18 34 24
13 14 42 57
14 20 46 42
15 16 14 10
15 21 21 22
16 17 64 50
16 22 36 40
19 20 55 46
20 21 13 24
22 23 35 30
(953, 895)

Arvore 22
0 6 56 49
1 2 38 47
2 3 81 58
2 8 10 11
3 4 37 43
3 9 27 30
4 5 9 10
5 11 30 55
6 7 72 64
7 8 12 25
7 13 31 29
9 10 61 70
12 18 34 24
13 14 42 57
14 20 46 42
15 16 14 10
15 21 21 22
16 17 64 50
16 22 36 40
18 19 76 72
19 20 55 46
20 21 13 24
22 23 35 30
(900, 908)

Arvore 23
0 6 56 49
1 2 38 47
2 3 81 58
2 8 10 11
3 4 37 43
3 9 27 30
4 5 9 10
5 11 30 55
6 7 72 64
7 8 12 25
7 13 31 29
10 11 68 69
12 18 34 24
13 14 42 57
14 20 46 42
15 16 14 10
15 21 21 22
16 17 64 50
16 22 36 40
18 19 76 72
19 20 55 46
20 21 13 24
22 23 35 30
(907, 907)

Arvore 24
0 6 56 49
1 2 38 47
2 3 81 58
2 8 10 11
3 4 37 43
3 9 27 30
4 5 9 10
5 11 30 55
6 7 72 64
7 8 12 25
7 13 31 29
10 16 97 63
12 18 34 24
13 14 42 57
14 20 46 42
15 16 14 10
15 21 21 22
16 17 64 50
16 22 36 40
18 19 76 72
19 20 55 46
20 21 13 24
22 23 35 30
(936, 901)

