26
0.26
Arvore 1
0 1 21 24
0 9 66 43
1 2 69 75
2 3 31 58
4 5 73 57
4 13 44 29
5 6 37 52
6 7 61 51
6 15 33 31
7 8 32 49
7 16 28 48
9 10 25 45
9 18 39 38
11 12 5 6
12 21 3 36
13 22 12 29
14 23 42 32
15 24 81 64
17 26 9 13
18 19 41 48
19 20 12 27
20 21 10 12
21 22 19 19
22 23 19 50
24 25 58 44
25 26 79 63
(949, 1043)

Arvore 2
0 1 21 24
0 9 66 43
1 2 69 75
2 3 31 58
4 5 73 57
4 13 44 29
5 6 37 52
6 7 61 51
6 15 33 31
7 8 32 49
7 16 28 48
9 10 25 45
9 18 39 38
11 12 5 6
12 21 3 36
13 22 12 29
14 23 42 32
16 25 82 61
17 26 9 13
18 19 41 48
19 20 12 27
20 21 10 12
21 22 19 19
22 23 19 50
24 25 58 44
25 26 79 63
(950, 1040)

Arvore 3
0 1 21 24
0 9 66 43
1 2 69 75
2 3 31 58
4 5 73 57
4 13 44 29
5 6 37 52
6 7 61 51
6 15 33 31
7 8 32 49
7 16 28 48
9 10 25 45
9 18 39 38
11 12 5 6
12 21 3 36
13 22 12 29
14 23 42 32
17 26 9 13
18 19 41 48
19 20 12 27
20 21 10 12
21 22 19 19
22 23 19 50
23 24 84 51
24 25 58 44
25 26 79 63
(952, 1030)

Arvore 4
0 1 21 24
0 9 66 43
1 2 69 75
2 3 31 58
4 5 73 57
4 13 44 29
5 6 37 52
6 7 61 51
6 15 33 31
7 8 32 49
9 10 25 45
9 18 39 38
11 12 5 6
12 21 3 36
13 22 12 29
14 23 42 32
15 16 70 47
15 24 81 64
17 26 9 13
18 19 41 48
19 20 12 27
20 21 10 12
21 22 19 19
22 23 19 50
24 25 58 44
25 26 79 63
(991, 1042)

Arvore 5
0 1 21 24
0 9 66 43
1 2 69 75
2 3 31 58
4 5 73 57
4 13 44 29
5 6 37 52
6 7 61 51
6 15 33 31
7 8 32 49
9 10 25 45
9 18 39 38
11 12 5 6
12 21 3 36
13 22 12 29
14 23 42 32
15 16 70 47
16 25 82 61
17 26 9 13
18 19 41 48
19 20 12 27
20 21 10 12
21 22 19 19
22 23 19 50
24 25 58 44
25 26 79 63
(992, 1039)

Arvore 6
0 1 21 24
0 9 66 43
1 2 69 75
2 3 31 58
4 5 73 57
4 13 44 29
5 6 37 52
6 7 61 51
6 15 33 31
7 8 32 49
9 10 25 45
9 18 39 38
11 12 5 6
12 21 3 36
13 22 12 29
14 23 42 32
15 16 70 47
17 26 9 13
18 19 41 48
19 20 12 27
20 21 10 12
21 22 19 19
22 23 19 50
23 24 84 51
24 25 58 44
25 26 79 63
(994, 1029)

Arvore 7
0 1 21 24
0 9 66 43
1 2 69 75
2 3 31 58
4 5 73 57
4 13 44 29
5 6 37 52
6 15 33 31
7 8 32 49
7 16 28 48
9 10 25 45
9 18 39 38
11 12 5 6
12 21 3 36
13 22 12 29
14 23 42 32
15 16 70 47
15 24 81 64
17 26 9 13
18 19 41 48
19 20 12 27
20 21 10 12
21 22 19 19
22 23 19 50
24 25 58 44
25 26 79 63
(958, 1039)

Arvore 8
0 1 21 24
0 9 66 43
1 2 69 75
2 3 31 58
4 5 73 57
4 13 44 29
5 6 37 52
6 15 33 31
7 8 32 49
7 16 28 48
9 10 25 45
9 18 39 38
11 12 5 6
12 21 3 36
13 22 12 29
14 23 42 32
15 16 70 47
16 25 82 61
17 26 9 13
18 19 41 48
19 20 12 27
20 21 10 12
21 22 19 19
22 23 19 50
24 25 58 44
25 26 79 63
(959, 1036)

Arvore 9
0 1 21 24
0 9 66 43
1 2 69 75
2 3 31 58
4 5 73 57
4 13 44 29
5 6 37 52
6 15 33 31
7 8 32 49
7 16 28 48
9 10 25 45
9 18 39 38
11 12 5 6
12 21 3 36
13 22 12 29
14 23 42 32
15 16 70 47
17 26 9 13
18 19 41 48
19 20 12 27
20 21 10 12
21 22 19 19
22 23 19 50
23 24 84 51
24 25 58 44
25 26 79 63
(961, 1026)

Arvore 10
0 1 21 24
0 9 66 43
2 3 31 58
3 12 79 70
4 5 73 57
4 13 44 29
5 6 37 52
6 7 61 51
6 15 33 31
7 8 32 49
7 16 28 48
9 10 25 45
9 18 39 38
11 12 5 6
12 21 3 36
13 22 12 29
14 23 42 32
15 24 81 64
17 26 9 13
18 19 41 48
19 20 12 27
20 21 10 12
21 22 19 19
22 23 19 50
24 25 58 44
25 26 79 63
(959, 1038)

Arvore 11
0 1 21 24
0 9 66 43
2 3 31 58
3 12 79 70
4 5 73 57
4 13 44 29
5 6 37 52
6 7 61 51
6 15 33 31
7 8 32 49
7 16 28 48
9 10 25 45
9 18 39 38
11 12 5 6
12 21 3 36
13 22 12 29
14 23 42 32
16 25 82 61
17 26 9 13
18 19 41 48
19 20 12 27
20 21 10 12
21 22 19 19
22 23 19 50
24 25 58 44
25 26 79 63
(960, 1035)

Arvore 12
0 1 21 24
0 9 66 43
2 3 31 58
3 12 79 70
4 5 73 57
4 13 44 29
5 6 37 52
6 7 61 51
6 15 33 31
7 8 32 49
7 16 28 48
9 10 25 45
9 18 39 38
11 12 5 6
12 21 3 36
13 22 12 29
14 23 42 32
17 26 9 13
18 19 41 48
19 20 12 27
20 21 10 12
21 22 19 19
22 23 19 50
23 24 84 51
24 25 58 44
25 26 79 63
(962, 1025)

Arvore 13
0 1 21 24
0 9 66 43
2 3 31 58
3 4 83 61
4 5 73 57
4 13 44 29
5 6 37 52
6 7 61 51
6 15 33 31
7 8 32 49
7 16 28 48
9 10 25 45
9 18 39 38
11 12 5 6
12 21 3 36
13 22 12 29
14 23 42 32
15 24 81 64
17 26 9 13
18 19 41 48
19 20 12 27
20 21 10 12
21 22 19 19
22 23 19 50
24 25 58 44
25 26 79 63
(963, 1029)

Arvore 14
0 1 21 24
0 9 66 43
2 3 31 58
3 4 83 61
4 5 73 57
4 13 44 29
5 6 37 52
6 7 61 51
6 15 33 31
7 8 32 49
7 16 28 48
9 10 25 45
9 18 39 38
11 12 5 6
12 21 3 36
13 22 12 29
14 23 42 32
16 25 82 61
17 26 9 13
18 19 41 48
19 20 12 27
20 21 10 12
21 22 19 19
22 23 19 50
24 25 58 44
25 26 79 63
(964, 1026)

Arvore 15
0 1 21 24
0 9 66 43
2 3 31 58
3 4 83 61
4 5 73 57
4 13 44 29
5 6 37 52
6 7 61 51
6 15 33 31
7 8 32 49
7 16 28 48
9 10 25 45
9 18 39 38
11 12 5 6
12 21 3 36
13 22 12 29
14 23 42 32
17 26 9 13
18 19 41 48
19 20 12 27
20 21 10 12
21 22 19 19
22 23 19 50
23 24 84 51
24 25 58 44
25 26 79 63
(966, 1016)

Arvore 16
0 1 21 24
0 9 66 43
2 3 31 58
3 12 79 70
4 5 73 57
4 13 44 29
5 6 37 52
6 7 61 51
6 15 33 31
7 8 32 49
9 10 25 45
9 18 39 38
11 12 5 6
12 21 3 36
13 22 12 29
14 23 42 32
15 16 70 47
15 24 81 64
17 26 9 13
18 19 41 48
19 20 12 27
20 21 10 12
21 22 19 19
22 23 19 50
24 25 58 44
25 26 79 63
(1001, 1037)

Arvore 17
0 1 21 24
0 9 66 43
2 3 31 58
3 12 79 70
4 5 73 57
4 13 44 29
5 6 37 52
6 7 61 51
6 15 33 31
7 8 32 49
9 10 25 45
9 18 39 38
11 12 5 6
12 21 3 36
13 22 12 29
14 23 42 32
15 16 70 47
16 25 82 61
17 26 9 13
18 19 41 48
19 20 12 27
20 21 10 12
21 22 19 19
22 23 19 50
24 25 58 44
25 26 79 63
(1002, 1034)

Arvore 18
0 1 21 24
0 9 66 43
2 3 31 58
3 12 79 70
4 5 73 57
4 13 44 29
5 6 37 52
6 7 61 51
6 15 33 31
7 8 32 49
9 10 25 45
9 18 39 38
11 12 5 6
12 21 3 36
13 22 12 29
14 23 42 32
15 16 70 47
17 26 9 13
18 19 41 48
19 20 12 27
20 21 10 12
21 22 19 19
22 23 19 50
23 24 84 51
24 25 58 44
25 26 79 63
(1004, 1024)

Arvore 19
0 1 21 24
0 9 66 43
2 3 31 58
3 4 83 61
4 5 73 57
4 13 44 29
5 6 37 52
6 7 61 51
6 15 33 31
7 8 32 49
9 10 25 45
9 18 39 38
11 12 5 6
12 21 3 36
13 22 12 29
14 23 42 32
15 16 70 47
15 24 81 64
17 26 9 13
18 19 41 48
19 20 12 27
20 21 10 12
21 22 19 19
22 23 19 50
24 25 58 44
25 26 79 63
(1005, 1028)

Arvore 20
0 1 21 24
0 9 66 43
2 3 31 58
3 4 83 61
4 5 73 57
4 13 44 29
5 6 37 52
6 7 61 51
6 15 33 31
7 8 32 49
9 10 25 45
9 18 39 38
11 12 5 6
12 21 3 36
13 22 12 29
14 23 42 32
15 16 70 47
16 25 82 61
17 26 9 13
18 19 41 48
19 20 12 27
20 21 10 12
21 22 19 19
22 23 19 50
24 25 58 44
25 26 79 63
(1006, 1025)

Arvore 21
0 1 21 24
0 9 66 43
2 3 31 58
3 4 83 61
4 5 73 57
4 13 44 29
5 6 37 52
6 7 61 51
6 15 33 31
7 8 32 49
9 10 25 45
9 18 39 38
11 12 5 6
12 21 3 36
13 22 12 29
14 23 42 32
15 16 70 47
17 26 9 13
18 19 41 48
19 20 12 27
20 21 10 12
21 22 19 19
22 23 19 50
23 24 84 51
24 25 58 44
25 26 79 63
(1008, 1015)

Arvore 22
0 1 21 24
0 9 66 43
2 3 31 58
3 12 79 70
4 5 73 57
4 13 44 29
5 6 37 52
6 15 33 31
7 8 32 49
7 16 28 48
9 10 25 45
9 18 39 38
11 12 5 6
12 21 3 36
13 22 12 29
14 23 42 32
15 16 70 47
15 24 81 64
17 26 9 13
18 19 41 48
19 20 12 27
20 21 10 12
21 22 19 19
22 23 19 50
24 25 58 44
25 26 79 63
(968, 1034)

Arvore 23
0 1 21 24
0 9 66 43
2 3 31 58
3 12 79 70
4 5 73 57
4 13 44 29
5 6 37 52
6 15 33 31
7 8 32 49
7 16 28 48
9 10 25 45
9 18 39 38
11 12 5 6
12 21 3 36
13 22 12 29
14 23 42 32
15 16 70 47
16 25 82 61
17 26 9 13
18 19 41 48
19 20 12 27
20 21 10 12
21 22 19 19
22 23 19 50
24 25 58 44
25 26 79 63
(969, 1031)

Arvore 24
0 1 21 24
0 9 66 43
2 3 31 58
3 12 79 70
4 5 73 57
4 13 44 29
5 6 37 52
6 15 33 31
7 8 32 49
7 16 28 48
9 10 25 45
9 18 39 38
11 12 5 6
12 21 3 36
13 22 12 29
14 23 42 32
15 16 70 47
17 26 9 13
18 19 41 48
19 20 12 27
20 21 10 12
21 22 19 19
22 23 19 50
23 24 84 51
24 25 58 44
25 26 79 63
(971, 1021)

Arvore 25
0 1 21 24
0 9 66 43
2 3 31 58
3 4 83 61
4 5 73 57
4 13 44 29
5 6 37 52
6 15 33 31
7 8 32 49
7 16 28 48
9 10 25 45
9 18 39 38
11 12 5 6
12 21 3 36
13 22 12 29
14 23 42 32
15 16 70 47
15 24 81 64
17 26 9 13
18 19 41 48
19 20 12 27
20 21 10 12
21 22 19 19
22 23 19 50
24 25 58 44
25 26 79 63
(972, 1025)

Arvore 26
0 1 21 24
0 9 66 43
2 3 31 58
3 4 83 61
4 5 73 57
4 13 44 29
5 6 37 52
6 15 33 31
7 8 32 49
7 16 28 48
9 10 25 45
9 18 39 38
11 12 5 6
12 21 3 36
13 22 12 29
14 23 42 32
15 16 70 47
16 25 82 61
17 26 9 13
18 19 41 48
19 20 12 27
20 21 10 12
21 22 19 19
22 23 19 50
24 25 58 44
25 26 79 63
(973, 1022)

Arvore 27
0 1 21 24
0 9 66 43
2 3 31 58
3 4 83 61
4 5 73 57
4 13 44 29
5 6 37 52
6 15 33 31
7 8 32 49
7 16 28 48
9 10 25 45
9 18 39 38
11 12 5 6
12 21 3 36
13 22 12 29
14 23 42 32
15 16 70 47
17 26 9 13
18 19 41 48
19 20 12 27
20 21 10 12
21 22 19 19
22 23 19 50
23 24 84 51
24 25 58 44
25 26 79 63
(975, 1012)

Arvore 28
0 1 21 24
0 9 66 43
1 2 69 75
1 10 65 79
2 3 31 58
4 5 73 57
4 13 44 29
5 6 37 52
6 7 61 51
6 15 33 31
7 8 32 49
7 16 28 48
9 18 39 38
11 12 5 6
12 21 3 36
13 22 12 29
14 23 42 32
15 24 81 64
17 26 9 13
18 19 41 48
19 20 12 27
20 21 10 12
21 22 19 19
22 23 19 50
24 25 58 44
25 26 79 63
(989, 1077)

Arvore 29
0 1 21 24
0 9 66 43
1 2 69 75
1 10 65 79
2 3 31 58
4 5 73 57
4 13 44 29
5 6 37 52
6 7 61 51
6 15 33 31
7 8 32 49
7 16 28 48
9 18 39 38
11 12 5 6
12 21 3 36
13 22 12 29
14 23 42 32
16 25 82 61
17 26 9 13
18 19 41 48
19 20 12 27
20 21 10 12
21 22 19 19
22 23 19 50
24 25 58 44
25 26 79 63
(990, 1074)

Arvore 30
0 1 21 24
0 9 66 43
1 2 69 75
1 10 65 79
2 3 31 58
4 5 73 57
4 13 44 29
5 6 37 52
6 7 61 51
6 15 33 31
7 8 32 49
7 16 28 48
9 18 39 38
11 12 5 6
12 21 3 36
13 22 12 29
14 23 42 32
17 26 9 13
18 19 41 48
19 20 12 27
20 21 10 12
21 22 19 19
22 23 19 50
23 24 84 51
24 25 58 44
25 26 79 63
(992, 1064)

Arvore 31
0 1 21 24
0 9 66 43
1 2 69 75
1 10 65 79
2 3 31 58
4 5 73 57
4 13 44 29
5 6 37 52
6 7 61 51
6 15 33 31
7 8 32 49
9 18 39 38
11 12 5 6
12 21 3 36
13 22 12 29
14 23 42 32
15 16 70 47
15 24 81 64
17 26 9 13
18 19 41 48
19 20 12 27
20 21 10 12
21 22 19 19
22 23 19 50
24 25 58 44
25 26 79 63
(1031, 1076)

Arvore 32
0 1 21 24
0 9 66 43
1 2 69 75
1 10 65 79
2 3 31 58
4 5 73 57
4 13 44 29
5 6 37 52
6 7 61 51
6 15 33 31
7 8 32 49
9 18 39 38
11 12 5 6
12 21 3 36
13 22 12 29
14 23 42 32
15 16 70 47
16 25 82 61
17 26 9 13
18 19 41 48
19 20 12 27
20 21 10 12
21 22 19 19
22 23 19 50
24 25 58 44
25 26 79 63
(1032, 1073)

Arvore 33
0 1 21 24
0 9 66 43
1 2 69 75
1 10 65 79
2 3 31 58
4 5 73 57
4 13 44 29
5 6 37 52
6 7 61 51
6 15 33 31
7 8 32 49
9 18 39 38
11 12 5 6
12 21 3 36
13 22 12 29
14 23 42 32
15 16 70 47
17 26 9 13
18 19 41 48
19 20 12 27
20 21 10 12
21 22 19 19
22 23 19 50
23 24 84 51
24 25 58 44
25 26 79 63
(1034, 1063)

Arvore 34
0 1 21 24
0 9 66 43
1 2 69 75
1 10 65 79
2 3 31 58
4 5 73 57
4 13 44 29
5 6 37 52
6 15 33 31
7 8 32 49
7 16 28 48
9 18 39 38
11 12 5 6
12 21 3 36
13 22 12 29
14 23 42 32
15 16 70 47
15 24 81 64
17 26 9 13
18 19 41 48
19 20 12 27
20 21 10 12
21 22 19 19
22 23 19 50
24 25 58 44
25 26 79 63
(998, 1073)

Arvore 35
0 1 21 24
0 9 66 43
1 2 69 75
1 10 65 79
2 3 31 58
4 5 73 57
4 13 44 29
5 6 37 52
6 15 33 31
7 8 32 49
7 16 28 48
9 18 39 38
11 12 5 6
12 21 3 36
13 22 12 29
14 23 42 32
15 16 70 47
16 25 82 61
17 26 9 13
18 19 41 48
19 20 12 27
20 21 10 12
21 22 19 19
22 23 19 50
24 25 58 44
25 26 79 63
(999, 1070)

Arvore 36
0 1 21 24
0 9 66 43
1 2 69 75
1 10 65 79
2 3 31 58
4 5 73 57
4 13 44 29
5 6 37 52
6 15 33 31
7 8 32 49
7 16 28 48
9 18 39 38
11 12 5 6
12 21 3 36
13 22 12 29
14 23 42 32
15 16 70 47
17 26 9 13
18 19 41 48
19 20 12 27
20 21 10 12
21 22 19 19
22 23 19 50
23 24 84 51
24 25 58 44
25 26 79 63
(1001, 1060)

Arvore 37
0 1 21 24
0 9 66 43
1 10 65 79
2 3 31 58
3 12 79 70
4 5 73 57
4 13 44 29
5 6 37 52
6 7 61 51
6 15 33 31
7 8 32 49
7 16 28 48
9 18 39 38
11 12 5 6
12 21 3 36
13 22 12 29
14 23 42 32
15 24 81 64
17 26 9 13
18 19 41 48
19 20 12 27
20 21 10 12
21 22 19 19
22 23 19 50
24 25 58 44
25 26 79 63
(999, 1072)

Arvore 38
0 1 21 24
0 9 66 43
1 10 65 79
2 3 31 58
3 12 79 70
4 5 73 57
4 13 44 29
5 6 37 52
6 7 61 51
6 15 33 31
7 8 32 49
7 16 28 48
9 18 39 38
11 12 5 6
12 21 3 36
13 22 12 29
14 23 42 32
16 25 82 61
17 26 9 13
18 19 41 48
19 20 12 27
20 21 10 12
21 22 19 19
22 23 19 50
24 25 58 44
25 26 79 63
(1000, 1069)

Arvore 39
0 1 21 24
0 9 66 43
1 10 65 79
2 3 31 58
3 12 79 70
4 5 73 57
4 13 44 29
5 6 37 52
6 7 61 51
6 15 33 31
7 8 32 49
7 16 28 48
9 18 39 38
11 12 5 6
12 21 3 36
13 22 12 29
14 23 42 32
17 26 9 13
18 19 41 48
19 20 12 27
20 21 10 12
21 22 19 19
22 23 19 50
23 24 84 51
24 25 58 44
25 26 79 63
(1002, 1059)

Arvore 40
0 1 21 24
0 9 66 43
1 10 65 79
2 3 31 58
3 4 83 61
4 5 73 57
4 13 44 29
5 6 37 52
6 7 61 51
6 15 33 31
7 8 32 49
7 16 28 48
9 18 39 38
11 12 5 6
12 21 3 36
13 22 12 29
14 23 42 32
15 24 81 64
17 26 9 13
18 19 41 48
19 20 12 27
20 21 10 12
21 22 19 19
22 23 19 50
24 25 58 44
25 26 79 63
(1003, 1063)

Arvore 41
0 1 21 24
0 9 66 43
1 10 65 79
2 3 31 58
3 4 83 61
4 5 73 57
4 13 44 29
5 6 37 52
6 7 61 51
6 15 33 31
7 8 32 49
7 16 28 48
9 18 39 38
11 12 5 6
12 21 3 36
13 22 12 29
14 23 42 32
16 25 82 61
17 26 9 13
18 19 41 48
19 20 12 27
20 21 10 12
21 22 19 19
22 23 19 50
24 25 58 44
25 26 79 63
(1004, 1060)

Arvore 42
0 1 21 24
0 9 66 43
1 10 65 79
2 3 31 58
3 4 83 61
4 5 73 57
4 13 44 29
5 6 37 52
6 7 61 51
6 15 33 31
7 8 32 49
7 16 28 48
9 18 39 38
11 12 5 6
12 21 3 36
13 22 12 29
14 23 42 32
17 26 9 13
18 19 41 48
19 20 12 27
20 21 10 12
21 22 19 19
22 23 19 50
23 24 84 51
24 25 58 44
25 26 79 63
(1006, 1050)

Arvore 43
0 1 21 24
0 9 66 43
1 10 65 79
2 3 31 58
3 12 79 70
4 5 73 57
4 13 44 29
5 6 37 52
6 7 61 51
6 15 33 31
7 8 32 49
9 18 39 38
11 12 5 6
12 21 3 36
13 22 12 29
14 23 42 32
15 16 70 47
15 24 81 64
17 26 9 13
18 19 41 48
19 20 12 27
20 21 10 12
21 22 19 19
22 23 19 50
24 25 58 44
25 26 79 63
(1041, 1071)

Arvore 44
0 1 21 24
0 9 66 43
1 10 65 79
2 3 31 58
3 12 79 70
4 5 73 57
4 13 44 29
5 6 37 52
6 7 61 51
6 15 33 31
7 8 32 49
9 18 39 38
11 12 5 6
12 21 3 36
13 22 12 29
14 23 42 32
15 16 70 47
16 25 82 61
17 26 9 13
18 19 41 48
19 20 12 27
20 21 10 12
21 22 19 19
22 23 19 50
24 25 58 44
25 26 79 63
(1042, 1068)

Arvore 45
0 1 21 24
0 9 66 43
1 10 65 79
2 3 31 58
3 12 79 70
4 5 73 57
4 13 44 29
5 6 37 52
6 7 61 51
6 15 33 31
7 8 32 49
9 18 39 38
11 12 5 6
12 21 3 36
13 22 12 29
14 23 42 32
15 16 70 47
17 26 9 13
18 19 41 48
19 20 12 27
20 21 10 12
21 22 19 19
22 23 19 50
23 24 84 51
24 25 58 44
25 26 79 63
(1044, 1058)

Arvore 46
0 1 21 24
0 9 66 43
1 10 65 79
2 3 31 58
3 4 83 61
4 5 73 57
4 13 44 29
5 6 37 52
6 7 61 51
6 15 33 31
7 8 32 49
9 18 39 38
11 12 5 6
12 21 3 36
13 22 12 29
14 23 42 32
15 16 70 47
15 24 81 64
17 26 9 13
18 19 41 48
19 20 12 27
20 21 10 12
21 22 19 19
22 23 19 50
24 25 58 44
25 26 79 63
(1045, 1062)

Arvore 47
0 1 21 24
0 9 66 43
1 10 65 79
2 3 31 58
3 4 83 61
4 5 73 57
4 13 44 29
5 6 37 52
6 7 61 51
6 15 33 31
7 8 32 49
9 18 39 38
11 12 5 6
12 21 3 36
13 22 12 29
14 23 42 32
15 16 70 47
16 25 82 61
17 26 9 13
18 19 41 48
19 20 12 27
20 21 10 12
21 22 19 19
22 23 19 50
24 25 58 44
25 26 79 63
(1046, 1059)

Arvore 48
0 1 21 24
0 9 66 43
1 10 65 79
2 3 31 58
3 4 83 61
4 5 73 57
4 13 44 29
5 6 37 52
6 7 61 51
6 15 33 31
7 8 32 49
9 18 39 38
11 12 5 6
12 21 3 36
13 22 12 29
14 23 42 32
15 16 70 47
17 26 9 13
18 19 41 48
19 20 12 27
20 21 10 12
21 22 19 19
22 23 19 50
23 24 84 51
24 25 58 44
25 26 79 63
(1048, 1049)

Arvore 49
0 1 21 24
0 9 66 43
1 10 65 79
2 3 31 58
3 12 79 70
4 5 73 57
4 13 44 29
5 6 37 52
6 15 33 31
7 8 32 49
7 16 28 48
9 18 39 38
11 12 5 6
12 21 3 36
13 22 12 29
14 23 42 32
15 16 70 47
15 24 81 64
17 26 9 13
18 19 41 48
19 20 12 27
20 21 10 12
21 22 19 19
22 23 19 50
24 25 58 44
25 26 79 63
(1008, 1068)

Arvore 50
0 1 21 24
0 9 66 43
1 10 65 79
2 3 31 58
3 12 79 70
4 5 73 57
4 13 44 29
5 6 37 52
6 15 33 31
7 8 32 49
7 16 28 48
9 18 39 38
11 12 5 6
12 21 3 36
13 22 12 29
14 23 42 32
15 16 70 47
16 25 82 61
17 26 9 13
18 19 41 48
19 20 12 27
20 21 10 12
21 22 19 19
22 23 19 50
24 25 58 44
25 26 79 63
(1009, 1065)

Arvore 51
0 1 21 24
0 9 66 43
1 10 65 79
2 3 31 58
3 12 79 70
4 5 73 57
4 13 44 29
5 6 37 52
6 15 33 31
7 8 32 49
7 16 28 48
9 18 39 38
11 12 5 6
12 21 3 36
13 22 12 29
14 23 42 32
15 16 70 47
17 26 9 13
18 19 41 48
19 20 12 27
20 21 10 12
21 22 19 19
22 23 19 50
23 24 84 51
24 25 58 44
25 26 79 63
(1011, 1055)

Arvore 52
0 1 21 24
0 9 66 43
1 10 65 79
2 3 31 58
3 4 83 61
4 5 73 57
4 13 44 29
5 6 37 52
6 15 33 31
7 8 32 49
7 16 28 48
9 18 39 38
11 12 5 6
12 21 3 36
13 22 12 29
14 23 42 32
15 16 70 47
15 24 81 64
17 26 9 13
18 19 41 48
19 20 12 27
20 21 10 12
21 22 19 19
22 23 19 50
24 25 58 44
25 26 79 63
(1012, 1059)

Arvore 53
0 1 21 24
0 9 66 43
1 10 65 79
2 3 31 58
3 4 83 61
4 5 73 57
4 13 44 29
5 6 37 52
6 15 33 31
7 8 32 49
7 16 28 48
9 18 39 38
11 12 5 6
12 21 3 36
13 22 12 29
14 23 42 32
15 16 70 47
16 25 82 61
17 26 9 13
18 19 41 48
19 20 12 27
20 21 10 12
21 22 19 19
22 23 19 50
24 25 58 44
25 26 79 63
(1013, 1056)

Arvore 54
0 1 21 24
0 9 66 43
1 10 65 79
2 3 31 58
3 4 83 61
4 5 73 57
4 13 44 29
5 6 37 52
6 15 33 31
7 8 32 49
7 16 28 48
9 18 39 38
11 12 5 6
12 21 3 36
13 22 12 29
14 23 42 32
15 16 70 47
17 26 9 13
18 19 41 48
19 20 12 27
20 21 10 12
21 22 19 19
22 23 19 50
23 24 84 51
24 25 58 44
25 26 79 63
(1015, 1046)

Arvore 55
0 1 21 24
1 2 69 75
1 10 65 79
2 3 31 58
4 5 73 57
4 13 44 29
5 6 37 52
6 7 61 51
6 15 33 31
7 8 32 49
7 16 28 48
9 10 25 45
9 18 39 38
11 12 5 6
12 21 3 36
13 22 12 29
14 23 42 32
15 24 81 64
17 26 9 13
18 19 41 48
19 20 12 27
20 21 10 12
21 22 19 19
22 23 19 50
24 25 58 44
25 26 79 63
(948, 1079)

Arvore 56
0 1 21 24
1 2 69 75
1 10 65 79
2 3 31 58
4 5 73 57
4 13 44 29
5 6 37 52
6 7 61 51
6 15 33 31
7 8 32 49
7 16 28 48
9 10 25 45
9 18 39 38
11 12 5 6
12 21 3 36
13 22 12 29
14 23 42 32
16 25 82 61
17 26 9 13
18 19 41 48
19 20 12 27
20 21 10 12
21 22 19 19
22 23 19 50
24 25 58 44
25 26 79 63
(949, 1076)

Arvore 57
0 1 21 24
1 2 69 75
1 10 65 79
2 3 31 58
4 5 73 57
4 13 44 29
5 6 37 52
6 7 61 51
6 15 33 31
7 8 32 49
7 16 28 48
9 10 25 45
9 18 39 38
11 12 5 6
12 21 3 36
13 22 12 29
14 23 42 32
17 26 9 13
18 19 41 48
19 20 12 27
20 21 10 12
21 22 19 19
22 23 19 50
23 24 84 51
24 25 58 44
25 26 79 63
(951, 1066)

Arvore 58
0 1 21 24
1 2 69 75
1 10 65 79
2 3 31 58
4 5 73 57
4 13 44 29
5 6 37 52
6 7 61 51
6 15 33 31
7 8 32 49
9 10 25 45
9 18 39 38
11 12 5 6
12 21 3 36
13 22 12 29
14 23 42 32
15 16 70 47
15 24 81 64
17 26 9 13
18 19 41 48
19 20 12 27
20 21 10 12
21 22 19 19
22 23 19 50
24 25 58 44
25 26 79 63
(990, 1078)

Arvore 59
0 1 21 24
1 2 69 75
1 10 65 79
2 3 31 58
4 5 73 57
4 13 44 29
5 6 37 52
6 7 61 51
6 15 33 31
7 8 32 49
9 10 25 45
9 18 39 38
11 12 5 6
12 21 3 36
13 22 12 29
14 23 42 32
15 16 70 47
16 25 82 61
17 26 9 13
18 19 41 48
19 20 12 27
20 21 10 12
21 22 19 19
22 23 19 50
24 25 58 44
25 26 79 63
(991, 1075)

Arvore 60
0 1 21 24
1 2 69 75
1 10 65 79
2 3 31 58
4 5 73 57
4 13 44 29
5 6 37 52
6 7 61 51
6 15 33 31
7 8 32 49
9 10 25 45
9 18 39 38
11 12 5 6
12 21 3 36
13 22 12 29
14 23 42 32
15 16 70 47
17 26 9 13
18 19 41 48
19 20 12 27
20 21 10 12
21 22 19 19
22 23 19 50
23 24 84 51
24 25 58 44
25 26 79 63
(993, 1065)

Arvore 61
0 1 21 24
1 2 69 75
1 10 65 79
2 3 31 58
4 5 73 57
4 13 44 29
5 6 37 52
6 15 33 31
7 8 32 49
7 16 28 48
9 10 25 45
9 18 39 38
11 12 5 6
12 21 3 36
13 22 12 29
14 23 42 32
15 16 70 47
15 24 81 64
17 26 9 13
18 19 41 48
19 20 12 27
20 21 10 12
21 22 19 19
22 23 19 50
24 25 58 44
25 26 79 63
(957, 1075)

Arvore 62
0 1 21 24
1 2 69 75
1 10 65 79
2 3 31 58
4 5 73 57
4 13 44 29
5 6 37 52
6 15 33 31
7 8 32 49
7 16 28 48
9 10 25 45
9 18 39 38
11 12 5 6
12 21 3 36
13 22 12 29
14 23 42 32
15 16 70 47
16 25 82 61
17 26 9 13
18 19 41 48
19 20 12 27
20 21 10 12
21 22 19 19
22 23 19 50
24 25 58 44
25 26 79 63
(958, 1072)

Arvore 63
0 1 21 24
1 2 69 75
1 10 65 79
2 3 31 58
4 5 73 57
4 13 44 29
5 6 37 52
6 15 33 31
7 8 32 49
7 16 28 48
9 10 25 45
9 18 39 38
11 12 5 6
12 21 3 36
13 22 12 29
14 23 42 32
15 16 70 47
17 26 9 13
18 19 41 48
19 20 12 27
20 21 10 12
21 22 19 19
22 23 19 50
23 24 84 51
24 25 58 44
25 26 79 63
(960, 1062)

Arvore 64
0 1 21 24
1 10 65 79
2 3 31 58
3 12 79 70
4 5 73 57
4 13 44 29
5 6 37 52
6 7 61 51
6 15 33 31
7 8 32 49
7 16 28 48
9 10 25 45
9 18 39 38
11 12 5 6
12 21 3 36
13 22 12 29
14 23 42 32
15 24 81 64
17 26 9 13
18 19 41 48
19 20 12 27
20 21 10 12
21 22 19 19
22 23 19 50
24 25 58 44
25 26 79 63
(958, 1074)

Arvore 65
0 1 21 24
1 10 65 79
2 3 31 58
3 12 79 70
4 5 73 57
4 13 44 29
5 6 37 52
6 7 61 51
6 15 33 31
7 8 32 49
7 16 28 48
9 10 25 45
9 18 39 38
11 12 5 6
12 21 3 36
13 22 12 29
14 23 42 32
16 25 82 61
17 26 9 13
18 19 41 48
19 20 12 27
20 21 10 12
21 22 19 19
22 23 19 50
24 25 58 44
25 26 79 63
(959, 1071)

Arvore 66
0 1 21 24
1 10 65 79
2 3 31 58
3 12 79 70
4 5 73 57
4 13 44 29
5 6 37 52
6 7 61 51
6 15 33 31
7 8 32 49
7 16 28 48
9 10 25 45
9 18 39 38
11 12 5 6
12 21 3 36
13 22 12 29
14 23 42 32
17 26 9 13
18 19 41 48
19 20 12 27
20 21 10 12
21 22 19 19
22 23 19 50
23 24 84 51
24 25 58 44
25 26 79 63
(961, 1061)

Arvore 67
0 1 21 24
1 10 65 79
2 3 31 58
3 4 83 61
4 5 73 57
4 13 44 29
5 6 37 52
6 7 61 51
6 15 33 31
7 8 32 49
7 16 28 48
9 10 25 45
9 18 39 38
11 12 5 6
12 21 3 36
13 22 12 29
14 23 42 32
15 24 81 64
17 26 9 13
18 19 41 48
19 20 12 27
20 21 10 12
21 22 19 19
22 23 19 50
24 25 58 44
25 26 79 63
(962, 1065)

Arvore 68
0 1 21 24
1 10 65 79
2 3 31 58
3 4 83 61
4 5 73 57
4 13 44 29
5 6 37 52
6 7 61 51
6 15 33 31
7 8 32 49
7 16 28 48
9 10 25 45
9 18 39 38
11 12 5 6
12 21 3 36
13 22 12 29
14 23 42 32
16 25 82 61
17 26 9 13
18 19 41 48
19 20 12 27
20 21 10 12
21 22 19 19
22 23 19 50
24 25 58 44
25 26 79 63
(963, 1062)

Arvore 69
0 1 21 24
1 10 65 79
2 3 31 58
3 4 83 61
4 5 73 57
4 13 44 29
5 6 37 52
6 7 61 51
6 15 33 31
7 8 32 49
7 16 28 48
9 10 25 45
9 18 39 38
11 12 5 6
12 21 3 36
13 22 12 29
14 23 42 32
17 26 9 13
18 19 41 48
19 20 12 27
20 21 10 12
21 22 19 19
22 23 19 50
23 24 84 51
24 25 58 44
25 26 79 63
(965, 1052)

Arvore 70
0 1 21 24
1 10 65 79
2 3 31 58
3 12 79 70
4 5 73 57
4 13 44 29
5 6 37 52
6 7 61 51
6 15 33 31
7 8 32 49
9 10 25 45
9 18 39 38
11 12 5 6
12 21 3 36
13 22 12 29
14 23 42 32
15 16 70 47
15 24 81 64
17 26 9 13
18 19 41 48
19 20 12 27
20 21 10 12
21 22 19 19
22 23 19 50
24 25 58 44
25 26 79 63
(1000, 1073)

Arvore 71
0 1 21 24
1 10 65 79
2 3 31 58
3 12 79 70
4 5 73 57
4 13 44 29
5 6 37 52
6 7 61 51
6 15 33 31
7 8 32 49
9 10 25 45
9 18 39 38
11 12 5 6
12 21 3 36
13 22 12 29
14 23 42 32
15 16 70 47
16 25 82 61
17 26 9 13
18 19 41 48
19 20 12 27
20 21 10 12
21 22 19 19
22 23 19 50
24 25 58 44
25 26 79 63
(1001, 1070)

Arvore 72
0 1 21 24
1 10 65 79
2 3 31 58
3 12 79 70
4 5 73 57
4 13 44 29
5 6 37 52
6 7 61 51
6 15 33 31
7 8 32 49
9 10 25 45
9 18 39 38
11 12 5 6
12 21 3 36
13 22 12 29
14 23 42 32
15 16 70 47
17 26 9 13
18 19 41 48
19 20 12 27
20 21 10 12
21 22 19 19
22 23 19 50
23 24 84 51
24 25 58 44
25 26 79 63
(1003, 1060)

Arvore 73
0 1 21 24
1 10 65 79
2 3 31 58
3 4 83 61
4 5 73 57
4 13 44 29
5 6 37 52
6 7 61 51
6 15 33 31
7 8 32 49
9 10 25 45
9 18 39 38
11 12 5 6
12 21 3 36
13 22 12 29
14 23 42 32
15 16 70 47
15 24 81 64
17 26 9 13
18 19 41 48
19 20 12 27
20 21 10 12
21 22 19 19
22 23 19 50
24 25 58 44
25 26 79 63
(1004, 1064)

Arvore 74
0 1 21 24
1 10 65 79
2 3 31 58
3 4 83 61
4 5 73 57
4 13 44 29
5 6 37 52
6 7 61 51
6 15 33 31
7 8 32 49
9 10 25 45
9 18 39 38
11 12 5 6
12 21 3 36
13 22 12 29
14 23 42 32
15 16 70 47
16 25 82 61
17 26 9 13
18 19 41 48
19 20 12 27
20 21 10 12
21 22 19 19
22 23 19 50
24 25 58 44
25 26 79 63
(1005, 1061)

Arvore 75
0 1 21 24
1 10 65 79
2 3 31 58
3 4 83 61
4 5 73 57
4 13 44 29
5 6 37 52
6 7 61 51
6 15 33 31
7 8 32 49
9 10 25 45
9 18 39 38
11 12 5 6
12 21 3 36
13 22 12 29
14 23 42 32
15 16 70 47
17 26 9 13
18 19 41 48
19 20 12 27
20 21 10 12
21 22 19 19
22 23 19 50
23 24 84 51
24 25 58 44
25 26 79 63
(1007, 1051)

Arvore 76
0 1 21 24
1 10 65 79
2 3 31 58
3 12 79 70
4 5 73 57
4 13 44 29
5 6 37 52
6 15 33 31
7 8 32 49
7 16 28 48
9 10 25 45
9 18 39 38
11 12 5 6
12 21 3 36
13 22 12 29
14 23 42 32
15 16 70 47
15 24 81 64
17 26 9 13
18 19 41 48
19 20 12 27
20 21 10 12
21 22 19 19
22 23 19 50
24 25 58 44
25 26 79 63
(967, 1070)

Arvore 77
0 1 21 24
1 10 65 79
2 3 31 58
3 12 79 70
4 5 73 57
4 13 44 29
5 6 37 52
6 15 33 31
7 8 32 49
7 16 28 48
9 10 25 45
9 18 39 38
11 12 5 6
12 21 3 36
13 22 12 29
14 23 42 32
15 16 70 47
16 25 82 61
17 26 9 13
18 19 41 48
19 20 12 27
20 21 10 12
21 22 19 19
22 23 19 50
24 25 58 44
25 26 79 63
(968, 1067)

Arvore 78
0 1 21 24
1 10 65 79
2 3 31 58
3 12 79 70
4 5 73 57
4 13 44 29
5 6 37 52
6 15 33 31
7 8 32 49
7 16 28 48
9 10 25 45
9 18 39 38
11 12 5 6
12 21 3 36
13 22 12 29
14 23 42 32
15 16 70 47
17 26 9 13
18 19 41 48
19 20 12 27
20 21 10 12
21 22 19 19
22 23 19 50
23 24 84 51
24 25 58 44
25 26 79 63
(970, 1057)

Arvore 79
0 1 21 24
1 10 65 79
2 3 31 58
3 4 83 61
4 5 73 57
4 13 44 29
5 6 37 52
6 15 33 31
7 8 32 49
7 16 28 48
9 10 25 45
9 18 39 38
11 12 5 6
12 21 3 36
13 22 12 29
14 23 42 32
15 16 70 47
15 24 81 64
17 26 9 13
18 19 41 48
19 20 12 27
20 21 10 12
21 22 19 19
22 23 19 50
24 25 58 44
25 26 79 63
(971, 1061)

Arvore 80
0 1 21 24
1 10 65 79
2 3 31 58
3 4 83 61
4 5 73 57
4 13 44 29
5 6 37 52
6 15 33 31
7 8 32 49
7 16 28 48
9 10 25 45
9 18 39 38
11 12 5 6
12 21 3 36
13 22 12 29
14 23 42 32
15 16 70 47
16 25 82 61
17 26 9 13
18 19 41 48
19 20 12 27
20 21 10 12
21 22 19 19
22 23 19 50
24 25 58 44
25 26 79 63
(972, 1058)

Arvore 81
0 1 21 24
1 10 65 79
2 3 31 58
3 4 83 61
4 5 73 57
4 13 44 29
5 6 37 52
6 15 33 31
7 8 32 49
7 16 28 48
9 10 25 45
9 18 39 38
11 12 5 6
12 21 3 36
13 22 12 29
14 23 42 32
15 16 70 47
17 26 9 13
18 19 41 48
19 20 12 27
20 21 10 12
21 22 19 19
22 23 19 50
23 24 84 51
24 25 58 44
25 26 79 63
(974, 1048)

