695
6.95
Arvore 1
0 12 82 83
1 2 38 57
1 13 75 53
2 3 53 59
2 14 37 32
3 15 25 25
4 5 73 65
5 6 39 62
5 17 26 54
7 8 23 19
7 19 59 68
8 9 7 34
8 20 44 53
9 10 91 57
11 23 77 80
12 13 46 37
13 25 34 49
14 26 18 11
15 16 3 34
16 17 72 43
16 28 26 40
18 19 45 66
18 30 23 49
19 31 1 17
20 21 0 26
20 32 63 65
21 22 30 32
21 33 27 55
22 23 50 48
22 34 62 54
24 25 85 71
26 27 65 57
28 29 16 21
29 30 52 47
34 35 84 51
(1551, 1674)

Arvore 2
0 12 82 83
1 2 38 57
1 13 75 53
2 3 53 59
2 14 37 32
3 15 25 25
4 5 73 65
5 6 39 62
5 17 26 54
7 8 23 19
7 19 59 68
8 9 7 34
8 20 44 53
10 22 85 81
11 23 77 80
12 13 46 37
13 25 34 49
14 26 18 11
15 16 3 34
16 17 72 43
16 28 26 40
18 19 45 66
18 30 23 49
19 31 1 17
20 21 0 26
20 32 63 65
21 22 30 32
21 33 27 55
22 23 50 48
22 34 62 54
24 25 85 71
26 27 65 57
28 29 16 21
29 30 52 47
34 35 84 51
(1545, 1698)

Arvore 3
0 12 82 83
1 2 38 57
1 13 75 53
2 3 53 59
2 14 37 32
3 15 25 25
4 5 73 65
5 6 39 62
5 17 26 54
7 8 23 19
7 19 59 68
8 9 7 34
8 20 44 53
9 10 91 57
11 23 77 80
12 13 46 37
13 25 34 49
14 26 18 11
15 16 3 34
16 17 72 43
16 28 26 40
18 19 45 66
18 30 23 49
19 31 1 17
20 21 0 26
21 22 30 32
21 33 27 55
22 23 50 48
22 34 62 54
24 25 85 71
26 27 65 57
28 29 16 21
29 30 52 47
31 32 72 56
34 35 84 51
(1560, 1665)

Arvore 4
0 12 82 83
1 2 38 57
1 13 75 53
2 3 53 59
2 14 37 32
3 15 25 25
4 5 73 65
5 6 39 62
5 17 26 54
7 8 23 19
7 19 59 68
8 9 7 34
8 20 44 53
10 22 85 81
11 23 77 80
12 13 46 37
13 25 34 49
14 26 18 11
15 16 3 34
16 17 72 43
16 28 26 40
18 19 45 66
18 30 23 49
19 31 1 17
20 21 0 26
21 22 30 32
21 33 27 55
22 23 50 48
22 34 62 54
24 25 85 71
26 27 65 57
28 29 16 21
29 30 52 47
31 32 72 56
34 35 84 51
(1554, 1689)

Arvore 5
0 12 82 83
1 2 38 57
1 13 75 53
2 3 53 59
2 14 37 32
3 15 25 25
4 5 73 65
5 6 39 62
5 17 26 54
7 8 23 19
8 9 7 34
8 20 44 53
9 10 91 57
11 23 77 80
12 13 46 37
13 25 34 49
14 26 18 11
15 16 3 34
16 17 72 43
16 28 26 40
18 19 45 66
18 30 23 49
19 20 66 59
19 31 1 17
20 21 0 26
20 32 63 65
21 22 30 32
21 33 27 55
22 23 50 48
22 34 62 54
24 25 85 71
26 27 65 57
28 29 16 21
29 30 52 47
34 35 84 51
(1558, 1665)

Arvore 6
0 12 82 83
1 2 38 57
1 13 75 53
2 3 53 59
2 14 37 32
3 15 25 25
4 5 73 65
5 6 39 62
5 17 26 54
7 8 23 19
8 9 7 34
8 20 44 53
10 22 85 81
11 23 77 80
12 13 46 37
13 25 34 49
14 26 18 11
15 16 3 34
16 17 72 43
16 28 26 40
18 19 45 66
18 30 23 49
19 20 66 59
19 31 1 17
20 21 0 26
20 32 63 65
21 22 30 32
21 33 27 55
22 23 50 48
22 34 62 54
24 25 85 71
26 27 65 57
28 29 16 21
29 30 52 47
34 35 84 51
(1552, 1689)

Arvore 7
0 12 82 83
1 2 38 57
1 13 75 53
2 3 53 59
2 14 37 32
3 15 25 25
4 5 73 65
5 6 39 62
5 17 26 54
7 8 23 19
8 9 7 34
8 20 44 53
9 10 91 57
11 23 77 80
12 13 46 37
13 25 34 49
14 26 18 11
15 16 3 34
16 17 72 43
16 28 26 40
18 19 45 66
18 30 23 49
19 20 66 59
19 31 1 17
20 21 0 26
21 22 30 32
21 33 27 55
22 23 50 48
22 34 62 54
24 25 85 71
26 27 65 57
28 29 16 21
29 30 52 47
31 32 72 56
34 35 84 51
(1567, 1656)

Arvore 8
0 12 82 83
1 2 38 57
1 13 75 53
2 3 53 59
2 14 37 32
3 15 25 25
4 5 73 65
5 6 39 62
5 17 26 54
7 8 23 19
8 9 7 34
8 20 44 53
10 22 85 81
11 23 77 80
12 13 46 37
13 25 34 49
14 26 18 11
15 16 3 34
16 17 72 43
16 28 26 40
18 19 45 66
18 30 23 49
19 20 66 59
19 31 1 17
20 21 0 26
21 22 30 32
21 33 27 55
22 23 50 48
22 34 62 54
24 25 85 71
26 27 65 57
28 29 16 21
29 30 52 47
31 32 72 56
34 35 84 51
(1561, 1680)

Arvore 9
0 12 82 83
1 2 38 57
1 13 75 53
2 3 53 59
2 14 37 32
3 15 25 25
4 5 73 65
5 6 39 62
5 17 26 54
7 8 23 19
8 9 7 34
8 20 44 53
9 10 91 57
11 23 77 80
12 13 46 37
13 25 34 49
14 26 18 11
15 16 3 34
16 17 72 43
16 28 26 40
18 19 45 66
18 30 23 49
19 31 1 17
20 21 0 26
20 32 63 65
21 22 30 32
21 33 27 55
22 23 50 48
22 34 62 54
24 25 85 71
26 27 65 57
28 29 16 21
29 30 52 47
31 32 72 56
34 35 84 51
(1564, 1662)

Arvore 10
0 12 82 83
1 2 38 57
1 13 75 53
2 3 53 59
2 14 37 32
3 15 25 25
4 5 73 65
5 6 39 62
5 17 26 54
7 8 23 19
8 9 7 34
8 20 44 53
10 22 85 81
11 23 77 80
12 13 46 37
13 25 34 49
14 26 18 11
15 16 3 34
16 17 72 43
16 28 26 40
18 19 45 66
18 30 23 49
19 31 1 17
20 21 0 26
20 32 63 65
21 22 30 32
21 33 27 55
22 23 50 48
22 34 62 54
24 25 85 71
26 27 65 57
28 29 16 21
29 30 52 47
31 32 72 56
34 35 84 51
(1558, 1686)

Arvore 11
0 12 82 83
1 2 38 57
1 13 75 53
2 3 53 59
2 14 37 32
3 15 25 25
4 5 73 65
5 6 39 62
5 17 26 54
7 8 23 19
8 9 7 34
8 20 44 53
9 10 91 57
11 23 77 80
12 13 46 37
13 25 34 49
14 26 18 11
15 16 3 34
16 17 72 43
16 28 26 40
18 19 45 66
18 30 23 49
19 31 1 17
20 21 0 26
20 32 63 65
21 22 30 32
21 33 27 55
22 23 50 48
22 34 62 54
24 25 85 71
26 27 65 57
28 29 16 21
29 30 52 47
31 32 72 56
34 35 84 51
(1564, 1662)

Arvore 12
0 12 82 83
1 2 38 57
1 13 75 53
2 3 53 59
2 14 37 32
3 15 25 25
4 5 73 65
5 6 39 62
5 17 26 54
7 8 23 19
7 19 59 68
8 9 7 34
8 20 44 53
9 10 91 57
11 23 77 80
12 13 46 37
13 25 34 49
14 26 18 11
15 16 3 34
16 17 72 43
16 28 26 40
18 30 23 49
19 31 1 17
20 21 0 26
20 32 63 65
21 22 30 32
21 33 27 55
22 23 50 48
22 34 62 54
24 25 85 71
26 27 65 57
28 29 16 21
29 30 52 47
30 31 78 60
34 35 84 51
(1584, 1668)

Arvore 13
0 12 82 83
1 2 38 57
1 13 75 53
2 3 53 59
2 14 37 32
3 15 25 25
4 5 73 65
5 6 39 62
5 17 26 54
7 8 23 19
7 19 59 68
8 9 7 34
8 20 44 53
10 22 85 81
11 23 77 80
12 13 46 37
13 25 34 49
14 26 18 11
15 16 3 34
16 17 72 43
16 28 26 40
18 30 23 49
19 31 1 17
20 21 0 26
20 32 63 65
21 22 30 32
21 33 27 55
22 23 50 48
22 34 62 54
24 25 85 71
26 27 65 57
28 29 16 21
29 30 52 47
30 31 78 60
34 35 84 51
(1578, 1692)

Arvore 14
0 12 82 83
1 2 38 57
1 13 75 53
2 3 53 59
2 14 37 32
3 15 25 25
4 5 73 65
5 6 39 62
5 17 26 54
7 8 23 19
7 19 59 68
8 9 7 34
8 20 44 53
9 10 91 57
11 23 77 80
12 13 46 37
13 25 34 49
14 26 18 11
15 16 3 34
16 17 72 43
16 28 26 40
18 30 23 49
19 31 1 17
20 21 0 26
21 22 30 32
21 33 27 55
22 23 50 48
22 34 62 54
24 25 85 71
26 27 65 57
28 29 16 21
29 30 52 47
30 31 78 60
31 32 72 56
34 35 84 51
(1593, 1659)

Arvore 15
0 12 82 83
1 2 38 57
1 13 75 53
2 3 53 59
2 14 37 32
3 15 25 25
4 5 73 65
5 6 39 62
5 17 26 54
7 8 23 19
7 19 59 68
8 9 7 34
8 20 44 53
10 22 85 81
11 23 77 80
12 13 46 37
13 25 34 49
14 26 18 11
15 16 3 34
16 17 72 43
16 28 26 40
18 30 23 49
19 31 1 17
20 21 0 26
21 22 30 32
21 33 27 55
22 23 50 48
22 34 62 54
24 25 85 71
26 27 65 57
28 29 16 21
29 30 52 47
30 31 78 60
31 32 72 56
34 35 84 51
(1587, 1683)

Arvore 16
0 12 82 83
1 2 38 57
1 13 75 53
2 3 53 59
2 14 37 32
3 15 25 25
4 5 73 65
5 6 39 62
5 17 26 54
7 8 23 19
8 9 7 34
8 20 44 53
9 10 91 57
11 23 77 80
12 13 46 37
13 25 34 49
14 26 18 11
15 16 3 34
16 17 72 43
16 28 26 40
18 30 23 49
19 20 66 59
19 31 1 17
20 21 0 26
20 32 63 65
21 22 30 32
21 33 27 55
22 23 50 48
22 34 62 54
24 25 85 71
26 27 65 57
28 29 16 21
29 30 52 47
30 31 78 60
34 35 84 51
(1591, 1659)

Arvore 17
0 12 82 83
1 2 38 57
1 13 75 53
2 3 53 59
2 14 37 32
3 15 25 25
4 5 73 65
5 6 39 62
5 17 26 54
7 8 23 19
8 9 7 34
8 20 44 53
10 22 85 81
11 23 77 80
12 13 46 37
13 25 34 49
14 26 18 11
15 16 3 34
16 17 72 43
16 28 26 40
18 30 23 49
19 20 66 59
19 31 1 17
20 21 0 26
20 32 63 65
21 22 30 32
21 33 27 55
22 23 50 48
22 34 62 54
24 25 85 71
26 27 65 57
28 29 16 21
29 30 52 47
30 31 78 60
34 35 84 51
(1585, 1683)

Arvore 18
0 12 82 83
1 2 38 57
1 13 75 53
2 3 53 59
2 14 37 32
3 15 25 25
4 5 73 65
5 6 39 62
5 17 26 54
7 8 23 19
8 9 7 34
8 20 44 53
9 10 91 57
11 23 77 80
12 13 46 37
13 25 34 49
14 26 18 11
15 16 3 34
16 17 72 43
16 28 26 40
18 30 23 49
19 20 66 59
19 31 1 17
20 21 0 26
21 22 30 32
21 33 27 55
22 23 50 48
22 34 62 54
24 25 85 71
26 27 65 57
28 29 16 21
29 30 52 47
30 31 78 60
31 32 72 56
34 35 84 51
(1600, 1650)

Arvore 19
0 12 82 83
1 2 38 57
1 13 75 53
2 3 53 59
2 14 37 32
3 15 25 25
4 5 73 65
5 6 39 62
5 17 26 54
7 8 23 19
8 9 7 34
8 20 44 53
10 22 85 81
11 23 77 80
12 13 46 37
13 25 34 49
14 26 18 11
15 16 3 34
16 17 72 43
16 28 26 40
18 30 23 49
19 20 66 59
19 31 1 17
20 21 0 26
21 22 30 32
21 33 27 55
22 23 50 48
22 34 62 54
24 25 85 71
26 27 65 57
28 29 16 21
29 30 52 47
30 31 78 60
31 32 72 56
34 35 84 51
(1594, 1674)

Arvore 20
0 12 82 83
1 2 38 57
1 13 75 53
2 3 53 59
2 14 37 32
3 15 25 25
4 5 73 65
5 6 39 62
5 17 26 54
7 8 23 19
8 9 7 34
8 20 44 53
9 10 91 57
11 23 77 80
12 13 46 37
13 25 34 49
14 26 18 11
15 16 3 34
16 17 72 43
16 28 26 40
18 30 23 49
19 31 1 17
20 21 0 26
20 32 63 65
21 22 30 32
21 33 27 55
22 23 50 48
22 34 62 54
24 25 85 71
26 27 65 57
28 29 16 21
29 30 52 47
30 31 78 60
31 32 72 56
34 35 84 51
(1597, 1656)

Arvore 21
0 12 82 83
1 2 38 57
1 13 75 53
2 3 53 59
2 14 37 32
3 15 25 25
4 5 73 65
5 6 39 62
5 17 26 54
7 8 23 19
8 9 7 34
8 20 44 53
10 22 85 81
11 23 77 80
12 13 46 37
13 25 34 49
14 26 18 11
15 16 3 34
16 17 72 43
16 28 26 40
18 30 23 49
19 31 1 17
20 21 0 26
20 32 63 65
21 22 30 32
21 33 27 55
22 23 50 48
22 34 62 54
24 25 85 71
26 27 65 57
28 29 16 21
29 30 52 47
30 31 78 60
31 32 72 56
34 35 84 51
(1591, 1680)

Arvore 22
0 12 82 83
1 2 38 57
1 13 75 53
2 3 53 59
2 14 37 32
3 15 25 25
4 5 73 65
5 6 39 62
5 17 26 54
7 8 23 19
7 19 59 68
8 9 7 34
8 20 44 53
9 10 91 57
11 23 77 80
12 13 46 37
13 25 34 49
14 26 18 11
15 16 3 34
16 28 26 40
17 29 47 53
18 19 45 66
18 30 23 49
19 31 1 17
20 21 0 26
20 32 63 65
21 22 30 32
21 33 27 55
22 23 50 48
22 34 62 54
24 25 85 71
26 27 65 57
28 29 16 21
29 30 52 47
34 35 84 51
(1526, 1684)

Arvore 23
0 12 82 83
1 2 38 57
1 13 75 53
2 3 53 59
2 14 37 32
3 15 25 25
4 5 73 65
5 6 39 62
5 17 26 54
7 8 23 19
7 19 59 68
8 9 7 34
8 20 44 53
10 22 85 81
11 23 77 80
12 13 46 37
13 25 34 49
14 26 18 11
15 16 3 34
16 28 26 40
17 29 47 53
18 19 45 66
18 30 23 49
19 31 1 17
20 21 0 26
20 32 63 65
21 22 30 32
21 33 27 55
22 23 50 48
22 34 62 54
24 25 85 71
26 27 65 57
28 29 16 21
29 30 52 47
34 35 84 51
(1520, 1708)

Arvore 24
0 12 82 83
1 2 38 57
1 13 75 53
2 3 53 59
2 14 37 32
3 15 25 25
4 5 73 65
5 6 39 62
5 17 26 54
7 8 23 19
7 19 59 68
8 9 7 34
8 20 44 53
9 10 91 57
11 23 77 80
12 13 46 37
13 25 34 49
14 26 18 11
15 16 3 34
16 28 26 40
17 29 47 53
18 19 45 66
18 30 23 49
19 31 1 17
20 21 0 26
21 22 30 32
21 33 27 55
22 23 50 48
22 34 62 54
24 25 85 71
26 27 65 57
28 29 16 21
29 30 52 47
31 32 72 56
34 35 84 51
(1535, 1675)

Arvore 25
0 12 82 83
1 2 38 57
1 13 75 53
2 3 53 59
2 14 37 32
3 15 25 25
4 5 73 65
5 6 39 62
5 17 26 54
7 8 23 19
7 19 59 68
8 9 7 34
8 20 44 53
10 22 85 81
11 23 77 80
12 13 46 37
13 25 34 49
14 26 18 11
15 16 3 34
16 28 26 40
17 29 47 53
18 19 45 66
18 30 23 49
19 31 1 17
20 21 0 26
21 22 30 32
21 33 27 55
22 23 50 48
22 34 62 54
24 25 85 71
26 27 65 57
28 29 16 21
29 30 52 47
31 32 72 56
34 35 84 51
(1529, 1699)

Arvore 26
0 12 82 83
1 2 38 57
1 13 75 53
2 3 53 59
2 14 37 32
3 15 25 25
4 5 73 65
5 6 39 62
5 17 26 54
7 8 23 19
8 9 7 34
8 20 44 53
9 10 91 57
11 23 77 80
12 13 46 37
13 25 34 49
14 26 18 11
15 16 3 34
16 28 26 40
17 29 47 53
18 19 45 66
18 30 23 49
19 20 66 59
19 31 1 17
20 21 0 26
20 32 63 65
21 22 30 32
21 33 27 55
22 23 50 48
22 34 62 54
24 25 85 71
26 27 65 57
28 29 16 21
29 30 52 47
34 35 84 51
(1533, 1675)

Arvore 27
0 12 82 83
1 2 38 57
1 13 75 53
2 3 53 59
2 14 37 32
3 15 25 25
4 5 73 65
5 6 39 62
5 17 26 54
7 8 23 19
8 9 7 34
8 20 44 53
10 22 85 81
11 23 77 80
12 13 46 37
13 25 34 49
14 26 18 11
15 16 3 34
16 28 26 40
17 29 47 53
18 19 45 66
18 30 23 49
19 20 66 59
19 31 1 17
20 21 0 26
20 32 63 65
21 22 30 32
21 33 27 55
22 23 50 48
22 34 62 54
24 25 85 71
26 27 65 57
28 29 16 21
29 30 52 47
34 35 84 51
(1527, 1699)

Arvore 28
0 12 82 83
1 2 38 57
1 13 75 53
2 3 53 59
2 14 37 32
3 15 25 25
4 5 73 65
5 6 39 62
5 17 26 54
7 8 23 19
8 9 7 34
8 20 44 53
9 10 91 57
11 23 77 80
12 13 46 37
13 25 34 49
14 26 18 11
15 16 3 34
16 28 26 40
17 29 47 53
18 19 45 66
18 30 23 49
19 20 66 59
19 31 1 17
20 21 0 26
21 22 30 32
21 33 27 55
22 23 50 48
22 34 62 54
24 25 85 71
26 27 65 57
28 29 16 21
29 30 52 47
31 32 72 56
34 35 84 51
(1542, 1666)

Arvore 29
0 12 82 83
1 2 38 57
1 13 75 53
2 3 53 59
2 14 37 32
3 15 25 25
4 5 73 65
5 6 39 62
5 17 26 54
7 8 23 19
8 9 7 34
8 20 44 53
10 22 85 81
11 23 77 80
12 13 46 37
13 25 34 49
14 26 18 11
15 16 3 34
16 28 26 40
17 29 47 53
18 19 45 66
18 30 23 49
19 20 66 59
19 31 1 17
20 21 0 26
21 22 30 32
21 33 27 55
22 23 50 48
22 34 62 54
24 25 85 71
26 27 65 57
28 29 16 21
29 30 52 47
31 32 72 56
34 35 84 51
(1536, 1690)

Arvore 30
0 12 82 83
1 2 38 57
1 13 75 53
2 3 53 59
2 14 37 32
3 15 25 25
4 5 73 65
5 6 39 62
5 17 26 54
7 8 23 19
8 9 7 34
8 20 44 53
9 10 91 57
11 23 77 80
12 13 46 37
13 25 34 49
14 26 18 11
15 16 3 34
16 28 26 40
17 29 47 53
18 19 45 66
18 30 23 49
19 31 1 17
20 21 0 26
20 32 63 65
21 22 30 32
21 33 27 55
22 23 50 48
22 34 62 54
24 25 85 71
26 27 65 57
28 29 16 21
29 30 52 47
31 32 72 56
34 35 84 51
(1539, 1672)

Arvore 31
0 12 82 83
1 2 38 57
1 13 75 53
2 3 53 59
2 14 37 32
3 15 25 25
4 5 73 65
5 6 39 62
5 17 26 54
7 8 23 19
8 9 7 34
8 20 44 53
10 22 85 81
11 23 77 80
12 13 46 37
13 25 34 49
14 26 18 11
15 16 3 34
16 28 26 40
17 29 47 53
18 19 45 66
18 30 23 49
19 31 1 17
20 21 0 26
20 32 63 65
21 22 30 32
21 33 27 55
22 23 50 48
22 34 62 54
24 25 85 71
26 27 65 57
28 29 16 21
29 30 52 47
31 32 72 56
34 35 84 51
(1533, 1696)

Arvore 32
0 12 82 83
1 2 38 57
1 13 75 53
2 3 53 59
2 14 37 32
3 15 25 25
4 5 73 65
5 6 39 62
5 17 26 54
7 8 23 19
8 9 7 34
8 20 44 53
9 10 91 57
11 23 77 80
12 13 46 37
13 25 34 49
14 26 18 11
15 16 3 34
16 28 26 40
17 29 47 53
18 19 45 66
18 30 23 49
19 31 1 17
20 21 0 26
20 32 63 65
21 22 30 32
21 33 27 55
22 23 50 48
22 34 62 54
24 25 85 71
26 27 65 57
28 29 16 21
29 30 52 47
31 32 72 56
34 35 84 51
(1539, 1672)

Arvore 33
0 12 82 83
1 2 38 57
1 13 75 53
2 3 53 59
2 14 37 32
3 15 25 25
4 5 73 65
5 6 39 62
5 17 26 54
7 8 23 19
7 19 59 68
8 9 7 34
8 20 44 53
9 10 91 57
11 23 77 80
12 13 46 37
13 25 34 49
14 26 18 11
15 16 3 34
16 28 26 40
17 29 47 53
18 30 23 49
19 31 1 17
20 21 0 26
20 32 63 65
21 22 30 32
21 33 27 55
22 23 50 48
22 34 62 54
24 25 85 71
26 27 65 57
28 29 16 21
29 30 52 47
30 31 78 60
34 35 84 51
(1559, 1678)

Arvore 34
0 12 82 83
1 2 38 57
1 13 75 53
2 3 53 59
2 14 37 32
3 15 25 25
4 5 73 65
5 6 39 62
5 17 26 54
7 8 23 19
7 19 59 68
8 9 7 34
8 20 44 53
10 22 85 81
11 23 77 80
12 13 46 37
13 25 34 49
14 26 18 11
15 16 3 34
16 28 26 40
17 29 47 53
18 30 23 49
19 31 1 17
20 21 0 26
20 32 63 65
21 22 30 32
21 33 27 55
22 23 50 48
22 34 62 54
24 25 85 71
26 27 65 57
28 29 16 21
29 30 52 47
30 31 78 60
34 35 84 51
(1553, 1702)

Arvore 35
0 12 82 83
1 2 38 57
1 13 75 53
2 3 53 59
2 14 37 32
3 15 25 25
4 5 73 65
5 6 39 62
5 17 26 54
7 8 23 19
7 19 59 68
8 9 7 34
8 20 44 53
9 10 91 57
11 23 77 80
12 13 46 37
13 25 34 49
14 26 18 11
15 16 3 34
16 28 26 40
17 29 47 53
18 30 23 49
19 31 1 17
20 21 0 26
21 22 30 32
21 33 27 55
22 23 50 48
22 34 62 54
24 25 85 71
26 27 65 57
28 29 16 21
29 30 52 47
30 31 78 60
31 32 72 56
34 35 84 51
(1568, 1669)

Arvore 36
0 12 82 83
1 2 38 57
1 13 75 53
2 3 53 59
2 14 37 32
3 15 25 25
4 5 73 65
5 6 39 62
5 17 26 54
7 8 23 19
7 19 59 68
8 9 7 34
8 20 44 53
10 22 85 81
11 23 77 80
12 13 46 37
13 25 34 49
14 26 18 11
15 16 3 34
16 28 26 40
17 29 47 53
18 30 23 49
19 31 1 17
20 21 0 26
21 22 30 32
21 33 27 55
22 23 50 48
22 34 62 54
24 25 85 71
26 27 65 57
28 29 16 21
29 30 52 47
30 31 78 60
31 32 72 56
34 35 84 51
(1562, 1693)

Arvore 37
0 12 82 83
1 2 38 57
1 13 75 53
2 3 53 59
2 14 37 32
3 15 25 25
4 5 73 65
5 6 39 62
5 17 26 54
7 8 23 19
8 9 7 34
8 20 44 53
9 10 91 57
11 23 77 80
12 13 46 37
13 25 34 49
14 26 18 11
15 16 3 34
16 28 26 40
17 29 47 53
18 30 23 49
19 20 66 59
19 31 1 17
20 21 0 26
20 32 63 65
21 22 30 32
21 33 27 55
22 23 50 48
22 34 62 54
24 25 85 71
26 27 65 57
28 29 16 21
29 30 52 47
30 31 78 60
34 35 84 51
(1566, 1669)

Arvore 38
0 12 82 83
1 2 38 57
1 13 75 53
2 3 53 59
2 14 37 32
3 15 25 25
4 5 73 65
5 6 39 62
5 17 26 54
7 8 23 19
8 9 7 34
8 20 44 53
10 22 85 81
11 23 77 80
12 13 46 37
13 25 34 49
14 26 18 11
15 16 3 34
16 28 26 40
17 29 47 53
18 30 23 49
19 20 66 59
19 31 1 17
20 21 0 26
20 32 63 65
21 22 30 32
21 33 27 55
22 23 50 48
22 34 62 54
24 25 85 71
26 27 65 57
28 29 16 21
29 30 52 47
30 31 78 60
34 35 84 51
(1560, 1693)

Arvore 39
0 12 82 83
1 2 38 57
1 13 75 53
2 3 53 59
2 14 37 32
3 15 25 25
4 5 73 65
5 6 39 62
5 17 26 54
7 8 23 19
8 9 7 34
8 20 44 53
9 10 91 57
11 23 77 80
12 13 46 37
13 25 34 49
14 26 18 11
15 16 3 34
16 28 26 40
17 29 47 53
18 30 23 49
19 20 66 59
19 31 1 17
20 21 0 26
21 22 30 32
21 33 27 55
22 23 50 48
22 34 62 54
24 25 85 71
26 27 65 57
28 29 16 21
29 30 52 47
30 31 78 60
31 32 72 56
34 35 84 51
(1575, 1660)

Arvore 40
0 12 82 83
1 2 38 57
1 13 75 53
2 3 53 59
2 14 37 32
3 15 25 25
4 5 73 65
5 6 39 62
5 17 26 54
7 8 23 19
8 9 7 34
8 20 44 53
10 22 85 81
11 23 77 80
12 13 46 37
13 25 34 49
14 26 18 11
15 16 3 34
16 28 26 40
17 29 47 53
18 30 23 49
19 20 66 59
19 31 1 17
20 21 0 26
21 22 30 32
21 33 27 55
22 23 50 48
22 34 62 54
24 25 85 71
26 27 65 57
28 29 16 21
29 30 52 47
30 31 78 60
31 32 72 56
34 35 84 51
(1569, 1684)

Arvore 41
0 12 82 83
1 2 38 57
1 13 75 53
2 3 53 59
2 14 37 32
3 15 25 25
4 5 73 65
5 6 39 62
5 17 26 54
7 8 23 19
8 9 7 34
8 20 44 53
9 10 91 57
11 23 77 80
12 13 46 37
13 25 34 49
14 26 18 11
15 16 3 34
16 28 26 40
17 29 47 53
18 30 23 49
19 31 1 17
20 21 0 26
20 32 63 65
21 22 30 32
21 33 27 55
22 23 50 48
22 34 62 54
24 25 85 71
26 27 65 57
28 29 16 21
29 30 52 47
30 31 78 60
31 32 72 56
34 35 84 51
(1572, 1666)

Arvore 42
0 12 82 83
1 2 38 57
1 13 75 53
2 3 53 59
2 14 37 32
3 15 25 25
4 5 73 65
5 6 39 62
5 17 26 54
7 8 23 19
8 9 7 34
8 20 44 53
10 22 85 81
11 23 77 80
12 13 46 37
13 25 34 49
14 26 18 11
15 16 3 34
16 28 26 40
17 29 47 53
18 30 23 49
19 31 1 17
20 21 0 26
20 32 63 65
21 22 30 32
21 33 27 55
22 23 50 48
22 34 62 54
24 25 85 71
26 27 65 57
28 29 16 21
29 30 52 47
30 31 78 60
31 32 72 56
34 35 84 51
(1566, 1690)

Arvore 43
0 12 82 83
1 2 38 57
2 3 53 59
2 14 37 32
3 15 25 25
4 5 73 65
5 6 39 62
5 17 26 54
7 8 23 19
7 19 59 68
8 9 7 34
8 20 44 53
9 10 91 57
11 23 77 80
12 13 46 37
13 14 67 76
13 25 34 49
14 26 18 11
15 16 3 34
16 17 72 43
16 28 26 40
18 19 45 66
18 30 23 49
19 31 1 17
20 21 0 26
20 32 63 65
21 22 30 32
21 33 27 55
22 23 50 48
22 34 62 54
24 25 85 71
26 27 65 57
28 29 16 21
29 30 52 47
34 35 84 51
(1543, 1697)

Arvore 44
0 12 82 83
1 2 38 57
2 3 53 59
2 14 37 32
3 15 25 25
4 5 73 65
5 6 39 62
5 17 26 54
7 8 23 19
7 19 59 68
8 9 7 34
8 20 44 53
10 22 85 81
11 23 77 80
12 13 46 37
13 14 67 76
13 25 34 49
14 26 18 11
15 16 3 34
16 17 72 43
16 28 26 40
18 19 45 66
18 30 23 49
19 31 1 17
20 21 0 26
20 32 63 65
21 22 30 32
21 33 27 55
22 23 50 48
22 34 62 54
24 25 85 71
26 27 65 57
28 29 16 21
29 30 52 47
34 35 84 51
(1537, 1721)

Arvore 45
0 12 82 83
1 2 38 57
2 3 53 59
2 14 37 32
3 15 25 25
4 5 73 65
5 6 39 62
5 17 26 54
7 8 23 19
7 19 59 68
8 9 7 34
8 20 44 53
9 10 91 57
11 23 77 80
12 13 46 37
13 14 67 76
13 25 34 49
14 26 18 11
15 16 3 34
16 17 72 43
16 28 26 40
18 19 45 66
18 30 23 49
19 31 1 17
20 21 0 26
21 22 30 32
21 33 27 55
22 23 50 48
22 34 62 54
24 25 85 71
26 27 65 57
28 29 16 21
29 30 52 47
31 32 72 56
34 35 84 51
(1552, 1688)

Arvore 46
0 12 82 83
1 2 38 57
2 3 53 59
2 14 37 32
3 15 25 25
4 5 73 65
5 6 39 62
5 17 26 54
7 8 23 19
7 19 59 68
8 9 7 34
8 20 44 53
10 22 85 81
11 23 77 80
12 13 46 37
13 14 67 76
13 25 34 49
14 26 18 11
15 16 3 34
16 17 72 43
16 28 26 40
18 19 45 66
18 30 23 49
19 31 1 17
20 21 0 26
21 22 30 32
21 33 27 55
22 23 50 48
22 34 62 54
24 25 85 71
26 27 65 57
28 29 16 21
29 30 52 47
31 32 72 56
34 35 84 51
(1546, 1712)

Arvore 47
0 12 82 83
1 2 38 57
2 3 53 59
2 14 37 32
3 15 25 25
4 5 73 65
5 6 39 62
5 17 26 54
7 8 23 19
8 9 7 34
8 20 44 53
9 10 91 57
11 23 77 80
12 13 46 37
13 14 67 76
13 25 34 49
14 26 18 11
15 16 3 34
16 17 72 43
16 28 26 40
18 19 45 66
18 30 23 49
19 20 66 59
19 31 1 17
20 21 0 26
20 32 63 65
21 22 30 32
21 33 27 55
22 23 50 48
22 34 62 54
24 25 85 71
26 27 65 57
28 29 16 21
29 30 52 47
34 35 84 51
(1550, 1688)

Arvore 48
0 12 82 83
1 2 38 57
2 3 53 59
2 14 37 32
3 15 25 25
4 5 73 65
5 6 39 62
5 17 26 54
7 8 23 19
8 9 7 34
8 20 44 53
10 22 85 81
11 23 77 80
12 13 46 37
13 14 67 76
13 25 34 49
14 26 18 11
15 16 3 34
16 17 72 43
16 28 26 40
18 19 45 66
18 30 23 49
19 20 66 59
19 31 1 17
20 21 0 26
20 32 63 65
21 22 30 32
21 33 27 55
22 23 50 48
22 34 62 54
24 25 85 71
26 27 65 57
28 29 16 21
29 30 52 47
34 35 84 51
(1544, 1712)

Arvore 49
0 12 82 83
1 2 38 57
2 3 53 59
2 14 37 32
3 15 25 25
4 5 73 65
5 6 39 62
5 17 26 54
7 8 23 19
8 9 7 34
8 20 44 53
9 10 91 57
11 23 77 80
12 13 46 37
13 14 67 76
13 25 34 49
14 26 18 11
15 16 3 34
16 17 72 43
16 28 26 40
18 19 45 66
18 30 23 49
19 20 66 59
19 31 1 17
20 21 0 26
21 22 30 32
21 33 27 55
22 23 50 48
22 34 62 54
24 25 85 71
26 27 65 57
28 29 16 21
29 30 52 47
31 32 72 56
34 35 84 51
(1559, 1679)

Arvore 50
0 12 82 83
1 2 38 57
2 3 53 59
2 14 37 32
3 15 25 25
4 5 73 65
5 6 39 62
5 17 26 54
7 8 23 19
8 9 7 34
8 20 44 53
10 22 85 81
11 23 77 80
12 13 46 37
13 14 67 76
13 25 34 49
14 26 18 11
15 16 3 34
16 17 72 43
16 28 26 40
18 19 45 66
18 30 23 49
19 20 66 59
19 31 1 17
20 21 0 26
21 22 30 32
21 33 27 55
22 23 50 48
22 34 62 54
24 25 85 71
26 27 65 57
28 29 16 21
29 30 52 47
31 32 72 56
34 35 84 51
(1553, 1703)

Arvore 51
0 12 82 83
1 2 38 57
2 3 53 59
2 14 37 32
3 15 25 25
4 5 73 65
5 6 39 62
5 17 26 54
7 8 23 19
8 9 7 34
8 20 44 53
9 10 91 57
11 23 77 80
12 13 46 37
13 14 67 76
13 25 34 49
14 26 18 11
15 16 3 34
16 17 72 43
16 28 26 40
18 19 45 66
18 30 23 49
19 31 1 17
20 21 0 26
20 32 63 65
21 22 30 32
21 33 27 55
22 23 50 48
22 34 62 54
24 25 85 71
26 27 65 57
28 29 16 21
29 30 52 47
31 32 72 56
34 35 84 51
(1556, 1685)

Arvore 52
0 12 82 83
1 2 38 57
2 3 53 59
2 14 37 32
3 15 25 25
4 5 73 65
5 6 39 62
5 17 26 54
7 8 23 19
8 9 7 34
8 20 44 53
10 22 85 81
11 23 77 80
12 13 46 37
13 14 67 76
13 25 34 49
14 26 18 11
15 16 3 34
16 17 72 43
16 28 26 40
18 19 45 66
18 30 23 49
19 31 1 17
20 21 0 26
20 32 63 65
21 22 30 32
21 33 27 55
22 23 50 48
22 34 62 54
24 25 85 71
26 27 65 57
28 29 16 21
29 30 52 47
31 32 72 56
34 35 84 51
(1550, 1709)

Arvore 53
0 12 82 83
1 2 38 57
2 3 53 59
2 14 37 32
3 15 25 25
4 5 73 65
5 6 39 62
5 17 26 54
7 8 23 19
8 9 7 34
8 20 44 53
9 10 91 57
11 23 77 80
12 13 46 37
13 14 67 76
13 25 34 49
14 26 18 11
15 16 3 34
16 17 72 43
16 28 26 40
18 19 45 66
18 30 23 49
19 31 1 17
20 21 0 26
20 32 63 65
21 22 30 32
21 33 27 55
22 23 50 48
22 34 62 54
24 25 85 71
26 27 65 57
28 29 16 21
29 30 52 47
31 32 72 56
34 35 84 51
(1556, 1685)

Arvore 54
0 12 82 83
1 2 38 57
2 3 53 59
2 14 37 32
3 15 25 25
4 5 73 65
5 6 39 62
5 17 26 54
7 8 23 19
7 19 59 68
8 9 7 34
8 20 44 53
9 10 91 57
11 23 77 80
12 13 46 37
13 14 67 76
13 25 34 49
14 26 18 11
15 16 3 34
16 17 72 43
16 28 26 40
18 30 23 49
19 31 1 17
20 21 0 26
20 32 63 65
21 22 30 32
21 33 27 55
22 23 50 48
22 34 62 54
24 25 85 71
26 27 65 57
28 29 16 21
29 30 52 47
30 31 78 60
34 35 84 51
(1576, 1691)

Arvore 55
0 12 82 83
1 2 38 57
2 3 53 59
2 14 37 32
3 15 25 25
4 5 73 65
5 6 39 62
5 17 26 54
7 8 23 19
7 19 59 68
8 9 7 34
8 20 44 53
10 22 85 81
11 23 77 80
12 13 46 37
13 14 67 76
13 25 34 49
14 26 18 11
15 16 3 34
16 17 72 43
16 28 26 40
18 30 23 49
19 31 1 17
20 21 0 26
20 32 63 65
21 22 30 32
21 33 27 55
22 23 50 48
22 34 62 54
24 25 85 71
26 27 65 57
28 29 16 21
29 30 52 47
30 31 78 60
34 35 84 51
(1570, 1715)

Arvore 56
0 12 82 83
1 2 38 57
2 3 53 59
2 14 37 32
3 15 25 25
4 5 73 65
5 6 39 62
5 17 26 54
7 8 23 19
7 19 59 68
8 9 7 34
8 20 44 53
9 10 91 57
11 23 77 80
12 13 46 37
13 14 67 76
13 25 34 49
14 26 18 11
15 16 3 34
16 17 72 43
16 28 26 40
18 30 23 49
19 31 1 17
20 21 0 26
21 22 30 32
21 33 27 55
22 23 50 48
22 34 62 54
24 25 85 71
26 27 65 57
28 29 16 21
29 30 52 47
30 31 78 60
31 32 72 56
34 35 84 51
(1585, 1682)

Arvore 57
0 12 82 83
1 2 38 57
2 3 53 59
2 14 37 32
3 15 25 25
4 5 73 65
5 6 39 62
5 17 26 54
7 8 23 19
7 19 59 68
8 9 7 34
8 20 44 53
10 22 85 81
11 23 77 80
12 13 46 37
13 14 67 76
13 25 34 49
14 26 18 11
15 16 3 34
16 17 72 43
16 28 26 40
18 30 23 49
19 31 1 17
20 21 0 26
21 22 30 32
21 33 27 55
22 23 50 48
22 34 62 54
24 25 85 71
26 27 65 57
28 29 16 21
29 30 52 47
30 31 78 60
31 32 72 56
34 35 84 51
(1579, 1706)

Arvore 58
0 12 82 83
1 2 38 57
2 3 53 59
2 14 37 32
3 15 25 25
4 5 73 65
5 6 39 62
5 17 26 54
7 8 23 19
8 9 7 34
8 20 44 53
9 10 91 57
11 23 77 80
12 13 46 37
13 14 67 76
13 25 34 49
14 26 18 11
15 16 3 34
16 17 72 43
16 28 26 40
18 30 23 49
19 20 66 59
19 31 1 17
20 21 0 26
20 32 63 65
21 22 30 32
21 33 27 55
22 23 50 48
22 34 62 54
24 25 85 71
26 27 65 57
28 29 16 21
29 30 52 47
30 31 78 60
34 35 84 51
(1583, 1682)

Arvore 59
0 12 82 83
1 2 38 57
2 3 53 59
2 14 37 32
3 15 25 25
4 5 73 65
5 6 39 62
5 17 26 54
7 8 23 19
8 9 7 34
8 20 44 53
10 22 85 81
11 23 77 80
12 13 46 37
13 14 67 76
13 25 34 49
14 26 18 11
15 16 3 34
16 17 72 43
16 28 26 40
18 30 23 49
19 20 66 59
19 31 1 17
20 21 0 26
20 32 63 65
21 22 30 32
21 33 27 55
22 23 50 48
22 34 62 54
24 25 85 71
26 27 65 57
28 29 16 21
29 30 52 47
30 31 78 60
34 35 84 51
(1577, 1706)

Arvore 60
0 12 82 83
1 2 38 57
2 3 53 59
2 14 37 32
3 15 25 25
4 5 73 65
5 6 39 62
5 17 26 54
7 8 23 19
8 9 7 34
8 20 44 53
9 10 91 57
11 23 77 80
12 13 46 37
13 14 67 76
13 25 34 49
14 26 18 11
15 16 3 34
16 17 72 43
16 28 26 40
18 30 23 49
19 20 66 59
19 31 1 17
20 21 0 26
21 22 30 32
21 33 27 55
22 23 50 48
22 34 62 54
24 25 85 71
26 27 65 57
28 29 16 21
29 30 52 47
30 31 78 60
31 32 72 56
34 35 84 51
(1592, 1673)

Arvore 61
0 12 82 83
1 2 38 57
2 3 53 59
2 14 37 32
3 15 25 25
4 5 73 65
5 6 39 62
5 17 26 54
7 8 23 19
8 9 7 34
8 20 44 53
10 22 85 81
11 23 77 80
12 13 46 37
13 14 67 76
13 25 34 49
14 26 18 11
15 16 3 34
16 17 72 43
16 28 26 40
18 30 23 49
19 20 66 59
19 31 1 17
20 21 0 26
21 22 30 32
21 33 27 55
22 23 50 48
22 34 62 54
24 25 85 71
26 27 65 57
28 29 16 21
29 30 52 47
30 31 78 60
31 32 72 56
34 35 84 51
(1586, 1697)

Arvore 62
0 12 82 83
1 2 38 57
2 3 53 59
2 14 37 32
3 15 25 25
4 5 73 65
5 6 39 62
5 17 26 54
7 8 23 19
8 9 7 34
8 20 44 53
9 10 91 57
11 23 77 80
12 13 46 37
13 14 67 76
13 25 34 49
14 26 18 11
15 16 3 34
16 17 72 43
16 28 26 40
18 30 23 49
19 31 1 17
20 21 0 26
20 32 63 65
21 22 30 32
21 33 27 55
22 23 50 48
22 34 62 54
24 25 85 71
26 27 65 57
28 29 16 21
29 30 52 47
30 31 78 60
31 32 72 56
34 35 84 51
(1589, 1679)

Arvore 63
0 12 82 83
1 2 38 57
2 3 53 59
2 14 37 32
3 15 25 25
4 5 73 65
5 6 39 62
5 17 26 54
7 8 23 19
8 9 7 34
8 20 44 53
10 22 85 81
11 23 77 80
12 13 46 37
13 14 67 76
13 25 34 49
14 26 18 11
15 16 3 34
16 17 72 43
16 28 26 40
18 30 23 49
19 31 1 17
20 21 0 26
20 32 63 65
21 22 30 32
21 33 27 55
22 23 50 48
22 34 62 54
24 25 85 71
26 27 65 57
28 29 16 21
29 30 52 47
30 31 78 60
31 32 72 56
34 35 84 51
(1583, 1703)

Arvore 64
0 12 82 83
1 2 38 57
2 3 53 59
2 14 37 32
3 15 25 25
4 5 73 65
5 6 39 62
5 17 26 54
7 8 23 19
7 19 59 68
8 9 7 34
8 20 44 53
9 10 91 57
11 23 77 80
12 13 46 37
13 14 67 76
13 25 34 49
14 26 18 11
15 16 3 34
16 28 26 40
17 29 47 53
18 19 45 66
18 30 23 49
19 31 1 17
20 21 0 26
20 32 63 65
21 22 30 32
21 33 27 55
22 23 50 48
22 34 62 54
24 25 85 71
26 27 65 57
28 29 16 21
29 30 52 47
34 35 84 51
(1518, 1707)

Arvore 65
0 12 82 83
1 2 38 57
2 3 53 59
2 14 37 32
3 15 25 25
4 5 73 65
5 6 39 62
5 17 26 54
7 8 23 19
7 19 59 68
8 9 7 34
8 20 44 53
10 22 85 81
11 23 77 80
12 13 46 37
13 14 67 76
13 25 34 49
14 26 18 11
15 16 3 34
16 28 26 40
17 29 47 53
18 19 45 66
18 30 23 49
19 31 1 17
20 21 0 26
20 32 63 65
21 22 30 32
21 33 27 55
22 23 50 48
22 34 62 54
24 25 85 71
26 27 65 57
28 29 16 21
29 30 52 47
34 35 84 51
(1512, 1731)

Arvore 66
0 12 82 83
1 2 38 57
2 3 53 59
2 14 37 32
3 15 25 25
4 5 73 65
5 6 39 62
5 17 26 54
7 8 23 19
7 19 59 68
8 9 7 34
8 20 44 53
9 10 91 57
11 23 77 80
12 13 46 37
13 14 67 76
13 25 34 49
14 26 18 11
15 16 3 34
16 28 26 40
17 29 47 53
18 19 45 66
18 30 23 49
19 31 1 17
20 21 0 26
21 22 30 32
21 33 27 55
22 23 50 48
22 34 62 54
24 25 85 71
26 27 65 57
28 29 16 21
29 30 52 47
31 32 72 56
34 35 84 51
(1527, 1698)

Arvore 67
0 12 82 83
1 2 38 57
2 3 53 59
2 14 37 32
3 15 25 25
4 5 73 65
5 6 39 62
5 17 26 54
7 8 23 19
7 19 59 68
8 9 7 34
8 20 44 53
10 22 85 81
11 23 77 80
12 13 46 37
13 14 67 76
13 25 34 49
14 26 18 11
15 16 3 34
16 28 26 40
17 29 47 53
18 19 45 66
18 30 23 49
19 31 1 17
20 21 0 26
21 22 30 32
21 33 27 55
22 23 50 48
22 34 62 54
24 25 85 71
26 27 65 57
28 29 16 21
29 30 52 47
31 32 72 56
34 35 84 51
(1521, 1722)

Arvore 68
0 12 82 83
1 2 38 57
2 3 53 59
2 14 37 32
3 15 25 25
4 5 73 65
5 6 39 62
5 17 26 54
7 8 23 19
8 9 7 34
8 20 44 53
9 10 91 57
11 23 77 80
12 13 46 37
13 14 67 76
13 25 34 49
14 26 18 11
15 16 3 34
16 28 26 40
17 29 47 53
18 19 45 66
18 30 23 49
19 20 66 59
19 31 1 17
20 21 0 26
20 32 63 65
21 22 30 32
21 33 27 55
22 23 50 48
22 34 62 54
24 25 85 71
26 27 65 57
28 29 16 21
29 30 52 47
34 35 84 51
(1525, 1698)

Arvore 69
0 12 82 83
1 2 38 57
2 3 53 59
2 14 37 32
3 15 25 25
4 5 73 65
5 6 39 62
5 17 26 54
7 8 23 19
8 9 7 34
8 20 44 53
10 22 85 81
11 23 77 80
12 13 46 37
13 14 67 76
13 25 34 49
14 26 18 11
15 16 3 34
16 28 26 40
17 29 47 53
18 19 45 66
18 30 23 49
19 20 66 59
19 31 1 17
20 21 0 26
20 32 63 65
21 22 30 32
21 33 27 55
22 23 50 48
22 34 62 54
24 25 85 71
26 27 65 57
28 29 16 21
29 30 52 47
34 35 84 51
(1519, 1722)

Arvore 70
0 12 82 83
1 2 38 57
2 3 53 59
2 14 37 32
3 15 25 25
4 5 73 65
5 6 39 62
5 17 26 54
7 8 23 19
8 9 7 34
8 20 44 53
9 10 91 57
11 23 77 80
12 13 46 37
13 14 67 76
13 25 34 49
14 26 18 11
15 16 3 34
16 28 26 40
17 29 47 53
18 19 45 66
18 30 23 49
19 20 66 59
19 31 1 17
20 21 0 26
21 22 30 32
21 33 27 55
22 23 50 48
22 34 62 54
24 25 85 71
26 27 65 57
28 29 16 21
29 30 52 47
31 32 72 56
34 35 84 51
(1534, 1689)

Arvore 71
0 12 82 83
1 2 38 57
2 3 53 59
2 14 37 32
3 15 25 25
4 5 73 65
5 6 39 62
5 17 26 54
7 8 23 19
8 9 7 34
8 20 44 53
10 22 85 81
11 23 77 80
12 13 46 37
13 14 67 76
13 25 34 49
14 26 18 11
15 16 3 34
16 28 26 40
17 29 47 53
18 19 45 66
18 30 23 49
19 20 66 59
19 31 1 17
20 21 0 26
21 22 30 32
21 33 27 55
22 23 50 48
22 34 62 54
24 25 85 71
26 27 65 57
28 29 16 21
29 30 52 47
31 32 72 56
34 35 84 51
(1528, 1713)

Arvore 72
0 12 82 83
1 2 38 57
2 3 53 59
2 14 37 32
3 15 25 25
4 5 73 65
5 6 39 62
5 17 26 54
7 8 23 19
8 9 7 34
8 20 44 53
9 10 91 57
11 23 77 80
12 13 46 37
13 14 67 76
13 25 34 49
14 26 18 11
15 16 3 34
16 28 26 40
17 29 47 53
18 19 45 66
18 30 23 49
19 31 1 17
20 21 0 26
20 32 63 65
21 22 30 32
21 33 27 55
22 23 50 48
22 34 62 54
24 25 85 71
26 27 65 57
28 29 16 21
29 30 52 47
31 32 72 56
34 35 84 51
(1531, 1695)

Arvore 73
0 12 82 83
1 2 38 57
2 3 53 59
2 14 37 32
3 15 25 25
4 5 73 65
5 6 39 62
5 17 26 54
7 8 23 19
8 9 7 34
8 20 44 53
10 22 85 81
11 23 77 80
12 13 46 37
13 14 67 76
13 25 34 49
14 26 18 11
15 16 3 34
16 28 26 40
17 29 47 53
18 19 45 66
18 30 23 49
19 31 1 17
20 21 0 26
20 32 63 65
21 22 30 32
21 33 27 55
22 23 50 48
22 34 62 54
24 25 85 71
26 27 65 57
28 29 16 21
29 30 52 47
31 32 72 56
34 35 84 51
(1525, 1719)

Arvore 74
0 12 82 83
1 2 38 57
2 3 53 59
2 14 37 32
3 15 25 25
4 5 73 65
5 6 39 62
5 17 26 54
7 8 23 19
8 9 7 34
8 20 44 53
9 10 91 57
11 23 77 80
12 13 46 37
13 14 67 76
13 25 34 49
14 26 18 11
15 16 3 34
16 28 26 40
17 29 47 53
18 19 45 66
18 30 23 49
19 31 1 17
20 21 0 26
20 32 63 65
21 22 30 32
21 33 27 55
22 23 50 48
22 34 62 54
24 25 85 71
26 27 65 57
28 29 16 21
29 30 52 47
31 32 72 56
34 35 84 51
(1531, 1695)

Arvore 75
0 12 82 83
1 2 38 57
2 3 53 59
2 14 37 32
3 15 25 25
4 5 73 65
5 6 39 62
5 17 26 54
7 8 23 19
7 19 59 68
8 9 7 34
8 20 44 53
9 10 91 57
11 23 77 80
12 13 46 37
13 14 67 76
13 25 34 49
14 26 18 11
15 16 3 34
16 28 26 40
17 29 47 53
18 30 23 49
19 31 1 17
20 21 0 26
20 32 63 65
21 22 30 32
21 33 27 55
22 23 50 48
22 34 62 54
24 25 85 71
26 27 65 57
28 29 16 21
29 30 52 47
30 31 78 60
34 35 84 51
(1551, 1701)

Arvore 76
0 12 82 83
1 2 38 57
2 3 53 59
2 14 37 32
3 15 25 25
4 5 73 65
5 6 39 62
5 17 26 54
7 8 23 19
7 19 59 68
8 9 7 34
8 20 44 53
10 22 85 81
11 23 77 80
12 13 46 37
13 14 67 76
13 25 34 49
14 26 18 11
15 16 3 34
16 28 26 40
17 29 47 53
18 30 23 49
19 31 1 17
20 21 0 26
20 32 63 65
21 22 30 32
21 33 27 55
22 23 50 48
22 34 62 54
24 25 85 71
26 27 65 57
28 29 16 21
29 30 52 47
30 31 78 60
34 35 84 51
(1545, 1725)

Arvore 77
0 12 82 83
1 2 38 57
2 3 53 59
2 14 37 32
3 15 25 25
4 5 73 65
5 6 39 62
5 17 26 54
7 8 23 19
7 19 59 68
8 9 7 34
8 20 44 53
9 10 91 57
11 23 77 80
12 13 46 37
13 14 67 76
13 25 34 49
14 26 18 11
15 16 3 34
16 28 26 40
17 29 47 53
18 30 23 49
19 31 1 17
20 21 0 26
21 22 30 32
21 33 27 55
22 23 50 48
22 34 62 54
24 25 85 71
26 27 65 57
28 29 16 21
29 30 52 47
30 31 78 60
31 32 72 56
34 35 84 51
(1560, 1692)

Arvore 78
0 12 82 83
1 2 38 57
2 3 53 59
2 14 37 32
3 15 25 25
4 5 73 65
5 6 39 62
5 17 26 54
7 8 23 19
7 19 59 68
8 9 7 34
8 20 44 53
10 22 85 81
11 23 77 80
12 13 46 37
13 14 67 76
13 25 34 49
14 26 18 11
15 16 3 34
16 28 26 40
17 29 47 53
18 30 23 49
19 31 1 17
20 21 0 26
21 22 30 32
21 33 27 55
22 23 50 48
22 34 62 54
24 25 85 71
26 27 65 57
28 29 16 21
29 30 52 47
30 31 78 60
31 32 72 56
34 35 84 51
(1554, 1716)

Arvore 79
0 12 82 83
1 2 38 57
2 3 53 59
2 14 37 32
3 15 25 25
4 5 73 65
5 6 39 62
5 17 26 54
7 8 23 19
8 9 7 34
8 20 44 53
9 10 91 57
11 23 77 80
12 13 46 37
13 14 67 76
13 25 34 49
14 26 18 11
15 16 3 34
16 28 26 40
17 29 47 53
18 30 23 49
19 20 66 59
19 31 1 17
20 21 0 26
20 32 63 65
21 22 30 32
21 33 27 55
22 23 50 48
22 34 62 54
24 25 85 71
26 27 65 57
28 29 16 21
29 30 52 47
30 31 78 60
34 35 84 51
(1558, 1692)

Arvore 80
0 12 82 83
1 2 38 57
2 3 53 59
2 14 37 32
3 15 25 25
4 5 73 65
5 6 39 62
5 17 26 54
7 8 23 19
8 9 7 34
8 20 44 53
10 22 85 81
11 23 77 80
12 13 46 37
13 14 67 76
13 25 34 49
14 26 18 11
15 16 3 34
16 28 26 40
17 29 47 53
18 30 23 49
19 20 66 59
19 31 1 17
20 21 0 26
20 32 63 65
21 22 30 32
21 33 27 55
22 23 50 48
22 34 62 54
24 25 85 71
26 27 65 57
28 29 16 21
29 30 52 47
30 31 78 60
34 35 84 51
(1552, 1716)

Arvore 81
0 12 82 83
1 2 38 57
2 3 53 59
2 14 37 32
3 15 25 25
4 5 73 65
5 6 39 62
5 17 26 54
7 8 23 19
8 9 7 34
8 20 44 53
9 10 91 57
11 23 77 80
12 13 46 37
13 14 67 76
13 25 34 49
14 26 18 11
15 16 3 34
16 28 26 40
17 29 47 53
18 30 23 49
19 20 66 59
19 31 1 17
20 21 0 26
21 22 30 32
21 33 27 55
22 23 50 48
22 34 62 54
24 25 85 71
26 27 65 57
28 29 16 21
29 30 52 47
30 31 78 60
31 32 72 56
34 35 84 51
(1567, 1683)

Arvore 82
0 12 82 83
1 2 38 57
2 3 53 59
2 14 37 32
3 15 25 25
4 5 73 65
5 6 39 62
5 17 26 54
7 8 23 19
8 9 7 34
8 20 44 53
10 22 85 81
11 23 77 80
12 13 46 37
13 14 67 76
13 25 34 49
14 26 18 11
15 16 3 34
16 28 26 40
17 29 47 53
18 30 23 49
19 20 66 59
19 31 1 17
20 21 0 26
21 22 30 32
21 33 27 55
22 23 50 48
22 34 62 54
24 25 85 71
26 27 65 57
28 29 16 21
29 30 52 47
30 31 78 60
31 32 72 56
34 35 84 51
(1561, 1707)

Arvore 83
0 12 82 83
1 2 38 57
2 3 53 59
2 14 37 32
3 15 25 25
4 5 73 65
5 6 39 62
5 17 26 54
7 8 23 19
8 9 7 34
8 20 44 53
9 10 91 57
11 23 77 80
12 13 46 37
13 14 67 76
13 25 34 49
14 26 18 11
15 16 3 34
16 28 26 40
17 29 47 53
18 30 23 49
19 31 1 17
20 21 0 26
20 32 63 65
21 22 30 32
21 33 27 55
22 23 50 48
22 34 62 54
24 25 85 71
26 27 65 57
28 29 16 21
29 30 52 47
30 31 78 60
31 32 72 56
34 35 84 51
(1564, 1689)

Arvore 84
0 12 82 83
1 2 38 57
2 3 53 59
2 14 37 32
3 15 25 25
4 5 73 65
5 6 39 62
5 17 26 54
7 8 23 19
8 9 7 34
8 20 44 53
10 22 85 81
11 23 77 80
12 13 46 37
13 14 67 76
13 25 34 49
14 26 18 11
15 16 3 34
16 28 26 40
17 29 47 53
18 30 23 49
19 31 1 17
20 21 0 26
20 32 63 65
21 22 30 32
21 33 27 55
22 23 50 48
22 34 62 54
24 25 85 71
26 27 65 57
28 29 16 21
29 30 52 47
30 31 78 60
31 32 72 56
34 35 84 51
(1558, 1713)

Arvore 85
0 12 82 83
1 13 75 53
2 3 53 59
2 14 37 32
3 15 25 25
4 5 73 65
5 6 39 62
5 17 26 54
7 8 23 19
7 19 59 68
8 9 7 34
8 20 44 53
9 10 91 57
11 23 77 80
12 13 46 37
13 14 67 76
13 25 34 49
14 26 18 11
15 16 3 34
16 17 72 43
16 28 26 40
18 19 45 66
18 30 23 49
19 31 1 17
20 21 0 26
20 32 63 65
21 22 30 32
21 33 27 55
22 23 50 48
22 34 62 54
24 25 85 71
26 27 65 57
28 29 16 21
29 30 52 47
34 35 84 51
(1580, 1693)

Arvore 86
0 12 82 83
1 13 75 53
2 3 53 59
2 14 37 32
3 15 25 25
4 5 73 65
5 6 39 62
5 17 26 54
7 8 23 19
7 19 59 68
8 9 7 34
8 20 44 53
10 22 85 81
11 23 77 80
12 13 46 37
13 14 67 76
13 25 34 49
14 26 18 11
15 16 3 34
16 17 72 43
16 28 26 40
18 19 45 66
18 30 23 49
19 31 1 17
20 21 0 26
20 32 63 65
21 22 30 32
21 33 27 55
22 23 50 48
22 34 62 54
24 25 85 71
26 27 65 57
28 29 16 21
29 30 52 47
34 35 84 51
(1574, 1717)

Arvore 87
0 12 82 83
1 13 75 53
2 3 53 59
2 14 37 32
3 15 25 25
4 5 73 65
5 6 39 62
5 17 26 54
7 8 23 19
7 19 59 68
8 9 7 34
8 20 44 53
9 10 91 57
11 23 77 80
12 13 46 37
13 14 67 76
13 25 34 49
14 26 18 11
15 16 3 34
16 17 72 43
16 28 26 40
18 19 45 66
18 30 23 49
19 31 1 17
20 21 0 26
21 22 30 32
21 33 27 55
22 23 50 48
22 34 62 54
24 25 85 71
26 27 65 57
28 29 16 21
29 30 52 47
31 32 72 56
34 35 84 51
(1589, 1684)

Arvore 88
0 12 82 83
1 13 75 53
2 3 53 59
2 14 37 32
3 15 25 25
4 5 73 65
5 6 39 62
5 17 26 54
7 8 23 19
7 19 59 68
8 9 7 34
8 20 44 53
10 22 85 81
11 23 77 80
12 13 46 37
13 14 67 76
13 25 34 49
14 26 18 11
15 16 3 34
16 17 72 43
16 28 26 40
18 19 45 66
18 30 23 49
19 31 1 17
20 21 0 26
21 22 30 32
21 33 27 55
22 23 50 48
22 34 62 54
24 25 85 71
26 27 65 57
28 29 16 21
29 30 52 47
31 32 72 56
34 35 84 51
(1583, 1708)

Arvore 89
0 12 82 83
1 13 75 53
2 3 53 59
2 14 37 32
3 15 25 25
4 5 73 65
5 6 39 62
5 17 26 54
7 8 23 19
8 9 7 34
8 20 44 53
9 10 91 57
11 23 77 80
12 13 46 37
13 14 67 76
13 25 34 49
14 26 18 11
15 16 3 34
16 17 72 43
16 28 26 40
18 19 45 66
18 30 23 49
19 20 66 59
19 31 1 17
20 21 0 26
20 32 63 65
21 22 30 32
21 33 27 55
22 23 50 48
22 34 62 54
24 25 85 71
26 27 65 57
28 29 16 21
29 30 52 47
34 35 84 51
(1587, 1684)

Arvore 90
0 12 82 83
1 13 75 53
2 3 53 59
2 14 37 32
3 15 25 25
4 5 73 65
5 6 39 62
5 17 26 54
7 8 23 19
8 9 7 34
8 20 44 53
10 22 85 81
11 23 77 80
12 13 46 37
13 14 67 76
13 25 34 49
14 26 18 11
15 16 3 34
16 17 72 43
16 28 26 40
18 19 45 66
18 30 23 49
19 20 66 59
19 31 1 17
20 21 0 26
20 32 63 65
21 22 30 32
21 33 27 55
22 23 50 48
22 34 62 54
24 25 85 71
26 27 65 57
28 29 16 21
29 30 52 47
34 35 84 51
(1581, 1708)

Arvore 91
0 12 82 83
1 13 75 53
2 3 53 59
2 14 37 32
3 15 25 25
4 5 73 65
5 6 39 62
5 17 26 54
7 8 23 19
8 9 7 34
8 20 44 53
9 10 91 57
11 23 77 80
12 13 46 37
13 14 67 76
13 25 34 49
14 26 18 11
15 16 3 34
16 17 72 43
16 28 26 40
18 19 45 66
18 30 23 49
19 20 66 59
19 31 1 17
20 21 0 26
21 22 30 32
21 33 27 55
22 23 50 48
22 34 62 54
24 25 85 71
26 27 65 57
28 29 16 21
29 30 52 47
31 32 72 56
34 35 84 51
(1596, 1675)

Arvore 92
0 12 82 83
1 13 75 53
2 3 53 59
2 14 37 32
3 15 25 25
4 5 73 65
5 6 39 62
5 17 26 54
7 8 23 19
8 9 7 34
8 20 44 53
10 22 85 81
11 23 77 80
12 13 46 37
13 14 67 76
13 25 34 49
14 26 18 11
15 16 3 34
16 17 72 43
16 28 26 40
18 19 45 66
18 30 23 49
19 20 66 59
19 31 1 17
20 21 0 26
21 22 30 32
21 33 27 55
22 23 50 48
22 34 62 54
24 25 85 71
26 27 65 57
28 29 16 21
29 30 52 47
31 32 72 56
34 35 84 51
(1590, 1699)

Arvore 93
0 12 82 83
1 13 75 53
2 3 53 59
2 14 37 32
3 15 25 25
4 5 73 65
5 6 39 62
5 17 26 54
7 8 23 19
8 9 7 34
8 20 44 53
9 10 91 57
11 23 77 80
12 13 46 37
13 14 67 76
13 25 34 49
14 26 18 11
15 16 3 34
16 17 72 43
16 28 26 40
18 19 45 66
18 30 23 49
19 31 1 17
20 21 0 26
20 32 63 65
21 22 30 32
21 33 27 55
22 23 50 48
22 34 62 54
24 25 85 71
26 27 65 57
28 29 16 21
29 30 52 47
31 32 72 56
34 35 84 51
(1593, 1681)

Arvore 94
0 12 82 83
1 13 75 53
2 3 53 59
2 14 37 32
3 15 25 25
4 5 73 65
5 6 39 62
5 17 26 54
7 8 23 19
8 9 7 34
8 20 44 53
10 22 85 81
11 23 77 80
12 13 46 37
13 14 67 76
13 25 34 49
14 26 18 11
15 16 3 34
16 17 72 43
16 28 26 40
18 19 45 66
18 30 23 49
19 31 1 17
20 21 0 26
20 32 63 65
21 22 30 32
21 33 27 55
22 23 50 48
22 34 62 54
24 25 85 71
26 27 65 57
28 29 16 21
29 30 52 47
31 32 72 56
34 35 84 51
(1587, 1705)

Arvore 95
0 12 82 83
1 13 75 53
2 3 53 59
2 14 37 32
3 15 25 25
4 5 73 65
5 6 39 62
5 17 26 54
7 8 23 19
8 9 7 34
8 20 44 53
9 10 91 57
11 23 77 80
12 13 46 37
13 14 67 76
13 25 34 49
14 26 18 11
15 16 3 34
16 17 72 43
16 28 26 40
18 19 45 66
18 30 23 49
19 31 1 17
20 21 0 26
20 32 63 65
21 22 30 32
21 33 27 55
22 23 50 48
22 34 62 54
24 25 85 71
26 27 65 57
28 29 16 21
29 30 52 47
31 32 72 56
34 35 84 51
(1593, 1681)

Arvore 96
0 12 82 83
1 13 75 53
2 3 53 59
2 14 37 32
3 15 25 25
4 5 73 65
5 6 39 62
5 17 26 54
7 8 23 19
7 19 59 68
8 9 7 34
8 20 44 53
9 10 91 57
11 23 77 80
12 13 46 37
13 14 67 76
13 25 34 49
14 26 18 11
15 16 3 34
16 17 72 43
16 28 26 40
18 30 23 49
19 31 1 17
20 21 0 26
20 32 63 65
21 22 30 32
21 33 27 55
22 23 50 48
22 34 62 54
24 25 85 71
26 27 65 57
28 29 16 21
29 30 52 47
30 31 78 60
34 35 84 51
(1613, 1687)

Arvore 97
0 12 82 83
1 13 75 53
2 3 53 59
2 14 37 32
3 15 25 25
4 5 73 65
5 6 39 62
5 17 26 54
7 8 23 19
7 19 59 68
8 9 7 34
8 20 44 53
10 22 85 81
11 23 77 80
12 13 46 37
13 14 67 76
13 25 34 49
14 26 18 11
15 16 3 34
16 17 72 43
16 28 26 40
18 30 23 49
19 31 1 17
20 21 0 26
20 32 63 65
21 22 30 32
21 33 27 55
22 23 50 48
22 34 62 54
24 25 85 71
26 27 65 57
28 29 16 21
29 30 52 47
30 31 78 60
34 35 84 51
(1607, 1711)

Arvore 98
0 12 82 83
1 13 75 53
2 3 53 59
2 14 37 32
3 15 25 25
4 5 73 65
5 6 39 62
5 17 26 54
7 8 23 19
7 19 59 68
8 9 7 34
8 20 44 53
9 10 91 57
11 23 77 80
12 13 46 37
13 14 67 76
13 25 34 49
14 26 18 11
15 16 3 34
16 17 72 43
16 28 26 40
18 30 23 49
19 31 1 17
20 21 0 26
21 22 30 32
21 33 27 55
22 23 50 48
22 34 62 54
24 25 85 71
26 27 65 57
28 29 16 21
29 30 52 47
30 31 78 60
31 32 72 56
34 35 84 51
(1622, 1678)

Arvore 99
0 12 82 83
1 13 75 53
2 3 53 59
2 14 37 32
3 15 25 25
4 5 73 65
5 6 39 62
5 17 26 54
7 8 23 19
7 19 59 68
8 9 7 34
8 20 44 53
10 22 85 81
11 23 77 80
12 13 46 37
13 14 67 76
13 25 34 49
14 26 18 11
15 16 3 34
16 17 72 43
16 28 26 40
18 30 23 49
19 31 1 17
20 21 0 26
21 22 30 32
21 33 27 55
22 23 50 48
22 34 62 54
24 25 85 71
26 27 65 57
28 29 16 21
29 30 52 47
30 31 78 60
31 32 72 56
34 35 84 51
(1616, 1702)

Arvore 100
0 12 82 83
1 13 75 53
2 3 53 59
2 14 37 32
3 15 25 25
4 5 73 65
5 6 39 62
5 17 26 54
7 8 23 19
8 9 7 34
8 20 44 53
9 10 91 57
11 23 77 80
12 13 46 37
13 14 67 76
13 25 34 49
14 26 18 11
15 16 3 34
16 17 72 43
16 28 26 40
18 30 23 49
19 20 66 59
19 31 1 17
20 21 0 26
20 32 63 65
21 22 30 32
21 33 27 55
22 23 50 48
22 34 62 54
24 25 85 71
26 27 65 57
28 29 16 21
29 30 52 47
30 31 78 60
34 35 84 51
(1620, 1678)

Arvore 101
0 12 82 83
1 13 75 53
2 3 53 59
2 14 37 32
3 15 25 25
4 5 73 65
5 6 39 62
5 17 26 54
7 8 23 19
8 9 7 34
8 20 44 53
10 22 85 81
11 23 77 80
12 13 46 37
13 14 67 76
13 25 34 49
14 26 18 11
15 16 3 34
16 17 72 43
16 28 26 40
18 30 23 49
19 20 66 59
19 31 1 17
20 21 0 26
20 32 63 65
21 22 30 32
21 33 27 55
22 23 50 48
22 34 62 54
24 25 85 71
26 27 65 57
28 29 16 21
29 30 52 47
30 31 78 60
34 35 84 51
(1614, 1702)

Arvore 102
0 12 82 83
1 13 75 53
2 3 53 59
2 14 37 32
3 15 25 25
4 5 73 65
5 6 39 62
5 17 26 54
7 8 23 19
8 9 7 34
8 20 44 53
9 10 91 57
11 23 77 80
12 13 46 37
13 14 67 76
13 25 34 49
14 26 18 11
15 16 3 34
16 17 72 43
16 28 26 40
18 30 23 49
19 20 66 59
19 31 1 17
20 21 0 26
21 22 30 32
21 33 27 55
22 23 50 48
22 34 62 54
24 25 85 71
26 27 65 57
28 29 16 21
29 30 52 47
30 31 78 60
31 32 72 56
34 35 84 51
(1629, 1669)

Arvore 103
0 12 82 83
1 13 75 53
2 3 53 59
2 14 37 32
3 15 25 25
4 5 73 65
5 6 39 62
5 17 26 54
7 8 23 19
8 9 7 34
8 20 44 53
10 22 85 81
11 23 77 80
12 13 46 37
13 14 67 76
13 25 34 49
14 26 18 11
15 16 3 34
16 17 72 43
16 28 26 40
18 30 23 49
19 20 66 59
19 31 1 17
20 21 0 26
21 22 30 32
21 33 27 55
22 23 50 48
22 34 62 54
24 25 85 71
26 27 65 57
28 29 16 21
29 30 52 47
30 31 78 60
31 32 72 56
34 35 84 51
(1623, 1693)

Arvore 104
0 12 82 83
1 13 75 53
2 3 53 59
2 14 37 32
3 15 25 25
4 5 73 65
5 6 39 62
5 17 26 54
7 8 23 19
8 9 7 34
8 20 44 53
9 10 91 57
11 23 77 80
12 13 46 37
13 14 67 76
13 25 34 49
14 26 18 11
15 16 3 34
16 17 72 43
16 28 26 40
18 30 23 49
19 31 1 17
20 21 0 26
20 32 63 65
21 22 30 32
21 33 27 55
22 23 50 48
22 34 62 54
24 25 85 71
26 27 65 57
28 29 16 21
29 30 52 47
30 31 78 60
31 32 72 56
34 35 84 51
(1626, 1675)

Arvore 105
0 12 82 83
1 13 75 53
2 3 53 59
2 14 37 32
3 15 25 25
4 5 73 65
5 6 39 62
5 17 26 54
7 8 23 19
8 9 7 34
8 20 44 53
10 22 85 81
11 23 77 80
12 13 46 37
13 14 67 76
13 25 34 49
14 26 18 11
15 16 3 34
16 17 72 43
16 28 26 40
18 30 23 49
19 31 1 17
20 21 0 26
20 32 63 65
21 22 30 32
21 33 27 55
22 23 50 48
22 34 62 54
24 25 85 71
26 27 65 57
28 29 16 21
29 30 52 47
30 31 78 60
31 32 72 56
34 35 84 51
(1620, 1699)

Arvore 106
0 12 82 83
1 13 75 53
2 3 53 59
2 14 37 32
3 15 25 25
4 5 73 65
5 6 39 62
5 17 26 54
7 8 23 19
7 19 59 68
8 9 7 34
8 20 44 53
9 10 91 57
11 23 77 80
12 13 46 37
13 14 67 76
13 25 34 49
14 26 18 11
15 16 3 34
16 28 26 40
17 29 47 53
18 19 45 66
18 30 23 49
19 31 1 17
20 21 0 26
20 32 63 65
21 22 30 32
21 33 27 55
22 23 50 48
22 34 62 54
24 25 85 71
26 27 65 57
28 29 16 21
29 30 52 47
34 35 84 51
(1555, 1703)

Arvore 107
0 12 82 83
1 13 75 53
2 3 53 59
2 14 37 32
3 15 25 25
4 5 73 65
5 6 39 62
5 17 26 54
7 8 23 19
7 19 59 68
8 9 7 34
8 20 44 53
10 22 85 81
11 23 77 80
12 13 46 37
13 14 67 76
13 25 34 49
14 26 18 11
15 16 3 34
16 28 26 40
17 29 47 53
18 19 45 66
18 30 23 49
19 31 1 17
20 21 0 26
20 32 63 65
21 22 30 32
21 33 27 55
22 23 50 48
22 34 62 54
24 25 85 71
26 27 65 57
28 29 16 21
29 30 52 47
34 35 84 51
(1549, 1727)

Arvore 108
0 12 82 83
1 13 75 53
2 3 53 59
2 14 37 32
3 15 25 25
4 5 73 65
5 6 39 62
5 17 26 54
7 8 23 19
7 19 59 68
8 9 7 34
8 20 44 53
9 10 91 57
11 23 77 80
12 13 46 37
13 14 67 76
13 25 34 49
14 26 18 11
15 16 3 34
16 28 26 40
17 29 47 53
18 19 45 66
18 30 23 49
19 31 1 17
20 21 0 26
21 22 30 32
21 33 27 55
22 23 50 48
22 34 62 54
24 25 85 71
26 27 65 57
28 29 16 21
29 30 52 47
31 32 72 56
34 35 84 51
(1564, 1694)

Arvore 109
0 12 82 83
1 13 75 53
2 3 53 59
2 14 37 32
3 15 25 25
4 5 73 65
5 6 39 62
5 17 26 54
7 8 23 19
7 19 59 68
8 9 7 34
8 20 44 53
10 22 85 81
11 23 77 80
12 13 46 37
13 14 67 76
13 25 34 49
14 26 18 11
15 16 3 34
16 28 26 40
17 29 47 53
18 19 45 66
18 30 23 49
19 31 1 17
20 21 0 26
21 22 30 32
21 33 27 55
22 23 50 48
22 34 62 54
24 25 85 71
26 27 65 57
28 29 16 21
29 30 52 47
31 32 72 56
34 35 84 51
(1558, 1718)

Arvore 110
0 12 82 83
1 13 75 53
2 3 53 59
2 14 37 32
3 15 25 25
4 5 73 65
5 6 39 62
5 17 26 54
7 8 23 19
8 9 7 34
8 20 44 53
9 10 91 57
11 23 77 80
12 13 46 37
13 14 67 76
13 25 34 49
14 26 18 11
15 16 3 34
16 28 26 40
17 29 47 53
18 19 45 66
18 30 23 49
19 20 66 59
19 31 1 17
20 21 0 26
20 32 63 65
21 22 30 32
21 33 27 55
22 23 50 48
22 34 62 54
24 25 85 71
26 27 65 57
28 29 16 21
29 30 52 47
34 35 84 51
(1562, 1694)

Arvore 111
0 12 82 83
1 13 75 53
2 3 53 59
2 14 37 32
3 15 25 25
4 5 73 65
5 6 39 62
5 17 26 54
7 8 23 19
8 9 7 34
8 20 44 53
10 22 85 81
11 23 77 80
12 13 46 37
13 14 67 76
13 25 34 49
14 26 18 11
15 16 3 34
16 28 26 40
17 29 47 53
18 19 45 66
18 30 23 49
19 20 66 59
19 31 1 17
20 21 0 26
20 32 63 65
21 22 30 32
21 33 27 55
22 23 50 48
22 34 62 54
24 25 85 71
26 27 65 57
28 29 16 21
29 30 52 47
34 35 84 51
(1556, 1718)

Arvore 112
0 12 82 83
1 13 75 53
2 3 53 59
2 14 37 32
3 15 25 25
4 5 73 65
5 6 39 62
5 17 26 54
7 8 23 19
8 9 7 34
8 20 44 53
9 10 91 57
11 23 77 80
12 13 46 37
13 14 67 76
13 25 34 49
14 26 18 11
15 16 3 34
16 28 26 40
17 29 47 53
18 19 45 66
18 30 23 49
19 20 66 59
19 31 1 17
20 21 0 26
21 22 30 32
21 33 27 55
22 23 50 48
22 34 62 54
24 25 85 71
26 27 65 57
28 29 16 21
29 30 52 47
31 32 72 56
34 35 84 51
(1571, 1685)

Arvore 113
0 12 82 83
1 13 75 53
2 3 53 59
2 14 37 32
3 15 25 25
4 5 73 65
5 6 39 62
5 17 26 54
7 8 23 19
8 9 7 34
8 20 44 53
10 22 85 81
11 23 77 80
12 13 46 37
13 14 67 76
13 25 34 49
14 26 18 11
15 16 3 34
16 28 26 40
17 29 47 53
18 19 45 66
18 30 23 49
19 20 66 59
19 31 1 17
20 21 0 26
21 22 30 32
21 33 27 55
22 23 50 48
22 34 62 54
24 25 85 71
26 27 65 57
28 29 16 21
29 30 52 47
31 32 72 56
34 35 84 51
(1565, 1709)

Arvore 114
0 12 82 83
1 13 75 53
2 3 53 59
2 14 37 32
3 15 25 25
4 5 73 65
5 6 39 62
5 17 26 54
7 8 23 19
8 9 7 34
8 20 44 53
9 10 91 57
11 23 77 80
12 13 46 37
13 14 67 76
13 25 34 49
14 26 18 11
15 16 3 34
16 28 26 40
17 29 47 53
18 19 45 66
18 30 23 49
19 31 1 17
20 21 0 26
20 32 63 65
21 22 30 32
21 33 27 55
22 23 50 48
22 34 62 54
24 25 85 71
26 27 65 57
28 29 16 21
29 30 52 47
31 32 72 56
34 35 84 51
(1568, 1691)

Arvore 115
0 12 82 83
1 13 75 53
2 3 53 59
2 14 37 32
3 15 25 25
4 5 73 65
5 6 39 62
5 17 26 54
7 8 23 19
8 9 7 34
8 20 44 53
10 22 85 81
11 23 77 80
12 13 46 37
13 14 67 76
13 25 34 49
14 26 18 11
15 16 3 34
16 28 26 40
17 29 47 53
18 19 45 66
18 30 23 49
19 31 1 17
20 21 0 26
20 32 63 65
21 22 30 32
21 33 27 55
22 23 50 48
22 34 62 54
24 25 85 71
26 27 65 57
28 29 16 21
29 30 52 47
31 32 72 56
34 35 84 51
(1562, 1715)

Arvore 116
0 12 82 83
1 13 75 53
2 3 53 59
2 14 37 32
3 15 25 25
4 5 73 65
5 6 39 62
5 17 26 54
7 8 23 19
8 9 7 34
8 20 44 53
9 10 91 57
11 23 77 80
12 13 46 37
13 14 67 76
13 25 34 49
14 26 18 11
15 16 3 34
16 28 26 40
17 29 47 53
18 19 45 66
18 30 23 49
19 31 1 17
20 21 0 26
20 32 63 65
21 22 30 32
21 33 27 55
22 23 50 48
22 34 62 54
24 25 85 71
26 27 65 57
28 29 16 21
29 30 52 47
31 32 72 56
34 35 84 51
(1568, 1691)

Arvore 117
0 12 82 83
1 13 75 53
2 3 53 59
2 14 37 32
3 15 25 25
4 5 73 65
5 6 39 62
5 17 26 54
7 8 23 19
7 19 59 68
8 9 7 34
8 20 44 53
9 10 91 57
11 23 77 80
12 13 46 37
13 14 67 76
13 25 34 49
14 26 18 11
15 16 3 34
16 28 26 40
17 29 47 53
18 30 23 49
19 31 1 17
20 21 0 26
20 32 63 65
21 22 30 32
21 33 27 55
22 23 50 48
22 34 62 54
24 25 85 71
26 27 65 57
28 29 16 21
29 30 52 47
30 31 78 60
34 35 84 51
(1588, 1697)

Arvore 118
0 12 82 83
1 13 75 53
2 3 53 59
2 14 37 32
3 15 25 25
4 5 73 65
5 6 39 62
5 17 26 54
7 8 23 19
7 19 59 68
8 9 7 34
8 20 44 53
10 22 85 81
11 23 77 80
12 13 46 37
13 14 67 76
13 25 34 49
14 26 18 11
15 16 3 34
16 28 26 40
17 29 47 53
18 30 23 49
19 31 1 17
20 21 0 26
20 32 63 65
21 22 30 32
21 33 27 55
22 23 50 48
22 34 62 54
24 25 85 71
26 27 65 57
28 29 16 21
29 30 52 47
30 31 78 60
34 35 84 51
(1582, 1721)

Arvore 119
0 12 82 83
1 13 75 53
2 3 53 59
2 14 37 32
3 15 25 25
4 5 73 65
5 6 39 62
5 17 26 54
7 8 23 19
7 19 59 68
8 9 7 34
8 20 44 53
9 10 91 57
11 23 77 80
12 13 46 37
13 14 67 76
13 25 34 49
14 26 18 11
15 16 3 34
16 28 26 40
17 29 47 53
18 30 23 49
19 31 1 17
20 21 0 26
21 22 30 32
21 33 27 55
22 23 50 48
22 34 62 54
24 25 85 71
26 27 65 57
28 29 16 21
29 30 52 47
30 31 78 60
31 32 72 56
34 35 84 51
(1597, 1688)

Arvore 120
0 12 82 83
1 13 75 53
2 3 53 59
2 14 37 32
3 15 25 25
4 5 73 65
5 6 39 62
5 17 26 54
7 8 23 19
7 19 59 68
8 9 7 34
8 20 44 53
10 22 85 81
11 23 77 80
12 13 46 37
13 14 67 76
13 25 34 49
14 26 18 11
15 16 3 34
16 28 26 40
17 29 47 53
18 30 23 49
19 31 1 17
20 21 0 26
21 22 30 32
21 33 27 55
22 23 50 48
22 34 62 54
24 25 85 71
26 27 65 57
28 29 16 21
29 30 52 47
30 31 78 60
31 32 72 56
34 35 84 51
(1591, 1712)

Arvore 121
0 12 82 83
1 13 75 53
2 3 53 59
2 14 37 32
3 15 25 25
4 5 73 65
5 6 39 62
5 17 26 54
7 8 23 19
8 9 7 34
8 20 44 53
9 10 91 57
11 23 77 80
12 13 46 37
13 14 67 76
13 25 34 49
14 26 18 11
15 16 3 34
16 28 26 40
17 29 47 53
18 30 23 49
19 20 66 59
19 31 1 17
20 21 0 26
20 32 63 65
21 22 30 32
21 33 27 55
22 23 50 48
22 34 62 54
24 25 85 71
26 27 65 57
28 29 16 21
29 30 52 47
30 31 78 60
34 35 84 51
(1595, 1688)

Arvore 122
0 12 82 83
1 13 75 53
2 3 53 59
2 14 37 32
3 15 25 25
4 5 73 65
5 6 39 62
5 17 26 54
7 8 23 19
8 9 7 34
8 20 44 53
10 22 85 81
11 23 77 80
12 13 46 37
13 14 67 76
13 25 34 49
14 26 18 11
15 16 3 34
16 28 26 40
17 29 47 53
18 30 23 49
19 20 66 59
19 31 1 17
20 21 0 26
20 32 63 65
21 22 30 32
21 33 27 55
22 23 50 48
22 34 62 54
24 25 85 71
26 27 65 57
28 29 16 21
29 30 52 47
30 31 78 60
34 35 84 51
(1589, 1712)

Arvore 123
0 12 82 83
1 13 75 53
2 3 53 59
2 14 37 32
3 15 25 25
4 5 73 65
5 6 39 62
5 17 26 54
7 8 23 19
8 9 7 34
8 20 44 53
9 10 91 57
11 23 77 80
12 13 46 37
13 14 67 76
13 25 34 49
14 26 18 11
15 16 3 34
16 28 26 40
17 29 47 53
18 30 23 49
19 20 66 59
19 31 1 17
20 21 0 26
21 22 30 32
21 33 27 55
22 23 50 48
22 34 62 54
24 25 85 71
26 27 65 57
28 29 16 21
29 30 52 47
30 31 78 60
31 32 72 56
34 35 84 51
(1604, 1679)

Arvore 124
0 12 82 83
1 13 75 53
2 3 53 59
2 14 37 32
3 15 25 25
4 5 73 65
5 6 39 62
5 17 26 54
7 8 23 19
8 9 7 34
8 20 44 53
10 22 85 81
11 23 77 80
12 13 46 37
13 14 67 76
13 25 34 49
14 26 18 11
15 16 3 34
16 28 26 40
17 29 47 53
18 30 23 49
19 20 66 59
19 31 1 17
20 21 0 26
21 22 30 32
21 33 27 55
22 23 50 48
22 34 62 54
24 25 85 71
26 27 65 57
28 29 16 21
29 30 52 47
30 31 78 60
31 32 72 56
34 35 84 51
(1598, 1703)

Arvore 125
0 12 82 83
1 13 75 53
2 3 53 59
2 14 37 32
3 15 25 25
4 5 73 65
5 6 39 62
5 17 26 54
7 8 23 19
8 9 7 34
8 20 44 53
9 10 91 57
11 23 77 80
12 13 46 37
13 14 67 76
13 25 34 49
14 26 18 11
15 16 3 34
16 28 26 40
17 29 47 53
18 30 23 49
19 31 1 17
20 21 0 26
20 32 63 65
21 22 30 32
21 33 27 55
22 23 50 48
22 34 62 54
24 25 85 71
26 27 65 57
28 29 16 21
29 30 52 47
30 31 78 60
31 32 72 56
34 35 84 51
(1601, 1685)

Arvore 126
0 12 82 83
1 13 75 53
2 3 53 59
2 14 37 32
3 15 25 25
4 5 73 65
5 6 39 62
5 17 26 54
7 8 23 19
8 9 7 34
8 20 44 53
10 22 85 81
11 23 77 80
12 13 46 37
13 14 67 76
13 25 34 49
14 26 18 11
15 16 3 34
16 28 26 40
17 29 47 53
18 30 23 49
19 31 1 17
20 21 0 26
20 32 63 65
21 22 30 32
21 33 27 55
22 23 50 48
22 34 62 54
24 25 85 71
26 27 65 57
28 29 16 21
29 30 52 47
30 31 78 60
31 32 72 56
34 35 84 51
(1595, 1709)

Arvore 127
0 12 82 83
1 2 38 57
2 3 53 59
2 14 37 32
3 15 25 25
4 5 73 65
5 6 39 62
5 17 26 54
7 8 23 19
7 19 59 68
8 9 7 34
8 20 44 53
9 10 91 57
11 23 77 80
12 13 46 37
13 25 34 49
14 26 18 11
15 16 3 34
16 17 72 43
16 28 26 40
18 19 45 66
18 30 23 49
19 31 1 17
20 21 0 26
20 32 63 65
21 22 30 32
21 33 27 55
22 23 50 48
22 34 62 54
24 25 85 71
25 26 63 77
26 27 65 57
28 29 16 21
29 30 52 47
34 35 84 51
(1539, 1698)

Arvore 128
0 12 82 83
1 2 38 57
2 3 53 59
2 14 37 32
3 15 25 25
4 5 73 65
5 6 39 62
5 17 26 54
7 8 23 19
7 19 59 68
8 9 7 34
8 20 44 53
10 22 85 81
11 23 77 80
12 13 46 37
13 25 34 49
14 26 18 11
15 16 3 34
16 17 72 43
16 28 26 40
18 19 45 66
18 30 23 49
19 31 1 17
20 21 0 26
20 32 63 65
21 22 30 32
21 33 27 55
22 23 50 48
22 34 62 54
24 25 85 71
25 26 63 77
26 27 65 57
28 29 16 21
29 30 52 47
34 35 84 51
(1533, 1722)

Arvore 129
0 12 82 83
1 2 38 57
2 3 53 59
2 14 37 32
3 15 25 25
4 5 73 65
5 6 39 62
5 17 26 54
7 8 23 19
7 19 59 68
8 9 7 34
8 20 44 53
9 10 91 57
11 23 77 80
12 13 46 37
13 25 34 49
14 26 18 11
15 16 3 34
16 17 72 43
16 28 26 40
18 19 45 66
18 30 23 49
19 31 1 17
20 21 0 26
21 22 30 32
21 33 27 55
22 23 50 48
22 34 62 54
24 25 85 71
25 26 63 77
26 27 65 57
28 29 16 21
29 30 52 47
31 32 72 56
34 35 84 51
(1548, 1689)

Arvore 130
0 12 82 83
1 2 38 57
2 3 53 59
2 14 37 32
3 15 25 25
4 5 73 65
5 6 39 62
5 17 26 54
7 8 23 19
7 19 59 68
8 9 7 34
8 20 44 53
10 22 85 81
11 23 77 80
12 13 46 37
13 25 34 49
14 26 18 11
15 16 3 34
16 17 72 43
16 28 26 40
18 19 45 66
18 30 23 49
19 31 1 17
20 21 0 26
21 22 30 32
21 33 27 55
22 23 50 48
22 34 62 54
24 25 85 71
25 26 63 77
26 27 65 57
28 29 16 21
29 30 52 47
31 32 72 56
34 35 84 51
(1542, 1713)

Arvore 131
0 12 82 83
1 2 38 57
2 3 53 59
2 14 37 32
3 15 25 25
4 5 73 65
5 6 39 62
5 17 26 54
7 8 23 19
8 9 7 34
8 20 44 53
9 10 91 57
11 23 77 80
12 13 46 37
13 25 34 49
14 26 18 11
15 16 3 34
16 17 72 43
16 28 26 40
18 19 45 66
18 30 23 49
19 20 66 59
19 31 1 17
20 21 0 26
20 32 63 65
21 22 30 32
21 33 27 55
22 23 50 48
22 34 62 54
24 25 85 71
25 26 63 77
26 27 65 57
28 29 16 21
29 30 52 47
34 35 84 51
(1546, 1689)

Arvore 132
0 12 82 83
1 2 38 57
2 3 53 59
2 14 37 32
3 15 25 25
4 5 73 65
5 6 39 62
5 17 26 54
7 8 23 19
8 9 7 34
8 20 44 53
10 22 85 81
11 23 77 80
12 13 46 37
13 25 34 49
14 26 18 11
15 16 3 34
16 17 72 43
16 28 26 40
18 19 45 66
18 30 23 49
19 20 66 59
19 31 1 17
20 21 0 26
20 32 63 65
21 22 30 32
21 33 27 55
22 23 50 48
22 34 62 54
24 25 85 71
25 26 63 77
26 27 65 57
28 29 16 21
29 30 52 47
34 35 84 51
(1540, 1713)

Arvore 133
0 12 82 83
1 2 38 57
2 3 53 59
2 14 37 32
3 15 25 25
4 5 73 65
5 6 39 62
5 17 26 54
7 8 23 19
8 9 7 34
8 20 44 53
9 10 91 57
11 23 77 80
12 13 46 37
13 25 34 49
14 26 18 11
15 16 3 34
16 17 72 43
16 28 26 40
18 19 45 66
18 30 23 49
19 20 66 59
19 31 1 17
20 21 0 26
21 22 30 32
21 33 27 55
22 23 50 48
22 34 62 54
24 25 85 71
25 26 63 77
26 27 65 57
28 29 16 21
29 30 52 47
31 32 72 56
34 35 84 51
(1555, 1680)

Arvore 134
0 12 82 83
1 2 38 57
2 3 53 59
2 14 37 32
3 15 25 25
4 5 73 65
5 6 39 62
5 17 26 54
7 8 23 19
8 9 7 34
8 20 44 53
10 22 85 81
11 23 77 80
12 13 46 37
13 25 34 49
14 26 18 11
15 16 3 34
16 17 72 43
16 28 26 40
18 19 45 66
18 30 23 49
19 20 66 59
19 31 1 17
20 21 0 26
21 22 30 32
21 33 27 55
22 23 50 48
22 34 62 54
24 25 85 71
25 26 63 77
26 27 65 57
28 29 16 21
29 30 52 47
31 32 72 56
34 35 84 51
(1549, 1704)

Arvore 135
0 12 82 83
1 2 38 57
2 3 53 59
2 14 37 32
3 15 25 25
4 5 73 65
5 6 39 62
5 17 26 54
7 8 23 19
8 9 7 34
8 20 44 53
9 10 91 57
11 23 77 80
12 13 46 37
13 25 34 49
14 26 18 11
15 16 3 34
16 17 72 43
16 28 26 40
18 19 45 66
18 30 23 49
19 31 1 17
20 21 0 26
20 32 63 65
21 22 30 32
21 33 27 55
22 23 50 48
22 34 62 54
24 25 85 71
25 26 63 77
26 27 65 57
28 29 16 21
29 30 52 47
31 32 72 56
34 35 84 51
(1552, 1686)

Arvore 136
0 12 82 83
1 2 38 57
2 3 53 59
2 14 37 32
3 15 25 25
4 5 73 65
5 6 39 62
5 17 26 54
7 8 23 19
8 9 7 34
8 20 44 53
10 22 85 81
11 23 77 80
12 13 46 37
13 25 34 49
14 26 18 11
15 16 3 34
16 17 72 43
16 28 26 40
18 19 45 66
18 30 23 49
19 31 1 17
20 21 0 26
20 32 63 65
21 22 30 32
21 33 27 55
22 23 50 48
22 34 62 54
24 25 85 71
25 26 63 77
26 27 65 57
28 29 16 21
29 30 52 47
31 32 72 56
34 35 84 51
(1546, 1710)

Arvore 137
0 12 82 83
1 2 38 57
2 3 53 59
2 14 37 32
3 15 25 25
4 5 73 65
5 6 39 62
5 17 26 54
7 8 23 19
8 9 7 34
8 20 44 53
9 10 91 57
11 23 77 80
12 13 46 37
13 25 34 49
14 26 18 11
15 16 3 34
16 17 72 43
16 28 26 40
18 19 45 66
18 30 23 49
19 31 1 17
20 21 0 26
20 32 63 65
21 22 30 32
21 33 27 55
22 23 50 48
22 34 62 54
24 25 85 71
25 26 63 77
26 27 65 57
28 29 16 21
29 30 52 47
31 32 72 56
34 35 84 51
(1552, 1686)

Arvore 138
0 12 82 83
1 2 38 57
2 3 53 59
2 14 37 32
3 15 25 25
4 5 73 65
5 6 39 62
5 17 26 54
7 8 23 19
7 19 59 68
8 9 7 34
8 20 44 53
9 10 91 57
11 23 77 80
12 13 46 37
13 25 34 49
14 26 18 11
15 16 3 34
16 17 72 43
16 28 26 40
18 30 23 49
19 31 1 17
20 21 0 26
20 32 63 65
21 22 30 32
21 33 27 55
22 23 50 48
22 34 62 54
24 25 85 71
25 26 63 77
26 27 65 57
28 29 16 21
29 30 52 47
30 31 78 60
34 35 84 51
(1572, 1692)

Arvore 139
0 12 82 83
1 2 38 57
2 3 53 59
2 14 37 32
3 15 25 25
4 5 73 65
5 6 39 62
5 17 26 54
7 8 23 19
7 19 59 68
8 9 7 34
8 20 44 53
10 22 85 81
11 23 77 80
12 13 46 37
13 25 34 49
14 26 18 11
15 16 3 34
16 17 72 43
16 28 26 40
18 30 23 49
19 31 1 17
20 21 0 26
20 32 63 65
21 22 30 32
21 33 27 55
22 23 50 48
22 34 62 54
24 25 85 71
25 26 63 77
26 27 65 57
28 29 16 21
29 30 52 47
30 31 78 60
34 35 84 51
(1566, 1716)

Arvore 140
0 12 82 83
1 2 38 57
2 3 53 59
2 14 37 32
3 15 25 25
4 5 73 65
5 6 39 62
5 17 26 54
7 8 23 19
7 19 59 68
8 9 7 34
8 20 44 53
9 10 91 57
11 23 77 80
12 13 46 37
13 25 34 49
14 26 18 11
15 16 3 34
16 17 72 43
16 28 26 40
18 30 23 49
19 31 1 17
20 21 0 26
21 22 30 32
21 33 27 55
22 23 50 48
22 34 62 54
24 25 85 71
25 26 63 77
26 27 65 57
28 29 16 21
29 30 52 47
30 31 78 60
31 32 72 56
34 35 84 51
(1581, 1683)

Arvore 141
0 12 82 83
1 2 38 57
2 3 53 59
2 14 37 32
3 15 25 25
4 5 73 65
5 6 39 62
5 17 26 54
7 8 23 19
7 19 59 68
8 9 7 34
8 20 44 53
10 22 85 81
11 23 77 80
12 13 46 37
13 25 34 49
14 26 18 11
15 16 3 34
16 17 72 43
16 28 26 40
18 30 23 49
19 31 1 17
20 21 0 26
21 22 30 32
21 33 27 55
22 23 50 48
22 34 62 54
24 25 85 71
25 26 63 77
26 27 65 57
28 29 16 21
29 30 52 47
30 31 78 60
31 32 72 56
34 35 84 51
(1575, 1707)

Arvore 142
0 12 82 83
1 2 38 57
2 3 53 59
2 14 37 32
3 15 25 25
4 5 73 65
5 6 39 62
5 17 26 54
7 8 23 19
8 9 7 34
8 20 44 53
9 10 91 57
11 23 77 80
12 13 46 37
13 25 34 49
14 26 18 11
15 16 3 34
16 17 72 43
16 28 26 40
18 30 23 49
19 20 66 59
19 31 1 17
20 21 0 26
20 32 63 65
21 22 30 32
21 33 27 55
22 23 50 48
22 34 62 54
24 25 85 71
25 26 63 77
26 27 65 57
28 29 16 21
29 30 52 47
30 31 78 60
34 35 84 51
(1579, 1683)

Arvore 143
0 12 82 83
1 2 38 57
2 3 53 59
2 14 37 32
3 15 25 25
4 5 73 65
5 6 39 62
5 17 26 54
7 8 23 19
8 9 7 34
8 20 44 53
10 22 85 81
11 23 77 80
12 13 46 37
13 25 34 49
14 26 18 11
15 16 3 34
16 17 72 43
16 28 26 40
18 30 23 49
19 20 66 59
19 31 1 17
20 21 0 26
20 32 63 65
21 22 30 32
21 33 27 55
22 23 50 48
22 34 62 54
24 25 85 71
25 26 63 77
26 27 65 57
28 29 16 21
29 30 52 47
30 31 78 60
34 35 84 51
(1573, 1707)

Arvore 144
0 12 82 83
1 2 38 57
2 3 53 59
2 14 37 32
3 15 25 25
4 5 73 65
5 6 39 62
5 17 26 54
7 8 23 19
8 9 7 34
8 20 44 53
9 10 91 57
11 23 77 80
12 13 46 37
13 25 34 49
14 26 18 11
15 16 3 34
16 17 72 43
16 28 26 40
18 30 23 49
19 20 66 59
19 31 1 17
20 21 0 26
21 22 30 32
21 33 27 55
22 23 50 48
22 34 62 54
24 25 85 71
25 26 63 77
26 27 65 57
28 29 16 21
29 30 52 47
30 31 78 60
31 32 72 56
34 35 84 51
(1588, 1674)

Arvore 145
0 12 82 83
1 2 38 57
2 3 53 59
2 14 37 32
3 15 25 25
4 5 73 65
5 6 39 62
5 17 26 54
7 8 23 19
8 9 7 34
8 20 44 53
10 22 85 81
11 23 77 80
12 13 46 37
13 25 34 49
14 26 18 11
15 16 3 34
16 17 72 43
16 28 26 40
18 30 23 49
19 20 66 59
19 31 1 17
20 21 0 26
21 22 30 32
21 33 27 55
22 23 50 48
22 34 62 54
24 25 85 71
25 26 63 77
26 27 65 57
28 29 16 21
29 30 52 47
30 31 78 60
31 32 72 56
34 35 84 51
(1582, 1698)

Arvore 146
0 12 82 83
1 2 38 57
2 3 53 59
2 14 37 32
3 15 25 25
4 5 73 65
5 6 39 62
5 17 26 54
7 8 23 19
8 9 7 34
8 20 44 53
9 10 91 57
11 23 77 80
12 13 46 37
13 25 34 49
14 26 18 11
15 16 3 34
16 17 72 43
16 28 26 40
18 30 23 49
19 31 1 17
20 21 0 26
20 32 63 65
21 22 30 32
21 33 27 55
22 23 50 48
22 34 62 54
24 25 85 71
25 26 63 77
26 27 65 57
28 29 16 21
29 30 52 47
30 31 78 60
31 32 72 56
34 35 84 51
(1585, 1680)

Arvore 147
0 12 82 83
1 2 38 57
2 3 53 59
2 14 37 32
3 15 25 25
4 5 73 65
5 6 39 62
5 17 26 54
7 8 23 19
8 9 7 34
8 20 44 53
10 22 85 81
11 23 77 80
12 13 46 37
13 25 34 49
14 26 18 11
15 16 3 34
16 17 72 43
16 28 26 40
18 30 23 49
19 31 1 17
20 21 0 26
20 32 63 65
21 22 30 32
21 33 27 55
22 23 50 48
22 34 62 54
24 25 85 71
25 26 63 77
26 27 65 57
28 29 16 21
29 30 52 47
30 31 78 60
31 32 72 56
34 35 84 51
(1579, 1704)

Arvore 148
0 12 82 83
1 2 38 57
2 3 53 59
2 14 37 32
3 15 25 25
4 5 73 65
5 6 39 62
5 17 26 54
7 8 23 19
7 19 59 68
8 9 7 34
8 20 44 53
9 10 91 57
11 23 77 80
12 13 46 37
13 25 34 49
14 26 18 11
15 16 3 34
16 28 26 40
17 29 47 53
18 19 45 66
18 30 23 49
19 31 1 17
20 21 0 26
20 32 63 65
21 22 30 32
21 33 27 55
22 23 50 48
22 34 62 54
24 25 85 71
25 26 63 77
26 27 65 57
28 29 16 21
29 30 52 47
34 35 84 51
(1514, 1708)

Arvore 149
0 12 82 83
1 2 38 57
2 3 53 59
2 14 37 32
3 15 25 25
4 5 73 65
5 6 39 62
5 17 26 54
7 8 23 19
7 19 59 68
8 9 7 34
8 20 44 53
10 22 85 81
11 23 77 80
12 13 46 37
13 25 34 49
14 26 18 11
15 16 3 34
16 28 26 40
17 29 47 53
18 19 45 66
18 30 23 49
19 31 1 17
20 21 0 26
20 32 63 65
21 22 30 32
21 33 27 55
22 23 50 48
22 34 62 54
24 25 85 71
25 26 63 77
26 27 65 57
28 29 16 21
29 30 52 47
34 35 84 51
(1508, 1732)

Arvore 150
0 12 82 83
1 2 38 57
2 3 53 59
2 14 37 32
3 15 25 25
4 5 73 65
5 6 39 62
5 17 26 54
7 8 23 19
7 19 59 68
8 9 7 34
8 20 44 53
9 10 91 57
11 23 77 80
12 13 46 37
13 25 34 49
14 26 18 11
15 16 3 34
16 28 26 40
17 29 47 53
18 19 45 66
18 30 23 49
19 31 1 17
20 21 0 26
21 22 30 32
21 33 27 55
22 23 50 48
22 34 62 54
24 25 85 71
25 26 63 77
26 27 65 57
28 29 16 21
29 30 52 47
31 32 72 56
34 35 84 51
(1523, 1699)

Arvore 151
0 12 82 83
1 2 38 57
2 3 53 59
2 14 37 32
3 15 25 25
4 5 73 65
5 6 39 62
5 17 26 54
7 8 23 19
7 19 59 68
8 9 7 34
8 20 44 53
10 22 85 81
11 23 77 80
12 13 46 37
13 25 34 49
14 26 18 11
15 16 3 34
16 28 26 40
17 29 47 53
18 19 45 66
18 30 23 49
19 31 1 17
20 21 0 26
21 22 30 32
21 33 27 55
22 23 50 48
22 34 62 54
24 25 85 71
25 26 63 77
26 27 65 57
28 29 16 21
29 30 52 47
31 32 72 56
34 35 84 51
(1517, 1723)

Arvore 152
0 12 82 83
1 2 38 57
2 3 53 59
2 14 37 32
3 15 25 25
4 5 73 65
5 6 39 62
5 17 26 54
7 8 23 19
8 9 7 34
8 20 44 53
9 10 91 57
11 23 77 80
12 13 46 37
13 25 34 49
14 26 18 11
15 16 3 34
16 28 26 40
17 29 47 53
18 19 45 66
18 30 23 49
19 20 66 59
19 31 1 17
20 21 0 26
20 32 63 65
21 22 30 32
21 33 27 55
22 23 50 48
22 34 62 54
24 25 85 71
25 26 63 77
26 27 65 57
28 29 16 21
29 30 52 47
34 35 84 51
(1521, 1699)

Arvore 153
0 12 82 83
1 2 38 57
2 3 53 59
2 14 37 32
3 15 25 25
4 5 73 65
5 6 39 62
5 17 26 54
7 8 23 19
8 9 7 34
8 20 44 53
10 22 85 81
11 23 77 80
12 13 46 37
13 25 34 49
14 26 18 11
15 16 3 34
16 28 26 40
17 29 47 53
18 19 45 66
18 30 23 49
19 20 66 59
19 31 1 17
20 21 0 26
20 32 63 65
21 22 30 32
21 33 27 55
22 23 50 48
22 34 62 54
24 25 85 71
25 26 63 77
26 27 65 57
28 29 16 21
29 30 52 47
34 35 84 51
(1515, 1723)

Arvore 154
0 12 82 83
1 2 38 57
2 3 53 59
2 14 37 32
3 15 25 25
4 5 73 65
5 6 39 62
5 17 26 54
7 8 23 19
8 9 7 34
8 20 44 53
9 10 91 57
11 23 77 80
12 13 46 37
13 25 34 49
14 26 18 11
15 16 3 34
16 28 26 40
17 29 47 53
18 19 45 66
18 30 23 49
19 20 66 59
19 31 1 17
20 21 0 26
21 22 30 32
21 33 27 55
22 23 50 48
22 34 62 54
24 25 85 71
25 26 63 77
26 27 65 57
28 29 16 21
29 30 52 47
31 32 72 56
34 35 84 51
(1530, 1690)

Arvore 155
0 12 82 83
1 2 38 57
2 3 53 59
2 14 37 32
3 15 25 25
4 5 73 65
5 6 39 62
5 17 26 54
7 8 23 19
8 9 7 34
8 20 44 53
10 22 85 81
11 23 77 80
12 13 46 37
13 25 34 49
14 26 18 11
15 16 3 34
16 28 26 40
17 29 47 53
18 19 45 66
18 30 23 49
19 20 66 59
19 31 1 17
20 21 0 26
21 22 30 32
21 33 27 55
22 23 50 48
22 34 62 54
24 25 85 71
25 26 63 77
26 27 65 57
28 29 16 21
29 30 52 47
31 32 72 56
34 35 84 51
(1524, 1714)

Arvore 156
0 12 82 83
1 2 38 57
2 3 53 59
2 14 37 32
3 15 25 25
4 5 73 65
5 6 39 62
5 17 26 54
7 8 23 19
8 9 7 34
8 20 44 53
9 10 91 57
11 23 77 80
12 13 46 37
13 25 34 49
14 26 18 11
15 16 3 34
16 28 26 40
17 29 47 53
18 19 45 66
18 30 23 49
19 31 1 17
20 21 0 26
20 32 63 65
21 22 30 32
21 33 27 55
22 23 50 48
22 34 62 54
24 25 85 71
25 26 63 77
26 27 65 57
28 29 16 21
29 30 52 47
31 32 72 56
34 35 84 51
(1527, 1696)

Arvore 157
0 12 82 83
1 2 38 57
2 3 53 59
2 14 37 32
3 15 25 25
4 5 73 65
5 6 39 62
5 17 26 54
7 8 23 19
8 9 7 34
8 20 44 53
10 22 85 81
11 23 77 80
12 13 46 37
13 25 34 49
14 26 18 11
15 16 3 34
16 28 26 40
17 29 47 53
18 19 45 66
18 30 23 49
19 31 1 17
20 21 0 26
20 32 63 65
21 22 30 32
21 33 27 55
22 23 50 48
22 34 62 54
24 25 85 71
25 26 63 77
26 27 65 57
28 29 16 21
29 30 52 47
31 32 72 56
34 35 84 51
(1521, 1720)

Arvore 158
0 12 82 83
1 2 38 57
2 3 53 59
2 14 37 32
3 15 25 25
4 5 73 65
5 6 39 62
5 17 26 54
7 8 23 19
8 9 7 34
8 20 44 53
9 10 91 57
11 23 77 80
12 13 46 37
13 25 34 49
14 26 18 11
15 16 3 34
16 28 26 40
17 29 47 53
18 19 45 66
18 30 23 49
19 31 1 17
20 21 0 26
20 32 63 65
21 22 30 32
21 33 27 55
22 23 50 48
22 34 62 54
24 25 85 71
25 26 63 77
26 27 65 57
28 29 16 21
29 30 52 47
31 32 72 56
34 35 84 51
(1527, 1696)

Arvore 159
0 12 82 83
1 2 38 57
2 3 53 59
2 14 37 32
3 15 25 25
4 5 73 65
5 6 39 62
5 17 26 54
7 8 23 19
7 19 59 68
8 9 7 34
8 20 44 53
9 10 91 57
11 23 77 80
12 13 46 37
13 25 34 49
14 26 18 11
15 16 3 34
16 28 26 40
17 29 47 53
18 30 23 49
19 31 1 17
20 21 0 26
20 32 63 65
21 22 30 32
21 33 27 55
22 23 50 48
22 34 62 54
24 25 85 71
25 26 63 77
26 27 65 57
28 29 16 21
29 30 52 47
30 31 78 60
34 35 84 51
(1547, 1702)

Arvore 160
0 12 82 83
1 2 38 57
2 3 53 59
2 14 37 32
3 15 25 25
4 5 73 65
5 6 39 62
5 17 26 54
7 8 23 19
7 19 59 68
8 9 7 34
8 20 44 53
10 22 85 81
11 23 77 80
12 13 46 37
13 25 34 49
14 26 18 11
15 16 3 34
16 28 26 40
17 29 47 53
18 30 23 49
19 31 1 17
20 21 0 26
20 32 63 65
21 22 30 32
21 33 27 55
22 23 50 48
22 34 62 54
24 25 85 71
25 26 63 77
26 27 65 57
28 29 16 21
29 30 52 47
30 31 78 60
34 35 84 51
(1541, 1726)

Arvore 161
0 12 82 83
1 2 38 57
2 3 53 59
2 14 37 32
3 15 25 25
4 5 73 65
5 6 39 62
5 17 26 54
7 8 23 19
7 19 59 68
8 9 7 34
8 20 44 53
9 10 91 57
11 23 77 80
12 13 46 37
13 25 34 49
14 26 18 11
15 16 3 34
16 28 26 40
17 29 47 53
18 30 23 49
19 31 1 17
20 21 0 26
21 22 30 32
21 33 27 55
22 23 50 48
22 34 62 54
24 25 85 71
25 26 63 77
26 27 65 57
28 29 16 21
29 30 52 47
30 31 78 60
31 32 72 56
34 35 84 51
(1556, 1693)

Arvore 162
0 12 82 83
1 2 38 57
2 3 53 59
2 14 37 32
3 15 25 25
4 5 73 65
5 6 39 62
5 17 26 54
7 8 23 19
7 19 59 68
8 9 7 34
8 20 44 53
10 22 85 81
11 23 77 80
12 13 46 37
13 25 34 49
14 26 18 11
15 16 3 34
16 28 26 40
17 29 47 53
18 30 23 49
19 31 1 17
20 21 0 26
21 22 30 32
21 33 27 55
22 23 50 48
22 34 62 54
24 25 85 71
25 26 63 77
26 27 65 57
28 29 16 21
29 30 52 47
30 31 78 60
31 32 72 56
34 35 84 51
(1550, 1717)

Arvore 163
0 12 82 83
1 2 38 57
2 3 53 59
2 14 37 32
3 15 25 25
4 5 73 65
5 6 39 62
5 17 26 54
7 8 23 19
8 9 7 34
8 20 44 53
9 10 91 57
11 23 77 80
12 13 46 37
13 25 34 49
14 26 18 11
15 16 3 34
16 28 26 40
17 29 47 53
18 30 23 49
19 20 66 59
19 31 1 17
20 21 0 26
20 32 63 65
21 22 30 32
21 33 27 55
22 23 50 48
22 34 62 54
24 25 85 71
25 26 63 77
26 27 65 57
28 29 16 21
29 30 52 47
30 31 78 60
34 35 84 51
(1554, 1693)

Arvore 164
0 12 82 83
1 2 38 57
2 3 53 59
2 14 37 32
3 15 25 25
4 5 73 65
5 6 39 62
5 17 26 54
7 8 23 19
8 9 7 34
8 20 44 53
10 22 85 81
11 23 77 80
12 13 46 37
13 25 34 49
14 26 18 11
15 16 3 34
16 28 26 40
17 29 47 53
18 30 23 49
19 20 66 59
19 31 1 17
20 21 0 26
20 32 63 65
21 22 30 32
21 33 27 55
22 23 50 48
22 34 62 54
24 25 85 71
25 26 63 77
26 27 65 57
28 29 16 21
29 30 52 47
30 31 78 60
34 35 84 51
(1548, 1717)

Arvore 165
0 12 82 83
1 2 38 57
2 3 53 59
2 14 37 32
3 15 25 25
4 5 73 65
5 6 39 62
5 17 26 54
7 8 23 19
8 9 7 34
8 20 44 53
9 10 91 57
11 23 77 80
12 13 46 37
13 25 34 49
14 26 18 11
15 16 3 34
16 28 26 40
17 29 47 53
18 30 23 49
19 20 66 59
19 31 1 17
20 21 0 26
21 22 30 32
21 33 27 55
22 23 50 48
22 34 62 54
24 25 85 71
25 26 63 77
26 27 65 57
28 29 16 21
29 30 52 47
30 31 78 60
31 32 72 56
34 35 84 51
(1563, 1684)

Arvore 166
0 12 82 83
1 2 38 57
2 3 53 59
2 14 37 32
3 15 25 25
4 5 73 65
5 6 39 62
5 17 26 54
7 8 23 19
8 9 7 34
8 20 44 53
10 22 85 81
11 23 77 80
12 13 46 37
13 25 34 49
14 26 18 11
15 16 3 34
16 28 26 40
17 29 47 53
18 30 23 49
19 20 66 59
19 31 1 17
20 21 0 26
21 22 30 32
21 33 27 55
22 23 50 48
22 34 62 54
24 25 85 71
25 26 63 77
26 27 65 57
28 29 16 21
29 30 52 47
30 31 78 60
31 32 72 56
34 35 84 51
(1557, 1708)

Arvore 167
0 12 82 83
1 2 38 57
2 3 53 59
2 14 37 32
3 15 25 25
4 5 73 65
5 6 39 62
5 17 26 54
7 8 23 19
8 9 7 34
8 20 44 53
9 10 91 57
11 23 77 80
12 13 46 37
13 25 34 49
14 26 18 11
15 16 3 34
16 28 26 40
17 29 47 53
18 30 23 49
19 31 1 17
20 21 0 26
20 32 63 65
21 22 30 32
21 33 27 55
22 23 50 48
22 34 62 54
24 25 85 71
25 26 63 77
26 27 65 57
28 29 16 21
29 30 52 47
30 31 78 60
31 32 72 56
34 35 84 51
(1560, 1690)

Arvore 168
0 12 82 83
1 2 38 57
2 3 53 59
2 14 37 32
3 15 25 25
4 5 73 65
5 6 39 62
5 17 26 54
7 8 23 19
8 9 7 34
8 20 44 53
10 22 85 81
11 23 77 80
12 13 46 37
13 25 34 49
14 26 18 11
15 16 3 34
16 28 26 40
17 29 47 53
18 30 23 49
19 31 1 17
20 21 0 26
20 32 63 65
21 22 30 32
21 33 27 55
22 23 50 48
22 34 62 54
24 25 85 71
25 26 63 77
26 27 65 57
28 29 16 21
29 30 52 47
30 31 78 60
31 32 72 56
34 35 84 51
(1554, 1714)

Arvore 169
0 12 82 83
1 13 75 53
2 3 53 59
2 14 37 32
3 15 25 25
4 5 73 65
5 6 39 62
5 17 26 54
7 8 23 19
7 19 59 68
8 9 7 34
8 20 44 53
9 10 91 57
11 23 77 80
12 13 46 37
13 25 34 49
14 26 18 11
15 16 3 34
16 17 72 43
16 28 26 40
18 19 45 66
18 30 23 49
19 31 1 17
20 21 0 26
20 32 63 65
21 22 30 32
21 33 27 55
22 23 50 48
22 34 62 54
24 25 85 71
25 26 63 77
26 27 65 57
28 29 16 21
29 30 52 47
34 35 84 51
(1576, 1694)

Arvore 170
0 12 82 83
1 13 75 53
2 3 53 59
2 14 37 32
3 15 25 25
4 5 73 65
5 6 39 62
5 17 26 54
7 8 23 19
7 19 59 68
8 9 7 34
8 20 44 53
10 22 85 81
11 23 77 80
12 13 46 37
13 25 34 49
14 26 18 11
15 16 3 34
16 17 72 43
16 28 26 40
18 19 45 66
18 30 23 49
19 31 1 17
20 21 0 26
20 32 63 65
21 22 30 32
21 33 27 55
22 23 50 48
22 34 62 54
24 25 85 71
25 26 63 77
26 27 65 57
28 29 16 21
29 30 52 47
34 35 84 51
(1570, 1718)

Arvore 171
0 12 82 83
1 13 75 53
2 3 53 59
2 14 37 32
3 15 25 25
4 5 73 65
5 6 39 62
5 17 26 54
7 8 23 19
7 19 59 68
8 9 7 34
8 20 44 53
9 10 91 57
11 23 77 80
12 13 46 37
13 25 34 49
14 26 18 11
15 16 3 34
16 17 72 43
16 28 26 40
18 19 45 66
18 30 23 49
19 31 1 17
20 21 0 26
21 22 30 32
21 33 27 55
22 23 50 48
22 34 62 54
24 25 85 71
25 26 63 77
26 27 65 57
28 29 16 21
29 30 52 47
31 32 72 56
34 35 84 51
(1585, 1685)

Arvore 172
0 12 82 83
1 13 75 53
2 3 53 59
2 14 37 32
3 15 25 25
4 5 73 65
5 6 39 62
5 17 26 54
7 8 23 19
7 19 59 68
8 9 7 34
8 20 44 53
10 22 85 81
11 23 77 80
12 13 46 37
13 25 34 49
14 26 18 11
15 16 3 34
16 17 72 43
16 28 26 40
18 19 45 66
18 30 23 49
19 31 1 17
20 21 0 26
21 22 30 32
21 33 27 55
22 23 50 48
22 34 62 54
24 25 85 71
25 26 63 77
26 27 65 57
28 29 16 21
29 30 52 47
31 32 72 56
34 35 84 51
(1579, 1709)

Arvore 173
0 12 82 83
1 13 75 53
2 3 53 59
2 14 37 32
3 15 25 25
4 5 73 65
5 6 39 62
5 17 26 54
7 8 23 19
8 9 7 34
8 20 44 53
9 10 91 57
11 23 77 80
12 13 46 37
13 25 34 49
14 26 18 11
15 16 3 34
16 17 72 43
16 28 26 40
18 19 45 66
18 30 23 49
19 20 66 59
19 31 1 17
20 21 0 26
20 32 63 65
21 22 30 32
21 33 27 55
22 23 50 48
22 34 62 54
24 25 85 71
25 26 63 77
26 27 65 57
28 29 16 21
29 30 52 47
34 35 84 51
(1583, 1685)

Arvore 174
0 12 82 83
1 13 75 53
2 3 53 59
2 14 37 32
3 15 25 25
4 5 73 65
5 6 39 62
5 17 26 54
7 8 23 19
8 9 7 34
8 20 44 53
10 22 85 81
11 23 77 80
12 13 46 37
13 25 34 49
14 26 18 11
15 16 3 34
16 17 72 43
16 28 26 40
18 19 45 66
18 30 23 49
19 20 66 59
19 31 1 17
20 21 0 26
20 32 63 65
21 22 30 32
21 33 27 55
22 23 50 48
22 34 62 54
24 25 85 71
25 26 63 77
26 27 65 57
28 29 16 21
29 30 52 47
34 35 84 51
(1577, 1709)

Arvore 175
0 12 82 83
1 13 75 53
2 3 53 59
2 14 37 32
3 15 25 25
4 5 73 65
5 6 39 62
5 17 26 54
7 8 23 19
8 9 7 34
8 20 44 53
9 10 91 57
11 23 77 80
12 13 46 37
13 25 34 49
14 26 18 11
15 16 3 34
16 17 72 43
16 28 26 40
18 19 45 66
18 30 23 49
19 20 66 59
19 31 1 17
20 21 0 26
21 22 30 32
21 33 27 55
22 23 50 48
22 34 62 54
24 25 85 71
25 26 63 77
26 27 65 57
28 29 16 21
29 30 52 47
31 32 72 56
34 35 84 51
(1592, 1676)

Arvore 176
0 12 82 83
1 13 75 53
2 3 53 59
2 14 37 32
3 15 25 25
4 5 73 65
5 6 39 62
5 17 26 54
7 8 23 19
8 9 7 34
8 20 44 53
10 22 85 81
11 23 77 80
12 13 46 37
13 25 34 49
14 26 18 11
15 16 3 34
16 17 72 43
16 28 26 40
18 19 45 66
18 30 23 49
19 20 66 59
19 31 1 17
20 21 0 26
21 22 30 32
21 33 27 55
22 23 50 48
22 34 62 54
24 25 85 71
25 26 63 77
26 27 65 57
28 29 16 21
29 30 52 47
31 32 72 56
34 35 84 51
(1586, 1700)

Arvore 177
0 12 82 83
1 13 75 53
2 3 53 59
2 14 37 32
3 15 25 25
4 5 73 65
5 6 39 62
5 17 26 54
7 8 23 19
8 9 7 34
8 20 44 53
9 10 91 57
11 23 77 80
12 13 46 37
13 25 34 49
14 26 18 11
15 16 3 34
16 17 72 43
16 28 26 40
18 19 45 66
18 30 23 49
19 31 1 17
20 21 0 26
20 32 63 65
21 22 30 32
21 33 27 55
22 23 50 48
22 34 62 54
24 25 85 71
25 26 63 77
26 27 65 57
28 29 16 21
29 30 52 47
31 32 72 56
34 35 84 51
(1589, 1682)

Arvore 178
0 12 82 83
1 13 75 53
2 3 53 59
2 14 37 32
3 15 25 25
4 5 73 65
5 6 39 62
5 17 26 54
7 8 23 19
8 9 7 34
8 20 44 53
10 22 85 81
11 23 77 80
12 13 46 37
13 25 34 49
14 26 18 11
15 16 3 34
16 17 72 43
16 28 26 40
18 19 45 66
18 30 23 49
19 31 1 17
20 21 0 26
20 32 63 65
21 22 30 32
21 33 27 55
22 23 50 48
22 34 62 54
24 25 85 71
25 26 63 77
26 27 65 57
28 29 16 21
29 30 52 47
31 32 72 56
34 35 84 51
(1583, 1706)

Arvore 179
0 12 82 83
1 13 75 53
2 3 53 59
2 14 37 32
3 15 25 25
4 5 73 65
5 6 39 62
5 17 26 54
7 8 23 19
8 9 7 34
8 20 44 53
9 10 91 57
11 23 77 80
12 13 46 37
13 25 34 49
14 26 18 11
15 16 3 34
16 17 72 43
16 28 26 40
18 19 45 66
18 30 23 49
19 31 1 17
20 21 0 26
20 32 63 65
21 22 30 32
21 33 27 55
22 23 50 48
22 34 62 54
24 25 85 71
25 26 63 77
26 27 65 57
28 29 16 21
29 30 52 47
31 32 72 56
34 35 84 51
(1589, 1682)

Arvore 180
0 12 82 83
1 13 75 53
2 3 53 59
2 14 37 32
3 15 25 25
4 5 73 65
5 6 39 62
5 17 26 54
7 8 23 19
7 19 59 68
8 9 7 34
8 20 44 53
9 10 91 57
11 23 77 80
12 13 46 37
13 25 34 49
14 26 18 11
15 16 3 34
16 17 72 43
16 28 26 40
18 30 23 49
19 31 1 17
20 21 0 26
20 32 63 65
21 22 30 32
21 33 27 55
22 23 50 48
22 34 62 54
24 25 85 71
25 26 63 77
26 27 65 57
28 29 16 21
29 30 52 47
30 31 78 60
34 35 84 51
(1609, 1688)

Arvore 181
0 12 82 83
1 13 75 53
2 3 53 59
2 14 37 32
3 15 25 25
4 5 73 65
5 6 39 62
5 17 26 54
7 8 23 19
7 19 59 68
8 9 7 34
8 20 44 53
10 22 85 81
11 23 77 80
12 13 46 37
13 25 34 49
14 26 18 11
15 16 3 34
16 17 72 43
16 28 26 40
18 30 23 49
19 31 1 17
20 21 0 26
20 32 63 65
21 22 30 32
21 33 27 55
22 23 50 48
22 34 62 54
24 25 85 71
25 26 63 77
26 27 65 57
28 29 16 21
29 30 52 47
30 31 78 60
34 35 84 51
(1603, 1712)

Arvore 182
0 12 82 83
1 13 75 53
2 3 53 59
2 14 37 32
3 15 25 25
4 5 73 65
5 6 39 62
5 17 26 54
7 8 23 19
7 19 59 68
8 9 7 34
8 20 44 53
9 10 91 57
11 23 77 80
12 13 46 37
13 25 34 49
14 26 18 11
15 16 3 34
16 17 72 43
16 28 26 40
18 30 23 49
19 31 1 17
20 21 0 26
21 22 30 32
21 33 27 55
22 23 50 48
22 34 62 54
24 25 85 71
25 26 63 77
26 27 65 57
28 29 16 21
29 30 52 47
30 31 78 60
31 32 72 56
34 35 84 51
(1618, 1679)

Arvore 183
0 12 82 83
1 13 75 53
2 3 53 59
2 14 37 32
3 15 25 25
4 5 73 65
5 6 39 62
5 17 26 54
7 8 23 19
7 19 59 68
8 9 7 34
8 20 44 53
10 22 85 81
11 23 77 80
12 13 46 37
13 25 34 49
14 26 18 11
15 16 3 34
16 17 72 43
16 28 26 40
18 30 23 49
19 31 1 17
20 21 0 26
21 22 30 32
21 33 27 55
22 23 50 48
22 34 62 54
24 25 85 71
25 26 63 77
26 27 65 57
28 29 16 21
29 30 52 47
30 31 78 60
31 32 72 56
34 35 84 51
(1612, 1703)

Arvore 184
0 12 82 83
1 13 75 53
2 3 53 59
2 14 37 32
3 15 25 25
4 5 73 65
5 6 39 62
5 17 26 54
7 8 23 19
8 9 7 34
8 20 44 53
9 10 91 57
11 23 77 80
12 13 46 37
13 25 34 49
14 26 18 11
15 16 3 34
16 17 72 43
16 28 26 40
18 30 23 49
19 20 66 59
19 31 1 17
20 21 0 26
20 32 63 65
21 22 30 32
21 33 27 55
22 23 50 48
22 34 62 54
24 25 85 71
25 26 63 77
26 27 65 57
28 29 16 21
29 30 52 47
30 31 78 60
34 35 84 51
(1616, 1679)

Arvore 185
0 12 82 83
1 13 75 53
2 3 53 59
2 14 37 32
3 15 25 25
4 5 73 65
5 6 39 62
5 17 26 54
7 8 23 19
8 9 7 34
8 20 44 53
10 22 85 81
11 23 77 80
12 13 46 37
13 25 34 49
14 26 18 11
15 16 3 34
16 17 72 43
16 28 26 40
18 30 23 49
19 20 66 59
19 31 1 17
20 21 0 26
20 32 63 65
21 22 30 32
21 33 27 55
22 23 50 48
22 34 62 54
24 25 85 71
25 26 63 77
26 27 65 57
28 29 16 21
29 30 52 47
30 31 78 60
34 35 84 51
(1610, 1703)

Arvore 186
0 12 82 83
1 13 75 53
2 3 53 59
2 14 37 32
3 15 25 25
4 5 73 65
5 6 39 62
5 17 26 54
7 8 23 19
8 9 7 34
8 20 44 53
9 10 91 57
11 23 77 80
12 13 46 37
13 25 34 49
14 26 18 11
15 16 3 34
16 17 72 43
16 28 26 40
18 30 23 49
19 20 66 59
19 31 1 17
20 21 0 26
21 22 30 32
21 33 27 55
22 23 50 48
22 34 62 54
24 25 85 71
25 26 63 77
26 27 65 57
28 29 16 21
29 30 52 47
30 31 78 60
31 32 72 56
34 35 84 51
(1625, 1670)

Arvore 187
0 12 82 83
1 13 75 53
2 3 53 59
2 14 37 32
3 15 25 25
4 5 73 65
5 6 39 62
5 17 26 54
7 8 23 19
8 9 7 34
8 20 44 53
10 22 85 81
11 23 77 80
12 13 46 37
13 25 34 49
14 26 18 11
15 16 3 34
16 17 72 43
16 28 26 40
18 30 23 49
19 20 66 59
19 31 1 17
20 21 0 26
21 22 30 32
21 33 27 55
22 23 50 48
22 34 62 54
24 25 85 71
25 26 63 77
26 27 65 57
28 29 16 21
29 30 52 47
30 31 78 60
31 32 72 56
34 35 84 51
(1619, 1694)

Arvore 188
0 12 82 83
1 13 75 53
2 3 53 59
2 14 37 32
3 15 25 25
4 5 73 65
5 6 39 62
5 17 26 54
7 8 23 19
8 9 7 34
8 20 44 53
9 10 91 57
11 23 77 80
12 13 46 37
13 25 34 49
14 26 18 11
15 16 3 34
16 17 72 43
16 28 26 40
18 30 23 49
19 31 1 17
20 21 0 26
20 32 63 65
21 22 30 32
21 33 27 55
22 23 50 48
22 34 62 54
24 25 85 71
25 26 63 77
26 27 65 57
28 29 16 21
29 30 52 47
30 31 78 60
31 32 72 56
34 35 84 51
(1622, 1676)

Arvore 189
0 12 82 83
1 13 75 53
2 3 53 59
2 14 37 32
3 15 25 25
4 5 73 65
5 6 39 62
5 17 26 54
7 8 23 19
8 9 7 34
8 20 44 53
10 22 85 81
11 23 77 80
12 13 46 37
13 25 34 49
14 26 18 11
15 16 3 34
16 17 72 43
16 28 26 40
18 30 23 49
19 31 1 17
20 21 0 26
20 32 63 65
21 22 30 32
21 33 27 55
22 23 50 48
22 34 62 54
24 25 85 71
25 26 63 77
26 27 65 57
28 29 16 21
29 30 52 47
30 31 78 60
31 32 72 56
34 35 84 51
(1616, 1700)

Arvore 190
0 12 82 83
1 13 75 53
2 3 53 59
2 14 37 32
3 15 25 25
4 5 73 65
5 6 39 62
5 17 26 54
7 8 23 19
7 19 59 68
8 9 7 34
8 20 44 53
9 10 91 57
11 23 77 80
12 13 46 37
13 25 34 49
14 26 18 11
15 16 3 34
16 28 26 40
17 29 47 53
18 19 45 66
18 30 23 49
19 31 1 17
20 21 0 26
20 32 63 65
21 22 30 32
21 33 27 55
22 23 50 48
22 34 62 54
24 25 85 71
25 26 63 77
26 27 65 57
28 29 16 21
29 30 52 47
34 35 84 51
(1551, 1704)

Arvore 191
0 12 82 83
1 13 75 53
2 3 53 59
2 14 37 32
3 15 25 25
4 5 73 65
5 6 39 62
5 17 26 54
7 8 23 19
7 19 59 68
8 9 7 34
8 20 44 53
10 22 85 81
11 23 77 80
12 13 46 37
13 25 34 49
14 26 18 11
15 16 3 34
16 28 26 40
17 29 47 53
18 19 45 66
18 30 23 49
19 31 1 17
20 21 0 26
20 32 63 65
21 22 30 32
21 33 27 55
22 23 50 48
22 34 62 54
24 25 85 71
25 26 63 77
26 27 65 57
28 29 16 21
29 30 52 47
34 35 84 51
(1545, 1728)

Arvore 192
0 12 82 83
1 13 75 53
2 3 53 59
2 14 37 32
3 15 25 25
4 5 73 65
5 6 39 62
5 17 26 54
7 8 23 19
7 19 59 68
8 9 7 34
8 20 44 53
9 10 91 57
11 23 77 80
12 13 46 37
13 25 34 49
14 26 18 11
15 16 3 34
16 28 26 40
17 29 47 53
18 19 45 66
18 30 23 49
19 31 1 17
20 21 0 26
21 22 30 32
21 33 27 55
22 23 50 48
22 34 62 54
24 25 85 71
25 26 63 77
26 27 65 57
28 29 16 21
29 30 52 47
31 32 72 56
34 35 84 51
(1560, 1695)

Arvore 193
0 12 82 83
1 13 75 53
2 3 53 59
2 14 37 32
3 15 25 25
4 5 73 65
5 6 39 62
5 17 26 54
7 8 23 19
7 19 59 68
8 9 7 34
8 20 44 53
10 22 85 81
11 23 77 80
12 13 46 37
13 25 34 49
14 26 18 11
15 16 3 34
16 28 26 40
17 29 47 53
18 19 45 66
18 30 23 49
19 31 1 17
20 21 0 26
21 22 30 32
21 33 27 55
22 23 50 48
22 34 62 54
24 25 85 71
25 26 63 77
26 27 65 57
28 29 16 21
29 30 52 47
31 32 72 56
34 35 84 51
(1554, 1719)

Arvore 194
0 12 82 83
1 13 75 53
2 3 53 59
2 14 37 32
3 15 25 25
4 5 73 65
5 6 39 62
5 17 26 54
7 8 23 19
8 9 7 34
8 20 44 53
9 10 91 57
11 23 77 80
12 13 46 37
13 25 34 49
14 26 18 11
15 16 3 34
16 28 26 40
17 29 47 53
18 19 45 66
18 30 23 49
19 20 66 59
19 31 1 17
20 21 0 26
20 32 63 65
21 22 30 32
21 33 27 55
22 23 50 48
22 34 62 54
24 25 85 71
25 26 63 77
26 27 65 57
28 29 16 21
29 30 52 47
34 35 84 51
(1558, 1695)

Arvore 195
0 12 82 83
1 13 75 53
2 3 53 59
2 14 37 32
3 15 25 25
4 5 73 65
5 6 39 62
5 17 26 54
7 8 23 19
8 9 7 34
8 20 44 53
10 22 85 81
11 23 77 80
12 13 46 37
13 25 34 49
14 26 18 11
15 16 3 34
16 28 26 40
17 29 47 53
18 19 45 66
18 30 23 49
19 20 66 59
19 31 1 17
20 21 0 26
20 32 63 65
21 22 30 32
21 33 27 55
22 23 50 48
22 34 62 54
24 25 85 71
25 26 63 77
26 27 65 57
28 29 16 21
29 30 52 47
34 35 84 51
(1552, 1719)

Arvore 196
0 12 82 83
1 13 75 53
2 3 53 59
2 14 37 32
3 15 25 25
4 5 73 65
5 6 39 62
5 17 26 54
7 8 23 19
8 9 7 34
8 20 44 53
9 10 91 57
11 23 77 80
12 13 46 37
13 25 34 49
14 26 18 11
15 16 3 34
16 28 26 40
17 29 47 53
18 19 45 66
18 30 23 49
19 20 66 59
19 31 1 17
20 21 0 26
21 22 30 32
21 33 27 55
22 23 50 48
22 34 62 54
24 25 85 71
25 26 63 77
26 27 65 57
28 29 16 21
29 30 52 47
31 32 72 56
34 35 84 51
(1567, 1686)

Arvore 197
0 12 82 83
1 13 75 53
2 3 53 59
2 14 37 32
3 15 25 25
4 5 73 65
5 6 39 62
5 17 26 54
7 8 23 19
8 9 7 34
8 20 44 53
10 22 85 81
11 23 77 80
12 13 46 37
13 25 34 49
14 26 18 11
15 16 3 34
16 28 26 40
17 29 47 53
18 19 45 66
18 30 23 49
19 20 66 59
19 31 1 17
20 21 0 26
21 22 30 32
21 33 27 55
22 23 50 48
22 34 62 54
24 25 85 71
25 26 63 77
26 27 65 57
28 29 16 21
29 30 52 47
31 32 72 56
34 35 84 51
(1561, 1710)

Arvore 198
0 12 82 83
1 13 75 53
2 3 53 59
2 14 37 32
3 15 25 25
4 5 73 65
5 6 39 62
5 17 26 54
7 8 23 19
8 9 7 34
8 20 44 53
9 10 91 57
11 23 77 80
12 13 46 37
13 25 34 49
14 26 18 11
15 16 3 34
16 28 26 40
17 29 47 53
18 19 45 66
18 30 23 49
19 31 1 17
20 21 0 26
20 32 63 65
21 22 30 32
21 33 27 55
22 23 50 48
22 34 62 54
24 25 85 71
25 26 63 77
26 27 65 57
28 29 16 21
29 30 52 47
31 32 72 56
34 35 84 51
(1564, 1692)

Arvore 199
0 12 82 83
1 13 75 53
2 3 53 59
2 14 37 32
3 15 25 25
4 5 73 65
5 6 39 62
5 17 26 54
7 8 23 19
8 9 7 34
8 20 44 53
10 22 85 81
11 23 77 80
12 13 46 37
13 25 34 49
14 26 18 11
15 16 3 34
16 28 26 40
17 29 47 53
18 19 45 66
18 30 23 49
19 31 1 17
20 21 0 26
20 32 63 65
21 22 30 32
21 33 27 55
22 23 50 48
22 34 62 54
24 25 85 71
25 26 63 77
26 27 65 57
28 29 16 21
29 30 52 47
31 32 72 56
34 35 84 51
(1558, 1716)

Arvore 200
0 12 82 83
1 13 75 53
2 3 53 59
2 14 37 32
3 15 25 25
4 5 73 65
5 6 39 62
5 17 26 54
7 8 23 19
8 9 7 34
8 20 44 53
9 10 91 57
11 23 77 80
12 13 46 37
13 25 34 49
14 26 18 11
15 16 3 34
16 28 26 40
17 29 47 53
18 19 45 66
18 30 23 49
19 31 1 17
20 21 0 26
20 32 63 65
21 22 30 32
21 33 27 55
22 23 50 48
22 34 62 54
24 25 85 71
25 26 63 77
26 27 65 57
28 29 16 21
29 30 52 47
31 32 72 56
34 35 84 51
(1564, 1692)

Arvore 201
0 12 82 83
1 13 75 53
2 3 53 59
2 14 37 32
3 15 25 25
4 5 73 65
5 6 39 62
5 17 26 54
7 8 23 19
7 19 59 68
8 9 7 34
8 20 44 53
9 10 91 57
11 23 77 80
12 13 46 37
13 25 34 49
14 26 18 11
15 16 3 34
16 28 26 40
17 29 47 53
18 30 23 49
19 31 1 17
20 21 0 26
20 32 63 65
21 22 30 32
21 33 27 55
22 23 50 48
22 34 62 54
24 25 85 71
25 26 63 77
26 27 65 57
28 29 16 21
29 30 52 47
30 31 78 60
34 35 84 51
(1584, 1698)

Arvore 202
0 12 82 83
1 13 75 53
2 3 53 59
2 14 37 32
3 15 25 25
4 5 73 65
5 6 39 62
5 17 26 54
7 8 23 19
7 19 59 68
8 9 7 34
8 20 44 53
10 22 85 81
11 23 77 80
12 13 46 37
13 25 34 49
14 26 18 11
15 16 3 34
16 28 26 40
17 29 47 53
18 30 23 49
19 31 1 17
20 21 0 26
20 32 63 65
21 22 30 32
21 33 27 55
22 23 50 48
22 34 62 54
24 25 85 71
25 26 63 77
26 27 65 57
28 29 16 21
29 30 52 47
30 31 78 60
34 35 84 51
(1578, 1722)

Arvore 203
0 12 82 83
1 13 75 53
2 3 53 59
2 14 37 32
3 15 25 25
4 5 73 65
5 6 39 62
5 17 26 54
7 8 23 19
7 19 59 68
8 9 7 34
8 20 44 53
9 10 91 57
11 23 77 80
12 13 46 37
13 25 34 49
14 26 18 11
15 16 3 34
16 28 26 40
17 29 47 53
18 30 23 49
19 31 1 17
20 21 0 26
21 22 30 32
21 33 27 55
22 23 50 48
22 34 62 54
24 25 85 71
25 26 63 77
26 27 65 57
28 29 16 21
29 30 52 47
30 31 78 60
31 32 72 56
34 35 84 51
(1593, 1689)

Arvore 204
0 12 82 83
1 13 75 53
2 3 53 59
2 14 37 32
3 15 25 25
4 5 73 65
5 6 39 62
5 17 26 54
7 8 23 19
7 19 59 68
8 9 7 34
8 20 44 53
10 22 85 81
11 23 77 80
12 13 46 37
13 25 34 49
14 26 18 11
15 16 3 34
16 28 26 40
17 29 47 53
18 30 23 49
19 31 1 17
20 21 0 26
21 22 30 32
21 33 27 55
22 23 50 48
22 34 62 54
24 25 85 71
25 26 63 77
26 27 65 57
28 29 16 21
29 30 52 47
30 31 78 60
31 32 72 56
34 35 84 51
(1587, 1713)

Arvore 205
0 12 82 83
1 13 75 53
2 3 53 59
2 14 37 32
3 15 25 25
4 5 73 65
5 6 39 62
5 17 26 54
7 8 23 19
8 9 7 34
8 20 44 53
9 10 91 57
11 23 77 80
12 13 46 37
13 25 34 49
14 26 18 11
15 16 3 34
16 28 26 40
17 29 47 53
18 30 23 49
19 20 66 59
19 31 1 17
20 21 0 26
20 32 63 65
21 22 30 32
21 33 27 55
22 23 50 48
22 34 62 54
24 25 85 71
25 26 63 77
26 27 65 57
28 29 16 21
29 30 52 47
30 31 78 60
34 35 84 51
(1591, 1689)

Arvore 206
0 12 82 83
1 13 75 53
2 3 53 59
2 14 37 32
3 15 25 25
4 5 73 65
5 6 39 62
5 17 26 54
7 8 23 19
8 9 7 34
8 20 44 53
10 22 85 81
11 23 77 80
12 13 46 37
13 25 34 49
14 26 18 11
15 16 3 34
16 28 26 40
17 29 47 53
18 30 23 49
19 20 66 59
19 31 1 17
20 21 0 26
20 32 63 65
21 22 30 32
21 33 27 55
22 23 50 48
22 34 62 54
24 25 85 71
25 26 63 77
26 27 65 57
28 29 16 21
29 30 52 47
30 31 78 60
34 35 84 51
(1585, 1713)

Arvore 207
0 12 82 83
1 13 75 53
2 3 53 59
2 14 37 32
3 15 25 25
4 5 73 65
5 6 39 62
5 17 26 54
7 8 23 19
8 9 7 34
8 20 44 53
9 10 91 57
11 23 77 80
12 13 46 37
13 25 34 49
14 26 18 11
15 16 3 34
16 28 26 40
17 29 47 53
18 30 23 49
19 20 66 59
19 31 1 17
20 21 0 26
21 22 30 32
21 33 27 55
22 23 50 48
22 34 62 54
24 25 85 71
25 26 63 77
26 27 65 57
28 29 16 21
29 30 52 47
30 31 78 60
31 32 72 56
34 35 84 51
(1600, 1680)

Arvore 208
0 12 82 83
1 13 75 53
2 3 53 59
2 14 37 32
3 15 25 25
4 5 73 65
5 6 39 62
5 17 26 54
7 8 23 19
8 9 7 34
8 20 44 53
10 22 85 81
11 23 77 80
12 13 46 37
13 25 34 49
14 26 18 11
15 16 3 34
16 28 26 40
17 29 47 53
18 30 23 49
19 20 66 59
19 31 1 17
20 21 0 26
21 22 30 32
21 33 27 55
22 23 50 48
22 34 62 54
24 25 85 71
25 26 63 77
26 27 65 57
28 29 16 21
29 30 52 47
30 31 78 60
31 32 72 56
34 35 84 51
(1594, 1704)

Arvore 209
0 12 82 83
1 13 75 53
2 3 53 59
2 14 37 32
3 15 25 25
4 5 73 65
5 6 39 62
5 17 26 54
7 8 23 19
8 9 7 34
8 20 44 53
9 10 91 57
11 23 77 80
12 13 46 37
13 25 34 49
14 26 18 11
15 16 3 34
16 28 26 40
17 29 47 53
18 30 23 49
19 31 1 17
20 21 0 26
20 32 63 65
21 22 30 32
21 33 27 55
22 23 50 48
22 34 62 54
24 25 85 71
25 26 63 77
26 27 65 57
28 29 16 21
29 30 52 47
30 31 78 60
31 32 72 56
34 35 84 51
(1597, 1686)

Arvore 210
0 12 82 83
1 13 75 53
2 3 53 59
2 14 37 32
3 15 25 25
4 5 73 65
5 6 39 62
5 17 26 54
7 8 23 19
8 9 7 34
8 20 44 53
10 22 85 81
11 23 77 80
12 13 46 37
13 25 34 49
14 26 18 11
15 16 3 34
16 28 26 40
17 29 47 53
18 30 23 49
19 31 1 17
20 21 0 26
20 32 63 65
21 22 30 32
21 33 27 55
22 23 50 48
22 34 62 54
24 25 85 71
25 26 63 77
26 27 65 57
28 29 16 21
29 30 52 47
30 31 78 60
31 32 72 56
34 35 84 51
(1591, 1710)

