89
0.89
Arvore 1
0 19 60 45
1 20 60 41
2 21 21 34
3 4 63 61
4 5 15 11
4 23 28 23
5 6 87 54
6 7 52 50
7 8 68 78
7 26 51 40
8 9 55 43
9 10 18 29
9 28 8 34
10 11 78 53
12 31 44 35
13 32 41 43
14 15 53 71
14 33 59 53
15 16 7 20
16 17 32 55
16 35 53 57
17 18 1 12
17 36 41 42
19 20 25 40
20 21 30 29
21 22 25 22
22 23 40 30
23 24 61 63
25 26 62 75
27 28 30 21
28 29 40 44
29 30 74 53
30 31 3 35
31 32 46 54
32 33 12 25
34 35 14 17
36 37 77 74
(1534, 1566)

Arvore 2
0 19 60 45
1 20 60 41
2 21 21 34
3 4 63 61
4 5 15 11
4 23 28 23
5 6 87 54
6 7 52 50
7 8 68 78
7 26 51 40
8 9 55 43
9 10 18 29
9 28 8 34
10 11 78 53
12 31 44 35
13 32 41 43
14 15 53 71
14 33 59 53
15 16 7 20
16 17 32 55
17 18 1 12
17 36 41 42
19 20 25 40
20 21 30 29
21 22 25 22
22 23 40 30
23 24 61 63
25 26 62 75
27 28 30 21
28 29 40 44
29 30 74 53
30 31 3 35
31 32 46 54
32 33 12 25
33 34 80 54
34 35 14 17
36 37 77 74
(1561, 1563)

Arvore 3
0 19 60 45
1 20 60 41
2 21 21 34
3 4 63 61
4 5 15 11
4 23 28 23
5 6 87 54
6 7 52 50
7 8 68 78
7 26 51 40
8 9 55 43
9 10 18 29
9 28 8 34
10 11 78 53
12 31 44 35
13 32 41 43
14 15 53 71
14 33 59 53
15 16 7 20
16 17 32 55
17 18 1 12
17 36 41 42
19 20 25 40
20 21 30 29
21 22 25 22
22 23 40 30
23 24 61 63
25 26 62 75
27 28 30 21
28 29 40 44
29 30 74 53
30 31 3 35
31 32 46 54
32 33 12 25
34 35 14 17
35 36 87 53
36 37 77 74
(1568, 1562)

Arvore 4
0 19 60 45
1 20 60 41
2 21 21 34
3 4 63 61
4 5 15 11
4 23 28 23
5 6 87 54
6 7 52 50
7 8 68 78
7 26 51 40
8 9 55 43
9 10 18 29
9 28 8 34
10 11 78 53
12 31 44 35
13 32 41 43
14 15 53 71
14 33 59 53
15 16 7 20
16 17 32 55
17 18 1 12
19 20 25 40
20 21 30 29
21 22 25 22
22 23 40 30
23 24 61 63
25 26 62 75
27 28 30 21
28 29 40 44
29 30 74 53
30 31 3 35
31 32 46 54
32 33 12 25
33 34 80 54
34 35 14 17
35 36 87 53
36 37 77 74
(1607, 1574)

Arvore 5
0 19 60 45
1 20 60 41
2 21 21 34
3 4 63 61
4 5 15 11
4 23 28 23
5 6 87 54
6 7 52 50
7 8 68 78
7 26 51 40
8 9 55 43
9 10 18 29
9 28 8 34
10 11 78 53
12 31 44 35
13 32 41 43
14 15 53 71
14 33 59 53
15 16 7 20
17 18 1 12
17 36 41 42
19 20 25 40
20 21 30 29
21 22 25 22
22 23 40 30
23 24 61 63
25 26 62 75
27 28 30 21
28 29 40 44
29 30 74 53
30 31 3 35
31 32 46 54
32 33 12 25
33 34 80 54
34 35 14 17
35 36 87 53
36 37 77 74
(1616, 1561)

Arvore 6
0 19 60 45
1 20 60 41
2 21 21 34
3 4 63 61
4 5 15 11
4 23 28 23
5 6 87 54
6 7 52 50
7 8 68 78
7 26 51 40
8 9 55 43
9 10 18 29
9 28 8 34
10 11 78 53
12 31 44 35
13 32 41 43
14 33 59 53
15 16 7 20
16 17 32 55
16 35 53 57
17 18 1 12
17 36 41 42
19 20 25 40
20 21 30 29
21 22 25 22
22 23 40 30
23 24 61 63
25 26 62 75
27 28 30 21
28 29 40 44
29 30 74 53
30 31 3 35
31 32 46 54
32 33 12 25
33 34 80 54
34 35 14 17
36 37 77 74
(1561, 1549)

Arvore 7
0 19 60 45
1 20 60 41
2 21 21 34
3 4 63 61
4 5 15 11
4 23 28 23
5 6 87 54
6 7 52 50
7 8 68 78
7 26 51 40
8 9 55 43
9 10 18 29
9 28 8 34
10 11 78 53
12 31 44 35
13 32 41 43
14 33 59 53
15 16 7 20
16 17 32 55
16 35 53 57
17 18 1 12
19 20 25 40
20 21 30 29
21 22 25 22
22 23 40 30
23 24 61 63
25 26 62 75
27 28 30 21
28 29 40 44
29 30 74 53
30 31 3 35
31 32 46 54
32 33 12 25
33 34 80 54
34 35 14 17
35 36 87 53
36 37 77 74
(1607, 1560)

Arvore 8
0 19 60 45
1 20 60 41
2 21 21 34
3 4 63 61
4 5 15 11
4 23 28 23
5 6 87 54
6 7 52 50
7 8 68 78
7 26 51 40
8 9 55 43
9 10 18 29
9 28 8 34
10 11 78 53
12 31 44 35
13 32 41 43
14 33 59 53
15 16 7 20
16 35 53 57
17 18 1 12
17 36 41 42
19 20 25 40
20 21 30 29
21 22 25 22
22 23 40 30
23 24 61 63
25 26 62 75
27 28 30 21
28 29 40 44
29 30 74 53
30 31 3 35
31 32 46 54
32 33 12 25
33 34 80 54
34 35 14 17
35 36 87 53
36 37 77 74
(1616, 1547)

Arvore 9
0 19 60 45
1 20 60 41
2 21 21 34
3 4 63 61
4 5 15 11
4 23 28 23
5 6 87 54
6 7 52 50
7 8 68 78
7 26 51 40
8 9 55 43
9 10 18 29
9 28 8 34
10 11 78 53
12 31 44 35
13 32 41 43
14 33 59 53
15 16 7 20
16 17 32 55
17 18 1 12
17 36 41 42
19 20 25 40
20 21 30 29
21 22 25 22
22 23 40 30
23 24 61 63
25 26 62 75
27 28 30 21
28 29 40 44
29 30 74 53
30 31 3 35
31 32 46 54
32 33 12 25
33 34 80 54
34 35 14 17
35 36 87 53
36 37 77 74
(1595, 1545)

Arvore 10
0 19 60 45
1 20 60 41
2 21 21 34
3 4 63 61
4 5 15 11
4 23 28 23
5 6 87 54
6 7 52 50
7 8 68 78
7 26 51 40
8 9 55 43
9 10 18 29
9 28 8 34
11 12 73 68
12 31 44 35
13 32 41 43
14 15 53 71
14 33 59 53
15 16 7 20
16 17 32 55
16 35 53 57
17 18 1 12
17 36 41 42
19 20 25 40
20 21 30 29
21 22 25 22
22 23 40 30
23 24 61 63
25 26 62 75
27 28 30 21
28 29 40 44
29 30 74 53
30 31 3 35
31 32 46 54
32 33 12 25
34 35 14 17
36 37 77 74
(1529, 1581)

Arvore 11
0 19 60 45
1 20 60 41
2 21 21 34
3 4 63 61
4 5 15 11
4 23 28 23
5 6 87 54
6 7 52 50
7 8 68 78
7 26 51 40
8 9 55 43
9 10 18 29
9 28 8 34
11 12 73 68
12 31 44 35
13 32 41 43
14 15 53 71
14 33 59 53
15 16 7 20
16 17 32 55
17 18 1 12
17 36 41 42
19 20 25 40
20 21 30 29
21 22 25 22
22 23 40 30
23 24 61 63
25 26 62 75
27 28 30 21
28 29 40 44
29 30 74 53
30 31 3 35
31 32 46 54
32 33 12 25
33 34 80 54
34 35 14 17
36 37 77 74
(1556, 1578)

Arvore 12
0 19 60 45
1 20 60 41
2 21 21 34
3 4 63 61
4 5 15 11
4 23 28 23
5 6 87 54
6 7 52 50
7 8 68 78
7 26 51 40
8 9 55 43
9 10 18 29
9 28 8 34
11 12 73 68
12 31 44 35
13 32 41 43
14 15 53 71
14 33 59 53
15 16 7 20
16 17 32 55
17 18 1 12
17 36 41 42
19 20 25 40
20 21 30 29
21 22 25 22
22 23 40 30
23 24 61 63
25 26 62 75
27 28 30 21
28 29 40 44
29 30 74 53
30 31 3 35
31 32 46 54
32 33 12 25
34 35 14 17
35 36 87 53
36 37 77 74
(1563, 1577)

Arvore 13
0 19 60 45
1 20 60 41
2 21 21 34
3 4 63 61
4 5 15 11
4 23 28 23
5 6 87 54
6 7 52 50
7 8 68 78
7 26 51 40
8 9 55 43
9 10 18 29
9 28 8 34
11 12 73 68
12 31 44 35
13 32 41 43
14 15 53 71
14 33 59 53
15 16 7 20
16 17 32 55
17 18 1 12
19 20 25 40
20 21 30 29
21 22 25 22
22 23 40 30
23 24 61 63
25 26 62 75
27 28 30 21
28 29 40 44
29 30 74 53
30 31 3 35
31 32 46 54
32 33 12 25
33 34 80 54
34 35 14 17
35 36 87 53
36 37 77 74
(1602, 1589)

Arvore 14
0 19 60 45
1 20 60 41
2 21 21 34
3 4 63 61
4 5 15 11
4 23 28 23
5 6 87 54
6 7 52 50
7 8 68 78
7 26 51 40
8 9 55 43
9 10 18 29
9 28 8 34
11 12 73 68
12 31 44 35
13 32 41 43
14 15 53 71
14 33 59 53
15 16 7 20
17 18 1 12
17 36 41 42
19 20 25 40
20 21 30 29
21 22 25 22
22 23 40 30
23 24 61 63
25 26 62 75
27 28 30 21
28 29 40 44
29 30 74 53
30 31 3 35
31 32 46 54
32 33 12 25
33 34 80 54
34 35 14 17
35 36 87 53
36 37 77 74
(1611, 1576)

Arvore 15
0 19 60 45
1 20 60 41
2 21 21 34
3 4 63 61
4 5 15 11
4 23 28 23
5 6 87 54
6 7 52 50
7 8 68 78
7 26 51 40
8 9 55 43
9 10 18 29
9 28 8 34
11 12 73 68
12 31 44 35
13 32 41 43
14 33 59 53
15 16 7 20
16 17 32 55
16 35 53 57
17 18 1 12
17 36 41 42
19 20 25 40
20 21 30 29
21 22 25 22
22 23 40 30
23 24 61 63
25 26 62 75
27 28 30 21
28 29 40 44
29 30 74 53
30 31 3 35
31 32 46 54
32 33 12 25
33 34 80 54
34 35 14 17
36 37 77 74
(1556, 1564)

Arvore 16
0 19 60 45
1 20 60 41
2 21 21 34
3 4 63 61
4 5 15 11
4 23 28 23
5 6 87 54
6 7 52 50
7 8 68 78
7 26 51 40
8 9 55 43
9 10 18 29
9 28 8 34
11 12 73 68
12 31 44 35
13 32 41 43
14 33 59 53
15 16 7 20
16 17 32 55
16 35 53 57
17 18 1 12
19 20 25 40
20 21 30 29
21 22 25 22
22 23 40 30
23 24 61 63
25 26 62 75
27 28 30 21
28 29 40 44
29 30 74 53
30 31 3 35
31 32 46 54
32 33 12 25
33 34 80 54
34 35 14 17
35 36 87 53
36 37 77 74
(1602, 1575)

Arvore 17
0 19 60 45
1 20 60 41
2 21 21 34
3 4 63 61
4 5 15 11
4 23 28 23
5 6 87 54
6 7 52 50
7 8 68 78
7 26 51 40
8 9 55 43
9 10 18 29
9 28 8 34
11 12 73 68
12 31 44 35
13 32 41 43
14 33 59 53
15 16 7 20
16 35 53 57
17 18 1 12
17 36 41 42
19 20 25 40
20 21 30 29
21 22 25 22
22 23 40 30
23 24 61 63
25 26 62 75
27 28 30 21
28 29 40 44
29 30 74 53
30 31 3 35
31 32 46 54
32 33 12 25
33 34 80 54
34 35 14 17
35 36 87 53
36 37 77 74
(1611, 1562)

Arvore 18
0 19 60 45
1 20 60 41
2 21 21 34
3 4 63 61
4 5 15 11
4 23 28 23
5 6 87 54
6 7 52 50
7 8 68 78
7 26 51 40
8 9 55 43
9 10 18 29
9 28 8 34
11 12 73 68
12 31 44 35
13 32 41 43
14 33 59 53
15 16 7 20
16 17 32 55
17 18 1 12
17 36 41 42
19 20 25 40
20 21 30 29
21 22 25 22
22 23 40 30
23 24 61 63
25 26 62 75
27 28 30 21
28 29 40 44
29 30 74 53
30 31 3 35
31 32 46 54
32 33 12 25
33 34 80 54
34 35 14 17
35 36 87 53
36 37 77 74
(1590, 1560)

Arvore 19
0 19 60 45
1 20 60 41
2 21 21 34
3 4 63 61
4 5 15 11
4 23 28 23
5 6 87 54
6 7 52 50
7 8 68 78
7 26 51 40
8 9 55 43
9 10 18 29
9 28 8 34
11 30 76 56
12 31 44 35
13 32 41 43
14 15 53 71
14 33 59 53
15 16 7 20
16 17 32 55
16 35 53 57
17 18 1 12
17 36 41 42
19 20 25 40
20 21 30 29
21 22 25 22
22 23 40 30
23 24 61 63
25 26 62 75
27 28 30 21
28 29 40 44
29 30 74 53
30 31 3 35
31 32 46 54
32 33 12 25
34 35 14 17
36 37 77 74
(1532, 1569)

Arvore 20
0 19 60 45
1 20 60 41
2 21 21 34
3 4 63 61
4 5 15 11
4 23 28 23
5 6 87 54
6 7 52 50
7 8 68 78
7 26 51 40
8 9 55 43
9 10 18 29
9 28 8 34
11 30 76 56
12 31 44 35
13 32 41 43
14 15 53 71
14 33 59 53
15 16 7 20
16 17 32 55
17 18 1 12
17 36 41 42
19 20 25 40
20 21 30 29
21 22 25 22
22 23 40 30
23 24 61 63
25 26 62 75
27 28 30 21
28 29 40 44
29 30 74 53
30 31 3 35
31 32 46 54
32 33 12 25
33 34 80 54
34 35 14 17
36 37 77 74
(1559, 1566)

Arvore 21
0 19 60 45
1 20 60 41
2 21 21 34
3 4 63 61
4 5 15 11
4 23 28 23
5 6 87 54
6 7 52 50
7 8 68 78
7 26 51 40
8 9 55 43
9 10 18 29
9 28 8 34
11 30 76 56
12 31 44 35
13 32 41 43
14 15 53 71
14 33 59 53
15 16 7 20
16 17 32 55
17 18 1 12
17 36 41 42
19 20 25 40
20 21 30 29
21 22 25 22
22 23 40 30
23 24 61 63
25 26 62 75
27 28 30 21
28 29 40 44
29 30 74 53
30 31 3 35
31 32 46 54
32 33 12 25
34 35 14 17
35 36 87 53
36 37 77 74
(1566, 1565)

Arvore 22
0 19 60 45
1 20 60 41
2 21 21 34
3 4 63 61
4 5 15 11
4 23 28 23
5 6 87 54
6 7 52 50
7 8 68 78
7 26 51 40
8 9 55 43
9 10 18 29
9 28 8 34
11 30 76 56
12 31 44 35
13 32 41 43
14 15 53 71
14 33 59 53
15 16 7 20
16 17 32 55
17 18 1 12
19 20 25 40
20 21 30 29
21 22 25 22
22 23 40 30
23 24 61 63
25 26 62 75
27 28 30 21
28 29 40 44
29 30 74 53
30 31 3 35
31 32 46 54
32 33 12 25
33 34 80 54
34 35 14 17
35 36 87 53
36 37 77 74
(1605, 1577)

Arvore 23
0 19 60 45
1 20 60 41
2 21 21 34
3 4 63 61
4 5 15 11
4 23 28 23
5 6 87 54
6 7 52 50
7 8 68 78
7 26 51 40
8 9 55 43
9 10 18 29
9 28 8 34
11 30 76 56
12 31 44 35
13 32 41 43
14 15 53 71
14 33 59 53
15 16 7 20
17 18 1 12
17 36 41 42
19 20 25 40
20 21 30 29
21 22 25 22
22 23 40 30
23 24 61 63
25 26 62 75
27 28 30 21
28 29 40 44
29 30 74 53
30 31 3 35
31 32 46 54
32 33 12 25
33 34 80 54
34 35 14 17
35 36 87 53
36 37 77 74
(1614, 1564)

Arvore 24
0 19 60 45
1 20 60 41
2 21 21 34
3 4 63 61
4 5 15 11
4 23 28 23
5 6 87 54
6 7 52 50
7 8 68 78
7 26 51 40
8 9 55 43
9 10 18 29
9 28 8 34
11 30 76 56
12 31 44 35
13 32 41 43
14 33 59 53
15 16 7 20
16 17 32 55
16 35 53 57
17 18 1 12
17 36 41 42
19 20 25 40
20 21 30 29
21 22 25 22
22 23 40 30
23 24 61 63
25 26 62 75
27 28 30 21
28 29 40 44
29 30 74 53
30 31 3 35
31 32 46 54
32 33 12 25
33 34 80 54
34 35 14 17
36 37 77 74
(1559, 1552)

Arvore 25
0 19 60 45
1 20 60 41
2 21 21 34
3 4 63 61
4 5 15 11
4 23 28 23
5 6 87 54
6 7 52 50
7 8 68 78
7 26 51 40
8 9 55 43
9 10 18 29
9 28 8 34
11 30 76 56
12 31 44 35
13 32 41 43
14 33 59 53
15 16 7 20
16 17 32 55
16 35 53 57
17 18 1 12
19 20 25 40
20 21 30 29
21 22 25 22
22 23 40 30
23 24 61 63
25 26 62 75
27 28 30 21
28 29 40 44
29 30 74 53
30 31 3 35
31 32 46 54
32 33 12 25
33 34 80 54
34 35 14 17
35 36 87 53
36 37 77 74
(1605, 1563)

Arvore 26
0 19 60 45
1 20 60 41
2 21 21 34
3 4 63 61
4 5 15 11
4 23 28 23
5 6 87 54
6 7 52 50
7 8 68 78
7 26 51 40
8 9 55 43
9 10 18 29
9 28 8 34
11 30 76 56
12 31 44 35
13 32 41 43
14 33 59 53
15 16 7 20
16 35 53 57
17 18 1 12
17 36 41 42
19 20 25 40
20 21 30 29
21 22 25 22
22 23 40 30
23 24 61 63
25 26 62 75
27 28 30 21
28 29 40 44
29 30 74 53
30 31 3 35
31 32 46 54
32 33 12 25
33 34 80 54
34 35 14 17
35 36 87 53
36 37 77 74
(1614, 1550)

Arvore 27
0 19 60 45
1 20 60 41
2 21 21 34
3 4 63 61
4 5 15 11
4 23 28 23
5 6 87 54
6 7 52 50
7 8 68 78
7 26 51 40
8 9 55 43
9 10 18 29
9 28 8 34
11 30 76 56
12 31 44 35
13 32 41 43
14 33 59 53
15 16 7 20
16 17 32 55
17 18 1 12
17 36 41 42
19 20 25 40
20 21 30 29
21 22 25 22
22 23 40 30
23 24 61 63
25 26 62 75
27 28 30 21
28 29 40 44
29 30 74 53
30 31 3 35
31 32 46 54
32 33 12 25
33 34 80 54
34 35 14 17
35 36 87 53
36 37 77 74
(1593, 1548)

Arvore 28
0 19 60 45
1 20 60 41
2 21 21 34
3 4 63 61
4 5 15 11
4 23 28 23
5 6 87 54
6 7 52 50
7 26 51 40
8 9 55 43
9 10 18 29
9 28 8 34
10 11 78 53
12 31 44 35
13 32 41 43
14 15 53 71
14 33 59 53
15 16 7 20
16 17 32 55
16 35 53 57
17 18 1 12
17 36 41 42
19 20 25 40
20 21 30 29
21 22 25 22
22 23 40 30
23 24 61 63
25 26 62 75
26 27 88 59
27 28 30 21
28 29 40 44
29 30 74 53
30 31 3 35
31 32 46 54
32 33 12 25
34 35 14 17
36 37 77 74
(1554, 1547)

Arvore 29
0 19 60 45
1 20 60 41
2 21 21 34
3 4 63 61
4 5 15 11
4 23 28 23
5 6 87 54
6 7 52 50
7 26 51 40
8 9 55 43
9 10 18 29
9 28 8 34
10 11 78 53
12 31 44 35
13 32 41 43
14 15 53 71
14 33 59 53
15 16 7 20
16 17 32 55
17 18 1 12
17 36 41 42
19 20 25 40
20 21 30 29
21 22 25 22
22 23 40 30
23 24 61 63
25 26 62 75
26 27 88 59
27 28 30 21
28 29 40 44
29 30 74 53
30 31 3 35
31 32 46 54
32 33 12 25
33 34 80 54
34 35 14 17
36 37 77 74
(1581, 1544)

Arvore 30
0 19 60 45
1 20 60 41
2 21 21 34
3 4 63 61
4 5 15 11
4 23 28 23
5 6 87 54
6 7 52 50
7 26 51 40
8 9 55 43
9 10 18 29
9 28 8 34
10 11 78 53
12 31 44 35
13 32 41 43
14 15 53 71
14 33 59 53
15 16 7 20
16 17 32 55
17 18 1 12
17 36 41 42
19 20 25 40
20 21 30 29
21 22 25 22
22 23 40 30
23 24 61 63
25 26 62 75
26 27 88 59
27 28 30 21
28 29 40 44
29 30 74 53
30 31 3 35
31 32 46 54
32 33 12 25
34 35 14 17
35 36 87 53
36 37 77 74
(1588, 1543)

Arvore 31
0 19 60 45
1 20 60 41
2 21 21 34
3 4 63 61
4 5 15 11
4 23 28 23
5 6 87 54
6 7 52 50
7 26 51 40
8 9 55 43
9 10 18 29
9 28 8 34
10 11 78 53
12 31 44 35
13 32 41 43
14 15 53 71
14 33 59 53
15 16 7 20
16 17 32 55
17 18 1 12
19 20 25 40
20 21 30 29
21 22 25 22
22 23 40 30
23 24 61 63
25 26 62 75
26 27 88 59
27 28 30 21
28 29 40 44
29 30 74 53
30 31 3 35
31 32 46 54
32 33 12 25
33 34 80 54
34 35 14 17
35 36 87 53
36 37 77 74
(1627, 1555)

Arvore 32
0 19 60 45
1 20 60 41
2 21 21 34
3 4 63 61
4 5 15 11
4 23 28 23
5 6 87 54
6 7 52 50
7 26 51 40
8 9 55 43
9 10 18 29
9 28 8 34
10 11 78 53
12 31 44 35
13 32 41 43
14 15 53 71
14 33 59 53
15 16 7 20
17 18 1 12
17 36 41 42
19 20 25 40
20 21 30 29
21 22 25 22
22 23 40 30
23 24 61 63
25 26 62 75
26 27 88 59
27 28 30 21
28 29 40 44
29 30 74 53
30 31 3 35
31 32 46 54
32 33 12 25
33 34 80 54
34 35 14 17
35 36 87 53
36 37 77 74
(1636, 1542)

Arvore 33
0 19 60 45
1 20 60 41
2 21 21 34
3 4 63 61
4 5 15 11
4 23 28 23
5 6 87 54
6 7 52 50
7 26 51 40
8 9 55 43
9 10 18 29
9 28 8 34
10 11 78 53
12 31 44 35
13 32 41 43
14 33 59 53
15 16 7 20
16 17 32 55
16 35 53 57
17 18 1 12
17 36 41 42
19 20 25 40
20 21 30 29
21 22 25 22
22 23 40 30
23 24 61 63
25 26 62 75
26 27 88 59
27 28 30 21
28 29 40 44
29 30 74 53
30 31 3 35
31 32 46 54
32 33 12 25
33 34 80 54
34 35 14 17
36 37 77 74
(1581, 1530)

Arvore 34
0 19 60 45
1 20 60 41
2 21 21 34
3 4 63 61
4 5 15 11
4 23 28 23
5 6 87 54
6 7 52 50
7 26 51 40
8 9 55 43
9 10 18 29
9 28 8 34
10 11 78 53
12 31 44 35
13 32 41 43
14 33 59 53
15 16 7 20
16 17 32 55
16 35 53 57
17 18 1 12
19 20 25 40
20 21 30 29
21 22 25 22
22 23 40 30
23 24 61 63
25 26 62 75
26 27 88 59
27 28 30 21
28 29 40 44
29 30 74 53
30 31 3 35
31 32 46 54
32 33 12 25
33 34 80 54
34 35 14 17
35 36 87 53
36 37 77 74
(1627, 1541)

Arvore 35
0 19 60 45
1 20 60 41
2 21 21 34
3 4 63 61
4 5 15 11
4 23 28 23
5 6 87 54
6 7 52 50
7 26 51 40
8 9 55 43
9 10 18 29
9 28 8 34
10 11 78 53
12 31 44 35
13 32 41 43
14 33 59 53
15 16 7 20
16 35 53 57
17 18 1 12
17 36 41 42
19 20 25 40
20 21 30 29
21 22 25 22
22 23 40 30
23 24 61 63
25 26 62 75
26 27 88 59
27 28 30 21
28 29 40 44
29 30 74 53
30 31 3 35
31 32 46 54
32 33 12 25
33 34 80 54
34 35 14 17
35 36 87 53
36 37 77 74
(1636, 1528)

Arvore 36
0 19 60 45
1 20 60 41
2 21 21 34
3 4 63 61
4 5 15 11
4 23 28 23
5 6 87 54
6 7 52 50
7 26 51 40
8 9 55 43
9 10 18 29
9 28 8 34
10 11 78 53
12 31 44 35
13 32 41 43
14 33 59 53
15 16 7 20
16 17 32 55
17 18 1 12
17 36 41 42
19 20 25 40
20 21 30 29
21 22 25 22
22 23 40 30
23 24 61 63
25 26 62 75
26 27 88 59
27 28 30 21
28 29 40 44
29 30 74 53
30 31 3 35
31 32 46 54
32 33 12 25
33 34 80 54
34 35 14 17
35 36 87 53
36 37 77 74
(1615, 1526)

Arvore 37
0 19 60 45
1 20 60 41
2 21 21 34
3 4 63 61
4 5 15 11
4 23 28 23
5 6 87 54
6 7 52 50
7 26 51 40
8 9 55 43
9 10 18 29
9 28 8 34
11 12 73 68
12 31 44 35
13 32 41 43
14 15 53 71
14 33 59 53
15 16 7 20
16 17 32 55
16 35 53 57
17 18 1 12
17 36 41 42
19 20 25 40
20 21 30 29
21 22 25 22
22 23 40 30
23 24 61 63
25 26 62 75
26 27 88 59
27 28 30 21
28 29 40 44
29 30 74 53
30 31 3 35
31 32 46 54
32 33 12 25
34 35 14 17
36 37 77 74
(1549, 1562)

Arvore 38
0 19 60 45
1 20 60 41
2 21 21 34
3 4 63 61
4 5 15 11
4 23 28 23
5 6 87 54
6 7 52 50
7 26 51 40
8 9 55 43
9 10 18 29
9 28 8 34
11 12 73 68
12 31 44 35
13 32 41 43
14 15 53 71
14 33 59 53
15 16 7 20
16 17 32 55
17 18 1 12
17 36 41 42
19 20 25 40
20 21 30 29
21 22 25 22
22 23 40 30
23 24 61 63
25 26 62 75
26 27 88 59
27 28 30 21
28 29 40 44
29 30 74 53
30 31 3 35
31 32 46 54
32 33 12 25
33 34 80 54
34 35 14 17
36 37 77 74
(1576, 1559)

Arvore 39
0 19 60 45
1 20 60 41
2 21 21 34
3 4 63 61
4 5 15 11
4 23 28 23
5 6 87 54
6 7 52 50
7 26 51 40
8 9 55 43
9 10 18 29
9 28 8 34
11 12 73 68
12 31 44 35
13 32 41 43
14 15 53 71
14 33 59 53
15 16 7 20
16 17 32 55
17 18 1 12
17 36 41 42
19 20 25 40
20 21 30 29
21 22 25 22
22 23 40 30
23 24 61 63
25 26 62 75
26 27 88 59
27 28 30 21
28 29 40 44
29 30 74 53
30 31 3 35
31 32 46 54
32 33 12 25
34 35 14 17
35 36 87 53
36 37 77 74
(1583, 1558)

Arvore 40
0 19 60 45
1 20 60 41
2 21 21 34
3 4 63 61
4 5 15 11
4 23 28 23
5 6 87 54
6 7 52 50
7 26 51 40
8 9 55 43
9 10 18 29
9 28 8 34
11 12 73 68
12 31 44 35
13 32 41 43
14 15 53 71
14 33 59 53
15 16 7 20
16 17 32 55
17 18 1 12
19 20 25 40
20 21 30 29
21 22 25 22
22 23 40 30
23 24 61 63
25 26 62 75
26 27 88 59
27 28 30 21
28 29 40 44
29 30 74 53
30 31 3 35
31 32 46 54
32 33 12 25
33 34 80 54
34 35 14 17
35 36 87 53
36 37 77 74
(1622, 1570)

Arvore 41
0 19 60 45
1 20 60 41
2 21 21 34
3 4 63 61
4 5 15 11
4 23 28 23
5 6 87 54
6 7 52 50
7 26 51 40
8 9 55 43
9 10 18 29
9 28 8 34
11 12 73 68
12 31 44 35
13 32 41 43
14 15 53 71
14 33 59 53
15 16 7 20
17 18 1 12
17 36 41 42
19 20 25 40
20 21 30 29
21 22 25 22
22 23 40 30
23 24 61 63
25 26 62 75
26 27 88 59
27 28 30 21
28 29 40 44
29 30 74 53
30 31 3 35
31 32 46 54
32 33 12 25
33 34 80 54
34 35 14 17
35 36 87 53
36 37 77 74
(1631, 1557)

Arvore 42
0 19 60 45
1 20 60 41
2 21 21 34
3 4 63 61
4 5 15 11
4 23 28 23
5 6 87 54
6 7 52 50
7 26 51 40
8 9 55 43
9 10 18 29
9 28 8 34
11 12 73 68
12 31 44 35
13 32 41 43
14 33 59 53
15 16 7 20
16 17 32 55
16 35 53 57
17 18 1 12
17 36 41 42
19 20 25 40
20 21 30 29
21 22 25 22
22 23 40 30
23 24 61 63
25 26 62 75
26 27 88 59
27 28 30 21
28 29 40 44
29 30 74 53
30 31 3 35
31 32 46 54
32 33 12 25
33 34 80 54
34 35 14 17
36 37 77 74
(1576, 1545)

Arvore 43
0 19 60 45
1 20 60 41
2 21 21 34
3 4 63 61
4 5 15 11
4 23 28 23
5 6 87 54
6 7 52 50
7 26 51 40
8 9 55 43
9 10 18 29
9 28 8 34
11 12 73 68
12 31 44 35
13 32 41 43
14 33 59 53
15 16 7 20
16 17 32 55
16 35 53 57
17 18 1 12
19 20 25 40
20 21 30 29
21 22 25 22
22 23 40 30
23 24 61 63
25 26 62 75
26 27 88 59
27 28 30 21
28 29 40 44
29 30 74 53
30 31 3 35
31 32 46 54
32 33 12 25
33 34 80 54
34 35 14 17
35 36 87 53
36 37 77 74
(1622, 1556)

Arvore 44
0 19 60 45
1 20 60 41
2 21 21 34
3 4 63 61
4 5 15 11
4 23 28 23
5 6 87 54
6 7 52 50
7 26 51 40
8 9 55 43
9 10 18 29
9 28 8 34
11 12 73 68
12 31 44 35
13 32 41 43
14 33 59 53
15 16 7 20
16 35 53 57
17 18 1 12
17 36 41 42
19 20 25 40
20 21 30 29
21 22 25 22
22 23 40 30
23 24 61 63
25 26 62 75
26 27 88 59
27 28 30 21
28 29 40 44
29 30 74 53
30 31 3 35
31 32 46 54
32 33 12 25
33 34 80 54
34 35 14 17
35 36 87 53
36 37 77 74
(1631, 1543)

Arvore 45
0 19 60 45
1 20 60 41
2 21 21 34
3 4 63 61
4 5 15 11
4 23 28 23
5 6 87 54
6 7 52 50
7 26 51 40
8 9 55 43
9 10 18 29
9 28 8 34
11 12 73 68
12 31 44 35
13 32 41 43
14 33 59 53
15 16 7 20
16 17 32 55
17 18 1 12
17 36 41 42
19 20 25 40
20 21 30 29
21 22 25 22
22 23 40 30
23 24 61 63
25 26 62 75
26 27 88 59
27 28 30 21
28 29 40 44
29 30 74 53
30 31 3 35
31 32 46 54
32 33 12 25
33 34 80 54
34 35 14 17
35 36 87 53
36 37 77 74
(1610, 1541)

Arvore 46
0 19 60 45
1 20 60 41
2 21 21 34
3 4 63 61
4 5 15 11
4 23 28 23
5 6 87 54
6 7 52 50
7 26 51 40
8 9 55 43
9 10 18 29
9 28 8 34
11 30 76 56
12 31 44 35
13 32 41 43
14 15 53 71
14 33 59 53
15 16 7 20
16 17 32 55
16 35 53 57
17 18 1 12
17 36 41 42
19 20 25 40
20 21 30 29
21 22 25 22
22 23 40 30
23 24 61 63
25 26 62 75
26 27 88 59
27 28 30 21
28 29 40 44
29 30 74 53
30 31 3 35
31 32 46 54
32 33 12 25
34 35 14 17
36 37 77 74
(1552, 1550)

Arvore 47
0 19 60 45
1 20 60 41
2 21 21 34
3 4 63 61
4 5 15 11
4 23 28 23
5 6 87 54
6 7 52 50
7 26 51 40
8 9 55 43
9 10 18 29
9 28 8 34
11 30 76 56
12 31 44 35
13 32 41 43
14 15 53 71
14 33 59 53
15 16 7 20
16 17 32 55
17 18 1 12
17 36 41 42
19 20 25 40
20 21 30 29
21 22 25 22
22 23 40 30
23 24 61 63
25 26 62 75
26 27 88 59
27 28 30 21
28 29 40 44
29 30 74 53
30 31 3 35
31 32 46 54
32 33 12 25
33 34 80 54
34 35 14 17
36 37 77 74
(1579, 1547)

Arvore 48
0 19 60 45
1 20 60 41
2 21 21 34
3 4 63 61
4 5 15 11
4 23 28 23
5 6 87 54
6 7 52 50
7 26 51 40
8 9 55 43
9 10 18 29
9 28 8 34
11 30 76 56
12 31 44 35
13 32 41 43
14 15 53 71
14 33 59 53
15 16 7 20
16 17 32 55
17 18 1 12
17 36 41 42
19 20 25 40
20 21 30 29
21 22 25 22
22 23 40 30
23 24 61 63
25 26 62 75
26 27 88 59
27 28 30 21
28 29 40 44
29 30 74 53
30 31 3 35
31 32 46 54
32 33 12 25
34 35 14 17
35 36 87 53
36 37 77 74
(1586, 1546)

Arvore 49
0 19 60 45
1 20 60 41
2 21 21 34
3 4 63 61
4 5 15 11
4 23 28 23
5 6 87 54
6 7 52 50
7 26 51 40
8 9 55 43
9 10 18 29
9 28 8 34
11 30 76 56
12 31 44 35
13 32 41 43
14 15 53 71
14 33 59 53
15 16 7 20
16 17 32 55
17 18 1 12
19 20 25 40
20 21 30 29
21 22 25 22
22 23 40 30
23 24 61 63
25 26 62 75
26 27 88 59
27 28 30 21
28 29 40 44
29 30 74 53
30 31 3 35
31 32 46 54
32 33 12 25
33 34 80 54
34 35 14 17
35 36 87 53
36 37 77 74
(1625, 1558)

Arvore 50
0 19 60 45
1 20 60 41
2 21 21 34
3 4 63 61
4 5 15 11
4 23 28 23
5 6 87 54
6 7 52 50
7 26 51 40
8 9 55 43
9 10 18 29
9 28 8 34
11 30 76 56
12 31 44 35
13 32 41 43
14 15 53 71
14 33 59 53
15 16 7 20
17 18 1 12
17 36 41 42
19 20 25 40
20 21 30 29
21 22 25 22
22 23 40 30
23 24 61 63
25 26 62 75
26 27 88 59
27 28 30 21
28 29 40 44
29 30 74 53
30 31 3 35
31 32 46 54
32 33 12 25
33 34 80 54
34 35 14 17
35 36 87 53
36 37 77 74
(1634, 1545)

Arvore 51
0 19 60 45
1 20 60 41
2 21 21 34
3 4 63 61
4 5 15 11
4 23 28 23
5 6 87 54
6 7 52 50
7 26 51 40
8 9 55 43
9 10 18 29
9 28 8 34
11 30 76 56
12 31 44 35
13 32 41 43
14 33 59 53
15 16 7 20
16 17 32 55
16 35 53 57
17 18 1 12
17 36 41 42
19 20 25 40
20 21 30 29
21 22 25 22
22 23 40 30
23 24 61 63
25 26 62 75
26 27 88 59
27 28 30 21
28 29 40 44
29 30 74 53
30 31 3 35
31 32 46 54
32 33 12 25
33 34 80 54
34 35 14 17
36 37 77 74
(1579, 1533)

Arvore 52
0 19 60 45
1 20 60 41
2 21 21 34
3 4 63 61
4 5 15 11
4 23 28 23
5 6 87 54
6 7 52 50
7 26 51 40
8 9 55 43
9 10 18 29
9 28 8 34
11 30 76 56
12 31 44 35
13 32 41 43
14 33 59 53
15 16 7 20
16 17 32 55
16 35 53 57
17 18 1 12
19 20 25 40
20 21 30 29
21 22 25 22
22 23 40 30
23 24 61 63
25 26 62 75
26 27 88 59
27 28 30 21
28 29 40 44
29 30 74 53
30 31 3 35
31 32 46 54
32 33 12 25
33 34 80 54
34 35 14 17
35 36 87 53
36 37 77 74
(1625, 1544)

Arvore 53
0 19 60 45
1 20 60 41
2 21 21 34
3 4 63 61
4 5 15 11
4 23 28 23
5 6 87 54
6 7 52 50
7 26 51 40
8 9 55 43
9 10 18 29
9 28 8 34
11 30 76 56
12 31 44 35
13 32 41 43
14 33 59 53
15 16 7 20
16 35 53 57
17 18 1 12
17 36 41 42
19 20 25 40
20 21 30 29
21 22 25 22
22 23 40 30
23 24 61 63
25 26 62 75
26 27 88 59
27 28 30 21
28 29 40 44
29 30 74 53
30 31 3 35
31 32 46 54
32 33 12 25
33 34 80 54
34 35 14 17
35 36 87 53
36 37 77 74
(1634, 1531)

Arvore 54
0 19 60 45
1 20 60 41
2 21 21 34
3 4 63 61
4 5 15 11
4 23 28 23
5 6 87 54
6 7 52 50
7 26 51 40
8 9 55 43
9 10 18 29
9 28 8 34
11 30 76 56
12 31 44 35
13 32 41 43
14 33 59 53
15 16 7 20
16 17 32 55
17 18 1 12
17 36 41 42
19 20 25 40
20 21 30 29
21 22 25 22
22 23 40 30
23 24 61 63
25 26 62 75
26 27 88 59
27 28 30 21
28 29 40 44
29 30 74 53
30 31 3 35
31 32 46 54
32 33 12 25
33 34 80 54
34 35 14 17
35 36 87 53
36 37 77 74
(1613, 1529)

Arvore 55
0 19 60 45
1 20 60 41
2 21 21 34
3 4 63 61
4 5 15 11
4 23 28 23
5 6 87 54
6 7 52 50
6 25 93 59
7 26 51 40
8 9 55 43
9 10 18 29
9 28 8 34
10 11 78 53
12 31 44 35
13 32 41 43
14 15 53 71
14 33 59 53
15 16 7 20
16 17 32 55
16 35 53 57
17 18 1 12
17 36 41 42
19 20 25 40
20 21 30 29
21 22 25 22
22 23 40 30
23 24 61 63
26 27 88 59
27 28 30 21
28 29 40 44
29 30 74 53
30 31 3 35
31 32 46 54
32 33 12 25
34 35 14 17
36 37 77 74
(1585, 1531)

Arvore 56
0 19 60 45
1 20 60 41
2 21 21 34
3 4 63 61
4 5 15 11
4 23 28 23
5 6 87 54
6 7 52 50
6 25 93 59
7 26 51 40
8 9 55 43
9 10 18 29
9 28 8 34
10 11 78 53
12 31 44 35
13 32 41 43
14 15 53 71
14 33 59 53
15 16 7 20
16 17 32 55
17 18 1 12
17 36 41 42
19 20 25 40
20 21 30 29
21 22 25 22
22 23 40 30
23 24 61 63
26 27 88 59
27 28 30 21
28 29 40 44
29 30 74 53
30 31 3 35
31 32 46 54
32 33 12 25
33 34 80 54
34 35 14 17
36 37 77 74
(1612, 1528)

Arvore 57
0 19 60 45
1 20 60 41
2 21 21 34
3 4 63 61
4 5 15 11
4 23 28 23
5 6 87 54
6 7 52 50
6 25 93 59
7 26 51 40
8 9 55 43
9 10 18 29
9 28 8 34
10 11 78 53
12 31 44 35
13 32 41 43
14 15 53 71
14 33 59 53
15 16 7 20
16 17 32 55
17 18 1 12
17 36 41 42
19 20 25 40
20 21 30 29
21 22 25 22
22 23 40 30
23 24 61 63
26 27 88 59
27 28 30 21
28 29 40 44
29 30 74 53
30 31 3 35
31 32 46 54
32 33 12 25
34 35 14 17
35 36 87 53
36 37 77 74
(1619, 1527)

Arvore 58
0 19 60 45
1 20 60 41
2 21 21 34
3 4 63 61
4 5 15 11
4 23 28 23
5 6 87 54
6 7 52 50
6 25 93 59
7 26 51 40
8 9 55 43
9 10 18 29
9 28 8 34
10 11 78 53
12 31 44 35
13 32 41 43
14 15 53 71
14 33 59 53
15 16 7 20
16 17 32 55
17 18 1 12
19 20 25 40
20 21 30 29
21 22 25 22
22 23 40 30
23 24 61 63
26 27 88 59
27 28 30 21
28 29 40 44
29 30 74 53
30 31 3 35
31 32 46 54
32 33 12 25
33 34 80 54
34 35 14 17
35 36 87 53
36 37 77 74
(1658, 1539)

Arvore 59
0 19 60 45
1 20 60 41
2 21 21 34
3 4 63 61
4 5 15 11
4 23 28 23
5 6 87 54
6 7 52 50
6 25 93 59
7 26 51 40
8 9 55 43
9 10 18 29
9 28 8 34
10 11 78 53
12 31 44 35
13 32 41 43
14 15 53 71
14 33 59 53
15 16 7 20
17 18 1 12
17 36 41 42
19 20 25 40
20 21 30 29
21 22 25 22
22 23 40 30
23 24 61 63
26 27 88 59
27 28 30 21
28 29 40 44
29 30 74 53
30 31 3 35
31 32 46 54
32 33 12 25
33 34 80 54
34 35 14 17
35 36 87 53
36 37 77 74
(1667, 1526)

Arvore 60
0 19 60 45
1 20 60 41
2 21 21 34
3 4 63 61
4 5 15 11
4 23 28 23
5 6 87 54
6 7 52 50
6 25 93 59
7 26 51 40
8 9 55 43
9 10 18 29
9 28 8 34
10 11 78 53
12 31 44 35
13 32 41 43
14 33 59 53
15 16 7 20
16 17 32 55
16 35 53 57
17 18 1 12
17 36 41 42
19 20 25 40
20 21 30 29
21 22 25 22
22 23 40 30
23 24 61 63
26 27 88 59
27 28 30 21
28 29 40 44
29 30 74 53
30 31 3 35
31 32 46 54
32 33 12 25
33 34 80 54
34 35 14 17
36 37 77 74
(1612, 1514)

Arvore 61
0 19 60 45
1 20 60 41
2 21 21 34
3 4 63 61
4 5 15 11
4 23 28 23
5 6 87 54
6 7 52 50
6 25 93 59
7 26 51 40
8 9 55 43
9 10 18 29
9 28 8 34
10 11 78 53
12 31 44 35
13 32 41 43
14 33 59 53
15 16 7 20
16 17 32 55
16 35 53 57
17 18 1 12
19 20 25 40
20 21 30 29
21 22 25 22
22 23 40 30
23 24 61 63
26 27 88 59
27 28 30 21
28 29 40 44
29 30 74 53
30 31 3 35
31 32 46 54
32 33 12 25
33 34 80 54
34 35 14 17
35 36 87 53
36 37 77 74
(1658, 1525)

Arvore 62
0 19 60 45
1 20 60 41
2 21 21 34
3 4 63 61
4 5 15 11
4 23 28 23
5 6 87 54
6 7 52 50
6 25 93 59
7 26 51 40
8 9 55 43
9 10 18 29
9 28 8 34
10 11 78 53
12 31 44 35
13 32 41 43
14 33 59 53
15 16 7 20
16 35 53 57
17 18 1 12
17 36 41 42
19 20 25 40
20 21 30 29
21 22 25 22
22 23 40 30
23 24 61 63
26 27 88 59
27 28 30 21
28 29 40 44
29 30 74 53
30 31 3 35
31 32 46 54
32 33 12 25
33 34 80 54
34 35 14 17
35 36 87 53
36 37 77 74
(1667, 1512)

Arvore 63
0 19 60 45
1 20 60 41
2 21 21 34
3 4 63 61
4 5 15 11
4 23 28 23
5 6 87 54
6 7 52 50
6 25 93 59
7 26 51 40
8 9 55 43
9 10 18 29
9 28 8 34
10 11 78 53
12 31 44 35
13 32 41 43
14 33 59 53
15 16 7 20
16 17 32 55
17 18 1 12
17 36 41 42
19 20 25 40
20 21 30 29
21 22 25 22
22 23 40 30
23 24 61 63
26 27 88 59
27 28 30 21
28 29 40 44
29 30 74 53
30 31 3 35
31 32 46 54
32 33 12 25
33 34 80 54
34 35 14 17
35 36 87 53
36 37 77 74
(1646, 1510)

Arvore 64
0 19 60 45
1 20 60 41
2 21 21 34
3 4 63 61
4 5 15 11
4 23 28 23
5 6 87 54
6 7 52 50
6 25 93 59
7 26 51 40
8 9 55 43
9 10 18 29
9 28 8 34
11 12 73 68
12 31 44 35
13 32 41 43
14 15 53 71
14 33 59 53
15 16 7 20
16 17 32 55
16 35 53 57
17 18 1 12
17 36 41 42
19 20 25 40
20 21 30 29
21 22 25 22
22 23 40 30
23 24 61 63
26 27 88 59
27 28 30 21
28 29 40 44
29 30 74 53
30 31 3 35
31 32 46 54
32 33 12 25
34 35 14 17
36 37 77 74
(1580, 1546)

Arvore 65
0 19 60 45
1 20 60 41
2 21 21 34
3 4 63 61
4 5 15 11
4 23 28 23
5 6 87 54
6 7 52 50
6 25 93 59
7 26 51 40
8 9 55 43
9 10 18 29
9 28 8 34
11 12 73 68
12 31 44 35
13 32 41 43
14 15 53 71
14 33 59 53
15 16 7 20
16 17 32 55
17 18 1 12
17 36 41 42
19 20 25 40
20 21 30 29
21 22 25 22
22 23 40 30
23 24 61 63
26 27 88 59
27 28 30 21
28 29 40 44
29 30 74 53
30 31 3 35
31 32 46 54
32 33 12 25
33 34 80 54
34 35 14 17
36 37 77 74
(1607, 1543)

Arvore 66
0 19 60 45
1 20 60 41
2 21 21 34
3 4 63 61
4 5 15 11
4 23 28 23
5 6 87 54
6 7 52 50
6 25 93 59
7 26 51 40
8 9 55 43
9 10 18 29
9 28 8 34
11 12 73 68
12 31 44 35
13 32 41 43
14 15 53 71
14 33 59 53
15 16 7 20
16 17 32 55
17 18 1 12
17 36 41 42
19 20 25 40
20 21 30 29
21 22 25 22
22 23 40 30
23 24 61 63
26 27 88 59
27 28 30 21
28 29 40 44
29 30 74 53
30 31 3 35
31 32 46 54
32 33 12 25
34 35 14 17
35 36 87 53
36 37 77 74
(1614, 1542)

Arvore 67
0 19 60 45
1 20 60 41
2 21 21 34
3 4 63 61
4 5 15 11
4 23 28 23
5 6 87 54
6 7 52 50
6 25 93 59
7 26 51 40
8 9 55 43
9 10 18 29
9 28 8 34
11 12 73 68
12 31 44 35
13 32 41 43
14 15 53 71
14 33 59 53
15 16 7 20
16 17 32 55
17 18 1 12
19 20 25 40
20 21 30 29
21 22 25 22
22 23 40 30
23 24 61 63
26 27 88 59
27 28 30 21
28 29 40 44
29 30 74 53
30 31 3 35
31 32 46 54
32 33 12 25
33 34 80 54
34 35 14 17
35 36 87 53
36 37 77 74
(1653, 1554)

Arvore 68
0 19 60 45
1 20 60 41
2 21 21 34
3 4 63 61
4 5 15 11
4 23 28 23
5 6 87 54
6 7 52 50
6 25 93 59
7 26 51 40
8 9 55 43
9 10 18 29
9 28 8 34
11 12 73 68
12 31 44 35
13 32 41 43
14 15 53 71
14 33 59 53
15 16 7 20
17 18 1 12
17 36 41 42
19 20 25 40
20 21 30 29
21 22 25 22
22 23 40 30
23 24 61 63
26 27 88 59
27 28 30 21
28 29 40 44
29 30 74 53
30 31 3 35
31 32 46 54
32 33 12 25
33 34 80 54
34 35 14 17
35 36 87 53
36 37 77 74
(1662, 1541)

Arvore 69
0 19 60 45
1 20 60 41
2 21 21 34
3 4 63 61
4 5 15 11
4 23 28 23
5 6 87 54
6 7 52 50
6 25 93 59
7 26 51 40
8 9 55 43
9 10 18 29
9 28 8 34
11 12 73 68
12 31 44 35
13 32 41 43
14 33 59 53
15 16 7 20
16 17 32 55
16 35 53 57
17 18 1 12
17 36 41 42
19 20 25 40
20 21 30 29
21 22 25 22
22 23 40 30
23 24 61 63
26 27 88 59
27 28 30 21
28 29 40 44
29 30 74 53
30 31 3 35
31 32 46 54
32 33 12 25
33 34 80 54
34 35 14 17
36 37 77 74
(1607, 1529)

Arvore 70
0 19 60 45
1 20 60 41
2 21 21 34
3 4 63 61
4 5 15 11
4 23 28 23
5 6 87 54
6 7 52 50
6 25 93 59
7 26 51 40
8 9 55 43
9 10 18 29
9 28 8 34
11 12 73 68
12 31 44 35
13 32 41 43
14 33 59 53
15 16 7 20
16 17 32 55
16 35 53 57
17 18 1 12
19 20 25 40
20 21 30 29
21 22 25 22
22 23 40 30
23 24 61 63
26 27 88 59
27 28 30 21
28 29 40 44
29 30 74 53
30 31 3 35
31 32 46 54
32 33 12 25
33 34 80 54
34 35 14 17
35 36 87 53
36 37 77 74
(1653, 1540)

Arvore 71
0 19 60 45
1 20 60 41
2 21 21 34
3 4 63 61
4 5 15 11
4 23 28 23
5 6 87 54
6 7 52 50
6 25 93 59
7 26 51 40
8 9 55 43
9 10 18 29
9 28 8 34
11 12 73 68
12 31 44 35
13 32 41 43
14 33 59 53
15 16 7 20
16 35 53 57
17 18 1 12
17 36 41 42
19 20 25 40
20 21 30 29
21 22 25 22
22 23 40 30
23 24 61 63
26 27 88 59
27 28 30 21
28 29 40 44
29 30 74 53
30 31 3 35
31 32 46 54
32 33 12 25
33 34 80 54
34 35 14 17
35 36 87 53
36 37 77 74
(1662, 1527)

Arvore 72
0 19 60 45
1 20 60 41
2 21 21 34
3 4 63 61
4 5 15 11
4 23 28 23
5 6 87 54
6 7 52 50
6 25 93 59
7 26 51 40
8 9 55 43
9 10 18 29
9 28 8 34
11 12 73 68
12 31 44 35
13 32 41 43
14 33 59 53
15 16 7 20
16 17 32 55
17 18 1 12
17 36 41 42
19 20 25 40
20 21 30 29
21 22 25 22
22 23 40 30
23 24 61 63
26 27 88 59
27 28 30 21
28 29 40 44
29 30 74 53
30 31 3 35
31 32 46 54
32 33 12 25
33 34 80 54
34 35 14 17
35 36 87 53
36 37 77 74
(1641, 1525)

Arvore 73
0 19 60 45
1 20 60 41
2 21 21 34
3 4 63 61
4 5 15 11
4 23 28 23
5 6 87 54
6 7 52 50
6 25 93 59
7 26 51 40
8 9 55 43
9 10 18 29
9 28 8 34
11 30 76 56
12 31 44 35
13 32 41 43
14 15 53 71
14 33 59 53
15 16 7 20
16 17 32 55
16 35 53 57
17 18 1 12
17 36 41 42
19 20 25 40
20 21 30 29
21 22 25 22
22 23 40 30
23 24 61 63
26 27 88 59
27 28 30 21
28 29 40 44
29 30 74 53
30 31 3 35
31 32 46 54
32 33 12 25
34 35 14 17
36 37 77 74
(1583, 1534)

Arvore 74
0 19 60 45
1 20 60 41
2 21 21 34
3 4 63 61
4 5 15 11
4 23 28 23
5 6 87 54
6 7 52 50
6 25 93 59
7 26 51 40
8 9 55 43
9 10 18 29
9 28 8 34
11 30 76 56
12 31 44 35
13 32 41 43
14 15 53 71
14 33 59 53
15 16 7 20
16 17 32 55
17 18 1 12
17 36 41 42
19 20 25 40
20 21 30 29
21 22 25 22
22 23 40 30
23 24 61 63
26 27 88 59
27 28 30 21
28 29 40 44
29 30 74 53
30 31 3 35
31 32 46 54
32 33 12 25
33 34 80 54
34 35 14 17
36 37 77 74
(1610, 1531)

Arvore 75
0 19 60 45
1 20 60 41
2 21 21 34
3 4 63 61
4 5 15 11
4 23 28 23
5 6 87 54
6 7 52 50
6 25 93 59
7 26 51 40
8 9 55 43
9 10 18 29
9 28 8 34
11 30 76 56
12 31 44 35
13 32 41 43
14 15 53 71
14 33 59 53
15 16 7 20
16 17 32 55
17 18 1 12
17 36 41 42
19 20 25 40
20 21 30 29
21 22 25 22
22 23 40 30
23 24 61 63
26 27 88 59
27 28 30 21
28 29 40 44
29 30 74 53
30 31 3 35
31 32 46 54
32 33 12 25
34 35 14 17
35 36 87 53
36 37 77 74
(1617, 1530)

Arvore 76
0 19 60 45
1 20 60 41
2 21 21 34
3 4 63 61
4 5 15 11
4 23 28 23
5 6 87 54
6 7 52 50
6 25 93 59
7 26 51 40
8 9 55 43
9 10 18 29
9 28 8 34
11 30 76 56
12 31 44 35
13 32 41 43
14 15 53 71
14 33 59 53
15 16 7 20
16 17 32 55
17 18 1 12
19 20 25 40
20 21 30 29
21 22 25 22
22 23 40 30
23 24 61 63
26 27 88 59
27 28 30 21
28 29 40 44
29 30 74 53
30 31 3 35
31 32 46 54
32 33 12 25
33 34 80 54
34 35 14 17
35 36 87 53
36 37 77 74
(1656, 1542)

Arvore 77
0 19 60 45
1 20 60 41
2 21 21 34
3 4 63 61
4 5 15 11
4 23 28 23
5 6 87 54
6 7 52 50
6 25 93 59
7 26 51 40
8 9 55 43
9 10 18 29
9 28 8 34
11 30 76 56
12 31 44 35
13 32 41 43
14 15 53 71
14 33 59 53
15 16 7 20
17 18 1 12
17 36 41 42
19 20 25 40
20 21 30 29
21 22 25 22
22 23 40 30
23 24 61 63
26 27 88 59
27 28 30 21
28 29 40 44
29 30 74 53
30 31 3 35
31 32 46 54
32 33 12 25
33 34 80 54
34 35 14 17
35 36 87 53
36 37 77 74
(1665, 1529)

Arvore 78
0 19 60 45
1 20 60 41
2 21 21 34
3 4 63 61
4 5 15 11
4 23 28 23
5 6 87 54
6 7 52 50
6 25 93 59
7 26 51 40
8 9 55 43
9 10 18 29
9 28 8 34
11 30 76 56
12 31 44 35
13 32 41 43
14 33 59 53
15 16 7 20
16 17 32 55
16 35 53 57
17 18 1 12
17 36 41 42
19 20 25 40
20 21 30 29
21 22 25 22
22 23 40 30
23 24 61 63
26 27 88 59
27 28 30 21
28 29 40 44
29 30 74 53
30 31 3 35
31 32 46 54
32 33 12 25
33 34 80 54
34 35 14 17
36 37 77 74
(1610, 1517)

Arvore 79
0 19 60 45
1 20 60 41
2 21 21 34
3 4 63 61
4 5 15 11
4 23 28 23
5 6 87 54
6 7 52 50
6 25 93 59
7 26 51 40
8 9 55 43
9 10 18 29
9 28 8 34
11 30 76 56
12 31 44 35
13 32 41 43
14 33 59 53
15 16 7 20
16 17 32 55
16 35 53 57
17 18 1 12
19 20 25 40
20 21 30 29
21 22 25 22
22 23 40 30
23 24 61 63
26 27 88 59
27 28 30 21
28 29 40 44
29 30 74 53
30 31 3 35
31 32 46 54
32 33 12 25
33 34 80 54
34 35 14 17
35 36 87 53
36 37 77 74
(1656, 1528)

Arvore 80
0 19 60 45
1 20 60 41
2 21 21 34
3 4 63 61
4 5 15 11
4 23 28 23
5 6 87 54
6 7 52 50
6 25 93 59
7 26 51 40
8 9 55 43
9 10 18 29
9 28 8 34
11 30 76 56
12 31 44 35
13 32 41 43
14 33 59 53
15 16 7 20
16 35 53 57
17 18 1 12
17 36 41 42
19 20 25 40
20 21 30 29
21 22 25 22
22 23 40 30
23 24 61 63
26 27 88 59
27 28 30 21
28 29 40 44
29 30 74 53
30 31 3 35
31 32 46 54
32 33 12 25
33 34 80 54
34 35 14 17
35 36 87 53
36 37 77 74
(1665, 1515)

Arvore 81
0 19 60 45
1 20 60 41
2 21 21 34
3 4 63 61
4 5 15 11
4 23 28 23
5 6 87 54
6 7 52 50
6 25 93 59
7 26 51 40
8 9 55 43
9 10 18 29
9 28 8 34
11 30 76 56
12 31 44 35
13 32 41 43
14 33 59 53
15 16 7 20
16 17 32 55
17 18 1 12
17 36 41 42
19 20 25 40
20 21 30 29
21 22 25 22
22 23 40 30
23 24 61 63
26 27 88 59
27 28 30 21
28 29 40 44
29 30 74 53
30 31 3 35
31 32 46 54
32 33 12 25
33 34 80 54
34 35 14 17
35 36 87 53
36 37 77 74
(1644, 1513)

Arvore 82
0 19 60 45
1 20 60 41
2 21 21 34
3 4 63 61
4 5 15 11
4 23 28 23
5 6 87 54
6 7 52 50
7 8 68 78
7 26 51 40
8 9 55 43
9 10 18 29
9 28 8 34
10 11 78 53
12 31 44 35
13 32 41 43
14 15 53 71
14 33 59 53
15 16 7 20
16 17 32 55
16 35 53 57
17 18 1 12
17 36 41 42
19 20 25 40
20 21 30 29
21 22 25 22
22 23 40 30
23 24 61 63
24 25 85 85
27 28 30 21
28 29 40 44
29 30 74 53
30 31 3 35
31 32 46 54
32 33 12 25
34 35 14 17
36 37 77 74
(1557, 1576)

Arvore 83
0 19 60 45
1 20 60 41
2 21 21 34
3 4 63 61
4 5 15 11
4 23 28 23
5 6 87 54
6 7 52 50
7 8 68 78
7 26 51 40
8 9 55 43
9 10 18 29
9 28 8 34
10 11 78 53
12 31 44 35
13 32 41 43
14 15 53 71
14 33 59 53
15 16 7 20
16 17 32 55
17 18 1 12
17 36 41 42
19 20 25 40
20 21 30 29
21 22 25 22
22 23 40 30
23 24 61 63
24 25 85 85
27 28 30 21
28 29 40 44
29 30 74 53
30 31 3 35
31 32 46 54
32 33 12 25
33 34 80 54
34 35 14 17
36 37 77 74
(1584, 1573)

Arvore 84
0 19 60 45
1 20 60 41
2 21 21 34
3 4 63 61
4 5 15 11
4 23 28 23
5 6 87 54
6 7 52 50
7 8 68 78
7 26 51 40
8 9 55 43
9 10 18 29
9 28 8 34
10 11 78 53
12 31 44 35
13 32 41 43
14 15 53 71
14 33 59 53
15 16 7 20
16 17 32 55
17 18 1 12
17 36 41 42
19 20 25 40
20 21 30 29
21 22 25 22
22 23 40 30
23 24 61 63
24 25 85 85
27 28 30 21
28 29 40 44
29 30 74 53
30 31 3 35
31 32 46 54
32 33 12 25
34 35 14 17
35 36 87 53
36 37 77 74
(1591, 1572)

Arvore 85
0 19 60 45
1 20 60 41
2 21 21 34
3 4 63 61
4 5 15 11
4 23 28 23
5 6 87 54
6 7 52 50
7 8 68 78
7 26 51 40
8 9 55 43
9 10 18 29
9 28 8 34
10 11 78 53
12 31 44 35
13 32 41 43
14 15 53 71
14 33 59 53
15 16 7 20
16 17 32 55
17 18 1 12
19 20 25 40
20 21 30 29
21 22 25 22
22 23 40 30
23 24 61 63
24 25 85 85
27 28 30 21
28 29 40 44
29 30 74 53
30 31 3 35
31 32 46 54
32 33 12 25
33 34 80 54
34 35 14 17
35 36 87 53
36 37 77 74
(1630, 1584)

Arvore 86
0 19 60 45
1 20 60 41
2 21 21 34
3 4 63 61
4 5 15 11
4 23 28 23
5 6 87 54
6 7 52 50
7 8 68 78
7 26 51 40
8 9 55 43
9 10 18 29
9 28 8 34
10 11 78 53
12 31 44 35
13 32 41 43
14 15 53 71
14 33 59 53
15 16 7 20
17 18 1 12
17 36 41 42
19 20 25 40
20 21 30 29
21 22 25 22
22 23 40 30
23 24 61 63
24 25 85 85
27 28 30 21
28 29 40 44
29 30 74 53
30 31 3 35
31 32 46 54
32 33 12 25
33 34 80 54
34 35 14 17
35 36 87 53
36 37 77 74
(1639, 1571)

Arvore 87
0 19 60 45
1 20 60 41
2 21 21 34
3 4 63 61
4 5 15 11
4 23 28 23
5 6 87 54
6 7 52 50
7 8 68 78
7 26 51 40
8 9 55 43
9 10 18 29
9 28 8 34
10 11 78 53
12 31 44 35
13 32 41 43
14 33 59 53
15 16 7 20
16 17 32 55
16 35 53 57
17 18 1 12
17 36 41 42
19 20 25 40
20 21 30 29
21 22 25 22
22 23 40 30
23 24 61 63
24 25 85 85
27 28 30 21
28 29 40 44
29 30 74 53
30 31 3 35
31 32 46 54
32 33 12 25
33 34 80 54
34 35 14 17
36 37 77 74
(1584, 1559)

Arvore 88
0 19 60 45
1 20 60 41
2 21 21 34
3 4 63 61
4 5 15 11
4 23 28 23
5 6 87 54
6 7 52 50
7 8 68 78
7 26 51 40
8 9 55 43
9 10 18 29
9 28 8 34
10 11 78 53
12 31 44 35
13 32 41 43
14 33 59 53
15 16 7 20
16 17 32 55
16 35 53 57
17 18 1 12
19 20 25 40
20 21 30 29
21 22 25 22
22 23 40 30
23 24 61 63
24 25 85 85
27 28 30 21
28 29 40 44
29 30 74 53
30 31 3 35
31 32 46 54
32 33 12 25
33 34 80 54
34 35 14 17
35 36 87 53
36 37 77 74
(1630, 1570)

Arvore 89
0 19 60 45
1 20 60 41
2 21 21 34
3 4 63 61
4 5 15 11
4 23 28 23
5 6 87 54
6 7 52 50
7 8 68 78
7 26 51 40
8 9 55 43
9 10 18 29
9 28 8 34
10 11 78 53
12 31 44 35
13 32 41 43
14 33 59 53
15 16 7 20
16 35 53 57
17 18 1 12
17 36 41 42
19 20 25 40
20 21 30 29
21 22 25 22
22 23 40 30
23 24 61 63
24 25 85 85
27 28 30 21
28 29 40 44
29 30 74 53
30 31 3 35
31 32 46 54
32 33 12 25
33 34 80 54
34 35 14 17
35 36 87 53
36 37 77 74
(1639, 1557)

Arvore 90
0 19 60 45
1 20 60 41
2 21 21 34
3 4 63 61
4 5 15 11
4 23 28 23
5 6 87 54
6 7 52 50
7 8 68 78
7 26 51 40
8 9 55 43
9 10 18 29
9 28 8 34
10 11 78 53
12 31 44 35
13 32 41 43
14 33 59 53
15 16 7 20
16 17 32 55
17 18 1 12
17 36 41 42
19 20 25 40
20 21 30 29
21 22 25 22
22 23 40 30
23 24 61 63
24 25 85 85
27 28 30 21
28 29 40 44
29 30 74 53
30 31 3 35
31 32 46 54
32 33 12 25
33 34 80 54
34 35 14 17
35 36 87 53
36 37 77 74
(1618, 1555)

Arvore 91
0 19 60 45
1 20 60 41
2 21 21 34
3 4 63 61
4 5 15 11
4 23 28 23
5 6 87 54
6 7 52 50
7 8 68 78
7 26 51 40
8 9 55 43
9 10 18 29
9 28 8 34
11 12 73 68
12 31 44 35
13 32 41 43
14 15 53 71
14 33 59 53
15 16 7 20
16 17 32 55
16 35 53 57
17 18 1 12
17 36 41 42
19 20 25 40
20 21 30 29
21 22 25 22
22 23 40 30
23 24 61 63
24 25 85 85
27 28 30 21
28 29 40 44
29 30 74 53
30 31 3 35
31 32 46 54
32 33 12 25
34 35 14 17
36 37 77 74
(1552, 1591)

Arvore 92
0 19 60 45
1 20 60 41
2 21 21 34
3 4 63 61
4 5 15 11
4 23 28 23
5 6 87 54
6 7 52 50
7 8 68 78
7 26 51 40
8 9 55 43
9 10 18 29
9 28 8 34
11 12 73 68
12 31 44 35
13 32 41 43
14 15 53 71
14 33 59 53
15 16 7 20
16 17 32 55
17 18 1 12
17 36 41 42
19 20 25 40
20 21 30 29
21 22 25 22
22 23 40 30
23 24 61 63
24 25 85 85
27 28 30 21
28 29 40 44
29 30 74 53
30 31 3 35
31 32 46 54
32 33 12 25
33 34 80 54
34 35 14 17
36 37 77 74
(1579, 1588)

Arvore 93
0 19 60 45
1 20 60 41
2 21 21 34
3 4 63 61
4 5 15 11
4 23 28 23
5 6 87 54
6 7 52 50
7 8 68 78
7 26 51 40
8 9 55 43
9 10 18 29
9 28 8 34
11 12 73 68
12 31 44 35
13 32 41 43
14 15 53 71
14 33 59 53
15 16 7 20
16 17 32 55
17 18 1 12
17 36 41 42
19 20 25 40
20 21 30 29
21 22 25 22
22 23 40 30
23 24 61 63
24 25 85 85
27 28 30 21
28 29 40 44
29 30 74 53
30 31 3 35
31 32 46 54
32 33 12 25
34 35 14 17
35 36 87 53
36 37 77 74
(1586, 1587)

Arvore 94
0 19 60 45
1 20 60 41
2 21 21 34
3 4 63 61
4 5 15 11
4 23 28 23
5 6 87 54
6 7 52 50
7 8 68 78
7 26 51 40
8 9 55 43
9 10 18 29
9 28 8 34
11 12 73 68
12 31 44 35
13 32 41 43
14 15 53 71
14 33 59 53
15 16 7 20
16 17 32 55
17 18 1 12
19 20 25 40
20 21 30 29
21 22 25 22
22 23 40 30
23 24 61 63
24 25 85 85
27 28 30 21
28 29 40 44
29 30 74 53
30 31 3 35
31 32 46 54
32 33 12 25
33 34 80 54
34 35 14 17
35 36 87 53
36 37 77 74
(1625, 1599)

Arvore 95
0 19 60 45
1 20 60 41
2 21 21 34
3 4 63 61
4 5 15 11
4 23 28 23
5 6 87 54
6 7 52 50
7 8 68 78
7 26 51 40
8 9 55 43
9 10 18 29
9 28 8 34
11 12 73 68
12 31 44 35
13 32 41 43
14 15 53 71
14 33 59 53
15 16 7 20
17 18 1 12
17 36 41 42
19 20 25 40
20 21 30 29
21 22 25 22
22 23 40 30
23 24 61 63
24 25 85 85
27 28 30 21
28 29 40 44
29 30 74 53
30 31 3 35
31 32 46 54
32 33 12 25
33 34 80 54
34 35 14 17
35 36 87 53
36 37 77 74
(1634, 1586)

Arvore 96
0 19 60 45
1 20 60 41
2 21 21 34
3 4 63 61
4 5 15 11
4 23 28 23
5 6 87 54
6 7 52 50
7 8 68 78
7 26 51 40
8 9 55 43
9 10 18 29
9 28 8 34
11 12 73 68
12 31 44 35
13 32 41 43
14 33 59 53
15 16 7 20
16 17 32 55
16 35 53 57
17 18 1 12
17 36 41 42
19 20 25 40
20 21 30 29
21 22 25 22
22 23 40 30
23 24 61 63
24 25 85 85
27 28 30 21
28 29 40 44
29 30 74 53
30 31 3 35
31 32 46 54
32 33 12 25
33 34 80 54
34 35 14 17
36 37 77 74
(1579, 1574)

Arvore 97
0 19 60 45
1 20 60 41
2 21 21 34
3 4 63 61
4 5 15 11
4 23 28 23
5 6 87 54
6 7 52 50
7 8 68 78
7 26 51 40
8 9 55 43
9 10 18 29
9 28 8 34
11 12 73 68
12 31 44 35
13 32 41 43
14 33 59 53
15 16 7 20
16 17 32 55
16 35 53 57
17 18 1 12
19 20 25 40
20 21 30 29
21 22 25 22
22 23 40 30
23 24 61 63
24 25 85 85
27 28 30 21
28 29 40 44
29 30 74 53
30 31 3 35
31 32 46 54
32 33 12 25
33 34 80 54
34 35 14 17
35 36 87 53
36 37 77 74
(1625, 1585)

Arvore 98
0 19 60 45
1 20 60 41
2 21 21 34
3 4 63 61
4 5 15 11
4 23 28 23
5 6 87 54
6 7 52 50
7 8 68 78
7 26 51 40
8 9 55 43
9 10 18 29
9 28 8 34
11 12 73 68
12 31 44 35
13 32 41 43
14 33 59 53
15 16 7 20
16 35 53 57
17 18 1 12
17 36 41 42
19 20 25 40
20 21 30 29
21 22 25 22
22 23 40 30
23 24 61 63
24 25 85 85
27 28 30 21
28 29 40 44
29 30 74 53
30 31 3 35
31 32 46 54
32 33 12 25
33 34 80 54
34 35 14 17
35 36 87 53
36 37 77 74
(1634, 1572)

Arvore 99
0 19 60 45
1 20 60 41
2 21 21 34
3 4 63 61
4 5 15 11
4 23 28 23
5 6 87 54
6 7 52 50
7 8 68 78
7 26 51 40
8 9 55 43
9 10 18 29
9 28 8 34
11 12 73 68
12 31 44 35
13 32 41 43
14 33 59 53
15 16 7 20
16 17 32 55
17 18 1 12
17 36 41 42
19 20 25 40
20 21 30 29
21 22 25 22
22 23 40 30
23 24 61 63
24 25 85 85
27 28 30 21
28 29 40 44
29 30 74 53
30 31 3 35
31 32 46 54
32 33 12 25
33 34 80 54
34 35 14 17
35 36 87 53
36 37 77 74
(1613, 1570)

Arvore 100
0 19 60 45
1 20 60 41
2 21 21 34
3 4 63 61
4 5 15 11
4 23 28 23
5 6 87 54
6 7 52 50
7 8 68 78
7 26 51 40
8 9 55 43
9 10 18 29
9 28 8 34
11 30 76 56
12 31 44 35
13 32 41 43
14 15 53 71
14 33 59 53
15 16 7 20
16 17 32 55
16 35 53 57
17 18 1 12
17 36 41 42
19 20 25 40
20 21 30 29
21 22 25 22
22 23 40 30
23 24 61 63
24 25 85 85
27 28 30 21
28 29 40 44
29 30 74 53
30 31 3 35
31 32 46 54
32 33 12 25
34 35 14 17
36 37 77 74
(1555, 1579)

Arvore 101
0 19 60 45
1 20 60 41
2 21 21 34
3 4 63 61
4 5 15 11
4 23 28 23
5 6 87 54
6 7 52 50
7 8 68 78
7 26 51 40
8 9 55 43
9 10 18 29
9 28 8 34
11 30 76 56
12 31 44 35
13 32 41 43
14 15 53 71
14 33 59 53
15 16 7 20
16 17 32 55
17 18 1 12
17 36 41 42
19 20 25 40
20 21 30 29
21 22 25 22
22 23 40 30
23 24 61 63
24 25 85 85
27 28 30 21
28 29 40 44
29 30 74 53
30 31 3 35
31 32 46 54
32 33 12 25
33 34 80 54
34 35 14 17
36 37 77 74
(1582, 1576)

Arvore 102
0 19 60 45
1 20 60 41
2 21 21 34
3 4 63 61
4 5 15 11
4 23 28 23
5 6 87 54
6 7 52 50
7 8 68 78
7 26 51 40
8 9 55 43
9 10 18 29
9 28 8 34
11 30 76 56
12 31 44 35
13 32 41 43
14 15 53 71
14 33 59 53
15 16 7 20
16 17 32 55
17 18 1 12
17 36 41 42
19 20 25 40
20 21 30 29
21 22 25 22
22 23 40 30
23 24 61 63
24 25 85 85
27 28 30 21
28 29 40 44
29 30 74 53
30 31 3 35
31 32 46 54
32 33 12 25
34 35 14 17
35 36 87 53
36 37 77 74
(1589, 1575)

Arvore 103
0 19 60 45
1 20 60 41
2 21 21 34
3 4 63 61
4 5 15 11
4 23 28 23
5 6 87 54
6 7 52 50
7 8 68 78
7 26 51 40
8 9 55 43
9 10 18 29
9 28 8 34
11 30 76 56
12 31 44 35
13 32 41 43
14 15 53 71
14 33 59 53
15 16 7 20
16 17 32 55
17 18 1 12
19 20 25 40
20 21 30 29
21 22 25 22
22 23 40 30
23 24 61 63
24 25 85 85
27 28 30 21
28 29 40 44
29 30 74 53
30 31 3 35
31 32 46 54
32 33 12 25
33 34 80 54
34 35 14 17
35 36 87 53
36 37 77 74
(1628, 1587)

Arvore 104
0 19 60 45
1 20 60 41
2 21 21 34
3 4 63 61
4 5 15 11
4 23 28 23
5 6 87 54
6 7 52 50
7 8 68 78
7 26 51 40
8 9 55 43
9 10 18 29
9 28 8 34
11 30 76 56
12 31 44 35
13 32 41 43
14 15 53 71
14 33 59 53
15 16 7 20
17 18 1 12
17 36 41 42
19 20 25 40
20 21 30 29
21 22 25 22
22 23 40 30
23 24 61 63
24 25 85 85
27 28 30 21
28 29 40 44
29 30 74 53
30 31 3 35
31 32 46 54
32 33 12 25
33 34 80 54
34 35 14 17
35 36 87 53
36 37 77 74
(1637, 1574)

Arvore 105
0 19 60 45
1 20 60 41
2 21 21 34
3 4 63 61
4 5 15 11
4 23 28 23
5 6 87 54
6 7 52 50
7 8 68 78
7 26 51 40
8 9 55 43
9 10 18 29
9 28 8 34
11 30 76 56
12 31 44 35
13 32 41 43
14 33 59 53
15 16 7 20
16 17 32 55
16 35 53 57
17 18 1 12
17 36 41 42
19 20 25 40
20 21 30 29
21 22 25 22
22 23 40 30
23 24 61 63
24 25 85 85
27 28 30 21
28 29 40 44
29 30 74 53
30 31 3 35
31 32 46 54
32 33 12 25
33 34 80 54
34 35 14 17
36 37 77 74
(1582, 1562)

Arvore 106
0 19 60 45
1 20 60 41
2 21 21 34
3 4 63 61
4 5 15 11
4 23 28 23
5 6 87 54
6 7 52 50
7 8 68 78
7 26 51 40
8 9 55 43
9 10 18 29
9 28 8 34
11 30 76 56
12 31 44 35
13 32 41 43
14 33 59 53
15 16 7 20
16 17 32 55
16 35 53 57
17 18 1 12
19 20 25 40
20 21 30 29
21 22 25 22
22 23 40 30
23 24 61 63
24 25 85 85
27 28 30 21
28 29 40 44
29 30 74 53
30 31 3 35
31 32 46 54
32 33 12 25
33 34 80 54
34 35 14 17
35 36 87 53
36 37 77 74
(1628, 1573)

Arvore 107
0 19 60 45
1 20 60 41
2 21 21 34
3 4 63 61
4 5 15 11
4 23 28 23
5 6 87 54
6 7 52 50
7 8 68 78
7 26 51 40
8 9 55 43
9 10 18 29
9 28 8 34
11 30 76 56
12 31 44 35
13 32 41 43
14 33 59 53
15 16 7 20
16 35 53 57
17 18 1 12
17 36 41 42
19 20 25 40
20 21 30 29
21 22 25 22
22 23 40 30
23 24 61 63
24 25 85 85
27 28 30 21
28 29 40 44
29 30 74 53
30 31 3 35
31 32 46 54
32 33 12 25
33 34 80 54
34 35 14 17
35 36 87 53
36 37 77 74
(1637, 1560)

Arvore 108
0 19 60 45
1 20 60 41
2 21 21 34
3 4 63 61
4 5 15 11
4 23 28 23
5 6 87 54
6 7 52 50
7 8 68 78
7 26 51 40
8 9 55 43
9 10 18 29
9 28 8 34
11 30 76 56
12 31 44 35
13 32 41 43
14 33 59 53
15 16 7 20
16 17 32 55
17 18 1 12
17 36 41 42
19 20 25 40
20 21 30 29
21 22 25 22
22 23 40 30
23 24 61 63
24 25 85 85
27 28 30 21
28 29 40 44
29 30 74 53
30 31 3 35
31 32 46 54
32 33 12 25
33 34 80 54
34 35 14 17
35 36 87 53
36 37 77 74
(1616, 1558)

Arvore 109
0 19 60 45
1 20 60 41
2 21 21 34
3 4 63 61
4 5 15 11
4 23 28 23
5 6 87 54
6 7 52 50
7 26 51 40
8 9 55 43
9 10 18 29
9 28 8 34
10 11 78 53
12 31 44 35
13 32 41 43
14 15 53 71
14 33 59 53
15 16 7 20
16 17 32 55
16 35 53 57
17 18 1 12
17 36 41 42
19 20 25 40
20 21 30 29
21 22 25 22
22 23 40 30
23 24 61 63
24 25 85 85
26 27 88 59
27 28 30 21
28 29 40 44
29 30 74 53
30 31 3 35
31 32 46 54
32 33 12 25
34 35 14 17
36 37 77 74
(1577, 1557)

Arvore 110
0 19 60 45
1 20 60 41
2 21 21 34
3 4 63 61
4 5 15 11
4 23 28 23
5 6 87 54
6 7 52 50
7 26 51 40
8 9 55 43
9 10 18 29
9 28 8 34
10 11 78 53
12 31 44 35
13 32 41 43
14 15 53 71
14 33 59 53
15 16 7 20
16 17 32 55
17 18 1 12
17 36 41 42
19 20 25 40
20 21 30 29
21 22 25 22
22 23 40 30
23 24 61 63
24 25 85 85
26 27 88 59
27 28 30 21
28 29 40 44
29 30 74 53
30 31 3 35
31 32 46 54
32 33 12 25
33 34 80 54
34 35 14 17
36 37 77 74
(1604, 1554)

Arvore 111
0 19 60 45
1 20 60 41
2 21 21 34
3 4 63 61
4 5 15 11
4 23 28 23
5 6 87 54
6 7 52 50
7 26 51 40
8 9 55 43
9 10 18 29
9 28 8 34
10 11 78 53
12 31 44 35
13 32 41 43
14 15 53 71
14 33 59 53
15 16 7 20
16 17 32 55
17 18 1 12
17 36 41 42
19 20 25 40
20 21 30 29
21 22 25 22
22 23 40 30
23 24 61 63
24 25 85 85
26 27 88 59
27 28 30 21
28 29 40 44
29 30 74 53
30 31 3 35
31 32 46 54
32 33 12 25
34 35 14 17
35 36 87 53
36 37 77 74
(1611, 1553)

Arvore 112
0 19 60 45
1 20 60 41
2 21 21 34
3 4 63 61
4 5 15 11
4 23 28 23
5 6 87 54
6 7 52 50
7 26 51 40
8 9 55 43
9 10 18 29
9 28 8 34
10 11 78 53
12 31 44 35
13 32 41 43
14 15 53 71
14 33 59 53
15 16 7 20
16 17 32 55
17 18 1 12
19 20 25 40
20 21 30 29
21 22 25 22
22 23 40 30
23 24 61 63
24 25 85 85
26 27 88 59
27 28 30 21
28 29 40 44
29 30 74 53
30 31 3 35
31 32 46 54
32 33 12 25
33 34 80 54
34 35 14 17
35 36 87 53
36 37 77 74
(1650, 1565)

Arvore 113
0 19 60 45
1 20 60 41
2 21 21 34
3 4 63 61
4 5 15 11
4 23 28 23
5 6 87 54
6 7 52 50
7 26 51 40
8 9 55 43
9 10 18 29
9 28 8 34
10 11 78 53
12 31 44 35
13 32 41 43
14 15 53 71
14 33 59 53
15 16 7 20
17 18 1 12
17 36 41 42
19 20 25 40
20 21 30 29
21 22 25 22
22 23 40 30
23 24 61 63
24 25 85 85
26 27 88 59
27 28 30 21
28 29 40 44
29 30 74 53
30 31 3 35
31 32 46 54
32 33 12 25
33 34 80 54
34 35 14 17
35 36 87 53
36 37 77 74
(1659, 1552)

Arvore 114
0 19 60 45
1 20 60 41
2 21 21 34
3 4 63 61
4 5 15 11
4 23 28 23
5 6 87 54
6 7 52 50
7 26 51 40
8 9 55 43
9 10 18 29
9 28 8 34
10 11 78 53
12 31 44 35
13 32 41 43
14 33 59 53
15 16 7 20
16 17 32 55
16 35 53 57
17 18 1 12
17 36 41 42
19 20 25 40
20 21 30 29
21 22 25 22
22 23 40 30
23 24 61 63
24 25 85 85
26 27 88 59
27 28 30 21
28 29 40 44
29 30 74 53
30 31 3 35
31 32 46 54
32 33 12 25
33 34 80 54
34 35 14 17
36 37 77 74
(1604, 1540)

Arvore 115
0 19 60 45
1 20 60 41
2 21 21 34
3 4 63 61
4 5 15 11
4 23 28 23
5 6 87 54
6 7 52 50
7 26 51 40
8 9 55 43
9 10 18 29
9 28 8 34
10 11 78 53
12 31 44 35
13 32 41 43
14 33 59 53
15 16 7 20
16 17 32 55
16 35 53 57
17 18 1 12
19 20 25 40
20 21 30 29
21 22 25 22
22 23 40 30
23 24 61 63
24 25 85 85
26 27 88 59
27 28 30 21
28 29 40 44
29 30 74 53
30 31 3 35
31 32 46 54
32 33 12 25
33 34 80 54
34 35 14 17
35 36 87 53
36 37 77 74
(1650, 1551)

Arvore 116
0 19 60 45
1 20 60 41
2 21 21 34
3 4 63 61
4 5 15 11
4 23 28 23
5 6 87 54
6 7 52 50
7 26 51 40
8 9 55 43
9 10 18 29
9 28 8 34
10 11 78 53
12 31 44 35
13 32 41 43
14 33 59 53
15 16 7 20
16 35 53 57
17 18 1 12
17 36 41 42
19 20 25 40
20 21 30 29
21 22 25 22
22 23 40 30
23 24 61 63
24 25 85 85
26 27 88 59
27 28 30 21
28 29 40 44
29 30 74 53
30 31 3 35
31 32 46 54
32 33 12 25
33 34 80 54
34 35 14 17
35 36 87 53
36 37 77 74
(1659, 1538)

Arvore 117
0 19 60 45
1 20 60 41
2 21 21 34
3 4 63 61
4 5 15 11
4 23 28 23
5 6 87 54
6 7 52 50
7 26 51 40
8 9 55 43
9 10 18 29
9 28 8 34
10 11 78 53
12 31 44 35
13 32 41 43
14 33 59 53
15 16 7 20
16 17 32 55
17 18 1 12
17 36 41 42
19 20 25 40
20 21 30 29
21 22 25 22
22 23 40 30
23 24 61 63
24 25 85 85
26 27 88 59
27 28 30 21
28 29 40 44
29 30 74 53
30 31 3 35
31 32 46 54
32 33 12 25
33 34 80 54
34 35 14 17
35 36 87 53
36 37 77 74
(1638, 1536)

Arvore 118
0 19 60 45
1 20 60 41
2 21 21 34
3 4 63 61
4 5 15 11
4 23 28 23
5 6 87 54
6 7 52 50
7 26 51 40
8 9 55 43
9 10 18 29
9 28 8 34
11 12 73 68
12 31 44 35
13 32 41 43
14 15 53 71
14 33 59 53
15 16 7 20
16 17 32 55
16 35 53 57
17 18 1 12
17 36 41 42
19 20 25 40
20 21 30 29
21 22 25 22
22 23 40 30
23 24 61 63
24 25 85 85
26 27 88 59
27 28 30 21
28 29 40 44
29 30 74 53
30 31 3 35
31 32 46 54
32 33 12 25
34 35 14 17
36 37 77 74
(1572, 1572)

Arvore 119
0 19 60 45
1 20 60 41
2 21 21 34
3 4 63 61
4 5 15 11
4 23 28 23
5 6 87 54
6 7 52 50
7 26 51 40
8 9 55 43
9 10 18 29
9 28 8 34
11 12 73 68
12 31 44 35
13 32 41 43
14 15 53 71
14 33 59 53
15 16 7 20
16 17 32 55
17 18 1 12
17 36 41 42
19 20 25 40
20 21 30 29
21 22 25 22
22 23 40 30
23 24 61 63
24 25 85 85
26 27 88 59
27 28 30 21
28 29 40 44
29 30 74 53
30 31 3 35
31 32 46 54
32 33 12 25
33 34 80 54
34 35 14 17
36 37 77 74
(1599, 1569)

Arvore 120
0 19 60 45
1 20 60 41
2 21 21 34
3 4 63 61
4 5 15 11
4 23 28 23
5 6 87 54
6 7 52 50
7 26 51 40
8 9 55 43
9 10 18 29
9 28 8 34
11 12 73 68
12 31 44 35
13 32 41 43
14 15 53 71
14 33 59 53
15 16 7 20
16 17 32 55
17 18 1 12
17 36 41 42
19 20 25 40
20 21 30 29
21 22 25 22
22 23 40 30
23 24 61 63
24 25 85 85
26 27 88 59
27 28 30 21
28 29 40 44
29 30 74 53
30 31 3 35
31 32 46 54
32 33 12 25
34 35 14 17
35 36 87 53
36 37 77 74
(1606, 1568)

Arvore 121
0 19 60 45
1 20 60 41
2 21 21 34
3 4 63 61
4 5 15 11
4 23 28 23
5 6 87 54
6 7 52 50
7 26 51 40
8 9 55 43
9 10 18 29
9 28 8 34
11 12 73 68
12 31 44 35
13 32 41 43
14 15 53 71
14 33 59 53
15 16 7 20
16 17 32 55
17 18 1 12
19 20 25 40
20 21 30 29
21 22 25 22
22 23 40 30
23 24 61 63
24 25 85 85
26 27 88 59
27 28 30 21
28 29 40 44
29 30 74 53
30 31 3 35
31 32 46 54
32 33 12 25
33 34 80 54
34 35 14 17
35 36 87 53
36 37 77 74
(1645, 1580)

Arvore 122
0 19 60 45
1 20 60 41
2 21 21 34
3 4 63 61
4 5 15 11
4 23 28 23
5 6 87 54
6 7 52 50
7 26 51 40
8 9 55 43
9 10 18 29
9 28 8 34
11 12 73 68
12 31 44 35
13 32 41 43
14 15 53 71
14 33 59 53
15 16 7 20
17 18 1 12
17 36 41 42
19 20 25 40
20 21 30 29
21 22 25 22
22 23 40 30
23 24 61 63
24 25 85 85
26 27 88 59
27 28 30 21
28 29 40 44
29 30 74 53
30 31 3 35
31 32 46 54
32 33 12 25
33 34 80 54
34 35 14 17
35 36 87 53
36 37 77 74
(1654, 1567)

Arvore 123
0 19 60 45
1 20 60 41
2 21 21 34
3 4 63 61
4 5 15 11
4 23 28 23
5 6 87 54
6 7 52 50
7 26 51 40
8 9 55 43
9 10 18 29
9 28 8 34
11 12 73 68
12 31 44 35
13 32 41 43
14 33 59 53
15 16 7 20
16 17 32 55
16 35 53 57
17 18 1 12
17 36 41 42
19 20 25 40
20 21 30 29
21 22 25 22
22 23 40 30
23 24 61 63
24 25 85 85
26 27 88 59
27 28 30 21
28 29 40 44
29 30 74 53
30 31 3 35
31 32 46 54
32 33 12 25
33 34 80 54
34 35 14 17
36 37 77 74
(1599, 1555)

Arvore 124
0 19 60 45
1 20 60 41
2 21 21 34
3 4 63 61
4 5 15 11
4 23 28 23
5 6 87 54
6 7 52 50
7 26 51 40
8 9 55 43
9 10 18 29
9 28 8 34
11 12 73 68
12 31 44 35
13 32 41 43
14 33 59 53
15 16 7 20
16 17 32 55
16 35 53 57
17 18 1 12
19 20 25 40
20 21 30 29
21 22 25 22
22 23 40 30
23 24 61 63
24 25 85 85
26 27 88 59
27 28 30 21
28 29 40 44
29 30 74 53
30 31 3 35
31 32 46 54
32 33 12 25
33 34 80 54
34 35 14 17
35 36 87 53
36 37 77 74
(1645, 1566)

Arvore 125
0 19 60 45
1 20 60 41
2 21 21 34
3 4 63 61
4 5 15 11
4 23 28 23
5 6 87 54
6 7 52 50
7 26 51 40
8 9 55 43
9 10 18 29
9 28 8 34
11 12 73 68
12 31 44 35
13 32 41 43
14 33 59 53
15 16 7 20
16 35 53 57
17 18 1 12
17 36 41 42
19 20 25 40
20 21 30 29
21 22 25 22
22 23 40 30
23 24 61 63
24 25 85 85
26 27 88 59
27 28 30 21
28 29 40 44
29 30 74 53
30 31 3 35
31 32 46 54
32 33 12 25
33 34 80 54
34 35 14 17
35 36 87 53
36 37 77 74
(1654, 1553)

Arvore 126
0 19 60 45
1 20 60 41
2 21 21 34
3 4 63 61
4 5 15 11
4 23 28 23
5 6 87 54
6 7 52 50
7 26 51 40
8 9 55 43
9 10 18 29
9 28 8 34
11 12 73 68
12 31 44 35
13 32 41 43
14 33 59 53
15 16 7 20
16 17 32 55
17 18 1 12
17 36 41 42
19 20 25 40
20 21 30 29
21 22 25 22
22 23 40 30
23 24 61 63
24 25 85 85
26 27 88 59
27 28 30 21
28 29 40 44
29 30 74 53
30 31 3 35
31 32 46 54
32 33 12 25
33 34 80 54
34 35 14 17
35 36 87 53
36 37 77 74
(1633, 1551)

Arvore 127
0 19 60 45
1 20 60 41
2 21 21 34
3 4 63 61
4 5 15 11
4 23 28 23
5 6 87 54
6 7 52 50
7 26 51 40
8 9 55 43
9 10 18 29
9 28 8 34
11 30 76 56
12 31 44 35
13 32 41 43
14 15 53 71
14 33 59 53
15 16 7 20
16 17 32 55
16 35 53 57
17 18 1 12
17 36 41 42
19 20 25 40
20 21 30 29
21 22 25 22
22 23 40 30
23 24 61 63
24 25 85 85
26 27 88 59
27 28 30 21
28 29 40 44
29 30 74 53
30 31 3 35
31 32 46 54
32 33 12 25
34 35 14 17
36 37 77 74
(1575, 1560)

Arvore 128
0 19 60 45
1 20 60 41
2 21 21 34
3 4 63 61
4 5 15 11
4 23 28 23
5 6 87 54
6 7 52 50
7 26 51 40
8 9 55 43
9 10 18 29
9 28 8 34
11 30 76 56
12 31 44 35
13 32 41 43
14 15 53 71
14 33 59 53
15 16 7 20
16 17 32 55
17 18 1 12
17 36 41 42
19 20 25 40
20 21 30 29
21 22 25 22
22 23 40 30
23 24 61 63
24 25 85 85
26 27 88 59
27 28 30 21
28 29 40 44
29 30 74 53
30 31 3 35
31 32 46 54
32 33 12 25
33 34 80 54
34 35 14 17
36 37 77 74
(1602, 1557)

Arvore 129
0 19 60 45
1 20 60 41
2 21 21 34
3 4 63 61
4 5 15 11
4 23 28 23
5 6 87 54
6 7 52 50
7 26 51 40
8 9 55 43
9 10 18 29
9 28 8 34
11 30 76 56
12 31 44 35
13 32 41 43
14 15 53 71
14 33 59 53
15 16 7 20
16 17 32 55
17 18 1 12
17 36 41 42
19 20 25 40
20 21 30 29
21 22 25 22
22 23 40 30
23 24 61 63
24 25 85 85
26 27 88 59
27 28 30 21
28 29 40 44
29 30 74 53
30 31 3 35
31 32 46 54
32 33 12 25
34 35 14 17
35 36 87 53
36 37 77 74
(1609, 1556)

Arvore 130
0 19 60 45
1 20 60 41
2 21 21 34
3 4 63 61
4 5 15 11
4 23 28 23
5 6 87 54
6 7 52 50
7 26 51 40
8 9 55 43
9 10 18 29
9 28 8 34
11 30 76 56
12 31 44 35
13 32 41 43
14 15 53 71
14 33 59 53
15 16 7 20
16 17 32 55
17 18 1 12
19 20 25 40
20 21 30 29
21 22 25 22
22 23 40 30
23 24 61 63
24 25 85 85
26 27 88 59
27 28 30 21
28 29 40 44
29 30 74 53
30 31 3 35
31 32 46 54
32 33 12 25
33 34 80 54
34 35 14 17
35 36 87 53
36 37 77 74
(1648, 1568)

Arvore 131
0 19 60 45
1 20 60 41
2 21 21 34
3 4 63 61
4 5 15 11
4 23 28 23
5 6 87 54
6 7 52 50
7 26 51 40
8 9 55 43
9 10 18 29
9 28 8 34
11 30 76 56
12 31 44 35
13 32 41 43
14 15 53 71
14 33 59 53
15 16 7 20
17 18 1 12
17 36 41 42
19 20 25 40
20 21 30 29
21 22 25 22
22 23 40 30
23 24 61 63
24 25 85 85
26 27 88 59
27 28 30 21
28 29 40 44
29 30 74 53
30 31 3 35
31 32 46 54
32 33 12 25
33 34 80 54
34 35 14 17
35 36 87 53
36 37 77 74
(1657, 1555)

Arvore 132
0 19 60 45
1 20 60 41
2 21 21 34
3 4 63 61
4 5 15 11
4 23 28 23
5 6 87 54
6 7 52 50
7 26 51 40
8 9 55 43
9 10 18 29
9 28 8 34
11 30 76 56
12 31 44 35
13 32 41 43
14 33 59 53
15 16 7 20
16 17 32 55
16 35 53 57
17 18 1 12
17 36 41 42
19 20 25 40
20 21 30 29
21 22 25 22
22 23 40 30
23 24 61 63
24 25 85 85
26 27 88 59
27 28 30 21
28 29 40 44
29 30 74 53
30 31 3 35
31 32 46 54
32 33 12 25
33 34 80 54
34 35 14 17
36 37 77 74
(1602, 1543)

Arvore 133
0 19 60 45
1 20 60 41
2 21 21 34
3 4 63 61
4 5 15 11
4 23 28 23
5 6 87 54
6 7 52 50
7 26 51 40
8 9 55 43
9 10 18 29
9 28 8 34
11 30 76 56
12 31 44 35
13 32 41 43
14 33 59 53
15 16 7 20
16 17 32 55
16 35 53 57
17 18 1 12
19 20 25 40
20 21 30 29
21 22 25 22
22 23 40 30
23 24 61 63
24 25 85 85
26 27 88 59
27 28 30 21
28 29 40 44
29 30 74 53
30 31 3 35
31 32 46 54
32 33 12 25
33 34 80 54
34 35 14 17
35 36 87 53
36 37 77 74
(1648, 1554)

Arvore 134
0 19 60 45
1 20 60 41
2 21 21 34
3 4 63 61
4 5 15 11
4 23 28 23
5 6 87 54
6 7 52 50
7 26 51 40
8 9 55 43
9 10 18 29
9 28 8 34
11 30 76 56
12 31 44 35
13 32 41 43
14 33 59 53
15 16 7 20
16 35 53 57
17 18 1 12
17 36 41 42
19 20 25 40
20 21 30 29
21 22 25 22
22 23 40 30
23 24 61 63
24 25 85 85
26 27 88 59
27 28 30 21
28 29 40 44
29 30 74 53
30 31 3 35
31 32 46 54
32 33 12 25
33 34 80 54
34 35 14 17
35 36 87 53
36 37 77 74
(1657, 1541)

Arvore 135
0 19 60 45
1 20 60 41
2 21 21 34
3 4 63 61
4 5 15 11
4 23 28 23
5 6 87 54
6 7 52 50
7 26 51 40
8 9 55 43
9 10 18 29
9 28 8 34
11 30 76 56
12 31 44 35
13 32 41 43
14 33 59 53
15 16 7 20
16 17 32 55
17 18 1 12
17 36 41 42
19 20 25 40
20 21 30 29
21 22 25 22
22 23 40 30
23 24 61 63
24 25 85 85
26 27 88 59
27 28 30 21
28 29 40 44
29 30 74 53
30 31 3 35
31 32 46 54
32 33 12 25
33 34 80 54
34 35 14 17
35 36 87 53
36 37 77 74
(1636, 1539)

Arvore 136
0 19 60 45
1 20 60 41
2 21 21 34
3 4 63 61
4 5 15 11
4 23 28 23
6 7 52 50
7 8 68 78
7 26 51 40
8 9 55 43
9 10 18 29
9 28 8 34
10 11 78 53
12 31 44 35
13 32 41 43
14 15 53 71
14 33 59 53
15 16 7 20
16 17 32 55
16 35 53 57
17 18 1 12
17 36 41 42
19 20 25 40
20 21 30 29
21 22 25 22
22 23 40 30
23 24 61 63
24 25 85 85
25 26 62 75
27 28 30 21
28 29 40 44
29 30 74 53
30 31 3 35
31 32 46 54
32 33 12 25
34 35 14 17
36 37 77 74
(1532, 1597)

Arvore 137
0 19 60 45
1 20 60 41
2 21 21 34
3 4 63 61
4 5 15 11
4 23 28 23
6 7 52 50
7 8 68 78
7 26 51 40
8 9 55 43
9 10 18 29
9 28 8 34
10 11 78 53
12 31 44 35
13 32 41 43
14 15 53 71
14 33 59 53
15 16 7 20
16 17 32 55
17 18 1 12
17 36 41 42
19 20 25 40
20 21 30 29
21 22 25 22
22 23 40 30
23 24 61 63
24 25 85 85
25 26 62 75
27 28 30 21
28 29 40 44
29 30 74 53
30 31 3 35
31 32 46 54
32 33 12 25
33 34 80 54
34 35 14 17
36 37 77 74
(1559, 1594)

Arvore 138
0 19 60 45
1 20 60 41
2 21 21 34
3 4 63 61
4 5 15 11
4 23 28 23
6 7 52 50
7 8 68 78
7 26 51 40
8 9 55 43
9 10 18 29
9 28 8 34
10 11 78 53
12 31 44 35
13 32 41 43
14 15 53 71
14 33 59 53
15 16 7 20
16 17 32 55
17 18 1 12
17 36 41 42
19 20 25 40
20 21 30 29
21 22 25 22
22 23 40 30
23 24 61 63
24 25 85 85
25 26 62 75
27 28 30 21
28 29 40 44
29 30 74 53
30 31 3 35
31 32 46 54
32 33 12 25
34 35 14 17
35 36 87 53
36 37 77 74
(1566, 1593)

Arvore 139
0 19 60 45
1 20 60 41
2 21 21 34
3 4 63 61
4 5 15 11
4 23 28 23
6 7 52 50
7 8 68 78
7 26 51 40
8 9 55 43
9 10 18 29
9 28 8 34
10 11 78 53
12 31 44 35
13 32 41 43
14 15 53 71
14 33 59 53
15 16 7 20
16 17 32 55
17 18 1 12
19 20 25 40
20 21 30 29
21 22 25 22
22 23 40 30
23 24 61 63
24 25 85 85
25 26 62 75
27 28 30 21
28 29 40 44
29 30 74 53
30 31 3 35
31 32 46 54
32 33 12 25
33 34 80 54
34 35 14 17
35 36 87 53
36 37 77 74
(1605, 1605)

Arvore 140
0 19 60 45
1 20 60 41
2 21 21 34
3 4 63 61
4 5 15 11
4 23 28 23
6 7 52 50
7 8 68 78
7 26 51 40
8 9 55 43
9 10 18 29
9 28 8 34
10 11 78 53
12 31 44 35
13 32 41 43
14 15 53 71
14 33 59 53
15 16 7 20
17 18 1 12
17 36 41 42
19 20 25 40
20 21 30 29
21 22 25 22
22 23 40 30
23 24 61 63
24 25 85 85
25 26 62 75
27 28 30 21
28 29 40 44
29 30 74 53
30 31 3 35
31 32 46 54
32 33 12 25
33 34 80 54
34 35 14 17
35 36 87 53
36 37 77 74
(1614, 1592)

Arvore 141
0 19 60 45
1 20 60 41
2 21 21 34
3 4 63 61
4 5 15 11
4 23 28 23
6 7 52 50
7 8 68 78
7 26 51 40
8 9 55 43
9 10 18 29
9 28 8 34
10 11 78 53
12 31 44 35
13 32 41 43
14 33 59 53
15 16 7 20
16 17 32 55
16 35 53 57
17 18 1 12
17 36 41 42
19 20 25 40
20 21 30 29
21 22 25 22
22 23 40 30
23 24 61 63
24 25 85 85
25 26 62 75
27 28 30 21
28 29 40 44
29 30 74 53
30 31 3 35
31 32 46 54
32 33 12 25
33 34 80 54
34 35 14 17
36 37 77 74
(1559, 1580)

Arvore 142
0 19 60 45
1 20 60 41
2 21 21 34
3 4 63 61
4 5 15 11
4 23 28 23
6 7 52 50
7 8 68 78
7 26 51 40
8 9 55 43
9 10 18 29
9 28 8 34
10 11 78 53
12 31 44 35
13 32 41 43
14 33 59 53
15 16 7 20
16 17 32 55
16 35 53 57
17 18 1 12
19 20 25 40
20 21 30 29
21 22 25 22
22 23 40 30
23 24 61 63
24 25 85 85
25 26 62 75
27 28 30 21
28 29 40 44
29 30 74 53
30 31 3 35
31 32 46 54
32 33 12 25
33 34 80 54
34 35 14 17
35 36 87 53
36 37 77 74
(1605, 1591)

Arvore 143
0 19 60 45
1 20 60 41
2 21 21 34
3 4 63 61
4 5 15 11
4 23 28 23
6 7 52 50
7 8 68 78
7 26 51 40
8 9 55 43
9 10 18 29
9 28 8 34
10 11 78 53
12 31 44 35
13 32 41 43
14 33 59 53
15 16 7 20
16 35 53 57
17 18 1 12
17 36 41 42
19 20 25 40
20 21 30 29
21 22 25 22
22 23 40 30
23 24 61 63
24 25 85 85
25 26 62 75
27 28 30 21
28 29 40 44
29 30 74 53
30 31 3 35
31 32 46 54
32 33 12 25
33 34 80 54
34 35 14 17
35 36 87 53
36 37 77 74
(1614, 1578)

Arvore 144
0 19 60 45
1 20 60 41
2 21 21 34
3 4 63 61
4 5 15 11
4 23 28 23
6 7 52 50
7 8 68 78
7 26 51 40
8 9 55 43
9 10 18 29
9 28 8 34
10 11 78 53
12 31 44 35
13 32 41 43
14 33 59 53
15 16 7 20
16 17 32 55
17 18 1 12
17 36 41 42
19 20 25 40
20 21 30 29
21 22 25 22
22 23 40 30
23 24 61 63
24 25 85 85
25 26 62 75
27 28 30 21
28 29 40 44
29 30 74 53
30 31 3 35
31 32 46 54
32 33 12 25
33 34 80 54
34 35 14 17
35 36 87 53
36 37 77 74
(1593, 1576)

Arvore 145
0 19 60 45
1 20 60 41
2 21 21 34
3 4 63 61
4 5 15 11
4 23 28 23
6 7 52 50
7 8 68 78
7 26 51 40
8 9 55 43
9 10 18 29
9 28 8 34
11 12 73 68
12 31 44 35
13 32 41 43
14 15 53 71
14 33 59 53
15 16 7 20
16 17 32 55
16 35 53 57
17 18 1 12
17 36 41 42
19 20 25 40
20 21 30 29
21 22 25 22
22 23 40 30
23 24 61 63
24 25 85 85
25 26 62 75
27 28 30 21
28 29 40 44
29 30 74 53
30 31 3 35
31 32 46 54
32 33 12 25
34 35 14 17
36 37 77 74
(1527, 1612)

Arvore 146
0 19 60 45
1 20 60 41
2 21 21 34
3 4 63 61
4 5 15 11
4 23 28 23
6 7 52 50
7 8 68 78
7 26 51 40
8 9 55 43
9 10 18 29
9 28 8 34
11 12 73 68
12 31 44 35
13 32 41 43
14 15 53 71
14 33 59 53
15 16 7 20
16 17 32 55
17 18 1 12
17 36 41 42
19 20 25 40
20 21 30 29
21 22 25 22
22 23 40 30
23 24 61 63
24 25 85 85
25 26 62 75
27 28 30 21
28 29 40 44
29 30 74 53
30 31 3 35
31 32 46 54
32 33 12 25
33 34 80 54
34 35 14 17
36 37 77 74
(1554, 1609)

Arvore 147
0 19 60 45
1 20 60 41
2 21 21 34
3 4 63 61
4 5 15 11
4 23 28 23
6 7 52 50
7 8 68 78
7 26 51 40
8 9 55 43
9 10 18 29
9 28 8 34
11 12 73 68
12 31 44 35
13 32 41 43
14 15 53 71
14 33 59 53
15 16 7 20
16 17 32 55
17 18 1 12
17 36 41 42
19 20 25 40
20 21 30 29
21 22 25 22
22 23 40 30
23 24 61 63
24 25 85 85
25 26 62 75
27 28 30 21
28 29 40 44
29 30 74 53
30 31 3 35
31 32 46 54
32 33 12 25
34 35 14 17
35 36 87 53
36 37 77 74
(1561, 1608)

Arvore 148
0 19 60 45
1 20 60 41
2 21 21 34
3 4 63 61
4 5 15 11
4 23 28 23
6 7 52 50
7 8 68 78
7 26 51 40
8 9 55 43
9 10 18 29
9 28 8 34
11 12 73 68
12 31 44 35
13 32 41 43
14 15 53 71
14 33 59 53
15 16 7 20
16 17 32 55
17 18 1 12
19 20 25 40
20 21 30 29
21 22 25 22
22 23 40 30
23 24 61 63
24 25 85 85
25 26 62 75
27 28 30 21
28 29 40 44
29 30 74 53
30 31 3 35
31 32 46 54
32 33 12 25
33 34 80 54
34 35 14 17
35 36 87 53
36 37 77 74
(1600, 1620)

Arvore 149
0 19 60 45
1 20 60 41
2 21 21 34
3 4 63 61
4 5 15 11
4 23 28 23
6 7 52 50
7 8 68 78
7 26 51 40
8 9 55 43
9 10 18 29
9 28 8 34
11 12 73 68
12 31 44 35
13 32 41 43
14 15 53 71
14 33 59 53
15 16 7 20
17 18 1 12
17 36 41 42
19 20 25 40
20 21 30 29
21 22 25 22
22 23 40 30
23 24 61 63
24 25 85 85
25 26 62 75
27 28 30 21
28 29 40 44
29 30 74 53
30 31 3 35
31 32 46 54
32 33 12 25
33 34 80 54
34 35 14 17
35 36 87 53
36 37 77 74
(1609, 1607)

Arvore 150
0 19 60 45
1 20 60 41
2 21 21 34
3 4 63 61
4 5 15 11
4 23 28 23
6 7 52 50
7 8 68 78
7 26 51 40
8 9 55 43
9 10 18 29
9 28 8 34
11 12 73 68
12 31 44 35
13 32 41 43
14 33 59 53
15 16 7 20
16 17 32 55
16 35 53 57
17 18 1 12
17 36 41 42
19 20 25 40
20 21 30 29
21 22 25 22
22 23 40 30
23 24 61 63
24 25 85 85
25 26 62 75
27 28 30 21
28 29 40 44
29 30 74 53
30 31 3 35
31 32 46 54
32 33 12 25
33 34 80 54
34 35 14 17
36 37 77 74
(1554, 1595)

Arvore 151
0 19 60 45
1 20 60 41
2 21 21 34
3 4 63 61
4 5 15 11
4 23 28 23
6 7 52 50
7 8 68 78
7 26 51 40
8 9 55 43
9 10 18 29
9 28 8 34
11 12 73 68
12 31 44 35
13 32 41 43
14 33 59 53
15 16 7 20
16 17 32 55
16 35 53 57
17 18 1 12
19 20 25 40
20 21 30 29
21 22 25 22
22 23 40 30
23 24 61 63
24 25 85 85
25 26 62 75
27 28 30 21
28 29 40 44
29 30 74 53
30 31 3 35
31 32 46 54
32 33 12 25
33 34 80 54
34 35 14 17
35 36 87 53
36 37 77 74
(1600, 1606)

Arvore 152
0 19 60 45
1 20 60 41
2 21 21 34
3 4 63 61
4 5 15 11
4 23 28 23
6 7 52 50
7 8 68 78
7 26 51 40
8 9 55 43
9 10 18 29
9 28 8 34
11 12 73 68
12 31 44 35
13 32 41 43
14 33 59 53
15 16 7 20
16 35 53 57
17 18 1 12
17 36 41 42
19 20 25 40
20 21 30 29
21 22 25 22
22 23 40 30
23 24 61 63
24 25 85 85
25 26 62 75
27 28 30 21
28 29 40 44
29 30 74 53
30 31 3 35
31 32 46 54
32 33 12 25
33 34 80 54
34 35 14 17
35 36 87 53
36 37 77 74
(1609, 1593)

Arvore 153
0 19 60 45
1 20 60 41
2 21 21 34
3 4 63 61
4 5 15 11
4 23 28 23
6 7 52 50
7 8 68 78
7 26 51 40
8 9 55 43
9 10 18 29
9 28 8 34
11 12 73 68
12 31 44 35
13 32 41 43
14 33 59 53
15 16 7 20
16 17 32 55
17 18 1 12
17 36 41 42
19 20 25 40
20 21 30 29
21 22 25 22
22 23 40 30
23 24 61 63
24 25 85 85
25 26 62 75
27 28 30 21
28 29 40 44
29 30 74 53
30 31 3 35
31 32 46 54
32 33 12 25
33 34 80 54
34 35 14 17
35 36 87 53
36 37 77 74
(1588, 1591)

Arvore 154
0 19 60 45
1 20 60 41
2 21 21 34
3 4 63 61
4 5 15 11
4 23 28 23
6 7 52 50
7 8 68 78
7 26 51 40
8 9 55 43
9 10 18 29
9 28 8 34
11 30 76 56
12 31 44 35
13 32 41 43
14 15 53 71
14 33 59 53
15 16 7 20
16 17 32 55
16 35 53 57
17 18 1 12
17 36 41 42
19 20 25 40
20 21 30 29
21 22 25 22
22 23 40 30
23 24 61 63
24 25 85 85
25 26 62 75
27 28 30 21
28 29 40 44
29 30 74 53
30 31 3 35
31 32 46 54
32 33 12 25
34 35 14 17
36 37 77 74
(1530, 1600)

Arvore 155
0 19 60 45
1 20 60 41
2 21 21 34
3 4 63 61
4 5 15 11
4 23 28 23
6 7 52 50
7 8 68 78
7 26 51 40
8 9 55 43
9 10 18 29
9 28 8 34
11 30 76 56
12 31 44 35
13 32 41 43
14 15 53 71
14 33 59 53
15 16 7 20
16 17 32 55
17 18 1 12
17 36 41 42
19 20 25 40
20 21 30 29
21 22 25 22
22 23 40 30
23 24 61 63
24 25 85 85
25 26 62 75
27 28 30 21
28 29 40 44
29 30 74 53
30 31 3 35
31 32 46 54
32 33 12 25
33 34 80 54
34 35 14 17
36 37 77 74
(1557, 1597)

Arvore 156
0 19 60 45
1 20 60 41
2 21 21 34
3 4 63 61
4 5 15 11
4 23 28 23
6 7 52 50
7 8 68 78
7 26 51 40
8 9 55 43
9 10 18 29
9 28 8 34
11 30 76 56
12 31 44 35
13 32 41 43
14 15 53 71
14 33 59 53
15 16 7 20
16 17 32 55
17 18 1 12
17 36 41 42
19 20 25 40
20 21 30 29
21 22 25 22
22 23 40 30
23 24 61 63
24 25 85 85
25 26 62 75
27 28 30 21
28 29 40 44
29 30 74 53
30 31 3 35
31 32 46 54
32 33 12 25
34 35 14 17
35 36 87 53
36 37 77 74
(1564, 1596)

Arvore 157
0 19 60 45
1 20 60 41
2 21 21 34
3 4 63 61
4 5 15 11
4 23 28 23
6 7 52 50
7 8 68 78
7 26 51 40
8 9 55 43
9 10 18 29
9 28 8 34
11 30 76 56
12 31 44 35
13 32 41 43
14 15 53 71
14 33 59 53
15 16 7 20
16 17 32 55
17 18 1 12
19 20 25 40
20 21 30 29
21 22 25 22
22 23 40 30
23 24 61 63
24 25 85 85
25 26 62 75
27 28 30 21
28 29 40 44
29 30 74 53
30 31 3 35
31 32 46 54
32 33 12 25
33 34 80 54
34 35 14 17
35 36 87 53
36 37 77 74
(1603, 1608)

Arvore 158
0 19 60 45
1 20 60 41
2 21 21 34
3 4 63 61
4 5 15 11
4 23 28 23
6 7 52 50
7 8 68 78
7 26 51 40
8 9 55 43
9 10 18 29
9 28 8 34
11 30 76 56
12 31 44 35
13 32 41 43
14 15 53 71
14 33 59 53
15 16 7 20
17 18 1 12
17 36 41 42
19 20 25 40
20 21 30 29
21 22 25 22
22 23 40 30
23 24 61 63
24 25 85 85
25 26 62 75
27 28 30 21
28 29 40 44
29 30 74 53
30 31 3 35
31 32 46 54
32 33 12 25
33 34 80 54
34 35 14 17
35 36 87 53
36 37 77 74
(1612, 1595)

Arvore 159
0 19 60 45
1 20 60 41
2 21 21 34
3 4 63 61
4 5 15 11
4 23 28 23
6 7 52 50
7 8 68 78
7 26 51 40
8 9 55 43
9 10 18 29
9 28 8 34
11 30 76 56
12 31 44 35
13 32 41 43
14 33 59 53
15 16 7 20
16 17 32 55
16 35 53 57
17 18 1 12
17 36 41 42
19 20 25 40
20 21 30 29
21 22 25 22
22 23 40 30
23 24 61 63
24 25 85 85
25 26 62 75
27 28 30 21
28 29 40 44
29 30 74 53
30 31 3 35
31 32 46 54
32 33 12 25
33 34 80 54
34 35 14 17
36 37 77 74
(1557, 1583)

Arvore 160
0 19 60 45
1 20 60 41
2 21 21 34
3 4 63 61
4 5 15 11
4 23 28 23
6 7 52 50
7 8 68 78
7 26 51 40
8 9 55 43
9 10 18 29
9 28 8 34
11 30 76 56
12 31 44 35
13 32 41 43
14 33 59 53
15 16 7 20
16 17 32 55
16 35 53 57
17 18 1 12
19 20 25 40
20 21 30 29
21 22 25 22
22 23 40 30
23 24 61 63
24 25 85 85
25 26 62 75
27 28 30 21
28 29 40 44
29 30 74 53
30 31 3 35
31 32 46 54
32 33 12 25
33 34 80 54
34 35 14 17
35 36 87 53
36 37 77 74
(1603, 1594)

Arvore 161
0 19 60 45
1 20 60 41
2 21 21 34
3 4 63 61
4 5 15 11
4 23 28 23
6 7 52 50
7 8 68 78
7 26 51 40
8 9 55 43
9 10 18 29
9 28 8 34
11 30 76 56
12 31 44 35
13 32 41 43
14 33 59 53
15 16 7 20
16 35 53 57
17 18 1 12
17 36 41 42
19 20 25 40
20 21 30 29
21 22 25 22
22 23 40 30
23 24 61 63
24 25 85 85
25 26 62 75
27 28 30 21
28 29 40 44
29 30 74 53
30 31 3 35
31 32 46 54
32 33 12 25
33 34 80 54
34 35 14 17
35 36 87 53
36 37 77 74
(1612, 1581)

Arvore 162
0 19 60 45
1 20 60 41
2 21 21 34
3 4 63 61
4 5 15 11
4 23 28 23
6 7 52 50
7 8 68 78
7 26 51 40
8 9 55 43
9 10 18 29
9 28 8 34
11 30 76 56
12 31 44 35
13 32 41 43
14 33 59 53
15 16 7 20
16 17 32 55
17 18 1 12
17 36 41 42
19 20 25 40
20 21 30 29
21 22 25 22
22 23 40 30
23 24 61 63
24 25 85 85
25 26 62 75
27 28 30 21
28 29 40 44
29 30 74 53
30 31 3 35
31 32 46 54
32 33 12 25
33 34 80 54
34 35 14 17
35 36 87 53
36 37 77 74
(1591, 1579)

Arvore 163
0 19 60 45
1 20 60 41
2 21 21 34
3 4 63 61
4 5 15 11
4 23 28 23
6 7 52 50
7 26 51 40
8 9 55 43
9 10 18 29
9 28 8 34
10 11 78 53
12 31 44 35
13 32 41 43
14 15 53 71
14 33 59 53
15 16 7 20
16 17 32 55
16 35 53 57
17 18 1 12
17 36 41 42
19 20 25 40
20 21 30 29
21 22 25 22
22 23 40 30
23 24 61 63
24 25 85 85
25 26 62 75
26 27 88 59
27 28 30 21
28 29 40 44
29 30 74 53
30 31 3 35
31 32 46 54
32 33 12 25
34 35 14 17
36 37 77 74
(1552, 1578)

Arvore 164
0 19 60 45
1 20 60 41
2 21 21 34
3 4 63 61
4 5 15 11
4 23 28 23
6 7 52 50
7 26 51 40
8 9 55 43
9 10 18 29
9 28 8 34
10 11 78 53
12 31 44 35
13 32 41 43
14 15 53 71
14 33 59 53
15 16 7 20
16 17 32 55
17 18 1 12
17 36 41 42
19 20 25 40
20 21 30 29
21 22 25 22
22 23 40 30
23 24 61 63
24 25 85 85
25 26 62 75
26 27 88 59
27 28 30 21
28 29 40 44
29 30 74 53
30 31 3 35
31 32 46 54
32 33 12 25
33 34 80 54
34 35 14 17
36 37 77 74
(1579, 1575)

Arvore 165
0 19 60 45
1 20 60 41
2 21 21 34
3 4 63 61
4 5 15 11
4 23 28 23
6 7 52 50
7 26 51 40
8 9 55 43
9 10 18 29
9 28 8 34
10 11 78 53
12 31 44 35
13 32 41 43
14 15 53 71
14 33 59 53
15 16 7 20
16 17 32 55
17 18 1 12
17 36 41 42
19 20 25 40
20 21 30 29
21 22 25 22
22 23 40 30
23 24 61 63
24 25 85 85
25 26 62 75
26 27 88 59
27 28 30 21
28 29 40 44
29 30 74 53
30 31 3 35
31 32 46 54
32 33 12 25
34 35 14 17
35 36 87 53
36 37 77 74
(1586, 1574)

Arvore 166
0 19 60 45
1 20 60 41
2 21 21 34
3 4 63 61
4 5 15 11
4 23 28 23
6 7 52 50
7 26 51 40
8 9 55 43
9 10 18 29
9 28 8 34
10 11 78 53
12 31 44 35
13 32 41 43
14 15 53 71
14 33 59 53
15 16 7 20
16 17 32 55
17 18 1 12
19 20 25 40
20 21 30 29
21 22 25 22
22 23 40 30
23 24 61 63
24 25 85 85
25 26 62 75
26 27 88 59
27 28 30 21
28 29 40 44
29 30 74 53
30 31 3 35
31 32 46 54
32 33 12 25
33 34 80 54
34 35 14 17
35 36 87 53
36 37 77 74
(1625, 1586)

Arvore 167
0 19 60 45
1 20 60 41
2 21 21 34
3 4 63 61
4 5 15 11
4 23 28 23
6 7 52 50
7 26 51 40
8 9 55 43
9 10 18 29
9 28 8 34
10 11 78 53
12 31 44 35
13 32 41 43
14 15 53 71
14 33 59 53
15 16 7 20
17 18 1 12
17 36 41 42
19 20 25 40
20 21 30 29
21 22 25 22
22 23 40 30
23 24 61 63
24 25 85 85
25 26 62 75
26 27 88 59
27 28 30 21
28 29 40 44
29 30 74 53
30 31 3 35
31 32 46 54
32 33 12 25
33 34 80 54
34 35 14 17
35 36 87 53
36 37 77 74
(1634, 1573)

Arvore 168
0 19 60 45
1 20 60 41
2 21 21 34
3 4 63 61
4 5 15 11
4 23 28 23
6 7 52 50
7 26 51 40
8 9 55 43
9 10 18 29
9 28 8 34
10 11 78 53
12 31 44 35
13 32 41 43
14 33 59 53
15 16 7 20
16 17 32 55
16 35 53 57
17 18 1 12
17 36 41 42
19 20 25 40
20 21 30 29
21 22 25 22
22 23 40 30
23 24 61 63
24 25 85 85
25 26 62 75
26 27 88 59
27 28 30 21
28 29 40 44
29 30 74 53
30 31 3 35
31 32 46 54
32 33 12 25
33 34 80 54
34 35 14 17
36 37 77 74
(1579, 1561)

Arvore 169
0 19 60 45
1 20 60 41
2 21 21 34
3 4 63 61
4 5 15 11
4 23 28 23
6 7 52 50
7 26 51 40
8 9 55 43
9 10 18 29
9 28 8 34
10 11 78 53
12 31 44 35
13 32 41 43
14 33 59 53
15 16 7 20
16 17 32 55
16 35 53 57
17 18 1 12
19 20 25 40
20 21 30 29
21 22 25 22
22 23 40 30
23 24 61 63
24 25 85 85
25 26 62 75
26 27 88 59
27 28 30 21
28 29 40 44
29 30 74 53
30 31 3 35
31 32 46 54
32 33 12 25
33 34 80 54
34 35 14 17
35 36 87 53
36 37 77 74
(1625, 1572)

Arvore 170
0 19 60 45
1 20 60 41
2 21 21 34
3 4 63 61
4 5 15 11
4 23 28 23
6 7 52 50
7 26 51 40
8 9 55 43
9 10 18 29
9 28 8 34
10 11 78 53
12 31 44 35
13 32 41 43
14 33 59 53
15 16 7 20
16 35 53 57
17 18 1 12
17 36 41 42
19 20 25 40
20 21 30 29
21 22 25 22
22 23 40 30
23 24 61 63
24 25 85 85
25 26 62 75
26 27 88 59
27 28 30 21
28 29 40 44
29 30 74 53
30 31 3 35
31 32 46 54
32 33 12 25
33 34 80 54
34 35 14 17
35 36 87 53
36 37 77 74
(1634, 1559)

Arvore 171
0 19 60 45
1 20 60 41
2 21 21 34
3 4 63 61
4 5 15 11
4 23 28 23
6 7 52 50
7 26 51 40
8 9 55 43
9 10 18 29
9 28 8 34
10 11 78 53
12 31 44 35
13 32 41 43
14 33 59 53
15 16 7 20
16 17 32 55
17 18 1 12
17 36 41 42
19 20 25 40
20 21 30 29
21 22 25 22
22 23 40 30
23 24 61 63
24 25 85 85
25 26 62 75
26 27 88 59
27 28 30 21
28 29 40 44
29 30 74 53
30 31 3 35
31 32 46 54
32 33 12 25
33 34 80 54
34 35 14 17
35 36 87 53
36 37 77 74
(1613, 1557)

Arvore 172
0 19 60 45
1 20 60 41
2 21 21 34
3 4 63 61
4 5 15 11
4 23 28 23
6 7 52 50
7 26 51 40
8 9 55 43
9 10 18 29
9 28 8 34
11 12 73 68
12 31 44 35
13 32 41 43
14 15 53 71
14 33 59 53
15 16 7 20
16 17 32 55
16 35 53 57
17 18 1 12
17 36 41 42
19 20 25 40
20 21 30 29
21 22 25 22
22 23 40 30
23 24 61 63
24 25 85 85
25 26 62 75
26 27 88 59
27 28 30 21
28 29 40 44
29 30 74 53
30 31 3 35
31 32 46 54
32 33 12 25
34 35 14 17
36 37 77 74
(1547, 1593)

Arvore 173
0 19 60 45
1 20 60 41
2 21 21 34
3 4 63 61
4 5 15 11
4 23 28 23
6 7 52 50
7 26 51 40
8 9 55 43
9 10 18 29
9 28 8 34
11 12 73 68
12 31 44 35
13 32 41 43
14 15 53 71
14 33 59 53
15 16 7 20
16 17 32 55
17 18 1 12
17 36 41 42
19 20 25 40
20 21 30 29
21 22 25 22
22 23 40 30
23 24 61 63
24 25 85 85
25 26 62 75
26 27 88 59
27 28 30 21
28 29 40 44
29 30 74 53
30 31 3 35
31 32 46 54
32 33 12 25
33 34 80 54
34 35 14 17
36 37 77 74
(1574, 1590)

Arvore 174
0 19 60 45
1 20 60 41
2 21 21 34
3 4 63 61
4 5 15 11
4 23 28 23
6 7 52 50
7 26 51 40
8 9 55 43
9 10 18 29
9 28 8 34
11 12 73 68
12 31 44 35
13 32 41 43
14 15 53 71
14 33 59 53
15 16 7 20
16 17 32 55
17 18 1 12
17 36 41 42
19 20 25 40
20 21 30 29
21 22 25 22
22 23 40 30
23 24 61 63
24 25 85 85
25 26 62 75
26 27 88 59
27 28 30 21
28 29 40 44
29 30 74 53
30 31 3 35
31 32 46 54
32 33 12 25
34 35 14 17
35 36 87 53
36 37 77 74
(1581, 1589)

Arvore 175
0 19 60 45
1 20 60 41
2 21 21 34
3 4 63 61
4 5 15 11
4 23 28 23
6 7 52 50
7 26 51 40
8 9 55 43
9 10 18 29
9 28 8 34
11 12 73 68
12 31 44 35
13 32 41 43
14 15 53 71
14 33 59 53
15 16 7 20
16 17 32 55
17 18 1 12
19 20 25 40
20 21 30 29
21 22 25 22
22 23 40 30
23 24 61 63
24 25 85 85
25 26 62 75
26 27 88 59
27 28 30 21
28 29 40 44
29 30 74 53
30 31 3 35
31 32 46 54
32 33 12 25
33 34 80 54
34 35 14 17
35 36 87 53
36 37 77 74
(1620, 1601)

Arvore 176
0 19 60 45
1 20 60 41
2 21 21 34
3 4 63 61
4 5 15 11
4 23 28 23
6 7 52 50
7 26 51 40
8 9 55 43
9 10 18 29
9 28 8 34
11 12 73 68
12 31 44 35
13 32 41 43
14 15 53 71
14 33 59 53
15 16 7 20
17 18 1 12
17 36 41 42
19 20 25 40
20 21 30 29
21 22 25 22
22 23 40 30
23 24 61 63
24 25 85 85
25 26 62 75
26 27 88 59
27 28 30 21
28 29 40 44
29 30 74 53
30 31 3 35
31 32 46 54
32 33 12 25
33 34 80 54
34 35 14 17
35 36 87 53
36 37 77 74
(1629, 1588)

Arvore 177
0 19 60 45
1 20 60 41
2 21 21 34
3 4 63 61
4 5 15 11
4 23 28 23
6 7 52 50
7 26 51 40
8 9 55 43
9 10 18 29
9 28 8 34
11 12 73 68
12 31 44 35
13 32 41 43
14 33 59 53
15 16 7 20
16 17 32 55
16 35 53 57
17 18 1 12
17 36 41 42
19 20 25 40
20 21 30 29
21 22 25 22
22 23 40 30
23 24 61 63
24 25 85 85
25 26 62 75
26 27 88 59
27 28 30 21
28 29 40 44
29 30 74 53
30 31 3 35
31 32 46 54
32 33 12 25
33 34 80 54
34 35 14 17
36 37 77 74
(1574, 1576)

Arvore 178
0 19 60 45
1 20 60 41
2 21 21 34
3 4 63 61
4 5 15 11
4 23 28 23
6 7 52 50
7 26 51 40
8 9 55 43
9 10 18 29
9 28 8 34
11 12 73 68
12 31 44 35
13 32 41 43
14 33 59 53
15 16 7 20
16 17 32 55
16 35 53 57
17 18 1 12
19 20 25 40
20 21 30 29
21 22 25 22
22 23 40 30
23 24 61 63
24 25 85 85
25 26 62 75
26 27 88 59
27 28 30 21
28 29 40 44
29 30 74 53
30 31 3 35
31 32 46 54
32 33 12 25
33 34 80 54
34 35 14 17
35 36 87 53
36 37 77 74
(1620, 1587)

Arvore 179
0 19 60 45
1 20 60 41
2 21 21 34
3 4 63 61
4 5 15 11
4 23 28 23
6 7 52 50
7 26 51 40
8 9 55 43
9 10 18 29
9 28 8 34
11 12 73 68
12 31 44 35
13 32 41 43
14 33 59 53
15 16 7 20
16 35 53 57
17 18 1 12
17 36 41 42
19 20 25 40
20 21 30 29
21 22 25 22
22 23 40 30
23 24 61 63
24 25 85 85
25 26 62 75
26 27 88 59
27 28 30 21
28 29 40 44
29 30 74 53
30 31 3 35
31 32 46 54
32 33 12 25
33 34 80 54
34 35 14 17
35 36 87 53
36 37 77 74
(1629, 1574)

Arvore 180
0 19 60 45
1 20 60 41
2 21 21 34
3 4 63 61
4 5 15 11
4 23 28 23
6 7 52 50
7 26 51 40
8 9 55 43
9 10 18 29
9 28 8 34
11 12 73 68
12 31 44 35
13 32 41 43
14 33 59 53
15 16 7 20
16 17 32 55
17 18 1 12
17 36 41 42
19 20 25 40
20 21 30 29
21 22 25 22
22 23 40 30
23 24 61 63
24 25 85 85
25 26 62 75
26 27 88 59
27 28 30 21
28 29 40 44
29 30 74 53
30 31 3 35
31 32 46 54
32 33 12 25
33 34 80 54
34 35 14 17
35 36 87 53
36 37 77 74
(1608, 1572)

Arvore 181
0 19 60 45
1 20 60 41
2 21 21 34
3 4 63 61
4 5 15 11
4 23 28 23
6 7 52 50
7 26 51 40
8 9 55 43
9 10 18 29
9 28 8 34
11 30 76 56
12 31 44 35
13 32 41 43
14 15 53 71
14 33 59 53
15 16 7 20
16 17 32 55
16 35 53 57
17 18 1 12
17 36 41 42
19 20 25 40
20 21 30 29
21 22 25 22
22 23 40 30
23 24 61 63
24 25 85 85
25 26 62 75
26 27 88 59
27 28 30 21
28 29 40 44
29 30 74 53
30 31 3 35
31 32 46 54
32 33 12 25
34 35 14 17
36 37 77 74
(1550, 1581)

Arvore 182
0 19 60 45
1 20 60 41
2 21 21 34
3 4 63 61
4 5 15 11
4 23 28 23
6 7 52 50
7 26 51 40
8 9 55 43
9 10 18 29
9 28 8 34
11 30 76 56
12 31 44 35
13 32 41 43
14 15 53 71
14 33 59 53
15 16 7 20
16 17 32 55
17 18 1 12
17 36 41 42
19 20 25 40
20 21 30 29
21 22 25 22
22 23 40 30
23 24 61 63
24 25 85 85
25 26 62 75
26 27 88 59
27 28 30 21
28 29 40 44
29 30 74 53
30 31 3 35
31 32 46 54
32 33 12 25
33 34 80 54
34 35 14 17
36 37 77 74
(1577, 1578)

Arvore 183
0 19 60 45
1 20 60 41
2 21 21 34
3 4 63 61
4 5 15 11
4 23 28 23
6 7 52 50
7 26 51 40
8 9 55 43
9 10 18 29
9 28 8 34
11 30 76 56
12 31 44 35
13 32 41 43
14 15 53 71
14 33 59 53
15 16 7 20
16 17 32 55
17 18 1 12
17 36 41 42
19 20 25 40
20 21 30 29
21 22 25 22
22 23 40 30
23 24 61 63
24 25 85 85
25 26 62 75
26 27 88 59
27 28 30 21
28 29 40 44
29 30 74 53
30 31 3 35
31 32 46 54
32 33 12 25
34 35 14 17
35 36 87 53
36 37 77 74
(1584, 1577)

Arvore 184
0 19 60 45
1 20 60 41
2 21 21 34
3 4 63 61
4 5 15 11
4 23 28 23
6 7 52 50
7 26 51 40
8 9 55 43
9 10 18 29
9 28 8 34
11 30 76 56
12 31 44 35
13 32 41 43
14 15 53 71
14 33 59 53
15 16 7 20
16 17 32 55
17 18 1 12
19 20 25 40
20 21 30 29
21 22 25 22
22 23 40 30
23 24 61 63
24 25 85 85
25 26 62 75
26 27 88 59
27 28 30 21
28 29 40 44
29 30 74 53
30 31 3 35
31 32 46 54
32 33 12 25
33 34 80 54
34 35 14 17
35 36 87 53
36 37 77 74
(1623, 1589)

Arvore 185
0 19 60 45
1 20 60 41
2 21 21 34
3 4 63 61
4 5 15 11
4 23 28 23
6 7 52 50
7 26 51 40
8 9 55 43
9 10 18 29
9 28 8 34
11 30 76 56
12 31 44 35
13 32 41 43
14 15 53 71
14 33 59 53
15 16 7 20
17 18 1 12
17 36 41 42
19 20 25 40
20 21 30 29
21 22 25 22
22 23 40 30
23 24 61 63
24 25 85 85
25 26 62 75
26 27 88 59
27 28 30 21
28 29 40 44
29 30 74 53
30 31 3 35
31 32 46 54
32 33 12 25
33 34 80 54
34 35 14 17
35 36 87 53
36 37 77 74
(1632, 1576)

Arvore 186
0 19 60 45
1 20 60 41
2 21 21 34
3 4 63 61
4 5 15 11
4 23 28 23
6 7 52 50
7 26 51 40
8 9 55 43
9 10 18 29
9 28 8 34
11 30 76 56
12 31 44 35
13 32 41 43
14 33 59 53
15 16 7 20
16 17 32 55
16 35 53 57
17 18 1 12
17 36 41 42
19 20 25 40
20 21 30 29
21 22 25 22
22 23 40 30
23 24 61 63
24 25 85 85
25 26 62 75
26 27 88 59
27 28 30 21
28 29 40 44
29 30 74 53
30 31 3 35
31 32 46 54
32 33 12 25
33 34 80 54
34 35 14 17
36 37 77 74
(1577, 1564)

Arvore 187
0 19 60 45
1 20 60 41
2 21 21 34
3 4 63 61
4 5 15 11
4 23 28 23
6 7 52 50
7 26 51 40
8 9 55 43
9 10 18 29
9 28 8 34
11 30 76 56
12 31 44 35
13 32 41 43
14 33 59 53
15 16 7 20
16 17 32 55
16 35 53 57
17 18 1 12
19 20 25 40
20 21 30 29
21 22 25 22
22 23 40 30
23 24 61 63
24 25 85 85
25 26 62 75
26 27 88 59
27 28 30 21
28 29 40 44
29 30 74 53
30 31 3 35
31 32 46 54
32 33 12 25
33 34 80 54
34 35 14 17
35 36 87 53
36 37 77 74
(1623, 1575)

Arvore 188
0 19 60 45
1 20 60 41
2 21 21 34
3 4 63 61
4 5 15 11
4 23 28 23
6 7 52 50
7 26 51 40
8 9 55 43
9 10 18 29
9 28 8 34
11 30 76 56
12 31 44 35
13 32 41 43
14 33 59 53
15 16 7 20
16 35 53 57
17 18 1 12
17 36 41 42
19 20 25 40
20 21 30 29
21 22 25 22
22 23 40 30
23 24 61 63
24 25 85 85
25 26 62 75
26 27 88 59
27 28 30 21
28 29 40 44
29 30 74 53
30 31 3 35
31 32 46 54
32 33 12 25
33 34 80 54
34 35 14 17
35 36 87 53
36 37 77 74
(1632, 1562)

Arvore 189
0 19 60 45
1 20 60 41
2 21 21 34
3 4 63 61
4 5 15 11
4 23 28 23
6 7 52 50
7 26 51 40
8 9 55 43
9 10 18 29
9 28 8 34
11 30 76 56
12 31 44 35
13 32 41 43
14 33 59 53
15 16 7 20
16 17 32 55
17 18 1 12
17 36 41 42
19 20 25 40
20 21 30 29
21 22 25 22
22 23 40 30
23 24 61 63
24 25 85 85
25 26 62 75
26 27 88 59
27 28 30 21
28 29 40 44
29 30 74 53
30 31 3 35
31 32 46 54
32 33 12 25
33 34 80 54
34 35 14 17
35 36 87 53
36 37 77 74
(1611, 1560)

