98
0.98
Arvore 1
0 10 21 29
1 2 14 37
1 11 52 50
2 3 15 34
3 4 9 15
3 13 50 33
5 15 55 35
6 7 72 56
6 16 16 26
7 8 22 24
7 17 50 30
8 9 37 48
8 18 90 55
9 19 71 69
10 11 16 16
10 20 44 33
12 13 14 27
12 22 31 40
14 15 4 14
15 16 29 36
16 26 51 42
18 28 50 67
20 21 16 46
22 32 17 43
23 24 18 14
23 33 1 35
24 25 18 38
24 34 5 22
25 26 53 37
25 35 33 25
26 27 62 70
28 29 37 27
28 38 17 25
30 31 23 53
31 32 27 18
32 33 0 13
35 36 58 38
37 38 9 12
38 39 86 58
(1293, 1390)

Arvore 2
0 10 21 29
1 2 14 37
1 11 52 50
2 3 15 34
3 4 9 15
3 13 50 33
5 15 55 35
6 7 72 56
6 16 16 26
7 8 22 24
7 17 50 30
8 9 37 48
8 18 90 55
9 19 71 69
10 11 16 16
10 20 44 33
12 13 14 27
12 22 31 40
14 15 4 14
15 16 29 36
16 26 51 42
18 28 50 67
20 21 16 46
22 32 17 43
23 24 18 14
23 33 1 35
24 25 18 38
24 34 5 22
25 26 53 37
25 35 33 25
27 37 73 67
28 29 37 27
28 38 17 25
30 31 23 53
31 32 27 18
32 33 0 13
35 36 58 38
37 38 9 12
38 39 86 58
(1304, 1387)

Arvore 3
0 10 21 29
1 2 14 37
1 11 52 50
2 3 15 34
3 4 9 15
3 13 50 33
5 15 55 35
6 7 72 56
6 16 16 26
7 8 22 24
7 17 50 30
8 9 37 48
8 18 90 55
10 11 16 16
10 20 44 33
12 13 14 27
12 22 31 40
14 15 4 14
15 16 29 36
16 26 51 42
18 28 50 67
19 29 76 56
20 21 16 46
22 32 17 43
23 24 18 14
23 33 1 35
24 25 18 38
24 34 5 22
25 26 53 37
25 35 33 25
26 27 62 70
28 29 37 27
28 38 17 25
30 31 23 53
31 32 27 18
32 33 0 13
35 36 58 38
37 38 9 12
38 39 86 58
(1298, 1377)

Arvore 4
0 10 21 29
1 2 14 37
1 11 52 50
2 3 15 34
3 4 9 15
3 13 50 33
5 15 55 35
6 7 72 56
6 16 16 26
7 8 22 24
7 17 50 30
8 9 37 48
8 18 90 55
10 11 16 16
10 20 44 33
12 13 14 27
12 22 31 40
14 15 4 14
15 16 29 36
16 26 51 42
18 28 50 67
19 29 76 56
20 21 16 46
22 32 17 43
23 24 18 14
23 33 1 35
24 25 18 38
24 34 5 22
25 26 53 37
25 35 33 25
27 37 73 67
28 29 37 27
28 38 17 25
30 31 23 53
31 32 27 18
32 33 0 13
35 36 58 38
37 38 9 12
38 39 86 58
(1309, 1374)

Arvore 5
0 10 21 29
1 2 14 37
1 11 52 50
2 3 15 34
3 4 9 15
3 13 50 33
5 15 55 35
6 7 72 56
6 16 16 26
7 8 22 24
7 17 50 30
8 9 37 48
9 19 71 69
10 11 16 16
10 20 44 33
12 13 14 27
12 22 31 40
14 15 4 14
15 16 29 36
16 26 51 42
17 18 71 62
18 28 50 67
20 21 16 46
22 32 17 43
23 24 18 14
23 33 1 35
24 25 18 38
24 34 5 22
25 26 53 37
25 35 33 25
26 27 62 70
28 29 37 27
28 38 17 25
30 31 23 53
31 32 27 18
32 33 0 13
35 36 58 38
37 38 9 12
38 39 86 58
(1274, 1397)

Arvore 6
0 10 21 29
1 2 14 37
1 11 52 50
2 3 15 34
3 4 9 15
3 13 50 33
5 15 55 35
6 7 72 56
6 16 16 26
7 8 22 24
7 17 50 30
8 9 37 48
9 19 71 69
10 11 16 16
10 20 44 33
12 13 14 27
12 22 31 40
14 15 4 14
15 16 29 36
16 26 51 42
17 18 71 62
18 28 50 67
20 21 16 46
22 32 17 43
23 24 18 14
23 33 1 35
24 25 18 38
24 34 5 22
25 26 53 37
25 35 33 25
27 37 73 67
28 29 37 27
28 38 17 25
30 31 23 53
31 32 27 18
32 33 0 13
35 36 58 38
37 38 9 12
38 39 86 58
(1285, 1394)

Arvore 7
0 10 21 29
1 2 14 37
1 11 52 50
2 3 15 34
3 4 9 15
3 13 50 33
5 15 55 35
6 7 72 56
6 16 16 26
7 8 22 24
7 17 50 30
8 9 37 48
10 11 16 16
10 20 44 33
12 13 14 27
12 22 31 40
14 15 4 14
15 16 29 36
16 26 51 42
17 18 71 62
18 28 50 67
19 29 76 56
20 21 16 46
22 32 17 43
23 24 18 14
23 33 1 35
24 25 18 38
24 34 5 22
25 26 53 37
25 35 33 25
26 27 62 70
28 29 37 27
28 38 17 25
30 31 23 53
31 32 27 18
32 33 0 13
35 36 58 38
37 38 9 12
38 39 86 58
(1279, 1384)

Arvore 8
0 10 21 29
1 2 14 37
1 11 52 50
2 3 15 34
3 4 9 15
3 13 50 33
5 15 55 35
6 7 72 56
6 16 16 26
7 8 22 24
7 17 50 30
8 9 37 48
10 11 16 16
10 20 44 33
12 13 14 27
12 22 31 40
14 15 4 14
15 16 29 36
16 26 51 42
17 18 71 62
18 28 50 67
19 29 76 56
20 21 16 46
22 32 17 43
23 24 18 14
23 33 1 35
24 25 18 38
24 34 5 22
25 26 53 37
25 35 33 25
27 37 73 67
28 29 37 27
28 38 17 25
30 31 23 53
31 32 27 18
32 33 0 13
35 36 58 38
37 38 9 12
38 39 86 58
(1290, 1381)

Arvore 9
0 10 21 29
1 2 14 37
1 11 52 50
2 3 15 34
3 4 9 15
3 13 50 33
5 15 55 35
6 16 16 26
7 8 22 24
7 17 50 30
8 9 37 48
8 18 90 55
9 19 71 69
10 11 16 16
10 20 44 33
12 13 14 27
12 22 31 40
14 15 4 14
15 16 29 36
16 17 64 77
16 26 51 42
18 28 50 67
20 21 16 46
22 32 17 43
23 24 18 14
23 33 1 35
24 25 18 38
24 34 5 22
25 26 53 37
25 35 33 25
26 27 62 70
28 29 37 27
28 38 17 25
30 31 23 53
31 32 27 18
32 33 0 13
35 36 58 38
37 38 9 12
38 39 86 58
(1285, 1411)

Arvore 10
0 10 21 29
1 2 14 37
1 11 52 50
2 3 15 34
3 4 9 15
3 13 50 33
5 15 55 35
6 16 16 26
7 8 22 24
7 17 50 30
8 9 37 48
8 18 90 55
10 11 16 16
10 20 44 33
12 13 14 27
12 22 31 40
14 15 4 14
15 16 29 36
16 17 64 77
16 26 51 42
18 28 50 67
19 29 76 56
20 21 16 46
22 32 17 43
23 24 18 14
23 33 1 35
24 25 18 38
24 34 5 22
25 26 53 37
25 35 33 25
26 27 62 70
28 29 37 27
28 38 17 25
30 31 23 53
31 32 27 18
32 33 0 13
35 36 58 38
37 38 9 12
38 39 86 58
(1290, 1398)

Arvore 11
0 10 21 29
1 2 14 37
1 11 52 50
2 3 15 34
3 4 9 15
3 13 50 33
5 15 55 35
6 16 16 26
7 8 22 24
7 17 50 30
8 9 37 48
9 19 71 69
10 11 16 16
10 20 44 33
12 13 14 27
12 22 31 40
14 15 4 14
15 16 29 36
16 17 64 77
16 26 51 42
17 18 71 62
18 28 50 67
20 21 16 46
22 32 17 43
23 24 18 14
23 33 1 35
24 25 18 38
24 34 5 22
25 26 53 37
25 35 33 25
26 27 62 70
28 29 37 27
28 38 17 25
30 31 23 53
31 32 27 18
32 33 0 13
35 36 58 38
37 38 9 12
38 39 86 58
(1266, 1418)

Arvore 12
0 10 21 29
1 2 14 37
1 11 52 50
2 3 15 34
3 4 9 15
3 13 50 33
5 15 55 35
6 16 16 26
7 8 22 24
7 17 50 30
8 9 37 48
10 11 16 16
10 20 44 33
12 13 14 27
12 22 31 40
14 15 4 14
15 16 29 36
16 17 64 77
16 26 51 42
17 18 71 62
18 28 50 67
19 29 76 56
20 21 16 46
22 32 17 43
23 24 18 14
23 33 1 35
24 25 18 38
24 34 5 22
25 26 53 37
25 35 33 25
26 27 62 70
28 29 37 27
28 38 17 25
30 31 23 53
31 32 27 18
32 33 0 13
35 36 58 38
37 38 9 12
38 39 86 58
(1271, 1405)

Arvore 13
0 10 21 29
1 2 14 37
1 11 52 50
2 3 15 34
3 4 9 15
3 13 50 33
5 6 45 57
6 7 72 56
6 16 16 26
7 8 22 24
7 17 50 30
8 9 37 48
8 18 90 55
9 19 71 69
10 11 16 16
10 20 44 33
12 13 14 27
12 22 31 40
14 15 4 14
15 16 29 36
16 26 51 42
18 28 50 67
20 21 16 46
22 32 17 43
23 24 18 14
23 33 1 35
24 25 18 38
24 34 5 22
25 26 53 37
25 35 33 25
26 27 62 70
28 29 37 27
28 38 17 25
30 31 23 53
31 32 27 18
32 33 0 13
35 36 58 38
37 38 9 12
38 39 86 58
(1283, 1412)

Arvore 14
0 10 21 29
1 2 14 37
1 11 52 50
2 3 15 34
3 4 9 15
3 13 50 33
5 6 45 57
6 7 72 56
6 16 16 26
7 8 22 24
7 17 50 30
8 9 37 48
8 18 90 55
9 19 71 69
10 11 16 16
10 20 44 33
12 13 14 27
12 22 31 40
14 15 4 14
15 16 29 36
16 26 51 42
18 28 50 67
20 21 16 46
22 32 17 43
23 24 18 14
23 33 1 35
24 25 18 38
24 34 5 22
25 26 53 37
25 35 33 25
27 37 73 67
28 29 37 27
28 38 17 25
30 31 23 53
31 32 27 18
32 33 0 13
35 36 58 38
37 38 9 12
38 39 86 58
(1294, 1409)

Arvore 15
0 10 21 29
1 2 14 37
1 11 52 50
2 3 15 34
3 4 9 15
3 13 50 33
5 6 45 57
6 7 72 56
6 16 16 26
7 8 22 24
7 17 50 30
8 9 37 48
8 18 90 55
10 11 16 16
10 20 44 33
12 13 14 27
12 22 31 40
14 15 4 14
15 16 29 36
16 26 51 42
18 28 50 67
19 29 76 56
20 21 16 46
22 32 17 43
23 24 18 14
23 33 1 35
24 25 18 38
24 34 5 22
25 26 53 37
25 35 33 25
26 27 62 70
28 29 37 27
28 38 17 25
30 31 23 53
31 32 27 18
32 33 0 13
35 36 58 38
37 38 9 12
38 39 86 58
(1288, 1399)

Arvore 16
0 10 21 29
1 2 14 37
1 11 52 50
2 3 15 34
3 4 9 15
3 13 50 33
5 6 45 57
6 7 72 56
6 16 16 26
7 8 22 24
7 17 50 30
8 9 37 48
8 18 90 55
10 11 16 16
10 20 44 33
12 13 14 27
12 22 31 40
14 15 4 14
15 16 29 36
16 26 51 42
18 28 50 67
19 29 76 56
20 21 16 46
22 32 17 43
23 24 18 14
23 33 1 35
24 25 18 38
24 34 5 22
25 26 53 37
25 35 33 25
27 37 73 67
28 29 37 27
28 38 17 25
30 31 23 53
31 32 27 18
32 33 0 13
35 36 58 38
37 38 9 12
38 39 86 58
(1299, 1396)

Arvore 17
0 10 21 29
1 2 14 37
1 11 52 50
2 3 15 34
3 4 9 15
3 13 50 33
5 6 45 57
6 7 72 56
6 16 16 26
7 8 22 24
7 17 50 30
8 9 37 48
9 19 71 69
10 11 16 16
10 20 44 33
12 13 14 27
12 22 31 40
14 15 4 14
15 16 29 36
16 26 51 42
17 18 71 62
18 28 50 67
20 21 16 46
22 32 17 43
23 24 18 14
23 33 1 35
24 25 18 38
24 34 5 22
25 26 53 37
25 35 33 25
26 27 62 70
28 29 37 27
28 38 17 25
30 31 23 53
31 32 27 18
32 33 0 13
35 36 58 38
37 38 9 12
38 39 86 58
(1264, 1419)

Arvore 18
0 10 21 29
1 2 14 37
1 11 52 50
2 3 15 34
3 4 9 15
3 13 50 33
5 6 45 57
6 7 72 56
6 16 16 26
7 8 22 24
7 17 50 30
8 9 37 48
9 19 71 69
10 11 16 16
10 20 44 33
12 13 14 27
12 22 31 40
14 15 4 14
15 16 29 36
16 26 51 42
17 18 71 62
18 28 50 67
20 21 16 46
22 32 17 43
23 24 18 14
23 33 1 35
24 25 18 38
24 34 5 22
25 26 53 37
25 35 33 25
27 37 73 67
28 29 37 27
28 38 17 25
30 31 23 53
31 32 27 18
32 33 0 13
35 36 58 38
37 38 9 12
38 39 86 58
(1275, 1416)

Arvore 19
0 10 21 29
1 2 14 37
1 11 52 50
2 3 15 34
3 4 9 15
3 13 50 33
5 6 45 57
6 7 72 56
6 16 16 26
7 8 22 24
7 17 50 30
8 9 37 48
10 11 16 16
10 20 44 33
12 13 14 27
12 22 31 40
14 15 4 14
15 16 29 36
16 26 51 42
17 18 71 62
18 28 50 67
19 29 76 56
20 21 16 46
22 32 17 43
23 24 18 14
23 33 1 35
24 25 18 38
24 34 5 22
25 26 53 37
25 35 33 25
26 27 62 70
28 29 37 27
28 38 17 25
30 31 23 53
31 32 27 18
32 33 0 13
35 36 58 38
37 38 9 12
38 39 86 58
(1269, 1406)

Arvore 20
0 10 21 29
1 2 14 37
1 11 52 50
2 3 15 34
3 4 9 15
3 13 50 33
5 6 45 57
6 7 72 56
6 16 16 26
7 8 22 24
7 17 50 30
8 9 37 48
10 11 16 16
10 20 44 33
12 13 14 27
12 22 31 40
14 15 4 14
15 16 29 36
16 26 51 42
17 18 71 62
18 28 50 67
19 29 76 56
20 21 16 46
22 32 17 43
23 24 18 14
23 33 1 35
24 25 18 38
24 34 5 22
25 26 53 37
25 35 33 25
27 37 73 67
28 29 37 27
28 38 17 25
30 31 23 53
31 32 27 18
32 33 0 13
35 36 58 38
37 38 9 12
38 39 86 58
(1280, 1403)

Arvore 21
0 10 21 29
1 2 14 37
1 11 52 50
2 3 15 34
3 4 9 15
3 13 50 33
5 6 45 57
6 16 16 26
7 8 22 24
7 17 50 30
8 9 37 48
8 18 90 55
9 19 71 69
10 11 16 16
10 20 44 33
12 13 14 27
12 22 31 40
14 15 4 14
15 16 29 36
16 17 64 77
16 26 51 42
18 28 50 67
20 21 16 46
22 32 17 43
23 24 18 14
23 33 1 35
24 25 18 38
24 34 5 22
25 26 53 37
25 35 33 25
26 27 62 70
28 29 37 27
28 38 17 25
30 31 23 53
31 32 27 18
32 33 0 13
35 36 58 38
37 38 9 12
38 39 86 58
(1275, 1433)

Arvore 22
0 10 21 29
1 2 14 37
1 11 52 50
2 3 15 34
3 4 9 15
3 13 50 33
5 6 45 57
6 16 16 26
7 8 22 24
7 17 50 30
8 9 37 48
8 18 90 55
10 11 16 16
10 20 44 33
12 13 14 27
12 22 31 40
14 15 4 14
15 16 29 36
16 17 64 77
16 26 51 42
18 28 50 67
19 29 76 56
20 21 16 46
22 32 17 43
23 24 18 14
23 33 1 35
24 25 18 38
24 34 5 22
25 26 53 37
25 35 33 25
26 27 62 70
28 29 37 27
28 38 17 25
30 31 23 53
31 32 27 18
32 33 0 13
35 36 58 38
37 38 9 12
38 39 86 58
(1280, 1420)

Arvore 23
0 10 21 29
1 2 14 37
1 11 52 50
2 3 15 34
3 4 9 15
3 13 50 33
5 6 45 57
6 16 16 26
7 8 22 24
7 17 50 30
8 9 37 48
9 19 71 69
10 11 16 16
10 20 44 33
12 13 14 27
12 22 31 40
14 15 4 14
15 16 29 36
16 17 64 77
16 26 51 42
17 18 71 62
18 28 50 67
20 21 16 46
22 32 17 43
23 24 18 14
23 33 1 35
24 25 18 38
24 34 5 22
25 26 53 37
25 35 33 25
26 27 62 70
28 29 37 27
28 38 17 25
30 31 23 53
31 32 27 18
32 33 0 13
35 36 58 38
37 38 9 12
38 39 86 58
(1256, 1440)

Arvore 24
0 10 21 29
1 2 14 37
1 11 52 50
2 3 15 34
3 4 9 15
3 13 50 33
5 6 45 57
6 16 16 26
7 8 22 24
7 17 50 30
8 9 37 48
10 11 16 16
10 20 44 33
12 13 14 27
12 22 31 40
14 15 4 14
15 16 29 36
16 17 64 77
16 26 51 42
17 18 71 62
18 28 50 67
19 29 76 56
20 21 16 46
22 32 17 43
23 24 18 14
23 33 1 35
24 25 18 38
24 34 5 22
25 26 53 37
25 35 33 25
26 27 62 70
28 29 37 27
28 38 17 25
30 31 23 53
31 32 27 18
32 33 0 13
35 36 58 38
37 38 9 12
38 39 86 58
(1261, 1427)

Arvore 25
0 10 21 29
1 2 14 37
1 11 52 50
2 3 15 34
3 4 9 15
3 13 50 33
5 6 45 57
6 7 72 56
6 16 16 26
7 8 22 24
7 17 50 30
8 9 37 48
8 18 90 55
9 19 71 69
10 11 16 16
10 20 44 33
12 13 14 27
12 22 31 40
14 15 4 14
15 16 29 36
16 26 51 42
18 28 50 67
20 21 16 46
20 30 51 57
22 32 17 43
23 24 18 14
23 33 1 35
24 25 18 38
24 34 5 22
25 26 53 37
25 35 33 25
26 27 62 70
28 29 37 27
28 38 17 25
30 31 23 53
32 33 0 13
35 36 58 38
37 38 9 12
38 39 86 58
(1307, 1451)

Arvore 26
0 10 21 29
1 2 14 37
1 11 52 50
2 3 15 34
3 4 9 15
3 13 50 33
5 6 45 57
6 7 72 56
6 16 16 26
7 8 22 24
7 17 50 30
8 9 37 48
8 18 90 55
9 19 71 69
10 11 16 16
10 20 44 33
12 13 14 27
12 22 31 40
14 15 4 14
15 16 29 36
16 26 51 42
18 28 50 67
20 21 16 46
20 30 51 57
22 32 17 43
23 24 18 14
23 33 1 35
24 25 18 38
24 34 5 22
25 26 53 37
25 35 33 25
27 37 73 67
28 29 37 27
28 38 17 25
30 31 23 53
32 33 0 13
35 36 58 38
37 38 9 12
38 39 86 58
(1318, 1448)

Arvore 27
0 10 21 29
1 2 14 37
1 11 52 50
2 3 15 34
3 4 9 15
3 13 50 33
5 6 45 57
6 7 72 56
6 16 16 26
7 8 22 24
7 17 50 30
8 9 37 48
8 18 90 55
10 11 16 16
10 20 44 33
12 13 14 27
12 22 31 40
14 15 4 14
15 16 29 36
16 26 51 42
18 28 50 67
19 29 76 56
20 21 16 46
20 30 51 57
22 32 17 43
23 24 18 14
23 33 1 35
24 25 18 38
24 34 5 22
25 26 53 37
25 35 33 25
26 27 62 70
28 29 37 27
28 38 17 25
30 31 23 53
32 33 0 13
35 36 58 38
37 38 9 12
38 39 86 58
(1312, 1438)

Arvore 28
0 10 21 29
1 2 14 37
1 11 52 50
2 3 15 34
3 4 9 15
3 13 50 33
5 6 45 57
6 7 72 56
6 16 16 26
7 8 22 24
7 17 50 30
8 9 37 48
8 18 90 55
10 11 16 16
10 20 44 33
12 13 14 27
12 22 31 40
14 15 4 14
15 16 29 36
16 26 51 42
18 28 50 67
19 29 76 56
20 21 16 46
20 30 51 57
22 32 17 43
23 24 18 14
23 33 1 35
24 25 18 38
24 34 5 22
25 26 53 37
25 35 33 25
27 37 73 67
28 29 37 27
28 38 17 25
30 31 23 53
32 33 0 13
35 36 58 38
37 38 9 12
38 39 86 58
(1323, 1435)

Arvore 29
0 10 21 29
1 2 14 37
1 11 52 50
2 3 15 34
3 4 9 15
3 13 50 33
5 6 45 57
6 7 72 56
6 16 16 26
7 8 22 24
7 17 50 30
8 9 37 48
9 19 71 69
10 11 16 16
10 20 44 33
12 13 14 27
12 22 31 40
14 15 4 14
15 16 29 36
16 26 51 42
17 18 71 62
18 28 50 67
20 21 16 46
20 30 51 57
22 32 17 43
23 24 18 14
23 33 1 35
24 25 18 38
24 34 5 22
25 26 53 37
25 35 33 25
26 27 62 70
28 29 37 27
28 38 17 25
30 31 23 53
32 33 0 13
35 36 58 38
37 38 9 12
38 39 86 58
(1288, 1458)

Arvore 30
0 10 21 29
1 2 14 37
1 11 52 50
2 3 15 34
3 4 9 15
3 13 50 33
5 6 45 57
6 7 72 56
6 16 16 26
7 8 22 24
7 17 50 30
8 9 37 48
9 19 71 69
10 11 16 16
10 20 44 33
12 13 14 27
12 22 31 40
14 15 4 14
15 16 29 36
16 26 51 42
17 18 71 62
18 28 50 67
20 21 16 46
20 30 51 57
22 32 17 43
23 24 18 14
23 33 1 35
24 25 18 38
24 34 5 22
25 26 53 37
25 35 33 25
27 37 73 67
28 29 37 27
28 38 17 25
30 31 23 53
32 33 0 13
35 36 58 38
37 38 9 12
38 39 86 58
(1299, 1455)

Arvore 31
0 10 21 29
1 2 14 37
1 11 52 50
2 3 15 34
3 4 9 15
3 13 50 33
5 6 45 57
6 7 72 56
6 16 16 26
7 8 22 24
7 17 50 30
8 9 37 48
10 11 16 16
10 20 44 33
12 13 14 27
12 22 31 40
14 15 4 14
15 16 29 36
16 26 51 42
17 18 71 62
18 28 50 67
19 29 76 56
20 21 16 46
20 30 51 57
22 32 17 43
23 24 18 14
23 33 1 35
24 25 18 38
24 34 5 22
25 26 53 37
25 35 33 25
26 27 62 70
28 29 37 27
28 38 17 25
30 31 23 53
32 33 0 13
35 36 58 38
37 38 9 12
38 39 86 58
(1293, 1445)

Arvore 32
0 10 21 29
1 2 14 37
1 11 52 50
2 3 15 34
3 4 9 15
3 13 50 33
5 6 45 57
6 7 72 56
6 16 16 26
7 8 22 24
7 17 50 30
8 9 37 48
10 11 16 16
10 20 44 33
12 13 14 27
12 22 31 40
14 15 4 14
15 16 29 36
16 26 51 42
17 18 71 62
18 28 50 67
19 29 76 56
20 21 16 46
20 30 51 57
22 32 17 43
23 24 18 14
23 33 1 35
24 25 18 38
24 34 5 22
25 26 53 37
25 35 33 25
27 37 73 67
28 29 37 27
28 38 17 25
30 31 23 53
32 33 0 13
35 36 58 38
37 38 9 12
38 39 86 58
(1304, 1442)

Arvore 33
0 10 21 29
1 2 14 37
1 11 52 50
2 3 15 34
3 4 9 15
3 13 50 33
5 6 45 57
6 16 16 26
7 8 22 24
7 17 50 30
8 9 37 48
8 18 90 55
9 19 71 69
10 11 16 16
10 20 44 33
12 13 14 27
12 22 31 40
14 15 4 14
15 16 29 36
16 17 64 77
16 26 51 42
18 28 50 67
20 21 16 46
20 30 51 57
22 32 17 43
23 24 18 14
23 33 1 35
24 25 18 38
24 34 5 22
25 26 53 37
25 35 33 25
26 27 62 70
28 29 37 27
28 38 17 25
30 31 23 53
32 33 0 13
35 36 58 38
37 38 9 12
38 39 86 58
(1299, 1472)

Arvore 34
0 10 21 29
1 2 14 37
1 11 52 50
2 3 15 34
3 4 9 15
3 13 50 33
5 6 45 57
6 16 16 26
7 8 22 24
7 17 50 30
8 9 37 48
8 18 90 55
10 11 16 16
10 20 44 33
12 13 14 27
12 22 31 40
14 15 4 14
15 16 29 36
16 17 64 77
16 26 51 42
18 28 50 67
19 29 76 56
20 21 16 46
20 30 51 57
22 32 17 43
23 24 18 14
23 33 1 35
24 25 18 38
24 34 5 22
25 26 53 37
25 35 33 25
26 27 62 70
28 29 37 27
28 38 17 25
30 31 23 53
32 33 0 13
35 36 58 38
37 38 9 12
38 39 86 58
(1304, 1459)

Arvore 35
0 10 21 29
1 2 14 37
1 11 52 50
2 3 15 34
3 4 9 15
3 13 50 33
5 6 45 57
6 16 16 26
7 8 22 24
7 17 50 30
8 9 37 48
9 19 71 69
10 11 16 16
10 20 44 33
12 13 14 27
12 22 31 40
14 15 4 14
15 16 29 36
16 17 64 77
16 26 51 42
17 18 71 62
18 28 50 67
20 21 16 46
20 30 51 57
22 32 17 43
23 24 18 14
23 33 1 35
24 25 18 38
24 34 5 22
25 26 53 37
25 35 33 25
26 27 62 70
28 29 37 27
28 38 17 25
30 31 23 53
32 33 0 13
35 36 58 38
37 38 9 12
38 39 86 58
(1280, 1479)

Arvore 36
0 10 21 29
1 2 14 37
1 11 52 50
2 3 15 34
3 4 9 15
3 13 50 33
5 6 45 57
6 16 16 26
7 8 22 24
7 17 50 30
8 9 37 48
10 11 16 16
10 20 44 33
12 13 14 27
12 22 31 40
14 15 4 14
15 16 29 36
16 17 64 77
16 26 51 42
17 18 71 62
18 28 50 67
19 29 76 56
20 21 16 46
20 30 51 57
22 32 17 43
23 24 18 14
23 33 1 35
24 25 18 38
24 34 5 22
25 26 53 37
25 35 33 25
26 27 62 70
28 29 37 27
28 38 17 25
30 31 23 53
32 33 0 13
35 36 58 38
37 38 9 12
38 39 86 58
(1285, 1466)

Arvore 37
0 10 21 29
1 2 14 37
1 11 52 50
2 3 15 34
3 4 9 15
3 13 50 33
5 15 55 35
6 7 72 56
6 16 16 26
7 8 22 24
7 17 50 30
8 9 37 48
8 18 90 55
9 19 71 69
10 11 16 16
10 20 44 33
12 13 14 27
12 22 31 40
14 15 4 14
15 16 29 36
16 26 51 42
18 28 50 67
20 21 16 46
20 30 51 57
22 32 17 43
23 24 18 14
23 33 1 35
24 25 18 38
24 34 5 22
25 26 53 37
25 35 33 25
26 27 62 70
28 29 37 27
28 38 17 25
30 31 23 53
32 33 0 13
35 36 58 38
37 38 9 12
38 39 86 58
(1317, 1429)

Arvore 38
0 10 21 29
1 2 14 37
1 11 52 50
2 3 15 34
3 4 9 15
3 13 50 33
5 15 55 35
6 7 72 56
6 16 16 26
7 8 22 24
7 17 50 30
8 9 37 48
8 18 90 55
9 19 71 69
10 11 16 16
10 20 44 33
12 13 14 27
12 22 31 40
14 15 4 14
15 16 29 36
16 26 51 42
18 28 50 67
20 21 16 46
20 30 51 57
22 32 17 43
23 24 18 14
23 33 1 35
24 25 18 38
24 34 5 22
25 26 53 37
25 35 33 25
27 37 73 67
28 29 37 27
28 38 17 25
30 31 23 53
32 33 0 13
35 36 58 38
37 38 9 12
38 39 86 58
(1328, 1426)

Arvore 39
0 10 21 29
1 2 14 37
1 11 52 50
2 3 15 34
3 4 9 15
3 13 50 33
5 15 55 35
6 7 72 56
6 16 16 26
7 8 22 24
7 17 50 30
8 9 37 48
8 18 90 55
10 11 16 16
10 20 44 33
12 13 14 27
12 22 31 40
14 15 4 14
15 16 29 36
16 26 51 42
18 28 50 67
19 29 76 56
20 21 16 46
20 30 51 57
22 32 17 43
23 24 18 14
23 33 1 35
24 25 18 38
24 34 5 22
25 26 53 37
25 35 33 25
26 27 62 70
28 29 37 27
28 38 17 25
30 31 23 53
32 33 0 13
35 36 58 38
37 38 9 12
38 39 86 58
(1322, 1416)

Arvore 40
0 10 21 29
1 2 14 37
1 11 52 50
2 3 15 34
3 4 9 15
3 13 50 33
5 15 55 35
6 7 72 56
6 16 16 26
7 8 22 24
7 17 50 30
8 9 37 48
8 18 90 55
10 11 16 16
10 20 44 33
12 13 14 27
12 22 31 40
14 15 4 14
15 16 29 36
16 26 51 42
18 28 50 67
19 29 76 56
20 21 16 46
20 30 51 57
22 32 17 43
23 24 18 14
23 33 1 35
24 25 18 38
24 34 5 22
25 26 53 37
25 35 33 25
27 37 73 67
28 29 37 27
28 38 17 25
30 31 23 53
32 33 0 13
35 36 58 38
37 38 9 12
38 39 86 58
(1333, 1413)

Arvore 41
0 10 21 29
1 2 14 37
1 11 52 50
2 3 15 34
3 4 9 15
3 13 50 33
5 15 55 35
6 7 72 56
6 16 16 26
7 8 22 24
7 17 50 30
8 9 37 48
9 19 71 69
10 11 16 16
10 20 44 33
12 13 14 27
12 22 31 40
14 15 4 14
15 16 29 36
16 26 51 42
17 18 71 62
18 28 50 67
20 21 16 46
20 30 51 57
22 32 17 43
23 24 18 14
23 33 1 35
24 25 18 38
24 34 5 22
25 26 53 37
25 35 33 25
26 27 62 70
28 29 37 27
28 38 17 25
30 31 23 53
32 33 0 13
35 36 58 38
37 38 9 12
38 39 86 58
(1298, 1436)

Arvore 42
0 10 21 29
1 2 14 37
1 11 52 50
2 3 15 34
3 4 9 15
3 13 50 33
5 15 55 35
6 7 72 56
6 16 16 26
7 8 22 24
7 17 50 30
8 9 37 48
9 19 71 69
10 11 16 16
10 20 44 33
12 13 14 27
12 22 31 40
14 15 4 14
15 16 29 36
16 26 51 42
17 18 71 62
18 28 50 67
20 21 16 46
20 30 51 57
22 32 17 43
23 24 18 14
23 33 1 35
24 25 18 38
24 34 5 22
25 26 53 37
25 35 33 25
27 37 73 67
28 29 37 27
28 38 17 25
30 31 23 53
32 33 0 13
35 36 58 38
37 38 9 12
38 39 86 58
(1309, 1433)

Arvore 43
0 10 21 29
1 2 14 37
1 11 52 50
2 3 15 34
3 4 9 15
3 13 50 33
5 15 55 35
6 7 72 56
6 16 16 26
7 8 22 24
7 17 50 30
8 9 37 48
10 11 16 16
10 20 44 33
12 13 14 27
12 22 31 40
14 15 4 14
15 16 29 36
16 26 51 42
17 18 71 62
18 28 50 67
19 29 76 56
20 21 16 46
20 30 51 57
22 32 17 43
23 24 18 14
23 33 1 35
24 25 18 38
24 34 5 22
25 26 53 37
25 35 33 25
26 27 62 70
28 29 37 27
28 38 17 25
30 31 23 53
32 33 0 13
35 36 58 38
37 38 9 12
38 39 86 58
(1303, 1423)

Arvore 44
0 10 21 29
1 2 14 37
1 11 52 50
2 3 15 34
3 4 9 15
3 13 50 33
5 15 55 35
6 7 72 56
6 16 16 26
7 8 22 24
7 17 50 30
8 9 37 48
10 11 16 16
10 20 44 33
12 13 14 27
12 22 31 40
14 15 4 14
15 16 29 36
16 26 51 42
17 18 71 62
18 28 50 67
19 29 76 56
20 21 16 46
20 30 51 57
22 32 17 43
23 24 18 14
23 33 1 35
24 25 18 38
24 34 5 22
25 26 53 37
25 35 33 25
27 37 73 67
28 29 37 27
28 38 17 25
30 31 23 53
32 33 0 13
35 36 58 38
37 38 9 12
38 39 86 58
(1314, 1420)

Arvore 45
0 10 21 29
1 2 14 37
1 11 52 50
2 3 15 34
3 4 9 15
3 13 50 33
5 15 55 35
6 16 16 26
7 8 22 24
7 17 50 30
8 9 37 48
8 18 90 55
9 19 71 69
10 11 16 16
10 20 44 33
12 13 14 27
12 22 31 40
14 15 4 14
15 16 29 36
16 17 64 77
16 26 51 42
18 28 50 67
20 21 16 46
20 30 51 57
22 32 17 43
23 24 18 14
23 33 1 35
24 25 18 38
24 34 5 22
25 26 53 37
25 35 33 25
26 27 62 70
28 29 37 27
28 38 17 25
30 31 23 53
32 33 0 13
35 36 58 38
37 38 9 12
38 39 86 58
(1309, 1450)

Arvore 46
0 10 21 29
1 2 14 37
1 11 52 50
2 3 15 34
3 4 9 15
3 13 50 33
5 15 55 35
6 16 16 26
7 8 22 24
7 17 50 30
8 9 37 48
8 18 90 55
10 11 16 16
10 20 44 33
12 13 14 27
12 22 31 40
14 15 4 14
15 16 29 36
16 17 64 77
16 26 51 42
18 28 50 67
19 29 76 56
20 21 16 46
20 30 51 57
22 32 17 43
23 24 18 14
23 33 1 35
24 25 18 38
24 34 5 22
25 26 53 37
25 35 33 25
26 27 62 70
28 29 37 27
28 38 17 25
30 31 23 53
32 33 0 13
35 36 58 38
37 38 9 12
38 39 86 58
(1314, 1437)

Arvore 47
0 10 21 29
1 2 14 37
1 11 52 50
2 3 15 34
3 4 9 15
3 13 50 33
5 15 55 35
6 16 16 26
7 8 22 24
7 17 50 30
8 9 37 48
9 19 71 69
10 11 16 16
10 20 44 33
12 13 14 27
12 22 31 40
14 15 4 14
15 16 29 36
16 17 64 77
16 26 51 42
17 18 71 62
18 28 50 67
20 21 16 46
20 30 51 57
22 32 17 43
23 24 18 14
23 33 1 35
24 25 18 38
24 34 5 22
25 26 53 37
25 35 33 25
26 27 62 70
28 29 37 27
28 38 17 25
30 31 23 53
32 33 0 13
35 36 58 38
37 38 9 12
38 39 86 58
(1290, 1457)

Arvore 48
0 10 21 29
1 2 14 37
1 11 52 50
2 3 15 34
3 4 9 15
3 13 50 33
5 15 55 35
6 16 16 26
7 8 22 24
7 17 50 30
8 9 37 48
10 11 16 16
10 20 44 33
12 13 14 27
12 22 31 40
14 15 4 14
15 16 29 36
16 17 64 77
16 26 51 42
17 18 71 62
18 28 50 67
19 29 76 56
20 21 16 46
20 30 51 57
22 32 17 43
23 24 18 14
23 33 1 35
24 25 18 38
24 34 5 22
25 26 53 37
25 35 33 25
26 27 62 70
28 29 37 27
28 38 17 25
30 31 23 53
32 33 0 13
35 36 58 38
37 38 9 12
38 39 86 58
(1295, 1444)

Arvore 49
0 10 21 29
1 2 14 37
1 11 52 50
2 3 15 34
3 4 9 15
3 13 50 33
5 6 45 57
6 7 72 56
6 16 16 26
7 8 22 24
7 17 50 30
8 9 37 48
8 18 90 55
9 19 71 69
10 11 16 16
10 20 44 33
12 13 14 27
12 22 31 40
14 15 4 14
15 16 29 36
16 26 51 42
18 28 50 67
20 21 16 46
20 30 51 57
22 32 17 43
23 24 18 14
23 33 1 35
24 25 18 38
24 34 5 22
25 26 53 37
25 35 33 25
26 27 62 70
28 29 37 27
28 38 17 25
31 32 27 18
32 33 0 13
35 36 58 38
37 38 9 12
38 39 86 58
(1311, 1416)

Arvore 50
0 10 21 29
1 2 14 37
1 11 52 50
2 3 15 34
3 4 9 15
3 13 50 33
5 6 45 57
6 7 72 56
6 16 16 26
7 8 22 24
7 17 50 30
8 9 37 48
8 18 90 55
9 19 71 69
10 11 16 16
10 20 44 33
12 13 14 27
12 22 31 40
14 15 4 14
15 16 29 36
16 26 51 42
18 28 50 67
20 21 16 46
20 30 51 57
22 32 17 43
23 24 18 14
23 33 1 35
24 25 18 38
24 34 5 22
25 26 53 37
25 35 33 25
27 37 73 67
28 29 37 27
28 38 17 25
31 32 27 18
32 33 0 13
35 36 58 38
37 38 9 12
38 39 86 58
(1322, 1413)

Arvore 51
0 10 21 29
1 2 14 37
1 11 52 50
2 3 15 34
3 4 9 15
3 13 50 33
5 6 45 57
6 7 72 56
6 16 16 26
7 8 22 24
7 17 50 30
8 9 37 48
8 18 90 55
10 11 16 16
10 20 44 33
12 13 14 27
12 22 31 40
14 15 4 14
15 16 29 36
16 26 51 42
18 28 50 67
19 29 76 56
20 21 16 46
20 30 51 57
22 32 17 43
23 24 18 14
23 33 1 35
24 25 18 38
24 34 5 22
25 26 53 37
25 35 33 25
26 27 62 70
28 29 37 27
28 38 17 25
31 32 27 18
32 33 0 13
35 36 58 38
37 38 9 12
38 39 86 58
(1316, 1403)

Arvore 52
0 10 21 29
1 2 14 37
1 11 52 50
2 3 15 34
3 4 9 15
3 13 50 33
5 6 45 57
6 7 72 56
6 16 16 26
7 8 22 24
7 17 50 30
8 9 37 48
8 18 90 55
10 11 16 16
10 20 44 33
12 13 14 27
12 22 31 40
14 15 4 14
15 16 29 36
16 26 51 42
18 28 50 67
19 29 76 56
20 21 16 46
20 30 51 57
22 32 17 43
23 24 18 14
23 33 1 35
24 25 18 38
24 34 5 22
25 26 53 37
25 35 33 25
27 37 73 67
28 29 37 27
28 38 17 25
31 32 27 18
32 33 0 13
35 36 58 38
37 38 9 12
38 39 86 58
(1327, 1400)

Arvore 53
0 10 21 29
1 2 14 37
1 11 52 50
2 3 15 34
3 4 9 15
3 13 50 33
5 6 45 57
6 7 72 56
6 16 16 26
7 8 22 24
7 17 50 30
8 9 37 48
9 19 71 69
10 11 16 16
10 20 44 33
12 13 14 27
12 22 31 40
14 15 4 14
15 16 29 36
16 26 51 42
17 18 71 62
18 28 50 67
20 21 16 46
20 30 51 57
22 32 17 43
23 24 18 14
23 33 1 35
24 25 18 38
24 34 5 22
25 26 53 37
25 35 33 25
26 27 62 70
28 29 37 27
28 38 17 25
31 32 27 18
32 33 0 13
35 36 58 38
37 38 9 12
38 39 86 58
(1292, 1423)

Arvore 54
0 10 21 29
1 2 14 37
1 11 52 50
2 3 15 34
3 4 9 15
3 13 50 33
5 6 45 57
6 7 72 56
6 16 16 26
7 8 22 24
7 17 50 30
8 9 37 48
9 19 71 69
10 11 16 16
10 20 44 33
12 13 14 27
12 22 31 40
14 15 4 14
15 16 29 36
16 26 51 42
17 18 71 62
18 28 50 67
20 21 16 46
20 30 51 57
22 32 17 43
23 24 18 14
23 33 1 35
24 25 18 38
24 34 5 22
25 26 53 37
25 35 33 25
27 37 73 67
28 29 37 27
28 38 17 25
31 32 27 18
32 33 0 13
35 36 58 38
37 38 9 12
38 39 86 58
(1303, 1420)

Arvore 55
0 10 21 29
1 2 14 37
1 11 52 50
2 3 15 34
3 4 9 15
3 13 50 33
5 6 45 57
6 7 72 56
6 16 16 26
7 8 22 24
7 17 50 30
8 9 37 48
10 11 16 16
10 20 44 33
12 13 14 27
12 22 31 40
14 15 4 14
15 16 29 36
16 26 51 42
17 18 71 62
18 28 50 67
19 29 76 56
20 21 16 46
20 30 51 57
22 32 17 43
23 24 18 14
23 33 1 35
24 25 18 38
24 34 5 22
25 26 53 37
25 35 33 25
26 27 62 70
28 29 37 27
28 38 17 25
31 32 27 18
32 33 0 13
35 36 58 38
37 38 9 12
38 39 86 58
(1297, 1410)

Arvore 56
0 10 21 29
1 2 14 37
1 11 52 50
2 3 15 34
3 4 9 15
3 13 50 33
5 6 45 57
6 7 72 56
6 16 16 26
7 8 22 24
7 17 50 30
8 9 37 48
10 11 16 16
10 20 44 33
12 13 14 27
12 22 31 40
14 15 4 14
15 16 29 36
16 26 51 42
17 18 71 62
18 28 50 67
19 29 76 56
20 21 16 46
20 30 51 57
22 32 17 43
23 24 18 14
23 33 1 35
24 25 18 38
24 34 5 22
25 26 53 37
25 35 33 25
27 37 73 67
28 29 37 27
28 38 17 25
31 32 27 18
32 33 0 13
35 36 58 38
37 38 9 12
38 39 86 58
(1308, 1407)

Arvore 57
0 10 21 29
1 2 14 37
1 11 52 50
2 3 15 34
3 4 9 15
3 13 50 33
5 6 45 57
6 16 16 26
7 8 22 24
7 17 50 30
8 9 37 48
8 18 90 55
9 19 71 69
10 11 16 16
10 20 44 33
12 13 14 27
12 22 31 40
14 15 4 14
15 16 29 36
16 17 64 77
16 26 51 42
18 28 50 67
20 21 16 46
20 30 51 57
22 32 17 43
23 24 18 14
23 33 1 35
24 25 18 38
24 34 5 22
25 26 53 37
25 35 33 25
26 27 62 70
28 29 37 27
28 38 17 25
31 32 27 18
32 33 0 13
35 36 58 38
37 38 9 12
38 39 86 58
(1303, 1437)

Arvore 58
0 10 21 29
1 2 14 37
1 11 52 50
2 3 15 34
3 4 9 15
3 13 50 33
5 6 45 57
6 16 16 26
7 8 22 24
7 17 50 30
8 9 37 48
8 18 90 55
10 11 16 16
10 20 44 33
12 13 14 27
12 22 31 40
14 15 4 14
15 16 29 36
16 17 64 77
16 26 51 42
18 28 50 67
19 29 76 56
20 21 16 46
20 30 51 57
22 32 17 43
23 24 18 14
23 33 1 35
24 25 18 38
24 34 5 22
25 26 53 37
25 35 33 25
26 27 62 70
28 29 37 27
28 38 17 25
31 32 27 18
32 33 0 13
35 36 58 38
37 38 9 12
38 39 86 58
(1308, 1424)

Arvore 59
0 10 21 29
1 2 14 37
1 11 52 50
2 3 15 34
3 4 9 15
3 13 50 33
5 6 45 57
6 16 16 26
7 8 22 24
7 17 50 30
8 9 37 48
9 19 71 69
10 11 16 16
10 20 44 33
12 13 14 27
12 22 31 40
14 15 4 14
15 16 29 36
16 17 64 77
16 26 51 42
17 18 71 62
18 28 50 67
20 21 16 46
20 30 51 57
22 32 17 43
23 24 18 14
23 33 1 35
24 25 18 38
24 34 5 22
25 26 53 37
25 35 33 25
26 27 62 70
28 29 37 27
28 38 17 25
31 32 27 18
32 33 0 13
35 36 58 38
37 38 9 12
38 39 86 58
(1284, 1444)

Arvore 60
0 10 21 29
1 2 14 37
1 11 52 50
2 3 15 34
3 4 9 15
3 13 50 33
5 6 45 57
6 16 16 26
7 8 22 24
7 17 50 30
8 9 37 48
10 11 16 16
10 20 44 33
12 13 14 27
12 22 31 40
14 15 4 14
15 16 29 36
16 17 64 77
16 26 51 42
17 18 71 62
18 28 50 67
19 29 76 56
20 21 16 46
20 30 51 57
22 32 17 43
23 24 18 14
23 33 1 35
24 25 18 38
24 34 5 22
25 26 53 37
25 35 33 25
26 27 62 70
28 29 37 27
28 38 17 25
31 32 27 18
32 33 0 13
35 36 58 38
37 38 9 12
38 39 86 58
(1289, 1431)

Arvore 61
0 10 21 29
1 2 14 37
1 11 52 50
2 3 15 34
3 4 9 15
3 13 50 33
5 15 55 35
6 7 72 56
6 16 16 26
7 8 22 24
7 17 50 30
8 9 37 48
8 18 90 55
9 19 71 69
10 11 16 16
10 20 44 33
12 13 14 27
12 22 31 40
14 15 4 14
15 16 29 36
16 26 51 42
18 28 50 67
20 21 16 46
20 30 51 57
22 32 17 43
23 24 18 14
23 33 1 35
24 25 18 38
24 34 5 22
25 26 53 37
25 35 33 25
26 27 62 70
28 29 37 27
28 38 17 25
31 32 27 18
32 33 0 13
35 36 58 38
37 38 9 12
38 39 86 58
(1321, 1394)

Arvore 62
0 10 21 29
1 2 14 37
1 11 52 50
2 3 15 34
3 4 9 15
3 13 50 33
5 15 55 35
6 7 72 56
6 16 16 26
7 8 22 24
7 17 50 30
8 9 37 48
8 18 90 55
9 19 71 69
10 11 16 16
10 20 44 33
12 13 14 27
12 22 31 40
14 15 4 14
15 16 29 36
16 26 51 42
18 28 50 67
20 21 16 46
20 30 51 57
22 32 17 43
23 24 18 14
23 33 1 35
24 25 18 38
24 34 5 22
25 26 53 37
25 35 33 25
27 37 73 67
28 29 37 27
28 38 17 25
31 32 27 18
32 33 0 13
35 36 58 38
37 38 9 12
38 39 86 58
(1332, 1391)

Arvore 63
0 10 21 29
1 2 14 37
1 11 52 50
2 3 15 34
3 4 9 15
3 13 50 33
5 15 55 35
6 7 72 56
6 16 16 26
7 8 22 24
7 17 50 30
8 9 37 48
8 18 90 55
10 11 16 16
10 20 44 33
12 13 14 27
12 22 31 40
14 15 4 14
15 16 29 36
16 26 51 42
18 28 50 67
19 29 76 56
20 21 16 46
20 30 51 57
22 32 17 43
23 24 18 14
23 33 1 35
24 25 18 38
24 34 5 22
25 26 53 37
25 35 33 25
26 27 62 70
28 29 37 27
28 38 17 25
31 32 27 18
32 33 0 13
35 36 58 38
37 38 9 12
38 39 86 58
(1326, 1381)

Arvore 64
0 10 21 29
1 2 14 37
1 11 52 50
2 3 15 34
3 4 9 15
3 13 50 33
5 15 55 35
6 7 72 56
6 16 16 26
7 8 22 24
7 17 50 30
8 9 37 48
8 18 90 55
10 11 16 16
10 20 44 33
12 13 14 27
12 22 31 40
14 15 4 14
15 16 29 36
16 26 51 42
18 28 50 67
19 29 76 56
20 21 16 46
20 30 51 57
22 32 17 43
23 24 18 14
23 33 1 35
24 25 18 38
24 34 5 22
25 26 53 37
25 35 33 25
27 37 73 67
28 29 37 27
28 38 17 25
31 32 27 18
32 33 0 13
35 36 58 38
37 38 9 12
38 39 86 58
(1337, 1378)

Arvore 65
0 10 21 29
1 2 14 37
1 11 52 50
2 3 15 34
3 4 9 15
3 13 50 33
5 15 55 35
6 7 72 56
6 16 16 26
7 8 22 24
7 17 50 30
8 9 37 48
9 19 71 69
10 11 16 16
10 20 44 33
12 13 14 27
12 22 31 40
14 15 4 14
15 16 29 36
16 26 51 42
17 18 71 62
18 28 50 67
20 21 16 46
20 30 51 57
22 32 17 43
23 24 18 14
23 33 1 35
24 25 18 38
24 34 5 22
25 26 53 37
25 35 33 25
26 27 62 70
28 29 37 27
28 38 17 25
31 32 27 18
32 33 0 13
35 36 58 38
37 38 9 12
38 39 86 58
(1302, 1401)

Arvore 66
0 10 21 29
1 2 14 37
1 11 52 50
2 3 15 34
3 4 9 15
3 13 50 33
5 15 55 35
6 7 72 56
6 16 16 26
7 8 22 24
7 17 50 30
8 9 37 48
9 19 71 69
10 11 16 16
10 20 44 33
12 13 14 27
12 22 31 40
14 15 4 14
15 16 29 36
16 26 51 42
17 18 71 62
18 28 50 67
20 21 16 46
20 30 51 57
22 32 17 43
23 24 18 14
23 33 1 35
24 25 18 38
24 34 5 22
25 26 53 37
25 35 33 25
27 37 73 67
28 29 37 27
28 38 17 25
31 32 27 18
32 33 0 13
35 36 58 38
37 38 9 12
38 39 86 58
(1313, 1398)

Arvore 67
0 10 21 29
1 2 14 37
1 11 52 50
2 3 15 34
3 4 9 15
3 13 50 33
5 15 55 35
6 7 72 56
6 16 16 26
7 8 22 24
7 17 50 30
8 9 37 48
10 11 16 16
10 20 44 33
12 13 14 27
12 22 31 40
14 15 4 14
15 16 29 36
16 26 51 42
17 18 71 62
18 28 50 67
19 29 76 56
20 21 16 46
20 30 51 57
22 32 17 43
23 24 18 14
23 33 1 35
24 25 18 38
24 34 5 22
25 26 53 37
25 35 33 25
26 27 62 70
28 29 37 27
28 38 17 25
31 32 27 18
32 33 0 13
35 36 58 38
37 38 9 12
38 39 86 58
(1307, 1388)

Arvore 68
0 10 21 29
1 2 14 37
1 11 52 50
2 3 15 34
3 4 9 15
3 13 50 33
5 15 55 35
6 7 72 56
6 16 16 26
7 8 22 24
7 17 50 30
8 9 37 48
10 11 16 16
10 20 44 33
12 13 14 27
12 22 31 40
14 15 4 14
15 16 29 36
16 26 51 42
17 18 71 62
18 28 50 67
19 29 76 56
20 21 16 46
20 30 51 57
22 32 17 43
23 24 18 14
23 33 1 35
24 25 18 38
24 34 5 22
25 26 53 37
25 35 33 25
27 37 73 67
28 29 37 27
28 38 17 25
31 32 27 18
32 33 0 13
35 36 58 38
37 38 9 12
38 39 86 58
(1318, 1385)

Arvore 69
0 10 21 29
1 2 14 37
1 11 52 50
2 3 15 34
3 4 9 15
3 13 50 33
5 15 55 35
6 16 16 26
7 8 22 24
7 17 50 30
8 9 37 48
8 18 90 55
9 19 71 69
10 11 16 16
10 20 44 33
12 13 14 27
12 22 31 40
14 15 4 14
15 16 29 36
16 17 64 77
16 26 51 42
18 28 50 67
20 21 16 46
20 30 51 57
22 32 17 43
23 24 18 14
23 33 1 35
24 25 18 38
24 34 5 22
25 26 53 37
25 35 33 25
26 27 62 70
28 29 37 27
28 38 17 25
31 32 27 18
32 33 0 13
35 36 58 38
37 38 9 12
38 39 86 58
(1313, 1415)

Arvore 70
0 10 21 29
1 2 14 37
1 11 52 50
2 3 15 34
3 4 9 15
3 13 50 33
5 15 55 35
6 16 16 26
7 8 22 24
7 17 50 30
8 9 37 48
8 18 90 55
10 11 16 16
10 20 44 33
12 13 14 27
12 22 31 40
14 15 4 14
15 16 29 36
16 17 64 77
16 26 51 42
18 28 50 67
19 29 76 56
20 21 16 46
20 30 51 57
22 32 17 43
23 24 18 14
23 33 1 35
24 25 18 38
24 34 5 22
25 26 53 37
25 35 33 25
26 27 62 70
28 29 37 27
28 38 17 25
31 32 27 18
32 33 0 13
35 36 58 38
37 38 9 12
38 39 86 58
(1318, 1402)

Arvore 71
0 10 21 29
1 2 14 37
1 11 52 50
2 3 15 34
3 4 9 15
3 13 50 33
5 15 55 35
6 16 16 26
7 8 22 24
7 17 50 30
8 9 37 48
9 19 71 69
10 11 16 16
10 20 44 33
12 13 14 27
12 22 31 40
14 15 4 14
15 16 29 36
16 17 64 77
16 26 51 42
17 18 71 62
18 28 50 67
20 21 16 46
20 30 51 57
22 32 17 43
23 24 18 14
23 33 1 35
24 25 18 38
24 34 5 22
25 26 53 37
25 35 33 25
26 27 62 70
28 29 37 27
28 38 17 25
31 32 27 18
32 33 0 13
35 36 58 38
37 38 9 12
38 39 86 58
(1294, 1422)

Arvore 72
0 10 21 29
1 2 14 37
1 11 52 50
2 3 15 34
3 4 9 15
3 13 50 33
5 15 55 35
6 16 16 26
7 8 22 24
7 17 50 30
8 9 37 48
10 11 16 16
10 20 44 33
12 13 14 27
12 22 31 40
14 15 4 14
15 16 29 36
16 17 64 77
16 26 51 42
17 18 71 62
18 28 50 67
19 29 76 56
20 21 16 46
20 30 51 57
22 32 17 43
23 24 18 14
23 33 1 35
24 25 18 38
24 34 5 22
25 26 53 37
25 35 33 25
26 27 62 70
28 29 37 27
28 38 17 25
31 32 27 18
32 33 0 13
35 36 58 38
37 38 9 12
38 39 86 58
(1299, 1409)

Arvore 73
0 10 21 29
1 2 14 37
1 11 52 50
2 3 15 34
3 4 9 15
3 13 50 33
5 6 45 57
6 7 72 56
6 16 16 26
7 8 22 24
7 17 50 30
8 9 37 48
8 18 90 55
9 19 71 69
10 11 16 16
10 20 44 33
12 13 14 27
14 15 4 14
15 16 29 36
16 26 51 42
18 28 50 67
20 21 16 46
20 30 51 57
22 32 17 43
23 24 18 14
23 33 1 35
24 25 18 38
24 34 5 22
25 26 53 37
25 35 33 25
26 27 62 70
28 29 37 27
28 38 17 25
30 31 23 53
31 32 27 18
32 33 0 13
35 36 58 38
37 38 9 12
38 39 86 58
(1303, 1429)

Arvore 74
0 10 21 29
1 2 14 37
1 11 52 50
2 3 15 34
3 4 9 15
3 13 50 33
5 6 45 57
6 7 72 56
6 16 16 26
7 8 22 24
7 17 50 30
8 9 37 48
8 18 90 55
9 19 71 69
10 11 16 16
10 20 44 33
12 13 14 27
14 15 4 14
15 16 29 36
16 26 51 42
18 28 50 67
20 21 16 46
20 30 51 57
22 32 17 43
23 24 18 14
23 33 1 35
24 25 18 38
24 34 5 22
25 26 53 37
25 35 33 25
27 37 73 67
28 29 37 27
28 38 17 25
30 31 23 53
31 32 27 18
32 33 0 13
35 36 58 38
37 38 9 12
38 39 86 58
(1314, 1426)

Arvore 75
0 10 21 29
1 2 14 37
1 11 52 50
2 3 15 34
3 4 9 15
3 13 50 33
5 6 45 57
6 7 72 56
6 16 16 26
7 8 22 24
7 17 50 30
8 9 37 48
8 18 90 55
10 11 16 16
10 20 44 33
12 13 14 27
14 15 4 14
15 16 29 36
16 26 51 42
18 28 50 67
19 29 76 56
20 21 16 46
20 30 51 57
22 32 17 43
23 24 18 14
23 33 1 35
24 25 18 38
24 34 5 22
25 26 53 37
25 35 33 25
26 27 62 70
28 29 37 27
28 38 17 25
30 31 23 53
31 32 27 18
32 33 0 13
35 36 58 38
37 38 9 12
38 39 86 58
(1308, 1416)

Arvore 76
0 10 21 29
1 2 14 37
1 11 52 50
2 3 15 34
3 4 9 15
3 13 50 33
5 6 45 57
6 7 72 56
6 16 16 26
7 8 22 24
7 17 50 30
8 9 37 48
8 18 90 55
10 11 16 16
10 20 44 33
12 13 14 27
14 15 4 14
15 16 29 36
16 26 51 42
18 28 50 67
19 29 76 56
20 21 16 46
20 30 51 57
22 32 17 43
23 24 18 14
23 33 1 35
24 25 18 38
24 34 5 22
25 26 53 37
25 35 33 25
27 37 73 67
28 29 37 27
28 38 17 25
30 31 23 53
31 32 27 18
32 33 0 13
35 36 58 38
37 38 9 12
38 39 86 58
(1319, 1413)

Arvore 77
0 10 21 29
1 2 14 37
1 11 52 50
2 3 15 34
3 4 9 15
3 13 50 33
5 6 45 57
6 7 72 56
6 16 16 26
7 8 22 24
7 17 50 30
8 9 37 48
9 19 71 69
10 11 16 16
10 20 44 33
12 13 14 27
14 15 4 14
15 16 29 36
16 26 51 42
17 18 71 62
18 28 50 67
20 21 16 46
20 30 51 57
22 32 17 43
23 24 18 14
23 33 1 35
24 25 18 38
24 34 5 22
25 26 53 37
25 35 33 25
26 27 62 70
28 29 37 27
28 38 17 25
30 31 23 53
31 32 27 18
32 33 0 13
35 36 58 38
37 38 9 12
38 39 86 58
(1284, 1436)

Arvore 78
0 10 21 29
1 2 14 37
1 11 52 50
2 3 15 34
3 4 9 15
3 13 50 33
5 6 45 57
6 7 72 56
6 16 16 26
7 8 22 24
7 17 50 30
8 9 37 48
9 19 71 69
10 11 16 16
10 20 44 33
12 13 14 27
14 15 4 14
15 16 29 36
16 26 51 42
17 18 71 62
18 28 50 67
20 21 16 46
20 30 51 57
22 32 17 43
23 24 18 14
23 33 1 35
24 25 18 38
24 34 5 22
25 26 53 37
25 35 33 25
27 37 73 67
28 29 37 27
28 38 17 25
30 31 23 53
31 32 27 18
32 33 0 13
35 36 58 38
37 38 9 12
38 39 86 58
(1295, 1433)

Arvore 79
0 10 21 29
1 2 14 37
1 11 52 50
2 3 15 34
3 4 9 15
3 13 50 33
5 6 45 57
6 7 72 56
6 16 16 26
7 8 22 24
7 17 50 30
8 9 37 48
10 11 16 16
10 20 44 33
12 13 14 27
14 15 4 14
15 16 29 36
16 26 51 42
17 18 71 62
18 28 50 67
19 29 76 56
20 21 16 46
20 30 51 57
22 32 17 43
23 24 18 14
23 33 1 35
24 25 18 38
24 34 5 22
25 26 53 37
25 35 33 25
26 27 62 70
28 29 37 27
28 38 17 25
30 31 23 53
31 32 27 18
32 33 0 13
35 36 58 38
37 38 9 12
38 39 86 58
(1289, 1423)

Arvore 80
0 10 21 29
1 2 14 37
1 11 52 50
2 3 15 34
3 4 9 15
3 13 50 33
5 6 45 57
6 7 72 56
6 16 16 26
7 8 22 24
7 17 50 30
8 9 37 48
10 11 16 16
10 20 44 33
12 13 14 27
14 15 4 14
15 16 29 36
16 26 51 42
17 18 71 62
18 28 50 67
19 29 76 56
20 21 16 46
20 30 51 57
22 32 17 43
23 24 18 14
23 33 1 35
24 25 18 38
24 34 5 22
25 26 53 37
25 35 33 25
27 37 73 67
28 29 37 27
28 38 17 25
30 31 23 53
31 32 27 18
32 33 0 13
35 36 58 38
37 38 9 12
38 39 86 58
(1300, 1420)

Arvore 81
0 10 21 29
1 2 14 37
1 11 52 50
2 3 15 34
3 4 9 15
3 13 50 33
5 6 45 57
6 16 16 26
7 8 22 24
7 17 50 30
8 9 37 48
8 18 90 55
9 19 71 69
10 11 16 16
10 20 44 33
12 13 14 27
14 15 4 14
15 16 29 36
16 17 64 77
16 26 51 42
18 28 50 67
20 21 16 46
20 30 51 57
22 32 17 43
23 24 18 14
23 33 1 35
24 25 18 38
24 34 5 22
25 26 53 37
25 35 33 25
26 27 62 70
28 29 37 27
28 38 17 25
30 31 23 53
31 32 27 18
32 33 0 13
35 36 58 38
37 38 9 12
38 39 86 58
(1295, 1450)

Arvore 82
0 10 21 29
1 2 14 37
1 11 52 50
2 3 15 34
3 4 9 15
3 13 50 33
5 6 45 57
6 16 16 26
7 8 22 24
7 17 50 30
8 9 37 48
8 18 90 55
10 11 16 16
10 20 44 33
12 13 14 27
14 15 4 14
15 16 29 36
16 17 64 77
16 26 51 42
18 28 50 67
19 29 76 56
20 21 16 46
20 30 51 57
22 32 17 43
23 24 18 14
23 33 1 35
24 25 18 38
24 34 5 22
25 26 53 37
25 35 33 25
26 27 62 70
28 29 37 27
28 38 17 25
30 31 23 53
31 32 27 18
32 33 0 13
35 36 58 38
37 38 9 12
38 39 86 58
(1300, 1437)

Arvore 83
0 10 21 29
1 2 14 37
1 11 52 50
2 3 15 34
3 4 9 15
3 13 50 33
5 6 45 57
6 16 16 26
7 8 22 24
7 17 50 30
8 9 37 48
9 19 71 69
10 11 16 16
10 20 44 33
12 13 14 27
14 15 4 14
15 16 29 36
16 17 64 77
16 26 51 42
17 18 71 62
18 28 50 67
20 21 16 46
20 30 51 57
22 32 17 43
23 24 18 14
23 33 1 35
24 25 18 38
24 34 5 22
25 26 53 37
25 35 33 25
26 27 62 70
28 29 37 27
28 38 17 25
30 31 23 53
31 32 27 18
32 33 0 13
35 36 58 38
37 38 9 12
38 39 86 58
(1276, 1457)

Arvore 84
0 10 21 29
1 2 14 37
1 11 52 50
2 3 15 34
3 4 9 15
3 13 50 33
5 6 45 57
6 16 16 26
7 8 22 24
7 17 50 30
8 9 37 48
10 11 16 16
10 20 44 33
12 13 14 27
14 15 4 14
15 16 29 36
16 17 64 77
16 26 51 42
17 18 71 62
18 28 50 67
19 29 76 56
20 21 16 46
20 30 51 57
22 32 17 43
23 24 18 14
23 33 1 35
24 25 18 38
24 34 5 22
25 26 53 37
25 35 33 25
26 27 62 70
28 29 37 27
28 38 17 25
30 31 23 53
31 32 27 18
32 33 0 13
35 36 58 38
37 38 9 12
38 39 86 58
(1281, 1444)

Arvore 85
0 10 21 29
1 2 14 37
1 11 52 50
2 3 15 34
3 4 9 15
3 13 50 33
5 15 55 35
6 7 72 56
6 16 16 26
7 8 22 24
7 17 50 30
8 9 37 48
8 18 90 55
9 19 71 69
10 11 16 16
10 20 44 33
12 13 14 27
14 15 4 14
15 16 29 36
16 26 51 42
18 28 50 67
20 21 16 46
20 30 51 57
22 32 17 43
23 24 18 14
23 33 1 35
24 25 18 38
24 34 5 22
25 26 53 37
25 35 33 25
26 27 62 70
28 29 37 27
28 38 17 25
30 31 23 53
31 32 27 18
32 33 0 13
35 36 58 38
37 38 9 12
38 39 86 58
(1313, 1407)

Arvore 86
0 10 21 29
1 2 14 37
1 11 52 50
2 3 15 34
3 4 9 15
3 13 50 33
5 15 55 35
6 7 72 56
6 16 16 26
7 8 22 24
7 17 50 30
8 9 37 48
8 18 90 55
9 19 71 69
10 11 16 16
10 20 44 33
12 13 14 27
14 15 4 14
15 16 29 36
16 26 51 42
18 28 50 67
20 21 16 46
20 30 51 57
22 32 17 43
23 24 18 14
23 33 1 35
24 25 18 38
24 34 5 22
25 26 53 37
25 35 33 25
27 37 73 67
28 29 37 27
28 38 17 25
30 31 23 53
31 32 27 18
32 33 0 13
35 36 58 38
37 38 9 12
38 39 86 58
(1324, 1404)

Arvore 87
0 10 21 29
1 2 14 37
1 11 52 50
2 3 15 34
3 4 9 15
3 13 50 33
5 15 55 35
6 7 72 56
6 16 16 26
7 8 22 24
7 17 50 30
8 9 37 48
8 18 90 55
10 11 16 16
10 20 44 33
12 13 14 27
14 15 4 14
15 16 29 36
16 26 51 42
18 28 50 67
19 29 76 56
20 21 16 46
20 30 51 57
22 32 17 43
23 24 18 14
23 33 1 35
24 25 18 38
24 34 5 22
25 26 53 37
25 35 33 25
26 27 62 70
28 29 37 27
28 38 17 25
30 31 23 53
31 32 27 18
32 33 0 13
35 36 58 38
37 38 9 12
38 39 86 58
(1318, 1394)

Arvore 88
0 10 21 29
1 2 14 37
1 11 52 50
2 3 15 34
3 4 9 15
3 13 50 33
5 15 55 35
6 7 72 56
6 16 16 26
7 8 22 24
7 17 50 30
8 9 37 48
8 18 90 55
10 11 16 16
10 20 44 33
12 13 14 27
14 15 4 14
15 16 29 36
16 26 51 42
18 28 50 67
19 29 76 56
20 21 16 46
20 30 51 57
22 32 17 43
23 24 18 14
23 33 1 35
24 25 18 38
24 34 5 22
25 26 53 37
25 35 33 25
27 37 73 67
28 29 37 27
28 38 17 25
30 31 23 53
31 32 27 18
32 33 0 13
35 36 58 38
37 38 9 12
38 39 86 58
(1329, 1391)

Arvore 89
0 10 21 29
1 2 14 37
1 11 52 50
2 3 15 34
3 4 9 15
3 13 50 33
5 15 55 35
6 7 72 56
6 16 16 26
7 8 22 24
7 17 50 30
8 9 37 48
9 19 71 69
10 11 16 16
10 20 44 33
12 13 14 27
14 15 4 14
15 16 29 36
16 26 51 42
17 18 71 62
18 28 50 67
20 21 16 46
20 30 51 57
22 32 17 43
23 24 18 14
23 33 1 35
24 25 18 38
24 34 5 22
25 26 53 37
25 35 33 25
26 27 62 70
28 29 37 27
28 38 17 25
30 31 23 53
31 32 27 18
32 33 0 13
35 36 58 38
37 38 9 12
38 39 86 58
(1294, 1414)

Arvore 90
0 10 21 29
1 2 14 37
1 11 52 50
2 3 15 34
3 4 9 15
3 13 50 33
5 15 55 35
6 7 72 56
6 16 16 26
7 8 22 24
7 17 50 30
8 9 37 48
9 19 71 69
10 11 16 16
10 20 44 33
12 13 14 27
14 15 4 14
15 16 29 36
16 26 51 42
17 18 71 62
18 28 50 67
20 21 16 46
20 30 51 57
22 32 17 43
23 24 18 14
23 33 1 35
24 25 18 38
24 34 5 22
25 26 53 37
25 35 33 25
27 37 73 67
28 29 37 27
28 38 17 25
30 31 23 53
31 32 27 18
32 33 0 13
35 36 58 38
37 38 9 12
38 39 86 58
(1305, 1411)

Arvore 91
0 10 21 29
1 2 14 37
1 11 52 50
2 3 15 34
3 4 9 15
3 13 50 33
5 15 55 35
6 7 72 56
6 16 16 26
7 8 22 24
7 17 50 30
8 9 37 48
10 11 16 16
10 20 44 33
12 13 14 27
14 15 4 14
15 16 29 36
16 26 51 42
17 18 71 62
18 28 50 67
19 29 76 56
20 21 16 46
20 30 51 57
22 32 17 43
23 24 18 14
23 33 1 35
24 25 18 38
24 34 5 22
25 26 53 37
25 35 33 25
26 27 62 70
28 29 37 27
28 38 17 25
30 31 23 53
31 32 27 18
32 33 0 13
35 36 58 38
37 38 9 12
38 39 86 58
(1299, 1401)

Arvore 92
0 10 21 29
1 2 14 37
1 11 52 50
2 3 15 34
3 4 9 15
3 13 50 33
5 15 55 35
6 7 72 56
6 16 16 26
7 8 22 24
7 17 50 30
8 9 37 48
10 11 16 16
10 20 44 33
12 13 14 27
14 15 4 14
15 16 29 36
16 26 51 42
17 18 71 62
18 28 50 67
19 29 76 56
20 21 16 46
20 30 51 57
22 32 17 43
23 24 18 14
23 33 1 35
24 25 18 38
24 34 5 22
25 26 53 37
25 35 33 25
27 37 73 67
28 29 37 27
28 38 17 25
30 31 23 53
31 32 27 18
32 33 0 13
35 36 58 38
37 38 9 12
38 39 86 58
(1310, 1398)

Arvore 93
0 10 21 29
1 2 14 37
1 11 52 50
2 3 15 34
3 4 9 15
3 13 50 33
5 15 55 35
6 16 16 26
7 8 22 24
7 17 50 30
8 9 37 48
8 18 90 55
9 19 71 69
10 11 16 16
10 20 44 33
12 13 14 27
14 15 4 14
15 16 29 36
16 17 64 77
16 26 51 42
18 28 50 67
20 21 16 46
20 30 51 57
22 32 17 43
23 24 18 14
23 33 1 35
24 25 18 38
24 34 5 22
25 26 53 37
25 35 33 25
26 27 62 70
28 29 37 27
28 38 17 25
30 31 23 53
31 32 27 18
32 33 0 13
35 36 58 38
37 38 9 12
38 39 86 58
(1305, 1428)

Arvore 94
0 10 21 29
1 2 14 37
1 11 52 50
2 3 15 34
3 4 9 15
3 13 50 33
5 15 55 35
6 16 16 26
7 8 22 24
7 17 50 30
8 9 37 48
8 18 90 55
10 11 16 16
10 20 44 33
12 13 14 27
14 15 4 14
15 16 29 36
16 17 64 77
16 26 51 42
18 28 50 67
19 29 76 56
20 21 16 46
20 30 51 57
22 32 17 43
23 24 18 14
23 33 1 35
24 25 18 38
24 34 5 22
25 26 53 37
25 35 33 25
26 27 62 70
28 29 37 27
28 38 17 25
30 31 23 53
31 32 27 18
32 33 0 13
35 36 58 38
37 38 9 12
38 39 86 58
(1310, 1415)

Arvore 95
0 10 21 29
1 2 14 37
1 11 52 50
2 3 15 34
3 4 9 15
3 13 50 33
5 15 55 35
6 16 16 26
7 8 22 24
7 17 50 30
8 9 37 48
9 19 71 69
10 11 16 16
10 20 44 33
12 13 14 27
14 15 4 14
15 16 29 36
16 17 64 77
16 26 51 42
17 18 71 62
18 28 50 67
20 21 16 46
20 30 51 57
22 32 17 43
23 24 18 14
23 33 1 35
24 25 18 38
24 34 5 22
25 26 53 37
25 35 33 25
26 27 62 70
28 29 37 27
28 38 17 25
30 31 23 53
31 32 27 18
32 33 0 13
35 36 58 38
37 38 9 12
38 39 86 58
(1286, 1435)

Arvore 96
0 10 21 29
1 2 14 37
1 11 52 50
2 3 15 34
3 4 9 15
3 13 50 33
5 15 55 35
6 16 16 26
7 8 22 24
7 17 50 30
8 9 37 48
10 11 16 16
10 20 44 33
12 13 14 27
14 15 4 14
15 16 29 36
16 17 64 77
16 26 51 42
17 18 71 62
18 28 50 67
19 29 76 56
20 21 16 46
20 30 51 57
22 32 17 43
23 24 18 14
23 33 1 35
24 25 18 38
24 34 5 22
25 26 53 37
25 35 33 25
26 27 62 70
28 29 37 27
28 38 17 25
30 31 23 53
31 32 27 18
32 33 0 13
35 36 58 38
37 38 9 12
38 39 86 58
(1291, 1422)

Arvore 97
0 10 21 29
1 2 14 37
1 11 52 50
2 3 15 34
3 4 9 15
3 13 50 33
5 6 45 57
6 7 72 56
6 16 16 26
7 8 22 24
7 17 50 30
8 9 37 48
8 18 90 55
9 19 71 69
10 11 16 16
10 20 44 33
12 13 14 27
12 22 31 40
14 15 4 14
15 16 29 36
16 26 51 42
18 28 50 67
20 21 16 46
20 30 51 57
23 24 18 14
23 33 1 35
24 25 18 38
24 34 5 22
25 26 53 37
25 35 33 25
26 27 62 70
28 29 37 27
28 38 17 25
30 31 23 53
31 32 27 18
32 33 0 13
35 36 58 38
37 38 9 12
38 39 86 58
(1317, 1426)

Arvore 98
0 10 21 29
1 2 14 37
1 11 52 50
2 3 15 34
3 4 9 15
3 13 50 33
5 6 45 57
6 7 72 56
6 16 16 26
7 8 22 24
7 17 50 30
8 9 37 48
8 18 90 55
9 19 71 69
10 11 16 16
10 20 44 33
12 13 14 27
12 22 31 40
14 15 4 14
15 16 29 36
16 26 51 42
18 28 50 67
20 21 16 46
20 30 51 57
23 24 18 14
23 33 1 35
24 25 18 38
24 34 5 22
25 26 53 37
25 35 33 25
27 37 73 67
28 29 37 27
28 38 17 25
30 31 23 53
31 32 27 18
32 33 0 13
35 36 58 38
37 38 9 12
38 39 86 58
(1328, 1423)

Arvore 99
0 10 21 29
1 2 14 37
1 11 52 50
2 3 15 34
3 4 9 15
3 13 50 33
5 6 45 57
6 7 72 56
6 16 16 26
7 8 22 24
7 17 50 30
8 9 37 48
8 18 90 55
10 11 16 16
10 20 44 33
12 13 14 27
12 22 31 40
14 15 4 14
15 16 29 36
16 26 51 42
18 28 50 67
19 29 76 56
20 21 16 46
20 30 51 57
23 24 18 14
23 33 1 35
24 25 18 38
24 34 5 22
25 26 53 37
25 35 33 25
26 27 62 70
28 29 37 27
28 38 17 25
30 31 23 53
31 32 27 18
32 33 0 13
35 36 58 38
37 38 9 12
38 39 86 58
(1322, 1413)

Arvore 100
0 10 21 29
1 2 14 37
1 11 52 50
2 3 15 34
3 4 9 15
3 13 50 33
5 6 45 57
6 7 72 56
6 16 16 26
7 8 22 24
7 17 50 30
8 9 37 48
8 18 90 55
10 11 16 16
10 20 44 33
12 13 14 27
12 22 31 40
14 15 4 14
15 16 29 36
16 26 51 42
18 28 50 67
19 29 76 56
20 21 16 46
20 30 51 57
23 24 18 14
23 33 1 35
24 25 18 38
24 34 5 22
25 26 53 37
25 35 33 25
27 37 73 67
28 29 37 27
28 38 17 25
30 31 23 53
31 32 27 18
32 33 0 13
35 36 58 38
37 38 9 12
38 39 86 58
(1333, 1410)

Arvore 101
0 10 21 29
1 2 14 37
1 11 52 50
2 3 15 34
3 4 9 15
3 13 50 33
5 6 45 57
6 7 72 56
6 16 16 26
7 8 22 24
7 17 50 30
8 9 37 48
9 19 71 69
10 11 16 16
10 20 44 33
12 13 14 27
12 22 31 40
14 15 4 14
15 16 29 36
16 26 51 42
17 18 71 62
18 28 50 67
20 21 16 46
20 30 51 57
23 24 18 14
23 33 1 35
24 25 18 38
24 34 5 22
25 26 53 37
25 35 33 25
26 27 62 70
28 29 37 27
28 38 17 25
30 31 23 53
31 32 27 18
32 33 0 13
35 36 58 38
37 38 9 12
38 39 86 58
(1298, 1433)

Arvore 102
0 10 21 29
1 2 14 37
1 11 52 50
2 3 15 34
3 4 9 15
3 13 50 33
5 6 45 57
6 7 72 56
6 16 16 26
7 8 22 24
7 17 50 30
8 9 37 48
9 19 71 69
10 11 16 16
10 20 44 33
12 13 14 27
12 22 31 40
14 15 4 14
15 16 29 36
16 26 51 42
17 18 71 62
18 28 50 67
20 21 16 46
20 30 51 57
23 24 18 14
23 33 1 35
24 25 18 38
24 34 5 22
25 26 53 37
25 35 33 25
27 37 73 67
28 29 37 27
28 38 17 25
30 31 23 53
31 32 27 18
32 33 0 13
35 36 58 38
37 38 9 12
38 39 86 58
(1309, 1430)

Arvore 103
0 10 21 29
1 2 14 37
1 11 52 50
2 3 15 34
3 4 9 15
3 13 50 33
5 6 45 57
6 7 72 56
6 16 16 26
7 8 22 24
7 17 50 30
8 9 37 48
10 11 16 16
10 20 44 33
12 13 14 27
12 22 31 40
14 15 4 14
15 16 29 36
16 26 51 42
17 18 71 62
18 28 50 67
19 29 76 56
20 21 16 46
20 30 51 57
23 24 18 14
23 33 1 35
24 25 18 38
24 34 5 22
25 26 53 37
25 35 33 25
26 27 62 70
28 29 37 27
28 38 17 25
30 31 23 53
31 32 27 18
32 33 0 13
35 36 58 38
37 38 9 12
38 39 86 58
(1303, 1420)

Arvore 104
0 10 21 29
1 2 14 37
1 11 52 50
2 3 15 34
3 4 9 15
3 13 50 33
5 6 45 57
6 7 72 56
6 16 16 26
7 8 22 24
7 17 50 30
8 9 37 48
10 11 16 16
10 20 44 33
12 13 14 27
12 22 31 40
14 15 4 14
15 16 29 36
16 26 51 42
17 18 71 62
18 28 50 67
19 29 76 56
20 21 16 46
20 30 51 57
23 24 18 14
23 33 1 35
24 25 18 38
24 34 5 22
25 26 53 37
25 35 33 25
27 37 73 67
28 29 37 27
28 38 17 25
30 31 23 53
31 32 27 18
32 33 0 13
35 36 58 38
37 38 9 12
38 39 86 58
(1314, 1417)

Arvore 105
0 10 21 29
1 2 14 37
1 11 52 50
2 3 15 34
3 4 9 15
3 13 50 33
5 6 45 57
6 16 16 26
7 8 22 24
7 17 50 30
8 9 37 48
8 18 90 55
9 19 71 69
10 11 16 16
10 20 44 33
12 13 14 27
12 22 31 40
14 15 4 14
15 16 29 36
16 17 64 77
16 26 51 42
18 28 50 67
20 21 16 46
20 30 51 57
23 24 18 14
23 33 1 35
24 25 18 38
24 34 5 22
25 26 53 37
25 35 33 25
26 27 62 70
28 29 37 27
28 38 17 25
30 31 23 53
31 32 27 18
32 33 0 13
35 36 58 38
37 38 9 12
38 39 86 58
(1309, 1447)

Arvore 106
0 10 21 29
1 2 14 37
1 11 52 50
2 3 15 34
3 4 9 15
3 13 50 33
5 6 45 57
6 16 16 26
7 8 22 24
7 17 50 30
8 9 37 48
8 18 90 55
10 11 16 16
10 20 44 33
12 13 14 27
12 22 31 40
14 15 4 14
15 16 29 36
16 17 64 77
16 26 51 42
18 28 50 67
19 29 76 56
20 21 16 46
20 30 51 57
23 24 18 14
23 33 1 35
24 25 18 38
24 34 5 22
25 26 53 37
25 35 33 25
26 27 62 70
28 29 37 27
28 38 17 25
30 31 23 53
31 32 27 18
32 33 0 13
35 36 58 38
37 38 9 12
38 39 86 58
(1314, 1434)

Arvore 107
0 10 21 29
1 2 14 37
1 11 52 50
2 3 15 34
3 4 9 15
3 13 50 33
5 6 45 57
6 16 16 26
7 8 22 24
7 17 50 30
8 9 37 48
9 19 71 69
10 11 16 16
10 20 44 33
12 13 14 27
12 22 31 40
14 15 4 14
15 16 29 36
16 17 64 77
16 26 51 42
17 18 71 62
18 28 50 67
20 21 16 46
20 30 51 57
23 24 18 14
23 33 1 35
24 25 18 38
24 34 5 22
25 26 53 37
25 35 33 25
26 27 62 70
28 29 37 27
28 38 17 25
30 31 23 53
31 32 27 18
32 33 0 13
35 36 58 38
37 38 9 12
38 39 86 58
(1290, 1454)

Arvore 108
0 10 21 29
1 2 14 37
1 11 52 50
2 3 15 34
3 4 9 15
3 13 50 33
5 6 45 57
6 16 16 26
7 8 22 24
7 17 50 30
8 9 37 48
10 11 16 16
10 20 44 33
12 13 14 27
12 22 31 40
14 15 4 14
15 16 29 36
16 17 64 77
16 26 51 42
17 18 71 62
18 28 50 67
19 29 76 56
20 21 16 46
20 30 51 57
23 24 18 14
23 33 1 35
24 25 18 38
24 34 5 22
25 26 53 37
25 35 33 25
26 27 62 70
28 29 37 27
28 38 17 25
30 31 23 53
31 32 27 18
32 33 0 13
35 36 58 38
37 38 9 12
38 39 86 58
(1295, 1441)

Arvore 109
0 10 21 29
1 2 14 37
1 11 52 50
2 3 15 34
3 4 9 15
3 13 50 33
5 15 55 35
6 7 72 56
6 16 16 26
7 8 22 24
7 17 50 30
8 9 37 48
8 18 90 55
9 19 71 69
10 11 16 16
10 20 44 33
12 13 14 27
12 22 31 40
14 15 4 14
15 16 29 36
16 26 51 42
18 28 50 67
20 21 16 46
20 30 51 57
23 24 18 14
23 33 1 35
24 25 18 38
24 34 5 22
25 26 53 37
25 35 33 25
26 27 62 70
28 29 37 27
28 38 17 25
30 31 23 53
31 32 27 18
32 33 0 13
35 36 58 38
37 38 9 12
38 39 86 58
(1327, 1404)

Arvore 110
0 10 21 29
1 2 14 37
1 11 52 50
2 3 15 34
3 4 9 15
3 13 50 33
5 15 55 35
6 7 72 56
6 16 16 26
7 8 22 24
7 17 50 30
8 9 37 48
8 18 90 55
9 19 71 69
10 11 16 16
10 20 44 33
12 13 14 27
12 22 31 40
14 15 4 14
15 16 29 36
16 26 51 42
18 28 50 67
20 21 16 46
20 30 51 57
23 24 18 14
23 33 1 35
24 25 18 38
24 34 5 22
25 26 53 37
25 35 33 25
27 37 73 67
28 29 37 27
28 38 17 25
30 31 23 53
31 32 27 18
32 33 0 13
35 36 58 38
37 38 9 12
38 39 86 58
(1338, 1401)

Arvore 111
0 10 21 29
1 2 14 37
1 11 52 50
2 3 15 34
3 4 9 15
3 13 50 33
5 15 55 35
6 7 72 56
6 16 16 26
7 8 22 24
7 17 50 30
8 9 37 48
8 18 90 55
10 11 16 16
10 20 44 33
12 13 14 27
12 22 31 40
14 15 4 14
15 16 29 36
16 26 51 42
18 28 50 67
19 29 76 56
20 21 16 46
20 30 51 57
23 24 18 14
23 33 1 35
24 25 18 38
24 34 5 22
25 26 53 37
25 35 33 25
26 27 62 70
28 29 37 27
28 38 17 25
30 31 23 53
31 32 27 18
32 33 0 13
35 36 58 38
37 38 9 12
38 39 86 58
(1332, 1391)

Arvore 112
0 10 21 29
1 2 14 37
1 11 52 50
2 3 15 34
3 4 9 15
3 13 50 33
5 15 55 35
6 7 72 56
6 16 16 26
7 8 22 24
7 17 50 30
8 9 37 48
8 18 90 55
10 11 16 16
10 20 44 33
12 13 14 27
12 22 31 40
14 15 4 14
15 16 29 36
16 26 51 42
18 28 50 67
19 29 76 56
20 21 16 46
20 30 51 57
23 24 18 14
23 33 1 35
24 25 18 38
24 34 5 22
25 26 53 37
25 35 33 25
27 37 73 67
28 29 37 27
28 38 17 25
30 31 23 53
31 32 27 18
32 33 0 13
35 36 58 38
37 38 9 12
38 39 86 58
(1343, 1388)

Arvore 113
0 10 21 29
1 2 14 37
1 11 52 50
2 3 15 34
3 4 9 15
3 13 50 33
5 15 55 35
6 7 72 56
6 16 16 26
7 8 22 24
7 17 50 30
8 9 37 48
9 19 71 69
10 11 16 16
10 20 44 33
12 13 14 27
12 22 31 40
14 15 4 14
15 16 29 36
16 26 51 42
17 18 71 62
18 28 50 67
20 21 16 46
20 30 51 57
23 24 18 14
23 33 1 35
24 25 18 38
24 34 5 22
25 26 53 37
25 35 33 25
26 27 62 70
28 29 37 27
28 38 17 25
30 31 23 53
31 32 27 18
32 33 0 13
35 36 58 38
37 38 9 12
38 39 86 58
(1308, 1411)

Arvore 114
0 10 21 29
1 2 14 37
1 11 52 50
2 3 15 34
3 4 9 15
3 13 50 33
5 15 55 35
6 7 72 56
6 16 16 26
7 8 22 24
7 17 50 30
8 9 37 48
9 19 71 69
10 11 16 16
10 20 44 33
12 13 14 27
12 22 31 40
14 15 4 14
15 16 29 36
16 26 51 42
17 18 71 62
18 28 50 67
20 21 16 46
20 30 51 57
23 24 18 14
23 33 1 35
24 25 18 38
24 34 5 22
25 26 53 37
25 35 33 25
27 37 73 67
28 29 37 27
28 38 17 25
30 31 23 53
31 32 27 18
32 33 0 13
35 36 58 38
37 38 9 12
38 39 86 58
(1319, 1408)

Arvore 115
0 10 21 29
1 2 14 37
1 11 52 50
2 3 15 34
3 4 9 15
3 13 50 33
5 15 55 35
6 7 72 56
6 16 16 26
7 8 22 24
7 17 50 30
8 9 37 48
10 11 16 16
10 20 44 33
12 13 14 27
12 22 31 40
14 15 4 14
15 16 29 36
16 26 51 42
17 18 71 62
18 28 50 67
19 29 76 56
20 21 16 46
20 30 51 57
23 24 18 14
23 33 1 35
24 25 18 38
24 34 5 22
25 26 53 37
25 35 33 25
26 27 62 70
28 29 37 27
28 38 17 25
30 31 23 53
31 32 27 18
32 33 0 13
35 36 58 38
37 38 9 12
38 39 86 58
(1313, 1398)

Arvore 116
0 10 21 29
1 2 14 37
1 11 52 50
2 3 15 34
3 4 9 15
3 13 50 33
5 15 55 35
6 7 72 56
6 16 16 26
7 8 22 24
7 17 50 30
8 9 37 48
10 11 16 16
10 20 44 33
12 13 14 27
12 22 31 40
14 15 4 14
15 16 29 36
16 26 51 42
17 18 71 62
18 28 50 67
19 29 76 56
20 21 16 46
20 30 51 57
23 24 18 14
23 33 1 35
24 25 18 38
24 34 5 22
25 26 53 37
25 35 33 25
27 37 73 67
28 29 37 27
28 38 17 25
30 31 23 53
31 32 27 18
32 33 0 13
35 36 58 38
37 38 9 12
38 39 86 58
(1324, 1395)

Arvore 117
0 10 21 29
1 2 14 37
1 11 52 50
2 3 15 34
3 4 9 15
3 13 50 33
5 15 55 35
6 16 16 26
7 8 22 24
7 17 50 30
8 9 37 48
8 18 90 55
9 19 71 69
10 11 16 16
10 20 44 33
12 13 14 27
12 22 31 40
14 15 4 14
15 16 29 36
16 17 64 77
16 26 51 42
18 28 50 67
20 21 16 46
20 30 51 57
23 24 18 14
23 33 1 35
24 25 18 38
24 34 5 22
25 26 53 37
25 35 33 25
26 27 62 70
28 29 37 27
28 38 17 25
30 31 23 53
31 32 27 18
32 33 0 13
35 36 58 38
37 38 9 12
38 39 86 58
(1319, 1425)

Arvore 118
0 10 21 29
1 2 14 37
1 11 52 50
2 3 15 34
3 4 9 15
3 13 50 33
5 15 55 35
6 16 16 26
7 8 22 24
7 17 50 30
8 9 37 48
8 18 90 55
10 11 16 16
10 20 44 33
12 13 14 27
12 22 31 40
14 15 4 14
15 16 29 36
16 17 64 77
16 26 51 42
18 28 50 67
19 29 76 56
20 21 16 46
20 30 51 57
23 24 18 14
23 33 1 35
24 25 18 38
24 34 5 22
25 26 53 37
25 35 33 25
26 27 62 70
28 29 37 27
28 38 17 25
30 31 23 53
31 32 27 18
32 33 0 13
35 36 58 38
37 38 9 12
38 39 86 58
(1324, 1412)

Arvore 119
0 10 21 29
1 2 14 37
1 11 52 50
2 3 15 34
3 4 9 15
3 13 50 33
5 15 55 35
6 16 16 26
7 8 22 24
7 17 50 30
8 9 37 48
9 19 71 69
10 11 16 16
10 20 44 33
12 13 14 27
12 22 31 40
14 15 4 14
15 16 29 36
16 17 64 77
16 26 51 42
17 18 71 62
18 28 50 67
20 21 16 46
20 30 51 57
23 24 18 14
23 33 1 35
24 25 18 38
24 34 5 22
25 26 53 37
25 35 33 25
26 27 62 70
28 29 37 27
28 38 17 25
30 31 23 53
31 32 27 18
32 33 0 13
35 36 58 38
37 38 9 12
38 39 86 58
(1300, 1432)

Arvore 120
0 10 21 29
1 2 14 37
1 11 52 50
2 3 15 34
3 4 9 15
3 13 50 33
5 15 55 35
6 16 16 26
7 8 22 24
7 17 50 30
8 9 37 48
10 11 16 16
10 20 44 33
12 13 14 27
12 22 31 40
14 15 4 14
15 16 29 36
16 17 64 77
16 26 51 42
17 18 71 62
18 28 50 67
19 29 76 56
20 21 16 46
20 30 51 57
23 24 18 14
23 33 1 35
24 25 18 38
24 34 5 22
25 26 53 37
25 35 33 25
26 27 62 70
28 29 37 27
28 38 17 25
30 31 23 53
31 32 27 18
32 33 0 13
35 36 58 38
37 38 9 12
38 39 86 58
(1305, 1419)

Arvore 121
0 10 21 29
1 2 14 37
1 11 52 50
2 3 15 34
3 4 9 15
5 6 45 57
6 7 72 56
6 16 16 26
7 8 22 24
7 17 50 30
8 9 37 48
8 18 90 55
9 19 71 69
10 11 16 16
10 20 44 33
12 13 14 27
12 22 31 40
14 15 4 14
15 16 29 36
16 26 51 42
18 28 50 67
20 21 16 46
20 30 51 57
22 32 17 43
23 24 18 14
23 33 1 35
24 25 18 38
24 34 5 22
25 26 53 37
25 35 33 25
26 27 62 70
28 29 37 27
28 38 17 25
30 31 23 53
31 32 27 18
32 33 0 13
35 36 58 38
37 38 9 12
38 39 86 58
(1284, 1436)

Arvore 122
0 10 21 29
1 2 14 37
1 11 52 50
2 3 15 34
3 4 9 15
5 6 45 57
6 7 72 56
6 16 16 26
7 8 22 24
7 17 50 30
8 9 37 48
8 18 90 55
9 19 71 69
10 11 16 16
10 20 44 33
12 13 14 27
12 22 31 40
14 15 4 14
15 16 29 36
16 26 51 42
18 28 50 67
20 21 16 46
20 30 51 57
22 32 17 43
23 24 18 14
23 33 1 35
24 25 18 38
24 34 5 22
25 26 53 37
25 35 33 25
27 37 73 67
28 29 37 27
28 38 17 25
30 31 23 53
31 32 27 18
32 33 0 13
35 36 58 38
37 38 9 12
38 39 86 58
(1295, 1433)

Arvore 123
0 10 21 29
1 2 14 37
1 11 52 50
2 3 15 34
3 4 9 15
5 6 45 57
6 7 72 56
6 16 16 26
7 8 22 24
7 17 50 30
8 9 37 48
8 18 90 55
10 11 16 16
10 20 44 33
12 13 14 27
12 22 31 40
14 15 4 14
15 16 29 36
16 26 51 42
18 28 50 67
19 29 76 56
20 21 16 46
20 30 51 57
22 32 17 43
23 24 18 14
23 33 1 35
24 25 18 38
24 34 5 22
25 26 53 37
25 35 33 25
26 27 62 70
28 29 37 27
28 38 17 25
30 31 23 53
31 32 27 18
32 33 0 13
35 36 58 38
37 38 9 12
38 39 86 58
(1289, 1423)

Arvore 124
0 10 21 29
1 2 14 37
1 11 52 50
2 3 15 34
3 4 9 15
5 6 45 57
6 7 72 56
6 16 16 26
7 8 22 24
7 17 50 30
8 9 37 48
8 18 90 55
10 11 16 16
10 20 44 33
12 13 14 27
12 22 31 40
14 15 4 14
15 16 29 36
16 26 51 42
18 28 50 67
19 29 76 56
20 21 16 46
20 30 51 57
22 32 17 43
23 24 18 14
23 33 1 35
24 25 18 38
24 34 5 22
25 26 53 37
25 35 33 25
27 37 73 67
28 29 37 27
28 38 17 25
30 31 23 53
31 32 27 18
32 33 0 13
35 36 58 38
37 38 9 12
38 39 86 58
(1300, 1420)

Arvore 125
0 10 21 29
1 2 14 37
1 11 52 50
2 3 15 34
3 4 9 15
5 6 45 57
6 7 72 56
6 16 16 26
7 8 22 24
7 17 50 30
8 9 37 48
9 19 71 69
10 11 16 16
10 20 44 33
12 13 14 27
12 22 31 40
14 15 4 14
15 16 29 36
16 26 51 42
17 18 71 62
18 28 50 67
20 21 16 46
20 30 51 57
22 32 17 43
23 24 18 14
23 33 1 35
24 25 18 38
24 34 5 22
25 26 53 37
25 35 33 25
26 27 62 70
28 29 37 27
28 38 17 25
30 31 23 53
31 32 27 18
32 33 0 13
35 36 58 38
37 38 9 12
38 39 86 58
(1265, 1443)

Arvore 126
0 10 21 29
1 2 14 37
1 11 52 50
2 3 15 34
3 4 9 15
5 6 45 57
6 7 72 56
6 16 16 26
7 8 22 24
7 17 50 30
8 9 37 48
9 19 71 69
10 11 16 16
10 20 44 33
12 13 14 27
12 22 31 40
14 15 4 14
15 16 29 36
16 26 51 42
17 18 71 62
18 28 50 67
20 21 16 46
20 30 51 57
22 32 17 43
23 24 18 14
23 33 1 35
24 25 18 38
24 34 5 22
25 26 53 37
25 35 33 25
27 37 73 67
28 29 37 27
28 38 17 25
30 31 23 53
31 32 27 18
32 33 0 13
35 36 58 38
37 38 9 12
38 39 86 58
(1276, 1440)

Arvore 127
0 10 21 29
1 2 14 37
1 11 52 50
2 3 15 34
3 4 9 15
5 6 45 57
6 7 72 56
6 16 16 26
7 8 22 24
7 17 50 30
8 9 37 48
10 11 16 16
10 20 44 33
12 13 14 27
12 22 31 40
14 15 4 14
15 16 29 36
16 26 51 42
17 18 71 62
18 28 50 67
19 29 76 56
20 21 16 46
20 30 51 57
22 32 17 43
23 24 18 14
23 33 1 35
24 25 18 38
24 34 5 22
25 26 53 37
25 35 33 25
26 27 62 70
28 29 37 27
28 38 17 25
30 31 23 53
31 32 27 18
32 33 0 13
35 36 58 38
37 38 9 12
38 39 86 58
(1270, 1430)

Arvore 128
0 10 21 29
1 2 14 37
1 11 52 50
2 3 15 34
3 4 9 15
5 6 45 57
6 7 72 56
6 16 16 26
7 8 22 24
7 17 50 30
8 9 37 48
10 11 16 16
10 20 44 33
12 13 14 27
12 22 31 40
14 15 4 14
15 16 29 36
16 26 51 42
17 18 71 62
18 28 50 67
19 29 76 56
20 21 16 46
20 30 51 57
22 32 17 43
23 24 18 14
23 33 1 35
24 25 18 38
24 34 5 22
25 26 53 37
25 35 33 25
27 37 73 67
28 29 37 27
28 38 17 25
30 31 23 53
31 32 27 18
32 33 0 13
35 36 58 38
37 38 9 12
38 39 86 58
(1281, 1427)

Arvore 129
0 10 21 29
1 2 14 37
1 11 52 50
2 3 15 34
3 4 9 15
5 6 45 57
6 16 16 26
7 8 22 24
7 17 50 30
8 9 37 48
8 18 90 55
9 19 71 69
10 11 16 16
10 20 44 33
12 13 14 27
12 22 31 40
14 15 4 14
15 16 29 36
16 17 64 77
16 26 51 42
18 28 50 67
20 21 16 46
20 30 51 57
22 32 17 43
23 24 18 14
23 33 1 35
24 25 18 38
24 34 5 22
25 26 53 37
25 35 33 25
26 27 62 70
28 29 37 27
28 38 17 25
30 31 23 53
31 32 27 18
32 33 0 13
35 36 58 38
37 38 9 12
38 39 86 58
(1276, 1457)

Arvore 130
0 10 21 29
1 2 14 37
1 11 52 50
2 3 15 34
3 4 9 15
5 6 45 57
6 16 16 26
7 8 22 24
7 17 50 30
8 9 37 48
8 18 90 55
10 11 16 16
10 20 44 33
12 13 14 27
12 22 31 40
14 15 4 14
15 16 29 36
16 17 64 77
16 26 51 42
18 28 50 67
19 29 76 56
20 21 16 46
20 30 51 57
22 32 17 43
23 24 18 14
23 33 1 35
24 25 18 38
24 34 5 22
25 26 53 37
25 35 33 25
26 27 62 70
28 29 37 27
28 38 17 25
30 31 23 53
31 32 27 18
32 33 0 13
35 36 58 38
37 38 9 12
38 39 86 58
(1281, 1444)

Arvore 131
0 10 21 29
1 2 14 37
1 11 52 50
2 3 15 34
3 4 9 15
5 6 45 57
6 16 16 26
7 8 22 24
7 17 50 30
8 9 37 48
9 19 71 69
10 11 16 16
10 20 44 33
12 13 14 27
12 22 31 40
14 15 4 14
15 16 29 36
16 17 64 77
16 26 51 42
17 18 71 62
18 28 50 67
20 21 16 46
20 30 51 57
22 32 17 43
23 24 18 14
23 33 1 35
24 25 18 38
24 34 5 22
25 26 53 37
25 35 33 25
26 27 62 70
28 29 37 27
28 38 17 25
30 31 23 53
31 32 27 18
32 33 0 13
35 36 58 38
37 38 9 12
38 39 86 58
(1257, 1464)

Arvore 132
0 10 21 29
1 2 14 37
1 11 52 50
2 3 15 34
3 4 9 15
5 6 45 57
6 16 16 26
7 8 22 24
7 17 50 30
8 9 37 48
10 11 16 16
10 20 44 33
12 13 14 27
12 22 31 40
14 15 4 14
15 16 29 36
16 17 64 77
16 26 51 42
17 18 71 62
18 28 50 67
19 29 76 56
20 21 16 46
20 30 51 57
22 32 17 43
23 24 18 14
23 33 1 35
24 25 18 38
24 34 5 22
25 26 53 37
25 35 33 25
26 27 62 70
28 29 37 27
28 38 17 25
30 31 23 53
31 32 27 18
32 33 0 13
35 36 58 38
37 38 9 12
38 39 86 58
(1262, 1451)

Arvore 133
0 10 21 29
1 2 14 37
1 11 52 50
2 3 15 34
3 4 9 15
5 15 55 35
6 7 72 56
6 16 16 26
7 8 22 24
7 17 50 30
8 9 37 48
8 18 90 55
9 19 71 69
10 11 16 16
10 20 44 33
12 13 14 27
12 22 31 40
14 15 4 14
15 16 29 36
16 26 51 42
18 28 50 67
20 21 16 46
20 30 51 57
22 32 17 43
23 24 18 14
23 33 1 35
24 25 18 38
24 34 5 22
25 26 53 37
25 35 33 25
26 27 62 70
28 29 37 27
28 38 17 25
30 31 23 53
31 32 27 18
32 33 0 13
35 36 58 38
37 38 9 12
38 39 86 58
(1294, 1414)

Arvore 134
0 10 21 29
1 2 14 37
1 11 52 50
2 3 15 34
3 4 9 15
5 15 55 35
6 7 72 56
6 16 16 26
7 8 22 24
7 17 50 30
8 9 37 48
8 18 90 55
9 19 71 69
10 11 16 16
10 20 44 33
12 13 14 27
12 22 31 40
14 15 4 14
15 16 29 36
16 26 51 42
18 28 50 67
20 21 16 46
20 30 51 57
22 32 17 43
23 24 18 14
23 33 1 35
24 25 18 38
24 34 5 22
25 26 53 37
25 35 33 25
27 37 73 67
28 29 37 27
28 38 17 25
30 31 23 53
31 32 27 18
32 33 0 13
35 36 58 38
37 38 9 12
38 39 86 58
(1305, 1411)

Arvore 135
0 10 21 29
1 2 14 37
1 11 52 50
2 3 15 34
3 4 9 15
5 15 55 35
6 7 72 56
6 16 16 26
7 8 22 24
7 17 50 30
8 9 37 48
8 18 90 55
10 11 16 16
10 20 44 33
12 13 14 27
12 22 31 40
14 15 4 14
15 16 29 36
16 26 51 42
18 28 50 67
19 29 76 56
20 21 16 46
20 30 51 57
22 32 17 43
23 24 18 14
23 33 1 35
24 25 18 38
24 34 5 22
25 26 53 37
25 35 33 25
26 27 62 70
28 29 37 27
28 38 17 25
30 31 23 53
31 32 27 18
32 33 0 13
35 36 58 38
37 38 9 12
38 39 86 58
(1299, 1401)

Arvore 136
0 10 21 29
1 2 14 37
1 11 52 50
2 3 15 34
3 4 9 15
5 15 55 35
6 7 72 56
6 16 16 26
7 8 22 24
7 17 50 30
8 9 37 48
8 18 90 55
10 11 16 16
10 20 44 33
12 13 14 27
12 22 31 40
14 15 4 14
15 16 29 36
16 26 51 42
18 28 50 67
19 29 76 56
20 21 16 46
20 30 51 57
22 32 17 43
23 24 18 14
23 33 1 35
24 25 18 38
24 34 5 22
25 26 53 37
25 35 33 25
27 37 73 67
28 29 37 27
28 38 17 25
30 31 23 53
31 32 27 18
32 33 0 13
35 36 58 38
37 38 9 12
38 39 86 58
(1310, 1398)

Arvore 137
0 10 21 29
1 2 14 37
1 11 52 50
2 3 15 34
3 4 9 15
5 15 55 35
6 7 72 56
6 16 16 26
7 8 22 24
7 17 50 30
8 9 37 48
9 19 71 69
10 11 16 16
10 20 44 33
12 13 14 27
12 22 31 40
14 15 4 14
15 16 29 36
16 26 51 42
17 18 71 62
18 28 50 67
20 21 16 46
20 30 51 57
22 32 17 43
23 24 18 14
23 33 1 35
24 25 18 38
24 34 5 22
25 26 53 37
25 35 33 25
26 27 62 70
28 29 37 27
28 38 17 25
30 31 23 53
31 32 27 18
32 33 0 13
35 36 58 38
37 38 9 12
38 39 86 58
(1275, 1421)

Arvore 138
0 10 21 29
1 2 14 37
1 11 52 50
2 3 15 34
3 4 9 15
5 15 55 35
6 7 72 56
6 16 16 26
7 8 22 24
7 17 50 30
8 9 37 48
9 19 71 69
10 11 16 16
10 20 44 33
12 13 14 27
12 22 31 40
14 15 4 14
15 16 29 36
16 26 51 42
17 18 71 62
18 28 50 67
20 21 16 46
20 30 51 57
22 32 17 43
23 24 18 14
23 33 1 35
24 25 18 38
24 34 5 22
25 26 53 37
25 35 33 25
27 37 73 67
28 29 37 27
28 38 17 25
30 31 23 53
31 32 27 18
32 33 0 13
35 36 58 38
37 38 9 12
38 39 86 58
(1286, 1418)

Arvore 139
0 10 21 29
1 2 14 37
1 11 52 50
2 3 15 34
3 4 9 15
5 15 55 35
6 7 72 56
6 16 16 26
7 8 22 24
7 17 50 30
8 9 37 48
10 11 16 16
10 20 44 33
12 13 14 27
12 22 31 40
14 15 4 14
15 16 29 36
16 26 51 42
17 18 71 62
18 28 50 67
19 29 76 56
20 21 16 46
20 30 51 57
22 32 17 43
23 24 18 14
23 33 1 35
24 25 18 38
24 34 5 22
25 26 53 37
25 35 33 25
26 27 62 70
28 29 37 27
28 38 17 25
30 31 23 53
31 32 27 18
32 33 0 13
35 36 58 38
37 38 9 12
38 39 86 58
(1280, 1408)

Arvore 140
0 10 21 29
1 2 14 37
1 11 52 50
2 3 15 34
3 4 9 15
5 15 55 35
6 7 72 56
6 16 16 26
7 8 22 24
7 17 50 30
8 9 37 48
10 11 16 16
10 20 44 33
12 13 14 27
12 22 31 40
14 15 4 14
15 16 29 36
16 26 51 42
17 18 71 62
18 28 50 67
19 29 76 56
20 21 16 46
20 30 51 57
22 32 17 43
23 24 18 14
23 33 1 35
24 25 18 38
24 34 5 22
25 26 53 37
25 35 33 25
27 37 73 67
28 29 37 27
28 38 17 25
30 31 23 53
31 32 27 18
32 33 0 13
35 36 58 38
37 38 9 12
38 39 86 58
(1291, 1405)

Arvore 141
0 10 21 29
1 2 14 37
1 11 52 50
2 3 15 34
3 4 9 15
5 15 55 35
6 16 16 26
7 8 22 24
7 17 50 30
8 9 37 48
8 18 90 55
9 19 71 69
10 11 16 16
10 20 44 33
12 13 14 27
12 22 31 40
14 15 4 14
15 16 29 36
16 17 64 77
16 26 51 42
18 28 50 67
20 21 16 46
20 30 51 57
22 32 17 43
23 24 18 14
23 33 1 35
24 25 18 38
24 34 5 22
25 26 53 37
25 35 33 25
26 27 62 70
28 29 37 27
28 38 17 25
30 31 23 53
31 32 27 18
32 33 0 13
35 36 58 38
37 38 9 12
38 39 86 58
(1286, 1435)

Arvore 142
0 10 21 29
1 2 14 37
1 11 52 50
2 3 15 34
3 4 9 15
5 15 55 35
6 16 16 26
7 8 22 24
7 17 50 30
8 9 37 48
8 18 90 55
10 11 16 16
10 20 44 33
12 13 14 27
12 22 31 40
14 15 4 14
15 16 29 36
16 17 64 77
16 26 51 42
18 28 50 67
19 29 76 56
20 21 16 46
20 30 51 57
22 32 17 43
23 24 18 14
23 33 1 35
24 25 18 38
24 34 5 22
25 26 53 37
25 35 33 25
26 27 62 70
28 29 37 27
28 38 17 25
30 31 23 53
31 32 27 18
32 33 0 13
35 36 58 38
37 38 9 12
38 39 86 58
(1291, 1422)

Arvore 143
0 10 21 29
1 2 14 37
1 11 52 50
2 3 15 34
3 4 9 15
5 15 55 35
6 16 16 26
7 8 22 24
7 17 50 30
8 9 37 48
9 19 71 69
10 11 16 16
10 20 44 33
12 13 14 27
12 22 31 40
14 15 4 14
15 16 29 36
16 17 64 77
16 26 51 42
17 18 71 62
18 28 50 67
20 21 16 46
20 30 51 57
22 32 17 43
23 24 18 14
23 33 1 35
24 25 18 38
24 34 5 22
25 26 53 37
25 35 33 25
26 27 62 70
28 29 37 27
28 38 17 25
30 31 23 53
31 32 27 18
32 33 0 13
35 36 58 38
37 38 9 12
38 39 86 58
(1267, 1442)

Arvore 144
0 10 21 29
1 2 14 37
1 11 52 50
2 3 15 34
3 4 9 15
5 15 55 35
6 16 16 26
7 8 22 24
7 17 50 30
8 9 37 48
10 11 16 16
10 20 44 33
12 13 14 27
12 22 31 40
14 15 4 14
15 16 29 36
16 17 64 77
16 26 51 42
17 18 71 62
18 28 50 67
19 29 76 56
20 21 16 46
20 30 51 57
22 32 17 43
23 24 18 14
23 33 1 35
24 25 18 38
24 34 5 22
25 26 53 37
25 35 33 25
26 27 62 70
28 29 37 27
28 38 17 25
30 31 23 53
31 32 27 18
32 33 0 13
35 36 58 38
37 38 9 12
38 39 86 58
(1272, 1429)

Arvore 145
0 10 21 29
1 2 14 37
2 3 15 34
3 4 9 15
3 13 50 33
5 6 45 57
6 7 72 56
6 16 16 26
7 8 22 24
7 17 50 30
8 9 37 48
8 18 90 55
9 19 71 69
10 11 16 16
10 20 44 33
12 13 14 27
12 22 31 40
14 15 4 14
15 16 29 36
16 26 51 42
18 28 50 67
20 21 16 46
20 30 51 57
22 32 17 43
23 24 18 14
23 33 1 35
24 25 18 38
24 34 5 22
25 26 53 37
25 35 33 25
26 27 62 70
28 29 37 27
28 38 17 25
30 31 23 53
31 32 27 18
32 33 0 13
35 36 58 38
37 38 9 12
38 39 86 58
(1282, 1419)

Arvore 146
0 10 21 29
1 2 14 37
2 3 15 34
3 4 9 15
3 13 50 33
5 6 45 57
6 7 72 56
6 16 16 26
7 8 22 24
7 17 50 30
8 9 37 48
8 18 90 55
9 19 71 69
10 11 16 16
10 20 44 33
12 13 14 27
12 22 31 40
14 15 4 14
15 16 29 36
16 26 51 42
18 28 50 67
20 21 16 46
20 30 51 57
22 32 17 43
23 24 18 14
23 33 1 35
24 25 18 38
24 34 5 22
25 26 53 37
25 35 33 25
27 37 73 67
28 29 37 27
28 38 17 25
30 31 23 53
31 32 27 18
32 33 0 13
35 36 58 38
37 38 9 12
38 39 86 58
(1293, 1416)

Arvore 147
0 10 21 29
1 2 14 37
2 3 15 34
3 4 9 15
3 13 50 33
5 6 45 57
6 7 72 56
6 16 16 26
7 8 22 24
7 17 50 30
8 9 37 48
8 18 90 55
10 11 16 16
10 20 44 33
12 13 14 27
12 22 31 40
14 15 4 14
15 16 29 36
16 26 51 42
18 28 50 67
19 29 76 56
20 21 16 46
20 30 51 57
22 32 17 43
23 24 18 14
23 33 1 35
24 25 18 38
24 34 5 22
25 26 53 37
25 35 33 25
26 27 62 70
28 29 37 27
28 38 17 25
30 31 23 53
31 32 27 18
32 33 0 13
35 36 58 38
37 38 9 12
38 39 86 58
(1287, 1406)

Arvore 148
0 10 21 29
1 2 14 37
2 3 15 34
3 4 9 15
3 13 50 33
5 6 45 57
6 7 72 56
6 16 16 26
7 8 22 24
7 17 50 30
8 9 37 48
8 18 90 55
10 11 16 16
10 20 44 33
12 13 14 27
12 22 31 40
14 15 4 14
15 16 29 36
16 26 51 42
18 28 50 67
19 29 76 56
20 21 16 46
20 30 51 57
22 32 17 43
23 24 18 14
23 33 1 35
24 25 18 38
24 34 5 22
25 26 53 37
25 35 33 25
27 37 73 67
28 29 37 27
28 38 17 25
30 31 23 53
31 32 27 18
32 33 0 13
35 36 58 38
37 38 9 12
38 39 86 58
(1298, 1403)

Arvore 149
0 10 21 29
1 2 14 37
2 3 15 34
3 4 9 15
3 13 50 33
5 6 45 57
6 7 72 56
6 16 16 26
7 8 22 24
7 17 50 30
8 9 37 48
9 19 71 69
10 11 16 16
10 20 44 33
12 13 14 27
12 22 31 40
14 15 4 14
15 16 29 36
16 26 51 42
17 18 71 62
18 28 50 67
20 21 16 46
20 30 51 57
22 32 17 43
23 24 18 14
23 33 1 35
24 25 18 38
24 34 5 22
25 26 53 37
25 35 33 25
26 27 62 70
28 29 37 27
28 38 17 25
30 31 23 53
31 32 27 18
32 33 0 13
35 36 58 38
37 38 9 12
38 39 86 58
(1263, 1426)

Arvore 150
0 10 21 29
1 2 14 37
2 3 15 34
3 4 9 15
3 13 50 33
5 6 45 57
6 7 72 56
6 16 16 26
7 8 22 24
7 17 50 30
8 9 37 48
9 19 71 69
10 11 16 16
10 20 44 33
12 13 14 27
12 22 31 40
14 15 4 14
15 16 29 36
16 26 51 42
17 18 71 62
18 28 50 67
20 21 16 46
20 30 51 57
22 32 17 43
23 24 18 14
23 33 1 35
24 25 18 38
24 34 5 22
25 26 53 37
25 35 33 25
27 37 73 67
28 29 37 27
28 38 17 25
30 31 23 53
31 32 27 18
32 33 0 13
35 36 58 38
37 38 9 12
38 39 86 58
(1274, 1423)

Arvore 151
0 10 21 29
1 2 14 37
2 3 15 34
3 4 9 15
3 13 50 33
5 6 45 57
6 7 72 56
6 16 16 26
7 8 22 24
7 17 50 30
8 9 37 48
10 11 16 16
10 20 44 33
12 13 14 27
12 22 31 40
14 15 4 14
15 16 29 36
16 26 51 42
17 18 71 62
18 28 50 67
19 29 76 56
20 21 16 46
20 30 51 57
22 32 17 43
23 24 18 14
23 33 1 35
24 25 18 38
24 34 5 22
25 26 53 37
25 35 33 25
26 27 62 70
28 29 37 27
28 38 17 25
30 31 23 53
31 32 27 18
32 33 0 13
35 36 58 38
37 38 9 12
38 39 86 58
(1268, 1413)

Arvore 152
0 10 21 29
1 2 14 37
2 3 15 34
3 4 9 15
3 13 50 33
5 6 45 57
6 7 72 56
6 16 16 26
7 8 22 24
7 17 50 30
8 9 37 48
10 11 16 16
10 20 44 33
12 13 14 27
12 22 31 40
14 15 4 14
15 16 29 36
16 26 51 42
17 18 71 62
18 28 50 67
19 29 76 56
20 21 16 46
20 30 51 57
22 32 17 43
23 24 18 14
23 33 1 35
24 25 18 38
24 34 5 22
25 26 53 37
25 35 33 25
27 37 73 67
28 29 37 27
28 38 17 25
30 31 23 53
31 32 27 18
32 33 0 13
35 36 58 38
37 38 9 12
38 39 86 58
(1279, 1410)

Arvore 153
0 10 21 29
1 2 14 37
2 3 15 34
3 4 9 15
3 13 50 33
5 6 45 57
6 16 16 26
7 8 22 24
7 17 50 30
8 9 37 48
8 18 90 55
9 19 71 69
10 11 16 16
10 20 44 33
12 13 14 27
12 22 31 40
14 15 4 14
15 16 29 36
16 17 64 77
16 26 51 42
18 28 50 67
20 21 16 46
20 30 51 57
22 32 17 43
23 24 18 14
23 33 1 35
24 25 18 38
24 34 5 22
25 26 53 37
25 35 33 25
26 27 62 70
28 29 37 27
28 38 17 25
30 31 23 53
31 32 27 18
32 33 0 13
35 36 58 38
37 38 9 12
38 39 86 58
(1274, 1440)

Arvore 154
0 10 21 29
1 2 14 37
2 3 15 34
3 4 9 15
3 13 50 33
5 6 45 57
6 16 16 26
7 8 22 24
7 17 50 30
8 9 37 48
8 18 90 55
10 11 16 16
10 20 44 33
12 13 14 27
12 22 31 40
14 15 4 14
15 16 29 36
16 17 64 77
16 26 51 42
18 28 50 67
19 29 76 56
20 21 16 46
20 30 51 57
22 32 17 43
23 24 18 14
23 33 1 35
24 25 18 38
24 34 5 22
25 26 53 37
25 35 33 25
26 27 62 70
28 29 37 27
28 38 17 25
30 31 23 53
31 32 27 18
32 33 0 13
35 36 58 38
37 38 9 12
38 39 86 58
(1279, 1427)

Arvore 155
0 10 21 29
1 2 14 37
2 3 15 34
3 4 9 15
3 13 50 33
5 6 45 57
6 16 16 26
7 8 22 24
7 17 50 30
8 9 37 48
9 19 71 69
10 11 16 16
10 20 44 33
12 13 14 27
12 22 31 40
14 15 4 14
15 16 29 36
16 17 64 77
16 26 51 42
17 18 71 62
18 28 50 67
20 21 16 46
20 30 51 57
22 32 17 43
23 24 18 14
23 33 1 35
24 25 18 38
24 34 5 22
25 26 53 37
25 35 33 25
26 27 62 70
28 29 37 27
28 38 17 25
30 31 23 53
31 32 27 18
32 33 0 13
35 36 58 38
37 38 9 12
38 39 86 58
(1255, 1447)

Arvore 156
0 10 21 29
1 2 14 37
2 3 15 34
3 4 9 15
3 13 50 33
5 6 45 57
6 16 16 26
7 8 22 24
7 17 50 30
8 9 37 48
10 11 16 16
10 20 44 33
12 13 14 27
12 22 31 40
14 15 4 14
15 16 29 36
16 17 64 77
16 26 51 42
17 18 71 62
18 28 50 67
19 29 76 56
20 21 16 46
20 30 51 57
22 32 17 43
23 24 18 14
23 33 1 35
24 25 18 38
24 34 5 22
25 26 53 37
25 35 33 25
26 27 62 70
28 29 37 27
28 38 17 25
30 31 23 53
31 32 27 18
32 33 0 13
35 36 58 38
37 38 9 12
38 39 86 58
(1260, 1434)

Arvore 157
0 10 21 29
1 2 14 37
2 3 15 34
3 4 9 15
3 13 50 33
5 15 55 35
6 7 72 56
6 16 16 26
7 8 22 24
7 17 50 30
8 9 37 48
8 18 90 55
9 19 71 69
10 11 16 16
10 20 44 33
12 13 14 27
12 22 31 40
14 15 4 14
15 16 29 36
16 26 51 42
18 28 50 67
20 21 16 46
20 30 51 57
22 32 17 43
23 24 18 14
23 33 1 35
24 25 18 38
24 34 5 22
25 26 53 37
25 35 33 25
26 27 62 70
28 29 37 27
28 38 17 25
30 31 23 53
31 32 27 18
32 33 0 13
35 36 58 38
37 38 9 12
38 39 86 58
(1292, 1397)

Arvore 158
0 10 21 29
1 2 14 37
2 3 15 34
3 4 9 15
3 13 50 33
5 15 55 35
6 7 72 56
6 16 16 26
7 8 22 24
7 17 50 30
8 9 37 48
8 18 90 55
9 19 71 69
10 11 16 16
10 20 44 33
12 13 14 27
12 22 31 40
14 15 4 14
15 16 29 36
16 26 51 42
18 28 50 67
20 21 16 46
20 30 51 57
22 32 17 43
23 24 18 14
23 33 1 35
24 25 18 38
24 34 5 22
25 26 53 37
25 35 33 25
27 37 73 67
28 29 37 27
28 38 17 25
30 31 23 53
31 32 27 18
32 33 0 13
35 36 58 38
37 38 9 12
38 39 86 58
(1303, 1394)

Arvore 159
0 10 21 29
1 2 14 37
2 3 15 34
3 4 9 15
3 13 50 33
5 15 55 35
6 7 72 56
6 16 16 26
7 8 22 24
7 17 50 30
8 9 37 48
8 18 90 55
10 11 16 16
10 20 44 33
12 13 14 27
12 22 31 40
14 15 4 14
15 16 29 36
16 26 51 42
18 28 50 67
19 29 76 56
20 21 16 46
20 30 51 57
22 32 17 43
23 24 18 14
23 33 1 35
24 25 18 38
24 34 5 22
25 26 53 37
25 35 33 25
26 27 62 70
28 29 37 27
28 38 17 25
30 31 23 53
31 32 27 18
32 33 0 13
35 36 58 38
37 38 9 12
38 39 86 58
(1297, 1384)

Arvore 160
0 10 21 29
1 2 14 37
2 3 15 34
3 4 9 15
3 13 50 33
5 15 55 35
6 7 72 56
6 16 16 26
7 8 22 24
7 17 50 30
8 9 37 48
8 18 90 55
10 11 16 16
10 20 44 33
12 13 14 27
12 22 31 40
14 15 4 14
15 16 29 36
16 26 51 42
18 28 50 67
19 29 76 56
20 21 16 46
20 30 51 57
22 32 17 43
23 24 18 14
23 33 1 35
24 25 18 38
24 34 5 22
25 26 53 37
25 35 33 25
27 37 73 67
28 29 37 27
28 38 17 25
30 31 23 53
31 32 27 18
32 33 0 13
35 36 58 38
37 38 9 12
38 39 86 58
(1308, 1381)

Arvore 161
0 10 21 29
1 2 14 37
2 3 15 34
3 4 9 15
3 13 50 33
5 15 55 35
6 7 72 56
6 16 16 26
7 8 22 24
7 17 50 30
8 9 37 48
9 19 71 69
10 11 16 16
10 20 44 33
12 13 14 27
12 22 31 40
14 15 4 14
15 16 29 36
16 26 51 42
17 18 71 62
18 28 50 67
20 21 16 46
20 30 51 57
22 32 17 43
23 24 18 14
23 33 1 35
24 25 18 38
24 34 5 22
25 26 53 37
25 35 33 25
26 27 62 70
28 29 37 27
28 38 17 25
30 31 23 53
31 32 27 18
32 33 0 13
35 36 58 38
37 38 9 12
38 39 86 58
(1273, 1404)

Arvore 162
0 10 21 29
1 2 14 37
2 3 15 34
3 4 9 15
3 13 50 33
5 15 55 35
6 7 72 56
6 16 16 26
7 8 22 24
7 17 50 30
8 9 37 48
9 19 71 69
10 11 16 16
10 20 44 33
12 13 14 27
12 22 31 40
14 15 4 14
15 16 29 36
16 26 51 42
17 18 71 62
18 28 50 67
20 21 16 46
20 30 51 57
22 32 17 43
23 24 18 14
23 33 1 35
24 25 18 38
24 34 5 22
25 26 53 37
25 35 33 25
27 37 73 67
28 29 37 27
28 38 17 25
30 31 23 53
31 32 27 18
32 33 0 13
35 36 58 38
37 38 9 12
38 39 86 58
(1284, 1401)

Arvore 163
0 10 21 29
1 2 14 37
2 3 15 34
3 4 9 15
3 13 50 33
5 15 55 35
6 7 72 56
6 16 16 26
7 8 22 24
7 17 50 30
8 9 37 48
10 11 16 16
10 20 44 33
12 13 14 27
12 22 31 40
14 15 4 14
15 16 29 36
16 26 51 42
17 18 71 62
18 28 50 67
19 29 76 56
20 21 16 46
20 30 51 57
22 32 17 43
23 24 18 14
23 33 1 35
24 25 18 38
24 34 5 22
25 26 53 37
25 35 33 25
26 27 62 70
28 29 37 27
28 38 17 25
30 31 23 53
31 32 27 18
32 33 0 13
35 36 58 38
37 38 9 12
38 39 86 58
(1278, 1391)

Arvore 164
0 10 21 29
1 2 14 37
2 3 15 34
3 4 9 15
3 13 50 33
5 15 55 35
6 7 72 56
6 16 16 26
7 8 22 24
7 17 50 30
8 9 37 48
10 11 16 16
10 20 44 33
12 13 14 27
12 22 31 40
14 15 4 14
15 16 29 36
16 26 51 42
17 18 71 62
18 28 50 67
19 29 76 56
20 21 16 46
20 30 51 57
22 32 17 43
23 24 18 14
23 33 1 35
24 25 18 38
24 34 5 22
25 26 53 37
25 35 33 25
27 37 73 67
28 29 37 27
28 38 17 25
30 31 23 53
31 32 27 18
32 33 0 13
35 36 58 38
37 38 9 12
38 39 86 58
(1289, 1388)

Arvore 165
0 10 21 29
1 2 14 37
2 3 15 34
3 4 9 15
3 13 50 33
5 15 55 35
6 16 16 26
7 8 22 24
7 17 50 30
8 9 37 48
8 18 90 55
9 19 71 69
10 11 16 16
10 20 44 33
12 13 14 27
12 22 31 40
14 15 4 14
15 16 29 36
16 17 64 77
16 26 51 42
18 28 50 67
20 21 16 46
20 30 51 57
22 32 17 43
23 24 18 14
23 33 1 35
24 25 18 38
24 34 5 22
25 26 53 37
25 35 33 25
26 27 62 70
28 29 37 27
28 38 17 25
30 31 23 53
31 32 27 18
32 33 0 13
35 36 58 38
37 38 9 12
38 39 86 58
(1284, 1418)

Arvore 166
0 10 21 29
1 2 14 37
2 3 15 34
3 4 9 15
3 13 50 33
5 15 55 35
6 16 16 26
7 8 22 24
7 17 50 30
8 9 37 48
8 18 90 55
10 11 16 16
10 20 44 33
12 13 14 27
12 22 31 40
14 15 4 14
15 16 29 36
16 17 64 77
16 26 51 42
18 28 50 67
19 29 76 56
20 21 16 46
20 30 51 57
22 32 17 43
23 24 18 14
23 33 1 35
24 25 18 38
24 34 5 22
25 26 53 37
25 35 33 25
26 27 62 70
28 29 37 27
28 38 17 25
30 31 23 53
31 32 27 18
32 33 0 13
35 36 58 38
37 38 9 12
38 39 86 58
(1289, 1405)

Arvore 167
0 10 21 29
1 2 14 37
2 3 15 34
3 4 9 15
3 13 50 33
5 15 55 35
6 16 16 26
7 8 22 24
7 17 50 30
8 9 37 48
9 19 71 69
10 11 16 16
10 20 44 33
12 13 14 27
12 22 31 40
14 15 4 14
15 16 29 36
16 17 64 77
16 26 51 42
17 18 71 62
18 28 50 67
20 21 16 46
20 30 51 57
22 32 17 43
23 24 18 14
23 33 1 35
24 25 18 38
24 34 5 22
25 26 53 37
25 35 33 25
26 27 62 70
28 29 37 27
28 38 17 25
30 31 23 53
31 32 27 18
32 33 0 13
35 36 58 38
37 38 9 12
38 39 86 58
(1265, 1425)

Arvore 168
0 10 21 29
1 2 14 37
2 3 15 34
3 4 9 15
3 13 50 33
5 15 55 35
6 16 16 26
7 8 22 24
7 17 50 30
8 9 37 48
10 11 16 16
10 20 44 33
12 13 14 27
12 22 31 40
14 15 4 14
15 16 29 36
16 17 64 77
16 26 51 42
17 18 71 62
18 28 50 67
19 29 76 56
20 21 16 46
20 30 51 57
22 32 17 43
23 24 18 14
23 33 1 35
24 25 18 38
24 34 5 22
25 26 53 37
25 35 33 25
26 27 62 70
28 29 37 27
28 38 17 25
30 31 23 53
31 32 27 18
32 33 0 13
35 36 58 38
37 38 9 12
38 39 86 58
(1270, 1412)

