121
1.21
Arvore 1
0 1 24 26
0 14 12 47
1 15 52 50
2 3 5 18
3 4 74 45
3 17 31 39
4 18 41 42
5 6 62 40
5 19 3 5
6 7 1 31
6 20 28 28
7 8 31 19
7 21 53 39
8 9 47 30
8 22 42 60
9 10 45 28
9 23 15 11
10 11 28 36
10 24 12 20
11 25 46 48
12 13 89 59
13 27 51 57
14 28 15 10
15 16 10 16
16 17 1 39
16 30 34 37
18 19 48 67
18 32 61 41
20 34 16 47
23 37 13 21
26 27 35 49
26 40 53 60
28 29 15 13
30 31 24 45
32 33 32 48
34 35 68 49
35 36 38 31
37 38 19 33
38 39 41 54
39 40 20 34
40 41 6 41
(1341, 1513)

Arvore 2
0 1 24 26
0 14 12 47
1 15 52 50
2 3 5 18
3 4 74 45
3 17 31 39
4 18 41 42
5 6 62 40
5 19 3 5
6 7 1 31
6 20 28 28
7 8 31 19
7 21 53 39
8 9 47 30
8 22 42 60
9 10 45 28
9 23 15 11
10 11 28 36
10 24 12 20
11 25 46 48
12 26 88 75
13 27 51 57
14 28 15 10
15 16 10 16
16 17 1 39
16 30 34 37
18 19 48 67
18 32 61 41
20 34 16 47
23 37 13 21
26 27 35 49
26 40 53 60
28 29 15 13
30 31 24 45
32 33 32 48
34 35 68 49
35 36 38 31
37 38 19 33
38 39 41 54
39 40 20 34
40 41 6 41
(1340, 1529)

Arvore 3
0 1 24 26
0 14 12 47
1 15 52 50
2 3 5 18
3 4 74 45
3 17 31 39
4 18 41 42
5 6 62 40
5 19 3 5
6 7 1 31
6 20 28 28
7 8 31 19
7 21 53 39
8 9 47 30
8 22 42 60
9 10 45 28
9 23 15 11
10 11 28 36
10 24 12 20
11 25 46 48
12 13 89 59
13 27 51 57
14 28 15 10
15 16 10 16
16 17 1 39
16 30 34 37
18 19 48 67
18 32 61 41
20 34 16 47
22 36 66 75
23 37 13 21
26 27 35 49
26 40 53 60
28 29 15 13
30 31 24 45
32 33 32 48
35 36 38 31
37 38 19 33
38 39 41 54
39 40 20 34
40 41 6 41
(1339, 1539)

Arvore 4
0 1 24 26
0 14 12 47
1 15 52 50
2 3 5 18
3 4 74 45
3 17 31 39
4 18 41 42
5 6 62 40
5 19 3 5
6 7 1 31
6 20 28 28
7 8 31 19
7 21 53 39
8 9 47 30
8 22 42 60
9 10 45 28
9 23 15 11
10 11 28 36
10 24 12 20
11 25 46 48
12 26 88 75
13 27 51 57
14 28 15 10
15 16 10 16
16 17 1 39
16 30 34 37
18 19 48 67
18 32 61 41
20 34 16 47
22 36 66 75
23 37 13 21
26 27 35 49
26 40 53 60
28 29 15 13
30 31 24 45
32 33 32 48
35 36 38 31
37 38 19 33
38 39 41 54
39 40 20 34
40 41 6 41
(1338, 1555)

Arvore 5
0 1 24 26
0 14 12 47
1 15 52 50
2 3 5 18
3 4 74 45
3 17 31 39
4 18 41 42
5 6 62 40
5 19 3 5
6 7 1 31
6 20 28 28
7 8 31 19
7 21 53 39
8 9 47 30
8 22 42 60
9 10 45 28
9 23 15 11
10 11 28 36
10 24 12 20
11 25 46 48
12 13 89 59
13 27 51 57
14 28 15 10
15 16 10 16
16 17 1 39
16 30 34 37
18 19 48 67
20 34 16 47
23 37 13 21
26 27 35 49
26 40 53 60
28 29 15 13
30 31 24 45
31 32 56 51
32 33 32 48
34 35 68 49
35 36 38 31
37 38 19 33
38 39 41 54
39 40 20 34
40 41 6 41
(1336, 1523)

Arvore 6
0 1 24 26
0 14 12 47
1 15 52 50
2 3 5 18
3 4 74 45
3 17 31 39
4 18 41 42
5 6 62 40
5 19 3 5
6 7 1 31
6 20 28 28
7 8 31 19
7 21 53 39
8 9 47 30
8 22 42 60
9 10 45 28
9 23 15 11
10 11 28 36
10 24 12 20
11 25 46 48
12 26 88 75
13 27 51 57
14 28 15 10
15 16 10 16
16 17 1 39
16 30 34 37
18 19 48 67
20 34 16 47
23 37 13 21
26 27 35 49
26 40 53 60
28 29 15 13
30 31 24 45
31 32 56 51
32 33 32 48
34 35 68 49
35 36 38 31
37 38 19 33
38 39 41 54
39 40 20 34
40 41 6 41
(1335, 1539)

Arvore 7
0 1 24 26
0 14 12 47
1 15 52 50
2 3 5 18
3 4 74 45
3 17 31 39
4 18 41 42
5 6 62 40
5 19 3 5
6 7 1 31
6 20 28 28
7 8 31 19
7 21 53 39
8 9 47 30
8 22 42 60
9 10 45 28
9 23 15 11
10 11 28 36
10 24 12 20
11 25 46 48
12 13 89 59
13 27 51 57
14 28 15 10
15 16 10 16
16 17 1 39
16 30 34 37
18 19 48 67
20 34 16 47
22 36 66 75
23 37 13 21
26 27 35 49
26 40 53 60
28 29 15 13
30 31 24 45
31 32 56 51
32 33 32 48
35 36 38 31
37 38 19 33
38 39 41 54
39 40 20 34
40 41 6 41
(1334, 1549)

Arvore 8
0 1 24 26
0 14 12 47
1 15 52 50
2 3 5 18
3 4 74 45
3 17 31 39
4 18 41 42
5 6 62 40
5 19 3 5
6 7 1 31
6 20 28 28
7 8 31 19
7 21 53 39
8 9 47 30
8 22 42 60
9 10 45 28
9 23 15 11
10 11 28 36
10 24 12 20
11 25 46 48
12 26 88 75
13 27 51 57
14 28 15 10
15 16 10 16
16 17 1 39
16 30 34 37
18 19 48 67
20 34 16 47
22 36 66 75
23 37 13 21
26 27 35 49
26 40 53 60
28 29 15 13
30 31 24 45
31 32 56 51
32 33 32 48
35 36 38 31
37 38 19 33
38 39 41 54
39 40 20 34
40 41 6 41
(1333, 1565)

Arvore 9
0 1 24 26
0 14 12 47
1 15 52 50
2 3 5 18
3 4 74 45
3 17 31 39
4 18 41 42
5 6 62 40
5 19 3 5
6 7 1 31
6 20 28 28
7 8 31 19
7 21 53 39
8 9 47 30
8 22 42 60
9 23 15 11
10 11 28 36
10 24 12 20
11 25 46 48
12 13 89 59
13 27 51 57
14 28 15 10
15 16 10 16
16 17 1 39
16 30 34 37
18 19 48 67
18 32 61 41
20 34 16 47
23 24 20 38
23 37 13 21
26 27 35 49
26 40 53 60
28 29 15 13
30 31 24 45
32 33 32 48
34 35 68 49
35 36 38 31
37 38 19 33
38 39 41 54
39 40 20 34
40 41 6 41
(1316, 1523)

Arvore 10
0 1 24 26
0 14 12 47
1 15 52 50
2 3 5 18
3 4 74 45
3 17 31 39
4 18 41 42
5 6 62 40
5 19 3 5
6 7 1 31
6 20 28 28
7 8 31 19
7 21 53 39
8 9 47 30
8 22 42 60
9 23 15 11
10 11 28 36
10 24 12 20
11 25 46 48
12 26 88 75
13 27 51 57
14 28 15 10
15 16 10 16
16 17 1 39
16 30 34 37
18 19 48 67
18 32 61 41
20 34 16 47
23 24 20 38
23 37 13 21
26 27 35 49
26 40 53 60
28 29 15 13
30 31 24 45
32 33 32 48
34 35 68 49
35 36 38 31
37 38 19 33
38 39 41 54
39 40 20 34
40 41 6 41
(1315, 1539)

Arvore 11
0 1 24 26
0 14 12 47
1 15 52 50
2 3 5 18
3 4 74 45
3 17 31 39
4 18 41 42
5 6 62 40
5 19 3 5
6 7 1 31
6 20 28 28
7 8 31 19
7 21 53 39
8 9 47 30
8 22 42 60
9 23 15 11
10 11 28 36
10 24 12 20
11 25 46 48
12 13 89 59
13 27 51 57
14 28 15 10
15 16 10 16
16 17 1 39
16 30 34 37
18 19 48 67
18 32 61 41
20 34 16 47
22 36 66 75
23 24 20 38
23 37 13 21
26 27 35 49
26 40 53 60
28 29 15 13
30 31 24 45
32 33 32 48
35 36 38 31
37 38 19 33
38 39 41 54
39 40 20 34
40 41 6 41
(1314, 1549)

Arvore 12
0 1 24 26
0 14 12 47
1 15 52 50
2 3 5 18
3 4 74 45
3 17 31 39
4 18 41 42
5 6 62 40
5 19 3 5
6 7 1 31
6 20 28 28
7 8 31 19
7 21 53 39
8 9 47 30
8 22 42 60
9 23 15 11
10 11 28 36
10 24 12 20
11 25 46 48
12 26 88 75
13 27 51 57
14 28 15 10
15 16 10 16
16 17 1 39
16 30 34 37
18 19 48 67
18 32 61 41
20 34 16 47
22 36 66 75
23 24 20 38
23 37 13 21
26 27 35 49
26 40 53 60
28 29 15 13
30 31 24 45
32 33 32 48
35 36 38 31
37 38 19 33
38 39 41 54
39 40 20 34
40 41 6 41
(1313, 1565)

Arvore 13
0 1 24 26
0 14 12 47
1 15 52 50
2 3 5 18
3 4 74 45
3 17 31 39
4 18 41 42
5 6 62 40
5 19 3 5
6 7 1 31
6 20 28 28
7 8 31 19
7 21 53 39
8 9 47 30
8 22 42 60
9 23 15 11
10 11 28 36
10 24 12 20
11 25 46 48
12 13 89 59
13 27 51 57
14 28 15 10
15 16 10 16
16 17 1 39
16 30 34 37
18 19 48 67
20 34 16 47
23 24 20 38
23 37 13 21
26 27 35 49
26 40 53 60
28 29 15 13
30 31 24 45
31 32 56 51
32 33 32 48
34 35 68 49
35 36 38 31
37 38 19 33
38 39 41 54
39 40 20 34
40 41 6 41
(1311, 1533)

Arvore 14
0 1 24 26
0 14 12 47
1 15 52 50
2 3 5 18
3 4 74 45
3 17 31 39
4 18 41 42
5 6 62 40
5 19 3 5
6 7 1 31
6 20 28 28
7 8 31 19
7 21 53 39
8 9 47 30
8 22 42 60
9 23 15 11
10 11 28 36
10 24 12 20
11 25 46 48
12 26 88 75
13 27 51 57
14 28 15 10
15 16 10 16
16 17 1 39
16 30 34 37
18 19 48 67
20 34 16 47
23 24 20 38
23 37 13 21
26 27 35 49
26 40 53 60
28 29 15 13
30 31 24 45
31 32 56 51
32 33 32 48
34 35 68 49
35 36 38 31
37 38 19 33
38 39 41 54
39 40 20 34
40 41 6 41
(1310, 1549)

Arvore 15
0 1 24 26
0 14 12 47
1 15 52 50
2 3 5 18
3 4 74 45
3 17 31 39
4 18 41 42
5 6 62 40
5 19 3 5
6 7 1 31
6 20 28 28
7 8 31 19
7 21 53 39
8 9 47 30
8 22 42 60
9 23 15 11
10 11 28 36
10 24 12 20
11 25 46 48
12 13 89 59
13 27 51 57
14 28 15 10
15 16 10 16
16 17 1 39
16 30 34 37
18 19 48 67
20 34 16 47
22 36 66 75
23 24 20 38
23 37 13 21
26 27 35 49
26 40 53 60
28 29 15 13
30 31 24 45
31 32 56 51
32 33 32 48
35 36 38 31
37 38 19 33
38 39 41 54
39 40 20 34
40 41 6 41
(1309, 1559)

Arvore 16
0 1 24 26
0 14 12 47
1 15 52 50
2 3 5 18
3 4 74 45
3 17 31 39
4 18 41 42
5 6 62 40
5 19 3 5
6 7 1 31
6 20 28 28
7 8 31 19
7 21 53 39
8 9 47 30
8 22 42 60
9 23 15 11
10 11 28 36
10 24 12 20
11 25 46 48
12 26 88 75
13 27 51 57
14 28 15 10
15 16 10 16
16 17 1 39
16 30 34 37
18 19 48 67
20 34 16 47
22 36 66 75
23 24 20 38
23 37 13 21
26 27 35 49
26 40 53 60
28 29 15 13
30 31 24 45
31 32 56 51
32 33 32 48
35 36 38 31
37 38 19 33
38 39 41 54
39 40 20 34
40 41 6 41
(1308, 1575)

Arvore 17
0 1 24 26
0 14 12 47
1 15 52 50
2 3 5 18
3 17 31 39
4 18 41 42
5 6 62 40
5 19 3 5
6 7 1 31
6 20 28 28
7 8 31 19
7 21 53 39
8 9 47 30
8 22 42 60
9 10 45 28
9 23 15 11
10 11 28 36
10 24 12 20
11 25 46 48
12 13 89 59
13 27 51 57
14 28 15 10
15 16 10 16
16 17 1 39
16 30 34 37
18 19 48 67
18 32 61 41
20 34 16 47
23 37 13 21
26 27 35 49
26 40 53 60
28 29 15 13
30 31 24 45
31 32 56 51
32 33 32 48
34 35 68 49
35 36 38 31
37 38 19 33
38 39 41 54
39 40 20 34
40 41 6 41
(1323, 1519)

Arvore 18
0 1 24 26
0 14 12 47
1 15 52 50
2 3 5 18
3 17 31 39
4 18 41 42
5 6 62 40
5 19 3 5
6 7 1 31
6 20 28 28
7 8 31 19
7 21 53 39
8 9 47 30
8 22 42 60
9 10 45 28
9 23 15 11
10 11 28 36
10 24 12 20
11 25 46 48
12 26 88 75
13 27 51 57
14 28 15 10
15 16 10 16
16 17 1 39
16 30 34 37
18 19 48 67
18 32 61 41
20 34 16 47
23 37 13 21
26 27 35 49
26 40 53 60
28 29 15 13
30 31 24 45
31 32 56 51
32 33 32 48
34 35 68 49
35 36 38 31
37 38 19 33
38 39 41 54
39 40 20 34
40 41 6 41
(1322, 1535)

Arvore 19
0 1 24 26
0 14 12 47
1 15 52 50
2 3 5 18
3 17 31 39
4 18 41 42
5 6 62 40
5 19 3 5
6 7 1 31
6 20 28 28
7 8 31 19
7 21 53 39
8 9 47 30
8 22 42 60
9 10 45 28
9 23 15 11
10 11 28 36
10 24 12 20
11 25 46 48
12 13 89 59
13 27 51 57
14 28 15 10
15 16 10 16
16 17 1 39
16 30 34 37
18 19 48 67
18 32 61 41
20 34 16 47
22 36 66 75
23 37 13 21
26 27 35 49
26 40 53 60
28 29 15 13
30 31 24 45
31 32 56 51
32 33 32 48
35 36 38 31
37 38 19 33
38 39 41 54
39 40 20 34
40 41 6 41
(1321, 1545)

Arvore 20
0 1 24 26
0 14 12 47
1 15 52 50
2 3 5 18
3 17 31 39
4 18 41 42
5 6 62 40
5 19 3 5
6 7 1 31
6 20 28 28
7 8 31 19
7 21 53 39
8 9 47 30
8 22 42 60
9 10 45 28
9 23 15 11
10 11 28 36
10 24 12 20
11 25 46 48
12 26 88 75
13 27 51 57
14 28 15 10
15 16 10 16
16 17 1 39
16 30 34 37
18 19 48 67
18 32 61 41
20 34 16 47
22 36 66 75
23 37 13 21
26 27 35 49
26 40 53 60
28 29 15 13
30 31 24 45
31 32 56 51
32 33 32 48
35 36 38 31
37 38 19 33
38 39 41 54
39 40 20 34
40 41 6 41
(1320, 1561)

Arvore 21
0 1 24 26
0 14 12 47
1 15 52 50
2 3 5 18
3 17 31 39
4 18 41 42
5 6 62 40
5 19 3 5
6 7 1 31
6 20 28 28
7 8 31 19
7 21 53 39
8 9 47 30
8 22 42 60
9 23 15 11
10 11 28 36
10 24 12 20
11 25 46 48
12 13 89 59
13 27 51 57
14 28 15 10
15 16 10 16
16 17 1 39
16 30 34 37
18 19 48 67
18 32 61 41
20 34 16 47
23 24 20 38
23 37 13 21
26 27 35 49
26 40 53 60
28 29 15 13
30 31 24 45
31 32 56 51
32 33 32 48
34 35 68 49
35 36 38 31
37 38 19 33
38 39 41 54
39 40 20 34
40 41 6 41
(1298, 1529)

Arvore 22
0 1 24 26
0 14 12 47
1 15 52 50
2 3 5 18
3 17 31 39
4 18 41 42
5 6 62 40
5 19 3 5
6 7 1 31
6 20 28 28
7 8 31 19
7 21 53 39
8 9 47 30
8 22 42 60
9 23 15 11
10 11 28 36
10 24 12 20
11 25 46 48
12 26 88 75
13 27 51 57
14 28 15 10
15 16 10 16
16 17 1 39
16 30 34 37
18 19 48 67
18 32 61 41
20 34 16 47
23 24 20 38
23 37 13 21
26 27 35 49
26 40 53 60
28 29 15 13
30 31 24 45
31 32 56 51
32 33 32 48
34 35 68 49
35 36 38 31
37 38 19 33
38 39 41 54
39 40 20 34
40 41 6 41
(1297, 1545)

Arvore 23
0 1 24 26
0 14 12 47
1 15 52 50
2 3 5 18
3 17 31 39
4 18 41 42
5 6 62 40
5 19 3 5
6 7 1 31
6 20 28 28
7 8 31 19
7 21 53 39
8 9 47 30
8 22 42 60
9 23 15 11
10 11 28 36
10 24 12 20
11 25 46 48
12 13 89 59
13 27 51 57
14 28 15 10
15 16 10 16
16 17 1 39
16 30 34 37
18 19 48 67
18 32 61 41
20 34 16 47
22 36 66 75
23 24 20 38
23 37 13 21
26 27 35 49
26 40 53 60
28 29 15 13
30 31 24 45
31 32 56 51
32 33 32 48
35 36 38 31
37 38 19 33
38 39 41 54
39 40 20 34
40 41 6 41
(1296, 1555)

Arvore 24
0 1 24 26
0 14 12 47
1 15 52 50
2 3 5 18
3 17 31 39
4 18 41 42
5 6 62 40
5 19 3 5
6 7 1 31
6 20 28 28
7 8 31 19
7 21 53 39
8 9 47 30
8 22 42 60
9 23 15 11
10 11 28 36
10 24 12 20
11 25 46 48
12 26 88 75
13 27 51 57
14 28 15 10
15 16 10 16
16 17 1 39
16 30 34 37
18 19 48 67
18 32 61 41
20 34 16 47
22 36 66 75
23 24 20 38
23 37 13 21
26 27 35 49
26 40 53 60
28 29 15 13
30 31 24 45
31 32 56 51
32 33 32 48
35 36 38 31
37 38 19 33
38 39 41 54
39 40 20 34
40 41 6 41
(1295, 1571)

Arvore 25
0 1 24 26
0 14 12 47
2 3 5 18
3 4 74 45
3 17 31 39
4 18 41 42
5 6 62 40
5 19 3 5
6 7 1 31
6 20 28 28
7 8 31 19
7 21 53 39
8 9 47 30
8 22 42 60
9 10 45 28
9 23 15 11
10 11 28 36
10 24 12 20
11 25 46 48
12 13 89 59
13 27 51 57
14 15 40 60
14 28 15 10
15 16 10 16
16 17 1 39
16 30 34 37
18 19 48 67
18 32 61 41
20 34 16 47
23 37 13 21
26 27 35 49
26 40 53 60
28 29 15 13
30 31 24 45
32 33 32 48
34 35 68 49
35 36 38 31
37 38 19 33
38 39 41 54
39 40 20 34
40 41 6 41
(1329, 1523)

Arvore 26
0 1 24 26
0 14 12 47
2 3 5 18
3 4 74 45
3 17 31 39
4 18 41 42
5 6 62 40
5 19 3 5
6 7 1 31
6 20 28 28
7 8 31 19
7 21 53 39
8 9 47 30
8 22 42 60
9 10 45 28
9 23 15 11
10 11 28 36
10 24 12 20
11 25 46 48
12 26 88 75
13 27 51 57
14 15 40 60
14 28 15 10
15 16 10 16
16 17 1 39
16 30 34 37
18 19 48 67
18 32 61 41
20 34 16 47
23 37 13 21
26 27 35 49
26 40 53 60
28 29 15 13
30 31 24 45
32 33 32 48
34 35 68 49
35 36 38 31
37 38 19 33
38 39 41 54
39 40 20 34
40 41 6 41
(1328, 1539)

Arvore 27
0 1 24 26
0 14 12 47
2 3 5 18
3 4 74 45
3 17 31 39
4 18 41 42
5 6 62 40
5 19 3 5
6 7 1 31
6 20 28 28
7 8 31 19
7 21 53 39
8 9 47 30
8 22 42 60
9 10 45 28
9 23 15 11
10 11 28 36
10 24 12 20
11 25 46 48
12 13 89 59
13 27 51 57
14 15 40 60
14 28 15 10
15 16 10 16
16 17 1 39
16 30 34 37
18 19 48 67
18 32 61 41
20 34 16 47
22 36 66 75
23 37 13 21
26 27 35 49
26 40 53 60
28 29 15 13
30 31 24 45
32 33 32 48
35 36 38 31
37 38 19 33
38 39 41 54
39 40 20 34
40 41 6 41
(1327, 1549)

Arvore 28
0 1 24 26
0 14 12 47
2 3 5 18
3 4 74 45
3 17 31 39
4 18 41 42
5 6 62 40
5 19 3 5
6 7 1 31
6 20 28 28
7 8 31 19
7 21 53 39
8 9 47 30
8 22 42 60
9 10 45 28
9 23 15 11
10 11 28 36
10 24 12 20
11 25 46 48
12 26 88 75
13 27 51 57
14 15 40 60
14 28 15 10
15 16 10 16
16 17 1 39
16 30 34 37
18 19 48 67
18 32 61 41
20 34 16 47
22 36 66 75
23 37 13 21
26 27 35 49
26 40 53 60
28 29 15 13
30 31 24 45
32 33 32 48
35 36 38 31
37 38 19 33
38 39 41 54
39 40 20 34
40 41 6 41
(1326, 1565)

Arvore 29
0 1 24 26
0 14 12 47
2 3 5 18
3 4 74 45
3 17 31 39
4 18 41 42
5 6 62 40
5 19 3 5
6 7 1 31
6 20 28 28
7 8 31 19
7 21 53 39
8 9 47 30
8 22 42 60
9 10 45 28
9 23 15 11
10 11 28 36
10 24 12 20
11 25 46 48
12 13 89 59
13 27 51 57
14 15 40 60
14 28 15 10
15 16 10 16
16 17 1 39
16 30 34 37
18 19 48 67
20 34 16 47
23 37 13 21
26 27 35 49
26 40 53 60
28 29 15 13
30 31 24 45
31 32 56 51
32 33 32 48
34 35 68 49
35 36 38 31
37 38 19 33
38 39 41 54
39 40 20 34
40 41 6 41
(1324, 1533)

Arvore 30
0 1 24 26
0 14 12 47
2 3 5 18
3 4 74 45
3 17 31 39
4 18 41 42
5 6 62 40
5 19 3 5
6 7 1 31
6 20 28 28
7 8 31 19
7 21 53 39
8 9 47 30
8 22 42 60
9 10 45 28
9 23 15 11
10 11 28 36
10 24 12 20
11 25 46 48
12 26 88 75
13 27 51 57
14 15 40 60
14 28 15 10
15 16 10 16
16 17 1 39
16 30 34 37
18 19 48 67
20 34 16 47
23 37 13 21
26 27 35 49
26 40 53 60
28 29 15 13
30 31 24 45
31 32 56 51
32 33 32 48
34 35 68 49
35 36 38 31
37 38 19 33
38 39 41 54
39 40 20 34
40 41 6 41
(1323, 1549)

Arvore 31
0 1 24 26
0 14 12 47
2 3 5 18
3 4 74 45
3 17 31 39
4 18 41 42
5 6 62 40
5 19 3 5
6 7 1 31
6 20 28 28
7 8 31 19
7 21 53 39
8 9 47 30
8 22 42 60
9 10 45 28
9 23 15 11
10 11 28 36
10 24 12 20
11 25 46 48
12 13 89 59
13 27 51 57
14 15 40 60
14 28 15 10
15 16 10 16
16 17 1 39
16 30 34 37
18 19 48 67
20 34 16 47
22 36 66 75
23 37 13 21
26 27 35 49
26 40 53 60
28 29 15 13
30 31 24 45
31 32 56 51
32 33 32 48
35 36 38 31
37 38 19 33
38 39 41 54
39 40 20 34
40 41 6 41
(1322, 1559)

Arvore 32
0 1 24 26
0 14 12 47
2 3 5 18
3 4 74 45
3 17 31 39
4 18 41 42
5 6 62 40
5 19 3 5
6 7 1 31
6 20 28 28
7 8 31 19
7 21 53 39
8 9 47 30
8 22 42 60
9 10 45 28
9 23 15 11
10 11 28 36
10 24 12 20
11 25 46 48
12 26 88 75
13 27 51 57
14 15 40 60
14 28 15 10
15 16 10 16
16 17 1 39
16 30 34 37
18 19 48 67
20 34 16 47
22 36 66 75
23 37 13 21
26 27 35 49
26 40 53 60
28 29 15 13
30 31 24 45
31 32 56 51
32 33 32 48
35 36 38 31
37 38 19 33
38 39 41 54
39 40 20 34
40 41 6 41
(1321, 1575)

Arvore 33
0 1 24 26
0 14 12 47
2 3 5 18
3 4 74 45
3 17 31 39
4 18 41 42
5 6 62 40
5 19 3 5
6 7 1 31
6 20 28 28
7 8 31 19
7 21 53 39
8 9 47 30
8 22 42 60
9 23 15 11
10 11 28 36
10 24 12 20
11 25 46 48
12 13 89 59
13 27 51 57
14 15 40 60
14 28 15 10
15 16 10 16
16 17 1 39
16 30 34 37
18 19 48 67
18 32 61 41
20 34 16 47
23 24 20 38
23 37 13 21
26 27 35 49
26 40 53 60
28 29 15 13
30 31 24 45
32 33 32 48
34 35 68 49
35 36 38 31
37 38 19 33
38 39 41 54
39 40 20 34
40 41 6 41
(1304, 1533)

Arvore 34
0 1 24 26
0 14 12 47
2 3 5 18
3 4 74 45
3 17 31 39
4 18 41 42
5 6 62 40
5 19 3 5
6 7 1 31
6 20 28 28
7 8 31 19
7 21 53 39
8 9 47 30
8 22 42 60
9 23 15 11
10 11 28 36
10 24 12 20
11 25 46 48
12 26 88 75
13 27 51 57
14 15 40 60
14 28 15 10
15 16 10 16
16 17 1 39
16 30 34 37
18 19 48 67
18 32 61 41
20 34 16 47
23 24 20 38
23 37 13 21
26 27 35 49
26 40 53 60
28 29 15 13
30 31 24 45
32 33 32 48
34 35 68 49
35 36 38 31
37 38 19 33
38 39 41 54
39 40 20 34
40 41 6 41
(1303, 1549)

Arvore 35
0 1 24 26
0 14 12 47
2 3 5 18
3 4 74 45
3 17 31 39
4 18 41 42
5 6 62 40
5 19 3 5
6 7 1 31
6 20 28 28
7 8 31 19
7 21 53 39
8 9 47 30
8 22 42 60
9 23 15 11
10 11 28 36
10 24 12 20
11 25 46 48
12 13 89 59
13 27 51 57
14 15 40 60
14 28 15 10
15 16 10 16
16 17 1 39
16 30 34 37
18 19 48 67
18 32 61 41
20 34 16 47
22 36 66 75
23 24 20 38
23 37 13 21
26 27 35 49
26 40 53 60
28 29 15 13
30 31 24 45
32 33 32 48
35 36 38 31
37 38 19 33
38 39 41 54
39 40 20 34
40 41 6 41
(1302, 1559)

Arvore 36
0 1 24 26
0 14 12 47
2 3 5 18
3 4 74 45
3 17 31 39
4 18 41 42
5 6 62 40
5 19 3 5
6 7 1 31
6 20 28 28
7 8 31 19
7 21 53 39
8 9 47 30
8 22 42 60
9 23 15 11
10 11 28 36
10 24 12 20
11 25 46 48
12 26 88 75
13 27 51 57
14 15 40 60
14 28 15 10
15 16 10 16
16 17 1 39
16 30 34 37
18 19 48 67
18 32 61 41
20 34 16 47
22 36 66 75
23 24 20 38
23 37 13 21
26 27 35 49
26 40 53 60
28 29 15 13
30 31 24 45
32 33 32 48
35 36 38 31
37 38 19 33
38 39 41 54
39 40 20 34
40 41 6 41
(1301, 1575)

Arvore 37
0 1 24 26
0 14 12 47
2 3 5 18
3 4 74 45
3 17 31 39
4 18 41 42
5 6 62 40
5 19 3 5
6 7 1 31
6 20 28 28
7 8 31 19
7 21 53 39
8 9 47 30
8 22 42 60
9 23 15 11
10 11 28 36
10 24 12 20
11 25 46 48
12 13 89 59
13 27 51 57
14 15 40 60
14 28 15 10
15 16 10 16
16 17 1 39
16 30 34 37
18 19 48 67
20 34 16 47
23 24 20 38
23 37 13 21
26 27 35 49
26 40 53 60
28 29 15 13
30 31 24 45
31 32 56 51
32 33 32 48
34 35 68 49
35 36 38 31
37 38 19 33
38 39 41 54
39 40 20 34
40 41 6 41
(1299, 1543)

Arvore 38
0 1 24 26
0 14 12 47
2 3 5 18
3 4 74 45
3 17 31 39
4 18 41 42
5 6 62 40
5 19 3 5
6 7 1 31
6 20 28 28
7 8 31 19
7 21 53 39
8 9 47 30
8 22 42 60
9 23 15 11
10 11 28 36
10 24 12 20
11 25 46 48
12 26 88 75
13 27 51 57
14 15 40 60
14 28 15 10
15 16 10 16
16 17 1 39
16 30 34 37
18 19 48 67
20 34 16 47
23 24 20 38
23 37 13 21
26 27 35 49
26 40 53 60
28 29 15 13
30 31 24 45
31 32 56 51
32 33 32 48
34 35 68 49
35 36 38 31
37 38 19 33
38 39 41 54
39 40 20 34
40 41 6 41
(1298, 1559)

Arvore 39
0 1 24 26
0 14 12 47
2 3 5 18
3 4 74 45
3 17 31 39
4 18 41 42
5 6 62 40
5 19 3 5
6 7 1 31
6 20 28 28
7 8 31 19
7 21 53 39
8 9 47 30
8 22 42 60
9 23 15 11
10 11 28 36
10 24 12 20
11 25 46 48
12 13 89 59
13 27 51 57
14 15 40 60
14 28 15 10
15 16 10 16
16 17 1 39
16 30 34 37
18 19 48 67
20 34 16 47
22 36 66 75
23 24 20 38
23 37 13 21
26 27 35 49
26 40 53 60
28 29 15 13
30 31 24 45
31 32 56 51
32 33 32 48
35 36 38 31
37 38 19 33
38 39 41 54
39 40 20 34
40 41 6 41
(1297, 1569)

Arvore 40
0 1 24 26
0 14 12 47
2 3 5 18
3 4 74 45
3 17 31 39
4 18 41 42
5 6 62 40
5 19 3 5
6 7 1 31
6 20 28 28
7 8 31 19
7 21 53 39
8 9 47 30
8 22 42 60
9 23 15 11
10 11 28 36
10 24 12 20
11 25 46 48
12 26 88 75
13 27 51 57
14 15 40 60
14 28 15 10
15 16 10 16
16 17 1 39
16 30 34 37
18 19 48 67
20 34 16 47
22 36 66 75
23 24 20 38
23 37 13 21
26 27 35 49
26 40 53 60
28 29 15 13
30 31 24 45
31 32 56 51
32 33 32 48
35 36 38 31
37 38 19 33
38 39 41 54
39 40 20 34
40 41 6 41
(1296, 1585)

Arvore 41
0 1 24 26
0 14 12 47
2 3 5 18
3 17 31 39
4 18 41 42
5 6 62 40
5 19 3 5
6 7 1 31
6 20 28 28
7 8 31 19
7 21 53 39
8 9 47 30
8 22 42 60
9 10 45 28
9 23 15 11
10 11 28 36
10 24 12 20
11 25 46 48
12 13 89 59
13 27 51 57
14 15 40 60
14 28 15 10
15 16 10 16
16 17 1 39
16 30 34 37
18 19 48 67
18 32 61 41
20 34 16 47
23 37 13 21
26 27 35 49
26 40 53 60
28 29 15 13
30 31 24 45
31 32 56 51
32 33 32 48
34 35 68 49
35 36 38 31
37 38 19 33
38 39 41 54
39 40 20 34
40 41 6 41
(1311, 1529)

Arvore 42
0 1 24 26
0 14 12 47
2 3 5 18
3 17 31 39
4 18 41 42
5 6 62 40
5 19 3 5
6 7 1 31
6 20 28 28
7 8 31 19
7 21 53 39
8 9 47 30
8 22 42 60
9 10 45 28
9 23 15 11
10 11 28 36
10 24 12 20
11 25 46 48
12 26 88 75
13 27 51 57
14 15 40 60
14 28 15 10
15 16 10 16
16 17 1 39
16 30 34 37
18 19 48 67
18 32 61 41
20 34 16 47
23 37 13 21
26 27 35 49
26 40 53 60
28 29 15 13
30 31 24 45
31 32 56 51
32 33 32 48
34 35 68 49
35 36 38 31
37 38 19 33
38 39 41 54
39 40 20 34
40 41 6 41
(1310, 1545)

Arvore 43
0 1 24 26
0 14 12 47
2 3 5 18
3 17 31 39
4 18 41 42
5 6 62 40
5 19 3 5
6 7 1 31
6 20 28 28
7 8 31 19
7 21 53 39
8 9 47 30
8 22 42 60
9 10 45 28
9 23 15 11
10 11 28 36
10 24 12 20
11 25 46 48
12 13 89 59
13 27 51 57
14 15 40 60
14 28 15 10
15 16 10 16
16 17 1 39
16 30 34 37
18 19 48 67
18 32 61 41
20 34 16 47
22 36 66 75
23 37 13 21
26 27 35 49
26 40 53 60
28 29 15 13
30 31 24 45
31 32 56 51
32 33 32 48
35 36 38 31
37 38 19 33
38 39 41 54
39 40 20 34
40 41 6 41
(1309, 1555)

Arvore 44
0 1 24 26
0 14 12 47
2 3 5 18
3 17 31 39
4 18 41 42
5 6 62 40
5 19 3 5
6 7 1 31
6 20 28 28
7 8 31 19
7 21 53 39
8 9 47 30
8 22 42 60
9 10 45 28
9 23 15 11
10 11 28 36
10 24 12 20
11 25 46 48
12 26 88 75
13 27 51 57
14 15 40 60
14 28 15 10
15 16 10 16
16 17 1 39
16 30 34 37
18 19 48 67
18 32 61 41
20 34 16 47
22 36 66 75
23 37 13 21
26 27 35 49
26 40 53 60
28 29 15 13
30 31 24 45
31 32 56 51
32 33 32 48
35 36 38 31
37 38 19 33
38 39 41 54
39 40 20 34
40 41 6 41
(1308, 1571)

Arvore 45
0 1 24 26
0 14 12 47
2 3 5 18
3 17 31 39
4 18 41 42
5 6 62 40
5 19 3 5
6 7 1 31
6 20 28 28
7 8 31 19
7 21 53 39
8 9 47 30
8 22 42 60
9 23 15 11
10 11 28 36
10 24 12 20
11 25 46 48
12 13 89 59
13 27 51 57
14 15 40 60
14 28 15 10
15 16 10 16
16 17 1 39
16 30 34 37
18 19 48 67
18 32 61 41
20 34 16 47
23 24 20 38
23 37 13 21
26 27 35 49
26 40 53 60
28 29 15 13
30 31 24 45
31 32 56 51
32 33 32 48
34 35 68 49
35 36 38 31
37 38 19 33
38 39 41 54
39 40 20 34
40 41 6 41
(1286, 1539)

Arvore 46
0 1 24 26
0 14 12 47
2 3 5 18
3 17 31 39
4 18 41 42
5 6 62 40
5 19 3 5
6 7 1 31
6 20 28 28
7 8 31 19
7 21 53 39
8 9 47 30
8 22 42 60
9 23 15 11
10 11 28 36
10 24 12 20
11 25 46 48
12 26 88 75
13 27 51 57
14 15 40 60
14 28 15 10
15 16 10 16
16 17 1 39
16 30 34 37
18 19 48 67
18 32 61 41
20 34 16 47
23 24 20 38
23 37 13 21
26 27 35 49
26 40 53 60
28 29 15 13
30 31 24 45
31 32 56 51
32 33 32 48
34 35 68 49
35 36 38 31
37 38 19 33
38 39 41 54
39 40 20 34
40 41 6 41
(1285, 1555)

Arvore 47
0 1 24 26
0 14 12 47
2 3 5 18
3 17 31 39
4 18 41 42
5 6 62 40
5 19 3 5
6 7 1 31
6 20 28 28
7 8 31 19
7 21 53 39
8 9 47 30
8 22 42 60
9 23 15 11
10 11 28 36
10 24 12 20
11 25 46 48
12 13 89 59
13 27 51 57
14 15 40 60
14 28 15 10
15 16 10 16
16 17 1 39
16 30 34 37
18 19 48 67
18 32 61 41
20 34 16 47
22 36 66 75
23 24 20 38
23 37 13 21
26 27 35 49
26 40 53 60
28 29 15 13
30 31 24 45
31 32 56 51
32 33 32 48
35 36 38 31
37 38 19 33
38 39 41 54
39 40 20 34
40 41 6 41
(1284, 1565)

Arvore 48
0 1 24 26
0 14 12 47
2 3 5 18
3 17 31 39
4 18 41 42
5 6 62 40
5 19 3 5
6 7 1 31
6 20 28 28
7 8 31 19
7 21 53 39
8 9 47 30
8 22 42 60
9 23 15 11
10 11 28 36
10 24 12 20
11 25 46 48
12 26 88 75
13 27 51 57
14 15 40 60
14 28 15 10
15 16 10 16
16 17 1 39
16 30 34 37
18 19 48 67
18 32 61 41
20 34 16 47
22 36 66 75
23 24 20 38
23 37 13 21
26 27 35 49
26 40 53 60
28 29 15 13
30 31 24 45
31 32 56 51
32 33 32 48
35 36 38 31
37 38 19 33
38 39 41 54
39 40 20 34
40 41 6 41
(1283, 1581)

