929
9.29
Resultado Final...
0 27 7 6
0 29 3 3
1 19 3 11
1 31 2 8
1 43 5 4
2 37 10 10
3 11 8 14
3 25 7 14
3 37 8 6
4 17 6 9
4 24 4 12
5 46 20 11
6 24 7 7
7 28 12 25
8 14 6 16
9 16 1 10
10 22 6 10
10 30 5 27
12 20 3 9
12 45 2 4
13 28 2 3
13 42 9 19
14 17 7 6
14 23 7 9
14 40 1 18
15 44 6 14
16 45 0 4
17 36 3 1
18 20 9 24
19 21 1 26
20 22 0 2
20 33 0 16
24 28 3 3
24 35 2 8
26 33 9 11
26 34 10 7
26 41 5 11
28 31 5 5
29 44 3 6
31 44 13 9
31 45 5 5
32 33 11 11
34 39 1 9
34 46 6 11
37 43 2 13
38 43 7 15
46 47 0 3
(252, 485)
