1100
11.00
Resultado Final...
0 34 5 7
0 45 1 3
0 46 3 3
1 8 0 8
2 4 8 9
3 40 5 6
3 46 5 5
3 49 2 3
4 11 1 14
4 16 1 2
5 12 3 9
6 39 3 8
7 10 1 1
8 45 1 6
9 28 0 15
9 41 3 9
9 43 7 6
10 31 2 5
10 33 5 5
11 12 1 4
12 39 1 4
12 42 5 9
13 33 2 3
13 45 1 7
14 24 3 9
14 47 2 3
15 38 7 6
16 20 1 11
16 36 2 4
17 39 1 12
18 43 4 8
19 31 7 10
21 39 4 5
22 43 4 3
22 47 1 10
23 40 0 7
23 47 0 4
25 45 3 11
25 48 4 6
26 40 0 2
27 35 5 5
29 31 4 6
29 37 3 12
30 38 9 13
32 37 4 5
35 44 3 4
38 41 2 5
38 44 1 10
39 47 1 7
(141, 329)
