756
7.56
Resultado Final...
0 14 8 13
0 29 4 3
0 33 8 16
0 35 2 12
1 37 5 10
2 8 8 13
3 24 14 10
4 10 4 8
4 19 0 2
5 26 10 9
6 20 0 18
6 23 9 10
6 25 0 2
7 9 2 8
8 34 0 3
9 41 7 23
11 35 8 20
12 15 16 10
12 28 10 11
13 16 2 4
13 25 1 19
13 46 2 2
14 36 1 6
14 40 4 11
15 21 5 8
16 19 7 6
16 31 7 8
16 34 0 6
17 32 9 5
18 28 4 10
18 39 0 20
19 41 11 7
19 45 0 1
21 42 14 12
22 25 5 11
23 24 0 1
24 29 0 16
26 32 1 10
26 35 7 11
26 38 15 8
27 31 8 11
28 47 11 6
29 39 0 12
30 34 5 5
37 48 8 6
40 48 3 5
43 48 0 11
44 46 6 10
44 49 16 9
(267, 458)
