1023
10.23
Resultado Final...
0 29 2 54
1 7 24 43
1 42 3 55
2 3 11 55
2 26 2 63
3 32 13 50
3 34 17 46
4 5 1 63
4 12 23 46
4 39 9 49
6 7 1 57
7 43 6 56
8 28 24 38
8 38 5 56
9 18 18 53
10 11 3 60
11 27 25 38
13 40 20 41
13 41 15 49
14 18 20 41
14 23 12 45
14 30 10 48
14 37 0 54
14 39 1 55
15 43 15 46
16 30 18 42
16 33 5 56
17 33 8 51
17 34 7 49
18 24 38 33
19 31 6 47
19 41 3 57
20 32 7 52
21 37 3 54
22 30 21 48
23 41 3 49
25 30 2 56
27 41 5 53
29 43 2 57
34 38 9 48
35 40 11 50
36 38 16 48
41 44 15 44
43 44 9 46
(468, 2201)
