1061
10.61
Resultado Final...
0 8 8 81
1 20 24 66
1 22 15 75
2 7 3 84
2 34 26 65
3 13 0 87
3 20 23 66
3 23 2 84
3 26 8 84
4 18 12 79
4 29 15 74
5 8 15 74
5 18 5 83
5 44 17 71
6 15 8 81
6 17 5 82
6 37 5 82
6 40 12 77
7 43 3 85
8 13 17 72
9 34 1 88
10 14 1 86
10 24 16 74
11 19 6 80
11 41 12 76
12 27 13 75
12 37 9 79
13 25 14 76
14 30 28 62
15 24 2 87
16 18 8 80
17 18 10 77
17 21 19 73
17 43 4 84
19 24 12 75
20 35 21 68
24 28 2 87
28 42 3 86
30 39 31 59
31 44 1 86
32 33 28 62
32 36 6 84
36 40 10 77
38 40 19 71
(499, 3404)
