1233
12.33
Resultado Final...
0 22 23 44
1 7 4 53
1 16 5 52
1 36 11 54
1 43 13 50
2 16 12 54
2 17 25 43
3 14 6 50
3 29 9 46
4 12 11 46
4 27 16 45
4 43 1 62
5 30 1 59
5 45 19 42
6 9 12 47
7 37 1 57
8 23 10 51
8 44 8 54
9 45 7 50
10 14 3 54
10 18 7 47
11 27 17 47
11 46 24 39
12 20 7 53
13 27 9 47
13 38 26 37
15 23 6 52
15 32 16 47
15 34 6 48
18 34 8 48
19 39 6 54
21 45 14 60
22 26 27 43
22 46 21 43
24 33 6 55
24 41 4 56
24 42 17 45
24 45 8 50
25 44 15 51
27 41 3 49
28 42 15 50
31 40 3 50
34 40 2 56
34 47 4 52
35 41 14 49
39 43 14 48
41 44 21 40
(517, 2329)
