1067
10.67
Resultado Final...
0 16 16 72
0 22 6 81
0 43 1 88
1 3 8 79
1 39 17 71
2 7 11 77
2 28 15 73
2 35 1 87
3 40 1 85
3 47 1 88
4 18 8 79
5 6 27 63
5 18 2 88
6 25 28 63
7 8 4 85
7 27 1 85
9 29 13 76
9 41 10 79
10 20 16 72
10 39 1 86
10 46 8 80
11 18 1 84
11 42 17 71
12 29 10 77
12 32 7 81
13 38 4 83
13 42 14 73
13 46 10 78
14 38 3 84
14 44 16 72
15 31 15 73
16 47 16 71
17 38 3 84
18 36 13 76
18 41 13 75
19 41 12 77
20 23 9 79
20 24 20 68
20 33 5 83
21 40 3 87
22 30 10 77
26 30 10 77
26 37 1 86
30 34 4 82
31 41 14 74
33 35 1 86
36 45 7 83
(433, 3698)
