1117
11.17
Resultado Final...
0 6 9 78
0 45 5 82
1 47 25 64
2 13 12 75
2 20 1 85
2 48 10 77
3 6 10 80
4 30 18 70
4 48 0 87
4 49 13 75
5 43 11 78
6 9 5 84
7 16 9 81
7 42 26 63
8 24 6 80
8 42 12 76
10 40 3 83
11 44 14 74
12 26 9 79
12 41 11 77
12 42 3 83
14 20 4 88
15 32 5 82
15 35 33 56
17 24 30 60
17 27 6 83
18 20 17 70
18 36 10 78
18 38 13 75
18 41 20 68
19 29 2 84
20 39 5 82
20 46 13 75
21 28 9 78
22 42 15 74
23 33 25 65
24 25 16 74
24 28 3 85
24 45 15 73
25 44 34 56
26 47 6 81
29 42 4 83
30 33 0 87
31 43 28 61
32 45 3 84
34 37 8 81
37 48 3 83
39 43 10 78
40 46 2 85
(551, 3760)
