1443
14.43
Resultado Final...
0 16 12 47
0 23 7 52
0 29 4 56
1 4 8 53
1 29 14 44
2 37 14 61
3 29 17 46
4 6 2 49
5 31 4 53
5 39 11 45
5 45 23 39
6 7 20 45
7 15 9 50
7 28 26 40
8 11 24 38
8 44 0 52
9 13 8 52
9 39 26 37
9 47 6 47
10 30 6 55
10 37 8 56
10 39 23 39
11 27 7 51
12 18 2 59
12 33 22 42
14 38 8 56
14 46 21 44
16 48 13 48
16 49 8 56
17 49 13 52
19 29 5 49
20 40 1 61
21 40 2 56
22 23 9 50
24 29 18 42
25 32 2 49
26 42 12 51
27 30 2 59
29 40 1 52
29 43 15 43
30 43 9 54
31 41 1 60
32 42 6 56
33 42 1 56
33 43 4 52
34 46 1 59
34 49 6 48
35 41 5 56
36 48 2 49
(468, 2466)
