2
0.02
Arvore 
0 1 71 27
1 30 38 63
2 3 60 42
3 4 12 69
3 32 34 42
4 33 43 40
5 6 64 59
5 34 14 63
6 7 11 69
7 8 1 79
7 36 8 74
8 9 23 67
8 37 37 41
9 10 18 65
10 11 17 81
10 39 10 56
12 13 28 44
12 41 29 62
13 14 31 56
14 15 14 55
14 43 33 65
15 16 36 65
16 17 83 10
17 18 64 38
17 46 57 51
18 19 58 58
19 48 38 38
20 49 1 86
21 22 62 54
21 50 59 56
23 24 5 83
24 25 21 48
24 53 63 55
25 26 55 62
25 54 12 55
26 27 47 66
26 55 8 63
27 28 68 38
27 56 56 44
28 57 0 94
29 30 32 57
30 31 88 22
31 32 84 41
33 34 31 76
34 35 15 80
37 38 46 43
39 40 25 50
40 41 41 46
42 43 23 52
44 45 69 43
45 46 17 52
47 48 69 18
48 49 13 88
49 50 33 59
50 51 4 76
51 52 46 71
52 53 25 56
(2050, 3213)

