1
0.01
Arvore 
0 10 60 34
1 11 64 35
2 3 22 66
3 13 9 77
4 5 4 62
4 14 21 87
5 6 20 47
6 7 39 73
6 16 24 71
8 9 5 93
8 18 36 66
10 11 28 55
10 20 27 73
11 12 26 59
12 13 49 35
13 14 50 32
13 23 36 46
14 15 23 72
15 25 16 79
17 27 27 54
18 19 32 66
18 28 20 72
20 21 11 65
20 30 30 51
21 22 53 30
21 31 1 68
23 24 2 73
24 34 2 66
26 27 44 42
26 36 33 69
28 29 42 62
29 39 10 85
30 40 58 56
32 33 22 51
33 34 9 92
34 35 23 57
34 44 61 47
35 36 18 68
36 37 27 48
36 46 23 55
37 38 8 61
38 39 20 76
38 48 8 87
40 50 17 79
41 42 20 65
42 43 37 56
43 53 24 48
44 45 68 50
44 54 31 72
45 55 37 39
47 48 20 68
47 57 27 65
48 49 42 74
48 58 38 58
49 59 23 60
51 52 37 45
52 53 50 41
53 54 38 48
55 56 80 33
(1732, 3564)

