3
0.03
Arvore 
0 26 0 98
0 35 3 89
1 17 7 93
1 31 3 90
1 45 2 95
2 20 1 85
2 28 3 89
2 36 2 93
2 47 3 87
3 49 1 90
4 7 0 98
4 11 0 99
4 16 6 87
4 20 2 87
4 40 0 94
4 48 0 87
5 9 4 90
6 9 5 84
6 39 7 87
7 21 3 87
7 29 2 92
7 38 0 100
8 12 1 88
10 23 3 90
10 26 4 91
10 40 3 83
12 30 1 94
12 42 3 83
12 43 1 89
12 44 5 94
13 25 7 88
14 20 4 88
15 22 8 85
15 32 5 82
17 27 6 83
18 19 4 91
19 29 2 84
20 30 2 95
24 28 3 85
25 47 2 92
29 49 1 89
30 33 0 87
31 42 2 98
32 39 2 90
32 45 3 84
33 41 4 90
34 43 2 87
37 48 3 83
40 46 2 85
(137, 4379)

