7336
73.36
Arvore 1
0 1 6 6
0 2 0 94
0 6 10 12
0 8 10 7
0 9 7 12
1 4 7 8
2 11 6 8
3 5 6 13
3 10 6 7
7 10 9 6
7 11 8 8
(75, 181)

Arvore 2
0 1 6 6
0 2 0 94
0 8 10 7
0 9 7 12
1 4 7 8
2 11 6 8
3 5 6 13
3 10 6 7
6 9 9 13
7 10 9 6
7 11 8 8
(74, 182)

Arvore 3
0 1 6 6
0 2 0 94
0 6 10 12
0 9 7 12
1 4 7 8
2 11 6 8
3 5 6 13
3 10 6 7
4 8 8 13
7 10 9 6
7 11 8 8
(73, 187)

Arvore 4
0 1 6 6
0 2 0 94
0 9 7 12
1 4 7 8
2 11 6 8
3 5 6 13
3 10 6 7
4 8 8 13
6 9 9 13
7 10 9 6
7 11 8 8
(72, 188)

Arvore 5
0 1 6 6
0 2 0 94
0 6 10 12
0 8 10 7
0 9 7 12
1 4 7 8
2 11 6 8
3 5 6 13
3 9 8 12
3 10 6 7
7 11 8 8
(74, 187)

Arvore 6
0 1 6 6
0 2 0 94
0 8 10 7
0 9 7 12
1 4 7 8
2 11 6 8
3 5 6 13
3 9 8 12
3 10 6 7
6 9 9 13
7 11 8 8
(73, 188)

Arvore 7
0 1 6 6
0 2 0 94
0 6 10 12
0 9 7 12
1 4 7 8
2 11 6 8
3 5 6 13
3 9 8 12
3 10 6 7
4 8 8 13
7 11 8 8
(72, 193)

Arvore 8
0 1 6 6
0 2 0 94
0 9 7 12
1 4 7 8
2 11 6 8
3 5 6 13
3 9 8 12
3 10 6 7
4 8 8 13
6 9 9 13
7 11 8 8
(71, 194)

Arvore 9
0 1 6 6
0 2 0 94
0 6 10 12
0 8 10 7
0 9 7 12
1 4 7 8
1 5 11 10
2 11 6 8
3 10 6 7
7 10 9 6
7 11 8 8
(80, 178)

Arvore 10
0 1 6 6
0 2 0 94
0 8 10 7
0 9 7 12
1 4 7 8
1 5 11 10
2 11 6 8
3 10 6 7
6 9 9 13
7 10 9 6
7 11 8 8
(79, 179)

Arvore 11
0 1 6 6
0 2 0 94
0 6 10 12
0 8 10 7
0 9 7 12
1 4 7 8
1 5 11 10
2 11 6 8
3 9 8 12
3 10 6 7
7 11 8 8
(79, 184)

Arvore 12
0 1 6 6
0 2 0 94
0 8 10 7
0 9 7 12
1 4 7 8
1 5 11 10
2 11 6 8
3 9 8 12
3 10 6 7
6 9 9 13
7 11 8 8
(78, 185)

Arvore 13
0 1 6 6
0 6 10 12
0 8 10 7
0 9 7 12
1 2 94 0
1 4 7 8
2 11 6 8
3 5 6 13
3 10 6 7
7 10 9 6
7 11 8 8
(169, 87)

Arvore 14
0 1 6 6
0 8 10 7
0 9 7 12
1 2 94 0
1 4 7 8
2 11 6 8
3 5 6 13
3 10 6 7
6 9 9 13
7 10 9 6
7 11 8 8
(168, 88)

Arvore 15
0 1 6 6
0 6 10 12
0 9 7 12
1 2 94 0
1 4 7 8
2 11 6 8
3 5 6 13
3 10 6 7
4 8 8 13
7 10 9 6
7 11 8 8
(167, 93)

Arvore 16
0 1 6 6
0 9 7 12
1 2 94 0
1 4 7 8
2 11 6 8
3 5 6 13
3 10 6 7
4 8 8 13
6 9 9 13
7 10 9 6
7 11 8 8
(166, 94)

Arvore 17
0 1 6 6
0 6 10 12
0 8 10 7
0 9 7 12
1 2 94 0
1 4 7 8
2 11 6 8
3 5 6 13
3 9 8 12
3 10 6 7
7 11 8 8
(168, 93)

Arvore 18
0 1 6 6
0 8 10 7
0 9 7 12
1 2 94 0
1 4 7 8
2 11 6 8
3 5 6 13
3 9 8 12
3 10 6 7
6 9 9 13
7 11 8 8
(167, 94)

Arvore 19
0 1 6 6
0 6 10 12
0 9 7 12
1 2 94 0
1 4 7 8
2 11 6 8
3 5 6 13
3 9 8 12
3 10 6 7
4 8 8 13
7 11 8 8
(166, 99)

Arvore 20
0 1 6 6
0 9 7 12
1 2 94 0
1 4 7 8
2 11 6 8
3 5 6 13
3 9 8 12
3 10 6 7
4 8 8 13
6 9 9 13
7 11 8 8
(165, 100)

Arvore 21
0 1 6 6
0 6 10 12
0 8 10 7
0 9 7 12
1 2 94 0
1 4 7 8
1 5 11 10
2 11 6 8
3 10 6 7
7 10 9 6
7 11 8 8
(174, 84)

Arvore 22
0 1 6 6
0 8 10 7
0 9 7 12
1 2 94 0
1 4 7 8
1 5 11 10
2 11 6 8
3 10 6 7
6 9 9 13
7 10 9 6
7 11 8 8
(173, 85)

Arvore 23
0 1 6 6
0 6 10 12
0 8 10 7
0 9 7 12
1 2 94 0
1 4 7 8
1 5 11 10
2 11 6 8
3 9 8 12
3 10 6 7
7 11 8 8
(173, 90)

Arvore 24
0 1 6 6
0 8 10 7
0 9 7 12
1 2 94 0
1 4 7 8
1 5 11 10
2 11 6 8
3 9 8 12
3 10 6 7
6 9 9 13
7 11 8 8
(172, 91)

Arvore 25
0 1 6 6
0 6 10 12
0 8 10 7
0 9 7 12
1 4 7 8
2 9 15 7
2 11 6 8
3 5 6 13
3 10 6 7
7 10 9 6
7 11 8 8
(90, 94)

Arvore 26
0 1 6 6
0 8 10 7
0 9 7 12
1 4 7 8
2 9 15 7
2 11 6 8
3 5 6 13
3 10 6 7
6 9 9 13
7 10 9 6
7 11 8 8
(89, 95)

Arvore 27
0 1 6 6
0 6 10 12
0 8 10 7
0 9 7 12
1 4 7 8
1 11 9 9
2 11 6 8
3 5 6 13
3 10 6 7
7 10 9 6
7 11 8 8
(84, 96)

Arvore 28
0 1 6 6
0 8 10 7
0 9 7 12
1 4 7 8
1 11 9 9
2 11 6 8
3 5 6 13
3 10 6 7
6 9 9 13
7 10 9 6
7 11 8 8
(83, 97)

Arvore 29
0 1 6 6
0 6 10 12
0 8 10 7
0 9 7 12
1 4 7 8
2 11 6 8
3 5 6 13
3 9 8 12
3 10 6 7
7 10 9 6
7 11 8 8
(83, 99)

Arvore 30
0 1 6 6
0 8 10 7
0 9 7 12
1 4 7 8
2 11 6 8
3 5 6 13
3 9 8 12
3 10 6 7
6 9 9 13
7 10 9 6
7 11 8 8
(82, 100)

Arvore 31
0 1 6 6
0 6 10 12
0 9 7 12
1 4 7 8
1 11 9 9
2 11 6 8
3 5 6 13
3 10 6 7
4 8 8 13
7 10 9 6
7 11 8 8
(82, 102)

Arvore 32
0 1 6 6
0 9 7 12
1 4 7 8
1 11 9 9
2 11 6 8
3 5 6 13
3 10 6 7
4 8 8 13
6 9 9 13
7 10 9 6
7 11 8 8
(81, 103)

Arvore 33
0 1 6 6
0 6 10 12
0 9 7 12
1 4 7 8
2 11 6 8
3 5 6 13
3 9 8 12
3 10 6 7
4 8 8 13
7 10 9 6
7 11 8 8
(81, 105)

Arvore 34
0 1 6 6
0 9 7 12
1 4 7 8
2 11 6 8
3 5 6 13
3 9 8 12
3 10 6 7
4 8 8 13
6 9 9 13
7 10 9 6
7 11 8 8
(80, 106)

Arvore 35
0 1 6 6
0 6 10 12
0 8 10 7
0 9 7 12
1 4 7 8
1 5 11 10
2 9 15 7
2 11 6 8
3 10 6 7
7 10 9 6
7 11 8 8
(95, 91)

Arvore 36
0 1 6 6
0 8 10 7
0 9 7 12
1 4 7 8
1 5 11 10
2 9 15 7
2 11 6 8
3 10 6 7
6 9 9 13
7 10 9 6
7 11 8 8
(94, 92)

Arvore 37
0 1 6 6
0 6 10 12
0 8 10 7
0 9 7 12
1 4 7 8
1 5 11 10
1 11 9 9
2 11 6 8
3 10 6 7
7 10 9 6
7 11 8 8
(89, 93)

Arvore 38
0 1 6 6
0 8 10 7
0 9 7 12
1 4 7 8
1 5 11 10
1 11 9 9
2 11 6 8
3 10 6 7
6 9 9 13
7 10 9 6
7 11 8 8
(88, 94)

Arvore 39
0 1 6 6
0 6 10 12
0 8 10 7
0 9 7 12
1 4 7 8
1 5 11 10
2 11 6 8
3 9 8 12
3 10 6 7
7 10 9 6
7 11 8 8
(88, 96)

Arvore 40
0 1 6 6
0 8 10 7
0 9 7 12
1 4 7 8
1 5 11 10
2 11 6 8
3 9 8 12
3 10 6 7
6 9 9 13
7 10 9 6
7 11 8 8
(87, 97)

Arvore 41
0 2 0 94
0 6 10 12
0 8 10 7
0 9 7 12
1 2 94 0
1 4 7 8
2 11 6 8
3 5 6 13
3 10 6 7
7 10 9 6
7 11 8 8
(163, 175)

Arvore 42
0 2 0 94
0 8 10 7
0 9 7 12
1 2 94 0
1 4 7 8
2 11 6 8
3 5 6 13
3 10 6 7
6 9 9 13
7 10 9 6
7 11 8 8
(162, 176)

Arvore 43
0 2 0 94
0 6 10 12
0 9 7 12
1 2 94 0
1 4 7 8
2 11 6 8
3 5 6 13
3 10 6 7
4 8 8 13
7 10 9 6
7 11 8 8
(161, 181)

Arvore 44
0 2 0 94
0 9 7 12
1 2 94 0
1 4 7 8
2 11 6 8
3 5 6 13
3 10 6 7
4 8 8 13
6 9 9 13
7 10 9 6
7 11 8 8
(160, 182)

Arvore 45
0 2 0 94
0 6 10 12
0 8 10 7
0 9 7 12
1 2 94 0
1 4 7 8
2 11 6 8
3 5 6 13
3 9 8 12
3 10 6 7
7 11 8 8
(162, 181)

Arvore 46
0 2 0 94
0 8 10 7
0 9 7 12
1 2 94 0
1 4 7 8
2 11 6 8
3 5 6 13
3 9 8 12
3 10 6 7
6 9 9 13
7 11 8 8
(161, 182)

Arvore 47
0 2 0 94
0 6 10 12
0 9 7 12
1 2 94 0
1 4 7 8
2 11 6 8
3 5 6 13
3 9 8 12
3 10 6 7
4 8 8 13
7 11 8 8
(160, 187)

Arvore 48
0 2 0 94
0 9 7 12
1 2 94 0
1 4 7 8
2 11 6 8
3 5 6 13
3 9 8 12
3 10 6 7
4 8 8 13
6 9 9 13
7 11 8 8
(159, 188)

Arvore 49
0 2 0 94
0 6 10 12
0 8 10 7
0 9 7 12
1 2 94 0
1 4 7 8
1 5 11 10
2 11 6 8
3 10 6 7
7 10 9 6
7 11 8 8
(168, 172)

Arvore 50
0 2 0 94
0 8 10 7
0 9 7 12
1 2 94 0
1 4 7 8
1 5 11 10
2 11 6 8
3 10 6 7
6 9 9 13
7 10 9 6
7 11 8 8
(167, 173)

Arvore 51
0 2 0 94
0 6 10 12
0 8 10 7
0 9 7 12
1 2 94 0
1 4 7 8
1 5 11 10
2 11 6 8
3 9 8 12
3 10 6 7
7 11 8 8
(167, 178)

Arvore 52
0 2 0 94
0 8 10 7
0 9 7 12
1 2 94 0
1 4 7 8
1 5 11 10
2 11 6 8
3 9 8 12
3 10 6 7
6 9 9 13
7 11 8 8
(166, 179)

