ARVORES COM 1 ARESTAS 
Arvore 1
0 1 5 5
(5, 5)

Arvore 2
0 2 0 95
(0, 95)

Arvore 3
1 2 95 0
(95, 0)

ARVORES COM 2 ARESTAS 
Arvore 1
0 1 5 5
0 2 0 95
(5, 100)

Arvore 2
0 1 5 5
1 2 95 0
(100, 5)

Arvore 3
0 1 5 5
3 11 7 5
(12, 10)

Arvore 4
0 1 5 5
6 8 5 6
(10, 11)

Arvore 5
0 2 0 95
1 2 95 0
(95, 95)

ARVORES COM 3 ARESTAS 
Arvore 1
0 1 5 5
0 2 0 95
3 11 7 5
(12, 105)

Arvore 2
0 1 5 5
0 2 0 95
6 8 5 6
(10, 106)

Arvore 3
0 1 5 5
1 2 95 0
3 11 7 5
(107, 10)

Arvore 4
0 1 5 5
1 2 95 0
6 8 5 6
(105, 11)

Arvore 5
0 1 5 5
3 11 7 5
6 8 5 6
(17, 16)

Arvore 6
0 1 5 5
2 13 6 7
6 8 5 6
(16, 18)

Arvore 7
0 1 5 5
5 9 5 11
6 8 5 6
(15, 22)

Arvore 8
0 2 0 95
1 2 95 0
3 11 7 5
(102, 100)

Arvore 9
0 2 0 95
1 2 95 0
6 8 5 6
(100, 101)

ARVORES COM 4 ARESTAS 
Arvore 1
0 1 5 5
0 2 0 95
3 11 7 5
6 8 5 6
(17, 111)

Arvore 2
0 1 5 5
0 2 0 95
2 13 6 7
6 8 5 6
(16, 113)

Arvore 3
0 1 5 5
0 2 0 95
5 9 5 11
6 8 5 6
(15, 117)

Arvore 4
0 1 5 5
1 2 95 0
3 11 7 5
6 8 5 6
(112, 16)

Arvore 5
0 1 5 5
1 2 95 0
2 13 6 7
6 8 5 6
(111, 18)

Arvore 6
0 1 5 5
1 2 95 0
5 9 5 11
6 8 5 6
(110, 22)

Arvore 7
0 1 5 5
2 13 6 7
3 11 7 5
6 8 5 6
(23, 23)

Arvore 8
0 1 5 5
3 11 7 5
5 9 5 11
6 8 5 6
(22, 27)

Arvore 9
0 1 5 5
2 13 6 7
5 9 5 11
6 8 5 6
(21, 29)

Arvore 10
0 2 0 95
1 2 95 0
3 11 7 5
6 8 5 6
(107, 106)

Arvore 11
0 2 0 95
1 2 95 0
2 13 6 7
6 8 5 6
(106, 108)

Arvore 12
0 2 0 95
1 2 95 0
5 9 5 11
6 8 5 6
(105, 112)

ARVORES COM 5 ARESTAS 
Arvore 1
0 1 5 5
0 2 0 95
2 13 6 7
3 11 7 5
6 8 5 6
(23, 118)

Arvore 2
0 1 5 5
0 2 0 95
3 11 7 5
5 9 5 11
6 8 5 6
(22, 122)

Arvore 3
0 1 5 5
0 2 0 95
2 13 6 7
5 9 5 11
6 8 5 6
(21, 124)

Arvore 4
0 1 5 5
1 2 95 0
2 13 6 7
3 11 7 5
6 8 5 6
(118, 23)

Arvore 5
0 1 5 5
1 2 95 0
3 11 7 5
5 9 5 11
6 8 5 6
(117, 27)

Arvore 6
0 1 5 5
1 2 95 0
2 13 6 7
5 9 5 11
6 8 5 6
(116, 29)

Arvore 7
0 1 5 5
2 13 6 7
3 11 7 5
5 9 5 11
6 8 5 6
(28, 34)

Arvore 8
0 2 0 95
1 2 95 0
2 13 6 7
3 11 7 5
6 8 5 6
(113, 113)

Arvore 9
0 2 0 95
1 2 95 0
3 11 7 5
5 9 5 11
6 8 5 6
(112, 117)

Arvore 10
0 2 0 95
1 2 95 0
2 13 6 7
5 9 5 11
6 8 5 6
(111, 119)

ARVORES COM 6 ARESTAS 
Arvore 1
0 1 5 5
0 2 0 95
2 13 6 7
3 11 7 5
5 9 5 11
6 8 5 6
(28, 129)

Arvore 2
0 1 5 5
1 2 95 0
2 13 6 7
3 11 7 5
5 9 5 11
6 8 5 6
(123, 34)

Arvore 3
0 2 0 95
1 2 95 0
2 13 6 7
3 11 7 5
5 9 5 11
6 8 5 6
(118, 124)

ARVORES COM 7 ARESTAS 
ARVORES COM 8 ARESTAS 
ARVORES COM 9 ARESTAS 
ARVORES COM 10 ARESTAS 
ARVORES COM 11 ARESTAS 
ARVORES COM 12 ARESTAS 
ARVORES COM 13 ARESTAS 
ARVORES COM 14 ARESTAS 
18743
187.43
