ARVORES COM 1 ARESTAS 
Arvore 1
0 1 5 5
(5, 5)

Arvore 2
0 2 0 95
(0, 95)

Arvore 3
1 2 95 0
(95, 0)

ARVORES COM 2 ARESTAS 
Arvore 1
0 1 5 5
0 2 0 95
(5, 100)

Arvore 2
0 1 5 5
1 2 95 0
(100, 5)

Arvore 3
0 1 5 5
3 11 7 5
(12, 10)

Arvore 4
0 1 5 5
6 8 5 6
(10, 11)

Arvore 5
0 2 0 95
1 2 95 0
(95, 95)

ARVORES COM 3 ARESTAS 
Arvore 1
0 1 5 5
0 2 0 95
3 11 7 5
(12, 105)

Arvore 2
0 1 5 5
0 2 0 95
6 8 5 6
(10, 106)

Arvore 3
0 1 5 5
1 2 95 0
3 11 7 5
(107, 10)

Arvore 4
0 1 5 5
1 2 95 0
6 8 5 6
(105, 11)

Arvore 5
0 1 5 5
3 11 7 5
6 8 5 6
(17, 16)

Arvore 6
0 1 5 5
3 11 7 5
6 10 9 5
(21, 15)

Arvore 7
0 1 5 5
3 11 7 5
7 9 9 5
(21, 15)

Arvore 8
0 1 5 5
2 13 6 7
6 8 5 6
(16, 18)

Arvore 9
0 1 5 5
5 9 5 11
6 8 5 6
(15, 22)

Arvore 10
0 2 0 95
1 2 95 0
3 11 7 5
(102, 100)

Arvore 11
0 2 0 95
1 2 95 0
6 8 5 6
(100, 101)

ARVORES COM 4 ARESTAS 
Arvore 1
0 1 5 5
0 2 0 95
3 11 7 5
6 8 5 6
(17, 111)

Arvore 2
0 1 5 5
0 2 0 95
3 11 7 5
6 10 9 5
(21, 110)

Arvore 3
0 1 5 5
0 2 0 95
3 11 7 5
7 9 9 5
(21, 110)

Arvore 4
0 1 5 5
0 2 0 95
2 13 6 7
6 8 5 6
(16, 113)

Arvore 5
0 1 5 5
0 2 0 95
5 9 5 11
6 8 5 6
(15, 117)

Arvore 6
0 1 5 5
1 2 95 0
3 11 7 5
6 8 5 6
(112, 16)

Arvore 7
0 1 5 5
1 2 95 0
3 11 7 5
6 10 9 5
(116, 15)

Arvore 8
0 1 5 5
1 2 95 0
3 11 7 5
7 9 9 5
(116, 15)

Arvore 9
0 1 5 5
1 2 95 0
2 13 6 7
6 8 5 6
(111, 18)

Arvore 10
0 1 5 5
1 2 95 0
5 9 5 11
6 8 5 6
(110, 22)

Arvore 11
0 1 5 5
2 13 6 7
3 11 7 5
6 8 5 6
(23, 23)

Arvore 12
0 1 5 5
3 11 7 5
5 9 5 11
6 8 5 6
(22, 27)

Arvore 13
0 1 5 5
3 11 7 5
6 8 5 6
6 9 7 6
(24, 22)

Arvore 14
0 1 5 5
3 11 7 5
6 8 5 6
6 10 9 5
(26, 21)

Arvore 15
0 1 5 5
3 11 7 5
6 8 5 6
6 13 7 6
(24, 22)

Arvore 16
0 1 5 5
3 11 7 5
6 8 5 6
7 9 9 5
(26, 21)

Arvore 17
0 1 5 5
3 11 7 5
6 10 9 5
7 9 9 5
(30, 20)

Arvore 18
0 1 5 5
2 10 6 8
2 13 6 7
6 8 5 6
(22, 26)

Arvore 19
0 1 5 5
2 13 6 7
5 9 5 11
6 8 5 6
(21, 29)

Arvore 20
0 1 5 5
2 13 6 7
6 8 5 6
7 12 6 8
(22, 26)

Arvore 21
0 2 0 95
1 2 95 0
3 11 7 5
6 8 5 6
(107, 106)

Arvore 22
0 2 0 95
1 2 95 0
3 11 7 5
6 10 9 5
(111, 105)

Arvore 23
0 2 0 95
1 2 95 0
3 11 7 5
7 9 9 5
(111, 105)

Arvore 24
0 2 0 95
1 2 95 0
2 13 6 7
6 8 5 6
(106, 108)

Arvore 25
0 2 0 95
1 2 95 0
5 9 5 11
6 8 5 6
(105, 112)

ARVORES COM 5 ARESTAS 
Arvore 1
0 1 5 5
0 2 0 95
2 13 6 7
3 11 7 5
6 8 5 6
(23, 118)

Arvore 2
0 1 5 5
0 2 0 95
3 11 7 5
5 9 5 11
6 8 5 6
(22, 122)

Arvore 3
0 1 5 5
0 2 0 95
3 11 7 5
6 8 5 6
6 9 7 6
(24, 117)

Arvore 4
0 1 5 5
0 2 0 95
3 11 7 5
6 8 5 6
6 10 9 5
(26, 116)

Arvore 5
0 1 5 5
0 2 0 95
3 11 7 5
6 8 5 6
6 13 7 6
(24, 117)

Arvore 6
0 1 5 5
0 2 0 95
3 11 7 5
6 8 5 6
7 9 9 5
(26, 116)

Arvore 7
0 1 5 5
0 2 0 95
3 11 7 5
6 10 9 5
7 9 9 5
(30, 115)

Arvore 8
0 1 5 5
0 2 0 95
2 10 6 8
2 13 6 7
6 8 5 6
(22, 121)

Arvore 9
0 1 5 5
0 2 0 95
2 13 6 7
5 9 5 11
6 8 5 6
(21, 124)

Arvore 10
0 1 5 5
0 2 0 95
2 13 6 7
6 8 5 6
7 12 6 8
(22, 121)

Arvore 11
0 1 5 5
1 2 95 0
2 13 6 7
3 11 7 5
6 8 5 6
(118, 23)

Arvore 12
0 1 5 5
1 2 95 0
3 11 7 5
5 9 5 11
6 8 5 6
(117, 27)

Arvore 13
0 1 5 5
1 2 95 0
3 11 7 5
6 8 5 6
6 9 7 6
(119, 22)

Arvore 14
0 1 5 5
1 2 95 0
3 11 7 5
6 8 5 6
6 10 9 5
(121, 21)

Arvore 15
0 1 5 5
1 2 95 0
3 11 7 5
6 8 5 6
6 13 7 6
(119, 22)

Arvore 16
0 1 5 5
1 2 95 0
3 11 7 5
6 8 5 6
7 9 9 5
(121, 21)

Arvore 17
0 1 5 5
1 2 95 0
3 11 7 5
6 10 9 5
7 9 9 5
(125, 20)

Arvore 18
0 1 5 5
1 2 95 0
2 10 6 8
2 13 6 7
6 8 5 6
(117, 26)

Arvore 19
0 1 5 5
1 2 95 0
2 13 6 7
5 9 5 11
6 8 5 6
(116, 29)

Arvore 20
0 1 5 5
1 2 95 0
2 13 6 7
6 8 5 6
7 12 6 8
(117, 26)

Arvore 21
0 1 5 5
2 10 6 8
2 13 6 7
3 11 7 5
6 8 5 6
(29, 31)

Arvore 22
0 1 5 5
2 13 6 7
3 11 7 5
5 9 5 11
6 8 5 6
(28, 34)

Arvore 23
0 1 5 5
2 13 6 7
3 11 7 5
6 8 5 6
6 9 7 6
(30, 29)

Arvore 24
0 1 5 5
2 13 6 7
3 11 7 5
6 8 5 6
6 10 9 5
(32, 28)

Arvore 25
0 1 5 5
2 13 6 7
3 11 7 5
6 8 5 6
6 13 7 6
(30, 29)

Arvore 26
0 1 5 5
2 13 6 7
3 11 7 5
6 8 5 6
7 9 9 5
(32, 28)

Arvore 27
0 1 5 5
2 13 6 7
3 11 7 5
6 8 5 6
7 12 6 8
(29, 31)

Arvore 28
0 1 5 5
3 11 7 5
5 9 5 11
6 8 5 6
6 9 7 6
(29, 33)

Arvore 29
0 1 5 5
3 11 7 5
5 9 5 11
6 8 5 6
6 10 9 5
(31, 32)

Arvore 30
0 1 5 5
3 11 7 5
5 9 5 11
6 8 5 6
6 13 7 6
(29, 33)

Arvore 31
0 1 5 5
3 11 7 5
5 9 5 11
6 8 5 6
7 9 9 5
(31, 32)

Arvore 32
0 1 5 5
3 11 7 5
6 8 5 6
6 9 7 6
6 10 9 5
(33, 27)

Arvore 33
0 1 5 5
3 11 7 5
6 8 5 6
6 9 7 6
6 13 7 6
(31, 28)

Arvore 34
0 1 5 5
3 11 7 5
6 8 5 6
6 9 7 6
7 9 9 5
(33, 27)

Arvore 35
0 1 5 5
3 11 7 5
6 8 5 6
6 10 9 5
6 13 7 6
(33, 27)

Arvore 36
0 1 5 5
3 11 7 5
6 8 5 6
6 10 9 5
7 9 9 5
(35, 26)

Arvore 37
0 1 5 5
3 11 7 5
6 8 5 6
6 13 7 6
7 9 9 5
(33, 27)

Arvore 38
0 1 5 5
2 11 10 5
3 11 7 5
6 10 9 5
7 9 9 5
(40, 25)

Arvore 39
0 1 5 5
2 10 6 8
2 13 6 7
5 9 5 11
6 8 5 6
(27, 37)

Arvore 40
0 1 5 5
2 10 6 8
2 13 6 7
6 8 5 6
7 12 6 8
(28, 34)

Arvore 41
0 1 5 5
2 13 6 7
5 9 5 11
6 8 5 6
7 12 6 8
(27, 37)

Arvore 42
0 2 0 95
1 2 95 0
2 13 6 7
3 11 7 5
6 8 5 6
(113, 113)

Arvore 43
0 2 0 95
1 2 95 0
3 11 7 5
5 9 5 11
6 8 5 6
(112, 117)

Arvore 44
0 2 0 95
1 2 95 0
3 11 7 5
6 8 5 6
6 9 7 6
(114, 112)

Arvore 45
0 2 0 95
1 2 95 0
3 11 7 5
6 8 5 6
6 10 9 5
(116, 111)

Arvore 46
0 2 0 95
1 2 95 0
3 11 7 5
6 8 5 6
6 13 7 6
(114, 112)

Arvore 47
0 2 0 95
1 2 95 0
3 11 7 5
6 8 5 6
7 9 9 5
(116, 111)

Arvore 48
0 2 0 95
1 2 95 0
3 11 7 5
6 10 9 5
7 9 9 5
(120, 110)

Arvore 49
0 2 0 95
1 2 95 0
2 10 6 8
2 13 6 7
6 8 5 6
(112, 116)

Arvore 50
0 2 0 95
1 2 95 0
2 13 6 7
5 9 5 11
6 8 5 6
(111, 119)

Arvore 51
0 2 0 95
1 2 95 0
2 13 6 7
6 8 5 6
7 12 6 8
(112, 116)

ARVORES COM 6 ARESTAS 
Arvore 1
0 1 5 5
0 2 0 95
2 10 6 8
2 13 6 7
3 11 7 5
6 8 5 6
(29, 126)

Arvore 2
0 1 5 5
0 2 0 95
2 13 6 7
3 11 7 5
5 9 5 11
6 8 5 6
(28, 129)

Arvore 3
0 1 5 5
0 2 0 95
2 13 6 7
3 11 7 5
6 8 5 6
6 9 7 6
(30, 124)

Arvore 4
0 1 5 5
0 2 0 95
2 13 6 7
3 11 7 5
6 8 5 6
6 10 9 5
(32, 123)

Arvore 5
0 1 5 5
0 2 0 95
2 13 6 7
3 11 7 5
6 8 5 6
6 13 7 6
(30, 124)

Arvore 6
0 1 5 5
0 2 0 95
2 13 6 7
3 11 7 5
6 8 5 6
7 9 9 5
(32, 123)

Arvore 7
0 1 5 5
0 2 0 95
2 13 6 7
3 11 7 5
6 8 5 6
7 12 6 8
(29, 126)

Arvore 8
0 1 5 5
0 2 0 95
3 11 7 5
5 9 5 11
6 8 5 6
6 9 7 6
(29, 128)

Arvore 9
0 1 5 5
0 2 0 95
3 11 7 5
5 9 5 11
6 8 5 6
6 10 9 5
(31, 127)

Arvore 10
0 1 5 5
0 2 0 95
3 11 7 5
5 9 5 11
6 8 5 6
6 13 7 6
(29, 128)

Arvore 11
0 1 5 5
0 2 0 95
3 11 7 5
5 9 5 11
6 8 5 6
7 9 9 5
(31, 127)

Arvore 12
0 1 5 5
0 2 0 95
3 11 7 5
6 8 5 6
6 9 7 6
6 10 9 5
(33, 122)

Arvore 13
0 1 5 5
0 2 0 95
3 11 7 5
6 8 5 6
6 9 7 6
6 13 7 6
(31, 123)

Arvore 14
0 1 5 5
0 2 0 95
3 11 7 5
6 8 5 6
6 9 7 6
7 9 9 5
(33, 122)

Arvore 15
0 1 5 5
0 2 0 95
3 11 7 5
6 8 5 6
6 10 9 5
6 13 7 6
(33, 122)

Arvore 16
0 1 5 5
0 2 0 95
3 11 7 5
6 8 5 6
6 10 9 5
7 9 9 5
(35, 121)

Arvore 17
0 1 5 5
0 2 0 95
3 11 7 5
6 8 5 6
6 13 7 6
7 9 9 5
(33, 122)

Arvore 18
0 1 5 5
0 2 0 95
2 11 10 5
3 11 7 5
6 10 9 5
7 9 9 5
(40, 120)

Arvore 19
0 1 5 5
0 2 0 95
2 10 6 8
2 13 6 7
5 9 5 11
6 8 5 6
(27, 132)

Arvore 20
0 1 5 5
0 2 0 95
2 10 6 8
2 13 6 7
6 8 5 6
7 12 6 8
(28, 129)

Arvore 21
0 1 5 5
0 2 0 95
2 13 6 7
5 9 5 11
6 8 5 6
7 12 6 8
(27, 132)

Arvore 22
0 1 5 5
1 2 95 0
2 10 6 8
2 13 6 7
3 11 7 5
6 8 5 6
(124, 31)

Arvore 23
0 1 5 5
1 2 95 0
2 13 6 7
3 11 7 5
5 9 5 11
6 8 5 6
(123, 34)

Arvore 24
0 1 5 5
1 2 95 0
2 13 6 7
3 11 7 5
6 8 5 6
6 9 7 6
(125, 29)

Arvore 25
0 1 5 5
1 2 95 0
2 13 6 7
3 11 7 5
6 8 5 6
6 10 9 5
(127, 28)

Arvore 26
0 1 5 5
1 2 95 0
2 13 6 7
3 11 7 5
6 8 5 6
6 13 7 6
(125, 29)

Arvore 27
0 1 5 5
1 2 95 0
2 13 6 7
3 11 7 5
6 8 5 6
7 9 9 5
(127, 28)

Arvore 28
0 1 5 5
1 2 95 0
2 13 6 7
3 11 7 5
6 8 5 6
7 12 6 8
(124, 31)

Arvore 29
0 1 5 5
1 2 95 0
3 11 7 5
5 9 5 11
6 8 5 6
6 9 7 6
(124, 33)

Arvore 30
0 1 5 5
1 2 95 0
3 11 7 5
5 9 5 11
6 8 5 6
6 10 9 5
(126, 32)

Arvore 31
0 1 5 5
1 2 95 0
3 11 7 5
5 9 5 11
6 8 5 6
6 13 7 6
(124, 33)

Arvore 32
0 1 5 5
1 2 95 0
3 11 7 5
5 9 5 11
6 8 5 6
7 9 9 5
(126, 32)

Arvore 33
0 1 5 5
1 2 95 0
3 11 7 5
6 8 5 6
6 9 7 6
6 10 9 5
(128, 27)

Arvore 34
0 1 5 5
1 2 95 0
3 11 7 5
6 8 5 6
6 9 7 6
6 13 7 6
(126, 28)

Arvore 35
0 1 5 5
1 2 95 0
3 11 7 5
6 8 5 6
6 9 7 6
7 9 9 5
(128, 27)

Arvore 36
0 1 5 5
1 2 95 0
3 11 7 5
6 8 5 6
6 10 9 5
6 13 7 6
(128, 27)

Arvore 37
0 1 5 5
1 2 95 0
3 11 7 5
6 8 5 6
6 10 9 5
7 9 9 5
(130, 26)

Arvore 38
0 1 5 5
1 2 95 0
3 11 7 5
6 8 5 6
6 13 7 6
7 9 9 5
(128, 27)

Arvore 39
0 1 5 5
1 2 95 0
2 11 10 5
3 11 7 5
6 10 9 5
7 9 9 5
(135, 25)

Arvore 40
0 1 5 5
1 2 95 0
2 10 6 8
2 13 6 7
5 9 5 11
6 8 5 6
(122, 37)

Arvore 41
0 1 5 5
1 2 95 0
2 10 6 8
2 13 6 7
6 8 5 6
7 12 6 8
(123, 34)

Arvore 42
0 1 5 5
1 2 95 0
2 13 6 7
5 9 5 11
6 8 5 6
7 12 6 8
(122, 37)

Arvore 43
0 1 5 5
2 10 6 8
2 13 6 7
3 11 7 5
5 9 5 11
6 8 5 6
(34, 42)

Arvore 44
0 1 5 5
2 10 6 8
2 13 6 7
3 11 7 5
6 8 5 6
6 9 7 6
(36, 37)

Arvore 45
0 1 5 5
2 10 6 8
2 13 6 7
3 11 7 5
6 8 5 6
6 10 9 5
(38, 36)

Arvore 46
0 1 5 5
2 10 6 8
2 13 6 7
3 11 7 5
6 8 5 6
6 13 7 6
(36, 37)

Arvore 47
0 1 5 5
2 10 6 8
2 13 6 7
3 11 7 5
6 8 5 6
7 9 9 5
(38, 36)

Arvore 48
0 1 5 5
2 10 6 8
2 13 6 7
3 11 7 5
6 8 5 6
7 12 6 8
(35, 39)

Arvore 49
0 1 5 5
2 13 6 7
3 11 7 5
5 9 5 11
6 8 5 6
6 9 7 6
(35, 40)

Arvore 50
0 1 5 5
2 13 6 7
3 11 7 5
5 9 5 11
6 8 5 6
6 10 9 5
(37, 39)

Arvore 51
0 1 5 5
2 13 6 7
3 11 7 5
5 9 5 11
6 8 5 6
6 13 7 6
(35, 40)

Arvore 52
0 1 5 5
2 13 6 7
3 11 7 5
5 9 5 11
6 8 5 6
7 9 9 5
(37, 39)

Arvore 53
0 1 5 5
2 13 6 7
3 11 7 5
5 9 5 11
6 8 5 6
7 12 6 8
(34, 42)

Arvore 54
0 1 5 5
2 13 6 7
3 11 7 5
6 8 5 6
6 9 7 6
6 10 9 5
(39, 34)

Arvore 55
0 1 5 5
2 13 6 7
3 11 7 5
6 8 5 6
6 9 7 6
6 13 7 6
(37, 35)

Arvore 56
0 1 5 5
2 13 6 7
3 11 7 5
6 8 5 6
6 9 7 6
7 9 9 5
(39, 34)

Arvore 57
0 1 5 5
2 13 6 7
3 11 7 5
6 8 5 6
6 9 7 6
7 12 6 8
(36, 37)

Arvore 58
0 1 5 5
2 13 6 7
3 11 7 5
6 8 5 6
6 10 9 5
6 13 7 6
(39, 34)

Arvore 59
0 1 5 5
2 13 6 7
3 11 7 5
6 8 5 6
6 10 9 5
7 9 9 5
(41, 33)

Arvore 60
0 1 5 5
2 13 6 7
3 11 7 5
6 8 5 6
6 10 9 5
7 12 6 8
(38, 36)

Arvore 61
0 1 5 5
2 13 6 7
3 11 7 5
6 8 5 6
6 13 7 6
7 9 9 5
(39, 34)

Arvore 62
0 1 5 5
2 13 6 7
3 11 7 5
6 8 5 6
6 13 7 6
7 12 6 8
(36, 37)

Arvore 63
0 1 5 5
2 13 6 7
3 11 7 5
6 8 5 6
7 9 9 5
7 12 6 8
(38, 36)

Arvore 64
0 1 5 5
3 11 7 5
5 9 5 11
6 8 5 6
6 9 7 6
6 10 9 5
(38, 38)

Arvore 65
0 1 5 5
3 11 7 5
5 9 5 11
6 8 5 6
6 9 7 6
6 13 7 6
(36, 39)

Arvore 66
0 1 5 5
3 11 7 5
5 9 5 11
6 8 5 6
6 9 7 6
7 9 9 5
(38, 38)

Arvore 67
0 1 5 5
3 11 7 5
5 9 5 11
6 8 5 6
6 10 9 5
6 13 7 6
(38, 38)

Arvore 68
0 1 5 5
3 11 7 5
5 9 5 11
6 8 5 6
6 10 9 5
7 9 9 5
(40, 37)

Arvore 69
0 1 5 5
3 11 7 5
5 9 5 11
6 8 5 6
6 13 7 6
7 9 9 5
(38, 38)

Arvore 70
0 1 5 5
3 11 7 5
6 8 5 6
6 9 7 6
6 10 9 5
6 13 7 6
(40, 33)

Arvore 71
0 1 5 5
3 11 7 5
6 8 5 6
6 9 7 6
6 10 9 5
7 9 9 5
(42, 32)

Arvore 72
0 1 5 5
3 11 7 5
6 8 5 6
6 9 7 6
6 11 8 6
6 13 7 6
(39, 34)

Arvore 73
0 1 5 5
3 11 7 5
6 8 5 6
6 9 7 6
6 13 7 6
7 9 9 5
(40, 33)

Arvore 74
0 1 5 5
3 11 7 5
6 8 5 6
6 10 9 5
6 13 7 6
7 9 9 5
(42, 32)

Arvore 75
0 1 5 5
2 11 10 5
3 11 7 5
6 8 5 6
6 10 9 5
7 9 9 5
(45, 31)

Arvore 76
0 1 5 5
2 11 10 5
3 11 7 5
4 13 11 5
6 10 9 5
7 9 9 5
(51, 30)

Arvore 77
0 1 5 5
2 10 6 8
2 13 6 7
5 9 5 11
6 8 5 6
7 12 6 8
(33, 45)

Arvore 78
0 1 5 5
2 10 6 8
2 13 6 7
6 8 5 6
7 8 6 9
7 12 6 8
(34, 43)

Arvore 79
0 2 0 95
1 2 95 0
2 10 6 8
2 13 6 7
3 11 7 5
6 8 5 6
(119, 121)

Arvore 80
0 2 0 95
1 2 95 0
2 13 6 7
3 11 7 5
5 9 5 11
6 8 5 6
(118, 124)

Arvore 81
0 2 0 95
1 2 95 0
2 13 6 7
3 11 7 5
6 8 5 6
6 9 7 6
(120, 119)

Arvore 82
0 2 0 95
1 2 95 0
2 13 6 7
3 11 7 5
6 8 5 6
6 10 9 5
(122, 118)

Arvore 83
0 2 0 95
1 2 95 0
2 13 6 7
3 11 7 5
6 8 5 6
6 13 7 6
(120, 119)

Arvore 84
0 2 0 95
1 2 95 0
2 13 6 7
3 11 7 5
6 8 5 6
7 9 9 5
(122, 118)

Arvore 85
0 2 0 95
1 2 95 0
2 13 6 7
3 11 7 5
6 8 5 6
7 12 6 8
(119, 121)

Arvore 86
0 2 0 95
1 2 95 0
3 11 7 5
5 9 5 11
6 8 5 6
6 9 7 6
(119, 123)

Arvore 87
0 2 0 95
1 2 95 0
3 11 7 5
5 9 5 11
6 8 5 6
6 10 9 5
(121, 122)

Arvore 88
0 2 0 95
1 2 95 0
3 11 7 5
5 9 5 11
6 8 5 6
6 13 7 6
(119, 123)

Arvore 89
0 2 0 95
1 2 95 0
3 11 7 5
5 9 5 11
6 8 5 6
7 9 9 5
(121, 122)

Arvore 90
0 2 0 95
1 2 95 0
3 11 7 5
6 8 5 6
6 9 7 6
6 10 9 5
(123, 117)

Arvore 91
0 2 0 95
1 2 95 0
3 11 7 5
6 8 5 6
6 9 7 6
6 13 7 6
(121, 118)

Arvore 92
0 2 0 95
1 2 95 0
3 11 7 5
6 8 5 6
6 9 7 6
7 9 9 5
(123, 117)

Arvore 93
0 2 0 95
1 2 95 0
3 11 7 5
6 8 5 6
6 10 9 5
6 13 7 6
(123, 117)

Arvore 94
0 2 0 95
1 2 95 0
3 11 7 5
6 8 5 6
6 10 9 5
7 9 9 5
(125, 116)

Arvore 95
0 2 0 95
1 2 95 0
3 11 7 5
6 8 5 6
6 13 7 6
7 9 9 5
(123, 117)

Arvore 96
0 2 0 95
1 2 95 0
2 11 10 5
3 11 7 5
6 10 9 5
7 9 9 5
(130, 115)

Arvore 97
0 2 0 95
1 2 95 0
2 10 6 8
2 13 6 7
5 9 5 11
6 8 5 6
(117, 127)

Arvore 98
0 2 0 95
1 2 95 0
2 10 6 8
2 13 6 7
6 8 5 6
7 12 6 8
(118, 124)

Arvore 99
0 2 0 95
1 2 95 0
2 13 6 7
5 9 5 11
6 8 5 6
7 12 6 8
(117, 127)

