3894
38.94
Arvore 1
0 1 16 16
0 2 0 84
0 5 16 26
0 6 17 19
0 7 23 18
1 8 20 19
3 9 16 17
4 8 17 23
4 9 18 20
(143, 242)

Arvore 2
0 1 16 16
0 2 0 84
0 5 16 26
0 6 17 19
1 7 21 22
1 8 20 19
3 9 16 17
4 8 17 23
4 9 18 20
(141, 246)

Arvore 3
0 1 16 16
0 2 0 84
0 5 16 26
0 6 17 19
0 7 23 18
1 8 20 19
3 9 16 17
4 8 17 23
5 9 22 17
(147, 239)

Arvore 4
0 1 16 16
0 2 0 84
0 5 16 26
0 6 17 19
1 7 21 22
1 8 20 19
3 9 16 17
4 8 17 23
5 9 22 17
(145, 243)

Arvore 5
0 1 16 16
0 2 0 84
0 5 16 26
0 6 17 19
0 7 23 18
1 8 20 19
3 9 16 17
4 8 17 23
6 9 22 17
(147, 239)

Arvore 6
0 1 16 16
0 2 0 84
0 5 16 26
0 6 17 19
1 7 21 22
1 8 20 19
3 9 16 17
4 8 17 23
6 9 22 17
(145, 243)

Arvore 7
0 1 16 16
0 2 0 84
0 4 21 21
0 5 16 26
0 6 17 19
0 7 23 18
1 8 20 19
3 9 16 17
4 9 18 20
(147, 240)

Arvore 8
0 1 16 16
0 2 0 84
0 4 21 21
0 5 16 26
0 6 17 19
1 7 21 22
1 8 20 19
3 9 16 17
4 9 18 20
(145, 244)

Arvore 9
0 1 16 16
0 2 0 84
0 5 16 26
0 6 17 19
0 7 23 18
1 8 20 19
1 9 18 22
3 9 16 17
4 9 18 20
(144, 241)

Arvore 10
0 1 16 16
0 2 0 84
0 5 16 26
0 6 17 19
1 7 21 22
1 8 20 19
1 9 18 22
3 9 16 17
4 9 18 20
(142, 245)

Arvore 11
0 1 16 16
0 2 0 84
0 5 16 26
0 6 17 19
0 7 23 18
1 8 20 19
3 9 16 17
4 9 18 20
5 9 22 17
(148, 236)

Arvore 12
0 1 16 16
0 2 0 84
0 5 16 26
0 6 17 19
1 7 21 22
1 8 20 19
3 9 16 17
4 9 18 20
5 9 22 17
(146, 240)

Arvore 13
0 1 16 16
0 2 0 84
0 5 16 26
0 6 17 19
0 7 23 18
1 8 20 19
3 9 16 17
4 9 18 20
6 9 22 17
(148, 236)

Arvore 14
0 1 16 16
0 2 0 84
0 5 16 26
0 6 17 19
1 7 21 22
1 8 20 19
3 9 16 17
4 9 18 20
6 9 22 17
(146, 240)

Arvore 15
0 1 16 16
0 2 0 84
0 5 16 26
0 6 17 19
0 7 23 18
1 9 18 22
3 9 16 17
4 8 17 23
4 9 18 20
(141, 245)

Arvore 16
0 1 16 16
0 2 0 84
0 5 16 26
0 6 17 19
1 7 21 22
1 9 18 22
3 9 16 17
4 8 17 23
4 9 18 20
(139, 249)

Arvore 17
0 1 16 16
0 2 0 84
0 5 16 26
0 6 17 19
0 7 23 18
3 9 16 17
4 8 17 23
4 9 18 20
5 9 22 17
(145, 240)

Arvore 18
0 1 16 16
0 2 0 84
0 5 16 26
0 6 17 19
1 7 21 22
3 9 16 17
4 8 17 23
4 9 18 20
5 9 22 17
(143, 244)

Arvore 19
0 1 16 16
0 2 0 84
0 5 16 26
0 6 17 19
0 7 23 18
3 9 16 17
4 8 17 23
4 9 18 20
6 9 22 17
(145, 240)

Arvore 20
0 1 16 16
0 2 0 84
0 5 16 26
0 6 17 19
1 7 21 22
3 9 16 17
4 8 17 23
4 9 18 20
6 9 22 17
(143, 244)

Arvore 21
0 1 16 16
0 2 0 84
0 5 16 26
0 6 17 19
0 7 23 18
3 8 26 18
3 9 16 17
4 8 17 23
5 9 22 17
(153, 238)

Arvore 22
0 1 16 16
0 2 0 84
0 5 16 26
0 6 17 19
0 7 23 18
3 8 26 18
3 9 16 17
4 8 17 23
6 9 22 17
(153, 238)

Arvore 23
0 1 16 16
0 2 0 84
0 5 16 26
0 6 17 19
0 7 23 18
1 9 18 22
3 8 26 18
3 9 16 17
4 9 18 20
(150, 240)

Arvore 24
0 1 16 16
0 2 0 84
0 5 16 26
0 6 17 19
0 7 23 18
3 8 26 18
3 9 16 17
4 9 18 20
5 9 22 17
(154, 235)

Arvore 25
0 1 16 16
0 2 0 84
0 5 16 26
0 6 17 19
0 7 23 18
3 8 26 18
3 9 16 17
4 9 18 20
6 9 22 17
(154, 235)

Arvore 26
0 1 16 16
0 2 0 84
0 5 16 26
0 7 23 18
1 6 22 17
1 8 20 19
3 9 16 17
4 8 17 23
4 9 18 20
(148, 240)

Arvore 27
0 1 16 16
0 2 0 84
0 5 16 26
1 6 22 17
1 7 21 22
1 8 20 19
3 9 16 17
4 8 17 23
4 9 18 20
(146, 244)

Arvore 28
0 1 16 16
0 2 0 84
0 5 16 26
0 7 23 18
1 6 22 17
1 8 20 19
3 9 16 17
4 8 17 23
5 9 22 17
(152, 237)

Arvore 29
0 1 16 16
0 2 0 84
0 5 16 26
1 6 22 17
1 7 21 22
1 8 20 19
3 9 16 17
4 8 17 23
5 9 22 17
(150, 241)

Arvore 30
0 1 16 16
0 2 0 84
0 5 16 26
0 7 23 18
1 6 22 17
1 8 20 19
3 9 16 17
4 8 17 23
6 9 22 17
(152, 237)

Arvore 31
0 1 16 16
0 2 0 84
0 5 16 26
1 6 22 17
1 7 21 22
1 8 20 19
3 9 16 17
4 8 17 23
6 9 22 17
(150, 241)

Arvore 32
0 1 16 16
0 2 0 84
0 4 21 21
0 5 16 26
0 7 23 18
1 6 22 17
1 8 20 19
3 9 16 17
4 9 18 20
(152, 238)

Arvore 33
0 1 16 16
0 2 0 84
0 4 21 21
0 5 16 26
1 6 22 17
1 7 21 22
1 8 20 19
3 9 16 17
4 9 18 20
(150, 242)

Arvore 34
0 1 16 16
0 2 0 84
0 5 16 26
0 7 23 18
1 6 22 17
1 8 20 19
1 9 18 22
3 9 16 17
4 9 18 20
(149, 239)

Arvore 35
0 1 16 16
0 2 0 84
0 5 16 26
1 6 22 17
1 7 21 22
1 8 20 19
1 9 18 22
3 9 16 17
4 9 18 20
(147, 243)

Arvore 36
0 1 16 16
0 2 0 84
0 5 16 26
0 7 23 18
1 6 22 17
1 8 20 19
3 9 16 17
4 9 18 20
5 9 22 17
(153, 234)

Arvore 37
0 1 16 16
0 2 0 84
0 5 16 26
1 6 22 17
1 7 21 22
1 8 20 19
3 9 16 17
4 9 18 20
5 9 22 17
(151, 238)

Arvore 38
0 1 16 16
0 2 0 84
0 5 16 26
0 7 23 18
1 6 22 17
1 8 20 19
3 9 16 17
4 9 18 20
6 9 22 17
(153, 234)

Arvore 39
0 1 16 16
0 2 0 84
0 5 16 26
1 6 22 17
1 7 21 22
1 8 20 19
3 9 16 17
4 9 18 20
6 9 22 17
(151, 238)

Arvore 40
0 1 16 16
0 2 0 84
0 5 16 26
0 7 23 18
1 6 22 17
1 9 18 22
3 9 16 17
4 8 17 23
4 9 18 20
(146, 243)

Arvore 41
0 1 16 16
0 2 0 84
0 5 16 26
1 6 22 17
1 7 21 22
1 9 18 22
3 9 16 17
4 8 17 23
4 9 18 20
(144, 247)

Arvore 42
0 1 16 16
0 2 0 84
0 5 16 26
0 7 23 18
1 6 22 17
3 9 16 17
4 8 17 23
4 9 18 20
5 9 22 17
(150, 238)

Arvore 43
0 1 16 16
0 2 0 84
0 5 16 26
1 6 22 17
1 7 21 22
3 9 16 17
4 8 17 23
4 9 18 20
5 9 22 17
(148, 242)

Arvore 44
0 1 16 16
0 2 0 84
0 5 16 26
0 7 23 18
1 6 22 17
3 9 16 17
4 8 17 23
4 9 18 20
6 9 22 17
(150, 238)

Arvore 45
0 1 16 16
0 2 0 84
0 5 16 26
1 6 22 17
1 7 21 22
3 9 16 17
4 8 17 23
4 9 18 20
6 9 22 17
(148, 242)

Arvore 46
0 1 16 16
0 2 0 84
0 5 16 26
0 7 23 18
1 6 22 17
3 8 26 18
3 9 16 17
4 8 17 23
5 9 22 17
(158, 236)

Arvore 47
0 1 16 16
0 2 0 84
0 5 16 26
0 7 23 18
1 6 22 17
3 8 26 18
3 9 16 17
4 8 17 23
6 9 22 17
(158, 236)

Arvore 48
0 1 16 16
0 2 0 84
0 5 16 26
0 7 23 18
1 6 22 17
1 9 18 22
3 8 26 18
3 9 16 17
4 9 18 20
(155, 238)

Arvore 49
0 1 16 16
0 2 0 84
0 5 16 26
0 7 23 18
1 6 22 17
3 8 26 18
3 9 16 17
4 9 18 20
5 9 22 17
(159, 233)

Arvore 50
0 1 16 16
0 2 0 84
0 5 16 26
0 7 23 18
1 6 22 17
3 8 26 18
3 9 16 17
4 9 18 20
6 9 22 17
(159, 233)

Arvore 51
0 1 16 16
0 2 0 84
0 5 16 26
0 7 23 18
1 8 20 19
3 9 16 17
4 8 17 23
5 9 22 17
6 9 22 17
(152, 237)

Arvore 52
0 1 16 16
0 2 0 84
0 5 16 26
0 7 23 18
1 8 20 19
3 9 16 17
4 9 18 20
5 9 22 17
6 9 22 17
(153, 234)

Arvore 53
0 1 16 16
0 2 0 84
0 5 16 26
0 7 23 18
3 8 26 18
3 9 16 17
4 8 17 23
5 9 22 17
6 9 22 17
(158, 236)

Arvore 54
0 1 16 16
0 2 0 84
0 5 16 26
0 7 23 18
3 8 26 18
3 9 16 17
4 9 18 20
5 9 22 17
6 9 22 17
(159, 233)

Arvore 55
0 1 16 16
0 2 0 84
0 5 16 26
0 7 23 18
3 9 16 17
4 8 17 23
4 9 18 20
5 9 22 17
6 9 22 17
(150, 238)

Arvore 56
0 1 16 16
0 2 0 84
0 5 16 26
1 7 21 22
1 8 20 19
3 9 16 17
4 8 17 23
5 9 22 17
6 9 22 17
(150, 241)

Arvore 57
0 1 16 16
0 2 0 84
0 5 16 26
1 7 21 22
1 8 20 19
3 9 16 17
4 9 18 20
5 9 22 17
6 9 22 17
(151, 238)

Arvore 58
0 1 16 16
0 2 0 84
0 5 16 26
1 7 21 22
3 9 16 17
4 8 17 23
4 9 18 20
5 9 22 17
6 9 22 17
(148, 242)

Arvore 59
0 1 16 16
0 2 0 84
0 6 17 19
0 7 23 18
1 5 16 26
1 8 20 19
3 9 16 17
4 8 17 23
4 9 18 20
(143, 242)

Arvore 60
0 1 16 16
0 2 0 84
0 6 17 19
1 5 16 26
1 7 21 22
1 8 20 19
3 9 16 17
4 8 17 23
4 9 18 20
(141, 246)

Arvore 61
0 1 16 16
0 2 0 84
0 6 17 19
0 7 23 18
1 5 16 26
1 8 20 19
3 9 16 17
4 8 17 23
5 9 22 17
(147, 239)

Arvore 62
0 1 16 16
0 2 0 84
0 6 17 19
1 5 16 26
1 7 21 22
1 8 20 19
3 9 16 17
4 8 17 23
5 9 22 17
(145, 243)

Arvore 63
0 1 16 16
0 2 0 84
0 6 17 19
0 7 23 18
1 5 16 26
1 8 20 19
3 9 16 17
4 8 17 23
6 9 22 17
(147, 239)

Arvore 64
0 1 16 16
0 2 0 84
0 6 17 19
1 5 16 26
1 7 21 22
1 8 20 19
3 9 16 17
4 8 17 23
6 9 22 17
(145, 243)

Arvore 65
0 1 16 16
0 2 0 84
0 4 21 21
0 6 17 19
0 7 23 18
1 5 16 26
1 8 20 19
3 9 16 17
4 9 18 20
(147, 240)

Arvore 66
0 1 16 16
0 2 0 84
0 4 21 21
0 6 17 19
1 5 16 26
1 7 21 22
1 8 20 19
3 9 16 17
4 9 18 20
(145, 244)

Arvore 67
0 1 16 16
0 2 0 84
0 6 17 19
0 7 23 18
1 5 16 26
1 8 20 19
1 9 18 22
3 9 16 17
4 9 18 20
(144, 241)

Arvore 68
0 1 16 16
0 2 0 84
0 6 17 19
1 5 16 26
1 7 21 22
1 8 20 19
1 9 18 22
3 9 16 17
4 9 18 20
(142, 245)

Arvore 69
0 1 16 16
0 2 0 84
0 6 17 19
0 7 23 18
1 5 16 26
1 8 20 19
3 9 16 17
4 9 18 20
5 9 22 17
(148, 236)

Arvore 70
0 1 16 16
0 2 0 84
0 6 17 19
1 5 16 26
1 7 21 22
1 8 20 19
3 9 16 17
4 9 18 20
5 9 22 17
(146, 240)

Arvore 71
0 1 16 16
0 2 0 84
0 6 17 19
0 7 23 18
1 5 16 26
1 8 20 19
3 9 16 17
4 9 18 20
6 9 22 17
(148, 236)

Arvore 72
0 1 16 16
0 2 0 84
0 6 17 19
1 5 16 26
1 7 21 22
1 8 20 19
3 9 16 17
4 9 18 20
6 9 22 17
(146, 240)

Arvore 73
0 1 16 16
0 2 0 84
0 6 17 19
0 7 23 18
1 5 16 26
1 9 18 22
3 9 16 17
4 8 17 23
4 9 18 20
(141, 245)

Arvore 74
0 1 16 16
0 2 0 84
0 6 17 19
1 5 16 26
1 7 21 22
1 9 18 22
3 9 16 17
4 8 17 23
4 9 18 20
(139, 249)

Arvore 75
0 1 16 16
0 2 0 84
0 6 17 19
0 7 23 18
1 5 16 26
3 9 16 17
4 8 17 23
4 9 18 20
5 9 22 17
(145, 240)

Arvore 76
0 1 16 16
0 2 0 84
0 6 17 19
1 5 16 26
1 7 21 22
3 9 16 17
4 8 17 23
4 9 18 20
5 9 22 17
(143, 244)

Arvore 77
0 1 16 16
0 2 0 84
0 6 17 19
0 7 23 18
1 5 16 26
3 9 16 17
4 8 17 23
4 9 18 20
6 9 22 17
(145, 240)

Arvore 78
0 1 16 16
0 2 0 84
0 6 17 19
1 5 16 26
1 7 21 22
3 9 16 17
4 8 17 23
4 9 18 20
6 9 22 17
(143, 244)

Arvore 79
0 1 16 16
0 2 0 84
0 6 17 19
0 7 23 18
1 5 16 26
3 8 26 18
3 9 16 17
4 8 17 23
5 9 22 17
(153, 238)

Arvore 80
0 1 16 16
0 2 0 84
0 6 17 19
0 7 23 18
1 5 16 26
3 8 26 18
3 9 16 17
4 8 17 23
6 9 22 17
(153, 238)

Arvore 81
0 1 16 16
0 2 0 84
0 6 17 19
0 7 23 18
1 5 16 26
1 9 18 22
3 8 26 18
3 9 16 17
4 9 18 20
(150, 240)

Arvore 82
0 1 16 16
0 2 0 84
0 6 17 19
0 7 23 18
1 5 16 26
3 8 26 18
3 9 16 17
4 9 18 20
5 9 22 17
(154, 235)

Arvore 83
0 1 16 16
0 2 0 84
0 6 17 19
0 7 23 18
1 5 16 26
3 8 26 18
3 9 16 17
4 9 18 20
6 9 22 17
(154, 235)

Arvore 84
0 1 16 16
0 2 0 84
0 6 17 19
0 7 23 18
1 8 20 19
3 5 20 22
3 9 16 17
4 8 17 23
4 9 18 20
(147, 238)

Arvore 85
0 1 16 16
0 2 0 84
0 6 17 19
1 7 21 22
1 8 20 19
3 5 20 22
3 9 16 17
4 8 17 23
4 9 18 20
(145, 242)

Arvore 86
0 1 16 16
0 2 0 84
0 6 17 19
0 7 23 18
1 8 20 19
3 9 16 17
4 8 17 23
4 9 18 20
5 9 22 17
(149, 233)

Arvore 87
0 1 16 16
0 2 0 84
0 6 17 19
1 7 21 22
1 8 20 19
3 9 16 17
4 8 17 23
4 9 18 20
5 9 22 17
(147, 237)

Arvore 88
0 1 16 16
0 2 0 84
0 6 17 19
0 7 23 18
1 8 20 19
3 9 16 17
4 8 17 23
5 9 22 17
6 9 22 17
(153, 230)

Arvore 89
0 1 16 16
0 2 0 84
0 6 17 19
1 7 21 22
1 8 20 19
3 9 16 17
4 8 17 23
5 9 22 17
6 9 22 17
(151, 234)

Arvore 90
0 1 16 16
0 2 0 84
0 6 17 19
0 7 23 18
1 8 20 19
3 5 20 22
3 9 16 17
4 8 17 23
6 9 22 17
(151, 235)

Arvore 91
0 1 16 16
0 2 0 84
0 6 17 19
1 7 21 22
1 8 20 19
3 5 20 22
3 9 16 17
4 8 17 23
6 9 22 17
(149, 239)

Arvore 92
0 1 16 16
0 2 0 84
0 4 21 21
0 6 17 19
0 7 23 18
1 8 20 19
3 5 20 22
3 9 16 17
4 9 18 20
(151, 236)

Arvore 93
0 1 16 16
0 2 0 84
0 4 21 21
0 6 17 19
1 7 21 22
1 8 20 19
3 5 20 22
3 9 16 17
4 9 18 20
(149, 240)

Arvore 94
0 1 16 16
0 2 0 84
0 4 21 21
0 6 17 19
0 7 23 18
1 8 20 19
3 9 16 17
4 9 18 20
5 9 22 17
(153, 231)

Arvore 95
0 1 16 16
0 2 0 84
0 4 21 21
0 6 17 19
1 7 21 22
1 8 20 19
3 9 16 17
4 9 18 20
5 9 22 17
(151, 235)

Arvore 96
0 1 16 16
0 2 0 84
0 6 17 19
0 7 23 18
1 8 20 19
1 9 18 22
3 5 20 22
3 9 16 17
4 9 18 20
(148, 237)

Arvore 97
0 1 16 16
0 2 0 84
0 6 17 19
1 7 21 22
1 8 20 19
1 9 18 22
3 5 20 22
3 9 16 17
4 9 18 20
(146, 241)

Arvore 98
0 1 16 16
0 2 0 84
0 6 17 19
0 7 23 18
1 8 20 19
1 9 18 22
3 9 16 17
4 9 18 20
5 9 22 17
(150, 232)

Arvore 99
0 1 16 16
0 2 0 84
0 6 17 19
1 7 21 22
1 8 20 19
1 9 18 22
3 9 16 17
4 9 18 20
5 9 22 17
(148, 236)

Arvore 100
0 1 16 16
0 2 0 84
0 6 17 19
0 7 23 18
1 8 20 19
3 9 16 17
4 9 18 20
5 9 22 17
6 9 22 17
(154, 227)

Arvore 101
0 1 16 16
0 2 0 84
0 6 17 19
1 7 21 22
1 8 20 19
3 9 16 17
4 9 18 20
5 9 22 17
6 9 22 17
(152, 231)

Arvore 102
0 1 16 16
0 2 0 84
0 6 17 19
0 7 23 18
1 8 20 19
3 5 20 22
3 9 16 17
4 9 18 20
6 9 22 17
(152, 232)

Arvore 103
0 1 16 16
0 2 0 84
0 6 17 19
1 7 21 22
1 8 20 19
3 5 20 22
3 9 16 17
4 9 18 20
6 9 22 17
(150, 236)

Arvore 104
0 1 16 16
0 2 0 84
0 6 17 19
0 7 23 18
1 9 18 22
3 5 20 22
3 9 16 17
4 8 17 23
4 9 18 20
(145, 241)

Arvore 105
0 1 16 16
0 2 0 84
0 6 17 19
1 7 21 22
1 9 18 22
3 5 20 22
3 9 16 17
4 8 17 23
4 9 18 20
(143, 245)

Arvore 106
0 1 16 16
0 2 0 84
0 6 17 19
0 7 23 18
1 9 18 22
3 9 16 17
4 8 17 23
4 9 18 20
5 9 22 17
(147, 236)

Arvore 107
0 1 16 16
0 2 0 84
0 6 17 19
1 7 21 22
1 9 18 22
3 9 16 17
4 8 17 23
4 9 18 20
5 9 22 17
(145, 240)

Arvore 108
0 1 16 16
0 2 0 84
0 6 17 19
0 7 23 18
3 9 16 17
4 8 17 23
4 9 18 20
5 9 22 17
6 9 22 17
(151, 231)

Arvore 109
0 1 16 16
0 2 0 84
0 6 17 19
1 7 21 22
3 9 16 17
4 8 17 23
4 9 18 20
5 9 22 17
6 9 22 17
(149, 235)

Arvore 110
0 1 16 16
0 2 0 84
0 6 17 19
0 7 23 18
3 5 20 22
3 9 16 17
4 8 17 23
4 9 18 20
6 9 22 17
(149, 236)

Arvore 111
0 1 16 16
0 2 0 84
0 6 17 19
1 7 21 22
3 5 20 22
3 9 16 17
4 8 17 23
4 9 18 20
6 9 22 17
(147, 240)

Arvore 112
0 1 16 16
0 2 0 84
0 6 17 19
0 7 23 18
3 8 26 18
3 9 16 17
4 8 17 23
5 9 22 17
6 9 22 17
(159, 229)

Arvore 113
0 1 16 16
0 2 0 84
0 6 17 19
0 7 23 18
1 9 18 22
3 8 26 18
3 9 16 17
4 9 18 20
5 9 22 17
(156, 231)

Arvore 114
0 1 16 16
0 2 0 84
0 6 17 19
0 7 23 18
3 8 26 18
3 9 16 17
4 9 18 20
5 9 22 17
6 9 22 17
(160, 226)

Arvore 115
0 1 16 16
0 2 0 84
0 7 23 18
1 5 16 26
1 6 22 17
1 8 20 19
3 9 16 17
4 8 17 23
4 9 18 20
(148, 240)

Arvore 116
0 1 16 16
0 2 0 84
1 5 16 26
1 6 22 17
1 7 21 22
1 8 20 19
3 9 16 17
4 8 17 23
4 9 18 20
(146, 244)

Arvore 117
0 1 16 16
0 2 0 84
0 7 23 18
1 5 16 26
1 6 22 17
1 8 20 19
3 9 16 17
4 8 17 23
5 9 22 17
(152, 237)

Arvore 118
0 1 16 16
0 2 0 84
1 5 16 26
1 6 22 17
1 7 21 22
1 8 20 19
3 9 16 17
4 8 17 23
5 9 22 17
(150, 241)

Arvore 119
0 1 16 16
0 2 0 84
0 7 23 18
1 5 16 26
1 6 22 17
1 8 20 19
3 9 16 17
4 8 17 23
6 9 22 17
(152, 237)

Arvore 120
0 1 16 16
0 2 0 84
1 5 16 26
1 6 22 17
1 7 21 22
1 8 20 19
3 9 16 17
4 8 17 23
6 9 22 17
(150, 241)

Arvore 121
0 1 16 16
0 2 0 84
0 4 21 21
0 7 23 18
1 5 16 26
1 6 22 17
1 8 20 19
3 9 16 17
4 9 18 20
(152, 238)

Arvore 122
0 1 16 16
0 2 0 84
0 4 21 21
1 5 16 26
1 6 22 17
1 7 21 22
1 8 20 19
3 9 16 17
4 9 18 20
(150, 242)

Arvore 123
0 1 16 16
0 2 0 84
0 7 23 18
1 5 16 26
1 6 22 17
1 8 20 19
1 9 18 22
3 9 16 17
4 9 18 20
(149, 239)

Arvore 124
0 1 16 16
0 2 0 84
1 5 16 26
1 6 22 17
1 7 21 22
1 8 20 19
1 9 18 22
3 9 16 17
4 9 18 20
(147, 243)

Arvore 125
0 1 16 16
0 2 0 84
0 7 23 18
1 5 16 26
1 6 22 17
1 8 20 19
3 9 16 17
4 9 18 20
5 9 22 17
(153, 234)

Arvore 126
0 1 16 16
0 2 0 84
1 5 16 26
1 6 22 17
1 7 21 22
1 8 20 19
3 9 16 17
4 9 18 20
5 9 22 17
(151, 238)

Arvore 127
0 1 16 16
0 2 0 84
0 7 23 18
1 5 16 26
1 6 22 17
1 8 20 19
3 9 16 17
4 9 18 20
6 9 22 17
(153, 234)

Arvore 128
0 1 16 16
0 2 0 84
1 5 16 26
1 6 22 17
1 7 21 22
1 8 20 19
3 9 16 17
4 9 18 20
6 9 22 17
(151, 238)

Arvore 129
0 1 16 16
0 2 0 84
0 7 23 18
1 5 16 26
1 6 22 17
1 9 18 22
3 9 16 17
4 8 17 23
4 9 18 20
(146, 243)

Arvore 130
0 1 16 16
0 2 0 84
1 5 16 26
1 6 22 17
1 7 21 22
1 9 18 22
3 9 16 17
4 8 17 23
4 9 18 20
(144, 247)

Arvore 131
0 1 16 16
0 2 0 84
0 7 23 18
1 5 16 26
1 6 22 17
3 9 16 17
4 8 17 23
4 9 18 20
5 9 22 17
(150, 238)

Arvore 132
0 1 16 16
0 2 0 84
1 5 16 26
1 6 22 17
1 7 21 22
3 9 16 17
4 8 17 23
4 9 18 20
5 9 22 17
(148, 242)

Arvore 133
0 1 16 16
0 2 0 84
0 7 23 18
1 5 16 26
1 6 22 17
3 9 16 17
4 8 17 23
4 9 18 20
6 9 22 17
(150, 238)

Arvore 134
0 1 16 16
0 2 0 84
1 5 16 26
1 6 22 17
1 7 21 22
3 9 16 17
4 8 17 23
4 9 18 20
6 9 22 17
(148, 242)

Arvore 135
0 1 16 16
0 2 0 84
0 7 23 18
1 5 16 26
1 6 22 17
3 8 26 18
3 9 16 17
4 8 17 23
5 9 22 17
(158, 236)

Arvore 136
0 1 16 16
0 2 0 84
0 7 23 18
1 5 16 26
1 6 22 17
3 8 26 18
3 9 16 17
4 8 17 23
6 9 22 17
(158, 236)

Arvore 137
0 1 16 16
0 2 0 84
0 7 23 18
1 5 16 26
1 6 22 17
1 9 18 22
3 8 26 18
3 9 16 17
4 9 18 20
(155, 238)

Arvore 138
0 1 16 16
0 2 0 84
0 7 23 18
1 5 16 26
1 6 22 17
3 8 26 18
3 9 16 17
4 9 18 20
5 9 22 17
(159, 233)

Arvore 139
0 1 16 16
0 2 0 84
0 7 23 18
1 5 16 26
1 6 22 17
3 8 26 18
3 9 16 17
4 9 18 20
6 9 22 17
(159, 233)

Arvore 140
0 1 16 16
0 2 0 84
0 7 23 18
1 5 16 26
1 8 20 19
3 9 16 17
4 8 17 23
5 9 22 17
6 9 22 17
(152, 237)

Arvore 141
0 1 16 16
0 2 0 84
0 7 23 18
1 5 16 26
1 8 20 19
3 9 16 17
4 9 18 20
5 9 22 17
6 9 22 17
(153, 234)

Arvore 142
0 1 16 16
0 2 0 84
0 7 23 18
1 5 16 26
3 8 26 18
3 9 16 17
4 8 17 23
5 9 22 17
6 9 22 17
(158, 236)

Arvore 143
0 1 16 16
0 2 0 84
0 7 23 18
1 5 16 26
3 8 26 18
3 9 16 17
4 9 18 20
5 9 22 17
6 9 22 17
(159, 233)

Arvore 144
0 1 16 16
0 2 0 84
0 7 23 18
1 5 16 26
3 9 16 17
4 8 17 23
4 9 18 20
5 9 22 17
6 9 22 17
(150, 238)

Arvore 145
0 1 16 16
0 2 0 84
1 5 16 26
1 7 21 22
1 8 20 19
3 9 16 17
4 8 17 23
5 9 22 17
6 9 22 17
(150, 241)

Arvore 146
0 1 16 16
0 2 0 84
1 5 16 26
1 7 21 22
1 8 20 19
3 9 16 17
4 9 18 20
5 9 22 17
6 9 22 17
(151, 238)

Arvore 147
0 1 16 16
0 2 0 84
1 5 16 26
1 7 21 22
3 9 16 17
4 8 17 23
4 9 18 20
5 9 22 17
6 9 22 17
(148, 242)

Arvore 148
0 1 16 16
0 2 0 84
0 7 23 18
1 6 22 17
1 8 20 19
3 5 20 22
3 9 16 17
4 8 17 23
4 9 18 20
(152, 236)

Arvore 149
0 1 16 16
0 2 0 84
1 6 22 17
1 7 21 22
1 8 20 19
3 5 20 22
3 9 16 17
4 8 17 23
4 9 18 20
(150, 240)

Arvore 150
0 1 16 16
0 2 0 84
0 7 23 18
1 6 22 17
1 8 20 19
3 9 16 17
4 8 17 23
4 9 18 20
5 9 22 17
(154, 231)

Arvore 151
0 1 16 16
0 2 0 84
1 6 22 17
1 7 21 22
1 8 20 19
3 9 16 17
4 8 17 23
4 9 18 20
5 9 22 17
(152, 235)

Arvore 152
0 1 16 16
0 2 0 84
0 7 23 18
1 6 22 17
1 8 20 19
3 9 16 17
4 8 17 23
5 9 22 17
6 9 22 17
(158, 228)

Arvore 153
0 1 16 16
0 2 0 84
1 6 22 17
1 7 21 22
1 8 20 19
3 9 16 17
4 8 17 23
5 9 22 17
6 9 22 17
(156, 232)

Arvore 154
0 1 16 16
0 2 0 84
0 7 23 18
1 6 22 17
1 8 20 19
3 5 20 22
3 9 16 17
4 8 17 23
6 9 22 17
(156, 233)

Arvore 155
0 1 16 16
0 2 0 84
1 6 22 17
1 7 21 22
1 8 20 19
3 5 20 22
3 9 16 17
4 8 17 23
6 9 22 17
(154, 237)

Arvore 156
0 1 16 16
0 2 0 84
0 4 21 21
0 7 23 18
1 6 22 17
1 8 20 19
3 5 20 22
3 9 16 17
4 9 18 20
(156, 234)

Arvore 157
0 1 16 16
0 2 0 84
0 4 21 21
1 6 22 17
1 7 21 22
1 8 20 19
3 5 20 22
3 9 16 17
4 9 18 20
(154, 238)

Arvore 158
0 1 16 16
0 2 0 84
0 4 21 21
0 7 23 18
1 6 22 17
1 8 20 19
3 9 16 17
4 9 18 20
5 9 22 17
(158, 229)

Arvore 159
0 1 16 16
0 2 0 84
0 4 21 21
1 6 22 17
1 7 21 22
1 8 20 19
3 9 16 17
4 9 18 20
5 9 22 17
(156, 233)

Arvore 160
0 1 16 16
0 2 0 84
0 7 23 18
1 6 22 17
1 8 20 19
1 9 18 22
3 5 20 22
3 9 16 17
4 9 18 20
(153, 235)

Arvore 161
0 1 16 16
0 2 0 84
1 6 22 17
1 7 21 22
1 8 20 19
1 9 18 22
3 5 20 22
3 9 16 17
4 9 18 20
(151, 239)

Arvore 162
0 1 16 16
0 2 0 84
0 7 23 18
1 6 22 17
1 8 20 19
1 9 18 22
3 9 16 17
4 9 18 20
5 9 22 17
(155, 230)

Arvore 163
0 1 16 16
0 2 0 84
1 6 22 17
1 7 21 22
1 8 20 19
1 9 18 22
3 9 16 17
4 9 18 20
5 9 22 17
(153, 234)

Arvore 164
0 1 16 16
0 2 0 84
0 7 23 18
1 6 22 17
1 8 20 19
3 9 16 17
4 9 18 20
5 9 22 17
6 9 22 17
(159, 225)

Arvore 165
0 1 16 16
0 2 0 84
1 6 22 17
1 7 21 22
1 8 20 19
3 9 16 17
4 9 18 20
5 9 22 17
6 9 22 17
(157, 229)

Arvore 166
0 1 16 16
0 2 0 84
0 7 23 18
1 6 22 17
1 8 20 19
3 5 20 22
3 9 16 17
4 9 18 20
6 9 22 17
(157, 230)

Arvore 167
0 1 16 16
0 2 0 84
1 6 22 17
1 7 21 22
1 8 20 19
3 5 20 22
3 9 16 17
4 9 18 20
6 9 22 17
(155, 234)

Arvore 168
0 1 16 16
0 2 0 84
0 7 23 18
1 6 22 17
1 9 18 22
3 5 20 22
3 9 16 17
4 8 17 23
4 9 18 20
(150, 239)

Arvore 169
0 1 16 16
0 2 0 84
1 6 22 17
1 7 21 22
1 9 18 22
3 5 20 22
3 9 16 17
4 8 17 23
4 9 18 20
(148, 243)

Arvore 170
0 1 16 16
0 2 0 84
0 7 23 18
1 6 22 17
1 9 18 22
3 9 16 17
4 8 17 23
4 9 18 20
5 9 22 17
(152, 234)

Arvore 171
0 1 16 16
0 2 0 84
1 6 22 17
1 7 21 22
1 9 18 22
3 9 16 17
4 8 17 23
4 9 18 20
5 9 22 17
(150, 238)

Arvore 172
0 1 16 16
0 2 0 84
0 7 23 18
1 6 22 17
3 9 16 17
4 8 17 23
4 9 18 20
5 9 22 17
6 9 22 17
(156, 229)

Arvore 173
0 1 16 16
0 2 0 84
1 6 22 17
1 7 21 22
3 9 16 17
4 8 17 23
4 9 18 20
5 9 22 17
6 9 22 17
(154, 233)

Arvore 174
0 1 16 16
0 2 0 84
0 7 23 18
1 6 22 17
3 5 20 22
3 9 16 17
4 8 17 23
4 9 18 20
6 9 22 17
(154, 234)

Arvore 175
0 1 16 16
0 2 0 84
1 6 22 17
1 7 21 22
3 5 20 22
3 9 16 17
4 8 17 23
4 9 18 20
6 9 22 17
(152, 238)

Arvore 176
0 1 16 16
0 2 0 84
0 7 23 18
1 6 22 17
3 8 26 18
3 9 16 17
4 8 17 23
5 9 22 17
6 9 22 17
(164, 227)

Arvore 177
0 1 16 16
0 2 0 84
0 7 23 18
1 6 22 17
1 9 18 22
3 8 26 18
3 9 16 17
4 9 18 20
5 9 22 17
(161, 229)

Arvore 178
0 1 16 16
0 2 0 84
0 7 23 18
1 6 22 17
3 8 26 18
3 9 16 17
4 9 18 20
5 9 22 17
6 9 22 17
(165, 224)

Arvore 179
0 1 16 16
0 5 16 26
0 6 17 19
0 7 23 18
1 2 84 0
1 8 20 19
3 9 16 17
4 8 17 23
4 9 18 20
(227, 158)

Arvore 180
0 1 16 16
0 5 16 26
0 6 17 19
1 2 84 0
1 7 21 22
1 8 20 19
3 9 16 17
4 8 17 23
4 9 18 20
(225, 162)

Arvore 181
0 1 16 16
0 5 16 26
0 6 17 19
0 7 23 18
1 2 84 0
1 8 20 19
3 9 16 17
4 8 17 23
5 9 22 17
(231, 155)

Arvore 182
0 1 16 16
0 5 16 26
0 6 17 19
1 2 84 0
1 7 21 22
1 8 20 19
3 9 16 17
4 8 17 23
5 9 22 17
(229, 159)

Arvore 183
0 1 16 16
0 5 16 26
0 6 17 19
0 7 23 18
1 2 84 0
1 8 20 19
3 9 16 17
4 8 17 23
6 9 22 17
(231, 155)

Arvore 184
0 1 16 16
0 5 16 26
0 6 17 19
1 2 84 0
1 7 21 22
1 8 20 19
3 9 16 17
4 8 17 23
6 9 22 17
(229, 159)

Arvore 185
0 1 16 16
0 4 21 21
0 5 16 26
0 6 17 19
0 7 23 18
1 2 84 0
1 8 20 19
3 9 16 17
4 9 18 20
(231, 156)

Arvore 186
0 1 16 16
0 4 21 21
0 5 16 26
0 6 17 19
1 2 84 0
1 7 21 22
1 8 20 19
3 9 16 17
4 9 18 20
(229, 160)

Arvore 187
0 1 16 16
0 5 16 26
0 6 17 19
0 7 23 18
1 2 84 0
1 8 20 19
1 9 18 22
3 9 16 17
4 9 18 20
(228, 157)

Arvore 188
0 1 16 16
0 5 16 26
0 6 17 19
1 2 84 0
1 7 21 22
1 8 20 19
1 9 18 22
3 9 16 17
4 9 18 20
(226, 161)

Arvore 189
0 1 16 16
0 5 16 26
0 6 17 19
0 7 23 18
1 2 84 0
1 8 20 19
3 9 16 17
4 9 18 20
5 9 22 17
(232, 152)

Arvore 190
0 1 16 16
0 5 16 26
0 6 17 19
1 2 84 0
1 7 21 22
1 8 20 19
3 9 16 17
4 9 18 20
5 9 22 17
(230, 156)

Arvore 191
0 1 16 16
0 5 16 26
0 6 17 19
0 7 23 18
1 2 84 0
1 8 20 19
3 9 16 17
4 9 18 20
6 9 22 17
(232, 152)

Arvore 192
0 1 16 16
0 5 16 26
0 6 17 19
1 2 84 0
1 7 21 22
1 8 20 19
3 9 16 17
4 9 18 20
6 9 22 17
(230, 156)

Arvore 193
0 1 16 16
0 5 16 26
0 6 17 19
0 7 23 18
1 2 84 0
1 9 18 22
3 9 16 17
4 8 17 23
4 9 18 20
(225, 161)

Arvore 194
0 1 16 16
0 5 16 26
0 6 17 19
1 2 84 0
1 7 21 22
1 9 18 22
3 9 16 17
4 8 17 23
4 9 18 20
(223, 165)

Arvore 195
0 1 16 16
0 5 16 26
0 6 17 19
0 7 23 18
1 2 84 0
3 9 16 17
4 8 17 23
4 9 18 20
5 9 22 17
(229, 156)

Arvore 196
0 1 16 16
0 5 16 26
0 6 17 19
1 2 84 0
1 7 21 22
3 9 16 17
4 8 17 23
4 9 18 20
5 9 22 17
(227, 160)

Arvore 197
0 1 16 16
0 5 16 26
0 6 17 19
0 7 23 18
1 2 84 0
3 9 16 17
4 8 17 23
4 9 18 20
6 9 22 17
(229, 156)

Arvore 198
0 1 16 16
0 5 16 26
0 6 17 19
1 2 84 0
1 7 21 22
3 9 16 17
4 8 17 23
4 9 18 20
6 9 22 17
(227, 160)

Arvore 199
0 1 16 16
0 5 16 26
0 6 17 19
0 7 23 18
1 2 84 0
3 8 26 18
3 9 16 17
4 8 17 23
5 9 22 17
(237, 154)

Arvore 200
0 1 16 16
0 5 16 26
0 6 17 19
0 7 23 18
1 2 84 0
3 8 26 18
3 9 16 17
4 8 17 23
6 9 22 17
(237, 154)

Arvore 201
0 1 16 16
0 5 16 26
0 6 17 19
0 7 23 18
1 2 84 0
1 9 18 22
3 8 26 18
3 9 16 17
4 9 18 20
(234, 156)

Arvore 202
0 1 16 16
0 5 16 26
0 6 17 19
0 7 23 18
1 2 84 0
3 8 26 18
3 9 16 17
4 9 18 20
5 9 22 17
(238, 151)

Arvore 203
0 1 16 16
0 5 16 26
0 6 17 19
0 7 23 18
1 2 84 0
3 8 26 18
3 9 16 17
4 9 18 20
6 9 22 17
(238, 151)

Arvore 204
0 1 16 16
0 5 16 26
0 7 23 18
1 2 84 0
1 6 22 17
1 8 20 19
3 9 16 17
4 8 17 23
4 9 18 20
(232, 156)

Arvore 205
0 1 16 16
0 5 16 26
1 2 84 0
1 6 22 17
1 7 21 22
1 8 20 19
3 9 16 17
4 8 17 23
4 9 18 20
(230, 160)

Arvore 206
0 1 16 16
0 5 16 26
0 7 23 18
1 2 84 0
1 6 22 17
1 8 20 19
3 9 16 17
4 8 17 23
5 9 22 17
(236, 153)

Arvore 207
0 1 16 16
0 5 16 26
1 2 84 0
1 6 22 17
1 7 21 22
1 8 20 19
3 9 16 17
4 8 17 23
5 9 22 17
(234, 157)

Arvore 208
0 1 16 16
0 5 16 26
0 7 23 18
1 2 84 0
1 6 22 17
1 8 20 19
3 9 16 17
4 8 17 23
6 9 22 17
(236, 153)

Arvore 209
0 1 16 16
0 5 16 26
1 2 84 0
1 6 22 17
1 7 21 22
1 8 20 19
3 9 16 17
4 8 17 23
6 9 22 17
(234, 157)

Arvore 210
0 1 16 16
0 4 21 21
0 5 16 26
0 7 23 18
1 2 84 0
1 6 22 17
1 8 20 19
3 9 16 17
4 9 18 20
(236, 154)

Arvore 211
0 1 16 16
0 4 21 21
0 5 16 26
1 2 84 0
1 6 22 17
1 7 21 22
1 8 20 19
3 9 16 17
4 9 18 20
(234, 158)

Arvore 212
0 1 16 16
0 5 16 26
0 7 23 18
1 2 84 0
1 6 22 17
1 8 20 19
1 9 18 22
3 9 16 17
4 9 18 20
(233, 155)

Arvore 213
0 1 16 16
0 5 16 26
1 2 84 0
1 6 22 17
1 7 21 22
1 8 20 19
1 9 18 22
3 9 16 17
4 9 18 20
(231, 159)

Arvore 214
0 1 16 16
0 5 16 26
0 7 23 18
1 2 84 0
1 6 22 17
1 8 20 19
3 9 16 17
4 9 18 20
5 9 22 17
(237, 150)

Arvore 215
0 1 16 16
0 5 16 26
1 2 84 0
1 6 22 17
1 7 21 22
1 8 20 19
3 9 16 17
4 9 18 20
5 9 22 17
(235, 154)

Arvore 216
0 1 16 16
0 5 16 26
0 7 23 18
1 2 84 0
1 6 22 17
1 8 20 19
3 9 16 17
4 9 18 20
6 9 22 17
(237, 150)

Arvore 217
0 1 16 16
0 5 16 26
1 2 84 0
1 6 22 17
1 7 21 22
1 8 20 19
3 9 16 17
4 9 18 20
6 9 22 17
(235, 154)

Arvore 218
0 1 16 16
0 5 16 26
0 7 23 18
1 2 84 0
1 6 22 17
1 9 18 22
3 9 16 17
4 8 17 23
4 9 18 20
(230, 159)

Arvore 219
0 1 16 16
0 5 16 26
1 2 84 0
1 6 22 17
1 7 21 22
1 9 18 22
3 9 16 17
4 8 17 23
4 9 18 20
(228, 163)

Arvore 220
0 1 16 16
0 5 16 26
0 7 23 18
1 2 84 0
1 6 22 17
3 9 16 17
4 8 17 23
4 9 18 20
5 9 22 17
(234, 154)

Arvore 221
0 1 16 16
0 5 16 26
1 2 84 0
1 6 22 17
1 7 21 22
3 9 16 17
4 8 17 23
4 9 18 20
5 9 22 17
(232, 158)

Arvore 222
0 1 16 16
0 5 16 26
0 7 23 18
1 2 84 0
1 6 22 17
3 9 16 17
4 8 17 23
4 9 18 20
6 9 22 17
(234, 154)

Arvore 223
0 1 16 16
0 5 16 26
1 2 84 0
1 6 22 17
1 7 21 22
3 9 16 17
4 8 17 23
4 9 18 20
6 9 22 17
(232, 158)

Arvore 224
0 1 16 16
0 5 16 26
0 7 23 18
1 2 84 0
1 6 22 17
3 8 26 18
3 9 16 17
4 8 17 23
5 9 22 17
(242, 152)

Arvore 225
0 1 16 16
0 5 16 26
0 7 23 18
1 2 84 0
1 6 22 17
3 8 26 18
3 9 16 17
4 8 17 23
6 9 22 17
(242, 152)

Arvore 226
0 1 16 16
0 5 16 26
0 7 23 18
1 2 84 0
1 6 22 17
1 9 18 22
3 8 26 18
3 9 16 17
4 9 18 20
(239, 154)

Arvore 227
0 1 16 16
0 5 16 26
0 7 23 18
1 2 84 0
1 6 22 17
3 8 26 18
3 9 16 17
4 9 18 20
5 9 22 17
(243, 149)

Arvore 228
0 1 16 16
0 5 16 26
0 7 23 18
1 2 84 0
1 6 22 17
3 8 26 18
3 9 16 17
4 9 18 20
6 9 22 17
(243, 149)

Arvore 229
0 1 16 16
0 5 16 26
0 7 23 18
1 2 84 0
1 8 20 19
3 9 16 17
4 8 17 23
5 9 22 17
6 9 22 17
(236, 153)

Arvore 230
0 1 16 16
0 5 16 26
0 7 23 18
1 2 84 0
1 8 20 19
3 9 16 17
4 9 18 20
5 9 22 17
6 9 22 17
(237, 150)

Arvore 231
0 1 16 16
0 5 16 26
0 7 23 18
1 2 84 0
3 8 26 18
3 9 16 17
4 8 17 23
5 9 22 17
6 9 22 17
(242, 152)

Arvore 232
0 1 16 16
0 5 16 26
0 7 23 18
1 2 84 0
3 8 26 18
3 9 16 17
4 9 18 20
5 9 22 17
6 9 22 17
(243, 149)

Arvore 233
0 1 16 16
0 5 16 26
0 7 23 18
1 2 84 0
3 9 16 17
4 8 17 23
4 9 18 20
5 9 22 17
6 9 22 17
(234, 154)

Arvore 234
0 1 16 16
0 5 16 26
1 2 84 0
1 7 21 22
1 8 20 19
3 9 16 17
4 8 17 23
5 9 22 17
6 9 22 17
(234, 157)

Arvore 235
0 1 16 16
0 5 16 26
1 2 84 0
1 7 21 22
1 8 20 19
3 9 16 17
4 9 18 20
5 9 22 17
6 9 22 17
(235, 154)

Arvore 236
0 1 16 16
0 5 16 26
1 2 84 0
1 7 21 22
3 9 16 17
4 8 17 23
4 9 18 20
5 9 22 17
6 9 22 17
(232, 158)

Arvore 237
0 1 16 16
0 6 17 19
0 7 23 18
1 2 84 0
1 5 16 26
1 8 20 19
3 9 16 17
4 8 17 23
4 9 18 20
(227, 158)

Arvore 238
0 1 16 16
0 6 17 19
1 2 84 0
1 5 16 26
1 7 21 22
1 8 20 19
3 9 16 17
4 8 17 23
4 9 18 20
(225, 162)

Arvore 239
0 1 16 16
0 6 17 19
0 7 23 18
1 2 84 0
1 5 16 26
1 8 20 19
3 9 16 17
4 8 17 23
5 9 22 17
(231, 155)

Arvore 240
0 1 16 16
0 6 17 19
1 2 84 0
1 5 16 26
1 7 21 22
1 8 20 19
3 9 16 17
4 8 17 23
5 9 22 17
(229, 159)

Arvore 241
0 1 16 16
0 6 17 19
0 7 23 18
1 2 84 0
1 5 16 26
1 8 20 19
3 9 16 17
4 8 17 23
6 9 22 17
(231, 155)

Arvore 242
0 1 16 16
0 6 17 19
1 2 84 0
1 5 16 26
1 7 21 22
1 8 20 19
3 9 16 17
4 8 17 23
6 9 22 17
(229, 159)

Arvore 243
0 1 16 16
0 4 21 21
0 6 17 19
0 7 23 18
1 2 84 0
1 5 16 26
1 8 20 19
3 9 16 17
4 9 18 20
(231, 156)

Arvore 244
0 1 16 16
0 4 21 21
0 6 17 19
1 2 84 0
1 5 16 26
1 7 21 22
1 8 20 19
3 9 16 17
4 9 18 20
(229, 160)

Arvore 245
0 1 16 16
0 6 17 19
0 7 23 18
1 2 84 0
1 5 16 26
1 8 20 19
1 9 18 22
3 9 16 17
4 9 18 20
(228, 157)

Arvore 246
0 1 16 16
0 6 17 19
1 2 84 0
1 5 16 26
1 7 21 22
1 8 20 19
1 9 18 22
3 9 16 17
4 9 18 20
(226, 161)

Arvore 247
0 1 16 16
0 6 17 19
0 7 23 18
1 2 84 0
1 5 16 26
1 8 20 19
3 9 16 17
4 9 18 20
5 9 22 17
(232, 152)

Arvore 248
0 1 16 16
0 6 17 19
1 2 84 0
1 5 16 26
1 7 21 22
1 8 20 19
3 9 16 17
4 9 18 20
5 9 22 17
(230, 156)

Arvore 249
0 1 16 16
0 6 17 19
0 7 23 18
1 2 84 0
1 5 16 26
1 8 20 19
3 9 16 17
4 9 18 20
6 9 22 17
(232, 152)

Arvore 250
0 1 16 16
0 6 17 19
1 2 84 0
1 5 16 26
1 7 21 22
1 8 20 19
3 9 16 17
4 9 18 20
6 9 22 17
(230, 156)

Arvore 251
0 1 16 16
0 6 17 19
0 7 23 18
1 2 84 0
1 5 16 26
1 9 18 22
3 9 16 17
4 8 17 23
4 9 18 20
(225, 161)

Arvore 252
0 1 16 16
0 6 17 19
1 2 84 0
1 5 16 26
1 7 21 22
1 9 18 22
3 9 16 17
4 8 17 23
4 9 18 20
(223, 165)

Arvore 253
0 1 16 16
0 6 17 19
0 7 23 18
1 2 84 0
1 5 16 26
3 9 16 17
4 8 17 23
4 9 18 20
5 9 22 17
(229, 156)

Arvore 254
0 1 16 16
0 6 17 19
1 2 84 0
1 5 16 26
1 7 21 22
3 9 16 17
4 8 17 23
4 9 18 20
5 9 22 17
(227, 160)

Arvore 255
0 1 16 16
0 6 17 19
0 7 23 18
1 2 84 0
1 5 16 26
3 9 16 17
4 8 17 23
4 9 18 20
6 9 22 17
(229, 156)

Arvore 256
0 1 16 16
0 6 17 19
1 2 84 0
1 5 16 26
1 7 21 22
3 9 16 17
4 8 17 23
4 9 18 20
6 9 22 17
(227, 160)

Arvore 257
0 1 16 16
0 6 17 19
0 7 23 18
1 2 84 0
1 5 16 26
3 8 26 18
3 9 16 17
4 8 17 23
5 9 22 17
(237, 154)

Arvore 258
0 1 16 16
0 6 17 19
0 7 23 18
1 2 84 0
1 5 16 26
3 8 26 18
3 9 16 17
4 8 17 23
6 9 22 17
(237, 154)

Arvore 259
0 1 16 16
0 6 17 19
0 7 23 18
1 2 84 0
1 5 16 26
1 9 18 22
3 8 26 18
3 9 16 17
4 9 18 20
(234, 156)

Arvore 260
0 1 16 16
0 6 17 19
0 7 23 18
1 2 84 0
1 5 16 26
3 8 26 18
3 9 16 17
4 9 18 20
5 9 22 17
(238, 151)

Arvore 261
0 1 16 16
0 6 17 19
0 7 23 18
1 2 84 0
1 5 16 26
3 8 26 18
3 9 16 17
4 9 18 20
6 9 22 17
(238, 151)

Arvore 262
0 1 16 16
0 6 17 19
0 7 23 18
1 2 84 0
1 8 20 19
3 5 20 22
3 9 16 17
4 8 17 23
4 9 18 20
(231, 154)

Arvore 263
0 1 16 16
0 6 17 19
1 2 84 0
1 7 21 22
1 8 20 19
3 5 20 22
3 9 16 17
4 8 17 23
4 9 18 20
(229, 158)

Arvore 264
0 1 16 16
0 6 17 19
0 7 23 18
1 2 84 0
1 8 20 19
3 9 16 17
4 8 17 23
4 9 18 20
5 9 22 17
(233, 149)

Arvore 265
0 1 16 16
0 6 17 19
1 2 84 0
1 7 21 22
1 8 20 19
3 9 16 17
4 8 17 23
4 9 18 20
5 9 22 17
(231, 153)

Arvore 266
0 1 16 16
0 6 17 19
0 7 23 18
1 2 84 0
1 8 20 19
3 9 16 17
4 8 17 23
5 9 22 17
6 9 22 17
(237, 146)

Arvore 267
0 1 16 16
0 6 17 19
1 2 84 0
1 7 21 22
1 8 20 19
3 9 16 17
4 8 17 23
5 9 22 17
6 9 22 17
(235, 150)

Arvore 268
0 1 16 16
0 6 17 19
0 7 23 18
1 2 84 0
1 8 20 19
3 5 20 22
3 9 16 17
4 8 17 23
6 9 22 17
(235, 151)

Arvore 269
0 1 16 16
0 6 17 19
1 2 84 0
1 7 21 22
1 8 20 19
3 5 20 22
3 9 16 17
4 8 17 23
6 9 22 17
(233, 155)

Arvore 270
0 1 16 16
0 4 21 21
0 6 17 19
0 7 23 18
1 2 84 0
1 8 20 19
3 5 20 22
3 9 16 17
4 9 18 20
(235, 152)

Arvore 271
0 1 16 16
0 4 21 21
0 6 17 19
1 2 84 0
1 7 21 22
1 8 20 19
3 5 20 22
3 9 16 17
4 9 18 20
(233, 156)

Arvore 272
0 1 16 16
0 4 21 21
0 6 17 19
0 7 23 18
1 2 84 0
1 8 20 19
3 9 16 17
4 9 18 20
5 9 22 17
(237, 147)

Arvore 273
0 1 16 16
0 4 21 21
0 6 17 19
1 2 84 0
1 7 21 22
1 8 20 19
3 9 16 17
4 9 18 20
5 9 22 17
(235, 151)

Arvore 274
0 1 16 16
0 6 17 19
0 7 23 18
1 2 84 0
1 8 20 19
1 9 18 22
3 5 20 22
3 9 16 17
4 9 18 20
(232, 153)

Arvore 275
0 1 16 16
0 6 17 19
1 2 84 0
1 7 21 22
1 8 20 19
1 9 18 22
3 5 20 22
3 9 16 17
4 9 18 20
(230, 157)

Arvore 276
0 1 16 16
0 6 17 19
0 7 23 18
1 2 84 0
1 8 20 19
1 9 18 22
3 9 16 17
4 9 18 20
5 9 22 17
(234, 148)

Arvore 277
0 1 16 16
0 6 17 19
1 2 84 0
1 7 21 22
1 8 20 19
1 9 18 22
3 9 16 17
4 9 18 20
5 9 22 17
(232, 152)

Arvore 278
0 1 16 16
0 6 17 19
0 7 23 18
1 2 84 0
1 8 20 19
3 9 16 17
4 9 18 20
5 9 22 17
6 9 22 17
(238, 143)

Arvore 279
0 1 16 16
0 6 17 19
1 2 84 0
1 7 21 22
1 8 20 19
3 9 16 17
4 9 18 20
5 9 22 17
6 9 22 17
(236, 147)

Arvore 280
0 1 16 16
0 6 17 19
0 7 23 18
1 2 84 0
1 8 20 19
3 5 20 22
3 9 16 17
4 9 18 20
6 9 22 17
(236, 148)

Arvore 281
0 1 16 16
0 6 17 19
1 2 84 0
1 7 21 22
1 8 20 19
3 5 20 22
3 9 16 17
4 9 18 20
6 9 22 17
(234, 152)

Arvore 282
0 1 16 16
0 6 17 19
0 7 23 18
1 2 84 0
1 9 18 22
3 5 20 22
3 9 16 17
4 8 17 23
4 9 18 20
(229, 157)

Arvore 283
0 1 16 16
0 6 17 19
1 2 84 0
1 7 21 22
1 9 18 22
3 5 20 22
3 9 16 17
4 8 17 23
4 9 18 20
(227, 161)

Arvore 284
0 1 16 16
0 6 17 19
0 7 23 18
1 2 84 0
1 9 18 22
3 9 16 17
4 8 17 23
4 9 18 20
5 9 22 17
(231, 152)

Arvore 285
0 1 16 16
0 6 17 19
1 2 84 0
1 7 21 22
1 9 18 22
3 9 16 17
4 8 17 23
4 9 18 20
5 9 22 17
(229, 156)

Arvore 286
0 1 16 16
0 6 17 19
0 7 23 18
1 2 84 0
3 9 16 17
4 8 17 23
4 9 18 20
5 9 22 17
6 9 22 17
(235, 147)

Arvore 287
0 1 16 16
0 6 17 19
1 2 84 0
1 7 21 22
3 9 16 17
4 8 17 23
4 9 18 20
5 9 22 17
6 9 22 17
(233, 151)

Arvore 288
0 1 16 16
0 6 17 19
0 7 23 18
1 2 84 0
3 5 20 22
3 9 16 17
4 8 17 23
4 9 18 20
6 9 22 17
(233, 152)

Arvore 289
0 1 16 16
0 6 17 19
1 2 84 0
1 7 21 22
3 5 20 22
3 9 16 17
4 8 17 23
4 9 18 20
6 9 22 17
(231, 156)

Arvore 290
0 1 16 16
0 6 17 19
0 7 23 18
1 2 84 0
3 8 26 18
3 9 16 17
4 8 17 23
5 9 22 17
6 9 22 17
(243, 145)

Arvore 291
0 1 16 16
0 6 17 19
0 7 23 18
1 2 84 0
1 9 18 22
3 8 26 18
3 9 16 17
4 9 18 20
5 9 22 17
(240, 147)

Arvore 292
0 1 16 16
0 6 17 19
0 7 23 18
1 2 84 0
3 8 26 18
3 9 16 17
4 9 18 20
5 9 22 17
6 9 22 17
(244, 142)

Arvore 293
0 1 16 16
0 7 23 18
1 2 84 0
1 5 16 26
1 6 22 17
1 8 20 19
3 9 16 17
4 8 17 23
4 9 18 20
(232, 156)

Arvore 294
0 1 16 16
1 2 84 0
1 5 16 26
1 6 22 17
1 7 21 22
1 8 20 19
3 9 16 17
4 8 17 23
4 9 18 20
(230, 160)

Arvore 295
0 1 16 16
0 7 23 18
1 2 84 0
1 5 16 26
1 6 22 17
1 8 20 19
3 9 16 17
4 8 17 23
5 9 22 17
(236, 153)

Arvore 296
0 1 16 16
1 2 84 0
1 5 16 26
1 6 22 17
1 7 21 22
1 8 20 19
3 9 16 17
4 8 17 23
5 9 22 17
(234, 157)

Arvore 297
0 1 16 16
0 7 23 18
1 2 84 0
1 5 16 26
1 6 22 17
1 8 20 19
3 9 16 17
4 8 17 23
6 9 22 17
(236, 153)

Arvore 298
0 1 16 16
1 2 84 0
1 5 16 26
1 6 22 17
1 7 21 22
1 8 20 19
3 9 16 17
4 8 17 23
6 9 22 17
(234, 157)

Arvore 299
0 1 16 16
0 4 21 21
0 7 23 18
1 2 84 0
1 5 16 26
1 6 22 17
1 8 20 19
3 9 16 17
4 9 18 20
(236, 154)

Arvore 300
0 1 16 16
0 4 21 21
1 2 84 0
1 5 16 26
1 6 22 17
1 7 21 22
1 8 20 19
3 9 16 17
4 9 18 20
(234, 158)

Arvore 301
0 1 16 16
0 7 23 18
1 2 84 0
1 5 16 26
1 6 22 17
1 8 20 19
1 9 18 22
3 9 16 17
4 9 18 20
(233, 155)

Arvore 302
0 1 16 16
1 2 84 0
1 5 16 26
1 6 22 17
1 7 21 22
1 8 20 19
1 9 18 22
3 9 16 17
4 9 18 20
(231, 159)

Arvore 303
0 1 16 16
0 7 23 18
1 2 84 0
1 5 16 26
1 6 22 17
1 8 20 19
3 9 16 17
4 9 18 20
5 9 22 17
(237, 150)

Arvore 304
0 1 16 16
1 2 84 0
1 5 16 26
1 6 22 17
1 7 21 22
1 8 20 19
3 9 16 17
4 9 18 20
5 9 22 17
(235, 154)

Arvore 305
0 1 16 16
0 7 23 18
1 2 84 0
1 5 16 26
1 6 22 17
1 8 20 19
3 9 16 17
4 9 18 20
6 9 22 17
(237, 150)

Arvore 306
0 1 16 16
1 2 84 0
1 5 16 26
1 6 22 17
1 7 21 22
1 8 20 19
3 9 16 17
4 9 18 20
6 9 22 17
(235, 154)

Arvore 307
0 1 16 16
0 7 23 18
1 2 84 0
1 5 16 26
1 6 22 17
1 9 18 22
3 9 16 17
4 8 17 23
4 9 18 20
(230, 159)

Arvore 308
0 1 16 16
1 2 84 0
1 5 16 26
1 6 22 17
1 7 21 22
1 9 18 22
3 9 16 17
4 8 17 23
4 9 18 20
(228, 163)

Arvore 309
0 1 16 16
0 7 23 18
1 2 84 0
1 5 16 26
1 6 22 17
3 9 16 17
4 8 17 23
4 9 18 20
5 9 22 17
(234, 154)

Arvore 310
0 1 16 16
1 2 84 0
1 5 16 26
1 6 22 17
1 7 21 22
3 9 16 17
4 8 17 23
4 9 18 20
5 9 22 17
(232, 158)

Arvore 311
0 1 16 16
0 7 23 18
1 2 84 0
1 5 16 26
1 6 22 17
3 9 16 17
4 8 17 23
4 9 18 20
6 9 22 17
(234, 154)

Arvore 312
0 1 16 16
1 2 84 0
1 5 16 26
1 6 22 17
1 7 21 22
3 9 16 17
4 8 17 23
4 9 18 20
6 9 22 17
(232, 158)

Arvore 313
0 1 16 16
0 7 23 18
1 2 84 0
1 5 16 26
1 6 22 17
3 8 26 18
3 9 16 17
4 8 17 23
5 9 22 17
(242, 152)

Arvore 314
0 1 16 16
0 7 23 18
1 2 84 0
1 5 16 26
1 6 22 17
3 8 26 18
3 9 16 17
4 8 17 23
6 9 22 17
(242, 152)

Arvore 315
0 1 16 16
0 7 23 18
1 2 84 0
1 5 16 26
1 6 22 17
1 9 18 22
3 8 26 18
3 9 16 17
4 9 18 20
(239, 154)

Arvore 316
0 1 16 16
0 7 23 18
1 2 84 0
1 5 16 26
1 6 22 17
3 8 26 18
3 9 16 17
4 9 18 20
5 9 22 17
(243, 149)

Arvore 317
0 1 16 16
0 7 23 18
1 2 84 0
1 5 16 26
1 6 22 17
3 8 26 18
3 9 16 17
4 9 18 20
6 9 22 17
(243, 149)

Arvore 318
0 1 16 16
0 7 23 18
1 2 84 0
1 5 16 26
1 8 20 19
3 9 16 17
4 8 17 23
5 9 22 17
6 9 22 17
(236, 153)

Arvore 319
0 1 16 16
0 7 23 18
1 2 84 0
1 5 16 26
1 8 20 19
3 9 16 17
4 9 18 20
5 9 22 17
6 9 22 17
(237, 150)

Arvore 320
0 1 16 16
0 7 23 18
1 2 84 0
1 5 16 26
3 8 26 18
3 9 16 17
4 8 17 23
5 9 22 17
6 9 22 17
(242, 152)

Arvore 321
0 1 16 16
0 7 23 18
1 2 84 0
1 5 16 26
3 8 26 18
3 9 16 17
4 9 18 20
5 9 22 17
6 9 22 17
(243, 149)

Arvore 322
0 1 16 16
0 7 23 18
1 2 84 0
1 5 16 26
3 9 16 17
4 8 17 23
4 9 18 20
5 9 22 17
6 9 22 17
(234, 154)

Arvore 323
0 1 16 16
1 2 84 0
1 5 16 26
1 7 21 22
1 8 20 19
3 9 16 17
4 8 17 23
5 9 22 17
6 9 22 17
(234, 157)

Arvore 324
0 1 16 16
1 2 84 0
1 5 16 26
1 7 21 22
1 8 20 19
3 9 16 17
4 9 18 20
5 9 22 17
6 9 22 17
(235, 154)

Arvore 325
0 1 16 16
1 2 84 0
1 5 16 26
1 7 21 22
3 9 16 17
4 8 17 23
4 9 18 20
5 9 22 17
6 9 22 17
(232, 158)

Arvore 326
0 1 16 16
0 7 23 18
1 2 84 0
1 6 22 17
1 8 20 19
3 5 20 22
3 9 16 17
4 8 17 23
4 9 18 20
(236, 152)

Arvore 327
0 1 16 16
1 2 84 0
1 6 22 17
1 7 21 22
1 8 20 19
3 5 20 22
3 9 16 17
4 8 17 23
4 9 18 20
(234, 156)

Arvore 328
0 1 16 16
0 7 23 18
1 2 84 0
1 6 22 17
1 8 20 19
3 9 16 17
4 8 17 23
4 9 18 20
5 9 22 17
(238, 147)

Arvore 329
0 1 16 16
1 2 84 0
1 6 22 17
1 7 21 22
1 8 20 19
3 9 16 17
4 8 17 23
4 9 18 20
5 9 22 17
(236, 151)

Arvore 330
0 1 16 16
0 7 23 18
1 2 84 0
1 6 22 17
1 8 20 19
3 9 16 17
4 8 17 23
5 9 22 17
6 9 22 17
(242, 144)

Arvore 331
0 1 16 16
1 2 84 0
1 6 22 17
1 7 21 22
1 8 20 19
3 9 16 17
4 8 17 23
5 9 22 17
6 9 22 17
(240, 148)

Arvore 332
0 1 16 16
0 7 23 18
1 2 84 0
1 6 22 17
1 8 20 19
3 5 20 22
3 9 16 17
4 8 17 23
6 9 22 17
(240, 149)

Arvore 333
0 1 16 16
1 2 84 0
1 6 22 17
1 7 21 22
1 8 20 19
3 5 20 22
3 9 16 17
4 8 17 23
6 9 22 17
(238, 153)

Arvore 334
0 1 16 16
0 4 21 21
0 7 23 18
1 2 84 0
1 6 22 17
1 8 20 19
3 5 20 22
3 9 16 17
4 9 18 20
(240, 150)

Arvore 335
0 1 16 16
0 4 21 21
1 2 84 0
1 6 22 17
1 7 21 22
1 8 20 19
3 5 20 22
3 9 16 17
4 9 18 20
(238, 154)

Arvore 336
0 1 16 16
0 4 21 21
0 7 23 18
1 2 84 0
1 6 22 17
1 8 20 19
3 9 16 17
4 9 18 20
5 9 22 17
(242, 145)

Arvore 337
0 1 16 16
0 4 21 21
1 2 84 0
1 6 22 17
1 7 21 22
1 8 20 19
3 9 16 17
4 9 18 20
5 9 22 17
(240, 149)

Arvore 338
0 1 16 16
0 7 23 18
1 2 84 0
1 6 22 17
1 8 20 19
1 9 18 22
3 5 20 22
3 9 16 17
4 9 18 20
(237, 151)

Arvore 339
0 1 16 16
1 2 84 0
1 6 22 17
1 7 21 22
1 8 20 19
1 9 18 22
3 5 20 22
3 9 16 17
4 9 18 20
(235, 155)

Arvore 340
0 1 16 16
0 7 23 18
1 2 84 0
1 6 22 17
1 8 20 19
1 9 18 22
3 9 16 17
4 9 18 20
5 9 22 17
(239, 146)

Arvore 341
0 1 16 16
1 2 84 0
1 6 22 17
1 7 21 22
1 8 20 19
1 9 18 22
3 9 16 17
4 9 18 20
5 9 22 17
(237, 150)

Arvore 342
0 1 16 16
0 7 23 18
1 2 84 0
1 6 22 17
1 8 20 19
3 9 16 17
4 9 18 20
5 9 22 17
6 9 22 17
(243, 141)

Arvore 343
0 1 16 16
1 2 84 0
1 6 22 17
1 7 21 22
1 8 20 19
3 9 16 17
4 9 18 20
5 9 22 17
6 9 22 17
(241, 145)

Arvore 344
0 1 16 16
0 7 23 18
1 2 84 0
1 6 22 17
1 8 20 19
3 5 20 22
3 9 16 17
4 9 18 20
6 9 22 17
(241, 146)

Arvore 345
0 1 16 16
1 2 84 0
1 6 22 17
1 7 21 22
1 8 20 19
3 5 20 22
3 9 16 17
4 9 18 20
6 9 22 17
(239, 150)

Arvore 346
0 1 16 16
0 7 23 18
1 2 84 0
1 6 22 17
1 9 18 22
3 5 20 22
3 9 16 17
4 8 17 23
4 9 18 20
(234, 155)

Arvore 347
0 1 16 16
1 2 84 0
1 6 22 17
1 7 21 22
1 9 18 22
3 5 20 22
3 9 16 17
4 8 17 23
4 9 18 20
(232, 159)

Arvore 348
0 1 16 16
0 7 23 18
1 2 84 0
1 6 22 17
1 9 18 22
3 9 16 17
4 8 17 23
4 9 18 20
5 9 22 17
(236, 150)

Arvore 349
0 1 16 16
1 2 84 0
1 6 22 17
1 7 21 22
1 9 18 22
3 9 16 17
4 8 17 23
4 9 18 20
5 9 22 17
(234, 154)

Arvore 350
0 1 16 16
0 7 23 18
1 2 84 0
1 6 22 17
3 9 16 17
4 8 17 23
4 9 18 20
5 9 22 17
6 9 22 17
(240, 145)

Arvore 351
0 1 16 16
1 2 84 0
1 6 22 17
1 7 21 22
3 9 16 17
4 8 17 23
4 9 18 20
5 9 22 17
6 9 22 17
(238, 149)

Arvore 352
0 1 16 16
0 7 23 18
1 2 84 0
1 6 22 17
3 5 20 22
3 9 16 17
4 8 17 23
4 9 18 20
6 9 22 17
(238, 150)

Arvore 353
0 1 16 16
1 2 84 0
1 6 22 17
1 7 21 22
3 5 20 22
3 9 16 17
4 8 17 23
4 9 18 20
6 9 22 17
(236, 154)

Arvore 354
0 1 16 16
0 7 23 18
1 2 84 0
1 6 22 17
3 8 26 18
3 9 16 17
4 8 17 23
5 9 22 17
6 9 22 17
(248, 143)

Arvore 355
0 1 16 16
0 7 23 18
1 2 84 0
1 6 22 17
1 9 18 22
3 8 26 18
3 9 16 17
4 9 18 20
5 9 22 17
(245, 145)

Arvore 356
0 1 16 16
0 7 23 18
1 2 84 0
1 6 22 17
3 8 26 18
3 9 16 17
4 9 18 20
5 9 22 17
6 9 22 17
(249, 140)

Arvore 357
0 1 16 16
0 5 16 26
0 6 17 19
0 7 23 18
1 8 20 19
2 6 17 21
3 9 16 17
4 8 17 23
4 9 18 20
(160, 179)

Arvore 358
0 1 16 16
0 5 16 26
0 6 17 19
1 7 21 22
1 8 20 19
2 6 17 21
3 9 16 17
4 8 17 23
4 9 18 20
(158, 183)

Arvore 359
0 1 16 16
0 5 16 26
0 6 17 19
0 7 23 18
1 8 20 19
2 6 17 21
3 9 16 17
4 8 17 23
5 9 22 17
(164, 176)

Arvore 360
0 1 16 16
0 5 16 26
0 6 17 19
1 7 21 22
1 8 20 19
2 6 17 21
3 9 16 17
4 8 17 23
5 9 22 17
(162, 180)

Arvore 361
0 1 16 16
0 5 16 26
0 6 17 19
0 7 23 18
1 8 20 19
2 6 17 21
3 9 16 17
4 8 17 23
6 9 22 17
(164, 176)

Arvore 362
0 1 16 16
0 5 16 26
0 6 17 19
1 7 21 22
1 8 20 19
2 6 17 21
3 9 16 17
4 8 17 23
6 9 22 17
(162, 180)

Arvore 363
0 1 16 16
0 4 21 21
0 5 16 26
0 6 17 19
0 7 23 18
1 8 20 19
2 6 17 21
3 9 16 17
4 9 18 20
(164, 177)

Arvore 364
0 1 16 16
0 4 21 21
0 5 16 26
0 6 17 19
1 7 21 22
1 8 20 19
2 6 17 21
3 9 16 17
4 9 18 20
(162, 181)

Arvore 365
0 1 16 16
0 5 16 26
0 6 17 19
0 7 23 18
1 8 20 19
1 9 18 22
2 6 17 21
3 9 16 17
4 9 18 20
(161, 178)

Arvore 366
0 1 16 16
0 5 16 26
0 6 17 19
1 7 21 22
1 8 20 19
1 9 18 22
2 6 17 21
3 9 16 17
4 9 18 20
(159, 182)

Arvore 367
0 1 16 16
0 5 16 26
0 6 17 19
0 7 23 18
1 8 20 19
2 6 17 21
3 9 16 17
4 9 18 20
5 9 22 17
(165, 173)

Arvore 368
0 1 16 16
0 5 16 26
0 6 17 19
1 7 21 22
1 8 20 19
2 6 17 21
3 9 16 17
4 9 18 20
5 9 22 17
(163, 177)

Arvore 369
0 1 16 16
0 5 16 26
0 6 17 19
0 7 23 18
1 8 20 19
2 6 17 21
3 9 16 17
4 9 18 20
6 9 22 17
(165, 173)

Arvore 370
0 1 16 16
0 5 16 26
0 6 17 19
1 7 21 22
1 8 20 19
2 6 17 21
3 9 16 17
4 9 18 20
6 9 22 17
(163, 177)

Arvore 371
0 1 16 16
0 5 16 26
0 6 17 19
0 7 23 18
1 9 18 22
2 6 17 21
3 9 16 17
4 8 17 23
4 9 18 20
(158, 182)

Arvore 372
0 1 16 16
0 5 16 26
0 6 17 19
1 7 21 22
1 9 18 22
2 6 17 21
3 9 16 17
4 8 17 23
4 9 18 20
(156, 186)

Arvore 373
0 1 16 16
0 5 16 26
0 6 17 19
0 7 23 18
2 6 17 21
3 9 16 17
4 8 17 23
4 9 18 20
5 9 22 17
(162, 177)

Arvore 374
0 1 16 16
0 5 16 26
0 6 17 19
1 7 21 22
2 6 17 21
3 9 16 17
4 8 17 23
4 9 18 20
5 9 22 17
(160, 181)

Arvore 375
0 1 16 16
0 5 16 26
0 6 17 19
0 7 23 18
2 6 17 21
3 9 16 17
4 8 17 23
4 9 18 20
6 9 22 17
(162, 177)

Arvore 376
0 1 16 16
0 5 16 26
0 6 17 19
1 7 21 22
2 6 17 21
3 9 16 17
4 8 17 23
4 9 18 20
6 9 22 17
(160, 181)

Arvore 377
0 1 16 16
0 5 16 26
0 6 17 19
0 7 23 18
2 6 17 21
3 8 26 18
3 9 16 17
4 8 17 23
5 9 22 17
(170, 175)

Arvore 378
0 1 16 16
0 5 16 26
0 6 17 19
0 7 23 18
2 6 17 21
3 8 26 18
3 9 16 17
4 8 17 23
6 9 22 17
(170, 175)

Arvore 379
0 1 16 16
0 5 16 26
0 6 17 19
0 7 23 18
1 9 18 22
2 6 17 21
3 8 26 18
3 9 16 17
4 9 18 20
(167, 177)

Arvore 380
0 1 16 16
0 5 16 26
0 6 17 19
0 7 23 18
2 6 17 21
3 8 26 18
3 9 16 17
4 9 18 20
5 9 22 17
(171, 172)

Arvore 381
0 1 16 16
0 5 16 26
0 6 17 19
0 7 23 18
2 6 17 21
3 8 26 18
3 9 16 17
4 9 18 20
6 9 22 17
(171, 172)

Arvore 382
0 1 16 16
0 5 16 26
0 7 23 18
1 6 22 17
1 8 20 19
2 6 17 21
3 9 16 17
4 8 17 23
4 9 18 20
(165, 177)

Arvore 383
0 1 16 16
0 5 16 26
1 6 22 17
1 7 21 22
1 8 20 19
2 6 17 21
3 9 16 17
4 8 17 23
4 9 18 20
(163, 181)

Arvore 384
0 1 16 16
0 5 16 26
0 7 23 18
1 6 22 17
1 8 20 19
2 6 17 21
3 9 16 17
4 8 17 23
5 9 22 17
(169, 174)

Arvore 385
0 1 16 16
0 5 16 26
1 6 22 17
1 7 21 22
1 8 20 19
2 6 17 21
3 9 16 17
4 8 17 23
5 9 22 17
(167, 178)

Arvore 386
0 1 16 16
0 5 16 26
0 7 23 18
1 6 22 17
1 8 20 19
2 6 17 21
3 9 16 17
4 8 17 23
6 9 22 17
(169, 174)

Arvore 387
0 1 16 16
0 5 16 26
1 6 22 17
1 7 21 22
1 8 20 19
2 6 17 21
3 9 16 17
4 8 17 23
6 9 22 17
(167, 178)

Arvore 388
0 1 16 16
0 4 21 21
0 5 16 26
0 7 23 18
1 6 22 17
1 8 20 19
2 6 17 21
3 9 16 17
4 9 18 20
(169, 175)

Arvore 389
0 1 16 16
0 4 21 21
0 5 16 26
1 6 22 17
1 7 21 22
1 8 20 19
2 6 17 21
3 9 16 17
4 9 18 20
(167, 179)

Arvore 390
0 1 16 16
0 5 16 26
0 7 23 18
1 6 22 17
1 8 20 19
1 9 18 22
2 6 17 21
3 9 16 17
4 9 18 20
(166, 176)

Arvore 391
0 1 16 16
0 5 16 26
1 6 22 17
1 7 21 22
1 8 20 19
1 9 18 22
2 6 17 21
3 9 16 17
4 9 18 20
(164, 180)

Arvore 392
0 1 16 16
0 5 16 26
0 7 23 18
1 6 22 17
1 8 20 19
2 6 17 21
3 9 16 17
4 9 18 20
5 9 22 17
(170, 171)

Arvore 393
0 1 16 16
0 5 16 26
1 6 22 17
1 7 21 22
1 8 20 19
2 6 17 21
3 9 16 17
4 9 18 20
5 9 22 17
(168, 175)

Arvore 394
0 1 16 16
0 5 16 26
0 7 23 18
1 6 22 17
1 8 20 19
2 6 17 21
3 9 16 17
4 9 18 20
6 9 22 17
(170, 171)

Arvore 395
0 1 16 16
0 5 16 26
1 6 22 17
1 7 21 22
1 8 20 19
2 6 17 21
3 9 16 17
4 9 18 20
6 9 22 17
(168, 175)

Arvore 396
0 1 16 16
0 5 16 26
0 7 23 18
1 6 22 17
1 9 18 22
2 6 17 21
3 9 16 17
4 8 17 23
4 9 18 20
(163, 180)

Arvore 397
0 1 16 16
0 5 16 26
1 6 22 17
1 7 21 22
1 9 18 22
2 6 17 21
3 9 16 17
4 8 17 23
4 9 18 20
(161, 184)

Arvore 398
0 1 16 16
0 5 16 26
0 7 23 18
1 6 22 17
2 6 17 21
3 9 16 17
4 8 17 23
4 9 18 20
5 9 22 17
(167, 175)

Arvore 399
0 1 16 16
0 5 16 26
1 6 22 17
1 7 21 22
2 6 17 21
3 9 16 17
4 8 17 23
4 9 18 20
5 9 22 17
(165, 179)

Arvore 400
0 1 16 16
0 5 16 26
0 7 23 18
1 6 22 17
2 6 17 21
3 9 16 17
4 8 17 23
4 9 18 20
6 9 22 17
(167, 175)

Arvore 401
0 1 16 16
0 5 16 26
1 6 22 17
1 7 21 22
2 6 17 21
3 9 16 17
4 8 17 23
4 9 18 20
6 9 22 17
(165, 179)

Arvore 402
0 1 16 16
0 5 16 26
0 7 23 18
1 6 22 17
2 6 17 21
3 8 26 18
3 9 16 17
4 8 17 23
5 9 22 17
(175, 173)

Arvore 403
0 1 16 16
0 5 16 26
0 7 23 18
1 6 22 17
2 6 17 21
3 8 26 18
3 9 16 17
4 8 17 23
6 9 22 17
(175, 173)

Arvore 404
0 1 16 16
0 5 16 26
0 7 23 18
1 6 22 17
1 9 18 22
2 6 17 21
3 8 26 18
3 9 16 17
4 9 18 20
(172, 175)

Arvore 405
0 1 16 16
0 5 16 26
0 7 23 18
1 6 22 17
2 6 17 21
3 8 26 18
3 9 16 17
4 9 18 20
5 9 22 17
(176, 170)

Arvore 406
0 1 16 16
0 5 16 26
0 7 23 18
1 6 22 17
2 6 17 21
3 8 26 18
3 9 16 17
4 9 18 20
6 9 22 17
(176, 170)

Arvore 407
0 1 16 16
0 5 16 26
0 7 23 18
1 8 20 19
2 6 17 21
3 9 16 17
4 8 17 23
5 9 22 17
6 9 22 17
(169, 174)

Arvore 408
0 1 16 16
0 5 16 26
0 7 23 18
1 8 20 19
2 6 17 21
3 9 16 17
4 9 18 20
5 9 22 17
6 9 22 17
(170, 171)

Arvore 409
0 1 16 16
0 5 16 26
0 7 23 18
2 6 17 21
3 8 26 18
3 9 16 17
4 8 17 23
5 9 22 17
6 9 22 17
(175, 173)

Arvore 410
0 1 16 16
0 5 16 26
0 7 23 18
2 6 17 21
3 8 26 18
3 9 16 17
4 9 18 20
5 9 22 17
6 9 22 17
(176, 170)

Arvore 411
0 1 16 16
0 5 16 26
0 7 23 18
2 6 17 21
3 9 16 17
4 8 17 23
4 9 18 20
5 9 22 17
6 9 22 17
(167, 175)

Arvore 412
0 1 16 16
0 5 16 26
1 7 21 22
1 8 20 19
2 6 17 21
3 9 16 17
4 8 17 23
5 9 22 17
6 9 22 17
(167, 178)

Arvore 413
0 1 16 16
0 5 16 26
1 7 21 22
1 8 20 19
2 6 17 21
3 9 16 17
4 9 18 20
5 9 22 17
6 9 22 17
(168, 175)

Arvore 414
0 1 16 16
0 5 16 26
1 7 21 22
2 6 17 21
3 9 16 17
4 8 17 23
4 9 18 20
5 9 22 17
6 9 22 17
(165, 179)

Arvore 415
0 1 16 16
0 6 17 19
0 7 23 18
1 5 16 26
1 8 20 19
2 6 17 21
3 9 16 17
4 8 17 23
4 9 18 20
(160, 179)

Arvore 416
0 1 16 16
0 6 17 19
1 5 16 26
1 7 21 22
1 8 20 19
2 6 17 21
3 9 16 17
4 8 17 23
4 9 18 20
(158, 183)

Arvore 417
0 1 16 16
0 6 17 19
0 7 23 18
1 5 16 26
1 8 20 19
2 6 17 21
3 9 16 17
4 8 17 23
5 9 22 17
(164, 176)

Arvore 418
0 1 16 16
0 6 17 19
1 5 16 26
1 7 21 22
1 8 20 19
2 6 17 21
3 9 16 17
4 8 17 23
5 9 22 17
(162, 180)

Arvore 419
0 1 16 16
0 6 17 19
0 7 23 18
1 5 16 26
1 8 20 19
2 6 17 21
3 9 16 17
4 8 17 23
6 9 22 17
(164, 176)

Arvore 420
0 1 16 16
0 6 17 19
1 5 16 26
1 7 21 22
1 8 20 19
2 6 17 21
3 9 16 17
4 8 17 23
6 9 22 17
(162, 180)

Arvore 421
0 1 16 16
0 4 21 21
0 6 17 19
0 7 23 18
1 5 16 26
1 8 20 19
2 6 17 21
3 9 16 17
4 9 18 20
(164, 177)

Arvore 422
0 1 16 16
0 4 21 21
0 6 17 19
1 5 16 26
1 7 21 22
1 8 20 19
2 6 17 21
3 9 16 17
4 9 18 20
(162, 181)

Arvore 423
0 1 16 16
0 6 17 19
0 7 23 18
1 5 16 26
1 8 20 19
1 9 18 22
2 6 17 21
3 9 16 17
4 9 18 20
(161, 178)

Arvore 424
0 1 16 16
0 6 17 19
1 5 16 26
1 7 21 22
1 8 20 19
1 9 18 22
2 6 17 21
3 9 16 17
4 9 18 20
(159, 182)

Arvore 425
0 1 16 16
0 6 17 19
0 7 23 18
1 5 16 26
1 8 20 19
2 6 17 21
3 9 16 17
4 9 18 20
5 9 22 17
(165, 173)

Arvore 426
0 1 16 16
0 6 17 19
1 5 16 26
1 7 21 22
1 8 20 19
2 6 17 21
3 9 16 17
4 9 18 20
5 9 22 17
(163, 177)

Arvore 427
0 1 16 16
0 6 17 19
0 7 23 18
1 5 16 26
1 8 20 19
2 6 17 21
3 9 16 17
4 9 18 20
6 9 22 17
(165, 173)

Arvore 428
0 1 16 16
0 6 17 19
1 5 16 26
1 7 21 22
1 8 20 19
2 6 17 21
3 9 16 17
4 9 18 20
6 9 22 17
(163, 177)

Arvore 429
0 1 16 16
0 6 17 19
0 7 23 18
1 5 16 26
1 9 18 22
2 6 17 21
3 9 16 17
4 8 17 23
4 9 18 20
(158, 182)

Arvore 430
0 1 16 16
0 6 17 19
1 5 16 26
1 7 21 22
1 9 18 22
2 6 17 21
3 9 16 17
4 8 17 23
4 9 18 20
(156, 186)

Arvore 431
0 1 16 16
0 6 17 19
0 7 23 18
1 5 16 26
2 6 17 21
3 9 16 17
4 8 17 23
4 9 18 20
5 9 22 17
(162, 177)

Arvore 432
0 1 16 16
0 6 17 19
1 5 16 26
1 7 21 22
2 6 17 21
3 9 16 17
4 8 17 23
4 9 18 20
5 9 22 17
(160, 181)

Arvore 433
0 1 16 16
0 6 17 19
0 7 23 18
1 5 16 26
2 6 17 21
3 9 16 17
4 8 17 23
4 9 18 20
6 9 22 17
(162, 177)

Arvore 434
0 1 16 16
0 6 17 19
1 5 16 26
1 7 21 22
2 6 17 21
3 9 16 17
4 8 17 23
4 9 18 20
6 9 22 17
(160, 181)

Arvore 435
0 1 16 16
0 6 17 19
0 7 23 18
1 5 16 26
2 6 17 21
3 8 26 18
3 9 16 17
4 8 17 23
5 9 22 17
(170, 175)

Arvore 436
0 1 16 16
0 6 17 19
0 7 23 18
1 5 16 26
2 6 17 21
3 8 26 18
3 9 16 17
4 8 17 23
6 9 22 17
(170, 175)

Arvore 437
0 1 16 16
0 6 17 19
0 7 23 18
1 5 16 26
1 9 18 22
2 6 17 21
3 8 26 18
3 9 16 17
4 9 18 20
(167, 177)

Arvore 438
0 1 16 16
0 6 17 19
0 7 23 18
1 5 16 26
2 6 17 21
3 8 26 18
3 9 16 17
4 9 18 20
5 9 22 17
(171, 172)

Arvore 439
0 1 16 16
0 6 17 19
0 7 23 18
1 5 16 26
2 6 17 21
3 8 26 18
3 9 16 17
4 9 18 20
6 9 22 17
(171, 172)

Arvore 440
0 1 16 16
0 6 17 19
0 7 23 18
1 8 20 19
2 6 17 21
3 5 20 22
3 9 16 17
4 8 17 23
4 9 18 20
(164, 175)

Arvore 441
0 1 16 16
0 6 17 19
1 7 21 22
1 8 20 19
2 6 17 21
3 5 20 22
3 9 16 17
4 8 17 23
4 9 18 20
(162, 179)

Arvore 442
0 1 16 16
0 6 17 19
0 7 23 18
1 8 20 19
2 6 17 21
3 9 16 17
4 8 17 23
4 9 18 20
5 9 22 17
(166, 170)

Arvore 443
0 1 16 16
0 6 17 19
1 7 21 22
1 8 20 19
2 6 17 21
3 9 16 17
4 8 17 23
4 9 18 20
5 9 22 17
(164, 174)

Arvore 444
0 1 16 16
0 6 17 19
0 7 23 18
1 8 20 19
2 6 17 21
3 9 16 17
4 8 17 23
5 9 22 17
6 9 22 17
(170, 167)

Arvore 445
0 1 16 16
0 6 17 19
1 7 21 22
1 8 20 19
2 6 17 21
3 9 16 17
4 8 17 23
5 9 22 17
6 9 22 17
(168, 171)

Arvore 446
0 1 16 16
0 6 17 19
0 7 23 18
1 8 20 19
2 6 17 21
3 5 20 22
3 9 16 17
4 8 17 23
6 9 22 17
(168, 172)

Arvore 447
0 1 16 16
0 6 17 19
1 7 21 22
1 8 20 19
2 6 17 21
3 5 20 22
3 9 16 17
4 8 17 23
6 9 22 17
(166, 176)

Arvore 448
0 1 16 16
0 4 21 21
0 6 17 19
0 7 23 18
1 8 20 19
2 6 17 21
3 5 20 22
3 9 16 17
4 9 18 20
(168, 173)

Arvore 449
0 1 16 16
0 4 21 21
0 6 17 19
1 7 21 22
1 8 20 19
2 6 17 21
3 5 20 22
3 9 16 17
4 9 18 20
(166, 177)

Arvore 450
0 1 16 16
0 4 21 21
0 6 17 19
0 7 23 18
1 8 20 19
2 6 17 21
3 9 16 17
4 9 18 20
5 9 22 17
(170, 168)

Arvore 451
0 1 16 16
0 4 21 21
0 6 17 19
1 7 21 22
1 8 20 19
2 6 17 21
3 9 16 17
4 9 18 20
5 9 22 17
(168, 172)

Arvore 452
0 1 16 16
0 6 17 19
0 7 23 18
1 8 20 19
1 9 18 22
2 6 17 21
3 5 20 22
3 9 16 17
4 9 18 20
(165, 174)

Arvore 453
0 1 16 16
0 6 17 19
1 7 21 22
1 8 20 19
1 9 18 22
2 6 17 21
3 5 20 22
3 9 16 17
4 9 18 20
(163, 178)

Arvore 454
0 1 16 16
0 6 17 19
0 7 23 18
1 8 20 19
1 9 18 22
2 6 17 21
3 9 16 17
4 9 18 20
5 9 22 17
(167, 169)

Arvore 455
0 1 16 16
0 6 17 19
1 7 21 22
1 8 20 19
1 9 18 22
2 6 17 21
3 9 16 17
4 9 18 20
5 9 22 17
(165, 173)

Arvore 456
0 1 16 16
0 6 17 19
0 7 23 18
1 8 20 19
2 6 17 21
3 9 16 17
4 9 18 20
5 9 22 17
6 9 22 17
(171, 164)

Arvore 457
0 1 16 16
0 6 17 19
1 7 21 22
1 8 20 19
2 6 17 21
3 9 16 17
4 9 18 20
5 9 22 17
6 9 22 17
(169, 168)

Arvore 458
0 1 16 16
0 6 17 19
0 7 23 18
1 8 20 19
2 6 17 21
3 5 20 22
3 9 16 17
4 9 18 20
6 9 22 17
(169, 169)

Arvore 459
0 1 16 16
0 6 17 19
1 7 21 22
1 8 20 19
2 6 17 21
3 5 20 22
3 9 16 17
4 9 18 20
6 9 22 17
(167, 173)

Arvore 460
0 1 16 16
0 6 17 19
0 7 23 18
1 9 18 22
2 6 17 21
3 5 20 22
3 9 16 17
4 8 17 23
4 9 18 20
(162, 178)

Arvore 461
0 1 16 16
0 6 17 19
1 7 21 22
1 9 18 22
2 6 17 21
3 5 20 22
3 9 16 17
4 8 17 23
4 9 18 20
(160, 182)

Arvore 462
0 1 16 16
0 6 17 19
0 7 23 18
1 9 18 22
2 6 17 21
3 9 16 17
4 8 17 23
4 9 18 20
5 9 22 17
(164, 173)

Arvore 463
0 1 16 16
0 6 17 19
1 7 21 22
1 9 18 22
2 6 17 21
3 9 16 17
4 8 17 23
4 9 18 20
5 9 22 17
(162, 177)

Arvore 464
0 1 16 16
0 6 17 19
0 7 23 18
2 6 17 21
3 9 16 17
4 8 17 23
4 9 18 20
5 9 22 17
6 9 22 17
(168, 168)

Arvore 465
0 1 16 16
0 6 17 19
1 7 21 22
2 6 17 21
3 9 16 17
4 8 17 23
4 9 18 20
5 9 22 17
6 9 22 17
(166, 172)

Arvore 466
0 1 16 16
0 6 17 19
0 7 23 18
2 6 17 21
3 5 20 22
3 9 16 17
4 8 17 23
4 9 18 20
6 9 22 17
(166, 173)

Arvore 467
0 1 16 16
0 6 17 19
1 7 21 22
2 6 17 21
3 5 20 22
3 9 16 17
4 8 17 23
4 9 18 20
6 9 22 17
(164, 177)

Arvore 468
0 1 16 16
0 6 17 19
0 7 23 18
2 6 17 21
3 8 26 18
3 9 16 17
4 8 17 23
5 9 22 17
6 9 22 17
(176, 166)

Arvore 469
0 1 16 16
0 6 17 19
0 7 23 18
1 9 18 22
2 6 17 21
3 8 26 18
3 9 16 17
4 9 18 20
5 9 22 17
(173, 168)

Arvore 470
0 1 16 16
0 6 17 19
0 7 23 18
2 6 17 21
3 8 26 18
3 9 16 17
4 9 18 20
5 9 22 17
6 9 22 17
(177, 163)

Arvore 471
0 1 16 16
0 7 23 18
1 5 16 26
1 6 22 17
1 8 20 19
2 6 17 21
3 9 16 17
4 8 17 23
4 9 18 20
(165, 177)

Arvore 472
0 1 16 16
1 5 16 26
1 6 22 17
1 7 21 22
1 8 20 19
2 6 17 21
3 9 16 17
4 8 17 23
4 9 18 20
(163, 181)

Arvore 473
0 1 16 16
0 7 23 18
1 5 16 26
1 6 22 17
1 8 20 19
2 6 17 21
3 9 16 17
4 8 17 23
5 9 22 17
(169, 174)

Arvore 474
0 1 16 16
1 5 16 26
1 6 22 17
1 7 21 22
1 8 20 19
2 6 17 21
3 9 16 17
4 8 17 23
5 9 22 17
(167, 178)

Arvore 475
0 1 16 16
0 7 23 18
1 5 16 26
1 6 22 17
1 8 20 19
2 6 17 21
3 9 16 17
4 8 17 23
6 9 22 17
(169, 174)

Arvore 476
0 1 16 16
1 5 16 26
1 6 22 17
1 7 21 22
1 8 20 19
2 6 17 21
3 9 16 17
4 8 17 23
6 9 22 17
(167, 178)

Arvore 477
0 1 16 16
0 4 21 21
0 7 23 18
1 5 16 26
1 6 22 17
1 8 20 19
2 6 17 21
3 9 16 17
4 9 18 20
(169, 175)

Arvore 478
0 1 16 16
0 4 21 21
1 5 16 26
1 6 22 17
1 7 21 22
1 8 20 19
2 6 17 21
3 9 16 17
4 9 18 20
(167, 179)

Arvore 479
0 1 16 16
0 7 23 18
1 5 16 26
1 6 22 17
1 8 20 19
1 9 18 22
2 6 17 21
3 9 16 17
4 9 18 20
(166, 176)

Arvore 480
0 1 16 16
1 5 16 26
1 6 22 17
1 7 21 22
1 8 20 19
1 9 18 22
2 6 17 21
3 9 16 17
4 9 18 20
(164, 180)

Arvore 481
0 1 16 16
0 7 23 18
1 5 16 26
1 6 22 17
1 8 20 19
2 6 17 21
3 9 16 17
4 9 18 20
5 9 22 17
(170, 171)

Arvore 482
0 1 16 16
1 5 16 26
1 6 22 17
1 7 21 22
1 8 20 19
2 6 17 21
3 9 16 17
4 9 18 20
5 9 22 17
(168, 175)

Arvore 483
0 1 16 16
0 7 23 18
1 5 16 26
1 6 22 17
1 8 20 19
2 6 17 21
3 9 16 17
4 9 18 20
6 9 22 17
(170, 171)

Arvore 484
0 1 16 16
1 5 16 26
1 6 22 17
1 7 21 22
1 8 20 19
2 6 17 21
3 9 16 17
4 9 18 20
6 9 22 17
(168, 175)

Arvore 485
0 1 16 16
0 7 23 18
1 5 16 26
1 6 22 17
1 9 18 22
2 6 17 21
3 9 16 17
4 8 17 23
4 9 18 20
(163, 180)

Arvore 486
0 1 16 16
1 5 16 26
1 6 22 17
1 7 21 22
1 9 18 22
2 6 17 21
3 9 16 17
4 8 17 23
4 9 18 20
(161, 184)

Arvore 487
0 1 16 16
0 7 23 18
1 5 16 26
1 6 22 17
2 6 17 21
3 9 16 17
4 8 17 23
4 9 18 20
5 9 22 17
(167, 175)

Arvore 488
0 1 16 16
1 5 16 26
1 6 22 17
1 7 21 22
2 6 17 21
3 9 16 17
4 8 17 23
4 9 18 20
5 9 22 17
(165, 179)

Arvore 489
0 1 16 16
0 7 23 18
1 5 16 26
1 6 22 17
2 6 17 21
3 9 16 17
4 8 17 23
4 9 18 20
6 9 22 17
(167, 175)

Arvore 490
0 1 16 16
1 5 16 26
1 6 22 17
1 7 21 22
2 6 17 21
3 9 16 17
4 8 17 23
4 9 18 20
6 9 22 17
(165, 179)

Arvore 491
0 1 16 16
0 7 23 18
1 5 16 26
1 6 22 17
2 6 17 21
3 8 26 18
3 9 16 17
4 8 17 23
5 9 22 17
(175, 173)

Arvore 492
0 1 16 16
0 7 23 18
1 5 16 26
1 6 22 17
2 6 17 21
3 8 26 18
3 9 16 17
4 8 17 23
6 9 22 17
(175, 173)

Arvore 493
0 1 16 16
0 7 23 18
1 5 16 26
1 6 22 17
1 9 18 22
2 6 17 21
3 8 26 18
3 9 16 17
4 9 18 20
(172, 175)

Arvore 494
0 1 16 16
0 7 23 18
1 5 16 26
1 6 22 17
2 6 17 21
3 8 26 18
3 9 16 17
4 9 18 20
5 9 22 17
(176, 170)

Arvore 495
0 1 16 16
0 7 23 18
1 5 16 26
1 6 22 17
2 6 17 21
3 8 26 18
3 9 16 17
4 9 18 20
6 9 22 17
(176, 170)

Arvore 496
0 1 16 16
0 7 23 18
1 5 16 26
1 8 20 19
2 6 17 21
3 9 16 17
4 8 17 23
5 9 22 17
6 9 22 17
(169, 174)

Arvore 497
0 1 16 16
0 7 23 18
1 5 16 26
1 8 20 19
2 6 17 21
3 9 16 17
4 9 18 20
5 9 22 17
6 9 22 17
(170, 171)

Arvore 498
0 1 16 16
0 7 23 18
1 5 16 26
2 6 17 21
3 8 26 18
3 9 16 17
4 8 17 23
5 9 22 17
6 9 22 17
(175, 173)

Arvore 499
0 1 16 16
0 7 23 18
1 5 16 26
2 6 17 21
3 8 26 18
3 9 16 17
4 9 18 20
5 9 22 17
6 9 22 17
(176, 170)

Arvore 500
0 1 16 16
0 7 23 18
1 5 16 26
2 6 17 21
3 9 16 17
4 8 17 23
4 9 18 20
5 9 22 17
6 9 22 17
(167, 175)

Arvore 501
0 1 16 16
1 5 16 26
1 7 21 22
1 8 20 19
2 6 17 21
3 9 16 17
4 8 17 23
5 9 22 17
6 9 22 17
(167, 178)

Arvore 502
0 1 16 16
1 5 16 26
1 7 21 22
1 8 20 19
2 6 17 21
3 9 16 17
4 9 18 20
5 9 22 17
6 9 22 17
(168, 175)

Arvore 503
0 1 16 16
1 5 16 26
1 7 21 22
2 6 17 21
3 9 16 17
4 8 17 23
4 9 18 20
5 9 22 17
6 9 22 17
(165, 179)

Arvore 504
0 1 16 16
0 7 23 18
1 6 22 17
1 8 20 19
2 6 17 21
3 5 20 22
3 9 16 17
4 8 17 23
4 9 18 20
(169, 173)

Arvore 505
0 1 16 16
1 6 22 17
1 7 21 22
1 8 20 19
2 6 17 21
3 5 20 22
3 9 16 17
4 8 17 23
4 9 18 20
(167, 177)

Arvore 506
0 1 16 16
0 7 23 18
1 6 22 17
1 8 20 19
2 6 17 21
3 9 16 17
4 8 17 23
4 9 18 20
5 9 22 17
(171, 168)

Arvore 507
0 1 16 16
1 6 22 17
1 7 21 22
1 8 20 19
2 6 17 21
3 9 16 17
4 8 17 23
4 9 18 20
5 9 22 17
(169, 172)

Arvore 508
0 1 16 16
0 7 23 18
1 6 22 17
1 8 20 19
2 6 17 21
3 9 16 17
4 8 17 23
5 9 22 17
6 9 22 17
(175, 165)

Arvore 509
0 1 16 16
1 6 22 17
1 7 21 22
1 8 20 19
2 6 17 21
3 9 16 17
4 8 17 23
5 9 22 17
6 9 22 17
(173, 169)

Arvore 510
0 1 16 16
0 7 23 18
1 6 22 17
1 8 20 19
2 6 17 21
3 5 20 22
3 9 16 17
4 8 17 23
6 9 22 17
(173, 170)

Arvore 511
0 1 16 16
1 6 22 17
1 7 21 22
1 8 20 19
2 6 17 21
3 5 20 22
3 9 16 17
4 8 17 23
6 9 22 17
(171, 174)

Arvore 512
0 1 16 16
0 4 21 21
0 7 23 18
1 6 22 17
1 8 20 19
2 6 17 21
3 5 20 22
3 9 16 17
4 9 18 20
(173, 171)

Arvore 513
0 1 16 16
0 4 21 21
1 6 22 17
1 7 21 22
1 8 20 19
2 6 17 21
3 5 20 22
3 9 16 17
4 9 18 20
(171, 175)

Arvore 514
0 1 16 16
0 4 21 21
0 7 23 18
1 6 22 17
1 8 20 19
2 6 17 21
3 9 16 17
4 9 18 20
5 9 22 17
(175, 166)

Arvore 515
0 1 16 16
0 4 21 21
1 6 22 17
1 7 21 22
1 8 20 19
2 6 17 21
3 9 16 17
4 9 18 20
5 9 22 17
(173, 170)

Arvore 516
0 1 16 16
0 7 23 18
1 6 22 17
1 8 20 19
1 9 18 22
2 6 17 21
3 5 20 22
3 9 16 17
4 9 18 20
(170, 172)

Arvore 517
0 1 16 16
1 6 22 17
1 7 21 22
1 8 20 19
1 9 18 22
2 6 17 21
3 5 20 22
3 9 16 17
4 9 18 20
(168, 176)

Arvore 518
0 1 16 16
0 7 23 18
1 6 22 17
1 8 20 19
1 9 18 22
2 6 17 21
3 9 16 17
4 9 18 20
5 9 22 17
(172, 167)

Arvore 519
0 1 16 16
1 6 22 17
1 7 21 22
1 8 20 19
1 9 18 22
2 6 17 21
3 9 16 17
4 9 18 20
5 9 22 17
(170, 171)

Arvore 520
0 1 16 16
0 7 23 18
1 6 22 17
1 8 20 19
2 6 17 21
3 9 16 17
4 9 18 20
5 9 22 17
6 9 22 17
(176, 162)

Arvore 521
0 1 16 16
1 6 22 17
1 7 21 22
1 8 20 19
2 6 17 21
3 9 16 17
4 9 18 20
5 9 22 17
6 9 22 17
(174, 166)

Arvore 522
0 1 16 16
0 7 23 18
1 6 22 17
1 8 20 19
2 6 17 21
3 5 20 22
3 9 16 17
4 9 18 20
6 9 22 17
(174, 167)

Arvore 523
0 1 16 16
1 6 22 17
1 7 21 22
1 8 20 19
2 6 17 21
3 5 20 22
3 9 16 17
4 9 18 20
6 9 22 17
(172, 171)

Arvore 524
0 1 16 16
0 7 23 18
1 6 22 17
1 9 18 22
2 6 17 21
3 5 20 22
3 9 16 17
4 8 17 23
4 9 18 20
(167, 176)

Arvore 525
0 1 16 16
1 6 22 17
1 7 21 22
1 9 18 22
2 6 17 21
3 5 20 22
3 9 16 17
4 8 17 23
4 9 18 20
(165, 180)

Arvore 526
0 1 16 16
0 7 23 18
1 6 22 17
1 9 18 22
2 6 17 21
3 9 16 17
4 8 17 23
4 9 18 20
5 9 22 17
(169, 171)

Arvore 527
0 1 16 16
1 6 22 17
1 7 21 22
1 9 18 22
2 6 17 21
3 9 16 17
4 8 17 23
4 9 18 20
5 9 22 17
(167, 175)

Arvore 528
0 1 16 16
0 7 23 18
1 6 22 17
2 6 17 21
3 9 16 17
4 8 17 23
4 9 18 20
5 9 22 17
6 9 22 17
(173, 166)

Arvore 529
0 1 16 16
1 6 22 17
1 7 21 22
2 6 17 21
3 9 16 17
4 8 17 23
4 9 18 20
5 9 22 17
6 9 22 17
(171, 170)

Arvore 530
0 1 16 16
0 7 23 18
1 6 22 17
2 6 17 21
3 5 20 22
3 9 16 17
4 8 17 23
4 9 18 20
6 9 22 17
(171, 171)

Arvore 531
0 1 16 16
1 6 22 17
1 7 21 22
2 6 17 21
3 5 20 22
3 9 16 17
4 8 17 23
4 9 18 20
6 9 22 17
(169, 175)

Arvore 532
0 1 16 16
0 7 23 18
1 6 22 17
2 6 17 21
3 8 26 18
3 9 16 17
4 8 17 23
5 9 22 17
6 9 22 17
(181, 164)

Arvore 533
0 1 16 16
0 7 23 18
1 6 22 17
1 9 18 22
2 6 17 21
3 8 26 18
3 9 16 17
4 9 18 20
5 9 22 17
(178, 166)

Arvore 534
0 1 16 16
0 7 23 18
1 6 22 17
2 6 17 21
3 8 26 18
3 9 16 17
4 9 18 20
5 9 22 17
6 9 22 17
(182, 161)

Arvore 535
0 2 0 84
0 5 16 26
0 6 17 19
0 7 23 18
1 2 84 0
1 8 20 19
3 9 16 17
4 8 17 23
4 9 18 20
(211, 226)

Arvore 536
0 2 0 84
0 5 16 26
0 6 17 19
1 2 84 0
1 7 21 22
1 8 20 19
3 9 16 17
4 8 17 23
4 9 18 20
(209, 230)

Arvore 537
0 2 0 84
0 5 16 26
0 6 17 19
0 7 23 18
1 2 84 0
1 8 20 19
3 9 16 17
4 8 17 23
5 9 22 17
(215, 223)

Arvore 538
0 2 0 84
0 5 16 26
0 6 17 19
1 2 84 0
1 7 21 22
1 8 20 19
3 9 16 17
4 8 17 23
5 9 22 17
(213, 227)

Arvore 539
0 2 0 84
0 5 16 26
0 6 17 19
0 7 23 18
1 2 84 0
1 8 20 19
3 9 16 17
4 8 17 23
6 9 22 17
(215, 223)

Arvore 540
0 2 0 84
0 5 16 26
0 6 17 19
1 2 84 0
1 7 21 22
1 8 20 19
3 9 16 17
4 8 17 23
6 9 22 17
(213, 227)

Arvore 541
0 2 0 84
0 4 21 21
0 5 16 26
0 6 17 19
0 7 23 18
1 2 84 0
1 8 20 19
3 9 16 17
4 9 18 20
(215, 224)

Arvore 542
0 2 0 84
0 4 21 21
0 5 16 26
0 6 17 19
1 2 84 0
1 7 21 22
1 8 20 19
3 9 16 17
4 9 18 20
(213, 228)

Arvore 543
0 2 0 84
0 5 16 26
0 6 17 19
0 7 23 18
1 2 84 0
1 8 20 19
1 9 18 22
3 9 16 17
4 9 18 20
(212, 225)

Arvore 544
0 2 0 84
0 5 16 26
0 6 17 19
1 2 84 0
1 7 21 22
1 8 20 19
1 9 18 22
3 9 16 17
4 9 18 20
(210, 229)

Arvore 545
0 2 0 84
0 5 16 26
0 6 17 19
0 7 23 18
1 2 84 0
1 8 20 19
3 9 16 17
4 9 18 20
5 9 22 17
(216, 220)

Arvore 546
0 2 0 84
0 5 16 26
0 6 17 19
1 2 84 0
1 7 21 22
1 8 20 19
3 9 16 17
4 9 18 20
5 9 22 17
(214, 224)

Arvore 547
0 2 0 84
0 5 16 26
0 6 17 19
0 7 23 18
1 2 84 0
1 8 20 19
3 9 16 17
4 9 18 20
6 9 22 17
(216, 220)

Arvore 548
0 2 0 84
0 5 16 26
0 6 17 19
1 2 84 0
1 7 21 22
1 8 20 19
3 9 16 17
4 9 18 20
6 9 22 17
(214, 224)

Arvore 549
0 2 0 84
0 5 16 26
0 6 17 19
0 7 23 18
1 2 84 0
1 9 18 22
3 9 16 17
4 8 17 23
4 9 18 20
(209, 229)

Arvore 550
0 2 0 84
0 5 16 26
0 6 17 19
1 2 84 0
1 7 21 22
1 9 18 22
3 9 16 17
4 8 17 23
4 9 18 20
(207, 233)

Arvore 551
0 2 0 84
0 5 16 26
0 6 17 19
0 7 23 18
1 2 84 0
3 9 16 17
4 8 17 23
4 9 18 20
5 9 22 17
(213, 224)

Arvore 552
0 2 0 84
0 5 16 26
0 6 17 19
1 2 84 0
1 7 21 22
3 9 16 17
4 8 17 23
4 9 18 20
5 9 22 17
(211, 228)

Arvore 553
0 2 0 84
0 5 16 26
0 6 17 19
0 7 23 18
1 2 84 0
3 9 16 17
4 8 17 23
4 9 18 20
6 9 22 17
(213, 224)

Arvore 554
0 2 0 84
0 5 16 26
0 6 17 19
1 2 84 0
1 7 21 22
3 9 16 17
4 8 17 23
4 9 18 20
6 9 22 17
(211, 228)

Arvore 555
0 2 0 84
0 5 16 26
0 6 17 19
0 7 23 18
1 2 84 0
3 8 26 18
3 9 16 17
4 8 17 23
5 9 22 17
(221, 222)

Arvore 556
0 2 0 84
0 5 16 26
0 6 17 19
0 7 23 18
1 2 84 0
3 8 26 18
3 9 16 17
4 8 17 23
6 9 22 17
(221, 222)

Arvore 557
0 2 0 84
0 5 16 26
0 6 17 19
0 7 23 18
1 2 84 0
1 9 18 22
3 8 26 18
3 9 16 17
4 9 18 20
(218, 224)

Arvore 558
0 2 0 84
0 5 16 26
0 6 17 19
0 7 23 18
1 2 84 0
3 8 26 18
3 9 16 17
4 9 18 20
5 9 22 17
(222, 219)

Arvore 559
0 2 0 84
0 5 16 26
0 6 17 19
0 7 23 18
1 2 84 0
3 8 26 18
3 9 16 17
4 9 18 20
6 9 22 17
(222, 219)

Arvore 560
0 2 0 84
0 5 16 26
0 7 23 18
1 2 84 0
1 6 22 17
1 8 20 19
3 9 16 17
4 8 17 23
4 9 18 20
(216, 224)

Arvore 561
0 2 0 84
0 5 16 26
1 2 84 0
1 6 22 17
1 7 21 22
1 8 20 19
3 9 16 17
4 8 17 23
4 9 18 20
(214, 228)

Arvore 562
0 2 0 84
0 5 16 26
0 7 23 18
1 2 84 0
1 6 22 17
1 8 20 19
3 9 16 17
4 8 17 23
5 9 22 17
(220, 221)

Arvore 563
0 2 0 84
0 5 16 26
1 2 84 0
1 6 22 17
1 7 21 22
1 8 20 19
3 9 16 17
4 8 17 23
5 9 22 17
(218, 225)

Arvore 564
0 2 0 84
0 5 16 26
0 7 23 18
1 2 84 0
1 6 22 17
1 8 20 19
3 9 16 17
4 8 17 23
6 9 22 17
(220, 221)

Arvore 565
0 2 0 84
0 5 16 26
1 2 84 0
1 6 22 17
1 7 21 22
1 8 20 19
3 9 16 17
4 8 17 23
6 9 22 17
(218, 225)

Arvore 566
0 2 0 84
0 4 21 21
0 5 16 26
0 7 23 18
1 2 84 0
1 6 22 17
1 8 20 19
3 9 16 17
4 9 18 20
(220, 222)

Arvore 567
0 2 0 84
0 4 21 21
0 5 16 26
1 2 84 0
1 6 22 17
1 7 21 22
1 8 20 19
3 9 16 17
4 9 18 20
(218, 226)

Arvore 568
0 2 0 84
0 5 16 26
0 7 23 18
1 2 84 0
1 6 22 17
1 8 20 19
1 9 18 22
3 9 16 17
4 9 18 20
(217, 223)

Arvore 569
0 2 0 84
0 5 16 26
1 2 84 0
1 6 22 17
1 7 21 22
1 8 20 19
1 9 18 22
3 9 16 17
4 9 18 20
(215, 227)

Arvore 570
0 2 0 84
0 5 16 26
0 7 23 18
1 2 84 0
1 6 22 17
1 8 20 19
3 9 16 17
4 9 18 20
5 9 22 17
(221, 218)

Arvore 571
0 2 0 84
0 5 16 26
1 2 84 0
1 6 22 17
1 7 21 22
1 8 20 19
3 9 16 17
4 9 18 20
5 9 22 17
(219, 222)

Arvore 572
0 2 0 84
0 5 16 26
0 7 23 18
1 2 84 0
1 6 22 17
1 8 20 19
3 9 16 17
4 9 18 20
6 9 22 17
(221, 218)

Arvore 573
0 2 0 84
0 5 16 26
1 2 84 0
1 6 22 17
1 7 21 22
1 8 20 19
3 9 16 17
4 9 18 20
6 9 22 17
(219, 222)

Arvore 574
0 2 0 84
0 5 16 26
0 7 23 18
1 2 84 0
1 6 22 17
1 9 18 22
3 9 16 17
4 8 17 23
4 9 18 20
(214, 227)

Arvore 575
0 2 0 84
0 5 16 26
1 2 84 0
1 6 22 17
1 7 21 22
1 9 18 22
3 9 16 17
4 8 17 23
4 9 18 20
(212, 231)

Arvore 576
0 2 0 84
0 5 16 26
0 7 23 18
1 2 84 0
1 6 22 17
3 9 16 17
4 8 17 23
4 9 18 20
5 9 22 17
(218, 222)

Arvore 577
0 2 0 84
0 5 16 26
1 2 84 0
1 6 22 17
1 7 21 22
3 9 16 17
4 8 17 23
4 9 18 20
5 9 22 17
(216, 226)

Arvore 578
0 2 0 84
0 5 16 26
0 7 23 18
1 2 84 0
1 6 22 17
3 9 16 17
4 8 17 23
4 9 18 20
6 9 22 17
(218, 222)

Arvore 579
0 2 0 84
0 5 16 26
1 2 84 0
1 6 22 17
1 7 21 22
3 9 16 17
4 8 17 23
4 9 18 20
6 9 22 17
(216, 226)

Arvore 580
0 2 0 84
0 5 16 26
0 7 23 18
1 2 84 0
1 6 22 17
3 8 26 18
3 9 16 17
4 8 17 23
5 9 22 17
(226, 220)

Arvore 581
0 2 0 84
0 5 16 26
0 7 23 18
1 2 84 0
1 6 22 17
3 8 26 18
3 9 16 17
4 8 17 23
6 9 22 17
(226, 220)

Arvore 582
0 2 0 84
0 5 16 26
0 7 23 18
1 2 84 0
1 6 22 17
1 9 18 22
3 8 26 18
3 9 16 17
4 9 18 20
(223, 222)

Arvore 583
0 2 0 84
0 5 16 26
0 7 23 18
1 2 84 0
1 6 22 17
3 8 26 18
3 9 16 17
4 9 18 20
5 9 22 17
(227, 217)

Arvore 584
0 2 0 84
0 5 16 26
0 7 23 18
1 2 84 0
1 6 22 17
3 8 26 18
3 9 16 17
4 9 18 20
6 9 22 17
(227, 217)

Arvore 585
0 2 0 84
0 5 16 26
0 7 23 18
1 2 84 0
1 8 20 19
3 9 16 17
4 8 17 23
5 9 22 17
6 9 22 17
(220, 221)

Arvore 586
0 2 0 84
0 5 16 26
0 7 23 18
1 2 84 0
1 8 20 19
3 9 16 17
4 9 18 20
5 9 22 17
6 9 22 17
(221, 218)

Arvore 587
0 2 0 84
0 5 16 26
0 7 23 18
1 2 84 0
3 8 26 18
3 9 16 17
4 8 17 23
5 9 22 17
6 9 22 17
(226, 220)

Arvore 588
0 2 0 84
0 5 16 26
0 7 23 18
1 2 84 0
3 8 26 18
3 9 16 17
4 9 18 20
5 9 22 17
6 9 22 17
(227, 217)

Arvore 589
0 2 0 84
0 5 16 26
0 7 23 18
1 2 84 0
3 9 16 17
4 8 17 23
4 9 18 20
5 9 22 17
6 9 22 17
(218, 222)

Arvore 590
0 2 0 84
0 5 16 26
1 2 84 0
1 7 21 22
1 8 20 19
3 9 16 17
4 8 17 23
5 9 22 17
6 9 22 17
(218, 225)

Arvore 591
0 2 0 84
0 5 16 26
1 2 84 0
1 7 21 22
1 8 20 19
3 9 16 17
4 9 18 20
5 9 22 17
6 9 22 17
(219, 222)

Arvore 592
0 2 0 84
0 5 16 26
1 2 84 0
1 7 21 22
3 9 16 17
4 8 17 23
4 9 18 20
5 9 22 17
6 9 22 17
(216, 226)

Arvore 593
0 2 0 84
0 6 17 19
0 7 23 18
1 2 84 0
1 5 16 26
1 8 20 19
3 9 16 17
4 8 17 23
4 9 18 20
(211, 226)

Arvore 594
0 2 0 84
0 6 17 19
1 2 84 0
1 5 16 26
1 7 21 22
1 8 20 19
3 9 16 17
4 8 17 23
4 9 18 20
(209, 230)

Arvore 595
0 2 0 84
0 6 17 19
0 7 23 18
1 2 84 0
1 5 16 26
1 8 20 19
3 9 16 17
4 8 17 23
5 9 22 17
(215, 223)

Arvore 596
0 2 0 84
0 6 17 19
1 2 84 0
1 5 16 26
1 7 21 22
1 8 20 19
3 9 16 17
4 8 17 23
5 9 22 17
(213, 227)

Arvore 597
0 2 0 84
0 6 17 19
0 7 23 18
1 2 84 0
1 5 16 26
1 8 20 19
3 9 16 17
4 8 17 23
6 9 22 17
(215, 223)

Arvore 598
0 2 0 84
0 6 17 19
1 2 84 0
1 5 16 26
1 7 21 22
1 8 20 19
3 9 16 17
4 8 17 23
6 9 22 17
(213, 227)

Arvore 599
0 2 0 84
0 4 21 21
0 6 17 19
0 7 23 18
1 2 84 0
1 5 16 26
1 8 20 19
3 9 16 17
4 9 18 20
(215, 224)

Arvore 600
0 2 0 84
0 4 21 21
0 6 17 19
1 2 84 0
1 5 16 26
1 7 21 22
1 8 20 19
3 9 16 17
4 9 18 20
(213, 228)

Arvore 601
0 2 0 84
0 6 17 19
0 7 23 18
1 2 84 0
1 5 16 26
1 8 20 19
1 9 18 22
3 9 16 17
4 9 18 20
(212, 225)

Arvore 602
0 2 0 84
0 6 17 19
1 2 84 0
1 5 16 26
1 7 21 22
1 8 20 19
1 9 18 22
3 9 16 17
4 9 18 20
(210, 229)

Arvore 603
0 2 0 84
0 6 17 19
0 7 23 18
1 2 84 0
1 5 16 26
1 8 20 19
3 9 16 17
4 9 18 20
5 9 22 17
(216, 220)

Arvore 604
0 2 0 84
0 6 17 19
1 2 84 0
1 5 16 26
1 7 21 22
1 8 20 19
3 9 16 17
4 9 18 20
5 9 22 17
(214, 224)

Arvore 605
0 2 0 84
0 6 17 19
0 7 23 18
1 2 84 0
1 5 16 26
1 8 20 19
3 9 16 17
4 9 18 20
6 9 22 17
(216, 220)

Arvore 606
0 2 0 84
0 6 17 19
1 2 84 0
1 5 16 26
1 7 21 22
1 8 20 19
3 9 16 17
4 9 18 20
6 9 22 17
(214, 224)

Arvore 607
0 2 0 84
0 6 17 19
0 7 23 18
1 2 84 0
1 5 16 26
1 9 18 22
3 9 16 17
4 8 17 23
4 9 18 20
(209, 229)

Arvore 608
0 2 0 84
0 6 17 19
1 2 84 0
1 5 16 26
1 7 21 22
1 9 18 22
3 9 16 17
4 8 17 23
4 9 18 20
(207, 233)

Arvore 609
0 2 0 84
0 6 17 19
0 7 23 18
1 2 84 0
1 5 16 26
3 9 16 17
4 8 17 23
4 9 18 20
5 9 22 17
(213, 224)

Arvore 610
0 2 0 84
0 6 17 19
1 2 84 0
1 5 16 26
1 7 21 22
3 9 16 17
4 8 17 23
4 9 18 20
5 9 22 17
(211, 228)

Arvore 611
0 2 0 84
0 6 17 19
0 7 23 18
1 2 84 0
1 5 16 26
3 9 16 17
4 8 17 23
4 9 18 20
6 9 22 17
(213, 224)

Arvore 612
0 2 0 84
0 6 17 19
1 2 84 0
1 5 16 26
1 7 21 22
3 9 16 17
4 8 17 23
4 9 18 20
6 9 22 17
(211, 228)

Arvore 613
0 2 0 84
0 6 17 19
0 7 23 18
1 2 84 0
1 5 16 26
3 8 26 18
3 9 16 17
4 8 17 23
5 9 22 17
(221, 222)

Arvore 614
0 2 0 84
0 6 17 19
0 7 23 18
1 2 84 0
1 5 16 26
3 8 26 18
3 9 16 17
4 8 17 23
6 9 22 17
(221, 222)

Arvore 615
0 2 0 84
0 6 17 19
0 7 23 18
1 2 84 0
1 5 16 26
1 9 18 22
3 8 26 18
3 9 16 17
4 9 18 20
(218, 224)

Arvore 616
0 2 0 84
0 6 17 19
0 7 23 18
1 2 84 0
1 5 16 26
3 8 26 18
3 9 16 17
4 9 18 20
5 9 22 17
(222, 219)

Arvore 617
0 2 0 84
0 6 17 19
0 7 23 18
1 2 84 0
1 5 16 26
3 8 26 18
3 9 16 17
4 9 18 20
6 9 22 17
(222, 219)

Arvore 618
0 2 0 84
0 6 17 19
0 7 23 18
1 2 84 0
1 8 20 19
3 5 20 22
3 9 16 17
4 8 17 23
4 9 18 20
(215, 222)

Arvore 619
0 2 0 84
0 6 17 19
1 2 84 0
1 7 21 22
1 8 20 19
3 5 20 22
3 9 16 17
4 8 17 23
4 9 18 20
(213, 226)

Arvore 620
0 2 0 84
0 6 17 19
0 7 23 18
1 2 84 0
1 8 20 19
3 9 16 17
4 8 17 23
4 9 18 20
5 9 22 17
(217, 217)

Arvore 621
0 2 0 84
0 6 17 19
1 2 84 0
1 7 21 22
1 8 20 19
3 9 16 17
4 8 17 23
4 9 18 20
5 9 22 17
(215, 221)

Arvore 622
0 2 0 84
0 6 17 19
0 7 23 18
1 2 84 0
1 8 20 19
3 9 16 17
4 8 17 23
5 9 22 17
6 9 22 17
(221, 214)

Arvore 623
0 2 0 84
0 6 17 19
1 2 84 0
1 7 21 22
1 8 20 19
3 9 16 17
4 8 17 23
5 9 22 17
6 9 22 17
(219, 218)

Arvore 624
0 2 0 84
0 6 17 19
0 7 23 18
1 2 84 0
1 8 20 19
3 5 20 22
3 9 16 17
4 8 17 23
6 9 22 17
(219, 219)

Arvore 625
0 2 0 84
0 6 17 19
1 2 84 0
1 7 21 22
1 8 20 19
3 5 20 22
3 9 16 17
4 8 17 23
6 9 22 17
(217, 223)

Arvore 626
0 2 0 84
0 4 21 21
0 6 17 19
0 7 23 18
1 2 84 0
1 8 20 19
3 5 20 22
3 9 16 17
4 9 18 20
(219, 220)

Arvore 627
0 2 0 84
0 4 21 21
0 6 17 19
1 2 84 0
1 7 21 22
1 8 20 19
3 5 20 22
3 9 16 17
4 9 18 20
(217, 224)

Arvore 628
0 2 0 84
0 4 21 21
0 6 17 19
0 7 23 18
1 2 84 0
1 8 20 19
3 9 16 17
4 9 18 20
5 9 22 17
(221, 215)

Arvore 629
0 2 0 84
0 4 21 21
0 6 17 19
1 2 84 0
1 7 21 22
1 8 20 19
3 9 16 17
4 9 18 20
5 9 22 17
(219, 219)

Arvore 630
0 2 0 84
0 6 17 19
0 7 23 18
1 2 84 0
1 8 20 19
1 9 18 22
3 5 20 22
3 9 16 17
4 9 18 20
(216, 221)

Arvore 631
0 2 0 84
0 6 17 19
1 2 84 0
1 7 21 22
1 8 20 19
1 9 18 22
3 5 20 22
3 9 16 17
4 9 18 20
(214, 225)

Arvore 632
0 2 0 84
0 6 17 19
0 7 23 18
1 2 84 0
1 8 20 19
1 9 18 22
3 9 16 17
4 9 18 20
5 9 22 17
(218, 216)

Arvore 633
0 2 0 84
0 6 17 19
1 2 84 0
1 7 21 22
1 8 20 19
1 9 18 22
3 9 16 17
4 9 18 20
5 9 22 17
(216, 220)

Arvore 634
0 2 0 84
0 6 17 19
0 7 23 18
1 2 84 0
1 8 20 19
3 9 16 17
4 9 18 20
5 9 22 17
6 9 22 17
(222, 211)

Arvore 635
0 2 0 84
0 6 17 19
1 2 84 0
1 7 21 22
1 8 20 19
3 9 16 17
4 9 18 20
5 9 22 17
6 9 22 17
(220, 215)

Arvore 636
0 2 0 84
0 6 17 19
0 7 23 18
1 2 84 0
1 8 20 19
3 5 20 22
3 9 16 17
4 9 18 20
6 9 22 17
(220, 216)

Arvore 637
0 2 0 84
0 6 17 19
1 2 84 0
1 7 21 22
1 8 20 19
3 5 20 22
3 9 16 17
4 9 18 20
6 9 22 17
(218, 220)

Arvore 638
0 2 0 84
0 6 17 19
0 7 23 18
1 2 84 0
1 9 18 22
3 5 20 22
3 9 16 17
4 8 17 23
4 9 18 20
(213, 225)

Arvore 639
0 2 0 84
0 6 17 19
1 2 84 0
1 7 21 22
1 9 18 22
3 5 20 22
3 9 16 17
4 8 17 23
4 9 18 20
(211, 229)

Arvore 640
0 2 0 84
0 6 17 19
0 7 23 18
1 2 84 0
1 9 18 22
3 9 16 17
4 8 17 23
4 9 18 20
5 9 22 17
(215, 220)

Arvore 641
0 2 0 84
0 6 17 19
1 2 84 0
1 7 21 22
1 9 18 22
3 9 16 17
4 8 17 23
4 9 18 20
5 9 22 17
(213, 224)

Arvore 642
0 2 0 84
0 6 17 19
0 7 23 18
1 2 84 0
3 9 16 17
4 8 17 23
4 9 18 20
5 9 22 17
6 9 22 17
(219, 215)

Arvore 643
0 2 0 84
0 6 17 19
1 2 84 0
1 7 21 22
3 9 16 17
4 8 17 23
4 9 18 20
5 9 22 17
6 9 22 17
(217, 219)

Arvore 644
0 2 0 84
0 6 17 19
0 7 23 18
1 2 84 0
3 5 20 22
3 9 16 17
4 8 17 23
4 9 18 20
6 9 22 17
(217, 220)

Arvore 645
0 2 0 84
0 6 17 19
1 2 84 0
1 7 21 22
3 5 20 22
3 9 16 17
4 8 17 23
4 9 18 20
6 9 22 17
(215, 224)

Arvore 646
0 2 0 84
0 6 17 19
0 7 23 18
1 2 84 0
3 8 26 18
3 9 16 17
4 8 17 23
5 9 22 17
6 9 22 17
(227, 213)

Arvore 647
0 2 0 84
0 6 17 19
0 7 23 18
1 2 84 0
1 9 18 22
3 8 26 18
3 9 16 17
4 9 18 20
5 9 22 17
(224, 215)

Arvore 648
0 2 0 84
0 6 17 19
0 7 23 18
1 2 84 0
3 8 26 18
3 9 16 17
4 9 18 20
5 9 22 17
6 9 22 17
(228, 210)

Arvore 649
0 2 0 84
0 7 23 18
1 2 84 0
1 5 16 26
1 6 22 17
1 8 20 19
3 9 16 17
4 8 17 23
4 9 18 20
(216, 224)

Arvore 650
0 2 0 84
1 2 84 0
1 5 16 26
1 6 22 17
1 7 21 22
1 8 20 19
3 9 16 17
4 8 17 23
4 9 18 20
(214, 228)

Arvore 651
0 2 0 84
0 7 23 18
1 2 84 0
1 5 16 26
1 6 22 17
1 8 20 19
3 9 16 17
4 8 17 23
5 9 22 17
(220, 221)

Arvore 652
0 2 0 84
1 2 84 0
1 5 16 26
1 6 22 17
1 7 21 22
1 8 20 19
3 9 16 17
4 8 17 23
5 9 22 17
(218, 225)

Arvore 653
0 2 0 84
0 7 23 18
1 2 84 0
1 5 16 26
1 6 22 17
1 8 20 19
3 9 16 17
4 8 17 23
6 9 22 17
(220, 221)

Arvore 654
0 2 0 84
1 2 84 0
1 5 16 26
1 6 22 17
1 7 21 22
1 8 20 19
3 9 16 17
4 8 17 23
6 9 22 17
(218, 225)

Arvore 655
0 2 0 84
0 4 21 21
0 7 23 18
1 2 84 0
1 5 16 26
1 6 22 17
1 8 20 19
3 9 16 17
4 9 18 20
(220, 222)

Arvore 656
0 2 0 84
0 4 21 21
1 2 84 0
1 5 16 26
1 6 22 17
1 7 21 22
1 8 20 19
3 9 16 17
4 9 18 20
(218, 226)

Arvore 657
0 2 0 84
0 7 23 18
1 2 84 0
1 5 16 26
1 6 22 17
1 8 20 19
1 9 18 22
3 9 16 17
4 9 18 20
(217, 223)

Arvore 658
0 2 0 84
1 2 84 0
1 5 16 26
1 6 22 17
1 7 21 22
1 8 20 19
1 9 18 22
3 9 16 17
4 9 18 20
(215, 227)

Arvore 659
0 2 0 84
0 7 23 18
1 2 84 0
1 5 16 26
1 6 22 17
1 8 20 19
3 9 16 17
4 9 18 20
5 9 22 17
(221, 218)

Arvore 660
0 2 0 84
1 2 84 0
1 5 16 26
1 6 22 17
1 7 21 22
1 8 20 19
3 9 16 17
4 9 18 20
5 9 22 17
(219, 222)

Arvore 661
0 2 0 84
0 7 23 18
1 2 84 0
1 5 16 26
1 6 22 17
1 8 20 19
3 9 16 17
4 9 18 20
6 9 22 17
(221, 218)

Arvore 662
0 2 0 84
1 2 84 0
1 5 16 26
1 6 22 17
1 7 21 22
1 8 20 19
3 9 16 17
4 9 18 20
6 9 22 17
(219, 222)

Arvore 663
0 2 0 84
0 7 23 18
1 2 84 0
1 5 16 26
1 6 22 17
1 9 18 22
3 9 16 17
4 8 17 23
4 9 18 20
(214, 227)

Arvore 664
0 2 0 84
1 2 84 0
1 5 16 26
1 6 22 17
1 7 21 22
1 9 18 22
3 9 16 17
4 8 17 23
4 9 18 20
(212, 231)

Arvore 665
0 2 0 84
0 7 23 18
1 2 84 0
1 5 16 26
1 6 22 17
3 9 16 17
4 8 17 23
4 9 18 20
5 9 22 17
(218, 222)

Arvore 666
0 2 0 84
1 2 84 0
1 5 16 26
1 6 22 17
1 7 21 22
3 9 16 17
4 8 17 23
4 9 18 20
5 9 22 17
(216, 226)

Arvore 667
0 2 0 84
0 7 23 18
1 2 84 0
1 5 16 26
1 6 22 17
3 9 16 17
4 8 17 23
4 9 18 20
6 9 22 17
(218, 222)

Arvore 668
0 2 0 84
1 2 84 0
1 5 16 26
1 6 22 17
1 7 21 22
3 9 16 17
4 8 17 23
4 9 18 20
6 9 22 17
(216, 226)

Arvore 669
0 2 0 84
0 7 23 18
1 2 84 0
1 5 16 26
1 6 22 17
3 8 26 18
3 9 16 17
4 8 17 23
5 9 22 17
(226, 220)

Arvore 670
0 2 0 84
0 7 23 18
1 2 84 0
1 5 16 26
1 6 22 17
3 8 26 18
3 9 16 17
4 8 17 23
6 9 22 17
(226, 220)

Arvore 671
0 2 0 84
0 7 23 18
1 2 84 0
1 5 16 26
1 6 22 17
1 9 18 22
3 8 26 18
3 9 16 17
4 9 18 20
(223, 222)

Arvore 672
0 2 0 84
0 7 23 18
1 2 84 0
1 5 16 26
1 6 22 17
3 8 26 18
3 9 16 17
4 9 18 20
5 9 22 17
(227, 217)

Arvore 673
0 2 0 84
0 7 23 18
1 2 84 0
1 5 16 26
1 6 22 17
3 8 26 18
3 9 16 17
4 9 18 20
6 9 22 17
(227, 217)

Arvore 674
0 2 0 84
0 7 23 18
1 2 84 0
1 5 16 26
1 8 20 19
3 9 16 17
4 8 17 23
5 9 22 17
6 9 22 17
(220, 221)

Arvore 675
0 2 0 84
0 7 23 18
1 2 84 0
1 5 16 26
1 8 20 19
3 9 16 17
4 9 18 20
5 9 22 17
6 9 22 17
(221, 218)

Arvore 676
0 2 0 84
0 7 23 18
1 2 84 0
1 5 16 26
3 8 26 18
3 9 16 17
4 8 17 23
5 9 22 17
6 9 22 17
(226, 220)

Arvore 677
0 2 0 84
0 7 23 18
1 2 84 0
1 5 16 26
3 8 26 18
3 9 16 17
4 9 18 20
5 9 22 17
6 9 22 17
(227, 217)

Arvore 678
0 2 0 84
0 7 23 18
1 2 84 0
1 5 16 26
3 9 16 17
4 8 17 23
4 9 18 20
5 9 22 17
6 9 22 17
(218, 222)

Arvore 679
0 2 0 84
1 2 84 0
1 5 16 26
1 7 21 22
1 8 20 19
3 9 16 17
4 8 17 23
5 9 22 17
6 9 22 17
(218, 225)

Arvore 680
0 2 0 84
1 2 84 0
1 5 16 26
1 7 21 22
1 8 20 19
3 9 16 17
4 9 18 20
5 9 22 17
6 9 22 17
(219, 222)

Arvore 681
0 2 0 84
1 2 84 0
1 5 16 26
1 7 21 22
3 9 16 17
4 8 17 23
4 9 18 20
5 9 22 17
6 9 22 17
(216, 226)

Arvore 682
0 2 0 84
0 7 23 18
1 2 84 0
1 6 22 17
1 8 20 19
3 5 20 22
3 9 16 17
4 8 17 23
4 9 18 20
(220, 220)

Arvore 683
0 2 0 84
1 2 84 0
1 6 22 17
1 7 21 22
1 8 20 19
3 5 20 22
3 9 16 17
4 8 17 23
4 9 18 20
(218, 224)

Arvore 684
0 2 0 84
0 7 23 18
1 2 84 0
1 6 22 17
1 8 20 19
3 9 16 17
4 8 17 23
4 9 18 20
5 9 22 17
(222, 215)

Arvore 685
0 2 0 84
1 2 84 0
1 6 22 17
1 7 21 22
1 8 20 19
3 9 16 17
4 8 17 23
4 9 18 20
5 9 22 17
(220, 219)

Arvore 686
0 2 0 84
0 7 23 18
1 2 84 0
1 6 22 17
1 8 20 19
3 9 16 17
4 8 17 23
5 9 22 17
6 9 22 17
(226, 212)

Arvore 687
0 2 0 84
1 2 84 0
1 6 22 17
1 7 21 22
1 8 20 19
3 9 16 17
4 8 17 23
5 9 22 17
6 9 22 17
(224, 216)

Arvore 688
0 2 0 84
0 7 23 18
1 2 84 0
1 6 22 17
1 8 20 19
3 5 20 22
3 9 16 17
4 8 17 23
6 9 22 17
(224, 217)

Arvore 689
0 2 0 84
1 2 84 0
1 6 22 17
1 7 21 22
1 8 20 19
3 5 20 22
3 9 16 17
4 8 17 23
6 9 22 17
(222, 221)

Arvore 690
0 2 0 84
0 4 21 21
0 7 23 18
1 2 84 0
1 6 22 17
1 8 20 19
3 5 20 22
3 9 16 17
4 9 18 20
(224, 218)

Arvore 691
0 2 0 84
0 4 21 21
1 2 84 0
1 6 22 17
1 7 21 22
1 8 20 19
3 5 20 22
3 9 16 17
4 9 18 20
(222, 222)

Arvore 692
0 2 0 84
0 4 21 21
0 7 23 18
1 2 84 0
1 6 22 17
1 8 20 19
3 9 16 17
4 9 18 20
5 9 22 17
(226, 213)

Arvore 693
0 2 0 84
0 4 21 21
1 2 84 0
1 6 22 17
1 7 21 22
1 8 20 19
3 9 16 17
4 9 18 20
5 9 22 17
(224, 217)

Arvore 694
0 2 0 84
0 7 23 18
1 2 84 0
1 6 22 17
1 8 20 19
1 9 18 22
3 5 20 22
3 9 16 17
4 9 18 20
(221, 219)

Arvore 695
0 2 0 84
1 2 84 0
1 6 22 17
1 7 21 22
1 8 20 19
1 9 18 22
3 5 20 22
3 9 16 17
4 9 18 20
(219, 223)

Arvore 696
0 2 0 84
0 7 23 18
1 2 84 0
1 6 22 17
1 8 20 19
1 9 18 22
3 9 16 17
4 9 18 20
5 9 22 17
(223, 214)

Arvore 697
0 2 0 84
1 2 84 0
1 6 22 17
1 7 21 22
1 8 20 19
1 9 18 22
3 9 16 17
4 9 18 20
5 9 22 17
(221, 218)

Arvore 698
0 2 0 84
0 7 23 18
1 2 84 0
1 6 22 17
1 8 20 19
3 9 16 17
4 9 18 20
5 9 22 17
6 9 22 17
(227, 209)

Arvore 699
0 2 0 84
1 2 84 0
1 6 22 17
1 7 21 22
1 8 20 19
3 9 16 17
4 9 18 20
5 9 22 17
6 9 22 17
(225, 213)

Arvore 700
0 2 0 84
0 7 23 18
1 2 84 0
1 6 22 17
1 8 20 19
3 5 20 22
3 9 16 17
4 9 18 20
6 9 22 17
(225, 214)

Arvore 701
0 2 0 84
1 2 84 0
1 6 22 17
1 7 21 22
1 8 20 19
3 5 20 22
3 9 16 17
4 9 18 20
6 9 22 17
(223, 218)

Arvore 702
0 2 0 84
0 7 23 18
1 2 84 0
1 6 22 17
1 9 18 22
3 5 20 22
3 9 16 17
4 8 17 23
4 9 18 20
(218, 223)

Arvore 703
0 2 0 84
1 2 84 0
1 6 22 17
1 7 21 22
1 9 18 22
3 5 20 22
3 9 16 17
4 8 17 23
4 9 18 20
(216, 227)

Arvore 704
0 2 0 84
0 7 23 18
1 2 84 0
1 6 22 17
1 9 18 22
3 9 16 17
4 8 17 23
4 9 18 20
5 9 22 17
(220, 218)

Arvore 705
0 2 0 84
1 2 84 0
1 6 22 17
1 7 21 22
1 9 18 22
3 9 16 17
4 8 17 23
4 9 18 20
5 9 22 17
(218, 222)

Arvore 706
0 2 0 84
0 7 23 18
1 2 84 0
1 6 22 17
3 9 16 17
4 8 17 23
4 9 18 20
5 9 22 17
6 9 22 17
(224, 213)

Arvore 707
0 2 0 84
1 2 84 0
1 6 22 17
1 7 21 22
3 9 16 17
4 8 17 23
4 9 18 20
5 9 22 17
6 9 22 17
(222, 217)

Arvore 708
0 2 0 84
0 7 23 18
1 2 84 0
1 6 22 17
3 5 20 22
3 9 16 17
4 8 17 23
4 9 18 20
6 9 22 17
(222, 218)

Arvore 709
0 2 0 84
1 2 84 0
1 6 22 17
1 7 21 22
3 5 20 22
3 9 16 17
4 8 17 23
4 9 18 20
6 9 22 17
(220, 222)

Arvore 710
0 2 0 84
0 7 23 18
1 2 84 0
1 6 22 17
3 8 26 18
3 9 16 17
4 8 17 23
5 9 22 17
6 9 22 17
(232, 211)

Arvore 711
0 2 0 84
0 7 23 18
1 2 84 0
1 6 22 17
1 9 18 22
3 8 26 18
3 9 16 17
4 9 18 20
5 9 22 17
(229, 213)

Arvore 712
0 2 0 84
0 7 23 18
1 2 84 0
1 6 22 17
3 8 26 18
3 9 16 17
4 9 18 20
5 9 22 17
6 9 22 17
(233, 208)

