1096
10.96
Arvore 1
0 1 13 13
0 2 0 87
0 6 14 17
1 8 19 13
2 4 13 14
2 7 16 14
3 5 15 14
3 7 16 13
3 9 16 14
(122, 199)

Arvore 2
0 1 13 13
0 2 0 87
0 6 14 17
1 8 19 13
2 4 13 14
2 7 16 14
3 5 15 14
3 7 16 13
6 9 13 19
(119, 204)

Arvore 3
0 1 13 13
0 2 0 87
0 6 14 17
1 8 19 13
2 4 13 14
3 5 15 14
3 7 16 13
3 9 16 14
6 9 13 19
(119, 204)

Arvore 4
0 1 13 13
0 2 0 87
0 6 14 17
1 8 19 13
2 4 13 14
3 5 15 14
3 7 16 13
3 8 15 19
6 9 13 19
(118, 209)

Arvore 5
0 1 13 13
0 2 0 87
0 6 14 17
2 4 13 14
2 7 16 14
3 5 15 14
3 7 16 13
3 8 15 19
3 9 16 14
(118, 205)

Arvore 6
0 1 13 13
0 2 0 87
0 6 14 17
2 4 13 14
2 7 16 14
3 5 15 14
3 7 16 13
3 9 16 14
4 8 16 16
(119, 202)

Arvore 7
0 1 13 13
0 2 0 87
0 6 14 17
2 4 13 14
2 7 16 14
3 5 15 14
3 7 16 13
3 9 16 14
6 8 17 14
(120, 200)

Arvore 8
0 1 13 13
0 2 0 87
0 6 14 17
2 4 13 14
2 7 16 14
3 5 15 14
3 7 16 13
3 8 15 19
6 9 13 19
(115, 210)

Arvore 9
0 1 13 13
0 2 0 87
0 6 14 17
2 4 13 14
2 7 16 14
3 5 15 14
3 7 16 13
4 8 16 16
6 9 13 19
(116, 207)

Arvore 10
0 1 13 13
0 2 0 87
0 6 14 17
2 4 13 14
2 7 16 14
3 5 15 14
3 7 16 13
6 8 17 14
6 9 13 19
(117, 205)

Arvore 11
0 1 13 13
0 2 0 87
0 6 14 17
2 4 13 14
3 5 15 14
3 7 16 13
3 8 15 19
3 9 16 14
6 9 13 19
(115, 210)

Arvore 12
0 1 13 13
0 2 0 87
0 6 14 17
2 4 13 14
3 5 15 14
3 7 16 13
3 9 16 14
4 8 16 16
6 9 13 19
(116, 207)

Arvore 13
0 1 13 13
0 2 0 87
0 6 14 17
2 4 13 14
3 5 15 14
3 7 16 13
3 9 16 14
6 8 17 14
6 9 13 19
(117, 205)

Arvore 14
0 1 13 13
0 2 0 87
1 8 19 13
2 4 13 14
2 6 15 14
2 7 16 14
3 5 15 14
3 7 16 13
3 9 16 14
(123, 196)

Arvore 15
0 1 13 13
0 2 0 87
1 8 19 13
2 4 13 14
2 6 15 14
2 7 16 14
3 5 15 14
3 7 16 13
6 9 13 19
(120, 201)

Arvore 16
0 1 13 13
0 2 0 87
1 8 19 13
2 4 13 14
2 6 15 14
3 5 15 14
3 7 16 13
3 9 16 14
6 9 13 19
(120, 201)

Arvore 17
0 1 13 13
0 2 0 87
1 8 19 13
2 4 13 14
2 6 15 14
3 5 15 14
3 7 16 13
3 8 15 19
6 9 13 19
(119, 206)

Arvore 18
0 1 13 13
0 2 0 87
2 4 13 14
2 6 15 14
2 7 16 14
3 5 15 14
3 7 16 13
3 8 15 19
3 9 16 14
(119, 202)

Arvore 19
0 1 13 13
0 2 0 87
2 4 13 14
2 6 15 14
2 7 16 14
3 5 15 14
3 7 16 13
3 9 16 14
4 8 16 16
(120, 199)

Arvore 20
0 1 13 13
0 2 0 87
2 4 13 14
2 6 15 14
2 7 16 14
3 5 15 14
3 7 16 13
3 9 16 14
6 8 17 14
(121, 197)

Arvore 21
0 1 13 13
0 2 0 87
2 4 13 14
2 6 15 14
2 7 16 14
3 5 15 14
3 7 16 13
3 8 15 19
6 9 13 19
(116, 207)

Arvore 22
0 1 13 13
0 2 0 87
2 4 13 14
2 6 15 14
2 7 16 14
3 5 15 14
3 7 16 13
4 8 16 16
6 9 13 19
(117, 204)

Arvore 23
0 1 13 13
0 2 0 87
2 4 13 14
2 6 15 14
2 7 16 14
3 5 15 14
3 7 16 13
6 8 17 14
6 9 13 19
(118, 202)

Arvore 24
0 1 13 13
0 2 0 87
2 4 13 14
2 6 15 14
3 5 15 14
3 7 16 13
3 8 15 19
3 9 16 14
6 9 13 19
(116, 207)

Arvore 25
0 1 13 13
0 2 0 87
2 4 13 14
2 6 15 14
3 5 15 14
3 7 16 13
3 9 16 14
4 8 16 16
6 9 13 19
(117, 204)

Arvore 26
0 1 13 13
0 2 0 87
2 4 13 14
2 6 15 14
3 5 15 14
3 7 16 13
3 9 16 14
6 8 17 14
6 9 13 19
(118, 202)

Arvore 27
0 1 13 13
0 6 14 17
1 2 87 0
1 8 19 13
2 4 13 14
2 7 16 14
3 5 15 14
3 7 16 13
3 9 16 14
(209, 112)

Arvore 28
0 1 13 13
0 6 14 17
1 2 87 0
1 8 19 13
2 4 13 14
2 7 16 14
3 5 15 14
3 7 16 13
6 9 13 19
(206, 117)

Arvore 29
0 1 13 13
0 6 14 17
1 2 87 0
1 8 19 13
2 4 13 14
3 5 15 14
3 7 16 13
3 9 16 14
6 9 13 19
(206, 117)

Arvore 30
0 1 13 13
0 6 14 17
1 2 87 0
1 8 19 13
2 4 13 14
3 5 15 14
3 7 16 13
3 8 15 19
6 9 13 19
(205, 122)

Arvore 31
0 1 13 13
0 6 14 17
1 2 87 0
2 4 13 14
2 7 16 14
3 5 15 14
3 7 16 13
3 8 15 19
3 9 16 14
(205, 118)

Arvore 32
0 1 13 13
0 6 14 17
1 2 87 0
2 4 13 14
2 7 16 14
3 5 15 14
3 7 16 13
3 9 16 14
4 8 16 16
(206, 115)

Arvore 33
0 1 13 13
0 6 14 17
1 2 87 0
2 4 13 14
2 7 16 14
3 5 15 14
3 7 16 13
3 9 16 14
6 8 17 14
(207, 113)

Arvore 34
0 1 13 13
0 6 14 17
1 2 87 0
2 4 13 14
2 7 16 14
3 5 15 14
3 7 16 13
3 8 15 19
6 9 13 19
(202, 123)

Arvore 35
0 1 13 13
0 6 14 17
1 2 87 0
2 4 13 14
2 7 16 14
3 5 15 14
3 7 16 13
4 8 16 16
6 9 13 19
(203, 120)

Arvore 36
0 1 13 13
0 6 14 17
1 2 87 0
2 4 13 14
2 7 16 14
3 5 15 14
3 7 16 13
6 8 17 14
6 9 13 19
(204, 118)

Arvore 37
0 1 13 13
0 6 14 17
1 2 87 0
2 4 13 14
3 5 15 14
3 7 16 13
3 8 15 19
3 9 16 14
6 9 13 19
(202, 123)

Arvore 38
0 1 13 13
0 6 14 17
1 2 87 0
2 4 13 14
3 5 15 14
3 7 16 13
3 9 16 14
4 8 16 16
6 9 13 19
(203, 120)

Arvore 39
0 1 13 13
0 6 14 17
1 2 87 0
2 4 13 14
3 5 15 14
3 7 16 13
3 9 16 14
6 8 17 14
6 9 13 19
(204, 118)

Arvore 40
0 1 13 13
1 2 87 0
1 8 19 13
2 4 13 14
2 6 15 14
2 7 16 14
3 5 15 14
3 7 16 13
3 9 16 14
(210, 109)

Arvore 41
0 1 13 13
1 2 87 0
1 8 19 13
2 4 13 14
2 6 15 14
2 7 16 14
3 5 15 14
3 7 16 13
6 9 13 19
(207, 114)

Arvore 42
0 1 13 13
1 2 87 0
1 8 19 13
2 4 13 14
2 6 15 14
3 5 15 14
3 7 16 13
3 9 16 14
6 9 13 19
(207, 114)

Arvore 43
0 1 13 13
1 2 87 0
1 8 19 13
2 4 13 14
2 6 15 14
3 5 15 14
3 7 16 13
3 8 15 19
6 9 13 19
(206, 119)

Arvore 44
0 1 13 13
1 2 87 0
2 4 13 14
2 6 15 14
2 7 16 14
3 5 15 14
3 7 16 13
3 8 15 19
3 9 16 14
(206, 115)

Arvore 45
0 1 13 13
1 2 87 0
2 4 13 14
2 6 15 14
2 7 16 14
3 5 15 14
3 7 16 13
3 9 16 14
4 8 16 16
(207, 112)

Arvore 46
0 1 13 13
1 2 87 0
2 4 13 14
2 6 15 14
2 7 16 14
3 5 15 14
3 7 16 13
3 9 16 14
6 8 17 14
(208, 110)

Arvore 47
0 1 13 13
1 2 87 0
2 4 13 14
2 6 15 14
2 7 16 14
3 5 15 14
3 7 16 13
3 8 15 19
6 9 13 19
(203, 120)

Arvore 48
0 1 13 13
1 2 87 0
2 4 13 14
2 6 15 14
2 7 16 14
3 5 15 14
3 7 16 13
4 8 16 16
6 9 13 19
(204, 117)

Arvore 49
0 1 13 13
1 2 87 0
2 4 13 14
2 6 15 14
2 7 16 14
3 5 15 14
3 7 16 13
6 8 17 14
6 9 13 19
(205, 115)

Arvore 50
0 1 13 13
1 2 87 0
2 4 13 14
2 6 15 14
3 5 15 14
3 7 16 13
3 8 15 19
3 9 16 14
6 9 13 19
(203, 120)

Arvore 51
0 1 13 13
1 2 87 0
2 4 13 14
2 6 15 14
3 5 15 14
3 7 16 13
3 9 16 14
4 8 16 16
6 9 13 19
(204, 117)

Arvore 52
0 1 13 13
1 2 87 0
2 4 13 14
2 6 15 14
3 5 15 14
3 7 16 13
3 9 16 14
6 8 17 14
6 9 13 19
(205, 115)

Arvore 53
0 1 13 13
0 6 14 17
1 8 19 13
2 4 13 14
2 6 15 14
2 7 16 14
3 5 15 14
3 7 16 13
3 9 16 14
(137, 126)

Arvore 54
0 1 13 13
0 6 14 17
1 8 19 13
2 4 13 14
2 6 15 14
2 7 16 14
3 5 15 14
3 7 16 13
6 9 13 19
(134, 131)

Arvore 55
0 1 13 13
0 6 14 17
1 8 19 13
2 4 13 14
2 6 15 14
3 5 15 14
3 7 16 13
3 9 16 14
6 9 13 19
(134, 131)

Arvore 56
0 1 13 13
0 6 14 17
1 8 19 13
2 4 13 14
2 6 15 14
3 5 15 14
3 7 16 13
3 8 15 19
6 9 13 19
(133, 136)

Arvore 57
0 1 13 13
0 6 14 17
2 4 13 14
2 6 15 14
2 7 16 14
3 5 15 14
3 7 16 13
3 8 15 19
3 9 16 14
(133, 132)

Arvore 58
0 1 13 13
0 6 14 17
2 4 13 14
2 6 15 14
2 7 16 14
3 5 15 14
3 7 16 13
3 9 16 14
4 8 16 16
(134, 129)

Arvore 59
0 1 13 13
0 6 14 17
2 4 13 14
2 6 15 14
2 7 16 14
3 5 15 14
3 7 16 13
3 9 16 14
6 8 17 14
(135, 127)

Arvore 60
0 1 13 13
0 6 14 17
2 4 13 14
2 6 15 14
2 7 16 14
3 5 15 14
3 7 16 13
3 8 15 19
6 9 13 19
(130, 137)

Arvore 61
0 1 13 13
0 6 14 17
2 4 13 14
2 6 15 14
2 7 16 14
3 5 15 14
3 7 16 13
4 8 16 16
6 9 13 19
(131, 134)

Arvore 62
0 1 13 13
0 6 14 17
2 4 13 14
2 6 15 14
2 7 16 14
3 5 15 14
3 7 16 13
6 8 17 14
6 9 13 19
(132, 132)

Arvore 63
0 1 13 13
0 6 14 17
2 4 13 14
2 6 15 14
3 5 15 14
3 7 16 13
3 8 15 19
3 9 16 14
6 9 13 19
(130, 137)

Arvore 64
0 1 13 13
0 6 14 17
2 4 13 14
2 6 15 14
3 5 15 14
3 7 16 13
3 9 16 14
4 8 16 16
6 9 13 19
(131, 134)

Arvore 65
0 1 13 13
0 6 14 17
2 4 13 14
2 6 15 14
3 5 15 14
3 7 16 13
3 9 16 14
6 8 17 14
6 9 13 19
(132, 132)

Arvore 66
0 1 13 13
1 8 19 13
2 4 13 14
2 6 15 14
2 7 16 14
3 5 15 14
3 7 16 13
3 9 16 14
4 8 16 16
(139, 125)

Arvore 67
0 1 13 13
1 8 19 13
2 4 13 14
2 6 15 14
2 7 16 14
3 5 15 14
3 7 16 13
3 9 16 14
6 8 17 14
(140, 123)

Arvore 68
0 1 13 13
1 8 19 13
2 4 13 14
2 6 15 14
2 7 16 14
3 5 15 14
3 7 16 13
4 8 16 16
6 9 13 19
(136, 130)

Arvore 69
0 1 13 13
1 8 19 13
2 4 13 14
2 6 15 14
2 7 16 14
3 5 15 14
3 7 16 13
6 8 17 14
6 9 13 19
(137, 128)

Arvore 70
0 1 13 13
1 8 19 13
2 4 13 14
2 6 15 14
3 5 15 14
3 7 16 13
3 9 16 14
4 8 16 16
6 9 13 19
(136, 130)

Arvore 71
0 1 13 13
1 8 19 13
2 4 13 14
2 6 15 14
3 5 15 14
3 7 16 13
3 9 16 14
6 8 17 14
6 9 13 19
(137, 128)

Arvore 72
0 1 13 13
0 5 18 16
2 4 13 14
2 6 15 14
2 7 16 14
3 5 15 14
3 7 16 13
3 9 16 14
4 8 16 16
(138, 128)

Arvore 73
0 1 13 13
0 5 18 16
2 4 13 14
2 6 15 14
2 7 16 14
3 5 15 14
3 7 16 13
3 9 16 14
6 8 17 14
(139, 126)

Arvore 74
0 1 13 13
0 5 18 16
2 4 13 14
2 6 15 14
2 7 16 14
3 5 15 14
3 7 16 13
4 8 16 16
6 9 13 19
(135, 133)

Arvore 75
0 1 13 13
0 5 18 16
2 4 13 14
2 6 15 14
2 7 16 14
3 5 15 14
3 7 16 13
6 8 17 14
6 9 13 19
(136, 131)

Arvore 76
0 1 13 13
0 5 18 16
2 4 13 14
2 6 15 14
3 5 15 14
3 7 16 13
3 9 16 14
4 8 16 16
6 9 13 19
(135, 133)

Arvore 77
0 1 13 13
0 5 18 16
2 4 13 14
2 6 15 14
3 5 15 14
3 7 16 13
3 9 16 14
6 8 17 14
6 9 13 19
(136, 131)

Arvore 78
0 2 0 87
0 6 14 17
1 2 87 0
1 8 19 13
2 4 13 14
2 7 16 14
3 5 15 14
3 7 16 13
3 9 16 14
(196, 186)

Arvore 79
0 2 0 87
0 6 14 17
1 2 87 0
1 8 19 13
2 4 13 14
2 7 16 14
3 5 15 14
3 7 16 13
6 9 13 19
(193, 191)

Arvore 80
0 2 0 87
0 6 14 17
1 2 87 0
1 8 19 13
2 4 13 14
3 5 15 14
3 7 16 13
3 9 16 14
6 9 13 19
(193, 191)

Arvore 81
0 2 0 87
0 6 14 17
1 2 87 0
1 8 19 13
2 4 13 14
3 5 15 14
3 7 16 13
3 8 15 19
6 9 13 19
(192, 196)

Arvore 82
0 2 0 87
0 6 14 17
1 2 87 0
2 4 13 14
2 7 16 14
3 5 15 14
3 7 16 13
3 8 15 19
3 9 16 14
(192, 192)

Arvore 83
0 2 0 87
0 6 14 17
1 2 87 0
2 4 13 14
2 7 16 14
3 5 15 14
3 7 16 13
3 9 16 14
4 8 16 16
(193, 189)

Arvore 84
0 2 0 87
0 6 14 17
1 2 87 0
2 4 13 14
2 7 16 14
3 5 15 14
3 7 16 13
3 9 16 14
6 8 17 14
(194, 187)

Arvore 85
0 2 0 87
0 6 14 17
1 2 87 0
2 4 13 14
2 7 16 14
3 5 15 14
3 7 16 13
3 8 15 19
6 9 13 19
(189, 197)

Arvore 86
0 2 0 87
0 6 14 17
1 2 87 0
2 4 13 14
2 7 16 14
3 5 15 14
3 7 16 13
4 8 16 16
6 9 13 19
(190, 194)

Arvore 87
0 2 0 87
0 6 14 17
1 2 87 0
2 4 13 14
2 7 16 14
3 5 15 14
3 7 16 13
6 8 17 14
6 9 13 19
(191, 192)

Arvore 88
0 2 0 87
0 6 14 17
1 2 87 0
2 4 13 14
3 5 15 14
3 7 16 13
3 8 15 19
3 9 16 14
6 9 13 19
(189, 197)

Arvore 89
0 2 0 87
0 6 14 17
1 2 87 0
2 4 13 14
3 5 15 14
3 7 16 13
3 9 16 14
4 8 16 16
6 9 13 19
(190, 194)

Arvore 90
0 2 0 87
0 6 14 17
1 2 87 0
2 4 13 14
3 5 15 14
3 7 16 13
3 9 16 14
6 8 17 14
6 9 13 19
(191, 192)

Arvore 91
0 2 0 87
1 2 87 0
1 8 19 13
2 4 13 14
2 6 15 14
2 7 16 14
3 5 15 14
3 7 16 13
3 9 16 14
(197, 183)

Arvore 92
0 2 0 87
1 2 87 0
1 8 19 13
2 4 13 14
2 6 15 14
2 7 16 14
3 5 15 14
3 7 16 13
6 9 13 19
(194, 188)

Arvore 93
0 2 0 87
1 2 87 0
1 8 19 13
2 4 13 14
2 6 15 14
3 5 15 14
3 7 16 13
3 9 16 14
6 9 13 19
(194, 188)

Arvore 94
0 2 0 87
1 2 87 0
1 8 19 13
2 4 13 14
2 6 15 14
3 5 15 14
3 7 16 13
3 8 15 19
6 9 13 19
(193, 193)

Arvore 95
0 2 0 87
1 2 87 0
2 4 13 14
2 6 15 14
2 7 16 14
3 5 15 14
3 7 16 13
3 8 15 19
3 9 16 14
(193, 189)

Arvore 96
0 2 0 87
1 2 87 0
2 4 13 14
2 6 15 14
2 7 16 14
3 5 15 14
3 7 16 13
3 9 16 14
4 8 16 16
(194, 186)

Arvore 97
0 2 0 87
1 2 87 0
2 4 13 14
2 6 15 14
2 7 16 14
3 5 15 14
3 7 16 13
3 9 16 14
6 8 17 14
(195, 184)

Arvore 98
0 2 0 87
1 2 87 0
2 4 13 14
2 6 15 14
2 7 16 14
3 5 15 14
3 7 16 13
3 8 15 19
6 9 13 19
(190, 194)

Arvore 99
0 2 0 87
1 2 87 0
2 4 13 14
2 6 15 14
2 7 16 14
3 5 15 14
3 7 16 13
4 8 16 16
6 9 13 19
(191, 191)

Arvore 100
0 2 0 87
1 2 87 0
2 4 13 14
2 6 15 14
2 7 16 14
3 5 15 14
3 7 16 13
6 8 17 14
6 9 13 19
(192, 189)

Arvore 101
0 2 0 87
1 2 87 0
2 4 13 14
2 6 15 14
3 5 15 14
3 7 16 13
3 8 15 19
3 9 16 14
6 9 13 19
(190, 194)

Arvore 102
0 2 0 87
1 2 87 0
2 4 13 14
2 6 15 14
3 5 15 14
3 7 16 13
3 9 16 14
4 8 16 16
6 9 13 19
(191, 191)

Arvore 103
0 2 0 87
1 2 87 0
2 4 13 14
2 6 15 14
3 5 15 14
3 7 16 13
3 9 16 14
6 8 17 14
6 9 13 19
(192, 189)

