6977
69.77
Arvore 1
0 1 6 6
0 2 0 94
0 4 6 13
0 6 10 12
0 8 10 7
1 9 9 6
2 11 6 8
3 5 6 13
3 10 6 7
7 10 9 6
7 11 8 8
(76, 180)

Arvore 2
0 1 6 6
0 2 0 94
0 4 6 13
0 8 10 7
1 9 9 6
2 11 6 8
3 5 6 13
3 10 6 7
6 8 14 10
7 10 9 6
7 11 8 8
(80, 178)

Arvore 3
0 1 6 6
0 2 0 94
0 4 6 13
0 8 10 7
1 9 9 6
2 11 6 8
3 5 6 13
3 10 6 7
6 9 9 13
7 10 9 6
7 11 8 8
(75, 181)

Arvore 4
0 1 6 6
0 2 0 94
0 4 6 13
0 8 10 7
1 9 9 6
2 11 6 8
3 5 6 13
3 10 6 7
6 10 14 10
7 10 9 6
7 11 8 8
(80, 178)

Arvore 5
0 1 6 6
0 2 0 94
0 4 6 13
0 6 10 12
1 9 9 6
2 11 6 8
3 5 6 13
3 10 6 7
4 8 8 13
7 10 9 6
7 11 8 8
(74, 186)

Arvore 6
0 1 6 6
0 2 0 94
0 4 6 13
1 9 9 6
2 11 6 8
3 5 6 13
3 10 6 7
4 8 8 13
6 8 14 10
7 10 9 6
7 11 8 8
(78, 184)

Arvore 7
0 1 6 6
0 2 0 94
0 4 6 13
1 9 9 6
2 11 6 8
3 5 6 13
3 10 6 7
4 8 8 13
6 9 9 13
7 10 9 6
7 11 8 8
(73, 187)

Arvore 8
0 1 6 6
0 2 0 94
0 4 6 13
1 9 9 6
2 11 6 8
3 5 6 13
3 10 6 7
4 8 8 13
6 10 14 10
7 10 9 6
7 11 8 8
(78, 184)

Arvore 9
0 1 6 6
0 2 0 94
0 4 6 13
0 6 10 12
0 8 10 7
1 9 9 6
2 11 6 8
3 5 6 13
3 9 8 12
3 10 6 7
7 11 8 8
(75, 186)

Arvore 10
0 1 6 6
0 2 0 94
0 4 6 13
0 8 10 7
1 9 9 6
2 11 6 8
3 5 6 13
3 9 8 12
3 10 6 7
6 8 14 10
7 11 8 8
(79, 184)

Arvore 11
0 1 6 6
0 2 0 94
0 4 6 13
0 8 10 7
1 9 9 6
2 11 6 8
3 5 6 13
3 9 8 12
3 10 6 7
6 9 9 13
7 11 8 8
(74, 187)

Arvore 12
0 1 6 6
0 2 0 94
0 4 6 13
0 8 10 7
1 9 9 6
2 11 6 8
3 5 6 13
3 9 8 12
3 10 6 7
6 10 14 10
7 11 8 8
(79, 184)

Arvore 13
0 1 6 6
0 2 0 94
0 4 6 13
0 6 10 12
1 9 9 6
2 11 6 8
3 5 6 13
3 9 8 12
3 10 6 7
4 8 8 13
7 11 8 8
(73, 192)

Arvore 14
0 1 6 6
0 2 0 94
0 4 6 13
1 9 9 6
2 11 6 8
3 5 6 13
3 9 8 12
3 10 6 7
4 8 8 13
6 8 14 10
7 11 8 8
(77, 190)

Arvore 15
0 1 6 6
0 2 0 94
0 4 6 13
1 9 9 6
2 11 6 8
3 5 6 13
3 9 8 12
3 10 6 7
4 8 8 13
6 9 9 13
7 11 8 8
(72, 193)

Arvore 16
0 1 6 6
0 2 0 94
0 4 6 13
1 9 9 6
2 11 6 8
3 5 6 13
3 9 8 12
3 10 6 7
4 8 8 13
6 10 14 10
7 11 8 8
(77, 190)

Arvore 17
0 1 6 6
0 2 0 94
0 4 6 13
0 6 10 12
0 8 10 7
1 5 11 10
1 9 9 6
2 11 6 8
3 10 6 7
7 10 9 6
7 11 8 8
(81, 177)

Arvore 18
0 1 6 6
0 2 0 94
0 4 6 13
0 8 10 7
1 5 11 10
1 9 9 6
2 11 6 8
3 10 6 7
6 8 14 10
7 10 9 6
7 11 8 8
(85, 175)

Arvore 19
0 1 6 6
0 2 0 94
0 4 6 13
0 8 10 7
1 5 11 10
1 9 9 6
2 11 6 8
3 10 6 7
6 9 9 13
7 10 9 6
7 11 8 8
(80, 178)

Arvore 20
0 1 6 6
0 2 0 94
0 4 6 13
0 8 10 7
1 5 11 10
1 9 9 6
2 11 6 8
3 10 6 7
6 10 14 10
7 10 9 6
7 11 8 8
(85, 175)

Arvore 21
0 1 6 6
0 2 0 94
0 4 6 13
0 6 10 12
0 8 10 7
1 5 11 10
1 9 9 6
2 11 6 8
3 9 8 12
3 10 6 7
7 11 8 8
(80, 183)

Arvore 22
0 1 6 6
0 2 0 94
0 4 6 13
0 8 10 7
1 5 11 10
1 9 9 6
2 11 6 8
3 9 8 12
3 10 6 7
6 8 14 10
7 11 8 8
(84, 181)

Arvore 23
0 1 6 6
0 2 0 94
0 4 6 13
0 8 10 7
1 5 11 10
1 9 9 6
2 11 6 8
3 9 8 12
3 10 6 7
6 9 9 13
7 11 8 8
(79, 184)

Arvore 24
0 1 6 6
0 2 0 94
0 4 6 13
0 8 10 7
1 5 11 10
1 9 9 6
2 11 6 8
3 9 8 12
3 10 6 7
6 10 14 10
7 11 8 8
(84, 181)

Arvore 25
0 1 6 6
0 2 0 94
0 6 10 12
0 8 10 7
1 4 7 8
1 9 9 6
2 11 6 8
3 5 6 13
3 10 6 7
7 10 9 6
7 11 8 8
(77, 175)

Arvore 26
0 1 6 6
0 2 0 94
0 8 10 7
1 4 7 8
1 9 9 6
2 11 6 8
3 5 6 13
3 10 6 7
6 8 14 10
7 10 9 6
7 11 8 8
(81, 173)

Arvore 27
0 1 6 6
0 2 0 94
0 8 10 7
1 4 7 8
1 9 9 6
2 11 6 8
3 5 6 13
3 10 6 7
6 9 9 13
7 10 9 6
7 11 8 8
(76, 176)

Arvore 28
0 1 6 6
0 2 0 94
0 8 10 7
1 4 7 8
1 9 9 6
2 11 6 8
3 5 6 13
3 10 6 7
6 10 14 10
7 10 9 6
7 11 8 8
(81, 173)

Arvore 29
0 1 6 6
0 2 0 94
0 6 10 12
1 4 7 8
1 9 9 6
2 11 6 8
3 5 6 13
3 10 6 7
4 8 8 13
7 10 9 6
7 11 8 8
(75, 181)

Arvore 30
0 1 6 6
0 2 0 94
1 4 7 8
1 9 9 6
2 11 6 8
3 5 6 13
3 10 6 7
4 8 8 13
6 8 14 10
7 10 9 6
7 11 8 8
(79, 179)

Arvore 31
0 1 6 6
0 2 0 94
1 4 7 8
1 9 9 6
2 11 6 8
3 5 6 13
3 10 6 7
4 8 8 13
6 9 9 13
7 10 9 6
7 11 8 8
(74, 182)

Arvore 32
0 1 6 6
0 2 0 94
1 4 7 8
1 9 9 6
2 11 6 8
3 5 6 13
3 10 6 7
4 8 8 13
6 10 14 10
7 10 9 6
7 11 8 8
(79, 179)

Arvore 33
0 1 6 6
0 2 0 94
0 6 10 12
0 8 10 7
1 4 7 8
1 9 9 6
2 11 6 8
3 5 6 13
3 9 8 12
3 10 6 7
7 11 8 8
(76, 181)

Arvore 34
0 1 6 6
0 2 0 94
0 8 10 7
1 4 7 8
1 9 9 6
2 11 6 8
3 5 6 13
3 9 8 12
3 10 6 7
6 8 14 10
7 11 8 8
(80, 179)

Arvore 35
0 1 6 6
0 2 0 94
0 8 10 7
1 4 7 8
1 9 9 6
2 11 6 8
3 5 6 13
3 9 8 12
3 10 6 7
6 9 9 13
7 11 8 8
(75, 182)

Arvore 36
0 1 6 6
0 2 0 94
0 8 10 7
1 4 7 8
1 9 9 6
2 11 6 8
3 5 6 13
3 9 8 12
3 10 6 7
6 10 14 10
7 11 8 8
(80, 179)

Arvore 37
0 1 6 6
0 2 0 94
0 6 10 12
1 4 7 8
1 9 9 6
2 11 6 8
3 5 6 13
3 9 8 12
3 10 6 7
4 8 8 13
7 11 8 8
(74, 187)

Arvore 38
0 1 6 6
0 2 0 94
1 4 7 8
1 9 9 6
2 11 6 8
3 5 6 13
3 9 8 12
3 10 6 7
4 8 8 13
6 8 14 10
7 11 8 8
(78, 185)

Arvore 39
0 1 6 6
0 2 0 94
1 4 7 8
1 9 9 6
2 11 6 8
3 5 6 13
3 9 8 12
3 10 6 7
4 8 8 13
6 9 9 13
7 11 8 8
(73, 188)

Arvore 40
0 1 6 6
0 2 0 94
1 4 7 8
1 9 9 6
2 11 6 8
3 5 6 13
3 9 8 12
3 10 6 7
4 8 8 13
6 10 14 10
7 11 8 8
(78, 185)

Arvore 41
0 1 6 6
0 2 0 94
0 6 10 12
0 8 10 7
1 4 7 8
1 5 11 10
1 9 9 6
2 11 6 8
3 10 6 7
7 10 9 6
7 11 8 8
(82, 172)

Arvore 42
0 1 6 6
0 2 0 94
0 8 10 7
1 4 7 8
1 5 11 10
1 9 9 6
2 11 6 8
3 10 6 7
6 8 14 10
7 10 9 6
7 11 8 8
(86, 170)

Arvore 43
0 1 6 6
0 2 0 94
0 8 10 7
1 4 7 8
1 5 11 10
1 9 9 6
2 11 6 8
3 10 6 7
6 9 9 13
7 10 9 6
7 11 8 8
(81, 173)

Arvore 44
0 1 6 6
0 2 0 94
0 8 10 7
1 4 7 8
1 5 11 10
1 9 9 6
2 11 6 8
3 10 6 7
6 10 14 10
7 10 9 6
7 11 8 8
(86, 170)

Arvore 45
0 1 6 6
0 2 0 94
0 6 10 12
0 8 10 7
1 4 7 8
1 5 11 10
1 9 9 6
2 11 6 8
3 9 8 12
3 10 6 7
7 11 8 8
(81, 178)

Arvore 46
0 1 6 6
0 2 0 94
0 8 10 7
1 4 7 8
1 5 11 10
1 9 9 6
2 11 6 8
3 9 8 12
3 10 6 7
6 8 14 10
7 11 8 8
(85, 176)

Arvore 47
0 1 6 6
0 2 0 94
0 8 10 7
1 4 7 8
1 5 11 10
1 9 9 6
2 11 6 8
3 9 8 12
3 10 6 7
6 9 9 13
7 11 8 8
(80, 179)

Arvore 48
0 1 6 6
0 2 0 94
0 8 10 7
1 4 7 8
1 5 11 10
1 9 9 6
2 11 6 8
3 9 8 12
3 10 6 7
6 10 14 10
7 11 8 8
(85, 176)

Arvore 49
0 1 6 6
0 2 0 94
0 4 6 13
0 6 10 12
0 8 10 7
0 9 7 12
2 11 6 8
3 5 6 13
3 10 6 7
7 10 9 6
7 11 8 8
(74, 186)

Arvore 50
0 1 6 6
0 2 0 94
0 4 6 13
0 8 10 7
0 9 7 12
2 11 6 8
3 5 6 13
3 10 6 7
6 8 14 10
7 10 9 6
7 11 8 8
(78, 184)

Arvore 51
0 1 6 6
0 2 0 94
0 4 6 13
0 8 10 7
0 9 7 12
2 11 6 8
3 5 6 13
3 10 6 7
6 9 9 13
7 10 9 6
7 11 8 8
(73, 187)

Arvore 52
0 1 6 6
0 2 0 94
0 4 6 13
0 8 10 7
0 9 7 12
2 11 6 8
3 5 6 13
3 10 6 7
6 10 14 10
7 10 9 6
7 11 8 8
(78, 184)

Arvore 53
0 1 6 6
0 2 0 94
0 4 6 13
0 6 10 12
0 9 7 12
2 11 6 8
3 5 6 13
3 10 6 7
4 8 8 13
7 10 9 6
7 11 8 8
(72, 192)

Arvore 54
0 1 6 6
0 2 0 94
0 4 6 13
0 9 7 12
2 11 6 8
3 5 6 13
3 10 6 7
4 8 8 13
6 8 14 10
7 10 9 6
7 11 8 8
(76, 190)

Arvore 55
0 1 6 6
0 2 0 94
0 4 6 13
0 9 7 12
2 11 6 8
3 5 6 13
3 10 6 7
4 8 8 13
6 9 9 13
7 10 9 6
7 11 8 8
(71, 193)

Arvore 56
0 1 6 6
0 2 0 94
0 4 6 13
0 9 7 12
2 11 6 8
3 5 6 13
3 10 6 7
4 8 8 13
6 10 14 10
7 10 9 6
7 11 8 8
(76, 190)

Arvore 57
0 1 6 6
0 2 0 94
0 4 6 13
0 6 10 12
0 8 10 7
0 9 7 12
2 11 6 8
3 5 6 13
3 9 8 12
3 10 6 7
7 11 8 8
(73, 192)

Arvore 58
0 1 6 6
0 2 0 94
0 4 6 13
0 8 10 7
0 9 7 12
2 11 6 8
3 5 6 13
3 9 8 12
3 10 6 7
6 8 14 10
7 11 8 8
(77, 190)

Arvore 59
0 1 6 6
0 2 0 94
0 4 6 13
0 8 10 7
0 9 7 12
2 11 6 8
3 5 6 13
3 9 8 12
3 10 6 7
6 9 9 13
7 11 8 8
(72, 193)

Arvore 60
0 1 6 6
0 2 0 94
0 4 6 13
0 8 10 7
0 9 7 12
2 11 6 8
3 5 6 13
3 9 8 12
3 10 6 7
6 10 14 10
7 11 8 8
(77, 190)

Arvore 61
0 1 6 6
0 2 0 94
0 4 6 13
0 6 10 12
0 9 7 12
2 11 6 8
3 5 6 13
3 9 8 12
3 10 6 7
4 8 8 13
7 11 8 8
(71, 198)

Arvore 62
0 1 6 6
0 2 0 94
0 4 6 13
0 9 7 12
2 11 6 8
3 5 6 13
3 9 8 12
3 10 6 7
4 8 8 13
6 8 14 10
7 11 8 8
(75, 196)

Arvore 63
0 1 6 6
0 2 0 94
0 4 6 13
0 9 7 12
2 11 6 8
3 5 6 13
3 9 8 12
3 10 6 7
4 8 8 13
6 9 9 13
7 11 8 8
(70, 199)

Arvore 64
0 1 6 6
0 2 0 94
0 4 6 13
0 9 7 12
2 11 6 8
3 5 6 13
3 9 8 12
3 10 6 7
4 8 8 13
6 10 14 10
7 11 8 8
(75, 196)

Arvore 65
0 1 6 6
0 2 0 94
0 4 6 13
0 6 10 12
0 8 10 7
0 9 7 12
1 5 11 10
2 11 6 8
3 10 6 7
7 10 9 6
7 11 8 8
(79, 183)

Arvore 66
0 1 6 6
0 2 0 94
0 4 6 13
0 8 10 7
0 9 7 12
1 5 11 10
2 11 6 8
3 10 6 7
6 8 14 10
7 10 9 6
7 11 8 8
(83, 181)

Arvore 67
0 1 6 6
0 2 0 94
0 4 6 13
0 8 10 7
0 9 7 12
1 5 11 10
2 11 6 8
3 10 6 7
6 9 9 13
7 10 9 6
7 11 8 8
(78, 184)

Arvore 68
0 1 6 6
0 2 0 94
0 4 6 13
0 8 10 7
0 9 7 12
1 5 11 10
2 11 6 8
3 10 6 7
6 10 14 10
7 10 9 6
7 11 8 8
(83, 181)

Arvore 69
0 1 6 6
0 2 0 94
0 4 6 13
0 6 10 12
0 8 10 7
0 9 7 12
1 5 11 10
2 11 6 8
3 9 8 12
3 10 6 7
7 11 8 8
(78, 189)

Arvore 70
0 1 6 6
0 2 0 94
0 4 6 13
0 8 10 7
0 9 7 12
1 5 11 10
2 11 6 8
3 9 8 12
3 10 6 7
6 8 14 10
7 11 8 8
(82, 187)

Arvore 71
0 1 6 6
0 2 0 94
0 4 6 13
0 8 10 7
0 9 7 12
1 5 11 10
2 11 6 8
3 9 8 12
3 10 6 7
6 9 9 13
7 11 8 8
(77, 190)

Arvore 72
0 1 6 6
0 2 0 94
0 4 6 13
0 8 10 7
0 9 7 12
1 5 11 10
2 11 6 8
3 9 8 12
3 10 6 7
6 10 14 10
7 11 8 8
(82, 187)

Arvore 73
0 1 6 6
0 2 0 94
0 6 10 12
0 8 10 7
0 9 7 12
1 4 7 8
2 11 6 8
3 5 6 13
3 10 6 7
7 10 9 6
7 11 8 8
(75, 181)

Arvore 74
0 1 6 6
0 2 0 94
0 8 10 7
0 9 7 12
1 4 7 8
2 11 6 8
3 5 6 13
3 10 6 7
6 8 14 10
7 10 9 6
7 11 8 8
(79, 179)

Arvore 75
0 1 6 6
0 2 0 94
0 8 10 7
0 9 7 12
1 4 7 8
2 11 6 8
3 5 6 13
3 10 6 7
6 9 9 13
7 10 9 6
7 11 8 8
(74, 182)

Arvore 76
0 1 6 6
0 2 0 94
0 8 10 7
0 9 7 12
1 4 7 8
2 11 6 8
3 5 6 13
3 10 6 7
6 10 14 10
7 10 9 6
7 11 8 8
(79, 179)

Arvore 77
0 1 6 6
0 2 0 94
0 6 10 12
0 9 7 12
1 4 7 8
2 11 6 8
3 5 6 13
3 10 6 7
4 8 8 13
7 10 9 6
7 11 8 8
(73, 187)

Arvore 78
0 1 6 6
0 2 0 94
0 9 7 12
1 4 7 8
2 11 6 8
3 5 6 13
3 10 6 7
4 8 8 13
6 8 14 10
7 10 9 6
7 11 8 8
(77, 185)

Arvore 79
0 1 6 6
0 2 0 94
0 9 7 12
1 4 7 8
2 11 6 8
3 5 6 13
3 10 6 7
4 8 8 13
6 9 9 13
7 10 9 6
7 11 8 8
(72, 188)

Arvore 80
0 1 6 6
0 2 0 94
0 9 7 12
1 4 7 8
2 11 6 8
3 5 6 13
3 10 6 7
4 8 8 13
6 10 14 10
7 10 9 6
7 11 8 8
(77, 185)

Arvore 81
0 1 6 6
0 2 0 94
0 6 10 12
0 8 10 7
0 9 7 12
1 4 7 8
2 11 6 8
3 5 6 13
3 9 8 12
3 10 6 7
7 11 8 8
(74, 187)

Arvore 82
0 1 6 6
0 2 0 94
0 8 10 7
0 9 7 12
1 4 7 8
2 11 6 8
3 5 6 13
3 9 8 12
3 10 6 7
6 8 14 10
7 11 8 8
(78, 185)

Arvore 83
0 1 6 6
0 2 0 94
0 8 10 7
0 9 7 12
1 4 7 8
2 11 6 8
3 5 6 13
3 9 8 12
3 10 6 7
6 9 9 13
7 11 8 8
(73, 188)

Arvore 84
0 1 6 6
0 2 0 94
0 8 10 7
0 9 7 12
1 4 7 8
2 11 6 8
3 5 6 13
3 9 8 12
3 10 6 7
6 10 14 10
7 11 8 8
(78, 185)

Arvore 85
0 1 6 6
0 2 0 94
0 6 10 12
0 9 7 12
1 4 7 8
2 11 6 8
3 5 6 13
3 9 8 12
3 10 6 7
4 8 8 13
7 11 8 8
(72, 193)

Arvore 86
0 1 6 6
0 2 0 94
0 9 7 12
1 4 7 8
2 11 6 8
3 5 6 13
3 9 8 12
3 10 6 7
4 8 8 13
6 8 14 10
7 11 8 8
(76, 191)

Arvore 87
0 1 6 6
0 2 0 94
0 9 7 12
1 4 7 8
2 11 6 8
3 5 6 13
3 9 8 12
3 10 6 7
4 8 8 13
6 9 9 13
7 11 8 8
(71, 194)

Arvore 88
0 1 6 6
0 2 0 94
0 9 7 12
1 4 7 8
2 11 6 8
3 5 6 13
3 9 8 12
3 10 6 7
4 8 8 13
6 10 14 10
7 11 8 8
(76, 191)

Arvore 89
0 1 6 6
0 2 0 94
0 6 10 12
0 8 10 7
0 9 7 12
1 4 7 8
1 5 11 10
2 11 6 8
3 10 6 7
7 10 9 6
7 11 8 8
(80, 178)

Arvore 90
0 1 6 6
0 2 0 94
0 8 10 7
0 9 7 12
1 4 7 8
1 5 11 10
2 11 6 8
3 10 6 7
6 8 14 10
7 10 9 6
7 11 8 8
(84, 176)

Arvore 91
0 1 6 6
0 2 0 94
0 8 10 7
0 9 7 12
1 4 7 8
1 5 11 10
2 11 6 8
3 10 6 7
6 9 9 13
7 10 9 6
7 11 8 8
(79, 179)

Arvore 92
0 1 6 6
0 2 0 94
0 8 10 7
0 9 7 12
1 4 7 8
1 5 11 10
2 11 6 8
3 10 6 7
6 10 14 10
7 10 9 6
7 11 8 8
(84, 176)

Arvore 93
0 1 6 6
0 2 0 94
0 6 10 12
0 8 10 7
0 9 7 12
1 4 7 8
1 5 11 10
2 11 6 8
3 9 8 12
3 10 6 7
7 11 8 8
(79, 184)

Arvore 94
0 1 6 6
0 2 0 94
0 8 10 7
0 9 7 12
1 4 7 8
1 5 11 10
2 11 6 8
3 9 8 12
3 10 6 7
6 8 14 10
7 11 8 8
(83, 182)

Arvore 95
0 1 6 6
0 2 0 94
0 8 10 7
0 9 7 12
1 4 7 8
1 5 11 10
2 11 6 8
3 9 8 12
3 10 6 7
6 9 9 13
7 11 8 8
(78, 185)

Arvore 96
0 1 6 6
0 2 0 94
0 8 10 7
0 9 7 12
1 4 7 8
1 5 11 10
2 11 6 8
3 9 8 12
3 10 6 7
6 10 14 10
7 11 8 8
(83, 182)

Arvore 97
0 1 6 6
0 4 6 13
0 6 10 12
0 8 10 7
1 2 94 0
1 9 9 6
2 11 6 8
3 5 6 13
3 10 6 7
7 10 9 6
7 11 8 8
(170, 86)

Arvore 98
0 1 6 6
0 4 6 13
0 8 10 7
1 2 94 0
1 9 9 6
2 11 6 8
3 5 6 13
3 10 6 7
6 8 14 10
7 10 9 6
7 11 8 8
(174, 84)

Arvore 99
0 1 6 6
0 4 6 13
0 8 10 7
1 2 94 0
1 9 9 6
2 11 6 8
3 5 6 13
3 10 6 7
6 9 9 13
7 10 9 6
7 11 8 8
(169, 87)

Arvore 100
0 1 6 6
0 4 6 13
0 8 10 7
1 2 94 0
1 9 9 6
2 11 6 8
3 5 6 13
3 10 6 7
6 10 14 10
7 10 9 6
7 11 8 8
(174, 84)

Arvore 101
0 1 6 6
0 4 6 13
0 6 10 12
1 2 94 0
1 9 9 6
2 11 6 8
3 5 6 13
3 10 6 7
4 8 8 13
7 10 9 6
7 11 8 8
(168, 92)

Arvore 102
0 1 6 6
0 4 6 13
1 2 94 0
1 9 9 6
2 11 6 8
3 5 6 13
3 10 6 7
4 8 8 13
6 8 14 10
7 10 9 6
7 11 8 8
(172, 90)

Arvore 103
0 1 6 6
0 4 6 13
1 2 94 0
1 9 9 6
2 11 6 8
3 5 6 13
3 10 6 7
4 8 8 13
6 9 9 13
7 10 9 6
7 11 8 8
(167, 93)

Arvore 104
0 1 6 6
0 4 6 13
1 2 94 0
1 9 9 6
2 11 6 8
3 5 6 13
3 10 6 7
4 8 8 13
6 10 14 10
7 10 9 6
7 11 8 8
(172, 90)

Arvore 105
0 1 6 6
0 4 6 13
0 6 10 12
0 8 10 7
1 2 94 0
1 9 9 6
2 11 6 8
3 5 6 13
3 9 8 12
3 10 6 7
7 11 8 8
(169, 92)

Arvore 106
0 1 6 6
0 4 6 13
0 8 10 7
1 2 94 0
1 9 9 6
2 11 6 8
3 5 6 13
3 9 8 12
3 10 6 7
6 8 14 10
7 11 8 8
(173, 90)

Arvore 107
0 1 6 6
0 4 6 13
0 8 10 7
1 2 94 0
1 9 9 6
2 11 6 8
3 5 6 13
3 9 8 12
3 10 6 7
6 9 9 13
7 11 8 8
(168, 93)

Arvore 108
0 1 6 6
0 4 6 13
0 8 10 7
1 2 94 0
1 9 9 6
2 11 6 8
3 5 6 13
3 9 8 12
3 10 6 7
6 10 14 10
7 11 8 8
(173, 90)

Arvore 109
0 1 6 6
0 4 6 13
0 6 10 12
1 2 94 0
1 9 9 6
2 11 6 8
3 5 6 13
3 9 8 12
3 10 6 7
4 8 8 13
7 11 8 8
(167, 98)

Arvore 110
0 1 6 6
0 4 6 13
1 2 94 0
1 9 9 6
2 11 6 8
3 5 6 13
3 9 8 12
3 10 6 7
4 8 8 13
6 8 14 10
7 11 8 8
(171, 96)

Arvore 111
0 1 6 6
0 4 6 13
1 2 94 0
1 9 9 6
2 11 6 8
3 5 6 13
3 9 8 12
3 10 6 7
4 8 8 13
6 9 9 13
7 11 8 8
(166, 99)

Arvore 112
0 1 6 6
0 4 6 13
1 2 94 0
1 9 9 6
2 11 6 8
3 5 6 13
3 9 8 12
3 10 6 7
4 8 8 13
6 10 14 10
7 11 8 8
(171, 96)

Arvore 113
0 1 6 6
0 4 6 13
0 6 10 12
0 8 10 7
1 2 94 0
1 5 11 10
1 9 9 6
2 11 6 8
3 10 6 7
7 10 9 6
7 11 8 8
(175, 83)

Arvore 114
0 1 6 6
0 4 6 13
0 8 10 7
1 2 94 0
1 5 11 10
1 9 9 6
2 11 6 8
3 10 6 7
6 8 14 10
7 10 9 6
7 11 8 8
(179, 81)

Arvore 115
0 1 6 6
0 4 6 13
0 8 10 7
1 2 94 0
1 5 11 10
1 9 9 6
2 11 6 8
3 10 6 7
6 9 9 13
7 10 9 6
7 11 8 8
(174, 84)

Arvore 116
0 1 6 6
0 4 6 13
0 8 10 7
1 2 94 0
1 5 11 10
1 9 9 6
2 11 6 8
3 10 6 7
6 10 14 10
7 10 9 6
7 11 8 8
(179, 81)

Arvore 117
0 1 6 6
0 4 6 13
0 6 10 12
0 8 10 7
1 2 94 0
1 5 11 10
1 9 9 6
2 11 6 8
3 9 8 12
3 10 6 7
7 11 8 8
(174, 89)

Arvore 118
0 1 6 6
0 4 6 13
0 8 10 7
1 2 94 0
1 5 11 10
1 9 9 6
2 11 6 8
3 9 8 12
3 10 6 7
6 8 14 10
7 11 8 8
(178, 87)

Arvore 119
0 1 6 6
0 4 6 13
0 8 10 7
1 2 94 0
1 5 11 10
1 9 9 6
2 11 6 8
3 9 8 12
3 10 6 7
6 9 9 13
7 11 8 8
(173, 90)

Arvore 120
0 1 6 6
0 4 6 13
0 8 10 7
1 2 94 0
1 5 11 10
1 9 9 6
2 11 6 8
3 9 8 12
3 10 6 7
6 10 14 10
7 11 8 8
(178, 87)

Arvore 121
0 1 6 6
0 6 10 12
0 8 10 7
1 2 94 0
1 4 7 8
1 9 9 6
2 11 6 8
3 5 6 13
3 10 6 7
7 10 9 6
7 11 8 8
(171, 81)

Arvore 122
0 1 6 6
0 8 10 7
1 2 94 0
1 4 7 8
1 9 9 6
2 11 6 8
3 5 6 13
3 10 6 7
6 8 14 10
7 10 9 6
7 11 8 8
(175, 79)

Arvore 123
0 1 6 6
0 8 10 7
1 2 94 0
1 4 7 8
1 9 9 6
2 11 6 8
3 5 6 13
3 10 6 7
6 9 9 13
7 10 9 6
7 11 8 8
(170, 82)

Arvore 124
0 1 6 6
0 8 10 7
1 2 94 0
1 4 7 8
1 9 9 6
2 11 6 8
3 5 6 13
3 10 6 7
6 10 14 10
7 10 9 6
7 11 8 8
(175, 79)

Arvore 125
0 1 6 6
0 6 10 12
1 2 94 0
1 4 7 8
1 9 9 6
2 11 6 8
3 5 6 13
3 10 6 7
4 8 8 13
7 10 9 6
7 11 8 8
(169, 87)

Arvore 126
0 1 6 6
1 2 94 0
1 4 7 8
1 9 9 6
2 11 6 8
3 5 6 13
3 10 6 7
4 8 8 13
6 8 14 10
7 10 9 6
7 11 8 8
(173, 85)

Arvore 127
0 1 6 6
1 2 94 0
1 4 7 8
1 9 9 6
2 11 6 8
3 5 6 13
3 10 6 7
4 8 8 13
6 9 9 13
7 10 9 6
7 11 8 8
(168, 88)

Arvore 128
0 1 6 6
1 2 94 0
1 4 7 8
1 9 9 6
2 11 6 8
3 5 6 13
3 10 6 7
4 8 8 13
6 10 14 10
7 10 9 6
7 11 8 8
(173, 85)

Arvore 129
0 1 6 6
0 6 10 12
0 8 10 7
1 2 94 0
1 4 7 8
1 9 9 6
2 11 6 8
3 5 6 13
3 9 8 12
3 10 6 7
7 11 8 8
(170, 87)

Arvore 130
0 1 6 6
0 8 10 7
1 2 94 0
1 4 7 8
1 9 9 6
2 11 6 8
3 5 6 13
3 9 8 12
3 10 6 7
6 8 14 10
7 11 8 8
(174, 85)

Arvore 131
0 1 6 6
0 8 10 7
1 2 94 0
1 4 7 8
1 9 9 6
2 11 6 8
3 5 6 13
3 9 8 12
3 10 6 7
6 9 9 13
7 11 8 8
(169, 88)

Arvore 132
0 1 6 6
0 8 10 7
1 2 94 0
1 4 7 8
1 9 9 6
2 11 6 8
3 5 6 13
3 9 8 12
3 10 6 7
6 10 14 10
7 11 8 8
(174, 85)

Arvore 133
0 1 6 6
0 6 10 12
1 2 94 0
1 4 7 8
1 9 9 6
2 11 6 8
3 5 6 13
3 9 8 12
3 10 6 7
4 8 8 13
7 11 8 8
(168, 93)

Arvore 134
0 1 6 6
1 2 94 0
1 4 7 8
1 9 9 6
2 11 6 8
3 5 6 13
3 9 8 12
3 10 6 7
4 8 8 13
6 8 14 10
7 11 8 8
(172, 91)

Arvore 135
0 1 6 6
1 2 94 0
1 4 7 8
1 9 9 6
2 11 6 8
3 5 6 13
3 9 8 12
3 10 6 7
4 8 8 13
6 9 9 13
7 11 8 8
(167, 94)

Arvore 136
0 1 6 6
1 2 94 0
1 4 7 8
1 9 9 6
2 11 6 8
3 5 6 13
3 9 8 12
3 10 6 7
4 8 8 13
6 10 14 10
7 11 8 8
(172, 91)

Arvore 137
0 1 6 6
0 6 10 12
0 8 10 7
1 2 94 0
1 4 7 8
1 5 11 10
1 9 9 6
2 11 6 8
3 10 6 7
7 10 9 6
7 11 8 8
(176, 78)

Arvore 138
0 1 6 6
0 8 10 7
1 2 94 0
1 4 7 8
1 5 11 10
1 9 9 6
2 11 6 8
3 10 6 7
6 8 14 10
7 10 9 6
7 11 8 8
(180, 76)

Arvore 139
0 1 6 6
0 8 10 7
1 2 94 0
1 4 7 8
1 5 11 10
1 9 9 6
2 11 6 8
3 10 6 7
6 9 9 13
7 10 9 6
7 11 8 8
(175, 79)

Arvore 140
0 1 6 6
0 8 10 7
1 2 94 0
1 4 7 8
1 5 11 10
1 9 9 6
2 11 6 8
3 10 6 7
6 10 14 10
7 10 9 6
7 11 8 8
(180, 76)

Arvore 141
0 1 6 6
0 6 10 12
0 8 10 7
1 2 94 0
1 4 7 8
1 5 11 10
1 9 9 6
2 11 6 8
3 9 8 12
3 10 6 7
7 11 8 8
(175, 84)

Arvore 142
0 1 6 6
0 8 10 7
1 2 94 0
1 4 7 8
1 5 11 10
1 9 9 6
2 11 6 8
3 9 8 12
3 10 6 7
6 8 14 10
7 11 8 8
(179, 82)

Arvore 143
0 1 6 6
0 8 10 7
1 2 94 0
1 4 7 8
1 5 11 10
1 9 9 6
2 11 6 8
3 9 8 12
3 10 6 7
6 9 9 13
7 11 8 8
(174, 85)

Arvore 144
0 1 6 6
0 8 10 7
1 2 94 0
1 4 7 8
1 5 11 10
1 9 9 6
2 11 6 8
3 9 8 12
3 10 6 7
6 10 14 10
7 11 8 8
(179, 82)

Arvore 145
0 1 6 6
0 4 6 13
0 6 10 12
0 8 10 7
0 9 7 12
1 2 94 0
2 11 6 8
3 5 6 13
3 10 6 7
7 10 9 6
7 11 8 8
(168, 92)

Arvore 146
0 1 6 6
0 4 6 13
0 8 10 7
0 9 7 12
1 2 94 0
2 11 6 8
3 5 6 13
3 10 6 7
6 8 14 10
7 10 9 6
7 11 8 8
(172, 90)

Arvore 147
0 1 6 6
0 4 6 13
0 8 10 7
0 9 7 12
1 2 94 0
2 11 6 8
3 5 6 13
3 10 6 7
6 9 9 13
7 10 9 6
7 11 8 8
(167, 93)

Arvore 148
0 1 6 6
0 4 6 13
0 8 10 7
0 9 7 12
1 2 94 0
2 11 6 8
3 5 6 13
3 10 6 7
6 10 14 10
7 10 9 6
7 11 8 8
(172, 90)

Arvore 149
0 1 6 6
0 4 6 13
0 6 10 12
0 9 7 12
1 2 94 0
2 11 6 8
3 5 6 13
3 10 6 7
4 8 8 13
7 10 9 6
7 11 8 8
(166, 98)

Arvore 150
0 1 6 6
0 4 6 13
0 9 7 12
1 2 94 0
2 11 6 8
3 5 6 13
3 10 6 7
4 8 8 13
6 8 14 10
7 10 9 6
7 11 8 8
(170, 96)

Arvore 151
0 1 6 6
0 4 6 13
0 9 7 12
1 2 94 0
2 11 6 8
3 5 6 13
3 10 6 7
4 8 8 13
6 9 9 13
7 10 9 6
7 11 8 8
(165, 99)

Arvore 152
0 1 6 6
0 4 6 13
0 9 7 12
1 2 94 0
2 11 6 8
3 5 6 13
3 10 6 7
4 8 8 13
6 10 14 10
7 10 9 6
7 11 8 8
(170, 96)

Arvore 153
0 1 6 6
0 4 6 13
0 6 10 12
0 8 10 7
0 9 7 12
1 2 94 0
2 11 6 8
3 5 6 13
3 9 8 12
3 10 6 7
7 11 8 8
(167, 98)

Arvore 154
0 1 6 6
0 4 6 13
0 8 10 7
0 9 7 12
1 2 94 0
2 11 6 8
3 5 6 13
3 9 8 12
3 10 6 7
6 8 14 10
7 11 8 8
(171, 96)

Arvore 155
0 1 6 6
0 4 6 13
0 8 10 7
0 9 7 12
1 2 94 0
2 11 6 8
3 5 6 13
3 9 8 12
3 10 6 7
6 9 9 13
7 11 8 8
(166, 99)

Arvore 156
0 1 6 6
0 4 6 13
0 8 10 7
0 9 7 12
1 2 94 0
2 11 6 8
3 5 6 13
3 9 8 12
3 10 6 7
6 10 14 10
7 11 8 8
(171, 96)

Arvore 157
0 1 6 6
0 4 6 13
0 6 10 12
0 9 7 12
1 2 94 0
2 11 6 8
3 5 6 13
3 9 8 12
3 10 6 7
4 8 8 13
7 11 8 8
(165, 104)

Arvore 158
0 1 6 6
0 4 6 13
0 9 7 12
1 2 94 0
2 11 6 8
3 5 6 13
3 9 8 12
3 10 6 7
4 8 8 13
6 8 14 10
7 11 8 8
(169, 102)

Arvore 159
0 1 6 6
0 4 6 13
0 9 7 12
1 2 94 0
2 11 6 8
3 5 6 13
3 9 8 12
3 10 6 7
4 8 8 13
6 9 9 13
7 11 8 8
(164, 105)

Arvore 160
0 1 6 6
0 4 6 13
0 9 7 12
1 2 94 0
2 11 6 8
3 5 6 13
3 9 8 12
3 10 6 7
4 8 8 13
6 10 14 10
7 11 8 8
(169, 102)

Arvore 161
0 1 6 6
0 4 6 13
0 6 10 12
0 8 10 7
0 9 7 12
1 2 94 0
1 5 11 10
2 11 6 8
3 10 6 7
7 10 9 6
7 11 8 8
(173, 89)

Arvore 162
0 1 6 6
0 4 6 13
0 8 10 7
0 9 7 12
1 2 94 0
1 5 11 10
2 11 6 8
3 10 6 7
6 8 14 10
7 10 9 6
7 11 8 8
(177, 87)

Arvore 163
0 1 6 6
0 4 6 13
0 8 10 7
0 9 7 12
1 2 94 0
1 5 11 10
2 11 6 8
3 10 6 7
6 9 9 13
7 10 9 6
7 11 8 8
(172, 90)

Arvore 164
0 1 6 6
0 4 6 13
0 8 10 7
0 9 7 12
1 2 94 0
1 5 11 10
2 11 6 8
3 10 6 7
6 10 14 10
7 10 9 6
7 11 8 8
(177, 87)

Arvore 165
0 1 6 6
0 4 6 13
0 6 10 12
0 8 10 7
0 9 7 12
1 2 94 0
1 5 11 10
2 11 6 8
3 9 8 12
3 10 6 7
7 11 8 8
(172, 95)

Arvore 166
0 1 6 6
0 4 6 13
0 8 10 7
0 9 7 12
1 2 94 0
1 5 11 10
2 11 6 8
3 9 8 12
3 10 6 7
6 8 14 10
7 11 8 8
(176, 93)

Arvore 167
0 1 6 6
0 4 6 13
0 8 10 7
0 9 7 12
1 2 94 0
1 5 11 10
2 11 6 8
3 9 8 12
3 10 6 7
6 9 9 13
7 11 8 8
(171, 96)

Arvore 168
0 1 6 6
0 4 6 13
0 8 10 7
0 9 7 12
1 2 94 0
1 5 11 10
2 11 6 8
3 9 8 12
3 10 6 7
6 10 14 10
7 11 8 8
(176, 93)

Arvore 169
0 1 6 6
0 6 10 12
0 8 10 7
0 9 7 12
1 2 94 0
1 4 7 8
2 11 6 8
3 5 6 13
3 10 6 7
7 10 9 6
7 11 8 8
(169, 87)

Arvore 170
0 1 6 6
0 8 10 7
0 9 7 12
1 2 94 0
1 4 7 8
2 11 6 8
3 5 6 13
3 10 6 7
6 8 14 10
7 10 9 6
7 11 8 8
(173, 85)

Arvore 171
0 1 6 6
0 8 10 7
0 9 7 12
1 2 94 0
1 4 7 8
2 11 6 8
3 5 6 13
3 10 6 7
6 9 9 13
7 10 9 6
7 11 8 8
(168, 88)

Arvore 172
0 1 6 6
0 8 10 7
0 9 7 12
1 2 94 0
1 4 7 8
2 11 6 8
3 5 6 13
3 10 6 7
6 10 14 10
7 10 9 6
7 11 8 8
(173, 85)

Arvore 173
0 1 6 6
0 6 10 12
0 9 7 12
1 2 94 0
1 4 7 8
2 11 6 8
3 5 6 13
3 10 6 7
4 8 8 13
7 10 9 6
7 11 8 8
(167, 93)

Arvore 174
0 1 6 6
0 9 7 12
1 2 94 0
1 4 7 8
2 11 6 8
3 5 6 13
3 10 6 7
4 8 8 13
6 8 14 10
7 10 9 6
7 11 8 8
(171, 91)

Arvore 175
0 1 6 6
0 9 7 12
1 2 94 0
1 4 7 8
2 11 6 8
3 5 6 13
3 10 6 7
4 8 8 13
6 9 9 13
7 10 9 6
7 11 8 8
(166, 94)

Arvore 176
0 1 6 6
0 9 7 12
1 2 94 0
1 4 7 8
2 11 6 8
3 5 6 13
3 10 6 7
4 8 8 13
6 10 14 10
7 10 9 6
7 11 8 8
(171, 91)

Arvore 177
0 1 6 6
0 6 10 12
0 8 10 7
0 9 7 12
1 2 94 0
1 4 7 8
2 11 6 8
3 5 6 13
3 9 8 12
3 10 6 7
7 11 8 8
(168, 93)

Arvore 178
0 1 6 6
0 8 10 7
0 9 7 12
1 2 94 0
1 4 7 8
2 11 6 8
3 5 6 13
3 9 8 12
3 10 6 7
6 8 14 10
7 11 8 8
(172, 91)

Arvore 179
0 1 6 6
0 8 10 7
0 9 7 12
1 2 94 0
1 4 7 8
2 11 6 8
3 5 6 13
3 9 8 12
3 10 6 7
6 9 9 13
7 11 8 8
(167, 94)

Arvore 180
0 1 6 6
0 8 10 7
0 9 7 12
1 2 94 0
1 4 7 8
2 11 6 8
3 5 6 13
3 9 8 12
3 10 6 7
6 10 14 10
7 11 8 8
(172, 91)

Arvore 181
0 1 6 6
0 6 10 12
0 9 7 12
1 2 94 0
1 4 7 8
2 11 6 8
3 5 6 13
3 9 8 12
3 10 6 7
4 8 8 13
7 11 8 8
(166, 99)

Arvore 182
0 1 6 6
0 9 7 12
1 2 94 0
1 4 7 8
2 11 6 8
3 5 6 13
3 9 8 12
3 10 6 7
4 8 8 13
6 8 14 10
7 11 8 8
(170, 97)

Arvore 183
0 1 6 6
0 9 7 12
1 2 94 0
1 4 7 8
2 11 6 8
3 5 6 13
3 9 8 12
3 10 6 7
4 8 8 13
6 9 9 13
7 11 8 8
(165, 100)

Arvore 184
0 1 6 6
0 9 7 12
1 2 94 0
1 4 7 8
2 11 6 8
3 5 6 13
3 9 8 12
3 10 6 7
4 8 8 13
6 10 14 10
7 11 8 8
(170, 97)

Arvore 185
0 1 6 6
0 6 10 12
0 8 10 7
0 9 7 12
1 2 94 0
1 4 7 8
1 5 11 10
2 11 6 8
3 10 6 7
7 10 9 6
7 11 8 8
(174, 84)

Arvore 186
0 1 6 6
0 8 10 7
0 9 7 12
1 2 94 0
1 4 7 8
1 5 11 10
2 11 6 8
3 10 6 7
6 8 14 10
7 10 9 6
7 11 8 8
(178, 82)

Arvore 187
0 1 6 6
0 8 10 7
0 9 7 12
1 2 94 0
1 4 7 8
1 5 11 10
2 11 6 8
3 10 6 7
6 9 9 13
7 10 9 6
7 11 8 8
(173, 85)

Arvore 188
0 1 6 6
0 8 10 7
0 9 7 12
1 2 94 0
1 4 7 8
1 5 11 10
2 11 6 8
3 10 6 7
6 10 14 10
7 10 9 6
7 11 8 8
(178, 82)

Arvore 189
0 1 6 6
0 6 10 12
0 8 10 7
0 9 7 12
1 2 94 0
1 4 7 8
1 5 11 10
2 11 6 8
3 9 8 12
3 10 6 7
7 11 8 8
(173, 90)

Arvore 190
0 1 6 6
0 8 10 7
0 9 7 12
1 2 94 0
1 4 7 8
1 5 11 10
2 11 6 8
3 9 8 12
3 10 6 7
6 8 14 10
7 11 8 8
(177, 88)

Arvore 191
0 1 6 6
0 8 10 7
0 9 7 12
1 2 94 0
1 4 7 8
1 5 11 10
2 11 6 8
3 9 8 12
3 10 6 7
6 9 9 13
7 11 8 8
(172, 91)

Arvore 192
0 1 6 6
0 8 10 7
0 9 7 12
1 2 94 0
1 4 7 8
1 5 11 10
2 11 6 8
3 9 8 12
3 10 6 7
6 10 14 10
7 11 8 8
(177, 88)

Arvore 193
0 1 6 6
0 4 6 13
0 6 10 12
0 8 10 7
1 9 9 6
2 9 15 7
2 11 6 8
3 5 6 13
3 10 6 7
7 10 9 6
7 11 8 8
(91, 93)

Arvore 194
0 1 6 6
0 4 6 13
0 8 10 7
1 9 9 6
2 9 15 7
2 11 6 8
3 5 6 13
3 10 6 7
6 8 14 10
7 10 9 6
7 11 8 8
(95, 91)

Arvore 195
0 1 6 6
0 4 6 13
0 8 10 7
1 9 9 6
2 9 15 7
2 11 6 8
3 5 6 13
3 10 6 7
6 9 9 13
7 10 9 6
7 11 8 8
(90, 94)

Arvore 196
0 1 6 6
0 4 6 13
0 8 10 7
1 9 9 6
2 9 15 7
2 11 6 8
3 5 6 13
3 10 6 7
6 10 14 10
7 10 9 6
7 11 8 8
(95, 91)

Arvore 197
0 1 6 6
0 4 6 13
0 6 10 12
0 8 10 7
1 9 9 6
1 11 9 9
2 11 6 8
3 5 6 13
3 10 6 7
7 10 9 6
7 11 8 8
(85, 95)

Arvore 198
0 1 6 6
0 4 6 13
0 8 10 7
1 9 9 6
1 11 9 9
2 11 6 8
3 5 6 13
3 10 6 7
6 8 14 10
7 10 9 6
7 11 8 8
(89, 93)

Arvore 199
0 1 6 6
0 4 6 13
0 8 10 7
1 9 9 6
1 11 9 9
2 11 6 8
3 5 6 13
3 10 6 7
6 9 9 13
7 10 9 6
7 11 8 8
(84, 96)

Arvore 200
0 1 6 6
0 4 6 13
0 8 10 7
1 9 9 6
1 11 9 9
2 11 6 8
3 5 6 13
3 10 6 7
6 10 14 10
7 10 9 6
7 11 8 8
(89, 93)

Arvore 201
0 1 6 6
0 4 6 13
0 6 10 12
0 8 10 7
1 9 9 6
2 11 6 8
3 5 6 13
3 9 8 12
3 10 6 7
7 10 9 6
7 11 8 8
(84, 98)

Arvore 202
0 1 6 6
0 4 6 13
0 8 10 7
1 9 9 6
2 11 6 8
3 5 6 13
3 9 8 12
3 10 6 7
6 8 14 10
7 10 9 6
7 11 8 8
(88, 96)

Arvore 203
0 1 6 6
0 4 6 13
0 8 10 7
1 9 9 6
2 11 6 8
3 5 6 13
3 9 8 12
3 10 6 7
6 9 9 13
7 10 9 6
7 11 8 8
(83, 99)

Arvore 204
0 1 6 6
0 4 6 13
0 8 10 7
1 9 9 6
2 11 6 8
3 5 6 13
3 9 8 12
3 10 6 7
6 10 14 10
7 10 9 6
7 11 8 8
(88, 96)

Arvore 205
0 1 6 6
0 4 6 13
0 6 10 12
1 9 9 6
1 11 9 9
2 11 6 8
3 5 6 13
3 10 6 7
4 8 8 13
7 10 9 6
7 11 8 8
(83, 101)

Arvore 206
0 1 6 6
0 4 6 13
1 9 9 6
1 11 9 9
2 11 6 8
3 5 6 13
3 10 6 7
4 8 8 13
6 8 14 10
7 10 9 6
7 11 8 8
(87, 99)

Arvore 207
0 1 6 6
0 4 6 13
1 9 9 6
1 11 9 9
2 11 6 8
3 5 6 13
3 10 6 7
4 8 8 13
6 9 9 13
7 10 9 6
7 11 8 8
(82, 102)

Arvore 208
0 1 6 6
0 4 6 13
1 9 9 6
1 11 9 9
2 11 6 8
3 5 6 13
3 10 6 7
4 8 8 13
6 10 14 10
7 10 9 6
7 11 8 8
(87, 99)

Arvore 209
0 1 6 6
0 4 6 13
0 6 10 12
1 9 9 6
2 11 6 8
3 5 6 13
3 9 8 12
3 10 6 7
4 8 8 13
7 10 9 6
7 11 8 8
(82, 104)

Arvore 210
0 1 6 6
0 4 6 13
1 9 9 6
2 11 6 8
3 5 6 13
3 9 8 12
3 10 6 7
4 8 8 13
6 8 14 10
7 10 9 6
7 11 8 8
(86, 102)

Arvore 211
0 1 6 6
0 4 6 13
1 9 9 6
2 11 6 8
3 5 6 13
3 9 8 12
3 10 6 7
4 8 8 13
6 9 9 13
7 10 9 6
7 11 8 8
(81, 105)

Arvore 212
0 1 6 6
0 4 6 13
1 9 9 6
2 11 6 8
3 5 6 13
3 9 8 12
3 10 6 7
4 8 8 13
6 10 14 10
7 10 9 6
7 11 8 8
(86, 102)

Arvore 213
0 1 6 6
0 4 6 13
0 6 10 12
0 8 10 7
0 11 8 13
1 9 9 6
2 11 6 8
3 5 6 13
3 9 8 12
3 10 6 7
7 11 8 8
(83, 105)

Arvore 214
0 1 6 6
0 4 6 13
0 8 10 7
0 11 8 13
1 9 9 6
2 11 6 8
3 5 6 13
3 9 8 12
3 10 6 7
6 8 14 10
7 11 8 8
(87, 103)

Arvore 215
0 1 6 6
0 4 6 13
0 8 10 7
0 11 8 13
1 9 9 6
2 11 6 8
3 5 6 13
3 9 8 12
3 10 6 7
6 9 9 13
7 11 8 8
(82, 106)

Arvore 216
0 1 6 6
0 4 6 13
0 8 10 7
0 11 8 13
1 9 9 6
2 11 6 8
3 5 6 13
3 9 8 12
3 10 6 7
6 10 14 10
7 11 8 8
(87, 103)

Arvore 217
0 1 6 6
0 4 6 13
0 6 10 12
0 11 8 13
1 9 9 6
2 11 6 8
3 5 6 13
3 9 8 12
3 10 6 7
4 8 8 13
7 11 8 8
(81, 111)

Arvore 218
0 1 6 6
0 4 6 13
0 11 8 13
1 9 9 6
2 11 6 8
3 5 6 13
3 9 8 12
3 10 6 7
4 8 8 13
6 8 14 10
7 11 8 8
(85, 109)

Arvore 219
0 1 6 6
0 4 6 13
0 11 8 13
1 9 9 6
2 11 6 8
3 5 6 13
3 9 8 12
3 10 6 7
4 8 8 13
6 9 9 13
7 11 8 8
(80, 112)

Arvore 220
0 1 6 6
0 4 6 13
0 11 8 13
1 9 9 6
2 11 6 8
3 5 6 13
3 9 8 12
3 10 6 7
4 8 8 13
6 10 14 10
7 11 8 8
(85, 109)

Arvore 221
0 1 6 6
0 4 6 13
0 6 10 12
0 8 10 7
1 5 11 10
1 9 9 6
2 9 15 7
2 11 6 8
3 10 6 7
7 10 9 6
7 11 8 8
(96, 90)

Arvore 222
0 1 6 6
0 4 6 13
0 8 10 7
1 5 11 10
1 9 9 6
2 9 15 7
2 11 6 8
3 10 6 7
6 8 14 10
7 10 9 6
7 11 8 8
(100, 88)

Arvore 223
0 1 6 6
0 4 6 13
0 8 10 7
1 5 11 10
1 9 9 6
2 9 15 7
2 11 6 8
3 10 6 7
6 9 9 13
7 10 9 6
7 11 8 8
(95, 91)

Arvore 224
0 1 6 6
0 4 6 13
0 8 10 7
1 5 11 10
1 9 9 6
2 9 15 7
2 11 6 8
3 10 6 7
6 10 14 10
7 10 9 6
7 11 8 8
(100, 88)

Arvore 225
0 1 6 6
0 4 6 13
0 6 10 12
0 8 10 7
1 5 11 10
1 9 9 6
1 11 9 9
2 11 6 8
3 10 6 7
7 10 9 6
7 11 8 8
(90, 92)

Arvore 226
0 1 6 6
0 4 6 13
0 8 10 7
1 5 11 10
1 9 9 6
1 11 9 9
2 11 6 8
3 10 6 7
6 8 14 10
7 10 9 6
7 11 8 8
(94, 90)

Arvore 227
0 1 6 6
0 4 6 13
0 8 10 7
1 5 11 10
1 9 9 6
1 11 9 9
2 11 6 8
3 10 6 7
6 9 9 13
7 10 9 6
7 11 8 8
(89, 93)

Arvore 228
0 1 6 6
0 4 6 13
0 8 10 7
1 5 11 10
1 9 9 6
1 11 9 9
2 11 6 8
3 10 6 7
6 10 14 10
7 10 9 6
7 11 8 8
(94, 90)

Arvore 229
0 1 6 6
0 4 6 13
0 6 10 12
0 8 10 7
1 5 11 10
1 9 9 6
2 11 6 8
3 9 8 12
3 10 6 7
7 10 9 6
7 11 8 8
(89, 95)

Arvore 230
0 1 6 6
0 4 6 13
0 8 10 7
1 5 11 10
1 9 9 6
2 11 6 8
3 9 8 12
3 10 6 7
6 8 14 10
7 10 9 6
7 11 8 8
(93, 93)

Arvore 231
0 1 6 6
0 4 6 13
0 8 10 7
1 5 11 10
1 9 9 6
2 11 6 8
3 9 8 12
3 10 6 7
6 9 9 13
7 10 9 6
7 11 8 8
(88, 96)

Arvore 232
0 1 6 6
0 4 6 13
0 8 10 7
1 5 11 10
1 9 9 6
2 11 6 8
3 9 8 12
3 10 6 7
6 10 14 10
7 10 9 6
7 11 8 8
(93, 93)

Arvore 233
0 1 6 6
0 6 10 12
0 8 10 7
1 4 7 8
1 9 9 6
2 9 15 7
2 11 6 8
3 5 6 13
3 10 6 7
7 10 9 6
7 11 8 8
(92, 88)

Arvore 234
0 1 6 6
0 8 10 7
1 4 7 8
1 9 9 6
2 9 15 7
2 11 6 8
3 5 6 13
3 10 6 7
6 8 14 10
7 10 9 6
7 11 8 8
(96, 86)

Arvore 235
0 1 6 6
0 8 10 7
1 4 7 8
1 9 9 6
2 9 15 7
2 11 6 8
3 5 6 13
3 10 6 7
6 9 9 13
7 10 9 6
7 11 8 8
(91, 89)

Arvore 236
0 1 6 6
0 8 10 7
1 4 7 8
1 9 9 6
2 9 15 7
2 11 6 8
3 5 6 13
3 10 6 7
6 10 14 10
7 10 9 6
7 11 8 8
(96, 86)

Arvore 237
0 1 6 6
0 6 10 12
0 8 10 7
1 4 7 8
1 9 9 6
1 11 9 9
2 11 6 8
3 5 6 13
3 10 6 7
7 10 9 6
7 11 8 8
(86, 90)

Arvore 238
0 1 6 6
0 8 10 7
1 4 7 8
1 9 9 6
1 11 9 9
2 11 6 8
3 5 6 13
3 10 6 7
6 8 14 10
7 10 9 6
7 11 8 8
(90, 88)

Arvore 239
0 1 6 6
0 8 10 7
1 4 7 8
1 9 9 6
1 11 9 9
2 11 6 8
3 5 6 13
3 10 6 7
6 9 9 13
7 10 9 6
7 11 8 8
(85, 91)

Arvore 240
0 1 6 6
0 8 10 7
1 4 7 8
1 9 9 6
1 11 9 9
2 11 6 8
3 5 6 13
3 10 6 7
6 10 14 10
7 10 9 6
7 11 8 8
(90, 88)

Arvore 241
0 1 6 6
0 6 10 12
0 8 10 7
1 4 7 8
1 9 9 6
2 11 6 8
3 5 6 13
3 9 8 12
3 10 6 7
7 10 9 6
7 11 8 8
(85, 93)

Arvore 242
0 1 6 6
0 8 10 7
1 4 7 8
1 9 9 6
2 11 6 8
3 5 6 13
3 9 8 12
3 10 6 7
6 8 14 10
7 10 9 6
7 11 8 8
(89, 91)

Arvore 243
0 1 6 6
0 8 10 7
1 4 7 8
1 9 9 6
2 11 6 8
3 5 6 13
3 9 8 12
3 10 6 7
6 9 9 13
7 10 9 6
7 11 8 8
(84, 94)

Arvore 244
0 1 6 6
0 8 10 7
1 4 7 8
1 9 9 6
2 11 6 8
3 5 6 13
3 9 8 12
3 10 6 7
6 10 14 10
7 10 9 6
7 11 8 8
(89, 91)

Arvore 245
0 1 6 6
0 6 10 12
1 4 7 8
1 9 9 6
1 11 9 9
2 11 6 8
3 5 6 13
3 10 6 7
4 8 8 13
7 10 9 6
7 11 8 8
(84, 96)

Arvore 246
0 1 6 6
1 4 7 8
1 9 9 6
1 11 9 9
2 11 6 8
3 5 6 13
3 10 6 7
4 8 8 13
6 8 14 10
7 10 9 6
7 11 8 8
(88, 94)

Arvore 247
0 1 6 6
1 4 7 8
1 9 9 6
1 11 9 9
2 11 6 8
3 5 6 13
3 10 6 7
4 8 8 13
6 9 9 13
7 10 9 6
7 11 8 8
(83, 97)

Arvore 248
0 1 6 6
1 4 7 8
1 9 9 6
1 11 9 9
2 11 6 8
3 5 6 13
3 10 6 7
4 8 8 13
6 10 14 10
7 10 9 6
7 11 8 8
(88, 94)

Arvore 249
0 1 6 6
0 6 10 12
1 4 7 8
1 9 9 6
2 11 6 8
3 5 6 13
3 9 8 12
3 10 6 7
4 8 8 13
7 10 9 6
7 11 8 8
(83, 99)

Arvore 250
0 1 6 6
1 4 7 8
1 9 9 6
2 11 6 8
3 5 6 13
3 9 8 12
3 10 6 7
4 8 8 13
6 8 14 10
7 10 9 6
7 11 8 8
(87, 97)

Arvore 251
0 1 6 6
1 4 7 8
1 9 9 6
2 11 6 8
3 5 6 13
3 9 8 12
3 10 6 7
4 8 8 13
6 9 9 13
7 10 9 6
7 11 8 8
(82, 100)

Arvore 252
0 1 6 6
1 4 7 8
1 9 9 6
2 11 6 8
3 5 6 13
3 9 8 12
3 10 6 7
4 8 8 13
6 10 14 10
7 10 9 6
7 11 8 8
(87, 97)

Arvore 253
0 1 6 6
0 6 10 12
0 8 10 7
0 11 8 13
1 4 7 8
1 9 9 6
2 11 6 8
3 5 6 13
3 9 8 12
3 10 6 7
7 11 8 8
(84, 100)

Arvore 254
0 1 6 6
0 8 10 7
0 11 8 13
1 4 7 8
1 9 9 6
2 11 6 8
3 5 6 13
3 9 8 12
3 10 6 7
6 8 14 10
7 11 8 8
(88, 98)

Arvore 255
0 1 6 6
0 8 10 7
0 11 8 13
1 4 7 8
1 9 9 6
2 11 6 8
3 5 6 13
3 9 8 12
3 10 6 7
6 9 9 13
7 11 8 8
(83, 101)

Arvore 256
0 1 6 6
0 8 10 7
0 11 8 13
1 4 7 8
1 9 9 6
2 11 6 8
3 5 6 13
3 9 8 12
3 10 6 7
6 10 14 10
7 11 8 8
(88, 98)

Arvore 257
0 1 6 6
0 6 10 12
0 11 8 13
1 4 7 8
1 9 9 6
2 11 6 8
3 5 6 13
3 9 8 12
3 10 6 7
4 8 8 13
7 11 8 8
(82, 106)

Arvore 258
0 1 6 6
0 11 8 13
1 4 7 8
1 9 9 6
2 11 6 8
3 5 6 13
3 9 8 12
3 10 6 7
4 8 8 13
6 8 14 10
7 11 8 8
(86, 104)

Arvore 259
0 1 6 6
0 11 8 13
1 4 7 8
1 9 9 6
2 11 6 8
3 5 6 13
3 9 8 12
3 10 6 7
4 8 8 13
6 9 9 13
7 11 8 8
(81, 107)

Arvore 260
0 1 6 6
0 11 8 13
1 4 7 8
1 9 9 6
2 11 6 8
3 5 6 13
3 9 8 12
3 10 6 7
4 8 8 13
6 10 14 10
7 11 8 8
(86, 104)

Arvore 261
0 1 6 6
0 6 10 12
0 8 10 7
1 4 7 8
1 5 11 10
1 9 9 6
2 9 15 7
2 11 6 8
3 10 6 7
7 10 9 6
7 11 8 8
(97, 85)

Arvore 262
0 1 6 6
0 8 10 7
1 4 7 8
1 5 11 10
1 9 9 6
2 9 15 7
2 11 6 8
3 10 6 7
6 8 14 10
7 10 9 6
7 11 8 8
(101, 83)

Arvore 263
0 1 6 6
0 8 10 7
1 4 7 8
1 5 11 10
1 9 9 6
2 9 15 7
2 11 6 8
3 10 6 7
6 9 9 13
7 10 9 6
7 11 8 8
(96, 86)

Arvore 264
0 1 6 6
0 8 10 7
1 4 7 8
1 5 11 10
1 9 9 6
2 9 15 7
2 11 6 8
3 10 6 7
6 10 14 10
7 10 9 6
7 11 8 8
(101, 83)

Arvore 265
0 1 6 6
0 6 10 12
0 8 10 7
1 4 7 8
1 5 11 10
1 9 9 6
1 11 9 9
2 11 6 8
3 10 6 7
7 10 9 6
7 11 8 8
(91, 87)

Arvore 266
0 1 6 6
0 8 10 7
1 4 7 8
1 5 11 10
1 9 9 6
1 11 9 9
2 11 6 8
3 10 6 7
6 8 14 10
7 10 9 6
7 11 8 8
(95, 85)

Arvore 267
0 1 6 6
0 8 10 7
1 4 7 8
1 5 11 10
1 9 9 6
1 11 9 9
2 11 6 8
3 10 6 7
6 9 9 13
7 10 9 6
7 11 8 8
(90, 88)

Arvore 268
0 1 6 6
0 8 10 7
1 4 7 8
1 5 11 10
1 9 9 6
1 11 9 9
2 11 6 8
3 10 6 7
6 10 14 10
7 10 9 6
7 11 8 8
(95, 85)

Arvore 269
0 1 6 6
0 6 10 12
0 8 10 7
1 4 7 8
1 5 11 10
1 9 9 6
2 11 6 8
3 9 8 12
3 10 6 7
7 10 9 6
7 11 8 8
(90, 90)

Arvore 270
0 1 6 6
0 8 10 7
1 4 7 8
1 5 11 10
1 9 9 6
2 11 6 8
3 9 8 12
3 10 6 7
6 8 14 10
7 10 9 6
7 11 8 8
(94, 88)

Arvore 271
0 1 6 6
0 8 10 7
1 4 7 8
1 5 11 10
1 9 9 6
2 11 6 8
3 9 8 12
3 10 6 7
6 9 9 13
7 10 9 6
7 11 8 8
(89, 91)

Arvore 272
0 1 6 6
0 8 10 7
1 4 7 8
1 5 11 10
1 9 9 6
2 11 6 8
3 9 8 12
3 10 6 7
6 10 14 10
7 10 9 6
7 11 8 8
(94, 88)

Arvore 273
0 1 6 6
0 4 6 13
0 6 10 12
0 8 10 7
0 9 7 12
2 9 15 7
2 11 6 8
3 5 6 13
3 10 6 7
7 10 9 6
7 11 8 8
(89, 99)

Arvore 274
0 1 6 6
0 4 6 13
0 8 10 7
0 9 7 12
2 9 15 7
2 11 6 8
3 5 6 13
3 10 6 7
6 8 14 10
7 10 9 6
7 11 8 8
(93, 97)

Arvore 275
0 1 6 6
0 4 6 13
0 8 10 7
0 9 7 12
2 9 15 7
2 11 6 8
3 5 6 13
3 10 6 7
6 9 9 13
7 10 9 6
7 11 8 8
(88, 100)

Arvore 276
0 1 6 6
0 4 6 13
0 8 10 7
0 9 7 12
2 9 15 7
2 11 6 8
3 5 6 13
3 10 6 7
6 10 14 10
7 10 9 6
7 11 8 8
(93, 97)

Arvore 277
0 1 6 6
0 4 6 13
0 6 10 12
0 8 10 7
0 9 7 12
1 11 9 9
2 11 6 8
3 5 6 13
3 10 6 7
7 10 9 6
7 11 8 8
(83, 101)

Arvore 278
0 1 6 6
0 4 6 13
0 8 10 7
0 9 7 12
1 11 9 9
2 11 6 8
3 5 6 13
3 10 6 7
6 8 14 10
7 10 9 6
7 11 8 8
(87, 99)

Arvore 279
0 1 6 6
0 4 6 13
0 8 10 7
0 9 7 12
1 11 9 9
2 11 6 8
3 5 6 13
3 10 6 7
6 9 9 13
7 10 9 6
7 11 8 8
(82, 102)

Arvore 280
0 1 6 6
0 4 6 13
0 8 10 7
0 9 7 12
1 11 9 9
2 11 6 8
3 5 6 13
3 10 6 7
6 10 14 10
7 10 9 6
7 11 8 8
(87, 99)

Arvore 281
0 1 6 6
0 4 6 13
0 6 10 12
0 8 10 7
0 9 7 12
2 11 6 8
3 5 6 13
3 9 8 12
3 10 6 7
7 10 9 6
7 11 8 8
(82, 104)

Arvore 282
0 1 6 6
0 4 6 13
0 8 10 7
0 9 7 12
2 11 6 8
3 5 6 13
3 9 8 12
3 10 6 7
6 8 14 10
7 10 9 6
7 11 8 8
(86, 102)

Arvore 283
0 1 6 6
0 4 6 13
0 8 10 7
0 9 7 12
2 11 6 8
3 5 6 13
3 9 8 12
3 10 6 7
6 9 9 13
7 10 9 6
7 11 8 8
(81, 105)

Arvore 284
0 1 6 6
0 4 6 13
0 8 10 7
0 9 7 12
2 11 6 8
3 5 6 13
3 9 8 12
3 10 6 7
6 10 14 10
7 10 9 6
7 11 8 8
(86, 102)

Arvore 285
0 1 6 6
0 4 6 13
0 6 10 12
0 9 7 12
1 11 9 9
2 11 6 8
3 5 6 13
3 10 6 7
4 8 8 13
7 10 9 6
7 11 8 8
(81, 107)

Arvore 286
0 1 6 6
0 4 6 13
0 9 7 12
1 11 9 9
2 11 6 8
3 5 6 13
3 10 6 7
4 8 8 13
6 8 14 10
7 10 9 6
7 11 8 8
(85, 105)

Arvore 287
0 1 6 6
0 4 6 13
0 9 7 12
1 11 9 9
2 11 6 8
3 5 6 13
3 10 6 7
4 8 8 13
6 9 9 13
7 10 9 6
7 11 8 8
(80, 108)

Arvore 288
0 1 6 6
0 4 6 13
0 9 7 12
1 11 9 9
2 11 6 8
3 5 6 13
3 10 6 7
4 8 8 13
6 10 14 10
7 10 9 6
7 11 8 8
(85, 105)

Arvore 289
0 1 6 6
0 4 6 13
0 6 10 12
0 9 7 12
2 11 6 8
3 5 6 13
3 9 8 12
3 10 6 7
4 8 8 13
7 10 9 6
7 11 8 8
(80, 110)

Arvore 290
0 1 6 6
0 4 6 13
0 9 7 12
2 11 6 8
3 5 6 13
3 9 8 12
3 10 6 7
4 8 8 13
6 8 14 10
7 10 9 6
7 11 8 8
(84, 108)

Arvore 291
0 1 6 6
0 4 6 13
0 9 7 12
2 11 6 8
3 5 6 13
3 9 8 12
3 10 6 7
4 8 8 13
6 9 9 13
7 10 9 6
7 11 8 8
(79, 111)

Arvore 292
0 1 6 6
0 4 6 13
0 9 7 12
2 11 6 8
3 5 6 13
3 9 8 12
3 10 6 7
4 8 8 13
6 10 14 10
7 10 9 6
7 11 8 8
(84, 108)

Arvore 293
0 1 6 6
0 4 6 13
0 6 10 12
0 8 10 7
0 9 7 12
0 11 8 13
2 11 6 8
3 5 6 13
3 9 8 12
3 10 6 7
7 11 8 8
(81, 111)

Arvore 294
0 1 6 6
0 4 6 13
0 8 10 7
0 9 7 12
0 11 8 13
2 11 6 8
3 5 6 13
3 9 8 12
3 10 6 7
6 8 14 10
7 11 8 8
(85, 109)

Arvore 295
0 1 6 6
0 4 6 13
0 8 10 7
0 9 7 12
0 11 8 13
2 11 6 8
3 5 6 13
3 9 8 12
3 10 6 7
6 9 9 13
7 11 8 8
(80, 112)

Arvore 296
0 1 6 6
0 4 6 13
0 8 10 7
0 9 7 12
0 11 8 13
2 11 6 8
3 5 6 13
3 9 8 12
3 10 6 7
6 10 14 10
7 11 8 8
(85, 109)

Arvore 297
0 1 6 6
0 4 6 13
0 6 10 12
0 9 7 12
0 11 8 13
2 11 6 8
3 5 6 13
3 9 8 12
3 10 6 7
4 8 8 13
7 11 8 8
(79, 117)

Arvore 298
0 1 6 6
0 4 6 13
0 9 7 12
0 11 8 13
2 11 6 8
3 5 6 13
3 9 8 12
3 10 6 7
4 8 8 13
6 8 14 10
7 11 8 8
(83, 115)

Arvore 299
0 1 6 6
0 4 6 13
0 9 7 12
0 11 8 13
2 11 6 8
3 5 6 13
3 9 8 12
3 10 6 7
4 8 8 13
6 9 9 13
7 11 8 8
(78, 118)

Arvore 300
0 1 6 6
0 4 6 13
0 9 7 12
0 11 8 13
2 11 6 8
3 5 6 13
3 9 8 12
3 10 6 7
4 8 8 13
6 10 14 10
7 11 8 8
(83, 115)

Arvore 301
0 1 6 6
0 4 6 13
0 6 10 12
0 8 10 7
0 9 7 12
1 5 11 10
2 9 15 7
2 11 6 8
3 10 6 7
7 10 9 6
7 11 8 8
(94, 96)

Arvore 302
0 1 6 6
0 4 6 13
0 8 10 7
0 9 7 12
1 5 11 10
2 9 15 7
2 11 6 8
3 10 6 7
6 8 14 10
7 10 9 6
7 11 8 8
(98, 94)

Arvore 303
0 1 6 6
0 4 6 13
0 8 10 7
0 9 7 12
1 5 11 10
2 9 15 7
2 11 6 8
3 10 6 7
6 9 9 13
7 10 9 6
7 11 8 8
(93, 97)

Arvore 304
0 1 6 6
0 4 6 13
0 8 10 7
0 9 7 12
1 5 11 10
2 9 15 7
2 11 6 8
3 10 6 7
6 10 14 10
7 10 9 6
7 11 8 8
(98, 94)

Arvore 305
0 1 6 6
0 4 6 13
0 6 10 12
0 8 10 7
0 9 7 12
1 5 11 10
1 11 9 9
2 11 6 8
3 10 6 7
7 10 9 6
7 11 8 8
(88, 98)

Arvore 306
0 1 6 6
0 4 6 13
0 8 10 7
0 9 7 12
1 5 11 10
1 11 9 9
2 11 6 8
3 10 6 7
6 8 14 10
7 10 9 6
7 11 8 8
(92, 96)

Arvore 307
0 1 6 6
0 4 6 13
0 8 10 7
0 9 7 12
1 5 11 10
1 11 9 9
2 11 6 8
3 10 6 7
6 9 9 13
7 10 9 6
7 11 8 8
(87, 99)

Arvore 308
0 1 6 6
0 4 6 13
0 8 10 7
0 9 7 12
1 5 11 10
1 11 9 9
2 11 6 8
3 10 6 7
6 10 14 10
7 10 9 6
7 11 8 8
(92, 96)

Arvore 309
0 1 6 6
0 4 6 13
0 6 10 12
0 8 10 7
0 9 7 12
1 5 11 10
2 11 6 8
3 9 8 12
3 10 6 7
7 10 9 6
7 11 8 8
(87, 101)

Arvore 310
0 1 6 6
0 4 6 13
0 8 10 7
0 9 7 12
1 5 11 10
2 11 6 8
3 9 8 12
3 10 6 7
6 8 14 10
7 10 9 6
7 11 8 8
(91, 99)

Arvore 311
0 1 6 6
0 4 6 13
0 8 10 7
0 9 7 12
1 5 11 10
2 11 6 8
3 9 8 12
3 10 6 7
6 9 9 13
7 10 9 6
7 11 8 8
(86, 102)

Arvore 312
0 1 6 6
0 4 6 13
0 8 10 7
0 9 7 12
1 5 11 10
2 11 6 8
3 9 8 12
3 10 6 7
6 10 14 10
7 10 9 6
7 11 8 8
(91, 99)

Arvore 313
0 1 6 6
0 6 10 12
0 8 10 7
0 9 7 12
1 4 7 8
2 9 15 7
2 11 6 8
3 5 6 13
3 10 6 7
7 10 9 6
7 11 8 8
(90, 94)

Arvore 314
0 1 6 6
0 8 10 7
0 9 7 12
1 4 7 8
2 9 15 7
2 11 6 8
3 5 6 13
3 10 6 7
6 8 14 10
7 10 9 6
7 11 8 8
(94, 92)

Arvore 315
0 1 6 6
0 8 10 7
0 9 7 12
1 4 7 8
2 9 15 7
2 11 6 8
3 5 6 13
3 10 6 7
6 9 9 13
7 10 9 6
7 11 8 8
(89, 95)

Arvore 316
0 1 6 6
0 8 10 7
0 9 7 12
1 4 7 8
2 9 15 7
2 11 6 8
3 5 6 13
3 10 6 7
6 10 14 10
7 10 9 6
7 11 8 8
(94, 92)

Arvore 317
0 1 6 6
0 6 10 12
0 8 10 7
0 9 7 12
1 4 7 8
1 11 9 9
2 11 6 8
3 5 6 13
3 10 6 7
7 10 9 6
7 11 8 8
(84, 96)

Arvore 318
0 1 6 6
0 8 10 7
0 9 7 12
1 4 7 8
1 11 9 9
2 11 6 8
3 5 6 13
3 10 6 7
6 8 14 10
7 10 9 6
7 11 8 8
(88, 94)

Arvore 319
0 1 6 6
0 8 10 7
0 9 7 12
1 4 7 8
1 11 9 9
2 11 6 8
3 5 6 13
3 10 6 7
6 9 9 13
7 10 9 6
7 11 8 8
(83, 97)

Arvore 320
0 1 6 6
0 8 10 7
0 9 7 12
1 4 7 8
1 11 9 9
2 11 6 8
3 5 6 13
3 10 6 7
6 10 14 10
7 10 9 6
7 11 8 8
(88, 94)

Arvore 321
0 1 6 6
0 6 10 12
0 8 10 7
0 9 7 12
1 4 7 8
2 11 6 8
3 5 6 13
3 9 8 12
3 10 6 7
7 10 9 6
7 11 8 8
(83, 99)

Arvore 322
0 1 6 6
0 8 10 7
0 9 7 12
1 4 7 8
2 11 6 8
3 5 6 13
3 9 8 12
3 10 6 7
6 8 14 10
7 10 9 6
7 11 8 8
(87, 97)

Arvore 323
0 1 6 6
0 8 10 7
0 9 7 12
1 4 7 8
2 11 6 8
3 5 6 13
3 9 8 12
3 10 6 7
6 9 9 13
7 10 9 6
7 11 8 8
(82, 100)

Arvore 324
0 1 6 6
0 8 10 7
0 9 7 12
1 4 7 8
2 11 6 8
3 5 6 13
3 9 8 12
3 10 6 7
6 10 14 10
7 10 9 6
7 11 8 8
(87, 97)

Arvore 325
0 1 6 6
0 6 10 12
0 9 7 12
1 4 7 8
1 11 9 9
2 11 6 8
3 5 6 13
3 10 6 7
4 8 8 13
7 10 9 6
7 11 8 8
(82, 102)

Arvore 326
0 1 6 6
0 9 7 12
1 4 7 8
1 11 9 9
2 11 6 8
3 5 6 13
3 10 6 7
4 8 8 13
6 8 14 10
7 10 9 6
7 11 8 8
(86, 100)

Arvore 327
0 1 6 6
0 9 7 12
1 4 7 8
1 11 9 9
2 11 6 8
3 5 6 13
3 10 6 7
4 8 8 13
6 9 9 13
7 10 9 6
7 11 8 8
(81, 103)

Arvore 328
0 1 6 6
0 9 7 12
1 4 7 8
1 11 9 9
2 11 6 8
3 5 6 13
3 10 6 7
4 8 8 13
6 10 14 10
7 10 9 6
7 11 8 8
(86, 100)

Arvore 329
0 1 6 6
0 6 10 12
0 9 7 12
1 4 7 8
2 11 6 8
3 5 6 13
3 9 8 12
3 10 6 7
4 8 8 13
7 10 9 6
7 11 8 8
(81, 105)

Arvore 330
0 1 6 6
0 9 7 12
1 4 7 8
2 11 6 8
3 5 6 13
3 9 8 12
3 10 6 7
4 8 8 13
6 8 14 10
7 10 9 6
7 11 8 8
(85, 103)

Arvore 331
0 1 6 6
0 9 7 12
1 4 7 8
2 11 6 8
3 5 6 13
3 9 8 12
3 10 6 7
4 8 8 13
6 9 9 13
7 10 9 6
7 11 8 8
(80, 106)

Arvore 332
0 1 6 6
0 9 7 12
1 4 7 8
2 11 6 8
3 5 6 13
3 9 8 12
3 10 6 7
4 8 8 13
6 10 14 10
7 10 9 6
7 11 8 8
(85, 103)

Arvore 333
0 1 6 6
0 6 10 12
0 8 10 7
0 9 7 12
0 11 8 13
1 4 7 8
2 11 6 8
3 5 6 13
3 9 8 12
3 10 6 7
7 11 8 8
(82, 106)

Arvore 334
0 1 6 6
0 8 10 7
0 9 7 12
0 11 8 13
1 4 7 8
2 11 6 8
3 5 6 13
3 9 8 12
3 10 6 7
6 8 14 10
7 11 8 8
(86, 104)

Arvore 335
0 1 6 6
0 8 10 7
0 9 7 12
0 11 8 13
1 4 7 8
2 11 6 8
3 5 6 13
3 9 8 12
3 10 6 7
6 9 9 13
7 11 8 8
(81, 107)

Arvore 336
0 1 6 6
0 8 10 7
0 9 7 12
0 11 8 13
1 4 7 8
2 11 6 8
3 5 6 13
3 9 8 12
3 10 6 7
6 10 14 10
7 11 8 8
(86, 104)

Arvore 337
0 1 6 6
0 6 10 12
0 9 7 12
0 11 8 13
1 4 7 8
2 11 6 8
3 5 6 13
3 9 8 12
3 10 6 7
4 8 8 13
7 11 8 8
(80, 112)

Arvore 338
0 1 6 6
0 9 7 12
0 11 8 13
1 4 7 8
2 11 6 8
3 5 6 13
3 9 8 12
3 10 6 7
4 8 8 13
6 8 14 10
7 11 8 8
(84, 110)

Arvore 339
0 1 6 6
0 9 7 12
0 11 8 13
1 4 7 8
2 11 6 8
3 5 6 13
3 9 8 12
3 10 6 7
4 8 8 13
6 9 9 13
7 11 8 8
(79, 113)

Arvore 340
0 1 6 6
0 9 7 12
0 11 8 13
1 4 7 8
2 11 6 8
3 5 6 13
3 9 8 12
3 10 6 7
4 8 8 13
6 10 14 10
7 11 8 8
(84, 110)

Arvore 341
0 1 6 6
0 6 10 12
0 8 10 7
0 9 7 12
1 4 7 8
1 5 11 10
2 9 15 7
2 11 6 8
3 10 6 7
7 10 9 6
7 11 8 8
(95, 91)

Arvore 342
0 1 6 6
0 8 10 7
0 9 7 12
1 4 7 8
1 5 11 10
2 9 15 7
2 11 6 8
3 10 6 7
6 8 14 10
7 10 9 6
7 11 8 8
(99, 89)

Arvore 343
0 1 6 6
0 8 10 7
0 9 7 12
1 4 7 8
1 5 11 10
2 9 15 7
2 11 6 8
3 10 6 7
6 9 9 13
7 10 9 6
7 11 8 8
(94, 92)

Arvore 344
0 1 6 6
0 8 10 7
0 9 7 12
1 4 7 8
1 5 11 10
2 9 15 7
2 11 6 8
3 10 6 7
6 10 14 10
7 10 9 6
7 11 8 8
(99, 89)

Arvore 345
0 1 6 6
0 6 10 12
0 8 10 7
0 9 7 12
1 4 7 8
1 5 11 10
1 11 9 9
2 11 6 8
3 10 6 7
7 10 9 6
7 11 8 8
(89, 93)

Arvore 346
0 1 6 6
0 8 10 7
0 9 7 12
1 4 7 8
1 5 11 10
1 11 9 9
2 11 6 8
3 10 6 7
6 8 14 10
7 10 9 6
7 11 8 8
(93, 91)

Arvore 347
0 1 6 6
0 8 10 7
0 9 7 12
1 4 7 8
1 5 11 10
1 11 9 9
2 11 6 8
3 10 6 7
6 9 9 13
7 10 9 6
7 11 8 8
(88, 94)

Arvore 348
0 1 6 6
0 8 10 7
0 9 7 12
1 4 7 8
1 5 11 10
1 11 9 9
2 11 6 8
3 10 6 7
6 10 14 10
7 10 9 6
7 11 8 8
(93, 91)

Arvore 349
0 1 6 6
0 6 10 12
0 8 10 7
0 9 7 12
1 4 7 8
1 5 11 10
2 11 6 8
3 9 8 12
3 10 6 7
7 10 9 6
7 11 8 8
(88, 96)

Arvore 350
0 1 6 6
0 8 10 7
0 9 7 12
1 4 7 8
1 5 11 10
2 11 6 8
3 9 8 12
3 10 6 7
6 8 14 10
7 10 9 6
7 11 8 8
(92, 94)

Arvore 351
0 1 6 6
0 8 10 7
0 9 7 12
1 4 7 8
1 5 11 10
2 11 6 8
3 9 8 12
3 10 6 7
6 9 9 13
7 10 9 6
7 11 8 8
(87, 97)

Arvore 352
0 1 6 6
0 8 10 7
0 9 7 12
1 4 7 8
1 5 11 10
2 11 6 8
3 9 8 12
3 10 6 7
6 10 14 10
7 10 9 6
7 11 8 8
(92, 94)

Arvore 353
0 2 0 94
0 4 6 13
0 6 10 12
0 8 10 7
1 2 94 0
1 9 9 6
2 11 6 8
3 5 6 13
3 10 6 7
7 10 9 6
7 11 8 8
(164, 174)

Arvore 354
0 2 0 94
0 4 6 13
0 8 10 7
1 2 94 0
1 9 9 6
2 11 6 8
3 5 6 13
3 10 6 7
6 8 14 10
7 10 9 6
7 11 8 8
(168, 172)

Arvore 355
0 2 0 94
0 4 6 13
0 8 10 7
1 2 94 0
1 9 9 6
2 11 6 8
3 5 6 13
3 10 6 7
6 9 9 13
7 10 9 6
7 11 8 8
(163, 175)

Arvore 356
0 2 0 94
0 4 6 13
0 8 10 7
1 2 94 0
1 9 9 6
2 11 6 8
3 5 6 13
3 10 6 7
6 10 14 10
7 10 9 6
7 11 8 8
(168, 172)

Arvore 357
0 2 0 94
0 4 6 13
0 6 10 12
1 2 94 0
1 9 9 6
2 11 6 8
3 5 6 13
3 10 6 7
4 8 8 13
7 10 9 6
7 11 8 8
(162, 180)

Arvore 358
0 2 0 94
0 4 6 13
1 2 94 0
1 9 9 6
2 11 6 8
3 5 6 13
3 10 6 7
4 8 8 13
6 8 14 10
7 10 9 6
7 11 8 8
(166, 178)

Arvore 359
0 2 0 94
0 4 6 13
1 2 94 0
1 9 9 6
2 11 6 8
3 5 6 13
3 10 6 7
4 8 8 13
6 9 9 13
7 10 9 6
7 11 8 8
(161, 181)

Arvore 360
0 2 0 94
0 4 6 13
1 2 94 0
1 9 9 6
2 11 6 8
3 5 6 13
3 10 6 7
4 8 8 13
6 10 14 10
7 10 9 6
7 11 8 8
(166, 178)

Arvore 361
0 2 0 94
0 4 6 13
0 6 10 12
0 8 10 7
1 2 94 0
1 9 9 6
2 11 6 8
3 5 6 13
3 9 8 12
3 10 6 7
7 11 8 8
(163, 180)

Arvore 362
0 2 0 94
0 4 6 13
0 8 10 7
1 2 94 0
1 9 9 6
2 11 6 8
3 5 6 13
3 9 8 12
3 10 6 7
6 8 14 10
7 11 8 8
(167, 178)

Arvore 363
0 2 0 94
0 4 6 13
0 8 10 7
1 2 94 0
1 9 9 6
2 11 6 8
3 5 6 13
3 9 8 12
3 10 6 7
6 9 9 13
7 11 8 8
(162, 181)

Arvore 364
0 2 0 94
0 4 6 13
0 8 10 7
1 2 94 0
1 9 9 6
2 11 6 8
3 5 6 13
3 9 8 12
3 10 6 7
6 10 14 10
7 11 8 8
(167, 178)

Arvore 365
0 2 0 94
0 4 6 13
0 6 10 12
1 2 94 0
1 9 9 6
2 11 6 8
3 5 6 13
3 9 8 12
3 10 6 7
4 8 8 13
7 11 8 8
(161, 186)

Arvore 366
0 2 0 94
0 4 6 13
1 2 94 0
1 9 9 6
2 11 6 8
3 5 6 13
3 9 8 12
3 10 6 7
4 8 8 13
6 8 14 10
7 11 8 8
(165, 184)

Arvore 367
0 2 0 94
0 4 6 13
1 2 94 0
1 9 9 6
2 11 6 8
3 5 6 13
3 9 8 12
3 10 6 7
4 8 8 13
6 9 9 13
7 11 8 8
(160, 187)

Arvore 368
0 2 0 94
0 4 6 13
1 2 94 0
1 9 9 6
2 11 6 8
3 5 6 13
3 9 8 12
3 10 6 7
4 8 8 13
6 10 14 10
7 11 8 8
(165, 184)

Arvore 369
0 2 0 94
0 4 6 13
0 6 10 12
0 8 10 7
1 2 94 0
1 5 11 10
1 9 9 6
2 11 6 8
3 10 6 7
7 10 9 6
7 11 8 8
(169, 171)

Arvore 370
0 2 0 94
0 4 6 13
0 8 10 7
1 2 94 0
1 5 11 10
1 9 9 6
2 11 6 8
3 10 6 7
6 8 14 10
7 10 9 6
7 11 8 8
(173, 169)

Arvore 371
0 2 0 94
0 4 6 13
0 8 10 7
1 2 94 0
1 5 11 10
1 9 9 6
2 11 6 8
3 10 6 7
6 9 9 13
7 10 9 6
7 11 8 8
(168, 172)

Arvore 372
0 2 0 94
0 4 6 13
0 8 10 7
1 2 94 0
1 5 11 10
1 9 9 6
2 11 6 8
3 10 6 7
6 10 14 10
7 10 9 6
7 11 8 8
(173, 169)

Arvore 373
0 2 0 94
0 4 6 13
0 6 10 12
0 8 10 7
1 2 94 0
1 5 11 10
1 9 9 6
2 11 6 8
3 9 8 12
3 10 6 7
7 11 8 8
(168, 177)

Arvore 374
0 2 0 94
0 4 6 13
0 8 10 7
1 2 94 0
1 5 11 10
1 9 9 6
2 11 6 8
3 9 8 12
3 10 6 7
6 8 14 10
7 11 8 8
(172, 175)

Arvore 375
0 2 0 94
0 4 6 13
0 8 10 7
1 2 94 0
1 5 11 10
1 9 9 6
2 11 6 8
3 9 8 12
3 10 6 7
6 9 9 13
7 11 8 8
(167, 178)

Arvore 376
0 2 0 94
0 4 6 13
0 8 10 7
1 2 94 0
1 5 11 10
1 9 9 6
2 11 6 8
3 9 8 12
3 10 6 7
6 10 14 10
7 11 8 8
(172, 175)

Arvore 377
0 2 0 94
0 6 10 12
0 8 10 7
1 2 94 0
1 4 7 8
1 9 9 6
2 11 6 8
3 5 6 13
3 10 6 7
7 10 9 6
7 11 8 8
(165, 169)

Arvore 378
0 2 0 94
0 8 10 7
1 2 94 0
1 4 7 8
1 9 9 6
2 11 6 8
3 5 6 13
3 10 6 7
6 8 14 10
7 10 9 6
7 11 8 8
(169, 167)

Arvore 379
0 2 0 94
0 8 10 7
1 2 94 0
1 4 7 8
1 9 9 6
2 11 6 8
3 5 6 13
3 10 6 7
6 9 9 13
7 10 9 6
7 11 8 8
(164, 170)

Arvore 380
0 2 0 94
0 8 10 7
1 2 94 0
1 4 7 8
1 9 9 6
2 11 6 8
3 5 6 13
3 10 6 7
6 10 14 10
7 10 9 6
7 11 8 8
(169, 167)

Arvore 381
0 2 0 94
0 6 10 12
1 2 94 0
1 4 7 8
1 9 9 6
2 11 6 8
3 5 6 13
3 10 6 7
4 8 8 13
7 10 9 6
7 11 8 8
(163, 175)

Arvore 382
0 2 0 94
1 2 94 0
1 4 7 8
1 9 9 6
2 11 6 8
3 5 6 13
3 10 6 7
4 8 8 13
6 8 14 10
7 10 9 6
7 11 8 8
(167, 173)

Arvore 383
0 2 0 94
1 2 94 0
1 4 7 8
1 9 9 6
2 11 6 8
3 5 6 13
3 10 6 7
4 8 8 13
6 9 9 13
7 10 9 6
7 11 8 8
(162, 176)

Arvore 384
0 2 0 94
1 2 94 0
1 4 7 8
1 9 9 6
2 11 6 8
3 5 6 13
3 10 6 7
4 8 8 13
6 10 14 10
7 10 9 6
7 11 8 8
(167, 173)

Arvore 385
0 2 0 94
0 6 10 12
0 8 10 7
1 2 94 0
1 4 7 8
1 9 9 6
2 11 6 8
3 5 6 13
3 9 8 12
3 10 6 7
7 11 8 8
(164, 175)

Arvore 386
0 2 0 94
0 8 10 7
1 2 94 0
1 4 7 8
1 9 9 6
2 11 6 8
3 5 6 13
3 9 8 12
3 10 6 7
6 8 14 10
7 11 8 8
(168, 173)

Arvore 387
0 2 0 94
0 8 10 7
1 2 94 0
1 4 7 8
1 9 9 6
2 11 6 8
3 5 6 13
3 9 8 12
3 10 6 7
6 9 9 13
7 11 8 8
(163, 176)

Arvore 388
0 2 0 94
0 8 10 7
1 2 94 0
1 4 7 8
1 9 9 6
2 11 6 8
3 5 6 13
3 9 8 12
3 10 6 7
6 10 14 10
7 11 8 8
(168, 173)

Arvore 389
0 2 0 94
0 6 10 12
1 2 94 0
1 4 7 8
1 9 9 6
2 11 6 8
3 5 6 13
3 9 8 12
3 10 6 7
4 8 8 13
7 11 8 8
(162, 181)

Arvore 390
0 2 0 94
1 2 94 0
1 4 7 8
1 9 9 6
2 11 6 8
3 5 6 13
3 9 8 12
3 10 6 7
4 8 8 13
6 8 14 10
7 11 8 8
(166, 179)

Arvore 391
0 2 0 94
1 2 94 0
1 4 7 8
1 9 9 6
2 11 6 8
3 5 6 13
3 9 8 12
3 10 6 7
4 8 8 13
6 9 9 13
7 11 8 8
(161, 182)

Arvore 392
0 2 0 94
1 2 94 0
1 4 7 8
1 9 9 6
2 11 6 8
3 5 6 13
3 9 8 12
3 10 6 7
4 8 8 13
6 10 14 10
7 11 8 8
(166, 179)

Arvore 393
0 2 0 94
0 6 10 12
0 8 10 7
1 2 94 0
1 4 7 8
1 5 11 10
1 9 9 6
2 11 6 8
3 10 6 7
7 10 9 6
7 11 8 8
(170, 166)

Arvore 394
0 2 0 94
0 8 10 7
1 2 94 0
1 4 7 8
1 5 11 10
1 9 9 6
2 11 6 8
3 10 6 7
6 8 14 10
7 10 9 6
7 11 8 8
(174, 164)

Arvore 395
0 2 0 94
0 8 10 7
1 2 94 0
1 4 7 8
1 5 11 10
1 9 9 6
2 11 6 8
3 10 6 7
6 9 9 13
7 10 9 6
7 11 8 8
(169, 167)

Arvore 396
0 2 0 94
0 8 10 7
1 2 94 0
1 4 7 8
1 5 11 10
1 9 9 6
2 11 6 8
3 10 6 7
6 10 14 10
7 10 9 6
7 11 8 8
(174, 164)

Arvore 397
0 2 0 94
0 6 10 12
0 8 10 7
1 2 94 0
1 4 7 8
1 5 11 10
1 9 9 6
2 11 6 8
3 9 8 12
3 10 6 7
7 11 8 8
(169, 172)

Arvore 398
0 2 0 94
0 8 10 7
1 2 94 0
1 4 7 8
1 5 11 10
1 9 9 6
2 11 6 8
3 9 8 12
3 10 6 7
6 8 14 10
7 11 8 8
(173, 170)

Arvore 399
0 2 0 94
0 8 10 7
1 2 94 0
1 4 7 8
1 5 11 10
1 9 9 6
2 11 6 8
3 9 8 12
3 10 6 7
6 9 9 13
7 11 8 8
(168, 173)

Arvore 400
0 2 0 94
0 8 10 7
1 2 94 0
1 4 7 8
1 5 11 10
1 9 9 6
2 11 6 8
3 9 8 12
3 10 6 7
6 10 14 10
7 11 8 8
(173, 170)

Arvore 401
0 2 0 94
0 4 6 13
0 6 10 12
0 8 10 7
0 9 7 12
1 2 94 0
2 11 6 8
3 5 6 13
3 10 6 7
7 10 9 6
7 11 8 8
(162, 180)

Arvore 402
0 2 0 94
0 4 6 13
0 8 10 7
0 9 7 12
1 2 94 0
2 11 6 8
3 5 6 13
3 10 6 7
6 8 14 10
7 10 9 6
7 11 8 8
(166, 178)

Arvore 403
0 2 0 94
0 4 6 13
0 8 10 7
0 9 7 12
1 2 94 0
2 11 6 8
3 5 6 13
3 10 6 7
6 9 9 13
7 10 9 6
7 11 8 8
(161, 181)

Arvore 404
0 2 0 94
0 4 6 13
0 8 10 7
0 9 7 12
1 2 94 0
2 11 6 8
3 5 6 13
3 10 6 7
6 10 14 10
7 10 9 6
7 11 8 8
(166, 178)

Arvore 405
0 2 0 94
0 4 6 13
0 6 10 12
0 9 7 12
1 2 94 0
2 11 6 8
3 5 6 13
3 10 6 7
4 8 8 13
7 10 9 6
7 11 8 8
(160, 186)

Arvore 406
0 2 0 94
0 4 6 13
0 9 7 12
1 2 94 0
2 11 6 8
3 5 6 13
3 10 6 7
4 8 8 13
6 8 14 10
7 10 9 6
7 11 8 8
(164, 184)

Arvore 407
0 2 0 94
0 4 6 13
0 9 7 12
1 2 94 0
2 11 6 8
3 5 6 13
3 10 6 7
4 8 8 13
6 9 9 13
7 10 9 6
7 11 8 8
(159, 187)

Arvore 408
0 2 0 94
0 4 6 13
0 9 7 12
1 2 94 0
2 11 6 8
3 5 6 13
3 10 6 7
4 8 8 13
6 10 14 10
7 10 9 6
7 11 8 8
(164, 184)

Arvore 409
0 2 0 94
0 4 6 13
0 6 10 12
0 8 10 7
0 9 7 12
1 2 94 0
2 11 6 8
3 5 6 13
3 9 8 12
3 10 6 7
7 11 8 8
(161, 186)

Arvore 410
0 2 0 94
0 4 6 13
0 8 10 7
0 9 7 12
1 2 94 0
2 11 6 8
3 5 6 13
3 9 8 12
3 10 6 7
6 8 14 10
7 11 8 8
(165, 184)

Arvore 411
0 2 0 94
0 4 6 13
0 8 10 7
0 9 7 12
1 2 94 0
2 11 6 8
3 5 6 13
3 9 8 12
3 10 6 7
6 9 9 13
7 11 8 8
(160, 187)

Arvore 412
0 2 0 94
0 4 6 13
0 8 10 7
0 9 7 12
1 2 94 0
2 11 6 8
3 5 6 13
3 9 8 12
3 10 6 7
6 10 14 10
7 11 8 8
(165, 184)

Arvore 413
0 2 0 94
0 4 6 13
0 6 10 12
0 9 7 12
1 2 94 0
2 11 6 8
3 5 6 13
3 9 8 12
3 10 6 7
4 8 8 13
7 11 8 8
(159, 192)

Arvore 414
0 2 0 94
0 4 6 13
0 9 7 12
1 2 94 0
2 11 6 8
3 5 6 13
3 9 8 12
3 10 6 7
4 8 8 13
6 8 14 10
7 11 8 8
(163, 190)

Arvore 415
0 2 0 94
0 4 6 13
0 9 7 12
1 2 94 0
2 11 6 8
3 5 6 13
3 9 8 12
3 10 6 7
4 8 8 13
6 9 9 13
7 11 8 8
(158, 193)

Arvore 416
0 2 0 94
0 4 6 13
0 9 7 12
1 2 94 0
2 11 6 8
3 5 6 13
3 9 8 12
3 10 6 7
4 8 8 13
6 10 14 10
7 11 8 8
(163, 190)

Arvore 417
0 2 0 94
0 4 6 13
0 6 10 12
0 8 10 7
0 9 7 12
1 2 94 0
1 5 11 10
2 11 6 8
3 10 6 7
7 10 9 6
7 11 8 8
(167, 177)

Arvore 418
0 2 0 94
0 4 6 13
0 8 10 7
0 9 7 12
1 2 94 0
1 5 11 10
2 11 6 8
3 10 6 7
6 8 14 10
7 10 9 6
7 11 8 8
(171, 175)

Arvore 419
0 2 0 94
0 4 6 13
0 8 10 7
0 9 7 12
1 2 94 0
1 5 11 10
2 11 6 8
3 10 6 7
6 9 9 13
7 10 9 6
7 11 8 8
(166, 178)

Arvore 420
0 2 0 94
0 4 6 13
0 8 10 7
0 9 7 12
1 2 94 0
1 5 11 10
2 11 6 8
3 10 6 7
6 10 14 10
7 10 9 6
7 11 8 8
(171, 175)

Arvore 421
0 2 0 94
0 4 6 13
0 6 10 12
0 8 10 7
0 9 7 12
1 2 94 0
1 5 11 10
2 11 6 8
3 9 8 12
3 10 6 7
7 11 8 8
(166, 183)

Arvore 422
0 2 0 94
0 4 6 13
0 8 10 7
0 9 7 12
1 2 94 0
1 5 11 10
2 11 6 8
3 9 8 12
3 10 6 7
6 8 14 10
7 11 8 8
(170, 181)

Arvore 423
0 2 0 94
0 4 6 13
0 8 10 7
0 9 7 12
1 2 94 0
1 5 11 10
2 11 6 8
3 9 8 12
3 10 6 7
6 9 9 13
7 11 8 8
(165, 184)

Arvore 424
0 2 0 94
0 4 6 13
0 8 10 7
0 9 7 12
1 2 94 0
1 5 11 10
2 11 6 8
3 9 8 12
3 10 6 7
6 10 14 10
7 11 8 8
(170, 181)

Arvore 425
0 2 0 94
0 6 10 12
0 8 10 7
0 9 7 12
1 2 94 0
1 4 7 8
2 11 6 8
3 5 6 13
3 10 6 7
7 10 9 6
7 11 8 8
(163, 175)

Arvore 426
0 2 0 94
0 8 10 7
0 9 7 12
1 2 94 0
1 4 7 8
2 11 6 8
3 5 6 13
3 10 6 7
6 8 14 10
7 10 9 6
7 11 8 8
(167, 173)

Arvore 427
0 2 0 94
0 8 10 7
0 9 7 12
1 2 94 0
1 4 7 8
2 11 6 8
3 5 6 13
3 10 6 7
6 9 9 13
7 10 9 6
7 11 8 8
(162, 176)

Arvore 428
0 2 0 94
0 8 10 7
0 9 7 12
1 2 94 0
1 4 7 8
2 11 6 8
3 5 6 13
3 10 6 7
6 10 14 10
7 10 9 6
7 11 8 8
(167, 173)

Arvore 429
0 2 0 94
0 6 10 12
0 9 7 12
1 2 94 0
1 4 7 8
2 11 6 8
3 5 6 13
3 10 6 7
4 8 8 13
7 10 9 6
7 11 8 8
(161, 181)

Arvore 430
0 2 0 94
0 9 7 12
1 2 94 0
1 4 7 8
2 11 6 8
3 5 6 13
3 10 6 7
4 8 8 13
6 8 14 10
7 10 9 6
7 11 8 8
(165, 179)

Arvore 431
0 2 0 94
0 9 7 12
1 2 94 0
1 4 7 8
2 11 6 8
3 5 6 13
3 10 6 7
4 8 8 13
6 9 9 13
7 10 9 6
7 11 8 8
(160, 182)

Arvore 432
0 2 0 94
0 9 7 12
1 2 94 0
1 4 7 8
2 11 6 8
3 5 6 13
3 10 6 7
4 8 8 13
6 10 14 10
7 10 9 6
7 11 8 8
(165, 179)

Arvore 433
0 2 0 94
0 6 10 12
0 8 10 7
0 9 7 12
1 2 94 0
1 4 7 8
2 11 6 8
3 5 6 13
3 9 8 12
3 10 6 7
7 11 8 8
(162, 181)

Arvore 434
0 2 0 94
0 8 10 7
0 9 7 12
1 2 94 0
1 4 7 8
2 11 6 8
3 5 6 13
3 9 8 12
3 10 6 7
6 8 14 10
7 11 8 8
(166, 179)

Arvore 435
0 2 0 94
0 8 10 7
0 9 7 12
1 2 94 0
1 4 7 8
2 11 6 8
3 5 6 13
3 9 8 12
3 10 6 7
6 9 9 13
7 11 8 8
(161, 182)

Arvore 436
0 2 0 94
0 8 10 7
0 9 7 12
1 2 94 0
1 4 7 8
2 11 6 8
3 5 6 13
3 9 8 12
3 10 6 7
6 10 14 10
7 11 8 8
(166, 179)

Arvore 437
0 2 0 94
0 6 10 12
0 9 7 12
1 2 94 0
1 4 7 8
2 11 6 8
3 5 6 13
3 9 8 12
3 10 6 7
4 8 8 13
7 11 8 8
(160, 187)

Arvore 438
0 2 0 94
0 9 7 12
1 2 94 0
1 4 7 8
2 11 6 8
3 5 6 13
3 9 8 12
3 10 6 7
4 8 8 13
6 8 14 10
7 11 8 8
(164, 185)

Arvore 439
0 2 0 94
0 9 7 12
1 2 94 0
1 4 7 8
2 11 6 8
3 5 6 13
3 9 8 12
3 10 6 7
4 8 8 13
6 9 9 13
7 11 8 8
(159, 188)

Arvore 440
0 2 0 94
0 9 7 12
1 2 94 0
1 4 7 8
2 11 6 8
3 5 6 13
3 9 8 12
3 10 6 7
4 8 8 13
6 10 14 10
7 11 8 8
(164, 185)

Arvore 441
0 2 0 94
0 6 10 12
0 8 10 7
0 9 7 12
1 2 94 0
1 4 7 8
1 5 11 10
2 11 6 8
3 10 6 7
7 10 9 6
7 11 8 8
(168, 172)

Arvore 442
0 2 0 94
0 8 10 7
0 9 7 12
1 2 94 0
1 4 7 8
1 5 11 10
2 11 6 8
3 10 6 7
6 8 14 10
7 10 9 6
7 11 8 8
(172, 170)

Arvore 443
0 2 0 94
0 8 10 7
0 9 7 12
1 2 94 0
1 4 7 8
1 5 11 10
2 11 6 8
3 10 6 7
6 9 9 13
7 10 9 6
7 11 8 8
(167, 173)

Arvore 444
0 2 0 94
0 8 10 7
0 9 7 12
1 2 94 0
1 4 7 8
1 5 11 10
2 11 6 8
3 10 6 7
6 10 14 10
7 10 9 6
7 11 8 8
(172, 170)

Arvore 445
0 2 0 94
0 6 10 12
0 8 10 7
0 9 7 12
1 2 94 0
1 4 7 8
1 5 11 10
2 11 6 8
3 9 8 12
3 10 6 7
7 11 8 8
(167, 178)

Arvore 446
0 2 0 94
0 8 10 7
0 9 7 12
1 2 94 0
1 4 7 8
1 5 11 10
2 11 6 8
3 9 8 12
3 10 6 7
6 8 14 10
7 11 8 8
(171, 176)

Arvore 447
0 2 0 94
0 8 10 7
0 9 7 12
1 2 94 0
1 4 7 8
1 5 11 10
2 11 6 8
3 9 8 12
3 10 6 7
6 9 9 13
7 11 8 8
(166, 179)

Arvore 448
0 2 0 94
0 8 10 7
0 9 7 12
1 2 94 0
1 4 7 8
1 5 11 10
2 11 6 8
3 9 8 12
3 10 6 7
6 10 14 10
7 11 8 8
(171, 176)

