37
0.37
Arvore 1
0 1 14 14
0 2 0 86
0 6 20 22
1 4 17 25
1 5 25 19
3 4 22 21
(98, 187)

Arvore 2
0 1 14 14
0 2 0 86
0 6 20 22
1 4 17 25
1 5 25 19
3 6 21 26
(97, 192)

Arvore 3
0 1 14 14
0 2 0 86
0 5 22 32
0 6 20 22
1 4 17 25
3 4 22 21
(95, 200)

Arvore 4
0 1 14 14
0 2 0 86
0 5 22 32
0 6 20 22
1 4 17 25
3 6 21 26
(94, 205)

Arvore 5
0 1 14 14
0 2 0 86
0 4 27 19
0 6 20 22
1 5 25 19
3 4 22 21
(108, 181)

Arvore 6
0 1 14 14
0 2 0 86
0 4 27 19
0 6 20 22
1 5 25 19
3 6 21 26
(107, 186)

Arvore 7
0 1 14 14
0 2 0 86
1 4 17 25
1 5 25 19
1 6 14 28
3 4 22 21
(92, 193)

Arvore 8
0 1 14 14
0 2 0 86
1 4 17 25
1 5 25 19
1 6 14 28
3 6 21 26
(91, 198)

Arvore 9
0 1 14 14
0 2 0 86
0 5 22 32
1 4 17 25
1 6 14 28
3 4 22 21
(89, 206)

Arvore 10
0 1 14 14
0 2 0 86
0 5 22 32
1 4 17 25
1 6 14 28
3 6 21 26
(88, 211)

Arvore 11
0 1 14 14
0 2 0 86
0 4 27 19
1 5 25 19
1 6 14 28
3 4 22 21
(102, 187)

Arvore 12
0 1 14 14
0 2 0 86
0 4 27 19
1 5 25 19
1 6 14 28
3 6 21 26
(101, 192)

Arvore 13
0 1 14 14
0 6 20 22
1 2 86 0
1 4 17 25
1 5 25 19
3 4 22 21
(184, 101)

Arvore 14
0 1 14 14
0 6 20 22
1 2 86 0
1 4 17 25
1 5 25 19
3 6 21 26
(183, 106)

Arvore 15
0 1 14 14
0 5 22 32
0 6 20 22
1 2 86 0
1 4 17 25
3 4 22 21
(181, 114)

Arvore 16
0 1 14 14
0 5 22 32
0 6 20 22
1 2 86 0
1 4 17 25
3 6 21 26
(180, 119)

Arvore 17
0 1 14 14
0 4 27 19
0 6 20 22
1 2 86 0
1 5 25 19
3 4 22 21
(194, 95)

Arvore 18
0 1 14 14
0 4 27 19
0 6 20 22
1 2 86 0
1 5 25 19
3 6 21 26
(193, 100)

Arvore 19
0 1 14 14
0 6 20 22
1 4 17 25
1 5 25 19
2 4 19 26
3 4 22 21
(117, 127)

Arvore 20
0 1 14 14
0 6 20 22
1 4 17 25
1 5 25 19
2 4 19 26
3 6 21 26
(116, 132)

Arvore 21
0 1 14 14
0 6 20 22
1 4 17 25
1 5 25 19
2 5 26 20
3 4 22 21
(124, 121)

Arvore 22
0 1 14 14
0 6 20 22
1 4 17 25
1 5 25 19
2 5 26 20
3 6 21 26
(123, 126)

Arvore 23
0 1 14 14
0 5 22 32
0 6 20 22
1 4 17 25
2 4 19 26
3 4 22 21
(114, 140)

Arvore 24
0 1 14 14
0 5 22 32
0 6 20 22
1 4 17 25
2 4 19 26
3 6 21 26
(113, 145)

Arvore 25
0 1 14 14
0 4 27 19
0 6 20 22
1 5 25 19
2 4 19 26
3 4 22 21
(127, 121)

Arvore 26
0 1 14 14
0 4 27 19
0 6 20 22
1 5 25 19
2 4 19 26
3 6 21 26
(126, 126)

Arvore 27
0 1 14 14
0 4 27 19
0 6 20 22
1 5 25 19
2 5 26 20
3 4 22 21
(134, 115)

Arvore 28
0 1 14 14
0 4 27 19
0 6 20 22
1 5 25 19
2 5 26 20
3 6 21 26
(133, 120)

Arvore 29
0 1 14 14
1 2 86 0
1 4 17 25
1 5 25 19
1 6 14 28
3 4 22 21
(178, 107)

Arvore 30
0 1 14 14
1 2 86 0
1 4 17 25
1 5 25 19
1 6 14 28
3 6 21 26
(177, 112)

Arvore 31
0 1 14 14
0 5 22 32
1 2 86 0
1 4 17 25
1 6 14 28
3 4 22 21
(175, 120)

Arvore 32
0 1 14 14
0 5 22 32
1 2 86 0
1 4 17 25
1 6 14 28
3 6 21 26
(174, 125)

Arvore 33
0 1 14 14
0 4 27 19
1 2 86 0
1 5 25 19
1 6 14 28
3 4 22 21
(188, 101)

Arvore 34
0 1 14 14
0 4 27 19
1 2 86 0
1 5 25 19
1 6 14 28
3 6 21 26
(187, 106)

Arvore 35
0 1 14 14
1 4 17 25
1 5 25 19
1 6 14 28
2 4 19 26
3 4 22 21
(111, 133)

Arvore 36
0 1 14 14
1 4 17 25
1 5 25 19
1 6 14 28
2 4 19 26
3 6 21 26
(110, 138)

Arvore 37
0 1 14 14
1 4 17 25
1 5 25 19
1 6 14 28
2 5 26 20
3 4 22 21
(118, 127)

Arvore 38
0 1 14 14
1 4 17 25
1 5 25 19
1 6 14 28
2 5 26 20
3 6 21 26
(117, 132)

Arvore 39
0 1 14 14
0 5 22 32
1 4 17 25
1 6 14 28
2 4 19 26
3 4 22 21
(108, 146)

Arvore 40
0 1 14 14
0 5 22 32
1 4 17 25
1 6 14 28
2 4 19 26
3 6 21 26
(107, 151)

Arvore 41
0 1 14 14
0 4 27 19
1 5 25 19
1 6 14 28
2 4 19 26
3 4 22 21
(121, 127)

Arvore 42
0 1 14 14
0 4 27 19
1 5 25 19
1 6 14 28
2 4 19 26
3 6 21 26
(120, 132)

Arvore 43
0 1 14 14
0 4 27 19
1 5 25 19
1 6 14 28
2 5 26 20
3 4 22 21
(128, 121)

Arvore 44
0 1 14 14
0 4 27 19
1 5 25 19
1 6 14 28
2 5 26 20
3 6 21 26
(127, 126)

Arvore 45
0 2 0 86
0 6 20 22
1 2 86 0
1 4 17 25
1 5 25 19
3 4 22 21
(170, 173)

Arvore 46
0 2 0 86
0 6 20 22
1 2 86 0
1 4 17 25
1 5 25 19
3 6 21 26
(169, 178)

Arvore 47
0 2 0 86
0 5 22 32
0 6 20 22
1 2 86 0
1 4 17 25
3 4 22 21
(167, 186)

Arvore 48
0 2 0 86
0 5 22 32
0 6 20 22
1 2 86 0
1 4 17 25
3 6 21 26
(166, 191)

Arvore 49
0 2 0 86
0 4 27 19
0 6 20 22
1 2 86 0
1 5 25 19
3 4 22 21
(180, 167)

Arvore 50
0 2 0 86
0 4 27 19
0 6 20 22
1 2 86 0
1 5 25 19
3 6 21 26
(179, 172)

Arvore 51
0 2 0 86
1 2 86 0
1 4 17 25
1 5 25 19
1 6 14 28
3 4 22 21
(164, 179)

Arvore 52
0 2 0 86
1 2 86 0
1 4 17 25
1 5 25 19
1 6 14 28
3 6 21 26
(163, 184)

Arvore 53
0 2 0 86
0 5 22 32
1 2 86 0
1 4 17 25
1 6 14 28
3 4 22 21
(161, 192)

Arvore 54
0 2 0 86
0 5 22 32
1 2 86 0
1 4 17 25
1 6 14 28
3 6 21 26
(160, 197)

Arvore 55
0 2 0 86
0 4 27 19
1 2 86 0
1 5 25 19
1 6 14 28
3 4 22 21
(174, 173)

Arvore 56
0 2 0 86
0 4 27 19
1 2 86 0
1 5 25 19
1 6 14 28
3 6 21 26
(173, 178)

