26
0.26
Arvore 1
0 1 20 20
0 2 0 80
0 4 22 21
1 5 21 24
3 5 22 22
3 6 24 21
(109, 188)

Arvore 2
0 1 20 20
0 2 0 80
0 4 22 21
0 6 25 21
1 5 21 24
3 6 24 21
(112, 187)

Arvore 3
0 1 20 20
0 2 0 80
0 4 22 21
0 6 25 21
3 5 22 22
3 6 24 21
(113, 185)

Arvore 4
0 1 20 20
0 2 0 80
0 4 22 21
3 4 24 22
3 5 22 22
3 6 24 21
(112, 186)

Arvore 5
0 1 20 20
0 2 0 80
1 4 21 23
1 5 21 24
3 5 22 22
3 6 24 21
(108, 190)

Arvore 6
0 1 20 20
0 2 0 80
0 6 25 21
1 4 21 23
1 5 21 24
3 6 24 21
(111, 189)

Arvore 7
0 1 20 20
0 2 0 80
0 6 25 21
1 4 21 23
3 5 22 22
3 6 24 21
(112, 187)

Arvore 8
0 1 20 20
0 2 0 80
1 4 21 23
3 4 24 22
3 5 22 22
3 6 24 21
(111, 188)

Arvore 9
0 1 20 20
0 4 22 21
1 2 80 0
1 5 21 24
3 5 22 22
3 6 24 21
(189, 108)

Arvore 10
0 1 20 20
0 4 22 21
0 6 25 21
1 2 80 0
1 5 21 24
3 6 24 21
(192, 107)

Arvore 11
0 1 20 20
0 4 22 21
0 6 25 21
1 2 80 0
3 5 22 22
3 6 24 21
(193, 105)

Arvore 12
0 1 20 20
0 4 22 21
1 2 80 0
3 4 24 22
3 5 22 22
3 6 24 21
(192, 106)

Arvore 13
0 1 20 20
0 4 22 21
1 5 21 24
2 4 23 23
3 5 22 22
3 6 24 21
(132, 131)

Arvore 14
0 1 20 20
0 4 22 21
0 6 25 21
1 5 21 24
2 4 23 23
3 6 24 21
(135, 130)

Arvore 15
0 1 20 20
0 4 22 21
0 6 25 21
2 4 23 23
3 5 22 22
3 6 24 21
(136, 128)

Arvore 16
0 1 20 20
0 4 22 21
2 4 23 23
3 4 24 22
3 5 22 22
3 6 24 21
(135, 129)

Arvore 17
0 1 20 20
1 2 80 0
1 4 21 23
1 5 21 24
3 5 22 22
3 6 24 21
(188, 110)

Arvore 18
0 1 20 20
0 6 25 21
1 2 80 0
1 4 21 23
1 5 21 24
3 6 24 21
(191, 109)

Arvore 19
0 1 20 20
0 6 25 21
1 2 80 0
1 4 21 23
3 5 22 22
3 6 24 21
(192, 107)

Arvore 20
0 1 20 20
1 2 80 0
1 4 21 23
3 4 24 22
3 5 22 22
3 6 24 21
(191, 108)

Arvore 21
0 1 20 20
1 4 21 23
1 5 21 24
2 4 23 23
3 5 22 22
3 6 24 21
(131, 133)

Arvore 22
0 1 20 20
0 6 25 21
1 4 21 23
1 5 21 24
2 4 23 23
3 6 24 21
(134, 132)

Arvore 23
0 1 20 20
0 6 25 21
1 4 21 23
2 4 23 23
3 5 22 22
3 6 24 21
(135, 130)

Arvore 24
0 1 20 20
1 4 21 23
2 4 23 23
3 4 24 22
3 5 22 22
3 6 24 21
(134, 131)

Arvore 25
0 2 0 80
0 4 22 21
1 2 80 0
1 5 21 24
3 5 22 22
3 6 24 21
(169, 168)

Arvore 26
0 2 0 80
0 4 22 21
0 6 25 21
1 2 80 0
1 5 21 24
3 6 24 21
(172, 167)

Arvore 27
0 2 0 80
0 4 22 21
0 6 25 21
1 2 80 0
3 5 22 22
3 6 24 21
(173, 165)

Arvore 28
0 2 0 80
0 4 22 21
1 2 80 0
3 4 24 22
3 5 22 22
3 6 24 21
(172, 166)

Arvore 29
0 2 0 80
1 2 80 0
1 4 21 23
1 5 21 24
3 5 22 22
3 6 24 21
(168, 170)

Arvore 30
0 2 0 80
0 6 25 21
1 2 80 0
1 4 21 23
1 5 21 24
3 6 24 21
(171, 169)

Arvore 31
0 2 0 80
0 6 25 21
1 2 80 0
1 4 21 23
3 5 22 22
3 6 24 21
(172, 167)

Arvore 32
0 2 0 80
1 2 80 0
1 4 21 23
3 4 24 22
3 5 22 22
3 6 24 21
(171, 168)

