724
7.24
Arvore 1
0 1 21 24
0 9 66 43
1 2 69 75
2 3 31 58
4 5 73 57
4 13 44 29
5 6 37 52
6 7 61 51
6 15 33 31
7 8 32 49
7 16 28 48
9 10 25 45
9 18 39 38
11 12 5 6
12 21 3 36
13 22 12 29
14 23 42 32
16 25 82 61
17 26 9 13
18 19 41 48
19 20 12 27
20 21 10 12
21 22 19 19
22 23 19 50
24 25 58 44
25 26 79 63
(950, 1040)

Arvore 2
0 1 21 24
0 9 66 43
1 2 69 75
2 3 31 58
4 5 73 57
4 13 44 29
5 6 37 52
6 7 61 51
6 15 33 31
7 8 32 49
7 16 28 48
9 10 25 45
9 18 39 38
11 12 5 6
12 21 3 36
13 22 12 29
14 23 42 32
17 26 9 13
18 19 41 48
19 20 12 27
20 21 10 12
21 22 19 19
22 23 19 50
23 24 84 51
24 25 58 44
25 26 79 63
(952, 1030)

Arvore 3
0 1 21 24
0 9 66 43
1 2 69 75
2 3 31 58
4 5 73 57
4 13 44 29
5 6 37 52
6 7 61 51
6 15 33 31
7 8 32 49
7 16 28 48
9 10 25 45
9 18 39 38
11 12 5 6
12 21 3 36
13 22 12 29
14 23 42 32
15 24 81 64
17 26 9 13
18 19 41 48
19 20 12 27
20 21 10 12
21 22 19 19
22 23 19 50
24 25 58 44
25 26 79 63
(949, 1043)

Arvore 4
0 1 21 24
0 9 66 43
2 3 31 58
3 4 83 61
4 5 73 57
4 13 44 29
5 6 37 52
6 7 61 51
6 15 33 31
7 8 32 49
7 16 28 48
9 10 25 45
9 18 39 38
11 12 5 6
12 21 3 36
13 22 12 29
14 23 42 32
16 25 82 61
17 26 9 13
18 19 41 48
19 20 12 27
20 21 10 12
21 22 19 19
22 23 19 50
24 25 58 44
25 26 79 63
(964, 1026)

Arvore 5
0 1 21 24
0 9 66 43
2 3 31 58
3 12 79 70
4 5 73 57
4 13 44 29
5 6 37 52
6 7 61 51
6 15 33 31
7 8 32 49
7 16 28 48
9 10 25 45
9 18 39 38
11 12 5 6
12 21 3 36
13 22 12 29
14 23 42 32
16 25 82 61
17 26 9 13
18 19 41 48
19 20 12 27
20 21 10 12
21 22 19 19
22 23 19 50
24 25 58 44
25 26 79 63
(960, 1035)

Arvore 6
0 1 21 24
0 9 66 43
2 3 31 58
3 4 83 61
4 5 73 57
4 13 44 29
5 6 37 52
6 7 61 51
6 15 33 31
7 8 32 49
7 16 28 48
9 10 25 45
9 18 39 38
11 12 5 6
12 21 3 36
13 22 12 29
14 23 42 32
17 26 9 13
18 19 41 48
19 20 12 27
20 21 10 12
21 22 19 19
22 23 19 50
23 24 84 51
24 25 58 44
25 26 79 63
(966, 1016)

Arvore 7
0 1 21 24
0 9 66 43
2 3 31 58
3 12 79 70
4 5 73 57
4 13 44 29
5 6 37 52
6 7 61 51
6 15 33 31
7 8 32 49
7 16 28 48
9 10 25 45
9 18 39 38
11 12 5 6
12 21 3 36
13 22 12 29
14 23 42 32
17 26 9 13
18 19 41 48
19 20 12 27
20 21 10 12
21 22 19 19
22 23 19 50
23 24 84 51
24 25 58 44
25 26 79 63
(962, 1025)

Arvore 8
0 1 21 24
0 9 66 43
2 3 31 58
3 12 79 70
4 5 73 57
4 13 44 29
5 6 37 52
6 7 61 51
6 15 33 31
7 8 32 49
7 16 28 48
9 10 25 45
9 18 39 38
11 12 5 6
12 21 3 36
13 22 12 29
14 23 42 32
15 24 81 64
17 26 9 13
18 19 41 48
19 20 12 27
20 21 10 12
21 22 19 19
22 23 19 50
24 25 58 44
25 26 79 63
(959, 1038)

Arvore 9
0 1 21 24
0 9 66 43
2 3 31 58
3 4 83 61
4 5 73 57
4 13 44 29
5 6 37 52
6 7 61 51
6 15 33 31
7 8 32 49
7 16 28 48
9 10 25 45
9 18 39 38
11 12 5 6
12 21 3 36
13 22 12 29
14 23 42 32
15 24 81 64
17 26 9 13
18 19 41 48
19 20 12 27
20 21 10 12
21 22 19 19
22 23 19 50
24 25 58 44
25 26 79 63
(963, 1029)

Arvore 10
0 1 21 24
0 9 66 43
1 2 69 75
2 3 31 58
4 5 73 57
4 13 44 29
5 6 37 52
6 15 33 31
7 8 32 49
7 16 28 48
9 10 25 45
9 18 39 38
11 12 5 6
12 21 3 36
13 22 12 29
14 23 42 32
15 16 70 47
16 25 82 61
17 26 9 13
18 19 41 48
19 20 12 27
20 21 10 12
21 22 19 19
22 23 19 50
24 25 58 44
25 26 79 63
(959, 1036)

Arvore 11
0 1 21 24
0 9 66 43
1 2 69 75
2 3 31 58
4 5 73 57
4 13 44 29
5 6 37 52
6 15 33 31
7 8 32 49
7 16 28 48
9 10 25 45
9 18 39 38
11 12 5 6
12 21 3 36
13 22 12 29
14 23 42 32
15 16 70 47
17 26 9 13
18 19 41 48
19 20 12 27
20 21 10 12
21 22 19 19
22 23 19 50
23 24 84 51
24 25 58 44
25 26 79 63
(961, 1026)

Arvore 12
0 1 21 24
0 9 66 43
1 2 69 75
2 3 31 58
4 5 73 57
4 13 44 29
5 6 37 52
6 15 33 31
7 8 32 49
7 16 28 48
9 10 25 45
9 18 39 38
11 12 5 6
12 21 3 36
13 22 12 29
14 23 42 32
15 16 70 47
15 24 81 64
17 26 9 13
18 19 41 48
19 20 12 27
20 21 10 12
21 22 19 19
22 23 19 50
24 25 58 44
25 26 79 63
(958, 1039)

Arvore 13
0 1 21 24
0 9 66 43
2 3 31 58
3 4 83 61
4 5 73 57
4 13 44 29
5 6 37 52
6 15 33 31
7 8 32 49
7 16 28 48
9 10 25 45
9 18 39 38
11 12 5 6
12 21 3 36
13 22 12 29
14 23 42 32
15 16 70 47
16 25 82 61
17 26 9 13
18 19 41 48
19 20 12 27
20 21 10 12
21 22 19 19
22 23 19 50
24 25 58 44
25 26 79 63
(973, 1022)

Arvore 14
0 1 21 24
0 9 66 43
2 3 31 58
3 12 79 70
4 5 73 57
4 13 44 29
5 6 37 52
6 15 33 31
7 8 32 49
7 16 28 48
9 10 25 45
9 18 39 38
11 12 5 6
12 21 3 36
13 22 12 29
14 23 42 32
15 16 70 47
16 25 82 61
17 26 9 13
18 19 41 48
19 20 12 27
20 21 10 12
21 22 19 19
22 23 19 50
24 25 58 44
25 26 79 63
(969, 1031)

Arvore 15
0 1 21 24
0 9 66 43
2 3 31 58
3 4 83 61
4 5 73 57
4 13 44 29
5 6 37 52
6 15 33 31
7 8 32 49
7 16 28 48
9 10 25 45
9 18 39 38
11 12 5 6
12 21 3 36
13 22 12 29
14 23 42 32
15 16 70 47
17 26 9 13
18 19 41 48
19 20 12 27
20 21 10 12
21 22 19 19
22 23 19 50
23 24 84 51
24 25 58 44
25 26 79 63
(975, 1012)

Arvore 16
0 1 21 24
0 9 66 43
2 3 31 58
3 12 79 70
4 5 73 57
4 13 44 29
5 6 37 52
6 15 33 31
7 8 32 49
7 16 28 48
9 10 25 45
9 18 39 38
11 12 5 6
12 21 3 36
13 22 12 29
14 23 42 32
15 16 70 47
17 26 9 13
18 19 41 48
19 20 12 27
20 21 10 12
21 22 19 19
22 23 19 50
23 24 84 51
24 25 58 44
25 26 79 63
(971, 1021)

Arvore 17
0 1 21 24
0 9 66 43
2 3 31 58
3 12 79 70
4 5 73 57
4 13 44 29
5 6 37 52
6 15 33 31
7 8 32 49
7 16 28 48
9 10 25 45
9 18 39 38
11 12 5 6
12 21 3 36
13 22 12 29
14 23 42 32
15 16 70 47
15 24 81 64
17 26 9 13
18 19 41 48
19 20 12 27
20 21 10 12
21 22 19 19
22 23 19 50
24 25 58 44
25 26 79 63
(968, 1034)

Arvore 18
0 1 21 24
0 9 66 43
2 3 31 58
3 4 83 61
4 5 73 57
4 13 44 29
5 6 37 52
6 15 33 31
7 8 32 49
7 16 28 48
9 10 25 45
9 18 39 38
11 12 5 6
12 21 3 36
13 22 12 29
14 23 42 32
15 16 70 47
15 24 81 64
17 26 9 13
18 19 41 48
19 20 12 27
20 21 10 12
21 22 19 19
22 23 19 50
24 25 58 44
25 26 79 63
(972, 1025)

Arvore 19
0 1 21 24
1 2 69 75
1 10 65 79
2 3 31 58
4 5 73 57
4 13 44 29
5 6 37 52
6 7 61 51
6 15 33 31
7 8 32 49
7 16 28 48
9 10 25 45
9 18 39 38
11 12 5 6
12 21 3 36
13 22 12 29
14 23 42 32
16 25 82 61
17 26 9 13
18 19 41 48
19 20 12 27
20 21 10 12
21 22 19 19
22 23 19 50
24 25 58 44
25 26 79 63
(949, 1076)

Arvore 20
0 1 21 24
1 2 69 75
1 10 65 79
2 3 31 58
4 5 73 57
4 13 44 29
5 6 37 52
6 7 61 51
6 15 33 31
7 8 32 49
7 16 28 48
9 10 25 45
9 18 39 38
11 12 5 6
12 21 3 36
13 22 12 29
14 23 42 32
17 26 9 13
18 19 41 48
19 20 12 27
20 21 10 12
21 22 19 19
22 23 19 50
23 24 84 51
24 25 58 44
25 26 79 63
(951, 1066)

Arvore 21
0 1 21 24
1 2 69 75
1 10 65 79
2 3 31 58
4 5 73 57
4 13 44 29
5 6 37 52
6 7 61 51
6 15 33 31
7 8 32 49
7 16 28 48
9 10 25 45
9 18 39 38
11 12 5 6
12 21 3 36
13 22 12 29
14 23 42 32
15 24 81 64
17 26 9 13
18 19 41 48
19 20 12 27
20 21 10 12
21 22 19 19
22 23 19 50
24 25 58 44
25 26 79 63
(948, 1079)

Arvore 22
0 1 21 24
1 10 65 79
2 3 31 58
3 4 83 61
4 5 73 57
4 13 44 29
5 6 37 52
6 7 61 51
6 15 33 31
7 8 32 49
7 16 28 48
9 10 25 45
9 18 39 38
11 12 5 6
12 21 3 36
13 22 12 29
14 23 42 32
16 25 82 61
17 26 9 13
18 19 41 48
19 20 12 27
20 21 10 12
21 22 19 19
22 23 19 50
24 25 58 44
25 26 79 63
(963, 1062)

Arvore 23
0 1 21 24
1 10 65 79
2 3 31 58
3 12 79 70
4 5 73 57
4 13 44 29
5 6 37 52
6 7 61 51
6 15 33 31
7 8 32 49
7 16 28 48
9 10 25 45
9 18 39 38
11 12 5 6
12 21 3 36
13 22 12 29
14 23 42 32
16 25 82 61
17 26 9 13
18 19 41 48
19 20 12 27
20 21 10 12
21 22 19 19
22 23 19 50
24 25 58 44
25 26 79 63
(959, 1071)

Arvore 24
0 1 21 24
1 10 65 79
2 3 31 58
3 4 83 61
4 5 73 57
4 13 44 29
5 6 37 52
6 7 61 51
6 15 33 31
7 8 32 49
7 16 28 48
9 10 25 45
9 18 39 38
11 12 5 6
12 21 3 36
13 22 12 29
14 23 42 32
17 26 9 13
18 19 41 48
19 20 12 27
20 21 10 12
21 22 19 19
22 23 19 50
23 24 84 51
24 25 58 44
25 26 79 63
(965, 1052)

Arvore 25
0 1 21 24
1 10 65 79
2 3 31 58
3 12 79 70
4 5 73 57
4 13 44 29
5 6 37 52
6 7 61 51
6 15 33 31
7 8 32 49
7 16 28 48
9 10 25 45
9 18 39 38
11 12 5 6
12 21 3 36
13 22 12 29
14 23 42 32
17 26 9 13
18 19 41 48
19 20 12 27
20 21 10 12
21 22 19 19
22 23 19 50
23 24 84 51
24 25 58 44
25 26 79 63
(961, 1061)

Arvore 26
0 1 21 24
1 10 65 79
2 3 31 58
3 12 79 70
4 5 73 57
4 13 44 29
5 6 37 52
6 7 61 51
6 15 33 31
7 8 32 49
7 16 28 48
9 10 25 45
9 18 39 38
11 12 5 6
12 21 3 36
13 22 12 29
14 23 42 32
15 24 81 64
17 26 9 13
18 19 41 48
19 20 12 27
20 21 10 12
21 22 19 19
22 23 19 50
24 25 58 44
25 26 79 63
(958, 1074)

Arvore 27
0 1 21 24
1 10 65 79
2 3 31 58
3 4 83 61
4 5 73 57
4 13 44 29
5 6 37 52
6 7 61 51
6 15 33 31
7 8 32 49
7 16 28 48
9 10 25 45
9 18 39 38
11 12 5 6
12 21 3 36
13 22 12 29
14 23 42 32
15 24 81 64
17 26 9 13
18 19 41 48
19 20 12 27
20 21 10 12
21 22 19 19
22 23 19 50
24 25 58 44
25 26 79 63
(962, 1065)

