3013
30.13
Arvore 1
0 11 54 36
1 2 44 27
2 3 43 38
2 13 3 3
3 4 57 66
5 6 92 74
5 16 8 30
7 18 17 23
8 9 9 26
8 19 67 49
9 10 15 32
9 20 36 35
10 21 53 60
11 12 56 52
11 22 83 73
12 13 19 35
12 23 77 53
13 14 44 44
14 25 41 40
15 16 57 60
16 17 33 49
16 27 41 35
18 19 43 30
18 29 56 39
19 30 55 52
20 31 6 7
21 32 42 45
23 24 39 49
25 26 71 47
26 27 51 49
27 28 22 36
28 29 52 37
(1386, 1331)

Arvore 2
0 11 54 36
1 2 44 27
2 3 43 38
2 13 3 3
3 4 57 66
5 16 8 30
6 7 87 79
7 18 17 23
8 9 9 26
8 19 67 49
9 10 15 32
9 20 36 35
10 21 53 60
11 12 56 52
11 22 83 73
12 13 19 35
12 23 77 53
13 14 44 44
14 25 41 40
15 16 57 60
16 17 33 49
16 27 41 35
18 19 43 30
18 29 56 39
19 30 55 52
20 31 6 7
21 32 42 45
23 24 39 49
25 26 71 47
26 27 51 49
27 28 22 36
28 29 52 37
(1381, 1336)

Arvore 3
0 11 54 36
1 2 44 27
2 3 43 38
2 13 3 3
3 4 57 66
5 16 8 30
6 17 84 82
7 18 17 23
8 9 9 26
8 19 67 49
9 10 15 32
9 20 36 35
10 21 53 60
11 12 56 52
11 22 83 73
12 13 19 35
12 23 77 53
13 14 44 44
14 25 41 40
15 16 57 60
16 17 33 49
16 27 41 35
18 19 43 30
18 29 56 39
19 30 55 52
20 31 6 7
21 32 42 45
23 24 39 49
25 26 71 47
26 27 51 49
27 28 22 36
28 29 52 37
(1378, 1339)

Arvore 4
0 11 54 36
1 2 44 27
2 3 43 38
2 13 3 3
3 4 57 66
5 6 92 74
5 16 8 30
7 18 17 23
8 9 9 26
8 19 67 49
9 10 15 32
9 20 36 35
10 21 53 60
11 12 56 52
11 22 83 73
12 13 19 35
13 14 44 44
14 25 41 40
15 16 57 60
16 17 33 49
16 27 41 35
18 19 43 30
18 29 56 39
19 30 55 52
20 31 6 7
21 32 42 45
23 24 39 49
24 25 73 70
25 26 71 47
26 27 51 49
27 28 22 36
28 29 52 37
(1382, 1348)

Arvore 5
0 11 54 36
1 2 44 27
2 3 43 38
2 13 3 3
3 4 57 66
5 16 8 30
6 7 87 79
7 18 17 23
8 9 9 26
8 19 67 49
9 10 15 32
9 20 36 35
10 21 53 60
11 12 56 52
11 22 83 73
12 13 19 35
13 14 44 44
14 25 41 40
15 16 57 60
16 17 33 49
16 27 41 35
18 19 43 30
18 29 56 39
19 30 55 52
20 31 6 7
21 32 42 45
23 24 39 49
24 25 73 70
25 26 71 47
26 27 51 49
27 28 22 36
28 29 52 37
(1377, 1353)

Arvore 6
0 11 54 36
1 2 44 27
2 3 43 38
2 13 3 3
3 4 57 66
5 16 8 30
6 17 84 82
7 18 17 23
8 9 9 26
8 19 67 49
9 10 15 32
9 20 36 35
10 21 53 60
11 12 56 52
11 22 83 73
12 13 19 35
13 14 44 44
14 25 41 40
15 16 57 60
16 17 33 49
16 27 41 35
18 19 43 30
18 29 56 39
19 30 55 52
20 31 6 7
21 32 42 45
23 24 39 49
24 25 73 70
25 26 71 47
26 27 51 49
27 28 22 36
28 29 52 37
(1374, 1356)

Arvore 7
0 11 54 36
1 2 44 27
2 3 43 38
2 13 3 3
4 15 71 59
5 6 92 74
5 16 8 30
7 18 17 23
8 9 9 26
8 19 67 49
9 10 15 32
9 20 36 35
10 21 53 60
11 12 56 52
11 22 83 73
12 13 19 35
12 23 77 53
13 14 44 44
14 25 41 40
15 16 57 60
16 17 33 49
16 27 41 35
18 19 43 30
18 29 56 39
19 30 55 52
20 31 6 7
21 32 42 45
23 24 39 49
25 26 71 47
26 27 51 49
27 28 22 36
28 29 52 37
(1400, 1324)

Arvore 8
0 11 54 36
1 2 44 27
2 3 43 38
2 13 3 3
4 15 71 59
5 16 8 30
6 7 87 79
7 18 17 23
8 9 9 26
8 19 67 49
9 10 15 32
9 20 36 35
10 21 53 60
11 12 56 52
11 22 83 73
12 13 19 35
12 23 77 53
13 14 44 44
14 25 41 40
15 16 57 60
16 17 33 49
16 27 41 35
18 19 43 30
18 29 56 39
19 30 55 52
20 31 6 7
21 32 42 45
23 24 39 49
25 26 71 47
26 27 51 49
27 28 22 36
28 29 52 37
(1395, 1329)

Arvore 9
0 11 54 36
1 2 44 27
2 3 43 38
2 13 3 3
4 15 71 59
5 16 8 30
6 17 84 82
7 18 17 23
8 9 9 26
8 19 67 49
9 10 15 32
9 20 36 35
10 21 53 60
11 12 56 52
11 22 83 73
12 13 19 35
12 23 77 53
13 14 44 44
14 25 41 40
15 16 57 60
16 17 33 49
16 27 41 35
18 19 43 30
18 29 56 39
19 30 55 52
20 31 6 7
21 32 42 45
23 24 39 49
25 26 71 47
26 27 51 49
27 28 22 36
28 29 52 37
(1392, 1332)

Arvore 10
0 11 54 36
1 2 44 27
2 3 43 38
2 13 3 3
4 15 71 59
5 6 92 74
5 16 8 30
7 18 17 23
8 9 9 26
8 19 67 49
9 10 15 32
9 20 36 35
10 21 53 60
11 12 56 52
11 22 83 73
12 13 19 35
13 14 44 44
14 25 41 40
15 16 57 60
16 17 33 49
16 27 41 35
18 19 43 30
18 29 56 39
19 30 55 52
20 31 6 7
21 32 42 45
23 24 39 49
24 25 73 70
25 26 71 47
26 27 51 49
27 28 22 36
28 29 52 37
(1396, 1341)

Arvore 11
0 11 54 36
1 2 44 27
2 3 43 38
2 13 3 3
4 15 71 59
5 16 8 30
6 7 87 79
7 18 17 23
8 9 9 26
8 19 67 49
9 10 15 32
9 20 36 35
10 21 53 60
11 12 56 52
11 22 83 73
12 13 19 35
13 14 44 44
14 25 41 40
15 16 57 60
16 17 33 49
16 27 41 35
18 19 43 30
18 29 56 39
19 30 55 52
20 31 6 7
21 32 42 45
23 24 39 49
24 25 73 70
25 26 71 47
26 27 51 49
27 28 22 36
28 29 52 37
(1391, 1346)

Arvore 12
0 11 54 36
1 2 44 27
2 3 43 38
2 13 3 3
4 15 71 59
5 16 8 30
6 17 84 82
7 18 17 23
8 9 9 26
8 19 67 49
9 10 15 32
9 20 36 35
10 21 53 60
11 12 56 52
11 22 83 73
12 13 19 35
13 14 44 44
14 25 41 40
15 16 57 60
16 17 33 49
16 27 41 35
18 19 43 30
18 29 56 39
19 30 55 52
20 31 6 7
21 32 42 45
23 24 39 49
24 25 73 70
25 26 71 47
26 27 51 49
27 28 22 36
28 29 52 37
(1388, 1349)

Arvore 13
0 11 54 36
1 2 44 27
2 3 43 38
2 13 3 3
4 15 71 59
5 6 92 74
5 16 8 30
7 18 17 23
8 9 9 26
8 19 67 49
9 10 15 32
9 20 36 35
10 21 53 60
11 12 56 52
11 22 83 73
12 13 19 35
12 23 77 53
13 14 44 44
14 15 85 55
14 25 41 40
16 17 33 49
16 27 41 35
18 19 43 30
18 29 56 39
19 30 55 52
20 31 6 7
21 32 42 45
23 24 39 49
25 26 71 47
26 27 51 49
27 28 22 36
28 29 52 37
(1428, 1319)

Arvore 14
0 11 54 36
1 2 44 27
2 3 43 38
2 13 3 3
4 15 71 59
5 16 8 30
6 7 87 79
7 18 17 23
8 9 9 26
8 19 67 49
9 10 15 32
9 20 36 35
10 21 53 60
11 12 56 52
11 22 83 73
12 13 19 35
12 23 77 53
13 14 44 44
14 15 85 55
14 25 41 40
16 17 33 49
16 27 41 35
18 19 43 30
18 29 56 39
19 30 55 52
20 31 6 7
21 32 42 45
23 24 39 49
25 26 71 47
26 27 51 49
27 28 22 36
28 29 52 37
(1423, 1324)

Arvore 15
0 11 54 36
1 2 44 27
2 3 43 38
2 13 3 3
4 15 71 59
5 16 8 30
6 17 84 82
7 18 17 23
8 9 9 26
8 19 67 49
9 10 15 32
9 20 36 35
10 21 53 60
11 12 56 52
11 22 83 73
12 13 19 35
12 23 77 53
13 14 44 44
14 15 85 55
14 25 41 40
16 17 33 49
16 27 41 35
18 19 43 30
18 29 56 39
19 30 55 52
20 31 6 7
21 32 42 45
23 24 39 49
25 26 71 47
26 27 51 49
27 28 22 36
28 29 52 37
(1420, 1327)

Arvore 16
0 11 54 36
1 2 44 27
2 3 43 38
2 13 3 3
3 4 57 66
5 6 92 74
5 16 8 30
7 18 17 23
8 9 9 26
8 19 67 49
9 10 15 32
9 20 36 35
10 21 53 60
11 12 56 52
11 22 83 73
12 13 19 35
12 23 77 53
13 14 44 44
14 15 85 55
14 25 41 40
16 17 33 49
16 27 41 35
18 19 43 30
18 29 56 39
19 30 55 52
20 31 6 7
21 32 42 45
23 24 39 49
25 26 71 47
26 27 51 49
27 28 22 36
28 29 52 37
(1414, 1326)

Arvore 17
0 11 54 36
1 2 44 27
2 3 43 38
2 13 3 3
3 4 57 66
5 16 8 30
6 7 87 79
7 18 17 23
8 9 9 26
8 19 67 49
9 10 15 32
9 20 36 35
10 21 53 60
11 12 56 52
11 22 83 73
12 13 19 35
12 23 77 53
13 14 44 44
14 15 85 55
14 25 41 40
16 17 33 49
16 27 41 35
18 19 43 30
18 29 56 39
19 30 55 52
20 31 6 7
21 32 42 45
23 24 39 49
25 26 71 47
26 27 51 49
27 28 22 36
28 29 52 37
(1409, 1331)

Arvore 18
0 11 54 36
1 2 44 27
2 3 43 38
2 13 3 3
3 4 57 66
5 16 8 30
6 17 84 82
7 18 17 23
8 9 9 26
8 19 67 49
9 10 15 32
9 20 36 35
10 21 53 60
11 12 56 52
11 22 83 73
12 13 19 35
12 23 77 53
13 14 44 44
14 15 85 55
14 25 41 40
16 17 33 49
16 27 41 35
18 19 43 30
18 29 56 39
19 30 55 52
20 31 6 7
21 32 42 45
23 24 39 49
25 26 71 47
26 27 51 49
27 28 22 36
28 29 52 37
(1406, 1334)

Arvore 19
0 11 54 36
1 2 44 27
2 3 43 38
2 13 3 3
3 4 57 66
5 6 92 74
5 16 8 30
7 18 17 23
8 9 9 26
9 10 15 32
9 20 36 35
10 21 53 60
11 12 56 52
11 22 83 73
12 13 19 35
12 23 77 53
13 14 44 44
14 25 41 40
15 16 57 60
16 17 33 49
16 27 41 35
18 19 43 30
18 29 56 39
19 30 55 52
20 31 6 7
21 32 42 45
23 24 39 49
25 26 71 47
26 27 51 49
27 28 22 36
28 29 52 37
30 31 73 47
(1392, 1329)

Arvore 20
0 11 54 36
1 2 44 27
2 3 43 38
2 13 3 3
3 4 57 66
5 16 8 30
6 7 87 79
7 18 17 23
8 9 9 26
9 10 15 32
9 20 36 35
10 21 53 60
11 12 56 52
11 22 83 73
12 13 19 35
12 23 77 53
13 14 44 44
14 25 41 40
15 16 57 60
16 17 33 49
16 27 41 35
18 19 43 30
18 29 56 39
19 30 55 52
20 31 6 7
21 32 42 45
23 24 39 49
25 26 71 47
26 27 51 49
27 28 22 36
28 29 52 37
30 31 73 47
(1387, 1334)

Arvore 21
0 11 54 36
1 2 44 27
2 3 43 38
2 13 3 3
3 4 57 66
5 16 8 30
6 17 84 82
7 18 17 23
8 9 9 26
9 10 15 32
9 20 36 35
10 21 53 60
11 12 56 52
11 22 83 73
12 13 19 35
12 23 77 53
13 14 44 44
14 25 41 40
15 16 57 60
16 17 33 49
16 27 41 35
18 19 43 30
18 29 56 39
19 30 55 52
20 31 6 7
21 32 42 45
23 24 39 49
25 26 71 47
26 27 51 49
27 28 22 36
28 29 52 37
30 31 73 47
(1384, 1337)

Arvore 22
0 11 54 36
1 2 44 27
2 3 43 38
2 13 3 3
3 4 57 66
5 6 92 74
5 16 8 30
7 18 17 23
8 9 9 26
9 10 15 32
9 20 36 35
10 21 53 60
11 12 56 52
11 22 83 73
12 13 19 35
13 14 44 44
14 25 41 40
15 16 57 60
16 17 33 49
16 27 41 35
18 19 43 30
18 29 56 39
19 30 55 52
20 31 6 7
21 32 42 45
23 24 39 49
24 25 73 70
25 26 71 47
26 27 51 49
27 28 22 36
28 29 52 37
30 31 73 47
(1388, 1346)

Arvore 23
0 11 54 36
1 2 44 27
2 3 43 38
2 13 3 3
3 4 57 66
5 16 8 30
6 7 87 79
7 18 17 23
8 9 9 26
9 10 15 32
9 20 36 35
10 21 53 60
11 12 56 52
11 22 83 73
12 13 19 35
13 14 44 44
14 25 41 40
15 16 57 60
16 17 33 49
16 27 41 35
18 19 43 30
18 29 56 39
19 30 55 52
20 31 6 7
21 32 42 45
23 24 39 49
24 25 73 70
25 26 71 47
26 27 51 49
27 28 22 36
28 29 52 37
30 31 73 47
(1383, 1351)

Arvore 24
0 11 54 36
1 2 44 27
2 3 43 38
2 13 3 3
3 4 57 66
5 16 8 30
6 17 84 82
7 18 17 23
8 9 9 26
9 10 15 32
9 20 36 35
10 21 53 60
11 12 56 52
11 22 83 73
12 13 19 35
13 14 44 44
14 25 41 40
15 16 57 60
16 17 33 49
16 27 41 35
18 19 43 30
18 29 56 39
19 30 55 52
20 31 6 7
21 32 42 45
23 24 39 49
24 25 73 70
25 26 71 47
26 27 51 49
27 28 22 36
28 29 52 37
30 31 73 47
(1380, 1354)

Arvore 25
0 11 54 36
1 2 44 27
2 3 43 38
2 13 3 3
4 15 71 59
5 6 92 74
5 16 8 30
7 18 17 23
8 9 9 26
9 10 15 32
9 20 36 35
10 21 53 60
11 12 56 52
11 22 83 73
12 13 19 35
12 23 77 53
13 14 44 44
14 25 41 40
15 16 57 60
16 17 33 49
16 27 41 35
18 19 43 30
18 29 56 39
19 30 55 52
20 31 6 7
21 32 42 45
23 24 39 49
25 26 71 47
26 27 51 49
27 28 22 36
28 29 52 37
30 31 73 47
(1406, 1322)

Arvore 26
0 11 54 36
1 2 44 27
2 3 43 38
2 13 3 3
4 15 71 59
5 16 8 30
6 7 87 79
7 18 17 23
8 9 9 26
9 10 15 32
9 20 36 35
10 21 53 60
11 12 56 52
11 22 83 73
12 13 19 35
12 23 77 53
13 14 44 44
14 25 41 40
15 16 57 60
16 17 33 49
16 27 41 35
18 19 43 30
18 29 56 39
19 30 55 52
20 31 6 7
21 32 42 45
23 24 39 49
25 26 71 47
26 27 51 49
27 28 22 36
28 29 52 37
30 31 73 47
(1401, 1327)

Arvore 27
0 11 54 36
1 2 44 27
2 3 43 38
2 13 3 3
4 15 71 59
5 16 8 30
6 17 84 82
7 18 17 23
8 9 9 26
9 10 15 32
9 20 36 35
10 21 53 60
11 12 56 52
11 22 83 73
12 13 19 35
12 23 77 53
13 14 44 44
14 25 41 40
15 16 57 60
16 17 33 49
16 27 41 35
18 19 43 30
18 29 56 39
19 30 55 52
20 31 6 7
21 32 42 45
23 24 39 49
25 26 71 47
26 27 51 49
27 28 22 36
28 29 52 37
30 31 73 47
(1398, 1330)

Arvore 28
0 11 54 36
1 2 44 27
2 3 43 38
2 13 3 3
4 15 71 59
5 6 92 74
5 16 8 30
7 18 17 23
8 9 9 26
9 10 15 32
9 20 36 35
10 21 53 60
11 12 56 52
11 22 83 73
12 13 19 35
13 14 44 44
14 25 41 40
15 16 57 60
16 17 33 49
16 27 41 35
18 19 43 30
18 29 56 39
19 30 55 52
20 31 6 7
21 32 42 45
23 24 39 49
24 25 73 70
25 26 71 47
26 27 51 49
27 28 22 36
28 29 52 37
30 31 73 47
(1402, 1339)

Arvore 29
0 11 54 36
1 2 44 27
2 3 43 38
2 13 3 3
4 15 71 59
5 16 8 30
6 7 87 79
7 18 17 23
8 9 9 26
9 10 15 32
9 20 36 35
10 21 53 60
11 12 56 52
11 22 83 73
12 13 19 35
13 14 44 44
14 25 41 40
15 16 57 60
16 17 33 49
16 27 41 35
18 19 43 30
18 29 56 39
19 30 55 52
20 31 6 7
21 32 42 45
23 24 39 49
24 25 73 70
25 26 71 47
26 27 51 49
27 28 22 36
28 29 52 37
30 31 73 47
(1397, 1344)

Arvore 30
0 11 54 36
1 2 44 27
2 3 43 38
2 13 3 3
4 15 71 59
5 16 8 30
6 17 84 82
7 18 17 23
8 9 9 26
9 10 15 32
9 20 36 35
10 21 53 60
11 12 56 52
11 22 83 73
12 13 19 35
13 14 44 44
14 25 41 40
15 16 57 60
16 17 33 49
16 27 41 35
18 19 43 30
18 29 56 39
19 30 55 52
20 31 6 7
21 32 42 45
23 24 39 49
24 25 73 70
25 26 71 47
26 27 51 49
27 28 22 36
28 29 52 37
30 31 73 47
(1394, 1347)

Arvore 31
0 11 54 36
1 2 44 27
2 3 43 38
2 13 3 3
4 15 71 59
5 6 92 74
5 16 8 30
7 18 17 23
8 9 9 26
9 10 15 32
9 20 36 35
10 21 53 60
11 12 56 52
11 22 83 73
12 13 19 35
12 23 77 53
13 14 44 44
14 15 85 55
14 25 41 40
16 17 33 49
16 27 41 35
18 19 43 30
18 29 56 39
19 30 55 52
20 31 6 7
21 32 42 45
23 24 39 49
25 26 71 47
26 27 51 49
27 28 22 36
28 29 52 37
30 31 73 47
(1434, 1317)

Arvore 32
0 11 54 36
1 2 44 27
2 3 43 38
2 13 3 3
4 15 71 59
5 16 8 30
6 7 87 79
7 18 17 23
8 9 9 26
9 10 15 32
9 20 36 35
10 21 53 60
11 12 56 52
11 22 83 73
12 13 19 35
12 23 77 53
13 14 44 44
14 15 85 55
14 25 41 40
16 17 33 49
16 27 41 35
18 19 43 30
18 29 56 39
19 30 55 52
20 31 6 7
21 32 42 45
23 24 39 49
25 26 71 47
26 27 51 49
27 28 22 36
28 29 52 37
30 31 73 47
(1429, 1322)

Arvore 33
0 11 54 36
1 2 44 27
2 3 43 38
2 13 3 3
4 15 71 59
5 16 8 30
6 17 84 82
7 18 17 23
8 9 9 26
9 10 15 32
9 20 36 35
10 21 53 60
11 12 56 52
11 22 83 73
12 13 19 35
12 23 77 53
13 14 44 44
14 15 85 55
14 25 41 40
16 17 33 49
16 27 41 35
18 19 43 30
18 29 56 39
19 30 55 52
20 31 6 7
21 32 42 45
23 24 39 49
25 26 71 47
26 27 51 49
27 28 22 36
28 29 52 37
30 31 73 47
(1426, 1325)

Arvore 34
0 11 54 36
1 2 44 27
2 3 43 38
2 13 3 3
3 4 57 66
5 6 92 74
5 16 8 30
7 18 17 23
8 9 9 26
9 10 15 32
9 20 36 35
10 21 53 60
11 12 56 52
11 22 83 73
12 13 19 35
12 23 77 53
13 14 44 44
14 15 85 55
14 25 41 40
16 17 33 49
16 27 41 35
18 19 43 30
18 29 56 39
19 30 55 52
20 31 6 7
21 32 42 45
23 24 39 49
25 26 71 47
26 27 51 49
27 28 22 36
28 29 52 37
30 31 73 47
(1420, 1324)

Arvore 35
0 11 54 36
1 2 44 27
2 3 43 38
2 13 3 3
3 4 57 66
5 16 8 30
6 7 87 79
7 18 17 23
8 9 9 26
9 10 15 32
9 20 36 35
10 21 53 60
11 12 56 52
11 22 83 73
12 13 19 35
12 23 77 53
13 14 44 44
14 15 85 55
14 25 41 40
16 17 33 49
16 27 41 35
18 19 43 30
18 29 56 39
19 30 55 52
20 31 6 7
21 32 42 45
23 24 39 49
25 26 71 47
26 27 51 49
27 28 22 36
28 29 52 37
30 31 73 47
(1415, 1329)

Arvore 36
0 11 54 36
1 2 44 27
2 3 43 38
2 13 3 3
3 4 57 66
5 16 8 30
6 17 84 82
7 18 17 23
8 9 9 26
9 10 15 32
9 20 36 35
10 21 53 60
11 12 56 52
11 22 83 73
12 13 19 35
12 23 77 53
13 14 44 44
14 15 85 55
14 25 41 40
16 17 33 49
16 27 41 35
18 19 43 30
18 29 56 39
19 30 55 52
20 31 6 7
21 32 42 45
23 24 39 49
25 26 71 47
26 27 51 49
27 28 22 36
28 29 52 37
30 31 73 47
(1412, 1332)

Arvore 37
0 11 54 36
1 2 44 27
2 3 43 38
2 13 3 3
3 4 57 66
5 6 92 74
5 16 8 30
7 18 17 23
8 9 9 26
8 19 67 49
9 10 15 32
9 20 36 35
10 21 53 60
11 12 56 52
11 22 83 73
12 13 19 35
12 23 77 53
13 14 44 44
14 25 41 40
15 16 57 60
16 17 33 49
16 27 41 35
18 19 43 30
18 29 56 39
20 31 6 7
21 32 42 45
23 24 39 49
25 26 71 47
26 27 51 49
27 28 22 36
28 29 52 37
29 30 58 38
(1389, 1317)

Arvore 38
0 11 54 36
1 2 44 27
2 3 43 38
2 13 3 3
3 4 57 66
5 16 8 30
6 7 87 79
7 18 17 23
8 9 9 26
8 19 67 49
9 10 15 32
9 20 36 35
10 21 53 60
11 12 56 52
11 22 83 73
12 13 19 35
12 23 77 53
13 14 44 44
14 25 41 40
15 16 57 60
16 17 33 49
16 27 41 35
18 19 43 30
18 29 56 39
20 31 6 7
21 32 42 45
23 24 39 49
25 26 71 47
26 27 51 49
27 28 22 36
28 29 52 37
29 30 58 38
(1384, 1322)

Arvore 39
0 11 54 36
1 2 44 27
2 3 43 38
2 13 3 3
3 4 57 66
5 16 8 30
6 17 84 82
7 18 17 23
8 9 9 26
8 19 67 49
9 10 15 32
9 20 36 35
10 21 53 60
11 12 56 52
11 22 83 73
12 13 19 35
12 23 77 53
13 14 44 44
14 25 41 40
15 16 57 60
16 17 33 49
16 27 41 35
18 19 43 30
18 29 56 39
20 31 6 7
21 32 42 45
23 24 39 49
25 26 71 47
26 27 51 49
27 28 22 36
28 29 52 37
29 30 58 38
(1381, 1325)

Arvore 40
0 11 54 36
1 2 44 27
2 3 43 38
2 13 3 3
3 4 57 66
5 6 92 74
5 16 8 30
7 18 17 23
8 9 9 26
8 19 67 49
9 10 15 32
9 20 36 35
10 21 53 60
11 12 56 52
11 22 83 73
12 13 19 35
13 14 44 44
14 25 41 40
15 16 57 60
16 17 33 49
16 27 41 35
18 19 43 30
18 29 56 39
20 31 6 7
21 32 42 45
23 24 39 49
24 25 73 70
25 26 71 47
26 27 51 49
27 28 22 36
28 29 52 37
29 30 58 38
(1385, 1334)

Arvore 41
0 11 54 36
1 2 44 27
2 3 43 38
2 13 3 3
3 4 57 66
5 16 8 30
6 7 87 79
7 18 17 23
8 9 9 26
8 19 67 49
9 10 15 32
9 20 36 35
10 21 53 60
11 12 56 52
11 22 83 73
12 13 19 35
13 14 44 44
14 25 41 40
15 16 57 60
16 17 33 49
16 27 41 35
18 19 43 30
18 29 56 39
20 31 6 7
21 32 42 45
23 24 39 49
24 25 73 70
25 26 71 47
26 27 51 49
27 28 22 36
28 29 52 37
29 30 58 38
(1380, 1339)

Arvore 42
0 11 54 36
1 2 44 27
2 3 43 38
2 13 3 3
3 4 57 66
5 16 8 30
6 17 84 82
7 18 17 23
8 9 9 26
8 19 67 49
9 10 15 32
9 20 36 35
10 21 53 60
11 12 56 52
11 22 83 73
12 13 19 35
13 14 44 44
14 25 41 40
15 16 57 60
16 17 33 49
16 27 41 35
18 19 43 30
18 29 56 39
20 31 6 7
21 32 42 45
23 24 39 49
24 25 73 70
25 26 71 47
26 27 51 49
27 28 22 36
28 29 52 37
29 30 58 38
(1377, 1342)

Arvore 43
0 11 54 36
1 2 44 27
2 3 43 38
2 13 3 3
4 15 71 59
5 6 92 74
5 16 8 30
7 18 17 23
8 9 9 26
8 19 67 49
9 10 15 32
9 20 36 35
10 21 53 60
11 12 56 52
11 22 83 73
12 13 19 35
12 23 77 53
13 14 44 44
14 25 41 40
15 16 57 60
16 17 33 49
16 27 41 35
18 19 43 30
18 29 56 39
20 31 6 7
21 32 42 45
23 24 39 49
25 26 71 47
26 27 51 49
27 28 22 36
28 29 52 37
29 30 58 38
(1403, 1310)

Arvore 44
0 11 54 36
1 2 44 27
2 3 43 38
2 13 3 3
4 15 71 59
5 16 8 30
6 7 87 79
7 18 17 23
8 9 9 26
8 19 67 49
9 10 15 32
9 20 36 35
10 21 53 60
11 12 56 52
11 22 83 73
12 13 19 35
12 23 77 53
13 14 44 44
14 25 41 40
15 16 57 60
16 17 33 49
16 27 41 35
18 19 43 30
18 29 56 39
20 31 6 7
21 32 42 45
23 24 39 49
25 26 71 47
26 27 51 49
27 28 22 36
28 29 52 37
29 30 58 38
(1398, 1315)

Arvore 45
0 11 54 36
1 2 44 27
2 3 43 38
2 13 3 3
4 15 71 59
5 16 8 30
6 17 84 82
7 18 17 23
8 9 9 26
8 19 67 49
9 10 15 32
9 20 36 35
10 21 53 60
11 12 56 52
11 22 83 73
12 13 19 35
12 23 77 53
13 14 44 44
14 25 41 40
15 16 57 60
16 17 33 49
16 27 41 35
18 19 43 30
18 29 56 39
20 31 6 7
21 32 42 45
23 24 39 49
25 26 71 47
26 27 51 49
27 28 22 36
28 29 52 37
29 30 58 38
(1395, 1318)

Arvore 46
0 11 54 36
1 2 44 27
2 3 43 38
2 13 3 3
4 15 71 59
5 6 92 74
5 16 8 30
7 18 17 23
8 9 9 26
8 19 67 49
9 10 15 32
9 20 36 35
10 21 53 60
11 12 56 52
11 22 83 73
12 13 19 35
13 14 44 44
14 25 41 40
15 16 57 60
16 17 33 49
16 27 41 35
18 19 43 30
18 29 56 39
20 31 6 7
21 32 42 45
23 24 39 49
24 25 73 70
25 26 71 47
26 27 51 49
27 28 22 36
28 29 52 37
29 30 58 38
(1399, 1327)

Arvore 47
0 11 54 36
1 2 44 27
2 3 43 38
2 13 3 3
4 15 71 59
5 16 8 30
6 7 87 79
7 18 17 23
8 9 9 26
8 19 67 49
9 10 15 32
9 20 36 35
10 21 53 60
11 12 56 52
11 22 83 73
12 13 19 35
13 14 44 44
14 25 41 40
15 16 57 60
16 17 33 49
16 27 41 35
18 19 43 30
18 29 56 39
20 31 6 7
21 32 42 45
23 24 39 49
24 25 73 70
25 26 71 47
26 27 51 49
27 28 22 36
28 29 52 37
29 30 58 38
(1394, 1332)

Arvore 48
0 11 54 36
1 2 44 27
2 3 43 38
2 13 3 3
4 15 71 59
5 16 8 30
6 17 84 82
7 18 17 23
8 9 9 26
8 19 67 49
9 10 15 32
9 20 36 35
10 21 53 60
11 12 56 52
11 22 83 73
12 13 19 35
13 14 44 44
14 25 41 40
15 16 57 60
16 17 33 49
16 27 41 35
18 19 43 30
18 29 56 39
20 31 6 7
21 32 42 45
23 24 39 49
24 25 73 70
25 26 71 47
26 27 51 49
27 28 22 36
28 29 52 37
29 30 58 38
(1391, 1335)

Arvore 49
0 11 54 36
1 2 44 27
2 3 43 38
2 13 3 3
4 15 71 59
5 6 92 74
5 16 8 30
7 18 17 23
8 9 9 26
8 19 67 49
9 10 15 32
9 20 36 35
10 21 53 60
11 12 56 52
11 22 83 73
12 13 19 35
12 23 77 53
13 14 44 44
14 15 85 55
14 25 41 40
16 17 33 49
16 27 41 35
18 19 43 30
18 29 56 39
20 31 6 7
21 32 42 45
23 24 39 49
25 26 71 47
26 27 51 49
27 28 22 36
28 29 52 37
29 30 58 38
(1431, 1305)

Arvore 50
0 11 54 36
1 2 44 27
2 3 43 38
2 13 3 3
4 15 71 59
5 16 8 30
6 7 87 79
7 18 17 23
8 9 9 26
8 19 67 49
9 10 15 32
9 20 36 35
10 21 53 60
11 12 56 52
11 22 83 73
12 13 19 35
12 23 77 53
13 14 44 44
14 15 85 55
14 25 41 40
16 17 33 49
16 27 41 35
18 19 43 30
18 29 56 39
20 31 6 7
21 32 42 45
23 24 39 49
25 26 71 47
26 27 51 49
27 28 22 36
28 29 52 37
29 30 58 38
(1426, 1310)

Arvore 51
0 11 54 36
1 2 44 27
2 3 43 38
2 13 3 3
4 15 71 59
5 16 8 30
6 17 84 82
7 18 17 23
8 9 9 26
8 19 67 49
9 10 15 32
9 20 36 35
10 21 53 60
11 12 56 52
11 22 83 73
12 13 19 35
12 23 77 53
13 14 44 44
14 15 85 55
14 25 41 40
16 17 33 49
16 27 41 35
18 19 43 30
18 29 56 39
20 31 6 7
21 32 42 45
23 24 39 49
25 26 71 47
26 27 51 49
27 28 22 36
28 29 52 37
29 30 58 38
(1423, 1313)

Arvore 52
0 11 54 36
1 2 44 27
2 3 43 38
2 13 3 3
3 4 57 66
5 6 92 74
5 16 8 30
7 18 17 23
8 9 9 26
8 19 67 49
9 10 15 32
9 20 36 35
10 21 53 60
11 12 56 52
11 22 83 73
12 13 19 35
12 23 77 53
13 14 44 44
14 15 85 55
14 25 41 40
16 17 33 49
16 27 41 35
18 19 43 30
18 29 56 39
20 31 6 7
21 32 42 45
23 24 39 49
25 26 71 47
26 27 51 49
27 28 22 36
28 29 52 37
29 30 58 38
(1417, 1312)

Arvore 53
0 11 54 36
1 2 44 27
2 3 43 38
2 13 3 3
3 4 57 66
5 16 8 30
6 7 87 79
7 18 17 23
8 9 9 26
8 19 67 49
9 10 15 32
9 20 36 35
10 21 53 60
11 12 56 52
11 22 83 73
12 13 19 35
12 23 77 53
13 14 44 44
14 15 85 55
14 25 41 40
16 17 33 49
16 27 41 35
18 19 43 30
18 29 56 39
20 31 6 7
21 32 42 45
23 24 39 49
25 26 71 47
26 27 51 49
27 28 22 36
28 29 52 37
29 30 58 38
(1412, 1317)

Arvore 54
0 11 54 36
1 2 44 27
2 3 43 38
2 13 3 3
3 4 57 66
5 16 8 30
6 17 84 82
7 18 17 23
8 9 9 26
8 19 67 49
9 10 15 32
9 20 36 35
10 21 53 60
11 12 56 52
11 22 83 73
12 13 19 35
12 23 77 53
13 14 44 44
14 15 85 55
14 25 41 40
16 17 33 49
16 27 41 35
18 19 43 30
18 29 56 39
20 31 6 7
21 32 42 45
23 24 39 49
25 26 71 47
26 27 51 49
27 28 22 36
28 29 52 37
29 30 58 38
(1409, 1320)

Arvore 55
0 11 54 36
1 2 44 27
2 3 43 38
2 13 3 3
3 4 57 66
5 6 92 74
5 16 8 30
7 18 17 23
8 9 9 26
9 10 15 32
9 20 36 35
10 21 53 60
11 12 56 52
11 22 83 73
12 13 19 35
12 23 77 53
13 14 44 44
14 25 41 40
15 16 57 60
16 17 33 49
16 27 41 35
18 19 43 30
18 29 56 39
20 31 6 7
21 32 42 45
23 24 39 49
25 26 71 47
26 27 51 49
27 28 22 36
28 29 52 37
29 30 58 38
30 31 73 47
(1395, 1315)

Arvore 56
0 11 54 36
1 2 44 27
2 3 43 38
2 13 3 3
3 4 57 66
5 16 8 30
6 7 87 79
7 18 17 23
8 9 9 26
9 10 15 32
9 20 36 35
10 21 53 60
11 12 56 52
11 22 83 73
12 13 19 35
12 23 77 53
13 14 44 44
14 25 41 40
15 16 57 60
16 17 33 49
16 27 41 35
18 19 43 30
18 29 56 39
20 31 6 7
21 32 42 45
23 24 39 49
25 26 71 47
26 27 51 49
27 28 22 36
28 29 52 37
29 30 58 38
30 31 73 47
(1390, 1320)

Arvore 57
0 11 54 36
1 2 44 27
2 3 43 38
2 13 3 3
3 4 57 66
5 16 8 30
6 17 84 82
7 18 17 23
8 9 9 26
9 10 15 32
9 20 36 35
10 21 53 60
11 12 56 52
11 22 83 73
12 13 19 35
12 23 77 53
13 14 44 44
14 25 41 40
15 16 57 60
16 17 33 49
16 27 41 35
18 19 43 30
18 29 56 39
20 31 6 7
21 32 42 45
23 24 39 49
25 26 71 47
26 27 51 49
27 28 22 36
28 29 52 37
29 30 58 38
30 31 73 47
(1387, 1323)

Arvore 58
0 11 54 36
1 2 44 27
2 3 43 38
2 13 3 3
3 4 57 66
5 6 92 74
5 16 8 30
7 18 17 23
8 9 9 26
9 10 15 32
9 20 36 35
10 21 53 60
11 12 56 52
11 22 83 73
12 13 19 35
13 14 44 44
14 25 41 40
15 16 57 60
16 17 33 49
16 27 41 35
18 19 43 30
18 29 56 39
20 31 6 7
21 32 42 45
23 24 39 49
24 25 73 70
25 26 71 47
26 27 51 49
27 28 22 36
28 29 52 37
29 30 58 38
30 31 73 47
(1391, 1332)

Arvore 59
0 11 54 36
1 2 44 27
2 3 43 38
2 13 3 3
3 4 57 66
5 16 8 30
6 7 87 79
7 18 17 23
8 9 9 26
9 10 15 32
9 20 36 35
10 21 53 60
11 12 56 52
11 22 83 73
12 13 19 35
13 14 44 44
14 25 41 40
15 16 57 60
16 17 33 49
16 27 41 35
18 19 43 30
18 29 56 39
20 31 6 7
21 32 42 45
23 24 39 49
24 25 73 70
25 26 71 47
26 27 51 49
27 28 22 36
28 29 52 37
29 30 58 38
30 31 73 47
(1386, 1337)

Arvore 60
0 11 54 36
1 2 44 27
2 3 43 38
2 13 3 3
3 4 57 66
5 16 8 30
6 17 84 82
7 18 17 23
8 9 9 26
9 10 15 32
9 20 36 35
10 21 53 60
11 12 56 52
11 22 83 73
12 13 19 35
13 14 44 44
14 25 41 40
15 16 57 60
16 17 33 49
16 27 41 35
18 19 43 30
18 29 56 39
20 31 6 7
21 32 42 45
23 24 39 49
24 25 73 70
25 26 71 47
26 27 51 49
27 28 22 36
28 29 52 37
29 30 58 38
30 31 73 47
(1383, 1340)

Arvore 61
0 11 54 36
1 2 44 27
2 3 43 38
2 13 3 3
4 15 71 59
5 6 92 74
5 16 8 30
7 18 17 23
8 9 9 26
9 10 15 32
9 20 36 35
10 21 53 60
11 12 56 52
11 22 83 73
12 13 19 35
12 23 77 53
13 14 44 44
14 25 41 40
15 16 57 60
16 17 33 49
16 27 41 35
18 19 43 30
18 29 56 39
20 31 6 7
21 32 42 45
23 24 39 49
25 26 71 47
26 27 51 49
27 28 22 36
28 29 52 37
29 30 58 38
30 31 73 47
(1409, 1308)

Arvore 62
0 11 54 36
1 2 44 27
2 3 43 38
2 13 3 3
4 15 71 59
5 16 8 30
6 7 87 79
7 18 17 23
8 9 9 26
9 10 15 32
9 20 36 35
10 21 53 60
11 12 56 52
11 22 83 73
12 13 19 35
12 23 77 53
13 14 44 44
14 25 41 40
15 16 57 60
16 17 33 49
16 27 41 35
18 19 43 30
18 29 56 39
20 31 6 7
21 32 42 45
23 24 39 49
25 26 71 47
26 27 51 49
27 28 22 36
28 29 52 37
29 30 58 38
30 31 73 47
(1404, 1313)

Arvore 63
0 11 54 36
1 2 44 27
2 3 43 38
2 13 3 3
4 15 71 59
5 16 8 30
6 17 84 82
7 18 17 23
8 9 9 26
9 10 15 32
9 20 36 35
10 21 53 60
11 12 56 52
11 22 83 73
12 13 19 35
12 23 77 53
13 14 44 44
14 25 41 40
15 16 57 60
16 17 33 49
16 27 41 35
18 19 43 30
18 29 56 39
20 31 6 7
21 32 42 45
23 24 39 49
25 26 71 47
26 27 51 49
27 28 22 36
28 29 52 37
29 30 58 38
30 31 73 47
(1401, 1316)

Arvore 64
0 11 54 36
1 2 44 27
2 3 43 38
2 13 3 3
4 15 71 59
5 6 92 74
5 16 8 30
7 18 17 23
8 9 9 26
9 10 15 32
9 20 36 35
10 21 53 60
11 12 56 52
11 22 83 73
12 13 19 35
13 14 44 44
14 25 41 40
15 16 57 60
16 17 33 49
16 27 41 35
18 19 43 30
18 29 56 39
20 31 6 7
21 32 42 45
23 24 39 49
24 25 73 70
25 26 71 47
26 27 51 49
27 28 22 36
28 29 52 37
29 30 58 38
30 31 73 47
(1405, 1325)

Arvore 65
0 11 54 36
1 2 44 27
2 3 43 38
2 13 3 3
4 15 71 59
5 16 8 30
6 7 87 79
7 18 17 23
8 9 9 26
9 10 15 32
9 20 36 35
10 21 53 60
11 12 56 52
11 22 83 73
12 13 19 35
13 14 44 44
14 25 41 40
15 16 57 60
16 17 33 49
16 27 41 35
18 19 43 30
18 29 56 39
20 31 6 7
21 32 42 45
23 24 39 49
24 25 73 70
25 26 71 47
26 27 51 49
27 28 22 36
28 29 52 37
29 30 58 38
30 31 73 47
(1400, 1330)

Arvore 66
0 11 54 36
1 2 44 27
2 3 43 38
2 13 3 3
4 15 71 59
5 16 8 30
6 17 84 82
7 18 17 23
8 9 9 26
9 10 15 32
9 20 36 35
10 21 53 60
11 12 56 52
11 22 83 73
12 13 19 35
13 14 44 44
14 25 41 40
15 16 57 60
16 17 33 49
16 27 41 35
18 19 43 30
18 29 56 39
20 31 6 7
21 32 42 45
23 24 39 49
24 25 73 70
25 26 71 47
26 27 51 49
27 28 22 36
28 29 52 37
29 30 58 38
30 31 73 47
(1397, 1333)

Arvore 67
0 11 54 36
1 2 44 27
2 3 43 38
2 13 3 3
4 15 71 59
5 6 92 74
5 16 8 30
7 18 17 23
8 9 9 26
9 10 15 32
9 20 36 35
10 21 53 60
11 12 56 52
11 22 83 73
12 13 19 35
12 23 77 53
13 14 44 44
14 15 85 55
14 25 41 40
16 17 33 49
16 27 41 35
18 19 43 30
18 29 56 39
20 31 6 7
21 32 42 45
23 24 39 49
25 26 71 47
26 27 51 49
27 28 22 36
28 29 52 37
29 30 58 38
30 31 73 47
(1437, 1303)

Arvore 68
0 11 54 36
1 2 44 27
2 3 43 38
2 13 3 3
4 15 71 59
5 16 8 30
6 7 87 79
7 18 17 23
8 9 9 26
9 10 15 32
9 20 36 35
10 21 53 60
11 12 56 52
11 22 83 73
12 13 19 35
12 23 77 53
13 14 44 44
14 15 85 55
14 25 41 40
16 17 33 49
16 27 41 35
18 19 43 30
18 29 56 39
20 31 6 7
21 32 42 45
23 24 39 49
25 26 71 47
26 27 51 49
27 28 22 36
28 29 52 37
29 30 58 38
30 31 73 47
(1432, 1308)

Arvore 69
0 11 54 36
1 2 44 27
2 3 43 38
2 13 3 3
4 15 71 59
5 16 8 30
6 17 84 82
7 18 17 23
8 9 9 26
9 10 15 32
9 20 36 35
10 21 53 60
11 12 56 52
11 22 83 73
12 13 19 35
12 23 77 53
13 14 44 44
14 15 85 55
14 25 41 40
16 17 33 49
16 27 41 35
18 19 43 30
18 29 56 39
20 31 6 7
21 32 42 45
23 24 39 49
25 26 71 47
26 27 51 49
27 28 22 36
28 29 52 37
29 30 58 38
30 31 73 47
(1429, 1311)

Arvore 70
0 11 54 36
1 2 44 27
2 3 43 38
2 13 3 3
3 4 57 66
5 6 92 74
5 16 8 30
7 18 17 23
8 9 9 26
9 10 15 32
9 20 36 35
10 21 53 60
11 12 56 52
11 22 83 73
12 13 19 35
12 23 77 53
13 14 44 44
14 15 85 55
14 25 41 40
16 17 33 49
16 27 41 35
18 19 43 30
18 29 56 39
20 31 6 7
21 32 42 45
23 24 39 49
25 26 71 47
26 27 51 49
27 28 22 36
28 29 52 37
29 30 58 38
30 31 73 47
(1423, 1310)

Arvore 71
0 11 54 36
1 2 44 27
2 3 43 38
2 13 3 3
3 4 57 66
5 16 8 30
6 7 87 79
7 18 17 23
8 9 9 26
9 10 15 32
9 20 36 35
10 21 53 60
11 12 56 52
11 22 83 73
12 13 19 35
12 23 77 53
13 14 44 44
14 15 85 55
14 25 41 40
16 17 33 49
16 27 41 35
18 19 43 30
18 29 56 39
20 31 6 7
21 32 42 45
23 24 39 49
25 26 71 47
26 27 51 49
27 28 22 36
28 29 52 37
29 30 58 38
30 31 73 47
(1418, 1315)

Arvore 72
0 11 54 36
1 2 44 27
2 3 43 38
2 13 3 3
3 4 57 66
5 16 8 30
6 17 84 82
7 18 17 23
8 9 9 26
9 10 15 32
9 20 36 35
10 21 53 60
11 12 56 52
11 22 83 73
12 13 19 35
12 23 77 53
13 14 44 44
14 15 85 55
14 25 41 40
16 17 33 49
16 27 41 35
18 19 43 30
18 29 56 39
20 31 6 7
21 32 42 45
23 24 39 49
25 26 71 47
26 27 51 49
27 28 22 36
28 29 52 37
29 30 58 38
30 31 73 47
(1415, 1318)

Arvore 73
0 11 54 36
1 2 44 27
2 3 43 38
2 13 3 3
3 4 57 66
5 6 92 74
5 16 8 30
7 18 17 23
8 9 9 26
8 19 67 49
9 10 15 32
9 20 36 35
10 21 53 60
11 12 56 52
11 22 83 73
12 13 19 35
12 23 77 53
13 14 44 44
14 25 41 40
15 16 57 60
16 17 33 49
16 27 41 35
18 19 43 30
19 30 55 52
20 31 6 7
21 32 42 45
23 24 39 49
25 26 71 47
26 27 51 49
27 28 22 36
28 29 52 37
29 30 58 38
(1388, 1330)

Arvore 74
0 11 54 36
1 2 44 27
2 3 43 38
2 13 3 3
3 4 57 66
5 16 8 30
6 7 87 79
7 18 17 23
8 9 9 26
8 19 67 49
9 10 15 32
9 20 36 35
10 21 53 60
11 12 56 52
11 22 83 73
12 13 19 35
12 23 77 53
13 14 44 44
14 25 41 40
15 16 57 60
16 17 33 49
16 27 41 35
18 19 43 30
19 30 55 52
20 31 6 7
21 32 42 45
23 24 39 49
25 26 71 47
26 27 51 49
27 28 22 36
28 29 52 37
29 30 58 38
(1383, 1335)

Arvore 75
0 11 54 36
1 2 44 27
2 3 43 38
2 13 3 3
3 4 57 66
5 16 8 30
6 17 84 82
7 18 17 23
8 9 9 26
8 19 67 49
9 10 15 32
9 20 36 35
10 21 53 60
11 12 56 52
11 22 83 73
12 13 19 35
12 23 77 53
13 14 44 44
14 25 41 40
15 16 57 60
16 17 33 49
16 27 41 35
18 19 43 30
19 30 55 52
20 31 6 7
21 32 42 45
23 24 39 49
25 26 71 47
26 27 51 49
27 28 22 36
28 29 52 37
29 30 58 38
(1380, 1338)

Arvore 76
0 11 54 36
1 2 44 27
2 3 43 38
2 13 3 3
3 4 57 66
5 6 92 74
5 16 8 30
7 18 17 23
8 9 9 26
8 19 67 49
9 10 15 32
9 20 36 35
10 21 53 60
11 12 56 52
11 22 83 73
12 13 19 35
13 14 44 44
14 25 41 40
15 16 57 60
16 17 33 49
16 27 41 35
18 19 43 30
19 30 55 52
20 31 6 7
21 32 42 45
23 24 39 49
24 25 73 70
25 26 71 47
26 27 51 49
27 28 22 36
28 29 52 37
29 30 58 38
(1384, 1347)

Arvore 77
0 11 54 36
1 2 44 27
2 3 43 38
2 13 3 3
3 4 57 66
5 16 8 30
6 7 87 79
7 18 17 23
8 9 9 26
8 19 67 49
9 10 15 32
9 20 36 35
10 21 53 60
11 12 56 52
11 22 83 73
12 13 19 35
13 14 44 44
14 25 41 40
15 16 57 60
16 17 33 49
16 27 41 35
18 19 43 30
19 30 55 52
20 31 6 7
21 32 42 45
23 24 39 49
24 25 73 70
25 26 71 47
26 27 51 49
27 28 22 36
28 29 52 37
29 30 58 38
(1379, 1352)

Arvore 78
0 11 54 36
1 2 44 27
2 3 43 38
2 13 3 3
3 4 57 66
5 16 8 30
6 17 84 82
7 18 17 23
8 9 9 26
8 19 67 49
9 10 15 32
9 20 36 35
10 21 53 60
11 12 56 52
11 22 83 73
12 13 19 35
13 14 44 44
14 25 41 40
15 16 57 60
16 17 33 49
16 27 41 35
18 19 43 30
19 30 55 52
20 31 6 7
21 32 42 45
23 24 39 49
24 25 73 70
25 26 71 47
26 27 51 49
27 28 22 36
28 29 52 37
29 30 58 38
(1376, 1355)

Arvore 79
0 11 54 36
1 2 44 27
2 3 43 38
2 13 3 3
4 15 71 59
5 6 92 74
5 16 8 30
7 18 17 23
8 9 9 26
8 19 67 49
9 10 15 32
9 20 36 35
10 21 53 60
11 12 56 52
11 22 83 73
12 13 19 35
12 23 77 53
13 14 44 44
14 25 41 40
15 16 57 60
16 17 33 49
16 27 41 35
18 19 43 30
19 30 55 52
20 31 6 7
21 32 42 45
23 24 39 49
25 26 71 47
26 27 51 49
27 28 22 36
28 29 52 37
29 30 58 38
(1402, 1323)

Arvore 80
0 11 54 36
1 2 44 27
2 3 43 38
2 13 3 3
4 15 71 59
5 16 8 30
6 7 87 79
7 18 17 23
8 9 9 26
8 19 67 49
9 10 15 32
9 20 36 35
10 21 53 60
11 12 56 52
11 22 83 73
12 13 19 35
12 23 77 53
13 14 44 44
14 25 41 40
15 16 57 60
16 17 33 49
16 27 41 35
18 19 43 30
19 30 55 52
20 31 6 7
21 32 42 45
23 24 39 49
25 26 71 47
26 27 51 49
27 28 22 36
28 29 52 37
29 30 58 38
(1397, 1328)

Arvore 81
0 11 54 36
1 2 44 27
2 3 43 38
2 13 3 3
4 15 71 59
5 16 8 30
6 17 84 82
7 18 17 23
8 9 9 26
8 19 67 49
9 10 15 32
9 20 36 35
10 21 53 60
11 12 56 52
11 22 83 73
12 13 19 35
12 23 77 53
13 14 44 44
14 25 41 40
15 16 57 60
16 17 33 49
16 27 41 35
18 19 43 30
19 30 55 52
20 31 6 7
21 32 42 45
23 24 39 49
25 26 71 47
26 27 51 49
27 28 22 36
28 29 52 37
29 30 58 38
(1394, 1331)

Arvore 82
0 11 54 36
1 2 44 27
2 3 43 38
2 13 3 3
4 15 71 59
5 6 92 74
5 16 8 30
7 18 17 23
8 9 9 26
8 19 67 49
9 10 15 32
9 20 36 35
10 21 53 60
11 12 56 52
11 22 83 73
12 13 19 35
13 14 44 44
14 25 41 40
15 16 57 60
16 17 33 49
16 27 41 35
18 19 43 30
19 30 55 52
20 31 6 7
21 32 42 45
23 24 39 49
24 25 73 70
25 26 71 47
26 27 51 49
27 28 22 36
28 29 52 37
29 30 58 38
(1398, 1340)

Arvore 83
0 11 54 36
1 2 44 27
2 3 43 38
2 13 3 3
4 15 71 59
5 16 8 30
6 7 87 79
7 18 17 23
8 9 9 26
8 19 67 49
9 10 15 32
9 20 36 35
10 21 53 60
11 12 56 52
11 22 83 73
12 13 19 35
13 14 44 44
14 25 41 40
15 16 57 60
16 17 33 49
16 27 41 35
18 19 43 30
19 30 55 52
20 31 6 7
21 32 42 45
23 24 39 49
24 25 73 70
25 26 71 47
26 27 51 49
27 28 22 36
28 29 52 37
29 30 58 38
(1393, 1345)

Arvore 84
0 11 54 36
1 2 44 27
2 3 43 38
2 13 3 3
4 15 71 59
5 16 8 30
6 17 84 82
7 18 17 23
8 9 9 26
8 19 67 49
9 10 15 32
9 20 36 35
10 21 53 60
11 12 56 52
11 22 83 73
12 13 19 35
13 14 44 44
14 25 41 40
15 16 57 60
16 17 33 49
16 27 41 35
18 19 43 30
19 30 55 52
20 31 6 7
21 32 42 45
23 24 39 49
24 25 73 70
25 26 71 47
26 27 51 49
27 28 22 36
28 29 52 37
29 30 58 38
(1390, 1348)

Arvore 85
0 11 54 36
1 2 44 27
2 3 43 38
2 13 3 3
4 15 71 59
5 6 92 74
5 16 8 30
7 18 17 23
8 9 9 26
8 19 67 49
9 10 15 32
9 20 36 35
10 21 53 60
11 12 56 52
11 22 83 73
12 13 19 35
12 23 77 53
13 14 44 44
14 15 85 55
14 25 41 40
16 17 33 49
16 27 41 35
18 19 43 30
19 30 55 52
20 31 6 7
21 32 42 45
23 24 39 49
25 26 71 47
26 27 51 49
27 28 22 36
28 29 52 37
29 30 58 38
(1430, 1318)

Arvore 86
0 11 54 36
1 2 44 27
2 3 43 38
2 13 3 3
4 15 71 59
5 16 8 30
6 7 87 79
7 18 17 23
8 9 9 26
8 19 67 49
9 10 15 32
9 20 36 35
10 21 53 60
11 12 56 52
11 22 83 73
12 13 19 35
12 23 77 53
13 14 44 44
14 15 85 55
14 25 41 40
16 17 33 49
16 27 41 35
18 19 43 30
19 30 55 52
20 31 6 7
21 32 42 45
23 24 39 49
25 26 71 47
26 27 51 49
27 28 22 36
28 29 52 37
29 30 58 38
(1425, 1323)

Arvore 87
0 11 54 36
1 2 44 27
2 3 43 38
2 13 3 3
4 15 71 59
5 16 8 30
6 17 84 82
7 18 17 23
8 9 9 26
8 19 67 49
9 10 15 32
9 20 36 35
10 21 53 60
11 12 56 52
11 22 83 73
12 13 19 35
12 23 77 53
13 14 44 44
14 15 85 55
14 25 41 40
16 17 33 49
16 27 41 35
18 19 43 30
19 30 55 52
20 31 6 7
21 32 42 45
23 24 39 49
25 26 71 47
26 27 51 49
27 28 22 36
28 29 52 37
29 30 58 38
(1422, 1326)

Arvore 88
0 11 54 36
1 2 44 27
2 3 43 38
2 13 3 3
3 4 57 66
5 6 92 74
5 16 8 30
7 18 17 23
8 9 9 26
8 19 67 49
9 10 15 32
9 20 36 35
10 21 53 60
11 12 56 52
11 22 83 73
12 13 19 35
12 23 77 53
13 14 44 44
14 15 85 55
14 25 41 40
16 17 33 49
16 27 41 35
18 19 43 30
19 30 55 52
20 31 6 7
21 32 42 45
23 24 39 49
25 26 71 47
26 27 51 49
27 28 22 36
28 29 52 37
29 30 58 38
(1416, 1325)

Arvore 89
0 11 54 36
1 2 44 27
2 3 43 38
2 13 3 3
3 4 57 66
5 16 8 30
6 7 87 79
7 18 17 23
8 9 9 26
8 19 67 49
9 10 15 32
9 20 36 35
10 21 53 60
11 12 56 52
11 22 83 73
12 13 19 35
12 23 77 53
13 14 44 44
14 15 85 55
14 25 41 40
16 17 33 49
16 27 41 35
18 19 43 30
19 30 55 52
20 31 6 7
21 32 42 45
23 24 39 49
25 26 71 47
26 27 51 49
27 28 22 36
28 29 52 37
29 30 58 38
(1411, 1330)

Arvore 90
0 11 54 36
1 2 44 27
2 3 43 38
2 13 3 3
3 4 57 66
5 16 8 30
6 17 84 82
7 18 17 23
8 9 9 26
8 19 67 49
9 10 15 32
9 20 36 35
10 21 53 60
11 12 56 52
11 22 83 73
12 13 19 35
12 23 77 53
13 14 44 44
14 15 85 55
14 25 41 40
16 17 33 49
16 27 41 35
18 19 43 30
19 30 55 52
20 31 6 7
21 32 42 45
23 24 39 49
25 26 71 47
26 27 51 49
27 28 22 36
28 29 52 37
29 30 58 38
(1408, 1333)

Arvore 91
0 11 54 36
1 2 44 27
2 3 43 38
2 13 3 3
3 4 57 66
5 6 92 74
5 16 8 30
7 18 17 23
8 9 9 26
9 10 15 32
9 20 36 35
10 21 53 60
11 12 56 52
11 22 83 73
12 13 19 35
12 23 77 53
13 14 44 44
14 25 41 40
15 16 57 60
16 17 33 49
16 27 41 35
18 19 43 30
19 30 55 52
20 31 6 7
21 32 42 45
23 24 39 49
25 26 71 47
26 27 51 49
27 28 22 36
28 29 52 37
29 30 58 38
30 31 73 47
(1394, 1328)

Arvore 92
0 11 54 36
1 2 44 27
2 3 43 38
2 13 3 3
3 4 57 66
5 16 8 30
6 7 87 79
7 18 17 23
8 9 9 26
9 10 15 32
9 20 36 35
10 21 53 60
11 12 56 52
11 22 83 73
12 13 19 35
12 23 77 53
13 14 44 44
14 25 41 40
15 16 57 60
16 17 33 49
16 27 41 35
18 19 43 30
19 30 55 52
20 31 6 7
21 32 42 45
23 24 39 49
25 26 71 47
26 27 51 49
27 28 22 36
28 29 52 37
29 30 58 38
30 31 73 47
(1389, 1333)

Arvore 93
0 11 54 36
1 2 44 27
2 3 43 38
2 13 3 3
3 4 57 66
5 16 8 30
6 17 84 82
7 18 17 23
8 9 9 26
9 10 15 32
9 20 36 35
10 21 53 60
11 12 56 52
11 22 83 73
12 13 19 35
12 23 77 53
13 14 44 44
14 25 41 40
15 16 57 60
16 17 33 49
16 27 41 35
18 19 43 30
19 30 55 52
20 31 6 7
21 32 42 45
23 24 39 49
25 26 71 47
26 27 51 49
27 28 22 36
28 29 52 37
29 30 58 38
30 31 73 47
(1386, 1336)

Arvore 94
0 11 54 36
1 2 44 27
2 3 43 38
2 13 3 3
3 4 57 66
5 6 92 74
5 16 8 30
7 18 17 23
8 9 9 26
9 10 15 32
9 20 36 35
10 21 53 60
11 12 56 52
11 22 83 73
12 13 19 35
13 14 44 44
14 25 41 40
15 16 57 60
16 17 33 49
16 27 41 35
18 19 43 30
19 30 55 52
20 31 6 7
21 32 42 45
23 24 39 49
24 25 73 70
25 26 71 47
26 27 51 49
27 28 22 36
28 29 52 37
29 30 58 38
30 31 73 47
(1390, 1345)

Arvore 95
0 11 54 36
1 2 44 27
2 3 43 38
2 13 3 3
3 4 57 66
5 16 8 30
6 7 87 79
7 18 17 23
8 9 9 26
9 10 15 32
9 20 36 35
10 21 53 60
11 12 56 52
11 22 83 73
12 13 19 35
13 14 44 44
14 25 41 40
15 16 57 60
16 17 33 49
16 27 41 35
18 19 43 30
19 30 55 52
20 31 6 7
21 32 42 45
23 24 39 49
24 25 73 70
25 26 71 47
26 27 51 49
27 28 22 36
28 29 52 37
29 30 58 38
30 31 73 47
(1385, 1350)

Arvore 96
0 11 54 36
1 2 44 27
2 3 43 38
2 13 3 3
3 4 57 66
5 16 8 30
6 17 84 82
7 18 17 23
8 9 9 26
9 10 15 32
9 20 36 35
10 21 53 60
11 12 56 52
11 22 83 73
12 13 19 35
13 14 44 44
14 25 41 40
15 16 57 60
16 17 33 49
16 27 41 35
18 19 43 30
19 30 55 52
20 31 6 7
21 32 42 45
23 24 39 49
24 25 73 70
25 26 71 47
26 27 51 49
27 28 22 36
28 29 52 37
29 30 58 38
30 31 73 47
(1382, 1353)

Arvore 97
0 11 54 36
1 2 44 27
2 3 43 38
2 13 3 3
4 15 71 59
5 6 92 74
5 16 8 30
7 18 17 23
8 9 9 26
9 10 15 32
9 20 36 35
10 21 53 60
11 12 56 52
11 22 83 73
12 13 19 35
12 23 77 53
13 14 44 44
14 25 41 40
15 16 57 60
16 17 33 49
16 27 41 35
18 19 43 30
19 30 55 52
20 31 6 7
21 32 42 45
23 24 39 49
25 26 71 47
26 27 51 49
27 28 22 36
28 29 52 37
29 30 58 38
30 31 73 47
(1408, 1321)

Arvore 98
0 11 54 36
1 2 44 27
2 3 43 38
2 13 3 3
4 15 71 59
5 16 8 30
6 7 87 79
7 18 17 23
8 9 9 26
9 10 15 32
9 20 36 35
10 21 53 60
11 12 56 52
11 22 83 73
12 13 19 35
12 23 77 53
13 14 44 44
14 25 41 40
15 16 57 60
16 17 33 49
16 27 41 35
18 19 43 30
19 30 55 52
20 31 6 7
21 32 42 45
23 24 39 49
25 26 71 47
26 27 51 49
27 28 22 36
28 29 52 37
29 30 58 38
30 31 73 47
(1403, 1326)

Arvore 99
0 11 54 36
1 2 44 27
2 3 43 38
2 13 3 3
4 15 71 59
5 16 8 30
6 17 84 82
7 18 17 23
8 9 9 26
9 10 15 32
9 20 36 35
10 21 53 60
11 12 56 52
11 22 83 73
12 13 19 35
12 23 77 53
13 14 44 44
14 25 41 40
15 16 57 60
16 17 33 49
16 27 41 35
18 19 43 30
19 30 55 52
20 31 6 7
21 32 42 45
23 24 39 49
25 26 71 47
26 27 51 49
27 28 22 36
28 29 52 37
29 30 58 38
30 31 73 47
(1400, 1329)

Arvore 100
0 11 54 36
1 2 44 27
2 3 43 38
2 13 3 3
4 15 71 59
5 6 92 74
5 16 8 30
7 18 17 23
8 9 9 26
9 10 15 32
9 20 36 35
10 21 53 60
11 12 56 52
11 22 83 73
12 13 19 35
13 14 44 44
14 25 41 40
15 16 57 60
16 17 33 49
16 27 41 35
18 19 43 30
19 30 55 52
20 31 6 7
21 32 42 45
23 24 39 49
24 25 73 70
25 26 71 47
26 27 51 49
27 28 22 36
28 29 52 37
29 30 58 38
30 31 73 47
(1404, 1338)

Arvore 101
0 11 54 36
1 2 44 27
2 3 43 38
2 13 3 3
4 15 71 59
5 16 8 30
6 7 87 79
7 18 17 23
8 9 9 26
9 10 15 32
9 20 36 35
10 21 53 60
11 12 56 52
11 22 83 73
12 13 19 35
13 14 44 44
14 25 41 40
15 16 57 60
16 17 33 49
16 27 41 35
18 19 43 30
19 30 55 52
20 31 6 7
21 32 42 45
23 24 39 49
24 25 73 70
25 26 71 47
26 27 51 49
27 28 22 36
28 29 52 37
29 30 58 38
30 31 73 47
(1399, 1343)

Arvore 102
0 11 54 36
1 2 44 27
2 3 43 38
2 13 3 3
4 15 71 59
5 16 8 30
6 17 84 82
7 18 17 23
8 9 9 26
9 10 15 32
9 20 36 35
10 21 53 60
11 12 56 52
11 22 83 73
12 13 19 35
13 14 44 44
14 25 41 40
15 16 57 60
16 17 33 49
16 27 41 35
18 19 43 30
19 30 55 52
20 31 6 7
21 32 42 45
23 24 39 49
24 25 73 70
25 26 71 47
26 27 51 49
27 28 22 36
28 29 52 37
29 30 58 38
30 31 73 47
(1396, 1346)

Arvore 103
0 11 54 36
1 2 44 27
2 3 43 38
2 13 3 3
4 15 71 59
5 6 92 74
5 16 8 30
7 18 17 23
8 9 9 26
9 10 15 32
9 20 36 35
10 21 53 60
11 12 56 52
11 22 83 73
12 13 19 35
12 23 77 53
13 14 44 44
14 15 85 55
14 25 41 40
16 17 33 49
16 27 41 35
18 19 43 30
19 30 55 52
20 31 6 7
21 32 42 45
23 24 39 49
25 26 71 47
26 27 51 49
27 28 22 36
28 29 52 37
29 30 58 38
30 31 73 47
(1436, 1316)

Arvore 104
0 11 54 36
1 2 44 27
2 3 43 38
2 13 3 3
4 15 71 59
5 16 8 30
6 7 87 79
7 18 17 23
8 9 9 26
9 10 15 32
9 20 36 35
10 21 53 60
11 12 56 52
11 22 83 73
12 13 19 35
12 23 77 53
13 14 44 44
14 15 85 55
14 25 41 40
16 17 33 49
16 27 41 35
18 19 43 30
19 30 55 52
20 31 6 7
21 32 42 45
23 24 39 49
25 26 71 47
26 27 51 49
27 28 22 36
28 29 52 37
29 30 58 38
30 31 73 47
(1431, 1321)

Arvore 105
0 11 54 36
1 2 44 27
2 3 43 38
2 13 3 3
4 15 71 59
5 16 8 30
6 17 84 82
7 18 17 23
8 9 9 26
9 10 15 32
9 20 36 35
10 21 53 60
11 12 56 52
11 22 83 73
12 13 19 35
12 23 77 53
13 14 44 44
14 15 85 55
14 25 41 40
16 17 33 49
16 27 41 35
18 19 43 30
19 30 55 52
20 31 6 7
21 32 42 45
23 24 39 49
25 26 71 47
26 27 51 49
27 28 22 36
28 29 52 37
29 30 58 38
30 31 73 47
(1428, 1324)

Arvore 106
0 11 54 36
1 2 44 27
2 3 43 38
2 13 3 3
3 4 57 66
5 6 92 74
5 16 8 30
7 18 17 23
8 9 9 26
9 10 15 32
9 20 36 35
10 21 53 60
11 12 56 52
11 22 83 73
12 13 19 35
12 23 77 53
13 14 44 44
14 15 85 55
14 25 41 40
16 17 33 49
16 27 41 35
18 19 43 30
19 30 55 52
20 31 6 7
21 32 42 45
23 24 39 49
25 26 71 47
26 27 51 49
27 28 22 36
28 29 52 37
29 30 58 38
30 31 73 47
(1422, 1323)

Arvore 107
0 11 54 36
1 2 44 27
2 3 43 38
2 13 3 3
3 4 57 66
5 16 8 30
6 7 87 79
7 18 17 23
8 9 9 26
9 10 15 32
9 20 36 35
10 21 53 60
11 12 56 52
11 22 83 73
12 13 19 35
12 23 77 53
13 14 44 44
14 15 85 55
14 25 41 40
16 17 33 49
16 27 41 35
18 19 43 30
19 30 55 52
20 31 6 7
21 32 42 45
23 24 39 49
25 26 71 47
26 27 51 49
27 28 22 36
28 29 52 37
29 30 58 38
30 31 73 47
(1417, 1328)

Arvore 108
0 11 54 36
1 2 44 27
2 3 43 38
2 13 3 3
3 4 57 66
5 16 8 30
6 17 84 82
7 18 17 23
8 9 9 26
9 10 15 32
9 20 36 35
10 21 53 60
11 12 56 52
11 22 83 73
12 13 19 35
12 23 77 53
13 14 44 44
14 15 85 55
14 25 41 40
16 17 33 49
16 27 41 35
18 19 43 30
19 30 55 52
20 31 6 7
21 32 42 45
23 24 39 49
25 26 71 47
26 27 51 49
27 28 22 36
28 29 52 37
29 30 58 38
30 31 73 47
(1414, 1331)

Arvore 109
0 11 54 36
1 2 44 27
2 3 43 38
2 13 3 3
3 4 57 66
5 6 92 74
5 16 8 30
7 18 17 23
8 9 9 26
8 19 67 49
9 10 15 32
9 20 36 35
11 12 56 52
11 22 83 73
12 13 19 35
12 23 77 53
13 14 44 44
14 15 85 55
14 25 41 40
16 17 33 49
16 27 41 35
18 19 43 30
18 29 56 39
19 30 55 52
20 31 6 7
21 32 42 45
23 24 39 49
25 26 71 47
26 27 51 49
27 28 22 36
28 29 52 37
31 32 54 56
(1415, 1322)

Arvore 110
0 11 54 36
1 2 44 27
2 3 43 38
2 13 3 3
3 4 57 66
5 16 8 30
6 7 87 79
7 18 17 23
8 9 9 26
8 19 67 49
9 10 15 32
9 20 36 35
11 12 56 52
11 22 83 73
12 13 19 35
12 23 77 53
13 14 44 44
14 15 85 55
14 25 41 40
16 17 33 49
16 27 41 35
18 19 43 30
18 29 56 39
19 30 55 52
20 31 6 7
21 32 42 45
23 24 39 49
25 26 71 47
26 27 51 49
27 28 22 36
28 29 52 37
31 32 54 56
(1410, 1327)

Arvore 111
0 11 54 36
1 2 44 27
2 3 43 38
2 13 3 3
3 4 57 66
5 16 8 30
6 17 84 82
7 18 17 23
8 9 9 26
8 19 67 49
9 10 15 32
9 20 36 35
11 12 56 52
11 22 83 73
12 13 19 35
12 23 77 53
13 14 44 44
14 15 85 55
14 25 41 40
16 17 33 49
16 27 41 35
18 19 43 30
18 29 56 39
19 30 55 52
20 31 6 7
21 32 42 45
23 24 39 49
25 26 71 47
26 27 51 49
27 28 22 36
28 29 52 37
31 32 54 56
(1407, 1330)

Arvore 112
0 11 54 36
1 2 44 27
2 3 43 38
2 13 3 3
4 15 71 59
5 6 92 74
5 16 8 30
7 18 17 23
8 9 9 26
8 19 67 49
9 10 15 32
9 20 36 35
11 12 56 52
11 22 83 73
12 13 19 35
12 23 77 53
13 14 44 44
14 15 85 55
14 25 41 40
16 17 33 49
16 27 41 35
18 19 43 30
18 29 56 39
19 30 55 52
20 31 6 7
21 32 42 45
23 24 39 49
25 26 71 47
26 27 51 49
27 28 22 36
28 29 52 37
31 32 54 56
(1429, 1315)

Arvore 113
0 11 54 36
1 2 44 27
2 3 43 38
2 13 3 3
4 15 71 59
5 16 8 30
6 7 87 79
7 18 17 23
8 9 9 26
8 19 67 49
9 10 15 32
9 20 36 35
11 12 56 52
11 22 83 73
12 13 19 35
12 23 77 53
13 14 44 44
14 15 85 55
14 25 41 40
16 17 33 49
16 27 41 35
18 19 43 30
18 29 56 39
19 30 55 52
20 31 6 7
21 32 42 45
23 24 39 49
25 26 71 47
26 27 51 49
27 28 22 36
28 29 52 37
31 32 54 56
(1424, 1320)

Arvore 114
0 11 54 36
1 2 44 27
2 3 43 38
2 13 3 3
4 15 71 59
5 16 8 30
6 17 84 82
7 18 17 23
8 9 9 26
8 19 67 49
9 10 15 32
9 20 36 35
11 12 56 52
11 22 83 73
12 13 19 35
12 23 77 53
13 14 44 44
14 15 85 55
14 25 41 40
16 17 33 49
16 27 41 35
18 19 43 30
18 29 56 39
19 30 55 52
20 31 6 7
21 32 42 45
23 24 39 49
25 26 71 47
26 27 51 49
27 28 22 36
28 29 52 37
31 32 54 56
(1421, 1323)

Arvore 115
0 11 54 36
1 2 44 27
2 3 43 38
2 13 3 3
4 15 71 59
5 6 92 74
5 16 8 30
7 18 17 23
8 9 9 26
8 19 67 49
9 10 15 32
9 20 36 35
11 12 56 52
11 22 83 73
12 13 19 35
12 23 77 53
13 14 44 44
14 25 41 40
15 16 57 60
16 17 33 49
16 27 41 35
18 19 43 30
18 29 56 39
19 30 55 52
20 31 6 7
21 32 42 45
23 24 39 49
25 26 71 47
26 27 51 49
27 28 22 36
28 29 52 37
31 32 54 56
(1401, 1320)

Arvore 116
0 11 54 36
1 2 44 27
2 3 43 38
2 13 3 3
4 15 71 59
5 16 8 30
6 7 87 79
7 18 17 23
8 9 9 26
8 19 67 49
9 10 15 32
9 20 36 35
11 12 56 52
11 22 83 73
12 13 19 35
12 23 77 53
13 14 44 44
14 25 41 40
15 16 57 60
16 17 33 49
16 27 41 35
18 19 43 30
18 29 56 39
19 30 55 52
20 31 6 7
21 32 42 45
23 24 39 49
25 26 71 47
26 27 51 49
27 28 22 36
28 29 52 37
31 32 54 56
(1396, 1325)

Arvore 117
0 11 54 36
1 2 44 27
2 3 43 38
2 13 3 3
4 15 71 59
5 16 8 30
6 17 84 82
7 18 17 23
8 9 9 26
8 19 67 49
9 10 15 32
9 20 36 35
11 12 56 52
11 22 83 73
12 13 19 35
12 23 77 53
13 14 44 44
14 25 41 40
15 16 57 60
16 17 33 49
16 27 41 35
18 19 43 30
18 29 56 39
19 30 55 52
20 31 6 7
21 32 42 45
23 24 39 49
25 26 71 47
26 27 51 49
27 28 22 36
28 29 52 37
31 32 54 56
(1393, 1328)

Arvore 118
0 11 54 36
1 2 44 27
2 3 43 38
2 13 3 3
3 4 57 66
5 6 92 74
5 16 8 30
7 18 17 23
8 9 9 26
8 19 67 49
9 10 15 32
9 20 36 35
11 12 56 52
11 22 83 73
12 13 19 35
12 23 77 53
13 14 44 44
14 25 41 40
15 16 57 60
16 17 33 49
16 27 41 35
18 19 43 30
18 29 56 39
19 30 55 52
20 31 6 7
21 32 42 45
23 24 39 49
25 26 71 47
26 27 51 49
27 28 22 36
28 29 52 37
31 32 54 56
(1387, 1327)

Arvore 119
0 11 54 36
1 2 44 27
2 3 43 38
2 13 3 3
3 4 57 66
5 16 8 30
6 7 87 79
7 18 17 23
8 9 9 26
8 19 67 49
9 10 15 32
9 20 36 35
11 12 56 52
11 22 83 73
12 13 19 35
12 23 77 53
13 14 44 44
14 25 41 40
15 16 57 60
16 17 33 49
16 27 41 35
18 19 43 30
18 29 56 39
19 30 55 52
20 31 6 7
21 32 42 45
23 24 39 49
25 26 71 47
26 27 51 49
27 28 22 36
28 29 52 37
31 32 54 56
(1382, 1332)

Arvore 120
0 11 54 36
1 2 44 27
2 3 43 38
2 13 3 3
3 4 57 66
5 16 8 30
6 17 84 82
7 18 17 23
8 9 9 26
8 19 67 49
9 10 15 32
9 20 36 35
11 12 56 52
11 22 83 73
12 13 19 35
12 23 77 53
13 14 44 44
14 25 41 40
15 16 57 60
16 17 33 49
16 27 41 35
18 19 43 30
18 29 56 39
19 30 55 52
20 31 6 7
21 32 42 45
23 24 39 49
25 26 71 47
26 27 51 49
27 28 22 36
28 29 52 37
31 32 54 56
(1379, 1335)

Arvore 121
0 11 54 36
1 2 44 27
2 3 43 38
2 13 3 3
4 15 71 59
5 6 92 74
5 16 8 30
7 18 17 23
8 9 9 26
8 19 67 49
9 10 15 32
9 20 36 35
11 12 56 52
11 22 83 73
12 13 19 35
13 14 44 44
14 25 41 40
15 16 57 60
16 17 33 49
16 27 41 35
18 19 43 30
18 29 56 39
19 30 55 52
20 31 6 7
21 32 42 45
23 24 39 49
24 25 73 70
25 26 71 47
26 27 51 49
27 28 22 36
28 29 52 37
31 32 54 56
(1397, 1337)

Arvore 122
0 11 54 36
1 2 44 27
2 3 43 38
2 13 3 3
4 15 71 59
5 16 8 30
6 7 87 79
7 18 17 23
8 9 9 26
8 19 67 49
9 10 15 32
9 20 36 35
11 12 56 52
11 22 83 73
12 13 19 35
13 14 44 44
14 25 41 40
15 16 57 60
16 17 33 49
16 27 41 35
18 19 43 30
18 29 56 39
19 30 55 52
20 31 6 7
21 32 42 45
23 24 39 49
24 25 73 70
25 26 71 47
26 27 51 49
27 28 22 36
28 29 52 37
31 32 54 56
(1392, 1342)

Arvore 123
0 11 54 36
1 2 44 27
2 3 43 38
2 13 3 3
4 15 71 59
5 16 8 30
6 17 84 82
7 18 17 23
8 9 9 26
8 19 67 49
9 10 15 32
9 20 36 35
11 12 56 52
11 22 83 73
12 13 19 35
13 14 44 44
14 25 41 40
15 16 57 60
16 17 33 49
16 27 41 35
18 19 43 30
18 29 56 39
19 30 55 52
20 31 6 7
21 32 42 45
23 24 39 49
24 25 73 70
25 26 71 47
26 27 51 49
27 28 22 36
28 29 52 37
31 32 54 56
(1389, 1345)

Arvore 124
0 11 54 36
1 2 44 27
2 3 43 38
2 13 3 3
3 4 57 66
5 6 92 74
5 16 8 30
7 18 17 23
8 9 9 26
8 19 67 49
9 10 15 32
9 20 36 35
11 12 56 52
11 22 83 73
12 13 19 35
13 14 44 44
14 25 41 40
15 16 57 60
16 17 33 49
16 27 41 35
18 19 43 30
18 29 56 39
19 30 55 52
20 31 6 7
21 32 42 45
23 24 39 49
24 25 73 70
25 26 71 47
26 27 51 49
27 28 22 36
28 29 52 37
31 32 54 56
(1383, 1344)

Arvore 125
0 11 54 36
1 2 44 27
2 3 43 38
2 13 3 3
3 4 57 66
5 16 8 30
6 7 87 79
7 18 17 23
8 9 9 26
8 19 67 49
9 10 15 32
9 20 36 35
11 12 56 52
11 22 83 73
12 13 19 35
13 14 44 44
14 25 41 40
15 16 57 60
16 17 33 49
16 27 41 35
18 19 43 30
18 29 56 39
19 30 55 52
20 31 6 7
21 32 42 45
23 24 39 49
24 25 73 70
25 26 71 47
26 27 51 49
27 28 22 36
28 29 52 37
31 32 54 56
(1378, 1349)

Arvore 126
0 11 54 36
1 2 44 27
2 3 43 38
2 13 3 3
3 4 57 66
5 16 8 30
6 17 84 82
7 18 17 23
8 9 9 26
8 19 67 49
9 10 15 32
9 20 36 35
11 12 56 52
11 22 83 73
12 13 19 35
13 14 44 44
14 25 41 40
15 16 57 60
16 17 33 49
16 27 41 35
18 19 43 30
18 29 56 39
19 30 55 52
20 31 6 7
21 32 42 45
23 24 39 49
24 25 73 70
25 26 71 47
26 27 51 49
27 28 22 36
28 29 52 37
31 32 54 56
(1375, 1352)

Arvore 127
0 11 54 36
1 2 44 27
2 3 43 38
2 13 3 3
3 4 57 66
5 6 92 74
5 16 8 30
7 18 17 23
8 9 9 26
9 10 15 32
9 20 36 35
11 12 56 52
11 22 83 73
12 13 19 35
12 23 77 53
13 14 44 44
14 15 85 55
14 25 41 40
16 17 33 49
16 27 41 35
18 19 43 30
18 29 56 39
19 30 55 52
20 31 6 7
21 32 42 45
23 24 39 49
25 26 71 47
26 27 51 49
27 28 22 36
28 29 52 37
30 31 73 47
31 32 54 56
(1421, 1320)

Arvore 128
0 11 54 36
1 2 44 27
2 3 43 38
2 13 3 3
3 4 57 66
5 16 8 30
6 7 87 79
7 18 17 23
8 9 9 26
9 10 15 32
9 20 36 35
11 12 56 52
11 22 83 73
12 13 19 35
12 23 77 53
13 14 44 44
14 15 85 55
14 25 41 40
16 17 33 49
16 27 41 35
18 19 43 30
18 29 56 39
19 30 55 52
20 31 6 7
21 32 42 45
23 24 39 49
25 26 71 47
26 27 51 49
27 28 22 36
28 29 52 37
30 31 73 47
31 32 54 56
(1416, 1325)

Arvore 129
0 11 54 36
1 2 44 27
2 3 43 38
2 13 3 3
3 4 57 66
5 16 8 30
6 17 84 82
7 18 17 23
8 9 9 26
9 10 15 32
9 20 36 35
11 12 56 52
11 22 83 73
12 13 19 35
12 23 77 53
13 14 44 44
14 15 85 55
14 25 41 40
16 17 33 49
16 27 41 35
18 19 43 30
18 29 56 39
19 30 55 52
20 31 6 7
21 32 42 45
23 24 39 49
25 26 71 47
26 27 51 49
27 28 22 36
28 29 52 37
30 31 73 47
31 32 54 56
(1413, 1328)

Arvore 130
0 11 54 36
1 2 44 27
2 3 43 38
2 13 3 3
4 15 71 59
5 6 92 74
5 16 8 30
7 18 17 23
8 9 9 26
9 10 15 32
9 20 36 35
11 12 56 52
11 22 83 73
12 13 19 35
12 23 77 53
13 14 44 44
14 15 85 55
14 25 41 40
16 17 33 49
16 27 41 35
18 19 43 30
18 29 56 39
19 30 55 52
20 31 6 7
21 32 42 45
23 24 39 49
25 26 71 47
26 27 51 49
27 28 22 36
28 29 52 37
30 31 73 47
31 32 54 56
(1435, 1313)

Arvore 131
0 11 54 36
1 2 44 27
2 3 43 38
2 13 3 3
4 15 71 59
5 16 8 30
6 7 87 79
7 18 17 23
8 9 9 26
9 10 15 32
9 20 36 35
11 12 56 52
11 22 83 73
12 13 19 35
12 23 77 53
13 14 44 44
14 15 85 55
14 25 41 40
16 17 33 49
16 27 41 35
18 19 43 30
18 29 56 39
19 30 55 52
20 31 6 7
21 32 42 45
23 24 39 49
25 26 71 47
26 27 51 49
27 28 22 36
28 29 52 37
30 31 73 47
31 32 54 56
(1430, 1318)

Arvore 132
0 11 54 36
1 2 44 27
2 3 43 38
2 13 3 3
4 15 71 59
5 16 8 30
6 17 84 82
7 18 17 23
8 9 9 26
9 10 15 32
9 20 36 35
11 12 56 52
11 22 83 73
12 13 19 35
12 23 77 53
13 14 44 44
14 15 85 55
14 25 41 40
16 17 33 49
16 27 41 35
18 19 43 30
18 29 56 39
19 30 55 52
20 31 6 7
21 32 42 45
23 24 39 49
25 26 71 47
26 27 51 49
27 28 22 36
28 29 52 37
30 31 73 47
31 32 54 56
(1427, 1321)

Arvore 133
0 11 54 36
1 2 44 27
2 3 43 38
2 13 3 3
4 15 71 59
5 6 92 74
5 16 8 30
7 18 17 23
8 9 9 26
9 10 15 32
9 20 36 35
11 12 56 52
11 22 83 73
12 13 19 35
12 23 77 53
13 14 44 44
14 25 41 40
15 16 57 60
16 17 33 49
16 27 41 35
18 19 43 30
18 29 56 39
19 30 55 52
20 31 6 7
21 32 42 45
23 24 39 49
25 26 71 47
26 27 51 49
27 28 22 36
28 29 52 37
30 31 73 47
31 32 54 56
(1407, 1318)

Arvore 134
0 11 54 36
1 2 44 27
2 3 43 38
2 13 3 3
4 15 71 59
5 16 8 30
6 7 87 79
7 18 17 23
8 9 9 26
9 10 15 32
9 20 36 35
11 12 56 52
11 22 83 73
12 13 19 35
12 23 77 53
13 14 44 44
14 25 41 40
15 16 57 60
16 17 33 49
16 27 41 35
18 19 43 30
18 29 56 39
19 30 55 52
20 31 6 7
21 32 42 45
23 24 39 49
25 26 71 47
26 27 51 49
27 28 22 36
28 29 52 37
30 31 73 47
31 32 54 56
(1402, 1323)

Arvore 135
0 11 54 36
1 2 44 27
2 3 43 38
2 13 3 3
4 15 71 59
5 16 8 30
6 17 84 82
7 18 17 23
8 9 9 26
9 10 15 32
9 20 36 35
11 12 56 52
11 22 83 73
12 13 19 35
12 23 77 53
13 14 44 44
14 25 41 40
15 16 57 60
16 17 33 49
16 27 41 35
18 19 43 30
18 29 56 39
19 30 55 52
20 31 6 7
21 32 42 45
23 24 39 49
25 26 71 47
26 27 51 49
27 28 22 36
28 29 52 37
30 31 73 47
31 32 54 56
(1399, 1326)

Arvore 136
0 11 54 36
1 2 44 27
2 3 43 38
2 13 3 3
3 4 57 66
5 6 92 74
5 16 8 30
7 18 17 23
8 9 9 26
9 10 15 32
9 20 36 35
11 12 56 52
11 22 83 73
12 13 19 35
12 23 77 53
13 14 44 44
14 25 41 40
15 16 57 60
16 17 33 49
16 27 41 35
18 19 43 30
18 29 56 39
19 30 55 52
20 31 6 7
21 32 42 45
23 24 39 49
25 26 71 47
26 27 51 49
27 28 22 36
28 29 52 37
30 31 73 47
31 32 54 56
(1393, 1325)

Arvore 137
0 11 54 36
1 2 44 27
2 3 43 38
2 13 3 3
3 4 57 66
5 16 8 30
6 7 87 79
7 18 17 23
8 9 9 26
9 10 15 32
9 20 36 35
11 12 56 52
11 22 83 73
12 13 19 35
12 23 77 53
13 14 44 44
14 25 41 40
15 16 57 60
16 17 33 49
16 27 41 35
18 19 43 30
18 29 56 39
19 30 55 52
20 31 6 7
21 32 42 45
23 24 39 49
25 26 71 47
26 27 51 49
27 28 22 36
28 29 52 37
30 31 73 47
31 32 54 56
(1388, 1330)

Arvore 138
0 11 54 36
1 2 44 27
2 3 43 38
2 13 3 3
3 4 57 66
5 16 8 30
6 17 84 82
7 18 17 23
8 9 9 26
9 10 15 32
9 20 36 35
11 12 56 52
11 22 83 73
12 13 19 35
12 23 77 53
13 14 44 44
14 25 41 40
15 16 57 60
16 17 33 49
16 27 41 35
18 19 43 30
18 29 56 39
19 30 55 52
20 31 6 7
21 32 42 45
23 24 39 49
25 26 71 47
26 27 51 49
27 28 22 36
28 29 52 37
30 31 73 47
31 32 54 56
(1385, 1333)

Arvore 139
0 11 54 36
1 2 44 27
2 3 43 38
2 13 3 3
4 15 71 59
5 6 92 74
5 16 8 30
7 18 17 23
8 9 9 26
9 10 15 32
9 20 36 35
11 12 56 52
11 22 83 73
12 13 19 35
13 14 44 44
14 25 41 40
15 16 57 60
16 17 33 49
16 27 41 35
18 19 43 30
18 29 56 39
19 30 55 52
20 31 6 7
21 32 42 45
23 24 39 49
24 25 73 70
25 26 71 47
26 27 51 49
27 28 22 36
28 29 52 37
30 31 73 47
31 32 54 56
(1403, 1335)

Arvore 140
0 11 54 36
1 2 44 27
2 3 43 38
2 13 3 3
4 15 71 59
5 16 8 30
6 7 87 79
7 18 17 23
8 9 9 26
9 10 15 32
9 20 36 35
11 12 56 52
11 22 83 73
12 13 19 35
13 14 44 44
14 25 41 40
15 16 57 60
16 17 33 49
16 27 41 35
18 19 43 30
18 29 56 39
19 30 55 52
20 31 6 7
21 32 42 45
23 24 39 49
24 25 73 70
25 26 71 47
26 27 51 49
27 28 22 36
28 29 52 37
30 31 73 47
31 32 54 56
(1398, 1340)

Arvore 141
0 11 54 36
1 2 44 27
2 3 43 38
2 13 3 3
4 15 71 59
5 16 8 30
6 17 84 82
7 18 17 23
8 9 9 26
9 10 15 32
9 20 36 35
11 12 56 52
11 22 83 73
12 13 19 35
13 14 44 44
14 25 41 40
15 16 57 60
16 17 33 49
16 27 41 35
18 19 43 30
18 29 56 39
19 30 55 52
20 31 6 7
21 32 42 45
23 24 39 49
24 25 73 70
25 26 71 47
26 27 51 49
27 28 22 36
28 29 52 37
30 31 73 47
31 32 54 56
(1395, 1343)

Arvore 142
0 11 54 36
1 2 44 27
2 3 43 38
2 13 3 3
3 4 57 66
5 6 92 74
5 16 8 30
7 18 17 23
8 9 9 26
9 10 15 32
9 20 36 35
11 12 56 52
11 22 83 73
12 13 19 35
13 14 44 44
14 25 41 40
15 16 57 60
16 17 33 49
16 27 41 35
18 19 43 30
18 29 56 39
19 30 55 52
20 31 6 7
21 32 42 45
23 24 39 49
24 25 73 70
25 26 71 47
26 27 51 49
27 28 22 36
28 29 52 37
30 31 73 47
31 32 54 56
(1389, 1342)

Arvore 143
0 11 54 36
1 2 44 27
2 3 43 38
2 13 3 3
3 4 57 66
5 16 8 30
6 7 87 79
7 18 17 23
8 9 9 26
9 10 15 32
9 20 36 35
11 12 56 52
11 22 83 73
12 13 19 35
13 14 44 44
14 25 41 40
15 16 57 60
16 17 33 49
16 27 41 35
18 19 43 30
18 29 56 39
19 30 55 52
20 31 6 7
21 32 42 45
23 24 39 49
24 25 73 70
25 26 71 47
26 27 51 49
27 28 22 36
28 29 52 37
30 31 73 47
31 32 54 56
(1384, 1347)

Arvore 144
0 11 54 36
1 2 44 27
2 3 43 38
2 13 3 3
3 4 57 66
5 16 8 30
6 17 84 82
7 18 17 23
8 9 9 26
9 10 15 32
9 20 36 35
11 12 56 52
11 22 83 73
12 13 19 35
13 14 44 44
14 25 41 40
15 16 57 60
16 17 33 49
16 27 41 35
18 19 43 30
18 29 56 39
19 30 55 52
20 31 6 7
21 32 42 45
23 24 39 49
24 25 73 70
25 26 71 47
26 27 51 49
27 28 22 36
28 29 52 37
30 31 73 47
31 32 54 56
(1381, 1350)

Arvore 145
0 11 54 36
1 2 44 27
2 3 43 38
2 13 3 3
3 4 57 66
5 6 92 74
5 16 8 30
7 18 17 23
8 9 9 26
8 19 67 49
9 10 15 32
9 20 36 35
11 12 56 52
11 22 83 73
12 13 19 35
12 23 77 53
13 14 44 44
14 15 85 55
14 25 41 40
16 17 33 49
16 27 41 35
18 19 43 30
18 29 56 39
20 31 6 7
21 32 42 45
23 24 39 49
25 26 71 47
26 27 51 49
27 28 22 36
28 29 52 37
29 30 58 38
31 32 54 56
(1418, 1308)

Arvore 146
0 11 54 36
1 2 44 27
2 3 43 38
2 13 3 3
3 4 57 66
5 16 8 30
6 7 87 79
7 18 17 23
8 9 9 26
8 19 67 49
9 10 15 32
9 20 36 35
11 12 56 52
11 22 83 73
12 13 19 35
12 23 77 53
13 14 44 44
14 15 85 55
14 25 41 40
16 17 33 49
16 27 41 35
18 19 43 30
18 29 56 39
20 31 6 7
21 32 42 45
23 24 39 49
25 26 71 47
26 27 51 49
27 28 22 36
28 29 52 37
29 30 58 38
31 32 54 56
(1413, 1313)

Arvore 147
0 11 54 36
1 2 44 27
2 3 43 38
2 13 3 3
3 4 57 66
5 16 8 30
6 17 84 82
7 18 17 23
8 9 9 26
8 19 67 49
9 10 15 32
9 20 36 35
11 12 56 52
11 22 83 73
12 13 19 35
12 23 77 53
13 14 44 44
14 15 85 55
14 25 41 40
16 17 33 49
16 27 41 35
18 19 43 30
18 29 56 39
20 31 6 7
21 32 42 45
23 24 39 49
25 26 71 47
26 27 51 49
27 28 22 36
28 29 52 37
29 30 58 38
31 32 54 56
(1410, 1316)

Arvore 148
0 11 54 36
1 2 44 27
2 3 43 38
2 13 3 3
4 15 71 59
5 6 92 74
5 16 8 30
7 18 17 23
8 9 9 26
8 19 67 49
9 10 15 32
9 20 36 35
11 12 56 52
11 22 83 73
12 13 19 35
12 23 77 53
13 14 44 44
14 15 85 55
14 25 41 40
16 17 33 49
16 27 41 35
18 19 43 30
18 29 56 39
20 31 6 7
21 32 42 45
23 24 39 49
25 26 71 47
26 27 51 49
27 28 22 36
28 29 52 37
29 30 58 38
31 32 54 56
(1432, 1301)

Arvore 149
0 11 54 36
1 2 44 27
2 3 43 38
2 13 3 3
4 15 71 59
5 16 8 30
6 7 87 79
7 18 17 23
8 9 9 26
8 19 67 49
9 10 15 32
9 20 36 35
11 12 56 52
11 22 83 73
12 13 19 35
12 23 77 53
13 14 44 44
14 15 85 55
14 25 41 40
16 17 33 49
16 27 41 35
18 19 43 30
18 29 56 39
20 31 6 7
21 32 42 45
23 24 39 49
25 26 71 47
26 27 51 49
27 28 22 36
28 29 52 37
29 30 58 38
31 32 54 56
(1427, 1306)

Arvore 150
0 11 54 36
1 2 44 27
2 3 43 38
2 13 3 3
4 15 71 59
5 16 8 30
6 17 84 82
7 18 17 23
8 9 9 26
8 19 67 49
9 10 15 32
9 20 36 35
11 12 56 52
11 22 83 73
12 13 19 35
12 23 77 53
13 14 44 44
14 15 85 55
14 25 41 40
16 17 33 49
16 27 41 35
18 19 43 30
18 29 56 39
20 31 6 7
21 32 42 45
23 24 39 49
25 26 71 47
26 27 51 49
27 28 22 36
28 29 52 37
29 30 58 38
31 32 54 56
(1424, 1309)

Arvore 151
0 11 54 36
1 2 44 27
2 3 43 38
2 13 3 3
4 15 71 59
5 6 92 74
5 16 8 30
7 18 17 23
8 9 9 26
8 19 67 49
9 10 15 32
9 20 36 35
11 12 56 52
11 22 83 73
12 13 19 35
12 23 77 53
13 14 44 44
14 25 41 40
15 16 57 60
16 17 33 49
16 27 41 35
18 19 43 30
18 29 56 39
20 31 6 7
21 32 42 45
23 24 39 49
25 26 71 47
26 27 51 49
27 28 22 36
28 29 52 37
29 30 58 38
31 32 54 56
(1404, 1306)

Arvore 152
0 11 54 36
1 2 44 27
2 3 43 38
2 13 3 3
4 15 71 59
5 16 8 30
6 7 87 79
7 18 17 23
8 9 9 26
8 19 67 49
9 10 15 32
9 20 36 35
11 12 56 52
11 22 83 73
12 13 19 35
12 23 77 53
13 14 44 44
14 25 41 40
15 16 57 60
16 17 33 49
16 27 41 35
18 19 43 30
18 29 56 39
20 31 6 7
21 32 42 45
23 24 39 49
25 26 71 47
26 27 51 49
27 28 22 36
28 29 52 37
29 30 58 38
31 32 54 56
(1399, 1311)

Arvore 153
0 11 54 36
1 2 44 27
2 3 43 38
2 13 3 3
4 15 71 59
5 16 8 30
6 17 84 82
7 18 17 23
8 9 9 26
8 19 67 49
9 10 15 32
9 20 36 35
11 12 56 52
11 22 83 73
12 13 19 35
12 23 77 53
13 14 44 44
14 25 41 40
15 16 57 60
16 17 33 49
16 27 41 35
18 19 43 30
18 29 56 39
20 31 6 7
21 32 42 45
23 24 39 49
25 26 71 47
26 27 51 49
27 28 22 36
28 29 52 37
29 30 58 38
31 32 54 56
(1396, 1314)

Arvore 154
0 11 54 36
1 2 44 27
2 3 43 38
2 13 3 3
3 4 57 66
5 6 92 74
5 16 8 30
7 18 17 23
8 9 9 26
8 19 67 49
9 10 15 32
9 20 36 35
11 12 56 52
11 22 83 73
12 13 19 35
12 23 77 53
13 14 44 44
14 25 41 40
15 16 57 60
16 17 33 49
16 27 41 35
18 19 43 30
18 29 56 39
20 31 6 7
21 32 42 45
23 24 39 49
25 26 71 47
26 27 51 49
27 28 22 36
28 29 52 37
29 30 58 38
31 32 54 56
(1390, 1313)

Arvore 155
0 11 54 36
1 2 44 27
2 3 43 38
2 13 3 3
3 4 57 66
5 16 8 30
6 7 87 79
7 18 17 23
8 9 9 26
8 19 67 49
9 10 15 32
9 20 36 35
11 12 56 52
11 22 83 73
12 13 19 35
12 23 77 53
13 14 44 44
14 25 41 40
15 16 57 60
16 17 33 49
16 27 41 35
18 19 43 30
18 29 56 39
20 31 6 7
21 32 42 45
23 24 39 49
25 26 71 47
26 27 51 49
27 28 22 36
28 29 52 37
29 30 58 38
31 32 54 56
(1385, 1318)

Arvore 156
0 11 54 36
1 2 44 27
2 3 43 38
2 13 3 3
3 4 57 66
5 16 8 30
6 17 84 82
7 18 17 23
8 9 9 26
8 19 67 49
9 10 15 32
9 20 36 35
11 12 56 52
11 22 83 73
12 13 19 35
12 23 77 53
13 14 44 44
14 25 41 40
15 16 57 60
16 17 33 49
16 27 41 35
18 19 43 30
18 29 56 39
20 31 6 7
21 32 42 45
23 24 39 49
25 26 71 47
26 27 51 49
27 28 22 36
28 29 52 37
29 30 58 38
31 32 54 56
(1382, 1321)

Arvore 157
0 11 54 36
1 2 44 27
2 3 43 38
2 13 3 3
4 15 71 59
5 6 92 74
5 16 8 30
7 18 17 23
8 9 9 26
8 19 67 49
9 10 15 32
9 20 36 35
11 12 56 52
11 22 83 73
12 13 19 35
13 14 44 44
14 25 41 40
15 16 57 60
16 17 33 49
16 27 41 35
18 19 43 30
18 29 56 39
20 31 6 7
21 32 42 45
23 24 39 49
24 25 73 70
25 26 71 47
26 27 51 49
27 28 22 36
28 29 52 37
29 30 58 38
31 32 54 56
(1400, 1323)

Arvore 158
0 11 54 36
1 2 44 27
2 3 43 38
2 13 3 3
4 15 71 59
5 16 8 30
6 7 87 79
7 18 17 23
8 9 9 26
8 19 67 49
9 10 15 32
9 20 36 35
11 12 56 52
11 22 83 73
12 13 19 35
13 14 44 44
14 25 41 40
15 16 57 60
16 17 33 49
16 27 41 35
18 19 43 30
18 29 56 39
20 31 6 7
21 32 42 45
23 24 39 49
24 25 73 70
25 26 71 47
26 27 51 49
27 28 22 36
28 29 52 37
29 30 58 38
31 32 54 56
(1395, 1328)

Arvore 159
0 11 54 36
1 2 44 27
2 3 43 38
2 13 3 3
4 15 71 59
5 16 8 30
6 17 84 82
7 18 17 23
8 9 9 26
8 19 67 49
9 10 15 32
9 20 36 35
11 12 56 52
11 22 83 73
12 13 19 35
13 14 44 44
14 25 41 40
15 16 57 60
16 17 33 49
16 27 41 35
18 19 43 30
18 29 56 39
20 31 6 7
21 32 42 45
23 24 39 49
24 25 73 70
25 26 71 47
26 27 51 49
27 28 22 36
28 29 52 37
29 30 58 38
31 32 54 56
(1392, 1331)

Arvore 160
0 11 54 36
1 2 44 27
2 3 43 38
2 13 3 3
3 4 57 66
5 6 92 74
5 16 8 30
7 18 17 23
8 9 9 26
8 19 67 49
9 10 15 32
9 20 36 35
11 12 56 52
11 22 83 73
12 13 19 35
13 14 44 44
14 25 41 40
15 16 57 60
16 17 33 49
16 27 41 35
18 19 43 30
18 29 56 39
20 31 6 7
21 32 42 45
23 24 39 49
24 25 73 70
25 26 71 47
26 27 51 49
27 28 22 36
28 29 52 37
29 30 58 38
31 32 54 56
(1386, 1330)

Arvore 161
0 11 54 36
1 2 44 27
2 3 43 38
2 13 3 3
3 4 57 66
5 16 8 30
6 7 87 79
7 18 17 23
8 9 9 26
8 19 67 49
9 10 15 32
9 20 36 35
11 12 56 52
11 22 83 73
12 13 19 35
13 14 44 44
14 25 41 40
15 16 57 60
16 17 33 49
16 27 41 35
18 19 43 30
18 29 56 39
20 31 6 7
21 32 42 45
23 24 39 49
24 25 73 70
25 26 71 47
26 27 51 49
27 28 22 36
28 29 52 37
29 30 58 38
31 32 54 56
(1381, 1335)

Arvore 162
0 11 54 36
1 2 44 27
2 3 43 38
2 13 3 3
3 4 57 66
5 16 8 30
6 17 84 82
7 18 17 23
8 9 9 26
8 19 67 49
9 10 15 32
9 20 36 35
11 12 56 52
11 22 83 73
12 13 19 35
13 14 44 44
14 25 41 40
15 16 57 60
16 17 33 49
16 27 41 35
18 19 43 30
18 29 56 39
20 31 6 7
21 32 42 45
23 24 39 49
24 25 73 70
25 26 71 47
26 27 51 49
27 28 22 36
28 29 52 37
29 30 58 38
31 32 54 56
(1378, 1338)

Arvore 163
0 11 54 36
1 2 44 27
2 3 43 38
2 13 3 3
3 4 57 66
5 6 92 74
5 16 8 30
7 18 17 23
8 9 9 26
9 10 15 32
9 20 36 35
11 12 56 52
11 22 83 73
12 13 19 35
12 23 77 53
13 14 44 44
14 15 85 55
14 25 41 40
16 17 33 49
16 27 41 35
18 19 43 30
18 29 56 39
20 31 6 7
21 32 42 45
23 24 39 49
25 26 71 47
26 27 51 49
27 28 22 36
28 29 52 37
29 30 58 38
30 31 73 47
31 32 54 56
(1424, 1306)

Arvore 164
0 11 54 36
1 2 44 27
2 3 43 38
2 13 3 3
3 4 57 66
5 16 8 30
6 7 87 79
7 18 17 23
8 9 9 26
9 10 15 32
9 20 36 35
11 12 56 52
11 22 83 73
12 13 19 35
12 23 77 53
13 14 44 44
14 15 85 55
14 25 41 40
16 17 33 49
16 27 41 35
18 19 43 30
18 29 56 39
20 31 6 7
21 32 42 45
23 24 39 49
25 26 71 47
26 27 51 49
27 28 22 36
28 29 52 37
29 30 58 38
30 31 73 47
31 32 54 56
(1419, 1311)

Arvore 165
0 11 54 36
1 2 44 27
2 3 43 38
2 13 3 3
3 4 57 66
5 16 8 30
6 17 84 82
7 18 17 23
8 9 9 26
9 10 15 32
9 20 36 35
11 12 56 52
11 22 83 73
12 13 19 35
12 23 77 53
13 14 44 44
14 15 85 55
14 25 41 40
16 17 33 49
16 27 41 35
18 19 43 30
18 29 56 39
20 31 6 7
21 32 42 45
23 24 39 49
25 26 71 47
26 27 51 49
27 28 22 36
28 29 52 37
29 30 58 38
30 31 73 47
31 32 54 56
(1416, 1314)

Arvore 166
0 11 54 36
1 2 44 27
2 3 43 38
2 13 3 3
4 15 71 59
5 6 92 74
5 16 8 30
7 18 17 23
8 9 9 26
9 10 15 32
9 20 36 35
11 12 56 52
11 22 83 73
12 13 19 35
12 23 77 53
13 14 44 44
14 15 85 55
14 25 41 40
16 17 33 49
16 27 41 35
18 19 43 30
18 29 56 39
20 31 6 7
21 32 42 45
23 24 39 49
25 26 71 47
26 27 51 49
27 28 22 36
28 29 52 37
29 30 58 38
30 31 73 47
31 32 54 56
(1438, 1299)

Arvore 167
0 11 54 36
1 2 44 27
2 3 43 38
2 13 3 3
4 15 71 59
5 16 8 30
6 7 87 79
7 18 17 23
8 9 9 26
9 10 15 32
9 20 36 35
11 12 56 52
11 22 83 73
12 13 19 35
12 23 77 53
13 14 44 44
14 15 85 55
14 25 41 40
16 17 33 49
16 27 41 35
18 19 43 30
18 29 56 39
20 31 6 7
21 32 42 45
23 24 39 49
25 26 71 47
26 27 51 49
27 28 22 36
28 29 52 37
29 30 58 38
30 31 73 47
31 32 54 56
(1433, 1304)

Arvore 168
0 11 54 36
1 2 44 27
2 3 43 38
2 13 3 3
4 15 71 59
5 16 8 30
6 17 84 82
7 18 17 23
8 9 9 26
9 10 15 32
9 20 36 35
11 12 56 52
11 22 83 73
12 13 19 35
12 23 77 53
13 14 44 44
14 15 85 55
14 25 41 40
16 17 33 49
16 27 41 35
18 19 43 30
18 29 56 39
20 31 6 7
21 32 42 45
23 24 39 49
25 26 71 47
26 27 51 49
27 28 22 36
28 29 52 37
29 30 58 38
30 31 73 47
31 32 54 56
(1430, 1307)

Arvore 169
0 11 54 36
1 2 44 27
2 3 43 38
2 13 3 3
4 15 71 59
5 6 92 74
5 16 8 30
7 18 17 23
8 9 9 26
9 10 15 32
9 20 36 35
11 12 56 52
11 22 83 73
12 13 19 35
12 23 77 53
13 14 44 44
14 25 41 40
15 16 57 60
16 17 33 49
16 27 41 35
18 19 43 30
18 29 56 39
20 31 6 7
21 32 42 45
23 24 39 49
25 26 71 47
26 27 51 49
27 28 22 36
28 29 52 37
29 30 58 38
30 31 73 47
31 32 54 56
(1410, 1304)

Arvore 170
0 11 54 36
1 2 44 27
2 3 43 38
2 13 3 3
4 15 71 59
5 16 8 30
6 7 87 79
7 18 17 23
8 9 9 26
9 10 15 32
9 20 36 35
11 12 56 52
11 22 83 73
12 13 19 35
12 23 77 53
13 14 44 44
14 25 41 40
15 16 57 60
16 17 33 49
16 27 41 35
18 19 43 30
18 29 56 39
20 31 6 7
21 32 42 45
23 24 39 49
25 26 71 47
26 27 51 49
27 28 22 36
28 29 52 37
29 30 58 38
30 31 73 47
31 32 54 56
(1405, 1309)

Arvore 171
0 11 54 36
1 2 44 27
2 3 43 38
2 13 3 3
4 15 71 59
5 16 8 30
6 17 84 82
7 18 17 23
8 9 9 26
9 10 15 32
9 20 36 35
11 12 56 52
11 22 83 73
12 13 19 35
12 23 77 53
13 14 44 44
14 25 41 40
15 16 57 60
16 17 33 49
16 27 41 35
18 19 43 30
18 29 56 39
20 31 6 7
21 32 42 45
23 24 39 49
25 26 71 47
26 27 51 49
27 28 22 36
28 29 52 37
29 30 58 38
30 31 73 47
31 32 54 56
(1402, 1312)

Arvore 172
0 11 54 36
1 2 44 27
2 3 43 38
2 13 3 3
3 4 57 66
5 6 92 74
5 16 8 30
7 18 17 23
8 9 9 26
9 10 15 32
9 20 36 35
11 12 56 52
11 22 83 73
12 13 19 35
12 23 77 53
13 14 44 44
14 25 41 40
15 16 57 60
16 17 33 49
16 27 41 35
18 19 43 30
18 29 56 39
20 31 6 7
21 32 42 45
23 24 39 49
25 26 71 47
26 27 51 49
27 28 22 36
28 29 52 37
29 30 58 38
30 31 73 47
31 32 54 56
(1396, 1311)

Arvore 173
0 11 54 36
1 2 44 27
2 3 43 38
2 13 3 3
3 4 57 66
5 16 8 30
6 7 87 79
7 18 17 23
8 9 9 26
9 10 15 32
9 20 36 35
11 12 56 52
11 22 83 73
12 13 19 35
12 23 77 53
13 14 44 44
14 25 41 40
15 16 57 60
16 17 33 49
16 27 41 35
18 19 43 30
18 29 56 39
20 31 6 7
21 32 42 45
23 24 39 49
25 26 71 47
26 27 51 49
27 28 22 36
28 29 52 37
29 30 58 38
30 31 73 47
31 32 54 56
(1391, 1316)

Arvore 174
0 11 54 36
1 2 44 27
2 3 43 38
2 13 3 3
3 4 57 66
5 16 8 30
6 17 84 82
7 18 17 23
8 9 9 26
9 10 15 32
9 20 36 35
11 12 56 52
11 22 83 73
12 13 19 35
12 23 77 53
13 14 44 44
14 25 41 40
15 16 57 60
16 17 33 49
16 27 41 35
18 19 43 30
18 29 56 39
20 31 6 7
21 32 42 45
23 24 39 49
25 26 71 47
26 27 51 49
27 28 22 36
28 29 52 37
29 30 58 38
30 31 73 47
31 32 54 56
(1388, 1319)

Arvore 175
0 11 54 36
1 2 44 27
2 3 43 38
2 13 3 3
4 15 71 59
5 6 92 74
5 16 8 30
7 18 17 23
8 9 9 26
9 10 15 32
9 20 36 35
11 12 56 52
11 22 83 73
12 13 19 35
13 14 44 44
14 25 41 40
15 16 57 60
16 17 33 49
16 27 41 35
18 19 43 30
18 29 56 39
20 31 6 7
21 32 42 45
23 24 39 49
24 25 73 70
25 26 71 47
26 27 51 49
27 28 22 36
28 29 52 37
29 30 58 38
30 31 73 47
31 32 54 56
(1406, 1321)

Arvore 176
0 11 54 36
1 2 44 27
2 3 43 38
2 13 3 3
4 15 71 59
5 16 8 30
6 7 87 79
7 18 17 23
8 9 9 26
9 10 15 32
9 20 36 35
11 12 56 52
11 22 83 73
12 13 19 35
13 14 44 44
14 25 41 40
15 16 57 60
16 17 33 49
16 27 41 35
18 19 43 30
18 29 56 39
20 31 6 7
21 32 42 45
23 24 39 49
24 25 73 70
25 26 71 47
26 27 51 49
27 28 22 36
28 29 52 37
29 30 58 38
30 31 73 47
31 32 54 56
(1401, 1326)

Arvore 177
0 11 54 36
1 2 44 27
2 3 43 38
2 13 3 3
4 15 71 59
5 16 8 30
6 17 84 82
7 18 17 23
8 9 9 26
9 10 15 32
9 20 36 35
11 12 56 52
11 22 83 73
12 13 19 35
13 14 44 44
14 25 41 40
15 16 57 60
16 17 33 49
16 27 41 35
18 19 43 30
18 29 56 39
20 31 6 7
21 32 42 45
23 24 39 49
24 25 73 70
25 26 71 47
26 27 51 49
27 28 22 36
28 29 52 37
29 30 58 38
30 31 73 47
31 32 54 56
(1398, 1329)

Arvore 178
0 11 54 36
1 2 44 27
2 3 43 38
2 13 3 3
3 4 57 66
5 6 92 74
5 16 8 30
7 18 17 23
8 9 9 26
9 10 15 32
9 20 36 35
11 12 56 52
11 22 83 73
12 13 19 35
13 14 44 44
14 25 41 40
15 16 57 60
16 17 33 49
16 27 41 35
18 19 43 30
18 29 56 39
20 31 6 7
21 32 42 45
23 24 39 49
24 25 73 70
25 26 71 47
26 27 51 49
27 28 22 36
28 29 52 37
29 30 58 38
30 31 73 47
31 32 54 56
(1392, 1328)

Arvore 179
0 11 54 36
1 2 44 27
2 3 43 38
2 13 3 3
3 4 57 66
5 16 8 30
6 7 87 79
7 18 17 23
8 9 9 26
9 10 15 32
9 20 36 35
11 12 56 52
11 22 83 73
12 13 19 35
13 14 44 44
14 25 41 40
15 16 57 60
16 17 33 49
16 27 41 35
18 19 43 30
18 29 56 39
20 31 6 7
21 32 42 45
23 24 39 49
24 25 73 70
25 26 71 47
26 27 51 49
27 28 22 36
28 29 52 37
29 30 58 38
30 31 73 47
31 32 54 56
(1387, 1333)

Arvore 180
0 11 54 36
1 2 44 27
2 3 43 38
2 13 3 3
3 4 57 66
5 16 8 30
6 17 84 82
7 18 17 23
8 9 9 26
9 10 15 32
9 20 36 35
11 12 56 52
11 22 83 73
12 13 19 35
13 14 44 44
14 25 41 40
15 16 57 60
16 17 33 49
16 27 41 35
18 19 43 30
18 29 56 39
20 31 6 7
21 32 42 45
23 24 39 49
24 25 73 70
25 26 71 47
26 27 51 49
27 28 22 36
28 29 52 37
29 30 58 38
30 31 73 47
31 32 54 56
(1384, 1336)

Arvore 181
0 11 54 36
1 2 44 27
2 3 43 38
2 13 3 3
3 4 57 66
5 6 92 74
5 16 8 30
7 18 17 23
8 9 9 26
8 19 67 49
9 10 15 32
9 20 36 35
11 12 56 52
11 22 83 73
12 13 19 35
12 23 77 53
13 14 44 44
14 15 85 55
14 25 41 40
16 17 33 49
16 27 41 35
18 19 43 30
19 30 55 52
20 31 6 7
21 32 42 45
23 24 39 49
25 26 71 47
26 27 51 49
27 28 22 36
28 29 52 37
29 30 58 38
31 32 54 56
(1417, 1321)

Arvore 182
0 11 54 36
1 2 44 27
2 3 43 38
2 13 3 3
3 4 57 66
5 16 8 30
6 7 87 79
7 18 17 23
8 9 9 26
8 19 67 49
9 10 15 32
9 20 36 35
11 12 56 52
11 22 83 73
12 13 19 35
12 23 77 53
13 14 44 44
14 15 85 55
14 25 41 40
16 17 33 49
16 27 41 35
18 19 43 30
19 30 55 52
20 31 6 7
21 32 42 45
23 24 39 49
25 26 71 47
26 27 51 49
27 28 22 36
28 29 52 37
29 30 58 38
31 32 54 56
(1412, 1326)

Arvore 183
0 11 54 36
1 2 44 27
2 3 43 38
2 13 3 3
3 4 57 66
5 16 8 30
6 17 84 82
7 18 17 23
8 9 9 26
8 19 67 49
9 10 15 32
9 20 36 35
11 12 56 52
11 22 83 73
12 13 19 35
12 23 77 53
13 14 44 44
14 15 85 55
14 25 41 40
16 17 33 49
16 27 41 35
18 19 43 30
19 30 55 52
20 31 6 7
21 32 42 45
23 24 39 49
25 26 71 47
26 27 51 49
27 28 22 36
28 29 52 37
29 30 58 38
31 32 54 56
(1409, 1329)

Arvore 184
0 11 54 36
1 2 44 27
2 3 43 38
2 13 3 3
4 15 71 59
5 6 92 74
5 16 8 30
7 18 17 23
8 9 9 26
8 19 67 49
9 10 15 32
9 20 36 35
11 12 56 52
11 22 83 73
12 13 19 35
12 23 77 53
13 14 44 44
14 15 85 55
14 25 41 40
16 17 33 49
16 27 41 35
18 19 43 30
19 30 55 52
20 31 6 7
21 32 42 45
23 24 39 49
25 26 71 47
26 27 51 49
27 28 22 36
28 29 52 37
29 30 58 38
31 32 54 56
(1431, 1314)

Arvore 185
0 11 54 36
1 2 44 27
2 3 43 38
2 13 3 3
4 15 71 59
5 16 8 30
6 7 87 79
7 18 17 23
8 9 9 26
8 19 67 49
9 10 15 32
9 20 36 35
11 12 56 52
11 22 83 73
12 13 19 35
12 23 77 53
13 14 44 44
14 15 85 55
14 25 41 40
16 17 33 49
16 27 41 35
18 19 43 30
19 30 55 52
20 31 6 7
21 32 42 45
23 24 39 49
25 26 71 47
26 27 51 49
27 28 22 36
28 29 52 37
29 30 58 38
31 32 54 56
(1426, 1319)

Arvore 186
0 11 54 36
1 2 44 27
2 3 43 38
2 13 3 3
4 15 71 59
5 16 8 30
6 17 84 82
7 18 17 23
8 9 9 26
8 19 67 49
9 10 15 32
9 20 36 35
11 12 56 52
11 22 83 73
12 13 19 35
12 23 77 53
13 14 44 44
14 15 85 55
14 25 41 40
16 17 33 49
16 27 41 35
18 19 43 30
19 30 55 52
20 31 6 7
21 32 42 45
23 24 39 49
25 26 71 47
26 27 51 49
27 28 22 36
28 29 52 37
29 30 58 38
31 32 54 56
(1423, 1322)

Arvore 187
0 11 54 36
1 2 44 27
2 3 43 38
2 13 3 3
4 15 71 59
5 6 92 74
5 16 8 30
7 18 17 23
8 9 9 26
8 19 67 49
9 10 15 32
9 20 36 35
11 12 56 52
11 22 83 73
12 13 19 35
12 23 77 53
13 14 44 44
14 25 41 40
15 16 57 60
16 17 33 49
16 27 41 35
18 19 43 30
19 30 55 52
20 31 6 7
21 32 42 45
23 24 39 49
25 26 71 47
26 27 51 49
27 28 22 36
28 29 52 37
29 30 58 38
31 32 54 56
(1403, 1319)

Arvore 188
0 11 54 36
1 2 44 27
2 3 43 38
2 13 3 3
4 15 71 59
5 16 8 30
6 7 87 79
7 18 17 23
8 9 9 26
8 19 67 49
9 10 15 32
9 20 36 35
11 12 56 52
11 22 83 73
12 13 19 35
12 23 77 53
13 14 44 44
14 25 41 40
15 16 57 60
16 17 33 49
16 27 41 35
18 19 43 30
19 30 55 52
20 31 6 7
21 32 42 45
23 24 39 49
25 26 71 47
26 27 51 49
27 28 22 36
28 29 52 37
29 30 58 38
31 32 54 56
(1398, 1324)

Arvore 189
0 11 54 36
1 2 44 27
2 3 43 38
2 13 3 3
4 15 71 59
5 16 8 30
6 17 84 82
7 18 17 23
8 9 9 26
8 19 67 49
9 10 15 32
9 20 36 35
11 12 56 52
11 22 83 73
12 13 19 35
12 23 77 53
13 14 44 44
14 25 41 40
15 16 57 60
16 17 33 49
16 27 41 35
18 19 43 30
19 30 55 52
20 31 6 7
21 32 42 45
23 24 39 49
25 26 71 47
26 27 51 49
27 28 22 36
28 29 52 37
29 30 58 38
31 32 54 56
(1395, 1327)

Arvore 190
0 11 54 36
1 2 44 27
2 3 43 38
2 13 3 3
3 4 57 66
5 6 92 74
5 16 8 30
7 18 17 23
8 9 9 26
8 19 67 49
9 10 15 32
9 20 36 35
11 12 56 52
11 22 83 73
12 13 19 35
12 23 77 53
13 14 44 44
14 25 41 40
15 16 57 60
16 17 33 49
16 27 41 35
18 19 43 30
19 30 55 52
20 31 6 7
21 32 42 45
23 24 39 49
25 26 71 47
26 27 51 49
27 28 22 36
28 29 52 37
29 30 58 38
31 32 54 56
(1389, 1326)

Arvore 191
0 11 54 36
1 2 44 27
2 3 43 38
2 13 3 3
3 4 57 66
5 16 8 30
6 7 87 79
7 18 17 23
8 9 9 26
8 19 67 49
9 10 15 32
9 20 36 35
11 12 56 52
11 22 83 73
12 13 19 35
12 23 77 53
13 14 44 44
14 25 41 40
15 16 57 60
16 17 33 49
16 27 41 35
18 19 43 30
19 30 55 52
20 31 6 7
21 32 42 45
23 24 39 49
25 26 71 47
26 27 51 49
27 28 22 36
28 29 52 37
29 30 58 38
31 32 54 56
(1384, 1331)

Arvore 192
0 11 54 36
1 2 44 27
2 3 43 38
2 13 3 3
3 4 57 66
5 16 8 30
6 17 84 82
7 18 17 23
8 9 9 26
8 19 67 49
9 10 15 32
9 20 36 35
11 12 56 52
11 22 83 73
12 13 19 35
12 23 77 53
13 14 44 44
14 25 41 40
15 16 57 60
16 17 33 49
16 27 41 35
18 19 43 30
19 30 55 52
20 31 6 7
21 32 42 45
23 24 39 49
25 26 71 47
26 27 51 49
27 28 22 36
28 29 52 37
29 30 58 38
31 32 54 56
(1381, 1334)

Arvore 193
0 11 54 36
1 2 44 27
2 3 43 38
2 13 3 3
4 15 71 59
5 6 92 74
5 16 8 30
7 18 17 23
8 9 9 26
8 19 67 49
9 10 15 32
9 20 36 35
11 12 56 52
11 22 83 73
12 13 19 35
13 14 44 44
14 25 41 40
15 16 57 60
16 17 33 49
16 27 41 35
18 19 43 30
19 30 55 52
20 31 6 7
21 32 42 45
23 24 39 49
24 25 73 70
25 26 71 47
26 27 51 49
27 28 22 36
28 29 52 37
29 30 58 38
31 32 54 56
(1399, 1336)

Arvore 194
0 11 54 36
1 2 44 27
2 3 43 38
2 13 3 3
4 15 71 59
5 16 8 30
6 7 87 79
7 18 17 23
8 9 9 26
8 19 67 49
9 10 15 32
9 20 36 35
11 12 56 52
11 22 83 73
12 13 19 35
13 14 44 44
14 25 41 40
15 16 57 60
16 17 33 49
16 27 41 35
18 19 43 30
19 30 55 52
20 31 6 7
21 32 42 45
23 24 39 49
24 25 73 70
25 26 71 47
26 27 51 49
27 28 22 36
28 29 52 37
29 30 58 38
31 32 54 56
(1394, 1341)

Arvore 195
0 11 54 36
1 2 44 27
2 3 43 38
2 13 3 3
4 15 71 59
5 16 8 30
6 17 84 82
7 18 17 23
8 9 9 26
8 19 67 49
9 10 15 32
9 20 36 35
11 12 56 52
11 22 83 73
12 13 19 35
13 14 44 44
14 25 41 40
15 16 57 60
16 17 33 49
16 27 41 35
18 19 43 30
19 30 55 52
20 31 6 7
21 32 42 45
23 24 39 49
24 25 73 70
25 26 71 47
26 27 51 49
27 28 22 36
28 29 52 37
29 30 58 38
31 32 54 56
(1391, 1344)

Arvore 196
0 11 54 36
1 2 44 27
2 3 43 38
2 13 3 3
3 4 57 66
5 6 92 74
5 16 8 30
7 18 17 23
8 9 9 26
8 19 67 49
9 10 15 32
9 20 36 35
11 12 56 52
11 22 83 73
12 13 19 35
13 14 44 44
14 25 41 40
15 16 57 60
16 17 33 49
16 27 41 35
18 19 43 30
19 30 55 52
20 31 6 7
21 32 42 45
23 24 39 49
24 25 73 70
25 26 71 47
26 27 51 49
27 28 22 36
28 29 52 37
29 30 58 38
31 32 54 56
(1385, 1343)

Arvore 197
0 11 54 36
1 2 44 27
2 3 43 38
2 13 3 3
3 4 57 66
5 16 8 30
6 7 87 79
7 18 17 23
8 9 9 26
8 19 67 49
9 10 15 32
9 20 36 35
11 12 56 52
11 22 83 73
12 13 19 35
13 14 44 44
14 25 41 40
15 16 57 60
16 17 33 49
16 27 41 35
18 19 43 30
19 30 55 52
20 31 6 7
21 32 42 45
23 24 39 49
24 25 73 70
25 26 71 47
26 27 51 49
27 28 22 36
28 29 52 37
29 30 58 38
31 32 54 56
(1380, 1348)

Arvore 198
0 11 54 36
1 2 44 27
2 3 43 38
2 13 3 3
3 4 57 66
5 16 8 30
6 17 84 82
7 18 17 23
8 9 9 26
8 19 67 49
9 10 15 32
9 20 36 35
11 12 56 52
11 22 83 73
12 13 19 35
13 14 44 44
14 25 41 40
15 16 57 60
16 17 33 49
16 27 41 35
18 19 43 30
19 30 55 52
20 31 6 7
21 32 42 45
23 24 39 49
24 25 73 70
25 26 71 47
26 27 51 49
27 28 22 36
28 29 52 37
29 30 58 38
31 32 54 56
(1377, 1351)

Arvore 199
0 11 54 36
1 2 44 27
2 3 43 38
2 13 3 3
3 4 57 66
5 6 92 74
5 16 8 30
7 18 17 23
8 9 9 26
9 10 15 32
9 20 36 35
11 12 56 52
11 22 83 73
12 13 19 35
12 23 77 53
13 14 44 44
14 15 85 55
14 25 41 40
16 17 33 49
16 27 41 35
18 19 43 30
19 30 55 52
20 31 6 7
21 32 42 45
23 24 39 49
25 26 71 47
26 27 51 49
27 28 22 36
28 29 52 37
29 30 58 38
30 31 73 47
31 32 54 56
(1423, 1319)

Arvore 200
0 11 54 36
1 2 44 27
2 3 43 38
2 13 3 3
3 4 57 66
5 16 8 30
6 7 87 79
7 18 17 23
8 9 9 26
9 10 15 32
9 20 36 35
11 12 56 52
11 22 83 73
12 13 19 35
12 23 77 53
13 14 44 44
14 15 85 55
14 25 41 40
16 17 33 49
16 27 41 35
18 19 43 30
19 30 55 52
20 31 6 7
21 32 42 45
23 24 39 49
25 26 71 47
26 27 51 49
27 28 22 36
28 29 52 37
29 30 58 38
30 31 73 47
31 32 54 56
(1418, 1324)

Arvore 201
0 11 54 36
1 2 44 27
2 3 43 38
2 13 3 3
3 4 57 66
5 16 8 30
6 17 84 82
7 18 17 23
8 9 9 26
9 10 15 32
9 20 36 35
11 12 56 52
11 22 83 73
12 13 19 35
12 23 77 53
13 14 44 44
14 15 85 55
14 25 41 40
16 17 33 49
16 27 41 35
18 19 43 30
19 30 55 52
20 31 6 7
21 32 42 45
23 24 39 49
25 26 71 47
26 27 51 49
27 28 22 36
28 29 52 37
29 30 58 38
30 31 73 47
31 32 54 56
(1415, 1327)

Arvore 202
0 11 54 36
1 2 44 27
2 3 43 38
2 13 3 3
4 15 71 59
5 6 92 74
5 16 8 30
7 18 17 23
8 9 9 26
9 10 15 32
9 20 36 35
11 12 56 52
11 22 83 73
12 13 19 35
12 23 77 53
13 14 44 44
14 15 85 55
14 25 41 40
16 17 33 49
16 27 41 35
18 19 43 30
19 30 55 52
20 31 6 7
21 32 42 45
23 24 39 49
25 26 71 47
26 27 51 49
27 28 22 36
28 29 52 37
29 30 58 38
30 31 73 47
31 32 54 56
(1437, 1312)

Arvore 203
0 11 54 36
1 2 44 27
2 3 43 38
2 13 3 3
4 15 71 59
5 16 8 30
6 7 87 79
7 18 17 23
8 9 9 26
9 10 15 32
9 20 36 35
11 12 56 52
11 22 83 73
12 13 19 35
12 23 77 53
13 14 44 44
14 15 85 55
14 25 41 40
16 17 33 49
16 27 41 35
18 19 43 30
19 30 55 52
20 31 6 7
21 32 42 45
23 24 39 49
25 26 71 47
26 27 51 49
27 28 22 36
28 29 52 37
29 30 58 38
30 31 73 47
31 32 54 56
(1432, 1317)

Arvore 204
0 11 54 36
1 2 44 27
2 3 43 38
2 13 3 3
4 15 71 59
5 16 8 30
6 17 84 82
7 18 17 23
8 9 9 26
9 10 15 32
9 20 36 35
11 12 56 52
11 22 83 73
12 13 19 35
12 23 77 53
13 14 44 44
14 15 85 55
14 25 41 40
16 17 33 49
16 27 41 35
18 19 43 30
19 30 55 52
20 31 6 7
21 32 42 45
23 24 39 49
25 26 71 47
26 27 51 49
27 28 22 36
28 29 52 37
29 30 58 38
30 31 73 47
31 32 54 56
(1429, 1320)

Arvore 205
0 11 54 36
1 2 44 27
2 3 43 38
2 13 3 3
4 15 71 59
5 6 92 74
5 16 8 30
7 18 17 23
8 9 9 26
9 10 15 32
9 20 36 35
11 12 56 52
11 22 83 73
12 13 19 35
12 23 77 53
13 14 44 44
14 25 41 40
15 16 57 60
16 17 33 49
16 27 41 35
18 19 43 30
19 30 55 52
20 31 6 7
21 32 42 45
23 24 39 49
25 26 71 47
26 27 51 49
27 28 22 36
28 29 52 37
29 30 58 38
30 31 73 47
31 32 54 56
(1409, 1317)

Arvore 206
0 11 54 36
1 2 44 27
2 3 43 38
2 13 3 3
4 15 71 59
5 16 8 30
6 7 87 79
7 18 17 23
8 9 9 26
9 10 15 32
9 20 36 35
11 12 56 52
11 22 83 73
12 13 19 35
12 23 77 53
13 14 44 44
14 25 41 40
15 16 57 60
16 17 33 49
16 27 41 35
18 19 43 30
19 30 55 52
20 31 6 7
21 32 42 45
23 24 39 49
25 26 71 47
26 27 51 49
27 28 22 36
28 29 52 37
29 30 58 38
30 31 73 47
31 32 54 56
(1404, 1322)

Arvore 207
0 11 54 36
1 2 44 27
2 3 43 38
2 13 3 3
4 15 71 59
5 16 8 30
6 17 84 82
7 18 17 23
8 9 9 26
9 10 15 32
9 20 36 35
11 12 56 52
11 22 83 73
12 13 19 35
12 23 77 53
13 14 44 44
14 25 41 40
15 16 57 60
16 17 33 49
16 27 41 35
18 19 43 30
19 30 55 52
20 31 6 7
21 32 42 45
23 24 39 49
25 26 71 47
26 27 51 49
27 28 22 36
28 29 52 37
29 30 58 38
30 31 73 47
31 32 54 56
(1401, 1325)

Arvore 208
0 11 54 36
1 2 44 27
2 3 43 38
2 13 3 3
3 4 57 66
5 6 92 74
5 16 8 30
7 18 17 23
8 9 9 26
9 10 15 32
9 20 36 35
11 12 56 52
11 22 83 73
12 13 19 35
12 23 77 53
13 14 44 44
14 25 41 40
15 16 57 60
16 17 33 49
16 27 41 35
18 19 43 30
19 30 55 52
20 31 6 7
21 32 42 45
23 24 39 49
25 26 71 47
26 27 51 49
27 28 22 36
28 29 52 37
29 30 58 38
30 31 73 47
31 32 54 56
(1395, 1324)

Arvore 209
0 11 54 36
1 2 44 27
2 3 43 38
2 13 3 3
3 4 57 66
5 16 8 30
6 7 87 79
7 18 17 23
8 9 9 26
9 10 15 32
9 20 36 35
11 12 56 52
11 22 83 73
12 13 19 35
12 23 77 53
13 14 44 44
14 25 41 40
15 16 57 60
16 17 33 49
16 27 41 35
18 19 43 30
19 30 55 52
20 31 6 7
21 32 42 45
23 24 39 49
25 26 71 47
26 27 51 49
27 28 22 36
28 29 52 37
29 30 58 38
30 31 73 47
31 32 54 56
(1390, 1329)

Arvore 210
0 11 54 36
1 2 44 27
2 3 43 38
2 13 3 3
3 4 57 66
5 16 8 30
6 17 84 82
7 18 17 23
8 9 9 26
9 10 15 32
9 20 36 35
11 12 56 52
11 22 83 73
12 13 19 35
12 23 77 53
13 14 44 44
14 25 41 40
15 16 57 60
16 17 33 49
16 27 41 35
18 19 43 30
19 30 55 52
20 31 6 7
21 32 42 45
23 24 39 49
25 26 71 47
26 27 51 49
27 28 22 36
28 29 52 37
29 30 58 38
30 31 73 47
31 32 54 56
(1387, 1332)

Arvore 211
0 11 54 36
1 2 44 27
2 3 43 38
2 13 3 3
4 15 71 59
5 6 92 74
5 16 8 30
7 18 17 23
8 9 9 26
9 10 15 32
9 20 36 35
11 12 56 52
11 22 83 73
12 13 19 35
13 14 44 44
14 25 41 40
15 16 57 60
16 17 33 49
16 27 41 35
18 19 43 30
19 30 55 52
20 31 6 7
21 32 42 45
23 24 39 49
24 25 73 70
25 26 71 47
26 27 51 49
27 28 22 36
28 29 52 37
29 30 58 38
30 31 73 47
31 32 54 56
(1405, 1334)

Arvore 212
0 11 54 36
1 2 44 27
2 3 43 38
2 13 3 3
4 15 71 59
5 16 8 30
6 7 87 79
7 18 17 23
8 9 9 26
9 10 15 32
9 20 36 35
11 12 56 52
11 22 83 73
12 13 19 35
13 14 44 44
14 25 41 40
15 16 57 60
16 17 33 49
16 27 41 35
18 19 43 30
19 30 55 52
20 31 6 7
21 32 42 45
23 24 39 49
24 25 73 70
25 26 71 47
26 27 51 49
27 28 22 36
28 29 52 37
29 30 58 38
30 31 73 47
31 32 54 56
(1400, 1339)

Arvore 213
0 11 54 36
1 2 44 27
2 3 43 38
2 13 3 3
4 15 71 59
5 16 8 30
6 17 84 82
7 18 17 23
8 9 9 26
9 10 15 32
9 20 36 35
11 12 56 52
11 22 83 73
12 13 19 35
13 14 44 44
14 25 41 40
15 16 57 60
16 17 33 49
16 27 41 35
18 19 43 30
19 30 55 52
20 31 6 7
21 32 42 45
23 24 39 49
24 25 73 70
25 26 71 47
26 27 51 49
27 28 22 36
28 29 52 37
29 30 58 38
30 31 73 47
31 32 54 56
(1397, 1342)

Arvore 214
0 11 54 36
1 2 44 27
2 3 43 38
2 13 3 3
3 4 57 66
5 6 92 74
5 16 8 30
7 18 17 23
8 9 9 26
9 10 15 32
9 20 36 35
11 12 56 52
11 22 83 73
12 13 19 35
13 14 44 44
14 25 41 40
15 16 57 60
16 17 33 49
16 27 41 35
18 19 43 30
19 30 55 52
20 31 6 7
21 32 42 45
23 24 39 49
24 25 73 70
25 26 71 47
26 27 51 49
27 28 22 36
28 29 52 37
29 30 58 38
30 31 73 47
31 32 54 56
(1391, 1341)

Arvore 215
0 11 54 36
1 2 44 27
2 3 43 38
2 13 3 3
3 4 57 66
5 16 8 30
6 7 87 79
7 18 17 23
8 9 9 26
9 10 15 32
9 20 36 35
11 12 56 52
11 22 83 73
12 13 19 35
13 14 44 44
14 25 41 40
15 16 57 60
16 17 33 49
16 27 41 35
18 19 43 30
19 30 55 52
20 31 6 7
21 32 42 45
23 24 39 49
24 25 73 70
25 26 71 47
26 27 51 49
27 28 22 36
28 29 52 37
29 30 58 38
30 31 73 47
31 32 54 56
(1386, 1346)

Arvore 216
0 11 54 36
1 2 44 27
2 3 43 38
2 13 3 3
3 4 57 66
5 16 8 30
6 17 84 82
7 18 17 23
8 9 9 26
9 10 15 32
9 20 36 35
11 12 56 52
11 22 83 73
12 13 19 35
13 14 44 44
14 25 41 40
15 16 57 60
16 17 33 49
16 27 41 35
18 19 43 30
19 30 55 52
20 31 6 7
21 32 42 45
23 24 39 49
24 25 73 70
25 26 71 47
26 27 51 49
27 28 22 36
28 29 52 37
29 30 58 38
30 31 73 47
31 32 54 56
(1383, 1349)

Arvore 217
0 11 54 36
1 2 44 27
2 3 43 38
2 13 3 3
4 15 71 59
5 6 92 74
5 16 8 30
7 18 17 23
8 9 9 26
9 10 15 32
9 20 36 35
10 21 53 60
11 12 56 52
11 22 83 73
12 13 19 35
12 23 77 53
13 14 44 44
14 15 85 55
14 25 41 40
16 27 41 35
17 28 79 47
18 19 43 30
18 29 56 39
20 31 6 7
21 32 42 45
23 24 39 49
25 26 71 47
26 27 51 49
27 28 22 36
28 29 52 37
29 30 58 38
30 31 73 47
(1483, 1301)

Arvore 218
0 11 54 36
1 2 44 27
2 3 43 38
2 13 3 3
4 15 71 59
5 16 8 30
6 7 87 79
7 18 17 23
8 9 9 26
9 10 15 32
9 20 36 35
10 21 53 60
11 12 56 52
11 22 83 73
12 13 19 35
12 23 77 53
13 14 44 44
14 15 85 55
14 25 41 40
16 27 41 35
17 28 79 47
18 19 43 30
18 29 56 39
20 31 6 7
21 32 42 45
23 24 39 49
25 26 71 47
26 27 51 49
27 28 22 36
28 29 52 37
29 30 58 38
30 31 73 47
(1478, 1306)

Arvore 219
0 11 54 36
1 2 44 27
2 3 43 38
2 13 3 3
4 15 71 59
5 16 8 30
6 17 84 82
7 18 17 23
8 9 9 26
9 10 15 32
9 20 36 35
10 21 53 60
11 12 56 52
11 22 83 73
12 13 19 35
12 23 77 53
13 14 44 44
14 15 85 55
14 25 41 40
16 27 41 35
17 28 79 47
18 19 43 30
18 29 56 39
20 31 6 7
21 32 42 45
23 24 39 49
25 26 71 47
26 27 51 49
27 28 22 36
28 29 52 37
29 30 58 38
30 31 73 47
(1475, 1309)

Arvore 220
0 11 54 36
1 2 44 27
2 3 43 38
2 13 3 3
4 15 71 59
5 6 92 74
5 16 8 30
7 18 17 23
8 9 9 26
9 10 15 32
9 20 36 35
10 21 53 60
11 12 56 52
11 22 83 73
12 13 19 35
12 23 77 53
13 14 44 44
14 25 41 40
15 16 57 60
16 27 41 35
17 28 79 47
18 19 43 30
18 29 56 39
20 31 6 7
21 32 42 45
23 24 39 49
25 26 71 47
26 27 51 49
27 28 22 36
28 29 52 37
29 30 58 38
30 31 73 47
(1455, 1306)

Arvore 221
0 11 54 36
1 2 44 27
2 3 43 38
2 13 3 3
4 15 71 59
5 16 8 30
6 7 87 79
7 18 17 23
8 9 9 26
9 10 15 32
9 20 36 35
10 21 53 60
11 12 56 52
11 22 83 73
12 13 19 35
12 23 77 53
13 14 44 44
14 25 41 40
15 16 57 60
16 27 41 35
17 28 79 47
18 19 43 30
18 29 56 39
20 31 6 7
21 32 42 45
23 24 39 49
25 26 71 47
26 27 51 49
27 28 22 36
28 29 52 37
29 30 58 38
30 31 73 47
(1450, 1311)

Arvore 222
0 11 54 36
1 2 44 27
2 3 43 38
2 13 3 3
4 15 71 59
5 16 8 30
6 17 84 82
7 18 17 23
8 9 9 26
9 10 15 32
9 20 36 35
10 21 53 60
11 12 56 52
11 22 83 73
12 13 19 35
12 23 77 53
13 14 44 44
14 25 41 40
15 16 57 60
16 27 41 35
17 28 79 47
18 19 43 30
18 29 56 39
20 31 6 7
21 32 42 45
23 24 39 49
25 26 71 47
26 27 51 49
27 28 22 36
28 29 52 37
29 30 58 38
30 31 73 47
(1447, 1314)

Arvore 223
0 11 54 36
1 2 44 27
2 3 43 38
2 13 3 3
4 15 71 59
5 6 92 74
5 16 8 30
7 18 17 23
8 9 9 26
9 10 15 32
9 20 36 35
10 21 53 60
11 12 56 52
11 22 83 73
12 13 19 35
13 14 44 44
14 25 41 40
15 16 57 60
16 27 41 35
17 28 79 47
18 19 43 30
18 29 56 39
20 31 6 7
21 32 42 45
23 24 39 49
24 25 73 70
25 26 71 47
26 27 51 49
27 28 22 36
28 29 52 37
29 30 58 38
30 31 73 47
(1451, 1323)

Arvore 224
0 11 54 36
1 2 44 27
2 3 43 38
2 13 3 3
4 15 71 59
5 16 8 30
6 7 87 79
7 18 17 23
8 9 9 26
9 10 15 32
9 20 36 35
10 21 53 60
11 12 56 52
11 22 83 73
12 13 19 35
13 14 44 44
14 25 41 40
15 16 57 60
16 27 41 35
17 28 79 47
18 19 43 30
18 29 56 39
20 31 6 7
21 32 42 45
23 24 39 49
24 25 73 70
25 26 71 47
26 27 51 49
27 28 22 36
28 29 52 37
29 30 58 38
30 31 73 47
(1446, 1328)

Arvore 225
0 11 54 36
1 2 44 27
2 3 43 38
2 13 3 3
4 15 71 59
5 16 8 30
6 17 84 82
7 18 17 23
8 9 9 26
9 10 15 32
9 20 36 35
10 21 53 60
11 12 56 52
11 22 83 73
12 13 19 35
13 14 44 44
14 25 41 40
15 16 57 60
16 27 41 35
17 28 79 47
18 19 43 30
18 29 56 39
20 31 6 7
21 32 42 45
23 24 39 49
24 25 73 70
25 26 71 47
26 27 51 49
27 28 22 36
28 29 52 37
29 30 58 38
30 31 73 47
(1443, 1331)

Arvore 226
0 11 54 36
1 2 44 27
2 3 43 38
2 13 3 3
3 4 57 66
5 6 92 74
5 16 8 30
7 18 17 23
8 9 9 26
9 10 15 32
9 20 36 35
10 21 53 60
11 12 56 52
11 22 83 73
12 13 19 35
12 23 77 53
13 14 44 44
14 15 85 55
14 25 41 40
16 27 41 35
17 28 79 47
18 19 43 30
18 29 56 39
20 31 6 7
21 32 42 45
23 24 39 49
25 26 71 47
26 27 51 49
27 28 22 36
28 29 52 37
29 30 58 38
30 31 73 47
(1469, 1308)

Arvore 227
0 11 54 36
1 2 44 27
2 3 43 38
2 13 3 3
3 4 57 66
5 16 8 30
6 7 87 79
7 18 17 23
8 9 9 26
9 10 15 32
9 20 36 35
10 21 53 60
11 12 56 52
11 22 83 73
12 13 19 35
12 23 77 53
13 14 44 44
14 15 85 55
14 25 41 40
16 27 41 35
17 28 79 47
18 19 43 30
18 29 56 39
20 31 6 7
21 32 42 45
23 24 39 49
25 26 71 47
26 27 51 49
27 28 22 36
28 29 52 37
29 30 58 38
30 31 73 47
(1464, 1313)

Arvore 228
0 11 54 36
1 2 44 27
2 3 43 38
2 13 3 3
3 4 57 66
5 16 8 30
6 17 84 82
7 18 17 23
8 9 9 26
9 10 15 32
9 20 36 35
10 21 53 60
11 12 56 52
11 22 83 73
12 13 19 35
12 23 77 53
13 14 44 44
14 15 85 55
14 25 41 40
16 27 41 35
17 28 79 47
18 19 43 30
18 29 56 39
20 31 6 7
21 32 42 45
23 24 39 49
25 26 71 47
26 27 51 49
27 28 22 36
28 29 52 37
29 30 58 38
30 31 73 47
(1461, 1316)

Arvore 229
0 11 54 36
1 2 44 27
2 3 43 38
2 13 3 3
3 4 57 66
5 6 92 74
5 16 8 30
7 18 17 23
8 9 9 26
9 10 15 32
9 20 36 35
10 21 53 60
11 12 56 52
11 22 83 73
12 13 19 35
12 23 77 53
13 14 44 44
14 25 41 40
15 16 57 60
16 27 41 35
17 28 79 47
18 19 43 30
18 29 56 39
20 31 6 7
21 32 42 45
23 24 39 49
25 26 71 47
26 27 51 49
27 28 22 36
28 29 52 37
29 30 58 38
30 31 73 47
(1441, 1313)

Arvore 230
0 11 54 36
1 2 44 27
2 3 43 38
2 13 3 3
3 4 57 66
5 16 8 30
6 7 87 79
7 18 17 23
8 9 9 26
9 10 15 32
9 20 36 35
10 21 53 60
11 12 56 52
11 22 83 73
12 13 19 35
12 23 77 53
13 14 44 44
14 25 41 40
15 16 57 60
16 27 41 35
17 28 79 47
18 19 43 30
18 29 56 39
20 31 6 7
21 32 42 45
23 24 39 49
25 26 71 47
26 27 51 49
27 28 22 36
28 29 52 37
29 30 58 38
30 31 73 47
(1436, 1318)

Arvore 231
0 11 54 36
1 2 44 27
2 3 43 38
2 13 3 3
3 4 57 66
5 16 8 30
6 17 84 82
7 18 17 23
8 9 9 26
9 10 15 32
9 20 36 35
10 21 53 60
11 12 56 52
11 22 83 73
12 13 19 35
12 23 77 53
13 14 44 44
14 25 41 40
15 16 57 60
16 27 41 35
17 28 79 47
18 19 43 30
18 29 56 39
20 31 6 7
21 32 42 45
23 24 39 49
25 26 71 47
26 27 51 49
27 28 22 36
28 29 52 37
29 30 58 38
30 31 73 47
(1433, 1321)

Arvore 232
0 11 54 36
1 2 44 27
2 3 43 38
2 13 3 3
3 4 57 66
5 6 92 74
5 16 8 30
7 18 17 23
8 9 9 26
9 10 15 32
9 20 36 35
10 21 53 60
11 12 56 52
11 22 83 73
12 13 19 35
13 14 44 44
14 25 41 40
15 16 57 60
16 27 41 35
17 28 79 47
18 19 43 30
18 29 56 39
20 31 6 7
21 32 42 45
23 24 39 49
24 25 73 70
25 26 71 47
26 27 51 49
27 28 22 36
28 29 52 37
29 30 58 38
30 31 73 47
(1437, 1330)

Arvore 233
0 11 54 36
1 2 44 27
2 3 43 38
2 13 3 3
3 4 57 66
5 16 8 30
6 7 87 79
7 18 17 23
8 9 9 26
9 10 15 32
9 20 36 35
10 21 53 60
11 12 56 52
11 22 83 73
12 13 19 35
13 14 44 44
14 25 41 40
15 16 57 60
16 27 41 35
17 28 79 47
18 19 43 30
18 29 56 39
20 31 6 7
21 32 42 45
23 24 39 49
24 25 73 70
25 26 71 47
26 27 51 49
27 28 22 36
28 29 52 37
29 30 58 38
30 31 73 47
(1432, 1335)

Arvore 234
0 11 54 36
1 2 44 27
2 3 43 38
2 13 3 3
3 4 57 66
5 16 8 30
6 17 84 82
7 18 17 23
8 9 9 26
9 10 15 32
9 20 36 35
10 21 53 60
11 12 56 52
11 22 83 73
12 13 19 35
13 14 44 44
14 25 41 40
15 16 57 60
16 27 41 35
17 28 79 47
18 19 43 30
18 29 56 39
20 31 6 7
21 32 42 45
23 24 39 49
24 25 73 70
25 26 71 47
26 27 51 49
27 28 22 36
28 29 52 37
29 30 58 38
30 31 73 47
(1429, 1338)

Arvore 235
0 11 54 36
1 2 44 27
2 3 43 38
2 13 3 3
3 4 57 66
5 6 92 74
5 16 8 30
7 18 17 23
8 9 9 26
9 10 15 32
9 20 36 35
11 12 56 52
11 22 83 73
12 13 19 35
12 23 77 53
13 14 44 44
14 15 85 55
14 25 41 40
16 27 41 35
17 28 79 47
18 19 43 30
18 29 56 39
20 31 6 7
21 32 42 45
23 24 39 49
25 26 71 47
26 27 51 49
27 28 22 36
28 29 52 37
29 30 58 38
30 31 73 47
31 32 54 56
(1470, 1304)

Arvore 236
0 11 54 36
1 2 44 27
2 3 43 38
2 13 3 3
3 4 57 66
5 16 8 30
6 7 87 79
7 18 17 23
8 9 9 26
9 10 15 32
9 20 36 35
11 12 56 52
11 22 83 73
12 13 19 35
12 23 77 53
13 14 44 44
14 15 85 55
14 25 41 40
16 27 41 35
17 28 79 47
18 19 43 30
18 29 56 39
20 31 6 7
21 32 42 45
23 24 39 49
25 26 71 47
26 27 51 49
27 28 22 36
28 29 52 37
29 30 58 38
30 31 73 47
31 32 54 56
(1465, 1309)

Arvore 237
0 11 54 36
1 2 44 27
2 3 43 38
2 13 3 3
3 4 57 66
5 16 8 30
6 17 84 82
7 18 17 23
8 9 9 26
9 10 15 32
9 20 36 35
11 12 56 52
11 22 83 73
12 13 19 35
12 23 77 53
13 14 44 44
14 15 85 55
14 25 41 40
16 27 41 35
17 28 79 47
18 19 43 30
18 29 56 39
20 31 6 7
21 32 42 45
23 24 39 49
25 26 71 47
26 27 51 49
27 28 22 36
28 29 52 37
29 30 58 38
30 31 73 47
31 32 54 56
(1462, 1312)

Arvore 238
0 11 54 36
1 2 44 27
2 3 43 38
2 13 3 3
4 15 71 59
5 6 92 74
5 16 8 30
7 18 17 23
8 9 9 26
9 10 15 32
9 20 36 35
11 12 56 52
11 22 83 73
12 13 19 35
12 23 77 53
13 14 44 44
14 15 85 55
14 25 41 40
16 27 41 35
17 28 79 47
18 19 43 30
18 29 56 39
20 31 6 7
21 32 42 45
23 24 39 49
25 26 71 47
26 27 51 49
27 28 22 36
28 29 52 37
29 30 58 38
30 31 73 47
31 32 54 56
(1484, 1297)

Arvore 239
0 11 54 36
1 2 44 27
2 3 43 38
2 13 3 3
4 15 71 59
5 16 8 30
6 7 87 79
7 18 17 23
8 9 9 26
9 10 15 32
9 20 36 35
11 12 56 52
11 22 83 73
12 13 19 35
12 23 77 53
13 14 44 44
14 15 85 55
14 25 41 40
16 27 41 35
17 28 79 47
18 19 43 30
18 29 56 39
20 31 6 7
21 32 42 45
23 24 39 49
25 26 71 47
26 27 51 49
27 28 22 36
28 29 52 37
29 30 58 38
30 31 73 47
31 32 54 56
(1479, 1302)

Arvore 240
0 11 54 36
1 2 44 27
2 3 43 38
2 13 3 3
4 15 71 59
5 16 8 30
6 17 84 82
7 18 17 23
8 9 9 26
9 10 15 32
9 20 36 35
11 12 56 52
11 22 83 73
12 13 19 35
12 23 77 53
13 14 44 44
14 15 85 55
14 25 41 40
16 27 41 35
17 28 79 47
18 19 43 30
18 29 56 39
20 31 6 7
21 32 42 45
23 24 39 49
25 26 71 47
26 27 51 49
27 28 22 36
28 29 52 37
29 30 58 38
30 31 73 47
31 32 54 56
(1476, 1305)

Arvore 241
0 11 54 36
1 2 44 27
2 3 43 38
2 13 3 3
4 15 71 59
5 6 92 74
5 16 8 30
7 18 17 23
8 9 9 26
9 10 15 32
9 20 36 35
11 12 56 52
11 22 83 73
12 13 19 35
12 23 77 53
13 14 44 44
14 25 41 40
15 16 57 60
16 27 41 35
17 28 79 47
18 19 43 30
18 29 56 39
20 31 6 7
21 32 42 45
23 24 39 49
25 26 71 47
26 27 51 49
27 28 22 36
28 29 52 37
29 30 58 38
30 31 73 47
31 32 54 56
(1456, 1302)

Arvore 242
0 11 54 36
1 2 44 27
2 3 43 38
2 13 3 3
4 15 71 59
5 16 8 30
6 7 87 79
7 18 17 23
8 9 9 26
9 10 15 32
9 20 36 35
11 12 56 52
11 22 83 73
12 13 19 35
12 23 77 53
13 14 44 44
14 25 41 40
15 16 57 60
16 27 41 35
17 28 79 47
18 19 43 30
18 29 56 39
20 31 6 7
21 32 42 45
23 24 39 49
25 26 71 47
26 27 51 49
27 28 22 36
28 29 52 37
29 30 58 38
30 31 73 47
31 32 54 56
(1451, 1307)

Arvore 243
0 11 54 36
1 2 44 27
2 3 43 38
2 13 3 3
4 15 71 59
5 16 8 30
6 17 84 82
7 18 17 23
8 9 9 26
9 10 15 32
9 20 36 35
11 12 56 52
11 22 83 73
12 13 19 35
12 23 77 53
13 14 44 44
14 25 41 40
15 16 57 60
16 27 41 35
17 28 79 47
18 19 43 30
18 29 56 39
20 31 6 7
21 32 42 45
23 24 39 49
25 26 71 47
26 27 51 49
27 28 22 36
28 29 52 37
29 30 58 38
30 31 73 47
31 32 54 56
(1448, 1310)

Arvore 244
0 11 54 36
1 2 44 27
2 3 43 38
2 13 3 3
3 4 57 66
5 6 92 74
5 16 8 30
7 18 17 23
8 9 9 26
9 10 15 32
9 20 36 35
11 12 56 52
11 22 83 73
12 13 19 35
12 23 77 53
13 14 44 44
14 25 41 40
15 16 57 60
16 27 41 35
17 28 79 47
18 19 43 30
18 29 56 39
20 31 6 7
21 32 42 45
23 24 39 49
25 26 71 47
26 27 51 49
27 28 22 36
28 29 52 37
29 30 58 38
30 31 73 47
31 32 54 56
(1442, 1309)

Arvore 245
0 11 54 36
1 2 44 27
2 3 43 38
2 13 3 3
3 4 57 66
5 16 8 30
6 7 87 79
7 18 17 23
8 9 9 26
9 10 15 32
9 20 36 35
11 12 56 52
11 22 83 73
12 13 19 35
12 23 77 53
13 14 44 44
14 25 41 40
15 16 57 60
16 27 41 35
17 28 79 47
18 19 43 30
18 29 56 39
20 31 6 7
21 32 42 45
23 24 39 49
25 26 71 47
26 27 51 49
27 28 22 36
28 29 52 37
29 30 58 38
30 31 73 47
31 32 54 56
(1437, 1314)

Arvore 246
0 11 54 36
1 2 44 27
2 3 43 38
2 13 3 3
3 4 57 66
5 16 8 30
6 17 84 82
7 18 17 23
8 9 9 26
9 10 15 32
9 20 36 35
11 12 56 52
11 22 83 73
12 13 19 35
12 23 77 53
13 14 44 44
14 25 41 40
15 16 57 60
16 27 41 35
17 28 79 47
18 19 43 30
18 29 56 39
20 31 6 7
21 32 42 45
23 24 39 49
25 26 71 47
26 27 51 49
27 28 22 36
28 29 52 37
29 30 58 38
30 31 73 47
31 32 54 56
(1434, 1317)

Arvore 247
0 11 54 36
1 2 44 27
2 3 43 38
2 13 3 3
4 15 71 59
5 6 92 74
5 16 8 30
7 18 17 23
8 9 9 26
9 10 15 32
9 20 36 35
11 12 56 52
11 22 83 73
12 13 19 35
13 14 44 44
14 25 41 40
15 16 57 60
16 27 41 35
17 28 79 47
18 19 43 30
18 29 56 39
20 31 6 7
21 32 42 45
23 24 39 49
24 25 73 70
25 26 71 47
26 27 51 49
27 28 22 36
28 29 52 37
29 30 58 38
30 31 73 47
31 32 54 56
(1452, 1319)

Arvore 248
0 11 54 36
1 2 44 27
2 3 43 38
2 13 3 3
4 15 71 59
5 16 8 30
6 7 87 79
7 18 17 23
8 9 9 26
9 10 15 32
9 20 36 35
11 12 56 52
11 22 83 73
12 13 19 35
13 14 44 44
14 25 41 40
15 16 57 60
16 27 41 35
17 28 79 47
18 19 43 30
18 29 56 39
20 31 6 7
21 32 42 45
23 24 39 49
24 25 73 70
25 26 71 47
26 27 51 49
27 28 22 36
28 29 52 37
29 30 58 38
30 31 73 47
31 32 54 56
(1447, 1324)

Arvore 249
0 11 54 36
1 2 44 27
2 3 43 38
2 13 3 3
4 15 71 59
5 16 8 30
6 17 84 82
7 18 17 23
8 9 9 26
9 10 15 32
9 20 36 35
11 12 56 52
11 22 83 73
12 13 19 35
13 14 44 44
14 25 41 40
15 16 57 60
16 27 41 35
17 28 79 47
18 19 43 30
18 29 56 39
20 31 6 7
21 32 42 45
23 24 39 49
24 25 73 70
25 26 71 47
26 27 51 49
27 28 22 36
28 29 52 37
29 30 58 38
30 31 73 47
31 32 54 56
(1444, 1327)

Arvore 250
0 11 54 36
1 2 44 27
2 3 43 38
2 13 3 3
3 4 57 66
5 6 92 74
5 16 8 30
7 18 17 23
8 9 9 26
9 10 15 32
9 20 36 35
11 12 56 52
11 22 83 73
12 13 19 35
13 14 44 44
14 25 41 40
15 16 57 60
16 27 41 35
17 28 79 47
18 19 43 30
18 29 56 39
20 31 6 7
21 32 42 45
23 24 39 49
24 25 73 70
25 26 71 47
26 27 51 49
27 28 22 36
28 29 52 37
29 30 58 38
30 31 73 47
31 32 54 56
(1438, 1326)

Arvore 251
0 11 54 36
1 2 44 27
2 3 43 38
2 13 3 3
3 4 57 66
5 16 8 30
6 7 87 79
7 18 17 23
8 9 9 26
9 10 15 32
9 20 36 35
11 12 56 52
11 22 83 73
12 13 19 35
13 14 44 44
14 25 41 40
15 16 57 60
16 27 41 35
17 28 79 47
18 19 43 30
18 29 56 39
20 31 6 7
21 32 42 45
23 24 39 49
24 25 73 70
25 26 71 47
26 27 51 49
27 28 22 36
28 29 52 37
29 30 58 38
30 31 73 47
31 32 54 56
(1433, 1331)

Arvore 252
0 11 54 36
1 2 44 27
2 3 43 38
2 13 3 3
3 4 57 66
5 16 8 30
6 17 84 82
7 18 17 23
8 9 9 26
9 10 15 32
9 20 36 35
11 12 56 52
11 22 83 73
12 13 19 35
13 14 44 44
14 25 41 40
15 16 57 60
16 27 41 35
17 28 79 47
18 19 43 30
18 29 56 39
20 31 6 7
21 32 42 45
23 24 39 49
24 25 73 70
25 26 71 47
26 27 51 49
27 28 22 36
28 29 52 37
29 30 58 38
30 31 73 47
31 32 54 56
(1430, 1334)

