6775
67.75
Arvore 1
0 12 82 83
1 2 38 57
1 13 75 53
2 3 53 59
2 14 37 32
3 15 25 25
4 5 73 65
5 6 39 62
5 17 26 54
7 8 23 19
7 19 59 68
8 9 7 34
8 20 44 53
9 10 91 57
11 23 77 80
12 13 46 37
13 25 34 49
14 26 18 11
15 16 3 34
16 17 72 43
16 28 26 40
18 19 45 66
18 30 23 49
19 31 1 17
20 21 0 26
20 32 63 65
21 22 30 32
21 33 27 55
22 23 50 48
22 34 62 54
24 25 85 71
26 27 65 57
28 29 16 21
29 30 52 47
34 35 84 51
(1551, 1674)

Arvore 2
0 12 82 83
1 2 38 57
1 13 75 53
2 3 53 59
2 14 37 32
3 15 25 25
4 5 73 65
5 6 39 62
5 17 26 54
7 8 23 19
7 19 59 68
8 9 7 34
8 20 44 53
10 22 85 81
11 23 77 80
12 13 46 37
13 25 34 49
14 26 18 11
15 16 3 34
16 17 72 43
16 28 26 40
18 19 45 66
18 30 23 49
19 31 1 17
20 21 0 26
20 32 63 65
21 22 30 32
21 33 27 55
22 23 50 48
22 34 62 54
24 25 85 71
26 27 65 57
28 29 16 21
29 30 52 47
34 35 84 51
(1545, 1698)

Arvore 3
0 12 82 83
1 2 38 57
1 13 75 53
2 3 53 59
2 14 37 32
3 15 25 25
4 5 73 65
5 6 39 62
5 17 26 54
7 8 23 19
7 19 59 68
8 9 7 34
8 20 44 53
9 10 91 57
11 23 77 80
12 13 46 37
13 25 34 49
14 26 18 11
15 16 3 34
16 17 72 43
16 28 26 40
18 19 45 66
18 30 23 49
19 31 1 17
20 21 0 26
21 22 30 32
21 33 27 55
22 23 50 48
22 34 62 54
24 25 85 71
26 27 65 57
28 29 16 21
29 30 52 47
31 32 72 56
34 35 84 51
(1560, 1665)

Arvore 4
0 12 82 83
1 2 38 57
1 13 75 53
2 3 53 59
2 14 37 32
3 15 25 25
4 5 73 65
5 6 39 62
5 17 26 54
7 8 23 19
7 19 59 68
8 9 7 34
8 20 44 53
10 22 85 81
11 23 77 80
12 13 46 37
13 25 34 49
14 26 18 11
15 16 3 34
16 17 72 43
16 28 26 40
18 19 45 66
18 30 23 49
19 31 1 17
20 21 0 26
21 22 30 32
21 33 27 55
22 23 50 48
22 34 62 54
24 25 85 71
26 27 65 57
28 29 16 21
29 30 52 47
31 32 72 56
34 35 84 51
(1554, 1689)

Arvore 5
0 12 82 83
1 2 38 57
1 13 75 53
2 3 53 59
2 14 37 32
3 15 25 25
4 5 73 65
5 6 39 62
5 17 26 54
7 8 23 19
8 9 7 34
8 20 44 53
9 10 91 57
11 23 77 80
12 13 46 37
13 25 34 49
14 26 18 11
15 16 3 34
16 17 72 43
16 28 26 40
18 19 45 66
18 30 23 49
19 20 66 59
19 31 1 17
20 21 0 26
20 32 63 65
21 22 30 32
21 33 27 55
22 23 50 48
22 34 62 54
24 25 85 71
26 27 65 57
28 29 16 21
29 30 52 47
34 35 84 51
(1558, 1665)

Arvore 6
0 12 82 83
1 2 38 57
1 13 75 53
2 3 53 59
2 14 37 32
3 15 25 25
4 5 73 65
5 6 39 62
5 17 26 54
7 8 23 19
8 9 7 34
8 20 44 53
10 22 85 81
11 23 77 80
12 13 46 37
13 25 34 49
14 26 18 11
15 16 3 34
16 17 72 43
16 28 26 40
18 19 45 66
18 30 23 49
19 20 66 59
19 31 1 17
20 21 0 26
20 32 63 65
21 22 30 32
21 33 27 55
22 23 50 48
22 34 62 54
24 25 85 71
26 27 65 57
28 29 16 21
29 30 52 47
34 35 84 51
(1552, 1689)

Arvore 7
0 12 82 83
1 2 38 57
1 13 75 53
2 3 53 59
2 14 37 32
3 15 25 25
4 5 73 65
5 6 39 62
5 17 26 54
7 8 23 19
8 9 7 34
8 20 44 53
9 10 91 57
11 23 77 80
12 13 46 37
13 25 34 49
14 26 18 11
15 16 3 34
16 17 72 43
16 28 26 40
18 19 45 66
18 30 23 49
19 31 1 17
20 21 0 26
20 32 63 65
21 22 30 32
21 33 27 55
22 23 50 48
22 34 62 54
24 25 85 71
26 27 65 57
28 29 16 21
29 30 52 47
31 32 72 56
34 35 84 51
(1564, 1662)

Arvore 8
0 12 82 83
1 2 38 57
1 13 75 53
2 3 53 59
2 14 37 32
3 15 25 25
4 5 73 65
5 6 39 62
5 17 26 54
7 8 23 19
8 9 7 34
8 20 44 53
10 22 85 81
11 23 77 80
12 13 46 37
13 25 34 49
14 26 18 11
15 16 3 34
16 17 72 43
16 28 26 40
18 19 45 66
18 30 23 49
19 31 1 17
20 21 0 26
20 32 63 65
21 22 30 32
21 33 27 55
22 23 50 48
22 34 62 54
24 25 85 71
26 27 65 57
28 29 16 21
29 30 52 47
31 32 72 56
34 35 84 51
(1558, 1686)

Arvore 9
0 12 82 83
1 2 38 57
1 13 75 53
2 3 53 59
2 14 37 32
3 15 25 25
4 5 73 65
5 6 39 62
5 17 26 54
7 8 23 19
8 9 7 34
8 20 44 53
9 10 91 57
11 23 77 80
12 13 46 37
13 25 34 49
14 26 18 11
15 16 3 34
16 17 72 43
16 28 26 40
18 19 45 66
18 30 23 49
19 20 66 59
19 31 1 17
20 21 0 26
21 22 30 32
21 33 27 55
22 23 50 48
22 34 62 54
24 25 85 71
26 27 65 57
28 29 16 21
29 30 52 47
31 32 72 56
34 35 84 51
(1567, 1656)

Arvore 10
0 12 82 83
1 2 38 57
1 13 75 53
2 3 53 59
2 14 37 32
3 15 25 25
4 5 73 65
5 6 39 62
5 17 26 54
7 8 23 19
8 9 7 34
8 20 44 53
10 22 85 81
11 23 77 80
12 13 46 37
13 25 34 49
14 26 18 11
15 16 3 34
16 17 72 43
16 28 26 40
18 19 45 66
18 30 23 49
19 20 66 59
19 31 1 17
20 21 0 26
21 22 30 32
21 33 27 55
22 23 50 48
22 34 62 54
24 25 85 71
26 27 65 57
28 29 16 21
29 30 52 47
31 32 72 56
34 35 84 51
(1561, 1680)

Arvore 11
0 12 82 83
1 2 38 57
2 3 53 59
2 14 37 32
3 15 25 25
4 5 73 65
5 6 39 62
5 17 26 54
7 8 23 19
7 19 59 68
8 9 7 34
8 20 44 53
9 10 91 57
11 23 77 80
12 13 46 37
13 25 34 49
14 26 18 11
15 16 3 34
16 17 72 43
16 28 26 40
18 19 45 66
18 30 23 49
19 31 1 17
20 21 0 26
20 32 63 65
21 22 30 32
21 33 27 55
22 23 50 48
22 34 62 54
24 25 85 71
25 26 63 77
26 27 65 57
28 29 16 21
29 30 52 47
34 35 84 51
(1539, 1698)

Arvore 12
0 12 82 83
1 2 38 57
2 3 53 59
2 14 37 32
3 15 25 25
4 5 73 65
5 6 39 62
5 17 26 54
7 8 23 19
7 19 59 68
8 9 7 34
8 20 44 53
10 22 85 81
11 23 77 80
12 13 46 37
13 25 34 49
14 26 18 11
15 16 3 34
16 17 72 43
16 28 26 40
18 19 45 66
18 30 23 49
19 31 1 17
20 21 0 26
20 32 63 65
21 22 30 32
21 33 27 55
22 23 50 48
22 34 62 54
24 25 85 71
25 26 63 77
26 27 65 57
28 29 16 21
29 30 52 47
34 35 84 51
(1533, 1722)

Arvore 13
0 12 82 83
1 2 38 57
2 3 53 59
2 14 37 32
3 15 25 25
4 5 73 65
5 6 39 62
5 17 26 54
7 8 23 19
7 19 59 68
8 9 7 34
8 20 44 53
9 10 91 57
11 23 77 80
12 13 46 37
13 14 67 76
13 25 34 49
14 26 18 11
15 16 3 34
16 17 72 43
16 28 26 40
18 19 45 66
18 30 23 49
19 31 1 17
20 21 0 26
20 32 63 65
21 22 30 32
21 33 27 55
22 23 50 48
22 34 62 54
24 25 85 71
26 27 65 57
28 29 16 21
29 30 52 47
34 35 84 51
(1543, 1697)

Arvore 14
0 12 82 83
1 2 38 57
2 3 53 59
2 14 37 32
3 15 25 25
4 5 73 65
5 6 39 62
5 17 26 54
7 8 23 19
7 19 59 68
8 9 7 34
8 20 44 53
10 22 85 81
11 23 77 80
12 13 46 37
13 14 67 76
13 25 34 49
14 26 18 11
15 16 3 34
16 17 72 43
16 28 26 40
18 19 45 66
18 30 23 49
19 31 1 17
20 21 0 26
20 32 63 65
21 22 30 32
21 33 27 55
22 23 50 48
22 34 62 54
24 25 85 71
26 27 65 57
28 29 16 21
29 30 52 47
34 35 84 51
(1537, 1721)

Arvore 15
0 12 82 83
1 2 38 57
2 3 53 59
2 14 37 32
3 15 25 25
4 5 73 65
5 6 39 62
5 17 26 54
7 8 23 19
7 19 59 68
8 9 7 34
8 20 44 53
9 10 91 57
11 23 77 80
12 13 46 37
13 14 67 76
13 25 34 49
14 26 18 11
15 16 3 34
16 17 72 43
16 28 26 40
18 19 45 66
18 30 23 49
19 31 1 17
20 21 0 26
21 22 30 32
21 33 27 55
22 23 50 48
22 34 62 54
24 25 85 71
26 27 65 57
28 29 16 21
29 30 52 47
31 32 72 56
34 35 84 51
(1552, 1688)

Arvore 16
0 12 82 83
1 2 38 57
2 3 53 59
2 14 37 32
3 15 25 25
4 5 73 65
5 6 39 62
5 17 26 54
7 8 23 19
7 19 59 68
8 9 7 34
8 20 44 53
10 22 85 81
11 23 77 80
12 13 46 37
13 14 67 76
13 25 34 49
14 26 18 11
15 16 3 34
16 17 72 43
16 28 26 40
18 19 45 66
18 30 23 49
19 31 1 17
20 21 0 26
21 22 30 32
21 33 27 55
22 23 50 48
22 34 62 54
24 25 85 71
26 27 65 57
28 29 16 21
29 30 52 47
31 32 72 56
34 35 84 51
(1546, 1712)

Arvore 17
0 12 82 83
1 2 38 57
2 3 53 59
2 14 37 32
3 15 25 25
4 5 73 65
5 6 39 62
5 17 26 54
7 8 23 19
7 19 59 68
8 9 7 34
8 20 44 53
9 10 91 57
11 23 77 80
12 13 46 37
13 25 34 49
14 26 18 11
15 16 3 34
16 17 72 43
16 28 26 40
18 19 45 66
18 30 23 49
19 31 1 17
20 21 0 26
21 22 30 32
21 33 27 55
22 23 50 48
22 34 62 54
24 25 85 71
25 26 63 77
26 27 65 57
28 29 16 21
29 30 52 47
31 32 72 56
34 35 84 51
(1548, 1689)

Arvore 18
0 12 82 83
1 2 38 57
2 3 53 59
2 14 37 32
3 15 25 25
4 5 73 65
5 6 39 62
5 17 26 54
7 8 23 19
7 19 59 68
8 9 7 34
8 20 44 53
10 22 85 81
11 23 77 80
12 13 46 37
13 25 34 49
14 26 18 11
15 16 3 34
16 17 72 43
16 28 26 40
18 19 45 66
18 30 23 49
19 31 1 17
20 21 0 26
21 22 30 32
21 33 27 55
22 23 50 48
22 34 62 54
24 25 85 71
25 26 63 77
26 27 65 57
28 29 16 21
29 30 52 47
31 32 72 56
34 35 84 51
(1542, 1713)

Arvore 19
0 12 82 83
1 2 38 57
2 3 53 59
2 14 37 32
3 15 25 25
4 5 73 65
5 6 39 62
5 17 26 54
7 8 23 19
8 9 7 34
8 20 44 53
9 10 91 57
11 23 77 80
12 13 46 37
13 14 67 76
13 25 34 49
14 26 18 11
15 16 3 34
16 17 72 43
16 28 26 40
18 19 45 66
18 30 23 49
19 20 66 59
19 31 1 17
20 21 0 26
20 32 63 65
21 22 30 32
21 33 27 55
22 23 50 48
22 34 62 54
24 25 85 71
26 27 65 57
28 29 16 21
29 30 52 47
34 35 84 51
(1550, 1688)

Arvore 20
0 12 82 83
1 2 38 57
2 3 53 59
2 14 37 32
3 15 25 25
4 5 73 65
5 6 39 62
5 17 26 54
7 8 23 19
8 9 7 34
8 20 44 53
10 22 85 81
11 23 77 80
12 13 46 37
13 14 67 76
13 25 34 49
14 26 18 11
15 16 3 34
16 17 72 43
16 28 26 40
18 19 45 66
18 30 23 49
19 20 66 59
19 31 1 17
20 21 0 26
20 32 63 65
21 22 30 32
21 33 27 55
22 23 50 48
22 34 62 54
24 25 85 71
26 27 65 57
28 29 16 21
29 30 52 47
34 35 84 51
(1544, 1712)

Arvore 21
0 12 82 83
1 2 38 57
2 3 53 59
2 14 37 32
3 15 25 25
4 5 73 65
5 6 39 62
5 17 26 54
7 8 23 19
8 9 7 34
8 20 44 53
9 10 91 57
11 23 77 80
12 13 46 37
13 25 34 49
14 26 18 11
15 16 3 34
16 17 72 43
16 28 26 40
18 19 45 66
18 30 23 49
19 20 66 59
19 31 1 17
20 21 0 26
20 32 63 65
21 22 30 32
21 33 27 55
22 23 50 48
22 34 62 54
24 25 85 71
25 26 63 77
26 27 65 57
28 29 16 21
29 30 52 47
34 35 84 51
(1546, 1689)

Arvore 22
0 12 82 83
1 2 38 57
2 3 53 59
2 14 37 32
3 15 25 25
4 5 73 65
5 6 39 62
5 17 26 54
7 8 23 19
8 9 7 34
8 20 44 53
10 22 85 81
11 23 77 80
12 13 46 37
13 25 34 49
14 26 18 11
15 16 3 34
16 17 72 43
16 28 26 40
18 19 45 66
18 30 23 49
19 20 66 59
19 31 1 17
20 21 0 26
20 32 63 65
21 22 30 32
21 33 27 55
22 23 50 48
22 34 62 54
24 25 85 71
25 26 63 77
26 27 65 57
28 29 16 21
29 30 52 47
34 35 84 51
(1540, 1713)

Arvore 23
0 12 82 83
1 2 38 57
2 3 53 59
2 14 37 32
3 15 25 25
4 5 73 65
5 6 39 62
5 17 26 54
7 8 23 19
8 9 7 34
8 20 44 53
9 10 91 57
11 23 77 80
12 13 46 37
13 14 67 76
13 25 34 49
14 26 18 11
15 16 3 34
16 17 72 43
16 28 26 40
18 19 45 66
18 30 23 49
19 31 1 17
20 21 0 26
20 32 63 65
21 22 30 32
21 33 27 55
22 23 50 48
22 34 62 54
24 25 85 71
26 27 65 57
28 29 16 21
29 30 52 47
31 32 72 56
34 35 84 51
(1556, 1685)

Arvore 24
0 12 82 83
1 2 38 57
2 3 53 59
2 14 37 32
3 15 25 25
4 5 73 65
5 6 39 62
5 17 26 54
7 8 23 19
8 9 7 34
8 20 44 53
10 22 85 81
11 23 77 80
12 13 46 37
13 14 67 76
13 25 34 49
14 26 18 11
15 16 3 34
16 17 72 43
16 28 26 40
18 19 45 66
18 30 23 49
19 31 1 17
20 21 0 26
20 32 63 65
21 22 30 32
21 33 27 55
22 23 50 48
22 34 62 54
24 25 85 71
26 27 65 57
28 29 16 21
29 30 52 47
31 32 72 56
34 35 84 51
(1550, 1709)

Arvore 25
0 12 82 83
1 2 38 57
2 3 53 59
2 14 37 32
3 15 25 25
4 5 73 65
5 6 39 62
5 17 26 54
7 8 23 19
8 9 7 34
8 20 44 53
9 10 91 57
11 23 77 80
12 13 46 37
13 25 34 49
14 26 18 11
15 16 3 34
16 17 72 43
16 28 26 40
18 19 45 66
18 30 23 49
19 31 1 17
20 21 0 26
20 32 63 65
21 22 30 32
21 33 27 55
22 23 50 48
22 34 62 54
24 25 85 71
25 26 63 77
26 27 65 57
28 29 16 21
29 30 52 47
31 32 72 56
34 35 84 51
(1552, 1686)

Arvore 26
0 12 82 83
1 2 38 57
2 3 53 59
2 14 37 32
3 15 25 25
4 5 73 65
5 6 39 62
5 17 26 54
7 8 23 19
8 9 7 34
8 20 44 53
10 22 85 81
11 23 77 80
12 13 46 37
13 25 34 49
14 26 18 11
15 16 3 34
16 17 72 43
16 28 26 40
18 19 45 66
18 30 23 49
19 31 1 17
20 21 0 26
20 32 63 65
21 22 30 32
21 33 27 55
22 23 50 48
22 34 62 54
24 25 85 71
25 26 63 77
26 27 65 57
28 29 16 21
29 30 52 47
31 32 72 56
34 35 84 51
(1546, 1710)

Arvore 27
0 12 82 83
1 2 38 57
2 3 53 59
2 14 37 32
3 15 25 25
4 5 73 65
5 6 39 62
5 17 26 54
7 8 23 19
8 9 7 34
8 20 44 53
9 10 91 57
11 23 77 80
12 13 46 37
13 14 67 76
13 25 34 49
14 26 18 11
15 16 3 34
16 17 72 43
16 28 26 40
18 19 45 66
18 30 23 49
19 20 66 59
19 31 1 17
20 21 0 26
21 22 30 32
21 33 27 55
22 23 50 48
22 34 62 54
24 25 85 71
26 27 65 57
28 29 16 21
29 30 52 47
31 32 72 56
34 35 84 51
(1559, 1679)

Arvore 28
0 12 82 83
1 2 38 57
2 3 53 59
2 14 37 32
3 15 25 25
4 5 73 65
5 6 39 62
5 17 26 54
7 8 23 19
8 9 7 34
8 20 44 53
10 22 85 81
11 23 77 80
12 13 46 37
13 14 67 76
13 25 34 49
14 26 18 11
15 16 3 34
16 17 72 43
16 28 26 40
18 19 45 66
18 30 23 49
19 20 66 59
19 31 1 17
20 21 0 26
21 22 30 32
21 33 27 55
22 23 50 48
22 34 62 54
24 25 85 71
26 27 65 57
28 29 16 21
29 30 52 47
31 32 72 56
34 35 84 51
(1553, 1703)

Arvore 29
0 12 82 83
1 2 38 57
2 3 53 59
2 14 37 32
3 15 25 25
4 5 73 65
5 6 39 62
5 17 26 54
7 8 23 19
8 9 7 34
8 20 44 53
9 10 91 57
11 23 77 80
12 13 46 37
13 25 34 49
14 26 18 11
15 16 3 34
16 17 72 43
16 28 26 40
18 19 45 66
18 30 23 49
19 20 66 59
19 31 1 17
20 21 0 26
21 22 30 32
21 33 27 55
22 23 50 48
22 34 62 54
24 25 85 71
25 26 63 77
26 27 65 57
28 29 16 21
29 30 52 47
31 32 72 56
34 35 84 51
(1555, 1680)

Arvore 30
0 12 82 83
1 2 38 57
2 3 53 59
2 14 37 32
3 15 25 25
4 5 73 65
5 6 39 62
5 17 26 54
7 8 23 19
8 9 7 34
8 20 44 53
10 22 85 81
11 23 77 80
12 13 46 37
13 25 34 49
14 26 18 11
15 16 3 34
16 17 72 43
16 28 26 40
18 19 45 66
18 30 23 49
19 20 66 59
19 31 1 17
20 21 0 26
21 22 30 32
21 33 27 55
22 23 50 48
22 34 62 54
24 25 85 71
25 26 63 77
26 27 65 57
28 29 16 21
29 30 52 47
31 32 72 56
34 35 84 51
(1549, 1704)

Arvore 31
0 12 82 83
1 2 38 57
1 13 75 53
2 3 53 59
2 14 37 32
3 15 25 25
4 5 73 65
5 6 39 62
5 17 26 54
7 8 23 19
8 9 7 34
8 20 44 53
9 10 91 57
11 23 77 80
12 13 46 37
13 25 34 49
14 26 18 11
15 16 3 34
16 17 72 43
16 28 26 40
18 30 23 49
19 20 66 59
19 31 1 17
20 21 0 26
20 32 63 65
21 22 30 32
21 33 27 55
22 23 50 48
22 34 62 54
24 25 85 71
26 27 65 57
28 29 16 21
29 30 52 47
30 31 78 60
34 35 84 51
(1591, 1659)

Arvore 32
0 12 82 83
1 2 38 57
1 13 75 53
2 3 53 59
2 14 37 32
3 15 25 25
4 5 73 65
5 6 39 62
5 17 26 54
7 8 23 19
8 9 7 34
8 20 44 53
10 22 85 81
11 23 77 80
12 13 46 37
13 25 34 49
14 26 18 11
15 16 3 34
16 17 72 43
16 28 26 40
18 30 23 49
19 20 66 59
19 31 1 17
20 21 0 26
20 32 63 65
21 22 30 32
21 33 27 55
22 23 50 48
22 34 62 54
24 25 85 71
26 27 65 57
28 29 16 21
29 30 52 47
30 31 78 60
34 35 84 51
(1585, 1683)

Arvore 33
0 12 82 83
1 2 38 57
1 13 75 53
2 3 53 59
2 14 37 32
3 15 25 25
4 5 73 65
5 6 39 62
5 17 26 54
7 8 23 19
8 9 7 34
8 20 44 53
9 10 91 57
11 23 77 80
12 13 46 37
13 25 34 49
14 26 18 11
15 16 3 34
16 17 72 43
16 28 26 40
18 30 23 49
19 31 1 17
20 21 0 26
20 32 63 65
21 22 30 32
21 33 27 55
22 23 50 48
22 34 62 54
24 25 85 71
26 27 65 57
28 29 16 21
29 30 52 47
30 31 78 60
31 32 72 56
34 35 84 51
(1597, 1656)

Arvore 34
0 12 82 83
1 2 38 57
1 13 75 53
2 3 53 59
2 14 37 32
3 15 25 25
4 5 73 65
5 6 39 62
5 17 26 54
7 8 23 19
8 9 7 34
8 20 44 53
10 22 85 81
11 23 77 80
12 13 46 37
13 25 34 49
14 26 18 11
15 16 3 34
16 17 72 43
16 28 26 40
18 30 23 49
19 31 1 17
20 21 0 26
20 32 63 65
21 22 30 32
21 33 27 55
22 23 50 48
22 34 62 54
24 25 85 71
26 27 65 57
28 29 16 21
29 30 52 47
30 31 78 60
31 32 72 56
34 35 84 51
(1591, 1680)

Arvore 35
0 12 82 83
1 2 38 57
1 13 75 53
2 3 53 59
2 14 37 32
3 15 25 25
4 5 73 65
5 6 39 62
5 17 26 54
7 8 23 19
8 9 7 34
8 20 44 53
9 10 91 57
11 23 77 80
12 13 46 37
13 25 34 49
14 26 18 11
15 16 3 34
16 17 72 43
16 28 26 40
18 30 23 49
19 20 66 59
19 31 1 17
20 21 0 26
21 22 30 32
21 33 27 55
22 23 50 48
22 34 62 54
24 25 85 71
26 27 65 57
28 29 16 21
29 30 52 47
30 31 78 60
31 32 72 56
34 35 84 51
(1600, 1650)

Arvore 36
0 12 82 83
1 2 38 57
1 13 75 53
2 3 53 59
2 14 37 32
3 15 25 25
4 5 73 65
5 6 39 62
5 17 26 54
7 8 23 19
8 9 7 34
8 20 44 53
10 22 85 81
11 23 77 80
12 13 46 37
13 25 34 49
14 26 18 11
15 16 3 34
16 17 72 43
16 28 26 40
18 30 23 49
19 20 66 59
19 31 1 17
20 21 0 26
21 22 30 32
21 33 27 55
22 23 50 48
22 34 62 54
24 25 85 71
26 27 65 57
28 29 16 21
29 30 52 47
30 31 78 60
31 32 72 56
34 35 84 51
(1594, 1674)

Arvore 37
0 12 82 83
1 2 38 57
1 13 75 53
2 3 53 59
2 14 37 32
3 15 25 25
4 5 73 65
5 6 39 62
5 17 26 54
7 8 23 19
7 19 59 68
8 9 7 34
8 20 44 53
9 10 91 57
11 23 77 80
12 13 46 37
13 25 34 49
14 26 18 11
15 16 3 34
16 28 26 40
17 29 47 53
18 19 45 66
18 30 23 49
19 31 1 17
20 21 0 26
20 32 63 65
21 22 30 32
21 33 27 55
22 23 50 48
22 34 62 54
24 25 85 71
26 27 65 57
28 29 16 21
29 30 52 47
34 35 84 51
(1526, 1684)

Arvore 38
0 12 82 83
1 2 38 57
1 13 75 53
2 3 53 59
2 14 37 32
3 15 25 25
4 5 73 65
5 6 39 62
5 17 26 54
7 8 23 19
7 19 59 68
8 9 7 34
8 20 44 53
10 22 85 81
11 23 77 80
12 13 46 37
13 25 34 49
14 26 18 11
15 16 3 34
16 28 26 40
17 29 47 53
18 19 45 66
18 30 23 49
19 31 1 17
20 21 0 26
20 32 63 65
21 22 30 32
21 33 27 55
22 23 50 48
22 34 62 54
24 25 85 71
26 27 65 57
28 29 16 21
29 30 52 47
34 35 84 51
(1520, 1708)

Arvore 39
0 12 82 83
1 2 38 57
1 13 75 53
2 3 53 59
2 14 37 32
3 15 25 25
4 5 73 65
5 6 39 62
5 17 26 54
7 8 23 19
7 19 59 68
8 9 7 34
8 20 44 53
9 10 91 57
11 23 77 80
12 13 46 37
13 25 34 49
14 26 18 11
15 16 3 34
16 28 26 40
17 29 47 53
18 19 45 66
18 30 23 49
19 31 1 17
20 21 0 26
21 22 30 32
21 33 27 55
22 23 50 48
22 34 62 54
24 25 85 71
26 27 65 57
28 29 16 21
29 30 52 47
31 32 72 56
34 35 84 51
(1535, 1675)

Arvore 40
0 12 82 83
1 2 38 57
1 13 75 53
2 3 53 59
2 14 37 32
3 15 25 25
4 5 73 65
5 6 39 62
5 17 26 54
7 8 23 19
7 19 59 68
8 9 7 34
8 20 44 53
10 22 85 81
11 23 77 80
12 13 46 37
13 25 34 49
14 26 18 11
15 16 3 34
16 28 26 40
17 29 47 53
18 19 45 66
18 30 23 49
19 31 1 17
20 21 0 26
21 22 30 32
21 33 27 55
22 23 50 48
22 34 62 54
24 25 85 71
26 27 65 57
28 29 16 21
29 30 52 47
31 32 72 56
34 35 84 51
(1529, 1699)

Arvore 41
0 12 82 83
1 2 38 57
1 13 75 53
2 3 53 59
2 14 37 32
3 15 25 25
4 5 73 65
5 6 39 62
5 17 26 54
7 8 23 19
8 9 7 34
8 20 44 53
9 10 91 57
11 23 77 80
12 13 46 37
13 25 34 49
14 26 18 11
15 16 3 34
16 28 26 40
17 29 47 53
18 19 45 66
18 30 23 49
19 20 66 59
19 31 1 17
20 21 0 26
20 32 63 65
21 22 30 32
21 33 27 55
22 23 50 48
22 34 62 54
24 25 85 71
26 27 65 57
28 29 16 21
29 30 52 47
34 35 84 51
(1533, 1675)

Arvore 42
0 12 82 83
1 2 38 57
1 13 75 53
2 3 53 59
2 14 37 32
3 15 25 25
4 5 73 65
5 6 39 62
5 17 26 54
7 8 23 19
8 9 7 34
8 20 44 53
10 22 85 81
11 23 77 80
12 13 46 37
13 25 34 49
14 26 18 11
15 16 3 34
16 28 26 40
17 29 47 53
18 19 45 66
18 30 23 49
19 20 66 59
19 31 1 17
20 21 0 26
20 32 63 65
21 22 30 32
21 33 27 55
22 23 50 48
22 34 62 54
24 25 85 71
26 27 65 57
28 29 16 21
29 30 52 47
34 35 84 51
(1527, 1699)

Arvore 43
0 12 82 83
1 2 38 57
1 13 75 53
2 3 53 59
2 14 37 32
3 15 25 25
4 5 73 65
5 6 39 62
5 17 26 54
7 8 23 19
8 9 7 34
8 20 44 53
9 10 91 57
11 23 77 80
12 13 46 37
13 25 34 49
14 26 18 11
15 16 3 34
16 28 26 40
17 29 47 53
18 19 45 66
18 30 23 49
19 31 1 17
20 21 0 26
20 32 63 65
21 22 30 32
21 33 27 55
22 23 50 48
22 34 62 54
24 25 85 71
26 27 65 57
28 29 16 21
29 30 52 47
31 32 72 56
34 35 84 51
(1539, 1672)

Arvore 44
0 12 82 83
1 2 38 57
1 13 75 53
2 3 53 59
2 14 37 32
3 15 25 25
4 5 73 65
5 6 39 62
5 17 26 54
7 8 23 19
8 9 7 34
8 20 44 53
10 22 85 81
11 23 77 80
12 13 46 37
13 25 34 49
14 26 18 11
15 16 3 34
16 28 26 40
17 29 47 53
18 19 45 66
18 30 23 49
19 31 1 17
20 21 0 26
20 32 63 65
21 22 30 32
21 33 27 55
22 23 50 48
22 34 62 54
24 25 85 71
26 27 65 57
28 29 16 21
29 30 52 47
31 32 72 56
34 35 84 51
(1533, 1696)

Arvore 45
0 12 82 83
1 2 38 57
1 13 75 53
2 3 53 59
2 14 37 32
3 15 25 25
4 5 73 65
5 6 39 62
5 17 26 54
7 8 23 19
8 9 7 34
8 20 44 53
9 10 91 57
11 23 77 80
12 13 46 37
13 25 34 49
14 26 18 11
15 16 3 34
16 28 26 40
17 29 47 53
18 19 45 66
18 30 23 49
19 20 66 59
19 31 1 17
20 21 0 26
21 22 30 32
21 33 27 55
22 23 50 48
22 34 62 54
24 25 85 71
26 27 65 57
28 29 16 21
29 30 52 47
31 32 72 56
34 35 84 51
(1542, 1666)

Arvore 46
0 12 82 83
1 2 38 57
1 13 75 53
2 3 53 59
2 14 37 32
3 15 25 25
4 5 73 65
5 6 39 62
5 17 26 54
7 8 23 19
8 9 7 34
8 20 44 53
10 22 85 81
11 23 77 80
12 13 46 37
13 25 34 49
14 26 18 11
15 16 3 34
16 28 26 40
17 29 47 53
18 19 45 66
18 30 23 49
19 20 66 59
19 31 1 17
20 21 0 26
21 22 30 32
21 33 27 55
22 23 50 48
22 34 62 54
24 25 85 71
26 27 65 57
28 29 16 21
29 30 52 47
31 32 72 56
34 35 84 51
(1536, 1690)

Arvore 47
0 12 82 83
1 2 38 57
2 3 53 59
2 14 37 32
3 15 25 25
4 5 73 65
5 6 39 62
5 17 26 54
7 8 23 19
7 19 59 68
8 9 7 34
8 20 44 53
9 10 91 57
11 23 77 80
12 13 46 37
13 25 34 49
14 26 18 11
15 16 3 34
16 28 26 40
17 29 47 53
18 19 45 66
18 30 23 49
19 31 1 17
20 21 0 26
20 32 63 65
21 22 30 32
21 33 27 55
22 23 50 48
22 34 62 54
24 25 85 71
25 26 63 77
26 27 65 57
28 29 16 21
29 30 52 47
34 35 84 51
(1514, 1708)

Arvore 48
0 12 82 83
1 2 38 57
2 3 53 59
2 14 37 32
3 15 25 25
4 5 73 65
5 6 39 62
5 17 26 54
7 8 23 19
7 19 59 68
8 9 7 34
8 20 44 53
10 22 85 81
11 23 77 80
12 13 46 37
13 25 34 49
14 26 18 11
15 16 3 34
16 28 26 40
17 29 47 53
18 19 45 66
18 30 23 49
19 31 1 17
20 21 0 26
20 32 63 65
21 22 30 32
21 33 27 55
22 23 50 48
22 34 62 54
24 25 85 71
25 26 63 77
26 27 65 57
28 29 16 21
29 30 52 47
34 35 84 51
(1508, 1732)

Arvore 49
0 12 82 83
1 2 38 57
2 3 53 59
2 14 37 32
3 15 25 25
4 5 73 65
5 6 39 62
5 17 26 54
7 8 23 19
7 19 59 68
8 9 7 34
8 20 44 53
9 10 91 57
11 23 77 80
12 13 46 37
13 14 67 76
13 25 34 49
14 26 18 11
15 16 3 34
16 28 26 40
17 29 47 53
18 19 45 66
18 30 23 49
19 31 1 17
20 21 0 26
20 32 63 65
21 22 30 32
21 33 27 55
22 23 50 48
22 34 62 54
24 25 85 71
26 27 65 57
28 29 16 21
29 30 52 47
34 35 84 51
(1518, 1707)

Arvore 50
0 12 82 83
1 2 38 57
2 3 53 59
2 14 37 32
3 15 25 25
4 5 73 65
5 6 39 62
5 17 26 54
7 8 23 19
7 19 59 68
8 9 7 34
8 20 44 53
10 22 85 81
11 23 77 80
12 13 46 37
13 14 67 76
13 25 34 49
14 26 18 11
15 16 3 34
16 28 26 40
17 29 47 53
18 19 45 66
18 30 23 49
19 31 1 17
20 21 0 26
20 32 63 65
21 22 30 32
21 33 27 55
22 23 50 48
22 34 62 54
24 25 85 71
26 27 65 57
28 29 16 21
29 30 52 47
34 35 84 51
(1512, 1731)

Arvore 51
0 12 82 83
1 2 38 57
2 3 53 59
2 14 37 32
3 15 25 25
4 5 73 65
5 6 39 62
5 17 26 54
7 8 23 19
7 19 59 68
8 9 7 34
8 20 44 53
9 10 91 57
11 23 77 80
12 13 46 37
13 14 67 76
13 25 34 49
14 26 18 11
15 16 3 34
16 28 26 40
17 29 47 53
18 19 45 66
18 30 23 49
19 31 1 17
20 21 0 26
21 22 30 32
21 33 27 55
22 23 50 48
22 34 62 54
24 25 85 71
26 27 65 57
28 29 16 21
29 30 52 47
31 32 72 56
34 35 84 51
(1527, 1698)

Arvore 52
0 12 82 83
1 2 38 57
2 3 53 59
2 14 37 32
3 15 25 25
4 5 73 65
5 6 39 62
5 17 26 54
7 8 23 19
7 19 59 68
8 9 7 34
8 20 44 53
10 22 85 81
11 23 77 80
12 13 46 37
13 14 67 76
13 25 34 49
14 26 18 11
15 16 3 34
16 28 26 40
17 29 47 53
18 19 45 66
18 30 23 49
19 31 1 17
20 21 0 26
21 22 30 32
21 33 27 55
22 23 50 48
22 34 62 54
24 25 85 71
26 27 65 57
28 29 16 21
29 30 52 47
31 32 72 56
34 35 84 51
(1521, 1722)

Arvore 53
0 12 82 83
1 2 38 57
2 3 53 59
2 14 37 32
3 15 25 25
4 5 73 65
5 6 39 62
5 17 26 54
7 8 23 19
7 19 59 68
8 9 7 34
8 20 44 53
9 10 91 57
11 23 77 80
12 13 46 37
13 25 34 49
14 26 18 11
15 16 3 34
16 28 26 40
17 29 47 53
18 19 45 66
18 30 23 49
19 31 1 17
20 21 0 26
21 22 30 32
21 33 27 55
22 23 50 48
22 34 62 54
24 25 85 71
25 26 63 77
26 27 65 57
28 29 16 21
29 30 52 47
31 32 72 56
34 35 84 51
(1523, 1699)

Arvore 54
0 12 82 83
1 2 38 57
2 3 53 59
2 14 37 32
3 15 25 25
4 5 73 65
5 6 39 62
5 17 26 54
7 8 23 19
7 19 59 68
8 9 7 34
8 20 44 53
10 22 85 81
11 23 77 80
12 13 46 37
13 25 34 49
14 26 18 11
15 16 3 34
16 28 26 40
17 29 47 53
18 19 45 66
18 30 23 49
19 31 1 17
20 21 0 26
21 22 30 32
21 33 27 55
22 23 50 48
22 34 62 54
24 25 85 71
25 26 63 77
26 27 65 57
28 29 16 21
29 30 52 47
31 32 72 56
34 35 84 51
(1517, 1723)

Arvore 55
0 12 82 83
1 2 38 57
2 3 53 59
2 14 37 32
3 15 25 25
4 5 73 65
5 6 39 62
5 17 26 54
7 8 23 19
8 9 7 34
8 20 44 53
9 10 91 57
11 23 77 80
12 13 46 37
13 14 67 76
13 25 34 49
14 26 18 11
15 16 3 34
16 28 26 40
17 29 47 53
18 19 45 66
18 30 23 49
19 20 66 59
19 31 1 17
20 21 0 26
20 32 63 65
21 22 30 32
21 33 27 55
22 23 50 48
22 34 62 54
24 25 85 71
26 27 65 57
28 29 16 21
29 30 52 47
34 35 84 51
(1525, 1698)

Arvore 56
0 12 82 83
1 2 38 57
2 3 53 59
2 14 37 32
3 15 25 25
4 5 73 65
5 6 39 62
5 17 26 54
7 8 23 19
8 9 7 34
8 20 44 53
10 22 85 81
11 23 77 80
12 13 46 37
13 14 67 76
13 25 34 49
14 26 18 11
15 16 3 34
16 28 26 40
17 29 47 53
18 19 45 66
18 30 23 49
19 20 66 59
19 31 1 17
20 21 0 26
20 32 63 65
21 22 30 32
21 33 27 55
22 23 50 48
22 34 62 54
24 25 85 71
26 27 65 57
28 29 16 21
29 30 52 47
34 35 84 51
(1519, 1722)

Arvore 57
0 12 82 83
1 2 38 57
2 3 53 59
2 14 37 32
3 15 25 25
4 5 73 65
5 6 39 62
5 17 26 54
7 8 23 19
8 9 7 34
8 20 44 53
9 10 91 57
11 23 77 80
12 13 46 37
13 25 34 49
14 26 18 11
15 16 3 34
16 28 26 40
17 29 47 53
18 19 45 66
18 30 23 49
19 20 66 59
19 31 1 17
20 21 0 26
20 32 63 65
21 22 30 32
21 33 27 55
22 23 50 48
22 34 62 54
24 25 85 71
25 26 63 77
26 27 65 57
28 29 16 21
29 30 52 47
34 35 84 51
(1521, 1699)

Arvore 58
0 12 82 83
1 2 38 57
2 3 53 59
2 14 37 32
3 15 25 25
4 5 73 65
5 6 39 62
5 17 26 54
7 8 23 19
8 9 7 34
8 20 44 53
10 22 85 81
11 23 77 80
12 13 46 37
13 25 34 49
14 26 18 11
15 16 3 34
16 28 26 40
17 29 47 53
18 19 45 66
18 30 23 49
19 20 66 59
19 31 1 17
20 21 0 26
20 32 63 65
21 22 30 32
21 33 27 55
22 23 50 48
22 34 62 54
24 25 85 71
25 26 63 77
26 27 65 57
28 29 16 21
29 30 52 47
34 35 84 51
(1515, 1723)

Arvore 59
0 12 82 83
1 2 38 57
2 3 53 59
2 14 37 32
3 15 25 25
4 5 73 65
5 6 39 62
5 17 26 54
7 8 23 19
8 9 7 34
8 20 44 53
9 10 91 57
11 23 77 80
12 13 46 37
13 14 67 76
13 25 34 49
14 26 18 11
15 16 3 34
16 28 26 40
17 29 47 53
18 19 45 66
18 30 23 49
19 31 1 17
20 21 0 26
20 32 63 65
21 22 30 32
21 33 27 55
22 23 50 48
22 34 62 54
24 25 85 71
26 27 65 57
28 29 16 21
29 30 52 47
31 32 72 56
34 35 84 51
(1531, 1695)

Arvore 60
0 12 82 83
1 2 38 57
2 3 53 59
2 14 37 32
3 15 25 25
4 5 73 65
5 6 39 62
5 17 26 54
7 8 23 19
8 9 7 34
8 20 44 53
10 22 85 81
11 23 77 80
12 13 46 37
13 14 67 76
13 25 34 49
14 26 18 11
15 16 3 34
16 28 26 40
17 29 47 53
18 19 45 66
18 30 23 49
19 31 1 17
20 21 0 26
20 32 63 65
21 22 30 32
21 33 27 55
22 23 50 48
22 34 62 54
24 25 85 71
26 27 65 57
28 29 16 21
29 30 52 47
31 32 72 56
34 35 84 51
(1525, 1719)

Arvore 61
0 12 82 83
1 2 38 57
2 3 53 59
2 14 37 32
3 15 25 25
4 5 73 65
5 6 39 62
5 17 26 54
7 8 23 19
8 9 7 34
8 20 44 53
9 10 91 57
11 23 77 80
12 13 46 37
13 25 34 49
14 26 18 11
15 16 3 34
16 28 26 40
17 29 47 53
18 19 45 66
18 30 23 49
19 31 1 17
20 21 0 26
20 32 63 65
21 22 30 32
21 33 27 55
22 23 50 48
22 34 62 54
24 25 85 71
25 26 63 77
26 27 65 57
28 29 16 21
29 30 52 47
31 32 72 56
34 35 84 51
(1527, 1696)

Arvore 62
0 12 82 83
1 2 38 57
2 3 53 59
2 14 37 32
3 15 25 25
4 5 73 65
5 6 39 62
5 17 26 54
7 8 23 19
8 9 7 34
8 20 44 53
10 22 85 81
11 23 77 80
12 13 46 37
13 25 34 49
14 26 18 11
15 16 3 34
16 28 26 40
17 29 47 53
18 19 45 66
18 30 23 49
19 31 1 17
20 21 0 26
20 32 63 65
21 22 30 32
21 33 27 55
22 23 50 48
22 34 62 54
24 25 85 71
25 26 63 77
26 27 65 57
28 29 16 21
29 30 52 47
31 32 72 56
34 35 84 51
(1521, 1720)

Arvore 63
0 12 82 83
1 2 38 57
2 3 53 59
2 14 37 32
3 15 25 25
4 5 73 65
5 6 39 62
5 17 26 54
7 8 23 19
8 9 7 34
8 20 44 53
9 10 91 57
11 23 77 80
12 13 46 37
13 14 67 76
13 25 34 49
14 26 18 11
15 16 3 34
16 28 26 40
17 29 47 53
18 19 45 66
18 30 23 49
19 20 66 59
19 31 1 17
20 21 0 26
21 22 30 32
21 33 27 55
22 23 50 48
22 34 62 54
24 25 85 71
26 27 65 57
28 29 16 21
29 30 52 47
31 32 72 56
34 35 84 51
(1534, 1689)

Arvore 64
0 12 82 83
1 2 38 57
2 3 53 59
2 14 37 32
3 15 25 25
4 5 73 65
5 6 39 62
5 17 26 54
7 8 23 19
8 9 7 34
8 20 44 53
10 22 85 81
11 23 77 80
12 13 46 37
13 14 67 76
13 25 34 49
14 26 18 11
15 16 3 34
16 28 26 40
17 29 47 53
18 19 45 66
18 30 23 49
19 20 66 59
19 31 1 17
20 21 0 26
21 22 30 32
21 33 27 55
22 23 50 48
22 34 62 54
24 25 85 71
26 27 65 57
28 29 16 21
29 30 52 47
31 32 72 56
34 35 84 51
(1528, 1713)

Arvore 65
0 12 82 83
1 2 38 57
2 3 53 59
2 14 37 32
3 15 25 25
4 5 73 65
5 6 39 62
5 17 26 54
7 8 23 19
8 9 7 34
8 20 44 53
9 10 91 57
11 23 77 80
12 13 46 37
13 25 34 49
14 26 18 11
15 16 3 34
16 28 26 40
17 29 47 53
18 19 45 66
18 30 23 49
19 20 66 59
19 31 1 17
20 21 0 26
21 22 30 32
21 33 27 55
22 23 50 48
22 34 62 54
24 25 85 71
25 26 63 77
26 27 65 57
28 29 16 21
29 30 52 47
31 32 72 56
34 35 84 51
(1530, 1690)

Arvore 66
0 12 82 83
1 2 38 57
2 3 53 59
2 14 37 32
3 15 25 25
4 5 73 65
5 6 39 62
5 17 26 54
7 8 23 19
8 9 7 34
8 20 44 53
10 22 85 81
11 23 77 80
12 13 46 37
13 25 34 49
14 26 18 11
15 16 3 34
16 28 26 40
17 29 47 53
18 19 45 66
18 30 23 49
19 20 66 59
19 31 1 17
20 21 0 26
21 22 30 32
21 33 27 55
22 23 50 48
22 34 62 54
24 25 85 71
25 26 63 77
26 27 65 57
28 29 16 21
29 30 52 47
31 32 72 56
34 35 84 51
(1524, 1714)

Arvore 67
0 12 82 83
1 2 38 57
1 13 75 53
2 3 53 59
2 14 37 32
3 15 25 25
4 5 73 65
5 6 39 62
5 17 26 54
7 8 23 19
8 9 7 34
8 20 44 53
9 10 91 57
11 23 77 80
12 13 46 37
13 25 34 49
14 26 18 11
15 16 3 34
16 28 26 40
17 29 47 53
18 30 23 49
19 20 66 59
19 31 1 17
20 21 0 26
20 32 63 65
21 22 30 32
21 33 27 55
22 23 50 48
22 34 62 54
24 25 85 71
26 27 65 57
28 29 16 21
29 30 52 47
30 31 78 60
34 35 84 51
(1566, 1669)

Arvore 68
0 12 82 83
1 2 38 57
1 13 75 53
2 3 53 59
2 14 37 32
3 15 25 25
4 5 73 65
5 6 39 62
5 17 26 54
7 8 23 19
8 9 7 34
8 20 44 53
10 22 85 81
11 23 77 80
12 13 46 37
13 25 34 49
14 26 18 11
15 16 3 34
16 28 26 40
17 29 47 53
18 30 23 49
19 20 66 59
19 31 1 17
20 21 0 26
20 32 63 65
21 22 30 32
21 33 27 55
22 23 50 48
22 34 62 54
24 25 85 71
26 27 65 57
28 29 16 21
29 30 52 47
30 31 78 60
34 35 84 51
(1560, 1693)

Arvore 69
0 12 82 83
1 2 38 57
1 13 75 53
2 3 53 59
2 14 37 32
3 15 25 25
4 5 73 65
5 6 39 62
5 17 26 54
7 8 23 19
8 9 7 34
8 20 44 53
9 10 91 57
11 23 77 80
12 13 46 37
13 25 34 49
14 26 18 11
15 16 3 34
16 28 26 40
17 29 47 53
18 30 23 49
19 31 1 17
20 21 0 26
20 32 63 65
21 22 30 32
21 33 27 55
22 23 50 48
22 34 62 54
24 25 85 71
26 27 65 57
28 29 16 21
29 30 52 47
30 31 78 60
31 32 72 56
34 35 84 51
(1572, 1666)

Arvore 70
0 12 82 83
1 2 38 57
1 13 75 53
2 3 53 59
2 14 37 32
3 15 25 25
4 5 73 65
5 6 39 62
5 17 26 54
7 8 23 19
8 9 7 34
8 20 44 53
10 22 85 81
11 23 77 80
12 13 46 37
13 25 34 49
14 26 18 11
15 16 3 34
16 28 26 40
17 29 47 53
18 30 23 49
19 31 1 17
20 21 0 26
20 32 63 65
21 22 30 32
21 33 27 55
22 23 50 48
22 34 62 54
24 25 85 71
26 27 65 57
28 29 16 21
29 30 52 47
30 31 78 60
31 32 72 56
34 35 84 51
(1566, 1690)

Arvore 71
0 12 82 83
1 2 38 57
1 13 75 53
2 3 53 59
2 14 37 32
3 15 25 25
4 5 73 65
5 6 39 62
5 17 26 54
7 8 23 19
8 9 7 34
8 20 44 53
9 10 91 57
11 23 77 80
12 13 46 37
13 25 34 49
14 26 18 11
15 16 3 34
16 28 26 40
17 29 47 53
18 30 23 49
19 20 66 59
19 31 1 17
20 21 0 26
21 22 30 32
21 33 27 55
22 23 50 48
22 34 62 54
24 25 85 71
26 27 65 57
28 29 16 21
29 30 52 47
30 31 78 60
31 32 72 56
34 35 84 51
(1575, 1660)

Arvore 72
0 12 82 83
1 2 38 57
1 13 75 53
2 3 53 59
2 14 37 32
3 15 25 25
4 5 73 65
5 6 39 62
5 17 26 54
7 8 23 19
8 9 7 34
8 20 44 53
10 22 85 81
11 23 77 80
12 13 46 37
13 25 34 49
14 26 18 11
15 16 3 34
16 28 26 40
17 29 47 53
18 30 23 49
19 20 66 59
19 31 1 17
20 21 0 26
21 22 30 32
21 33 27 55
22 23 50 48
22 34 62 54
24 25 85 71
26 27 65 57
28 29 16 21
29 30 52 47
30 31 78 60
31 32 72 56
34 35 84 51
(1569, 1684)

