2474
24.74
Arvore 1
0 19 60 45
1 20 60 41
2 21 21 34
3 4 63 61
4 5 15 11
4 23 28 23
5 6 87 54
6 7 52 50
7 8 68 78
7 26 51 40
8 9 55 43
9 10 18 29
9 28 8 34
10 11 78 53
12 31 44 35
13 32 41 43
14 15 53 71
14 33 59 53
15 16 7 20
16 17 32 55
16 35 53 57
17 18 1 12
17 36 41 42
19 20 25 40
20 21 30 29
21 22 25 22
22 23 40 30
23 24 61 63
25 26 62 75
27 28 30 21
28 29 40 44
29 30 74 53
30 31 3 35
31 32 46 54
32 33 12 25
34 35 14 17
36 37 77 74
(1534, 1566)

Arvore 2
0 19 60 45
1 20 60 41
2 21 21 34
3 4 63 61
4 5 15 11
4 23 28 23
5 6 87 54
6 7 52 50
7 26 51 40
8 9 55 43
9 10 18 29
9 28 8 34
10 11 78 53
12 31 44 35
13 32 41 43
14 15 53 71
14 33 59 53
15 16 7 20
16 17 32 55
16 35 53 57
17 18 1 12
17 36 41 42
19 20 25 40
20 21 30 29
21 22 25 22
22 23 40 30
23 24 61 63
25 26 62 75
26 27 88 59
27 28 30 21
28 29 40 44
29 30 74 53
30 31 3 35
31 32 46 54
32 33 12 25
34 35 14 17
36 37 77 74
(1554, 1547)

Arvore 3
0 19 60 45
1 20 60 41
2 21 21 34
3 4 63 61
4 5 15 11
4 23 28 23
5 6 87 54
6 7 52 50
6 25 93 59
7 26 51 40
8 9 55 43
9 10 18 29
9 28 8 34
10 11 78 53
12 31 44 35
13 32 41 43
14 15 53 71
14 33 59 53
15 16 7 20
16 17 32 55
16 35 53 57
17 18 1 12
17 36 41 42
19 20 25 40
20 21 30 29
21 22 25 22
22 23 40 30
23 24 61 63
26 27 88 59
27 28 30 21
28 29 40 44
29 30 74 53
30 31 3 35
31 32 46 54
32 33 12 25
34 35 14 17
36 37 77 74
(1585, 1531)

Arvore 4
0 19 60 45
1 20 60 41
2 21 21 34
3 4 63 61
4 5 15 11
4 23 28 23
6 7 52 50
7 8 68 78
7 26 51 40
8 9 55 43
9 10 18 29
9 28 8 34
10 11 78 53
12 31 44 35
13 32 41 43
14 15 53 71
14 33 59 53
15 16 7 20
16 17 32 55
16 35 53 57
17 18 1 12
17 36 41 42
19 20 25 40
20 21 30 29
21 22 25 22
22 23 40 30
23 24 61 63
24 25 85 85
25 26 62 75
27 28 30 21
28 29 40 44
29 30 74 53
30 31 3 35
31 32 46 54
32 33 12 25
34 35 14 17
36 37 77 74
(1532, 1597)

Arvore 5
0 19 60 45
1 20 60 41
2 21 21 34
3 4 63 61
4 5 15 11
4 23 28 23
5 6 87 54
6 7 52 50
7 8 68 78
7 26 51 40
8 9 55 43
9 10 18 29
9 28 8 34
10 11 78 53
12 31 44 35
13 32 41 43
14 33 59 53
15 16 7 20
16 17 32 55
16 35 53 57
17 18 1 12
17 36 41 42
19 20 25 40
20 21 30 29
21 22 25 22
22 23 40 30
23 24 61 63
25 26 62 75
27 28 30 21
28 29 40 44
29 30 74 53
30 31 3 35
31 32 46 54
32 33 12 25
33 34 80 54
34 35 14 17
36 37 77 74
(1561, 1549)

Arvore 6
0 19 60 45
1 20 60 41
2 21 21 34
3 4 63 61
4 5 15 11
4 23 28 23
5 6 87 54
6 7 52 50
7 26 51 40
8 9 55 43
9 10 18 29
9 28 8 34
10 11 78 53
12 31 44 35
13 32 41 43
14 33 59 53
15 16 7 20
16 17 32 55
16 35 53 57
17 18 1 12
17 36 41 42
19 20 25 40
20 21 30 29
21 22 25 22
22 23 40 30
23 24 61 63
25 26 62 75
26 27 88 59
27 28 30 21
28 29 40 44
29 30 74 53
30 31 3 35
31 32 46 54
32 33 12 25
33 34 80 54
34 35 14 17
36 37 77 74
(1581, 1530)

Arvore 7
0 19 60 45
1 20 60 41
2 21 21 34
3 4 63 61
4 5 15 11
4 23 28 23
5 6 87 54
6 7 52 50
6 25 93 59
7 26 51 40
8 9 55 43
9 10 18 29
9 28 8 34
10 11 78 53
12 31 44 35
13 32 41 43
14 33 59 53
15 16 7 20
16 17 32 55
16 35 53 57
17 18 1 12
17 36 41 42
19 20 25 40
20 21 30 29
21 22 25 22
22 23 40 30
23 24 61 63
26 27 88 59
27 28 30 21
28 29 40 44
29 30 74 53
30 31 3 35
31 32 46 54
32 33 12 25
33 34 80 54
34 35 14 17
36 37 77 74
(1612, 1514)

Arvore 8
0 19 60 45
1 20 60 41
2 21 21 34
3 4 63 61
4 5 15 11
4 23 28 23
6 7 52 50
7 8 68 78
7 26 51 40
8 9 55 43
9 10 18 29
9 28 8 34
10 11 78 53
12 31 44 35
13 32 41 43
14 33 59 53
15 16 7 20
16 17 32 55
16 35 53 57
17 18 1 12
17 36 41 42
19 20 25 40
20 21 30 29
21 22 25 22
22 23 40 30
23 24 61 63
24 25 85 85
25 26 62 75
27 28 30 21
28 29 40 44
29 30 74 53
30 31 3 35
31 32 46 54
32 33 12 25
33 34 80 54
34 35 14 17
36 37 77 74
(1559, 1580)

Arvore 9
0 19 60 45
1 20 60 41
2 21 21 34
3 4 63 61
4 5 15 11
4 23 28 23
5 6 87 54
6 7 52 50
7 8 68 78
7 26 51 40
8 9 55 43
9 10 18 29
9 28 8 34
10 11 78 53
12 31 44 35
13 32 41 43
14 33 59 53
15 16 7 20
16 17 32 55
17 18 1 12
17 36 41 42
19 20 25 40
20 21 30 29
21 22 25 22
22 23 40 30
23 24 61 63
25 26 62 75
27 28 30 21
28 29 40 44
29 30 74 53
30 31 3 35
31 32 46 54
32 33 12 25
33 34 80 54
34 35 14 17
35 36 87 53
36 37 77 74
(1595, 1545)

Arvore 10
0 19 60 45
1 20 60 41
2 21 21 34
3 4 63 61
4 5 15 11
4 23 28 23
5 6 87 54
6 7 52 50
7 26 51 40
8 9 55 43
9 10 18 29
9 28 8 34
10 11 78 53
12 31 44 35
13 32 41 43
14 33 59 53
15 16 7 20
16 17 32 55
17 18 1 12
17 36 41 42
19 20 25 40
20 21 30 29
21 22 25 22
22 23 40 30
23 24 61 63
25 26 62 75
26 27 88 59
27 28 30 21
28 29 40 44
29 30 74 53
30 31 3 35
31 32 46 54
32 33 12 25
33 34 80 54
34 35 14 17
35 36 87 53
36 37 77 74
(1615, 1526)

Arvore 11
0 19 60 45
1 20 60 41
2 21 21 34
3 4 63 61
4 5 15 11
4 23 28 23
5 6 87 54
6 7 52 50
6 25 93 59
7 26 51 40
8 9 55 43
9 10 18 29
9 28 8 34
10 11 78 53
12 31 44 35
13 32 41 43
14 33 59 53
15 16 7 20
16 17 32 55
17 18 1 12
17 36 41 42
19 20 25 40
20 21 30 29
21 22 25 22
22 23 40 30
23 24 61 63
26 27 88 59
27 28 30 21
28 29 40 44
29 30 74 53
30 31 3 35
31 32 46 54
32 33 12 25
33 34 80 54
34 35 14 17
35 36 87 53
36 37 77 74
(1646, 1510)

Arvore 12
0 19 60 45
1 20 60 41
2 21 21 34
3 4 63 61
4 5 15 11
4 23 28 23
6 7 52 50
7 8 68 78
7 26 51 40
8 9 55 43
9 10 18 29
9 28 8 34
10 11 78 53
12 31 44 35
13 32 41 43
14 33 59 53
15 16 7 20
16 17 32 55
17 18 1 12
17 36 41 42
19 20 25 40
20 21 30 29
21 22 25 22
22 23 40 30
23 24 61 63
24 25 85 85
25 26 62 75
27 28 30 21
28 29 40 44
29 30 74 53
30 31 3 35
31 32 46 54
32 33 12 25
33 34 80 54
34 35 14 17
35 36 87 53
36 37 77 74
(1593, 1576)

Arvore 13
0 19 60 45
1 20 60 41
2 21 21 34
3 4 63 61
4 5 15 11
4 23 28 23
5 6 87 54
6 7 52 50
7 8 68 78
7 26 51 40
8 9 55 43
9 10 18 29
9 28 8 34
10 11 78 53
12 31 44 35
13 32 41 43
14 15 53 71
14 33 59 53
15 16 7 20
16 17 32 55
17 18 1 12
17 36 41 42
19 20 25 40
20 21 30 29
21 22 25 22
22 23 40 30
23 24 61 63
25 26 62 75
27 28 30 21
28 29 40 44
29 30 74 53
30 31 3 35
31 32 46 54
32 33 12 25
34 35 14 17
35 36 87 53
36 37 77 74
(1568, 1562)

Arvore 14
0 19 60 45
1 20 60 41
2 21 21 34
3 4 63 61
4 5 15 11
4 23 28 23
5 6 87 54
6 7 52 50
7 26 51 40
8 9 55 43
9 10 18 29
9 28 8 34
10 11 78 53
12 31 44 35
13 32 41 43
14 15 53 71
14 33 59 53
15 16 7 20
16 17 32 55
17 18 1 12
17 36 41 42
19 20 25 40
20 21 30 29
21 22 25 22
22 23 40 30
23 24 61 63
25 26 62 75
26 27 88 59
27 28 30 21
28 29 40 44
29 30 74 53
30 31 3 35
31 32 46 54
32 33 12 25
34 35 14 17
35 36 87 53
36 37 77 74
(1588, 1543)

Arvore 15
0 19 60 45
1 20 60 41
2 21 21 34
3 4 63 61
4 5 15 11
4 23 28 23
5 6 87 54
6 7 52 50
6 25 93 59
7 26 51 40
8 9 55 43
9 10 18 29
9 28 8 34
10 11 78 53
12 31 44 35
13 32 41 43
14 15 53 71
14 33 59 53
15 16 7 20
16 17 32 55
17 18 1 12
17 36 41 42
19 20 25 40
20 21 30 29
21 22 25 22
22 23 40 30
23 24 61 63
26 27 88 59
27 28 30 21
28 29 40 44
29 30 74 53
30 31 3 35
31 32 46 54
32 33 12 25
34 35 14 17
35 36 87 53
36 37 77 74
(1619, 1527)

Arvore 16
0 19 60 45
1 20 60 41
2 21 21 34
3 4 63 61
4 5 15 11
4 23 28 23
6 7 52 50
7 8 68 78
7 26 51 40
8 9 55 43
9 10 18 29
9 28 8 34
10 11 78 53
12 31 44 35
13 32 41 43
14 15 53 71
14 33 59 53
15 16 7 20
16 17 32 55
17 18 1 12
17 36 41 42
19 20 25 40
20 21 30 29
21 22 25 22
22 23 40 30
23 24 61 63
24 25 85 85
25 26 62 75
27 28 30 21
28 29 40 44
29 30 74 53
30 31 3 35
31 32 46 54
32 33 12 25
34 35 14 17
35 36 87 53
36 37 77 74
(1566, 1593)

Arvore 17
0 19 60 45
1 20 60 41
2 21 21 34
3 4 63 61
4 5 15 11
4 23 28 23
5 6 87 54
6 7 52 50
7 8 68 78
7 26 51 40
8 9 55 43
9 10 18 29
9 28 8 34
11 30 76 56
12 31 44 35
13 32 41 43
14 15 53 71
14 33 59 53
15 16 7 20
16 17 32 55
16 35 53 57
17 18 1 12
17 36 41 42
19 20 25 40
20 21 30 29
21 22 25 22
22 23 40 30
23 24 61 63
25 26 62 75
27 28 30 21
28 29 40 44
29 30 74 53
30 31 3 35
31 32 46 54
32 33 12 25
34 35 14 17
36 37 77 74
(1532, 1569)

Arvore 18
0 19 60 45
1 20 60 41
2 21 21 34
3 4 63 61
4 5 15 11
4 23 28 23
5 6 87 54
6 7 52 50
7 26 51 40
8 9 55 43
9 10 18 29
9 28 8 34
11 30 76 56
12 31 44 35
13 32 41 43
14 15 53 71
14 33 59 53
15 16 7 20
16 17 32 55
16 35 53 57
17 18 1 12
17 36 41 42
19 20 25 40
20 21 30 29
21 22 25 22
22 23 40 30
23 24 61 63
25 26 62 75
26 27 88 59
27 28 30 21
28 29 40 44
29 30 74 53
30 31 3 35
31 32 46 54
32 33 12 25
34 35 14 17
36 37 77 74
(1552, 1550)

Arvore 19
0 19 60 45
1 20 60 41
2 21 21 34
3 4 63 61
4 5 15 11
4 23 28 23
5 6 87 54
6 7 52 50
6 25 93 59
7 26 51 40
8 9 55 43
9 10 18 29
9 28 8 34
11 30 76 56
12 31 44 35
13 32 41 43
14 15 53 71
14 33 59 53
15 16 7 20
16 17 32 55
16 35 53 57
17 18 1 12
17 36 41 42
19 20 25 40
20 21 30 29
21 22 25 22
22 23 40 30
23 24 61 63
26 27 88 59
27 28 30 21
28 29 40 44
29 30 74 53
30 31 3 35
31 32 46 54
32 33 12 25
34 35 14 17
36 37 77 74
(1583, 1534)

Arvore 20
0 19 60 45
1 20 60 41
2 21 21 34
3 4 63 61
4 5 15 11
4 23 28 23
6 7 52 50
7 8 68 78
7 26 51 40
8 9 55 43
9 10 18 29
9 28 8 34
11 30 76 56
12 31 44 35
13 32 41 43
14 15 53 71
14 33 59 53
15 16 7 20
16 17 32 55
16 35 53 57
17 18 1 12
17 36 41 42
19 20 25 40
20 21 30 29
21 22 25 22
22 23 40 30
23 24 61 63
24 25 85 85
25 26 62 75
27 28 30 21
28 29 40 44
29 30 74 53
30 31 3 35
31 32 46 54
32 33 12 25
34 35 14 17
36 37 77 74
(1530, 1600)

Arvore 21
0 19 60 45
1 20 60 41
2 21 21 34
3 4 63 61
4 5 15 11
4 23 28 23
5 6 87 54
6 7 52 50
7 8 68 78
7 26 51 40
8 9 55 43
9 10 18 29
9 28 8 34
11 30 76 56
12 31 44 35
13 32 41 43
14 33 59 53
15 16 7 20
16 17 32 55
16 35 53 57
17 18 1 12
17 36 41 42
19 20 25 40
20 21 30 29
21 22 25 22
22 23 40 30
23 24 61 63
25 26 62 75
27 28 30 21
28 29 40 44
29 30 74 53
30 31 3 35
31 32 46 54
32 33 12 25
33 34 80 54
34 35 14 17
36 37 77 74
(1559, 1552)

Arvore 22
0 19 60 45
1 20 60 41
2 21 21 34
3 4 63 61
4 5 15 11
4 23 28 23
5 6 87 54
6 7 52 50
7 26 51 40
8 9 55 43
9 10 18 29
9 28 8 34
11 30 76 56
12 31 44 35
13 32 41 43
14 33 59 53
15 16 7 20
16 17 32 55
16 35 53 57
17 18 1 12
17 36 41 42
19 20 25 40
20 21 30 29
21 22 25 22
22 23 40 30
23 24 61 63
25 26 62 75
26 27 88 59
27 28 30 21
28 29 40 44
29 30 74 53
30 31 3 35
31 32 46 54
32 33 12 25
33 34 80 54
34 35 14 17
36 37 77 74
(1579, 1533)

Arvore 23
0 19 60 45
1 20 60 41
2 21 21 34
3 4 63 61
4 5 15 11
4 23 28 23
5 6 87 54
6 7 52 50
6 25 93 59
7 26 51 40
8 9 55 43
9 10 18 29
9 28 8 34
11 30 76 56
12 31 44 35
13 32 41 43
14 33 59 53
15 16 7 20
16 17 32 55
16 35 53 57
17 18 1 12
17 36 41 42
19 20 25 40
20 21 30 29
21 22 25 22
22 23 40 30
23 24 61 63
26 27 88 59
27 28 30 21
28 29 40 44
29 30 74 53
30 31 3 35
31 32 46 54
32 33 12 25
33 34 80 54
34 35 14 17
36 37 77 74
(1610, 1517)

Arvore 24
0 19 60 45
1 20 60 41
2 21 21 34
3 4 63 61
4 5 15 11
4 23 28 23
6 7 52 50
7 8 68 78
7 26 51 40
8 9 55 43
9 10 18 29
9 28 8 34
11 30 76 56
12 31 44 35
13 32 41 43
14 33 59 53
15 16 7 20
16 17 32 55
16 35 53 57
17 18 1 12
17 36 41 42
19 20 25 40
20 21 30 29
21 22 25 22
22 23 40 30
23 24 61 63
24 25 85 85
25 26 62 75
27 28 30 21
28 29 40 44
29 30 74 53
30 31 3 35
31 32 46 54
32 33 12 25
33 34 80 54
34 35 14 17
36 37 77 74
(1557, 1583)

Arvore 25
0 19 60 45
1 20 60 41
2 21 21 34
3 4 63 61
4 5 15 11
4 23 28 23
5 6 87 54
6 7 52 50
7 8 68 78
7 26 51 40
8 9 55 43
9 10 18 29
9 28 8 34
11 30 76 56
12 31 44 35
13 32 41 43
14 33 59 53
15 16 7 20
16 17 32 55
17 18 1 12
17 36 41 42
19 20 25 40
20 21 30 29
21 22 25 22
22 23 40 30
23 24 61 63
25 26 62 75
27 28 30 21
28 29 40 44
29 30 74 53
30 31 3 35
31 32 46 54
32 33 12 25
33 34 80 54
34 35 14 17
35 36 87 53
36 37 77 74
(1593, 1548)

Arvore 26
0 19 60 45
1 20 60 41
2 21 21 34
3 4 63 61
4 5 15 11
4 23 28 23
5 6 87 54
6 7 52 50
7 26 51 40
8 9 55 43
9 10 18 29
9 28 8 34
11 30 76 56
12 31 44 35
13 32 41 43
14 33 59 53
15 16 7 20
16 17 32 55
17 18 1 12
17 36 41 42
19 20 25 40
20 21 30 29
21 22 25 22
22 23 40 30
23 24 61 63
25 26 62 75
26 27 88 59
27 28 30 21
28 29 40 44
29 30 74 53
30 31 3 35
31 32 46 54
32 33 12 25
33 34 80 54
34 35 14 17
35 36 87 53
36 37 77 74
(1613, 1529)

Arvore 27
0 19 60 45
1 20 60 41
2 21 21 34
3 4 63 61
4 5 15 11
4 23 28 23
5 6 87 54
6 7 52 50
6 25 93 59
7 26 51 40
8 9 55 43
9 10 18 29
9 28 8 34
11 30 76 56
12 31 44 35
13 32 41 43
14 33 59 53
15 16 7 20
16 17 32 55
17 18 1 12
17 36 41 42
19 20 25 40
20 21 30 29
21 22 25 22
22 23 40 30
23 24 61 63
26 27 88 59
27 28 30 21
28 29 40 44
29 30 74 53
30 31 3 35
31 32 46 54
32 33 12 25
33 34 80 54
34 35 14 17
35 36 87 53
36 37 77 74
(1644, 1513)

Arvore 28
0 19 60 45
1 20 60 41
2 21 21 34
3 4 63 61
4 5 15 11
4 23 28 23
6 7 52 50
7 8 68 78
7 26 51 40
8 9 55 43
9 10 18 29
9 28 8 34
11 30 76 56
12 31 44 35
13 32 41 43
14 33 59 53
15 16 7 20
16 17 32 55
17 18 1 12
17 36 41 42
19 20 25 40
20 21 30 29
21 22 25 22
22 23 40 30
23 24 61 63
24 25 85 85
25 26 62 75
27 28 30 21
28 29 40 44
29 30 74 53
30 31 3 35
31 32 46 54
32 33 12 25
33 34 80 54
34 35 14 17
35 36 87 53
36 37 77 74
(1591, 1579)

Arvore 29
0 19 60 45
1 20 60 41
2 21 21 34
3 4 63 61
4 5 15 11
4 23 28 23
5 6 87 54
6 7 52 50
7 8 68 78
7 26 51 40
8 9 55 43
9 10 18 29
9 28 8 34
11 30 76 56
12 31 44 35
13 32 41 43
14 15 53 71
14 33 59 53
15 16 7 20
16 17 32 55
17 18 1 12
17 36 41 42
19 20 25 40
20 21 30 29
21 22 25 22
22 23 40 30
23 24 61 63
25 26 62 75
27 28 30 21
28 29 40 44
29 30 74 53
30 31 3 35
31 32 46 54
32 33 12 25
34 35 14 17
35 36 87 53
36 37 77 74
(1566, 1565)

Arvore 30
0 19 60 45
1 20 60 41
2 21 21 34
3 4 63 61
4 5 15 11
4 23 28 23
5 6 87 54
6 7 52 50
7 26 51 40
8 9 55 43
9 10 18 29
9 28 8 34
11 30 76 56
12 31 44 35
13 32 41 43
14 15 53 71
14 33 59 53
15 16 7 20
16 17 32 55
17 18 1 12
17 36 41 42
19 20 25 40
20 21 30 29
21 22 25 22
22 23 40 30
23 24 61 63
25 26 62 75
26 27 88 59
27 28 30 21
28 29 40 44
29 30 74 53
30 31 3 35
31 32 46 54
32 33 12 25
34 35 14 17
35 36 87 53
36 37 77 74
(1586, 1546)

Arvore 31
0 19 60 45
1 20 60 41
2 21 21 34
3 4 63 61
4 5 15 11
4 23 28 23
5 6 87 54
6 7 52 50
6 25 93 59
7 26 51 40
8 9 55 43
9 10 18 29
9 28 8 34
11 30 76 56
12 31 44 35
13 32 41 43
14 15 53 71
14 33 59 53
15 16 7 20
16 17 32 55
17 18 1 12
17 36 41 42
19 20 25 40
20 21 30 29
21 22 25 22
22 23 40 30
23 24 61 63
26 27 88 59
27 28 30 21
28 29 40 44
29 30 74 53
30 31 3 35
31 32 46 54
32 33 12 25
34 35 14 17
35 36 87 53
36 37 77 74
(1617, 1530)

Arvore 32
0 19 60 45
1 20 60 41
2 21 21 34
3 4 63 61
4 5 15 11
4 23 28 23
6 7 52 50
7 8 68 78
7 26 51 40
8 9 55 43
9 10 18 29
9 28 8 34
11 30 76 56
12 31 44 35
13 32 41 43
14 15 53 71
14 33 59 53
15 16 7 20
16 17 32 55
17 18 1 12
17 36 41 42
19 20 25 40
20 21 30 29
21 22 25 22
22 23 40 30
23 24 61 63
24 25 85 85
25 26 62 75
27 28 30 21
28 29 40 44
29 30 74 53
30 31 3 35
31 32 46 54
32 33 12 25
34 35 14 17
35 36 87 53
36 37 77 74
(1564, 1596)

Arvore 33
0 19 60 45
1 20 60 41
2 21 21 34
3 4 63 61
4 5 15 11
4 23 28 23
5 6 87 54
6 7 52 50
7 8 68 78
7 26 51 40
8 9 55 43
9 10 18 29
9 28 8 34
11 12 73 68
12 31 44 35
13 32 41 43
14 15 53 71
14 33 59 53
15 16 7 20
16 17 32 55
16 35 53 57
17 18 1 12
17 36 41 42
19 20 25 40
20 21 30 29
21 22 25 22
22 23 40 30
23 24 61 63
25 26 62 75
27 28 30 21
28 29 40 44
29 30 74 53
30 31 3 35
31 32 46 54
32 33 12 25
34 35 14 17
36 37 77 74
(1529, 1581)

Arvore 34
0 19 60 45
1 20 60 41
2 21 21 34
3 4 63 61
4 5 15 11
4 23 28 23
5 6 87 54
6 7 52 50
7 26 51 40
8 9 55 43
9 10 18 29
9 28 8 34
11 12 73 68
12 31 44 35
13 32 41 43
14 15 53 71
14 33 59 53
15 16 7 20
16 17 32 55
16 35 53 57
17 18 1 12
17 36 41 42
19 20 25 40
20 21 30 29
21 22 25 22
22 23 40 30
23 24 61 63
25 26 62 75
26 27 88 59
27 28 30 21
28 29 40 44
29 30 74 53
30 31 3 35
31 32 46 54
32 33 12 25
34 35 14 17
36 37 77 74
(1549, 1562)

Arvore 35
0 19 60 45
1 20 60 41
2 21 21 34
3 4 63 61
4 5 15 11
4 23 28 23
5 6 87 54
6 7 52 50
6 25 93 59
7 26 51 40
8 9 55 43
9 10 18 29
9 28 8 34
11 12 73 68
12 31 44 35
13 32 41 43
14 15 53 71
14 33 59 53
15 16 7 20
16 17 32 55
16 35 53 57
17 18 1 12
17 36 41 42
19 20 25 40
20 21 30 29
21 22 25 22
22 23 40 30
23 24 61 63
26 27 88 59
27 28 30 21
28 29 40 44
29 30 74 53
30 31 3 35
31 32 46 54
32 33 12 25
34 35 14 17
36 37 77 74
(1580, 1546)

Arvore 36
0 19 60 45
1 20 60 41
2 21 21 34
3 4 63 61
4 5 15 11
4 23 28 23
6 7 52 50
7 8 68 78
7 26 51 40
8 9 55 43
9 10 18 29
9 28 8 34
11 12 73 68
12 31 44 35
13 32 41 43
14 15 53 71
14 33 59 53
15 16 7 20
16 17 32 55
16 35 53 57
17 18 1 12
17 36 41 42
19 20 25 40
20 21 30 29
21 22 25 22
22 23 40 30
23 24 61 63
24 25 85 85
25 26 62 75
27 28 30 21
28 29 40 44
29 30 74 53
30 31 3 35
31 32 46 54
32 33 12 25
34 35 14 17
36 37 77 74
(1527, 1612)

Arvore 37
0 19 60 45
1 20 60 41
2 21 21 34
3 4 63 61
4 5 15 11
4 23 28 23
5 6 87 54
6 7 52 50
7 8 68 78
7 26 51 40
8 9 55 43
9 10 18 29
9 28 8 34
11 12 73 68
12 31 44 35
13 32 41 43
14 33 59 53
15 16 7 20
16 17 32 55
16 35 53 57
17 18 1 12
17 36 41 42
19 20 25 40
20 21 30 29
21 22 25 22
22 23 40 30
23 24 61 63
25 26 62 75
27 28 30 21
28 29 40 44
29 30 74 53
30 31 3 35
31 32 46 54
32 33 12 25
33 34 80 54
34 35 14 17
36 37 77 74
(1556, 1564)

Arvore 38
0 19 60 45
1 20 60 41
2 21 21 34
3 4 63 61
4 5 15 11
4 23 28 23
5 6 87 54
6 7 52 50
7 26 51 40
8 9 55 43
9 10 18 29
9 28 8 34
11 12 73 68
12 31 44 35
13 32 41 43
14 33 59 53
15 16 7 20
16 17 32 55
16 35 53 57
17 18 1 12
17 36 41 42
19 20 25 40
20 21 30 29
21 22 25 22
22 23 40 30
23 24 61 63
25 26 62 75
26 27 88 59
27 28 30 21
28 29 40 44
29 30 74 53
30 31 3 35
31 32 46 54
32 33 12 25
33 34 80 54
34 35 14 17
36 37 77 74
(1576, 1545)

Arvore 39
0 19 60 45
1 20 60 41
2 21 21 34
3 4 63 61
4 5 15 11
4 23 28 23
5 6 87 54
6 7 52 50
6 25 93 59
7 26 51 40
8 9 55 43
9 10 18 29
9 28 8 34
11 12 73 68
12 31 44 35
13 32 41 43
14 33 59 53
15 16 7 20
16 17 32 55
16 35 53 57
17 18 1 12
17 36 41 42
19 20 25 40
20 21 30 29
21 22 25 22
22 23 40 30
23 24 61 63
26 27 88 59
27 28 30 21
28 29 40 44
29 30 74 53
30 31 3 35
31 32 46 54
32 33 12 25
33 34 80 54
34 35 14 17
36 37 77 74
(1607, 1529)

Arvore 40
0 19 60 45
1 20 60 41
2 21 21 34
3 4 63 61
4 5 15 11
4 23 28 23
6 7 52 50
7 8 68 78
7 26 51 40
8 9 55 43
9 10 18 29
9 28 8 34
11 12 73 68
12 31 44 35
13 32 41 43
14 33 59 53
15 16 7 20
16 17 32 55
16 35 53 57
17 18 1 12
17 36 41 42
19 20 25 40
20 21 30 29
21 22 25 22
22 23 40 30
23 24 61 63
24 25 85 85
25 26 62 75
27 28 30 21
28 29 40 44
29 30 74 53
30 31 3 35
31 32 46 54
32 33 12 25
33 34 80 54
34 35 14 17
36 37 77 74
(1554, 1595)

