8660
86.6
Arvore 1
0 10 21 29
1 2 14 37
1 11 52 50
2 3 15 34
3 4 9 15
3 13 50 33
5 6 45 57
6 7 72 56
6 16 16 26
7 8 22 24
7 17 50 30
8 9 37 48
8 18 90 55
9 19 71 69
10 11 16 16
10 20 44 33
12 13 14 27
12 22 31 40
14 15 4 14
15 16 29 36
16 26 51 42
18 28 50 67
20 21 16 46
22 32 17 43
23 24 18 14
23 33 1 35
24 25 18 38
24 34 5 22
25 26 53 37
25 35 33 25
26 27 62 70
28 29 37 27
28 38 17 25
30 31 23 53
31 32 27 18
32 33 0 13
35 36 58 38
37 38 9 12
38 39 86 58
(1283, 1412)

Arvore 2
0 10 21 29
1 2 14 37
1 11 52 50
2 3 15 34
3 4 9 15
3 13 50 33
5 6 45 57
6 7 72 56
6 16 16 26
7 8 22 24
7 17 50 30
8 9 37 48
8 18 90 55
9 19 71 69
10 11 16 16
10 20 44 33
12 13 14 27
12 22 31 40
14 15 4 14
15 16 29 36
16 26 51 42
18 28 50 67
20 21 16 46
22 32 17 43
23 24 18 14
23 33 1 35
24 25 18 38
24 34 5 22
25 26 53 37
25 35 33 25
27 37 73 67
28 29 37 27
28 38 17 25
30 31 23 53
31 32 27 18
32 33 0 13
35 36 58 38
37 38 9 12
38 39 86 58
(1294, 1409)

Arvore 3
0 10 21 29
1 2 14 37
1 11 52 50
2 3 15 34
3 4 9 15
3 13 50 33
5 6 45 57
6 7 72 56
6 16 16 26
7 8 22 24
7 17 50 30
8 9 37 48
8 18 90 55
10 11 16 16
10 20 44 33
12 13 14 27
12 22 31 40
14 15 4 14
15 16 29 36
16 26 51 42
18 28 50 67
19 29 76 56
20 21 16 46
22 32 17 43
23 24 18 14
23 33 1 35
24 25 18 38
24 34 5 22
25 26 53 37
25 35 33 25
26 27 62 70
28 29 37 27
28 38 17 25
30 31 23 53
31 32 27 18
32 33 0 13
35 36 58 38
37 38 9 12
38 39 86 58
(1288, 1399)

Arvore 4
0 10 21 29
1 2 14 37
1 11 52 50
2 3 15 34
3 4 9 15
3 13 50 33
5 6 45 57
6 7 72 56
6 16 16 26
7 8 22 24
7 17 50 30
8 9 37 48
8 18 90 55
10 11 16 16
10 20 44 33
12 13 14 27
12 22 31 40
14 15 4 14
15 16 29 36
16 26 51 42
18 28 50 67
19 29 76 56
20 21 16 46
22 32 17 43
23 24 18 14
23 33 1 35
24 25 18 38
24 34 5 22
25 26 53 37
25 35 33 25
27 37 73 67
28 29 37 27
28 38 17 25
30 31 23 53
31 32 27 18
32 33 0 13
35 36 58 38
37 38 9 12
38 39 86 58
(1299, 1396)

Arvore 5
0 10 21 29
1 2 14 37
1 11 52 50
2 3 15 34
3 4 9 15
3 13 50 33
5 6 45 57
6 7 72 56
6 16 16 26
7 8 22 24
7 17 50 30
8 9 37 48
9 19 71 69
10 11 16 16
10 20 44 33
12 13 14 27
12 22 31 40
14 15 4 14
15 16 29 36
16 26 51 42
17 18 71 62
18 28 50 67
20 21 16 46
22 32 17 43
23 24 18 14
23 33 1 35
24 25 18 38
24 34 5 22
25 26 53 37
25 35 33 25
26 27 62 70
28 29 37 27
28 38 17 25
30 31 23 53
31 32 27 18
32 33 0 13
35 36 58 38
37 38 9 12
38 39 86 58
(1264, 1419)

Arvore 6
0 10 21 29
1 2 14 37
1 11 52 50
2 3 15 34
3 4 9 15
3 13 50 33
5 6 45 57
6 7 72 56
6 16 16 26
7 8 22 24
7 17 50 30
8 9 37 48
9 19 71 69
10 11 16 16
10 20 44 33
12 13 14 27
12 22 31 40
14 15 4 14
15 16 29 36
16 26 51 42
17 18 71 62
18 28 50 67
20 21 16 46
22 32 17 43
23 24 18 14
23 33 1 35
24 25 18 38
24 34 5 22
25 26 53 37
25 35 33 25
27 37 73 67
28 29 37 27
28 38 17 25
30 31 23 53
31 32 27 18
32 33 0 13
35 36 58 38
37 38 9 12
38 39 86 58
(1275, 1416)

Arvore 7
0 10 21 29
1 2 14 37
1 11 52 50
2 3 15 34
3 4 9 15
3 13 50 33
5 6 45 57
6 7 72 56
6 16 16 26
7 8 22 24
7 17 50 30
8 9 37 48
10 11 16 16
10 20 44 33
12 13 14 27
12 22 31 40
14 15 4 14
15 16 29 36
16 26 51 42
17 18 71 62
18 28 50 67
19 29 76 56
20 21 16 46
22 32 17 43
23 24 18 14
23 33 1 35
24 25 18 38
24 34 5 22
25 26 53 37
25 35 33 25
26 27 62 70
28 29 37 27
28 38 17 25
30 31 23 53
31 32 27 18
32 33 0 13
35 36 58 38
37 38 9 12
38 39 86 58
(1269, 1406)

Arvore 8
0 10 21 29
1 2 14 37
1 11 52 50
2 3 15 34
3 4 9 15
3 13 50 33
5 6 45 57
6 7 72 56
6 16 16 26
7 8 22 24
7 17 50 30
8 9 37 48
10 11 16 16
10 20 44 33
12 13 14 27
12 22 31 40
14 15 4 14
15 16 29 36
16 26 51 42
17 18 71 62
18 28 50 67
19 29 76 56
20 21 16 46
22 32 17 43
23 24 18 14
23 33 1 35
24 25 18 38
24 34 5 22
25 26 53 37
25 35 33 25
27 37 73 67
28 29 37 27
28 38 17 25
30 31 23 53
31 32 27 18
32 33 0 13
35 36 58 38
37 38 9 12
38 39 86 58
(1280, 1403)

Arvore 9
0 10 21 29
1 2 14 37
1 11 52 50
2 3 15 34
3 4 9 15
3 13 50 33
5 6 45 57
6 16 16 26
7 8 22 24
7 17 50 30
8 9 37 48
8 18 90 55
9 19 71 69
10 11 16 16
10 20 44 33
12 13 14 27
12 22 31 40
14 15 4 14
15 16 29 36
16 17 64 77
16 26 51 42
18 28 50 67
20 21 16 46
22 32 17 43
23 24 18 14
23 33 1 35
24 25 18 38
24 34 5 22
25 26 53 37
25 35 33 25
26 27 62 70
28 29 37 27
28 38 17 25
30 31 23 53
31 32 27 18
32 33 0 13
35 36 58 38
37 38 9 12
38 39 86 58
(1275, 1433)

Arvore 10
0 10 21 29
1 2 14 37
1 11 52 50
2 3 15 34
3 4 9 15
3 13 50 33
5 6 45 57
6 16 16 26
7 8 22 24
7 17 50 30
8 9 37 48
8 18 90 55
10 11 16 16
10 20 44 33
12 13 14 27
12 22 31 40
14 15 4 14
15 16 29 36
16 17 64 77
16 26 51 42
18 28 50 67
19 29 76 56
20 21 16 46
22 32 17 43
23 24 18 14
23 33 1 35
24 25 18 38
24 34 5 22
25 26 53 37
25 35 33 25
26 27 62 70
28 29 37 27
28 38 17 25
30 31 23 53
31 32 27 18
32 33 0 13
35 36 58 38
37 38 9 12
38 39 86 58
(1280, 1420)

Arvore 11
0 10 21 29
1 2 14 37
1 11 52 50
2 3 15 34
3 4 9 15
3 13 50 33
5 6 45 57
6 16 16 26
7 8 22 24
7 17 50 30
8 9 37 48
9 19 71 69
10 11 16 16
10 20 44 33
12 13 14 27
12 22 31 40
14 15 4 14
15 16 29 36
16 17 64 77
16 26 51 42
17 18 71 62
18 28 50 67
20 21 16 46
22 32 17 43
23 24 18 14
23 33 1 35
24 25 18 38
24 34 5 22
25 26 53 37
25 35 33 25
26 27 62 70
28 29 37 27
28 38 17 25
30 31 23 53
31 32 27 18
32 33 0 13
35 36 58 38
37 38 9 12
38 39 86 58
(1256, 1440)

Arvore 12
0 10 21 29
1 2 14 37
1 11 52 50
2 3 15 34
3 4 9 15
3 13 50 33
5 6 45 57
6 16 16 26
7 8 22 24
7 17 50 30
8 9 37 48
10 11 16 16
10 20 44 33
12 13 14 27
12 22 31 40
14 15 4 14
15 16 29 36
16 17 64 77
16 26 51 42
17 18 71 62
18 28 50 67
19 29 76 56
20 21 16 46
22 32 17 43
23 24 18 14
23 33 1 35
24 25 18 38
24 34 5 22
25 26 53 37
25 35 33 25
26 27 62 70
28 29 37 27
28 38 17 25
30 31 23 53
31 32 27 18
32 33 0 13
35 36 58 38
37 38 9 12
38 39 86 58
(1261, 1427)

Arvore 13
0 10 21 29
1 2 14 37
2 3 15 34
3 4 9 15
3 13 50 33
5 6 45 57
6 7 72 56
6 16 16 26
7 8 22 24
7 17 50 30
8 9 37 48
8 18 90 55
9 19 71 69
10 11 16 16
10 20 44 33
12 13 14 27
12 22 31 40
14 15 4 14
15 16 29 36
16 26 51 42
18 28 50 67
20 21 16 46
20 30 51 57
22 32 17 43
23 24 18 14
23 33 1 35
24 25 18 38
24 34 5 22
25 26 53 37
25 35 33 25
26 27 62 70
28 29 37 27
28 38 17 25
30 31 23 53
31 32 27 18
32 33 0 13
35 36 58 38
37 38 9 12
38 39 86 58
(1282, 1419)

Arvore 14
0 10 21 29
1 2 14 37
2 3 15 34
3 4 9 15
3 13 50 33
5 6 45 57
6 7 72 56
6 16 16 26
7 8 22 24
7 17 50 30
8 9 37 48
8 18 90 55
9 19 71 69
10 11 16 16
10 20 44 33
12 13 14 27
12 22 31 40
14 15 4 14
15 16 29 36
16 26 51 42
18 28 50 67
20 21 16 46
20 30 51 57
22 32 17 43
23 24 18 14
23 33 1 35
24 25 18 38
24 34 5 22
25 26 53 37
25 35 33 25
27 37 73 67
28 29 37 27
28 38 17 25
30 31 23 53
31 32 27 18
32 33 0 13
35 36 58 38
37 38 9 12
38 39 86 58
(1293, 1416)

Arvore 15
0 10 21 29
1 2 14 37
2 3 15 34
3 4 9 15
3 13 50 33
5 6 45 57
6 7 72 56
6 16 16 26
7 8 22 24
7 17 50 30
8 9 37 48
8 18 90 55
10 11 16 16
10 20 44 33
12 13 14 27
12 22 31 40
14 15 4 14
15 16 29 36
16 26 51 42
18 28 50 67
19 29 76 56
20 21 16 46
20 30 51 57
22 32 17 43
23 24 18 14
23 33 1 35
24 25 18 38
24 34 5 22
25 26 53 37
25 35 33 25
26 27 62 70
28 29 37 27
28 38 17 25
30 31 23 53
31 32 27 18
32 33 0 13
35 36 58 38
37 38 9 12
38 39 86 58
(1287, 1406)

Arvore 16
0 10 21 29
1 2 14 37
2 3 15 34
3 4 9 15
3 13 50 33
5 6 45 57
6 7 72 56
6 16 16 26
7 8 22 24
7 17 50 30
8 9 37 48
8 18 90 55
10 11 16 16
10 20 44 33
12 13 14 27
12 22 31 40
14 15 4 14
15 16 29 36
16 26 51 42
18 28 50 67
19 29 76 56
20 21 16 46
20 30 51 57
22 32 17 43
23 24 18 14
23 33 1 35
24 25 18 38
24 34 5 22
25 26 53 37
25 35 33 25
27 37 73 67
28 29 37 27
28 38 17 25
30 31 23 53
31 32 27 18
32 33 0 13
35 36 58 38
37 38 9 12
38 39 86 58
(1298, 1403)

Arvore 17
0 10 21 29
1 2 14 37
2 3 15 34
3 4 9 15
3 13 50 33
5 6 45 57
6 7 72 56
6 16 16 26
7 8 22 24
7 17 50 30
8 9 37 48
9 19 71 69
10 11 16 16
10 20 44 33
12 13 14 27
12 22 31 40
14 15 4 14
15 16 29 36
16 26 51 42
17 18 71 62
18 28 50 67
20 21 16 46
20 30 51 57
22 32 17 43
23 24 18 14
23 33 1 35
24 25 18 38
24 34 5 22
25 26 53 37
25 35 33 25
26 27 62 70
28 29 37 27
28 38 17 25
30 31 23 53
31 32 27 18
32 33 0 13
35 36 58 38
37 38 9 12
38 39 86 58
(1263, 1426)

Arvore 18
0 10 21 29
1 2 14 37
2 3 15 34
3 4 9 15
3 13 50 33
5 6 45 57
6 7 72 56
6 16 16 26
7 8 22 24
7 17 50 30
8 9 37 48
9 19 71 69
10 11 16 16
10 20 44 33
12 13 14 27
12 22 31 40
14 15 4 14
15 16 29 36
16 26 51 42
17 18 71 62
18 28 50 67
20 21 16 46
20 30 51 57
22 32 17 43
23 24 18 14
23 33 1 35
24 25 18 38
24 34 5 22
25 26 53 37
25 35 33 25
27 37 73 67
28 29 37 27
28 38 17 25
30 31 23 53
31 32 27 18
32 33 0 13
35 36 58 38
37 38 9 12
38 39 86 58
(1274, 1423)

Arvore 19
0 10 21 29
1 2 14 37
2 3 15 34
3 4 9 15
3 13 50 33
5 6 45 57
6 7 72 56
6 16 16 26
7 8 22 24
7 17 50 30
8 9 37 48
10 11 16 16
10 20 44 33
12 13 14 27
12 22 31 40
14 15 4 14
15 16 29 36
16 26 51 42
17 18 71 62
18 28 50 67
19 29 76 56
20 21 16 46
20 30 51 57
22 32 17 43
23 24 18 14
23 33 1 35
24 25 18 38
24 34 5 22
25 26 53 37
25 35 33 25
26 27 62 70
28 29 37 27
28 38 17 25
30 31 23 53
31 32 27 18
32 33 0 13
35 36 58 38
37 38 9 12
38 39 86 58
(1268, 1413)

Arvore 20
0 10 21 29
1 2 14 37
2 3 15 34
3 4 9 15
3 13 50 33
5 6 45 57
6 7 72 56
6 16 16 26
7 8 22 24
7 17 50 30
8 9 37 48
10 11 16 16
10 20 44 33
12 13 14 27
12 22 31 40
14 15 4 14
15 16 29 36
16 26 51 42
17 18 71 62
18 28 50 67
19 29 76 56
20 21 16 46
20 30 51 57
22 32 17 43
23 24 18 14
23 33 1 35
24 25 18 38
24 34 5 22
25 26 53 37
25 35 33 25
27 37 73 67
28 29 37 27
28 38 17 25
30 31 23 53
31 32 27 18
32 33 0 13
35 36 58 38
37 38 9 12
38 39 86 58
(1279, 1410)

Arvore 21
0 10 21 29
1 2 14 37
2 3 15 34
3 4 9 15
3 13 50 33
5 6 45 57
6 16 16 26
7 8 22 24
7 17 50 30
8 9 37 48
8 18 90 55
9 19 71 69
10 11 16 16
10 20 44 33
12 13 14 27
12 22 31 40
14 15 4 14
15 16 29 36
16 17 64 77
16 26 51 42
18 28 50 67
20 21 16 46
20 30 51 57
22 32 17 43
23 24 18 14
23 33 1 35
24 25 18 38
24 34 5 22
25 26 53 37
25 35 33 25
26 27 62 70
28 29 37 27
28 38 17 25
30 31 23 53
31 32 27 18
32 33 0 13
35 36 58 38
37 38 9 12
38 39 86 58
(1274, 1440)

Arvore 22
0 10 21 29
1 2 14 37
2 3 15 34
3 4 9 15
3 13 50 33
5 6 45 57
6 16 16 26
7 8 22 24
7 17 50 30
8 9 37 48
8 18 90 55
10 11 16 16
10 20 44 33
12 13 14 27
12 22 31 40
14 15 4 14
15 16 29 36
16 17 64 77
16 26 51 42
18 28 50 67
19 29 76 56
20 21 16 46
20 30 51 57
22 32 17 43
23 24 18 14
23 33 1 35
24 25 18 38
24 34 5 22
25 26 53 37
25 35 33 25
26 27 62 70
28 29 37 27
28 38 17 25
30 31 23 53
31 32 27 18
32 33 0 13
35 36 58 38
37 38 9 12
38 39 86 58
(1279, 1427)

Arvore 23
0 10 21 29
1 2 14 37
2 3 15 34
3 4 9 15
3 13 50 33
5 6 45 57
6 16 16 26
7 8 22 24
7 17 50 30
8 9 37 48
9 19 71 69
10 11 16 16
10 20 44 33
12 13 14 27
12 22 31 40
14 15 4 14
15 16 29 36
16 17 64 77
16 26 51 42
17 18 71 62
18 28 50 67
20 21 16 46
20 30 51 57
22 32 17 43
23 24 18 14
23 33 1 35
24 25 18 38
24 34 5 22
25 26 53 37
25 35 33 25
26 27 62 70
28 29 37 27
28 38 17 25
30 31 23 53
31 32 27 18
32 33 0 13
35 36 58 38
37 38 9 12
38 39 86 58
(1255, 1447)

Arvore 24
0 10 21 29
1 2 14 37
2 3 15 34
3 4 9 15
3 13 50 33
5 6 45 57
6 16 16 26
7 8 22 24
7 17 50 30
8 9 37 48
10 11 16 16
10 20 44 33
12 13 14 27
12 22 31 40
14 15 4 14
15 16 29 36
16 17 64 77
16 26 51 42
17 18 71 62
18 28 50 67
19 29 76 56
20 21 16 46
20 30 51 57
22 32 17 43
23 24 18 14
23 33 1 35
24 25 18 38
24 34 5 22
25 26 53 37
25 35 33 25
26 27 62 70
28 29 37 27
28 38 17 25
30 31 23 53
31 32 27 18
32 33 0 13
35 36 58 38
37 38 9 12
38 39 86 58
(1260, 1434)

Arvore 25
0 10 21 29
1 2 14 37
1 11 52 50
2 3 15 34
3 4 9 15
3 13 50 33
5 15 55 35
6 7 72 56
6 16 16 26
7 8 22 24
7 17 50 30
8 9 37 48
8 18 90 55
9 19 71 69
10 11 16 16
10 20 44 33
12 13 14 27
12 22 31 40
14 15 4 14
15 16 29 36
16 26 51 42
18 28 50 67
20 21 16 46
22 32 17 43
23 24 18 14
23 33 1 35
24 25 18 38
24 34 5 22
25 26 53 37
25 35 33 25
26 27 62 70
28 29 37 27
28 38 17 25
30 31 23 53
31 32 27 18
32 33 0 13
35 36 58 38
37 38 9 12
38 39 86 58
(1293, 1390)

Arvore 26
0 10 21 29
1 2 14 37
1 11 52 50
2 3 15 34
3 4 9 15
3 13 50 33
5 15 55 35
6 7 72 56
6 16 16 26
7 8 22 24
7 17 50 30
8 9 37 48
8 18 90 55
9 19 71 69
10 11 16 16
10 20 44 33
12 13 14 27
12 22 31 40
14 15 4 14
15 16 29 36
16 26 51 42
18 28 50 67
20 21 16 46
22 32 17 43
23 24 18 14
23 33 1 35
24 25 18 38
24 34 5 22
25 26 53 37
25 35 33 25
27 37 73 67
28 29 37 27
28 38 17 25
30 31 23 53
31 32 27 18
32 33 0 13
35 36 58 38
37 38 9 12
38 39 86 58
(1304, 1387)

Arvore 27
0 10 21 29
1 2 14 37
1 11 52 50
2 3 15 34
3 4 9 15
3 13 50 33
5 15 55 35
6 7 72 56
6 16 16 26
7 8 22 24
7 17 50 30
8 9 37 48
8 18 90 55
10 11 16 16
10 20 44 33
12 13 14 27
12 22 31 40
14 15 4 14
15 16 29 36
16 26 51 42
18 28 50 67
19 29 76 56
20 21 16 46
22 32 17 43
23 24 18 14
23 33 1 35
24 25 18 38
24 34 5 22
25 26 53 37
25 35 33 25
26 27 62 70
28 29 37 27
28 38 17 25
30 31 23 53
31 32 27 18
32 33 0 13
35 36 58 38
37 38 9 12
38 39 86 58
(1298, 1377)

Arvore 28
0 10 21 29
1 2 14 37
1 11 52 50
2 3 15 34
3 4 9 15
3 13 50 33
5 15 55 35
6 7 72 56
6 16 16 26
7 8 22 24
7 17 50 30
8 9 37 48
8 18 90 55
10 11 16 16
10 20 44 33
12 13 14 27
12 22 31 40
14 15 4 14
15 16 29 36
16 26 51 42
18 28 50 67
19 29 76 56
20 21 16 46
22 32 17 43
23 24 18 14
23 33 1 35
24 25 18 38
24 34 5 22
25 26 53 37
25 35 33 25
27 37 73 67
28 29 37 27
28 38 17 25
30 31 23 53
31 32 27 18
32 33 0 13
35 36 58 38
37 38 9 12
38 39 86 58
(1309, 1374)

Arvore 29
0 10 21 29
1 2 14 37
1 11 52 50
2 3 15 34
3 4 9 15
3 13 50 33
5 15 55 35
6 7 72 56
6 16 16 26
7 8 22 24
7 17 50 30
8 9 37 48
9 19 71 69
10 11 16 16
10 20 44 33
12 13 14 27
12 22 31 40
14 15 4 14
15 16 29 36
16 26 51 42
17 18 71 62
18 28 50 67
20 21 16 46
22 32 17 43
23 24 18 14
23 33 1 35
24 25 18 38
24 34 5 22
25 26 53 37
25 35 33 25
26 27 62 70
28 29 37 27
28 38 17 25
30 31 23 53
31 32 27 18
32 33 0 13
35 36 58 38
37 38 9 12
38 39 86 58
(1274, 1397)

Arvore 30
0 10 21 29
1 2 14 37
1 11 52 50
2 3 15 34
3 4 9 15
3 13 50 33
5 15 55 35
6 7 72 56
6 16 16 26
7 8 22 24
7 17 50 30
8 9 37 48
9 19 71 69
10 11 16 16
10 20 44 33
12 13 14 27
12 22 31 40
14 15 4 14
15 16 29 36
16 26 51 42
17 18 71 62
18 28 50 67
20 21 16 46
22 32 17 43
23 24 18 14
23 33 1 35
24 25 18 38
24 34 5 22
25 26 53 37
25 35 33 25
27 37 73 67
28 29 37 27
28 38 17 25
30 31 23 53
31 32 27 18
32 33 0 13
35 36 58 38
37 38 9 12
38 39 86 58
(1285, 1394)

Arvore 31
0 10 21 29
1 2 14 37
1 11 52 50
2 3 15 34
3 4 9 15
3 13 50 33
5 15 55 35
6 7 72 56
6 16 16 26
7 8 22 24
7 17 50 30
8 9 37 48
10 11 16 16
10 20 44 33
12 13 14 27
12 22 31 40
14 15 4 14
15 16 29 36
16 26 51 42
17 18 71 62
18 28 50 67
19 29 76 56
20 21 16 46
22 32 17 43
23 24 18 14
23 33 1 35
24 25 18 38
24 34 5 22
25 26 53 37
25 35 33 25
26 27 62 70
28 29 37 27
28 38 17 25
30 31 23 53
31 32 27 18
32 33 0 13
35 36 58 38
37 38 9 12
38 39 86 58
(1279, 1384)

Arvore 32
0 10 21 29
1 2 14 37
1 11 52 50
2 3 15 34
3 4 9 15
3 13 50 33
5 15 55 35
6 7 72 56
6 16 16 26
7 8 22 24
7 17 50 30
8 9 37 48
10 11 16 16
10 20 44 33
12 13 14 27
12 22 31 40
14 15 4 14
15 16 29 36
16 26 51 42
17 18 71 62
18 28 50 67
19 29 76 56
20 21 16 46
22 32 17 43
23 24 18 14
23 33 1 35
24 25 18 38
24 34 5 22
25 26 53 37
25 35 33 25
27 37 73 67
28 29 37 27
28 38 17 25
30 31 23 53
31 32 27 18
32 33 0 13
35 36 58 38
37 38 9 12
38 39 86 58
(1290, 1381)

Arvore 33
0 10 21 29
1 2 14 37
1 11 52 50
2 3 15 34
3 4 9 15
3 13 50 33
5 15 55 35
6 16 16 26
7 8 22 24
7 17 50 30
8 9 37 48
8 18 90 55
9 19 71 69
10 11 16 16
10 20 44 33
12 13 14 27
12 22 31 40
14 15 4 14
15 16 29 36
16 17 64 77
16 26 51 42
18 28 50 67
20 21 16 46
22 32 17 43
23 24 18 14
23 33 1 35
24 25 18 38
24 34 5 22
25 26 53 37
25 35 33 25
26 27 62 70
28 29 37 27
28 38 17 25
30 31 23 53
31 32 27 18
32 33 0 13
35 36 58 38
37 38 9 12
38 39 86 58
(1285, 1411)

Arvore 34
0 10 21 29
1 2 14 37
1 11 52 50
2 3 15 34
3 4 9 15
3 13 50 33
5 15 55 35
6 16 16 26
7 8 22 24
7 17 50 30
8 9 37 48
8 18 90 55
10 11 16 16
10 20 44 33
12 13 14 27
12 22 31 40
14 15 4 14
15 16 29 36
16 17 64 77
16 26 51 42
18 28 50 67
19 29 76 56
20 21 16 46
22 32 17 43
23 24 18 14
23 33 1 35
24 25 18 38
24 34 5 22
25 26 53 37
25 35 33 25
26 27 62 70
28 29 37 27
28 38 17 25
30 31 23 53
31 32 27 18
32 33 0 13
35 36 58 38
37 38 9 12
38 39 86 58
(1290, 1398)

Arvore 35
0 10 21 29
1 2 14 37
1 11 52 50
2 3 15 34
3 4 9 15
3 13 50 33
5 15 55 35
6 16 16 26
7 8 22 24
7 17 50 30
8 9 37 48
9 19 71 69
10 11 16 16
10 20 44 33
12 13 14 27
12 22 31 40
14 15 4 14
15 16 29 36
16 17 64 77
16 26 51 42
17 18 71 62
18 28 50 67
20 21 16 46
22 32 17 43
23 24 18 14
23 33 1 35
24 25 18 38
24 34 5 22
25 26 53 37
25 35 33 25
26 27 62 70
28 29 37 27
28 38 17 25
30 31 23 53
31 32 27 18
32 33 0 13
35 36 58 38
37 38 9 12
38 39 86 58
(1266, 1418)

Arvore 36
0 10 21 29
1 2 14 37
1 11 52 50
2 3 15 34
3 4 9 15
3 13 50 33
5 15 55 35
6 16 16 26
7 8 22 24
7 17 50 30
8 9 37 48
10 11 16 16
10 20 44 33
12 13 14 27
12 22 31 40
14 15 4 14
15 16 29 36
16 17 64 77
16 26 51 42
17 18 71 62
18 28 50 67
19 29 76 56
20 21 16 46
22 32 17 43
23 24 18 14
23 33 1 35
24 25 18 38
24 34 5 22
25 26 53 37
25 35 33 25
26 27 62 70
28 29 37 27
28 38 17 25
30 31 23 53
31 32 27 18
32 33 0 13
35 36 58 38
37 38 9 12
38 39 86 58
(1271, 1405)

Arvore 37
0 10 21 29
1 2 14 37
2 3 15 34
3 4 9 15
3 13 50 33
5 15 55 35
6 7 72 56
6 16 16 26
7 8 22 24
7 17 50 30
8 9 37 48
8 18 90 55
9 19 71 69
10 11 16 16
10 20 44 33
12 13 14 27
12 22 31 40
14 15 4 14
15 16 29 36
16 26 51 42
18 28 50 67
20 21 16 46
20 30 51 57
22 32 17 43
23 24 18 14
23 33 1 35
24 25 18 38
24 34 5 22
25 26 53 37
25 35 33 25
26 27 62 70
28 29 37 27
28 38 17 25
30 31 23 53
31 32 27 18
32 33 0 13
35 36 58 38
37 38 9 12
38 39 86 58
(1292, 1397)

Arvore 38
0 10 21 29
1 2 14 37
2 3 15 34
3 4 9 15
3 13 50 33
5 15 55 35
6 7 72 56
6 16 16 26
7 8 22 24
7 17 50 30
8 9 37 48
8 18 90 55
9 19 71 69
10 11 16 16
10 20 44 33
12 13 14 27
12 22 31 40
14 15 4 14
15 16 29 36
16 26 51 42
18 28 50 67
20 21 16 46
20 30 51 57
22 32 17 43
23 24 18 14
23 33 1 35
24 25 18 38
24 34 5 22
25 26 53 37
25 35 33 25
27 37 73 67
28 29 37 27
28 38 17 25
30 31 23 53
31 32 27 18
32 33 0 13
35 36 58 38
37 38 9 12
38 39 86 58
(1303, 1394)

Arvore 39
0 10 21 29
1 2 14 37
2 3 15 34
3 4 9 15
3 13 50 33
5 15 55 35
6 7 72 56
6 16 16 26
7 8 22 24
7 17 50 30
8 9 37 48
8 18 90 55
10 11 16 16
10 20 44 33
12 13 14 27
12 22 31 40
14 15 4 14
15 16 29 36
16 26 51 42
18 28 50 67
19 29 76 56
20 21 16 46
20 30 51 57
22 32 17 43
23 24 18 14
23 33 1 35
24 25 18 38
24 34 5 22
25 26 53 37
25 35 33 25
26 27 62 70
28 29 37 27
28 38 17 25
30 31 23 53
31 32 27 18
32 33 0 13
35 36 58 38
37 38 9 12
38 39 86 58
(1297, 1384)

Arvore 40
0 10 21 29
1 2 14 37
2 3 15 34
3 4 9 15
3 13 50 33
5 15 55 35
6 7 72 56
6 16 16 26
7 8 22 24
7 17 50 30
8 9 37 48
8 18 90 55
10 11 16 16
10 20 44 33
12 13 14 27
12 22 31 40
14 15 4 14
15 16 29 36
16 26 51 42
18 28 50 67
19 29 76 56
20 21 16 46
20 30 51 57
22 32 17 43
23 24 18 14
23 33 1 35
24 25 18 38
24 34 5 22
25 26 53 37
25 35 33 25
27 37 73 67
28 29 37 27
28 38 17 25
30 31 23 53
31 32 27 18
32 33 0 13
35 36 58 38
37 38 9 12
38 39 86 58
(1308, 1381)

Arvore 41
0 10 21 29
1 2 14 37
2 3 15 34
3 4 9 15
3 13 50 33
5 15 55 35
6 7 72 56
6 16 16 26
7 8 22 24
7 17 50 30
8 9 37 48
9 19 71 69
10 11 16 16
10 20 44 33
12 13 14 27
12 22 31 40
14 15 4 14
15 16 29 36
16 26 51 42
17 18 71 62
18 28 50 67
20 21 16 46
20 30 51 57
22 32 17 43
23 24 18 14
23 33 1 35
24 25 18 38
24 34 5 22
25 26 53 37
25 35 33 25
26 27 62 70
28 29 37 27
28 38 17 25
30 31 23 53
31 32 27 18
32 33 0 13
35 36 58 38
37 38 9 12
38 39 86 58
(1273, 1404)

Arvore 42
0 10 21 29
1 2 14 37
2 3 15 34
3 4 9 15
3 13 50 33
5 15 55 35
6 7 72 56
6 16 16 26
7 8 22 24
7 17 50 30
8 9 37 48
9 19 71 69
10 11 16 16
10 20 44 33
12 13 14 27
12 22 31 40
14 15 4 14
15 16 29 36
16 26 51 42
17 18 71 62
18 28 50 67
20 21 16 46
20 30 51 57
22 32 17 43
23 24 18 14
23 33 1 35
24 25 18 38
24 34 5 22
25 26 53 37
25 35 33 25
27 37 73 67
28 29 37 27
28 38 17 25
30 31 23 53
31 32 27 18
32 33 0 13
35 36 58 38
37 38 9 12
38 39 86 58
(1284, 1401)

Arvore 43
0 10 21 29
1 2 14 37
2 3 15 34
3 4 9 15
3 13 50 33
5 15 55 35
6 7 72 56
6 16 16 26
7 8 22 24
7 17 50 30
8 9 37 48
10 11 16 16
10 20 44 33
12 13 14 27
12 22 31 40
14 15 4 14
15 16 29 36
16 26 51 42
17 18 71 62
18 28 50 67
19 29 76 56
20 21 16 46
20 30 51 57
22 32 17 43
23 24 18 14
23 33 1 35
24 25 18 38
24 34 5 22
25 26 53 37
25 35 33 25
26 27 62 70
28 29 37 27
28 38 17 25
30 31 23 53
31 32 27 18
32 33 0 13
35 36 58 38
37 38 9 12
38 39 86 58
(1278, 1391)

Arvore 44
0 10 21 29
1 2 14 37
2 3 15 34
3 4 9 15
3 13 50 33
5 15 55 35
6 7 72 56
6 16 16 26
7 8 22 24
7 17 50 30
8 9 37 48
10 11 16 16
10 20 44 33
12 13 14 27
12 22 31 40
14 15 4 14
15 16 29 36
16 26 51 42
17 18 71 62
18 28 50 67
19 29 76 56
20 21 16 46
20 30 51 57
22 32 17 43
23 24 18 14
23 33 1 35
24 25 18 38
24 34 5 22
25 26 53 37
25 35 33 25
27 37 73 67
28 29 37 27
28 38 17 25
30 31 23 53
31 32 27 18
32 33 0 13
35 36 58 38
37 38 9 12
38 39 86 58
(1289, 1388)

Arvore 45
0 10 21 29
1 2 14 37
2 3 15 34
3 4 9 15
3 13 50 33
5 15 55 35
6 16 16 26
7 8 22 24
7 17 50 30
8 9 37 48
8 18 90 55
9 19 71 69
10 11 16 16
10 20 44 33
12 13 14 27
12 22 31 40
14 15 4 14
15 16 29 36
16 17 64 77
16 26 51 42
18 28 50 67
20 21 16 46
20 30 51 57
22 32 17 43
23 24 18 14
23 33 1 35
24 25 18 38
24 34 5 22
25 26 53 37
25 35 33 25
26 27 62 70
28 29 37 27
28 38 17 25
30 31 23 53
31 32 27 18
32 33 0 13
35 36 58 38
37 38 9 12
38 39 86 58
(1284, 1418)

Arvore 46
0 10 21 29
1 2 14 37
2 3 15 34
3 4 9 15
3 13 50 33
5 15 55 35
6 16 16 26
7 8 22 24
7 17 50 30
8 9 37 48
8 18 90 55
10 11 16 16
10 20 44 33
12 13 14 27
12 22 31 40
14 15 4 14
15 16 29 36
16 17 64 77
16 26 51 42
18 28 50 67
19 29 76 56
20 21 16 46
20 30 51 57
22 32 17 43
23 24 18 14
23 33 1 35
24 25 18 38
24 34 5 22
25 26 53 37
25 35 33 25
26 27 62 70
28 29 37 27
28 38 17 25
30 31 23 53
31 32 27 18
32 33 0 13
35 36 58 38
37 38 9 12
38 39 86 58
(1289, 1405)

Arvore 47
0 10 21 29
1 2 14 37
2 3 15 34
3 4 9 15
3 13 50 33
5 15 55 35
6 16 16 26
7 8 22 24
7 17 50 30
8 9 37 48
9 19 71 69
10 11 16 16
10 20 44 33
12 13 14 27
12 22 31 40
14 15 4 14
15 16 29 36
16 17 64 77
16 26 51 42
17 18 71 62
18 28 50 67
20 21 16 46
20 30 51 57
22 32 17 43
23 24 18 14
23 33 1 35
24 25 18 38
24 34 5 22
25 26 53 37
25 35 33 25
26 27 62 70
28 29 37 27
28 38 17 25
30 31 23 53
31 32 27 18
32 33 0 13
35 36 58 38
37 38 9 12
38 39 86 58
(1265, 1425)

Arvore 48
0 10 21 29
1 2 14 37
2 3 15 34
3 4 9 15
3 13 50 33
5 15 55 35
6 16 16 26
7 8 22 24
7 17 50 30
8 9 37 48
10 11 16 16
10 20 44 33
12 13 14 27
12 22 31 40
14 15 4 14
15 16 29 36
16 17 64 77
16 26 51 42
17 18 71 62
18 28 50 67
19 29 76 56
20 21 16 46
20 30 51 57
22 32 17 43
23 24 18 14
23 33 1 35
24 25 18 38
24 34 5 22
25 26 53 37
25 35 33 25
26 27 62 70
28 29 37 27
28 38 17 25
30 31 23 53
31 32 27 18
32 33 0 13
35 36 58 38
37 38 9 12
38 39 86 58
(1270, 1412)

