67563
675.63
Arvore 1
0 12 0 10
1 13 28 56
2 3 16 32
3 15 5 30
4 5 73 62
5 6 17 47
6 7 28 39
7 8 28 24
7 19 42 37
8 9 75 52
9 10 72 56
10 11 26 19
10 22 14 17
12 13 3 29
13 14 28 42
14 15 32 28
14 26 13 37
15 16 47 46
15 27 55 36
16 17 36 50
17 29 11 44
18 19 24 19
18 30 50 42
20 32 1 27
21 33 27 35
22 23 55 34
24 25 62 44
24 36 0 10
25 26 35 33
25 37 41 28
26 38 30 35
28 29 51 59
29 30 11 39
30 31 25 24
31 32 49 33
31 43 29 22
32 33 44 47
33 34 18 17
33 45 63 50
34 35 40 30
34 46 1 21
35 47 35 55
38 39 34 45
39 40 14 25
40 41 21 45
41 42 10 39
43 44 19 44
(1438, 1695)

Arvore 2
0 12 0 10
1 13 28 56
2 3 16 32
3 15 5 30
4 16 68 70
5 6 17 47
6 7 28 39
7 8 28 24
7 19 42 37
8 9 75 52
9 10 72 56
10 11 26 19
10 22 14 17
12 13 3 29
13 14 28 42
14 15 32 28
14 26 13 37
15 16 47 46
15 27 55 36
16 17 36 50
17 29 11 44
18 19 24 19
18 30 50 42
20 32 1 27
21 33 27 35
22 23 55 34
24 25 62 44
24 36 0 10
25 26 35 33
25 37 41 28
26 38 30 35
28 29 51 59
29 30 11 39
30 31 25 24
31 32 49 33
31 43 29 22
32 33 44 47
33 34 18 17
33 45 63 50
34 35 40 30
34 46 1 21
35 47 35 55
38 39 34 45
39 40 14 25
40 41 21 45
41 42 10 39
43 44 19 44
(1433, 1703)

Arvore 3
0 12 0 10
1 13 28 56
2 3 16 32
3 15 5 30
4 5 73 62
5 6 17 47
6 7 28 39
7 8 28 24
7 19 42 37
8 9 75 52
9 10 72 56
10 11 26 19
10 22 14 17
12 13 3 29
13 14 28 42
14 15 32 28
14 26 13 37
15 16 47 46
15 27 55 36
16 17 36 50
17 29 11 44
18 19 24 19
18 30 50 42
20 32 1 27
21 33 27 35
22 23 55 34
24 25 62 44
24 36 0 10
25 26 35 33
25 37 41 28
26 38 30 35
28 29 51 59
29 30 11 39
30 31 25 24
31 32 49 33
31 43 29 22
32 33 44 47
33 34 18 17
33 45 63 50
34 35 40 30
34 46 1 21
38 39 34 45
39 40 14 25
40 41 21 45
41 42 10 39
43 44 19 44
46 47 62 51
(1465, 1691)

Arvore 4
0 12 0 10
1 13 28 56
2 3 16 32
3 15 5 30
4 16 68 70
5 6 17 47
6 7 28 39
7 8 28 24
7 19 42 37
8 9 75 52
9 10 72 56
10 11 26 19
10 22 14 17
12 13 3 29
13 14 28 42
14 15 32 28
14 26 13 37
15 16 47 46
15 27 55 36
16 17 36 50
17 29 11 44
18 19 24 19
18 30 50 42
20 32 1 27
21 33 27 35
22 23 55 34
24 25 62 44
24 36 0 10
25 26 35 33
25 37 41 28
26 38 30 35
28 29 51 59
29 30 11 39
30 31 25 24
31 32 49 33
31 43 29 22
32 33 44 47
33 34 18 17
33 45 63 50
34 35 40 30
34 46 1 21
38 39 34 45
39 40 14 25
40 41 21 45
41 42 10 39
43 44 19 44
46 47 62 51
(1460, 1699)

Arvore 5
0 12 0 10
1 2 54 53
2 3 16 32
3 15 5 30
4 5 73 62
5 6 17 47
6 7 28 39
7 8 28 24
7 19 42 37
8 9 75 52
9 10 72 56
10 11 26 19
10 22 14 17
12 13 3 29
13 14 28 42
14 15 32 28
14 26 13 37
15 16 47 46
15 27 55 36
16 17 36 50
17 29 11 44
18 19 24 19
18 30 50 42
20 32 1 27
21 33 27 35
22 23 55 34
24 25 62 44
24 36 0 10
25 26 35 33
25 37 41 28
26 38 30 35
28 29 51 59
29 30 11 39
30 31 25 24
31 32 49 33
31 43 29 22
32 33 44 47
33 34 18 17
33 45 63 50
34 35 40 30
34 46 1 21
35 47 35 55
38 39 34 45
39 40 14 25
40 41 21 45
41 42 10 39
43 44 19 44
(1464, 1692)

Arvore 6
0 12 0 10
1 2 54 53
2 3 16 32
3 15 5 30
4 16 68 70
5 6 17 47
6 7 28 39
7 8 28 24
7 19 42 37
8 9 75 52
9 10 72 56
10 11 26 19
10 22 14 17
12 13 3 29
13 14 28 42
14 15 32 28
14 26 13 37
15 16 47 46
15 27 55 36
16 17 36 50
17 29 11 44
18 19 24 19
18 30 50 42
20 32 1 27
21 33 27 35
22 23 55 34
24 25 62 44
24 36 0 10
25 26 35 33
25 37 41 28
26 38 30 35
28 29 51 59
29 30 11 39
30 31 25 24
31 32 49 33
31 43 29 22
32 33 44 47
33 34 18 17
33 45 63 50
34 35 40 30
34 46 1 21
35 47 35 55
38 39 34 45
39 40 14 25
40 41 21 45
41 42 10 39
43 44 19 44
(1459, 1700)

Arvore 7
0 12 0 10
1 2 54 53
2 3 16 32
3 15 5 30
4 5 73 62
5 6 17 47
6 7 28 39
7 8 28 24
7 19 42 37
8 9 75 52
9 10 72 56
10 11 26 19
10 22 14 17
12 13 3 29
13 14 28 42
14 15 32 28
14 26 13 37
15 16 47 46
15 27 55 36
16 17 36 50
17 29 11 44
18 19 24 19
18 30 50 42
20 32 1 27
21 33 27 35
22 23 55 34
24 25 62 44
24 36 0 10
25 26 35 33
25 37 41 28
26 38 30 35
28 29 51 59
29 30 11 39
30 31 25 24
31 32 49 33
31 43 29 22
32 33 44 47
33 34 18 17
33 45 63 50
34 35 40 30
34 46 1 21
38 39 34 45
39 40 14 25
40 41 21 45
41 42 10 39
43 44 19 44
46 47 62 51
(1491, 1688)

Arvore 8
0 12 0 10
1 2 54 53
2 3 16 32
3 15 5 30
4 16 68 70
5 6 17 47
6 7 28 39
7 8 28 24
7 19 42 37
8 9 75 52
9 10 72 56
10 11 26 19
10 22 14 17
12 13 3 29
13 14 28 42
14 15 32 28
14 26 13 37
15 16 47 46
15 27 55 36
16 17 36 50
17 29 11 44
18 19 24 19
18 30 50 42
20 32 1 27
21 33 27 35
22 23 55 34
24 25 62 44
24 36 0 10
25 26 35 33
25 37 41 28
26 38 30 35
28 29 51 59
29 30 11 39
30 31 25 24
31 32 49 33
31 43 29 22
32 33 44 47
33 34 18 17
33 45 63 50
34 35 40 30
34 46 1 21
38 39 34 45
39 40 14 25
40 41 21 45
41 42 10 39
43 44 19 44
46 47 62 51
(1486, 1696)

Arvore 9
0 12 0 10
1 13 28 56
2 3 16 32
3 15 5 30
4 5 73 62
5 6 17 47
6 7 28 39
7 8 28 24
7 19 42 37
8 9 75 52
9 10 72 56
10 11 26 19
10 22 14 17
12 13 3 29
13 14 28 42
14 15 32 28
14 26 13 37
15 16 47 46
15 27 55 36
16 17 36 50
17 29 11 44
18 19 24 19
19 31 46 46
20 32 1 27
21 33 27 35
22 23 55 34
24 25 62 44
24 36 0 10
25 26 35 33
25 37 41 28
26 38 30 35
28 29 51 59
29 30 11 39
30 31 25 24
31 32 49 33
31 43 29 22
32 33 44 47
33 34 18 17
33 45 63 50
34 35 40 30
34 46 1 21
35 47 35 55
38 39 34 45
39 40 14 25
40 41 21 45
41 42 10 39
43 44 19 44
(1434, 1699)

Arvore 10
0 12 0 10
1 13 28 56
2 3 16 32
3 15 5 30
4 16 68 70
5 6 17 47
6 7 28 39
7 8 28 24
7 19 42 37
8 9 75 52
9 10 72 56
10 11 26 19
10 22 14 17
12 13 3 29
13 14 28 42
14 15 32 28
14 26 13 37
15 16 47 46
15 27 55 36
16 17 36 50
17 29 11 44
18 19 24 19
19 31 46 46
20 32 1 27
21 33 27 35
22 23 55 34
24 25 62 44
24 36 0 10
25 26 35 33
25 37 41 28
26 38 30 35
28 29 51 59
29 30 11 39
30 31 25 24
31 32 49 33
31 43 29 22
32 33 44 47
33 34 18 17
33 45 63 50
34 35 40 30
34 46 1 21
35 47 35 55
38 39 34 45
39 40 14 25
40 41 21 45
41 42 10 39
43 44 19 44
(1429, 1707)

Arvore 11
0 12 0 10
1 13 28 56
2 3 16 32
3 15 5 30
4 5 73 62
5 6 17 47
6 7 28 39
7 8 28 24
7 19 42 37
8 9 75 52
9 10 72 56
10 11 26 19
10 22 14 17
12 13 3 29
13 14 28 42
14 15 32 28
14 26 13 37
15 16 47 46
15 27 55 36
16 17 36 50
17 29 11 44
18 19 24 19
19 31 46 46
20 32 1 27
21 33 27 35
22 23 55 34
24 25 62 44
24 36 0 10
25 26 35 33
25 37 41 28
26 38 30 35
28 29 51 59
29 30 11 39
30 31 25 24
31 32 49 33
31 43 29 22
32 33 44 47
33 34 18 17
33 45 63 50
34 35 40 30
34 46 1 21
38 39 34 45
39 40 14 25
40 41 21 45
41 42 10 39
43 44 19 44
46 47 62 51
(1461, 1695)

Arvore 12
0 12 0 10
1 13 28 56
2 3 16 32
3 15 5 30
4 16 68 70
5 6 17 47
6 7 28 39
7 8 28 24
7 19 42 37
8 9 75 52
9 10 72 56
10 11 26 19
10 22 14 17
12 13 3 29
13 14 28 42
14 15 32 28
14 26 13 37
15 16 47 46
15 27 55 36
16 17 36 50
17 29 11 44
18 19 24 19
19 31 46 46
20 32 1 27
21 33 27 35
22 23 55 34
24 25 62 44
24 36 0 10
25 26 35 33
25 37 41 28
26 38 30 35
28 29 51 59
29 30 11 39
30 31 25 24
31 32 49 33
31 43 29 22
32 33 44 47
33 34 18 17
33 45 63 50
34 35 40 30
34 46 1 21
38 39 34 45
39 40 14 25
40 41 21 45
41 42 10 39
43 44 19 44
46 47 62 51
(1456, 1703)

Arvore 13
0 12 0 10
1 13 28 56
2 3 16 32
3 15 5 30
4 16 68 70
5 6 17 47
6 7 28 39
7 8 28 24
7 19 42 37
8 9 75 52
8 20 35 57
9 10 72 56
10 11 26 19
10 22 14 17
12 13 3 29
13 14 28 42
14 15 32 28
14 26 13 37
15 16 47 46
15 27 55 36
16 17 36 50
17 29 11 44
18 19 24 19
20 32 1 27
21 33 27 35
22 23 55 34
24 25 62 44
24 36 0 10
25 26 35 33
25 37 41 28
26 38 30 35
28 29 51 59
29 30 11 39
30 31 25 24
31 32 49 33
31 43 29 22
32 33 44 47
33 34 18 17
33 45 63 50
34 35 40 30
34 46 1 21
35 47 35 55
38 39 34 45
39 40 14 25
40 41 21 45
41 42 10 39
43 44 19 44
(1418, 1718)

Arvore 14
0 12 0 10
1 13 28 56
2 3 16 32
3 15 5 30
4 5 73 62
5 6 17 47
6 7 28 39
7 8 28 24
7 19 42 37
8 9 75 52
8 20 35 57
9 10 72 56
10 11 26 19
10 22 14 17
12 13 3 29
13 14 28 42
14 15 32 28
14 26 13 37
15 16 47 46
15 27 55 36
16 17 36 50
17 29 11 44
18 19 24 19
20 32 1 27
21 33 27 35
22 23 55 34
24 25 62 44
24 36 0 10
25 26 35 33
25 37 41 28
26 38 30 35
28 29 51 59
29 30 11 39
30 31 25 24
31 32 49 33
31 43 29 22
32 33 44 47
33 34 18 17
33 45 63 50
34 35 40 30
34 46 1 21
35 47 35 55
38 39 34 45
39 40 14 25
40 41 21 45
41 42 10 39
43 44 19 44
(1423, 1710)

Arvore 15
0 12 0 10
1 2 54 53
2 3 16 32
3 15 5 30
4 5 73 62
5 6 17 47
6 7 28 39
7 8 28 24
7 19 42 37
8 9 75 52
9 10 72 56
10 11 26 19
10 22 14 17
12 13 3 29
13 14 28 42
14 15 32 28
14 26 13 37
15 16 47 46
15 27 55 36
16 17 36 50
17 29 11 44
18 19 24 19
19 31 46 46
20 32 1 27
21 33 27 35
22 23 55 34
24 25 62 44
24 36 0 10
25 26 35 33
25 37 41 28
26 38 30 35
28 29 51 59
29 30 11 39
30 31 25 24
31 32 49 33
31 43 29 22
32 33 44 47
33 34 18 17
33 45 63 50
34 35 40 30
34 46 1 21
35 47 35 55
38 39 34 45
39 40 14 25
40 41 21 45
41 42 10 39
43 44 19 44
(1460, 1696)

Arvore 16
0 12 0 10
1 2 54 53
2 3 16 32
3 15 5 30
4 16 68 70
5 6 17 47
6 7 28 39
7 8 28 24
7 19 42 37
8 9 75 52
9 10 72 56
10 11 26 19
10 22 14 17
12 13 3 29
13 14 28 42
14 15 32 28
14 26 13 37
15 16 47 46
15 27 55 36
16 17 36 50
17 29 11 44
18 19 24 19
19 31 46 46
20 32 1 27
21 33 27 35
22 23 55 34
24 25 62 44
24 36 0 10
25 26 35 33
25 37 41 28
26 38 30 35
28 29 51 59
29 30 11 39
30 31 25 24
31 32 49 33
31 43 29 22
32 33 44 47
33 34 18 17
33 45 63 50
34 35 40 30
34 46 1 21
35 47 35 55
38 39 34 45
39 40 14 25
40 41 21 45
41 42 10 39
43 44 19 44
(1455, 1704)

Arvore 17
0 12 0 10
1 2 54 53
2 3 16 32
3 15 5 30
4 5 73 62
5 6 17 47
6 7 28 39
7 8 28 24
7 19 42 37
8 9 75 52
9 10 72 56
10 11 26 19
10 22 14 17
12 13 3 29
13 14 28 42
14 15 32 28
14 26 13 37
15 16 47 46
15 27 55 36
16 17 36 50
17 29 11 44
18 19 24 19
19 31 46 46
20 32 1 27
21 33 27 35
22 23 55 34
24 25 62 44
24 36 0 10
25 26 35 33
25 37 41 28
26 38 30 35
28 29 51 59
29 30 11 39
30 31 25 24
31 32 49 33
31 43 29 22
32 33 44 47
33 34 18 17
33 45 63 50
34 35 40 30
34 46 1 21
38 39 34 45
39 40 14 25
40 41 21 45
41 42 10 39
43 44 19 44
46 47 62 51
(1487, 1692)

Arvore 18
0 12 0 10
1 2 54 53
2 3 16 32
3 15 5 30
4 16 68 70
5 6 17 47
6 7 28 39
7 8 28 24
7 19 42 37
8 9 75 52
9 10 72 56
10 11 26 19
10 22 14 17
12 13 3 29
13 14 28 42
14 15 32 28
14 26 13 37
15 16 47 46
15 27 55 36
16 17 36 50
17 29 11 44
18 19 24 19
19 31 46 46
20 32 1 27
21 33 27 35
22 23 55 34
24 25 62 44
24 36 0 10
25 26 35 33
25 37 41 28
26 38 30 35
28 29 51 59
29 30 11 39
30 31 25 24
31 32 49 33
31 43 29 22
32 33 44 47
33 34 18 17
33 45 63 50
34 35 40 30
34 46 1 21
38 39 34 45
39 40 14 25
40 41 21 45
41 42 10 39
43 44 19 44
46 47 62 51
(1482, 1700)

Arvore 19
0 12 0 10
1 13 28 56
2 3 16 32
3 15 5 30
4 16 68 70
5 6 17 47
6 7 28 39
7 8 28 24
7 19 42 37
8 9 75 52
9 10 72 56
10 11 26 19
10 22 14 17
12 13 3 29
13 14 28 42
14 15 32 28
14 26 13 37
15 16 47 46
16 17 36 50
17 29 11 44
18 19 24 19
18 30 50 42
20 32 1 27
21 33 27 35
22 23 55 34
24 25 62 44
24 36 0 10
25 26 35 33
25 37 41 28
26 38 30 35
27 28 53 59
28 29 51 59
29 30 11 39
30 31 25 24
31 32 49 33
31 43 29 22
32 33 44 47
33 34 18 17
33 45 63 50
34 35 40 30
34 46 1 21
35 47 35 55
38 39 34 45
39 40 14 25
40 41 21 45
41 42 10 39
43 44 19 44
(1431, 1726)

Arvore 20
0 12 0 10
1 13 28 56
2 3 16 32
3 15 5 30
4 5 73 62
5 6 17 47
6 7 28 39
7 8 28 24
7 19 42 37
8 9 75 52
9 10 72 56
10 11 26 19
10 22 14 17
12 13 3 29
13 14 28 42
14 15 32 28
14 26 13 37
15 16 47 46
16 17 36 50
17 29 11 44
18 19 24 19
18 30 50 42
20 32 1 27
21 33 27 35
22 23 55 34
24 25 62 44
24 36 0 10
25 26 35 33
25 37 41 28
26 38 30 35
27 28 53 59
28 29 51 59
29 30 11 39
30 31 25 24
31 32 49 33
31 43 29 22
32 33 44 47
33 34 18 17
33 45 63 50
34 35 40 30
34 46 1 21
35 47 35 55
38 39 34 45
39 40 14 25
40 41 21 45
41 42 10 39
43 44 19 44
(1436, 1718)

Arvore 21
0 12 0 10
1 2 54 53
2 3 16 32
3 15 5 30
4 16 68 70
5 6 17 47
6 7 28 39
7 8 28 24
7 19 42 37
8 9 75 52
9 10 72 56
10 11 26 19
10 22 14 17
12 13 3 29
13 14 28 42
14 15 32 28
14 26 13 37
15 16 47 46
16 17 36 50
17 29 11 44
18 19 24 19
18 30 50 42
20 32 1 27
21 33 27 35
22 23 55 34
24 25 62 44
24 36 0 10
25 26 35 33
25 37 41 28
26 38 30 35
27 28 53 59
28 29 51 59
29 30 11 39
30 31 25 24
31 32 49 33
31 43 29 22
32 33 44 47
33 34 18 17
33 45 63 50
34 35 40 30
34 46 1 21
35 47 35 55
38 39 34 45
39 40 14 25
40 41 21 45
41 42 10 39
43 44 19 44
(1457, 1723)

Arvore 22
0 12 0 10
1 2 54 53
2 3 16 32
3 15 5 30
4 5 73 62
5 6 17 47
6 7 28 39
7 8 28 24
7 19 42 37
8 9 75 52
9 10 72 56
10 11 26 19
10 22 14 17
12 13 3 29
13 14 28 42
14 15 32 28
14 26 13 37
15 16 47 46
16 17 36 50
17 29 11 44
18 19 24 19
18 30 50 42
20 32 1 27
21 33 27 35
22 23 55 34
24 25 62 44
24 36 0 10
25 26 35 33
25 37 41 28
26 38 30 35
27 28 53 59
28 29 51 59
29 30 11 39
30 31 25 24
31 32 49 33
31 43 29 22
32 33 44 47
33 34 18 17
33 45 63 50
34 35 40 30
34 46 1 21
35 47 35 55
38 39 34 45
39 40 14 25
40 41 21 45
41 42 10 39
43 44 19 44
(1462, 1715)

Arvore 23
0 12 0 10
1 13 28 56
2 3 16 32
3 15 5 30
4 16 68 70
5 6 17 47
6 7 28 39
7 8 28 24
7 19 42 37
8 9 75 52
9 10 72 56
10 11 26 19
10 22 14 17
12 13 3 29
13 14 28 42
14 15 32 28
14 26 13 37
15 16 47 46
16 17 36 50
17 29 11 44
18 19 24 19
19 31 46 46
20 32 1 27
21 33 27 35
22 23 55 34
24 25 62 44
24 36 0 10
25 26 35 33
25 37 41 28
26 38 30 35
27 28 53 59
28 29 51 59
29 30 11 39
30 31 25 24
31 32 49 33
31 43 29 22
32 33 44 47
33 34 18 17
33 45 63 50
34 35 40 30
34 46 1 21
35 47 35 55
38 39 34 45
39 40 14 25
40 41 21 45
41 42 10 39
43 44 19 44
(1427, 1730)

Arvore 24
0 12 0 10
1 13 28 56
2 3 16 32
3 15 5 30
4 5 73 62
5 6 17 47
6 7 28 39
7 8 28 24
7 19 42 37
8 9 75 52
9 10 72 56
10 11 26 19
10 22 14 17
12 13 3 29
13 14 28 42
14 15 32 28
14 26 13 37
15 16 47 46
16 17 36 50
17 29 11 44
18 19 24 19
19 31 46 46
20 32 1 27
21 33 27 35
22 23 55 34
24 25 62 44
24 36 0 10
25 26 35 33
25 37 41 28
26 38 30 35
27 28 53 59
28 29 51 59
29 30 11 39
30 31 25 24
31 32 49 33
31 43 29 22
32 33 44 47
33 34 18 17
33 45 63 50
34 35 40 30
34 46 1 21
35 47 35 55
38 39 34 45
39 40 14 25
40 41 21 45
41 42 10 39
43 44 19 44
(1432, 1722)

Arvore 25
0 12 0 10
1 13 28 56
2 3 16 32
3 15 5 30
4 16 68 70
5 6 17 47
6 7 28 39
7 8 28 24
7 19 42 37
8 9 75 52
8 20 35 57
9 10 72 56
10 11 26 19
10 22 14 17
12 13 3 29
13 14 28 42
14 15 32 28
14 26 13 37
15 16 47 46
16 17 36 50
17 29 11 44
18 19 24 19
20 32 1 27
21 33 27 35
22 23 55 34
24 25 62 44
24 36 0 10
25 26 35 33
25 37 41 28
26 38 30 35
27 28 53 59
28 29 51 59
29 30 11 39
30 31 25 24
31 32 49 33
31 43 29 22
32 33 44 47
33 34 18 17
33 45 63 50
34 35 40 30
34 46 1 21
35 47 35 55
38 39 34 45
39 40 14 25
40 41 21 45
41 42 10 39
43 44 19 44
(1416, 1741)

Arvore 26
0 12 0 10
1 13 28 56
2 3 16 32
3 15 5 30
4 5 73 62
5 6 17 47
6 7 28 39
7 8 28 24
7 19 42 37
8 9 75 52
8 20 35 57
9 10 72 56
10 11 26 19
10 22 14 17
12 13 3 29
13 14 28 42
14 15 32 28
14 26 13 37
15 16 47 46
16 17 36 50
17 29 11 44
18 19 24 19
20 32 1 27
21 33 27 35
22 23 55 34
24 25 62 44
24 36 0 10
25 26 35 33
25 37 41 28
26 38 30 35
27 28 53 59
28 29 51 59
29 30 11 39
30 31 25 24
31 32 49 33
31 43 29 22
32 33 44 47
33 34 18 17
33 45 63 50
34 35 40 30
34 46 1 21
35 47 35 55
38 39 34 45
39 40 14 25
40 41 21 45
41 42 10 39
43 44 19 44
(1421, 1733)

Arvore 27
0 12 0 10
1 2 54 53
2 3 16 32
3 15 5 30
4 16 68 70
5 6 17 47
6 7 28 39
7 8 28 24
7 19 42 37
8 9 75 52
9 10 72 56
10 11 26 19
10 22 14 17
12 13 3 29
13 14 28 42
14 15 32 28
14 26 13 37
15 16 47 46
16 17 36 50
17 29 11 44
18 19 24 19
19 31 46 46
20 32 1 27
21 33 27 35
22 23 55 34
24 25 62 44
24 36 0 10
25 26 35 33
25 37 41 28
26 38 30 35
27 28 53 59
28 29 51 59
29 30 11 39
30 31 25 24
31 32 49 33
31 43 29 22
32 33 44 47
33 34 18 17
33 45 63 50
34 35 40 30
34 46 1 21
35 47 35 55
38 39 34 45
39 40 14 25
40 41 21 45
41 42 10 39
43 44 19 44
(1453, 1727)

Arvore 28
0 12 0 10
1 2 54 53
2 3 16 32
3 15 5 30
4 5 73 62
5 6 17 47
6 7 28 39
7 8 28 24
7 19 42 37
8 9 75 52
9 10 72 56
10 11 26 19
10 22 14 17
12 13 3 29
13 14 28 42
14 15 32 28
14 26 13 37
15 16 47 46
16 17 36 50
17 29 11 44
18 19 24 19
19 31 46 46
20 32 1 27
21 33 27 35
22 23 55 34
24 25 62 44
24 36 0 10
25 26 35 33
25 37 41 28
26 38 30 35
27 28 53 59
28 29 51 59
29 30 11 39
30 31 25 24
31 32 49 33
31 43 29 22
32 33 44 47
33 34 18 17
33 45 63 50
34 35 40 30
34 46 1 21
35 47 35 55
38 39 34 45
39 40 14 25
40 41 21 45
41 42 10 39
43 44 19 44
(1458, 1719)

Arvore 29
0 12 0 10
1 13 28 56
2 3 16 32
3 15 5 30
4 16 68 70
5 6 17 47
6 7 28 39
7 8 28 24
7 19 42 37
8 9 75 52
8 20 35 57
9 10 72 56
10 11 26 19
10 22 14 17
12 13 3 29
13 14 28 42
14 15 32 28
14 26 13 37
15 16 47 46
15 27 55 36
16 17 36 50
17 29 11 44
18 19 24 19
19 31 46 46
20 32 1 27
21 33 27 35
22 23 55 34
24 25 62 44
24 36 0 10
25 26 35 33
25 37 41 28
26 38 30 35
28 29 51 59
29 30 11 39
30 31 25 24
31 43 29 22
32 33 44 47
33 34 18 17
33 45 63 50
34 35 40 30
34 46 1 21
35 47 35 55
38 39 34 45
39 40 14 25
40 41 21 45
41 42 10 39
43 44 19 44
(1415, 1731)

Arvore 30
0 12 0 10
1 13 28 56
2 3 16 32
3 15 5 30
4 5 73 62
5 6 17 47
6 7 28 39
7 8 28 24
7 19 42 37
8 9 75 52
8 20 35 57
9 10 72 56
10 11 26 19
10 22 14 17
12 13 3 29
13 14 28 42
14 15 32 28
14 26 13 37
15 16 47 46
15 27 55 36
16 17 36 50
17 29 11 44
18 19 24 19
19 31 46 46
20 32 1 27
21 33 27 35
22 23 55 34
24 25 62 44
24 36 0 10
25 26 35 33
25 37 41 28
26 38 30 35
28 29 51 59
29 30 11 39
30 31 25 24
31 43 29 22
32 33 44 47
33 34 18 17
33 45 63 50
34 35 40 30
34 46 1 21
35 47 35 55
38 39 34 45
39 40 14 25
40 41 21 45
41 42 10 39
43 44 19 44
(1420, 1723)

Arvore 31
0 12 0 10
1 13 28 56
2 3 16 32
3 15 5 30
4 16 68 70
5 6 17 47
6 7 28 39
7 8 28 24
7 19 42 37
8 9 75 52
8 20 35 57
9 10 72 56
10 11 26 19
10 22 14 17
12 13 3 29
13 14 28 42
14 15 32 28
14 26 13 37
15 16 47 46
16 17 36 50
17 29 11 44
18 19 24 19
19 31 46 46
20 32 1 27
21 33 27 35
22 23 55 34
24 25 62 44
24 36 0 10
25 26 35 33
25 37 41 28
26 38 30 35
27 28 53 59
28 29 51 59
29 30 11 39
30 31 25 24
31 43 29 22
32 33 44 47
33 34 18 17
33 45 63 50
34 35 40 30
34 46 1 21
35 47 35 55
38 39 34 45
39 40 14 25
40 41 21 45
41 42 10 39
43 44 19 44
(1413, 1754)

Arvore 32
0 12 0 10
1 13 28 56
2 3 16 32
3 15 5 30
4 5 73 62
5 6 17 47
6 7 28 39
7 8 28 24
7 19 42 37
8 9 75 52
8 20 35 57
9 10 72 56
10 11 26 19
10 22 14 17
12 13 3 29
13 14 28 42
14 15 32 28
14 26 13 37
15 16 47 46
16 17 36 50
17 29 11 44
18 19 24 19
19 31 46 46
20 32 1 27
21 33 27 35
22 23 55 34
24 25 62 44
24 36 0 10
25 26 35 33
25 37 41 28
26 38 30 35
27 28 53 59
28 29 51 59
29 30 11 39
30 31 25 24
31 43 29 22
32 33 44 47
33 34 18 17
33 45 63 50
34 35 40 30
34 46 1 21
35 47 35 55
38 39 34 45
39 40 14 25
40 41 21 45
41 42 10 39
43 44 19 44
(1418, 1746)

Arvore 33
0 12 0 10
1 13 28 56
2 3 16 32
3 15 5 30
4 5 73 62
5 6 17 47
6 7 28 39
6 18 30 50
7 8 28 24
8 9 75 52
9 10 72 56
10 11 26 19
10 22 14 17
12 13 3 29
13 14 28 42
14 15 32 28
14 26 13 37
15 16 47 46
15 27 55 36
16 17 36 50
17 29 11 44
18 19 24 19
18 30 50 42
20 32 1 27
21 33 27 35
22 23 55 34
24 25 62 44
24 36 0 10
25 26 35 33
25 37 41 28
26 38 30 35
28 29 51 59
29 30 11 39
30 31 25 24
31 32 49 33
31 43 29 22
32 33 44 47
33 34 18 17
33 45 63 50
34 35 40 30
34 46 1 21
35 47 35 55
38 39 34 45
39 40 14 25
40 41 21 45
41 42 10 39
43 44 19 44
(1426, 1708)

Arvore 34
0 12 0 10
1 13 28 56
2 3 16 32
3 15 5 30
4 16 68 70
5 6 17 47
6 7 28 39
6 18 30 50
7 8 28 24
8 9 75 52
9 10 72 56
10 11 26 19
10 22 14 17
12 13 3 29
13 14 28 42
14 15 32 28
14 26 13 37
15 16 47 46
15 27 55 36
16 17 36 50
17 29 11 44
18 19 24 19
18 30 50 42
20 32 1 27
21 33 27 35
22 23 55 34
24 25 62 44
24 36 0 10
25 26 35 33
25 37 41 28
26 38 30 35
28 29 51 59
29 30 11 39
30 31 25 24
31 32 49 33
31 43 29 22
32 33 44 47
33 34 18 17
33 45 63 50
34 35 40 30
34 46 1 21
35 47 35 55
38 39 34 45
39 40 14 25
40 41 21 45
41 42 10 39
43 44 19 44
(1421, 1716)

Arvore 35
0 12 0 10
1 13 28 56
2 3 16 32
3 15 5 30
4 5 73 62
5 6 17 47
6 7 28 39
6 18 30 50
7 8 28 24
8 9 75 52
9 10 72 56
10 11 26 19
10 22 14 17
12 13 3 29
13 14 28 42
14 15 32 28
14 26 13 37
15 16 47 46
15 27 55 36
16 17 36 50
17 29 11 44
18 19 24 19
18 30 50 42
20 32 1 27
21 33 27 35
22 23 55 34
24 25 62 44
24 36 0 10
25 26 35 33
25 37 41 28
26 38 30 35
28 29 51 59
29 30 11 39
30 31 25 24
31 32 49 33
31 43 29 22
32 33 44 47
33 34 18 17
33 45 63 50
34 35 40 30
34 46 1 21
38 39 34 45
39 40 14 25
40 41 21 45
41 42 10 39
43 44 19 44
46 47 62 51
(1453, 1704)

Arvore 36
0 12 0 10
1 13 28 56
2 3 16 32
3 15 5 30
4 16 68 70
5 6 17 47
6 7 28 39
6 18 30 50
7 8 28 24
8 9 75 52
9 10 72 56
10 11 26 19
10 22 14 17
12 13 3 29
13 14 28 42
14 15 32 28
14 26 13 37
15 16 47 46
15 27 55 36
16 17 36 50
17 29 11 44
18 19 24 19
18 30 50 42
20 32 1 27
21 33 27 35
22 23 55 34
24 25 62 44
24 36 0 10
25 26 35 33
25 37 41 28
26 38 30 35
28 29 51 59
29 30 11 39
30 31 25 24
31 32 49 33
31 43 29 22
32 33 44 47
33 34 18 17
33 45 63 50
34 35 40 30
34 46 1 21
38 39 34 45
39 40 14 25
40 41 21 45
41 42 10 39
43 44 19 44
46 47 62 51
(1448, 1712)

Arvore 37
0 12 0 10
1 13 28 56
2 3 16 32
3 15 5 30
4 5 73 62
5 6 17 47
6 7 28 39
6 18 30 50
7 8 28 24
8 9 75 52
9 10 72 56
10 11 26 19
10 22 14 17
12 13 3 29
13 14 28 42
14 15 32 28
14 26 13 37
15 16 47 46
15 27 55 36
16 17 36 50
17 29 11 44
18 19 24 19
19 31 46 46
20 32 1 27
21 33 27 35
22 23 55 34
24 25 62 44
24 36 0 10
25 26 35 33
25 37 41 28
26 38 30 35
28 29 51 59
29 30 11 39
30 31 25 24
31 32 49 33
31 43 29 22
32 33 44 47
33 34 18 17
33 45 63 50
34 35 40 30
34 46 1 21
35 47 35 55
38 39 34 45
39 40 14 25
40 41 21 45
41 42 10 39
43 44 19 44
(1422, 1712)

Arvore 38
0 12 0 10
1 13 28 56
2 3 16 32
3 15 5 30
4 16 68 70
5 6 17 47
6 7 28 39
6 18 30 50
7 8 28 24
8 9 75 52
9 10 72 56
10 11 26 19
10 22 14 17
12 13 3 29
13 14 28 42
14 15 32 28
14 26 13 37
15 16 47 46
15 27 55 36
16 17 36 50
17 29 11 44
18 19 24 19
19 31 46 46
20 32 1 27
21 33 27 35
22 23 55 34
24 25 62 44
24 36 0 10
25 26 35 33
25 37 41 28
26 38 30 35
28 29 51 59
29 30 11 39
30 31 25 24
31 32 49 33
31 43 29 22
32 33 44 47
33 34 18 17
33 45 63 50
34 35 40 30
34 46 1 21
35 47 35 55
38 39 34 45
39 40 14 25
40 41 21 45
41 42 10 39
43 44 19 44
(1417, 1720)

Arvore 39
0 12 0 10
1 13 28 56
2 3 16 32
3 15 5 30
4 5 73 62
5 6 17 47
6 7 28 39
6 18 30 50
7 8 28 24
8 9 75 52
9 10 72 56
10 11 26 19
10 22 14 17
12 13 3 29
13 14 28 42
14 15 32 28
14 26 13 37
15 16 47 46
15 27 55 36
16 17 36 50
17 29 11 44
18 19 24 19
19 31 46 46
20 32 1 27
21 33 27 35
22 23 55 34
24 25 62 44
24 36 0 10
25 26 35 33
25 37 41 28
26 38 30 35
28 29 51 59
29 30 11 39
30 31 25 24
31 32 49 33
31 43 29 22
32 33 44 47
33 34 18 17
33 45 63 50
34 35 40 30
34 46 1 21
38 39 34 45
39 40 14 25
40 41 21 45
41 42 10 39
43 44 19 44
46 47 62 51
(1449, 1708)

Arvore 40
0 12 0 10
1 13 28 56
2 3 16 32
3 15 5 30
4 16 68 70
5 6 17 47
6 7 28 39
6 18 30 50
7 8 28 24
8 9 75 52
9 10 72 56
10 11 26 19
10 22 14 17
12 13 3 29
13 14 28 42
14 15 32 28
14 26 13 37
15 16 47 46
15 27 55 36
16 17 36 50
17 29 11 44
18 19 24 19
19 31 46 46
20 32 1 27
21 33 27 35
22 23 55 34
24 25 62 44
24 36 0 10
25 26 35 33
25 37 41 28
26 38 30 35
28 29 51 59
29 30 11 39
30 31 25 24
31 32 49 33
31 43 29 22
32 33 44 47
33 34 18 17
33 45 63 50
34 35 40 30
34 46 1 21
38 39 34 45
39 40 14 25
40 41 21 45
41 42 10 39
43 44 19 44
46 47 62 51
(1444, 1716)

Arvore 41
0 12 0 10
1 13 28 56
2 3 16 32
3 15 5 30
4 16 68 70
5 6 17 47
6 7 28 39
6 18 30 50
7 8 28 24
8 9 75 52
8 20 35 57
9 10 72 56
10 11 26 19
10 22 14 17
12 13 3 29
13 14 28 42
14 15 32 28
14 26 13 37
15 16 47 46
15 27 55 36
16 17 36 50
17 29 11 44
18 19 24 19
20 32 1 27
21 33 27 35
22 23 55 34
24 25 62 44
24 36 0 10
25 26 35 33
25 37 41 28
26 38 30 35
28 29 51 59
29 30 11 39
30 31 25 24
31 32 49 33
31 43 29 22
32 33 44 47
33 34 18 17
33 45 63 50
34 35 40 30
34 46 1 21
35 47 35 55
38 39 34 45
39 40 14 25
40 41 21 45
41 42 10 39
43 44 19 44
(1406, 1731)

Arvore 42
0 12 0 10
1 13 28 56
2 3 16 32
3 15 5 30
4 5 73 62
5 6 17 47
6 7 28 39
6 18 30 50
7 8 28 24
8 9 75 52
8 20 35 57
9 10 72 56
10 11 26 19
10 22 14 17
12 13 3 29
13 14 28 42
14 15 32 28
14 26 13 37
15 16 47 46
15 27 55 36
16 17 36 50
17 29 11 44
18 19 24 19
20 32 1 27
21 33 27 35
22 23 55 34
24 25 62 44
24 36 0 10
25 26 35 33
25 37 41 28
26 38 30 35
28 29 51 59
29 30 11 39
30 31 25 24
31 32 49 33
31 43 29 22
32 33 44 47
33 34 18 17
33 45 63 50
34 35 40 30
34 46 1 21
35 47 35 55
38 39 34 45
39 40 14 25
40 41 21 45
41 42 10 39
43 44 19 44
(1411, 1723)

Arvore 43
0 12 0 10
1 2 54 53
2 3 16 32
3 15 5 30
4 5 73 62
5 6 17 47
6 7 28 39
6 18 30 50
7 8 28 24
8 9 75 52
9 10 72 56
10 11 26 19
10 22 14 17
12 13 3 29
13 14 28 42
14 15 32 28
14 26 13 37
15 16 47 46
15 27 55 36
16 17 36 50
17 29 11 44
18 19 24 19
18 30 50 42
20 32 1 27
21 33 27 35
22 23 55 34
24 25 62 44
24 36 0 10
25 26 35 33
25 37 41 28
26 38 30 35
28 29 51 59
29 30 11 39
30 31 25 24
31 32 49 33
31 43 29 22
32 33 44 47
33 34 18 17
33 45 63 50
34 35 40 30
34 46 1 21
35 47 35 55
38 39 34 45
39 40 14 25
40 41 21 45
41 42 10 39
43 44 19 44
(1452, 1705)

Arvore 44
0 12 0 10
1 2 54 53
2 3 16 32
3 15 5 30
4 16 68 70
5 6 17 47
6 7 28 39
6 18 30 50
7 8 28 24
8 9 75 52
9 10 72 56
10 11 26 19
10 22 14 17
12 13 3 29
13 14 28 42
14 15 32 28
14 26 13 37
15 16 47 46
15 27 55 36
16 17 36 50
17 29 11 44
18 19 24 19
18 30 50 42
20 32 1 27
21 33 27 35
22 23 55 34
24 25 62 44
24 36 0 10
25 26 35 33
25 37 41 28
26 38 30 35
28 29 51 59
29 30 11 39
30 31 25 24
31 32 49 33
31 43 29 22
32 33 44 47
33 34 18 17
33 45 63 50
34 35 40 30
34 46 1 21
35 47 35 55
38 39 34 45
39 40 14 25
40 41 21 45
41 42 10 39
43 44 19 44
(1447, 1713)

Arvore 45
0 12 0 10
1 2 54 53
2 3 16 32
3 15 5 30
4 5 73 62
5 6 17 47
6 7 28 39
6 18 30 50
7 8 28 24
8 9 75 52
9 10 72 56
10 11 26 19
10 22 14 17
12 13 3 29
13 14 28 42
14 15 32 28
14 26 13 37
15 16 47 46
15 27 55 36
16 17 36 50
17 29 11 44
18 19 24 19
18 30 50 42
20 32 1 27
21 33 27 35
22 23 55 34
24 25 62 44
24 36 0 10
25 26 35 33
25 37 41 28
26 38 30 35
28 29 51 59
29 30 11 39
30 31 25 24
31 32 49 33
31 43 29 22
32 33 44 47
33 34 18 17
33 45 63 50
34 35 40 30
34 46 1 21
38 39 34 45
39 40 14 25
40 41 21 45
41 42 10 39
43 44 19 44
46 47 62 51
(1479, 1701)

Arvore 46
0 12 0 10
1 2 54 53
2 3 16 32
3 15 5 30
4 16 68 70
5 6 17 47
6 7 28 39
6 18 30 50
7 8 28 24
8 9 75 52
9 10 72 56
10 11 26 19
10 22 14 17
12 13 3 29
13 14 28 42
14 15 32 28
14 26 13 37
15 16 47 46
15 27 55 36
16 17 36 50
17 29 11 44
18 19 24 19
18 30 50 42
20 32 1 27
21 33 27 35
22 23 55 34
24 25 62 44
24 36 0 10
25 26 35 33
25 37 41 28
26 38 30 35
28 29 51 59
29 30 11 39
30 31 25 24
31 32 49 33
31 43 29 22
32 33 44 47
33 34 18 17
33 45 63 50
34 35 40 30
34 46 1 21
38 39 34 45
39 40 14 25
40 41 21 45
41 42 10 39
43 44 19 44
46 47 62 51
(1474, 1709)

Arvore 47
0 12 0 10
1 2 54 53
2 3 16 32
3 15 5 30
4 5 73 62
5 6 17 47
6 7 28 39
6 18 30 50
7 8 28 24
8 9 75 52
9 10 72 56
10 11 26 19
10 22 14 17
12 13 3 29
13 14 28 42
14 15 32 28
14 26 13 37
15 16 47 46
15 27 55 36
16 17 36 50
17 29 11 44
18 19 24 19
19 31 46 46
20 32 1 27
21 33 27 35
22 23 55 34
24 25 62 44
24 36 0 10
25 26 35 33
25 37 41 28
26 38 30 35
28 29 51 59
29 30 11 39
30 31 25 24
31 32 49 33
31 43 29 22
32 33 44 47
33 34 18 17
33 45 63 50
34 35 40 30
34 46 1 21
35 47 35 55
38 39 34 45
39 40 14 25
40 41 21 45
41 42 10 39
43 44 19 44
(1448, 1709)

Arvore 48
0 12 0 10
1 2 54 53
2 3 16 32
3 15 5 30
4 16 68 70
5 6 17 47
6 7 28 39
6 18 30 50
7 8 28 24
8 9 75 52
9 10 72 56
10 11 26 19
10 22 14 17
12 13 3 29
13 14 28 42
14 15 32 28
14 26 13 37
15 16 47 46
15 27 55 36
16 17 36 50
17 29 11 44
18 19 24 19
19 31 46 46
20 32 1 27
21 33 27 35
22 23 55 34
24 25 62 44
24 36 0 10
25 26 35 33
25 37 41 28
26 38 30 35
28 29 51 59
29 30 11 39
30 31 25 24
31 32 49 33
31 43 29 22
32 33 44 47
33 34 18 17
33 45 63 50
34 35 40 30
34 46 1 21
35 47 35 55
38 39 34 45
39 40 14 25
40 41 21 45
41 42 10 39
43 44 19 44
(1443, 1717)

Arvore 49
0 12 0 10
1 2 54 53
2 3 16 32
3 15 5 30
4 5 73 62
5 6 17 47
6 7 28 39
6 18 30 50
7 8 28 24
8 9 75 52
9 10 72 56
10 11 26 19
10 22 14 17
12 13 3 29
13 14 28 42
14 15 32 28
14 26 13 37
15 16 47 46
15 27 55 36
16 17 36 50
17 29 11 44
18 19 24 19
19 31 46 46
20 32 1 27
21 33 27 35
22 23 55 34
24 25 62 44
24 36 0 10
25 26 35 33
25 37 41 28
26 38 30 35
28 29 51 59
29 30 11 39
30 31 25 24
31 32 49 33
31 43 29 22
32 33 44 47
33 34 18 17
33 45 63 50
34 35 40 30
34 46 1 21
38 39 34 45
39 40 14 25
40 41 21 45
41 42 10 39
43 44 19 44
46 47 62 51
(1475, 1705)

Arvore 50
0 12 0 10
1 2 54 53
2 3 16 32
3 15 5 30
4 16 68 70
5 6 17 47
6 7 28 39
6 18 30 50
7 8 28 24
8 9 75 52
9 10 72 56
10 11 26 19
10 22 14 17
12 13 3 29
13 14 28 42
14 15 32 28
14 26 13 37
15 16 47 46
15 27 55 36
16 17 36 50
17 29 11 44
18 19 24 19
19 31 46 46
20 32 1 27
21 33 27 35
22 23 55 34
24 25 62 44
24 36 0 10
25 26 35 33
25 37 41 28
26 38 30 35
28 29 51 59
29 30 11 39
30 31 25 24
31 32 49 33
31 43 29 22
32 33 44 47
33 34 18 17
33 45 63 50
34 35 40 30
34 46 1 21
38 39 34 45
39 40 14 25
40 41 21 45
41 42 10 39
43 44 19 44
46 47 62 51
(1470, 1713)

Arvore 51
0 12 0 10
1 13 28 56
2 3 16 32
3 15 5 30
4 16 68 70
5 6 17 47
6 7 28 39
6 18 30 50
7 8 28 24
8 9 75 52
9 10 72 56
10 11 26 19
10 22 14 17
12 13 3 29
13 14 28 42
14 15 32 28
14 26 13 37
15 16 47 46
16 17 36 50
17 29 11 44
18 19 24 19
18 30 50 42
20 32 1 27
21 33 27 35
22 23 55 34
24 25 62 44
24 36 0 10
25 26 35 33
25 37 41 28
26 38 30 35
27 28 53 59
28 29 51 59
29 30 11 39
30 31 25 24
31 32 49 33
31 43 29 22
32 33 44 47
33 34 18 17
33 45 63 50
34 35 40 30
34 46 1 21
35 47 35 55
38 39 34 45
39 40 14 25
40 41 21 45
41 42 10 39
43 44 19 44
(1419, 1739)

Arvore 52
0 12 0 10
1 13 28 56
2 3 16 32
3 15 5 30
4 5 73 62
5 6 17 47
6 7 28 39
6 18 30 50
7 8 28 24
8 9 75 52
9 10 72 56
10 11 26 19
10 22 14 17
12 13 3 29
13 14 28 42
14 15 32 28
14 26 13 37
15 16 47 46
16 17 36 50
17 29 11 44
18 19 24 19
18 30 50 42
20 32 1 27
21 33 27 35
22 23 55 34
24 25 62 44
24 36 0 10
25 26 35 33
25 37 41 28
26 38 30 35
27 28 53 59
28 29 51 59
29 30 11 39
30 31 25 24
31 32 49 33
31 43 29 22
32 33 44 47
33 34 18 17
33 45 63 50
34 35 40 30
34 46 1 21
35 47 35 55
38 39 34 45
39 40 14 25
40 41 21 45
41 42 10 39
43 44 19 44
(1424, 1731)

Arvore 53
0 12 0 10
1 13 28 56
2 3 16 32
3 15 5 30
4 16 68 70
5 6 17 47
6 7 28 39
6 18 30 50
7 8 28 24
8 9 75 52
9 10 72 56
10 11 26 19
10 22 14 17
12 13 3 29
13 14 28 42
14 15 32 28
14 26 13 37
15 16 47 46
16 17 36 50
17 29 11 44
18 19 24 19
19 31 46 46
20 32 1 27
21 33 27 35
22 23 55 34
24 25 62 44
24 36 0 10
25 26 35 33
25 37 41 28
26 38 30 35
27 28 53 59
28 29 51 59
29 30 11 39
30 31 25 24
31 32 49 33
31 43 29 22
32 33 44 47
33 34 18 17
33 45 63 50
34 35 40 30
34 46 1 21
35 47 35 55
38 39 34 45
39 40 14 25
40 41 21 45
41 42 10 39
43 44 19 44
(1415, 1743)

Arvore 54
0 12 0 10
1 13 28 56
2 3 16 32
3 15 5 30
4 5 73 62
5 6 17 47
6 7 28 39
6 18 30 50
7 8 28 24
8 9 75 52
9 10 72 56
10 11 26 19
10 22 14 17
12 13 3 29
13 14 28 42
14 15 32 28
14 26 13 37
15 16 47 46
16 17 36 50
17 29 11 44
18 19 24 19
19 31 46 46
20 32 1 27
21 33 27 35
22 23 55 34
24 25 62 44
24 36 0 10
25 26 35 33
25 37 41 28
26 38 30 35
27 28 53 59
28 29 51 59
29 30 11 39
30 31 25 24
31 32 49 33
31 43 29 22
32 33 44 47
33 34 18 17
33 45 63 50
34 35 40 30
34 46 1 21
35 47 35 55
38 39 34 45
39 40 14 25
40 41 21 45
41 42 10 39
43 44 19 44
(1420, 1735)

Arvore 55
0 12 0 10
1 13 28 56
2 3 16 32
3 15 5 30
4 16 68 70
5 6 17 47
6 7 28 39
6 18 30 50
7 8 28 24
8 9 75 52
8 20 35 57
9 10 72 56
10 11 26 19
10 22 14 17
12 13 3 29
13 14 28 42
14 15 32 28
14 26 13 37
15 16 47 46
16 17 36 50
17 29 11 44
18 19 24 19
20 32 1 27
21 33 27 35
22 23 55 34
24 25 62 44
24 36 0 10
25 26 35 33
25 37 41 28
26 38 30 35
27 28 53 59
28 29 51 59
29 30 11 39
30 31 25 24
31 32 49 33
31 43 29 22
32 33 44 47
33 34 18 17
33 45 63 50
34 35 40 30
34 46 1 21
35 47 35 55
38 39 34 45
39 40 14 25
40 41 21 45
41 42 10 39
43 44 19 44
(1404, 1754)

Arvore 56
0 12 0 10
1 13 28 56
2 3 16 32
3 15 5 30
4 5 73 62
5 6 17 47
6 7 28 39
6 18 30 50
7 8 28 24
8 9 75 52
8 20 35 57
9 10 72 56
10 11 26 19
10 22 14 17
12 13 3 29
13 14 28 42
14 15 32 28
14 26 13 37
15 16 47 46
16 17 36 50
17 29 11 44
18 19 24 19
20 32 1 27
21 33 27 35
22 23 55 34
24 25 62 44
24 36 0 10
25 26 35 33
25 37 41 28
26 38 30 35
27 28 53 59
28 29 51 59
29 30 11 39
30 31 25 24
31 32 49 33
31 43 29 22
32 33 44 47
33 34 18 17
33 45 63 50
34 35 40 30
34 46 1 21
35 47 35 55
38 39 34 45
39 40 14 25
40 41 21 45
41 42 10 39
43 44 19 44
(1409, 1746)

Arvore 57
0 12 0 10
1 2 54 53
2 3 16 32
3 15 5 30
4 16 68 70
5 6 17 47
6 7 28 39
6 18 30 50
7 8 28 24
8 9 75 52
9 10 72 56
10 11 26 19
10 22 14 17
12 13 3 29
13 14 28 42
14 15 32 28
14 26 13 37
15 16 47 46
16 17 36 50
17 29 11 44
18 19 24 19
18 30 50 42
20 32 1 27
21 33 27 35
22 23 55 34
24 25 62 44
24 36 0 10
25 26 35 33
25 37 41 28
26 38 30 35
27 28 53 59
28 29 51 59
29 30 11 39
30 31 25 24
31 32 49 33
31 43 29 22
32 33 44 47
33 34 18 17
33 45 63 50
34 35 40 30
34 46 1 21
35 47 35 55
38 39 34 45
39 40 14 25
40 41 21 45
41 42 10 39
43 44 19 44
(1445, 1736)

Arvore 58
0 12 0 10
1 2 54 53
2 3 16 32
3 15 5 30
4 5 73 62
5 6 17 47
6 7 28 39
6 18 30 50
7 8 28 24
8 9 75 52
9 10 72 56
10 11 26 19
10 22 14 17
12 13 3 29
13 14 28 42
14 15 32 28
14 26 13 37
15 16 47 46
16 17 36 50
17 29 11 44
18 19 24 19
18 30 50 42
20 32 1 27
21 33 27 35
22 23 55 34
24 25 62 44
24 36 0 10
25 26 35 33
25 37 41 28
26 38 30 35
27 28 53 59
28 29 51 59
29 30 11 39
30 31 25 24
31 32 49 33
31 43 29 22
32 33 44 47
33 34 18 17
33 45 63 50
34 35 40 30
34 46 1 21
35 47 35 55
38 39 34 45
39 40 14 25
40 41 21 45
41 42 10 39
43 44 19 44
(1450, 1728)

Arvore 59
0 12 0 10
1 2 54 53
2 3 16 32
3 15 5 30
4 16 68 70
5 6 17 47
6 7 28 39
6 18 30 50
7 8 28 24
8 9 75 52
9 10 72 56
10 11 26 19
10 22 14 17
12 13 3 29
13 14 28 42
14 15 32 28
14 26 13 37
15 16 47 46
16 17 36 50
17 29 11 44
18 19 24 19
19 31 46 46
20 32 1 27
21 33 27 35
22 23 55 34
24 25 62 44
24 36 0 10
25 26 35 33
25 37 41 28
26 38 30 35
27 28 53 59
28 29 51 59
29 30 11 39
30 31 25 24
31 32 49 33
31 43 29 22
32 33 44 47
33 34 18 17
33 45 63 50
34 35 40 30
34 46 1 21
35 47 35 55
38 39 34 45
39 40 14 25
40 41 21 45
41 42 10 39
43 44 19 44
(1441, 1740)

Arvore 60
0 12 0 10
1 2 54 53
2 3 16 32
3 15 5 30
4 5 73 62
5 6 17 47
6 7 28 39
6 18 30 50
7 8 28 24
8 9 75 52
9 10 72 56
10 11 26 19
10 22 14 17
12 13 3 29
13 14 28 42
14 15 32 28
14 26 13 37
15 16 47 46
16 17 36 50
17 29 11 44
18 19 24 19
19 31 46 46
20 32 1 27
21 33 27 35
22 23 55 34
24 25 62 44
24 36 0 10
25 26 35 33
25 37 41 28
26 38 30 35
27 28 53 59
28 29 51 59
29 30 11 39
30 31 25 24
31 32 49 33
31 43 29 22
32 33 44 47
33 34 18 17
33 45 63 50
34 35 40 30
34 46 1 21
35 47 35 55
38 39 34 45
39 40 14 25
40 41 21 45
41 42 10 39
43 44 19 44
(1446, 1732)

Arvore 61
0 12 0 10
1 13 28 56
2 3 16 32
3 15 5 30
4 16 68 70
5 6 17 47
6 7 28 39
6 18 30 50
7 8 28 24
8 9 75 52
8 20 35 57
9 10 72 56
10 11 26 19
10 22 14 17
12 13 3 29
13 14 28 42
14 15 32 28
14 26 13 37
15 16 47 46
15 27 55 36
16 17 36 50
17 29 11 44
18 19 24 19
19 31 46 46
20 32 1 27
21 33 27 35
22 23 55 34
24 25 62 44
24 36 0 10
25 26 35 33
25 37 41 28
26 38 30 35
28 29 51 59
29 30 11 39
30 31 25 24
31 43 29 22
32 33 44 47
33 34 18 17
33 45 63 50
34 35 40 30
34 46 1 21
35 47 35 55
38 39 34 45
39 40 14 25
40 41 21 45
41 42 10 39
43 44 19 44
(1403, 1744)

Arvore 62
0 12 0 10
1 13 28 56
2 3 16 32
3 15 5 30
4 5 73 62
5 6 17 47
6 7 28 39
6 18 30 50
7 8 28 24
8 9 75 52
8 20 35 57
9 10 72 56
10 11 26 19
10 22 14 17
12 13 3 29
13 14 28 42
14 15 32 28
14 26 13 37
15 16 47 46
15 27 55 36
16 17 36 50
17 29 11 44
18 19 24 19
19 31 46 46
20 32 1 27
21 33 27 35
22 23 55 34
24 25 62 44
24 36 0 10
25 26 35 33
25 37 41 28
26 38 30 35
28 29 51 59
29 30 11 39
30 31 25 24
31 43 29 22
32 33 44 47
33 34 18 17
33 45 63 50
34 35 40 30
34 46 1 21
35 47 35 55
38 39 34 45
39 40 14 25
40 41 21 45
41 42 10 39
43 44 19 44
(1408, 1736)

Arvore 63
0 12 0 10
1 13 28 56
2 3 16 32
3 15 5 30
4 16 68 70
5 6 17 47
6 7 28 39
6 18 30 50
7 8 28 24
8 9 75 52
8 20 35 57
9 10 72 56
10 11 26 19
10 22 14 17
12 13 3 29
13 14 28 42
14 15 32 28
14 26 13 37
15 16 47 46
16 17 36 50
17 29 11 44
18 19 24 19
19 31 46 46
20 32 1 27
21 33 27 35
22 23 55 34
24 25 62 44
24 36 0 10
25 26 35 33
25 37 41 28
26 38 30 35
27 28 53 59
28 29 51 59
29 30 11 39
30 31 25 24
31 43 29 22
32 33 44 47
33 34 18 17
33 45 63 50
34 35 40 30
34 46 1 21
35 47 35 55
38 39 34 45
39 40 14 25
40 41 21 45
41 42 10 39
43 44 19 44
(1401, 1767)

Arvore 64
0 12 0 10
1 13 28 56
2 3 16 32
3 15 5 30
4 5 73 62
5 6 17 47
6 7 28 39
6 18 30 50
7 8 28 24
8 9 75 52
8 20 35 57
9 10 72 56
10 11 26 19
10 22 14 17
12 13 3 29
13 14 28 42
14 15 32 28
14 26 13 37
15 16 47 46
16 17 36 50
17 29 11 44
18 19 24 19
19 31 46 46
20 32 1 27
21 33 27 35
22 23 55 34
24 25 62 44
24 36 0 10
25 26 35 33
25 37 41 28
26 38 30 35
27 28 53 59
28 29 51 59
29 30 11 39
30 31 25 24
31 43 29 22
32 33 44 47
33 34 18 17
33 45 63 50
34 35 40 30
34 46 1 21
35 47 35 55
38 39 34 45
39 40 14 25
40 41 21 45
41 42 10 39
43 44 19 44
(1406, 1759)

