40759
407.59
Arvore 1
0 1 5 26
1 2 15 31
1 27 63 45
2 3 17 29
3 4 41 28
3 29 9 13
4 5 53 55
5 6 33 26
6 7 17 26
6 32 25 40
7 8 85 78
7 33 92 56
8 34 72 72
9 10 30 32
9 35 49 39
10 11 10 40
11 12 15 45
11 37 35 30
13 14 90 60
13 39 17 28
14 15 65 57
15 16 44 59
15 41 17 29
16 17 84 57
17 18 14 32
17 43 58 37
18 44 62 70
19 20 74 68
19 45 81 73
20 21 49 57
20 46 10 31
21 22 14 21
22 23 28 53
23 24 35 56
24 25 36 54
24 50 54 59
26 27 14 45
27 28 42 45
30 31 33 46
31 32 16 13
34 35 37 34
36 37 19 16
37 38 3 18
38 39 6 16
40 41 69 77
41 42 2 19
44 45 43 57
46 47 35 45
47 48 14 39
48 49 32 26
50 51 49 44
(1912, 2152)

Arvore 2
0 1 5 26
1 2 15 31
1 27 63 45
2 3 17 29
3 4 41 28
3 29 9 13
4 5 53 55
5 6 33 26
6 7 17 26
6 32 25 40
7 33 92 56
8 34 72 72
9 10 30 32
9 35 49 39
10 11 10 40
11 12 15 45
11 37 35 30
13 14 90 60
13 39 17 28
14 15 65 57
15 16 44 59
15 41 17 29
16 17 84 57
17 18 14 32
17 43 58 37
18 44 62 70
19 20 74 68
19 45 81 73
20 21 49 57
20 46 10 31
21 22 14 21
22 23 28 53
23 24 35 56
24 25 36 54
24 50 54 59
26 27 14 45
27 28 42 45
30 31 33 46
31 32 16 13
33 34 76 80
34 35 37 34
36 37 19 16
37 38 3 18
38 39 6 16
40 41 69 77
41 42 2 19
44 45 43 57
46 47 35 45
47 48 14 39
48 49 32 26
50 51 49 44
(1903, 2154)

Arvore 3
0 1 5 26
1 2 15 31
1 27 63 45
2 3 17 29
3 4 41 28
3 29 9 13
4 5 53 55
5 6 33 26
6 7 17 26
6 32 25 40
7 33 92 56
8 34 72 72
9 10 30 32
9 35 49 39
10 11 10 40
11 12 15 45
11 37 35 30
13 14 90 60
13 39 17 28
14 15 65 57
15 16 44 59
15 41 17 29
17 18 14 32
17 43 58 37
18 44 62 70
19 20 74 68
19 45 81 73
20 21 49 57
20 46 10 31
21 22 14 21
22 23 28 53
23 24 35 56
24 25 36 54
24 50 54 59
26 27 14 45
27 28 42 45
30 31 33 46
31 32 16 13
33 34 76 80
34 35 37 34
36 37 19 16
37 38 3 18
38 39 6 16
40 41 69 77
41 42 2 19
42 43 81 72
44 45 43 57
46 47 35 45
47 48 14 39
48 49 32 26
50 51 49 44
(1900, 2169)

Arvore 4
0 1 5 26
1 2 15 31
1 27 63 45
2 3 17 29
3 4 41 28
3 29 9 13
4 5 53 55
5 6 33 26
6 7 17 26
6 32 25 40
7 8 85 78
7 33 92 56
8 34 72 72
9 10 30 32
9 35 49 39
10 11 10 40
11 12 15 45
11 37 35 30
13 14 90 60
13 39 17 28
14 15 65 57
15 16 44 59
15 41 17 29
17 18 14 32
17 43 58 37
18 44 62 70
19 20 74 68
19 45 81 73
20 21 49 57
20 46 10 31
21 22 14 21
22 23 28 53
23 24 35 56
24 25 36 54
24 50 54 59
26 27 14 45
27 28 42 45
30 31 33 46
31 32 16 13
34 35 37 34
36 37 19 16
37 38 3 18
38 39 6 16
40 41 69 77
41 42 2 19
42 43 81 72
44 45 43 57
46 47 35 45
47 48 14 39
48 49 32 26
50 51 49 44
(1909, 2167)

Arvore 5
0 1 5 26
1 2 15 31
1 27 63 45
2 3 17 29
3 4 41 28
3 29 9 13
4 5 53 55
5 6 33 26
6 7 17 26
6 32 25 40
7 8 85 78
8 34 72 72
9 10 30 32
9 35 49 39
10 11 10 40
11 12 15 45
11 37 35 30
13 14 90 60
13 39 17 28
14 15 65 57
15 16 44 59
15 41 17 29
16 17 84 57
17 18 14 32
17 43 58 37
18 44 62 70
19 20 74 68
19 45 81 73
20 21 49 57
20 46 10 31
21 22 14 21
22 23 28 53
23 24 35 56
24 25 36 54
24 50 54 59
26 27 14 45
27 28 42 45
30 31 33 46
31 32 16 13
33 34 76 80
34 35 37 34
36 37 19 16
37 38 3 18
38 39 6 16
40 41 69 77
41 42 2 19
44 45 43 57
46 47 35 45
47 48 14 39
48 49 32 26
50 51 49 44
(1896, 2176)

Arvore 6
0 1 5 26
1 2 15 31
1 27 63 45
2 3 17 29
3 4 41 28
3 29 9 13
4 5 53 55
5 6 33 26
6 7 17 26
6 32 25 40
7 8 85 78
8 34 72 72
9 10 30 32
9 35 49 39
10 11 10 40
11 12 15 45
11 37 35 30
13 14 90 60
13 39 17 28
14 15 65 57
15 16 44 59
15 41 17 29
17 18 14 32
17 43 58 37
18 44 62 70
19 20 74 68
19 45 81 73
20 21 49 57
20 46 10 31
21 22 14 21
22 23 28 53
23 24 35 56
24 25 36 54
24 50 54 59
26 27 14 45
27 28 42 45
30 31 33 46
31 32 16 13
33 34 76 80
34 35 37 34
36 37 19 16
37 38 3 18
38 39 6 16
40 41 69 77
41 42 2 19
42 43 81 72
44 45 43 57
46 47 35 45
47 48 14 39
48 49 32 26
50 51 49 44
(1893, 2191)

Arvore 7
0 1 5 26
1 2 15 31
1 27 63 45
2 3 17 29
3 4 41 28
3 29 9 13
4 5 53 55
5 6 33 26
6 7 17 26
6 32 25 40
7 8 85 78
7 33 92 56
8 34 72 72
9 10 30 32
9 35 49 39
10 11 10 40
11 12 15 45
11 37 35 30
13 14 90 60
13 39 17 28
14 15 65 57
15 16 44 59
15 41 17 29
16 17 84 57
17 18 14 32
17 43 58 37
19 20 74 68
19 45 81 73
20 21 49 57
20 46 10 31
21 22 14 21
22 23 28 53
23 24 35 56
24 25 36 54
24 50 54 59
26 27 14 45
27 28 42 45
30 31 33 46
31 32 16 13
34 35 37 34
36 37 19 16
37 38 3 18
38 39 6 16
40 41 69 77
41 42 2 19
43 44 71 50
44 45 43 57
46 47 35 45
47 48 14 39
48 49 32 26
50 51 49 44
(1921, 2132)

Arvore 8
0 1 5 26
1 2 15 31
1 27 63 45
2 3 17 29
3 4 41 28
3 29 9 13
4 5 53 55
5 6 33 26
6 7 17 26
6 32 25 40
7 33 92 56
8 34 72 72
9 10 30 32
9 35 49 39
10 11 10 40
11 12 15 45
11 37 35 30
13 14 90 60
13 39 17 28
14 15 65 57
15 16 44 59
15 41 17 29
16 17 84 57
17 18 14 32
17 43 58 37
19 20 74 68
19 45 81 73
20 21 49 57
20 46 10 31
21 22 14 21
22 23 28 53
23 24 35 56
24 25 36 54
24 50 54 59
26 27 14 45
27 28 42 45
30 31 33 46
31 32 16 13
33 34 76 80
34 35 37 34
36 37 19 16
37 38 3 18
38 39 6 16
40 41 69 77
41 42 2 19
43 44 71 50
44 45 43 57
46 47 35 45
47 48 14 39
48 49 32 26
50 51 49 44
(1912, 2134)

Arvore 9
0 1 5 26
1 2 15 31
1 27 63 45
2 3 17 29
3 4 41 28
3 29 9 13
4 5 53 55
5 6 33 26
6 7 17 26
6 32 25 40
7 33 92 56
8 34 72 72
9 10 30 32
9 35 49 39
10 11 10 40
11 12 15 45
11 37 35 30
13 14 90 60
13 39 17 28
14 15 65 57
15 16 44 59
15 41 17 29
17 18 14 32
17 43 58 37
19 20 74 68
19 45 81 73
20 21 49 57
20 46 10 31
21 22 14 21
22 23 28 53
23 24 35 56
24 25 36 54
24 50 54 59
26 27 14 45
27 28 42 45
30 31 33 46
31 32 16 13
33 34 76 80
34 35 37 34
36 37 19 16
37 38 3 18
38 39 6 16
40 41 69 77
41 42 2 19
42 43 81 72
43 44 71 50
44 45 43 57
46 47 35 45
47 48 14 39
48 49 32 26
50 51 49 44
(1909, 2149)

Arvore 10
0 1 5 26
1 2 15 31
1 27 63 45
2 3 17 29
3 4 41 28
3 29 9 13
4 5 53 55
5 6 33 26
6 7 17 26
6 32 25 40
7 8 85 78
7 33 92 56
8 34 72 72
9 10 30 32
9 35 49 39
10 11 10 40
11 12 15 45
11 37 35 30
13 14 90 60
13 39 17 28
14 15 65 57
15 16 44 59
15 41 17 29
17 18 14 32
17 43 58 37
19 20 74 68
19 45 81 73
20 21 49 57
20 46 10 31
21 22 14 21
22 23 28 53
23 24 35 56
24 25 36 54
24 50 54 59
26 27 14 45
27 28 42 45
30 31 33 46
31 32 16 13
34 35 37 34
36 37 19 16
37 38 3 18
38 39 6 16
40 41 69 77
41 42 2 19
42 43 81 72
43 44 71 50
44 45 43 57
46 47 35 45
47 48 14 39
48 49 32 26
50 51 49 44
(1918, 2147)

Arvore 11
0 1 5 26
1 2 15 31
1 27 63 45
2 3 17 29
3 4 41 28
3 29 9 13
4 5 53 55
5 6 33 26
6 7 17 26
6 32 25 40
7 8 85 78
8 34 72 72
9 10 30 32
9 35 49 39
10 11 10 40
11 12 15 45
11 37 35 30
13 14 90 60
13 39 17 28
14 15 65 57
15 16 44 59
15 41 17 29
16 17 84 57
17 18 14 32
17 43 58 37
19 20 74 68
19 45 81 73
20 21 49 57
20 46 10 31
21 22 14 21
22 23 28 53
23 24 35 56
24 25 36 54
24 50 54 59
26 27 14 45
27 28 42 45
30 31 33 46
31 32 16 13
33 34 76 80
34 35 37 34
36 37 19 16
37 38 3 18
38 39 6 16
40 41 69 77
41 42 2 19
43 44 71 50
44 45 43 57
46 47 35 45
47 48 14 39
48 49 32 26
50 51 49 44
(1905, 2156)

Arvore 12
0 1 5 26
1 2 15 31
1 27 63 45
2 3 17 29
3 4 41 28
3 29 9 13
4 5 53 55
5 6 33 26
6 7 17 26
6 32 25 40
7 8 85 78
8 34 72 72
9 10 30 32
9 35 49 39
10 11 10 40
11 12 15 45
11 37 35 30
13 14 90 60
13 39 17 28
14 15 65 57
15 16 44 59
15 41 17 29
17 18 14 32
17 43 58 37
19 20 74 68
19 45 81 73
20 21 49 57
20 46 10 31
21 22 14 21
22 23 28 53
23 24 35 56
24 25 36 54
24 50 54 59
26 27 14 45
27 28 42 45
30 31 33 46
31 32 16 13
33 34 76 80
34 35 37 34
36 37 19 16
37 38 3 18
38 39 6 16
40 41 69 77
41 42 2 19
42 43 81 72
43 44 71 50
44 45 43 57
46 47 35 45
47 48 14 39
48 49 32 26
50 51 49 44
(1902, 2171)

Arvore 13
0 1 5 26
1 2 15 31
1 27 63 45
2 3 17 29
3 4 41 28
3 29 9 13
4 5 53 55
5 6 33 26
6 7 17 26
6 32 25 40
7 8 85 78
7 33 92 56
8 34 72 72
9 10 30 32
9 35 49 39
10 11 10 40
11 12 15 45
11 37 35 30
13 14 90 60
13 39 17 28
14 15 65 57
15 16 44 59
15 41 17 29
16 17 84 57
17 18 14 32
17 43 58 37
19 20 74 68
19 45 81 73
20 21 49 57
20 46 10 31
21 22 14 21
22 23 28 53
23 24 35 56
24 25 36 54
25 51 77 56
26 27 14 45
27 28 42 45
30 31 33 46
31 32 16 13
34 35 37 34
36 37 19 16
37 38 3 18
38 39 6 16
40 41 69 77
41 42 2 19
43 44 71 50
44 45 43 57
46 47 35 45
47 48 14 39
48 49 32 26
50 51 49 44
(1944, 2129)

Arvore 14
0 1 5 26
1 2 15 31
1 27 63 45
2 3 17 29
3 4 41 28
3 29 9 13
4 5 53 55
5 6 33 26
6 7 17 26
6 32 25 40
7 33 92 56
8 34 72 72
9 10 30 32
9 35 49 39
10 11 10 40
11 12 15 45
11 37 35 30
13 14 90 60
13 39 17 28
14 15 65 57
15 16 44 59
15 41 17 29
16 17 84 57
17 18 14 32
17 43 58 37
19 20 74 68
19 45 81 73
20 21 49 57
20 46 10 31
21 22 14 21
22 23 28 53
23 24 35 56
24 25 36 54
25 51 77 56
26 27 14 45
27 28 42 45
30 31 33 46
31 32 16 13
33 34 76 80
34 35 37 34
36 37 19 16
37 38 3 18
38 39 6 16
40 41 69 77
41 42 2 19
43 44 71 50
44 45 43 57
46 47 35 45
47 48 14 39
48 49 32 26
50 51 49 44
(1935, 2131)

Arvore 15
0 1 5 26
1 2 15 31
1 27 63 45
2 3 17 29
3 4 41 28
3 29 9 13
4 5 53 55
5 6 33 26
6 7 17 26
6 32 25 40
7 33 92 56
8 34 72 72
9 10 30 32
9 35 49 39
10 11 10 40
11 12 15 45
11 37 35 30
13 14 90 60
13 39 17 28
14 15 65 57
15 16 44 59
15 41 17 29
17 18 14 32
17 43 58 37
19 20 74 68
19 45 81 73
20 21 49 57
20 46 10 31
21 22 14 21
22 23 28 53
23 24 35 56
24 25 36 54
25 51 77 56
26 27 14 45
27 28 42 45
30 31 33 46
31 32 16 13
33 34 76 80
34 35 37 34
36 37 19 16
37 38 3 18
38 39 6 16
40 41 69 77
41 42 2 19
42 43 81 72
43 44 71 50
44 45 43 57
46 47 35 45
47 48 14 39
48 49 32 26
50 51 49 44
(1932, 2146)

Arvore 16
0 1 5 26
1 2 15 31
1 27 63 45
2 3 17 29
3 4 41 28
3 29 9 13
4 5 53 55
5 6 33 26
6 7 17 26
6 32 25 40
7 8 85 78
7 33 92 56
8 34 72 72
9 10 30 32
9 35 49 39
10 11 10 40
11 12 15 45
11 37 35 30
13 14 90 60
13 39 17 28
14 15 65 57
15 16 44 59
15 41 17 29
17 18 14 32
17 43 58 37
19 20 74 68
19 45 81 73
20 21 49 57
20 46 10 31
21 22 14 21
22 23 28 53
23 24 35 56
24 25 36 54
25 51 77 56
26 27 14 45
27 28 42 45
30 31 33 46
31 32 16 13
34 35 37 34
36 37 19 16
37 38 3 18
38 39 6 16
40 41 69 77
41 42 2 19
42 43 81 72
43 44 71 50
44 45 43 57
46 47 35 45
47 48 14 39
48 49 32 26
50 51 49 44
(1941, 2144)

Arvore 17
0 1 5 26
1 2 15 31
1 27 63 45
2 3 17 29
3 4 41 28
3 29 9 13
4 5 53 55
5 6 33 26
6 7 17 26
6 32 25 40
7 8 85 78
8 34 72 72
9 10 30 32
9 35 49 39
10 11 10 40
11 12 15 45
11 37 35 30
13 14 90 60
13 39 17 28
14 15 65 57
15 16 44 59
15 41 17 29
16 17 84 57
17 18 14 32
17 43 58 37
19 20 74 68
19 45 81 73
20 21 49 57
20 46 10 31
21 22 14 21
22 23 28 53
23 24 35 56
24 25 36 54
25 51 77 56
26 27 14 45
27 28 42 45
30 31 33 46
31 32 16 13
33 34 76 80
34 35 37 34
36 37 19 16
37 38 3 18
38 39 6 16
40 41 69 77
41 42 2 19
43 44 71 50
44 45 43 57
46 47 35 45
47 48 14 39
48 49 32 26
50 51 49 44
(1928, 2153)

Arvore 18
0 1 5 26
1 2 15 31
1 27 63 45
2 3 17 29
3 4 41 28
3 29 9 13
4 5 53 55
5 6 33 26
6 7 17 26
6 32 25 40
7 8 85 78
8 34 72 72
9 10 30 32
9 35 49 39
10 11 10 40
11 12 15 45
11 37 35 30
13 14 90 60
13 39 17 28
14 15 65 57
15 16 44 59
15 41 17 29
17 18 14 32
17 43 58 37
19 20 74 68
19 45 81 73
20 21 49 57
20 46 10 31
21 22 14 21
22 23 28 53
23 24 35 56
24 25 36 54
25 51 77 56
26 27 14 45
27 28 42 45
30 31 33 46
31 32 16 13
33 34 76 80
34 35 37 34
36 37 19 16
37 38 3 18
38 39 6 16
40 41 69 77
41 42 2 19
42 43 81 72
43 44 71 50
44 45 43 57
46 47 35 45
47 48 14 39
48 49 32 26
50 51 49 44
(1925, 2168)

Arvore 19
0 1 5 26
1 2 15 31
1 27 63 45
2 3 17 29
3 4 41 28
3 29 9 13
4 5 53 55
5 6 33 26
6 7 17 26
6 32 25 40
7 8 85 78
7 33 92 56
8 34 72 72
9 10 30 32
9 35 49 39
10 11 10 40
11 12 15 45
11 37 35 30
13 14 90 60
13 39 17 28
14 15 65 57
15 16 44 59
15 41 17 29
16 17 84 57
17 18 14 32
17 43 58 37
19 20 74 68
19 45 81 73
20 46 10 31
21 22 14 21
21 47 78 51
22 23 28 53
23 24 35 56
24 25 36 54
24 50 54 59
26 27 14 45
27 28 42 45
30 31 33 46
31 32 16 13
34 35 37 34
36 37 19 16
37 38 3 18
38 39 6 16
40 41 69 77
41 42 2 19
43 44 71 50
44 45 43 57
46 47 35 45
47 48 14 39
48 49 32 26
50 51 49 44
(1950, 2126)

Arvore 20
0 1 5 26
1 2 15 31
1 27 63 45
2 3 17 29
3 4 41 28
3 29 9 13
4 5 53 55
5 6 33 26
6 7 17 26
6 32 25 40
7 33 92 56
8 34 72 72
9 10 30 32
9 35 49 39
10 11 10 40
11 12 15 45
11 37 35 30
13 14 90 60
13 39 17 28
14 15 65 57
15 16 44 59
15 41 17 29
16 17 84 57
17 18 14 32
17 43 58 37
19 20 74 68
19 45 81 73
20 46 10 31
21 22 14 21
21 47 78 51
22 23 28 53
23 24 35 56
24 25 36 54
24 50 54 59
26 27 14 45
27 28 42 45
30 31 33 46
31 32 16 13
33 34 76 80
34 35 37 34
36 37 19 16
37 38 3 18
38 39 6 16
40 41 69 77
41 42 2 19
43 44 71 50
44 45 43 57
46 47 35 45
47 48 14 39
48 49 32 26
50 51 49 44
(1941, 2128)

Arvore 21
0 1 5 26
1 2 15 31
1 27 63 45
2 3 17 29
3 4 41 28
3 29 9 13
4 5 53 55
5 6 33 26
6 7 17 26
6 32 25 40
7 33 92 56
8 34 72 72
9 10 30 32
9 35 49 39
10 11 10 40
11 12 15 45
11 37 35 30
13 14 90 60
13 39 17 28
14 15 65 57
15 16 44 59
15 41 17 29
17 18 14 32
17 43 58 37
19 20 74 68
19 45 81 73
20 46 10 31
21 22 14 21
21 47 78 51
22 23 28 53
23 24 35 56
24 25 36 54
24 50 54 59
26 27 14 45
27 28 42 45
30 31 33 46
31 32 16 13
33 34 76 80
34 35 37 34
36 37 19 16
37 38 3 18
38 39 6 16
40 41 69 77
41 42 2 19
42 43 81 72
43 44 71 50
44 45 43 57
46 47 35 45
47 48 14 39
48 49 32 26
50 51 49 44
(1938, 2143)

Arvore 22
0 1 5 26
1 2 15 31
1 27 63 45
2 3 17 29
3 4 41 28
3 29 9 13
4 5 53 55
5 6 33 26
6 7 17 26
6 32 25 40
7 8 85 78
7 33 92 56
8 34 72 72
9 10 30 32
9 35 49 39
10 11 10 40
11 12 15 45
11 37 35 30
13 14 90 60
13 39 17 28
14 15 65 57
15 16 44 59
15 41 17 29
17 18 14 32
17 43 58 37
19 20 74 68
19 45 81 73
20 46 10 31
21 22 14 21
21 47 78 51
22 23 28 53
23 24 35 56
24 25 36 54
24 50 54 59
26 27 14 45
27 28 42 45
30 31 33 46
31 32 16 13
34 35 37 34
36 37 19 16
37 38 3 18
38 39 6 16
40 41 69 77
41 42 2 19
42 43 81 72
43 44 71 50
44 45 43 57
46 47 35 45
47 48 14 39
48 49 32 26
50 51 49 44
(1947, 2141)

Arvore 23
0 1 5 26
1 2 15 31
1 27 63 45
2 3 17 29
3 4 41 28
3 29 9 13
4 5 53 55
5 6 33 26
6 7 17 26
6 32 25 40
7 8 85 78
8 34 72 72
9 10 30 32
9 35 49 39
10 11 10 40
11 12 15 45
11 37 35 30
13 14 90 60
13 39 17 28
14 15 65 57
15 16 44 59
15 41 17 29
16 17 84 57
17 18 14 32
17 43 58 37
19 20 74 68
19 45 81 73
20 46 10 31
21 22 14 21
21 47 78 51
22 23 28 53
23 24 35 56
24 25 36 54
24 50 54 59
26 27 14 45
27 28 42 45
30 31 33 46
31 32 16 13
33 34 76 80
34 35 37 34
36 37 19 16
37 38 3 18
38 39 6 16
40 41 69 77
41 42 2 19
43 44 71 50
44 45 43 57
46 47 35 45
47 48 14 39
48 49 32 26
50 51 49 44
(1934, 2150)

Arvore 24
0 1 5 26
1 2 15 31
1 27 63 45
2 3 17 29
3 4 41 28
3 29 9 13
4 5 53 55
5 6 33 26
6 7 17 26
6 32 25 40
7 8 85 78
8 34 72 72
9 10 30 32
9 35 49 39
10 11 10 40
11 12 15 45
11 37 35 30
13 14 90 60
13 39 17 28
14 15 65 57
15 16 44 59
15 41 17 29
17 18 14 32
17 43 58 37
19 20 74 68
19 45 81 73
20 46 10 31
21 22 14 21
21 47 78 51
22 23 28 53
23 24 35 56
24 25 36 54
24 50 54 59
26 27 14 45
27 28 42 45
30 31 33 46
31 32 16 13
33 34 76 80
34 35 37 34
36 37 19 16
37 38 3 18
38 39 6 16
40 41 69 77
41 42 2 19
42 43 81 72
43 44 71 50
44 45 43 57
46 47 35 45
47 48 14 39
48 49 32 26
50 51 49 44
(1931, 2165)

Arvore 25
0 1 5 26
1 2 15 31
1 27 63 45
2 3 17 29
3 4 41 28
3 29 9 13
4 5 53 55
5 6 33 26
6 7 17 26
6 32 25 40
7 8 85 78
7 33 92 56
8 34 72 72
9 10 30 32
9 35 49 39
10 11 10 40
11 12 15 45
11 37 35 30
13 14 90 60
13 39 17 28
14 15 65 57
15 16 44 59
15 41 17 29
16 17 84 57
17 18 14 32
17 43 58 37
19 20 74 68
19 45 81 73
20 46 10 31
21 22 14 21
21 47 78 51
22 23 28 53
23 24 35 56
24 25 36 54
25 51 77 56
26 27 14 45
27 28 42 45
30 31 33 46
31 32 16 13
34 35 37 34
36 37 19 16
37 38 3 18
38 39 6 16
40 41 69 77
41 42 2 19
43 44 71 50
44 45 43 57
46 47 35 45
47 48 14 39
48 49 32 26
50 51 49 44
(1973, 2123)

Arvore 26
0 1 5 26
1 2 15 31
1 27 63 45
2 3 17 29
3 4 41 28
3 29 9 13
4 5 53 55
5 6 33 26
6 7 17 26
6 32 25 40
7 33 92 56
8 34 72 72
9 10 30 32
9 35 49 39
10 11 10 40
11 12 15 45
11 37 35 30
13 14 90 60
13 39 17 28
14 15 65 57
15 16 44 59
15 41 17 29
16 17 84 57
17 18 14 32
17 43 58 37
19 20 74 68
19 45 81 73
20 46 10 31
21 22 14 21
21 47 78 51
22 23 28 53
23 24 35 56
24 25 36 54
25 51 77 56
26 27 14 45
27 28 42 45
30 31 33 46
31 32 16 13
33 34 76 80
34 35 37 34
36 37 19 16
37 38 3 18
38 39 6 16
40 41 69 77
41 42 2 19
43 44 71 50
44 45 43 57
46 47 35 45
47 48 14 39
48 49 32 26
50 51 49 44
(1964, 2125)

Arvore 27
0 1 5 26
1 2 15 31
1 27 63 45
2 3 17 29
3 4 41 28
3 29 9 13
4 5 53 55
5 6 33 26
6 7 17 26
6 32 25 40
7 33 92 56
8 34 72 72
9 10 30 32
9 35 49 39
10 11 10 40
11 12 15 45
11 37 35 30
13 14 90 60
13 39 17 28
14 15 65 57
15 16 44 59
15 41 17 29
17 18 14 32
17 43 58 37
19 20 74 68
19 45 81 73
20 46 10 31
21 22 14 21
21 47 78 51
22 23 28 53
23 24 35 56
24 25 36 54
25 51 77 56
26 27 14 45
27 28 42 45
30 31 33 46
31 32 16 13
33 34 76 80
34 35 37 34
36 37 19 16
37 38 3 18
38 39 6 16
40 41 69 77
41 42 2 19
42 43 81 72
43 44 71 50
44 45 43 57
46 47 35 45
47 48 14 39
48 49 32 26
50 51 49 44
(1961, 2140)

Arvore 28
0 1 5 26
1 2 15 31
1 27 63 45
2 3 17 29
3 4 41 28
3 29 9 13
4 5 53 55
5 6 33 26
6 7 17 26
6 32 25 40
7 8 85 78
7 33 92 56
8 34 72 72
9 10 30 32
9 35 49 39
10 11 10 40
11 12 15 45
11 37 35 30
13 14 90 60
13 39 17 28
14 15 65 57
15 16 44 59
15 41 17 29
17 18 14 32
17 43 58 37
19 20 74 68
19 45 81 73
20 46 10 31
21 22 14 21
21 47 78 51
22 23 28 53
23 24 35 56
24 25 36 54
25 51 77 56
26 27 14 45
27 28 42 45
30 31 33 46
31 32 16 13
34 35 37 34
36 37 19 16
37 38 3 18
38 39 6 16
40 41 69 77
41 42 2 19
42 43 81 72
43 44 71 50
44 45 43 57
46 47 35 45
47 48 14 39
48 49 32 26
50 51 49 44
(1970, 2138)

Arvore 29
0 1 5 26
1 2 15 31
1 27 63 45
2 3 17 29
3 4 41 28
3 29 9 13
4 5 53 55
5 6 33 26
6 7 17 26
6 32 25 40
7 8 85 78
8 34 72 72
9 10 30 32
9 35 49 39
10 11 10 40
11 12 15 45
11 37 35 30
13 14 90 60
13 39 17 28
14 15 65 57
15 16 44 59
15 41 17 29
16 17 84 57
17 18 14 32
17 43 58 37
19 20 74 68
19 45 81 73
20 46 10 31
21 22 14 21
21 47 78 51
22 23 28 53
23 24 35 56
24 25 36 54
25 51 77 56
26 27 14 45
27 28 42 45
30 31 33 46
31 32 16 13
33 34 76 80
34 35 37 34
36 37 19 16
37 38 3 18
38 39 6 16
40 41 69 77
41 42 2 19
43 44 71 50
44 45 43 57
46 47 35 45
47 48 14 39
48 49 32 26
50 51 49 44
(1957, 2147)

Arvore 30
0 1 5 26
1 2 15 31
1 27 63 45
2 3 17 29
3 4 41 28
3 29 9 13
4 5 53 55
5 6 33 26
6 7 17 26
6 32 25 40
7 8 85 78
8 34 72 72
9 10 30 32
9 35 49 39
10 11 10 40
11 12 15 45
11 37 35 30
13 14 90 60
13 39 17 28
14 15 65 57
15 16 44 59
15 41 17 29
17 18 14 32
17 43 58 37
19 20 74 68
19 45 81 73
20 46 10 31
21 22 14 21
21 47 78 51
22 23 28 53
23 24 35 56
24 25 36 54
25 51 77 56
26 27 14 45
27 28 42 45
30 31 33 46
31 32 16 13
33 34 76 80
34 35 37 34
36 37 19 16
37 38 3 18
38 39 6 16
40 41 69 77
41 42 2 19
42 43 81 72
43 44 71 50
44 45 43 57
46 47 35 45
47 48 14 39
48 49 32 26
50 51 49 44
(1954, 2162)

Arvore 31
0 1 5 26
1 2 15 31
1 27 63 45
2 3 17 29
3 4 41 28
3 29 9 13
5 6 33 26
6 7 17 26
6 32 25 40
7 8 85 78
7 33 92 56
8 34 72 72
9 10 30 32
9 35 49 39
10 11 10 40
11 12 15 45
11 37 35 30
13 14 90 60
13 39 17 28
14 15 65 57
15 16 44 59
15 41 17 29
16 17 84 57
17 18 14 32
17 43 58 37
18 44 62 70
19 20 74 68
19 45 81 73
20 21 49 57
20 46 10 31
21 22 14 21
22 23 28 53
23 24 35 56
24 25 36 54
24 50 54 59
26 27 14 45
27 28 42 45
29 30 52 67
30 31 33 46
31 32 16 13
34 35 37 34
36 37 19 16
37 38 3 18
38 39 6 16
40 41 69 77
41 42 2 19
44 45 43 57
46 47 35 45
47 48 14 39
48 49 32 26
50 51 49 44
(1911, 2164)

Arvore 32
0 1 5 26
1 2 15 31
1 27 63 45
2 3 17 29
3 4 41 28
3 29 9 13
5 6 33 26
6 7 17 26
6 32 25 40
7 33 92 56
8 34 72 72
9 10 30 32
9 35 49 39
10 11 10 40
11 12 15 45
11 37 35 30
13 14 90 60
13 39 17 28
14 15 65 57
15 16 44 59
15 41 17 29
16 17 84 57
17 18 14 32
17 43 58 37
18 44 62 70
19 20 74 68
19 45 81 73
20 21 49 57
20 46 10 31
21 22 14 21
22 23 28 53
23 24 35 56
24 25 36 54
24 50 54 59
26 27 14 45
27 28 42 45
29 30 52 67
30 31 33 46
31 32 16 13
33 34 76 80
34 35 37 34
36 37 19 16
37 38 3 18
38 39 6 16
40 41 69 77
41 42 2 19
44 45 43 57
46 47 35 45
47 48 14 39
48 49 32 26
50 51 49 44
(1902, 2166)

Arvore 33
0 1 5 26
1 2 15 31
1 27 63 45
2 3 17 29
3 4 41 28
3 29 9 13
5 6 33 26
6 7 17 26
6 32 25 40
7 33 92 56
8 34 72 72
9 10 30 32
9 35 49 39
10 11 10 40
11 12 15 45
11 37 35 30
13 14 90 60
13 39 17 28
14 15 65 57
15 16 44 59
15 41 17 29
17 18 14 32
17 43 58 37
18 44 62 70
19 20 74 68
19 45 81 73
20 21 49 57
20 46 10 31
21 22 14 21
22 23 28 53
23 24 35 56
24 25 36 54
24 50 54 59
26 27 14 45
27 28 42 45
29 30 52 67
30 31 33 46
31 32 16 13
33 34 76 80
34 35 37 34
36 37 19 16
37 38 3 18
38 39 6 16
40 41 69 77
41 42 2 19
42 43 81 72
44 45 43 57
46 47 35 45
47 48 14 39
48 49 32 26
50 51 49 44
(1899, 2181)

Arvore 34
0 1 5 26
1 2 15 31
1 27 63 45
2 3 17 29
3 4 41 28
3 29 9 13
5 6 33 26
6 7 17 26
6 32 25 40
7 8 85 78
7 33 92 56
8 34 72 72
9 10 30 32
9 35 49 39
10 11 10 40
11 12 15 45
11 37 35 30
13 14 90 60
13 39 17 28
14 15 65 57
15 16 44 59
15 41 17 29
17 18 14 32
17 43 58 37
18 44 62 70
19 20 74 68
19 45 81 73
20 21 49 57
20 46 10 31
21 22 14 21
22 23 28 53
23 24 35 56
24 25 36 54
24 50 54 59
26 27 14 45
27 28 42 45
29 30 52 67
30 31 33 46
31 32 16 13
34 35 37 34
36 37 19 16
37 38 3 18
38 39 6 16
40 41 69 77
41 42 2 19
42 43 81 72
44 45 43 57
46 47 35 45
47 48 14 39
48 49 32 26
50 51 49 44
(1908, 2179)

Arvore 35
0 1 5 26
1 2 15 31
1 27 63 45
2 3 17 29
3 4 41 28
3 29 9 13
5 6 33 26
6 7 17 26
6 32 25 40
7 8 85 78
8 34 72 72
9 10 30 32
9 35 49 39
10 11 10 40
11 12 15 45
11 37 35 30
13 14 90 60
13 39 17 28
14 15 65 57
15 16 44 59
15 41 17 29
16 17 84 57
17 18 14 32
17 43 58 37
18 44 62 70
19 20 74 68
19 45 81 73
20 21 49 57
20 46 10 31
21 22 14 21
22 23 28 53
23 24 35 56
24 25 36 54
24 50 54 59
26 27 14 45
27 28 42 45
29 30 52 67
30 31 33 46
31 32 16 13
33 34 76 80
34 35 37 34
36 37 19 16
37 38 3 18
38 39 6 16
40 41 69 77
41 42 2 19
44 45 43 57
46 47 35 45
47 48 14 39
48 49 32 26
50 51 49 44
(1895, 2188)

Arvore 36
0 1 5 26
1 2 15 31
1 27 63 45
2 3 17 29
3 4 41 28
3 29 9 13
5 6 33 26
6 7 17 26
6 32 25 40
7 8 85 78
8 34 72 72
9 10 30 32
9 35 49 39
10 11 10 40
11 12 15 45
11 37 35 30
13 14 90 60
13 39 17 28
14 15 65 57
15 16 44 59
15 41 17 29
17 18 14 32
17 43 58 37
18 44 62 70
19 20 74 68
19 45 81 73
20 21 49 57
20 46 10 31
21 22 14 21
22 23 28 53
23 24 35 56
24 25 36 54
24 50 54 59
26 27 14 45
27 28 42 45
29 30 52 67
30 31 33 46
31 32 16 13
33 34 76 80
34 35 37 34
36 37 19 16
37 38 3 18
38 39 6 16
40 41 69 77
41 42 2 19
42 43 81 72
44 45 43 57
46 47 35 45
47 48 14 39
48 49 32 26
50 51 49 44
(1892, 2203)

Arvore 37
0 1 5 26
1 2 15 31
1 27 63 45
2 3 17 29
3 4 41 28
3 29 9 13
5 6 33 26
6 7 17 26
6 32 25 40
7 8 85 78
7 33 92 56
8 34 72 72
9 10 30 32
9 35 49 39
10 11 10 40
11 12 15 45
11 37 35 30
13 14 90 60
13 39 17 28
14 15 65 57
15 16 44 59
15 41 17 29
16 17 84 57
17 18 14 32
17 43 58 37
19 20 74 68
19 45 81 73
20 21 49 57
20 46 10 31
21 22 14 21
22 23 28 53
23 24 35 56
24 25 36 54
24 50 54 59
26 27 14 45
27 28 42 45
29 30 52 67
30 31 33 46
31 32 16 13
34 35 37 34
36 37 19 16
37 38 3 18
38 39 6 16
40 41 69 77
41 42 2 19
43 44 71 50
44 45 43 57
46 47 35 45
47 48 14 39
48 49 32 26
50 51 49 44
(1920, 2144)

Arvore 38
0 1 5 26
1 2 15 31
1 27 63 45
2 3 17 29
3 4 41 28
3 29 9 13
5 6 33 26
6 7 17 26
6 32 25 40
7 33 92 56
8 34 72 72
9 10 30 32
9 35 49 39
10 11 10 40
11 12 15 45
11 37 35 30
13 14 90 60
13 39 17 28
14 15 65 57
15 16 44 59
15 41 17 29
16 17 84 57
17 18 14 32
17 43 58 37
19 20 74 68
19 45 81 73
20 21 49 57
20 46 10 31
21 22 14 21
22 23 28 53
23 24 35 56
24 25 36 54
24 50 54 59
26 27 14 45
27 28 42 45
29 30 52 67
30 31 33 46
31 32 16 13
33 34 76 80
34 35 37 34
36 37 19 16
37 38 3 18
38 39 6 16
40 41 69 77
41 42 2 19
43 44 71 50
44 45 43 57
46 47 35 45
47 48 14 39
48 49 32 26
50 51 49 44
(1911, 2146)

Arvore 39
0 1 5 26
1 2 15 31
1 27 63 45
2 3 17 29
3 4 41 28
3 29 9 13
5 6 33 26
6 7 17 26
6 32 25 40
7 33 92 56
8 34 72 72
9 10 30 32
9 35 49 39
10 11 10 40
11 12 15 45
11 37 35 30
13 14 90 60
13 39 17 28
14 15 65 57
15 16 44 59
15 41 17 29
17 18 14 32
17 43 58 37
19 20 74 68
19 45 81 73
20 21 49 57
20 46 10 31
21 22 14 21
22 23 28 53
23 24 35 56
24 25 36 54
24 50 54 59
26 27 14 45
27 28 42 45
29 30 52 67
30 31 33 46
31 32 16 13
33 34 76 80
34 35 37 34
36 37 19 16
37 38 3 18
38 39 6 16
40 41 69 77
41 42 2 19
42 43 81 72
43 44 71 50
44 45 43 57
46 47 35 45
47 48 14 39
48 49 32 26
50 51 49 44
(1908, 2161)

Arvore 40
0 1 5 26
1 2 15 31
1 27 63 45
2 3 17 29
3 4 41 28
3 29 9 13
5 6 33 26
6 7 17 26
6 32 25 40
7 8 85 78
7 33 92 56
8 34 72 72
9 10 30 32
9 35 49 39
10 11 10 40
11 12 15 45
11 37 35 30
13 14 90 60
13 39 17 28
14 15 65 57
15 16 44 59
15 41 17 29
17 18 14 32
17 43 58 37
19 20 74 68
19 45 81 73
20 21 49 57
20 46 10 31
21 22 14 21
22 23 28 53
23 24 35 56
24 25 36 54
24 50 54 59
26 27 14 45
27 28 42 45
29 30 52 67
30 31 33 46
31 32 16 13
34 35 37 34
36 37 19 16
37 38 3 18
38 39 6 16
40 41 69 77
41 42 2 19
42 43 81 72
43 44 71 50
44 45 43 57
46 47 35 45
47 48 14 39
48 49 32 26
50 51 49 44
(1917, 2159)

Arvore 41
0 1 5 26
1 2 15 31
1 27 63 45
2 3 17 29
3 4 41 28
3 29 9 13
5 6 33 26
6 7 17 26
6 32 25 40
7 8 85 78
8 34 72 72
9 10 30 32
9 35 49 39
10 11 10 40
11 12 15 45
11 37 35 30
13 14 90 60
13 39 17 28
14 15 65 57
15 16 44 59
15 41 17 29
16 17 84 57
17 18 14 32
17 43 58 37
19 20 74 68
19 45 81 73
20 21 49 57
20 46 10 31
21 22 14 21
22 23 28 53
23 24 35 56
24 25 36 54
24 50 54 59
26 27 14 45
27 28 42 45
29 30 52 67
30 31 33 46
31 32 16 13
33 34 76 80
34 35 37 34
36 37 19 16
37 38 3 18
38 39 6 16
40 41 69 77
41 42 2 19
43 44 71 50
44 45 43 57
46 47 35 45
47 48 14 39
48 49 32 26
50 51 49 44
(1904, 2168)

Arvore 42
0 1 5 26
1 2 15 31
1 27 63 45
2 3 17 29
3 4 41 28
3 29 9 13
5 6 33 26
6 7 17 26
6 32 25 40
7 8 85 78
8 34 72 72
9 10 30 32
9 35 49 39
10 11 10 40
11 12 15 45
11 37 35 30
13 14 90 60
13 39 17 28
14 15 65 57
15 16 44 59
15 41 17 29
17 18 14 32
17 43 58 37
19 20 74 68
19 45 81 73
20 21 49 57
20 46 10 31
21 22 14 21
22 23 28 53
23 24 35 56
24 25 36 54
24 50 54 59
26 27 14 45
27 28 42 45
29 30 52 67
30 31 33 46
31 32 16 13
33 34 76 80
34 35 37 34
36 37 19 16
37 38 3 18
38 39 6 16
40 41 69 77
41 42 2 19
42 43 81 72
43 44 71 50
44 45 43 57
46 47 35 45
47 48 14 39
48 49 32 26
50 51 49 44
(1901, 2183)

Arvore 43
0 1 5 26
1 2 15 31
1 27 63 45
2 3 17 29
3 4 41 28
3 29 9 13
5 6 33 26
6 7 17 26
6 32 25 40
7 8 85 78
7 33 92 56
8 34 72 72
9 10 30 32
9 35 49 39
10 11 10 40
11 12 15 45
11 37 35 30
13 14 90 60
13 39 17 28
14 15 65 57
15 16 44 59
15 41 17 29
16 17 84 57
17 18 14 32
17 43 58 37
19 20 74 68
19 45 81 73
20 21 49 57
20 46 10 31
21 22 14 21
22 23 28 53
23 24 35 56
24 25 36 54
25 51 77 56
26 27 14 45
27 28 42 45
29 30 52 67
30 31 33 46
31 32 16 13
34 35 37 34
36 37 19 16
37 38 3 18
38 39 6 16
40 41 69 77
41 42 2 19
43 44 71 50
44 45 43 57
46 47 35 45
47 48 14 39
48 49 32 26
50 51 49 44
(1943, 2141)

Arvore 44
0 1 5 26
1 2 15 31
1 27 63 45
2 3 17 29
3 4 41 28
3 29 9 13
5 6 33 26
6 7 17 26
6 32 25 40
7 33 92 56
8 34 72 72
9 10 30 32
9 35 49 39
10 11 10 40
11 12 15 45
11 37 35 30
13 14 90 60
13 39 17 28
14 15 65 57
15 16 44 59
15 41 17 29
16 17 84 57
17 18 14 32
17 43 58 37
19 20 74 68
19 45 81 73
20 21 49 57
20 46 10 31
21 22 14 21
22 23 28 53
23 24 35 56
24 25 36 54
25 51 77 56
26 27 14 45
27 28 42 45
29 30 52 67
30 31 33 46
31 32 16 13
33 34 76 80
34 35 37 34
36 37 19 16
37 38 3 18
38 39 6 16
40 41 69 77
41 42 2 19
43 44 71 50
44 45 43 57
46 47 35 45
47 48 14 39
48 49 32 26
50 51 49 44
(1934, 2143)

Arvore 45
0 1 5 26
1 2 15 31
1 27 63 45
2 3 17 29
3 4 41 28
3 29 9 13
5 6 33 26
6 7 17 26
6 32 25 40
7 33 92 56
8 34 72 72
9 10 30 32
9 35 49 39
10 11 10 40
11 12 15 45
11 37 35 30
13 14 90 60
13 39 17 28
14 15 65 57
15 16 44 59
15 41 17 29
17 18 14 32
17 43 58 37
19 20 74 68
19 45 81 73
20 21 49 57
20 46 10 31
21 22 14 21
22 23 28 53
23 24 35 56
24 25 36 54
25 51 77 56
26 27 14 45
27 28 42 45
29 30 52 67
30 31 33 46
31 32 16 13
33 34 76 80
34 35 37 34
36 37 19 16
37 38 3 18
38 39 6 16
40 41 69 77
41 42 2 19
42 43 81 72
43 44 71 50
44 45 43 57
46 47 35 45
47 48 14 39
48 49 32 26
50 51 49 44
(1931, 2158)

Arvore 46
0 1 5 26
1 2 15 31
1 27 63 45
2 3 17 29
3 4 41 28
3 29 9 13
5 6 33 26
6 7 17 26
6 32 25 40
7 8 85 78
7 33 92 56
8 34 72 72
9 10 30 32
9 35 49 39
10 11 10 40
11 12 15 45
11 37 35 30
13 14 90 60
13 39 17 28
14 15 65 57
15 16 44 59
15 41 17 29
17 18 14 32
17 43 58 37
19 20 74 68
19 45 81 73
20 21 49 57
20 46 10 31
21 22 14 21
22 23 28 53
23 24 35 56
24 25 36 54
25 51 77 56
26 27 14 45
27 28 42 45
29 30 52 67
30 31 33 46
31 32 16 13
34 35 37 34
36 37 19 16
37 38 3 18
38 39 6 16
40 41 69 77
41 42 2 19
42 43 81 72
43 44 71 50
44 45 43 57
46 47 35 45
47 48 14 39
48 49 32 26
50 51 49 44
(1940, 2156)

Arvore 47
0 1 5 26
1 2 15 31
1 27 63 45
2 3 17 29
3 4 41 28
3 29 9 13
5 6 33 26
6 7 17 26
6 32 25 40
7 8 85 78
8 34 72 72
9 10 30 32
9 35 49 39
10 11 10 40
11 12 15 45
11 37 35 30
13 14 90 60
13 39 17 28
14 15 65 57
15 16 44 59
15 41 17 29
16 17 84 57
17 18 14 32
17 43 58 37
19 20 74 68
19 45 81 73
20 21 49 57
20 46 10 31
21 22 14 21
22 23 28 53
23 24 35 56
24 25 36 54
25 51 77 56
26 27 14 45
27 28 42 45
29 30 52 67
30 31 33 46
31 32 16 13
33 34 76 80
34 35 37 34
36 37 19 16
37 38 3 18
38 39 6 16
40 41 69 77
41 42 2 19
43 44 71 50
44 45 43 57
46 47 35 45
47 48 14 39
48 49 32 26
50 51 49 44
(1927, 2165)

Arvore 48
0 1 5 26
1 2 15 31
1 27 63 45
2 3 17 29
3 4 41 28
3 29 9 13
5 6 33 26
6 7 17 26
6 32 25 40
7 8 85 78
8 34 72 72
9 10 30 32
9 35 49 39
10 11 10 40
11 12 15 45
11 37 35 30
13 14 90 60
13 39 17 28
14 15 65 57
15 16 44 59
15 41 17 29
17 18 14 32
17 43 58 37
19 20 74 68
19 45 81 73
20 21 49 57
20 46 10 31
21 22 14 21
22 23 28 53
23 24 35 56
24 25 36 54
25 51 77 56
26 27 14 45
27 28 42 45
29 30 52 67
30 31 33 46
31 32 16 13
33 34 76 80
34 35 37 34
36 37 19 16
37 38 3 18
38 39 6 16
40 41 69 77
41 42 2 19
42 43 81 72
43 44 71 50
44 45 43 57
46 47 35 45
47 48 14 39
48 49 32 26
50 51 49 44
(1924, 2180)

Arvore 49
0 1 5 26
1 2 15 31
1 27 63 45
2 3 17 29
3 4 41 28
3 29 9 13
5 6 33 26
6 7 17 26
6 32 25 40
7 8 85 78
7 33 92 56
8 34 72 72
9 10 30 32
9 35 49 39
10 11 10 40
11 12 15 45
11 37 35 30
13 14 90 60
13 39 17 28
14 15 65 57
15 16 44 59
15 41 17 29
16 17 84 57
17 18 14 32
17 43 58 37
19 20 74 68
19 45 81 73
20 46 10 31
21 22 14 21
21 47 78 51
22 23 28 53
23 24 35 56
24 25 36 54
24 50 54 59
26 27 14 45
27 28 42 45
29 30 52 67
30 31 33 46
31 32 16 13
34 35 37 34
36 37 19 16
37 38 3 18
38 39 6 16
40 41 69 77
41 42 2 19
43 44 71 50
44 45 43 57
46 47 35 45
47 48 14 39
48 49 32 26
50 51 49 44
(1949, 2138)

Arvore 50
0 1 5 26
1 2 15 31
1 27 63 45
2 3 17 29
3 4 41 28
3 29 9 13
5 6 33 26
6 7 17 26
6 32 25 40
7 33 92 56
8 34 72 72
9 10 30 32
9 35 49 39
10 11 10 40
11 12 15 45
11 37 35 30
13 14 90 60
13 39 17 28
14 15 65 57
15 16 44 59
15 41 17 29
16 17 84 57
17 18 14 32
17 43 58 37
19 20 74 68
19 45 81 73
20 46 10 31
21 22 14 21
21 47 78 51
22 23 28 53
23 24 35 56
24 25 36 54
24 50 54 59
26 27 14 45
27 28 42 45
29 30 52 67
30 31 33 46
31 32 16 13
33 34 76 80
34 35 37 34
36 37 19 16
37 38 3 18
38 39 6 16
40 41 69 77
41 42 2 19
43 44 71 50
44 45 43 57
46 47 35 45
47 48 14 39
48 49 32 26
50 51 49 44
(1940, 2140)

Arvore 51
0 1 5 26
1 2 15 31
1 27 63 45
2 3 17 29
3 4 41 28
3 29 9 13
5 6 33 26
6 7 17 26
6 32 25 40
7 33 92 56
8 34 72 72
9 10 30 32
9 35 49 39
10 11 10 40
11 12 15 45
11 37 35 30
13 14 90 60
13 39 17 28
14 15 65 57
15 16 44 59
15 41 17 29
17 18 14 32
17 43 58 37
19 20 74 68
19 45 81 73
20 46 10 31
21 22 14 21
21 47 78 51
22 23 28 53
23 24 35 56
24 25 36 54
24 50 54 59
26 27 14 45
27 28 42 45
29 30 52 67
30 31 33 46
31 32 16 13
33 34 76 80
34 35 37 34
36 37 19 16
37 38 3 18
38 39 6 16
40 41 69 77
41 42 2 19
42 43 81 72
43 44 71 50
44 45 43 57
46 47 35 45
47 48 14 39
48 49 32 26
50 51 49 44
(1937, 2155)

Arvore 52
0 1 5 26
1 2 15 31
1 27 63 45
2 3 17 29
3 4 41 28
3 29 9 13
5 6 33 26
6 7 17 26
6 32 25 40
7 8 85 78
7 33 92 56
8 34 72 72
9 10 30 32
9 35 49 39
10 11 10 40
11 12 15 45
11 37 35 30
13 14 90 60
13 39 17 28
14 15 65 57
15 16 44 59
15 41 17 29
17 18 14 32
17 43 58 37
19 20 74 68
19 45 81 73
20 46 10 31
21 22 14 21
21 47 78 51
22 23 28 53
23 24 35 56
24 25 36 54
24 50 54 59
26 27 14 45
27 28 42 45
29 30 52 67
30 31 33 46
31 32 16 13
34 35 37 34
36 37 19 16
37 38 3 18
38 39 6 16
40 41 69 77
41 42 2 19
42 43 81 72
43 44 71 50
44 45 43 57
46 47 35 45
47 48 14 39
48 49 32 26
50 51 49 44
(1946, 2153)

Arvore 53
0 1 5 26
1 2 15 31
1 27 63 45
2 3 17 29
3 4 41 28
3 29 9 13
5 6 33 26
6 7 17 26
6 32 25 40
7 8 85 78
8 34 72 72
9 10 30 32
9 35 49 39
10 11 10 40
11 12 15 45
11 37 35 30
13 14 90 60
13 39 17 28
14 15 65 57
15 16 44 59
15 41 17 29
16 17 84 57
17 18 14 32
17 43 58 37
19 20 74 68
19 45 81 73
20 46 10 31
21 22 14 21
21 47 78 51
22 23 28 53
23 24 35 56
24 25 36 54
24 50 54 59
26 27 14 45
27 28 42 45
29 30 52 67
30 31 33 46
31 32 16 13
33 34 76 80
34 35 37 34
36 37 19 16
37 38 3 18
38 39 6 16
40 41 69 77
41 42 2 19
43 44 71 50
44 45 43 57
46 47 35 45
47 48 14 39
48 49 32 26
50 51 49 44
(1933, 2162)

Arvore 54
0 1 5 26
1 2 15 31
1 27 63 45
2 3 17 29
3 4 41 28
3 29 9 13
5 6 33 26
6 7 17 26
6 32 25 40
7 8 85 78
8 34 72 72
9 10 30 32
9 35 49 39
10 11 10 40
11 12 15 45
11 37 35 30
13 14 90 60
13 39 17 28
14 15 65 57
15 16 44 59
15 41 17 29
17 18 14 32
17 43 58 37
19 20 74 68
19 45 81 73
20 46 10 31
21 22 14 21
21 47 78 51
22 23 28 53
23 24 35 56
24 25 36 54
24 50 54 59
26 27 14 45
27 28 42 45
29 30 52 67
30 31 33 46
31 32 16 13
33 34 76 80
34 35 37 34
36 37 19 16
37 38 3 18
38 39 6 16
40 41 69 77
41 42 2 19
42 43 81 72
43 44 71 50
44 45 43 57
46 47 35 45
47 48 14 39
48 49 32 26
50 51 49 44
(1930, 2177)

Arvore 55
0 1 5 26
1 2 15 31
1 27 63 45
2 3 17 29
3 4 41 28
3 29 9 13
5 6 33 26
6 7 17 26
6 32 25 40
7 8 85 78
7 33 92 56
8 34 72 72
9 10 30 32
9 35 49 39
10 11 10 40
11 12 15 45
11 37 35 30
13 14 90 60
13 39 17 28
14 15 65 57
15 16 44 59
15 41 17 29
16 17 84 57
17 18 14 32
17 43 58 37
19 20 74 68
19 45 81 73
20 46 10 31
21 22 14 21
21 47 78 51
22 23 28 53
23 24 35 56
24 25 36 54
25 51 77 56
26 27 14 45
27 28 42 45
29 30 52 67
30 31 33 46
31 32 16 13
34 35 37 34
36 37 19 16
37 38 3 18
38 39 6 16
40 41 69 77
41 42 2 19
43 44 71 50
44 45 43 57
46 47 35 45
47 48 14 39
48 49 32 26
50 51 49 44
(1972, 2135)

Arvore 56
0 1 5 26
1 2 15 31
1 27 63 45
2 3 17 29
3 4 41 28
3 29 9 13
5 6 33 26
6 7 17 26
6 32 25 40
7 33 92 56
8 34 72 72
9 10 30 32
9 35 49 39
10 11 10 40
11 12 15 45
11 37 35 30
13 14 90 60
13 39 17 28
14 15 65 57
15 16 44 59
15 41 17 29
16 17 84 57
17 18 14 32
17 43 58 37
19 20 74 68
19 45 81 73
20 46 10 31
21 22 14 21
21 47 78 51
22 23 28 53
23 24 35 56
24 25 36 54
25 51 77 56
26 27 14 45
27 28 42 45
29 30 52 67
30 31 33 46
31 32 16 13
33 34 76 80
34 35 37 34
36 37 19 16
37 38 3 18
38 39 6 16
40 41 69 77
41 42 2 19
43 44 71 50
44 45 43 57
46 47 35 45
47 48 14 39
48 49 32 26
50 51 49 44
(1963, 2137)

Arvore 57
0 1 5 26
1 2 15 31
1 27 63 45
2 3 17 29
3 4 41 28
3 29 9 13
5 6 33 26
6 7 17 26
6 32 25 40
7 33 92 56
8 34 72 72
9 10 30 32
9 35 49 39
10 11 10 40
11 12 15 45
11 37 35 30
13 14 90 60
13 39 17 28
14 15 65 57
15 16 44 59
15 41 17 29
17 18 14 32
17 43 58 37
19 20 74 68
19 45 81 73
20 46 10 31
21 22 14 21
21 47 78 51
22 23 28 53
23 24 35 56
24 25 36 54
25 51 77 56
26 27 14 45
27 28 42 45
29 30 52 67
30 31 33 46
31 32 16 13
33 34 76 80
34 35 37 34
36 37 19 16
37 38 3 18
38 39 6 16
40 41 69 77
41 42 2 19
42 43 81 72
43 44 71 50
44 45 43 57
46 47 35 45
47 48 14 39
48 49 32 26
50 51 49 44
(1960, 2152)

Arvore 58
0 1 5 26
1 2 15 31
1 27 63 45
2 3 17 29
3 4 41 28
3 29 9 13
5 6 33 26
6 7 17 26
6 32 25 40
7 8 85 78
7 33 92 56
8 34 72 72
9 10 30 32
9 35 49 39
10 11 10 40
11 12 15 45
11 37 35 30
13 14 90 60
13 39 17 28
14 15 65 57
15 16 44 59
15 41 17 29
17 18 14 32
17 43 58 37
19 20 74 68
19 45 81 73
20 46 10 31
21 22 14 21
21 47 78 51
22 23 28 53
23 24 35 56
24 25 36 54
25 51 77 56
26 27 14 45
27 28 42 45
29 30 52 67
30 31 33 46
31 32 16 13
34 35 37 34
36 37 19 16
37 38 3 18
38 39 6 16
40 41 69 77
41 42 2 19
42 43 81 72
43 44 71 50
44 45 43 57
46 47 35 45
47 48 14 39
48 49 32 26
50 51 49 44
(1969, 2150)

Arvore 59
0 1 5 26
1 2 15 31
1 27 63 45
2 3 17 29
3 4 41 28
3 29 9 13
5 6 33 26
6 7 17 26
6 32 25 40
7 8 85 78
8 34 72 72
9 10 30 32
9 35 49 39
10 11 10 40
11 12 15 45
11 37 35 30
13 14 90 60
13 39 17 28
14 15 65 57
15 16 44 59
15 41 17 29
16 17 84 57
17 18 14 32
17 43 58 37
19 20 74 68
19 45 81 73
20 46 10 31
21 22 14 21
21 47 78 51
22 23 28 53
23 24 35 56
24 25 36 54
25 51 77 56
26 27 14 45
27 28 42 45
29 30 52 67
30 31 33 46
31 32 16 13
33 34 76 80
34 35 37 34
36 37 19 16
37 38 3 18
38 39 6 16
40 41 69 77
41 42 2 19
43 44 71 50
44 45 43 57
46 47 35 45
47 48 14 39
48 49 32 26
50 51 49 44
(1956, 2159)

Arvore 60
0 1 5 26
1 2 15 31
1 27 63 45
2 3 17 29
3 4 41 28
3 29 9 13
5 6 33 26
6 7 17 26
6 32 25 40
7 8 85 78
8 34 72 72
9 10 30 32
9 35 49 39
10 11 10 40
11 12 15 45
11 37 35 30
13 14 90 60
13 39 17 28
14 15 65 57
15 16 44 59
15 41 17 29
17 18 14 32
17 43 58 37
19 20 74 68
19 45 81 73
20 46 10 31
21 22 14 21
21 47 78 51
22 23 28 53
23 24 35 56
24 25 36 54
25 51 77 56
26 27 14 45
27 28 42 45
29 30 52 67
30 31 33 46
31 32 16 13
33 34 76 80
34 35 37 34
36 37 19 16
37 38 3 18
38 39 6 16
40 41 69 77
41 42 2 19
42 43 81 72
43 44 71 50
44 45 43 57
46 47 35 45
47 48 14 39
48 49 32 26
50 51 49 44
(1953, 2174)

Arvore 61
0 1 5 26
1 2 15 31
1 27 63 45
2 3 17 29
3 4 41 28
3 29 9 13
4 5 53 55
5 6 33 26
6 7 17 26
6 32 25 40
7 8 85 78
7 33 92 56
8 34 72 72
9 10 30 32
9 35 49 39
10 11 10 40
11 12 15 45
11 37 35 30
13 14 90 60
13 39 17 28
14 15 65 57
15 41 17 29
16 17 84 57
16 42 62 47
17 18 14 32
17 43 58 37
18 44 62 70
19 20 74 68
19 45 81 73
20 21 49 57
20 46 10 31
21 22 14 21
22 23 28 53
23 24 35 56
24 25 36 54
24 50 54 59
26 27 14 45
27 28 42 45
30 31 33 46
31 32 16 13
34 35 37 34
36 37 19 16
37 38 3 18
38 39 6 16
40 41 69 77
41 42 2 19
44 45 43 57
46 47 35 45
47 48 14 39
48 49 32 26
50 51 49 44
(1930, 2140)

Arvore 62
0 1 5 26
1 2 15 31
1 27 63 45
2 3 17 29
3 4 41 28
3 29 9 13
4 5 53 55
5 6 33 26
6 7 17 26
6 32 25 40
7 33 92 56
8 34 72 72
9 10 30 32
9 35 49 39
10 11 10 40
11 12 15 45
11 37 35 30
13 14 90 60
13 39 17 28
14 15 65 57
15 41 17 29
16 17 84 57
16 42 62 47
17 18 14 32
17 43 58 37
18 44 62 70
19 20 74 68
19 45 81 73
20 21 49 57
20 46 10 31
21 22 14 21
22 23 28 53
23 24 35 56
24 25 36 54
24 50 54 59
26 27 14 45
27 28 42 45
30 31 33 46
31 32 16 13
33 34 76 80
34 35 37 34
36 37 19 16
37 38 3 18
38 39 6 16
40 41 69 77
41 42 2 19
44 45 43 57
46 47 35 45
47 48 14 39
48 49 32 26
50 51 49 44
(1921, 2142)

Arvore 63
0 1 5 26
1 2 15 31
1 27 63 45
2 3 17 29
3 4 41 28
3 29 9 13
4 5 53 55
5 6 33 26
6 7 17 26
6 32 25 40
7 33 92 56
8 34 72 72
9 10 30 32
9 35 49 39
10 11 10 40
11 12 15 45
11 37 35 30
13 14 90 60
13 39 17 28
14 15 65 57
15 41 17 29
16 42 62 47
17 18 14 32
17 43 58 37
18 44 62 70
19 20 74 68
19 45 81 73
20 21 49 57
20 46 10 31
21 22 14 21
22 23 28 53
23 24 35 56
24 25 36 54
24 50 54 59
26 27 14 45
27 28 42 45
30 31 33 46
31 32 16 13
33 34 76 80
34 35 37 34
36 37 19 16
37 38 3 18
38 39 6 16
40 41 69 77
41 42 2 19
42 43 81 72
44 45 43 57
46 47 35 45
47 48 14 39
48 49 32 26
50 51 49 44
(1918, 2157)

Arvore 64
0 1 5 26
1 2 15 31
1 27 63 45
2 3 17 29
3 4 41 28
3 29 9 13
4 5 53 55
5 6 33 26
6 7 17 26
6 32 25 40
7 8 85 78
7 33 92 56
8 34 72 72
9 10 30 32
9 35 49 39
10 11 10 40
11 12 15 45
11 37 35 30
13 14 90 60
13 39 17 28
14 15 65 57
15 41 17 29
16 42 62 47
17 18 14 32
17 43 58 37
18 44 62 70
19 20 74 68
19 45 81 73
20 21 49 57
20 46 10 31
21 22 14 21
22 23 28 53
23 24 35 56
24 25 36 54
24 50 54 59
26 27 14 45
27 28 42 45
30 31 33 46
31 32 16 13
34 35 37 34
36 37 19 16
37 38 3 18
38 39 6 16
40 41 69 77
41 42 2 19
42 43 81 72
44 45 43 57
46 47 35 45
47 48 14 39
48 49 32 26
50 51 49 44
(1927, 2155)

Arvore 65
0 1 5 26
1 2 15 31
1 27 63 45
2 3 17 29
3 4 41 28
3 29 9 13
4 5 53 55
5 6 33 26
6 7 17 26
6 32 25 40
7 8 85 78
8 34 72 72
9 10 30 32
9 35 49 39
10 11 10 40
11 12 15 45
11 37 35 30
13 14 90 60
13 39 17 28
14 15 65 57
15 41 17 29
16 17 84 57
16 42 62 47
17 18 14 32
17 43 58 37
18 44 62 70
19 20 74 68
19 45 81 73
20 21 49 57
20 46 10 31
21 22 14 21
22 23 28 53
23 24 35 56
24 25 36 54
24 50 54 59
26 27 14 45
27 28 42 45
30 31 33 46
31 32 16 13
33 34 76 80
34 35 37 34
36 37 19 16
37 38 3 18
38 39 6 16
40 41 69 77
41 42 2 19
44 45 43 57
46 47 35 45
47 48 14 39
48 49 32 26
50 51 49 44
(1914, 2164)

Arvore 66
0 1 5 26
1 2 15 31
1 27 63 45
2 3 17 29
3 4 41 28
3 29 9 13
4 5 53 55
5 6 33 26
6 7 17 26
6 32 25 40
7 8 85 78
8 34 72 72
9 10 30 32
9 35 49 39
10 11 10 40
11 12 15 45
11 37 35 30
13 14 90 60
13 39 17 28
14 15 65 57
15 41 17 29
16 42 62 47
17 18 14 32
17 43 58 37
18 44 62 70
19 20 74 68
19 45 81 73
20 21 49 57
20 46 10 31
21 22 14 21
22 23 28 53
23 24 35 56
24 25 36 54
24 50 54 59
26 27 14 45
27 28 42 45
30 31 33 46
31 32 16 13
33 34 76 80
34 35 37 34
36 37 19 16
37 38 3 18
38 39 6 16
40 41 69 77
41 42 2 19
42 43 81 72
44 45 43 57
46 47 35 45
47 48 14 39
48 49 32 26
50 51 49 44
(1911, 2179)

Arvore 67
0 1 5 26
1 2 15 31
1 27 63 45
2 3 17 29
3 4 41 28
3 29 9 13
4 5 53 55
5 6 33 26
6 7 17 26
6 32 25 40
7 8 85 78
7 33 92 56
8 34 72 72
9 10 30 32
9 35 49 39
10 11 10 40
11 12 15 45
11 37 35 30
13 14 90 60
13 39 17 28
14 15 65 57
15 41 17 29
16 17 84 57
16 42 62 47
17 18 14 32
17 43 58 37
19 20 74 68
19 45 81 73
20 21 49 57
20 46 10 31
21 22 14 21
22 23 28 53
23 24 35 56
24 25 36 54
24 50 54 59
26 27 14 45
27 28 42 45
30 31 33 46
31 32 16 13
34 35 37 34
36 37 19 16
37 38 3 18
38 39 6 16
40 41 69 77
41 42 2 19
43 44 71 50
44 45 43 57
46 47 35 45
47 48 14 39
48 49 32 26
50 51 49 44
(1939, 2120)

Arvore 68
0 1 5 26
1 2 15 31
1 27 63 45
2 3 17 29
3 4 41 28
3 29 9 13
4 5 53 55
5 6 33 26
6 7 17 26
6 32 25 40
7 33 92 56
8 34 72 72
9 10 30 32
9 35 49 39
10 11 10 40
11 12 15 45
11 37 35 30
13 14 90 60
13 39 17 28
14 15 65 57
15 41 17 29
16 17 84 57
16 42 62 47
17 18 14 32
17 43 58 37
19 20 74 68
19 45 81 73
20 21 49 57
20 46 10 31
21 22 14 21
22 23 28 53
23 24 35 56
24 25 36 54
24 50 54 59
26 27 14 45
27 28 42 45
30 31 33 46
31 32 16 13
33 34 76 80
34 35 37 34
36 37 19 16
37 38 3 18
38 39 6 16
40 41 69 77
41 42 2 19
43 44 71 50
44 45 43 57
46 47 35 45
47 48 14 39
48 49 32 26
50 51 49 44
(1930, 2122)

Arvore 69
0 1 5 26
1 2 15 31
1 27 63 45
2 3 17 29
3 4 41 28
3 29 9 13
4 5 53 55
5 6 33 26
6 7 17 26
6 32 25 40
7 33 92 56
8 34 72 72
9 10 30 32
9 35 49 39
10 11 10 40
11 12 15 45
11 37 35 30
13 14 90 60
13 39 17 28
14 15 65 57
15 41 17 29
16 42 62 47
17 18 14 32
17 43 58 37
19 20 74 68
19 45 81 73
20 21 49 57
20 46 10 31
21 22 14 21
22 23 28 53
23 24 35 56
24 25 36 54
24 50 54 59
26 27 14 45
27 28 42 45
30 31 33 46
31 32 16 13
33 34 76 80
34 35 37 34
36 37 19 16
37 38 3 18
38 39 6 16
40 41 69 77
41 42 2 19
42 43 81 72
43 44 71 50
44 45 43 57
46 47 35 45
47 48 14 39
48 49 32 26
50 51 49 44
(1927, 2137)

Arvore 70
0 1 5 26
1 2 15 31
1 27 63 45
2 3 17 29
3 4 41 28
3 29 9 13
4 5 53 55
5 6 33 26
6 7 17 26
6 32 25 40
7 8 85 78
7 33 92 56
8 34 72 72
9 10 30 32
9 35 49 39
10 11 10 40
11 12 15 45
11 37 35 30
13 14 90 60
13 39 17 28
14 15 65 57
15 41 17 29
16 42 62 47
17 18 14 32
17 43 58 37
19 20 74 68
19 45 81 73
20 21 49 57
20 46 10 31
21 22 14 21
22 23 28 53
23 24 35 56
24 25 36 54
24 50 54 59
26 27 14 45
27 28 42 45
30 31 33 46
31 32 16 13
34 35 37 34
36 37 19 16
37 38 3 18
38 39 6 16
40 41 69 77
41 42 2 19
42 43 81 72
43 44 71 50
44 45 43 57
46 47 35 45
47 48 14 39
48 49 32 26
50 51 49 44
(1936, 2135)

Arvore 71
0 1 5 26
1 2 15 31
1 27 63 45
2 3 17 29
3 4 41 28
3 29 9 13
4 5 53 55
5 6 33 26
6 7 17 26
6 32 25 40
7 8 85 78
8 34 72 72
9 10 30 32
9 35 49 39
10 11 10 40
11 12 15 45
11 37 35 30
13 14 90 60
13 39 17 28
14 15 65 57
15 41 17 29
16 17 84 57
16 42 62 47
17 18 14 32
17 43 58 37
19 20 74 68
19 45 81 73
20 21 49 57
20 46 10 31
21 22 14 21
22 23 28 53
23 24 35 56
24 25 36 54
24 50 54 59
26 27 14 45
27 28 42 45
30 31 33 46
31 32 16 13
33 34 76 80
34 35 37 34
36 37 19 16
37 38 3 18
38 39 6 16
40 41 69 77
41 42 2 19
43 44 71 50
44 45 43 57
46 47 35 45
47 48 14 39
48 49 32 26
50 51 49 44
(1923, 2144)

Arvore 72
0 1 5 26
1 2 15 31
1 27 63 45
2 3 17 29
3 4 41 28
3 29 9 13
4 5 53 55
5 6 33 26
6 7 17 26
6 32 25 40
7 8 85 78
8 34 72 72
9 10 30 32
9 35 49 39
10 11 10 40
11 12 15 45
11 37 35 30
13 14 90 60
13 39 17 28
14 15 65 57
15 41 17 29
16 42 62 47
17 18 14 32
17 43 58 37
19 20 74 68
19 45 81 73
20 21 49 57
20 46 10 31
21 22 14 21
22 23 28 53
23 24 35 56
24 25 36 54
24 50 54 59
26 27 14 45
27 28 42 45
30 31 33 46
31 32 16 13
33 34 76 80
34 35 37 34
36 37 19 16
37 38 3 18
38 39 6 16
40 41 69 77
41 42 2 19
42 43 81 72
43 44 71 50
44 45 43 57
46 47 35 45
47 48 14 39
48 49 32 26
50 51 49 44
(1920, 2159)

Arvore 73
0 1 5 26
1 2 15 31
1 27 63 45
2 3 17 29
3 4 41 28
3 29 9 13
4 5 53 55
5 6 33 26
6 7 17 26
6 32 25 40
7 8 85 78
7 33 92 56
8 34 72 72
9 10 30 32
9 35 49 39
10 11 10 40
11 12 15 45
11 37 35 30
13 14 90 60
13 39 17 28
14 15 65 57
15 41 17 29
16 17 84 57
16 42 62 47
17 18 14 32
17 43 58 37
19 20 74 68
19 45 81 73
20 21 49 57
20 46 10 31
21 22 14 21
22 23 28 53
23 24 35 56
24 25 36 54
25 51 77 56
26 27 14 45
27 28 42 45
30 31 33 46
31 32 16 13
34 35 37 34
36 37 19 16
37 38 3 18
38 39 6 16
40 41 69 77
41 42 2 19
43 44 71 50
44 45 43 57
46 47 35 45
47 48 14 39
48 49 32 26
50 51 49 44
(1962, 2117)

Arvore 74
0 1 5 26
1 2 15 31
1 27 63 45
2 3 17 29
3 4 41 28
3 29 9 13
4 5 53 55
5 6 33 26
6 7 17 26
6 32 25 40
7 33 92 56
8 34 72 72
9 10 30 32
9 35 49 39
10 11 10 40
11 12 15 45
11 37 35 30
13 14 90 60
13 39 17 28
14 15 65 57
15 41 17 29
16 17 84 57
16 42 62 47
17 18 14 32
17 43 58 37
19 20 74 68
19 45 81 73
20 21 49 57
20 46 10 31
21 22 14 21
22 23 28 53
23 24 35 56
24 25 36 54
25 51 77 56
26 27 14 45
27 28 42 45
30 31 33 46
31 32 16 13
33 34 76 80
34 35 37 34
36 37 19 16
37 38 3 18
38 39 6 16
40 41 69 77
41 42 2 19
43 44 71 50
44 45 43 57
46 47 35 45
47 48 14 39
48 49 32 26
50 51 49 44
(1953, 2119)

Arvore 75
0 1 5 26
1 2 15 31
1 27 63 45
2 3 17 29
3 4 41 28
3 29 9 13
4 5 53 55
5 6 33 26
6 7 17 26
6 32 25 40
7 33 92 56
8 34 72 72
9 10 30 32
9 35 49 39
10 11 10 40
11 12 15 45
11 37 35 30
13 14 90 60
13 39 17 28
14 15 65 57
15 41 17 29
16 42 62 47
17 18 14 32
17 43 58 37
19 20 74 68
19 45 81 73
20 21 49 57
20 46 10 31
21 22 14 21
22 23 28 53
23 24 35 56
24 25 36 54
25 51 77 56
26 27 14 45
27 28 42 45
30 31 33 46
31 32 16 13
33 34 76 80
34 35 37 34
36 37 19 16
37 38 3 18
38 39 6 16
40 41 69 77
41 42 2 19
42 43 81 72
43 44 71 50
44 45 43 57
46 47 35 45
47 48 14 39
48 49 32 26
50 51 49 44
(1950, 2134)

Arvore 76
0 1 5 26
1 2 15 31
1 27 63 45
2 3 17 29
3 4 41 28
3 29 9 13
4 5 53 55
5 6 33 26
6 7 17 26
6 32 25 40
7 8 85 78
7 33 92 56
8 34 72 72
9 10 30 32
9 35 49 39
10 11 10 40
11 12 15 45
11 37 35 30
13 14 90 60
13 39 17 28
14 15 65 57
15 41 17 29
16 42 62 47
17 18 14 32
17 43 58 37
19 20 74 68
19 45 81 73
20 21 49 57
20 46 10 31
21 22 14 21
22 23 28 53
23 24 35 56
24 25 36 54
25 51 77 56
26 27 14 45
27 28 42 45
30 31 33 46
31 32 16 13
34 35 37 34
36 37 19 16
37 38 3 18
38 39 6 16
40 41 69 77
41 42 2 19
42 43 81 72
43 44 71 50
44 45 43 57
46 47 35 45
47 48 14 39
48 49 32 26
50 51 49 44
(1959, 2132)

Arvore 77
0 1 5 26
1 2 15 31
1 27 63 45
2 3 17 29
3 4 41 28
3 29 9 13
4 5 53 55
5 6 33 26
6 7 17 26
6 32 25 40
7 8 85 78
8 34 72 72
9 10 30 32
9 35 49 39
10 11 10 40
11 12 15 45
11 37 35 30
13 14 90 60
13 39 17 28
14 15 65 57
15 41 17 29
16 17 84 57
16 42 62 47
17 18 14 32
17 43 58 37
19 20 74 68
19 45 81 73
20 21 49 57
20 46 10 31
21 22 14 21
22 23 28 53
23 24 35 56
24 25 36 54
25 51 77 56
26 27 14 45
27 28 42 45
30 31 33 46
31 32 16 13
33 34 76 80
34 35 37 34
36 37 19 16
37 38 3 18
38 39 6 16
40 41 69 77
41 42 2 19
43 44 71 50
44 45 43 57
46 47 35 45
47 48 14 39
48 49 32 26
50 51 49 44
(1946, 2141)

Arvore 78
0 1 5 26
1 2 15 31
1 27 63 45
2 3 17 29
3 4 41 28
3 29 9 13
4 5 53 55
5 6 33 26
6 7 17 26
6 32 25 40
7 8 85 78
8 34 72 72
9 10 30 32
9 35 49 39
10 11 10 40
11 12 15 45
11 37 35 30
13 14 90 60
13 39 17 28
14 15 65 57
15 41 17 29
16 42 62 47
17 18 14 32
17 43 58 37
19 20 74 68
19 45 81 73
20 21 49 57
20 46 10 31
21 22 14 21
22 23 28 53
23 24 35 56
24 25 36 54
25 51 77 56
26 27 14 45
27 28 42 45
30 31 33 46
31 32 16 13
33 34 76 80
34 35 37 34
36 37 19 16
37 38 3 18
38 39 6 16
40 41 69 77
41 42 2 19
42 43 81 72
43 44 71 50
44 45 43 57
46 47 35 45
47 48 14 39
48 49 32 26
50 51 49 44
(1943, 2156)

Arvore 79
0 1 5 26
1 2 15 31
1 27 63 45
2 3 17 29
3 4 41 28
3 29 9 13
4 5 53 55
5 6 33 26
6 7 17 26
6 32 25 40
7 8 85 78
7 33 92 56
8 34 72 72
9 10 30 32
9 35 49 39
10 11 10 40
11 12 15 45
11 37 35 30
13 14 90 60
13 39 17 28
14 15 65 57
15 41 17 29
16 17 84 57
16 42 62 47
17 18 14 32
17 43 58 37
19 20 74 68
19 45 81 73
20 46 10 31
21 22 14 21
21 47 78 51
22 23 28 53
23 24 35 56
24 25 36 54
24 50 54 59
26 27 14 45
27 28 42 45
30 31 33 46
31 32 16 13
34 35 37 34
36 37 19 16
37 38 3 18
38 39 6 16
40 41 69 77
41 42 2 19
43 44 71 50
44 45 43 57
46 47 35 45
47 48 14 39
48 49 32 26
50 51 49 44
(1968, 2114)

Arvore 80
0 1 5 26
1 2 15 31
1 27 63 45
2 3 17 29
3 4 41 28
3 29 9 13
4 5 53 55
5 6 33 26
6 7 17 26
6 32 25 40
7 33 92 56
8 34 72 72
9 10 30 32
9 35 49 39
10 11 10 40
11 12 15 45
11 37 35 30
13 14 90 60
13 39 17 28
14 15 65 57
15 41 17 29
16 17 84 57
16 42 62 47
17 18 14 32
17 43 58 37
19 20 74 68
19 45 81 73
20 46 10 31
21 22 14 21
21 47 78 51
22 23 28 53
23 24 35 56
24 25 36 54
24 50 54 59
26 27 14 45
27 28 42 45
30 31 33 46
31 32 16 13
33 34 76 80
34 35 37 34
36 37 19 16
37 38 3 18
38 39 6 16
40 41 69 77
41 42 2 19
43 44 71 50
44 45 43 57
46 47 35 45
47 48 14 39
48 49 32 26
50 51 49 44
(1959, 2116)

Arvore 81
0 1 5 26
1 2 15 31
1 27 63 45
2 3 17 29
3 4 41 28
3 29 9 13
4 5 53 55
5 6 33 26
6 7 17 26
6 32 25 40
7 33 92 56
8 34 72 72
9 10 30 32
9 35 49 39
10 11 10 40
11 12 15 45
11 37 35 30
13 14 90 60
13 39 17 28
14 15 65 57
15 41 17 29
16 42 62 47
17 18 14 32
17 43 58 37
19 20 74 68
19 45 81 73
20 46 10 31
21 22 14 21
21 47 78 51
22 23 28 53
23 24 35 56
24 25 36 54
24 50 54 59
26 27 14 45
27 28 42 45
30 31 33 46
31 32 16 13
33 34 76 80
34 35 37 34
36 37 19 16
37 38 3 18
38 39 6 16
40 41 69 77
41 42 2 19
42 43 81 72
43 44 71 50
44 45 43 57
46 47 35 45
47 48 14 39
48 49 32 26
50 51 49 44
(1956, 2131)

Arvore 82
0 1 5 26
1 2 15 31
1 27 63 45
2 3 17 29
3 4 41 28
3 29 9 13
4 5 53 55
5 6 33 26
6 7 17 26
6 32 25 40
7 8 85 78
7 33 92 56
8 34 72 72
9 10 30 32
9 35 49 39
10 11 10 40
11 12 15 45
11 37 35 30
13 14 90 60
13 39 17 28
14 15 65 57
15 41 17 29
16 42 62 47
17 18 14 32
17 43 58 37
19 20 74 68
19 45 81 73
20 46 10 31
21 22 14 21
21 47 78 51
22 23 28 53
23 24 35 56
24 25 36 54
24 50 54 59
26 27 14 45
27 28 42 45
30 31 33 46
31 32 16 13
34 35 37 34
36 37 19 16
37 38 3 18
38 39 6 16
40 41 69 77
41 42 2 19
42 43 81 72
43 44 71 50
44 45 43 57
46 47 35 45
47 48 14 39
48 49 32 26
50 51 49 44
(1965, 2129)

Arvore 83
0 1 5 26
1 2 15 31
1 27 63 45
2 3 17 29
3 4 41 28
3 29 9 13
4 5 53 55
5 6 33 26
6 7 17 26
6 32 25 40
7 8 85 78
8 34 72 72
9 10 30 32
9 35 49 39
10 11 10 40
11 12 15 45
11 37 35 30
13 14 90 60
13 39 17 28
14 15 65 57
15 41 17 29
16 17 84 57
16 42 62 47
17 18 14 32
17 43 58 37
19 20 74 68
19 45 81 73
20 46 10 31
21 22 14 21
21 47 78 51
22 23 28 53
23 24 35 56
24 25 36 54
24 50 54 59
26 27 14 45
27 28 42 45
30 31 33 46
31 32 16 13
33 34 76 80
34 35 37 34
36 37 19 16
37 38 3 18
38 39 6 16
40 41 69 77
41 42 2 19
43 44 71 50
44 45 43 57
46 47 35 45
47 48 14 39
48 49 32 26
50 51 49 44
(1952, 2138)

Arvore 84
0 1 5 26
1 2 15 31
1 27 63 45
2 3 17 29
3 4 41 28
3 29 9 13
4 5 53 55
5 6 33 26
6 7 17 26
6 32 25 40
7 8 85 78
8 34 72 72
9 10 30 32
9 35 49 39
10 11 10 40
11 12 15 45
11 37 35 30
13 14 90 60
13 39 17 28
14 15 65 57
15 41 17 29
16 42 62 47
17 18 14 32
17 43 58 37
19 20 74 68
19 45 81 73
20 46 10 31
21 22 14 21
21 47 78 51
22 23 28 53
23 24 35 56
24 25 36 54
24 50 54 59
26 27 14 45
27 28 42 45
30 31 33 46
31 32 16 13
33 34 76 80
34 35 37 34
36 37 19 16
37 38 3 18
38 39 6 16
40 41 69 77
41 42 2 19
42 43 81 72
43 44 71 50
44 45 43 57
46 47 35 45
47 48 14 39
48 49 32 26
50 51 49 44
(1949, 2153)

Arvore 85
0 1 5 26
1 2 15 31
1 27 63 45
2 3 17 29
3 4 41 28
3 29 9 13
4 5 53 55
5 6 33 26
6 7 17 26
6 32 25 40
7 8 85 78
7 33 92 56
8 34 72 72
9 10 30 32
9 35 49 39
10 11 10 40
11 12 15 45
11 37 35 30
13 14 90 60
13 39 17 28
14 15 65 57
15 41 17 29
16 17 84 57
16 42 62 47
17 18 14 32
17 43 58 37
19 20 74 68
19 45 81 73
20 46 10 31
21 22 14 21
21 47 78 51
22 23 28 53
23 24 35 56
24 25 36 54
25 51 77 56
26 27 14 45
27 28 42 45
30 31 33 46
31 32 16 13
34 35 37 34
36 37 19 16
37 38 3 18
38 39 6 16
40 41 69 77
41 42 2 19
43 44 71 50
44 45 43 57
46 47 35 45
47 48 14 39
48 49 32 26
50 51 49 44
(1991, 2111)

Arvore 86
0 1 5 26
1 2 15 31
1 27 63 45
2 3 17 29
3 4 41 28
3 29 9 13
4 5 53 55
5 6 33 26
6 7 17 26
6 32 25 40
7 33 92 56
8 34 72 72
9 10 30 32
9 35 49 39
10 11 10 40
11 12 15 45
11 37 35 30
13 14 90 60
13 39 17 28
14 15 65 57
15 41 17 29
16 17 84 57
16 42 62 47
17 18 14 32
17 43 58 37
19 20 74 68
19 45 81 73
20 46 10 31
21 22 14 21
21 47 78 51
22 23 28 53
23 24 35 56
24 25 36 54
25 51 77 56
26 27 14 45
27 28 42 45
30 31 33 46
31 32 16 13
33 34 76 80
34 35 37 34
36 37 19 16
37 38 3 18
38 39 6 16
40 41 69 77
41 42 2 19
43 44 71 50
44 45 43 57
46 47 35 45
47 48 14 39
48 49 32 26
50 51 49 44
(1982, 2113)

Arvore 87
0 1 5 26
1 2 15 31
1 27 63 45
2 3 17 29
3 4 41 28
3 29 9 13
4 5 53 55
5 6 33 26
6 7 17 26
6 32 25 40
7 33 92 56
8 34 72 72
9 10 30 32
9 35 49 39
10 11 10 40
11 12 15 45
11 37 35 30
13 14 90 60
13 39 17 28
14 15 65 57
15 41 17 29
16 42 62 47
17 18 14 32
17 43 58 37
19 20 74 68
19 45 81 73
20 46 10 31
21 22 14 21
21 47 78 51
22 23 28 53
23 24 35 56
24 25 36 54
25 51 77 56
26 27 14 45
27 28 42 45
30 31 33 46
31 32 16 13
33 34 76 80
34 35 37 34
36 37 19 16
37 38 3 18
38 39 6 16
40 41 69 77
41 42 2 19
42 43 81 72
43 44 71 50
44 45 43 57
46 47 35 45
47 48 14 39
48 49 32 26
50 51 49 44
(1979, 2128)

Arvore 88
0 1 5 26
1 2 15 31
1 27 63 45
2 3 17 29
3 4 41 28
3 29 9 13
4 5 53 55
5 6 33 26
6 7 17 26
6 32 25 40
7 8 85 78
7 33 92 56
8 34 72 72
9 10 30 32
9 35 49 39
10 11 10 40
11 12 15 45
11 37 35 30
13 14 90 60
13 39 17 28
14 15 65 57
15 41 17 29
16 42 62 47
17 18 14 32
17 43 58 37
19 20 74 68
19 45 81 73
20 46 10 31
21 22 14 21
21 47 78 51
22 23 28 53
23 24 35 56
24 25 36 54
25 51 77 56
26 27 14 45
27 28 42 45
30 31 33 46
31 32 16 13
34 35 37 34
36 37 19 16
37 38 3 18
38 39 6 16
40 41 69 77
41 42 2 19
42 43 81 72
43 44 71 50
44 45 43 57
46 47 35 45
47 48 14 39
48 49 32 26
50 51 49 44
(1988, 2126)

Arvore 89
0 1 5 26
1 2 15 31
1 27 63 45
2 3 17 29
3 4 41 28
3 29 9 13
4 5 53 55
5 6 33 26
6 7 17 26
6 32 25 40
7 8 85 78
8 34 72 72
9 10 30 32
9 35 49 39
10 11 10 40
11 12 15 45
11 37 35 30
13 14 90 60
13 39 17 28
14 15 65 57
15 41 17 29
16 17 84 57
16 42 62 47
17 18 14 32
17 43 58 37
19 20 74 68
19 45 81 73
20 46 10 31
21 22 14 21
21 47 78 51
22 23 28 53
23 24 35 56
24 25 36 54
25 51 77 56
26 27 14 45
27 28 42 45
30 31 33 46
31 32 16 13
33 34 76 80
34 35 37 34
36 37 19 16
37 38 3 18
38 39 6 16
40 41 69 77
41 42 2 19
43 44 71 50
44 45 43 57
46 47 35 45
47 48 14 39
48 49 32 26
50 51 49 44
(1975, 2135)

Arvore 90
0 1 5 26
1 2 15 31
1 27 63 45
2 3 17 29
3 4 41 28
3 29 9 13
4 5 53 55
5 6 33 26
6 7 17 26
6 32 25 40
7 8 85 78
8 34 72 72
9 10 30 32
9 35 49 39
10 11 10 40
11 12 15 45
11 37 35 30
13 14 90 60
13 39 17 28
14 15 65 57
15 41 17 29
16 42 62 47
17 18 14 32
17 43 58 37
19 20 74 68
19 45 81 73
20 46 10 31
21 22 14 21
21 47 78 51
22 23 28 53
23 24 35 56
24 25 36 54
25 51 77 56
26 27 14 45
27 28 42 45
30 31 33 46
31 32 16 13
33 34 76 80
34 35 37 34
36 37 19 16
37 38 3 18
38 39 6 16
40 41 69 77
41 42 2 19
42 43 81 72
43 44 71 50
44 45 43 57
46 47 35 45
47 48 14 39
48 49 32 26
50 51 49 44
(1972, 2150)

Arvore 91
0 1 5 26
1 2 15 31
1 27 63 45
2 3 17 29
3 4 41 28
3 29 9 13
5 6 33 26
6 7 17 26
6 32 25 40
7 8 85 78
7 33 92 56
8 34 72 72
9 10 30 32
9 35 49 39
10 11 10 40
11 12 15 45
11 37 35 30
13 14 90 60
13 39 17 28
14 15 65 57
15 41 17 29
16 17 84 57
16 42 62 47
17 18 14 32
17 43 58 37
18 44 62 70
19 20 74 68
19 45 81 73
20 21 49 57
20 46 10 31
21 22 14 21
22 23 28 53
23 24 35 56
24 25 36 54
24 50 54 59
26 27 14 45
27 28 42 45
29 30 52 67
30 31 33 46
31 32 16 13
34 35 37 34
36 37 19 16
37 38 3 18
38 39 6 16
40 41 69 77
41 42 2 19
44 45 43 57
46 47 35 45
47 48 14 39
48 49 32 26
50 51 49 44
(1929, 2152)

Arvore 92
0 1 5 26
1 2 15 31
1 27 63 45
2 3 17 29
3 4 41 28
3 29 9 13
5 6 33 26
6 7 17 26
6 32 25 40
7 33 92 56
8 34 72 72
9 10 30 32
9 35 49 39
10 11 10 40
11 12 15 45
11 37 35 30
13 14 90 60
13 39 17 28
14 15 65 57
15 41 17 29
16 17 84 57
16 42 62 47
17 18 14 32
17 43 58 37
18 44 62 70
19 20 74 68
19 45 81 73
20 21 49 57
20 46 10 31
21 22 14 21
22 23 28 53
23 24 35 56
24 25 36 54
24 50 54 59
26 27 14 45
27 28 42 45
29 30 52 67
30 31 33 46
31 32 16 13
33 34 76 80
34 35 37 34
36 37 19 16
37 38 3 18
38 39 6 16
40 41 69 77
41 42 2 19
44 45 43 57
46 47 35 45
47 48 14 39
48 49 32 26
50 51 49 44
(1920, 2154)

Arvore 93
0 1 5 26
1 2 15 31
1 27 63 45
2 3 17 29
3 4 41 28
3 29 9 13
5 6 33 26
6 7 17 26
6 32 25 40
7 33 92 56
8 34 72 72
9 10 30 32
9 35 49 39
10 11 10 40
11 12 15 45
11 37 35 30
13 14 90 60
13 39 17 28
14 15 65 57
15 41 17 29
16 42 62 47
17 18 14 32
17 43 58 37
18 44 62 70
19 20 74 68
19 45 81 73
20 21 49 57
20 46 10 31
21 22 14 21
22 23 28 53
23 24 35 56
24 25 36 54
24 50 54 59
26 27 14 45
27 28 42 45
29 30 52 67
30 31 33 46
31 32 16 13
33 34 76 80
34 35 37 34
36 37 19 16
37 38 3 18
38 39 6 16
40 41 69 77
41 42 2 19
42 43 81 72
44 45 43 57
46 47 35 45
47 48 14 39
48 49 32 26
50 51 49 44
(1917, 2169)

Arvore 94
0 1 5 26
1 2 15 31
1 27 63 45
2 3 17 29
3 4 41 28
3 29 9 13
5 6 33 26
6 7 17 26
6 32 25 40
7 8 85 78
7 33 92 56
8 34 72 72
9 10 30 32
9 35 49 39
10 11 10 40
11 12 15 45
11 37 35 30
13 14 90 60
13 39 17 28
14 15 65 57
15 41 17 29
16 42 62 47
17 18 14 32
17 43 58 37
18 44 62 70
19 20 74 68
19 45 81 73
20 21 49 57
20 46 10 31
21 22 14 21
22 23 28 53
23 24 35 56
24 25 36 54
24 50 54 59
26 27 14 45
27 28 42 45
29 30 52 67
30 31 33 46
31 32 16 13
34 35 37 34
36 37 19 16
37 38 3 18
38 39 6 16
40 41 69 77
41 42 2 19
42 43 81 72
44 45 43 57
46 47 35 45
47 48 14 39
48 49 32 26
50 51 49 44
(1926, 2167)

Arvore 95
0 1 5 26
1 2 15 31
1 27 63 45
2 3 17 29
3 4 41 28
3 29 9 13
5 6 33 26
6 7 17 26
6 32 25 40
7 8 85 78
8 34 72 72
9 10 30 32
9 35 49 39
10 11 10 40
11 12 15 45
11 37 35 30
13 14 90 60
13 39 17 28
14 15 65 57
15 41 17 29
16 17 84 57
16 42 62 47
17 18 14 32
17 43 58 37
18 44 62 70
19 20 74 68
19 45 81 73
20 21 49 57
20 46 10 31
21 22 14 21
22 23 28 53
23 24 35 56
24 25 36 54
24 50 54 59
26 27 14 45
27 28 42 45
29 30 52 67
30 31 33 46
31 32 16 13
33 34 76 80
34 35 37 34
36 37 19 16
37 38 3 18
38 39 6 16
40 41 69 77
41 42 2 19
44 45 43 57
46 47 35 45
47 48 14 39
48 49 32 26
50 51 49 44
(1913, 2176)

Arvore 96
0 1 5 26
1 2 15 31
1 27 63 45
2 3 17 29
3 4 41 28
3 29 9 13
5 6 33 26
6 7 17 26
6 32 25 40
7 8 85 78
8 34 72 72
9 10 30 32
9 35 49 39
10 11 10 40
11 12 15 45
11 37 35 30
13 14 90 60
13 39 17 28
14 15 65 57
15 41 17 29
16 42 62 47
17 18 14 32
17 43 58 37
18 44 62 70
19 20 74 68
19 45 81 73
20 21 49 57
20 46 10 31
21 22 14 21
22 23 28 53
23 24 35 56
24 25 36 54
24 50 54 59
26 27 14 45
27 28 42 45
29 30 52 67
30 31 33 46
31 32 16 13
33 34 76 80
34 35 37 34
36 37 19 16
37 38 3 18
38 39 6 16
40 41 69 77
41 42 2 19
42 43 81 72
44 45 43 57
46 47 35 45
47 48 14 39
48 49 32 26
50 51 49 44
(1910, 2191)

Arvore 97
0 1 5 26
1 2 15 31
1 27 63 45
2 3 17 29
3 4 41 28
3 29 9 13
5 6 33 26
6 7 17 26
6 32 25 40
7 8 85 78
7 33 92 56
8 34 72 72
9 10 30 32
9 35 49 39
10 11 10 40
11 12 15 45
11 37 35 30
13 14 90 60
13 39 17 28
14 15 65 57
15 41 17 29
16 17 84 57
16 42 62 47
17 18 14 32
17 43 58 37
19 20 74 68
19 45 81 73
20 21 49 57
20 46 10 31
21 22 14 21
22 23 28 53
23 24 35 56
24 25 36 54
24 50 54 59
26 27 14 45
27 28 42 45
29 30 52 67
30 31 33 46
31 32 16 13
34 35 37 34
36 37 19 16
37 38 3 18
38 39 6 16
40 41 69 77
41 42 2 19
43 44 71 50
44 45 43 57
46 47 35 45
47 48 14 39
48 49 32 26
50 51 49 44
(1938, 2132)

Arvore 98
0 1 5 26
1 2 15 31
1 27 63 45
2 3 17 29
3 4 41 28
3 29 9 13
5 6 33 26
6 7 17 26
6 32 25 40
7 33 92 56
8 34 72 72
9 10 30 32
9 35 49 39
10 11 10 40
11 12 15 45
11 37 35 30
13 14 90 60
13 39 17 28
14 15 65 57
15 41 17 29
16 17 84 57
16 42 62 47
17 18 14 32
17 43 58 37
19 20 74 68
19 45 81 73
20 21 49 57
20 46 10 31
21 22 14 21
22 23 28 53
23 24 35 56
24 25 36 54
24 50 54 59
26 27 14 45
27 28 42 45
29 30 52 67
30 31 33 46
31 32 16 13
33 34 76 80
34 35 37 34
36 37 19 16
37 38 3 18
38 39 6 16
40 41 69 77
41 42 2 19
43 44 71 50
44 45 43 57
46 47 35 45
47 48 14 39
48 49 32 26
50 51 49 44
(1929, 2134)

Arvore 99
0 1 5 26
1 2 15 31
1 27 63 45
2 3 17 29
3 4 41 28
3 29 9 13
5 6 33 26
6 7 17 26
6 32 25 40
7 33 92 56
8 34 72 72
9 10 30 32
9 35 49 39
10 11 10 40
11 12 15 45
11 37 35 30
13 14 90 60
13 39 17 28
14 15 65 57
15 41 17 29
16 42 62 47
17 18 14 32
17 43 58 37
19 20 74 68
19 45 81 73
20 21 49 57
20 46 10 31
21 22 14 21
22 23 28 53
23 24 35 56
24 25 36 54
24 50 54 59
26 27 14 45
27 28 42 45
29 30 52 67
30 31 33 46
31 32 16 13
33 34 76 80
34 35 37 34
36 37 19 16
37 38 3 18
38 39 6 16
40 41 69 77
41 42 2 19
42 43 81 72
43 44 71 50
44 45 43 57
46 47 35 45
47 48 14 39
48 49 32 26
50 51 49 44
(1926, 2149)

Arvore 100
0 1 5 26
1 2 15 31
1 27 63 45
2 3 17 29
3 4 41 28
3 29 9 13
5 6 33 26
6 7 17 26
6 32 25 40
7 8 85 78
7 33 92 56
8 34 72 72
9 10 30 32
9 35 49 39
10 11 10 40
11 12 15 45
11 37 35 30
13 14 90 60
13 39 17 28
14 15 65 57
15 41 17 29
16 42 62 47
17 18 14 32
17 43 58 37
19 20 74 68
19 45 81 73
20 21 49 57
20 46 10 31
21 22 14 21
22 23 28 53
23 24 35 56
24 25 36 54
24 50 54 59
26 27 14 45
27 28 42 45
29 30 52 67
30 31 33 46
31 32 16 13
34 35 37 34
36 37 19 16
37 38 3 18
38 39 6 16
40 41 69 77
41 42 2 19
42 43 81 72
43 44 71 50
44 45 43 57
46 47 35 45
47 48 14 39
48 49 32 26
50 51 49 44
(1935, 2147)

Arvore 101
0 1 5 26
1 2 15 31
1 27 63 45
2 3 17 29
3 4 41 28
3 29 9 13
5 6 33 26
6 7 17 26
6 32 25 40
7 8 85 78
8 34 72 72
9 10 30 32
9 35 49 39
10 11 10 40
11 12 15 45
11 37 35 30
13 14 90 60
13 39 17 28
14 15 65 57
15 41 17 29
16 17 84 57
16 42 62 47
17 18 14 32
17 43 58 37
19 20 74 68
19 45 81 73
20 21 49 57
20 46 10 31
21 22 14 21
22 23 28 53
23 24 35 56
24 25 36 54
24 50 54 59
26 27 14 45
27 28 42 45
29 30 52 67
30 31 33 46
31 32 16 13
33 34 76 80
34 35 37 34
36 37 19 16
37 38 3 18
38 39 6 16
40 41 69 77
41 42 2 19
43 44 71 50
44 45 43 57
46 47 35 45
47 48 14 39
48 49 32 26
50 51 49 44
(1922, 2156)

Arvore 102
0 1 5 26
1 2 15 31
1 27 63 45
2 3 17 29
3 4 41 28
3 29 9 13
5 6 33 26
6 7 17 26
6 32 25 40
7 8 85 78
8 34 72 72
9 10 30 32
9 35 49 39
10 11 10 40
11 12 15 45
11 37 35 30
13 14 90 60
13 39 17 28
14 15 65 57
15 41 17 29
16 42 62 47
17 18 14 32
17 43 58 37
19 20 74 68
19 45 81 73
20 21 49 57
20 46 10 31
21 22 14 21
22 23 28 53
23 24 35 56
24 25 36 54
24 50 54 59
26 27 14 45
27 28 42 45
29 30 52 67
30 31 33 46
31 32 16 13
33 34 76 80
34 35 37 34
36 37 19 16
37 38 3 18
38 39 6 16
40 41 69 77
41 42 2 19
42 43 81 72
43 44 71 50
44 45 43 57
46 47 35 45
47 48 14 39
48 49 32 26
50 51 49 44
(1919, 2171)

Arvore 103
0 1 5 26
1 2 15 31
1 27 63 45
2 3 17 29
3 4 41 28
3 29 9 13
5 6 33 26
6 7 17 26
6 32 25 40
7 8 85 78
7 33 92 56
8 34 72 72
9 10 30 32
9 35 49 39
10 11 10 40
11 12 15 45
11 37 35 30
13 14 90 60
13 39 17 28
14 15 65 57
15 41 17 29
16 17 84 57
16 42 62 47
17 18 14 32
17 43 58 37
19 20 74 68
19 45 81 73
20 21 49 57
20 46 10 31
21 22 14 21
22 23 28 53
23 24 35 56
24 25 36 54
25 51 77 56
26 27 14 45
27 28 42 45
29 30 52 67
30 31 33 46
31 32 16 13
34 35 37 34
36 37 19 16
37 38 3 18
38 39 6 16
40 41 69 77
41 42 2 19
43 44 71 50
44 45 43 57
46 47 35 45
47 48 14 39
48 49 32 26
50 51 49 44
(1961, 2129)

Arvore 104
0 1 5 26
1 2 15 31
1 27 63 45
2 3 17 29
3 4 41 28
3 29 9 13
5 6 33 26
6 7 17 26
6 32 25 40
7 33 92 56
8 34 72 72
9 10 30 32
9 35 49 39
10 11 10 40
11 12 15 45
11 37 35 30
13 14 90 60
13 39 17 28
14 15 65 57
15 41 17 29
16 17 84 57
16 42 62 47
17 18 14 32
17 43 58 37
19 20 74 68
19 45 81 73
20 21 49 57
20 46 10 31
21 22 14 21
22 23 28 53
23 24 35 56
24 25 36 54
25 51 77 56
26 27 14 45
27 28 42 45
29 30 52 67
30 31 33 46
31 32 16 13
33 34 76 80
34 35 37 34
36 37 19 16
37 38 3 18
38 39 6 16
40 41 69 77
41 42 2 19
43 44 71 50
44 45 43 57
46 47 35 45
47 48 14 39
48 49 32 26
50 51 49 44
(1952, 2131)

Arvore 105
0 1 5 26
1 2 15 31
1 27 63 45
2 3 17 29
3 4 41 28
3 29 9 13
5 6 33 26
6 7 17 26
6 32 25 40
7 33 92 56
8 34 72 72
9 10 30 32
9 35 49 39
10 11 10 40
11 12 15 45
11 37 35 30
13 14 90 60
13 39 17 28
14 15 65 57
15 41 17 29
16 42 62 47
17 18 14 32
17 43 58 37
19 20 74 68
19 45 81 73
20 21 49 57
20 46 10 31
21 22 14 21
22 23 28 53
23 24 35 56
24 25 36 54
25 51 77 56
26 27 14 45
27 28 42 45
29 30 52 67
30 31 33 46
31 32 16 13
33 34 76 80
34 35 37 34
36 37 19 16
37 38 3 18
38 39 6 16
40 41 69 77
41 42 2 19
42 43 81 72
43 44 71 50
44 45 43 57
46 47 35 45
47 48 14 39
48 49 32 26
50 51 49 44
(1949, 2146)

Arvore 106
0 1 5 26
1 2 15 31
1 27 63 45
2 3 17 29
3 4 41 28
3 29 9 13
5 6 33 26
6 7 17 26
6 32 25 40
7 8 85 78
7 33 92 56
8 34 72 72
9 10 30 32
9 35 49 39
10 11 10 40
11 12 15 45
11 37 35 30
13 14 90 60
13 39 17 28
14 15 65 57
15 41 17 29
16 42 62 47
17 18 14 32
17 43 58 37
19 20 74 68
19 45 81 73
20 21 49 57
20 46 10 31
21 22 14 21
22 23 28 53
23 24 35 56
24 25 36 54
25 51 77 56
26 27 14 45
27 28 42 45
29 30 52 67
30 31 33 46
31 32 16 13
34 35 37 34
36 37 19 16
37 38 3 18
38 39 6 16
40 41 69 77
41 42 2 19
42 43 81 72
43 44 71 50
44 45 43 57
46 47 35 45
47 48 14 39
48 49 32 26
50 51 49 44
(1958, 2144)

Arvore 107
0 1 5 26
1 2 15 31
1 27 63 45
2 3 17 29
3 4 41 28
3 29 9 13
5 6 33 26
6 7 17 26
6 32 25 40
7 8 85 78
8 34 72 72
9 10 30 32
9 35 49 39
10 11 10 40
11 12 15 45
11 37 35 30
13 14 90 60
13 39 17 28
14 15 65 57
15 41 17 29
16 17 84 57
16 42 62 47
17 18 14 32
17 43 58 37
19 20 74 68
19 45 81 73
20 21 49 57
20 46 10 31
21 22 14 21
22 23 28 53
23 24 35 56
24 25 36 54
25 51 77 56
26 27 14 45
27 28 42 45
29 30 52 67
30 31 33 46
31 32 16 13
33 34 76 80
34 35 37 34
36 37 19 16
37 38 3 18
38 39 6 16
40 41 69 77
41 42 2 19
43 44 71 50
44 45 43 57
46 47 35 45
47 48 14 39
48 49 32 26
50 51 49 44
(1945, 2153)

Arvore 108
0 1 5 26
1 2 15 31
1 27 63 45
2 3 17 29
3 4 41 28
3 29 9 13
5 6 33 26
6 7 17 26
6 32 25 40
7 8 85 78
8 34 72 72
9 10 30 32
9 35 49 39
10 11 10 40
11 12 15 45
11 37 35 30
13 14 90 60
13 39 17 28
14 15 65 57
15 41 17 29
16 42 62 47
17 18 14 32
17 43 58 37
19 20 74 68
19 45 81 73
20 21 49 57
20 46 10 31
21 22 14 21
22 23 28 53
23 24 35 56
24 25 36 54
25 51 77 56
26 27 14 45
27 28 42 45
29 30 52 67
30 31 33 46
31 32 16 13
33 34 76 80
34 35 37 34
36 37 19 16
37 38 3 18
38 39 6 16
40 41 69 77
41 42 2 19
42 43 81 72
43 44 71 50
44 45 43 57
46 47 35 45
47 48 14 39
48 49 32 26
50 51 49 44
(1942, 2168)

Arvore 109
0 1 5 26
1 2 15 31
1 27 63 45
2 3 17 29
3 4 41 28
3 29 9 13
5 6 33 26
6 7 17 26
6 32 25 40
7 8 85 78
7 33 92 56
8 34 72 72
9 10 30 32
9 35 49 39
10 11 10 40
11 12 15 45
11 37 35 30
13 14 90 60
13 39 17 28
14 15 65 57
15 41 17 29
16 17 84 57
16 42 62 47
17 18 14 32
17 43 58 37
19 20 74 68
19 45 81 73
20 46 10 31
21 22 14 21
21 47 78 51
22 23 28 53
23 24 35 56
24 25 36 54
24 50 54 59
26 27 14 45
27 28 42 45
29 30 52 67
30 31 33 46
31 32 16 13
34 35 37 34
36 37 19 16
37 38 3 18
38 39 6 16
40 41 69 77
41 42 2 19
43 44 71 50
44 45 43 57
46 47 35 45
47 48 14 39
48 49 32 26
50 51 49 44
(1967, 2126)

Arvore 110
0 1 5 26
1 2 15 31
1 27 63 45
2 3 17 29
3 4 41 28
3 29 9 13
5 6 33 26
6 7 17 26
6 32 25 40
7 33 92 56
8 34 72 72
9 10 30 32
9 35 49 39
10 11 10 40
11 12 15 45
11 37 35 30
13 14 90 60
13 39 17 28
14 15 65 57
15 41 17 29
16 17 84 57
16 42 62 47
17 18 14 32
17 43 58 37
19 20 74 68
19 45 81 73
20 46 10 31
21 22 14 21
21 47 78 51
22 23 28 53
23 24 35 56
24 25 36 54
24 50 54 59
26 27 14 45
27 28 42 45
29 30 52 67
30 31 33 46
31 32 16 13
33 34 76 80
34 35 37 34
36 37 19 16
37 38 3 18
38 39 6 16
40 41 69 77
41 42 2 19
43 44 71 50
44 45 43 57
46 47 35 45
47 48 14 39
48 49 32 26
50 51 49 44
(1958, 2128)

Arvore 111
0 1 5 26
1 2 15 31
1 27 63 45
2 3 17 29
3 4 41 28
3 29 9 13
5 6 33 26
6 7 17 26
6 32 25 40
7 33 92 56
8 34 72 72
9 10 30 32
9 35 49 39
10 11 10 40
11 12 15 45
11 37 35 30
13 14 90 60
13 39 17 28
14 15 65 57
15 41 17 29
16 42 62 47
17 18 14 32
17 43 58 37
19 20 74 68
19 45 81 73
20 46 10 31
21 22 14 21
21 47 78 51
22 23 28 53
23 24 35 56
24 25 36 54
24 50 54 59
26 27 14 45
27 28 42 45
29 30 52 67
30 31 33 46
31 32 16 13
33 34 76 80
34 35 37 34
36 37 19 16
37 38 3 18
38 39 6 16
40 41 69 77
41 42 2 19
42 43 81 72
43 44 71 50
44 45 43 57
46 47 35 45
47 48 14 39
48 49 32 26
50 51 49 44
(1955, 2143)

Arvore 112
0 1 5 26
1 2 15 31
1 27 63 45
2 3 17 29
3 4 41 28
3 29 9 13
5 6 33 26
6 7 17 26
6 32 25 40
7 8 85 78
7 33 92 56
8 34 72 72
9 10 30 32
9 35 49 39
10 11 10 40
11 12 15 45
11 37 35 30
13 14 90 60
13 39 17 28
14 15 65 57
15 41 17 29
16 42 62 47
17 18 14 32
17 43 58 37
19 20 74 68
19 45 81 73
20 46 10 31
21 22 14 21
21 47 78 51
22 23 28 53
23 24 35 56
24 25 36 54
24 50 54 59
26 27 14 45
27 28 42 45
29 30 52 67
30 31 33 46
31 32 16 13
34 35 37 34
36 37 19 16
37 38 3 18
38 39 6 16
40 41 69 77
41 42 2 19
42 43 81 72
43 44 71 50
44 45 43 57
46 47 35 45
47 48 14 39
48 49 32 26
50 51 49 44
(1964, 2141)

Arvore 113
0 1 5 26
1 2 15 31
1 27 63 45
2 3 17 29
3 4 41 28
3 29 9 13
5 6 33 26
6 7 17 26
6 32 25 40
7 8 85 78
8 34 72 72
9 10 30 32
9 35 49 39
10 11 10 40
11 12 15 45
11 37 35 30
13 14 90 60
13 39 17 28
14 15 65 57
15 41 17 29
16 17 84 57
16 42 62 47
17 18 14 32
17 43 58 37
19 20 74 68
19 45 81 73
20 46 10 31
21 22 14 21
21 47 78 51
22 23 28 53
23 24 35 56
24 25 36 54
24 50 54 59
26 27 14 45
27 28 42 45
29 30 52 67
30 31 33 46
31 32 16 13
33 34 76 80
34 35 37 34
36 37 19 16
37 38 3 18
38 39 6 16
40 41 69 77
41 42 2 19
43 44 71 50
44 45 43 57
46 47 35 45
47 48 14 39
48 49 32 26
50 51 49 44
(1951, 2150)

Arvore 114
0 1 5 26
1 2 15 31
1 27 63 45
2 3 17 29
3 4 41 28
3 29 9 13
5 6 33 26
6 7 17 26
6 32 25 40
7 8 85 78
8 34 72 72
9 10 30 32
9 35 49 39
10 11 10 40
11 12 15 45
11 37 35 30
13 14 90 60
13 39 17 28
14 15 65 57
15 41 17 29
16 42 62 47
17 18 14 32
17 43 58 37
19 20 74 68
19 45 81 73
20 46 10 31
21 22 14 21
21 47 78 51
22 23 28 53
23 24 35 56
24 25 36 54
24 50 54 59
26 27 14 45
27 28 42 45
29 30 52 67
30 31 33 46
31 32 16 13
33 34 76 80
34 35 37 34
36 37 19 16
37 38 3 18
38 39 6 16
40 41 69 77
41 42 2 19
42 43 81 72
43 44 71 50
44 45 43 57
46 47 35 45
47 48 14 39
48 49 32 26
50 51 49 44
(1948, 2165)

Arvore 115
0 1 5 26
1 2 15 31
1 27 63 45
2 3 17 29
3 4 41 28
3 29 9 13
5 6 33 26
6 7 17 26
6 32 25 40
7 8 85 78
7 33 92 56
8 34 72 72
9 10 30 32
9 35 49 39
10 11 10 40
11 12 15 45
11 37 35 30
13 14 90 60
13 39 17 28
14 15 65 57
15 41 17 29
16 17 84 57
16 42 62 47
17 18 14 32
17 43 58 37
19 20 74 68
19 45 81 73
20 46 10 31
21 22 14 21
21 47 78 51
22 23 28 53
23 24 35 56
24 25 36 54
25 51 77 56
26 27 14 45
27 28 42 45
29 30 52 67
30 31 33 46
31 32 16 13
34 35 37 34
36 37 19 16
37 38 3 18
38 39 6 16
40 41 69 77
41 42 2 19
43 44 71 50
44 45 43 57
46 47 35 45
47 48 14 39
48 49 32 26
50 51 49 44
(1990, 2123)

Arvore 116
0 1 5 26
1 2 15 31
1 27 63 45
2 3 17 29
3 4 41 28
3 29 9 13
5 6 33 26
6 7 17 26
6 32 25 40
7 33 92 56
8 34 72 72
9 10 30 32
9 35 49 39
10 11 10 40
11 12 15 45
11 37 35 30
13 14 90 60
13 39 17 28
14 15 65 57
15 41 17 29
16 17 84 57
16 42 62 47
17 18 14 32
17 43 58 37
19 20 74 68
19 45 81 73
20 46 10 31
21 22 14 21
21 47 78 51
22 23 28 53
23 24 35 56
24 25 36 54
25 51 77 56
26 27 14 45
27 28 42 45
29 30 52 67
30 31 33 46
31 32 16 13
33 34 76 80
34 35 37 34
36 37 19 16
37 38 3 18
38 39 6 16
40 41 69 77
41 42 2 19
43 44 71 50
44 45 43 57
46 47 35 45
47 48 14 39
48 49 32 26
50 51 49 44
(1981, 2125)

Arvore 117
0 1 5 26
1 2 15 31
1 27 63 45
2 3 17 29
3 4 41 28
3 29 9 13
5 6 33 26
6 7 17 26
6 32 25 40
7 33 92 56
8 34 72 72
9 10 30 32
9 35 49 39
10 11 10 40
11 12 15 45
11 37 35 30
13 14 90 60
13 39 17 28
14 15 65 57
15 41 17 29
16 42 62 47
17 18 14 32
17 43 58 37
19 20 74 68
19 45 81 73
20 46 10 31
21 22 14 21
21 47 78 51
22 23 28 53
23 24 35 56
24 25 36 54
25 51 77 56
26 27 14 45
27 28 42 45
29 30 52 67
30 31 33 46
31 32 16 13
33 34 76 80
34 35 37 34
36 37 19 16
37 38 3 18
38 39 6 16
40 41 69 77
41 42 2 19
42 43 81 72
43 44 71 50
44 45 43 57
46 47 35 45
47 48 14 39
48 49 32 26
50 51 49 44
(1978, 2140)

Arvore 118
0 1 5 26
1 2 15 31
1 27 63 45
2 3 17 29
3 4 41 28
3 29 9 13
5 6 33 26
6 7 17 26
6 32 25 40
7 8 85 78
7 33 92 56
8 34 72 72
9 10 30 32
9 35 49 39
10 11 10 40
11 12 15 45
11 37 35 30
13 14 90 60
13 39 17 28
14 15 65 57
15 41 17 29
16 42 62 47
17 18 14 32
17 43 58 37
19 20 74 68
19 45 81 73
20 46 10 31
21 22 14 21
21 47 78 51
22 23 28 53
23 24 35 56
24 25 36 54
25 51 77 56
26 27 14 45
27 28 42 45
29 30 52 67
30 31 33 46
31 32 16 13
34 35 37 34
36 37 19 16
37 38 3 18
38 39 6 16
40 41 69 77
41 42 2 19
42 43 81 72
43 44 71 50
44 45 43 57
46 47 35 45
47 48 14 39
48 49 32 26
50 51 49 44
(1987, 2138)

Arvore 119
0 1 5 26
1 2 15 31
1 27 63 45
2 3 17 29
3 4 41 28
3 29 9 13
5 6 33 26
6 7 17 26
6 32 25 40
7 8 85 78
8 34 72 72
9 10 30 32
9 35 49 39
10 11 10 40
11 12 15 45
11 37 35 30
13 14 90 60
13 39 17 28
14 15 65 57
15 41 17 29
16 17 84 57
16 42 62 47
17 18 14 32
17 43 58 37
19 20 74 68
19 45 81 73
20 46 10 31
21 22 14 21
21 47 78 51
22 23 28 53
23 24 35 56
24 25 36 54
25 51 77 56
26 27 14 45
27 28 42 45
29 30 52 67
30 31 33 46
31 32 16 13
33 34 76 80
34 35 37 34
36 37 19 16
37 38 3 18
38 39 6 16
40 41 69 77
41 42 2 19
43 44 71 50
44 45 43 57
46 47 35 45
47 48 14 39
48 49 32 26
50 51 49 44
(1974, 2147)

Arvore 120
0 1 5 26
1 2 15 31
1 27 63 45
2 3 17 29
3 4 41 28
3 29 9 13
5 6 33 26
6 7 17 26
6 32 25 40
7 8 85 78
8 34 72 72
9 10 30 32
9 35 49 39
10 11 10 40
11 12 15 45
11 37 35 30
13 14 90 60
13 39 17 28
14 15 65 57
15 41 17 29
16 42 62 47
17 18 14 32
17 43 58 37
19 20 74 68
19 45 81 73
20 46 10 31
21 22 14 21
21 47 78 51
22 23 28 53
23 24 35 56
24 25 36 54
25 51 77 56
26 27 14 45
27 28 42 45
29 30 52 67
30 31 33 46
31 32 16 13
33 34 76 80
34 35 37 34
36 37 19 16
37 38 3 18
38 39 6 16
40 41 69 77
41 42 2 19
42 43 81 72
43 44 71 50
44 45 43 57
46 47 35 45
47 48 14 39
48 49 32 26
50 51 49 44
(1971, 2162)

