114645
1146.45
Arvore 1
0 1 64 54
1 2 77 79
2 3 20 12
2 31 60 43
3 32 15 35
4 33 61 41
5 6 2 2
5 34 21 43
6 7 11 42
6 35 75 45
8 9 59 36
8 37 16 43
9 38 27 17
10 11 3 17
11 12 52 43
11 40 30 31
12 13 28 27
13 14 30 21
13 42 24 47
14 43 26 46
15 16 21 48
15 44 43 40
16 45 22 37
17 18 54 41
17 46 2 38
18 47 12 43
19 48 2 24
20 21 53 52
20 49 31 55
21 22 57 58
22 23 67 76
22 51 23 21
23 24 9 39
24 53 5 6
25 26 22 45
25 54 23 18
26 27 8 41
26 55 29 35
27 28 16 11
28 57 59 72
29 30 29 36
30 31 32 38
32 33 48 37
33 34 9 17
35 36 73 77
36 37 84 65
38 39 50 32
39 40 34 53
40 41 40 45
43 44 3 19
45 46 25 26
47 48 18 39
48 49 18 40
49 50 6 7
52 53 21 20
53 54 42 35
56 57 21 35
(1812, 2145)

Arvore 2
0 1 64 54
1 2 77 79
2 3 20 12
2 31 60 43
3 32 15 35
4 33 61 41
5 6 2 2
5 34 21 43
6 7 11 42
6 35 75 45
7 8 98 67
8 9 59 36
8 37 16 43
9 38 27 17
10 11 3 17
11 12 52 43
11 40 30 31
12 13 28 27
13 14 30 21
13 42 24 47
14 43 26 46
15 16 21 48
15 44 43 40
16 45 22 37
17 18 54 41
17 46 2 38
18 47 12 43
19 48 2 24
20 21 53 52
20 49 31 55
21 22 57 58
22 23 67 76
22 51 23 21
23 24 9 39
24 53 5 6
25 26 22 45
25 54 23 18
26 27 8 41
26 55 29 35
27 28 16 11
28 57 59 72
29 30 29 36
30 31 32 38
32 33 48 37
33 34 9 17
36 37 84 65
38 39 50 32
39 40 34 53
40 41 40 45
43 44 3 19
45 46 25 26
47 48 18 39
48 49 18 40
49 50 6 7
52 53 21 20
53 54 42 35
56 57 21 35
(1837, 2135)

Arvore 3
0 1 64 54
1 2 77 79
2 3 20 12
2 31 60 43
3 32 15 35
4 33 61 41
5 6 2 2
5 34 21 43
6 7 11 42
6 35 75 45
8 9 59 36
8 37 16 43
9 38 27 17
10 11 3 17
11 12 52 43
11 40 30 31
12 13 28 27
13 14 30 21
13 42 24 47
14 43 26 46
15 16 21 48
15 44 43 40
16 45 22 37
17 18 54 41
17 46 2 38
18 47 12 43
19 48 2 24
20 21 53 52
20 49 31 55
21 22 57 58
22 23 67 76
22 51 23 21
23 24 9 39
24 53 5 6
25 26 22 45
25 54 23 18
26 27 8 41
26 55 29 35
27 28 16 11
29 30 29 36
30 31 32 38
32 33 48 37
33 34 9 17
35 36 73 77
36 37 84 65
38 39 50 32
39 40 34 53
40 41 40 45
43 44 3 19
45 46 25 26
47 48 18 39
48 49 18 40
49 50 6 7
52 53 21 20
53 54 42 35
55 56 73 48
56 57 21 35
(1826, 2121)

Arvore 4
0 1 64 54
1 2 77 79
2 3 20 12
2 31 60 43
3 32 15 35
4 33 61 41
5 6 2 2
5 34 21 43
6 7 11 42
6 35 75 45
7 8 98 67
8 9 59 36
8 37 16 43
9 38 27 17
10 11 3 17
11 12 52 43
11 40 30 31
12 13 28 27
13 14 30 21
13 42 24 47
14 43 26 46
15 16 21 48
15 44 43 40
16 45 22 37
17 18 54 41
17 46 2 38
18 47 12 43
19 48 2 24
20 21 53 52
20 49 31 55
21 22 57 58
22 23 67 76
22 51 23 21
23 24 9 39
24 53 5 6
25 26 22 45
25 54 23 18
26 27 8 41
26 55 29 35
27 28 16 11
29 30 29 36
30 31 32 38
32 33 48 37
33 34 9 17
36 37 84 65
38 39 50 32
39 40 34 53
40 41 40 45
43 44 3 19
45 46 25 26
47 48 18 39
48 49 18 40
49 50 6 7
52 53 21 20
53 54 42 35
55 56 73 48
56 57 21 35
(1851, 2111)

Arvore 5
0 1 64 54
1 2 77 79
2 3 20 12
2 31 60 43
3 32 15 35
4 33 61 41
5 6 2 2
5 34 21 43
6 7 11 42
6 35 75 45
8 9 59 36
8 37 16 43
9 38 27 17
10 11 3 17
11 12 52 43
11 40 30 31
12 13 28 27
13 14 30 21
13 42 24 47
14 43 26 46
15 16 21 48
15 44 43 40
16 45 22 37
17 18 54 41
17 46 2 38
18 47 12 43
19 48 2 24
20 49 31 55
21 22 57 58
21 50 44 64
22 23 67 76
22 51 23 21
23 24 9 39
24 53 5 6
25 26 22 45
25 54 23 18
26 27 8 41
26 55 29 35
27 28 16 11
28 57 59 72
29 30 29 36
30 31 32 38
32 33 48 37
33 34 9 17
35 36 73 77
36 37 84 65
38 39 50 32
39 40 34 53
40 41 40 45
43 44 3 19
45 46 25 26
47 48 18 39
48 49 18 40
49 50 6 7
52 53 21 20
53 54 42 35
56 57 21 35
(1803, 2157)

Arvore 6
0 1 64 54
1 2 77 79
2 3 20 12
2 31 60 43
3 32 15 35
4 33 61 41
5 6 2 2
5 34 21 43
6 7 11 42
6 35 75 45
7 8 98 67
8 9 59 36
8 37 16 43
9 38 27 17
10 11 3 17
11 12 52 43
11 40 30 31
12 13 28 27
13 14 30 21
13 42 24 47
14 43 26 46
15 16 21 48
15 44 43 40
16 45 22 37
17 18 54 41
17 46 2 38
18 47 12 43
19 48 2 24
20 49 31 55
21 22 57 58
21 50 44 64
22 23 67 76
22 51 23 21
23 24 9 39
24 53 5 6
25 26 22 45
25 54 23 18
26 27 8 41
26 55 29 35
27 28 16 11
28 57 59 72
29 30 29 36
30 31 32 38
32 33 48 37
33 34 9 17
36 37 84 65
38 39 50 32
39 40 34 53
40 41 40 45
43 44 3 19
45 46 25 26
47 48 18 39
48 49 18 40
49 50 6 7
52 53 21 20
53 54 42 35
56 57 21 35
(1828, 2147)

Arvore 7
0 1 64 54
1 2 77 79
2 3 20 12
2 31 60 43
3 32 15 35
4 33 61 41
5 6 2 2
5 34 21 43
6 7 11 42
6 35 75 45
8 9 59 36
8 37 16 43
9 38 27 17
10 11 3 17
11 12 52 43
11 40 30 31
12 13 28 27
13 14 30 21
13 42 24 47
14 43 26 46
15 16 21 48
15 44 43 40
16 45 22 37
17 18 54 41
17 46 2 38
18 47 12 43
19 48 2 24
20 49 31 55
21 22 57 58
21 50 44 64
22 23 67 76
22 51 23 21
23 24 9 39
24 53 5 6
25 26 22 45
25 54 23 18
26 27 8 41
26 55 29 35
27 28 16 11
29 30 29 36
30 31 32 38
32 33 48 37
33 34 9 17
35 36 73 77
36 37 84 65
38 39 50 32
39 40 34 53
40 41 40 45
43 44 3 19
45 46 25 26
47 48 18 39
48 49 18 40
49 50 6 7
52 53 21 20
53 54 42 35
55 56 73 48
56 57 21 35
(1817, 2133)

Arvore 8
0 1 64 54
1 2 77 79
2 3 20 12
2 31 60 43
3 32 15 35
4 33 61 41
5 6 2 2
5 34 21 43
6 7 11 42
6 35 75 45
7 8 98 67
8 9 59 36
8 37 16 43
9 38 27 17
10 11 3 17
11 12 52 43
11 40 30 31
12 13 28 27
13 14 30 21
13 42 24 47
14 43 26 46
15 16 21 48
15 44 43 40
16 45 22 37
17 18 54 41
17 46 2 38
18 47 12 43
19 48 2 24
20 49 31 55
21 22 57 58
21 50 44 64
22 23 67 76
22 51 23 21
23 24 9 39
24 53 5 6
25 26 22 45
25 54 23 18
26 27 8 41
26 55 29 35
27 28 16 11
29 30 29 36
30 31 32 38
32 33 48 37
33 34 9 17
36 37 84 65
38 39 50 32
39 40 34 53
40 41 40 45
43 44 3 19
45 46 25 26
47 48 18 39
48 49 18 40
49 50 6 7
52 53 21 20
53 54 42 35
55 56 73 48
56 57 21 35
(1842, 2123)

Arvore 9
0 1 64 54
1 2 77 79
2 3 20 12
2 31 60 43
3 32 15 35
4 33 61 41
5 6 2 2
5 34 21 43
6 7 11 42
6 35 75 45
8 9 59 36
8 37 16 43
9 38 27 17
10 11 3 17
11 40 30 31
12 13 28 27
13 14 30 21
13 42 24 47
14 43 26 46
15 16 21 48
15 44 43 40
16 45 22 37
17 18 54 41
17 46 2 38
18 47 12 43
19 48 2 24
20 21 53 52
20 49 31 55
21 22 57 58
22 23 67 76
22 51 23 21
23 24 9 39
24 53 5 6
25 26 22 45
25 54 23 18
26 27 8 41
26 55 29 35
27 28 16 11
28 57 59 72
29 30 29 36
30 31 32 38
32 33 48 37
33 34 9 17
35 36 73 77
36 37 84 65
38 39 50 32
39 40 34 53
40 41 40 45
41 42 44 56
43 44 3 19
45 46 25 26
47 48 18 39
48 49 18 40
49 50 6 7
52 53 21 20
53 54 42 35
56 57 21 35
(1804, 2158)

Arvore 10
0 1 64 54
1 2 77 79
2 3 20 12
2 31 60 43
3 32 15 35
4 33 61 41
5 6 2 2
5 34 21 43
6 7 11 42
6 35 75 45
7 8 98 67
8 9 59 36
8 37 16 43
9 38 27 17
10 11 3 17
11 40 30 31
12 13 28 27
13 14 30 21
13 42 24 47
14 43 26 46
15 16 21 48
15 44 43 40
16 45 22 37
17 18 54 41
17 46 2 38
18 47 12 43
19 48 2 24
20 21 53 52
20 49 31 55
21 22 57 58
22 23 67 76
22 51 23 21
23 24 9 39
24 53 5 6
25 26 22 45
25 54 23 18
26 27 8 41
26 55 29 35
27 28 16 11
28 57 59 72
29 30 29 36
30 31 32 38
32 33 48 37
33 34 9 17
36 37 84 65
38 39 50 32
39 40 34 53
40 41 40 45
41 42 44 56
43 44 3 19
45 46 25 26
47 48 18 39
48 49 18 40
49 50 6 7
52 53 21 20
53 54 42 35
56 57 21 35
(1829, 2148)

Arvore 11
0 1 64 54
1 2 77 79
2 3 20 12
2 31 60 43
3 32 15 35
4 33 61 41
5 6 2 2
5 34 21 43
6 7 11 42
6 35 75 45
8 9 59 36
8 37 16 43
9 38 27 17
10 11 3 17
11 40 30 31
12 13 28 27
13 14 30 21
13 42 24 47
14 43 26 46
15 16 21 48
15 44 43 40
16 45 22 37
17 18 54 41
17 46 2 38
18 47 12 43
19 48 2 24
20 21 53 52
20 49 31 55
21 22 57 58
22 23 67 76
22 51 23 21
23 24 9 39
24 53 5 6
25 26 22 45
25 54 23 18
26 27 8 41
26 55 29 35
27 28 16 11
29 30 29 36
30 31 32 38
32 33 48 37
33 34 9 17
35 36 73 77
36 37 84 65
38 39 50 32
39 40 34 53
40 41 40 45
41 42 44 56
43 44 3 19
45 46 25 26
47 48 18 39
48 49 18 40
49 50 6 7
52 53 21 20
53 54 42 35
55 56 73 48
56 57 21 35
(1818, 2134)

Arvore 12
0 1 64 54
1 2 77 79
2 3 20 12
2 31 60 43
3 32 15 35
4 33 61 41
5 6 2 2
5 34 21 43
6 7 11 42
6 35 75 45
7 8 98 67
8 9 59 36
8 37 16 43
9 38 27 17
10 11 3 17
11 40 30 31
12 13 28 27
13 14 30 21
13 42 24 47
14 43 26 46
15 16 21 48
15 44 43 40
16 45 22 37
17 18 54 41
17 46 2 38
18 47 12 43
19 48 2 24
20 21 53 52
20 49 31 55
21 22 57 58
22 23 67 76
22 51 23 21
23 24 9 39
24 53 5 6
25 26 22 45
25 54 23 18
26 27 8 41
26 55 29 35
27 28 16 11
29 30 29 36
30 31 32 38
32 33 48 37
33 34 9 17
36 37 84 65
38 39 50 32
39 40 34 53
40 41 40 45
41 42 44 56
43 44 3 19
45 46 25 26
47 48 18 39
48 49 18 40
49 50 6 7
52 53 21 20
53 54 42 35
55 56 73 48
56 57 21 35
(1843, 2124)

Arvore 13
0 1 64 54
1 2 77 79
2 3 20 12
2 31 60 43
3 32 15 35
4 33 61 41
5 6 2 2
5 34 21 43
6 7 11 42
6 35 75 45
8 9 59 36
8 37 16 43
9 38 27 17
10 11 3 17
11 40 30 31
12 13 28 27
13 14 30 21
13 42 24 47
14 43 26 46
15 16 21 48
15 44 43 40
16 45 22 37
17 18 54 41
17 46 2 38
18 47 12 43
19 48 2 24
20 49 31 55
21 22 57 58
21 50 44 64
22 23 67 76
22 51 23 21
23 24 9 39
24 53 5 6
25 26 22 45
25 54 23 18
26 27 8 41
26 55 29 35
27 28 16 11
28 57 59 72
29 30 29 36
30 31 32 38
32 33 48 37
33 34 9 17
35 36 73 77
36 37 84 65
38 39 50 32
39 40 34 53
40 41 40 45
41 42 44 56
43 44 3 19
45 46 25 26
47 48 18 39
48 49 18 40
49 50 6 7
52 53 21 20
53 54 42 35
56 57 21 35
(1795, 2170)

Arvore 14
0 1 64 54
1 2 77 79
2 3 20 12
2 31 60 43
3 32 15 35
4 33 61 41
5 6 2 2
5 34 21 43
6 7 11 42
6 35 75 45
7 8 98 67
8 9 59 36
8 37 16 43
9 38 27 17
10 11 3 17
11 40 30 31
12 13 28 27
13 14 30 21
13 42 24 47
14 43 26 46
15 16 21 48
15 44 43 40
16 45 22 37
17 18 54 41
17 46 2 38
18 47 12 43
19 48 2 24
20 49 31 55
21 22 57 58
21 50 44 64
22 23 67 76
22 51 23 21
23 24 9 39
24 53 5 6
25 26 22 45
25 54 23 18
26 27 8 41
26 55 29 35
27 28 16 11
28 57 59 72
29 30 29 36
30 31 32 38
32 33 48 37
33 34 9 17
36 37 84 65
38 39 50 32
39 40 34 53
40 41 40 45
41 42 44 56
43 44 3 19
45 46 25 26
47 48 18 39
48 49 18 40
49 50 6 7
52 53 21 20
53 54 42 35
56 57 21 35
(1820, 2160)

Arvore 15
0 1 64 54
1 2 77 79
2 3 20 12
2 31 60 43
3 32 15 35
4 33 61 41
5 6 2 2
5 34 21 43
6 7 11 42
6 35 75 45
8 9 59 36
8 37 16 43
9 38 27 17
10 11 3 17
11 40 30 31
12 13 28 27
13 14 30 21
13 42 24 47
14 43 26 46
15 16 21 48
15 44 43 40
16 45 22 37
17 18 54 41
17 46 2 38
18 47 12 43
19 48 2 24
20 49 31 55
21 22 57 58
21 50 44 64
22 23 67 76
22 51 23 21
23 24 9 39
24 53 5 6
25 26 22 45
25 54 23 18
26 27 8 41
26 55 29 35
27 28 16 11
29 30 29 36
30 31 32 38
32 33 48 37
33 34 9 17
35 36 73 77
36 37 84 65
38 39 50 32
39 40 34 53
40 41 40 45
41 42 44 56
43 44 3 19
45 46 25 26
47 48 18 39
48 49 18 40
49 50 6 7
52 53 21 20
53 54 42 35
55 56 73 48
56 57 21 35
(1809, 2146)

Arvore 16
0 1 64 54
1 2 77 79
2 3 20 12
2 31 60 43
3 32 15 35
4 33 61 41
5 6 2 2
5 34 21 43
6 7 11 42
6 35 75 45
7 8 98 67
8 9 59 36
8 37 16 43
9 38 27 17
10 11 3 17
11 40 30 31
12 13 28 27
13 14 30 21
13 42 24 47
14 43 26 46
15 16 21 48
15 44 43 40
16 45 22 37
17 18 54 41
17 46 2 38
18 47 12 43
19 48 2 24
20 49 31 55
21 22 57 58
21 50 44 64
22 23 67 76
22 51 23 21
23 24 9 39
24 53 5 6
25 26 22 45
25 54 23 18
26 27 8 41
26 55 29 35
27 28 16 11
29 30 29 36
30 31 32 38
32 33 48 37
33 34 9 17
36 37 84 65
38 39 50 32
39 40 34 53
40 41 40 45
41 42 44 56
43 44 3 19
45 46 25 26
47 48 18 39
48 49 18 40
49 50 6 7
52 53 21 20
53 54 42 35
55 56 73 48
56 57 21 35
(1834, 2136)

Arvore 17
0 1 64 54
1 2 77 79
2 3 20 12
2 31 60 43
3 32 15 35
4 33 61 41
5 6 2 2
5 34 21 43
6 7 11 42
6 35 75 45
8 9 59 36
8 37 16 43
9 10 47 41
9 38 27 17
10 11 3 17
11 12 52 43
11 40 30 31
12 13 28 27
13 14 30 21
13 42 24 47
14 43 26 46
15 16 21 48
15 44 43 40
16 45 22 37
17 18 54 41
17 46 2 38
18 47 12 43
19 48 2 24
20 21 53 52
20 49 31 55
21 22 57 58
22 23 67 76
22 51 23 21
23 24 9 39
24 53 5 6
25 26 22 45
25 54 23 18
26 27 8 41
26 55 29 35
27 28 16 11
28 57 59 72
29 30 29 36
30 31 32 38
32 33 48 37
33 34 9 17
35 36 73 77
36 37 84 65
38 39 50 32
40 41 40 45
43 44 3 19
45 46 25 26
47 48 18 39
48 49 18 40
49 50 6 7
52 53 21 20
53 54 42 35
56 57 21 35
(1825, 2133)

Arvore 18
0 1 64 54
1 2 77 79
2 3 20 12
2 31 60 43
3 32 15 35
4 33 61 41
5 6 2 2
5 34 21 43
6 7 11 42
6 35 75 45
7 8 98 67
8 9 59 36
8 37 16 43
9 10 47 41
9 38 27 17
10 11 3 17
11 12 52 43
11 40 30 31
12 13 28 27
13 14 30 21
13 42 24 47
14 43 26 46
15 16 21 48
15 44 43 40
16 45 22 37
17 18 54 41
17 46 2 38
18 47 12 43
19 48 2 24
20 21 53 52
20 49 31 55
21 22 57 58
22 23 67 76
22 51 23 21
23 24 9 39
24 53 5 6
25 26 22 45
25 54 23 18
26 27 8 41
26 55 29 35
27 28 16 11
28 57 59 72
29 30 29 36
30 31 32 38
32 33 48 37
33 34 9 17
36 37 84 65
38 39 50 32
40 41 40 45
43 44 3 19
45 46 25 26
47 48 18 39
48 49 18 40
49 50 6 7
52 53 21 20
53 54 42 35
56 57 21 35
(1850, 2123)

Arvore 19
0 1 64 54
1 2 77 79
2 3 20 12
2 31 60 43
3 32 15 35
4 33 61 41
5 6 2 2
5 34 21 43
6 7 11 42
6 35 75 45
8 9 59 36
8 37 16 43
9 10 47 41
9 38 27 17
10 11 3 17
11 12 52 43
11 40 30 31
12 13 28 27
13 14 30 21
13 42 24 47
14 43 26 46
15 16 21 48
15 44 43 40
16 45 22 37
17 18 54 41
17 46 2 38
18 47 12 43
19 48 2 24
20 21 53 52
20 49 31 55
21 22 57 58
22 23 67 76
22 51 23 21
23 24 9 39
24 53 5 6
25 26 22 45
25 54 23 18
26 27 8 41
26 55 29 35
27 28 16 11
29 30 29 36
30 31 32 38
32 33 48 37
33 34 9 17
35 36 73 77
36 37 84 65
38 39 50 32
40 41 40 45
43 44 3 19
45 46 25 26
47 48 18 39
48 49 18 40
49 50 6 7
52 53 21 20
53 54 42 35
55 56 73 48
56 57 21 35
(1839, 2109)

Arvore 20
0 1 64 54
1 2 77 79
2 3 20 12
2 31 60 43
3 32 15 35
4 33 61 41
5 6 2 2
5 34 21 43
6 7 11 42
6 35 75 45
7 8 98 67
8 9 59 36
8 37 16 43
9 10 47 41
9 38 27 17
10 11 3 17
11 12 52 43
11 40 30 31
12 13 28 27
13 14 30 21
13 42 24 47
14 43 26 46
15 16 21 48
15 44 43 40
16 45 22 37
17 18 54 41
17 46 2 38
18 47 12 43
19 48 2 24
20 21 53 52
20 49 31 55
21 22 57 58
22 23 67 76
22 51 23 21
23 24 9 39
24 53 5 6
25 26 22 45
25 54 23 18
26 27 8 41
26 55 29 35
27 28 16 11
29 30 29 36
30 31 32 38
32 33 48 37
33 34 9 17
36 37 84 65
38 39 50 32
40 41 40 45
43 44 3 19
45 46 25 26
47 48 18 39
48 49 18 40
49 50 6 7
52 53 21 20
53 54 42 35
55 56 73 48
56 57 21 35
(1864, 2099)

Arvore 21
0 1 64 54
1 2 77 79
2 3 20 12
2 31 60 43
3 32 15 35
4 33 61 41
5 6 2 2
5 34 21 43
6 7 11 42
6 35 75 45
8 9 59 36
8 37 16 43
9 10 47 41
9 38 27 17
10 11 3 17
11 12 52 43
11 40 30 31
12 13 28 27
13 14 30 21
13 42 24 47
14 43 26 46
15 16 21 48
15 44 43 40
16 45 22 37
17 18 54 41
17 46 2 38
18 47 12 43
19 48 2 24
20 49 31 55
21 22 57 58
21 50 44 64
22 23 67 76
22 51 23 21
23 24 9 39
24 53 5 6
25 26 22 45
25 54 23 18
26 27 8 41
26 55 29 35
27 28 16 11
28 57 59 72
29 30 29 36
30 31 32 38
32 33 48 37
33 34 9 17
35 36 73 77
36 37 84 65
38 39 50 32
40 41 40 45
43 44 3 19
45 46 25 26
47 48 18 39
48 49 18 40
49 50 6 7
52 53 21 20
53 54 42 35
56 57 21 35
(1816, 2145)

Arvore 22
0 1 64 54
1 2 77 79
2 3 20 12
2 31 60 43
3 32 15 35
4 33 61 41
5 6 2 2
5 34 21 43
6 7 11 42
6 35 75 45
7 8 98 67
8 9 59 36
8 37 16 43
9 10 47 41
9 38 27 17
10 11 3 17
11 12 52 43
11 40 30 31
12 13 28 27
13 14 30 21
13 42 24 47
14 43 26 46
15 16 21 48
15 44 43 40
16 45 22 37
17 18 54 41
17 46 2 38
18 47 12 43
19 48 2 24
20 49 31 55
21 22 57 58
21 50 44 64
22 23 67 76
22 51 23 21
23 24 9 39
24 53 5 6
25 26 22 45
25 54 23 18
26 27 8 41
26 55 29 35
27 28 16 11
28 57 59 72
29 30 29 36
30 31 32 38
32 33 48 37
33 34 9 17
36 37 84 65
38 39 50 32
40 41 40 45
43 44 3 19
45 46 25 26
47 48 18 39
48 49 18 40
49 50 6 7
52 53 21 20
53 54 42 35
56 57 21 35
(1841, 2135)

Arvore 23
0 1 64 54
1 2 77 79
2 3 20 12
2 31 60 43
3 32 15 35
4 33 61 41
5 6 2 2
5 34 21 43
6 7 11 42
6 35 75 45
8 9 59 36
8 37 16 43
9 10 47 41
9 38 27 17
10 11 3 17
11 12 52 43
11 40 30 31
12 13 28 27
13 14 30 21
13 42 24 47
14 43 26 46
15 16 21 48
15 44 43 40
16 45 22 37
17 18 54 41
17 46 2 38
18 47 12 43
19 48 2 24
20 49 31 55
21 22 57 58
21 50 44 64
22 23 67 76
22 51 23 21
23 24 9 39
24 53 5 6
25 26 22 45
25 54 23 18
26 27 8 41
26 55 29 35
27 28 16 11
29 30 29 36
30 31 32 38
32 33 48 37
33 34 9 17
35 36 73 77
36 37 84 65
38 39 50 32
40 41 40 45
43 44 3 19
45 46 25 26
47 48 18 39
48 49 18 40
49 50 6 7
52 53 21 20
53 54 42 35
55 56 73 48
56 57 21 35
(1830, 2121)

Arvore 24
0 1 64 54
1 2 77 79
2 3 20 12
2 31 60 43
3 32 15 35
4 33 61 41
5 6 2 2
5 34 21 43
6 7 11 42
6 35 75 45
7 8 98 67
8 9 59 36
8 37 16 43
9 10 47 41
9 38 27 17
10 11 3 17
11 12 52 43
11 40 30 31
12 13 28 27
13 14 30 21
13 42 24 47
14 43 26 46
15 16 21 48
15 44 43 40
16 45 22 37
17 18 54 41
17 46 2 38
18 47 12 43
19 48 2 24
20 49 31 55
21 22 57 58
21 50 44 64
22 23 67 76
22 51 23 21
23 24 9 39
24 53 5 6
25 26 22 45
25 54 23 18
26 27 8 41
26 55 29 35
27 28 16 11
29 30 29 36
30 31 32 38
32 33 48 37
33 34 9 17
36 37 84 65
38 39 50 32
40 41 40 45
43 44 3 19
45 46 25 26
47 48 18 39
48 49 18 40
49 50 6 7
52 53 21 20
53 54 42 35
55 56 73 48
56 57 21 35
(1855, 2111)

Arvore 25
0 1 64 54
1 2 77 79
2 3 20 12
2 31 60 43
3 32 15 35
4 33 61 41
5 6 2 2
5 34 21 43
6 7 11 42
6 35 75 45
8 9 59 36
8 37 16 43
9 10 47 41
9 38 27 17
10 11 3 17
11 40 30 31
12 13 28 27
13 14 30 21
13 42 24 47
14 43 26 46
15 16 21 48
15 44 43 40
16 45 22 37
17 18 54 41
17 46 2 38
18 47 12 43
19 48 2 24
20 21 53 52
20 49 31 55
21 22 57 58
22 23 67 76
22 51 23 21
23 24 9 39
24 53 5 6
25 26 22 45
25 54 23 18
26 27 8 41
26 55 29 35
27 28 16 11
28 57 59 72
29 30 29 36
30 31 32 38
32 33 48 37
33 34 9 17
35 36 73 77
36 37 84 65
38 39 50 32
40 41 40 45
41 42 44 56
43 44 3 19
45 46 25 26
47 48 18 39
48 49 18 40
49 50 6 7
52 53 21 20
53 54 42 35
56 57 21 35
(1817, 2146)

Arvore 26
0 1 64 54
1 2 77 79
2 3 20 12
2 31 60 43
3 32 15 35
4 33 61 41
5 6 2 2
5 34 21 43
6 7 11 42
6 35 75 45
7 8 98 67
8 9 59 36
8 37 16 43
9 10 47 41
9 38 27 17
10 11 3 17
11 40 30 31
12 13 28 27
13 14 30 21
13 42 24 47
14 43 26 46
15 16 21 48
15 44 43 40
16 45 22 37
17 18 54 41
17 46 2 38
18 47 12 43
19 48 2 24
20 21 53 52
20 49 31 55
21 22 57 58
22 23 67 76
22 51 23 21
23 24 9 39
24 53 5 6
25 26 22 45
25 54 23 18
26 27 8 41
26 55 29 35
27 28 16 11
28 57 59 72
29 30 29 36
30 31 32 38
32 33 48 37
33 34 9 17
36 37 84 65
38 39 50 32
40 41 40 45
41 42 44 56
43 44 3 19
45 46 25 26
47 48 18 39
48 49 18 40
49 50 6 7
52 53 21 20
53 54 42 35
56 57 21 35
(1842, 2136)

Arvore 27
0 1 64 54
1 2 77 79
2 3 20 12
2 31 60 43
3 32 15 35
4 33 61 41
5 6 2 2
5 34 21 43
6 7 11 42
6 35 75 45
8 9 59 36
8 37 16 43
9 10 47 41
9 38 27 17
10 11 3 17
11 40 30 31
12 13 28 27
13 14 30 21
13 42 24 47
14 43 26 46
15 16 21 48
15 44 43 40
16 45 22 37
17 18 54 41
17 46 2 38
18 47 12 43
19 48 2 24
20 21 53 52
20 49 31 55
21 22 57 58
22 23 67 76
22 51 23 21
23 24 9 39
24 53 5 6
25 26 22 45
25 54 23 18
26 27 8 41
26 55 29 35
27 28 16 11
29 30 29 36
30 31 32 38
32 33 48 37
33 34 9 17
35 36 73 77
36 37 84 65
38 39 50 32
40 41 40 45
41 42 44 56
43 44 3 19
45 46 25 26
47 48 18 39
48 49 18 40
49 50 6 7
52 53 21 20
53 54 42 35
55 56 73 48
56 57 21 35
(1831, 2122)

Arvore 28
0 1 64 54
1 2 77 79
2 3 20 12
2 31 60 43
3 32 15 35
4 33 61 41
5 6 2 2
5 34 21 43
6 7 11 42
6 35 75 45
7 8 98 67
8 9 59 36
8 37 16 43
9 10 47 41
9 38 27 17
10 11 3 17
11 40 30 31
12 13 28 27
13 14 30 21
13 42 24 47
14 43 26 46
15 16 21 48
15 44 43 40
16 45 22 37
17 18 54 41
17 46 2 38
18 47 12 43
19 48 2 24
20 21 53 52
20 49 31 55
21 22 57 58
22 23 67 76
22 51 23 21
23 24 9 39
24 53 5 6
25 26 22 45
25 54 23 18
26 27 8 41
26 55 29 35
27 28 16 11
29 30 29 36
30 31 32 38
32 33 48 37
33 34 9 17
36 37 84 65
38 39 50 32
40 41 40 45
41 42 44 56
43 44 3 19
45 46 25 26
47 48 18 39
48 49 18 40
49 50 6 7
52 53 21 20
53 54 42 35
55 56 73 48
56 57 21 35
(1856, 2112)

Arvore 29
0 1 64 54
1 2 77 79
2 3 20 12
2 31 60 43
3 32 15 35
4 33 61 41
5 6 2 2
5 34 21 43
6 7 11 42
6 35 75 45
8 9 59 36
8 37 16 43
9 10 47 41
9 38 27 17
10 11 3 17
11 40 30 31
12 13 28 27
13 14 30 21
13 42 24 47
14 43 26 46
15 16 21 48
15 44 43 40
16 45 22 37
17 18 54 41
17 46 2 38
18 47 12 43
19 48 2 24
20 49 31 55
21 22 57 58
21 50 44 64
22 23 67 76
22 51 23 21
23 24 9 39
24 53 5 6
25 26 22 45
25 54 23 18
26 27 8 41
26 55 29 35
27 28 16 11
28 57 59 72
29 30 29 36
30 31 32 38
32 33 48 37
33 34 9 17
35 36 73 77
36 37 84 65
38 39 50 32
40 41 40 45
41 42 44 56
43 44 3 19
45 46 25 26
47 48 18 39
48 49 18 40
49 50 6 7
52 53 21 20
53 54 42 35
56 57 21 35
(1808, 2158)

Arvore 30
0 1 64 54
1 2 77 79
2 3 20 12
2 31 60 43
3 32 15 35
4 33 61 41
5 6 2 2
5 34 21 43
6 7 11 42
6 35 75 45
7 8 98 67
8 9 59 36
8 37 16 43
9 10 47 41
9 38 27 17
10 11 3 17
11 40 30 31
12 13 28 27
13 14 30 21
13 42 24 47
14 43 26 46
15 16 21 48
15 44 43 40
16 45 22 37
17 18 54 41
17 46 2 38
18 47 12 43
19 48 2 24
20 49 31 55
21 22 57 58
21 50 44 64
22 23 67 76
22 51 23 21
23 24 9 39
24 53 5 6
25 26 22 45
25 54 23 18
26 27 8 41
26 55 29 35
27 28 16 11
28 57 59 72
29 30 29 36
30 31 32 38
32 33 48 37
33 34 9 17
36 37 84 65
38 39 50 32
40 41 40 45
41 42 44 56
43 44 3 19
45 46 25 26
47 48 18 39
48 49 18 40
49 50 6 7
52 53 21 20
53 54 42 35
56 57 21 35
(1833, 2148)

Arvore 31
0 1 64 54
1 2 77 79
2 3 20 12
2 31 60 43
3 32 15 35
4 33 61 41
5 6 2 2
5 34 21 43
6 7 11 42
6 35 75 45
8 9 59 36
8 37 16 43
9 10 47 41
9 38 27 17
10 11 3 17
11 40 30 31
12 13 28 27
13 14 30 21
13 42 24 47
14 43 26 46
15 16 21 48
15 44 43 40
16 45 22 37
17 18 54 41
17 46 2 38
18 47 12 43
19 48 2 24
20 49 31 55
21 22 57 58
21 50 44 64
22 23 67 76
22 51 23 21
23 24 9 39
24 53 5 6
25 26 22 45
25 54 23 18
26 27 8 41
26 55 29 35
27 28 16 11
29 30 29 36
30 31 32 38
32 33 48 37
33 34 9 17
35 36 73 77
36 37 84 65
38 39 50 32
40 41 40 45
41 42 44 56
43 44 3 19
45 46 25 26
47 48 18 39
48 49 18 40
49 50 6 7
52 53 21 20
53 54 42 35
55 56 73 48
56 57 21 35
(1822, 2134)

Arvore 32
0 1 64 54
1 2 77 79
2 3 20 12
2 31 60 43
3 32 15 35
4 33 61 41
5 6 2 2
5 34 21 43
6 7 11 42
6 35 75 45
7 8 98 67
8 9 59 36
8 37 16 43
9 10 47 41
9 38 27 17
10 11 3 17
11 40 30 31
12 13 28 27
13 14 30 21
13 42 24 47
14 43 26 46
15 16 21 48
15 44 43 40
16 45 22 37
17 18 54 41
17 46 2 38
18 47 12 43
19 48 2 24
20 49 31 55
21 22 57 58
21 50 44 64
22 23 67 76
22 51 23 21
23 24 9 39
24 53 5 6
25 26 22 45
25 54 23 18
26 27 8 41
26 55 29 35
27 28 16 11
29 30 29 36
30 31 32 38
32 33 48 37
33 34 9 17
36 37 84 65
38 39 50 32
40 41 40 45
41 42 44 56
43 44 3 19
45 46 25 26
47 48 18 39
48 49 18 40
49 50 6 7
52 53 21 20
53 54 42 35
55 56 73 48
56 57 21 35
(1847, 2124)

Arvore 33
0 1 64 54
1 2 77 79
2 3 20 12
2 31 60 43
3 32 15 35
4 33 61 41
5 6 2 2
5 34 21 43
6 7 11 42
6 35 75 45
8 9 59 36
8 37 16 43
9 10 47 41
9 38 27 17
10 11 3 17
11 12 52 43
11 40 30 31
12 13 28 27
13 14 30 21
13 42 24 47
14 43 26 46
15 44 43 40
16 45 22 37
17 18 54 41
17 46 2 38
18 47 12 43
19 48 2 24
20 21 53 52
20 49 31 55
21 22 57 58
22 23 67 76
22 51 23 21
23 24 9 39
24 53 5 6
25 26 22 45
25 54 23 18
26 27 8 41
26 55 29 35
27 28 16 11
28 57 59 72
29 30 29 36
30 31 32 38
32 33 48 37
33 34 9 17
35 36 73 77
36 37 84 65
38 39 50 32
40 41 40 45
43 44 3 19
44 45 43 42
45 46 25 26
47 48 18 39
48 49 18 40
49 50 6 7
52 53 21 20
53 54 42 35
56 57 21 35
(1847, 2127)

Arvore 34
0 1 64 54
1 2 77 79
2 3 20 12
2 31 60 43
3 32 15 35
4 33 61 41
5 6 2 2
5 34 21 43
6 7 11 42
6 35 75 45
7 8 98 67
8 9 59 36
8 37 16 43
9 10 47 41
9 38 27 17
10 11 3 17
11 12 52 43
11 40 30 31
12 13 28 27
13 14 30 21
13 42 24 47
14 43 26 46
15 44 43 40
16 45 22 37
17 18 54 41
17 46 2 38
18 47 12 43
19 48 2 24
20 21 53 52
20 49 31 55
21 22 57 58
22 23 67 76
22 51 23 21
23 24 9 39
24 53 5 6
25 26 22 45
25 54 23 18
26 27 8 41
26 55 29 35
27 28 16 11
28 57 59 72
29 30 29 36
30 31 32 38
32 33 48 37
33 34 9 17
36 37 84 65
38 39 50 32
40 41 40 45
43 44 3 19
44 45 43 42
45 46 25 26
47 48 18 39
48 49 18 40
49 50 6 7
52 53 21 20
53 54 42 35
56 57 21 35
(1872, 2117)

Arvore 35
0 1 64 54
1 2 77 79
2 3 20 12
2 31 60 43
3 32 15 35
4 33 61 41
5 6 2 2
5 34 21 43
6 7 11 42
6 35 75 45
8 9 59 36
8 37 16 43
9 10 47 41
9 38 27 17
10 11 3 17
11 12 52 43
11 40 30 31
12 13 28 27
13 14 30 21
13 42 24 47
14 43 26 46
15 44 43 40
16 45 22 37
17 18 54 41
17 46 2 38
18 47 12 43
19 48 2 24
20 21 53 52
20 49 31 55
21 22 57 58
22 23 67 76
22 51 23 21
23 24 9 39
24 53 5 6
25 26 22 45
25 54 23 18
26 27 8 41
26 55 29 35
27 28 16 11
29 30 29 36
30 31 32 38
32 33 48 37
33 34 9 17
35 36 73 77
36 37 84 65
38 39 50 32
40 41 40 45
43 44 3 19
44 45 43 42
45 46 25 26
47 48 18 39
48 49 18 40
49 50 6 7
52 53 21 20
53 54 42 35
55 56 73 48
56 57 21 35
(1861, 2103)

Arvore 36
0 1 64 54
1 2 77 79
2 3 20 12
2 31 60 43
3 32 15 35
4 33 61 41
5 6 2 2
5 34 21 43
6 7 11 42
6 35 75 45
7 8 98 67
8 9 59 36
8 37 16 43
9 10 47 41
9 38 27 17
10 11 3 17
11 12 52 43
11 40 30 31
12 13 28 27
13 14 30 21
13 42 24 47
14 43 26 46
15 44 43 40
16 45 22 37
17 18 54 41
17 46 2 38
18 47 12 43
19 48 2 24
20 21 53 52
20 49 31 55
21 22 57 58
22 23 67 76
22 51 23 21
23 24 9 39
24 53 5 6
25 26 22 45
25 54 23 18
26 27 8 41
26 55 29 35
27 28 16 11
29 30 29 36
30 31 32 38
32 33 48 37
33 34 9 17
36 37 84 65
38 39 50 32
40 41 40 45
43 44 3 19
44 45 43 42
45 46 25 26
47 48 18 39
48 49 18 40
49 50 6 7
52 53 21 20
53 54 42 35
55 56 73 48
56 57 21 35
(1886, 2093)

Arvore 37
0 1 64 54
1 2 77 79
2 3 20 12
2 31 60 43
3 32 15 35
4 33 61 41
5 6 2 2
5 34 21 43
6 7 11 42
6 35 75 45
8 9 59 36
8 37 16 43
9 10 47 41
9 38 27 17
10 11 3 17
11 12 52 43
11 40 30 31
12 13 28 27
13 14 30 21
13 42 24 47
14 43 26 46
15 44 43 40
16 45 22 37
17 18 54 41
17 46 2 38
18 47 12 43
19 48 2 24
20 49 31 55
21 22 57 58
21 50 44 64
22 23 67 76
22 51 23 21
23 24 9 39
24 53 5 6
25 26 22 45
25 54 23 18
26 27 8 41
26 55 29 35
27 28 16 11
28 57 59 72
29 30 29 36
30 31 32 38
32 33 48 37
33 34 9 17
35 36 73 77
36 37 84 65
38 39 50 32
40 41 40 45
43 44 3 19
44 45 43 42
45 46 25 26
47 48 18 39
48 49 18 40
49 50 6 7
52 53 21 20
53 54 42 35
56 57 21 35
(1838, 2139)

Arvore 38
0 1 64 54
1 2 77 79
2 3 20 12
2 31 60 43
3 32 15 35
4 33 61 41
5 6 2 2
5 34 21 43
6 7 11 42
6 35 75 45
7 8 98 67
8 9 59 36
8 37 16 43
9 10 47 41
9 38 27 17
10 11 3 17
11 12 52 43
11 40 30 31
12 13 28 27
13 14 30 21
13 42 24 47
14 43 26 46
15 44 43 40
16 45 22 37
17 18 54 41
17 46 2 38
18 47 12 43
19 48 2 24
20 49 31 55
21 22 57 58
21 50 44 64
22 23 67 76
22 51 23 21
23 24 9 39
24 53 5 6
25 26 22 45
25 54 23 18
26 27 8 41
26 55 29 35
27 28 16 11
28 57 59 72
29 30 29 36
30 31 32 38
32 33 48 37
33 34 9 17
36 37 84 65
38 39 50 32
40 41 40 45
43 44 3 19
44 45 43 42
45 46 25 26
47 48 18 39
48 49 18 40
49 50 6 7
52 53 21 20
53 54 42 35
56 57 21 35
(1863, 2129)

Arvore 39
0 1 64 54
1 2 77 79
2 3 20 12
2 31 60 43
3 32 15 35
4 33 61 41
5 6 2 2
5 34 21 43
6 7 11 42
6 35 75 45
8 9 59 36
8 37 16 43
9 10 47 41
9 38 27 17
10 11 3 17
11 12 52 43
11 40 30 31
12 13 28 27
13 14 30 21
13 42 24 47
14 43 26 46
15 44 43 40
16 45 22 37
17 18 54 41
17 46 2 38
18 47 12 43
19 48 2 24
20 49 31 55
21 22 57 58
21 50 44 64
22 23 67 76
22 51 23 21
23 24 9 39
24 53 5 6
25 26 22 45
25 54 23 18
26 27 8 41
26 55 29 35
27 28 16 11
29 30 29 36
30 31 32 38
32 33 48 37
33 34 9 17
35 36 73 77
36 37 84 65
38 39 50 32
40 41 40 45
43 44 3 19
44 45 43 42
45 46 25 26
47 48 18 39
48 49 18 40
49 50 6 7
52 53 21 20
53 54 42 35
55 56 73 48
56 57 21 35
(1852, 2115)

Arvore 40
0 1 64 54
1 2 77 79
2 3 20 12
2 31 60 43
3 32 15 35
4 33 61 41
5 6 2 2
5 34 21 43
6 7 11 42
6 35 75 45
7 8 98 67
8 9 59 36
8 37 16 43
9 10 47 41
9 38 27 17
10 11 3 17
11 12 52 43
11 40 30 31
12 13 28 27
13 14 30 21
13 42 24 47
14 43 26 46
15 44 43 40
16 45 22 37
17 18 54 41
17 46 2 38
18 47 12 43
19 48 2 24
20 49 31 55
21 22 57 58
21 50 44 64
22 23 67 76
22 51 23 21
23 24 9 39
24 53 5 6
25 26 22 45
25 54 23 18
26 27 8 41
26 55 29 35
27 28 16 11
29 30 29 36
30 31 32 38
32 33 48 37
33 34 9 17
36 37 84 65
38 39 50 32
40 41 40 45
43 44 3 19
44 45 43 42
45 46 25 26
47 48 18 39
48 49 18 40
49 50 6 7
52 53 21 20
53 54 42 35
55 56 73 48
56 57 21 35
(1877, 2105)

Arvore 41
0 1 64 54
1 2 77 79
2 3 20 12
2 31 60 43
3 32 15 35
4 33 61 41
5 6 2 2
5 34 21 43
6 7 11 42
6 35 75 45
8 9 59 36
8 37 16 43
9 10 47 41
9 38 27 17
10 11 3 17
11 40 30 31
12 13 28 27
13 14 30 21
13 42 24 47
14 43 26 46
15 44 43 40
16 45 22 37
17 18 54 41
17 46 2 38
18 47 12 43
19 48 2 24
20 21 53 52
20 49 31 55
21 22 57 58
22 23 67 76
22 51 23 21
23 24 9 39
24 53 5 6
25 26 22 45
25 54 23 18
26 27 8 41
26 55 29 35
27 28 16 11
28 57 59 72
29 30 29 36
30 31 32 38
32 33 48 37
33 34 9 17
35 36 73 77
36 37 84 65
38 39 50 32
40 41 40 45
41 42 44 56
43 44 3 19
44 45 43 42
45 46 25 26
47 48 18 39
48 49 18 40
49 50 6 7
52 53 21 20
53 54 42 35
56 57 21 35
(1839, 2140)

Arvore 42
0 1 64 54
1 2 77 79
2 3 20 12
2 31 60 43
3 32 15 35
4 33 61 41
5 6 2 2
5 34 21 43
6 7 11 42
6 35 75 45
7 8 98 67
8 9 59 36
8 37 16 43
9 10 47 41
9 38 27 17
10 11 3 17
11 40 30 31
12 13 28 27
13 14 30 21
13 42 24 47
14 43 26 46
15 44 43 40
16 45 22 37
17 18 54 41
17 46 2 38
18 47 12 43
19 48 2 24
20 21 53 52
20 49 31 55
21 22 57 58
22 23 67 76
22 51 23 21
23 24 9 39
24 53 5 6
25 26 22 45
25 54 23 18
26 27 8 41
26 55 29 35
27 28 16 11
28 57 59 72
29 30 29 36
30 31 32 38
32 33 48 37
33 34 9 17
36 37 84 65
38 39 50 32
40 41 40 45
41 42 44 56
43 44 3 19
44 45 43 42
45 46 25 26
47 48 18 39
48 49 18 40
49 50 6 7
52 53 21 20
53 54 42 35
56 57 21 35
(1864, 2130)

Arvore 43
0 1 64 54
1 2 77 79
2 3 20 12
2 31 60 43
3 32 15 35
4 33 61 41
5 6 2 2
5 34 21 43
6 7 11 42
6 35 75 45
8 9 59 36
8 37 16 43
9 10 47 41
9 38 27 17
10 11 3 17
11 40 30 31
12 13 28 27
13 14 30 21
13 42 24 47
14 43 26 46
15 44 43 40
16 45 22 37
17 18 54 41
17 46 2 38
18 47 12 43
19 48 2 24
20 21 53 52
20 49 31 55
21 22 57 58
22 23 67 76
22 51 23 21
23 24 9 39
24 53 5 6
25 26 22 45
25 54 23 18
26 27 8 41
26 55 29 35
27 28 16 11
29 30 29 36
30 31 32 38
32 33 48 37
33 34 9 17
35 36 73 77
36 37 84 65
38 39 50 32
40 41 40 45
41 42 44 56
43 44 3 19
44 45 43 42
45 46 25 26
47 48 18 39
48 49 18 40
49 50 6 7
52 53 21 20
53 54 42 35
55 56 73 48
56 57 21 35
(1853, 2116)

Arvore 44
0 1 64 54
1 2 77 79
2 3 20 12
2 31 60 43
3 32 15 35
4 33 61 41
5 6 2 2
5 34 21 43
6 7 11 42
6 35 75 45
7 8 98 67
8 9 59 36
8 37 16 43
9 10 47 41
9 38 27 17
10 11 3 17
11 40 30 31
12 13 28 27
13 14 30 21
13 42 24 47
14 43 26 46
15 44 43 40
16 45 22 37
17 18 54 41
17 46 2 38
18 47 12 43
19 48 2 24
20 21 53 52
20 49 31 55
21 22 57 58
22 23 67 76
22 51 23 21
23 24 9 39
24 53 5 6
25 26 22 45
25 54 23 18
26 27 8 41
26 55 29 35
27 28 16 11
29 30 29 36
30 31 32 38
32 33 48 37
33 34 9 17
36 37 84 65
38 39 50 32
40 41 40 45
41 42 44 56
43 44 3 19
44 45 43 42
45 46 25 26
47 48 18 39
48 49 18 40
49 50 6 7
52 53 21 20
53 54 42 35
55 56 73 48
56 57 21 35
(1878, 2106)

Arvore 45
0 1 64 54
1 2 77 79
2 3 20 12
2 31 60 43
3 32 15 35
4 33 61 41
5 6 2 2
5 34 21 43
6 7 11 42
6 35 75 45
8 9 59 36
8 37 16 43
9 10 47 41
9 38 27 17
10 11 3 17
11 40 30 31
12 13 28 27
13 14 30 21
13 42 24 47
14 43 26 46
15 44 43 40
16 45 22 37
17 18 54 41
17 46 2 38
18 47 12 43
19 48 2 24
20 49 31 55
21 22 57 58
21 50 44 64
22 23 67 76
22 51 23 21
23 24 9 39
24 53 5 6
25 26 22 45
25 54 23 18
26 27 8 41
26 55 29 35
27 28 16 11
28 57 59 72
29 30 29 36
30 31 32 38
32 33 48 37
33 34 9 17
35 36 73 77
36 37 84 65
38 39 50 32
40 41 40 45
41 42 44 56
43 44 3 19
44 45 43 42
45 46 25 26
47 48 18 39
48 49 18 40
49 50 6 7
52 53 21 20
53 54 42 35
56 57 21 35
(1830, 2152)

Arvore 46
0 1 64 54
1 2 77 79
2 3 20 12
2 31 60 43
3 32 15 35
4 33 61 41
5 6 2 2
5 34 21 43
6 7 11 42
6 35 75 45
7 8 98 67
8 9 59 36
8 37 16 43
9 10 47 41
9 38 27 17
10 11 3 17
11 40 30 31
12 13 28 27
13 14 30 21
13 42 24 47
14 43 26 46
15 44 43 40
16 45 22 37
17 18 54 41
17 46 2 38
18 47 12 43
19 48 2 24
20 49 31 55
21 22 57 58
21 50 44 64
22 23 67 76
22 51 23 21
23 24 9 39
24 53 5 6
25 26 22 45
25 54 23 18
26 27 8 41
26 55 29 35
27 28 16 11
28 57 59 72
29 30 29 36
30 31 32 38
32 33 48 37
33 34 9 17
36 37 84 65
38 39 50 32
40 41 40 45
41 42 44 56
43 44 3 19
44 45 43 42
45 46 25 26
47 48 18 39
48 49 18 40
49 50 6 7
52 53 21 20
53 54 42 35
56 57 21 35
(1855, 2142)

Arvore 47
0 1 64 54
1 2 77 79
2 3 20 12
2 31 60 43
3 32 15 35
4 33 61 41
5 6 2 2
5 34 21 43
6 7 11 42
6 35 75 45
8 9 59 36
8 37 16 43
9 10 47 41
9 38 27 17
10 11 3 17
11 40 30 31
12 13 28 27
13 14 30 21
13 42 24 47
14 43 26 46
15 44 43 40
16 45 22 37
17 18 54 41
17 46 2 38
18 47 12 43
19 48 2 24
20 49 31 55
21 22 57 58
21 50 44 64
22 23 67 76
22 51 23 21
23 24 9 39
24 53 5 6
25 26 22 45
25 54 23 18
26 27 8 41
26 55 29 35
27 28 16 11
29 30 29 36
30 31 32 38
32 33 48 37
33 34 9 17
35 36 73 77
36 37 84 65
38 39 50 32
40 41 40 45
41 42 44 56
43 44 3 19
44 45 43 42
45 46 25 26
47 48 18 39
48 49 18 40
49 50 6 7
52 53 21 20
53 54 42 35
55 56 73 48
56 57 21 35
(1844, 2128)

Arvore 48
0 1 64 54
1 2 77 79
2 3 20 12
2 31 60 43
3 32 15 35
4 33 61 41
5 6 2 2
5 34 21 43
6 7 11 42
6 35 75 45
7 8 98 67
8 9 59 36
8 37 16 43
9 10 47 41
9 38 27 17
10 11 3 17
11 40 30 31
12 13 28 27
13 14 30 21
13 42 24 47
14 43 26 46
15 44 43 40
16 45 22 37
17 18 54 41
17 46 2 38
18 47 12 43
19 48 2 24
20 49 31 55
21 22 57 58
21 50 44 64
22 23 67 76
22 51 23 21
23 24 9 39
24 53 5 6
25 26 22 45
25 54 23 18
26 27 8 41
26 55 29 35
27 28 16 11
29 30 29 36
30 31 32 38
32 33 48 37
33 34 9 17
36 37 84 65
38 39 50 32
40 41 40 45
41 42 44 56
43 44 3 19
44 45 43 42
45 46 25 26
47 48 18 39
48 49 18 40
49 50 6 7
52 53 21 20
53 54 42 35
55 56 73 48
56 57 21 35
(1869, 2118)

Arvore 49
0 1 64 54
1 2 77 79
2 3 20 12
2 31 60 43
3 32 15 35
4 33 61 41
5 6 2 2
5 34 21 43
6 7 11 42
6 35 75 45
8 9 59 36
8 37 16 43
9 38 27 17
10 11 3 17
11 12 52 43
11 40 30 31
12 13 28 27
13 14 30 21
13 42 24 47
14 43 26 46
15 44 43 40
16 45 22 37
17 18 54 41
17 46 2 38
18 47 12 43
19 48 2 24
20 21 53 52
20 49 31 55
21 22 57 58
22 23 67 76
22 51 23 21
23 24 9 39
24 53 5 6
25 26 22 45
25 54 23 18
26 27 8 41
26 55 29 35
27 28 16 11
28 57 59 72
29 30 29 36
30 31 32 38
32 33 48 37
33 34 9 17
35 36 73 77
36 37 84 65
38 39 50 32
39 40 34 53
40 41 40 45
43 44 3 19
44 45 43 42
45 46 25 26
47 48 18 39
48 49 18 40
49 50 6 7
52 53 21 20
53 54 42 35
56 57 21 35
(1834, 2139)

Arvore 50
0 1 64 54
1 2 77 79
2 3 20 12
2 31 60 43
3 32 15 35
4 33 61 41
5 6 2 2
5 34 21 43
6 7 11 42
6 35 75 45
7 8 98 67
8 9 59 36
8 37 16 43
9 38 27 17
10 11 3 17
11 12 52 43
11 40 30 31
12 13 28 27
13 14 30 21
13 42 24 47
14 43 26 46
15 44 43 40
16 45 22 37
17 18 54 41
17 46 2 38
18 47 12 43
19 48 2 24
20 21 53 52
20 49 31 55
21 22 57 58
22 23 67 76
22 51 23 21
23 24 9 39
24 53 5 6
25 26 22 45
25 54 23 18
26 27 8 41
26 55 29 35
27 28 16 11
28 57 59 72
29 30 29 36
30 31 32 38
32 33 48 37
33 34 9 17
36 37 84 65
38 39 50 32
39 40 34 53
40 41 40 45
43 44 3 19
44 45 43 42
45 46 25 26
47 48 18 39
48 49 18 40
49 50 6 7
52 53 21 20
53 54 42 35
56 57 21 35
(1859, 2129)

Arvore 51
0 1 64 54
1 2 77 79
2 3 20 12
2 31 60 43
3 32 15 35
4 33 61 41
5 6 2 2
5 34 21 43
6 7 11 42
6 35 75 45
8 9 59 36
8 37 16 43
9 38 27 17
10 11 3 17
11 12 52 43
11 40 30 31
12 13 28 27
13 14 30 21
13 42 24 47
14 43 26 46
15 44 43 40
16 45 22 37
17 18 54 41
17 46 2 38
18 47 12 43
19 48 2 24
20 21 53 52
20 49 31 55
21 22 57 58
22 23 67 76
22 51 23 21
23 24 9 39
24 53 5 6
25 26 22 45
25 54 23 18
26 27 8 41
26 55 29 35
27 28 16 11
29 30 29 36
30 31 32 38
32 33 48 37
33 34 9 17
35 36 73 77
36 37 84 65
38 39 50 32
39 40 34 53
40 41 40 45
43 44 3 19
44 45 43 42
45 46 25 26
47 48 18 39
48 49 18 40
49 50 6 7
52 53 21 20
53 54 42 35
55 56 73 48
56 57 21 35
(1848, 2115)

Arvore 52
0 1 64 54
1 2 77 79
2 3 20 12
2 31 60 43
3 32 15 35
4 33 61 41
5 6 2 2
5 34 21 43
6 7 11 42
6 35 75 45
7 8 98 67
8 9 59 36
8 37 16 43
9 38 27 17
10 11 3 17
11 12 52 43
11 40 30 31
12 13 28 27
13 14 30 21
13 42 24 47
14 43 26 46
15 44 43 40
16 45 22 37
17 18 54 41
17 46 2 38
18 47 12 43
19 48 2 24
20 21 53 52
20 49 31 55
21 22 57 58
22 23 67 76
22 51 23 21
23 24 9 39
24 53 5 6
25 26 22 45
25 54 23 18
26 27 8 41
26 55 29 35
27 28 16 11
29 30 29 36
30 31 32 38
32 33 48 37
33 34 9 17
36 37 84 65
38 39 50 32
39 40 34 53
40 41 40 45
43 44 3 19
44 45 43 42
45 46 25 26
47 48 18 39
48 49 18 40
49 50 6 7
52 53 21 20
53 54 42 35
55 56 73 48
56 57 21 35
(1873, 2105)

Arvore 53
0 1 64 54
1 2 77 79
2 3 20 12
2 31 60 43
3 32 15 35
4 33 61 41
5 6 2 2
5 34 21 43
6 7 11 42
6 35 75 45
8 9 59 36
8 37 16 43
9 38 27 17
10 11 3 17
11 12 52 43
11 40 30 31
12 13 28 27
13 14 30 21
13 42 24 47
14 43 26 46
15 44 43 40
16 45 22 37
17 18 54 41
17 46 2 38
18 47 12 43
19 48 2 24
20 49 31 55
21 22 57 58
21 50 44 64
22 23 67 76
22 51 23 21
23 24 9 39
24 53 5 6
25 26 22 45
25 54 23 18
26 27 8 41
26 55 29 35
27 28 16 11
28 57 59 72
29 30 29 36
30 31 32 38
32 33 48 37
33 34 9 17
35 36 73 77
36 37 84 65
38 39 50 32
39 40 34 53
40 41 40 45
43 44 3 19
44 45 43 42
45 46 25 26
47 48 18 39
48 49 18 40
49 50 6 7
52 53 21 20
53 54 42 35
56 57 21 35
(1825, 2151)

Arvore 54
0 1 64 54
1 2 77 79
2 3 20 12
2 31 60 43
3 32 15 35
4 33 61 41
5 6 2 2
5 34 21 43
6 7 11 42
6 35 75 45
7 8 98 67
8 9 59 36
8 37 16 43
9 38 27 17
10 11 3 17
11 12 52 43
11 40 30 31
12 13 28 27
13 14 30 21
13 42 24 47
14 43 26 46
15 44 43 40
16 45 22 37
17 18 54 41
17 46 2 38
18 47 12 43
19 48 2 24
20 49 31 55
21 22 57 58
21 50 44 64
22 23 67 76
22 51 23 21
23 24 9 39
24 53 5 6
25 26 22 45
25 54 23 18
26 27 8 41
26 55 29 35
27 28 16 11
28 57 59 72
29 30 29 36
30 31 32 38
32 33 48 37
33 34 9 17
36 37 84 65
38 39 50 32
39 40 34 53
40 41 40 45
43 44 3 19
44 45 43 42
45 46 25 26
47 48 18 39
48 49 18 40
49 50 6 7
52 53 21 20
53 54 42 35
56 57 21 35
(1850, 2141)

Arvore 55
0 1 64 54
1 2 77 79
2 3 20 12
2 31 60 43
3 32 15 35
4 33 61 41
5 6 2 2
5 34 21 43
6 7 11 42
6 35 75 45
8 9 59 36
8 37 16 43
9 38 27 17
10 11 3 17
11 12 52 43
11 40 30 31
12 13 28 27
13 14 30 21
13 42 24 47
14 43 26 46
15 44 43 40
16 45 22 37
17 18 54 41
17 46 2 38
18 47 12 43
19 48 2 24
20 49 31 55
21 22 57 58
21 50 44 64
22 23 67 76
22 51 23 21
23 24 9 39
24 53 5 6
25 26 22 45
25 54 23 18
26 27 8 41
26 55 29 35
27 28 16 11
29 30 29 36
30 31 32 38
32 33 48 37
33 34 9 17
35 36 73 77
36 37 84 65
38 39 50 32
39 40 34 53
40 41 40 45
43 44 3 19
44 45 43 42
45 46 25 26
47 48 18 39
48 49 18 40
49 50 6 7
52 53 21 20
53 54 42 35
55 56 73 48
56 57 21 35
(1839, 2127)

Arvore 56
0 1 64 54
1 2 77 79
2 3 20 12
2 31 60 43
3 32 15 35
4 33 61 41
5 6 2 2
5 34 21 43
6 7 11 42
6 35 75 45
7 8 98 67
8 9 59 36
8 37 16 43
9 38 27 17
10 11 3 17
11 12 52 43
11 40 30 31
12 13 28 27
13 14 30 21
13 42 24 47
14 43 26 46
15 44 43 40
16 45 22 37
17 18 54 41
17 46 2 38
18 47 12 43
19 48 2 24
20 49 31 55
21 22 57 58
21 50 44 64
22 23 67 76
22 51 23 21
23 24 9 39
24 53 5 6
25 26 22 45
25 54 23 18
26 27 8 41
26 55 29 35
27 28 16 11
29 30 29 36
30 31 32 38
32 33 48 37
33 34 9 17
36 37 84 65
38 39 50 32
39 40 34 53
40 41 40 45
43 44 3 19
44 45 43 42
45 46 25 26
47 48 18 39
48 49 18 40
49 50 6 7
52 53 21 20
53 54 42 35
55 56 73 48
56 57 21 35
(1864, 2117)

Arvore 57
0 1 64 54
1 2 77 79
2 3 20 12
2 31 60 43
3 32 15 35
4 33 61 41
5 6 2 2
5 34 21 43
6 7 11 42
6 35 75 45
8 9 59 36
8 37 16 43
9 38 27 17
10 11 3 17
11 40 30 31
12 13 28 27
13 14 30 21
13 42 24 47
14 43 26 46
15 44 43 40
16 45 22 37
17 18 54 41
17 46 2 38
18 47 12 43
19 48 2 24
20 21 53 52
20 49 31 55
21 22 57 58
22 23 67 76
22 51 23 21
23 24 9 39
24 53 5 6
25 26 22 45
25 54 23 18
26 27 8 41
26 55 29 35
27 28 16 11
28 57 59 72
29 30 29 36
30 31 32 38
32 33 48 37
33 34 9 17
35 36 73 77
36 37 84 65
38 39 50 32
39 40 34 53
40 41 40 45
41 42 44 56
43 44 3 19
44 45 43 42
45 46 25 26
47 48 18 39
48 49 18 40
49 50 6 7
52 53 21 20
53 54 42 35
56 57 21 35
(1826, 2152)

Arvore 58
0 1 64 54
1 2 77 79
2 3 20 12
2 31 60 43
3 32 15 35
4 33 61 41
5 6 2 2
5 34 21 43
6 7 11 42
6 35 75 45
7 8 98 67
8 9 59 36
8 37 16 43
9 38 27 17
10 11 3 17
11 40 30 31
12 13 28 27
13 14 30 21
13 42 24 47
14 43 26 46
15 44 43 40
16 45 22 37
17 18 54 41
17 46 2 38
18 47 12 43
19 48 2 24
20 21 53 52
20 49 31 55
21 22 57 58
22 23 67 76
22 51 23 21
23 24 9 39
24 53 5 6
25 26 22 45
25 54 23 18
26 27 8 41
26 55 29 35
27 28 16 11
28 57 59 72
29 30 29 36
30 31 32 38
32 33 48 37
33 34 9 17
36 37 84 65
38 39 50 32
39 40 34 53
40 41 40 45
41 42 44 56
43 44 3 19
44 45 43 42
45 46 25 26
47 48 18 39
48 49 18 40
49 50 6 7
52 53 21 20
53 54 42 35
56 57 21 35
(1851, 2142)

Arvore 59
0 1 64 54
1 2 77 79
2 3 20 12
2 31 60 43
3 32 15 35
4 33 61 41
5 6 2 2
5 34 21 43
6 7 11 42
6 35 75 45
8 9 59 36
8 37 16 43
9 38 27 17
10 11 3 17
11 40 30 31
12 13 28 27
13 14 30 21
13 42 24 47
14 43 26 46
15 44 43 40
16 45 22 37
17 18 54 41
17 46 2 38
18 47 12 43
19 48 2 24
20 21 53 52
20 49 31 55
21 22 57 58
22 23 67 76
22 51 23 21
23 24 9 39
24 53 5 6
25 26 22 45
25 54 23 18
26 27 8 41
26 55 29 35
27 28 16 11
29 30 29 36
30 31 32 38
32 33 48 37
33 34 9 17
35 36 73 77
36 37 84 65
38 39 50 32
39 40 34 53
40 41 40 45
41 42 44 56
43 44 3 19
44 45 43 42
45 46 25 26
47 48 18 39
48 49 18 40
49 50 6 7
52 53 21 20
53 54 42 35
55 56 73 48
56 57 21 35
(1840, 2128)

Arvore 60
0 1 64 54
1 2 77 79
2 3 20 12
2 31 60 43
3 32 15 35
4 33 61 41
5 6 2 2
5 34 21 43
6 7 11 42
6 35 75 45
7 8 98 67
8 9 59 36
8 37 16 43
9 38 27 17
10 11 3 17
11 40 30 31
12 13 28 27
13 14 30 21
13 42 24 47
14 43 26 46
15 44 43 40
16 45 22 37
17 18 54 41
17 46 2 38
18 47 12 43
19 48 2 24
20 21 53 52
20 49 31 55
21 22 57 58
22 23 67 76
22 51 23 21
23 24 9 39
24 53 5 6
25 26 22 45
25 54 23 18
26 27 8 41
26 55 29 35
27 28 16 11
29 30 29 36
30 31 32 38
32 33 48 37
33 34 9 17
36 37 84 65
38 39 50 32
39 40 34 53
40 41 40 45
41 42 44 56
43 44 3 19
44 45 43 42
45 46 25 26
47 48 18 39
48 49 18 40
49 50 6 7
52 53 21 20
53 54 42 35
55 56 73 48
56 57 21 35
(1865, 2118)

Arvore 61
0 1 64 54
1 2 77 79
2 3 20 12
2 31 60 43
3 32 15 35
4 33 61 41
5 6 2 2
5 34 21 43
6 7 11 42
6 35 75 45
8 9 59 36
8 37 16 43
9 38 27 17
10 11 3 17
11 40 30 31
12 13 28 27
13 14 30 21
13 42 24 47
14 43 26 46
15 44 43 40
16 45 22 37
17 18 54 41
17 46 2 38
18 47 12 43
19 48 2 24
20 49 31 55
21 22 57 58
21 50 44 64
22 23 67 76
22 51 23 21
23 24 9 39
24 53 5 6
25 26 22 45
25 54 23 18
26 27 8 41
26 55 29 35
27 28 16 11
28 57 59 72
29 30 29 36
30 31 32 38
32 33 48 37
33 34 9 17
35 36 73 77
36 37 84 65
38 39 50 32
39 40 34 53
40 41 40 45
41 42 44 56
43 44 3 19
44 45 43 42
45 46 25 26
47 48 18 39
48 49 18 40
49 50 6 7
52 53 21 20
53 54 42 35
56 57 21 35
(1817, 2164)

Arvore 62
0 1 64 54
1 2 77 79
2 3 20 12
2 31 60 43
3 32 15 35
4 33 61 41
5 6 2 2
5 34 21 43
6 7 11 42
6 35 75 45
7 8 98 67
8 9 59 36
8 37 16 43
9 38 27 17
10 11 3 17
11 40 30 31
12 13 28 27
13 14 30 21
13 42 24 47
14 43 26 46
15 44 43 40
16 45 22 37
17 18 54 41
17 46 2 38
18 47 12 43
19 48 2 24
20 49 31 55
21 22 57 58
21 50 44 64
22 23 67 76
22 51 23 21
23 24 9 39
24 53 5 6
25 26 22 45
25 54 23 18
26 27 8 41
26 55 29 35
27 28 16 11
28 57 59 72
29 30 29 36
30 31 32 38
32 33 48 37
33 34 9 17
36 37 84 65
38 39 50 32
39 40 34 53
40 41 40 45
41 42 44 56
43 44 3 19
44 45 43 42
45 46 25 26
47 48 18 39
48 49 18 40
49 50 6 7
52 53 21 20
53 54 42 35
56 57 21 35
(1842, 2154)

Arvore 63
0 1 64 54
1 2 77 79
2 3 20 12
2 31 60 43
3 32 15 35
4 33 61 41
5 6 2 2
5 34 21 43
6 7 11 42
6 35 75 45
8 9 59 36
8 37 16 43
9 38 27 17
10 11 3 17
11 40 30 31
12 13 28 27
13 14 30 21
13 42 24 47
14 43 26 46
15 44 43 40
16 45 22 37
17 18 54 41
17 46 2 38
18 47 12 43
19 48 2 24
20 49 31 55
21 22 57 58
21 50 44 64
22 23 67 76
22 51 23 21
23 24 9 39
24 53 5 6
25 26 22 45
25 54 23 18
26 27 8 41
26 55 29 35
27 28 16 11
29 30 29 36
30 31 32 38
32 33 48 37
33 34 9 17
35 36 73 77
36 37 84 65
38 39 50 32
39 40 34 53
40 41 40 45
41 42 44 56
43 44 3 19
44 45 43 42
45 46 25 26
47 48 18 39
48 49 18 40
49 50 6 7
52 53 21 20
53 54 42 35
55 56 73 48
56 57 21 35
(1831, 2140)

Arvore 64
0 1 64 54
1 2 77 79
2 3 20 12
2 31 60 43
3 32 15 35
4 33 61 41
5 6 2 2
5 34 21 43
6 7 11 42
6 35 75 45
7 8 98 67
8 9 59 36
8 37 16 43
9 38 27 17
10 11 3 17
11 40 30 31
12 13 28 27
13 14 30 21
13 42 24 47
14 43 26 46
15 44 43 40
16 45 22 37
17 18 54 41
17 46 2 38
18 47 12 43
19 48 2 24
20 49 31 55
21 22 57 58
21 50 44 64
22 23 67 76
22 51 23 21
23 24 9 39
24 53 5 6
25 26 22 45
25 54 23 18
26 27 8 41
26 55 29 35
27 28 16 11
29 30 29 36
30 31 32 38
32 33 48 37
33 34 9 17
36 37 84 65
38 39 50 32
39 40 34 53
40 41 40 45
41 42 44 56
43 44 3 19
44 45 43 42
45 46 25 26
47 48 18 39
48 49 18 40
49 50 6 7
52 53 21 20
53 54 42 35
55 56 73 48
56 57 21 35
(1856, 2130)

Arvore 65
0 1 64 54
1 2 77 79
2 3 20 12
2 31 60 43
3 32 15 35
4 33 61 41
5 6 2 2
5 34 21 43
6 7 11 42
6 35 75 45
8 9 59 36
8 37 16 43
9 10 47 41
9 38 27 17
10 11 3 17
11 12 52 43
11 40 30 31
12 13 28 27
13 14 30 21
13 42 24 47
14 43 26 46
15 16 21 48
15 44 43 40
16 45 22 37
17 18 54 41
17 46 2 38
18 47 12 43
19 48 2 24
20 21 53 52
20 49 31 55
21 22 57 58
22 23 67 76
22 51 23 21
23 24 9 39
24 53 5 6
25 26 22 45
25 54 23 18
26 27 8 41
26 55 29 35
27 28 16 11
28 57 59 72
29 30 29 36
30 31 32 38
32 33 48 37
33 34 9 17
35 36 73 77
36 37 84 65
39 40 34 53
40 41 40 45
43 44 3 19
45 46 25 26
47 48 18 39
48 49 18 40
49 50 6 7
52 53 21 20
53 54 42 35
56 57 21 35
(1809, 2154)

Arvore 66
0 1 64 54
1 2 77 79
2 3 20 12
2 31 60 43
3 32 15 35
4 33 61 41
5 6 2 2
5 34 21 43
6 7 11 42
6 35 75 45
7 8 98 67
8 9 59 36
8 37 16 43
9 10 47 41
9 38 27 17
10 11 3 17
11 12 52 43
11 40 30 31
12 13 28 27
13 14 30 21
13 42 24 47
14 43 26 46
15 16 21 48
15 44 43 40
16 45 22 37
17 18 54 41
17 46 2 38
18 47 12 43
19 48 2 24
20 21 53 52
20 49 31 55
21 22 57 58
22 23 67 76
22 51 23 21
23 24 9 39
24 53 5 6
25 26 22 45
25 54 23 18
26 27 8 41
26 55 29 35
27 28 16 11
28 57 59 72
29 30 29 36
30 31 32 38
32 33 48 37
33 34 9 17
36 37 84 65
39 40 34 53
40 41 40 45
43 44 3 19
45 46 25 26
47 48 18 39
48 49 18 40
49 50 6 7
52 53 21 20
53 54 42 35
56 57 21 35
(1834, 2144)

Arvore 67
0 1 64 54
1 2 77 79
2 3 20 12
2 31 60 43
3 32 15 35
4 33 61 41
5 6 2 2
5 34 21 43
6 7 11 42
6 35 75 45
8 9 59 36
8 37 16 43
9 10 47 41
9 38 27 17
10 11 3 17
11 12 52 43
11 40 30 31
12 13 28 27
13 14 30 21
13 42 24 47
14 43 26 46
15 16 21 48
15 44 43 40
16 45 22 37
17 18 54 41
17 46 2 38
18 47 12 43
19 48 2 24
20 21 53 52
20 49 31 55
21 22 57 58
22 23 67 76
22 51 23 21
23 24 9 39
24 53 5 6
25 26 22 45
25 54 23 18
26 27 8 41
26 55 29 35
27 28 16 11
29 30 29 36
30 31 32 38
32 33 48 37
33 34 9 17
35 36 73 77
36 37 84 65
39 40 34 53
40 41 40 45
43 44 3 19
45 46 25 26
47 48 18 39
48 49 18 40
49 50 6 7
52 53 21 20
53 54 42 35
55 56 73 48
56 57 21 35
(1823, 2130)

Arvore 68
0 1 64 54
1 2 77 79
2 3 20 12
2 31 60 43
3 32 15 35
4 33 61 41
5 6 2 2
5 34 21 43
6 7 11 42
6 35 75 45
7 8 98 67
8 9 59 36
8 37 16 43
9 10 47 41
9 38 27 17
10 11 3 17
11 12 52 43
11 40 30 31
12 13 28 27
13 14 30 21
13 42 24 47
14 43 26 46
15 16 21 48
15 44 43 40
16 45 22 37
17 18 54 41
17 46 2 38
18 47 12 43
19 48 2 24
20 21 53 52
20 49 31 55
21 22 57 58
22 23 67 76
22 51 23 21
23 24 9 39
24 53 5 6
25 26 22 45
25 54 23 18
26 27 8 41
26 55 29 35
27 28 16 11
29 30 29 36
30 31 32 38
32 33 48 37
33 34 9 17
36 37 84 65
39 40 34 53
40 41 40 45
43 44 3 19
45 46 25 26
47 48 18 39
48 49 18 40
49 50 6 7
52 53 21 20
53 54 42 35
55 56 73 48
56 57 21 35
(1848, 2120)

Arvore 69
0 1 64 54
1 2 77 79
2 3 20 12
2 31 60 43
3 32 15 35
4 33 61 41
5 6 2 2
5 34 21 43
6 7 11 42
6 35 75 45
8 9 59 36
8 37 16 43
9 10 47 41
9 38 27 17
10 11 3 17
11 12 52 43
11 40 30 31
12 13 28 27
13 14 30 21
13 42 24 47
14 43 26 46
15 16 21 48
15 44 43 40
16 45 22 37
17 18 54 41
17 46 2 38
18 47 12 43
19 48 2 24
20 49 31 55
21 22 57 58
21 50 44 64
22 23 67 76
22 51 23 21
23 24 9 39
24 53 5 6
25 26 22 45
25 54 23 18
26 27 8 41
26 55 29 35
27 28 16 11
28 57 59 72
29 30 29 36
30 31 32 38
32 33 48 37
33 34 9 17
35 36 73 77
36 37 84 65
39 40 34 53
40 41 40 45
43 44 3 19
45 46 25 26
47 48 18 39
48 49 18 40
49 50 6 7
52 53 21 20
53 54 42 35
56 57 21 35
(1800, 2166)

Arvore 70
0 1 64 54
1 2 77 79
2 3 20 12
2 31 60 43
3 32 15 35
4 33 61 41
5 6 2 2
5 34 21 43
6 7 11 42
6 35 75 45
7 8 98 67
8 9 59 36
8 37 16 43
9 10 47 41
9 38 27 17
10 11 3 17
11 12 52 43
11 40 30 31
12 13 28 27
13 14 30 21
13 42 24 47
14 43 26 46
15 16 21 48
15 44 43 40
16 45 22 37
17 18 54 41
17 46 2 38
18 47 12 43
19 48 2 24
20 49 31 55
21 22 57 58
21 50 44 64
22 23 67 76
22 51 23 21
23 24 9 39
24 53 5 6
25 26 22 45
25 54 23 18
26 27 8 41
26 55 29 35
27 28 16 11
28 57 59 72
29 30 29 36
30 31 32 38
32 33 48 37
33 34 9 17
36 37 84 65
39 40 34 53
40 41 40 45
43 44 3 19
45 46 25 26
47 48 18 39
48 49 18 40
49 50 6 7
52 53 21 20
53 54 42 35
56 57 21 35
(1825, 2156)

Arvore 71
0 1 64 54
1 2 77 79
2 3 20 12
2 31 60 43
3 32 15 35
4 33 61 41
5 6 2 2
5 34 21 43
6 7 11 42
6 35 75 45
8 9 59 36
8 37 16 43
9 10 47 41
9 38 27 17
10 11 3 17
11 12 52 43
11 40 30 31
12 13 28 27
13 14 30 21
13 42 24 47
14 43 26 46
15 16 21 48
15 44 43 40
16 45 22 37
17 18 54 41
17 46 2 38
18 47 12 43
19 48 2 24
20 49 31 55
21 22 57 58
21 50 44 64
22 23 67 76
22 51 23 21
23 24 9 39
24 53 5 6
25 26 22 45
25 54 23 18
26 27 8 41
26 55 29 35
27 28 16 11
29 30 29 36
30 31 32 38
32 33 48 37
33 34 9 17
35 36 73 77
36 37 84 65
39 40 34 53
40 41 40 45
43 44 3 19
45 46 25 26
47 48 18 39
48 49 18 40
49 50 6 7
52 53 21 20
53 54 42 35
55 56 73 48
56 57 21 35
(1814, 2142)

Arvore 72
0 1 64 54
1 2 77 79
2 3 20 12
2 31 60 43
3 32 15 35
4 33 61 41
5 6 2 2
5 34 21 43
6 7 11 42
6 35 75 45
7 8 98 67
8 9 59 36
8 37 16 43
9 10 47 41
9 38 27 17
10 11 3 17
11 12 52 43
11 40 30 31
12 13 28 27
13 14 30 21
13 42 24 47
14 43 26 46
15 16 21 48
15 44 43 40
16 45 22 37
17 18 54 41
17 46 2 38
18 47 12 43
19 48 2 24
20 49 31 55
21 22 57 58
21 50 44 64
22 23 67 76
22 51 23 21
23 24 9 39
24 53 5 6
25 26 22 45
25 54 23 18
26 27 8 41
26 55 29 35
27 28 16 11
29 30 29 36
30 31 32 38
32 33 48 37
33 34 9 17
36 37 84 65
39 40 34 53
40 41 40 45
43 44 3 19
45 46 25 26
47 48 18 39
48 49 18 40
49 50 6 7
52 53 21 20
53 54 42 35
55 56 73 48
56 57 21 35
(1839, 2132)

Arvore 73
0 1 64 54
1 2 77 79
2 3 20 12
2 31 60 43
3 32 15 35
4 33 61 41
5 6 2 2
5 34 21 43
6 7 11 42
6 35 75 45
8 9 59 36
8 37 16 43
9 10 47 41
9 38 27 17
10 11 3 17
11 40 30 31
12 13 28 27
13 14 30 21
13 42 24 47
14 43 26 46
15 16 21 48
15 44 43 40
16 45 22 37
17 18 54 41
17 46 2 38
18 47 12 43
19 48 2 24
20 21 53 52
20 49 31 55
21 22 57 58
22 23 67 76
22 51 23 21
23 24 9 39
24 53 5 6
25 26 22 45
25 54 23 18
26 27 8 41
26 55 29 35
27 28 16 11
28 57 59 72
29 30 29 36
30 31 32 38
32 33 48 37
33 34 9 17
35 36 73 77
36 37 84 65
39 40 34 53
40 41 40 45
41 42 44 56
43 44 3 19
45 46 25 26
47 48 18 39
48 49 18 40
49 50 6 7
52 53 21 20
53 54 42 35
56 57 21 35
(1801, 2167)

Arvore 74
0 1 64 54
1 2 77 79
2 3 20 12
2 31 60 43
3 32 15 35
4 33 61 41
5 6 2 2
5 34 21 43
6 7 11 42
6 35 75 45
7 8 98 67
8 9 59 36
8 37 16 43
9 10 47 41
9 38 27 17
10 11 3 17
11 40 30 31
12 13 28 27
13 14 30 21
13 42 24 47
14 43 26 46
15 16 21 48
15 44 43 40
16 45 22 37
17 18 54 41
17 46 2 38
18 47 12 43
19 48 2 24
20 21 53 52
20 49 31 55
21 22 57 58
22 23 67 76
22 51 23 21
23 24 9 39
24 53 5 6
25 26 22 45
25 54 23 18
26 27 8 41
26 55 29 35
27 28 16 11
28 57 59 72
29 30 29 36
30 31 32 38
32 33 48 37
33 34 9 17
36 37 84 65
39 40 34 53
40 41 40 45
41 42 44 56
43 44 3 19
45 46 25 26
47 48 18 39
48 49 18 40
49 50 6 7
52 53 21 20
53 54 42 35
56 57 21 35
(1826, 2157)

Arvore 75
0 1 64 54
1 2 77 79
2 3 20 12
2 31 60 43
3 32 15 35
4 33 61 41
5 6 2 2
5 34 21 43
6 7 11 42
6 35 75 45
8 9 59 36
8 37 16 43
9 10 47 41
9 38 27 17
10 11 3 17
11 40 30 31
12 13 28 27
13 14 30 21
13 42 24 47
14 43 26 46
15 16 21 48
15 44 43 40
16 45 22 37
17 18 54 41
17 46 2 38
18 47 12 43
19 48 2 24
20 21 53 52
20 49 31 55
21 22 57 58
22 23 67 76
22 51 23 21
23 24 9 39
24 53 5 6
25 26 22 45
25 54 23 18
26 27 8 41
26 55 29 35
27 28 16 11
29 30 29 36
30 31 32 38
32 33 48 37
33 34 9 17
35 36 73 77
36 37 84 65
39 40 34 53
40 41 40 45
41 42 44 56
43 44 3 19
45 46 25 26
47 48 18 39
48 49 18 40
49 50 6 7
52 53 21 20
53 54 42 35
55 56 73 48
56 57 21 35
(1815, 2143)

Arvore 76
0 1 64 54
1 2 77 79
2 3 20 12
2 31 60 43
3 32 15 35
4 33 61 41
5 6 2 2
5 34 21 43
6 7 11 42
6 35 75 45
7 8 98 67
8 9 59 36
8 37 16 43
9 10 47 41
9 38 27 17
10 11 3 17
11 40 30 31
12 13 28 27
13 14 30 21
13 42 24 47
14 43 26 46
15 16 21 48
15 44 43 40
16 45 22 37
17 18 54 41
17 46 2 38
18 47 12 43
19 48 2 24
20 21 53 52
20 49 31 55
21 22 57 58
22 23 67 76
22 51 23 21
23 24 9 39
24 53 5 6
25 26 22 45
25 54 23 18
26 27 8 41
26 55 29 35
27 28 16 11
29 30 29 36
30 31 32 38
32 33 48 37
33 34 9 17
36 37 84 65
39 40 34 53
40 41 40 45
41 42 44 56
43 44 3 19
45 46 25 26
47 48 18 39
48 49 18 40
49 50 6 7
52 53 21 20
53 54 42 35
55 56 73 48
56 57 21 35
(1840, 2133)

Arvore 77
0 1 64 54
1 2 77 79
2 3 20 12
2 31 60 43
3 32 15 35
4 33 61 41
5 6 2 2
5 34 21 43
6 7 11 42
6 35 75 45
8 9 59 36
8 37 16 43
9 10 47 41
9 38 27 17
10 11 3 17
11 40 30 31
12 13 28 27
13 14 30 21
13 42 24 47
14 43 26 46
15 16 21 48
15 44 43 40
16 45 22 37
17 18 54 41
17 46 2 38
18 47 12 43
19 48 2 24
20 49 31 55
21 22 57 58
21 50 44 64
22 23 67 76
22 51 23 21
23 24 9 39
24 53 5 6
25 26 22 45
25 54 23 18
26 27 8 41
26 55 29 35
27 28 16 11
28 57 59 72
29 30 29 36
30 31 32 38
32 33 48 37
33 34 9 17
35 36 73 77
36 37 84 65
39 40 34 53
40 41 40 45
41 42 44 56
43 44 3 19
45 46 25 26
47 48 18 39
48 49 18 40
49 50 6 7
52 53 21 20
53 54 42 35
56 57 21 35
(1792, 2179)

Arvore 78
0 1 64 54
1 2 77 79
2 3 20 12
2 31 60 43
3 32 15 35
4 33 61 41
5 6 2 2
5 34 21 43
6 7 11 42
6 35 75 45
7 8 98 67
8 9 59 36
8 37 16 43
9 10 47 41
9 38 27 17
10 11 3 17
11 40 30 31
12 13 28 27
13 14 30 21
13 42 24 47
14 43 26 46
15 16 21 48
15 44 43 40
16 45 22 37
17 18 54 41
17 46 2 38
18 47 12 43
19 48 2 24
20 49 31 55
21 22 57 58
21 50 44 64
22 23 67 76
22 51 23 21
23 24 9 39
24 53 5 6
25 26 22 45
25 54 23 18
26 27 8 41
26 55 29 35
27 28 16 11
28 57 59 72
29 30 29 36
30 31 32 38
32 33 48 37
33 34 9 17
36 37 84 65
39 40 34 53
40 41 40 45
41 42 44 56
43 44 3 19
45 46 25 26
47 48 18 39
48 49 18 40
49 50 6 7
52 53 21 20
53 54 42 35
56 57 21 35
(1817, 2169)

Arvore 79
0 1 64 54
1 2 77 79
2 3 20 12
2 31 60 43
3 32 15 35
4 33 61 41
5 6 2 2
5 34 21 43
6 7 11 42
6 35 75 45
8 9 59 36
8 37 16 43
9 10 47 41
9 38 27 17
10 11 3 17
11 40 30 31
12 13 28 27
13 14 30 21
13 42 24 47
14 43 26 46
15 16 21 48
15 44 43 40
16 45 22 37
17 18 54 41
17 46 2 38
18 47 12 43
19 48 2 24
20 49 31 55
21 22 57 58
21 50 44 64
22 23 67 76
22 51 23 21
23 24 9 39
24 53 5 6
25 26 22 45
25 54 23 18
26 27 8 41
26 55 29 35
27 28 16 11
29 30 29 36
30 31 32 38
32 33 48 37
33 34 9 17
35 36 73 77
36 37 84 65
39 40 34 53
40 41 40 45
41 42 44 56
43 44 3 19
45 46 25 26
47 48 18 39
48 49 18 40
49 50 6 7
52 53 21 20
53 54 42 35
55 56 73 48
56 57 21 35
(1806, 2155)

Arvore 80
0 1 64 54
1 2 77 79
2 3 20 12
2 31 60 43
3 32 15 35
4 33 61 41
5 6 2 2
5 34 21 43
6 7 11 42
6 35 75 45
7 8 98 67
8 9 59 36
8 37 16 43
9 10 47 41
9 38 27 17
10 11 3 17
11 40 30 31
12 13 28 27
13 14 30 21
13 42 24 47
14 43 26 46
15 16 21 48
15 44 43 40
16 45 22 37
17 18 54 41
17 46 2 38
18 47 12 43
19 48 2 24
20 49 31 55
21 22 57 58
21 50 44 64
22 23 67 76
22 51 23 21
23 24 9 39
24 53 5 6
25 26 22 45
25 54 23 18
26 27 8 41
26 55 29 35
27 28 16 11
29 30 29 36
30 31 32 38
32 33 48 37
33 34 9 17
36 37 84 65
39 40 34 53
40 41 40 45
41 42 44 56
43 44 3 19
45 46 25 26
47 48 18 39
48 49 18 40
49 50 6 7
52 53 21 20
53 54 42 35
55 56 73 48
56 57 21 35
(1831, 2145)

Arvore 81
0 1 64 54
1 2 77 79
2 3 20 12
2 31 60 43
3 32 15 35
4 33 61 41
5 6 2 2
5 34 21 43
6 7 11 42
6 35 75 45
8 9 59 36
8 37 16 43
9 10 47 41
9 38 27 17
10 11 3 17
11 12 52 43
11 40 30 31
12 13 28 27
13 14 30 21
13 42 24 47
14 43 26 46
15 44 43 40
16 45 22 37
17 18 54 41
17 46 2 38
18 47 12 43
19 48 2 24
20 21 53 52
20 49 31 55
21 22 57 58
22 23 67 76
22 51 23 21
23 24 9 39
24 53 5 6
25 26 22 45
25 54 23 18
26 27 8 41
26 55 29 35
27 28 16 11
28 57 59 72
29 30 29 36
30 31 32 38
32 33 48 37
33 34 9 17
35 36 73 77
36 37 84 65
39 40 34 53
40 41 40 45
43 44 3 19
44 45 43 42
45 46 25 26
47 48 18 39
48 49 18 40
49 50 6 7
52 53 21 20
53 54 42 35
56 57 21 35
(1831, 2148)

Arvore 82
0 1 64 54
1 2 77 79
2 3 20 12
2 31 60 43
3 32 15 35
4 33 61 41
5 6 2 2
5 34 21 43
6 7 11 42
6 35 75 45
7 8 98 67
8 9 59 36
8 37 16 43
9 10 47 41
9 38 27 17
10 11 3 17
11 12 52 43
11 40 30 31
12 13 28 27
13 14 30 21
13 42 24 47
14 43 26 46
15 44 43 40
16 45 22 37
17 18 54 41
17 46 2 38
18 47 12 43
19 48 2 24
20 21 53 52
20 49 31 55
21 22 57 58
22 23 67 76
22 51 23 21
23 24 9 39
24 53 5 6
25 26 22 45
25 54 23 18
26 27 8 41
26 55 29 35
27 28 16 11
28 57 59 72
29 30 29 36
30 31 32 38
32 33 48 37
33 34 9 17
36 37 84 65
39 40 34 53
40 41 40 45
43 44 3 19
44 45 43 42
45 46 25 26
47 48 18 39
48 49 18 40
49 50 6 7
52 53 21 20
53 54 42 35
56 57 21 35
(1856, 2138)

Arvore 83
0 1 64 54
1 2 77 79
2 3 20 12
2 31 60 43
3 32 15 35
4 33 61 41
5 6 2 2
5 34 21 43
6 7 11 42
6 35 75 45
8 9 59 36
8 37 16 43
9 10 47 41
9 38 27 17
10 11 3 17
11 12 52 43
11 40 30 31
12 13 28 27
13 14 30 21
13 42 24 47
14 43 26 46
15 44 43 40
16 45 22 37
17 18 54 41
17 46 2 38
18 47 12 43
19 48 2 24
20 21 53 52
20 49 31 55
21 22 57 58
22 23 67 76
22 51 23 21
23 24 9 39
24 53 5 6
25 26 22 45
25 54 23 18
26 27 8 41
26 55 29 35
27 28 16 11
29 30 29 36
30 31 32 38
32 33 48 37
33 34 9 17
35 36 73 77
36 37 84 65
39 40 34 53
40 41 40 45
43 44 3 19
44 45 43 42
45 46 25 26
47 48 18 39
48 49 18 40
49 50 6 7
52 53 21 20
53 54 42 35
55 56 73 48
56 57 21 35
(1845, 2124)

Arvore 84
0 1 64 54
1 2 77 79
2 3 20 12
2 31 60 43
3 32 15 35
4 33 61 41
5 6 2 2
5 34 21 43
6 7 11 42
6 35 75 45
7 8 98 67
8 9 59 36
8 37 16 43
9 10 47 41
9 38 27 17
10 11 3 17
11 12 52 43
11 40 30 31
12 13 28 27
13 14 30 21
13 42 24 47
14 43 26 46
15 44 43 40
16 45 22 37
17 18 54 41
17 46 2 38
18 47 12 43
19 48 2 24
20 21 53 52
20 49 31 55
21 22 57 58
22 23 67 76
22 51 23 21
23 24 9 39
24 53 5 6
25 26 22 45
25 54 23 18
26 27 8 41
26 55 29 35
27 28 16 11
29 30 29 36
30 31 32 38
32 33 48 37
33 34 9 17
36 37 84 65
39 40 34 53
40 41 40 45
43 44 3 19
44 45 43 42
45 46 25 26
47 48 18 39
48 49 18 40
49 50 6 7
52 53 21 20
53 54 42 35
55 56 73 48
56 57 21 35
(1870, 2114)

Arvore 85
0 1 64 54
1 2 77 79
2 3 20 12
2 31 60 43
3 32 15 35
4 33 61 41
5 6 2 2
5 34 21 43
6 7 11 42
6 35 75 45
8 9 59 36
8 37 16 43
9 10 47 41
9 38 27 17
10 11 3 17
11 12 52 43
11 40 30 31
12 13 28 27
13 14 30 21
13 42 24 47
14 43 26 46
15 44 43 40
16 45 22 37
17 18 54 41
17 46 2 38
18 47 12 43
19 48 2 24
20 49 31 55
21 22 57 58
21 50 44 64
22 23 67 76
22 51 23 21
23 24 9 39
24 53 5 6
25 26 22 45
25 54 23 18
26 27 8 41
26 55 29 35
27 28 16 11
28 57 59 72
29 30 29 36
30 31 32 38
32 33 48 37
33 34 9 17
35 36 73 77
36 37 84 65
39 40 34 53
40 41 40 45
43 44 3 19
44 45 43 42
45 46 25 26
47 48 18 39
48 49 18 40
49 50 6 7
52 53 21 20
53 54 42 35
56 57 21 35
(1822, 2160)

Arvore 86
0 1 64 54
1 2 77 79
2 3 20 12
2 31 60 43
3 32 15 35
4 33 61 41
5 6 2 2
5 34 21 43
6 7 11 42
6 35 75 45
7 8 98 67
8 9 59 36
8 37 16 43
9 10 47 41
9 38 27 17
10 11 3 17
11 12 52 43
11 40 30 31
12 13 28 27
13 14 30 21
13 42 24 47
14 43 26 46
15 44 43 40
16 45 22 37
17 18 54 41
17 46 2 38
18 47 12 43
19 48 2 24
20 49 31 55
21 22 57 58
21 50 44 64
22 23 67 76
22 51 23 21
23 24 9 39
24 53 5 6
25 26 22 45
25 54 23 18
26 27 8 41
26 55 29 35
27 28 16 11
28 57 59 72
29 30 29 36
30 31 32 38
32 33 48 37
33 34 9 17
36 37 84 65
39 40 34 53
40 41 40 45
43 44 3 19
44 45 43 42
45 46 25 26
47 48 18 39
48 49 18 40
49 50 6 7
52 53 21 20
53 54 42 35
56 57 21 35
(1847, 2150)

Arvore 87
0 1 64 54
1 2 77 79
2 3 20 12
2 31 60 43
3 32 15 35
4 33 61 41
5 6 2 2
5 34 21 43
6 7 11 42
6 35 75 45
8 9 59 36
8 37 16 43
9 10 47 41
9 38 27 17
10 11 3 17
11 12 52 43
11 40 30 31
12 13 28 27
13 14 30 21
13 42 24 47
14 43 26 46
15 44 43 40
16 45 22 37
17 18 54 41
17 46 2 38
18 47 12 43
19 48 2 24
20 49 31 55
21 22 57 58
21 50 44 64
22 23 67 76
22 51 23 21
23 24 9 39
24 53 5 6
25 26 22 45
25 54 23 18
26 27 8 41
26 55 29 35
27 28 16 11
29 30 29 36
30 31 32 38
32 33 48 37
33 34 9 17
35 36 73 77
36 37 84 65
39 40 34 53
40 41 40 45
43 44 3 19
44 45 43 42
45 46 25 26
47 48 18 39
48 49 18 40
49 50 6 7
52 53 21 20
53 54 42 35
55 56 73 48
56 57 21 35
(1836, 2136)

Arvore 88
0 1 64 54
1 2 77 79
2 3 20 12
2 31 60 43
3 32 15 35
4 33 61 41
5 6 2 2
5 34 21 43
6 7 11 42
6 35 75 45
7 8 98 67
8 9 59 36
8 37 16 43
9 10 47 41
9 38 27 17
10 11 3 17
11 12 52 43
11 40 30 31
12 13 28 27
13 14 30 21
13 42 24 47
14 43 26 46
15 44 43 40
16 45 22 37
17 18 54 41
17 46 2 38
18 47 12 43
19 48 2 24
20 49 31 55
21 22 57 58
21 50 44 64
22 23 67 76
22 51 23 21
23 24 9 39
24 53 5 6
25 26 22 45
25 54 23 18
26 27 8 41
26 55 29 35
27 28 16 11
29 30 29 36
30 31 32 38
32 33 48 37
33 34 9 17
36 37 84 65
39 40 34 53
40 41 40 45
43 44 3 19
44 45 43 42
45 46 25 26
47 48 18 39
48 49 18 40
49 50 6 7
52 53 21 20
53 54 42 35
55 56 73 48
56 57 21 35
(1861, 2126)

Arvore 89
0 1 64 54
1 2 77 79
2 3 20 12
2 31 60 43
3 32 15 35
4 33 61 41
5 6 2 2
5 34 21 43
6 7 11 42
6 35 75 45
8 9 59 36
8 37 16 43
9 10 47 41
9 38 27 17
10 11 3 17
11 40 30 31
12 13 28 27
13 14 30 21
13 42 24 47
14 43 26 46
15 44 43 40
16 45 22 37
17 18 54 41
17 46 2 38
18 47 12 43
19 48 2 24
20 21 53 52
20 49 31 55
21 22 57 58
22 23 67 76
22 51 23 21
23 24 9 39
24 53 5 6
25 26 22 45
25 54 23 18
26 27 8 41
26 55 29 35
27 28 16 11
28 57 59 72
29 30 29 36
30 31 32 38
32 33 48 37
33 34 9 17
35 36 73 77
36 37 84 65
39 40 34 53
40 41 40 45
41 42 44 56
43 44 3 19
44 45 43 42
45 46 25 26
47 48 18 39
48 49 18 40
49 50 6 7
52 53 21 20
53 54 42 35
56 57 21 35
(1823, 2161)

Arvore 90
0 1 64 54
1 2 77 79
2 3 20 12
2 31 60 43
3 32 15 35
4 33 61 41
5 6 2 2
5 34 21 43
6 7 11 42
6 35 75 45
7 8 98 67
8 9 59 36
8 37 16 43
9 10 47 41
9 38 27 17
10 11 3 17
11 40 30 31
12 13 28 27
13 14 30 21
13 42 24 47
14 43 26 46
15 44 43 40
16 45 22 37
17 18 54 41
17 46 2 38
18 47 12 43
19 48 2 24
20 21 53 52
20 49 31 55
21 22 57 58
22 23 67 76
22 51 23 21
23 24 9 39
24 53 5 6
25 26 22 45
25 54 23 18
26 27 8 41
26 55 29 35
27 28 16 11
28 57 59 72
29 30 29 36
30 31 32 38
32 33 48 37
33 34 9 17
36 37 84 65
39 40 34 53
40 41 40 45
41 42 44 56
43 44 3 19
44 45 43 42
45 46 25 26
47 48 18 39
48 49 18 40
49 50 6 7
52 53 21 20
53 54 42 35
56 57 21 35
(1848, 2151)

Arvore 91
0 1 64 54
1 2 77 79
2 3 20 12
2 31 60 43
3 32 15 35
4 33 61 41
5 6 2 2
5 34 21 43
6 7 11 42
6 35 75 45
8 9 59 36
8 37 16 43
9 10 47 41
9 38 27 17
10 11 3 17
11 40 30 31
12 13 28 27
13 14 30 21
13 42 24 47
14 43 26 46
15 44 43 40
16 45 22 37
17 18 54 41
17 46 2 38
18 47 12 43
19 48 2 24
20 21 53 52
20 49 31 55
21 22 57 58
22 23 67 76
22 51 23 21
23 24 9 39
24 53 5 6
25 26 22 45
25 54 23 18
26 27 8 41
26 55 29 35
27 28 16 11
29 30 29 36
30 31 32 38
32 33 48 37
33 34 9 17
35 36 73 77
36 37 84 65
39 40 34 53
40 41 40 45
41 42 44 56
43 44 3 19
44 45 43 42
45 46 25 26
47 48 18 39
48 49 18 40
49 50 6 7
52 53 21 20
53 54 42 35
55 56 73 48
56 57 21 35
(1837, 2137)

Arvore 92
0 1 64 54
1 2 77 79
2 3 20 12
2 31 60 43
3 32 15 35
4 33 61 41
5 6 2 2
5 34 21 43
6 7 11 42
6 35 75 45
7 8 98 67
8 9 59 36
8 37 16 43
9 10 47 41
9 38 27 17
10 11 3 17
11 40 30 31
12 13 28 27
13 14 30 21
13 42 24 47
14 43 26 46
15 44 43 40
16 45 22 37
17 18 54 41
17 46 2 38
18 47 12 43
19 48 2 24
20 21 53 52
20 49 31 55
21 22 57 58
22 23 67 76
22 51 23 21
23 24 9 39
24 53 5 6
25 26 22 45
25 54 23 18
26 27 8 41
26 55 29 35
27 28 16 11
29 30 29 36
30 31 32 38
32 33 48 37
33 34 9 17
36 37 84 65
39 40 34 53
40 41 40 45
41 42 44 56
43 44 3 19
44 45 43 42
45 46 25 26
47 48 18 39
48 49 18 40
49 50 6 7
52 53 21 20
53 54 42 35
55 56 73 48
56 57 21 35
(1862, 2127)

Arvore 93
0 1 64 54
1 2 77 79
2 3 20 12
2 31 60 43
3 32 15 35
4 33 61 41
5 6 2 2
5 34 21 43
6 7 11 42
6 35 75 45
8 9 59 36
8 37 16 43
9 10 47 41
9 38 27 17
10 11 3 17
11 40 30 31
12 13 28 27
13 14 30 21
13 42 24 47
14 43 26 46
15 44 43 40
16 45 22 37
17 18 54 41
17 46 2 38
18 47 12 43
19 48 2 24
20 49 31 55
21 22 57 58
21 50 44 64
22 23 67 76
22 51 23 21
23 24 9 39
24 53 5 6
25 26 22 45
25 54 23 18
26 27 8 41
26 55 29 35
27 28 16 11
28 57 59 72
29 30 29 36
30 31 32 38
32 33 48 37
33 34 9 17
35 36 73 77
36 37 84 65
39 40 34 53
40 41 40 45
41 42 44 56
43 44 3 19
44 45 43 42
45 46 25 26
47 48 18 39
48 49 18 40
49 50 6 7
52 53 21 20
53 54 42 35
56 57 21 35
(1814, 2173)

Arvore 94
0 1 64 54
1 2 77 79
2 3 20 12
2 31 60 43
3 32 15 35
4 33 61 41
5 6 2 2
5 34 21 43
6 7 11 42
6 35 75 45
7 8 98 67
8 9 59 36
8 37 16 43
9 10 47 41
9 38 27 17
10 11 3 17
11 40 30 31
12 13 28 27
13 14 30 21
13 42 24 47
14 43 26 46
15 44 43 40
16 45 22 37
17 18 54 41
17 46 2 38
18 47 12 43
19 48 2 24
20 49 31 55
21 22 57 58
21 50 44 64
22 23 67 76
22 51 23 21
23 24 9 39
24 53 5 6
25 26 22 45
25 54 23 18
26 27 8 41
26 55 29 35
27 28 16 11
28 57 59 72
29 30 29 36
30 31 32 38
32 33 48 37
33 34 9 17
36 37 84 65
39 40 34 53
40 41 40 45
41 42 44 56
43 44 3 19
44 45 43 42
45 46 25 26
47 48 18 39
48 49 18 40
49 50 6 7
52 53 21 20
53 54 42 35
56 57 21 35
(1839, 2163)

Arvore 95
0 1 64 54
1 2 77 79
2 3 20 12
2 31 60 43
3 32 15 35
4 33 61 41
5 6 2 2
5 34 21 43
6 7 11 42
6 35 75 45
8 9 59 36
8 37 16 43
9 10 47 41
9 38 27 17
10 11 3 17
11 40 30 31
12 13 28 27
13 14 30 21
13 42 24 47
14 43 26 46
15 44 43 40
16 45 22 37
17 18 54 41
17 46 2 38
18 47 12 43
19 48 2 24
20 49 31 55
21 22 57 58
21 50 44 64
22 23 67 76
22 51 23 21
23 24 9 39
24 53 5 6
25 26 22 45
25 54 23 18
26 27 8 41
26 55 29 35
27 28 16 11
29 30 29 36
30 31 32 38
32 33 48 37
33 34 9 17
35 36 73 77
36 37 84 65
39 40 34 53
40 41 40 45
41 42 44 56
43 44 3 19
44 45 43 42
45 46 25 26
47 48 18 39
48 49 18 40
49 50 6 7
52 53 21 20
53 54 42 35
55 56 73 48
56 57 21 35
(1828, 2149)

Arvore 96
0 1 64 54
1 2 77 79
2 3 20 12
2 31 60 43
3 32 15 35
4 33 61 41
5 6 2 2
5 34 21 43
6 7 11 42
6 35 75 45
7 8 98 67
8 9 59 36
8 37 16 43
9 10 47 41
9 38 27 17
10 11 3 17
11 40 30 31
12 13 28 27
13 14 30 21
13 42 24 47
14 43 26 46
15 44 43 40
16 45 22 37
17 18 54 41
17 46 2 38
18 47 12 43
19 48 2 24
20 49 31 55
21 22 57 58
21 50 44 64
22 23 67 76
22 51 23 21
23 24 9 39
24 53 5 6
25 26 22 45
25 54 23 18
26 27 8 41
26 55 29 35
27 28 16 11
29 30 29 36
30 31 32 38
32 33 48 37
33 34 9 17
36 37 84 65
39 40 34 53
40 41 40 45
41 42 44 56
43 44 3 19
44 45 43 42
45 46 25 26
47 48 18 39
48 49 18 40
49 50 6 7
52 53 21 20
53 54 42 35
55 56 73 48
56 57 21 35
(1853, 2139)

