Fim da primeira fase ... 
0
Fim da segunda fase ... 
443
4.43
Total: 4.43
Suportadas = 19
Nao suportadas = 242
TOTAL DE SOLUCOES = 261

SUPORTADAS: 

Arvore 1
1 4 3 91
8 9 4 84
3 9 10 77
0 4 12 79
2 5 16 74
0 2 20 69
3 5 20 73
7 8 20 80
0 6 37 67
(142 694)

Arvore 2
8 9 4 84
1 4 3 91
3 9 10 77
0 4 12 79
2 5 16 74
0 2 20 69
3 5 20 73
4 7 22 71
0 6 37 67
(144 685)

Arvore 3
8 9 4 84
1 4 3 91
3 9 10 77
0 4 12 79
2 5 16 74
0 2 20 69
3 5 20 73
4 7 22 71
4 6 38 64
(145 682)

Arvore 4
8 9 4 84
3 9 10 77
1 4 3 91
0 4 12 79
2 5 16 74
0 2 20 69
3 5 20 73
4 7 22 71
3 6 46 46
(153 664)

Arvore 5
8 9 4 84
3 9 10 77
0 4 12 79
2 5 16 74
0 2 20 69
1 4 3 91
4 9 28 60
4 7 22 71
3 6 46 46
(161 651)

Arvore 6
3 9 10 77
8 9 4 84
4 9 28 60
0 2 20 69
2 5 16 74
0 4 12 79
1 8 30 61
3 6 46 46
4 7 22 71
(188 621)

Arvore 7
4 9 28 60
3 9 10 77
0 2 20 69
8 9 4 84
2 5 16 74
3 6 46 46
1 8 30 61
2 4 56 37
4 7 22 71
(232 579)

Arvore 8
4 9 28 60
2 4 56 37
3 9 10 77
3 6 46 46
0 2 20 69
1 6 68 28
1 8 30 61
2 5 16 74
4 7 22 71
(296 523)

Arvore 9
4 9 28 60
2 4 56 37
3 6 46 46
1 6 68 28
4 8 91 9
3 9 10 77
0 2 20 69
2 5 16 74
4 7 22 71
(357 471)

Arvore 10
4 9 28 60
2 4 56 37
4 8 91 9
3 6 46 46
1 6 68 28
1 2 69 28
0 2 20 69
2 5 16 74
4 7 22 71
(416 422)

Arvore 11
2 4 56 37
4 9 28 60
4 8 91 9
3 6 46 46
1 6 68 28
1 2 69 28
0 9 92 10
2 5 16 74
4 7 22 71
(488 363)

Arvore 12
2 4 56 37
4 9 28 60
4 8 91 9
1 6 68 28
3 6 46 46
1 2 69 28
0 9 92 10
2 5 16 74
2 7 82 22
(548 314)

Arvore 13
4 8 91 9
2 4 56 37
1 6 68 28
4 9 28 60
3 6 46 46
1 2 69 28
0 9 92 10
5 6 74 27
2 7 82 22
(606 267)

Arvore 14
4 8 91 9
0 9 92 10
1 6 68 28
2 4 56 37
1 2 69 28
3 6 46 46
1 9 51 43
5 6 74 27
2 7 82 22
(629 250)

Arvore 15
4 8 91 9
0 9 92 10
1 6 68 28
1 2 69 28
2 4 56 37
5 6 74 27
2 7 82 22
3 7 95 14
1 9 51 43
(678 218)

Arvore 16
4 8 91 9
0 9 92 10
1 6 68 28
1 2 69 28
2 4 56 37
5 6 74 27
2 7 82 22
3 7 95 14
0 3 97 13
(724 188)

Arvore 17
4 8 91 9
0 9 92 10
0 3 97 13
3 7 95 14
1 6 68 28
2 7 82 22
1 2 69 28
5 6 74 27
0 8 90 20
(758 171)

Arvore 18
4 8 91 9
0 9 92 10
0 3 97 13
3 7 95 14
1 6 68 28
2 6 98 15
2 7 82 22
0 8 90 20
5 6 74 27
(787 158)

Arvore 19
4 8 91 9
0 9 92 10
0 3 97 13
3 7 95 14
2 6 98 15
1 7 94 17
0 8 90 20
2 7 82 22
5 6 74 27
(813 147)


NAO SUPORTADAS: 
Arvore 20
8 9 4 84
1 4 3 91
3 9 10 77
0 4 12 79
2 5 16 74
0 2 20 69
3 5 20 73
7 8 20 80
4 6 38 64
(143 691)

Arvore 21
8 9 4 84
1 4 3 91
3 9 10 77
0 4 12 79
2 5 16 74
0 2 20 69
3 5 20 73
7 8 20 80
3 6 46 46
(151 673)

Arvore 22
8 9 4 84
1 4 3 91
3 9 10 77
0 4 12 79
2 5 16 74
0 2 20 69
4 7 22 71
4 9 28 60
0 6 37 67
(152 672)

Arvore 23
8 9 4 84
1 4 3 91
3 9 10 77
0 4 12 79
2 5 16 74
0 2 20 69
4 9 28 60
7 8 20 80
0 6 37 67
(150 681)

Arvore 24
8 9 4 84
3 9 10 77
1 4 3 91
0 4 12 79
2 5 16 74
0 2 20 69
4 9 28 60
7 8 20 80
3 6 46 46
(159 660)

Arvore 25
3 9 10 77
8 9 4 84
4 9 28 60
0 2 20 69
2 5 16 74
1 4 3 91
3 5 20 73
4 7 22 71
3 6 46 46
(169 645)

Arvore 26
3 9 10 77
8 9 4 84
4 9 28 60
0 2 20 69
0 4 12 79
1 4 3 91
3 5 20 73
4 7 22 71
3 6 46 46
(165 650)

Arvore 27
3 9 10 77
8 9 4 84
4 9 28 60
0 2 20 69
2 5 16 74
1 4 3 91
4 7 22 71
2 3 30 63
3 6 46 46
(179 635)

Arvore 28
3 9 10 77
8 9 4 84
0 2 20 69
2 5 16 74
0 4 12 79
1 8 30 61
3 5 20 73
4 7 22 71
3 6 46 46
(180 634)

Arvore 29
3 9 10 77
8 9 4 84
4 9 28 60
0 2 20 69
2 5 16 74
1 4 3 91
4 7 22 71
3 6 46 46
5 8 28 67
(177 639)

Arvore 30
3 9 10 77
4 9 28 60
0 2 20 69
2 5 16 74
0 4 12 79
1 4 3 91
1 8 30 61
4 7 22 71
3 6 46 46
(187 628)

Arvore 31
3 9 10 77
8 9 4 84
4 9 28 60
0 2 20 69
0 4 12 79
1 4 3 91
4 7 22 71
3 6 46 46
5 8 28 67
(173 644)

Arvore 32
3 9 10 77
8 9 4 84
4 9 28 60
0 2 20 69
2 5 16 74
0 4 12 79
1 4 3 91
4 7 22 71
1 6 68 28
(183 633)

Arvore 33
3 9 10 77
8 9 4 84
4 9 28 60
0 2 20 69
2 5 16 74
0 4 12 79
1 8 30 61
3 6 46 46
7 8 20 80
(186 630)

Arvore 34
3 9 10 77
4 9 28 60
8 9 4 84
0 2 20 69
2 5 16 74
1 8 30 61
3 6 46 46
2 3 30 63
4 7 22 71
(206 605)

Arvore 35
3 9 10 77
4 9 28 60
8 9 4 84
0 2 20 69
2 5 16 74
1 8 30 61
3 6 46 46
4 7 22 71
3 5 20 73
(196 615)

Arvore 36
3 9 10 77
4 9 28 60
8 9 4 84
0 2 20 69
2 5 16 74
3 6 46 46
0 4 12 79
1 9 51 43
4 7 22 71
(209 603)

Arvore 37
3 9 10 77
4 9 28 60
8 9 4 84
0 2 20 69
2 5 16 74
1 8 30 61
3 6 46 46
4 7 22 71
2 9 53 42
(229 584)

Arvore 38
3 9 10 77
4 9 28 60
8 9 4 84
2 5 16 74
1 8 30 61
3 6 46 46
0 4 12 79
2 4 56 37
4 7 22 71
(224 589)

Arvore 39
3 9 10 77
4 9 28 60
8 9 4 84
0 2 20 69
1 8 30 61
3 6 46 46
0 4 12 79
4 7 22 71
3 5 20 73
(192 620)

Arvore 40
3 9 10 77
4 9 28 60
8 9 4 84
0 2 20 69
2 5 16 74
3 6 46 46
2 3 30 63
1 9 51 43
4 7 22 71
(227 587)

Arvore 41
3 9 10 77
4 9 28 60
8 9 4 84
0 2 20 69
2 5 16 74
3 6 46 46
0 4 12 79
4 7 22 71
1 6 68 28
(226 588)

Arvore 42
3 9 10 77
4 9 28 60
8 9 4 84
0 2 20 69
2 5 16 74
1 8 30 61
3 6 46 46
4 7 22 71
5 8 28 67
(204 609)

Arvore 43
3 9 10 77
4 9 28 60
8 9 4 84
0 2 20 69
2 5 16 74
3 6 46 46
1 9 51 43
4 7 22 71
3 5 20 73
(217 597)

Arvore 44
3 9 10 77
4 9 28 60
8 9 4 84
0 2 20 69
1 8 30 61
3 6 46 46
0 4 12 79
4 7 22 71
5 8 28 67
(200 614)

Arvore 45
3 9 10 77
4 9 28 60
8 9 4 84
2 5 16 74
1 8 30 61
3 6 46 46
0 4 12 79
4 7 22 71
2 9 53 42
(221 594)

Arvore 46
3 9 10 77
4 9 28 60
8 9 4 84
0 2 20 69
2 5 16 74
1 8 30 61
3 6 46 46
4 7 22 71
4 5 40 57
(216 599)

Arvore 47
3 9 10 77
4 9 28 60
8 9 4 84
0 2 20 69
3 6 46 46
0 4 12 79
1 9 51 43
4 7 22 71
3 5 20 73
(213 602)

Arvore 48
4 9 28 60
3 9 10 77
2 4 56 37
3 6 46 46
0 2 20 69
1 8 30 61
1 9 51 43
2 5 16 74
4 7 22 71
(279 538)

Arvore 49
4 9 28 60
3 9 10 77
2 4 56 37
3 6 46 46
0 2 20 69
8 9 4 84
1 6 68 28
2 5 16 74
4 7 22 71
(270 546)

Arvore 50
4 9 28 60
3 9 10 77
2 4 56 37
3 6 46 46
0 2 20 69
8 9 4 84
1 9 51 43
2 5 16 74
4 7 22 71
(253 561)

Arvore 51
4 9 28 60
3 9 10 77
2 4 56 37
0 2 20 69
8 9 4 84
1 6 68 28
1 9 51 43
2 5 16 74
4 7 22 71
(275 543)

Arvore 52
4 9 28 60
2 4 56 37
3 6 46 46
0 2 20 69
1 8 30 61
8 9 4 84
1 6 68 28
2 5 16 74
4 7 22 71
(290 530)

Arvore 53
4 9 28 60
3 9 10 77
3 6 46 46
0 2 20 69
1 8 30 61
1 6 68 28
2 5 16 74
2 9 53 42
4 7 22 71
(293 528)

Arvore 54
4 9 28 60
3 9 10 77
3 6 46 46
0 2 20 69
1 8 30 61
8 9 4 84
2 5 16 74
1 2 69 28
4 7 22 71
(245 570)

Arvore 55
4 9 28 60
3 9 10 77
2 4 56 37
3 6 46 46
0 2 20 69
1 8 30 61
8 9 4 84
4 7 22 71
3 5 20 73
(236 578)

Arvore 56
4 9 28 60
3 9 10 77
3 6 46 46
0 2 20 69
1 8 30 61
1 9 51 43
2 5 16 74
1 2 69 28
4 7 22 71
(292 529)

Arvore 57
4 9 28 60
3 9 10 77
3 6 46 46
0 2 20 69
8 9 4 84
1 6 68 28
2 5 16 74
2 9 53 42
4 7 22 71
(267 551)

Arvore 58
4 9 28 60
3 9 10 77
2 4 56 37
3 6 46 46
0 2 20 69
1 8 30 61
1 9 51 43
4 7 22 71
3 5 20 73
(283 537)

Arvore 59
4 9 28 60
3 9 10 77
2 4 56 37
3 6 46 46
0 2 20 69
8 9 4 84
1 6 68 28
4 7 22 71
3 5 20 73
(274 545)

Arvore 60
4 9 28 60
3 9 10 77
3 6 46 46
0 2 20 69
8 9 4 84
1 9 51 43
2 5 16 74
2 9 53 42
4 7 22 71
(250 566)

Arvore 61
4 9 28 60
3 9 10 77
3 6 46 46
0 2 20 69
8 9 4 84
1 9 51 43
2 5 16 74
1 2 69 28
4 7 22 71
(266 552)

Arvore 62
4 9 28 60
3 9 10 77
2 4 56 37
3 6 46 46
0 2 20 69
8 9 4 84
1 9 51 43
4 7 22 71
3 5 20 73
(257 560)

Arvore 63
4 9 28 60
3 9 10 77
2 4 56 37
3 6 46 46
1 8 30 61
1 6 68 28
2 5 16 74
0 4 12 79
4 7 22 71
(288 533)

Arvore 64
4 9 28 60
3 9 10 77
2 4 56 37
3 6 46 46
8 9 4 84
1 6 68 28
2 5 16 74
0 4 12 79
4 7 22 71
(262 556)

Arvore 65
4 9 28 60
3 9 10 77
3 6 46 46
0 2 20 69
1 8 30 61
1 6 68 28
2 5 16 74
0 4 12 79
4 7 22 71
(252 565)

Arvore 66
4 9 28 60
3 9 10 77
3 6 46 46
0 2 20 69
8 9 4 84
1 6 68 28
2 5 16 74
2 3 30 63
4 7 22 71
(244 572)

Arvore 67
4 9 28 60
3 9 10 77
2 4 56 37
3 6 46 46
0 2 20 69
8 9 4 84
1 9 51 43
4 7 22 71
5 8 28 67
(265 554)

Arvore 68
4 9 28 60
3 6 46 46
0 2 20 69
1 8 30 61
8 9 4 84
1 6 68 28
2 5 16 74
2 9 53 42
4 7 22 71
(287 535)

Arvore 69
4 9 28 60
3 9 10 77
3 6 46 46
0 2 20 69
1 8 30 61
1 6 68 28
2 5 16 74
4 7 22 71
3 5 20 73
(260 559)

Arvore 70
4 9 28 60
3 9 10 77
3 6 46 46
0 2 20 69
1 8 30 61
1 9 51 43
2 5 16 74
4 7 22 71
3 5 20 73
(243 574)

Arvore 71
4 9 28 60
2 4 56 37
3 6 46 46
0 2 20 69
1 8 30 61
8 9 4 84
2 5 16 74
4 7 22 71
3 5 20 73
(242 575)

Arvore 72
4 9 28 60
3 9 10 77
0 2 20 69
8 9 4 84
1 6 68 28
1 9 51 43
2 5 16 74
2 3 30 63
4 7 22 71
(249 569)

Arvore 73
4 9 28 60
3 9 10 77
3 6 46 46
0 2 20 69
1 8 30 61
8 9 4 84
2 9 53 42
4 7 22 71
5 8 28 67
(241 577)

Arvore 74
4 9 28 60
2 4 56 37
3 6 46 46
3 9 10 77
0 2 20 69
1 9 51 43
4 8 91 9
2 5 16 74
4 7 22 71
(340 486)

Arvore 75
4 9 28 60
2 4 56 37
3 6 46 46
3 9 10 77
0 2 20 69
1 8 30 61
4 8 91 9
2 5 16 74
4 7 22 71
(319 504)

Arvore 76
4 9 28 60
2 4 56 37
3 6 46 46
1 6 68 28
0 2 20 69
1 9 51 43
1 8 30 61
2 5 16 74
4 7 22 71
(337 489)

Arvore 77
4 9 28 60
2 4 56 37
3 9 10 77
1 6 68 28
0 2 20 69
1 9 51 43
1 8 30 61
2 5 16 74
4 7 22 71
(301 520)

Arvore 78
4 9 28 60
2 4 56 37
3 6 46 46
1 6 68 28
0 2 20 69
1 8 30 61
1 2 69 28
2 5 16 74
4 7 22 71
(355 474)

Arvore 79
4 9 28 60
2 4 56 37
3 6 46 46
1 6 68 28
0 2 20 69
1 9 51 43
8 9 4 84
2 5 16 74
4 7 22 71
(311 512)

Arvore 80
4 9 28 60
3 6 46 46
3 9 10 77
1 6 68 28
0 2 20 69
1 8 30 61
1 2 69 28
2 5 16 74
4 7 22 71
(309 514)

Arvore 81
4 9 28 60
2 4 56 37
3 6 46 46
1 6 68 28
0 2 20 69
1 2 69 28
8 9 4 84
2 5 16 74
4 7 22 71
(329 497)

Arvore 82
4 9 28 60
2 4 56 37
3 6 46 46
3 9 10 77
1 6 68 28
0 2 20 69
1 8 30 61
4 7 22 71
3 5 20 73
(300 522)

Arvore 83
4 9 28 60
2 4 56 37
3 6 46 46
3 9 10 77
1 6 68 28
0 2 20 69
1 8 30 61
4 7 22 71
5 6 74 27
(354 476)

Arvore 84
4 9 28 60
3 6 46 46
3 9 10 77
0 2 20 69
1 9 51 43
4 8 91 9
1 2 69 28
2 5 16 74
4 7 22 71
(353 477)

Arvore 85
4 9 28 60
3 6 46 46
3 9 10 77
0 2 20 69
1 8 30 61
4 8 91 9
1 2 69 28
2 5 16 74
4 7 22 71
(332 495)

Arvore 86
4 9 28 60
2 4 56 37
3 6 46 46
3 9 10 77
1 9 51 43
1 8 30 61
2 5 16 74
0 9 92 10
4 7 22 71
(351 479)

Arvore 87
4 9 28 60
2 4 56 37
3 6 46 46
3 9 10 77
0 2 20 69
1 9 51 43
4 8 91 9
4 7 22 71
3 5 20 73
(344 485)

Arvore 88
4 9 28 60
2 4 56 37
3 6 46 46
3 9 10 77
0 2 20 69
1 8 30 61
4 8 91 9
4 7 22 71
3 5 20 73
(323 503)

Arvore 89
4 9 28 60
3 6 46 46
1 6 68 28
0 2 20 69
1 9 51 43
1 8 30 61
1 2 69 28
2 5 16 74
4 7 22 71
(350 480)

Arvore 90
4 9 28 60
3 6 46 46
3 9 10 77
0 2 20 69
1 8 30 61
4 8 91 9
2 9 53 42
2 5 16 74
4 7 22 71
(316 509)

Arvore 91
4 9 28 60
2 4 56 37
3 6 46 46
3 9 10 77
1 6 68 28
4 8 91 9
2 5 16 74
0 4 12 79
4 7 22 71
(349 481)

Arvore 92
4 9 28 60
2 4 56 37
3 6 46 46
3 9 10 77
1 6 68 28
0 2 20 69
1 8 30 61
4 7 22 71
5 8 28 67
(308 516)

Arvore 93
4 9 28 60
2 4 56 37
3 6 46 46
3 9 10 77
1 6 68 28
0 2 20 69
8 9 4 84
4 7 22 71
5 6 74 27
(328 499)

Arvore 94
4 9 28 60
3 9 10 77
1 6 68 28
0 2 20 69
1 9 51 43
1 8 30 61
1 2 69 28
2 5 16 74
4 7 22 71
(314 511)

Arvore 95
4 9 28 60
3 6 46 46
1 6 68 28
0 2 20 69
1 9 51 43
1 8 30 61
2 9 53 42
2 5 16 74
4 7 22 71
(334 494)

Arvore 96
4 9 28 60
2 4 56 37
3 6 46 46
3 9 10 77
1 6 68 28
0 2 20 69
1 8 30 61
2 5 16 74
6 7 72 32
(346 484)

Arvore 97
4 9 28 60
2 4 56 37
3 9 10 77
1 6 68 28
0 2 20 69
1 9 51 43
1 8 30 61
4 7 22 71
3 5 20 73
(305 519)

Arvore 98
4 9 28 60
2 4 56 37
3 6 46 46
3 9 10 77
1 9 51 43
8 9 4 84
2 5 16 74
0 9 92 10
4 7 22 71
(325 502)

Arvore 99
4 9 28 60
2 4 56 37
3 6 46 46
1 6 68 28
0 2 20 69
1 8 30 61
8 9 4 84
4 7 22 71
5 6 74 27
(348 483)

Arvore 100
4 9 28 60
2 4 56 37
3 6 46 46
1 6 68 28
4 8 91 9
1 9 51 43
0 2 20 69
2 5 16 74
4 7 22 71
(398 437)

Arvore 101
4 9 28 60
2 4 56 37
3 6 46 46
1 6 68 28
4 8 91 9
0 2 20 69
1 8 30 61
2 5 16 74
4 7 22 71
(377 455)

Arvore 102
4 9 28 60
2 4 56 37
1 6 68 28
4 8 91 9
3 9 10 77
1 2 69 28
0 2 20 69
2 5 16 74
4 7 22 71
(380 453)

Arvore 103
4 9 28 60
2 4 56 37
1 6 68 28
4 8 91 9
3 9 10 77
1 9 51 43
0 2 20 69
2 5 16 74
4 7 22 71
(362 468)

Arvore 104
4 9 28 60
2 4 56 37
3 6 46 46
1 6 68 28
4 8 91 9
3 9 10 77
0 2 20 69
5 6 74 27
4 7 22 71
(415 424)

Arvore 105
4 9 28 60
2 4 56 37
3 6 46 46
4 8 91 9
3 9 10 77
1 9 51 43
0 9 92 10
2 5 16 74
4 7 22 71
(412 427)

Arvore 106
4 9 28 60
3 6 46 46
1 6 68 28
4 8 91 9
3 9 10 77
1 2 69 28
0 2 20 69
2 5 16 74
4 7 22 71
(370 462)

Arvore 107
4 9 28 60
3 6 46 46
1 6 68 28
4 8 91 9
1 2 69 28
1 9 51 43
0 2 20 69
2 5 16 74
4 7 22 71
(411 428)

Arvore 108
4 9 28 60
2 4 56 37
3 6 46 46
1 6 68 28
3 9 10 77
1 8 30 61
0 9 92 10
2 5 16 74
4 7 22 71
(368 464)

Arvore 109
4 9 28 60
2 4 56 37
3 6 46 46
1 6 68 28
1 9 51 43
1 8 30 61
0 9 92 10
2 5 16 74
4 7 22 71
(409 430)

Arvore 110
4 9 28 60
2 4 56 37
3 6 46 46
1 6 68 28
1 9 51 43
0 2 20 69
1 8 30 61
2 5 16 74
2 7 82 22
(397 440)

Arvore 111
4 9 28 60
2 4 56 37
3 6 46 46
4 8 91 9
3 9 10 77
1 8 30 61
0 9 92 10
2 5 16 74
4 7 22 71
(391 445)

Arvore 112
4 9 28 60
2 4 56 37
3 6 46 46
1 6 68 28
4 8 91 9
3 9 10 77
0 2 20 69
4 7 22 71
3 5 20 73
(361 470)

Arvore 113
4 9 28 60
2 4 56 37
3 6 46 46
1 6 68 28
4 8 91 9
1 9 51 43
0 2 20 69
4 7 22 71
3 5 20 73
(402 436)

Arvore 114
4 9 28 60
3 6 46 46
1 6 68 28
4 8 91 9
1 2 69 28
0 2 20 69
1 8 30 61
2 5 16 74
4 7 22 71
(390 446)

Arvore 115
4 9 28 60
2 4 56 37
3 6 46 46
1 6 68 28
4 8 91 9
3 9 10 77
0 2 20 69
2 5 16 74
6 7 72 32
(407 432)

Arvore 116
4 9 28 60
2 4 56 37
3 6 46 46
1 6 68 28
1 9 51 43
0 2 20 69
1 8 30 61
5 6 74 27
4 7 22 71
(395 442)

Arvore 117
4 9 28 60
3 6 46 46
1 6 68 28
4 8 91 9
3 9 10 77
0 2 20 69
0 9 92 10
2 5 16 74
4 7 22 71
(393 444)

Arvore 118
4 9 28 60
1 6 68 28
4 8 91 9
3 9 10 77
1 2 69 28
1 9 51 43
0 2 20 69
2 5 16 74
4 7 22 71
(375 459)

Arvore 119
4 9 28 60
3 6 46 46
1 6 68 28
4 8 91 9
0 2 20 69
1 8 30 61
2 9 53 42
2 5 16 74
4 7 22 71
(374 460)

Arvore 120
4 9 28 60
2 4 56 37
1 6 68 28
3 9 10 77
1 9 51 43
1 8 30 61
0 9 92 10
2 5 16 74
4 7 22 71
(373 461)

Arvore 121
4 9 28 60
2 4 56 37
1 6 68 28
4 8 91 9
3 9 10 77
1 2 69 28
0 2 20 69
4 7 22 71
3 5 20 73
(384 452)

Arvore 122
4 9 28 60
2 4 56 37
1 6 68 28
4 8 91 9
3 9 10 77
1 9 51 43
0 2 20 69
4 7 22 71
3 5 20 73
(366 467)

Arvore 123
4 9 28 60
2 4 56 37
3 6 46 46
1 6 68 28
1 2 69 28
0 2 20 69
2 5 16 74
8 9 4 84
2 7 82 22
(389 448)

Arvore 124
4 9 28 60
2 4 56 37
3 6 46 46
1 6 68 28
1 2 69 28
0 2 20 69
1 8 30 61
2 5 16 74
6 7 72 32
(405 435)

Arvore 125
2 4 56 37
1 6 68 28
4 8 91 9
3 9 10 77
1 9 51 43
0 2 20 69
2 9 53 42
2 5 16 74
4 7 22 71
(387 450)

Arvore 126
4 9 28 60
2 4 56 37
1 6 68 28
4 8 91 9
3 9 10 77
1 9 51 43
0 2 20 69
4 7 22 71
4 5 40 57
(386 451)

Arvore 127
2 4 56 37
4 9 28 60
4 8 91 9
3 6 46 46
1 6 68 28
1 2 69 28
0 2 20 69
2 5 16 74
2 7 82 22
(476 373)

Arvore 128
2 4 56 37
4 9 28 60
4 8 91 9
3 6 46 46
1 6 68 28
1 9 51 43
0 9 92 10
2 5 16 74
4 7 22 71
(470 378)

Arvore 129
2 4 56 37
4 9 28 60
4 8 91 9
3 6 46 46
1 6 68 28
1 9 51 43
0 2 20 69
2 5 16 74
2 7 82 22
(458 388)

Arvore 130
2 4 56 37
4 9 28 60
4 8 91 9
3 6 46 46
1 6 68 28
1 2 69 28
0 2 20 69
5 6 74 27
4 7 22 71
(474 375)

Arvore 131
2 4 56 37
4 9 28 60
4 8 91 9
3 6 46 46
1 6 68 28
3 9 10 77
0 9 92 10
2 5 16 74
4 7 22 71
(429 412)

Arvore 132
2 4 56 37
4 9 28 60
4 8 91 9
3 6 46 46
1 6 68 28
1 9 51 43
0 2 20 69
5 6 74 27
4 7 22 71
(456 390)

Arvore 133
2 4 56 37
4 9 28 60
4 8 91 9
3 6 46 46
1 6 68 28
0 9 92 10
1 8 30 61
2 5 16 74
4 7 22 71
(449 396)

Arvore 134
2 4 56 37
4 9 28 60
4 8 91 9
3 6 46 46
1 6 68 28
3 9 10 77
0 9 92 10
5 6 74 27
4 7 22 71
(487 365)

Arvore 135
2 4 56 37
4 9 28 60
4 8 91 9
3 6 46 46
1 6 68 28
0 2 20 69
1 8 30 61
2 5 16 74
2 7 82 22
(437 406)

Arvore 136
2 4 56 37
4 9 28 60
4 8 91 9
1 6 68 28
1 2 69 28
3 9 10 77
0 9 92 10
2 5 16 74
4 7 22 71
(452 394)

Arvore 137
2 4 56 37
4 9 28 60
4 8 91 9
3 6 46 46
1 6 68 28
0 2 20 69
1 8 30 61
5 6 74 27
4 7 22 71
(435 408)

Arvore 138
2 4 56 37
4 9 28 60
4 8 91 9
1 6 68 28
1 2 69 28
3 9 10 77
0 2 20 69
2 5 16 74
2 7 82 22
(440 404)

Arvore 139
2 4 56 37
4 9 28 60
4 8 91 9
1 6 68 28
1 9 51 43
3 9 10 77
0 9 92 10
2 5 16 74
4 7 22 71
(434 409)

Arvore 140
2 4 56 37
4 8 91 9
3 6 46 46
1 6 68 28
1 2 69 28
1 9 51 43
0 2 20 69
2 5 16 74
4 7 22 71
(439 405)

Arvore 141
4 9 28 60
4 8 91 9
3 6 46 46
1 6 68 28
1 2 69 28
1 9 51 43
0 9 92 10
2 5 16 74
4 7 22 71
(483 369)

Arvore 142
2 4 56 37
4 9 28 60
4 8 91 9
1 6 68 28
1 9 51 43
3 9 10 77
0 2 20 69
2 5 16 74
2 7 82 22
(422 419)

Arvore 143
2 4 56 37
4 9 28 60
4 8 91 9
3 6 46 46
1 6 68 28
1 2 69 28
0 2 20 69
2 5 16 74
6 7 72 32
(466 383)

Arvore 144
2 4 56 37
4 9 28 60
3 6 46 46
1 6 68 28
1 2 69 28
0 9 92 10
1 8 30 61
2 5 16 74
4 7 22 71
(427 415)

Arvore 145
2 4 56 37
4 9 28 60
4 8 91 9
3 6 46 46
1 6 68 28
1 9 51 43
0 2 20 69
2 5 16 74
6 7 72 32
(448 398)

Arvore 146
2 4 56 37
4 9 28 60
4 8 91 9
3 6 46 46
1 6 68 28
1 2 69 28
0 2 20 69
4 7 22 71
3 5 20 73
(420 421)

Arvore 147
4 9 28 60
4 8 91 9
3 6 46 46
1 6 68 28
1 2 69 28
3 9 10 77
0 9 92 10
2 5 16 74
4 7 22 71
(442 403)

Arvore 148
2 4 56 37
4 9 28 60
3 6 46 46
1 6 68 28
1 9 51 43
0 9 92 10
1 8 30 61
2 5 16 74
2 7 82 22
(469 381)

Arvore 149
2 4 56 37
4 9 28 60
4 8 91 9
1 6 68 28
1 9 51 43
3 9 10 77
0 2 20 69
5 6 74 27
2 7 82 22
(480 372)

Arvore 150
2 4 56 37
4 9 28 60
3 6 46 46
1 6 68 28
1 2 69 28
0 9 92 10
1 8 30 61
5 6 74 27
4 7 22 71
(485 368)

Arvore 151
2 4 56 37
4 8 91 9
3 6 46 46
1 6 68 28
1 9 51 43
0 2 20 69
0 9 92 10
2 5 16 74
4 7 22 71
(462 387)

Arvore 152
2 4 56 37
4 9 28 60
4 8 91 9
3 6 46 46
1 6 68 28
3 9 10 77
0 9 92 10
4 7 22 71
3 5 20 73
(433 411)

Arvore 153
2 4 56 37
4 9 28 60
3 6 46 46
1 6 68 28
1 9 51 43
0 2 20 69
1 8 30 61
5 6 74 27
2 7 82 22
(455 393)

Arvore 154
2 4 56 37
4 9 28 60
4 8 91 9
3 6 46 46
1 6 68 28
1 9 51 43
0 9 92 10
4 7 22 71
5 8 28 67
(482 371)

Arvore 155
2 4 56 37
4 9 28 60
4 8 91 9
3 6 46 46
1 6 68 28
3 9 10 77
0 2 20 69
5 6 74 27
6 7 72 32
(465 385)

Arvore 156
4 9 28 60
4 8 91 9
3 6 46 46
1 6 68 28
3 9 10 77
0 9 92 10
2 9 53 42
2 5 16 74
4 7 22 71
(426 417)

Arvore 157
4 9 28 60
4 8 91 9
3 6 46 46
1 2 69 28
1 9 51 43
3 9 10 77
0 9 92 10
2 5 16 74
4 7 22 71
(425 418)

Arvore 158
4 9 28 60
4 8 91 9
1 6 68 28
1 2 69 28
1 9 51 43
3 9 10 77
0 9 92 10
2 5 16 74
4 7 22 71
(447 400)

Arvore 159
4 9 28 60
4 8 91 9
3 6 46 46
1 6 68 28
0 9 92 10
2 9 53 42
1 8 30 61
2 5 16 74
4 7 22 71
(446 401)

Arvore 160
2 4 56 37
4 9 28 60
4 8 91 9
1 6 68 28
3 6 46 46
1 9 51 43
0 9 92 10
2 5 16 74
2 7 82 22
(530 329)

Arvore 161
2 4 56 37
4 9 28 60
4 8 91 9
1 6 68 28
3 6 46 46
1 2 69 28
0 9 92 10
5 6 74 27
4 7 22 71
(546 316)

Arvore 162
2 4 56 37
4 9 28 60
4 8 91 9
1 6 68 28
3 6 46 46
1 2 69 28
0 2 20 69
5 6 74 27
2 7 82 22
(534 326)

Arvore 163
2 4 56 37
4 9 28 60
4 8 91 9
1 6 68 28
3 6 46 46
1 9 51 43
0 9 92 10
5 6 74 27
4 7 22 71
(528 331)

Arvore 164
2 4 56 37
4 9 28 60
4 8 91 9
1 6 68 28
3 6 46 46
1 9 51 43
0 2 20 69
5 6 74 27
2 7 82 22
(516 341)

Arvore 165
2 4 56 37
4 9 28 60
4 8 91 9
1 6 68 28
3 6 46 46
0 9 92 10
1 8 30 61
2 5 16 74
2 7 82 22
(509 347)

Arvore 166
2 4 56 37
4 9 28 60
4 8 91 9
1 6 68 28
3 6 46 46
0 9 92 10
1 8 30 61
5 6 74 27
4 7 22 71
(507 349)

Arvore 167
2 4 56 37
4 9 28 60
4 8 91 9
1 6 68 28
1 2 69 28
0 9 92 10
3 9 10 77
2 5 16 74
2 7 82 22
(512 345)

Arvore 168
2 4 56 37
4 9 28 60
4 8 91 9
1 6 68 28
3 6 46 46
0 2 20 69
1 8 30 61
5 6 74 27
2 7 82 22
(495 359)

Arvore 169
2 4 56 37
4 8 91 9
1 6 68 28
3 6 46 46
1 2 69 28
1 9 51 43
0 9 92 10
2 5 16 74
4 7 22 71
(511 346)

Arvore 170
2 4 56 37
4 9 28 60
4 8 91 9
1 6 68 28
3 6 46 46
1 2 69 28
0 9 92 10
2 5 16 74
6 7 72 32
(538 324)

Arvore 171
2 4 56 37
4 9 28 60
4 8 91 9
1 6 68 28
1 9 51 43
0 9 92 10
3 9 10 77
2 5 16 74
2 7 82 22
(494 360)

Arvore 172
4 9 28 60
4 8 91 9
1 6 68 28
3 6 46 46
1 2 69 28
1 9 51 43
0 9 92 10
2 5 16 74
2 7 82 22
(543 320)

Arvore 173
2 4 56 37
4 8 91 9
1 6 68 28
3 6 46 46
1 2 69 28
1 9 51 43
0 2 20 69
2 5 16 74
2 7 82 22
(499 356)

Arvore 174
2 4 56 37
4 9 28 60
4 8 91 9
1 6 68 28
3 6 46 46
1 9 51 43
0 9 92 10
2 5 16 74
6 7 72 32
(520 339)

Arvore 175
2 4 56 37
4 9 28 60
4 8 91 9
1 6 68 28
1 2 69 28
3 9 10 77
0 2 20 69
5 6 74 27
2 7 82 22
(498 357)

Arvore 176
2 4 56 37
4 9 28 60
4 8 91 9
1 6 68 28
1 9 51 43
0 9 92 10
3 9 10 77
5 6 74 27
4 7 22 71
(492 362)

Arvore 177
4 9 28 60
4 8 91 9
1 6 68 28
3 6 46 46
1 2 69 28
1 9 51 43
0 9 92 10
5 6 74 27
4 7 22 71
(541 322)

Arvore 178
2 4 56 37
4 8 91 9
1 6 68 28
3 6 46 46
1 2 69 28
1 9 51 43
0 2 20 69
5 6 74 27
4 7 22 71
(497 358)

Arvore 179
2 4 56 37
4 9 28 60
4 8 91 9
1 6 68 28
3 6 46 46
1 2 69 28
0 2 20 69
5 6 74 27
6 7 72 32
(524 336)

Arvore 180
4 9 28 60
4 8 91 9
1 6 68 28
3 6 46 46
1 2 69 28
0 9 92 10
3 9 10 77
2 5 16 74
2 7 82 22
(502 354)

Arvore 181
2 4 56 37
4 8 91 9
1 6 68 28
3 6 46 46
1 2 69 28
0 9 92 10
0 2 20 69
2 5 16 74
2 7 82 22
(540 323)

Arvore 182
4 9 28 60
4 8 91 9
1 6 68 28
3 6 46 46
1 2 69 28
0 9 92 10
2 9 53 42
2 5 16 74
2 7 82 22
(545 319)

Arvore 183
2 4 56 37
4 8 91 9
1 6 68 28
3 6 46 46
1 2 69 28
2 9 53 42
0 2 20 69
2 5 16 74
2 7 82 22
(501 355)

Arvore 184
2 4 56 37
4 9 28 60
4 8 91 9
1 6 68 28
3 6 46 46
1 9 51 43
0 2 20 69
5 6 74 27
6 7 72 32
(506 351)

Arvore 185
4 9 28 60
4 8 91 9
1 6 68 28
3 6 46 46
1 2 69 28
0 9 92 10
1 8 30 61
2 5 16 74
2 7 82 22
(522 338)

Arvore 186
2 4 56 37
4 9 28 60
1 6 68 28
3 6 46 46
1 9 51 43
0 9 92 10
1 8 30 61
5 6 74 27
2 7 82 22
(527 334)

Arvore 187
4 9 28 60
4 8 91 9
1 6 68 28
1 2 69 28
1 9 51 43
0 9 92 10
3 9 10 77
5 6 74 27
4 7 22 71
(505 353)

Arvore 188
2 4 56 37
4 9 28 60
4 8 91 9
1 6 68 28
3 6 46 46
1 9 51 43
0 9 92 10
5 6 74 27
2 7 82 22
(588 282)

Arvore 189
2 4 56 37
4 9 28 60
4 8 91 9
1 6 68 28
3 6 46 46
0 9 92 10
1 8 30 61
5 6 74 27
2 7 82 22
(567 300)

Arvore 190
2 4 56 37
4 8 91 9
1 6 68 28
3 6 46 46
1 2 69 28
1 9 51 43
0 9 92 10
2 5 16 74
2 7 82 22
(571 297)

Arvore 191
2 4 56 37
4 9 28 60
4 8 91 9
1 6 68 28
1 2 69 28
0 9 92 10
3 9 10 77
5 6 74 27
2 7 82 22
(570 298)

Arvore 192
2 4 56 37
4 9 28 60
4 8 91 9
1 6 68 28
3 6 46 46
1 2 69 28
0 9 92 10
5 6 74 27
6 7 72 32
(596 277)

Arvore 193
4 9 28 60
4 8 91 9
1 6 68 28
3 6 46 46
1 2 69 28
1 9 51 43
0 9 92 10
5 6 74 27
2 7 82 22
(601 273)

Arvore 194
2 4 56 37
4 8 91 9
1 6 68 28
3 6 46 46
1 2 69 28
1 9 51 43
0 9 92 10
5 6 74 27
4 7 22 71
(569 299)

Arvore 195
2 4 56 37
4 9 28 60
4 8 91 9
1 6 68 28
3 6 46 46
1 2 69 28
0 9 92 10
2 7 82 22
3 5 20 73
(552 313)

Arvore 196
2 4 56 37
4 8 91 9
1 6 68 28
3 6 46 46
1 2 69 28
0 9 92 10
2 9 53 42
2 5 16 74
2 7 82 22
(573 296)

Arvore 197
2 4 56 37
4 8 91 9
1 6 68 28
3 6 46 46
1 2 69 28
1 9 51 43
0 2 20 69
5 6 74 27
2 7 82 22
(557 309)

Arvore 198
2 4 56 37
4 9 28 60
4 8 91 9
1 6 68 28
3 6 46 46
1 9 51 43
0 9 92 10
5 6 74 27
6 7 72 32
(578 292)

Arvore 199
2 4 56 37
4 8 91 9
1 6 68 28
3 6 46 46
1 2 69 28
0 9 92 10
0 2 20 69
5 6 74 27
2 7 82 22
(598 276)

Arvore 200
2 4 56 37
4 9 28 60
4 8 91 9
1 6 68 28
3 6 46 46
1 2 69 28
0 9 92 10
2 5 16 74
3 7 95 14
(561 306)

Arvore 201
4 9 28 60
4 8 91 9
1 6 68 28
3 6 46 46
1 2 69 28
0 9 92 10
2 9 53 42
5 6 74 27
2 7 82 22
(603 272)

Arvore 202
2 4 56 37
4 8 91 9
1 6 68 28
3 6 46 46
1 9 51 43
0 9 92 10
2 9 53 42
2 5 16 74
2 7 82 22
(555 311)

Arvore 203
2 4 56 37
4 9 28 60
4 8 91 9
1 6 68 28
3 6 46 46
1 2 69 28
0 9 92 10
2 7 82 22
5 8 28 67
(560 307)

Arvore 204
2 4 56 37
4 9 28 60
4 8 91 9
1 6 68 28
3 6 46 46
1 9 51 43
0 9 92 10
2 7 82 22
4 5 40 57
(554 312)

Arvore 205
2 4 56 37
4 8 91 9
1 6 68 28
3 6 46 46
1 2 69 28
2 9 53 42
0 2 20 69
5 6 74 27
2 7 82 22
(559 308)

Arvore 206
4 9 28 60
4 8 91 9
1 6 68 28
3 6 46 46
1 2 69 28
0 9 92 10
1 8 30 61
5 6 74 27
2 7 82 22
(580 291)

Arvore 207
4 9 28 60
4 8 91 9
1 6 68 28
3 6 46 46
1 9 51 43
0 9 92 10
2 9 53 42
5 6 74 27
2 7 82 22
(585 287)

Arvore 208
2 4 56 37
4 8 91 9
1 6 68 28
1 2 69 28
1 9 51 43
0 9 92 10
3 9 10 77
5 6 74 27
2 7 82 22
(593 281)

Arvore 209
4 9 28 60
4 8 91 9
1 6 68 28
1 2 69 28
1 9 51 43
0 9 92 10
3 9 10 77
5 6 74 27
2 7 82 22
(565 304)

Arvore 210
4 9 28 60
4 8 91 9
1 6 68 28
3 6 46 46
0 9 92 10
2 9 53 42
1 8 30 61
5 6 74 27
2 7 82 22
(564 305)

Arvore 211
2 4 56 37
4 8 91 9
1 6 68 28
3 6 46 46
1 2 69 28
1 9 51 43
0 9 92 10
2 7 82 22
4 5 40 57
(595 280)

Arvore 212
2 4 56 37
4 8 91 9
1 6 68 28
3 6 46 46
1 2 69 28
1 9 51 43
0 9 92 10
2 5 16 74
3 7 95 14
(584 289)

Arvore 213
2 4 56 37
4 8 91 9
1 6 68 28
3 6 46 46
1 2 69 28
1 9 51 43
0 9 92 10
2 7 82 22
5 8 28 67
(583 290)

Arvore 214
2 4 56 37
4 8 91 9
1 6 68 28
1 9 51 43
0 9 92 10
2 9 53 42
3 9 10 77
5 6 74 27
2 7 82 22
(577 295)

Arvore 215
4 8 91 9
0 9 92 10
1 6 68 28
2 4 56 37
1 2 69 28
3 6 46 46
4 9 28 60
5 6 74 27
3 7 95 14
(619 259)

Arvore 216
4 8 91 9
0 9 92 10
1 6 68 28
2 4 56 37
3 6 46 46
1 9 51 43
2 9 53 42
5 6 74 27
2 7 82 22
(613 264)

Arvore 217
4 8 91 9
0 9 92 10
1 6 68 28
2 4 56 37
3 6 46 46
1 9 51 43
2 9 53 42
5 6 74 27
3 7 95 14
(626 256)

Arvore 218
4 8 91 9
0 9 92 10
1 6 68 28
2 4 56 37
1 2 69 28
3 6 46 46
4 9 28 60
5 6 74 27
1 7 94 17
(618 262)

Arvore 219
4 8 91 9
0 9 92 10
1 6 68 28
1 2 69 28
3 6 46 46
4 9 28 60
5 6 74 27
2 7 82 22
3 4 75 28
(625 258)

Arvore 220
4 8 91 9
0 9 92 10
1 6 68 28
1 2 69 28
2 4 56 37
5 6 74 27
2 7 82 22
3 6 46 46
0 3 97 13
(675 220)

Arvore 221
4 8 91 9
0 9 92 10
1 6 68 28
1 2 69 28
2 4 56 37
5 6 74 27
2 7 82 22
3 6 46 46
2 9 53 42
(631 249)

Arvore 222
4 8 91 9
0 9 92 10
1 6 68 28
1 2 69 28
2 4 56 37
5 6 74 27
3 6 46 46
3 7 95 14
1 9 51 43
(642 242)

Arvore 223
4 8 91 9
0 9 92 10
1 6 68 28
1 2 69 28
2 4 56 37
5 6 74 27
3 6 46 46
3 7 95 14
2 9 53 42
(644 241)

Arvore 224
4 8 91 9
0 9 92 10
1 6 68 28
1 2 69 28
2 4 56 37
5 6 74 27
2 7 82 22
1 9 51 43
3 4 75 28
(658 232)

Arvore 225
4 8 91 9
0 9 92 10
1 6 68 28
1 2 69 28
2 4 56 37
5 6 74 27
2 7 82 22
2 9 53 42
3 4 75 28
(660 231)

Arvore 226
4 8 91 9
0 9 92 10
1 6 68 28
1 2 69 28
2 4 56 37
5 6 74 27
3 7 95 14
1 9 51 43
3 4 75 28
(671 224)

Arvore 227
4 8 91 9
0 9 92 10
1 6 68 28
1 2 69 28
2 4 56 37
5 6 74 27
3 7 95 14
2 9 53 42
3 4 75 28
(673 223)

Arvore 228
4 8 91 9
0 9 92 10
1 6 68 28
1 2 69 28
2 4 56 37
5 6 74 27
2 7 82 22
3 7 95 14
4 9 28 60
(655 235)

Arvore 229
4 8 91 9
0 9 92 10
1 6 68 28
1 2 69 28
2 4 56 37
5 6 74 27
2 7 82 22
0 3 97 13
4 9 28 60
(657 234)

Arvore 230
4 8 91 9
0 9 92 10
1 6 68 28
1 2 69 28
2 4 56 37
5 6 74 27
2 7 82 22
3 6 46 46
0 8 90 20
(668 227)

Arvore 231
4 8 91 9
0 9 92 10
1 6 68 28
1 2 69 28
2 4 56 37
5 6 74 27
3 7 95 14
0 3 97 13
4 9 28 60
(670 226)

Arvore 232
4 8 91 9
0 9 92 10
1 6 68 28
1 2 69 28
2 4 56 37
5 6 74 27
3 6 46 46
1 9 51 43
1 7 94 17
(641 245)

Arvore 233
4 8 91 9
0 9 92 10
1 6 68 28
1 2 69 28
2 4 56 37
5 6 74 27
3 6 46 46
0 3 97 13
6 7 72 32
(665 230)

Arvore 234
4 8 91 9
0 9 92 10
1 6 68 28
1 2 69 28
5 6 74 27
2 7 82 22
3 6 46 46
2 9 53 42
3 4 75 28
(650 240)

Arvore 235
4 8 91 9
0 9 92 10
1 6 68 28
2 4 56 37
5 6 74 27
2 7 82 22
3 6 46 46
1 9 51 43
1 7 94 17
(654 239)

Arvore 236
4 8 91 9
0 9 92 10
1 6 68 28
1 2 69 28
2 4 56 37
5 6 74 27
2 7 82 22
3 7 95 14
2 9 53 42
(680 217)

Arvore 237
4 8 91 9
0 9 92 10
1 6 68 28
1 2 69 28
2 4 56 37
5 6 74 27
3 7 95 14
3 6 46 46
0 3 97 13
(688 212)

Arvore 238
4 8 91 9
0 9 92 10
1 6 68 28
1 2 69 28
2 4 56 37
5 6 74 27
2 7 82 22
0 3 97 13
2 9 53 42
(682 216)

Arvore 239
4 8 91 9
0 9 92 10
1 6 68 28
1 2 69 28
2 4 56 37
5 6 74 27
3 7 95 14
1 9 51 43
0 3 97 13
(693 209)

Arvore 240
4 8 91 9
0 9 92 10
1 6 68 28
1 2 69 28
2 4 56 37
5 6 74 27
2 7 82 22
0 3 97 13
3 4 75 28
(704 202)

Arvore 241
4 8 91 9
0 9 92 10
1 6 68 28
1 2 69 28
2 4 56 37
5 6 74 27
3 7 95 14
0 3 97 13
2 9 53 42
(695 208)

Arvore 242
4 8 91 9
0 9 92 10
1 6 68 28
1 2 69 28
2 4 56 37
5 6 74 27
3 7 95 14
0 3 97 13
3 4 75 28
(717 194)

Arvore 243
4 8 91 9
0 9 92 10
1 6 68 28
1 2 69 28
2 4 56 37
5 6 74 27
3 6 46 46
0 3 97 13
1 7 94 17
(687 215)

Arvore 244
4 8 91 9
0 9 92 10
1 6 68 28
2 4 56 37
5 6 74 27
2 7 82 22
3 7 95 14
3 6 46 46
0 3 97 13
(701 206)

Arvore 245
4 8 91 9
0 9 92 10
1 6 68 28
1 2 69 28
2 4 56 37
5 6 74 27
3 7 95 14
0 3 97 13
6 7 72 32
(714 198)

Arvore 246
4 8 91 9
0 9 92 10
1 6 68 28
1 2 69 28
2 4 56 37
5 6 74 27
0 3 97 13
3 4 75 28
1 7 94 17
(716 197)

Arvore 247
4 8 91 9
0 9 92 10
1 6 68 28
1 2 69 28
2 4 56 37
5 6 74 27
3 7 95 14
3 4 75 28
0 8 90 20
(710 201)

Arvore 248
4 8 91 9
0 9 92 10
1 6 68 28
1 2 69 28
5 6 74 27
3 7 95 14
1 9 51 43
0 3 97 13
3 4 75 28
(712 200)

Arvore 249
4 8 91 9
0 9 92 10
3 7 95 14
0 3 97 13
1 6 68 28
1 2 69 28
2 7 82 22
5 6 74 27
3 4 75 28
(743 179)

Arvore 250
4 8 91 9
0 9 92 10
3 7 95 14
0 3 97 13
1 6 68 28
1 2 69 28
5 6 74 27
1 7 94 17
2 4 56 37
(736 183)

Arvore 251
4 8 91 9
0 9 92 10
3 7 95 14
0 3 97 13
1 6 68 28
2 7 82 22
5 6 74 27
1 7 94 17
2 4 56 37
(749 177)

Arvore 252
4 8 91 9
0 9 92 10
3 7 95 14
0 3 97 13
1 6 68 28
1 2 69 28
5 6 74 27
1 7 94 17
3 4 75 28
(755 174)

Arvore 253
4 8 91 9
0 9 92 10
3 7 95 14
0 3 97 13
1 6 68 28
2 7 82 22
5 6 74 27
2 6 98 15
2 4 56 37
(753 175)

Arvore 254
4 8 91 9
0 9 92 10
3 7 95 14
0 3 97 13
1 6 68 28
1 2 69 28
5 6 74 27
2 4 56 37
0 8 90 20
(732 186)

Arvore 255
4 8 91 9
0 9 92 10
0 3 97 13
3 7 95 14
1 6 68 28
2 7 82 22
1 7 94 17
5 6 74 27
0 8 90 20
(783 160)

Arvore 256
4 8 91 9
0 9 92 10
0 3 97 13
3 7 95 14
1 6 68 28
1 2 69 28
1 7 94 17
5 6 74 27
0 8 90 20
(770 166)

Arvore 257
4 8 91 9
0 9 92 10
0 3 97 13
3 7 95 14
1 6 68 28
2 7 82 22
1 7 94 17
5 6 74 27
3 4 75 28
(768 168)

Arvore 258
4 8 91 9
0 9 92 10
0 3 97 13
3 7 95 14
1 6 68 28
2 6 98 15
1 7 94 17
5 6 74 27
2 4 56 37
(765 170)

Arvore 259
4 8 91 9
0 9 92 10
0 3 97 13
3 7 95 14
2 7 82 22
2 6 98 15
1 7 94 17
5 6 74 27
2 4 56 37
(779 164)

Arvore 260
4 8 91 9
0 9 92 10
0 3 97 13
3 7 95 14
2 6 98 15
1 6 68 28
1 7 94 17
0 8 90 20
5 6 74 27
(799 153)

Arvore 261
4 8 91 9
0 9 92 10
0 3 97 13
3 7 95 14
2 6 98 15
2 7 82 22
1 7 94 17
5 6 74 27
3 4 75 28
(798 155)

