Fim da primeira fase ... 
0
Fim da segunda fase ... 
8
0.08
Total: 0.08
Suportadas = 15
Nao suportadas = 51
TOTAL DE SOLUCOES = 66

SUPORTADAS: 

Arvore 1
1 6 7 68
1 5 10 63
6 9 11 72
0 7 13 69
1 7 13 75
2 7 15 55
3 9 20 64
1 4 21 51
5 8 26 53
(136 570)

Arvore 2
1 6 7 68
1 5 10 63
2 7 15 55
6 9 11 72
0 7 13 69
2 9 21 44
1 4 21 51
3 9 20 64
5 8 26 53
(144 539)

Arvore 3
2 9 21 44
2 7 15 55
1 5 10 63
1 6 7 68
1 4 21 51
0 7 13 69
3 4 23 55
6 9 11 72
5 8 26 53
(147 530)

Arvore 4
2 9 21 44
2 7 15 55
1 4 21 51
1 5 10 63
1 6 7 68
4 7 32 45
3 4 23 55
5 8 26 53
0 7 13 69
(168 503)

Arvore 5
2 9 21 44
2 7 15 55
1 4 21 51
1 5 10 63
4 7 32 45
1 6 7 68
1 8 51 28
3 4 23 55
0 2 41 41
(221 450)

Arvore 6
2 9 21 44
1 8 51 28
2 7 15 55
1 4 21 51
4 7 32 45
1 5 10 63
0 2 41 41
3 4 23 55
2 6 73 19
(287 401)

Arvore 7
2 9 21 44
1 8 51 28
2 7 15 55
1 4 21 51
4 7 32 45
0 9 70 20
2 6 73 19
1 5 10 63
3 4 23 55
(316 380)

Arvore 8
2 9 21 44
1 8 51 28
0 9 70 20
2 6 73 19
1 4 21 51
2 7 15 55
4 7 32 45
5 8 26 53
3 4 23 55
(332 370)

Arvore 9
1 8 51 28
2 9 21 44
0 9 70 20
2 6 73 19
6 8 77 19
4 7 32 45
1 4 21 51
5 8 26 53
3 4 23 55
(394 334)

Arvore 10
2 6 73 19
0 9 70 20
6 8 77 19
1 8 51 28
2 9 21 44
4 7 32 45
5 7 62 40
1 4 21 51
3 4 23 55
(430 321)

Arvore 11
2 6 73 19
0 9 70 20
6 8 77 19
1 8 51 28
2 9 21 44
4 7 32 45
5 7 62 40
4 6 99 35
3 4 23 55
(508 305)

Arvore 12
2 6 73 19
0 9 70 20
6 8 77 19
1 8 51 28
0 2 41 41
5 7 62 40
4 6 99 35
4 7 32 45
3 4 23 55
(528 302)

Arvore 13
2 6 73 19
6 8 77 19
0 9 70 20
1 8 51 28
4 6 99 35
0 2 41 41
5 7 62 40
4 7 32 45
3 7 96 46
(601 293)

Arvore 14
2 6 73 19
6 8 77 19
0 9 70 20
1 8 51 28
4 6 99 35
5 7 62 40
0 2 41 41
7 8 88 42
3 7 96 46
(657 290)

Arvore 15
2 6 73 19
6 8 77 19
0 9 70 20
1 8 51 28
4 6 99 35
5 7 62 40
0 4 82 40
7 8 88 42
3 7 96 46
(698 289)


NAO SUPORTADAS: 
Arvore 16
1 6 7 68
1 5 10 63
2 7 15 55
6 9 11 72
0 7 13 69
1 7 13 75
1 4 21 51
3 4 23 55
5 8 26 53
(139 561)

Arvore 17
1 6 7 68
1 5 10 63
6 9 11 72
0 7 13 69
2 9 21 44
1 7 13 75
1 4 21 51
3 9 20 64
5 8 26 53
(142 559)

Arvore 18
2 9 21 44
2 7 15 55
1 5 10 63
1 6 7 68
1 4 21 51
3 4 23 55
0 7 13 69
5 8 26 53
3 9 20 64
(156 522)

Arvore 19
2 9 21 44
2 7 15 55
1 5 10 63
1 6 7 68
1 4 21 51
0 7 13 69
4 7 32 45
5 8 26 53
3 9 20 64
(165 512)

Arvore 20
2 9 21 44
1 5 10 63
1 6 7 68
1 4 21 51
3 4 23 55
0 7 13 69
6 9 11 72
4 7 32 45
5 8 26 53
(164 520)

Arvore 21
2 9 21 44
2 7 15 55
1 4 21 51
1 5 10 63
1 6 7 68
4 7 32 45
3 4 23 55
1 8 51 28
0 7 13 69
(193 478)

Arvore 22
2 9 21 44
2 7 15 55
1 4 21 51
1 5 10 63
1 6 7 68
4 7 32 45
3 4 23 55
5 8 26 53
0 2 41 41
(196 475)

Arvore 23
2 9 21 44
2 7 15 55
1 4 21 51
1 5 10 63
1 6 7 68
3 4 23 55
5 8 26 53
0 2 41 41
6 9 11 72
(175 502)

Arvore 24
2 9 21 44
2 7 15 55
1 4 21 51
1 5 10 63
1 6 7 68
4 7 32 45
1 8 51 28
0 7 13 69
3 9 20 64
(190 487)

Arvore 25
2 9 21 44
2 7 15 55
1 4 21 51
1 6 7 68
4 7 32 45
3 4 23 55
5 8 26 53
1 8 51 28
0 7 13 69
(209 468)

Arvore 26
2 9 21 44
2 7 15 55
1 4 21 51
1 5 10 63
1 6 7 68
4 7 32 45
1 8 51 28
0 2 41 41
3 9 20 64
(218 459)

Arvore 27
2 9 21 44
2 7 15 55
1 4 21 51
1 5 10 63
1 6 7 68
4 7 32 45
3 4 23 55
1 8 51 28
0 5 37 52
(217 461)

Arvore 28
2 9 21 44
2 7 15 55
1 4 21 51
1 5 10 63
1 6 7 68
3 4 23 55
1 8 51 28
0 7 13 69
3 9 20 64
(181 497)

Arvore 29
2 9 21 44
2 7 15 55
1 4 21 51
1 5 10 63
1 6 7 68
4 7 32 45
3 4 23 55
5 8 26 53
0 5 37 52
(192 486)

Arvore 30
2 9 21 44
2 7 15 55
1 4 21 51
1 5 10 63
1 6 7 68
3 4 23 55
5 8 26 53
0 2 41 41
3 9 20 64
(184 494)

Arvore 31
2 9 21 44
2 7 15 55
1 4 21 51
1 6 7 68
3 4 23 55
5 8 26 53
1 8 51 28
0 2 41 41
6 9 11 72
(216 467)

Arvore 32
2 9 21 44
1 8 51 28
2 7 15 55
1 4 21 51
4 7 32 45
1 5 10 63
0 9 70 20
3 4 23 55
1 6 7 68
(250 429)

Arvore 33
2 9 21 44
1 8 51 28
2 7 15 55
1 4 21 51
4 7 32 45
0 2 41 41
3 4 23 55
5 8 26 53
1 6 7 68
(237 440)

Arvore 34
2 9 21 44
1 8 51 28
2 7 15 55
1 4 21 51
4 7 32 45
0 9 70 20
3 4 23 55
5 8 26 53
1 6 7 68
(266 419)

Arvore 35
2 9 21 44
1 8 51 28
2 7 15 55
1 4 21 51
1 5 10 63
0 2 41 41
3 4 23 55
1 6 7 68
2 6 73 19
(262 424)

Arvore 36
2 9 21 44
1 8 51 28
2 7 15 55
1 4 21 51
0 2 41 41
3 4 23 55
5 8 26 53
1 6 7 68
2 6 73 19
(278 414)

Arvore 37
2 9 21 44
1 8 51 28
2 7 15 55
4 7 32 45
1 5 10 63
0 2 41 41
3 4 23 55
1 6 7 68
2 6 73 19
(273 418)

Arvore 38
2 9 21 44
1 8 51 28
2 7 15 55
1 4 21 51
4 7 32 45
1 5 10 63
0 2 41 41
2 6 73 19
3 9 20 64
(284 410)

Arvore 39
2 9 21 44
1 8 51 28
2 7 15 55
1 4 21 51
4 7 32 45
1 5 10 63
0 9 70 20
1 6 7 68
3 9 20 64
(247 438)

Arvore 40
2 9 21 44
1 8 51 28
2 7 15 55
1 4 21 51
4 7 32 45
1 5 10 63
3 4 23 55
2 6 73 19
0 5 37 52
(283 412)

Arvore 41
2 9 21 44
1 8 51 28
2 7 15 55
1 4 21 51
4 7 32 45
0 2 41 41
5 8 26 53
1 6 7 68
3 9 20 64
(234 449)

Arvore 42
2 9 21 44
1 8 51 28
2 7 15 55
1 4 21 51
4 7 32 45
0 2 41 41
3 4 23 55
5 8 26 53
2 6 73 19
(303 391)

Arvore 43
2 9 21 44
1 8 51 28
2 7 15 55
1 4 21 51
4 7 32 45
1 5 10 63
0 9 70 20
2 6 73 19
3 9 20 64
(313 389)

Arvore 44
2 9 21 44
1 8 51 28
2 7 15 55
4 7 32 45
1 5 10 63
0 9 70 20
3 4 23 55
2 6 73 19
1 6 7 68
(302 397)

Arvore 45
2 9 21 44
1 8 51 28
2 7 15 55
1 4 21 51
4 7 32 45
0 2 41 41
5 8 26 53
2 6 73 19
3 9 20 64
(300 400)

Arvore 46
2 9 21 44
1 8 51 28
0 9 70 20
1 4 21 51
2 7 15 55
2 6 73 19
4 7 32 45
5 8 26 53
3 9 20 64
(329 379)

Arvore 47
2 9 21 44
1 8 51 28
0 9 70 20
2 6 73 19
1 4 21 51
2 7 15 55
6 8 77 19
5 8 26 53
3 4 23 55
(377 344)

Arvore 48
2 9 21 44
1 8 51 28
0 9 70 20
2 6 73 19
4 7 32 45
2 7 15 55
6 8 77 19
5 8 26 53
3 4 23 55
(388 338)

Arvore 49
2 9 21 44
1 8 51 28
0 9 70 20
2 6 73 19
1 4 21 51
2 7 15 55
6 8 77 19
3 4 23 55
1 5 10 63
(361 354)

Arvore 50
2 9 21 44
1 8 51 28
0 9 70 20
2 6 73 19
4 7 32 45
2 7 15 55
6 8 77 19
3 4 23 55
1 5 10 63
(372 348)

Arvore 51
2 9 21 44
1 8 51 28
2 6 73 19
1 4 21 51
2 7 15 55
6 8 77 19
0 2 41 41
5 8 26 53
3 4 23 55
(348 365)

Arvore 52
2 9 21 44
1 8 51 28
2 6 73 19
4 7 32 45
2 7 15 55
6 8 77 19
0 2 41 41
5 8 26 53
3 4 23 55
(359 359)

Arvore 53
2 9 21 44
1 8 51 28
0 9 70 20
2 6 73 19
1 4 21 51
4 7 32 45
2 7 15 55
3 4 23 55
0 5 37 52
(343 369)

Arvore 54
2 9 21 44
0 9 70 20
2 6 73 19
1 4 21 51
4 7 32 45
2 7 15 55
6 8 77 19
5 8 26 53
3 4 23 55
(358 361)

Arvore 55
0 9 70 20
2 6 73 19
1 8 51 28
6 8 77 19
2 9 21 44
4 7 32 45
2 7 15 55
5 7 62 40
3 4 23 55
(424 325)

Arvore 56
0 9 70 20
2 6 73 19
1 8 51 28
6 8 77 19
2 9 21 44
4 7 32 45
1 4 21 51
3 4 23 55
0 5 37 52
(405 333)

Arvore 57
0 9 70 20
2 6 73 19
1 8 51 28
6 8 77 19
2 9 21 44
1 4 21 51
2 7 15 55
5 7 62 40
3 4 23 55
(413 331)

Arvore 58
2 6 73 19
0 9 70 20
6 8 77 19
1 8 51 28
2 9 21 44
4 7 32 45
5 7 62 40
2 4 57 44
3 4 23 55
(466 314)

Arvore 59
2 6 73 19
0 9 70 20
6 8 77 19
1 8 51 28
2 9 21 44
4 7 32 45
5 7 62 40
6 7 55 45
3 4 23 55
(464 315)

Arvore 60
2 6 73 19
0 9 70 20
6 8 77 19
1 8 51 28
0 2 41 41
4 7 32 45
5 7 62 40
1 4 21 51
3 4 23 55
(450 318)

Arvore 61
2 6 73 19
0 9 70 20
6 8 77 19
1 8 51 28
0 2 41 41
4 7 32 45
5 7 62 40
2 4 57 44
3 4 23 55
(486 311)

Arvore 62
2 6 73 19
0 9 70 20
6 8 77 19
1 8 51 28
2 9 21 44
4 7 32 45
5 7 62 40
0 4 82 40
3 4 23 55
(491 310)

Arvore 63
2 6 73 19
0 9 70 20
6 8 77 19
1 8 51 28
0 2 41 41
4 7 32 45
5 7 62 40
6 7 55 45
3 4 23 55
(484 312)

Arvore 64
2 6 73 19
6 8 77 19
0 9 70 20
1 8 51 28
2 9 21 44
4 6 99 35
5 7 62 40
4 7 32 45
3 7 96 46
(581 296)

Arvore 65
2 6 73 19
6 8 77 19
0 9 70 20
1 8 51 28
2 9 21 44
5 7 62 40
4 7 32 45
0 4 82 40
3 7 96 46
(564 301)

Arvore 66
2 6 73 19
6 8 77 19
0 9 70 20
1 8 51 28
4 6 99 35
5 7 62 40
0 4 82 40
4 7 32 45
3 7 96 46
(642 292)

