Fim da primeira fase ... 
0
Fim da segunda fase ... 
1
0.01
Total: 0.01
Suportadas = 22
Nao suportadas = 58
TOTAL DE SOLUCOES = 80

SUPORTADAS: 

Arvore 1
4 8 1 62
1 9 1 84
4 9 1 99
3 8 6 70
4 5 7 64
7 11 9 93
4 7 11 53
0 6 13 39
9 10 15 95
3 6 18 77
2 9 35 91
(117 827)

Arvore 2
4 8 1 62
1 9 1 84
1 8 4 31
3 8 6 70
4 5 7 64
7 11 9 93
4 7 11 53
0 6 13 39
9 10 15 95
3 6 18 77
2 9 35 91
(120 759)

Arvore 3
4 8 1 62
1 8 4 31
1 9 1 84
3 8 6 70
4 5 7 64
4 7 11 53
0 6 13 39
7 11 9 93
6 10 20 33
9 10 15 95
2 9 35 91
(122 715)

Arvore 4
1 8 4 31
4 8 1 62
1 9 1 84
3 8 6 70
4 5 7 64
0 6 13 39
4 7 11 53
7 11 9 93
6 10 20 33
9 10 15 95
1 2 37 72
(124 696)

Arvore 5
1 8 4 31
4 8 1 62
1 9 1 84
3 8 6 70
4 5 7 64
0 6 13 39
4 7 11 53
7 11 9 93
6 10 20 33
0 1 25 34
1 2 37 72
(134 635)

Arvore 6
1 8 4 31
4 8 1 62
1 9 1 84
3 9 9 53
4 5 7 64
0 6 13 39
4 7 11 53
6 10 20 33
7 11 9 93
0 1 25 34
1 2 37 72
(137 618)

Arvore 7
1 8 4 31
4 8 1 62
0 6 13 39
3 9 9 53
1 9 1 84
4 5 7 64
4 7 11 53
6 10 20 33
0 1 25 34
7 11 9 93
2 4 45 42
(145 588)

Arvore 8
1 8 4 31
4 8 1 62
0 6 13 39
3 9 9 53
4 5 7 64
1 9 1 84
7 8 20 23
6 10 20 33
0 1 25 34
7 11 9 93
2 4 45 42
(154 558)

Arvore 9
1 8 4 31
4 8 1 62
0 6 13 39
3 9 9 53
7 8 20 23
4 5 7 64
1 9 1 84
6 10 20 33
0 1 25 34
8 11 13 81
2 4 45 42
(158 546)

Arvore 10
1 8 4 31
4 8 1 62
0 6 13 39
7 8 20 23
3 9 9 53
4 5 7 64
3 8 6 70
6 10 20 33
0 1 25 34
8 11 13 81
2 4 45 42
(163 532)

Arvore 11
1 8 4 31
4 8 1 62
0 6 13 39
7 8 20 23
3 9 9 53
4 5 7 64
6 10 20 33
3 8 6 70
0 1 25 34
6 11 38 15
2 4 45 42
(188 466)

Arvore 12
1 8 4 31
7 8 20 23
0 6 13 39
6 10 20 33
6 11 38 15
0 1 25 34
4 8 1 62
3 9 9 53
3 4 14 55
4 5 7 64
2 4 45 42
(196 451)

Arvore 13
1 8 4 31
7 8 20 23
6 11 38 15
0 6 13 39
6 10 20 33
0 1 25 34
3 9 9 53
4 8 1 62
3 4 14 55
1 5 67 9
2 4 45 42
(256 396)

Arvore 14
1 8 4 31
7 8 20 23
6 11 38 15
0 6 13 39
6 10 20 33
0 1 25 34
3 9 9 53
4 7 11 53
3 4 14 55
1 5 67 9
2 4 45 42
(266 387)

Arvore 15
1 8 4 31
7 8 20 23
6 11 38 15
6 10 20 33
0 6 13 39
0 7 41 22
1 5 67 9
3 9 9 53
4 7 11 53
3 4 14 55
2 4 45 42
(282 375)

Arvore 16
1 8 4 31
7 8 20 23
6 11 38 15
6 10 20 33
0 6 13 39
0 7 41 22
1 5 67 9
3 9 9 53
4 7 11 53
3 4 14 55
2 7 81 16
(318 349)

Arvore 17
1 8 4 31
7 8 20 23
6 11 38 15
6 10 20 33
0 7 41 22
0 6 13 39
1 5 67 9
3 9 9 53
4 7 11 53
3 4 14 55
2 5 91 9
(328 342)

Arvore 18
7 8 20 23
6 11 38 15
1 8 4 31
1 5 67 9
0 7 41 22
6 10 20 33
5 6 65 13
2 5 91 9
3 9 9 53
4 7 11 53
3 4 14 55
(380 316)

Arvore 19
6 11 38 15
7 8 20 23
1 5 67 9
1 8 4 31
5 6 65 13
0 7 41 22
2 5 91 9
6 10 20 33
2 4 45 42
3 9 9 53
3 4 14 55
(414 305)

Arvore 20
6 11 38 15
1 5 67 9
7 8 20 23
5 6 65 13
2 5 91 9
0 7 41 22
1 8 4 31
6 10 20 33
2 4 45 42
3 11 82 35
3 9 9 53
(482 285)

Arvore 21
1 5 67 9
6 11 38 15
5 6 65 13
2 5 91 9
7 8 20 23
0 7 41 22
2 7 81 16
6 10 20 33
3 11 82 35
2 4 45 42
3 9 9 53
(559 270)

Arvore 22
1 5 67 9
2 5 91 9
5 6 65 13
6 11 38 15
2 7 81 16
0 7 41 22
7 8 20 23
0 10 64 26
3 11 82 35
2 4 45 42
3 9 9 53
(603 263)


NAO SUPORTADAS: 
Arvore 23
4 8 1 62
1 9 1 84
4 9 1 99
3 8 6 70
4 5 7 64
7 11 9 93
4 7 11 53
0 6 13 39
9 10 15 95
6 10 20 33
2 9 35 91
(119 783)

Arvore 24
1 8 4 31
4 8 1 62
1 9 1 84
3 8 6 70
4 5 7 64
0 6 13 39
4 7 11 53
7 11 9 93
6 10 20 33
3 6 18 77
1 2 37 72
(127 678)

Arvore 25
1 8 4 31
4 8 1 62
1 9 1 84
4 5 7 64
3 9 9 53
0 6 13 39
4 7 11 53
7 11 9 93
6 10 20 33
3 6 18 77
1 2 37 72
(130 661)

Arvore 26
1 8 4 31
4 8 1 62
1 9 1 84
3 8 6 70
4 5 7 64
0 6 13 39
4 7 11 53
7 11 9 93
6 10 20 33
0 1 25 34
2 9 35 91
(132 654)

Arvore 27
1 8 4 31
4 8 1 62
3 9 9 53
1 9 1 84
0 6 13 39
4 5 7 64
4 7 11 53
6 10 20 33
0 1 25 34
8 11 13 81
1 2 37 72
(141 606)

Arvore 28
1 8 4 31
4 8 1 62
3 9 9 53
0 6 13 39
4 5 7 64
3 8 6 70
4 7 11 53
6 10 20 33
7 11 9 93
0 1 25 34
1 2 37 72
(142 604)

Arvore 29
1 8 4 31
4 8 1 62
0 6 13 39
3 9 9 53
1 9 1 84
4 5 7 64
4 7 11 53
6 10 20 33
0 1 25 34
8 11 13 81
2 4 45 42
(149 576)

Arvore 30
1 8 4 31
4 8 1 62
0 6 13 39
3 9 9 53
4 5 7 64
4 7 11 53
3 8 6 70
6 10 20 33
0 1 25 34
7 11 9 93
2 4 45 42
(150 574)

Arvore 31
1 8 4 31
4 8 1 62
0 6 13 39
3 9 9 53
7 8 20 23
4 5 7 64
3 8 6 70
6 10 20 33
0 1 25 34
7 11 9 93
2 4 45 42
(159 544)

Arvore 32
1 8 4 31
4 8 1 62
0 6 13 39
7 8 20 23
3 9 9 53
4 5 7 64
6 10 20 33
1 9 1 84
0 1 25 34
6 11 38 15
2 4 45 42
(183 480)

Arvore 33
1 8 4 31
4 8 1 62
0 6 13 39
7 8 20 23
3 9 9 53
4 5 7 64
6 10 20 33
3 4 14 55
0 1 25 34
8 11 13 81
2 4 45 42
(171 517)

Arvore 34
1 8 4 31
4 8 1 62
0 6 13 39
3 9 9 53
4 7 11 53
4 5 7 64
6 10 20 33
3 8 6 70
0 1 25 34
6 11 38 15
2 4 45 42
(179 496)

Arvore 35
1 8 4 31
4 8 1 62
0 6 13 39
3 9 9 53
4 7 11 53
4 5 7 64
6 10 20 33
1 9 1 84
0 1 25 34
6 11 38 15
2 4 45 42
(174 510)

Arvore 36
1 8 4 31
4 8 1 62
0 6 13 39
7 8 20 23
3 9 9 53
4 5 7 64
6 10 20 33
3 4 14 55
0 1 25 34
7 11 9 93
2 4 45 42
(167 529)

Arvore 37
1 8 4 31
4 8 1 62
0 6 13 39
7 8 20 23
3 9 9 53
4 5 7 64
6 10 20 33
3 8 6 70
0 1 25 34
0 11 22 65
2 4 45 42
(172 516)

Arvore 38
1 8 4 31
4 8 1 62
0 6 13 39
7 8 20 23
3 9 9 53
4 5 7 64
6 10 20 33
3 8 6 70
0 1 25 34
4 11 20 76
2 4 45 42
(170 527)

Arvore 39
1 8 4 31
7 8 20 23
6 11 38 15
0 6 13 39
6 10 20 33
0 1 25 34
3 9 9 53
4 7 11 53
3 4 14 55
4 5 7 64
2 4 45 42
(206 442)

Arvore 40
1 8 4 31
7 8 20 23
6 11 38 15
0 6 13 39
6 10 20 33
0 1 25 34
3 9 9 53
4 8 1 62
3 4 14 55
5 6 65 13
2 4 45 42
(254 400)

Arvore 41
1 8 4 31
7 8 20 23
6 11 38 15
0 6 13 39
6 10 20 33
0 7 41 22
3 9 9 53
4 8 1 62
3 4 14 55
4 5 7 64
2 4 45 42
(212 439)

Arvore 42
1 8 4 31
7 8 20 23
6 11 38 15
0 6 13 39
6 10 20 33
0 7 41 22
3 9 9 53
4 7 11 53
3 4 14 55
4 5 7 64
2 4 45 42
(222 430)

Arvore 43
1 8 4 31
7 8 20 23
6 11 38 15
0 6 13 39
6 10 20 33
0 1 25 34
3 9 9 53
4 8 1 62
3 4 14 55
4 5 7 64
2 7 81 16
(232 425)

Arvore 44
1 8 4 31
7 8 20 23
6 11 38 15
0 6 13 39
6 10 20 33
0 1 25 34
3 9 9 53
4 7 11 53
3 4 14 55
4 5 7 64
2 7 81 16
(242 416)

Arvore 45
1 8 4 31
7 8 20 23
6 11 38 15
0 6 13 39
6 10 20 33
0 1 25 34
3 9 9 53
4 8 1 62
1 5 67 9
3 8 6 70
2 4 45 42
(248 411)

Arvore 46
1 8 4 31
7 8 20 23
6 11 38 15
0 6 13 39
6 10 20 33
0 1 25 34
3 9 9 53
4 7 11 53
3 4 14 55
4 5 7 64
2 5 91 9
(252 409)

Arvore 47
1 8 4 31
7 8 20 23
6 11 38 15
0 6 13 39
6 10 20 33
0 1 25 34
3 9 9 53
4 8 1 62
5 6 65 13
3 8 6 70
2 4 45 42
(246 415)

Arvore 48
1 8 4 31
7 8 20 23
6 11 38 15
0 6 13 39
6 10 20 33
0 1 25 34
3 9 9 53
4 7 11 53
3 4 14 55
4 5 7 64
2 8 77 23
(238 423)

Arvore 49
1 8 4 31
7 8 20 23
6 11 38 15
0 6 13 39
6 10 20 33
0 1 25 34
3 9 9 53
4 7 11 53
3 4 14 55
5 6 65 13
2 4 45 42
(264 391)

Arvore 50
1 8 4 31
7 8 20 23
6 11 38 15
6 10 20 33
0 6 13 39
0 7 41 22
1 5 67 9
3 9 9 53
4 8 1 62
3 4 14 55
2 4 45 42
(272 384)

Arvore 51
1 8 4 31
7 8 20 23
6 11 38 15
6 10 20 33
0 6 13 39
0 7 41 22
3 9 9 53
4 7 11 53
5 6 65 13
3 4 14 55
2 4 45 42
(280 379)

Arvore 52
1 8 4 31
7 8 20 23
6 11 38 15
6 10 20 33
0 6 13 39
0 1 25 34
1 5 67 9
3 9 9 53
4 7 11 53
3 4 14 55
2 7 81 16
(302 361)

Arvore 53
1 8 4 31
7 8 20 23
6 11 38 15
6 10 20 33
0 6 13 39
0 1 25 34
1 5 67 9
3 9 9 53
4 7 11 53
3 4 14 55
2 5 91 9
(312 354)

Arvore 54
1 8 4 31
7 8 20 23
6 11 38 15
6 10 20 33
0 6 13 39
0 7 41 22
1 5 67 9
3 9 9 53
4 8 1 62
3 4 14 55
2 7 81 16
(308 358)

Arvore 55
1 8 4 31
7 8 20 23
6 11 38 15
6 10 20 33
0 6 13 39
0 1 25 34
1 5 67 9
3 9 9 53
4 8 1 62
3 4 14 55
2 7 81 16
(292 370)

Arvore 56
1 8 4 31
7 8 20 23
6 11 38 15
6 10 20 33
0 6 13 39
0 7 41 22
3 9 9 53
5 6 65 13
4 7 11 53
3 4 14 55
2 7 81 16
(316 353)

Arvore 57
1 8 4 31
7 8 20 23
6 11 38 15
6 10 20 33
0 6 13 39
0 1 25 34
3 9 9 53
5 6 65 13
4 7 11 53
3 4 14 55
2 7 81 16
(300 365)

Arvore 58
1 8 4 31
7 8 20 23
6 11 38 15
6 10 20 33
0 6 13 39
0 1 25 34
1 5 67 9
3 9 9 53
4 7 11 53
3 4 14 55
2 8 77 23
(298 368)

Arvore 59
1 8 4 31
7 8 20 23
6 11 38 15
6 10 20 33
0 6 13 39
0 1 25 34
3 9 9 53
5 6 65 13
4 8 1 62
3 4 14 55
2 7 81 16
(290 374)

Arvore 60
1 8 4 31
7 8 20 23
6 11 38 15
6 10 20 33
0 6 13 39
0 7 41 22
5 6 65 13
3 9 9 53
4 7 11 53
3 4 14 55
2 5 91 9
(326 346)

Arvore 61
1 8 4 31
7 8 20 23
6 11 38 15
0 7 41 22
1 5 67 9
6 10 20 33
5 6 65 13
2 7 81 16
3 9 9 53
4 7 11 53
3 4 14 55
(370 323)

Arvore 62
1 8 4 31
7 8 20 23
6 11 38 15
1 5 67 9
6 10 20 33
0 6 13 39
5 6 65 13
2 5 91 9
3 9 9 53
4 7 11 53
3 4 14 55
(352 333)

Arvore 63
1 8 4 31
7 8 20 23
6 11 38 15
0 7 41 22
1 5 67 9
6 10 20 33
0 6 13 39
2 5 91 9
3 9 9 53
4 7 11 53
3 7 27 52
(341 339)

Arvore 64
1 8 4 31
7 8 20 23
6 11 38 15
1 5 67 9
6 10 20 33
5 6 65 13
0 1 25 34
2 5 91 9
3 9 9 53
4 7 11 53
3 4 14 55
(364 328)

Arvore 65
1 8 4 31
7 8 20 23
6 11 38 15
0 7 41 22
1 5 67 9
6 10 20 33
5 6 65 13
2 7 81 16
3 9 9 53
3 4 14 55
4 8 1 62
(360 332)

Arvore 66
1 8 4 31
7 8 20 23
6 11 38 15
0 7 41 22
1 5 67 9
6 10 20 33
0 6 13 39
2 5 91 9
3 9 9 53
3 4 14 55
2 4 45 42
(362 331)

Arvore 67
6 11 38 15
7 8 20 23
1 5 67 9
1 8 4 31
5 6 65 13
0 7 41 22
2 5 91 9
6 10 20 33
3 9 9 53
4 7 11 53
3 7 27 52
(393 313)

Arvore 68
6 11 38 15
7 8 20 23
1 5 67 9
1 8 4 31
5 6 65 13
0 7 41 22
6 10 20 33
2 7 81 16
3 9 9 53
2 4 45 42
3 4 14 55
(404 312)

Arvore 69
6 11 38 15
1 5 67 9
7 8 20 23
5 6 65 13
1 8 4 31
0 7 41 22
2 5 91 9
6 10 20 33
2 4 45 42
3 9 9 53
3 7 27 52
(427 302)

Arvore 70
6 11 38 15
1 5 67 9
7 8 20 23
5 6 65 13
1 8 4 31
0 7 41 22
2 5 91 9
6 10 20 33
3 9 9 53
4 7 11 53
3 11 82 35
(448 296)

Arvore 71
6 11 38 15
1 5 67 9
7 8 20 23
5 6 65 13
1 8 4 31
0 7 41 22
2 5 91 9
6 10 20 33
2 4 45 42
3 9 9 53
3 5 80 39
(480 289)

Arvore 72
6 11 38 15
1 5 67 9
7 8 20 23
5 6 65 13
1 8 4 31
0 7 41 22
6 10 20 33
2 7 81 16
2 4 45 42
3 9 9 53
3 11 82 35
(472 292)

Arvore 73
6 11 38 15
1 5 67 9
7 8 20 23
5 6 65 13
1 8 4 31
0 7 41 22
2 5 91 9
6 10 20 33
3 9 9 53
4 7 11 53
3 5 80 39
(446 300)

Arvore 74
6 11 38 15
1 5 67 9
7 8 20 23
5 6 65 13
1 8 4 31
0 7 41 22
2 5 91 9
0 10 64 26
2 4 45 42
3 9 9 53
3 7 27 52
(471 295)

Arvore 75
1 5 67 9
6 11 38 15
5 6 65 13
2 5 91 9
7 8 20 23
0 7 41 22
1 8 4 31
0 10 64 26
2 4 45 42
3 11 82 35
3 9 9 53
(526 278)

Arvore 76
1 5 67 9
6 11 38 15
5 6 65 13
2 5 91 9
7 8 20 23
0 7 41 22
2 7 81 16
6 10 20 33
2 4 45 42
3 5 80 39
3 9 9 53
(557 274)

Arvore 77
1 5 67 9
6 11 38 15
5 6 65 13
2 5 91 9
7 8 20 23
0 7 41 22
2 7 81 16
6 10 20 33
3 11 82 35
3 9 9 53
4 7 11 53
(525 281)

Arvore 78
1 5 67 9
6 11 38 15
5 6 65 13
2 5 91 9
7 8 20 23
0 7 41 22
1 8 4 31
0 10 64 26
2 4 45 42
3 5 80 39
3 9 9 53
(524 282)

Arvore 79
1 5 67 9
6 11 38 15
5 6 65 13
2 5 91 9
7 8 20 23
0 7 41 22
6 10 20 33
2 8 77 23
2 4 45 42
3 11 82 35
3 9 9 53
(555 277)

Arvore 80
1 5 67 9
6 11 38 15
5 6 65 13
2 5 91 9
7 8 20 23
0 7 41 22
2 7 81 16
0 10 64 26
2 4 45 42
3 5 80 39
3 9 9 53
(601 267)

