Fim da primeira fase ... 
0
Fim da segunda fase ... 
132
1.32
Total: 1.32
Suportadas = 31
Nao suportadas = 154
TOTAL DE SOLUCOES = 185

SUPORTADAS: 

Arvore 1
4 13 0 80
4 6 1 62
1 9 1 69
4 14 1 99
0 5 2 76
5 8 7 68
11 12 7 78
8 9 8 60
1 6 9 62
6 7 10 91
2 4 12 57
3 9 15 28
4 10 15 33
11 14 15 66
(103 929)

Arvore 2
4 6 1 62
4 13 0 80
1 9 1 69
0 5 2 76
13 14 4 64
5 8 7 68
8 9 8 60
11 12 7 78
1 6 9 62
2 4 12 57
3 9 15 28
4 10 15 33
6 7 10 91
11 14 15 66
(106 894)

Arvore 3
4 6 1 62
1 9 1 69
4 13 0 80
0 5 2 76
13 14 4 64
5 8 7 68
8 9 8 60
11 12 7 78
1 6 9 62
2 4 12 57
3 9 15 28
4 10 15 33
6 7 10 91
9 11 19 23
(110 851)

Arvore 4
4 6 1 62
6 13 5 31
1 9 1 69
0 5 2 76
13 14 4 64
5 8 7 68
8 9 8 60
11 12 7 78
1 6 9 62
3 9 15 28
2 4 12 57
4 10 15 33
6 7 10 91
9 11 19 23
(115 802)

Arvore 5
6 13 5 31
4 6 1 62
1 9 1 69
13 14 4 64
0 5 2 76
5 13 13 26
8 9 8 60
3 9 15 28
5 8 7 68
4 10 15 33
11 12 7 78
9 11 19 23
2 4 12 57
6 7 10 91
(119 766)

Arvore 6
6 13 5 31
4 6 1 62
1 9 1 69
5 13 13 26
13 14 4 64
0 13 13 30
3 9 15 28
8 9 8 60
4 10 15 33
5 8 7 68
9 11 19 23
2 4 12 57
11 12 7 78
6 7 10 91
(130 720)

Arvore 7
6 13 5 31
4 6 1 62
5 13 13 26
0 13 13 30
1 9 1 69
3 9 15 28
13 14 4 64
1 8 19 20
4 10 15 33
9 11 19 23
5 8 7 68
2 4 12 57
11 12 7 78
6 7 10 91
(141 680)

Arvore 8
6 13 5 31
5 13 13 26
4 6 1 62
0 13 13 30
3 9 15 28
1 9 1 69
1 8 19 20
4 10 15 33
13 14 4 64
9 11 19 23
1 6 9 62
2 4 12 57
11 12 7 78
6 7 10 91
(143 674)

Arvore 9
6 13 5 31
5 13 13 26
4 6 1 62
0 13 13 30
3 9 15 28
1 8 19 20
1 9 1 69
4 10 15 33
9 11 19 23
13 14 4 64
1 6 9 62
2 4 12 57
6 12 25 28
6 7 10 91
(161 624)

Arvore 10
6 13 5 31
5 13 13 26
0 13 13 30
1 8 19 20
3 9 15 28
9 11 19 23
4 10 15 33
4 6 1 62
1 9 1 69
13 14 4 64
6 12 25 28
1 6 9 62
2 4 12 57
2 7 24 56
(175 589)

Arvore 11
6 13 5 31
5 13 13 26
1 8 19 20
0 13 13 30
3 9 15 28
9 11 19 23
4 10 15 33
4 6 1 62
6 12 25 28
13 14 4 64
1 9 1 69
1 12 32 24
2 4 12 57
2 7 24 56
(198 551)

Arvore 12
6 13 5 31
5 13 13 26
1 8 19 20
0 13 13 30
3 9 15 28
9 11 19 23
4 10 15 33
6 12 25 28
4 6 1 62
1 12 32 24
13 14 4 64
1 9 1 69
2 6 38 21
2 7 24 56
(224 515)

Arvore 13
6 13 5 31
5 13 13 26
1 8 19 20
9 11 19 23
0 13 13 30
3 9 15 28
4 10 15 33
6 12 25 28
1 12 32 24
4 6 1 62
2 6 38 21
13 14 4 64
8 9 8 60
2 7 24 56
(231 506)

Arvore 14
6 13 5 31
5 13 13 26
1 8 19 20
9 11 19 23
0 13 13 30
3 9 15 28
4 10 15 33
6 12 25 28
1 12 32 24
10 13 36 23
2 6 38 21
13 14 4 64
8 9 8 60
2 7 24 56
(266 467)

Arvore 15
6 13 5 31
5 13 13 26
1 8 19 20
9 11 19 23
0 13 13 30
3 9 15 28
4 10 15 33
6 12 25 28
1 12 32 24
10 13 36 23
2 6 38 21
10 14 46 19
8 9 8 60
2 7 24 56
(308 422)

Arvore 16
6 13 5 31
5 13 13 26
1 8 19 20
9 11 19 23
0 13 13 30
3 9 15 28
4 10 15 33
6 12 25 28
1 12 32 24
10 13 36 23
2 6 38 21
10 14 46 19
0 11 55 11
2 7 24 56
(355 373)

Arvore 17
6 13 5 31
1 8 19 20
5 13 13 26
9 11 19 23
3 9 15 28
0 13 13 30
4 10 15 33
6 12 25 28
1 12 32 24
8 10 48 11
2 6 38 21
10 14 46 19
0 11 55 11
2 7 24 56
(367 361)

Arvore 18
6 13 5 31
1 8 19 20
5 13 13 26
9 11 19 23
3 9 15 28
0 13 13 30
4 10 15 33
6 12 25 28
1 12 32 24
8 10 48 11
2 6 38 21
0 11 55 11
10 14 46 19
0 7 71 10
(414 315)

Arvore 19
1 8 19 20
9 11 19 23
5 13 13 26
8 10 48 11
6 13 5 31
3 9 15 28
0 11 55 11
0 13 13 30
2 6 38 21
1 12 32 24
10 13 36 23
10 14 46 19
4 10 15 33
0 7 71 10
(425 310)

Arvore 20
1 8 19 20
8 10 48 11
9 11 19 23
5 13 13 26
0 11 55 11
6 13 5 31
3 9 15 28
0 2 68 8
0 13 13 30
1 12 32 24
10 14 46 19
10 13 36 23
0 7 71 10
4 10 15 33
(455 297)

Arvore 21
1 8 19 20
8 10 48 11
9 11 19 23
0 11 55 11
5 13 13 26
0 2 68 8
6 13 5 31
3 9 15 28
2 6 38 21
0 7 71 10
10 14 46 19
1 12 32 24
10 13 36 23
0 4 90 6
(555 261)

Arvore 22
1 8 19 20
8 10 48 11
0 11 55 11
9 11 19 23
0 2 68 8
5 13 13 26
6 13 5 31
3 9 15 28
0 7 71 10
2 6 38 21
10 11 97 2
10 14 46 19
1 12 32 24
0 4 90 6
(616 240)

Arvore 23
8 10 48 11
1 8 19 20
0 11 55 11
0 2 68 8
9 11 19 23
5 13 13 26
10 11 97 2
0 7 71 10
6 13 5 31
5 14 74 10
3 9 15 28
2 6 38 21
0 4 90 6
1 12 32 24
(644 231)

Arvore 24
8 10 48 11
1 8 19 20
0 11 55 11
0 2 68 8
10 11 97 2
9 11 19 23
0 7 71 10
5 14 74 10
0 4 90 6
5 13 13 26
2 6 38 21
10 14 46 19
3 9 15 28
1 12 32 24
(685 219)

Arvore 25
8 10 48 11
0 2 68 8
0 11 55 11
10 11 97 2
1 8 19 20
0 7 71 10
0 4 90 6
5 14 74 10
9 11 19 23
5 13 13 26
10 14 46 19
2 6 38 21
5 12 97 8
3 9 15 28
(750 203)

Arvore 26
10 11 97 2
8 10 48 11
0 2 68 8
0 11 55 11
0 4 90 6
0 7 71 10
1 8 19 20
5 14 74 10
5 12 97 8
9 11 19 23
9 14 91 10
2 6 38 21
5 13 13 26
3 9 15 28
(795 194)

Arvore 27
10 11 97 2
8 10 48 11
0 2 68 8
0 11 55 11
0 4 90 6
0 7 71 10
5 14 74 10
1 4 87 8
5 12 97 8
9 14 91 10
9 11 19 23
2 6 38 21
5 13 13 26
3 9 15 28
(863 182)

Arvore 28
10 11 97 2
8 10 48 11
0 2 68 8
0 11 55 11
0 4 90 6
0 7 71 10
5 14 74 10
1 4 87 8
5 12 97 8
9 14 91 10
9 11 19 23
11 13 87 13
2 6 38 21
3 9 15 28
(937 169)

Arvore 29
10 11 97 2
0 2 68 8
8 10 48 11
0 11 55 11
0 4 90 6
0 7 71 10
1 4 87 8
5 14 74 10
5 12 97 8
9 14 91 10
10 14 46 19
11 13 87 13
2 6 38 21
3 9 15 28
(964 165)

Arvore 30
10 11 97 2
0 2 68 8
8 10 48 11
0 11 55 11
0 4 90 6
0 7 71 10
1 4 87 8
5 14 74 10
5 12 97 8
9 14 91 10
11 13 87 13
10 14 46 19
2 6 38 21
2 3 76 19
(1025 156)

Arvore 31
10 11 97 2
0 4 90 6
0 2 68 8
1 4 87 8
5 12 97 8
0 7 71 10
5 14 74 10
9 14 91 10
8 10 48 11
0 11 55 11
11 13 87 13
2 14 63 17
2 3 76 19
2 6 38 21
(1042 154)


NAO SUPORTADAS: 
Arvore 32
4 6 1 62
1 9 1 69
4 13 0 80
0 5 2 76
4 14 1 99
5 8 7 68
8 9 8 60
11 12 7 78
1 6 9 62
2 4 12 57
3 9 15 28
4 10 15 33
6 7 10 91
9 11 19 23
(107 886)

Arvore 33
4 6 1 62
1 9 1 69
6 13 5 31
0 5 2 76
4 14 1 99
5 8 7 68
8 9 8 60
11 12 7 78
1 6 9 62
2 4 12 57
3 9 15 28
4 10 15 33
6 7 10 91
11 14 15 66
(108 880)

Arvore 34
4 6 1 62
1 9 1 69
4 13 0 80
0 5 2 76
13 14 4 64
5 8 7 68
8 9 8 60
11 12 7 78
5 13 13 26
2 4 12 57
3 9 15 28
4 10 15 33
6 7 10 91
9 11 19 23
(114 815)

Arvore 35
4 6 1 62
1 9 1 69
6 13 5 31
0 5 2 76
13 14 4 64
5 8 7 68
8 9 8 60
11 12 7 78
1 6 9 62
2 4 12 57
3 9 15 28
4 10 15 33
6 7 10 91
11 14 15 66
(111 845)

Arvore 36
4 6 1 62
1 9 1 69
6 13 5 31
0 5 2 76
4 14 1 99
5 8 7 68
8 9 8 60
11 12 7 78
1 6 9 62
2 4 12 57
3 9 15 28
4 10 15 33
6 7 10 91
9 11 19 23
(112 837)

Arvore 37
4 6 1 62
6 13 5 31
1 9 1 69
0 5 2 76
4 14 1 99
5 8 7 68
8 9 8 60
11 12 7 78
5 13 13 26
3 9 15 28
2 4 12 57
4 10 15 33
6 7 10 91
9 11 19 23
(116 801)

Arvore 38
6 13 5 31
1 9 1 69
4 13 0 80
0 5 2 76
13 14 4 64
5 8 7 68
8 9 8 60
11 12 7 78
5 13 13 26
3 9 15 28
2 4 12 57
4 10 15 33
6 7 10 91
9 11 19 23
(118 784)

Arvore 39
6 13 5 31
4 6 1 62
1 9 1 69
5 13 13 26
13 14 4 64
0 5 2 76
3 9 15 28
8 9 8 60
4 10 15 33
1 6 9 62
9 11 19 23
2 4 12 57
11 12 7 78
6 7 10 91
(121 760)

Arvore 40
6 13 5 31
1 9 1 69
4 13 0 80
5 13 13 26
13 14 4 64
0 13 13 30
3 9 15 28
8 9 8 60
4 10 15 33
5 8 7 68
9 11 19 23
2 4 12 57
11 12 7 78
6 7 10 91
(129 738)

Arvore 41
6 13 5 31
4 6 1 62
1 9 1 69
13 14 4 64
0 13 13 30
3 9 15 28
8 9 8 60
4 10 15 33
5 8 7 68
1 6 9 62
9 11 19 23
2 4 12 57
11 12 7 78
6 7 10 91
(126 756)

Arvore 42
6 13 5 31
4 6 1 62
1 9 1 69
5 13 13 26
0 13 13 30
3 9 15 28
8 9 8 60
4 10 15 33
5 8 7 68
9 11 19 23
4 14 1 99
2 4 12 57
11 12 7 78
6 7 10 91
(127 755)

Arvore 43
6 13 5 31
4 6 1 62
1 9 1 69
5 13 13 26
13 14 4 64
0 5 2 76
3 9 15 28
8 9 8 60
4 10 15 33
9 11 19 23
2 4 12 57
11 12 7 78
3 4 16 53
6 7 10 91
(128 751)

Arvore 44
6 13 5 31
4 6 1 62
1 9 1 69
5 13 13 26
0 13 13 30
13 14 4 64
3 9 15 28
4 10 15 33
8 9 8 60
9 11 19 23
1 6 9 62
2 4 12 57
11 12 7 78
6 7 10 91
(132 714)

Arvore 45
6 13 5 31
1 9 1 69
5 13 13 26
0 13 13 30
13 14 4 64
4 13 0 80
3 9 15 28
4 10 15 33
1 8 19 20
9 11 19 23
5 8 7 68
2 4 12 57
11 12 7 78
6 7 10 91
(140 698)

Arvore 46
6 13 5 31
4 6 1 62
1 9 1 69
5 13 13 26
0 13 13 30
13 14 4 64
3 9 15 28
4 10 15 33
8 9 8 60
9 11 19 23
2 4 12 57
11 12 7 78
3 4 16 53
6 7 10 91
(139 705)

Arvore 47
6 13 5 31
4 6 1 62
5 13 13 26
0 13 13 30
13 14 4 64
3 9 15 28
4 10 15 33
8 9 8 60
9 11 19 23
5 8 7 68
1 6 9 62
2 4 12 57
11 12 7 78
6 7 10 91
(138 713)

Arvore 48
6 13 5 31
5 13 13 26
4 6 1 62
0 13 13 30
3 9 15 28
1 9 1 69
1 8 19 20
4 10 15 33
13 14 4 64
9 11 19 23
5 8 7 68
2 4 12 57
6 12 25 28
6 7 10 91
(159 630)

Arvore 49
6 13 5 31
5 13 13 26
4 6 1 62
0 13 13 30
3 9 15 28
1 9 1 69
1 8 19 20
4 10 15 33
13 14 4 64
9 11 19 23
1 6 9 62
2 4 12 57
11 12 7 78
2 7 24 56
(157 639)

Arvore 50
6 13 5 31
5 13 13 26
4 6 1 62
0 13 13 30
3 9 15 28
1 9 1 69
1 8 19 20
4 10 15 33
13 14 4 64
9 11 19 23
5 8 7 68
2 4 12 57
11 12 7 78
2 7 24 56
(155 645)

Arvore 51
6 13 5 31
5 13 13 26
4 6 1 62
0 13 13 30
3 9 15 28
1 9 1 69
4 10 15 33
13 14 4 64
9 11 19 23
8 9 8 60
1 6 9 62
2 4 12 57
6 12 25 28
6 7 10 91
(150 664)

Arvore 52
6 13 5 31
5 13 13 26
4 6 1 62
0 13 13 30
3 9 15 28
1 9 1 69
4 10 15 33
13 14 4 64
9 11 19 23
8 9 8 60
5 8 7 68
2 4 12 57
6 12 25 28
6 7 10 91
(148 670)

Arvore 53
6 13 5 31
5 13 13 26
0 13 13 30
3 9 15 28
1 9 1 69
1 8 19 20
4 10 15 33
13 14 4 64
9 11 19 23
4 13 0 80
5 8 7 68
2 4 12 57
11 12 7 78
2 7 24 56
(154 663)

Arvore 54
6 13 5 31
5 13 13 26
0 13 13 30
4 6 1 62
3 9 15 28
1 8 19 20
4 10 15 33
9 11 19 23
1 9 1 69
13 14 4 64
5 8 7 68
2 4 12 57
6 12 25 28
2 7 24 56
(173 595)

Arvore 55
6 13 5 31
5 13 13 26
0 13 13 30
4 6 1 62
3 9 15 28
1 8 19 20
4 10 15 33
9 11 19 23
1 9 1 69
13 14 4 64
2 4 12 57
6 12 25 28
3 4 16 53
6 7 10 91
(168 615)

Arvore 56
6 13 5 31
5 13 13 26
0 13 13 30
4 6 1 62
3 9 15 28
1 8 19 20
4 10 15 33
9 11 19 23
13 14 4 64
8 9 8 60
5 8 7 68
2 4 12 57
6 12 25 28
6 7 10 91
(166 621)

Arvore 57
6 13 5 31
5 13 13 26
0 13 13 30
4 6 1 62
3 9 15 28
1 8 19 20
4 10 15 33
9 11 19 23
1 9 1 69
13 14 4 64
1 6 9 62
2 4 12 57
9 12 22 47
2 7 24 56
(172 608)

Arvore 58
6 13 5 31
5 13 13 26
0 13 13 30
4 6 1 62
3 9 15 28
1 8 19 20
4 10 15 33
9 11 19 23
1 9 1 69
13 14 4 64
5 8 7 68
2 4 12 57
9 12 22 47
2 7 24 56
(170 614)

Arvore 59
6 13 5 31
5 13 13 26
1 8 19 20
0 13 13 30
3 9 15 28
9 11 19 23
4 10 15 33
4 6 1 62
6 12 25 28
13 14 4 64
8 9 8 60
2 4 12 57
1 6 9 62
2 7 24 56
(182 580)

Arvore 60
6 13 5 31
5 13 13 26
1 8 19 20
0 13 13 30
3 9 15 28
9 11 19 23
4 10 15 33
4 6 1 62
6 12 25 28
13 14 4 64
8 9 8 60
2 4 12 57
3 4 16 53
2 7 24 56
(189 571)

Arvore 61
6 13 5 31
5 13 13 26
1 8 19 20
0 13 13 30
3 9 15 28
9 11 19 23
4 10 15 33
4 6 1 62
6 12 25 28
13 14 4 64
8 9 8 60
2 4 12 57
5 8 7 68
2 7 24 56
(180 586)

Arvore 62
6 13 5 31
5 13 13 26
1 8 19 20
0 13 13 30
3 9 15 28
9 11 19 23
4 10 15 33
4 6 1 62
6 12 25 28
13 14 4 64
1 9 1 69
2 4 12 57
9 13 22 46
2 7 24 56
(188 573)

Arvore 63
6 13 5 31
5 13 13 26
1 8 19 20
0 13 13 30
3 9 15 28
9 11 19 23
4 10 15 33
4 6 1 62
6 12 25 28
13 14 4 64
8 9 8 60
2 4 12 57
9 13 22 46
2 7 24 56
(195 564)

Arvore 64
6 13 5 31
5 13 13 26
1 8 19 20
0 13 13 30
3 9 15 28
9 11 19 23
4 10 15 33
4 6 1 62
6 12 25 28
13 14 4 64
1 9 1 69
2 4 12 57
0 1 28 41
2 7 24 56
(194 568)

Arvore 65
6 13 5 31
5 13 13 26
1 8 19 20
0 13 13 30
3 9 15 28
9 11 19 23
4 10 15 33
6 12 25 28
4 6 1 62
1 12 32 24
13 14 4 64
8 9 8 60
2 4 12 57
2 7 24 56
(205 542)

Arvore 66
6 13 5 31
5 13 13 26
1 8 19 20
0 13 13 30
3 9 15 28
9 11 19 23
4 10 15 33
6 12 25 28
4 6 1 62
1 12 32 24
13 14 4 64
2 4 12 57
3 4 16 53
2 7 24 56
(213 535)

Arvore 67
6 13 5 31
5 13 13 26
1 8 19 20
0 13 13 30
3 9 15 28
9 11 19 23
4 10 15 33
6 12 25 28
4 6 1 62
1 12 32 24
13 14 4 64
2 4 12 57
9 13 22 46
2 7 24 56
(219 528)

Arvore 68
6 13 5 31
5 13 13 26
1 8 19 20
9 11 19 23
0 13 13 30
3 9 15 28
4 10 15 33
6 12 25 28
1 12 32 24
10 13 36 23
2 6 38 21
13 14 4 64
1 9 1 69
2 7 24 56
(259 476)

Arvore 69
6 13 5 31
5 13 13 26
1 8 19 20
9 11 19 23
0 13 13 30
3 9 15 28
4 10 15 33
6 12 25 28
1 12 32 24
4 6 1 62
2 6 38 21
13 14 4 64
9 13 22 46
2 7 24 56
(245 492)

Arvore 70
6 13 5 31
5 13 13 26
1 8 19 20
9 11 19 23
0 13 13 30
3 9 15 28
4 10 15 33
6 12 25 28
1 12 32 24
4 6 1 62
2 6 38 21
13 14 4 64
3 4 16 53
2 7 24 56
(239 499)

Arvore 71
6 13 5 31
5 13 13 26
1 8 19 20
9 11 19 23
0 13 13 30
3 9 15 28
4 10 15 33
6 12 25 28
4 6 1 62
2 6 38 21
8 10 48 11
13 14 4 64
3 4 16 53
2 7 24 56
(255 486)

Arvore 72
6 13 5 31
5 13 13 26
1 8 19 20
9 11 19 23
0 13 13 30
3 9 15 28
4 10 15 33
6 12 25 28
1 12 32 24
8 10 48 11
13 14 4 64
8 9 8 60
2 4 12 57
2 7 24 56
(252 491)

Arvore 73
6 13 5 31
5 13 13 26
1 8 19 20
9 11 19 23
0 13 13 30
3 9 15 28
4 10 15 33
6 12 25 28
1 12 32 24
10 13 36 23
13 14 4 64
2 4 12 57
9 13 22 46
2 7 24 56
(254 489)

Arvore 74
6 13 5 31
5 13 13 26
1 8 19 20
9 11 19 23
0 13 13 30
3 9 15 28
4 10 15 33
6 12 25 28
1 12 32 24
2 6 38 21
8 10 48 11
13 14 4 64
8 9 8 60
2 7 24 56
(278 455)

Arvore 75
6 13 5 31
5 13 13 26
1 8 19 20
9 11 19 23
0 13 13 30
3 9 15 28
4 10 15 33
6 12 25 28
1 12 32 24
10 13 36 23
2 6 38 21
13 14 4 64
9 13 22 46
2 7 24 56
(280 453)

Arvore 76
6 13 5 31
5 13 13 26
1 8 19 20
9 11 19 23
0 13 13 30
3 9 15 28
4 10 15 33
6 12 25 28
1 12 32 24
10 13 36 23
2 6 38 21
10 14 46 19
1 9 1 69
2 7 24 56
(301 431)

Arvore 77
6 13 5 31
5 13 13 26
1 8 19 20
9 11 19 23
0 13 13 30
3 9 15 28
4 10 15 33
6 12 25 28
1 12 32 24
2 6 38 21
4 6 1 62
10 14 46 19
8 9 8 60
2 7 24 56
(273 461)

Arvore 78
6 13 5 31
5 13 13 26
1 8 19 20
9 11 19 23
0 13 13 30
3 9 15 28
4 10 15 33
6 12 25 28
1 12 32 24
10 13 36 23
2 6 38 21
13 14 4 64
3 4 16 53
2 7 24 56
(274 460)

Arvore 79
6 13 5 31
5 13 13 26
1 8 19 20
9 11 19 23
0 13 13 30
3 9 15 28
4 10 15 33
6 12 25 28
1 12 32 24
2 6 38 21
8 10 48 11
13 14 4 64
9 13 22 46
2 7 24 56
(292 441)

Arvore 80
6 13 5 31
5 13 13 26
1 8 19 20
9 11 19 23
0 13 13 30
3 9 15 28
4 10 15 33
6 12 25 28
1 12 32 24
2 6 38 21
8 10 48 11
13 14 4 64
1 9 1 69
2 7 24 56
(271 464)

Arvore 81
6 13 5 31
5 13 13 26
1 8 19 20
9 11 19 23
0 13 13 30
3 9 15 28
4 10 15 33
6 12 25 28
1 12 32 24
2 6 38 21
8 10 48 11
13 14 4 64
3 4 16 53
2 7 24 56
(286 448)

Arvore 82
6 13 5 31
5 13 13 26
1 8 19 20
9 11 19 23
0 13 13 30
3 9 15 28
4 10 15 33
6 12 25 28
1 12 32 24
2 6 38 21
4 6 1 62
10 14 46 19
9 13 22 46
2 7 24 56
(287 447)

Arvore 83
6 13 5 31
5 13 13 26
1 8 19 20
9 11 19 23
0 13 13 30
3 9 15 28
4 10 15 33
6 12 25 28
10 13 36 23
2 6 38 21
8 10 48 11
13 14 4 64
9 13 22 46
2 7 24 56
(296 440)

Arvore 84
6 13 5 31
5 13 13 26
1 8 19 20
9 11 19 23
0 13 13 30
3 9 15 28
4 10 15 33
6 12 25 28
1 12 32 24
10 13 36 23
2 6 38 21
13 14 4 64
1 9 1 69
0 7 71 10
(306 430)

Arvore 85
6 13 5 31
5 13 13 26
1 8 19 20
9 11 19 23
0 13 13 30
3 9 15 28
4 10 15 33
6 12 25 28
1 12 32 24
2 6 38 21
8 10 48 11
10 14 46 19
8 9 8 60
2 7 24 56
(320 410)

Arvore 86
6 13 5 31
5 13 13 26
1 8 19 20
9 11 19 23
0 13 13 30
3 9 15 28
4 10 15 33
6 12 25 28
1 12 32 24
10 13 36 23
2 6 38 21
10 14 46 19
9 13 22 46
2 7 24 56
(322 408)

Arvore 87
6 13 5 31
5 13 13 26
1 8 19 20
9 11 19 23
0 13 13 30
3 9 15 28
4 10 15 33
6 12 25 28
1 12 32 24
2 6 38 21
8 10 48 11
10 14 46 19
9 13 22 46
2 7 24 56
(334 396)

Arvore 88
6 13 5 31
5 13 13 26
1 8 19 20
9 11 19 23
0 13 13 30
3 9 15 28
4 10 15 33
6 12 25 28
1 12 32 24
10 13 36 23
2 6 38 21
13 14 4 64
0 11 55 11
2 7 24 56
(313 418)

Arvore 89
6 13 5 31
5 13 13 26
1 8 19 20
9 11 19 23
0 13 13 30
3 9 15 28
4 10 15 33
6 12 25 28
1 12 32 24
10 13 36 23
2 6 38 21
10 14 46 19
3 4 16 53
2 7 24 56
(316 415)

Arvore 90
6 13 5 31
5 13 13 26
1 8 19 20
9 11 19 23
0 13 13 30
3 9 15 28
4 10 15 33
6 12 25 28
1 12 32 24
2 6 38 21
8 10 48 11
13 14 4 64
0 11 55 11
2 7 24 56
(325 406)

Arvore 91
6 13 5 31
5 13 13 26
1 8 19 20
9 11 19 23
0 13 13 30
3 9 15 28
4 10 15 33
6 12 25 28
1 12 32 24
2 6 38 21
8 10 48 11
10 14 46 19
3 4 16 53
2 7 24 56
(328 403)

Arvore 92
6 13 5 31
5 13 13 26
1 8 19 20
9 11 19 23
0 13 13 30
3 9 15 28
4 10 15 33
6 12 25 28
10 13 36 23
2 6 38 21
8 10 48 11
10 14 46 19
9 13 22 46
2 7 24 56
(338 395)

Arvore 93
6 13 5 31
5 13 13 26
1 8 19 20
9 11 19 23
0 13 13 30
3 9 15 28
4 10 15 33
6 12 25 28
1 12 32 24
10 13 36 23
2 6 38 21
10 14 46 19
1 9 1 69
0 7 71 10
(348 385)

Arvore 94
6 13 5 31
5 13 13 26
1 8 19 20
9 11 19 23
0 13 13 30
3 9 15 28
4 10 15 33
6 12 25 28
10 13 36 23
2 6 38 21
8 10 48 11
10 14 46 19
3 4 16 53
2 7 24 56
(332 402)

Arvore 95
6 13 5 31
5 13 13 26
1 8 19 20
9 11 19 23
0 13 13 30
3 9 15 28
4 10 15 33
6 12 25 28
1 12 32 24
10 13 36 23
2 6 38 21
10 14 46 19
8 9 8 60
3 7 60 24
(344 390)

Arvore 96
6 13 5 31
5 13 13 26
1 8 19 20
9 11 19 23
0 13 13 30
3 9 15 28
4 10 15 33
6 12 25 28
1 12 32 24
10 13 36 23
2 6 38 21
10 14 46 19
3 4 16 53
3 7 60 24
(352 383)

Arvore 97
6 13 5 31
5 13 13 26
1 8 19 20
9 11 19 23
0 13 13 30
3 9 15 28
4 10 15 33
6 12 25 28
10 13 36 23
2 6 38 21
8 10 48 11
13 14 4 64
9 13 22 46
0 7 71 10
(343 394)

Arvore 98
6 13 5 31
5 13 13 26
1 8 19 20
9 11 19 23
0 13 13 30
3 9 15 28
4 10 15 33
6 12 25 28
1 12 32 24
10 13 36 23
2 6 38 21
0 11 55 11
13 14 4 64
0 7 71 10
(360 372)

Arvore 99
6 13 5 31
5 13 13 26
1 8 19 20
9 11 19 23
0 13 13 30
3 9 15 28
4 10 15 33
6 12 25 28
1 12 32 24
10 13 36 23
2 6 38 21
10 14 46 19
3 4 16 53
0 7 71 10
(363 369)

Arvore 100
6 13 5 31
1 8 19 20
5 13 13 26
9 11 19 23
3 9 15 28
0 13 13 30
4 10 15 33
6 12 25 28
1 12 32 24
2 6 38 21
10 13 36 23
10 14 46 19
0 11 55 11
0 7 71 10
(402 327)

Arvore 101
6 13 5 31
1 8 19 20
5 13 13 26
9 11 19 23
3 9 15 28
0 13 13 30
4 10 15 33
6 12 25 28
1 12 32 24
8 10 48 11
2 6 38 21
10 14 46 19
9 13 22 46
0 7 71 10
(381 350)

Arvore 102
6 13 5 31
1 8 19 20
5 13 13 26
9 11 19 23
3 9 15 28
0 13 13 30
4 10 15 33
6 12 25 28
8 10 48 11
2 6 38 21
10 13 36 23
10 14 46 19
0 11 55 11
2 7 24 56
(371 360)

Arvore 103
6 13 5 31
1 8 19 20
5 13 13 26
9 11 19 23
3 9 15 28
0 13 13 30
4 10 15 33
6 12 25 28
1 12 32 24
2 6 38 21
10 13 36 23
10 14 46 19
0 11 55 11
3 7 60 24
(391 341)

Arvore 104
6 13 5 31
1 8 19 20
5 13 13 26
9 11 19 23
3 9 15 28
0 13 13 30
4 10 15 33
6 12 25 28
1 12 32 24
8 10 48 11
2 6 38 21
10 14 46 19
3 4 16 53
0 7 71 10
(375 357)

Arvore 105
6 13 5 31
1 8 19 20
5 13 13 26
9 11 19 23
3 9 15 28
0 13 13 30
4 10 15 33
6 12 25 28
8 10 48 11
2 6 38 21
10 13 36 23
10 14 46 19
9 13 22 46
0 7 71 10
(385 349)

Arvore 106
6 13 5 31
1 8 19 20
5 13 13 26
9 11 19 23
3 9 15 28
0 13 13 30
4 10 15 33
1 12 32 24
8 10 48 11
2 6 38 21
10 13 36 23
10 14 46 19
0 11 55 11
2 7 24 56
(378 356)

Arvore 107
1 8 19 20
9 11 19 23
5 13 13 26
8 10 48 11
6 13 5 31
3 9 15 28
0 13 13 30
0 11 55 11
2 6 38 21
6 12 25 28
10 13 36 23
4 10 15 33
10 14 46 19
0 7 71 10
(418 314)

Arvore 108
1 8 19 20
9 11 19 23
5 13 13 26
8 10 48 11
6 13 5 31
3 9 15 28
0 11 55 11
0 13 13 30
0 2 68 8
1 12 32 24
6 12 25 28
10 14 46 19
4 10 15 33
0 7 71 10
(444 302)

Arvore 109
1 8 19 20
9 11 19 23
5 13 13 26
8 10 48 11
6 13 5 31
3 9 15 28
0 11 55 11
0 13 13 30
0 2 68 8
10 13 36 23
6 12 25 28
10 14 46 19
4 10 15 33
0 7 71 10
(448 301)

Arvore 110
1 8 19 20
9 11 19 23
5 13 13 26
8 10 48 11
6 13 5 31
3 9 15 28
0 11 55 11
0 13 13 30
2 6 38 21
1 12 32 24
6 12 25 28
4 10 15 33
0 7 71 10
5 14 74 10
(442 306)

Arvore 111
1 8 19 20
8 10 48 11
9 11 19 23
5 13 13 26
0 11 55 11
0 2 68 8
6 13 5 31
3 9 15 28
2 6 38 21
1 12 32 24
10 14 46 19
0 7 71 10
10 13 36 23
4 10 15 33
(480 288)

Arvore 112
1 8 19 20
8 10 48 11
9 11 19 23
5 13 13 26
0 11 55 11
0 2 68 8
6 13 5 31
3 9 15 28
0 13 13 30
1 12 32 24
10 14 46 19
0 7 71 10
10 13 36 23
0 4 90 6
(530 270)

Arvore 113
1 8 19 20
8 10 48 11
9 11 19 23
5 13 13 26
0 11 55 11
0 2 68 8
6 13 5 31
3 9 15 28
0 13 13 30
1 12 32 24
10 14 46 19
0 7 71 10
5 14 74 10
4 10 15 33
(493 284)

Arvore 114
1 8 19 20
8 10 48 11
9 11 19 23
5 13 13 26
0 11 55 11
0 2 68 8
6 13 5 31
3 9 15 28
2 6 38 21
1 12 32 24
10 14 46 19
0 7 71 10
5 14 74 10
4 10 15 33
(518 275)

Arvore 115
1 8 19 20
8 10 48 11
9 11 19 23
5 13 13 26
0 11 55 11
0 2 68 8
6 13 5 31
3 9 15 28
0 13 13 30
1 12 32 24
10 14 46 19
0 7 71 10
10 13 36 23
1 4 87 8
(527 272)

Arvore 116
1 8 19 20
8 10 48 11
9 11 19 23
5 13 13 26
0 11 55 11
0 2 68 8
6 13 5 31
3 9 15 28
2 6 38 21
1 12 32 24
10 14 46 19
0 7 71 10
10 13 36 23
1 4 87 8
(552 263)

Arvore 117
1 8 19 20
8 10 48 11
9 11 19 23
5 13 13 26
0 11 55 11
0 2 68 8
6 13 5 31
3 9 15 28
2 6 38 21
1 12 32 24
10 14 46 19
0 7 71 10
10 11 97 2
4 10 15 33
(541 267)

Arvore 118
1 8 19 20
8 10 48 11
9 11 19 23
5 13 13 26
0 11 55 11
0 2 68 8
6 13 5 31
3 9 15 28
0 13 13 30
1 12 32 24
10 14 46 19
0 7 71 10
10 11 97 2
4 10 15 33
(516 276)

Arvore 119
1 8 19 20
8 10 48 11
9 11 19 23
5 13 13 26
0 11 55 11
0 2 68 8
6 13 5 31
3 9 15 28
2 6 38 21
1 12 32 24
10 14 46 19
0 7 71 10
6 12 25 28
4 10 15 33
(469 293)

Arvore 120
1 8 19 20
8 10 48 11
9 11 19 23
5 13 13 26
0 11 55 11
0 2 68 8
6 13 5 31
3 9 15 28
2 6 38 21
1 12 32 24
10 14 46 19
0 7 71 10
6 12 25 28
0 4 90 6
(544 266)

Arvore 121
1 8 19 20
8 10 48 11
9 11 19 23
5 13 13 26
0 11 55 11
0 2 68 8
6 13 5 31
3 9 15 28
2 6 38 21
1 12 32 24
0 7 71 10
10 13 36 23
5 14 74 10
4 10 15 33
(508 279)

Arvore 122
1 8 19 20
8 10 48 11
9 11 19 23
5 13 13 26
0 11 55 11
0 2 68 8
6 13 5 31
3 9 15 28
2 6 38 21
10 14 46 19
0 7 71 10
10 13 36 23
6 12 25 28
4 10 15 33
(473 292)

Arvore 123
1 8 19 20
8 10 48 11
9 11 19 23
5 13 13 26
0 11 55 11
0 2 68 8
6 13 5 31
3 9 15 28
2 6 38 21
10 14 46 19
0 7 71 10
10 13 36 23
6 12 25 28
0 4 90 6
(548 265)

Arvore 124
1 8 19 20
8 10 48 11
9 11 19 23
5 13 13 26
0 11 55 11
0 2 68 8
6 13 5 31
3 9 15 28
0 13 13 30
10 14 46 19
0 7 71 10
10 13 36 23
6 12 25 28
0 4 90 6
(523 274)

Arvore 125
1 8 19 20
8 10 48 11
9 11 19 23
5 13 13 26
0 11 55 11
0 2 68 8
3 9 15 28
0 13 13 30
2 6 38 21
1 12 32 24
10 14 46 19
0 7 71 10
10 13 36 23
4 10 15 33
(488 287)

Arvore 126
1 8 19 20
8 10 48 11
9 11 19 23
5 13 13 26
0 11 55 11
6 13 5 31
3 9 15 28
0 13 13 30
2 6 38 21
1 12 32 24
10 14 46 19
0 7 71 10
10 13 36 23
0 4 90 6
(500 283)

Arvore 127
1 8 19 20
8 10 48 11
9 11 19 23
5 13 13 26
0 11 55 11
0 2 68 8
6 13 5 31
3 9 15 28
1 12 32 24
10 14 46 19
0 7 71 10
10 13 36 23
10 11 97 2
4 10 15 33
(539 269)

Arvore 128
1 8 19 20
8 10 48 11
9 11 19 23
5 13 13 26
0 11 55 11
0 2 68 8
6 13 5 31
3 9 15 28
2 6 38 21
1 12 32 24
10 14 46 19
0 7 71 10
4 10 15 33
2 14 63 17
(507 282)

Arvore 129
1 8 19 20
8 10 48 11
9 11 19 23
0 11 55 11
5 13 13 26
0 2 68 8
6 13 5 31
3 9 15 28
2 6 38 21
0 7 71 10
10 14 46 19
1 12 32 24
5 14 74 10
0 4 90 6
(593 248)

Arvore 130
1 8 19 20
8 10 48 11
9 11 19 23
0 11 55 11
5 13 13 26
0 2 68 8
6 13 5 31
3 9 15 28
0 7 71 10
0 13 13 30
10 14 46 19
1 12 32 24
10 11 97 2
0 4 90 6
(591 249)

Arvore 131
1 8 19 20
8 10 48 11
9 11 19 23
0 11 55 11
5 13 13 26
0 2 68 8
6 13 5 31
3 9 15 28
0 7 71 10
0 13 13 30
10 14 46 19
1 12 32 24
5 14 74 10
0 4 90 6
(568 257)

Arvore 132
1 8 19 20
8 10 48 11
9 11 19 23
0 11 55 11
5 13 13 26
0 2 68 8
6 13 5 31
3 9 15 28
2 6 38 21
0 7 71 10
1 12 32 24
10 13 36 23
5 14 74 10
0 4 90 6
(583 252)

Arvore 133
1 8 19 20
8 10 48 11
9 11 19 23
0 11 55 11
5 13 13 26
0 2 68 8
6 13 5 31
3 9 15 28
2 6 38 21
0 7 71 10
10 14 46 19
1 12 32 24
10 11 97 2
1 4 87 8
(613 242)

Arvore 134
1 8 19 20
8 10 48 11
9 11 19 23
0 11 55 11
5 13 13 26
0 2 68 8
6 13 5 31
3 9 15 28
2 6 38 21
0 7 71 10
10 14 46 19
1 12 32 24
5 14 74 10
1 4 87 8
(590 250)

Arvore 135
1 8 19 20
8 10 48 11
9 11 19 23
0 11 55 11
5 13 13 26
0 2 68 8
6 13 5 31
3 9 15 28
0 7 71 10
0 13 13 30
10 14 46 19
1 12 32 24
10 11 97 2
1 4 87 8
(588 251)

Arvore 136
1 8 19 20
8 10 48 11
9 11 19 23
0 11 55 11
5 13 13 26
0 2 68 8
6 13 5 31
3 9 15 28
0 7 71 10
0 13 13 30
10 14 46 19
1 12 32 24
5 14 74 10
1 4 87 8
(565 259)

Arvore 137
1 8 19 20
8 10 48 11
9 11 19 23
0 11 55 11
5 13 13 26
0 2 68 8
6 13 5 31
3 9 15 28
2 6 38 21
0 7 71 10
10 14 46 19
10 11 97 2
6 12 25 28
0 4 90 6
(609 244)

Arvore 138
1 8 19 20
8 10 48 11
9 11 19 23
0 11 55 11
5 13 13 26
0 2 68 8
6 13 5 31
3 9 15 28
2 6 38 21
0 7 71 10
1 12 32 24
10 13 36 23
5 14 74 10
1 4 87 8
(580 254)

Arvore 139
1 8 19 20
8 10 48 11
9 11 19 23
0 11 55 11
5 13 13 26
0 2 68 8
3 9 15 28
2 6 38 21
0 7 71 10
0 13 13 30
10 14 46 19
1 12 32 24
10 13 36 23
0 4 90 6
(563 260)

Arvore 140
1 8 19 20
8 10 48 11
9 11 19 23
0 11 55 11
5 13 13 26
0 2 68 8
3 9 15 28
2 6 38 21
0 7 71 10
0 13 13 30
10 14 46 19
1 12 32 24
5 14 74 10
0 4 90 6
(601 247)

Arvore 141
1 8 19 20
8 10 48 11
9 11 19 23
0 11 55 11
5 13 13 26
0 2 68 8
6 13 5 31
3 9 15 28
2 6 38 21
0 7 71 10
10 13 36 23
5 14 74 10
6 12 25 28
0 4 90 6
(576 256)

Arvore 142
1 8 19 20
8 10 48 11
9 11 19 23
0 11 55 11
5 13 13 26
0 2 68 8
6 13 5 31
3 9 15 28
2 6 38 21
0 7 71 10
10 14 46 19
10 11 97 2
6 12 25 28
1 4 87 8
(606 246)

Arvore 143
1 8 19 20
8 10 48 11
0 11 55 11
9 11 19 23
0 2 68 8
5 13 13 26
6 13 5 31
3 9 15 28
0 7 71 10
10 11 97 2
2 6 38 21
5 14 74 10
1 12 32 24
1 4 87 8
(641 233)

Arvore 144
1 8 19 20
8 10 48 11
0 11 55 11
9 11 19 23
0 2 68 8
5 13 13 26
3 9 15 28
0 7 71 10
10 11 97 2
2 6 38 21
10 14 46 19
0 13 13 30
1 12 32 24
0 4 90 6
(624 239)

Arvore 145
1 8 19 20
8 10 48 11
0 11 55 11
9 11 19 23
0 2 68 8
5 13 13 26
6 13 5 31
3 9 15 28
0 7 71 10
10 11 97 2
2 6 38 21
5 14 74 10
0 4 90 6
6 12 25 28
(637 235)

Arvore 146
1 8 19 20
8 10 48 11
0 11 55 11
9 11 19 23
0 2 68 8
5 13 13 26
6 13 5 31
3 9 15 28
0 7 71 10
10 11 97 2
2 6 38 21
5 14 74 10
1 4 87 8
6 12 25 28
(634 237)

Arvore 147
1 8 19 20
8 10 48 11
0 11 55 11
9 11 19 23
0 2 68 8
5 13 13 26
6 13 5 31
3 9 15 28
0 7 71 10
10 11 97 2
5 14 74 10
1 12 32 24
0 4 90 6
6 12 25 28
(631 238)

Arvore 148
8 10 48 11
1 8 19 20
0 11 55 11
0 2 68 8
9 11 19 23
5 13 13 26
10 11 97 2
0 7 71 10
5 14 74 10
0 4 90 6
3 9 15 28
6 13 5 31
10 14 46 19
1 12 32 24
(652 229)

Arvore 149
8 10 48 11
1 8 19 20
0 11 55 11
0 2 68 8
9 11 19 23
5 13 13 26
10 11 97 2
0 7 71 10
5 14 74 10
2 6 38 21
0 4 90 6
3 9 15 28
1 12 32 24
10 13 36 23
(675 223)

Arvore 150
8 10 48 11
1 8 19 20
0 11 55 11
0 2 68 8
9 11 19 23
5 13 13 26
10 11 97 2
0 7 71 10
5 14 74 10
2 6 38 21
3 9 15 28
10 14 46 19
1 12 32 24
1 4 87 8
(682 221)

Arvore 151
8 10 48 11
1 8 19 20
0 11 55 11
0 2 68 8
9 11 19 23
5 13 13 26
10 11 97 2
0 7 71 10
5 14 74 10
2 6 38 21
3 9 15 28
1 12 32 24
1 4 87 8
10 13 36 23
(672 225)

Arvore 152
8 10 48 11
1 8 19 20
0 11 55 11
0 2 68 8
9 11 19 23
5 13 13 26
10 11 97 2
0 7 71 10
5 14 74 10
2 6 38 21
0 4 90 6
3 9 15 28
10 13 36 23
6 12 25 28
(668 227)

Arvore 153
8 10 48 11
0 11 55 11
1 8 19 20
0 2 68 8
10 11 97 2
0 7 71 10
9 11 19 23
5 14 74 10
5 13 13 26
1 4 87 8
10 14 46 19
2 6 38 21
3 9 15 28
5 12 97 8
(747 205)

Arvore 154
8 10 48 11
0 11 55 11
1 8 19 20
0 2 68 8
10 11 97 2
0 7 71 10
9 11 19 23
0 4 90 6
5 14 74 10
5 13 13 26
2 6 38 21
3 9 15 28
10 13 36 23
5 12 97 8
(740 207)

Arvore 155
8 10 48 11
0 11 55 11
1 8 19 20
0 2 68 8
10 11 97 2
0 7 71 10
9 11 19 23
0 4 90 6
5 14 74 10
5 13 13 26
2 6 38 21
3 9 15 28
1 12 32 24
5 12 97 8
(736 208)

Arvore 156
8 10 48 11
0 11 55 11
1 8 19 20
0 2 68 8
10 11 97 2
0 7 71 10
9 11 19 23
0 4 90 6
5 14 74 10
5 13 13 26
10 14 46 19
3 9 15 28
5 12 97 8
6 13 5 31
(717 213)

Arvore 157
8 10 48 11
0 11 55 11
1 8 19 20
0 2 68 8
10 11 97 2
0 7 71 10
9 11 19 23
0 4 90 6
5 14 74 10
5 13 13 26
2 6 38 21
3 9 15 28
5 12 97 8
6 13 5 31
(709 215)

Arvore 158
8 10 48 11
0 11 55 11
1 8 19 20
0 2 68 8
10 11 97 2
0 7 71 10
9 11 19 23
0 4 90 6
5 14 74 10
5 13 13 26
2 6 38 21
3 9 15 28
1 12 32 24
9 14 91 10
(730 210)

Arvore 159
8 10 48 11
0 11 55 11
1 8 19 20
0 2 68 8
10 11 97 2
0 7 71 10
9 11 19 23
0 4 90 6
5 14 74 10
5 13 13 26
2 6 38 21
3 9 15 28
1 12 32 24
2 14 63 17
(702 217)

Arvore 160
8 10 48 11
0 11 55 11
1 8 19 20
0 2 68 8
10 11 97 2
0 7 71 10
9 11 19 23
0 4 90 6
5 14 74 10
10 14 46 19
2 6 38 21
3 9 15 28
10 13 36 23
1 12 32 24
(708 216)

Arvore 161
8 10 48 11
0 11 55 11
1 8 19 20
0 2 68 8
10 11 97 2
0 7 71 10
9 11 19 23
5 14 74 10
5 13 13 26
1 4 87 8
2 6 38 21
3 9 15 28
1 12 32 24
9 14 91 10
(727 212)

Arvore 162
8 10 48 11
10 11 97 2
0 2 68 8
0 11 55 11
1 8 19 20
0 4 90 6
0 7 71 10
5 14 74 10
9 11 19 23
5 12 97 8
5 13 13 26
2 6 38 21
2 14 63 17
3 9 15 28
(767 201)

Arvore 163
8 10 48 11
10 11 97 2
0 2 68 8
0 11 55 11
1 8 19 20
0 7 71 10
5 14 74 10
1 4 87 8
9 11 19 23
5 12 97 8
9 14 91 10
5 13 13 26
2 6 38 21
3 9 15 28
(792 196)

Arvore 164
8 10 48 11
10 11 97 2
0 2 68 8
0 11 55 11
1 8 19 20
0 4 90 6
0 7 71 10
5 14 74 10
9 11 19 23
5 12 97 8
10 14 46 19
2 6 38 21
10 13 36 23
3 9 15 28
(773 200)

Arvore 165
8 10 48 11
10 11 97 2
0 2 68 8
0 11 55 11
1 8 19 20
0 4 90 6
0 7 71 10
5 14 74 10
9 11 19 23
5 12 97 8
5 13 13 26
2 6 38 21
11 13 87 13
3 9 15 28
(791 197)

Arvore 166
8 10 48 11
10 11 97 2
0 2 68 8
0 11 55 11
1 8 19 20
0 4 90 6
0 7 71 10
5 14 74 10
9 11 19 23
5 12 97 8
2 6 38 21
2 14 63 17
10 13 36 23
3 9 15 28
(790 198)

Arvore 167
8 10 48 11
10 11 97 2
0 2 68 8
0 11 55 11
1 8 19 20
0 4 90 6
0 7 71 10
5 14 74 10
9 11 19 23
5 12 97 8
9 14 91 10
2 6 38 21
3 9 15 28
6 13 5 31
(787 199)

Arvore 168
10 11 97 2
8 10 48 11
0 2 68 8
0 11 55 11
0 4 90 6
0 7 71 10
5 14 74 10
1 8 19 20
5 12 97 8
9 14 91 10
10 14 46 19
2 6 38 21
5 13 13 26
3 9 15 28
(822 190)

Arvore 169
10 11 97 2
8 10 48 11
0 2 68 8
0 11 55 11
0 4 90 6
0 7 71 10
5 14 74 10
1 8 19 20
5 12 97 8
9 14 91 10
9 11 19 23
2 6 38 21
10 13 36 23
3 9 15 28
(818 191)

Arvore 170
10 11 97 2
8 10 48 11
0 2 68 8
0 11 55 11
0 4 90 6
0 7 71 10
5 14 74 10
1 8 19 20
5 12 97 8
9 14 91 10
9 11 19 23
2 6 38 21
5 13 13 26
2 3 76 19
(856 185)

Arvore 171
10 11 97 2
8 10 48 11
0 2 68 8
0 11 55 11
0 4 90 6
0 7 71 10
5 14 74 10
1 8 19 20
5 12 97 8
9 14 91 10
2 6 38 21
2 14 63 17
5 13 13 26
3 9 15 28
(839 188)

Arvore 172
10 11 97 2
8 10 48 11
0 2 68 8
0 11 55 11
0 4 90 6
0 7 71 10
5 14 74 10
1 8 19 20
5 12 97 8
9 14 91 10
10 14 46 19
2 6 38 21
10 13 36 23
3 9 15 28
(845 187)

Arvore 173
10 11 97 2
8 10 48 11
0 2 68 8
0 11 55 11
0 4 90 6
0 7 71 10
5 14 74 10
1 4 87 8
5 12 97 8
9 11 19 23
2 6 38 21
2 14 63 17
5 13 13 26
3 9 15 28
(835 189)

Arvore 174
10 11 97 2
8 10 48 11
0 2 68 8
0 11 55 11
0 7 71 10
5 14 74 10
1 8 19 20
1 4 87 8
5 12 97 8
9 14 91 10
9 11 19 23
2 6 38 21
10 13 36 23
3 9 15 28
(815 193)

Arvore 175
10 11 97 2
8 10 48 11
0 2 68 8
0 11 55 11
0 4 90 6
0 7 71 10
5 14 74 10
1 8 19 20
5 12 97 8
9 14 91 10
9 11 19 23
2 6 38 21
11 13 87 13
3 9 15 28
(869 181)

Arvore 176
10 11 97 2
8 10 48 11
0 2 68 8
0 11 55 11
0 4 90 6
0 7 71 10
5 14 74 10
1 4 87 8
5 12 97 8
9 14 91 10
10 14 46 19
2 6 38 21
5 13 13 26
3 9 15 28
(890 178)

Arvore 177
10 11 97 2
8 10 48 11
0 2 68 8
0 11 55 11
0 4 90 6
0 7 71 10
5 14 74 10
1 8 19 20
5 12 97 8
9 14 91 10
10 14 46 19
2 6 38 21
11 13 87 13
3 9 15 28
(896 177)

Arvore 178
10 11 97 2
8 10 48 11
0 2 68 8
0 11 55 11
0 4 90 6
0 7 71 10
5 14 74 10
1 4 87 8
5 12 97 8
9 14 91 10
9 11 19 23
2 6 38 21
10 13 36 23
3 9 15 28
(886 179)

Arvore 179
10 11 97 2
8 10 48 11
0 2 68 8
0 11 55 11
0 4 90 6
0 7 71 10
5 14 74 10
1 4 87 8
5 12 97 8
9 14 91 10
9 11 19 23
2 6 38 21
5 13 13 26
2 3 76 19
(924 173)

Arvore 180
10 11 97 2
8 10 48 11
0 2 68 8
0 11 55 11
0 4 90 6
0 7 71 10
5 14 74 10
1 4 87 8
5 12 97 8
9 14 91 10
2 6 38 21
2 14 63 17
5 13 13 26
3 9 15 28
(907 176)

Arvore 181
10 11 97 2
8 10 48 11
0 2 68 8
0 11 55 11
0 4 90 6
0 7 71 10
5 14 74 10
1 8 19 20
5 12 97 8
9 14 91 10
9 11 19 23
2 6 38 21
11 13 87 13
2 3 76 19
(930 172)

Arvore 182
10 11 97 2
8 10 48 11
0 2 68 8
0 11 55 11
0 4 90 6
0 7 71 10
5 14 74 10
1 4 87 8
5 12 97 8
9 14 91 10
10 14 46 19
2 6 38 21
10 13 36 23
3 9 15 28
(913 175)

Arvore 183
10 11 97 2
0 2 68 8
8 10 48 11
0 11 55 11
0 4 90 6
0 7 71 10
5 14 74 10
5 12 97 8
1 8 19 20
9 14 91 10
10 14 46 19
11 13 87 13
2 6 38 21
2 3 76 19
(957 168)

Arvore 184
10 11 97 2
0 2 68 8
8 10 48 11
0 11 55 11
0 4 90 6
0 7 71 10
1 4 87 8
5 14 74 10
5 12 97 8
9 14 91 10
9 11 19 23
11 13 87 13
2 6 38 21
2 3 76 19
(998 160)

Arvore 185
10 11 97 2
0 2 68 8
8 10 48 11
0 11 55 11
0 4 90 6
0 7 71 10
1 4 87 8
5 14 74 10
5 12 97 8
9 14 91 10
11 13 87 13
2 14 63 17
2 6 38 21
3 9 15 28
(981 163)

