Fim da primeira fase ... 
0
Fim da segunda fase ... 
206
2.06
Total: 2.06
Suportadas = 34
Nao suportadas = 155
TOTAL DE SOLUCOES = 189

SUPORTADAS: 

Arvore 1
9 15 0 37
1 2 2 39
1 10 2 56
1 15 4 52
4 5 4 96
3 6 6 61
6 16 7 72
4 6 7 83
8 11 7 90
2 4 7 92
9 11 8 30
7 11 9 28
13 14 9 81
8 14 18 68
0 11 20 45
8 12 28 31
(138 961)

Arvore 2
9 15 0 37
1 2 2 39
1 10 2 56
1 15 4 52
3 6 6 61
4 5 4 96
9 11 8 30
6 15 8 32
7 11 9 28
6 16 7 72
4 6 7 83
8 11 7 90
13 14 9 81
8 14 18 68
0 11 20 45
8 12 28 31
(139 901)

Arvore 3
9 15 0 37
1 2 2 39
1 10 2 56
1 15 4 52
9 11 8 30
6 15 8 32
7 11 9 28
3 6 6 61
4 5 4 96
6 16 7 72
6 8 10 49
4 6 7 83
13 14 9 81
0 11 20 45
8 14 18 68
8 12 28 31
(142 860)

Arvore 4
9 15 0 37
1 2 2 39
9 11 8 30
1 10 2 56
6 15 8 32
7 11 9 28
1 15 4 52
3 6 6 61
3 8 13 34
6 16 7 72
4 6 7 83
4 5 4 96
13 14 9 81
0 11 20 45
8 14 18 68
8 12 28 31
(145 845)

Arvore 5
9 15 0 37
1 2 2 39
9 11 8 30
7 11 9 28
6 15 8 32
1 10 2 56
1 15 4 52
3 8 13 34
3 6 6 61
6 16 7 72
4 6 7 83
4 5 4 96
13 14 9 81
0 11 20 45
9 14 32 15
8 12 28 31
(159 792)

Arvore 6
9 15 0 37
1 2 2 39
9 11 8 30
7 11 9 28
6 15 8 32
1 10 2 56
1 15 4 52
3 8 13 34
3 6 6 61
3 16 10 62
4 6 7 83
0 11 20 45
4 5 4 96
13 14 9 81
9 14 32 15
8 12 28 31
(162 782)

Arvore 7
9 15 0 37
1 2 2 39
9 11 8 30
7 11 9 28
6 15 8 32
1 10 2 56
1 15 4 52
3 8 13 34
6 8 10 49
3 16 10 62
0 11 20 45
4 6 7 83
9 14 32 15
13 14 9 81
4 5 4 96
8 12 28 31
(166 770)

Arvore 8
9 15 0 37
1 2 2 39
9 11 8 30
7 11 9 28
6 15 8 32
1 10 2 56
1 15 4 52
3 8 13 34
3 11 21 19
3 16 10 62
0 11 20 45
9 14 32 15
4 6 7 83
13 14 9 81
8 12 28 31
4 5 4 96
(177 740)

Arvore 9
9 15 0 37
1 2 2 39
9 11 8 30
7 11 9 28
6 15 8 32
1 10 2 56
1 15 4 52
3 8 13 34
3 11 21 19
3 16 10 62
0 11 20 45
9 14 32 15
0 4 21 46
8 12 28 31
13 14 9 81
4 5 4 96
(191 703)

Arvore 10
9 15 0 37
1 2 2 39
9 11 8 30
7 11 9 28
6 15 8 32
1 10 2 56
1 15 4 52
3 8 13 34
3 11 21 19
3 16 10 62
0 11 20 45
9 14 32 15
0 4 21 46
8 12 28 31
13 14 9 81
5 16 22 50
(209 657)

Arvore 11
9 15 0 37
1 2 2 39
9 11 8 30
7 11 9 28
6 15 8 32
1 10 2 56
1 11 14 30
3 8 13 34
3 11 21 19
3 16 10 62
9 14 32 15
0 11 20 45
0 4 21 46
8 12 28 31
5 16 22 50
13 14 9 81
(219 635)

Arvore 12
9 15 0 37
1 2 2 39
9 11 8 30
7 11 9 28
6 15 8 32
1 11 14 30
1 10 2 56
3 8 13 34
3 11 21 19
9 14 32 15
3 16 10 62
0 11 20 45
8 12 28 31
0 4 21 46
5 16 22 50
7 13 34 30
(244 584)

Arvore 13
9 15 0 37
1 2 2 39
7 11 9 28
9 11 8 30
6 15 8 32
1 11 14 30
3 11 21 19
3 8 13 34
1 10 2 56
9 14 32 15
7 16 18 46
8 12 28 31
0 11 20 45
0 4 21 46
7 13 34 30
5 16 22 50
(252 568)

Arvore 14
9 15 0 37
7 11 9 28
9 11 8 30
1 2 2 39
6 15 8 32
3 11 21 19
1 11 14 30
3 8 13 34
9 14 32 15
1 10 2 56
8 12 28 31
7 16 18 46
0 11 20 45
0 4 21 46
7 13 34 30
1 5 45 20
(275 538)

Arvore 15
9 15 0 37
7 11 9 28
9 11 8 30
1 2 2 39
6 15 8 32
3 11 21 19
1 11 14 30
3 8 13 34
9 14 32 15
1 10 2 56
8 12 28 31
7 16 18 46
0 3 39 22
7 13 34 30
0 4 21 46
1 5 45 20
(294 515)

Arvore 16
7 11 9 28
3 11 21 19
9 11 8 30
9 15 0 37
6 15 8 32
1 2 2 39
9 14 32 15
1 11 14 30
3 8 13 34
0 3 39 22
8 12 28 31
1 5 45 20
7 13 34 30
1 10 2 56
15 16 56 14
0 4 21 46
(332 483)

Arvore 17
3 11 21 19
7 11 9 28
9 11 8 30
9 15 0 37
6 15 8 32
9 14 32 15
1 11 14 30
1 2 2 39
3 8 13 34
0 3 39 22
8 12 28 31
1 5 45 20
7 13 34 30
15 16 56 14
1 10 2 56
4 14 60 16
(371 453)

Arvore 18
3 11 21 19
7 11 9 28
9 11 8 30
9 15 0 37
9 14 32 15
6 15 8 32
1 11 14 30
1 2 2 39
3 8 13 34
0 3 39 22
8 12 28 31
1 5 45 20
15 16 56 14
7 13 34 30
10 15 56 17
4 14 60 16
(425 414)

Arvore 19
3 11 21 19
7 11 9 28
9 14 32 15
9 11 8 30
6 15 8 32
9 15 0 37
1 7 27 22
1 2 2 39
3 8 13 34
0 3 39 22
1 5 45 20
8 12 28 31
15 16 56 14
7 13 34 30
10 15 56 17
4 14 60 16
(438 406)

Arvore 20
3 11 21 19
9 14 32 15
7 11 9 28
9 11 8 30
6 15 8 32
1 7 27 22
9 15 0 37
1 8 39 19
1 2 2 39
0 3 39 22
15 16 56 14
1 5 45 20
8 12 28 31
10 15 56 17
4 14 60 16
7 13 34 30
(464 391)

Arvore 21
3 11 21 19
9 14 32 15
7 11 9 28
9 11 8 30
1 7 27 22
6 15 8 32
9 15 0 37
1 8 39 19
1 2 2 39
0 3 39 22
15 16 56 14
1 5 45 20
0 12 77 6
10 15 56 17
4 14 60 16
7 13 34 30
(513 366)

Arvore 22
3 11 21 19
9 14 32 15
7 11 9 28
9 11 8 30
1 7 27 22
6 15 8 32
1 8 39 19
9 15 0 37
15 16 56 14
0 3 39 22
1 2 2 39
1 5 45 20
0 12 77 6
10 15 56 17
4 14 60 16
13 15 56 19
(535 355)

Arvore 23
3 11 21 19
9 14 32 15
7 11 9 28
1 7 27 22
9 11 8 30
1 8 39 19
6 15 8 32
8 15 63 10
15 16 56 14
0 12 77 6
0 3 39 22
1 5 45 20
1 2 2 39
10 15 56 17
4 14 60 16
13 15 56 19
(598 328)

Arvore 24
3 11 21 19
9 14 32 15
7 11 9 28
1 7 27 22
9 11 8 30
8 15 63 10
1 8 39 19
0 12 77 6
15 16 56 14
6 15 8 32
0 6 82 5
1 5 45 20
10 15 56 17
4 14 60 16
13 15 56 19
1 2 2 39
(641 311)

Arvore 25
9 14 32 15
3 11 21 19
8 15 63 10
0 12 77 6
1 7 27 22
0 6 82 5
7 11 9 28
1 8 39 19
15 16 56 14
9 11 8 30
1 5 45 20
0 3 39 22
10 15 56 17
4 14 60 16
13 15 56 19
1 2 2 39
(672 301)

Arvore 26
9 14 32 15
3 11 21 19
8 15 63 10
0 12 77 6
0 6 82 5
1 7 27 22
15 16 56 14
1 8 39 19
7 11 9 28
9 11 8 30
1 5 45 20
10 15 56 17
0 3 39 22
4 14 60 16
13 15 56 19
2 3 90 12
(760 274)

Arvore 27
9 14 32 15
3 11 21 19
0 12 77 6
8 15 63 10
0 6 82 5
15 16 56 14
1 7 27 22
1 8 39 19
7 11 9 28
10 15 56 17
4 14 60 16
4 16 60 16
1 5 45 20
0 3 39 22
13 15 56 19
2 3 90 12
(812 260)

Arvore 28
9 14 32 15
3 11 21 19
0 12 77 6
0 6 82 5
8 15 63 10
15 16 56 14
1 16 74 10
1 7 27 22
7 11 9 28
10 15 56 17
4 14 60 16
4 16 60 16
1 5 45 20
0 3 39 22
13 15 56 19
2 3 90 12
(847 251)

Arvore 29
9 14 32 15
0 12 77 6
3 11 21 19
0 6 82 5
8 15 63 10
15 16 56 14
1 16 74 10
1 7 27 22
4 14 60 16
4 16 60 16
10 15 56 17
7 11 9 28
1 5 45 20
0 7 77 13
13 15 56 19
2 3 90 12
(885 242)

Arvore 30
9 14 32 15
0 12 77 6
0 6 82 5
3 11 21 19
8 15 63 10
1 16 74 10
15 16 56 14
1 7 27 22
4 14 60 16
4 16 60 16
10 15 56 17
1 5 45 20
7 11 9 28
0 7 77 13
0 13 100 9
2 3 90 12
(929 232)

Arvore 31
0 6 82 5
0 12 77 6
9 14 32 15
8 15 63 10
3 11 21 19
1 16 74 10
15 16 56 14
1 7 27 22
4 14 60 16
4 16 60 16
10 15 56 17
0 7 77 13
0 13 100 9
11 15 85 12
1 5 45 20
2 3 90 12
(1005 216)

Arvore 32
0 6 82 5
0 12 77 6
8 15 63 10
9 14 32 15
1 16 74 10
15 16 56 14
3 11 21 19
0 13 100 9
0 7 77 13
11 15 85 12
2 3 90 12
4 14 60 16
4 16 60 16
10 15 56 17
5 14 80 15
1 7 27 22
(1040 211)

Arvore 33
0 6 82 5
0 12 77 6
8 15 63 10
1 16 74 10
0 13 100 9
9 14 32 15
15 16 56 14
11 15 85 12
0 7 77 13
2 3 90 12
3 11 21 19
4 14 60 16
4 16 60 16
10 15 56 17
0 14 91 14
5 14 80 15
(1104 203)

Arvore 34
0 6 82 5
0 12 77 6
0 13 100 9
8 15 63 10
1 16 74 10
11 15 85 12
2 3 90 12
0 7 77 13
15 16 56 14
0 14 91 14
9 14 32 15
5 14 80 15
4 14 60 16
4 16 60 16
10 15 56 17
3 9 96 17
(1179 201)


NAO SUPORTADAS: 
Arvore 35
9 15 0 37
1 2 2 39
9 11 8 30
7 11 9 28
6 15 8 32
1 10 2 56
1 15 4 52
3 8 13 34
3 6 6 61
3 16 10 62
4 6 7 83
4 5 4 96
13 14 9 81
0 11 20 45
8 14 18 68
8 12 28 31
(148 835)

Arvore 36
9 15 0 37
1 2 2 39
9 11 8 30
7 11 9 28
6 15 8 32
1 10 2 56
1 15 4 52
3 8 13 34
6 8 10 49
6 16 7 72
4 6 7 83
4 5 4 96
13 14 9 81
0 11 20 45
8 14 18 68
8 12 28 31
(149 833)

Arvore 37
9 15 0 37
1 2 2 39
9 11 8 30
7 11 9 28
6 15 8 32
1 10 2 56
1 15 4 52
3 6 6 61
6 8 10 49
6 16 7 72
4 6 7 83
4 5 4 96
13 14 9 81
0 11 20 45
9 14 32 15
8 12 28 31
(156 807)

Arvore 38
9 15 0 37
1 2 2 39
9 11 8 30
7 11 9 28
6 15 8 32
1 10 2 56
1 15 4 52
3 8 13 34
6 8 10 49
3 16 10 62
4 6 7 83
4 5 4 96
13 14 9 81
0 11 20 45
8 14 18 68
8 12 28 31
(152 823)

Arvore 39
9 15 0 37
1 2 2 39
9 11 8 30
7 11 9 28
6 15 8 32
1 10 2 56
1 15 4 52
3 8 13 34
6 8 10 49
6 16 7 72
4 6 7 83
0 11 20 45
4 5 4 96
13 14 9 81
9 14 32 15
8 12 28 31
(163 780)

Arvore 40
9 15 0 37
1 2 2 39
9 11 8 30
7 11 9 28
6 15 8 32
1 10 2 56
1 15 4 52
3 8 13 34
3 11 21 19
6 16 7 72
0 11 20 45
4 6 7 83
9 14 32 15
13 14 9 81
4 5 4 96
8 12 28 31
(174 750)

Arvore 41
9 15 0 37
1 2 2 39
9 11 8 30
7 11 9 28
6 15 8 32
1 10 2 56
1 15 4 52
3 8 13 34
3 6 6 61
3 16 10 62
0 11 20 45
9 14 32 15
0 4 21 46
13 14 9 81
4 5 4 96
8 12 28 31
(176 745)

Arvore 42
9 15 0 37
1 2 2 39
9 11 8 30
7 11 9 28
6 15 8 32
1 10 2 56
1 15 4 52
3 8 13 34
3 6 6 61
6 16 7 72
0 11 20 45
9 14 32 15
0 4 21 46
13 14 9 81
4 5 4 96
8 12 28 31
(173 755)

Arvore 43
9 15 0 37
1 2 2 39
9 11 8 30
7 11 9 28
6 15 8 32
1 10 2 56
1 11 14 30
3 8 13 34
3 6 6 61
3 16 10 62
0 11 20 45
4 6 7 83
9 14 32 15
13 14 9 81
4 5 4 96
8 12 28 31
(172 760)

Arvore 44
9 15 0 37
1 2 2 39
9 11 8 30
7 11 9 28
6 15 8 32
1 10 2 56
1 15 4 52
3 8 13 34
3 6 6 61
7 16 18 46
0 11 20 45
4 6 7 83
9 14 32 15
13 14 9 81
4 5 4 96
8 12 28 31
(170 766)

Arvore 45
9 15 0 37
1 2 2 39
9 11 8 30
7 11 9 28
6 15 8 32
1 10 2 56
1 15 4 52
6 8 10 49
3 11 21 19
6 16 7 72
0 11 20 45
4 6 7 83
9 14 32 15
13 14 9 81
4 5 4 96
8 12 28 31
(171 765)

Arvore 46
9 15 0 37
1 2 2 39
9 11 8 30
7 11 9 28
6 15 8 32
1 10 2 56
1 15 4 52
3 8 13 34
6 8 10 49
3 16 10 62
0 11 20 45
9 14 32 15
0 4 21 46
13 14 9 81
8 12 28 31
4 5 4 96
(180 733)

Arvore 47
9 15 0 37
1 2 2 39
9 11 8 30
7 11 9 28
6 15 8 32
1 10 2 56
1 15 4 52
3 8 13 34
3 11 21 19
6 16 7 72
0 11 20 45
9 14 32 15
0 4 21 46
13 14 9 81
8 12 28 31
4 5 4 96
(188 713)

Arvore 48
9 15 0 37
1 2 2 39
9 11 8 30
7 11 9 28
6 15 8 32
1 10 2 56
1 15 4 52
3 8 13 34
6 8 10 49
3 16 10 62
0 11 20 45
9 14 32 15
4 6 7 83
13 14 9 81
8 12 28 31
5 16 22 50
(184 724)

Arvore 49
9 15 0 37
1 2 2 39
9 11 8 30
7 11 9 28
6 15 8 32
1 10 2 56
1 11 14 30
3 8 13 34
3 11 21 19
3 16 10 62
0 11 20 45
9 14 32 15
4 6 7 83
13 14 9 81
8 12 28 31
4 5 4 96
(187 718)

Arvore 50
9 15 0 37
1 2 2 39
9 11 8 30
7 11 9 28
6 15 8 32
1 10 2 56
1 11 14 30
3 8 13 34
6 8 10 49
3 16 10 62
0 11 20 45
9 14 32 15
0 4 21 46
13 14 9 81
8 12 28 31
4 5 4 96
(190 711)

Arvore 51
9 15 0 37
1 2 2 39
9 11 8 30
7 11 9 28
6 15 8 32
1 10 2 56
1 11 14 30
3 8 13 34
3 6 6 61
3 16 10 62
0 11 20 45
9 14 32 15
0 4 21 46
13 14 9 81
8 12 28 31
4 5 4 96
(186 723)

Arvore 52
9 15 0 37
1 2 2 39
9 11 8 30
7 11 9 28
6 15 8 32
1 10 2 56
1 15 4 52
3 8 13 34
3 11 21 19
3 16 10 62
0 11 20 45
9 14 32 15
4 6 7 83
8 12 28 31
13 14 9 81
5 16 22 50
(195 694)

Arvore 53
9 15 0 37
1 2 2 39
9 11 8 30
7 11 9 28
6 15 8 32
1 10 2 56
1 15 4 52
3 8 13 34
6 8 10 49
3 16 10 62
0 11 20 45
9 14 32 15
0 4 21 46
8 12 28 31
13 14 9 81
5 16 22 50
(198 687)

Arvore 54
9 15 0 37
1 2 2 39
9 11 8 30
7 11 9 28
6 15 8 32
1 10 2 56
1 15 4 52
3 8 13 34
3 11 21 19
6 16 7 72
0 11 20 45
9 14 32 15
0 4 21 46
8 12 28 31
13 14 9 81
5 16 22 50
(206 667)

Arvore 55
9 15 0 37
1 2 2 39
9 11 8 30
7 11 9 28
6 15 8 32
1 10 2 56
1 11 14 30
3 8 13 34
3 11 21 19
3 16 10 62
0 11 20 45
9 14 32 15
0 4 21 46
8 12 28 31
13 14 9 81
4 5 4 96
(201 681)

Arvore 56
9 15 0 37
1 2 2 39
9 11 8 30
7 11 9 28
6 15 8 32
1 10 2 56
1 15 4 52
3 8 13 34
3 6 6 61
3 16 10 62
0 11 20 45
9 14 32 15
0 4 21 46
8 12 28 31
13 14 9 81
5 16 22 50
(194 699)

Arvore 57
9 15 0 37
1 2 2 39
9 11 8 30
7 11 9 28
6 15 8 32
1 10 2 56
1 11 14 30
3 8 13 34
3 11 21 19
3 16 10 62
0 11 20 45
9 14 32 15
4 6 7 83
8 12 28 31
13 14 9 81
5 16 22 50
(205 672)

Arvore 58
9 15 0 37
1 2 2 39
9 11 8 30
7 11 9 28
6 15 8 32
1 10 2 56
1 11 14 30
3 8 13 34
6 8 10 49
3 16 10 62
0 11 20 45
9 14 32 15
0 4 21 46
8 12 28 31
13 14 9 81
5 16 22 50
(208 665)

Arvore 59
9 15 0 37
1 2 2 39
9 11 8 30
7 11 9 28
6 15 8 32
1 10 2 56
1 15 4 52
3 8 13 34
3 11 21 19
7 16 18 46
0 11 20 45
9 14 32 15
4 6 7 83
8 12 28 31
13 14 9 81
5 16 22 50
(203 678)

Arvore 60
9 15 0 37
1 2 2 39
9 11 8 30
7 11 9 28
6 15 8 32
1 10 2 56
1 11 14 30
3 8 13 34
3 6 6 61
3 16 10 62
0 11 20 45
9 14 32 15
0 4 21 46
8 12 28 31
13 14 9 81
5 16 22 50
(204 677)

Arvore 61
9 15 0 37
1 2 2 39
9 11 8 30
7 11 9 28
6 15 8 32
1 10 2 56
1 15 4 52
3 8 13 34
3 11 21 19
9 14 32 15
7 16 18 46
0 11 20 45
0 4 21 46
8 12 28 31
5 16 22 50
13 14 9 81
(217 641)

Arvore 62
9 15 0 37
1 2 2 39
9 11 8 30
7 11 9 28
6 15 8 32
1 10 2 56
1 11 14 30
3 8 13 34
3 11 21 19
9 14 32 15
6 16 7 72
0 11 20 45
0 4 21 46
8 12 28 31
5 16 22 50
13 14 9 81
(216 645)

Arvore 63
9 15 0 37
1 2 2 39
9 11 8 30
7 11 9 28
6 15 8 32
1 10 2 56
1 11 14 30
3 8 13 34
3 11 21 19
9 14 32 15
7 16 18 46
0 11 20 45
8 12 28 31
4 6 7 83
5 16 22 50
13 14 9 81
(213 656)

Arvore 64
9 15 0 37
1 2 2 39
9 11 8 30
7 11 9 28
6 15 8 32
1 11 14 30
1 10 2 56
3 8 13 34
3 11 21 19
9 14 32 15
7 16 18 46
0 11 20 45
8 12 28 31
0 4 21 46
5 16 22 50
13 14 9 81
(227 619)

Arvore 65
9 15 0 37
1 2 2 39
9 11 8 30
7 11 9 28
6 15 8 32
1 10 2 56
1 15 4 52
3 8 13 34
3 11 21 19
9 14 32 15
3 16 10 62
0 11 20 45
8 12 28 31
0 4 21 46
5 16 22 50
7 13 34 30
(234 606)

Arvore 66
9 15 0 37
1 2 2 39
9 11 8 30
7 11 9 28
6 15 8 32
1 10 2 56
1 15 4 52
3 8 13 34
3 11 21 19
9 14 32 15
7 16 18 46
0 11 20 45
8 12 28 31
0 4 21 46
5 16 22 50
7 13 34 30
(242 590)

Arvore 67
9 15 0 37
1 2 2 39
9 11 8 30
7 11 9 28
6 15 8 32
1 11 14 30
1 10 2 56
3 8 13 34
3 11 21 19
9 14 32 15
0 11 20 45
6 16 7 72
8 12 28 31
0 4 21 46
5 16 22 50
7 13 34 30
(241 594)

Arvore 68
9 15 0 37
1 2 2 39
9 11 8 30
7 11 9 28
6 15 8 32
1 10 2 56
1 15 4 52
3 8 13 34
3 11 21 19
9 14 32 15
0 11 20 45
6 16 7 72
8 12 28 31
0 4 21 46
5 16 22 50
7 13 34 30
(231 616)

Arvore 69
9 15 0 37
1 2 2 39
9 11 8 30
7 11 9 28
6 15 8 32
1 11 14 30
1 10 2 56
3 8 13 34
6 8 10 49
9 14 32 15
3 16 10 62
0 11 20 45
8 12 28 31
0 4 21 46
5 16 22 50
7 13 34 30
(233 614)

Arvore 70
9 15 0 37
1 2 2 39
9 11 8 30
7 11 9 28
6 15 8 32
1 11 14 30
1 10 2 56
3 8 13 34
3 11 21 19
9 14 32 15
7 16 18 46
0 11 20 45
8 12 28 31
5 16 22 50
4 6 7 83
7 13 34 30
(238 605)

Arvore 71
9 15 0 37
1 2 2 39
9 11 8 30
7 11 9 28
6 15 8 32
1 11 14 30
1 10 2 56
3 11 21 19
6 8 10 49
9 14 32 15
7 16 18 46
0 11 20 45
8 12 28 31
0 4 21 46
5 16 22 50
13 14 9 81
(224 634)

Arvore 72
9 15 0 37
1 2 2 39
9 11 8 30
7 11 9 28
6 15 8 32
1 11 14 30
1 10 2 56
3 8 13 34
3 11 21 19
9 14 32 15
3 16 10 62
0 11 20 45
8 12 28 31
0 4 21 46
7 13 34 30
4 5 4 96
(226 630)

Arvore 73
9 15 0 37
1 2 2 39
9 11 8 30
7 11 9 28
6 15 8 32
1 11 14 30
1 10 2 56
3 11 21 19
6 8 10 49
9 14 32 15
7 16 18 46
0 11 20 45
8 12 28 31
0 4 21 46
5 16 22 50
7 13 34 30
(249 583)

Arvore 74
9 15 0 37
7 11 9 28
9 11 8 30
1 2 2 39
6 15 8 32
3 11 21 19
1 11 14 30
3 8 13 34
9 14 32 15
1 10 2 56
8 12 28 31
7 16 18 46
0 3 39 22
0 4 21 46
7 13 34 30
5 16 22 50
(271 545)

Arvore 75
9 15 0 37
7 11 9 28
9 11 8 30
1 2 2 39
6 15 8 32
3 11 21 19
1 11 14 30
3 8 13 34
9 14 32 15
1 10 2 56
8 12 28 31
0 11 20 45
0 4 21 46
7 13 34 30
11 16 26 41
5 16 22 50
(260 563)

Arvore 76
9 15 0 37
7 11 9 28
9 11 8 30
1 2 2 39
6 15 8 32
3 11 21 19
1 11 14 30
3 8 13 34
9 14 32 15
1 10 2 56
8 12 28 31
0 11 20 45
0 4 21 46
7 13 34 30
3 16 10 62
1 5 45 20
(267 554)

Arvore 77
9 15 0 37
7 11 9 28
9 11 8 30
1 2 2 39
6 15 8 32
3 11 21 19
1 11 14 30
3 8 13 34
9 14 32 15
1 10 2 56
8 12 28 31
0 3 39 22
0 4 21 46
7 13 34 30
3 16 10 62
5 16 22 50
(263 561)

Arvore 78
9 15 0 37
7 11 9 28
9 11 8 30
1 2 2 39
6 15 8 32
3 11 21 19
3 8 13 34
9 14 32 15
1 7 27 22
1 10 2 56
8 12 28 31
7 16 18 46
0 11 20 45
0 4 21 46
7 13 34 30
5 16 22 50
(265 560)

Arvore 79
9 15 0 37
7 11 9 28
9 11 8 30
1 2 2 39
6 15 8 32
3 11 21 19
1 11 14 30
3 8 13 34
9 14 32 15
1 10 2 56
8 12 28 31
0 11 20 45
7 13 34 30
0 4 21 46
11 16 26 41
1 5 45 20
(283 533)

Arvore 80
9 15 0 37
7 11 9 28
9 11 8 30
1 2 2 39
6 15 8 32
3 11 21 19
1 11 14 30
3 8 13 34
9 14 32 15
1 10 2 56
8 12 28 31
0 3 39 22
7 13 34 30
0 4 21 46
3 16 10 62
1 5 45 20
(286 531)

Arvore 81
9 15 0 37
7 11 9 28
9 11 8 30
1 2 2 39
6 15 8 32
3 11 21 19
3 8 13 34
9 14 32 15
1 7 27 22
1 10 2 56
8 12 28 31
7 16 18 46
0 11 20 45
7 13 34 30
0 4 21 46
1 5 45 20
(288 530)

Arvore 82
7 11 9 28
3 11 21 19
9 11 8 30
9 15 0 37
6 15 8 32
1 2 2 39
1 11 14 30
9 14 32 15
3 8 13 34
8 12 28 31
0 3 39 22
1 10 2 56
1 5 45 20
7 13 34 30
11 16 26 41
0 4 21 46
(302 510)

Arvore 83
7 11 9 28
3 11 21 19
9 11 8 30
9 15 0 37
6 15 8 32
1 2 2 39
9 14 32 15
1 7 27 22
3 8 13 34
8 12 28 31
0 3 39 22
1 10 2 56
1 5 45 20
7 13 34 30
7 16 18 46
0 4 21 46
(307 507)

Arvore 84
7 11 9 28
3 11 21 19
9 11 8 30
9 15 0 37
6 15 8 32
1 2 2 39
9 14 32 15
1 7 27 22
3 8 13 34
8 12 28 31
0 3 39 22
1 10 2 56
1 5 45 20
7 13 34 30
11 16 26 41
0 4 21 46
(315 502)

Arvore 85
7 11 9 28
3 11 21 19
9 11 8 30
9 15 0 37
6 15 8 32
1 2 2 39
1 11 14 30
9 14 32 15
1 8 39 19
8 12 28 31
0 3 39 22
1 10 2 56
1 5 45 20
7 13 34 30
7 16 18 46
0 4 21 46
(320 500)

Arvore 86
7 11 9 28
3 11 21 19
9 11 8 30
9 15 0 37
6 15 8 32
1 2 2 39
1 11 14 30
9 14 32 15
3 8 13 34
8 12 28 31
1 10 2 56
1 5 45 20
7 13 34 30
15 16 56 14
0 11 20 45
0 4 21 46
(313 506)

Arvore 87
7 11 9 28
3 11 21 19
9 11 8 30
9 15 0 37
6 15 8 32
1 2 2 39
1 11 14 30
9 14 32 15
1 8 39 19
8 12 28 31
0 3 39 22
1 10 2 56
1 5 45 20
7 13 34 30
11 16 26 41
0 4 21 46
(328 495)

Arvore 88
7 11 9 28
3 11 21 19
9 11 8 30
9 15 0 37
6 15 8 32
1 2 2 39
1 11 14 30
9 14 32 15
3 8 13 34
8 12 28 31
0 3 39 22
1 10 2 56
1 5 45 20
11 16 26 41
0 4 21 46
13 15 56 19
(324 499)

Arvore 89
7 11 9 28
3 11 21 19
9 11 8 30
9 15 0 37
6 15 8 32
1 2 2 39
9 14 32 15
1 7 27 22
3 8 13 34
8 12 28 31
1 10 2 56
1 5 45 20
7 13 34 30
15 16 56 14
0 11 20 45
0 4 21 46
(326 498)

Arvore 90
7 11 9 28
3 11 21 19
9 11 8 30
9 15 0 37
6 15 8 32
9 14 32 15
1 2 2 39
1 7 27 22
3 8 13 34
0 3 39 22
8 12 28 31
1 5 45 20
7 13 34 30
15 16 56 14
1 10 2 56
0 4 21 46
(345 475)

Arvore 91
7 11 9 28
3 11 21 19
9 11 8 30
9 15 0 37
6 15 8 32
9 14 32 15
1 2 2 39
1 11 14 30
3 8 13 34
0 3 39 22
8 12 28 31
1 5 45 20
7 13 34 30
1 10 2 56
11 16 26 41
4 14 60 16
(341 480)

Arvore 92
7 11 9 28
3 11 21 19
9 11 8 30
9 15 0 37
6 15 8 32
9 14 32 15
1 2 2 39
1 11 14 30
1 8 39 19
0 3 39 22
8 12 28 31
1 5 45 20
7 13 34 30
15 16 56 14
1 10 2 56
0 4 21 46
(358 468)

Arvore 93
7 11 9 28
3 11 21 19
9 11 8 30
9 15 0 37
6 15 8 32
9 14 32 15
1 2 2 39
1 11 14 30
3 8 13 34
0 3 39 22
8 12 28 31
1 5 45 20
15 16 56 14
1 10 2 56
13 15 56 19
0 4 21 46
(354 472)

Arvore 94
7 11 9 28
3 11 21 19
9 11 8 30
9 15 0 37
6 15 8 32
9 14 32 15
1 2 2 39
1 11 14 30
3 8 13 34
0 3 39 22
8 12 28 31
1 5 45 20
7 13 34 30
10 15 56 17
11 16 26 41
0 4 21 46
(356 471)

Arvore 95
7 11 9 28
3 11 21 19
9 11 8 30
9 15 0 37
6 15 8 32
9 14 32 15
1 2 2 39
1 7 27 22
3 8 13 34
0 3 39 22
8 12 28 31
1 5 45 20
15 16 56 14
1 10 2 56
13 15 56 19
0 4 21 46
(367 464)

Arvore 96
7 11 9 28
3 11 21 19
9 11 8 30
9 15 0 37
6 15 8 32
9 14 32 15
1 2 2 39
1 7 27 22
3 8 13 34
0 3 39 22
8 12 28 31
1 5 45 20
7 13 34 30
10 15 56 17
11 16 26 41
0 4 21 46
(369 463)

Arvore 97
3 11 21 19
7 11 9 28
9 11 8 30
9 15 0 37
6 15 8 32
9 14 32 15
1 2 2 39
1 7 27 22
3 8 13 34
0 3 39 22
8 12 28 31
1 5 45 20
15 16 56 14
7 13 34 30
1 10 2 56
4 14 60 16
(384 445)

Arvore 98
3 11 21 19
7 11 9 28
9 11 8 30
9 15 0 37
6 15 8 32
9 14 32 15
1 11 14 30
1 2 2 39
3 8 13 34
0 3 39 22
8 12 28 31
1 5 45 20
15 16 56 14
7 13 34 30
10 15 56 17
0 4 21 46
(386 444)

Arvore 99
3 11 21 19
7 11 9 28
9 11 8 30
9 15 0 37
6 15 8 32
9 14 32 15
1 2 2 39
1 7 27 22
3 8 13 34
0 3 39 22
8 12 28 31
1 5 45 20
15 16 56 14
7 13 34 30
10 15 56 17
0 4 21 46
(399 436)

Arvore 100
3 11 21 19
7 11 9 28
9 11 8 30
9 15 0 37
6 15 8 32
9 14 32 15
1 11 14 30
1 2 2 39
1 8 39 19
0 3 39 22
8 12 28 31
1 5 45 20
15 16 56 14
7 13 34 30
1 10 2 56
4 14 60 16
(397 438)

Arvore 101
3 11 21 19
7 11 9 28
9 11 8 30
9 15 0 37
6 15 8 32
9 14 32 15
1 11 14 30
1 2 2 39
3 8 13 34
0 3 39 22
8 12 28 31
1 5 45 20
15 16 56 14
1 10 2 56
4 14 60 16
13 15 56 19
(393 442)

Arvore 102
3 11 21 19
7 11 9 28
9 11 8 30
9 15 0 37
6 15 8 32
9 14 32 15
1 2 2 39
1 7 27 22
1 8 39 19
0 3 39 22
8 12 28 31
1 5 45 20
15 16 56 14
7 13 34 30
1 10 2 56
4 14 60 16
(410 430)

Arvore 103
3 11 21 19
7 11 9 28
9 11 8 30
9 15 0 37
6 15 8 32
9 14 32 15
1 11 14 30
1 2 2 39
3 8 13 34
0 3 39 22
8 12 28 31
1 5 45 20
7 13 34 30
10 15 56 17
4 14 60 16
11 16 26 41
(395 441)

Arvore 104
3 11 21 19
7 11 9 28
9 11 8 30
9 15 0 37
6 15 8 32
9 14 32 15
1 11 14 30
1 2 2 39
1 8 39 19
0 3 39 22
8 12 28 31
1 5 45 20
15 16 56 14
7 13 34 30
10 15 56 17
0 4 21 46
(412 429)

Arvore 105
3 11 21 19
7 11 9 28
9 11 8 30
9 15 0 37
6 15 8 32
9 14 32 15
1 2 2 39
1 7 27 22
3 8 13 34
0 3 39 22
8 12 28 31
1 5 45 20
15 16 56 14
1 10 2 56
4 14 60 16
13 15 56 19
(406 434)

Arvore 106
3 11 21 19
7 11 9 28
9 11 8 30
9 15 0 37
6 15 8 32
9 14 32 15
1 11 14 30
1 2 2 39
3 8 13 34
0 3 39 22
8 12 28 31
1 5 45 20
15 16 56 14
10 15 56 17
13 15 56 19
0 4 21 46
(408 433)

Arvore 107
3 11 21 19
7 11 9 28
9 11 8 30
9 15 0 37
6 15 8 32
9 14 32 15
1 2 2 39
1 7 27 22
3 8 13 34
0 3 39 22
8 12 28 31
1 5 45 20
15 16 56 14
10 15 56 17
13 15 56 19
0 4 21 46
(421 425)

Arvore 108
3 11 21 19
7 11 9 28
9 11 8 30
9 15 0 37
6 15 8 32
9 14 32 15
1 11 14 30
1 2 2 39
1 8 39 19
0 3 39 22
8 12 28 31
1 5 45 20
15 16 56 14
1 10 2 56
4 14 60 16
13 15 56 19
(419 427)

Arvore 109
3 11 21 19
7 11 9 28
9 14 32 15
9 11 8 30
6 15 8 32
9 15 0 37
1 11 14 30
1 2 2 39
1 8 39 19
0 3 39 22
1 5 45 20
15 16 56 14
8 12 28 31
10 15 56 17
7 13 34 30
4 14 60 16
(451 399)

Arvore 110
3 11 21 19
7 11 9 28
9 14 32 15
9 11 8 30
6 15 8 32
9 15 0 37
1 7 27 22
1 2 2 39
3 8 13 34
0 3 39 22
1 5 45 20
15 16 56 14
8 12 28 31
10 15 56 17
4 14 60 16
13 15 56 19
(460 395)

Arvore 111
3 11 21 19
7 11 9 28
9 14 32 15
9 11 8 30
6 15 8 32
9 15 0 37
1 11 14 30
1 2 2 39
3 8 13 34
0 3 39 22
1 5 45 20
15 16 56 14
8 12 28 31
10 15 56 17
4 14 60 16
13 15 56 19
(447 403)

Arvore 112
3 11 21 19
9 14 32 15
7 11 9 28
9 11 8 30
1 7 27 22
6 15 8 32
9 15 0 37
1 8 39 19
1 2 2 39
0 3 39 22
15 16 56 14
1 5 45 20
8 12 28 31
10 15 56 17
4 14 60 16
13 15 56 19
(486 380)

Arvore 113
3 11 21 19
9 14 32 15
7 11 9 28
9 11 8 30
6 15 8 32
9 15 0 37
1 11 14 30
1 8 39 19
1 2 2 39
0 3 39 22
15 16 56 14
1 5 45 20
0 12 77 6
10 15 56 17
4 14 60 16
7 13 34 30
(500 374)

Arvore 114
3 11 21 19
9 14 32 15
7 11 9 28
9 11 8 30
6 15 8 32
9 15 0 37
1 11 14 30
1 8 39 19
1 2 2 39
0 3 39 22
15 16 56 14
1 5 45 20
8 12 28 31
10 15 56 17
4 14 60 16
13 15 56 19
(473 388)

Arvore 115
3 11 21 19
9 14 32 15
7 11 9 28
9 11 8 30
1 7 27 22
6 15 8 32
9 15 0 37
1 2 2 39
3 8 13 34
0 3 39 22
15 16 56 14
1 5 45 20
0 12 77 6
10 15 56 17
4 14 60 16
13 15 56 19
(509 370)

Arvore 116
3 11 21 19
9 14 32 15
7 11 9 28
9 11 8 30
6 15 8 32
9 15 0 37
1 11 14 30
1 2 2 39
3 8 13 34
0 3 39 22
15 16 56 14
1 5 45 20
0 12 77 6
10 15 56 17
4 14 60 16
13 15 56 19
(496 378)

Arvore 117
3 11 21 19
9 14 32 15
7 11 9 28
9 11 8 30
1 7 27 22
6 15 8 32
9 15 0 37
1 8 39 19
1 2 2 39
0 3 39 22
1 5 45 20
8 12 28 31
10 15 56 17
4 14 60 16
7 13 34 30
1 16 74 10
(482 387)

Arvore 118
3 11 21 19
9 14 32 15
7 11 9 28
9 11 8 30
6 15 8 32
9 15 0 37
1 11 14 30
1 8 39 19
1 2 2 39
0 3 39 22
15 16 56 14
1 5 45 20
0 12 77 6
10 15 56 17
4 14 60 16
13 15 56 19
(522 363)

Arvore 119
3 11 21 19
9 14 32 15
7 11 9 28
9 11 8 30
1 7 27 22
6 15 8 32
9 15 0 37
1 8 39 19
1 2 2 39
0 3 39 22
1 5 45 20
0 12 77 6
10 15 56 17
4 14 60 16
7 13 34 30
1 16 74 10
(531 362)

Arvore 120
3 11 21 19
9 14 32 15
7 11 9 28
9 11 8 30
1 7 27 22
6 15 8 32
9 15 0 37
8 15 63 10
15 16 56 14
0 3 39 22
0 12 77 6
1 5 45 20
1 2 2 39
10 15 56 17
4 14 60 16
13 15 56 19
(559 346)

Arvore 121
3 11 21 19
9 14 32 15
7 11 9 28
9 11 8 30
1 7 27 22
6 15 8 32
1 8 39 19
9 15 0 37
15 16 56 14
0 12 77 6
1 5 45 20
1 2 2 39
0 6 82 5
10 15 56 17
4 14 60 16
13 15 56 19
(578 338)

Arvore 122
3 11 21 19
9 14 32 15
7 11 9 28
9 11 8 30
1 7 27 22
6 15 8 32
1 8 39 19
8 15 63 10
15 16 56 14
0 3 39 22
0 12 77 6
1 5 45 20
1 2 2 39
10 15 56 17
4 14 60 16
7 13 34 30
(576 339)

Arvore 123
3 11 21 19
9 14 32 15
7 11 9 28
9 11 8 30
6 15 8 32
1 8 39 19
1 11 14 30
8 15 63 10
15 16 56 14
0 3 39 22
0 12 77 6
1 5 45 20
1 2 2 39
10 15 56 17
4 14 60 16
13 15 56 19
(585 336)

Arvore 124
3 11 21 19
9 14 32 15
7 11 9 28
9 11 8 30
1 7 27 22
6 15 8 32
1 8 39 19
9 15 0 37
15 16 56 14
0 12 77 6
1 5 45 20
1 2 2 39
0 6 82 5
10 15 56 17
4 16 60 16
7 13 34 30
(556 349)

Arvore 125
3 11 21 19
9 14 32 15
7 11 9 28
9 11 8 30
6 15 8 32
1 8 39 19
9 15 0 37
8 15 63 10
15 16 56 14
0 3 39 22
0 12 77 6
1 5 45 20
1 2 2 39
10 15 56 17
4 14 60 16
13 15 56 19
(571 343)

Arvore 126
3 11 21 19
9 14 32 15
7 11 9 28
1 7 27 22
6 15 8 32
1 8 39 19
9 15 0 37
8 15 63 10
15 16 56 14
0 3 39 22
0 12 77 6
1 5 45 20
1 2 2 39
10 15 56 17
4 14 60 16
13 15 56 19
(590 335)

Arvore 127
3 11 21 19
9 14 32 15
7 11 9 28
9 11 8 30
6 15 8 32
1 11 14 30
9 15 0 37
8 15 63 10
15 16 56 14
0 3 39 22
0 12 77 6
1 5 45 20
1 2 2 39
10 15 56 17
4 14 60 16
13 15 56 19
(546 354)

Arvore 128
3 11 21 19
9 14 32 15
7 11 9 28
9 11 8 30
1 7 27 22
6 15 8 32
1 8 39 19
9 15 0 37
0 3 39 22
0 12 77 6
1 5 45 20
1 2 2 39
10 15 56 17
4 16 60 16
1 16 74 10
13 15 56 19
(553 351)

Arvore 129
3 11 21 19
9 14 32 15
7 11 9 28
9 11 8 30
1 7 27 22
6 15 8 32
1 8 39 19
8 15 63 10
15 16 56 14
0 3 39 22
1 5 45 20
1 2 2 39
10 15 56 17
4 14 60 16
8 12 28 31
13 15 56 19
(549 353)

Arvore 130
3 11 21 19
9 14 32 15
7 11 9 28
9 11 8 30
1 7 27 22
6 15 8 32
1 8 39 19
15 16 56 14
0 3 39 22
0 12 77 6
1 5 45 20
1 2 2 39
0 6 82 5
10 15 56 17
4 16 60 16
7 13 34 30
(595 334)

Arvore 131
3 11 21 19
9 14 32 15
7 11 9 28
1 7 27 22
9 11 8 30
1 8 39 19
8 15 63 10
6 15 8 32
15 16 56 14
0 12 77 6
0 6 82 5
1 5 45 20
10 15 56 17
4 16 60 16
1 2 2 39
7 13 34 30
(619 322)

Arvore 132
3 11 21 19
9 14 32 15
7 11 9 28
1 7 27 22
9 11 8 30
1 8 39 19
6 15 8 32
15 16 56 14
0 12 77 6
0 3 39 22
0 6 82 5
1 5 45 20
10 15 56 17
4 14 60 16
1 2 2 39
13 15 56 19
(617 323)

Arvore 133
3 11 21 19
9 14 32 15
7 11 9 28
9 11 8 30
1 8 39 19
8 15 63 10
6 15 8 32
1 11 14 30
15 16 56 14
0 12 77 6
0 6 82 5
1 5 45 20
10 15 56 17
4 14 60 16
1 2 2 39
13 15 56 19
(628 319)

Arvore 134
3 11 21 19
9 14 32 15
7 11 9 28
1 7 27 22
9 11 8 30
1 8 39 19
8 15 63 10
6 15 8 32
0 12 77 6
0 3 39 22
1 5 45 20
10 15 56 17
1 16 74 10
4 14 60 16
1 2 2 39
13 15 56 19
(616 324)

Arvore 135
3 11 21 19
9 14 32 15
7 11 9 28
1 7 27 22
1 8 39 19
8 15 63 10
6 15 8 32
15 16 56 14
0 12 77 6
9 15 0 37
0 6 82 5
1 5 45 20
10 15 56 17
4 14 60 16
1 2 2 39
13 15 56 19
(633 318)

Arvore 136
3 11 21 19
9 14 32 15
7 11 9 28
9 11 8 30
1 8 39 19
8 15 63 10
6 15 8 32
15 16 56 14
0 12 77 6
9 15 0 37
0 6 82 5
1 5 45 20
10 15 56 17
4 14 60 16
1 2 2 39
13 15 56 19
(614 326)

Arvore 137
3 11 21 19
9 14 32 15
7 11 9 28
1 7 27 22
9 11 8 30
1 8 39 19
6 15 8 32
15 16 56 14
0 12 77 6
0 6 82 5
1 5 45 20
10 15 56 17
4 14 60 16
4 16 60 16
1 2 2 39
13 15 56 19
(638 317)

Arvore 138
9 14 32 15
3 11 21 19
8 15 63 10
1 7 27 22
0 12 77 6
7 11 9 28
0 6 82 5
1 8 39 19
9 11 8 30
1 16 74 10
1 5 45 20
6 15 8 32
10 15 56 17
4 14 60 16
13 15 56 19
1 2 2 39
(659 307)

Arvore 139
9 14 32 15
3 11 21 19
8 15 63 10
1 7 27 22
0 12 77 6
0 6 82 5
1 8 39 19
15 16 56 14
9 11 8 30
1 5 45 20
6 15 8 32
0 3 39 22
10 15 56 17
4 14 60 16
13 15 56 19
1 2 2 39
(671 305)

Arvore 140
9 14 32 15
3 11 21 19
8 15 63 10
0 12 77 6
0 6 82 5
1 7 27 22
7 11 9 28
1 8 39 19
15 16 56 14
9 11 8 30
1 5 45 20
10 15 56 17
4 14 60 16
6 15 8 32
13 15 56 19
2 3 90 12
(729 284)

Arvore 141
9 14 32 15
3 11 21 19
8 15 63 10
0 12 77 6
0 6 82 5
1 7 27 22
7 11 9 28
1 8 39 19
15 16 56 14
9 11 8 30
1 5 45 20
0 3 39 22
10 15 56 17
4 14 60 16
13 15 56 19
2 14 48 26
(718 288)

Arvore 142
9 14 32 15
3 11 21 19
8 15 63 10
0 12 77 6
0 6 82 5
1 7 27 22
7 11 9 28
1 8 39 19
9 11 8 30
1 16 74 10
1 5 45 20
0 3 39 22
10 15 56 17
4 14 60 16
13 15 56 19
1 2 2 39
(690 297)

Arvore 143
9 14 32 15
3 11 21 19
8 15 63 10
0 12 77 6
0 6 82 5
1 7 27 22
7 11 9 28
1 8 39 19
15 16 56 14
9 11 8 30
1 5 45 20
0 3 39 22
10 15 56 17
4 14 60 16
13 15 56 19
2 8 43 28
(713 290)

Arvore 144
9 14 32 15
3 11 21 19
8 15 63 10
0 12 77 6
0 6 82 5
1 7 27 22
7 11 9 28
1 8 39 19
15 16 56 14
9 11 8 30
1 5 45 20
10 15 56 17
4 14 60 16
6 15 8 32
13 15 56 19
2 14 48 26
(687 298)

Arvore 145
9 14 32 15
3 11 21 19
8 15 63 10
0 12 77 6
0 6 82 5
1 7 27 22
7 11 9 28
15 16 56 14
9 11 8 30
1 16 74 10
1 5 45 20
0 3 39 22
10 15 56 17
4 14 60 16
13 15 56 19
1 2 2 39
(707 292)

Arvore 146
9 14 32 15
3 11 21 19
8 15 63 10
0 12 77 6
0 6 82 5
1 7 27 22
7 11 9 28
1 8 39 19
15 16 56 14
1 5 45 20
0 3 39 22
10 15 56 17
4 14 60 16
4 16 60 16
13 15 56 19
1 2 2 39
(724 287)

Arvore 147
9 14 32 15
3 11 21 19
8 15 63 10
0 12 77 6
0 6 82 5
1 7 27 22
7 11 9 28
1 8 39 19
9 11 8 30
1 16 74 10
1 5 45 20
10 15 56 17
4 14 60 16
6 15 8 32
13 15 56 19
2 3 90 12
(747 280)

Arvore 148
9 14 32 15
3 11 21 19
8 15 63 10
0 12 77 6
0 6 82 5
1 7 27 22
7 11 9 28
1 8 39 19
15 16 56 14
9 11 8 30
1 5 45 20
10 15 56 17
4 14 60 16
6 15 8 32
13 15 56 19
2 8 43 28
(682 300)

Arvore 149
9 14 32 15
3 11 21 19
8 15 63 10
0 12 77 6
0 6 82 5
1 7 27 22
7 11 9 28
15 16 56 14
9 11 8 30
1 16 74 10
1 5 45 20
0 3 39 22
10 15 56 17
4 16 60 16
13 15 56 19
2 14 48 26
(753 279)

Arvore 150
9 14 32 15
3 11 21 19
8 15 63 10
0 12 77 6
0 6 82 5
1 7 27 22
7 11 9 28
1 8 39 19
9 11 8 30
1 16 74 10
1 5 45 20
10 15 56 17
4 14 60 16
6 15 8 32
13 15 56 19
2 14 48 26
(705 294)

Arvore 151
9 14 32 15
3 11 21 19
8 15 63 10
0 12 77 6
0 6 82 5
1 7 27 22
7 11 9 28
1 8 39 19
1 16 74 10
1 5 45 20
0 3 39 22
10 15 56 17
4 14 60 16
4 16 60 16
13 15 56 19
1 2 2 39
(742 283)

Arvore 152
9 14 32 15
3 11 21 19
8 15 63 10
0 12 77 6
0 6 82 5
1 7 27 22
7 11 9 28
1 8 39 19
9 11 8 30
1 16 74 10
1 5 45 20
10 15 56 17
4 14 60 16
6 15 8 32
13 15 56 19
2 8 43 28
(700 296)

Arvore 153
9 14 32 15
3 11 21 19
8 15 63 10
0 12 77 6
0 6 82 5
1 7 27 22
7 11 9 28
15 16 56 14
1 16 74 10
1 5 45 20
0 3 39 22
10 15 56 17
4 14 60 16
4 16 60 16
13 15 56 19
1 2 2 39
(759 278)

Arvore 154
9 14 32 15
3 11 21 19
0 12 77 6
8 15 63 10
0 6 82 5
15 16 56 14
1 7 27 22
1 16 74 10
7 11 9 28
10 15 56 17
1 5 45 20
9 11 8 30
4 14 60 16
0 3 39 22
13 15 56 19
2 3 90 12
(795 265)

Arvore 155
9 14 32 15
3 11 21 19
0 12 77 6
8 15 63 10
0 6 82 5
1 7 27 22
1 8 39 19
1 16 74 10
7 11 9 28
10 15 56 17
1 5 45 20
9 11 8 30
4 14 60 16
0 3 39 22
13 15 56 19
2 3 90 12
(778 270)

Arvore 156
9 14 32 15
3 11 21 19
0 12 77 6
8 15 63 10
0 6 82 5
15 16 56 14
1 7 27 22
1 8 39 19
10 15 56 17
1 5 45 20
9 11 8 30
4 14 60 16
4 16 60 16
0 3 39 22
13 15 56 19
2 3 90 12
(811 262)

Arvore 157
9 14 32 15
3 11 21 19
0 12 77 6
8 15 63 10
0 6 82 5
15 16 56 14
1 7 27 22
1 8 39 19
7 11 9 28
10 15 56 17
1 5 45 20
9 11 8 30
4 14 60 16
0 3 39 22
0 13 100 9
2 3 90 12
(804 264)

Arvore 158
9 14 32 15
3 11 21 19
0 12 77 6
8 15 63 10
0 6 82 5
15 16 56 14
1 8 39 19
7 11 9 28
10 15 56 17
1 5 45 20
9 11 8 30
4 14 60 16
4 16 60 16
0 3 39 22
13 15 56 19
2 3 90 12
(793 268)

Arvore 159
9 14 32 15
3 11 21 19
0 12 77 6
0 6 82 5
8 15 63 10
1 7 27 22
1 8 39 19
1 16 74 10
7 11 9 28
10 15 56 17
4 14 60 16
4 16 60 16
1 5 45 20
0 3 39 22
13 15 56 19
2 3 90 12
(830 256)

Arvore 160
9 14 32 15
3 11 21 19
0 12 77 6
0 6 82 5
8 15 63 10
15 16 56 14
1 7 27 22
1 16 74 10
10 15 56 17
4 14 60 16
4 16 60 16
1 5 45 20
0 3 39 22
9 11 8 30
13 15 56 19
2 3 90 12
(846 253)

Arvore 161
9 14 32 15
3 11 21 19
0 12 77 6
0 6 82 5
8 15 63 10
15 16 56 14
1 7 27 22
1 16 74 10
7 11 9 28
10 15 56 17
4 16 60 16
1 5 45 20
0 3 39 22
9 11 8 30
0 13 100 9
2 3 90 12
(839 255)

Arvore 162
9 14 32 15
3 11 21 19
0 12 77 6
0 6 82 5
8 15 63 10
1 7 27 22
1 8 39 19
1 16 74 10
10 15 56 17
4 14 60 16
4 16 60 16
1 5 45 20
0 3 39 22
9 11 8 30
13 15 56 19
2 3 90 12
(829 258)

Arvore 163
9 14 32 15
3 11 21 19
0 12 77 6
0 6 82 5
8 15 63 10
15 16 56 14
1 7 27 22
1 8 39 19
10 15 56 17
4 16 60 16
1 5 45 20
0 3 39 22
9 11 8 30
0 7 77 13
13 15 56 19
2 3 90 12
(828 259)

Arvore 164
9 14 32 15
3 11 21 19
0 12 77 6
0 6 82 5
8 15 63 10
1 16 74 10
1 8 39 19
1 7 27 22
7 11 9 28
4 14 60 16
4 16 60 16
10 15 56 17
1 5 45 20
0 7 77 13
13 15 56 19
2 3 90 12
(868 247)

Arvore 165
9 14 32 15
3 11 21 19
0 12 77 6
0 6 82 5
8 15 63 10
15 16 56 14
1 8 39 19
1 7 27 22
7 11 9 28
4 14 60 16
4 16 60 16
10 15 56 17
1 5 45 20
0 3 39 22
0 13 100 9
2 3 90 12
(856 250)

Arvore 166
9 14 32 15
3 11 21 19
0 12 77 6
0 6 82 5
8 15 63 10
1 16 74 10
1 8 39 19
1 7 27 22
7 11 9 28
4 14 60 16
4 16 60 16
10 15 56 17
1 5 45 20
0 3 39 22
0 13 100 9
2 3 90 12
(874 246)

Arvore 167
9 14 32 15
3 11 21 19
0 12 77 6
0 6 82 5
8 15 63 10
15 16 56 14
1 16 74 10
1 7 27 22
4 14 60 16
4 16 60 16
10 15 56 17
1 5 45 20
0 7 77 13
9 11 8 30
13 15 56 19
2 3 90 12
(884 244)

Arvore 168
9 14 32 15
3 11 21 19
0 12 77 6
0 6 82 5
8 15 63 10
15 16 56 14
1 8 39 19
1 7 27 22
4 14 60 16
4 16 60 16
10 15 56 17
1 5 45 20
0 3 39 22
0 7 77 13
13 15 56 19
2 3 90 12
(880 245)

Arvore 169
9 14 32 15
3 11 21 19
0 12 77 6
0 6 82 5
8 15 63 10
1 16 74 10
1 8 39 19
1 7 27 22
4 14 60 16
4 16 60 16
10 15 56 17
1 5 45 20
0 7 77 13
9 11 8 30
13 15 56 19
2 3 90 12
(867 249)

Arvore 170
9 14 32 15
0 12 77 6
0 6 82 5
3 11 21 19
8 15 63 10
15 16 56 14
1 16 74 10
1 7 27 22
4 14 60 16
4 16 60 16
10 15 56 17
7 11 9 28
1 5 45 20
0 3 39 22
0 13 100 9
2 3 90 12
(891 241)

Arvore 171
9 14 32 15
0 12 77 6
0 6 82 5
3 11 21 19
8 15 63 10
15 16 56 14
1 16 74 10
1 7 27 22
4 14 60 16
4 16 60 16
10 15 56 17
1 5 45 20
0 7 77 13
0 3 39 22
13 15 56 19
2 3 90 12
(915 236)

Arvore 172
9 14 32 15
0 12 77 6
0 6 82 5
3 11 21 19
8 15 63 10
1 16 74 10
1 8 39 19
1 7 27 22
4 14 60 16
4 16 60 16
10 15 56 17
7 11 9 28
1 5 45 20
0 7 77 13
0 13 100 9
2 3 90 12
(912 237)

Arvore 173
9 14 32 15
0 12 77 6
0 6 82 5
3 11 21 19
8 15 63 10
15 16 56 14
1 16 74 10
1 7 27 22
4 14 60 16
4 16 60 16
10 15 56 17
7 11 9 28
1 5 45 20
13 15 56 19
0 13 100 9
2 3 90 12
(908 238)

Arvore 174
9 14 32 15
0 12 77 6
0 6 82 5
3 11 21 19
8 15 63 10
15 16 56 14
1 16 74 10
1 7 27 22
4 14 60 16
4 16 60 16
10 15 56 17
1 5 45 20
0 3 39 22
11 15 85 12
13 15 56 19
2 3 90 12
(923 235)

Arvore 175
9 14 32 15
0 12 77 6
0 6 82 5
3 11 21 19
8 15 63 10
15 16 56 14
1 16 74 10
1 7 27 22
4 14 60 16
4 16 60 16
10 15 56 17
1 5 45 20
0 7 77 13
0 13 100 9
9 11 8 30
2 3 90 12
(928 234)

Arvore 176
9 14 32 15
0 12 77 6
0 6 82 5
3 11 21 19
8 15 63 10
1 16 74 10
1 8 39 19
1 7 27 22
4 14 60 16
4 16 60 16
10 15 56 17
1 5 45 20
0 3 39 22
11 15 85 12
13 15 56 19
2 3 90 12
(906 240)

Arvore 177
9 14 32 15
0 12 77 6
0 6 82 5
8 15 63 10
3 11 21 19
1 16 74 10
15 16 56 14
1 7 27 22
4 14 60 16
4 16 60 16
10 15 56 17
0 7 77 13
1 5 45 20
0 13 100 9
0 3 39 22
2 3 90 12
(959 226)

Arvore 178
9 14 32 15
0 12 77 6
0 6 82 5
8 15 63 10
3 11 21 19
1 16 74 10
15 16 56 14
1 7 27 22
4 14 60 16
4 16 60 16
10 15 56 17
1 5 45 20
11 15 85 12
0 13 100 9
0 3 39 22
2 3 90 12
(967 225)

Arvore 179
9 14 32 15
0 12 77 6
0 6 82 5
8 15 63 10
3 11 21 19
1 16 74 10
1 8 39 19
1 7 27 22
4 14 60 16
4 16 60 16
10 15 56 17
0 7 77 13
1 5 45 20
11 15 85 12
0 13 100 9
2 3 90 12
(988 221)

Arvore 180
9 14 32 15
0 12 77 6
0 6 82 5
8 15 63 10
3 11 21 19
1 16 74 10
15 16 56 14
1 7 27 22
4 14 60 16
4 16 60 16
10 15 56 17
1 5 45 20
11 15 85 12
0 13 100 9
13 15 56 19
2 3 90 12
(984 222)

Arvore 181
9 14 32 15
0 12 77 6
0 6 82 5
8 15 63 10
3 11 21 19
1 16 74 10
1 8 39 19
1 7 27 22
4 14 60 16
4 16 60 16
10 15 56 17
0 7 77 13
1 5 45 20
0 13 100 9
0 3 39 22
2 3 90 12
(942 231)

Arvore 182
9 14 32 15
0 12 77 6
0 6 82 5
8 15 63 10
3 11 21 19
1 16 74 10
1 8 39 19
1 7 27 22
4 14 60 16
4 16 60 16
10 15 56 17
1 5 45 20
11 15 85 12
0 13 100 9
0 3 39 22
2 3 90 12
(950 230)

Arvore 183
9 14 32 15
0 12 77 6
0 6 82 5
8 15 63 10
3 11 21 19
1 16 74 10
15 16 56 14
4 14 60 16
4 16 60 16
10 15 56 17
0 7 77 13
1 5 45 20
7 11 9 28
0 13 100 9
13 15 56 19
2 3 90 12
(958 229)

Arvore 184
9 14 32 15
0 12 77 6
0 6 82 5
8 15 63 10
3 11 21 19
1 16 74 10
15 16 56 14
1 7 27 22
4 14 60 16
4 16 60 16
10 15 56 17
11 15 85 12
0 13 100 9
0 3 39 22
2 3 90 12
5 14 80 15
(1002 220)

Arvore 185
0 6 82 5
0 12 77 6
8 15 63 10
9 14 32 15
1 16 74 10
3 11 21 19
15 16 56 14
0 13 100 9
0 7 77 13
11 15 85 12
4 14 60 16
4 16 60 16
2 3 90 12
10 15 56 17
1 5 45 20
13 15 56 19
(1034 213)

Arvore 186
0 6 82 5
0 12 77 6
8 15 63 10
9 14 32 15
1 16 74 10
3 11 21 19
15 16 56 14
0 13 100 9
0 7 77 13
11 15 85 12
4 14 60 16
2 3 90 12
10 15 56 17
1 7 27 22
1 5 45 20
5 14 80 15
(1025 215)

Arvore 187
0 6 82 5
0 12 77 6
8 15 63 10
9 14 32 15
1 16 74 10
15 16 56 14
0 13 100 9
3 11 21 19
0 7 77 13
11 15 85 12
2 3 90 12
4 14 60 16
4 16 60 16
10 15 56 17
5 14 80 15
13 15 56 19
(1069 208)

Arvore 188
0 6 82 5
0 12 77 6
8 15 63 10
9 14 32 15
1 16 74 10
15 16 56 14
0 13 100 9
3 11 21 19
0 7 77 13
11 15 85 12
2 3 90 12
4 14 60 16
10 15 56 17
5 14 80 15
0 14 91 14
1 5 45 20
(1089 207)

Arvore 189
0 6 82 5
0 12 77 6
8 15 63 10
9 14 32 15
1 16 74 10
15 16 56 14
0 13 100 9
3 11 21 19
0 7 77 13
11 15 85 12
2 3 90 12
4 16 60 16
10 15 56 17
5 14 80 15
0 14 91 14
13 15 56 19
(1100 206)

