Fim da primeira fase ... 
0
Fim da segunda fase ... 
1135
11.35
Total: 11.35
Suportadas = 47
Nao suportadas = 225
TOTAL DE SOLUCOES = 272

SUPORTADAS: 

Arvore 1
8 15 0 72
0 15 1 46
7 12 1 49
2 8 1 80
9 17 1 84
0 9 2 78
5 18 2 83
5 17 2 94
1 8 3 22
6 12 3 33
1 10 3 45
7 15 3 55
3 10 5 67
11 14 5 97
7 11 6 37
11 13 6 87
3 16 7 82
0 4 16 95
16 19 20 94
(87 1300)

Arvore 2
8 15 0 72
0 15 1 46
7 12 1 49
2 8 1 80
9 17 1 84
1 8 3 22
9 15 3 28
6 12 3 33
5 18 2 83
1 10 3 45
5 17 2 94
7 15 3 55
3 10 5 67
7 11 6 37
11 14 5 97
11 13 6 87
3 16 7 82
0 4 16 95
16 19 20 94
(88 1250)

Arvore 3
8 15 0 72
0 15 1 46
7 12 1 49
2 8 1 80
9 17 1 84
1 8 3 22
9 15 3 28
6 12 3 33
1 10 3 45
5 18 2 83
7 15 3 55
5 17 2 94
3 10 5 67
7 11 6 37
11 14 5 97
11 13 6 87
15 16 8 36
0 4 16 95
16 19 20 94
(89 1204)

Arvore 4
0 15 1 46
7 12 1 49
8 15 0 72
1 8 3 22
9 15 3 28
6 12 3 33
1 10 3 45
2 8 1 80
9 17 1 84
7 15 3 55
2 18 4 44
5 18 2 83
7 11 6 37
3 10 5 67
15 16 8 36
11 14 5 97
11 13 6 87
0 4 16 95
16 19 20 94
(91 1154)

Arvore 5
1 8 3 22
0 15 1 46
7 12 1 49
9 15 3 28
6 12 3 33
8 15 0 72
1 10 3 45
2 18 4 44
7 15 3 55
2 8 1 80
9 17 1 84
7 11 6 37
5 18 2 83
3 10 5 67
15 16 8 36
11 14 5 97
11 13 6 87
0 4 16 95
3 19 25 34
(96 1094)

Arvore 6
1 8 3 22
0 15 1 46
9 15 3 28
7 12 1 49
6 12 3 33
8 15 0 72
1 10 3 45
2 18 4 44
7 15 3 55
2 8 1 80
7 11 6 37
9 17 1 84
5 18 2 83
15 16 8 36
3 10 5 67
11 13 6 87
11 14 5 97
4 18 23 25
3 19 25 34
(103 1024)

Arvore 7
1 8 3 22
9 15 3 28
6 12 3 33
0 15 1 46
7 12 1 49
1 10 3 45
2 18 4 44
8 15 0 72
7 15 3 55
7 11 6 37
2 8 1 80
15 16 8 36
9 17 1 84
5 18 2 83
3 10 5 67
9 14 12 43
11 13 6 87
4 18 23 25
3 19 25 34
(110 970)

Arvore 8
1 8 3 22
9 15 3 28
6 12 3 33
0 15 1 46
7 12 1 49
1 10 3 45
2 18 4 44
7 11 6 37
7 15 3 55
8 15 0 72
15 16 8 36
15 18 11 26
9 17 1 84
3 10 5 67
5 18 2 83
9 14 12 43
11 13 6 87
4 18 23 25
3 19 25 34
(120 916)

Arvore 9
1 8 3 22
9 15 3 28
6 12 3 33
0 15 1 46
7 12 1 49
1 10 3 45
2 18 4 44
7 11 6 37
7 15 3 55
15 16 8 36
15 18 11 26
8 15 0 72
3 10 5 67
9 17 1 84
5 18 2 83
9 14 12 43
13 14 13 56
4 18 23 25
3 19 25 34
(127 885)

Arvore 10
1 8 3 22
9 15 3 28
6 12 3 33
0 15 1 46
7 12 1 49
1 10 3 45
2 18 4 44
7 11 6 37
15 16 8 36
15 18 11 26
7 15 3 55
8 15 0 72
3 10 5 67
10 17 11 46
9 14 12 43
5 18 2 83
13 14 13 56
4 18 23 25
3 19 25 34
(137 847)

Arvore 11
1 8 3 22
9 15 3 28
6 12 3 33
0 15 1 46
7 12 1 49
1 10 3 45
7 11 6 37
2 18 4 44
15 18 11 26
15 16 8 36
7 15 3 55
8 15 0 72
10 17 11 46
9 14 12 43
3 17 18 24
5 18 2 83
13 14 13 56
4 18 23 25
3 19 25 34
(150 804)

Arvore 12
1 8 3 22
9 15 3 28
6 12 3 33
0 15 1 46
7 12 1 49
1 10 3 45
7 11 6 37
2 18 4 44
15 18 11 26
15 16 8 36
7 15 3 55
8 15 0 72
3 17 18 24
10 17 11 46
9 14 12 43
5 16 12 52
4 18 23 25
13 14 13 56
3 19 25 34
(160 773)

Arvore 13
1 8 3 22
9 15 3 28
6 12 3 33
0 15 1 46
7 12 1 49
7 11 6 37
1 10 3 45
2 18 4 44
15 18 11 26
15 16 8 36
7 15 3 55
8 12 13 36
3 17 18 24
9 14 12 43
10 17 11 46
5 16 12 52
4 18 23 25
13 14 13 56
3 19 25 34
(173 737)

Arvore 14
1 8 3 22
9 15 3 28
6 12 3 33
0 15 1 46
15 18 11 26
7 11 6 37
7 12 1 49
1 10 3 45
2 18 4 44
15 16 8 36
3 17 18 24
7 15 3 55
8 12 13 36
8 14 24 16
10 17 11 46
4 18 23 25
5 16 12 52
13 14 13 56
3 19 25 34
(185 710)

Arvore 15
1 8 3 22
9 15 3 28
6 12 3 33
15 18 11 26
7 11 6 37
0 15 1 46
15 16 8 36
1 10 3 45
7 12 1 49
2 18 4 44
3 17 18 24
8 14 24 16
8 12 13 36
7 15 3 55
0 17 28 15
4 18 23 25
5 16 12 52
3 19 25 34
13 14 13 56
(202 679)

Arvore 16
1 8 3 22
9 15 3 28
6 12 3 33
15 18 11 26
7 11 6 37
15 16 8 36
0 15 1 46
3 17 18 24
8 14 24 16
1 10 3 45
2 18 4 44
7 12 1 49
0 17 28 15
8 12 13 36
4 18 23 25
7 15 3 55
3 19 25 34
5 19 28 30
13 14 13 56
(218 657)

Arvore 17
1 8 3 22
9 15 3 28
6 12 3 33
15 18 11 26
7 11 6 37
15 16 8 36
0 15 1 46
8 14 24 16
3 17 18 24
1 10 3 45
2 18 4 44
7 12 1 49
0 17 28 15
8 12 13 36
4 18 23 25
9 14 12 43
5 19 28 30
3 19 25 34
13 14 13 56
(227 645)

Arvore 18
1 8 3 22
9 15 3 28
6 12 3 33
15 18 11 26
8 14 24 16
7 11 6 37
3 17 18 24
15 16 8 36
0 17 28 15
0 15 1 46
1 10 3 45
2 18 4 44
7 12 1 49
8 12 13 36
4 18 23 25
0 14 27 24
5 19 28 30
3 19 25 34
13 14 13 56
(242 626)

Arvore 19
1 8 3 22
9 15 3 28
6 12 3 33
15 18 11 26
8 14 24 16
3 17 18 24
7 11 6 37
0 17 28 15
15 16 8 36
0 15 1 46
1 10 3 45
2 18 4 44
4 18 23 25
8 12 13 36
7 12 1 49
14 16 36 14
5 19 28 30
3 19 25 34
13 14 13 56
(251 616)

Arvore 20
1 8 3 22
9 15 3 28
6 12 3 33
15 18 11 26
8 14 24 16
3 17 18 24
0 17 28 15
7 11 6 37
15 16 8 36
4 18 23 25
0 15 1 46
14 16 36 14
2 18 4 44
1 10 3 45
8 12 13 36
7 12 1 49
5 19 28 30
0 5 37 22
13 14 13 56
(263 604)

Arvore 21
1 8 3 22
9 15 3 28
15 18 11 26
6 12 3 33
8 14 24 16
0 17 28 15
3 17 18 24
7 11 6 37
15 16 8 36
14 16 36 14
4 18 23 25
0 14 27 24
8 12 13 36
2 18 4 44
1 10 3 45
7 12 1 49
0 5 37 22
5 19 28 30
13 14 13 56
(289 582)

Arvore 22
1 8 3 22
9 15 3 28
15 18 11 26
8 14 24 16
6 12 3 33
0 17 28 15
3 17 18 24
7 11 6 37
15 16 8 36
14 16 36 14
4 18 23 25
0 14 27 24
8 12 13 36
2 18 4 44
1 10 3 45
7 8 23 31
0 5 37 22
5 19 28 30
13 14 13 56
(311 564)

Arvore 23
1 8 3 22
9 15 3 28
15 18 11 26
8 14 24 16
6 12 3 33
0 17 28 15
3 17 18 24
7 11 6 37
14 16 36 14
15 16 8 36
4 18 23 25
0 14 27 24
3 6 37 17
2 18 4 44
1 10 3 45
7 8 23 31
0 5 37 22
5 19 28 30
13 14 13 56
(335 545)

Arvore 24
1 8 3 22
9 15 3 28
8 14 24 16
15 18 11 26
6 12 3 33
0 17 28 15
3 17 18 24
14 16 36 14
7 11 6 37
15 16 8 36
4 18 23 25
0 14 27 24
3 6 37 17
2 18 4 44
1 10 3 45
7 8 23 31
0 5 37 22
5 19 28 30
10 13 62 19
(384 508)

Arvore 25
1 8 3 22
9 15 3 28
8 14 24 16
15 18 11 26
0 17 28 15
6 12 3 33
3 17 18 24
14 16 36 14
7 11 6 37
4 18 23 25
15 16 8 36
0 14 27 24
3 6 37 17
2 18 4 44
1 10 3 45
7 8 23 31
0 5 37 22
5 19 28 30
13 18 66 16
(388 505)

Arvore 26
1 8 3 22
9 15 3 28
8 14 24 16
0 17 28 15
15 18 11 26
6 12 3 33
3 17 18 24
14 16 36 14
4 18 23 25
3 6 37 17
7 11 6 37
15 16 8 36
0 14 27 24
0 5 37 22
7 8 23 31
2 18 4 44
1 10 3 45
5 19 28 30
13 16 69 14
(391 503)

Arvore 27
1 8 3 22
8 14 24 16
9 15 3 28
0 17 28 15
15 18 11 26
14 16 36 14
3 17 18 24
6 12 3 33
3 6 37 17
4 18 23 25
6 8 39 17
7 11 6 37
15 16 8 36
0 5 37 22
7 8 23 31
5 19 28 30
2 18 4 44
1 10 3 45
13 16 69 14
(403 496)

Arvore 28
1 8 3 22
8 14 24 16
0 17 28 15
9 15 3 28
15 18 11 26
14 16 36 14
3 17 18 24
6 12 3 33
3 6 37 17
6 8 39 17
4 18 23 25
15 16 8 36
7 11 6 37
0 5 37 22
7 8 23 31
5 19 28 30
2 18 4 44
9 10 49 22
13 16 69 14
(449 473)

Arvore 29
1 8 3 22
8 14 24 16
0 17 28 15
9 15 3 28
15 18 11 26
14 16 36 14
3 17 18 24
6 12 3 33
3 6 37 17
6 8 39 17
4 18 23 25
15 16 8 36
7 11 6 37
0 5 37 22
7 8 23 31
8 19 75 7
9 10 49 22
2 18 4 44
13 16 69 14
(496 450)

Arvore 30
1 8 3 22
8 14 24 16
0 17 28 15
9 15 3 28
14 16 36 14
15 18 11 26
3 17 18 24
3 6 37 17
6 12 3 33
6 8 39 17
4 18 23 25
0 5 37 22
15 16 8 36
7 11 6 37
8 19 75 7
7 8 23 31
9 10 49 22
5 13 84 7
2 18 4 44
(511 443)

Arvore 31
1 8 3 22
8 14 24 16
0 17 28 15
14 16 36 14
9 15 3 28
15 18 11 26
3 17 18 24
3 6 37 17
6 8 39 17
6 12 3 33
4 18 23 25
0 5 37 22
8 19 75 7
16 18 78 6
7 11 6 37
7 8 23 31
5 13 84 7
9 10 49 22
2 18 4 44
(581 413)

Arvore 32
1 8 3 22
8 14 24 16
0 17 28 15
14 16 36 14
3 6 37 17
9 15 3 28
6 8 39 17
15 18 11 26
3 17 18 24
16 18 78 6
8 19 75 7
4 18 23 25
0 5 37 22
5 13 84 7
6 12 3 33
9 10 49 22
0 2 91 9
7 8 23 31
7 11 6 37
(668 378)

Arvore 33
1 8 3 22
8 14 24 16
0 17 28 15
14 16 36 14
3 6 37 17
9 15 3 28
6 8 39 17
15 18 11 26
3 17 18 24
16 18 78 6
8 19 75 7
4 18 23 25
5 13 84 7
0 5 37 22
6 12 3 33
9 10 49 22
0 2 91 9
7 8 23 31
8 11 63 19
(725 360)

Arvore 34
1 8 3 22
8 14 24 16
0 17 28 15
14 16 36 14
3 6 37 17
9 15 3 28
6 8 39 17
15 18 11 26
3 17 18 24
16 18 78 6
8 19 75 7
4 9 75 9
5 13 84 7
0 5 37 22
6 12 3 33
0 2 91 9
9 10 49 22
7 8 23 31
8 11 63 19
(777 344)

Arvore 35
8 14 24 16
0 17 28 15
1 8 3 22
14 16 36 14
3 6 37 17
16 18 78 6
6 8 39 17
8 19 75 7
9 15 3 28
3 17 18 24
15 18 11 26
4 9 75 9
5 13 84 7
0 5 37 22
6 12 3 33
0 2 91 9
9 10 49 22
7 18 85 12
8 11 63 19
(839 325)

Arvore 36
8 14 24 16
0 17 28 15
1 8 3 22
14 16 36 14
16 18 78 6
8 19 75 7
3 6 37 17
6 8 39 17
4 9 75 9
3 17 18 24
9 15 3 28
15 18 11 26
5 13 84 7
0 5 37 22
0 2 91 9
12 15 67 16
7 18 85 12
9 10 49 22
8 11 63 19
(903 308)

Arvore 37
8 14 24 16
0 17 28 15
1 8 3 22
14 16 36 14
16 18 78 6
8 19 75 7
3 6 37 17
6 8 39 17
4 9 75 9
5 13 84 7
3 17 18 24
4 16 69 11
9 15 3 28
0 5 37 22
0 2 91 9
12 15 67 16
7 18 85 12
9 10 49 22
8 11 63 19
(961 293)

Arvore 38
8 14 24 16
0 17 28 15
1 8 3 22
14 16 36 14
16 18 78 6
8 19 75 7
3 6 37 17
6 8 39 17
4 9 75 9
5 13 84 7
4 16 69 11
0 1 77 9
9 15 3 28
0 5 37 22
0 2 91 9
12 15 67 16
7 18 85 12
9 10 49 22
8 11 63 19
(1020 278)

Arvore 39
0 17 28 15
8 14 24 16
1 8 3 22
14 16 36 14
16 18 78 6
8 19 75 7
3 6 37 17
6 8 39 17
4 9 75 9
5 13 84 7
0 1 77 9
4 16 69 11
15 18 11 26
13 16 69 14
0 2 91 9
12 15 67 16
7 18 85 12
9 10 49 22
8 11 63 19
(1060 268)

Arvore 40
0 17 28 15
8 14 24 16
14 16 36 14
16 18 78 6
8 19 75 7
1 8 3 22
5 13 84 7
4 9 75 9
3 6 37 17
0 1 77 9
6 8 39 17
4 16 69 11
0 2 91 9
13 16 69 14
15 18 11 26
7 18 85 12
12 15 67 16
10 13 62 19
8 11 63 19
(1073 265)

Arvore 41
16 18 78 6
0 17 28 15
8 14 24 16
8 19 75 7
14 16 36 14
5 13 84 7
4 9 75 9
1 8 3 22
0 1 77 9
4 16 69 11
3 6 37 17
6 8 39 17
0 2 91 9
13 16 69 14
7 18 85 12
2 15 94 11
12 15 67 16
10 13 62 19
8 11 63 19
(1156 250)

Arvore 42
16 18 78 6
8 19 75 7
0 17 28 15
14 16 36 14
8 14 24 16
5 13 84 7
4 9 75 9
0 1 77 9
4 16 69 11
1 8 3 22
3 6 37 17
6 8 39 17
0 2 91 9
13 16 69 14
7 18 85 12
2 15 94 11
12 15 67 16
10 19 80 16
8 11 63 19
(1174 247)

Arvore 43
16 18 78 6
8 19 75 7
5 13 84 7
4 9 75 9
0 1 77 9
14 16 36 14
0 17 28 15
4 16 69 11
8 14 24 16
0 2 91 9
3 6 37 17
2 15 94 11
7 18 85 12
6 8 39 17
13 16 69 14
1 8 3 22
12 14 100 12
10 19 80 16
8 11 63 19
(1207 243)

Arvore 44
16 18 78 6
8 19 75 7
5 13 84 7
4 9 75 9
0 1 77 9
14 16 36 14
4 16 69 11
0 2 91 9
0 17 28 15
8 14 24 16
2 15 94 11
7 18 85 12
13 16 69 14
3 6 37 17
6 8 39 17
12 14 100 12
12 15 67 16
10 19 80 16
8 11 63 19
(1271 237)

Arvore 45
16 18 78 6
8 19 75 7
5 13 84 7
4 9 75 9
0 1 77 9
0 2 91 9
4 16 69 11
14 16 36 14
0 17 28 15
2 15 94 11
7 18 85 12
8 14 24 16
4 5 93 12
12 14 100 12
3 6 37 17
6 8 39 17
12 15 67 16
10 19 80 16
8 11 63 19
(1295 235)

Arvore 46
16 18 78 6
8 19 75 7
5 13 84 7
4 9 75 9
0 1 77 9
0 2 91 9
4 16 69 11
2 15 94 11
14 18 82 12
7 18 85 12
4 5 93 12
12 14 100 12
0 17 28 15
8 14 24 16
3 6 37 17
12 15 67 16
6 8 39 17
10 19 80 16
8 11 63 19
(1341 233)

Arvore 47
16 18 78 6
8 19 75 7
5 13 84 7
4 9 75 9
0 1 77 9
0 2 91 9
4 16 69 11
2 15 94 11
14 18 82 12
7 18 85 12
4 5 93 12
12 14 100 12
0 17 28 15
8 14 24 16
12 15 67 16
0 6 79 16
10 19 80 16
3 6 37 17
8 11 63 19
(1381 232)


NAO SUPORTADAS: 
Arvore 48
0 15 1 46
8 15 0 72
7 12 1 49
1 8 3 22
9 15 3 28
2 8 1 80
6 12 3 33
9 17 1 84
1 10 3 45
7 15 3 55
5 18 2 83
2 18 4 44
7 11 6 37
3 10 5 67
11 14 5 97
11 13 6 87
3 16 7 82
0 4 16 95
16 19 20 94
(90 1200)

Arvore 49
0 15 1 46
1 8 3 22
7 12 1 49
9 15 3 28
6 12 3 33
8 15 0 72
1 10 3 45
7 15 3 55
2 8 1 80
9 17 1 84
5 18 2 83
7 11 6 37
5 17 2 94
3 10 5 67
15 16 8 36
11 14 5 97
11 13 6 87
0 4 16 95
3 19 25 34
(94 1144)

Arvore 50
0 15 1 46
1 8 3 22
7 12 1 49
9 15 3 28
6 12 3 33
8 15 0 72
1 10 3 45
7 15 3 55
2 8 1 80
2 18 4 44
9 17 1 84
5 18 2 83
7 11 6 37
3 10 5 67
11 14 5 97
11 13 6 87
3 16 7 82
0 4 16 95
3 19 25 34
(95 1140)

Arvore 51
1 8 3 22
0 15 1 46
9 15 3 28
7 12 1 49
6 12 3 33
8 15 0 72
1 10 3 45
2 18 4 44
7 15 3 55
2 8 1 80
9 17 1 84
7 11 6 37
5 18 2 83
15 16 8 36
3 10 5 67
11 14 5 97
11 13 6 87
4 18 23 25
16 19 20 94
(98 1084)

Arvore 52
1 8 3 22
0 15 1 46
9 15 3 28
7 12 1 49
6 12 3 33
8 15 0 72
1 10 3 45
2 18 4 44
7 15 3 55
2 8 1 80
9 17 1 84
7 11 6 37
15 16 8 36
3 10 5 67
3 5 6 72
11 14 5 97
11 13 6 87
0 4 16 95
3 19 25 34
(100 1083)

Arvore 53
1 8 3 22
0 15 1 46
9 15 3 28
7 12 1 49
6 12 3 33
8 15 0 72
1 10 3 45
7 15 3 55
2 8 1 80
9 17 1 84
7 11 6 37
5 18 2 83
5 17 2 94
15 16 8 36
3 10 5 67
11 14 5 97
11 13 6 87
4 18 23 25
3 19 25 34
(101 1074)

Arvore 54
1 8 3 22
0 15 1 46
9 15 3 28
7 12 1 49
6 12 3 33
8 15 0 72
1 10 3 45
2 18 4 44
7 15 3 55
2 8 1 80
9 17 1 84
7 11 6 37
5 18 2 83
3 10 5 67
11 14 5 97
11 13 6 87
3 16 7 82
4 18 23 25
3 19 25 34
(102 1070)

Arvore 55
1 8 3 22
9 15 3 28
0 15 1 46
6 12 3 33
7 12 1 49
1 10 3 45
8 15 0 72
2 18 4 44
7 15 3 55
7 11 6 37
2 8 1 80
9 17 1 84
15 16 8 36
5 18 2 83
3 10 5 67
11 13 6 87
11 14 5 97
4 18 23 25
5 19 28 30
(106 1020)

Arvore 56
1 8 3 22
9 15 3 28
0 15 1 46
6 12 3 33
7 12 1 49
1 10 3 45
8 15 0 72
2 18 4 44
7 15 3 55
7 11 6 37
2 8 1 80
9 17 1 84
15 16 8 36
3 10 5 67
3 5 6 72
11 13 6 87
11 14 5 97
4 18 23 25
3 19 25 34
(107 1013)

Arvore 57
1 8 3 22
9 15 3 28
6 12 3 33
0 15 1 46
7 12 1 49
1 10 3 45
2 18 4 44
7 11 6 37
7 15 3 55
8 15 0 72
15 16 8 36
2 8 1 80
9 17 1 84
5 18 2 83
3 10 5 67
9 14 12 43
13 14 13 56
4 18 23 25
3 19 25 34
(117 939)

Arvore 58
1 8 3 22
9 15 3 28
6 12 3 33
0 15 1 46
7 12 1 49
1 10 3 45
2 18 4 44
7 11 6 37
7 15 3 55
8 15 0 72
15 16 8 36
2 8 1 80
9 17 1 84
3 10 5 67
3 5 6 72
9 14 12 43
11 13 6 87
4 18 23 25
3 19 25 34
(114 959)

Arvore 59
1 8 3 22
9 15 3 28
6 12 3 33
0 15 1 46
7 12 1 49
1 10 3 45
2 18 4 44
7 11 6 37
7 15 3 55
8 15 0 72
15 16 8 36
2 8 1 80
9 17 1 84
5 18 2 83
3 10 5 67
9 14 12 43
11 13 6 87
4 18 23 25
5 19 28 30
(113 966)

Arvore 60
1 8 3 22
9 15 3 28
6 12 3 33
0 15 1 46
7 12 1 49
1 10 3 45
2 18 4 44
7 11 6 37
7 15 3 55
15 16 8 36
8 15 0 72
15 18 11 26
9 17 1 84
3 10 5 67
9 14 12 43
3 5 6 72
11 13 6 87
4 18 23 25
3 19 25 34
(124 905)

Arvore 61
1 8 3 22
9 15 3 28
6 12 3 33
0 15 1 46
7 12 1 49
1 10 3 45
2 18 4 44
7 11 6 37
7 15 3 55
15 16 8 36
8 15 0 72
15 18 11 26
9 17 1 84
3 10 5 67
5 18 2 83
9 14 12 43
11 13 6 87
4 18 23 25
5 19 28 30
(123 912)

Arvore 62
1 8 3 22
9 15 3 28
6 12 3 33
0 15 1 46
7 12 1 49
1 10 3 45
2 18 4 44
7 11 6 37
7 15 3 55
15 16 8 36
15 18 11 26
8 15 0 72
3 10 5 67
9 17 1 84
9 14 12 43
3 5 6 72
13 14 13 56
4 18 23 25
3 19 25 34
(131 874)

Arvore 63
1 8 3 22
9 15 3 28
6 12 3 33
0 15 1 46
7 12 1 49
1 10 3 45
2 18 4 44
7 11 6 37
7 15 3 55
15 16 8 36
15 18 11 26
8 15 0 72
3 10 5 67
10 17 11 46
9 14 12 43
5 18 2 83
11 13 6 87
4 18 23 25
3 19 25 34
(130 878)

Arvore 64
1 8 3 22
9 15 3 28
6 12 3 33
0 15 1 46
7 12 1 49
1 10 3 45
2 18 4 44
7 11 6 37
7 15 3 55
15 16 8 36
15 18 11 26
8 15 0 72
3 10 5 67
10 17 11 46
9 14 12 43
3 5 6 72
11 13 6 87
4 18 23 25
3 19 25 34
(134 867)

Arvore 65
1 8 3 22
9 15 3 28
6 12 3 33
0 15 1 46
7 12 1 49
1 10 3 45
2 18 4 44
7 11 6 37
7 15 3 55
15 16 8 36
15 18 11 26
8 15 0 72
9 17 1 84
9 14 12 43
5 18 2 83
3 17 18 24
11 13 6 87
4 18 23 25
3 19 25 34
(133 873)

Arvore 66
1 8 3 22
9 15 3 28
6 12 3 33
0 15 1 46
7 12 1 49
1 10 3 45
7 11 6 37
2 18 4 44
15 18 11 26
15 16 8 36
7 15 3 55
8 15 0 72
9 14 12 43
3 10 5 67
3 17 18 24
5 18 2 83
13 14 13 56
4 18 23 25
3 19 25 34
(144 825)

Arvore 67
1 8 3 22
9 15 3 28
6 12 3 33
0 15 1 46
7 12 1 49
1 10 3 45
7 11 6 37
2 18 4 44
15 18 11 26
15 16 8 36
7 15 3 55
8 15 0 72
10 17 11 46
9 14 12 43
3 10 5 67
5 16 12 52
13 14 13 56
4 18 23 25
3 19 25 34
(147 816)

Arvore 68
1 8 3 22
9 15 3 28
6 12 3 33
0 15 1 46
7 12 1 49
1 10 3 45
7 11 6 37
2 18 4 44
15 18 11 26
15 16 8 36
7 15 3 55
8 15 0 72
10 17 11 46
9 14 12 43
3 10 5 67
3 5 6 72
13 14 13 56
4 18 23 25
3 19 25 34
(141 836)

Arvore 69
1 8 3 22
9 15 3 28
6 12 3 33
0 15 1 46
7 12 1 49
1 10 3 45
7 11 6 37
2 18 4 44
15 18 11 26
15 16 8 36
7 15 3 55
8 15 0 72
9 14 12 43
3 10 5 67
3 17 18 24
3 5 6 72
13 14 13 56
4 18 23 25
3 19 25 34
(148 814)

Arvore 70
1 8 3 22
9 15 3 28
6 12 3 33
0 15 1 46
7 12 1 49
1 10 3 45
7 11 6 37
2 18 4 44
15 18 11 26
15 16 8 36
7 15 3 55
8 15 0 72
9 14 12 43
3 17 18 24
9 17 1 84
5 18 2 83
13 14 13 56
4 18 23 25
3 19 25 34
(140 842)

Arvore 71
1 8 3 22
9 15 3 28
6 12 3 33
0 15 1 46
7 12 1 49
1 10 3 45
7 11 6 37
2 18 4 44
15 18 11 26
15 16 8 36
7 15 3 55
8 15 0 72
10 17 11 46
9 14 12 43
3 17 18 24
5 18 2 83
4 18 23 25
11 13 6 87
3 19 25 34
(143 835)

Arvore 72
1 8 3 22
9 15 3 28
6 12 3 33
0 15 1 46
7 12 1 49
1 10 3 45
7 11 6 37
2 18 4 44
15 18 11 26
15 16 8 36
7 15 3 55
8 15 0 72
3 17 18 24
10 17 11 46
9 14 12 43
3 5 6 72
13 14 13 56
4 18 23 25
3 19 25 34
(154 793)

Arvore 73
1 8 3 22
9 15 3 28
6 12 3 33
0 15 1 46
7 12 1 49
1 10 3 45
7 11 6 37
2 18 4 44
15 18 11 26
15 16 8 36
7 15 3 55
8 15 0 72
3 17 18 24
10 17 11 46
9 14 12 43
5 18 2 83
13 14 13 56
4 18 23 25
5 19 28 30
(153 800)

Arvore 74
1 8 3 22
9 15 3 28
6 12 3 33
0 15 1 46
7 12 1 49
1 10 3 45
7 11 6 37
2 18 4 44
15 18 11 26
15 16 8 36
7 15 3 55
8 15 0 72
3 17 18 24
10 17 11 46
9 14 12 43
3 5 6 72
13 14 13 56
4 18 23 25
5 19 28 30
(157 789)

Arvore 75
1 8 3 22
9 15 3 28
6 12 3 33
0 15 1 46
7 12 1 49
1 10 3 45
7 11 6 37
2 18 4 44
15 18 11 26
15 16 8 36
7 15 3 55
8 12 13 36
3 17 18 24
9 14 12 43
10 17 11 46
5 18 2 83
4 18 23 25
13 14 13 56
3 19 25 34
(163 768)

Arvore 76
1 8 3 22
9 15 3 28
6 12 3 33
0 15 1 46
7 12 1 49
1 10 3 45
7 11 6 37
2 18 4 44
15 18 11 26
15 16 8 36
7 15 3 55
8 12 13 36
3 17 18 24
9 14 12 43
10 17 11 46
3 5 6 72
4 18 23 25
13 14 13 56
3 19 25 34
(167 757)

Arvore 77
1 8 3 22
9 15 3 28
6 12 3 33
0 15 1 46
7 12 1 49
1 10 3 45
7 11 6 37
2 18 4 44
15 18 11 26
15 16 8 36
7 15 3 55
8 15 0 72
3 17 18 24
10 17 11 46
8 14 24 16
5 16 12 52
4 18 23 25
13 14 13 56
3 19 25 34
(172 746)

Arvore 78
1 8 3 22
9 15 3 28
6 12 3 33
0 15 1 46
7 12 1 49
1 10 3 45
7 11 6 37
2 18 4 44
15 18 11 26
15 16 8 36
7 15 3 55
8 12 13 36
3 17 18 24
9 14 12 43
10 17 11 46
5 18 2 83
4 18 23 25
13 14 13 56
5 19 28 30
(166 764)

Arvore 79
1 8 3 22
9 15 3 28
6 12 3 33
0 15 1 46
7 12 1 49
1 10 3 45
7 11 6 37
2 18 4 44
15 18 11 26
15 16 8 36
7 15 3 55
8 12 13 36
3 17 18 24
9 14 12 43
10 17 11 46
3 5 6 72
4 18 23 25
13 14 13 56
5 19 28 30
(170 753)

Arvore 80
1 8 3 22
9 15 3 28
6 12 3 33
0 15 1 46
7 11 6 37
15 18 11 26
7 12 1 49
1 10 3 45
2 18 4 44
15 16 8 36
7 15 3 55
3 17 18 24
8 12 13 36
9 14 12 43
10 17 11 46
4 18 23 25
5 16 12 52
13 14 13 56
5 19 28 30
(176 733)

Arvore 81
1 8 3 22
9 15 3 28
6 12 3 33
0 15 1 46
7 11 6 37
15 18 11 26
7 12 1 49
1 10 3 45
2 18 4 44
15 16 8 36
7 15 3 55
3 17 18 24
9 14 12 43
8 14 24 16
10 17 11 46
4 18 23 25
5 16 12 52
13 14 13 56
3 19 25 34
(184 717)

Arvore 82
1 8 3 22
9 15 3 28
6 12 3 33
0 15 1 46
7 11 6 37
15 18 11 26
7 12 1 49
1 10 3 45
2 18 4 44
15 16 8 36
7 15 3 55
3 17 18 24
8 12 13 36
8 14 24 16
10 17 11 46
4 18 23 25
13 14 13 56
3 5 6 72
3 19 25 34
(179 730)

Arvore 83
1 8 3 22
9 15 3 28
6 12 3 33
0 15 1 46
7 11 6 37
15 18 11 26
7 12 1 49
1 10 3 45
2 18 4 44
15 16 8 36
7 15 3 55
3 17 18 24
8 12 13 36
8 14 24 16
10 17 11 46
4 18 23 25
13 14 13 56
3 5 6 72
5 19 28 30
(182 726)

Arvore 84
1 8 3 22
9 15 3 28
6 12 3 33
15 18 11 26
0 15 1 46
7 11 6 37
1 10 3 45
15 16 8 36
7 12 1 49
2 18 4 44
3 17 18 24
8 12 13 36
8 14 24 16
7 15 3 55
10 17 11 46
4 18 23 25
5 16 12 52
13 14 13 56
5 19 28 30
(188 706)

Arvore 85
1 8 3 22
9 15 3 28
6 12 3 33
15 18 11 26
0 15 1 46
7 11 6 37
1 10 3 45
15 16 8 36
7 12 1 49
2 18 4 44
3 17 18 24
8 12 13 36
8 14 24 16
9 14 12 43
10 17 11 46
4 18 23 25
5 16 12 52
3 19 25 34
13 14 13 56
(194 698)

Arvore 86
1 8 3 22
9 15 3 28
6 12 3 33
15 18 11 26
0 15 1 46
7 11 6 37
1 10 3 45
15 16 8 36
7 12 1 49
2 18 4 44
3 17 18 24
8 14 24 16
7 15 3 55
9 14 12 43
0 17 28 15
4 18 23 25
5 16 12 52
3 19 25 34
13 14 13 56
(201 686)

Arvore 87
1 8 3 22
9 15 3 28
6 12 3 33
15 18 11 26
0 15 1 46
7 11 6 37
1 10 3 45
15 16 8 36
7 12 1 49
2 18 4 44
3 17 18 24
8 12 13 36
8 14 24 16
9 14 12 43
10 17 11 46
4 18 23 25
5 16 12 52
13 14 13 56
5 19 28 30
(197 694)

Arvore 88
1 8 3 22
9 15 3 28
6 12 3 33
15 18 11 26
0 15 1 46
7 11 6 37
1 10 3 45
15 16 8 36
7 12 1 49
2 18 4 44
3 17 18 24
8 14 24 16
7 15 3 55
10 17 11 46
0 17 28 15
4 18 23 25
5 16 12 52
3 19 25 34
13 14 13 56
(200 689)

Arvore 89
1 8 3 22
9 15 3 28
6 12 3 33
15 18 11 26
0 15 1 46
7 11 6 37
1 10 3 45
15 16 8 36
7 12 1 49
2 18 4 44
3 17 18 24
8 12 13 36
7 15 3 55
9 14 12 43
0 17 28 15
4 18 23 25
5 16 12 52
13 14 13 56
5 19 28 30
(193 702)

Arvore 90
1 8 3 22
9 15 3 28
6 12 3 33
15 18 11 26
7 11 6 37
15 16 8 36
0 15 1 46
3 17 18 24
8 14 24 16
1 10 3 45
2 18 4 44
7 12 1 49
0 17 28 15
8 12 13 36
4 18 23 25
7 15 3 55
5 16 12 52
5 19 28 30
13 14 13 56
(205 675)

Arvore 91
1 8 3 22
9 15 3 28
6 12 3 33
15 18 11 26
7 11 6 37
15 16 8 36
0 15 1 46
3 17 18 24
8 14 24 16
1 10 3 45
2 18 4 44
7 12 1 49
0 17 28 15
8 12 13 36
4 18 23 25
9 14 12 43
3 19 25 34
5 16 12 52
13 14 13 56
(211 667)

Arvore 92
1 8 3 22
9 15 3 28
6 12 3 33
15 18 11 26
7 11 6 37
15 16 8 36
0 15 1 46
3 17 18 24
8 14 24 16
1 10 3 45
2 18 4 44
7 12 1 49
0 17 28 15
8 12 13 36
4 18 23 25
9 14 12 43
5 16 12 52
5 19 28 30
13 14 13 56
(214 663)

Arvore 93
1 8 3 22
9 15 3 28
6 12 3 33
15 18 11 26
7 11 6 37
15 16 8 36
0 15 1 46
3 17 18 24
8 14 24 16
1 10 3 45
2 18 4 44
7 12 1 49
0 17 28 15
8 12 13 36
4 18 23 25
10 17 11 46
3 19 25 34
5 16 12 52
13 14 13 56
(210 670)

Arvore 94
1 8 3 22
9 15 3 28
6 12 3 33
15 18 11 26
7 11 6 37
15 16 8 36
0 15 1 46
3 17 18 24
8 14 24 16
1 10 3 45
2 18 4 44
7 12 1 49
0 17 28 15
8 12 13 36
4 18 23 25
10 17 11 46
5 16 12 52
5 19 28 30
13 14 13 56
(213 666)

Arvore 95
1 8 3 22
9 15 3 28
6 12 3 33
15 18 11 26
7 11 6 37
15 16 8 36
0 15 1 46
3 17 18 24
8 14 24 16
1 10 3 45
2 18 4 44
7 12 1 49
0 17 28 15
8 12 13 36
4 18 23 25
10 17 11 46
3 19 25 34
5 19 28 30
13 14 13 56
(226 648)

Arvore 96
1 8 3 22
9 15 3 28
6 12 3 33
15 18 11 26
7 11 6 37
15 16 8 36
8 14 24 16
3 17 18 24
0 15 1 46
1 10 3 45
2 18 4 44
7 12 1 49
0 17 28 15
8 12 13 36
4 18 23 25
0 14 27 24
5 19 28 30
5 16 12 52
13 14 13 56
(229 644)

Arvore 97
1 8 3 22
9 15 3 28
6 12 3 33
15 18 11 26
7 11 6 37
15 16 8 36
8 14 24 16
3 17 18 24
0 15 1 46
1 10 3 45
2 18 4 44
7 12 1 49
0 17 28 15
8 12 13 36
4 18 23 25
14 16 36 14
5 19 28 30
5 16 12 52
13 14 13 56
(238 634)

Arvore 98
1 8 3 22
9 15 3 28
6 12 3 33
15 18 11 26
7 11 6 37
15 16 8 36
8 14 24 16
3 17 18 24
0 15 1 46
1 10 3 45
2 18 4 44
7 12 1 49
0 17 28 15
8 12 13 36
4 18 23 25
14 16 36 14
3 19 25 34
5 16 12 52
13 14 13 56
(235 638)

Arvore 99
1 8 3 22
9 15 3 28
6 12 3 33
15 18 11 26
7 11 6 37
15 16 8 36
8 14 24 16
3 17 18 24
0 15 1 46
1 10 3 45
2 18 4 44
7 12 1 49
0 17 28 15
8 12 13 36
4 18 23 25
9 14 12 43
5 19 28 30
0 5 37 22
13 14 13 56
(239 633)

Arvore 100
1 8 3 22
9 15 3 28
6 12 3 33
15 18 11 26
7 11 6 37
15 16 8 36
8 14 24 16
3 17 18 24
0 15 1 46
1 10 3 45
2 18 4 44
7 12 1 49
0 17 28 15
8 12 13 36
4 18 23 25
9 14 12 43
3 19 25 34
0 5 37 22
13 14 13 56
(236 637)

Arvore 101
1 8 3 22
9 15 3 28
6 12 3 33
15 18 11 26
8 14 24 16
3 17 18 24
7 11 6 37
0 17 28 15
15 16 8 36
0 15 1 46
1 10 3 45
2 18 4 44
4 18 23 25
8 12 13 36
7 12 1 49
14 16 36 14
3 19 25 34
0 5 37 22
13 14 13 56
(260 608)

Arvore 102
1 8 3 22
9 15 3 28
6 12 3 33
15 18 11 26
8 14 24 16
3 17 18 24
7 11 6 37
0 17 28 15
15 16 8 36
0 15 1 46
1 10 3 45
2 18 4 44
4 18 23 25
8 12 13 36
7 12 1 49
0 14 27 24
5 19 28 30
0 5 37 22
13 14 13 56
(254 614)

Arvore 103
1 8 3 22
9 15 3 28
15 18 11 26
6 12 3 33
8 14 24 16
0 17 28 15
3 17 18 24
7 11 6 37
15 16 8 36
4 18 23 25
14 16 36 14
0 15 1 46
8 12 13 36
2 18 4 44
1 10 3 45
7 8 23 31
0 5 37 22
5 19 28 30
13 14 13 56
(285 586)

Arvore 104
1 8 3 22
9 15 3 28
15 18 11 26
6 12 3 33
8 14 24 16
0 17 28 15
3 17 18 24
7 11 6 37
15 16 8 36
4 18 23 25
14 16 36 14
0 15 1 46
2 18 4 44
1 10 3 45
3 6 37 17
7 12 1 49
0 5 37 22
5 19 28 30
13 14 13 56
(287 585)

Arvore 105
1 8 3 22
9 15 3 28
15 18 11 26
6 12 3 33
8 14 24 16
0 17 28 15
3 17 18 24
7 11 6 37
15 16 8 36
4 18 23 25
14 16 36 14
0 14 27 24
8 12 13 36
2 18 4 44
1 10 3 45
7 12 1 49
5 19 28 30
3 19 25 34
13 14 13 56
(277 594)

Arvore 106
1 8 3 22
9 15 3 28
15 18 11 26
6 12 3 33
8 14 24 16
0 17 28 15
3 17 18 24
7 11 6 37
15 16 8 36
4 18 23 25
14 16 36 14
0 15 1 46
8 12 13 36
2 18 4 44
1 10 3 45
7 8 23 31
0 5 37 22
3 19 25 34
13 14 13 56
(282 590)

Arvore 107
1 8 3 22
9 15 3 28
15 18 11 26
6 12 3 33
8 14 24 16
0 17 28 15
3 17 18 24
7 11 6 37
15 16 8 36
4 18 23 25
14 16 36 14
0 15 1 46
8 12 13 36
2 18 4 44
1 10 3 45
7 8 23 31
5 19 28 30
3 19 25 34
13 14 13 56
(273 598)

Arvore 108
1 8 3 22
9 15 3 28
15 18 11 26
6 12 3 33
8 14 24 16
0 17 28 15
3 17 18 24
7 11 6 37
15 16 8 36
4 18 23 25
14 16 36 14
0 15 1 46
2 18 4 44
1 10 3 45
3 6 37 17
7 12 1 49
0 5 37 22
3 19 25 34
13 14 13 56
(284 589)

Arvore 109
1 8 3 22
9 15 3 28
15 18 11 26
6 12 3 33
8 14 24 16
0 17 28 15
3 17 18 24
7 11 6 37
15 16 8 36
4 18 23 25
0 15 1 46
0 14 27 24
8 12 13 36
2 18 4 44
1 10 3 45
7 8 23 31
0 5 37 22
5 19 28 30
13 14 13 56
(276 596)

Arvore 110
1 8 3 22
9 15 3 28
15 18 11 26
6 12 3 33
8 14 24 16
0 17 28 15
3 17 18 24
7 11 6 37
15 16 8 36
4 18 23 25
14 16 36 14
0 15 1 46
2 18 4 44
1 10 3 45
3 6 37 17
7 12 1 49
5 19 28 30
3 19 25 34
13 14 13 56
(275 597)

Arvore 111
1 8 3 22
9 15 3 28
15 18 11 26
6 12 3 33
8 14 24 16
0 17 28 15
3 17 18 24
7 11 6 37
15 16 8 36
4 18 23 25
14 16 36 14
0 15 1 46
2 18 4 44
1 10 3 45
7 12 1 49
7 8 23 31
0 5 37 22
3 19 25 34
13 14 13 56
(270 603)

Arvore 112
1 8 3 22
9 15 3 28
15 18 11 26
6 12 3 33
8 14 24 16
0 17 28 15
3 17 18 24
7 11 6 37
15 16 8 36
14 16 36 14
4 18 23 25
8 12 13 36
2 18 4 44
3 6 37 17
1 10 3 45
7 12 1 49
0 5 37 22
5 19 28 30
13 14 13 56
(299 575)

Arvore 113
1 8 3 22
9 15 3 28
15 18 11 26
6 12 3 33
8 14 24 16
0 17 28 15
3 17 18 24
7 11 6 37
15 16 8 36
14 16 36 14
4 18 23 25
0 15 1 46
2 18 4 44
3 6 37 17
1 10 3 45
7 8 23 31
0 5 37 22
5 19 28 30
13 14 13 56
(309 567)

Arvore 114
1 8 3 22
9 15 3 28
15 18 11 26
6 12 3 33
8 14 24 16
0 17 28 15
3 17 18 24
7 11 6 37
15 16 8 36
14 16 36 14
4 18 23 25
0 14 27 24
8 12 13 36
2 18 4 44
1 10 3 45
7 8 23 31
0 5 37 22
3 19 25 34
13 14 13 56
(308 568)

Arvore 115
1 8 3 22
9 15 3 28
15 18 11 26
6 12 3 33
8 14 24 16
0 17 28 15
3 17 18 24
7 11 6 37
15 16 8 36
14 16 36 14
4 18 23 25
8 12 13 36
2 18 4 44
3 6 37 17
1 10 3 45
7 12 1 49
0 5 37 22
3 19 25 34
13 14 13 56
(296 579)

Arvore 116
1 8 3 22
9 15 3 28
15 18 11 26
6 12 3 33
8 14 24 16
0 17 28 15
3 17 18 24
7 11 6 37
15 16 8 36
14 16 36 14
4 18 23 25
0 15 1 46
2 18 4 44
3 6 37 17
1 10 3 45
7 8 23 31
0 5 37 22
3 19 25 34
13 14 13 56
(306 571)

Arvore 117
1 8 3 22
9 15 3 28
15 18 11 26
6 12 3 33
8 14 24 16
0 17 28 15
3 17 18 24
7 11 6 37
15 16 8 36
14 16 36 14
4 18 23 25
8 12 13 36
0 15 1 46
2 18 4 44
1 10 3 45
7 8 23 31
0 5 37 22
5 19 28 30
1 13 23 51
(295 581)

Arvore 118
1 8 3 22
9 15 3 28
15 18 11 26
6 12 3 33
8 14 24 16
0 17 28 15
3 17 18 24
7 11 6 37
14 16 36 14
4 18 23 25
0 14 27 24
8 12 13 36
0 15 1 46
2 18 4 44
1 10 3 45
7 8 23 31
0 5 37 22
5 19 28 30
13 14 13 56
(304 574)

Arvore 119
1 8 3 22
9 15 3 28
15 18 11 26
8 14 24 16
6 12 3 33
0 17 28 15
3 17 18 24
7 11 6 37
15 16 8 36
14 16 36 14
4 18 23 25
0 14 27 24
3 6 37 17
2 18 4 44
1 10 3 45
7 12 1 49
0 5 37 22
5 19 28 30
13 14 13 56
(313 563)

Arvore 120
1 8 3 22
9 15 3 28
15 18 11 26
8 14 24 16
6 12 3 33
0 17 28 15
3 17 18 24
7 11 6 37
15 16 8 36
14 16 36 14
4 18 23 25
8 12 13 36
3 6 37 17
2 18 4 44
1 10 3 45
7 8 23 31
0 5 37 22
5 19 28 30
13 14 13 56
(321 557)

Arvore 121
1 8 3 22
9 15 3 28
15 18 11 26
8 14 24 16
6 12 3 33
0 17 28 15
3 17 18 24
7 11 6 37
15 16 8 36
14 16 36 14
4 18 23 25
0 14 27 24
3 6 37 17
2 18 4 44
1 10 3 45
7 8 23 31
0 5 37 22
3 19 25 34
13 14 13 56
(332 549)

Arvore 122
1 8 3 22
9 15 3 28
15 18 11 26
8 14 24 16
6 12 3 33
0 17 28 15
3 17 18 24
7 11 6 37
15 16 8 36
14 16 36 14
4 18 23 25
8 12 13 36
3 6 37 17
2 18 4 44
1 10 3 45
7 8 23 31
0 5 37 22
3 19 25 34
13 14 13 56
(318 561)

Arvore 123
1 8 3 22
9 15 3 28
15 18 11 26
8 14 24 16
6 12 3 33
0 17 28 15
3 17 18 24
7 11 6 37
15 16 8 36
14 16 36 14
4 18 23 25
3 6 37 17
2 18 4 44
1 10 3 45
6 8 39 17
7 12 1 49
0 5 37 22
5 19 28 30
13 14 13 56
(325 556)

Arvore 124
1 8 3 22
9 15 3 28
15 18 11 26
8 14 24 16
6 12 3 33
0 17 28 15
3 17 18 24
7 11 6 37
15 16 8 36
14 16 36 14
4 18 23 25
8 12 13 36
3 6 37 17
2 18 4 44
1 10 3 45
7 8 23 31
0 5 37 22
5 19 28 30
1 13 23 51
(331 552)

Arvore 125
1 8 3 22
9 15 3 28
15 18 11 26
8 14 24 16
6 12 3 33
0 17 28 15
3 17 18 24
7 11 6 37
14 16 36 14
4 18 23 25
0 14 27 24
3 6 37 17
0 15 1 46
2 18 4 44
1 10 3 45
7 8 23 31
0 5 37 22
5 19 28 30
13 14 13 56
(328 555)

Arvore 126
1 8 3 22
9 15 3 28
15 18 11 26
8 14 24 16
6 12 3 33
0 17 28 15
3 17 18 24
7 11 6 37
15 16 8 36
14 16 36 14
4 18 23 25
0 14 27 24
8 12 13 36
2 18 4 44
1 10 3 45
7 12 1 49
5 19 28 30
3 19 25 34
13 18 66 16
(330 554)

Arvore 127
1 8 3 22
9 15 3 28
8 14 24 16
15 18 11 26
6 12 3 33
0 17 28 15
3 17 18 24
14 16 36 14
7 11 6 37
15 16 8 36
4 18 23 25
0 14 27 24
8 12 13 36
2 18 4 44
1 10 3 45
7 8 23 31
0 5 37 22
5 19 28 30
10 13 62 19
(360 527)

Arvore 128
1 8 3 22
9 15 3 28
8 14 24 16
15 18 11 26
6 12 3 33
0 17 28 15
3 17 18 24
14 16 36 14
7 11 6 37
15 16 8 36
4 18 23 25
0 14 27 24
8 12 13 36
2 18 4 44
1 10 3 45
7 8 23 31
0 5 37 22
5 19 28 30
13 18 66 16
(364 524)

Arvore 129
1 8 3 22
9 15 3 28
8 14 24 16
15 18 11 26
6 12 3 33
0 17 28 15
3 17 18 24
14 16 36 14
7 11 6 37
15 16 8 36
4 18 23 25
0 14 27 24
8 12 13 36
2 18 4 44
1 10 3 45
7 8 23 31
0 5 37 22
5 19 28 30
13 16 69 14
(367 522)

Arvore 130
1 8 3 22
9 15 3 28
8 14 24 16
15 18 11 26
6 12 3 33
0 17 28 15
3 17 18 24
14 16 36 14
7 11 6 37
15 16 8 36
4 18 23 25
0 14 27 24
3 6 37 17
2 18 4 44
1 10 3 45
7 12 1 49
0 5 37 22
5 19 28 30
10 13 62 19
(362 526)

Arvore 131
1 8 3 22
9 15 3 28
8 14 24 16
15 18 11 26
6 12 3 33
0 17 28 15
3 17 18 24
14 16 36 14
7 11 6 37
15 16 8 36
4 18 23 25
0 14 27 24
3 6 37 17
2 18 4 44
1 10 3 45
7 12 1 49
0 5 37 22
5 19 28 30
13 18 66 16
(366 523)

Arvore 132
1 8 3 22
9 15 3 28
8 14 24 16
15 18 11 26
6 12 3 33
0 17 28 15
3 17 18 24
14 16 36 14
7 11 6 37
15 16 8 36
4 18 23 25
3 6 37 17
8 12 13 36
2 18 4 44
1 10 3 45
7 8 23 31
0 5 37 22
5 19 28 30
10 13 62 19
(370 520)

Arvore 133
1 8 3 22
9 15 3 28
8 14 24 16
15 18 11 26
6 12 3 33
0 17 28 15
3 17 18 24
14 16 36 14
7 11 6 37
15 16 8 36
4 18 23 25
3 6 37 17
8 12 13 36
2 18 4 44
1 10 3 45
7 8 23 31
0 5 37 22
5 19 28 30
13 18 66 16
(374 517)

Arvore 134
1 8 3 22
9 15 3 28
8 14 24 16
15 18 11 26
6 12 3 33
0 17 28 15
3 17 18 24
14 16 36 14
7 11 6 37
15 16 8 36
4 18 23 25
0 14 27 24
3 6 37 17
2 18 4 44
1 10 3 45
7 12 1 49
0 5 37 22
5 19 28 30
13 16 69 14
(369 521)

Arvore 135
1 8 3 22
9 15 3 28
8 14 24 16
15 18 11 26
6 12 3 33
0 17 28 15
3 17 18 24
14 16 36 14
7 11 6 37
15 16 8 36
4 18 23 25
3 6 37 17
8 12 13 36
2 18 4 44
1 10 3 45
7 8 23 31
0 5 37 22
5 19 28 30
13 16 69 14
(377 515)

Arvore 136
1 8 3 22
9 15 3 28
8 14 24 16
15 18 11 26
6 12 3 33
0 17 28 15
3 17 18 24
14 16 36 14
7 11 6 37
15 16 8 36
4 18 23 25
0 14 27 24
3 6 37 17
2 18 4 44
1 10 3 45
7 8 23 31
0 5 37 22
3 19 25 34
10 13 62 19
(381 512)

Arvore 137
1 8 3 22
9 15 3 28
8 14 24 16
15 18 11 26
6 12 3 33
0 17 28 15
3 17 18 24
14 16 36 14
7 11 6 37
15 16 8 36
4 18 23 25
3 6 37 17
6 8 39 17
2 18 4 44
1 10 3 45
7 8 23 31
0 5 37 22
5 19 28 30
13 14 13 56
(347 538)

Arvore 138
1 8 3 22
9 15 3 28
8 14 24 16
15 18 11 26
6 12 3 33
0 17 28 15
3 17 18 24
14 16 36 14
7 11 6 37
15 16 8 36
4 18 23 25
0 14 27 24
8 12 13 36
2 18 4 44
1 10 3 45
7 12 1 49
0 5 37 22
5 19 28 30
13 18 66 16
(342 542)

Arvore 139
1 8 3 22
9 15 3 28
8 14 24 16
15 18 11 26
6 12 3 33
0 17 28 15
3 17 18 24
14 16 36 14
7 11 6 37
15 16 8 36
4 18 23 25
3 6 37 17
0 15 1 46
2 18 4 44
1 10 3 45
7 8 23 31
0 5 37 22
5 19 28 30
10 13 62 19
(358 530)

Arvore 140
1 8 3 22
9 15 3 28
8 14 24 16
15 18 11 26
6 12 3 33
0 17 28 15
3 17 18 24
14 16 36 14
7 11 6 37
15 16 8 36
4 18 23 25
0 14 27 24
8 12 13 36
2 18 4 44
1 10 3 45
7 12 1 49
0 5 37 22
5 19 28 30
13 16 69 14
(345 540)

Arvore 141
1 8 3 22
9 15 3 28
8 14 24 16
15 18 11 26
6 12 3 33
0 17 28 15
3 17 18 24
14 16 36 14
7 11 6 37
15 16 8 36
4 18 23 25
0 14 27 24
8 12 13 36
2 18 4 44
1 10 3 45
7 8 23 31
0 5 37 22
3 19 25 34
10 13 62 19
(357 531)

Arvore 142
1 8 3 22
9 15 3 28
8 14 24 16
15 18 11 26
6 12 3 33
0 17 28 15
3 17 18 24
14 16 36 14
7 11 6 37
15 16 8 36
4 18 23 25
3 6 37 17
8 12 13 36
2 18 4 44
1 10 3 45
7 12 1 49
0 5 37 22
5 19 28 30
13 18 66 16
(352 535)

Arvore 143
1 8 3 22
9 15 3 28
8 14 24 16
15 18 11 26
6 12 3 33
0 17 28 15
3 17 18 24
14 16 36 14
7 11 6 37
15 16 8 36
4 18 23 25
3 6 37 17
8 12 13 36
2 18 4 44
1 10 3 45
7 12 1 49
0 5 37 22
5 19 28 30
13 16 69 14
(355 533)

Arvore 144
1 8 3 22
9 15 3 28
8 14 24 16
15 18 11 26
6 12 3 33
0 17 28 15
3 17 18 24
14 16 36 14
7 11 6 37
15 16 8 36
4 18 23 25
8 12 13 36
0 15 1 46
2 18 4 44
1 10 3 45
7 8 23 31
0 5 37 22
5 19 28 30
13 16 69 14
(341 544)

Arvore 145
1 8 3 22
9 15 3 28
8 14 24 16
0 17 28 15
15 18 11 26
3 17 18 24
6 12 3 33
14 16 36 14
4 18 23 25
3 6 37 17
6 8 39 17
7 11 6 37
15 16 8 36
0 5 37 22
7 8 23 31
2 18 4 44
5 19 28 30
1 10 3 45
13 18 66 16
(400 498)

Arvore 146
1 8 3 22
9 15 3 28
8 14 24 16
0 17 28 15
15 18 11 26
3 17 18 24
6 12 3 33
14 16 36 14
4 18 23 25
3 6 37 17
6 8 39 17
7 11 6 37
15 16 8 36
0 5 37 22
7 8 23 31
2 18 4 44
5 19 28 30
1 10 3 45
10 13 62 19
(396 501)

Arvore 147
1 8 3 22
8 14 24 16
0 17 28 15
9 15 3 28
15 18 11 26
14 16 36 14
3 17 18 24
6 12 3 33
3 6 37 17
4 18 23 25
6 8 39 17
7 11 6 37
15 16 8 36
0 5 37 22
7 8 23 31
5 19 28 30
2 18 4 44
9 10 49 22
13 18 66 16
(446 475)

Arvore 148
1 8 3 22
8 14 24 16
0 17 28 15
9 15 3 28
15 18 11 26
14 16 36 14
3 17 18 24
6 12 3 33
3 6 37 17
4 18 23 25
6 8 39 17
7 11 6 37
15 16 8 36
0 5 37 22
7 8 23 31
5 19 28 30
2 18 4 44
1 10 3 45
5 13 84 7
(418 489)

Arvore 149
1 8 3 22
8 14 24 16
0 17 28 15
9 15 3 28
15 18 11 26
14 16 36 14
3 17 18 24
6 12 3 33
3 6 37 17
4 18 23 25
0 14 27 24
7 11 6 37
15 16 8 36
0 5 37 22
7 8 23 31
5 19 28 30
2 18 4 44
9 10 49 22
13 16 69 14
(437 480)

Arvore 150
1 8 3 22
8 14 24 16
0 17 28 15
9 15 3 28
15 18 11 26
14 16 36 14
3 17 18 24
6 12 3 33
3 6 37 17
4 18 23 25
6 8 39 17
7 11 6 37
15 16 8 36
0 5 37 22
7 8 23 31
5 19 28 30
2 18 4 44
9 10 49 22
10 13 62 19
(442 478)

Arvore 151
1 8 3 22
8 14 24 16
0 17 28 15
9 15 3 28
15 18 11 26
14 16 36 14
3 17 18 24
6 12 3 33
3 6 37 17
4 18 23 25
0 14 27 24
7 11 6 37
15 16 8 36
0 5 37 22
7 8 23 31
5 19 28 30
2 18 4 44
9 10 49 22
13 18 66 16
(434 482)

Arvore 152
1 8 3 22
8 14 24 16
0 17 28 15
9 15 3 28
15 18 11 26
14 16 36 14
3 17 18 24
6 12 3 33
3 6 37 17
4 18 23 25
0 14 27 24
7 11 6 37
15 16 8 36
0 5 37 22
7 8 23 31
5 19 28 30
2 18 4 44
9 10 49 22
10 13 62 19
(430 485)

Arvore 153
1 8 3 22
8 14 24 16
0 17 28 15
9 15 3 28
15 18 11 26
14 16 36 14
3 17 18 24
6 12 3 33
3 6 37 17
4 18 23 25
6 8 39 17
7 11 6 37
15 16 8 36
0 5 37 22
7 8 23 31
2 18 4 44
1 10 3 45
3 19 25 34
5 13 84 7
(415 493)

Arvore 154
1 8 3 22
8 14 24 16
0 17 28 15
9 15 3 28
15 18 11 26
14 16 36 14
3 17 18 24
6 12 3 33
3 6 37 17
4 18 23 25
0 14 27 24
7 11 6 37
15 16 8 36
7 8 23 31
5 19 28 30
8 19 75 7
2 18 4 44
1 10 3 45
13 16 69 14
(429 488)

Arvore 155
1 8 3 22
8 14 24 16
0 17 28 15
9 15 3 28
15 18 11 26
14 16 36 14
3 17 18 24
6 12 3 33
3 6 37 17
6 8 39 17
4 18 23 25
15 16 8 36
7 11 6 37
0 5 37 22
7 8 23 31
5 19 28 30
2 18 4 44
9 10 49 22
5 13 84 7
(464 466)

Arvore 156
1 8 3 22
8 14 24 16
0 17 28 15
9 15 3 28
15 18 11 26
14 16 36 14
3 17 18 24
6 12 3 33
3 6 37 17
6 8 39 17
4 18 23 25
15 16 8 36
7 11 6 37
0 5 37 22
7 8 23 31
8 19 75 7
2 18 4 44
9 10 49 22
13 18 66 16
(493 452)

Arvore 157
1 8 3 22
8 14 24 16
0 17 28 15
9 15 3 28
15 18 11 26
14 16 36 14
3 17 18 24
6 12 3 33
3 6 37 17
4 18 23 25
0 14 27 24
15 16 8 36
7 11 6 37
0 5 37 22
7 8 23 31
8 19 75 7
2 18 4 44
9 10 49 22
13 16 69 14
(484 457)

Arvore 158
1 8 3 22
8 14 24 16
0 17 28 15
9 15 3 28
15 18 11 26
14 16 36 14
3 17 18 24
6 12 3 33
3 6 37 17
6 8 39 17
4 18 23 25
15 16 8 36
7 11 6 37
0 5 37 22
7 8 23 31
8 19 75 7
2 18 4 44
9 10 49 22
10 13 62 19
(489 455)

Arvore 159
1 8 3 22
8 14 24 16
0 17 28 15
9 15 3 28
15 18 11 26
14 16 36 14
3 17 18 24
6 12 3 33
3 6 37 17
4 18 23 25
0 14 27 24
15 16 8 36
7 11 6 37
0 5 37 22
7 8 23 31
8 19 75 7
2 18 4 44
9 10 49 22
13 18 66 16
(481 459)

Arvore 160
1 8 3 22
8 14 24 16
0 17 28 15
9 15 3 28
15 18 11 26
14 16 36 14
3 17 18 24
6 12 3 33
3 6 37 17
4 18 23 25
0 14 27 24
15 16 8 36
7 11 6 37
0 5 37 22
7 8 23 31
8 19 75 7
2 18 4 44
9 10 49 22
10 13 62 19
(477 462)

Arvore 161
1 8 3 22
8 14 24 16
0 17 28 15
9 15 3 28
15 18 11 26
14 16 36 14
3 17 18 24
6 12 3 33
3 6 37 17
6 8 39 17
4 18 23 25
15 16 8 36
7 11 6 37
0 5 37 22
7 8 23 31
2 18 4 44
9 10 49 22
3 19 25 34
5 13 84 7
(461 470)

Arvore 162
1 8 3 22
8 14 24 16
0 17 28 15
9 15 3 28
15 18 11 26
14 16 36 14
3 17 18 24
6 12 3 33
3 6 37 17
6 8 39 17
4 18 23 25
15 16 8 36
7 11 6 37
0 5 37 22
7 8 23 31
5 19 28 30
2 18 4 44
13 18 66 16
10 13 62 19
(459 472)

Arvore 163
1 8 3 22
8 14 24 16
0 17 28 15
9 15 3 28
15 18 11 26
14 16 36 14
3 17 18 24
6 12 3 33
3 6 37 17
4 18 23 25
0 14 27 24
15 16 8 36
7 11 6 37
7 8 23 31
5 19 28 30
8 19 75 7
2 18 4 44
9 10 49 22
13 16 69 14
(475 465)

Arvore 164
1 8 3 22
8 14 24 16
0 17 28 15
9 15 3 28
14 16 36 14
15 18 11 26
3 17 18 24
3 6 37 17
6 12 3 33
6 8 39 17
4 18 23 25
0 5 37 22
15 16 8 36
7 11 6 37
7 8 23 31
8 19 75 7
2 18 4 44
13 16 69 14
10 13 62 19
(509 447)

Arvore 165
1 8 3 22
8 14 24 16
0 17 28 15
9 15 3 28
14 16 36 14
15 18 11 26
3 17 18 24
3 6 37 17
6 12 3 33
6 8 39 17
4 18 23 25
0 5 37 22
15 16 8 36
7 11 6 37
7 8 23 31
8 19 75 7
2 18 4 44
13 18 66 16
10 13 62 19
(506 449)

Arvore 166
1 8 3 22
8 14 24 16
0 17 28 15
9 15 3 28
14 16 36 14
15 18 11 26
3 17 18 24
3 6 37 17
6 8 39 17
6 12 3 33
4 18 23 25
0 5 37 22
8 19 75 7
16 18 78 6
7 11 6 37
7 8 23 31
9 10 49 22
13 16 69 14
2 18 4 44
(566 420)

Arvore 167
1 8 3 22
8 14 24 16
0 17 28 15
9 15 3 28
14 16 36 14
15 18 11 26
3 17 18 24
3 6 37 17
6 8 39 17
6 12 3 33
4 18 23 25
0 5 37 22
8 19 75 7
7 11 6 37
4 16 69 11
7 8 23 31
9 10 49 22
5 13 84 7
2 18 4 44
(572 418)

Arvore 168
1 8 3 22
8 14 24 16
0 17 28 15
9 15 3 28
14 16 36 14
15 18 11 26
3 17 18 24
3 6 37 17
6 8 39 17
6 12 3 33
4 18 23 25
0 5 37 22
8 19 75 7
16 18 78 6
7 11 6 37
7 8 23 31
9 10 49 22
13 18 66 16
2 18 4 44
(563 422)

Arvore 169
1 8 3 22
8 14 24 16
0 17 28 15
9 15 3 28
14 16 36 14
15 18 11 26
3 17 18 24
3 6 37 17
6 8 39 17
6 12 3 33
4 18 23 25
0 5 37 22
8 19 75 7
7 11 6 37
4 16 69 11
7 8 23 31
9 10 49 22
13 16 69 14
2 18 4 44
(557 425)

Arvore 170
1 8 3 22
8 14 24 16
0 17 28 15
9 15 3 28
14 16 36 14
15 18 11 26
3 17 18 24
3 6 37 17
6 12 3 33
4 18 23 25
0 14 27 24
0 5 37 22
8 19 75 7
16 18 78 6
7 11 6 37
7 8 23 31
9 10 49 22
13 16 69 14
2 18 4 44
(554 427)

Arvore 171
1 8 3 22
8 14 24 16
0 17 28 15
9 15 3 28
14 16 36 14
15 18 11 26
3 17 18 24
3 6 37 17
6 8 39 17
6 12 3 33
4 18 23 25
0 5 37 22
8 19 75 7
15 16 8 36
7 11 6 37
7 8 23 31
5 13 84 7
10 13 62 19
2 18 4 44
(524 440)

Arvore 172
1 8 3 22
8 14 24 16
0 17 28 15
9 15 3 28
14 16 36 14
15 18 11 26
3 17 18 24
3 6 37 17
6 8 39 17
6 12 3 33
4 18 23 25
0 5 37 22
16 18 78 6
7 11 6 37
7 8 23 31
5 19 28 30
9 10 49 22
5 13 84 7
2 18 4 44
(534 436)

Arvore 173
1 8 3 22
8 14 24 16
0 17 28 15
9 15 3 28
14 16 36 14
15 18 11 26
3 17 18 24
3 6 37 17
6 8 39 17
6 12 3 33
4 18 23 25
0 5 37 22
8 19 75 7
16 18 78 6
7 11 6 37
7 8 23 31
13 16 69 14
10 13 62 19
2 18 4 44
(579 417)

Arvore 174
1 8 3 22
8 14 24 16
0 17 28 15
9 15 3 28
14 16 36 14
15 18 11 26
3 17 18 24
3 6 37 17
6 12 3 33
4 18 23 25
0 14 27 24
0 5 37 22
8 19 75 7
16 18 78 6
7 11 6 37
7 8 23 31
9 10 49 22
13 18 66 16
2 18 4 44
(551 429)

Arvore 175
1 8 3 22
8 14 24 16
0 17 28 15
9 15 3 28
14 16 36 14
15 18 11 26
3 17 18 24
3 6 37 17
6 8 39 17
6 12 3 33
4 18 23 25
0 5 37 22
8 19 75 7
7 11 6 37
7 8 23 31
4 17 25 32
9 10 49 22
5 13 84 7
2 18 4 44
(528 439)

Arvore 176
1 8 3 22
8 14 24 16
0 17 28 15
9 15 3 28
14 16 36 14
15 18 11 26
3 17 18 24
3 6 37 17
6 12 3 33
4 18 23 25
0 14 27 24
0 5 37 22
8 19 75 7
7 11 6 37
4 16 69 11
7 8 23 31
9 10 49 22
13 16 69 14
2 18 4 44
(545 432)

Arvore 177
1 8 3 22
8 14 24 16
0 17 28 15
9 15 3 28
14 16 36 14
15 18 11 26
3 17 18 24
3 6 37 17
6 8 39 17
6 12 3 33
4 18 23 25
0 5 37 22
8 19 75 7
7 11 6 37
4 16 69 11
7 8 23 31
9 10 49 22
10 13 62 19
2 18 4 44
(550 430)

Arvore 178
1 8 3 22
8 14 24 16
0 17 28 15
9 15 3 28
14 16 36 14
15 18 11 26
3 17 18 24
3 6 37 17
6 12 3 33
4 18 23 25
0 14 27 24
0 5 37 22
8 19 75 7
7 11 6 37
4 16 69 11
7 8 23 31
9 10 49 22
13 18 66 16
2 18 4 44
(542 434)

Arvore 179
1 8 3 22
8 14 24 16
0 17 28 15
14 16 36 14
9 15 3 28
15 18 11 26
3 17 18 24
3 6 37 17
6 8 39 17
6 12 3 33
4 18 23 25
0 5 37 22
8 19 75 7
16 18 78 6
7 11 6 37
7 8 23 31
9 10 49 22
13 16 69 14
0 2 91 9
(653 385)

Arvore 180
1 8 3 22
8 14 24 16
0 17 28 15
14 16 36 14
9 15 3 28
15 18 11 26
3 17 18 24
3 6 37 17
6 8 39 17
6 12 3 33
4 18 23 25
0 5 37 22
8 19 75 7
4 16 69 11
7 11 6 37
7 8 23 31
5 13 84 7
9 10 49 22
0 2 91 9
(659 383)

Arvore 181
1 8 3 22
8 14 24 16
0 17 28 15
14 16 36 14
9 15 3 28
15 18 11 26
3 17 18 24
3 6 37 17
6 8 39 17
6 12 3 33
4 18 23 25
0 5 37 22
8 19 75 7
16 18 78 6
7 11 6 37
7 8 23 31
9 10 49 22
13 18 66 16
0 2 91 9
(650 387)

Arvore 182
1 8 3 22
8 14 24 16
0 17 28 15
14 16 36 14
9 15 3 28
15 18 11 26
3 17 18 24
3 6 37 17
6 8 39 17
6 12 3 33
4 18 23 25
0 5 37 22
8 19 75 7
15 16 8 36
7 11 6 37
7 8 23 31
5 13 84 7
9 10 49 22
0 2 91 9
(598 408)

Arvore 183
1 8 3 22
8 14 24 16
0 17 28 15
14 16 36 14
9 15 3 28
15 18 11 26
3 17 18 24
3 6 37 17
6 8 39 17
6 12 3 33
4 18 23 25
0 5 37 22
8 19 75 7
16 18 78 6
7 11 6 37
7 8 23 31
5 13 84 7
10 13 62 19
2 18 4 44
(594 410)

Arvore 184
1 8 3 22
8 14 24 16
0 17 28 15
14 16 36 14
9 15 3 28
15 18 11 26
3 17 18 24
3 6 37 17
6 8 39 17
6 12 3 33
4 18 23 25
0 5 37 22
8 19 75 7
4 16 69 11
7 11 6 37
7 8 23 31
9 10 49 22
13 16 69 14
0 2 91 9
(644 390)

Arvore 185
1 8 3 22
8 14 24 16
0 17 28 15
14 16 36 14
9 15 3 28
15 18 11 26
3 17 18 24
3 6 37 17
6 12 3 33
4 18 23 25
0 14 27 24
0 5 37 22
8 19 75 7
16 18 78 6
7 11 6 37
7 8 23 31
9 10 49 22
13 16 69 14
0 2 91 9
(641 392)

Arvore 186
1 8 3 22
8 14 24 16
0 17 28 15
14 16 36 14
9 15 3 28
15 18 11 26
3 17 18 24
3 6 37 17
6 8 39 17
6 12 3 33
4 18 23 25
0 5 37 22
8 19 75 7
16 18 78 6
7 11 6 37
7 8 23 31
13 16 69 14
10 13 62 19
0 2 91 9
(666 382)

Arvore 187
1 8 3 22
8 14 24 16
0 17 28 15
14 16 36 14
9 15 3 28
15 18 11 26
3 17 18 24
3 6 37 17
6 12 3 33
4 18 23 25
0 14 27 24
0 5 37 22
8 19 75 7
16 18 78 6
7 11 6 37
7 8 23 31
9 10 49 22
13 18 66 16
0 2 91 9
(638 394)

Arvore 188
1 8 3 22
8 14 24 16
0 17 28 15
14 16 36 14
9 15 3 28
15 18 11 26
3 17 18 24
3 6 37 17
6 8 39 17
6 12 3 33
4 18 23 25
0 5 37 22
8 19 75 7
15 16 8 36
7 11 6 37
7 8 23 31
5 13 84 7
10 13 62 19
0 2 91 9
(611 405)

Arvore 189
1 8 3 22
8 14 24 16
0 17 28 15
14 16 36 14
9 15 3 28
15 18 11 26
3 17 18 24
3 6 37 17
6 8 39 17
6 12 3 33
4 18 23 25
0 5 37 22
8 19 75 7
16 18 78 6
7 11 6 37
5 13 84 7
9 10 49 22
8 11 63 19
2 18 4 44
(621 401)

Arvore 190
1 8 3 22
8 14 24 16
0 17 28 15
14 16 36 14
9 15 3 28
15 18 11 26
3 17 18 24
3 6 37 17
6 8 39 17
6 12 3 33
4 18 23 25
0 5 37 22
8 19 75 7
16 18 78 6
7 11 6 37
7 8 23 31
5 13 84 7
9 10 49 22
2 19 37 35
(614 404)

Arvore 191
1 8 3 22
8 14 24 16
0 17 28 15
14 16 36 14
9 15 3 28
15 18 11 26
3 17 18 24
3 6 37 17
6 8 39 17
6 12 3 33
0 5 37 22
8 19 75 7
16 18 78 6
4 16 69 11
7 11 6 37
7 8 23 31
5 13 84 7
9 10 49 22
2 18 4 44
(627 399)

Arvore 192
1 8 3 22
8 14 24 16
0 17 28 15
14 16 36 14
9 15 3 28
15 18 11 26
3 17 18 24
3 6 37 17
6 12 3 33
4 18 23 25
0 14 27 24
0 5 37 22
8 19 75 7
4 16 69 11
7 11 6 37
7 8 23 31
9 10 49 22
13 16 69 14
0 2 91 9
(632 397)

Arvore 193
1 8 3 22
8 14 24 16
0 17 28 15
14 16 36 14
9 15 3 28
15 18 11 26
3 17 18 24
3 6 37 17
6 8 39 17
6 12 3 33
4 18 23 25
0 5 37 22
8 19 75 7
4 16 69 11
7 11 6 37
7 8 23 31
9 10 49 22
10 13 62 19
0 2 91 9
(637 395)

Arvore 194
1 8 3 22
8 14 24 16
0 17 28 15
14 16 36 14
9 15 3 28
15 18 11 26
3 17 18 24
3 6 37 17
6 8 39 17
6 12 3 33
4 18 23 25
8 19 75 7
16 18 78 6
7 11 6 37
7 8 23 31
5 13 84 7
9 10 49 22
13 18 66 16
2 18 4 44
(610 407)

Arvore 195
1 8 3 22
8 14 24 16
0 17 28 15
14 16 36 14
3 6 37 17
9 15 3 28
6 8 39 17
15 18 11 26
3 17 18 24
16 18 78 6
8 19 75 7
4 9 75 9
5 13 84 7
0 5 37 22
6 12 3 33
9 10 49 22
0 2 91 9
7 8 23 31
7 11 6 37
(720 362)

Arvore 196
1 8 3 22
8 14 24 16
0 17 28 15
14 16 36 14
3 6 37 17
9 15 3 28
6 8 39 17
15 18 11 26
3 17 18 24
16 18 78 6
8 19 75 7
4 16 69 11
5 13 84 7
0 5 37 22
6 12 3 33
9 10 49 22
0 2 91 9
7 8 23 31
7 11 6 37
(714 364)

Arvore 197
1 8 3 22
8 14 24 16
0 17 28 15
14 16 36 14
3 6 37 17
9 15 3 28
6 8 39 17
15 18 11 26
3 17 18 24
16 18 78 6
8 19 75 7
4 18 23 25
5 13 84 7
0 5 37 22
6 12 3 33
9 10 49 22
0 2 91 9
7 11 6 37
8 11 63 19
(708 366)

Arvore 198
1 8 3 22
8 14 24 16
0 17 28 15
14 16 36 14
3 6 37 17
9 15 3 28
6 8 39 17
15 18 11 26
3 17 18 24
16 18 78 6
8 19 75 7
4 18 23 25
5 13 84 7
0 5 37 22
6 12 3 33
0 2 91 9
7 8 23 31
10 13 62 19
7 11 6 37
(681 375)

Arvore 199
1 8 3 22
8 14 24 16
0 17 28 15
14 16 36 14
3 6 37 17
9 15 3 28
6 8 39 17
15 18 11 26
3 17 18 24
16 18 78 6
8 19 75 7
4 18 23 25
5 13 84 7
6 12 3 33
13 16 69 14
9 10 49 22
0 2 91 9
7 8 23 31
7 11 6 37
(700 370)

Arvore 200
1 8 3 22
8 14 24 16
0 17 28 15
14 16 36 14
3 6 37 17
9 15 3 28
6 8 39 17
15 18 11 26
3 17 18 24
16 18 78 6
8 19 75 7
4 9 75 9
0 5 37 22
6 12 3 33
13 16 69 14
9 10 49 22
0 2 91 9
7 8 23 31
7 11 6 37
(705 369)

Arvore 201
1 8 3 22
8 14 24 16
0 17 28 15
14 16 36 14
3 6 37 17
9 15 3 28
6 8 39 17
15 18 11 26
3 17 18 24
16 18 78 6
8 19 75 7
4 16 69 11
0 5 37 22
6 12 3 33
13 16 69 14
9 10 49 22
0 2 91 9
7 8 23 31
7 11 6 37
(699 371)

Arvore 202
1 8 3 22
8 14 24 16
0 17 28 15
14 16 36 14
3 6 37 17
9 15 3 28
6 8 39 17
15 18 11 26
3 17 18 24
16 18 78 6
8 19 75 7
4 18 23 25
0 5 37 22
6 12 3 33
13 16 69 14
9 10 49 22
0 2 91 9
7 11 6 37
8 11 63 19
(693 373)

Arvore 203
1 8 3 22
8 14 24 16
0 17 28 15
14 16 36 14
3 6 37 17
9 15 3 28
6 8 39 17
15 18 11 26
3 17 18 24
16 18 78 6
8 19 75 7
4 18 23 25
5 13 84 7
6 12 3 33
13 18 66 16
9 10 49 22
0 2 91 9
7 8 23 31
7 11 6 37
(697 372)

Arvore 204
1 8 3 22
8 14 24 16
0 17 28 15
14 16 36 14
3 6 37 17
9 15 3 28
6 8 39 17
15 18 11 26
3 17 18 24
16 18 78 6
8 19 75 7
4 16 69 11
5 13 84 7
0 5 37 22
6 12 3 33
0 2 91 9
9 10 49 22
7 8 23 31
8 11 63 19
(771 346)

Arvore 205
1 8 3 22
8 14 24 16
0 17 28 15
14 16 36 14
3 6 37 17
9 15 3 28
6 8 39 17
15 18 11 26
3 17 18 24
16 18 78 6
8 19 75 7
4 18 23 25
5 13 84 7
0 5 37 22
6 12 3 33
0 2 91 9
9 10 49 22
7 18 85 12
7 11 6 37
(730 359)

Arvore 206
1 8 3 22
8 14 24 16
0 17 28 15
14 16 36 14
3 6 37 17
9 15 3 28
6 8 39 17
15 18 11 26
3 17 18 24
16 18 78 6
8 19 75 7
4 16 69 11
5 13 84 7
0 5 37 22
6 12 3 33
0 2 91 9
9 10 49 22
7 18 85 12
7 11 6 37
(776 345)

Arvore 207
1 8 3 22
8 14 24 16
0 17 28 15
14 16 36 14
3 6 37 17
9 15 3 28
6 8 39 17
15 18 11 26
3 17 18 24
16 18 78 6
8 19 75 7
4 9 75 9
5 13 84 7
0 5 37 22
6 12 3 33
0 2 91 9
9 10 49 22
8 11 63 19
7 11 6 37
(760 350)

Arvore 208
1 8 3 22
8 14 24 16
0 17 28 15
14 16 36 14
3 6 37 17
9 15 3 28
6 8 39 17
15 18 11 26
3 17 18 24
16 18 78 6
8 19 75 7
4 16 69 11
5 13 84 7
0 5 37 22
6 12 3 33
0 2 91 9
9 10 49 22
8 11 63 19
7 11 6 37
(754 352)

Arvore 209
1 8 3 22
8 14 24 16
0 17 28 15
14 16 36 14
3 6 37 17
9 15 3 28
6 8 39 17
15 18 11 26
3 17 18 24
16 18 78 6
8 19 75 7
4 18 23 25
5 13 84 7
0 5 37 22
6 12 3 33
0 2 91 9
7 8 23 31
10 13 62 19
8 11 63 19
(738 357)

Arvore 210
1 8 3 22
8 14 24 16
0 17 28 15
14 16 36 14
3 6 37 17
9 15 3 28
6 8 39 17
15 18 11 26
3 17 18 24
16 18 78 6
8 19 75 7
4 18 23 25
5 13 84 7
0 5 37 22
6 12 3 33
0 2 91 9
10 13 62 19
7 18 85 12
7 11 6 37
(743 356)

Arvore 211
1 8 3 22
8 14 24 16
0 17 28 15
14 16 36 14
3 6 37 17
9 15 3 28
6 8 39 17
15 18 11 26
3 17 18 24
16 18 78 6
8 19 75 7
4 16 69 11
5 13 84 7
0 5 37 22
6 12 3 33
0 2 91 9
10 13 62 19
8 11 63 19
7 11 6 37
(767 349)

Arvore 212
1 8 3 22
8 14 24 16
0 17 28 15
14 16 36 14
3 6 37 17
9 15 3 28
6 8 39 17
15 18 11 26
3 17 18 24
16 18 78 6
8 19 75 7
4 9 75 9
5 13 84 7
6 12 3 33
13 16 69 14
0 2 91 9
9 10 49 22
7 8 23 31
7 11 6 37
(752 354)

Arvore 213
1 8 3 22
8 14 24 16
0 17 28 15
14 16 36 14
3 6 37 17
9 15 3 28
6 8 39 17
15 18 11 26
3 17 18 24
8 19 75 7
4 9 75 9
4 16 69 11
5 13 84 7
0 5 37 22
6 12 3 33
0 2 91 9
9 10 49 22
8 11 63 19
7 11 6 37
(751 355)

Arvore 214
1 8 3 22
8 14 24 16
0 17 28 15
14 16 36 14
3 6 37 17
9 15 3 28
6 8 39 17
15 18 11 26
3 17 18 24
16 18 78 6
8 19 75 7
4 18 23 25
5 13 84 7
0 5 37 22
6 12 3 33
0 2 91 9
9 10 49 22
7 18 85 12
8 11 63 19
(787 341)

Arvore 215
1 8 3 22
8 14 24 16
0 17 28 15
14 16 36 14
3 6 37 17
9 15 3 28
6 8 39 17
15 18 11 26
3 17 18 24
16 18 78 6
8 19 75 7
4 16 69 11
5 13 84 7
0 5 37 22
6 12 3 33
0 2 91 9
9 10 49 22
7 18 85 12
8 11 63 19
(833 327)

Arvore 216
1 8 3 22
8 14 24 16
0 17 28 15
14 16 36 14
3 6 37 17
9 15 3 28
6 8 39 17
15 18 11 26
3 17 18 24
16 18 78 6
8 19 75 7
4 9 75 9
5 13 84 7
0 5 37 22
6 12 3 33
0 2 91 9
9 10 49 22
7 18 85 12
7 11 6 37
(782 343)

Arvore 217
1 8 3 22
8 14 24 16
0 17 28 15
14 16 36 14
3 6 37 17
9 15 3 28
6 8 39 17
15 18 11 26
3 17 18 24
16 18 78 6
8 19 75 7
4 18 23 25
5 13 84 7
0 5 37 22
6 12 3 33
0 2 91 9
10 13 62 19
7 18 85 12
8 11 63 19
(800 338)

Arvore 218
1 8 3 22
8 14 24 16
0 17 28 15
14 16 36 14
3 6 37 17
9 15 3 28
6 8 39 17
15 18 11 26
3 17 18 24
16 18 78 6
8 19 75 7
4 9 75 9
5 13 84 7
0 5 37 22
6 12 3 33
0 2 91 9
10 13 62 19
7 18 85 12
7 11 6 37
(795 340)

Arvore 219
1 8 3 22
8 14 24 16
0 17 28 15
14 16 36 14
3 6 37 17
9 15 3 28
6 8 39 17
15 18 11 26
3 17 18 24
16 18 78 6
8 19 75 7
4 9 75 9
5 13 84 7
6 12 3 33
13 16 69 14
0 2 91 9
9 10 49 22
7 8 23 31
8 11 63 19
(809 336)

Arvore 220
1 8 3 22
8 14 24 16
0 17 28 15
14 16 36 14
3 6 37 17
9 15 3 28
6 8 39 17
15 18 11 26
3 17 18 24
16 18 78 6
8 19 75 7
4 18 23 25
5 13 84 7
6 12 3 33
13 16 69 14
0 2 91 9
9 10 49 22
7 18 85 12
8 11 63 19
(819 333)

Arvore 221
1 8 3 22
8 14 24 16
0 17 28 15
14 16 36 14
3 6 37 17
9 15 3 28
6 8 39 17
15 18 11 26
3 17 18 24
8 19 75 7
4 9 75 9
4 16 69 11
5 13 84 7
0 5 37 22
6 12 3 33
0 2 91 9
9 10 49 22
7 18 85 12
8 11 63 19
(830 330)

Arvore 222
1 8 3 22
8 14 24 16
0 17 28 15
14 16 36 14
3 6 37 17
9 15 3 28
6 8 39 17
15 18 11 26
3 17 18 24
16 18 78 6
8 19 75 7
4 9 75 9
5 13 84 7
6 12 3 33
13 16 69 14
0 2 91 9
9 10 49 22
7 18 85 12
7 11 6 37
(814 335)

Arvore 223
1 8 3 22
8 14 24 16
0 17 28 15
14 16 36 14
3 6 37 17
9 15 3 28
6 8 39 17
15 18 11 26
3 17 18 24
16 18 78 6
8 19 75 7
4 9 75 9
0 5 37 22
6 12 3 33
13 16 69 14
0 2 91 9
9 10 49 22
7 18 85 12
8 11 63 19
(824 332)

Arvore 224
1 8 3 22
8 14 24 16
0 17 28 15
14 16 36 14
3 6 37 17
9 15 3 28
6 8 39 17
15 18 11 26
3 17 18 24
16 18 78 6
8 19 75 7
4 16 69 11
5 13 84 7
6 12 3 33
13 16 69 14
0 2 91 9
9 10 49 22
7 18 85 12
7 11 6 37
(808 337)

Arvore 225
1 8 3 22
8 14 24 16
0 17 28 15
14 16 36 14
3 6 37 17
9 15 3 28
6 8 39 17
15 18 11 26
3 17 18 24
16 18 78 6
8 19 75 7
4 16 69 11
0 5 37 22
6 12 3 33
13 16 69 14
0 2 91 9
9 10 49 22
7 18 85 12
8 11 63 19
(818 334)

Arvore 226
8 14 24 16
0 17 28 15
1 8 3 22
14 16 36 14
16 18 78 6
3 6 37 17
8 19 75 7
6 8 39 17
3 17 18 24
9 15 3 28
4 9 75 9
5 13 84 7
4 16 69 11
0 5 37 22
0 2 91 9
6 12 3 33
7 18 85 12
9 10 49 22
8 11 63 19
(897 310)

Arvore 227
8 14 24 16
0 17 28 15
1 8 3 22
14 16 36 14
16 18 78 6
3 6 37 17
8 19 75 7
6 8 39 17
3 17 18 24
9 15 3 28
15 18 11 26
4 9 75 9
5 13 84 7
0 5 37 22
0 2 91 9
6 12 3 33
7 18 85 12
10 13 62 19
8 11 63 19
(852 322)

Arvore 228
8 14 24 16
0 17 28 15
1 8 3 22
14 16 36 14
16 18 78 6
3 6 37 17
8 19 75 7
6 8 39 17
3 17 18 24
9 15 3 28
15 18 11 26
4 9 75 9
5 13 84 7
13 16 69 14
0 2 91 9
6 12 3 33
7 18 85 12
9 10 49 22
8 11 63 19
(871 317)

Arvore 229
8 14 24 16
0 17 28 15
1 8 3 22
14 16 36 14
16 18 78 6
3 6 37 17
8 19 75 7
6 8 39 17
3 17 18 24
9 15 3 28
15 18 11 26
5 13 84 7
4 16 69 11
0 5 37 22
0 2 91 9
6 12 3 33
7 18 85 12
10 13 62 19
8 11 63 19
(846 324)

Arvore 230
8 14 24 16
0 17 28 15
1 8 3 22
14 16 36 14
16 18 78 6
3 6 37 17
8 19 75 7
6 8 39 17
3 17 18 24
9 15 3 28
15 18 11 26
5 13 84 7
4 16 69 11
13 16 69 14
0 2 91 9
6 12 3 33
7 18 85 12
9 10 49 22
8 11 63 19
(865 319)

Arvore 231
8 14 24 16
0 17 28 15
1 8 3 22
14 16 36 14
16 18 78 6
3 6 37 17
8 19 75 7
6 8 39 17
3 17 18 24
9 15 3 28
15 18 11 26
4 9 75 9
5 13 84 7
13 16 69 14
0 2 91 9
6 12 3 33
7 18 85 12
10 13 62 19
8 11 63 19
(884 314)

Arvore 232
8 14 24 16
0 17 28 15
1 8 3 22
14 16 36 14
16 18 78 6
3 6 37 17
8 19 75 7
6 8 39 17
9 15 3 28
15 18 11 26
5 13 84 7
4 16 69 11
0 1 77 9
0 5 37 22
0 2 91 9
6 12 3 33
7 18 85 12
9 10 49 22
8 11 63 19
(892 312)

Arvore 233
8 14 24 16
0 17 28 15
1 8 3 22
14 16 36 14
16 18 78 6
3 6 37 17
8 19 75 7
6 8 39 17
3 17 18 24
9 15 3 28
15 18 11 26
5 13 84 7
4 16 69 11
13 16 69 14
0 2 91 9
6 12 3 33
7 18 85 12
10 13 62 19
8 11 63 19
(878 316)

Arvore 234
8 14 24 16
0 17 28 15
1 8 3 22
14 16 36 14
16 18 78 6
3 6 37 17
8 19 75 7
6 8 39 17
3 17 18 24
9 15 3 28
15 18 11 26
5 13 84 7
4 16 69 11
0 2 91 9
13 18 66 16
6 12 3 33
7 18 85 12
9 10 49 22
8 11 63 19
(862 321)

Arvore 235
8 14 24 16
0 17 28 15
1 8 3 22
14 16 36 14
16 18 78 6
8 19 75 7
3 6 37 17
6 8 39 17
4 9 75 9
3 17 18 24
5 13 84 7
9 15 3 28
15 18 11 26
13 16 69 14
0 2 91 9
12 15 67 16
7 18 85 12
9 10 49 22
8 11 63 19
(935 300)

Arvore 236
8 14 24 16
0 17 28 15
1 8 3 22
14 16 36 14
16 18 78 6
8 19 75 7
3 6 37 17
6 8 39 17
4 9 75 9
3 17 18 24
5 13 84 7
9 15 3 28
15 18 11 26
0 5 37 22
0 2 91 9
12 15 67 16
7 18 85 12
10 13 62 19
8 11 63 19
(916 305)

Arvore 237
8 14 24 16
0 17 28 15
1 8 3 22
14 16 36 14
16 18 78 6
8 19 75 7
3 6 37 17
6 8 39 17
4 9 75 9
3 17 18 24
5 13 84 7
9 15 3 28
15 18 11 26
13 16 69 14
0 2 91 9
12 15 67 16
7 18 85 12
10 13 62 19
8 11 63 19
(948 297)

Arvore 238
8 14 24 16
0 17 28 15
1 8 3 22
14 16 36 14
16 18 78 6
8 19 75 7
3 6 37 17
6 8 39 17
4 9 75 9
5 13 84 7
9 15 3 28
4 16 69 11
0 1 77 9
0 5 37 22
0 2 91 9
6 12 3 33
7 18 85 12
9 10 49 22
8 11 63 19
(956 295)

Arvore 239
8 14 24 16
0 17 28 15
1 8 3 22
14 16 36 14
16 18 78 6
8 19 75 7
3 6 37 17
6 8 39 17
4 9 75 9
3 17 18 24
5 13 84 7
9 15 3 28
4 16 69 11
13 16 69 14
0 2 91 9
6 12 3 33
7 18 85 12
9 10 49 22
8 11 63 19
(929 302)

Arvore 240
8 14 24 16
0 17 28 15
1 8 3 22
14 16 36 14
16 18 78 6
8 19 75 7
3 6 37 17
6 8 39 17
3 17 18 24
5 13 84 7
9 15 3 28
15 18 11 26
4 16 69 11
0 5 37 22
0 2 91 9
12 15 67 16
7 18 85 12
10 13 62 19
8 11 63 19
(910 307)

Arvore 241
8 14 24 16
0 17 28 15
1 8 3 22
14 16 36 14
16 18 78 6
8 19 75 7
3 6 37 17
6 8 39 17
3 17 18 24
5 13 84 7
9 15 3 28
15 18 11 26
4 16 69 11
13 16 69 14
0 2 91 9
12 15 67 16
7 18 85 12
10 13 62 19
8 11 63 19
(942 299)

Arvore 242
8 14 24 16
0 17 28 15
1 8 3 22
14 16 36 14
16 18 78 6
8 19 75 7
3 6 37 17
6 8 39 17
5 13 84 7
9 15 3 28
15 18 11 26
4 16 69 11
0 1 77 9
13 16 69 14
0 2 91 9
6 12 3 33
7 18 85 12
9 10 49 22
8 11 63 19
(924 304)

Arvore 243
8 14 24 16
0 17 28 15
1 8 3 22
14 16 36 14
16 18 78 6
8 19 75 7
3 6 37 17
6 8 39 17
4 9 75 9
5 13 84 7
4 16 69 11
3 17 18 24
15 18 11 26
0 5 37 22
0 2 91 9
12 15 67 16
7 18 85 12
9 10 49 22
8 11 63 19
(969 291)

Arvore 244
8 14 24 16
0 17 28 15
1 8 3 22
14 16 36 14
16 18 78 6
8 19 75 7
3 6 37 17
6 8 39 17
4 9 75 9
5 13 84 7
4 16 69 11
3 17 18 24
9 15 3 28
13 16 69 14
0 2 91 9
12 15 67 16
7 18 85 12
9 10 49 22
8 11 63 19
(993 285)

Arvore 245
8 14 24 16
0 17 28 15
1 8 3 22
14 16 36 14
16 18 78 6
8 19 75 7
3 6 37 17
6 8 39 17
4 9 75 9
5 13 84 7
4 16 69 11
3 17 18 24
15 18 11 26
13 16 69 14
0 2 91 9
12 15 67 16
7 18 85 12
9 10 49 22
8 11 63 19
(1001 283)

Arvore 246
8 14 24 16
0 17 28 15
1 8 3 22
14 16 36 14
16 18 78 6
8 19 75 7
3 6 37 17
6 8 39 17
4 9 75 9
5 13 84 7
4 16 69 11
3 17 18 24
9 15 3 28
0 5 37 22
0 2 91 9
12 15 67 16
7 18 85 12
10 13 62 19
8 11 63 19
(974 290)

Arvore 247
8 14 24 16
0 17 28 15
1 8 3 22
14 16 36 14
16 18 78 6
8 19 75 7
3 6 37 17
6 8 39 17
4 9 75 9
5 13 84 7
4 16 69 11
3 17 18 24
15 18 11 26
0 5 37 22
0 2 91 9
12 15 67 16
7 18 85 12
10 13 62 19
8 11 63 19
(982 288)

Arvore 248
8 14 24 16
0 17 28 15
1 8 3 22
14 16 36 14
16 18 78 6
8 19 75 7
3 6 37 17
6 8 39 17
4 9 75 9
5 13 84 7
4 16 69 11
3 17 18 24
9 15 3 28
13 16 69 14
0 2 91 9
12 15 67 16
7 18 85 12
10 13 62 19
8 11 63 19
(1006 282)

Arvore 249
8 14 24 16
0 17 28 15
1 8 3 22
14 16 36 14
16 18 78 6
8 19 75 7
3 6 37 17
6 8 39 17
4 9 75 9
5 13 84 7
4 16 69 11
3 17 18 24
15 18 11 26
13 16 69 14
0 2 91 9
12 15 67 16
7 18 85 12
10 13 62 19
8 11 63 19
(1014 280)

Arvore 250
8 14 24 16
0 17 28 15
1 8 3 22
14 16 36 14
16 18 78 6
8 19 75 7
3 6 37 17
6 8 39 17
5 13 84 7
4 16 69 11
0 1 77 9
9 15 3 28
15 18 11 26
13 16 69 14
0 2 91 9
12 15 67 16
7 18 85 12
9 10 49 22
8 11 63 19
(988 287)

Arvore 251
8 14 24 16
0 17 28 15
1 8 3 22
14 16 36 14
16 18 78 6
8 19 75 7
3 6 37 17
6 8 39 17
4 9 75 9
5 13 84 7
4 16 69 11
0 1 77 9
15 18 11 26
0 5 37 22
0 2 91 9
12 15 67 16
7 18 85 12
9 10 49 22
8 11 63 19
(1028 276)

Arvore 252
8 14 24 16
0 17 28 15
1 8 3 22
14 16 36 14
16 18 78 6
8 19 75 7
3 6 37 17
6 8 39 17
4 9 75 9
5 13 84 7
4 16 69 11
0 1 77 9
9 15 3 28
13 16 69 14
0 2 91 9
12 15 67 16
7 18 85 12
9 10 49 22
8 11 63 19
(1052 270)

Arvore 253
8 14 24 16
0 17 28 15
1 8 3 22
14 16 36 14
16 18 78 6
8 19 75 7
3 6 37 17
6 8 39 17
4 9 75 9
5 13 84 7
4 16 69 11
0 1 77 9
15 18 11 26
0 5 37 22
0 2 91 9
12 15 67 16
7 18 85 12
10 13 62 19
8 11 63 19
(1041 273)

Arvore 254
8 14 24 16
0 17 28 15
1 8 3 22
14 16 36 14
16 18 78 6
8 19 75 7
3 6 37 17
6 8 39 17
4 9 75 9
5 13 84 7
4 16 69 11
0 1 77 9
9 15 3 28
0 5 37 22
0 2 91 9
12 15 67 16
7 18 85 12
10 13 62 19
8 11 63 19
(1033 275)

Arvore 255
8 14 24 16
0 17 28 15
1 8 3 22
14 16 36 14
16 18 78 6
8 19 75 7
3 6 37 17
6 8 39 17
4 9 75 9
5 13 84 7
4 16 69 11
0 1 77 9
9 15 3 28
0 2 91 9
13 18 66 16
12 15 67 16
7 18 85 12
9 10 49 22
8 11 63 19
(1049 272)

Arvore 256
0 17 28 15
8 14 24 16
14 16 36 14
1 8 3 22
16 18 78 6
8 19 75 7
3 6 37 17
6 8 39 17
4 9 75 9
5 13 84 7
0 1 77 9
4 16 69 11
9 15 3 28
13 16 69 14
0 2 91 9
12 15 67 16
7 18 85 12
10 13 62 19
8 11 63 19
(1065 267)

Arvore 257
0 17 28 15
16 18 78 6
8 14 24 16
14 16 36 14
8 19 75 7
5 13 84 7
1 8 3 22
4 9 75 9
0 1 77 9
4 16 69 11
3 6 37 17
6 8 39 17
0 2 91 9
13 16 69 14
7 18 85 12
15 18 11 26
12 15 67 16
8 11 63 19
10 19 80 16
(1091 262)

Arvore 258
0 17 28 15
16 18 78 6
8 14 24 16
14 16 36 14
8 19 75 7
5 13 84 7
1 8 3 22
4 9 75 9
0 1 77 9
4 16 69 11
3 6 37 17
6 8 39 17
0 2 91 9
13 16 69 14
7 18 85 12
2 15 94 11
12 15 67 16
8 11 63 19
9 10 49 22
(1143 253)

Arvore 259
0 17 28 15
16 18 78 6
8 14 24 16
14 16 36 14
8 19 75 7
5 13 84 7
1 8 3 22
4 9 75 9
0 1 77 9
4 16 69 11
3 6 37 17
6 8 39 17
0 2 91 9
13 16 69 14
7 18 85 12
12 15 67 16
9 15 3 28
8 11 63 19
10 19 80 16
(1083 264)

Arvore 260
0 17 28 15
16 18 78 6
8 14 24 16
14 16 36 14
8 19 75 7
5 13 84 7
1 8 3 22
4 9 75 9
0 1 77 9
4 16 69 11
3 6 37 17
6 8 39 17
0 2 91 9
7 18 85 12
13 18 66 16
2 15 94 11
12 15 67 16
10 13 62 19
8 11 63 19
(1153 252)

Arvore 261
0 17 28 15
16 18 78 6
8 14 24 16
14 16 36 14
8 19 75 7
5 13 84 7
1 8 3 22
4 9 75 9
0 1 77 9
4 16 69 11
3 6 37 17
6 8 39 17
0 2 91 9
13 16 69 14
7 18 85 12
15 18 11 26
12 14 100 12
10 13 62 19
8 11 63 19
(1106 261)

Arvore 262
0 17 28 15
16 18 78 6
8 14 24 16
14 16 36 14
8 19 75 7
5 13 84 7
1 8 3 22
4 9 75 9
0 1 77 9
4 16 69 11
3 6 37 17
6 8 39 17
0 2 91 9
7 18 85 12
13 18 66 16
2 15 94 11
12 15 67 16
8 11 63 19
9 10 49 22
(1140 255)

Arvore 263
0 17 28 15
16 18 78 6
8 14 24 16
14 16 36 14
8 19 75 7
5 13 84 7
1 8 3 22
4 9 75 9
0 1 77 9
4 16 69 11
3 6 37 17
6 8 39 17
0 2 91 9
13 16 69 14
7 18 85 12
15 18 11 26
12 14 100 12
8 11 63 19
10 19 80 16
(1124 258)

Arvore 264
0 17 28 15
16 18 78 6
8 14 24 16
14 16 36 14
8 19 75 7
5 13 84 7
1 8 3 22
4 9 75 9
0 1 77 9
4 16 69 11
3 6 37 17
6 8 39 17
0 2 91 9
7 18 85 12
15 18 11 26
12 15 67 16
4 5 93 12
8 11 63 19
10 19 80 16
(1115 260)

Arvore 265
0 17 28 15
16 18 78 6
8 14 24 16
14 16 36 14
8 19 75 7
5 13 84 7
1 8 3 22
4 9 75 9
0 1 77 9
4 16 69 11
3 6 37 17
0 2 91 9
13 16 69 14
3 17 18 24
7 18 85 12
2 15 94 11
12 15 67 16
10 13 62 19
8 11 63 19
(1135 257)

Arvore 266
16 18 78 6
8 19 75 7
0 17 28 15
8 14 24 16
14 16 36 14
5 13 84 7
4 9 75 9
0 1 77 9
1 8 3 22
4 16 69 11
3 6 37 17
6 8 39 17
0 2 91 9
7 18 85 12
2 15 94 11
13 18 66 16
12 15 67 16
10 19 80 16
8 11 63 19
(1171 249)

Arvore 267
16 18 78 6
8 19 75 7
5 13 84 7
4 9 75 9
0 1 77 9
14 16 36 14
0 17 28 15
8 14 24 16
4 16 69 11
0 2 91 9
3 6 37 17
6 8 39 17
7 18 85 12
1 8 3 22
13 16 69 14
2 15 94 11
12 14 100 12
10 13 62 19
8 11 63 19
(1189 246)

Arvore 268
16 18 78 6
8 19 75 7
5 13 84 7
4 9 75 9
0 1 77 9
14 16 36 14
0 17 28 15
8 14 24 16
4 16 69 11
0 2 91 9
3 6 37 17
6 8 39 17
7 18 85 12
1 8 3 22
2 15 94 11
4 5 93 12
12 15 67 16
10 19 80 16
8 11 63 19
(1198 245)

Arvore 269
16 18 78 6
8 19 75 7
5 13 84 7
4 9 75 9
0 1 77 9
14 16 36 14
4 16 69 11
0 2 91 9
0 17 28 15
8 14 24 16
2 15 94 11
7 18 85 12
3 6 37 17
6 8 39 17
4 5 93 12
12 14 100 12
1 8 3 22
10 19 80 16
8 11 63 19
(1231 241)

Arvore 270
16 18 78 6
8 19 75 7
5 13 84 7
4 9 75 9
0 1 77 9
14 16 36 14
4 16 69 11
0 2 91 9
0 17 28 15
8 14 24 16
2 15 94 11
7 18 85 12
3 6 37 17
13 16 69 14
6 8 39 17
12 14 100 12
12 15 67 16
10 13 62 19
8 11 63 19
(1253 240)

Arvore 271
16 18 78 6
8 19 75 7
5 13 84 7
4 9 75 9
0 1 77 9
14 16 36 14
4 16 69 11
0 2 91 9
0 17 28 15
8 14 24 16
2 15 94 11
7 18 85 12
3 6 37 17
6 8 39 17
12 14 100 12
13 18 66 16
12 15 67 16
10 19 80 16
8 11 63 19
(1268 239)

Arvore 272
16 18 78 6
8 19 75 7
5 13 84 7
4 9 75 9
0 1 77 9
0 2 91 9
4 16 69 11
2 15 94 11
14 16 36 14
7 18 85 12
4 5 93 12
0 17 28 15
12 14 100 12
8 14 24 16
3 6 37 17
12 15 67 16
0 6 79 16
10 19 80 16
8 11 63 19
(1335 234)

