Fim da primeira fase ... 
0
Fim da segunda fase ... 
1385
13.85
Total: 13.85
Suportadas = 37
Nao suportadas = 216
TOTAL DE SOLUCOES = 253

SUPORTADAS: 

Arvore 1
1 14 1 42
7 17 1 55
8 20 1 83
0 16 1 91
8 15 2 21
16 18 2 73
14 19 2 99
1 3 3 34
2 4 4 26
2 12 4 41
4 5 4 67
9 10 5 34
13 21 5 59
13 15 5 91
6 11 6 33
9 19 6 38
2 16 6 39
6 9 6 63
1 15 7 35
10 16 8 31
7 12 8 79
(87 1134)

Arvore 2
8 15 2 21
1 14 1 42
7 17 1 55
1 3 3 34
2 4 4 26
2 12 4 41
9 10 5 34
8 20 1 83
16 18 2 73
6 11 6 33
0 16 1 91
9 19 6 38
2 16 6 39
4 5 4 67
1 15 7 35
13 21 5 59
14 19 2 99
10 16 8 31
6 9 6 63
9 13 10 31
7 12 8 79
(92 1074)

Arvore 3
8 15 2 21
1 14 1 42
7 17 1 55
1 3 3 34
2 4 4 26
2 12 4 41
9 10 5 34
8 20 1 83
16 18 2 73
6 11 6 33
0 16 1 91
9 19 6 38
2 16 6 39
4 5 4 67
1 15 7 35
13 21 5 59
10 16 8 31
3 4 9 21
6 9 6 63
9 13 10 31
7 12 8 79
(99 996)

Arvore 4
8 15 2 21
1 14 1 42
2 4 4 26
1 3 3 34
7 17 1 55
9 10 5 34
2 12 4 41
6 11 6 33
3 4 9 21
9 19 6 38
2 16 6 39
1 15 7 35
10 16 8 31
16 18 2 73
3 6 9 35
9 13 10 31
13 21 5 59
8 20 1 83
4 5 4 67
0 16 1 91
7 12 8 79
(102 968)

Arvore 5
8 15 2 21
2 4 4 26
1 14 1 42
1 3 3 34
9 10 5 34
7 17 1 55
2 12 4 41
6 11 6 33
3 4 9 21
9 19 6 38
2 16 6 39
1 15 7 35
10 16 8 31
3 6 9 35
9 13 10 31
16 18 2 73
13 21 5 59
4 5 4 67
16 20 9 41
0 16 1 91
7 12 8 79
(110 926)

Arvore 6
8 15 2 21
2 4 4 26
1 14 1 42
1 3 3 34
9 10 5 34
7 17 1 55
2 12 4 41
6 11 6 33
3 4 9 21
9 19 6 38
2 16 6 39
1 15 7 35
10 16 8 31
3 6 9 35
9 13 10 31
16 18 2 73
13 21 5 59
16 20 9 41
4 5 4 67
0 16 1 91
10 17 18 27
(120 874)

Arvore 7
8 15 2 21
2 4 4 26
1 3 3 34
1 14 1 42
9 10 5 34
3 4 9 21
6 11 6 33
2 12 4 41
7 17 1 55
9 19 6 38
10 16 8 31
1 15 7 35
2 16 6 39
11 16 12 22
9 13 10 31
16 20 9 41
13 21 5 59
16 18 2 73
4 5 4 67
0 16 1 91
10 17 18 27
(123 861)

Arvore 8
8 15 2 21
2 4 4 26
1 3 3 34
1 14 1 42
3 4 9 21
9 10 5 34
6 11 6 33
2 12 4 41
10 16 8 31
1 15 7 35
9 19 6 38
2 16 6 39
11 16 12 22
7 17 1 55
9 13 10 31
16 20 9 41
3 21 18 19
4 5 4 67
16 18 2 73
10 17 18 27
0 16 1 91
(136 821)

Arvore 9
8 15 2 21
2 4 4 26
1 3 3 34
1 14 1 42
3 4 9 21
9 10 5 34
6 11 6 33
2 12 4 41
10 16 8 31
1 15 7 35
11 16 12 22
9 19 6 38
2 16 6 39
9 13 10 31
7 17 1 55
16 20 9 41
3 21 18 19
10 17 18 27
4 5 4 67
16 18 2 73
0 1 16 50
(151 780)

Arvore 10
8 15 2 21
2 4 4 26
3 4 9 21
1 3 3 34
9 10 5 34
1 14 1 42
6 11 6 33
11 16 12 22
10 16 8 31
1 15 7 35
2 12 4 41
9 19 6 38
9 13 10 31
2 16 6 39
3 21 18 19
7 17 1 55
16 20 9 41
10 17 18 27
5 13 25 26
16 18 2 73
0 1 16 50
(172 739)

Arvore 11
8 15 2 21
2 4 4 26
3 4 9 21
1 3 3 34
9 10 5 34
11 16 12 22
6 11 6 33
1 14 1 42
10 16 8 31
1 15 7 35
2 12 4 41
9 19 6 38
9 13 10 31
2 16 6 39
3 21 18 19
7 17 1 55
16 20 9 41
10 17 18 27
5 13 25 26
3 18 32 16
0 1 16 50
(202 682)

Arvore 12
8 15 2 21
2 4 4 26
3 4 9 21
1 3 3 34
11 16 12 22
9 10 5 34
6 11 6 33
10 16 8 31
3 21 18 19
1 14 1 42
1 15 7 35
9 13 10 31
9 19 6 38
2 12 4 41
2 16 6 39
10 17 18 27
16 20 9 41
7 17 1 55
3 18 32 16
5 13 25 26
0 11 35 24
(221 656)

Arvore 13
8 15 2 21
2 4 4 26
3 4 9 21
11 16 12 22
1 3 3 34
3 21 18 19
9 10 5 34
6 11 6 33
10 16 8 31
9 13 10 31
1 15 7 35
1 14 1 42
9 19 6 38
3 6 9 35
2 12 4 41
10 17 18 27
3 18 32 16
16 20 9 41
5 13 25 26
7 17 1 55
0 11 35 24
(224 652)

Arvore 14
8 15 2 21
3 4 9 21
2 4 4 26
11 16 12 22
3 21 18 19
1 3 3 34
10 16 8 31
6 11 6 33
9 10 5 34
9 13 10 31
1 15 7 35
6 21 28 16
1 14 1 42
9 19 6 38
10 17 18 27
2 12 4 41
3 18 32 16
5 13 25 26
16 20 9 41
7 17 1 55
0 11 35 24
(243 633)

Arvore 15
8 15 2 21
3 4 9 21
2 4 4 26
11 16 12 22
3 21 18 19
6 21 28 16
3 18 32 16
1 3 3 34
10 16 8 31
6 11 6 33
9 10 5 34
9 13 10 31
10 17 18 27
1 15 7 35
5 13 25 26
9 19 6 38
3 7 52 10
1 14 1 42
2 12 4 41
0 11 35 24
16 20 9 41
(294 588)

Arvore 16
8 15 2 21
3 4 9 21
2 4 4 26
11 16 12 22
3 21 18 19
6 21 28 16
3 18 32 16
1 3 3 34
10 16 8 31
6 11 6 33
9 10 5 34
9 13 10 31
10 17 18 27
1 15 7 35
5 13 25 26
3 7 52 10
9 19 6 38
1 14 1 42
2 12 4 41
0 14 48 16
16 20 9 41
(307 580)

Arvore 17
8 15 2 21
3 4 9 21
2 4 4 26
11 16 12 22
3 21 18 19
6 21 28 16
3 18 32 16
10 16 8 31
1 3 3 34
1 16 28 20
9 13 10 31
9 10 5 34
10 17 18 27
1 15 7 35
3 7 52 10
5 13 25 26
9 19 6 38
1 14 1 42
2 12 4 41
0 14 48 16
16 20 9 41
(329 567)

Arvore 18
8 15 2 21
3 4 9 21
2 4 4 26
11 16 12 22
3 21 18 19
6 21 28 16
3 18 32 16
10 16 8 31
1 16 28 20
1 3 3 34
9 13 10 31
9 10 5 34
10 17 18 27
1 15 7 35
3 7 52 10
5 13 25 26
9 19 6 38
14 18 55 11
0 14 48 16
2 12 4 41
16 20 9 41
(383 536)

Arvore 19
8 15 2 21
3 4 9 21
2 4 4 26
11 16 12 22
3 21 18 19
6 21 28 16
3 18 32 16
1 16 28 20
10 16 8 31
1 3 3 34
9 13 10 31
10 17 18 27
9 10 5 34
3 7 52 10
1 15 7 35
5 13 25 26
14 18 55 11
9 19 6 38
0 14 48 16
2 12 4 41
0 20 65 11
(439 506)

Arvore 20
8 15 2 21
3 4 9 21
3 21 18 19
11 16 12 22
6 21 28 16
2 4 4 26
3 18 32 16
3 7 52 10
1 16 28 20
6 14 62 8
10 16 8 31
10 17 18 27
9 13 10 31
1 3 3 34
0 14 48 16
9 10 5 34
5 13 25 26
0 20 65 11
1 15 7 35
9 19 6 38
2 12 4 41
(446 503)

Arvore 21
8 15 2 21
3 4 9 21
3 21 18 19
11 16 12 22
6 21 28 16
2 4 4 26
3 18 32 16
3 7 52 10
1 16 28 20
6 14 62 8
10 17 18 27
10 16 8 31
0 14 48 16
9 13 10 31
13 18 73 7
1 3 3 34
5 13 25 26
0 20 65 11
1 15 7 35
9 19 6 38
2 12 4 41
(514 476)

Arvore 22
8 15 2 21
3 4 9 21
3 21 18 19
11 16 12 22
6 21 28 16
2 4 4 26
3 18 32 16
3 7 52 10
1 16 28 20
6 14 62 8
10 17 18 27
10 16 8 31
0 14 48 16
13 18 73 7
1 2 79 5
9 13 10 31
5 13 25 26
0 20 65 11
1 15 7 35
9 19 6 38
2 12 4 41
(590 447)

Arvore 23
8 15 2 21
3 4 9 21
3 21 18 19
6 21 28 16
11 16 12 22
3 18 32 16
2 4 4 26
3 7 52 10
1 16 28 20
6 14 62 8
13 18 73 7
0 14 48 16
1 2 79 5
10 17 18 27
10 16 8 31
0 20 65 11
9 13 10 31
5 13 25 26
8 11 93 3
9 19 6 38
2 12 4 41
(676 415)

Arvore 24
8 15 2 21
3 4 9 21
3 21 18 19
6 21 28 16
11 16 12 22
3 18 32 16
3 7 52 10
2 4 4 26
6 14 62 8
1 16 28 20
1 2 79 5
13 18 73 7
0 14 48 16
0 20 65 11
9 17 97 1
8 11 93 3
10 17 18 27
10 16 8 31
5 13 25 26
9 19 6 38
2 12 4 41
(763 385)

Arvore 25
8 15 2 21
3 4 9 21
6 21 28 16
3 21 18 19
3 7 52 10
3 18 32 16
11 16 12 22
6 14 62 8
2 4 4 26
1 2 79 5
1 16 28 20
13 18 73 7
9 17 97 1
0 20 65 11
0 14 48 16
8 11 93 3
10 17 18 27
10 18 52 18
5 13 25 26
9 19 6 38
2 12 4 41
(807 372)

Arvore 26
8 15 2 21
3 4 9 21
6 21 28 16
3 21 18 19
3 7 52 10
3 18 32 16
6 14 62 8
11 16 12 22
1 2 79 5
13 18 73 7
2 4 4 26
9 17 97 1
1 16 28 20
8 11 93 3
0 20 65 11
0 14 48 16
10 17 18 27
10 18 52 18
5 13 25 26
10 19 41 28
2 12 4 41
(842 362)

Arvore 27
8 15 2 21
6 21 28 16
3 4 9 21
3 7 52 10
3 21 18 19
6 14 62 8
3 18 32 16
11 16 12 22
1 2 79 5
13 18 73 7
9 17 97 1
8 11 93 3
2 4 4 26
1 16 28 20
0 20 65 11
0 14 48 16
10 18 52 18
10 17 18 27
5 13 25 26
10 19 41 28
10 12 66 25
(904 346)

Arvore 28
8 15 2 21
3 7 52 10
6 21 28 16
3 4 9 21
6 14 62 8
3 21 18 19
3 18 32 16
1 2 79 5
11 16 12 22
9 17 97 1
13 18 73 7
8 11 93 3
1 16 28 20
2 4 4 26
0 20 65 11
0 14 48 16
10 13 72 13
10 17 18 27
5 13 25 26
10 19 41 28
10 12 66 25
(924 341)

Arvore 29
8 15 2 21
3 7 52 10
6 14 62 8
6 21 28 16
7 18 91 2
3 4 9 21
3 21 18 19
1 2 79 5
9 17 97 1
13 18 73 7
8 11 93 3
11 16 12 22
0 20 65 11
1 16 28 20
2 4 4 26
0 14 48 16
10 13 72 13
10 17 18 27
5 13 25 26
10 19 41 28
10 12 66 25
(983 327)

Arvore 30
3 7 52 10
6 14 62 8
7 18 91 2
8 15 2 21
9 17 97 1
1 2 79 5
6 21 28 16
13 18 73 7
14 18 55 11
8 11 93 3
3 4 9 21
11 16 12 22
0 20 65 11
1 16 28 20
0 14 48 16
2 4 4 26
10 13 72 13
10 17 18 27
5 13 25 26
10 19 41 28
10 12 66 25
(1020 319)

Arvore 31
9 17 97 1
7 18 91 2
1 2 79 5
8 11 93 3
6 14 62 8
3 7 52 10
13 18 73 7
14 18 55 11
6 21 28 16
0 20 65 11
7 16 99 6
8 15 2 21
3 4 9 21
0 14 48 16
11 16 12 22
10 13 72 13
1 16 28 20
10 17 18 27
5 13 25 26
10 19 41 28
10 12 66 25
(1115 299)

Arvore 32
9 17 97 1
7 18 91 2
1 2 79 5
8 11 93 3
6 14 62 8
3 7 52 10
13 18 73 7
14 18 55 11
6 21 28 16
7 16 99 6
0 20 65 11
8 15 2 21
3 4 9 21
0 14 48 16
0 8 85 11
10 13 72 13
1 16 28 20
10 17 18 27
5 13 25 26
10 19 41 28
10 12 66 25
(1188 288)

Arvore 33
9 17 97 1
7 18 91 2
8 11 93 3
1 2 79 5
6 14 62 8
13 18 73 7
3 7 52 10
7 16 99 6
14 18 55 11
0 20 65 11
6 21 28 16
0 8 85 11
10 13 72 13
0 14 48 16
8 15 2 21
3 4 9 21
1 16 28 20
5 8 76 19
10 17 18 27
10 12 66 25
10 19 41 28
(1239 281)

Arvore 34
9 17 97 1
7 18 91 2
8 11 93 3
1 2 79 5
6 14 62 8
13 18 73 7
3 7 52 10
7 16 99 6
14 18 55 11
0 20 65 11
6 21 28 16
0 8 85 11
10 13 72 13
0 14 48 16
8 15 2 21
4 11 84 14
1 16 28 20
5 8 76 19
10 17 18 27
10 12 66 25
10 19 41 28
(1314 274)

Arvore 35
9 17 97 1
7 18 91 2
8 11 93 3
1 2 79 5
13 18 73 7
6 14 62 8
7 16 99 6
3 7 52 10
14 18 55 11
0 20 65 11
0 8 85 11
6 21 28 16
10 13 72 13
0 14 48 16
4 11 84 14
8 15 2 21
1 16 28 20
5 8 76 19
10 17 18 27
10 12 66 25
18 19 96 23
(1369 269)

Arvore 36
9 17 97 1
7 18 91 2
8 11 93 3
1 2 79 5
13 18 73 7
6 14 62 8
7 16 99 6
3 7 52 10
14 18 55 11
0 20 65 11
0 8 85 11
10 13 72 13
6 21 28 16
0 14 48 16
4 11 84 14
8 15 2 21
1 16 28 20
5 8 76 19
9 15 99 21
18 19 96 23
10 12 66 25
(1450 263)

Arvore 37
9 17 97 1
7 18 91 2
8 11 93 3
1 2 79 5
7 16 99 6
13 18 73 7
6 14 62 8
3 7 52 10
14 18 55 11
0 20 65 11
0 8 85 11
10 13 72 13
4 11 84 14
0 13 100 14
6 21 28 16
5 8 76 19
1 16 28 20
8 15 2 21
9 15 99 21
18 19 96 23
10 12 66 25
(1502 261)


NAO SUPORTADAS: 
Arvore 38
8 15 2 21
1 14 1 42
7 17 1 55
1 3 3 34
2 4 4 26
2 12 4 41
9 10 5 34
8 20 1 83
16 18 2 73
0 16 1 91
6 11 6 33
9 19 6 38
2 16 6 39
4 5 4 67
1 15 7 35
13 21 5 59
14 19 2 99
3 4 9 21
6 9 6 63
13 15 5 91
7 12 8 79
(88 1124)

Arvore 39
8 15 2 21
1 14 1 42
7 17 1 55
1 3 3 34
2 4 4 26
2 12 4 41
9 10 5 34
8 20 1 83
16 18 2 73
0 16 1 91
6 11 6 33
9 19 6 38
2 16 6 39
4 5 4 67
1 15 7 35
13 21 5 59
14 19 2 99
10 16 8 31
3 6 9 35
13 15 5 91
7 12 8 79
(90 1106)

Arvore 40
8 15 2 21
1 14 1 42
7 17 1 55
1 3 3 34
2 4 4 26
2 12 4 41
9 10 5 34
8 20 1 83
16 18 2 73
0 16 1 91
6 11 6 33
9 19 6 38
2 16 6 39
4 5 4 67
1 15 7 35
13 21 5 59
14 19 2 99
3 4 9 21
3 6 9 35
13 15 5 91
7 12 8 79
(91 1096)

Arvore 41
8 15 2 21
1 14 1 42
7 17 1 55
1 3 3 34
2 4 4 26
2 12 4 41
9 10 5 34
8 20 1 83
16 18 2 73
6 11 6 33
0 16 1 91
9 19 6 38
2 16 6 39
4 5 4 67
1 15 7 35
13 21 5 59
14 19 2 99
3 4 9 21
6 9 6 63
9 13 10 31
7 12 8 79
(93 1064)

Arvore 42
8 15 2 21
1 14 1 42
7 17 1 55
1 3 3 34
2 4 4 26
2 12 4 41
9 10 5 34
8 20 1 83
16 18 2 73
6 11 6 33
0 16 1 91
9 19 6 38
2 16 6 39
4 5 4 67
1 15 7 35
13 21 5 59
10 16 8 31
3 4 9 21
6 9 6 63
13 15 5 91
7 12 8 79
(94 1056)

Arvore 43
8 15 2 21
1 14 1 42
7 17 1 55
1 3 3 34
2 4 4 26
2 12 4 41
9 10 5 34
8 20 1 83
16 18 2 73
6 11 6 33
0 16 1 91
9 19 6 38
2 16 6 39
4 5 4 67
1 15 7 35
13 21 5 59
10 16 8 31
14 19 2 99
3 6 9 35
9 13 10 31
7 12 8 79
(95 1046)

Arvore 44
8 15 2 21
1 14 1 42
7 17 1 55
1 3 3 34
2 4 4 26
2 12 4 41
9 10 5 34
8 20 1 83
16 18 2 73
6 11 6 33
0 16 1 91
9 19 6 38
2 16 6 39
4 5 4 67
1 15 7 35
13 21 5 59
14 19 2 99
3 4 9 21
3 6 9 35
9 13 10 31
7 12 8 79
(96 1036)

Arvore 45
8 15 2 21
1 14 1 42
7 17 1 55
1 3 3 34
2 4 4 26
2 12 4 41
9 10 5 34
8 20 1 83
16 18 2 73
6 11 6 33
0 16 1 91
9 19 6 38
2 16 6 39
4 5 4 67
1 15 7 35
13 21 5 59
10 16 8 31
3 4 9 21
3 6 9 35
13 15 5 91
7 12 8 79
(97 1028)

Arvore 46
8 15 2 21
2 4 4 26
1 14 1 42
1 3 3 34
7 17 1 55
9 10 5 34
2 12 4 41
6 11 6 33
3 4 9 21
9 19 6 38
2 16 6 39
1 15 7 35
10 16 8 31
16 18 2 73
9 13 10 31
11 16 12 22
13 21 5 59
4 5 4 67
8 20 1 83
0 16 1 91
7 12 8 79
(105 955)

Arvore 47
8 15 2 21
2 4 4 26
1 14 1 42
1 3 3 34
7 17 1 55
9 10 5 34
2 12 4 41
6 11 6 33
3 4 9 21
9 19 6 38
2 16 6 39
1 15 7 35
10 16 8 31
16 18 2 73
9 13 10 31
13 21 5 59
4 5 4 67
16 20 9 41
6 9 6 63
0 16 1 91
7 12 8 79
(107 954)

Arvore 48
8 15 2 21
2 4 4 26
1 14 1 42
1 3 3 34
7 17 1 55
9 10 5 34
2 12 4 41
6 11 6 33
3 4 9 21
9 19 6 38
2 16 6 39
1 15 7 35
10 16 8 31
16 18 2 73
9 13 10 31
13 21 5 59
4 5 4 67
8 20 1 83
6 9 6 63
0 16 1 91
10 17 18 27
(109 944)

Arvore 49
8 15 2 21
2 4 4 26
1 14 1 42
1 3 3 34
7 17 1 55
9 10 5 34
2 12 4 41
6 11 6 33
3 4 9 21
9 19 6 38
1 15 7 35
10 16 8 31
3 6 9 35
16 18 2 73
9 13 10 31
11 16 12 22
13 21 5 59
4 5 4 67
8 20 1 83
0 16 1 91
7 12 8 79
(108 951)

Arvore 50
8 15 2 21
2 4 4 26
1 14 1 42
1 3 3 34
9 10 5 34
7 17 1 55
2 12 4 41
6 11 6 33
3 4 9 21
9 19 6 38
2 16 6 39
1 15 7 35
10 16 8 31
3 6 9 35
9 13 10 31
16 18 2 73
13 21 5 59
4 5 4 67
8 20 1 83
0 16 1 91
10 17 18 27
(112 916)

Arvore 51
8 15 2 21
2 4 4 26
1 14 1 42
1 3 3 34
9 10 5 34
7 17 1 55
2 12 4 41
6 11 6 33
3 4 9 21
9 19 6 38
2 16 6 39
1 15 7 35
10 16 8 31
9 13 10 31
16 18 2 73
11 16 12 22
13 21 5 59
4 5 4 67
16 20 9 41
0 16 1 91
7 12 8 79
(113 913)

Arvore 52
8 15 2 21
2 4 4 26
1 14 1 42
1 3 3 34
9 10 5 34
7 17 1 55
2 12 4 41
6 11 6 33
3 4 9 21
9 19 6 38
2 16 6 39
1 15 7 35
10 16 8 31
9 13 10 31
16 18 2 73
11 16 12 22
13 21 5 59
4 5 4 67
8 20 1 83
0 16 1 91
10 17 18 27
(115 903)

Arvore 53
8 15 2 21
2 4 4 26
1 14 1 42
1 3 3 34
9 10 5 34
7 17 1 55
2 12 4 41
6 11 6 33
3 4 9 21
9 19 6 38
2 16 6 39
1 15 7 35
10 16 8 31
3 6 9 35
9 13 10 31
16 18 2 73
13 21 5 59
4 5 4 67
16 20 9 41
0 16 1 91
13 17 16 42
(118 889)

Arvore 54
8 15 2 21
2 4 4 26
1 14 1 42
1 3 3 34
9 10 5 34
7 17 1 55
2 12 4 41
6 11 6 33
3 4 9 21
9 19 6 38
2 16 6 39
1 15 7 35
10 16 8 31
9 13 10 31
16 18 2 73
13 21 5 59
4 5 4 67
16 20 9 41
6 9 6 63
0 16 1 91
10 17 18 27
(117 902)

Arvore 55
8 15 2 21
2 4 4 26
1 3 3 34
1 14 1 42
3 4 9 21
9 10 5 34
6 11 6 33
2 12 4 41
10 16 8 31
9 19 6 38
1 15 7 35
2 16 6 39
7 17 1 55
9 13 10 31
3 6 9 35
16 20 9 41
3 21 18 19
16 18 2 73
4 5 4 67
10 17 18 27
0 16 1 91
(133 834)

Arvore 56
8 15 2 21
2 4 4 26
1 3 3 34
1 14 1 42
3 4 9 21
9 10 5 34
6 11 6 33
2 12 4 41
10 16 8 31
9 19 6 38
1 15 7 35
7 17 1 55
11 16 12 22
9 13 10 31
3 6 9 35
16 20 9 41
13 21 5 59
16 18 2 73
4 5 4 67
10 17 18 27
0 16 1 91
(126 857)

Arvore 57
8 15 2 21
2 4 4 26
1 3 3 34
1 14 1 42
3 4 9 21
9 10 5 34
6 11 6 33
2 12 4 41
10 16 8 31
9 19 6 38
1 15 7 35
2 16 6 39
7 17 1 55
11 16 12 22
9 13 10 31
16 20 9 41
13 21 5 59
16 18 2 73
4 5 4 67
10 17 18 27
0 2 6 82
(128 852)

Arvore 58
8 15 2 21
2 4 4 26
1 3 3 34
1 14 1 42
3 4 9 21
9 10 5 34
6 11 6 33
2 12 4 41
10 16 8 31
9 19 6 38
1 15 7 35
2 16 6 39
7 17 1 55
9 13 10 31
3 6 9 35
16 20 9 41
13 21 5 59
16 18 2 73
4 5 4 67
10 17 18 27
0 1 16 50
(135 833)

Arvore 59
8 15 2 21
2 4 4 26
1 3 3 34
1 14 1 42
3 4 9 21
9 10 5 34
6 11 6 33
2 12 4 41
10 16 8 31
9 19 6 38
1 15 7 35
2 16 6 39
7 17 1 55
11 16 12 22
9 13 10 31
16 20 9 41
13 21 5 59
16 18 2 73
4 5 4 67
10 17 18 27
0 9 10 73
(132 843)

Arvore 60
8 15 2 21
2 4 4 26
1 3 3 34
1 14 1 42
3 4 9 21
9 10 5 34
6 11 6 33
2 12 4 41
10 16 8 31
9 19 6 38
1 15 7 35
7 17 1 55
11 16 12 22
9 13 10 31
3 6 9 35
16 20 9 41
13 21 5 59
16 18 2 73
4 5 4 67
10 17 18 27
0 2 6 82
(131 848)

Arvore 61
8 15 2 21
2 4 4 26
1 3 3 34
1 14 1 42
3 4 9 21
9 10 5 34
6 11 6 33
2 12 4 41
10 16 8 31
1 15 7 35
9 19 6 38
11 16 12 22
7 17 1 55
9 13 10 31
3 6 9 35
16 20 9 41
3 21 18 19
10 17 18 27
4 5 4 67
16 18 2 73
0 16 1 91
(139 817)

Arvore 62
8 15 2 21
2 4 4 26
1 3 3 34
1 14 1 42
3 4 9 21
9 10 5 34
6 11 6 33
2 12 4 41
10 16 8 31
1 15 7 35
9 19 6 38
11 16 12 22
2 16 6 39
7 17 1 55
9 13 10 31
16 20 9 41
13 21 5 59
10 17 18 27
4 5 4 67
16 18 2 73
0 1 16 50
(138 820)

Arvore 63
8 15 2 21
2 4 4 26
1 3 3 34
1 14 1 42
3 4 9 21
9 10 5 34
6 11 6 33
2 12 4 41
10 16 8 31
1 15 7 35
9 19 6 38
11 16 12 22
2 16 6 39
7 17 1 55
9 13 10 31
16 20 9 41
3 21 18 19
10 17 18 27
4 5 4 67
16 18 2 73
0 2 6 82
(141 812)

Arvore 64
8 15 2 21
2 4 4 26
1 3 3 34
1 14 1 42
3 4 9 21
9 10 5 34
6 11 6 33
2 12 4 41
10 16 8 31
1 15 7 35
9 19 6 38
2 16 6 39
7 17 1 55
9 13 10 31
3 6 9 35
16 20 9 41
3 21 18 19
10 17 18 27
4 5 4 67
16 18 2 73
0 1 16 50
(148 793)

Arvore 65
8 15 2 21
2 4 4 26
1 3 3 34
1 14 1 42
3 4 9 21
9 10 5 34
6 11 6 33
2 12 4 41
10 16 8 31
1 15 7 35
9 19 6 38
11 16 12 22
2 16 6 39
7 17 1 55
9 13 10 31
16 20 9 41
3 21 18 19
10 17 18 27
4 5 4 67
16 18 2 73
0 9 10 73
(145 803)

Arvore 66
8 15 2 21
2 4 4 26
1 3 3 34
1 14 1 42
3 4 9 21
9 10 5 34
6 11 6 33
2 12 4 41
10 16 8 31
1 15 7 35
9 19 6 38
11 16 12 22
7 17 1 55
9 13 10 31
3 6 9 35
16 20 9 41
3 21 18 19
10 17 18 27
4 5 4 67
16 18 2 73
0 2 6 82
(144 808)

Arvore 67
8 15 2 21
2 4 4 26
3 4 9 21
1 3 3 34
9 10 5 34
1 14 1 42
6 11 6 33
11 16 12 22
10 16 8 31
1 15 7 35
2 12 4 41
9 19 6 38
9 13 10 31
3 6 9 35
3 21 18 19
7 17 1 55
16 20 9 41
10 17 18 27
4 5 4 67
16 18 2 73
0 1 16 50
(154 776)

Arvore 68
8 15 2 21
2 4 4 26
3 4 9 21
1 3 3 34
9 10 5 34
1 14 1 42
6 11 6 33
10 16 8 31
1 15 7 35
2 12 4 41
9 19 6 38
9 13 10 31
2 16 6 39
3 6 9 35
3 21 18 19
7 17 1 55
16 20 9 41
10 17 18 27
5 13 25 26
16 18 2 73
0 1 16 50
(169 752)

Arvore 69
8 15 2 21
2 4 4 26
3 4 9 21
1 3 3 34
9 10 5 34
1 14 1 42
6 11 6 33
11 16 12 22
10 16 8 31
1 15 7 35
2 12 4 41
9 19 6 38
9 13 10 31
2 16 6 39
3 21 18 19
7 17 1 55
16 20 9 41
10 17 18 27
5 13 25 26
16 18 2 73
0 9 10 73
(166 762)

Arvore 70
8 15 2 21
2 4 4 26
3 4 9 21
1 3 3 34
9 10 5 34
1 14 1 42
6 11 6 33
11 16 12 22
10 16 8 31
1 15 7 35
2 12 4 41
9 19 6 38
9 13 10 31
2 16 6 39
3 21 18 19
7 17 1 55
16 20 9 41
10 17 18 27
5 13 25 26
16 18 2 73
0 2 6 82
(162 771)

Arvore 71
8 15 2 21
2 4 4 26
3 4 9 21
1 3 3 34
9 10 5 34
1 14 1 42
6 11 6 33
11 16 12 22
10 16 8 31
1 15 7 35
2 12 4 41
9 19 6 38
9 13 10 31
3 6 9 35
3 21 18 19
7 17 1 55
16 20 9 41
10 17 18 27
5 13 25 26
16 18 2 73
0 2 6 82
(165 767)

Arvore 72
8 15 2 21
2 4 4 26
3 4 9 21
1 3 3 34
9 10 5 34
1 14 1 42
6 11 6 33
11 16 12 22
10 16 8 31
1 15 7 35
2 12 4 41
9 19 6 38
9 13 10 31
2 16 6 39
3 21 18 19
7 17 1 55
16 20 9 41
10 17 18 27
4 5 4 67
3 18 32 16
0 1 16 50
(181 723)

Arvore 73
8 15 2 21
2 4 4 26
3 4 9 21
1 3 3 34
9 10 5 34
1 14 1 42
6 11 6 33
11 16 12 22
10 16 8 31
1 15 7 35
2 12 4 41
9 19 6 38
9 13 10 31
3 6 9 35
3 21 18 19
7 17 1 55
16 20 9 41
10 17 18 27
5 13 25 26
16 18 2 73
0 1 16 50
(175 735)

Arvore 74
8 15 2 21
2 4 4 26
3 4 9 21
1 3 3 34
9 10 5 34
1 14 1 42
6 11 6 33
11 16 12 22
10 16 8 31
1 15 7 35
2 12 4 41
9 19 6 38
9 13 10 31
3 6 9 35
3 21 18 19
7 17 1 55
16 20 9 41
10 17 18 27
4 5 4 67
3 18 32 16
0 1 16 50
(184 719)

Arvore 75
8 15 2 21
2 4 4 26
3 4 9 21
1 3 3 34
9 10 5 34
1 14 1 42
6 11 6 33
10 16 8 31
1 15 7 35
2 12 4 41
9 19 6 38
9 13 10 31
2 16 6 39
3 6 9 35
3 21 18 19
7 17 1 55
16 20 9 41
10 17 18 27
5 13 25 26
3 18 32 16
0 1 16 50
(199 695)

Arvore 76
8 15 2 21
2 4 4 26
3 4 9 21
1 3 3 34
9 10 5 34
1 14 1 42
6 11 6 33
11 16 12 22
10 16 8 31
1 15 7 35
2 12 4 41
9 19 6 38
9 13 10 31
2 16 6 39
3 21 18 19
7 17 1 55
16 20 9 41
10 17 18 27
5 13 25 26
16 18 2 73
0 11 35 24
(191 713)

Arvore 77
8 15 2 21
2 4 4 26
3 4 9 21
1 3 3 34
9 10 5 34
1 14 1 42
6 11 6 33
11 16 12 22
10 16 8 31
1 15 7 35
2 12 4 41
9 19 6 38
9 13 10 31
2 16 6 39
3 21 18 19
7 17 1 55
16 20 9 41
10 17 18 27
5 13 25 26
3 18 32 16
0 9 10 73
(196 705)

Arvore 78
8 15 2 21
2 4 4 26
3 4 9 21
1 3 3 34
9 10 5 34
1 14 1 42
6 11 6 33
11 16 12 22
10 16 8 31
1 15 7 35
2 12 4 41
9 19 6 38
9 13 10 31
3 6 9 35
3 21 18 19
7 17 1 55
16 20 9 41
10 17 18 27
5 13 25 26
16 18 2 73
0 11 35 24
(194 709)

Arvore 79
8 15 2 21
2 4 4 26
3 4 9 21
1 3 3 34
11 16 12 22
9 10 5 34
6 11 6 33
10 16 8 31
1 14 1 42
3 21 18 19
1 15 7 35
9 13 10 31
9 19 6 38
2 12 4 41
3 6 9 35
10 17 18 27
16 20 9 41
7 17 1 55
3 18 32 16
5 13 25 26
0 1 16 50
(205 678)

Arvore 80
8 15 2 21
2 4 4 26
3 4 9 21
1 3 3 34
9 10 5 34
6 11 6 33
10 16 8 31
1 14 1 42
3 21 18 19
1 15 7 35
9 13 10 31
9 19 6 38
2 12 4 41
2 16 6 39
3 6 9 35
10 17 18 27
16 20 9 41
7 17 1 55
3 18 32 16
5 13 25 26
0 11 35 24
(218 669)

Arvore 81
8 15 2 21
2 4 4 26
3 4 9 21
1 3 3 34
11 16 12 22
9 10 5 34
6 11 6 33
10 16 8 31
1 14 1 42
1 15 7 35
9 13 10 31
9 19 6 38
2 12 4 41
3 6 9 35
10 17 18 27
16 20 9 41
6 21 28 16
7 17 1 55
3 18 32 16
5 13 25 26
0 1 16 50
(215 675)

Arvore 82
8 15 2 21
2 4 4 26
3 4 9 21
11 16 12 22
1 3 3 34
3 21 18 19
9 10 5 34
6 11 6 33
10 16 8 31
9 13 10 31
1 15 7 35
1 14 1 42
9 19 6 38
3 6 9 35
2 12 4 41
10 17 18 27
3 18 32 16
16 20 9 41
5 13 25 26
7 17 1 55
0 14 48 16
(237 644)

Arvore 83
8 15 2 21
2 4 4 26
3 4 9 21
11 16 12 22
1 3 3 34
3 21 18 19
9 10 5 34
6 11 6 33
10 16 8 31
9 13 10 31
1 15 7 35
1 14 1 42
9 19 6 38
2 12 4 41
2 16 6 39
10 17 18 27
3 18 32 16
16 20 9 41
5 13 25 26
7 17 1 55
0 14 48 16
(234 648)

Arvore 84
8 15 2 21
3 4 9 21
2 4 4 26
11 16 12 22
3 21 18 19
1 3 3 34
10 16 8 31
6 11 6 33
9 10 5 34
9 13 10 31
1 15 7 35
1 14 1 42
10 17 18 27
3 6 9 35
9 19 6 38
3 18 32 16
2 12 4 41
5 13 25 26
16 20 9 41
0 11 35 24
3 7 52 10
(275 607)

Arvore 85
8 15 2 21
3 4 9 21
2 4 4 26
11 16 12 22
3 21 18 19
1 3 3 34
10 16 8 31
6 11 6 33
9 10 5 34
9 13 10 31
6 21 28 16
1 15 7 35
1 14 1 42
10 17 18 27
9 19 6 38
3 18 32 16
2 12 4 41
5 13 25 26
16 20 9 41
7 17 1 55
0 14 48 16
(256 625)

Arvore 86
8 15 2 21
3 4 9 21
2 4 4 26
11 16 12 22
3 21 18 19
1 3 3 34
10 16 8 31
6 11 6 33
9 10 5 34
9 13 10 31
1 15 7 35
1 14 1 42
10 17 18 27
9 19 6 38
3 18 32 16
2 16 6 39
2 12 4 41
5 13 25 26
16 20 9 41
0 11 35 24
3 7 52 10
(272 611)

Arvore 87
8 15 2 21
3 4 9 21
2 4 4 26
11 16 12 22
3 21 18 19
1 3 3 34
10 16 8 31
6 11 6 33
9 10 5 34
9 13 10 31
1 15 7 35
1 14 1 42
10 17 18 27
3 6 9 35
9 19 6 38
3 18 32 16
2 12 4 41
5 13 25 26
16 20 9 41
3 7 52 10
0 14 48 16
(288 599)

Arvore 88
8 15 2 21
3 4 9 21
2 4 4 26
11 16 12 22
3 21 18 19
1 3 3 34
10 16 8 31
9 10 5 34
9 13 10 31
6 21 28 16
1 15 7 35
1 14 1 42
10 17 18 27
9 19 6 38
3 18 32 16
2 12 4 41
1 16 28 20
5 13 25 26
16 20 9 41
0 11 35 24
7 17 1 55
(265 620)

Arvore 89
8 15 2 21
3 4 9 21
2 4 4 26
11 16 12 22
3 21 18 19
1 3 3 34
10 16 8 31
6 11 6 33
9 10 5 34
9 13 10 31
1 15 7 35
1 14 1 42
10 17 18 27
9 19 6 38
3 18 32 16
2 16 6 39
2 12 4 41
5 13 25 26
16 20 9 41
3 7 52 10
0 14 48 16
(285 603)

Arvore 90
8 15 2 21
3 4 9 21
2 4 4 26
11 16 12 22
3 21 18 19
10 16 8 31
6 11 6 33
9 10 5 34
9 13 10 31
6 21 28 16
1 15 7 35
1 14 1 42
10 17 18 27
9 19 6 38
3 18 32 16
2 12 4 41
1 16 28 20
5 13 25 26
16 20 9 41
0 11 35 24
7 17 1 55
(268 619)

Arvore 91
8 15 2 21
3 4 9 21
2 4 4 26
11 16 12 22
3 21 18 19
6 21 28 16
3 18 32 16
10 16 8 31
1 3 3 34
1 16 28 20
9 13 10 31
9 10 5 34
10 17 18 27
1 15 7 35
3 7 52 10
5 13 25 26
9 19 6 38
1 14 1 42
2 12 4 41
0 11 35 24
16 20 9 41
(316 575)

Arvore 92
8 15 2 21
3 4 9 21
2 4 4 26
11 16 12 22
3 21 18 19
6 21 28 16
3 18 32 16
10 16 8 31
6 11 6 33
1 16 28 20
9 13 10 31
9 10 5 34
10 17 18 27
1 15 7 35
3 7 52 10
5 13 25 26
9 19 6 38
1 14 1 42
2 12 4 41
0 11 35 24
16 20 9 41
(319 574)

Arvore 93
8 15 2 21
3 4 9 21
2 4 4 26
11 16 12 22
3 21 18 19
6 21 28 16
3 18 32 16
10 16 8 31
1 3 3 34
6 11 6 33
9 13 10 31
9 10 5 34
10 17 18 27
1 15 7 35
3 7 52 10
5 13 25 26
9 19 6 38
14 18 55 11
2 12 4 41
0 14 48 16
16 20 9 41
(361 549)

Arvore 94
8 15 2 21
3 4 9 21
2 4 4 26
11 16 12 22
3 21 18 19
6 21 28 16
3 18 32 16
10 16 8 31
1 3 3 34
1 16 28 20
9 13 10 31
9 10 5 34
10 17 18 27
1 15 7 35
3 7 52 10
5 13 25 26
9 19 6 38
14 18 55 11
2 12 4 41
0 11 35 24
16 20 9 41
(370 544)

Arvore 95
8 15 2 21
3 4 9 21
2 4 4 26
11 16 12 22
3 21 18 19
6 21 28 16
3 18 32 16
10 16 8 31
1 16 28 20
6 11 6 33
9 13 10 31
9 10 5 34
10 17 18 27
1 15 7 35
3 7 52 10
5 13 25 26
9 19 6 38
1 14 1 42
2 12 4 41
0 14 48 16
16 20 9 41
(332 566)

Arvore 96
8 15 2 21
3 4 9 21
2 4 4 26
11 16 12 22
3 21 18 19
6 21 28 16
3 18 32 16
10 16 8 31
1 3 3 34
6 11 6 33
9 13 10 31
9 10 5 34
10 17 18 27
1 15 7 35
3 7 52 10
5 13 25 26
9 19 6 38
14 18 55 11
2 12 4 41
0 11 35 24
16 20 9 41
(348 557)

Arvore 97
8 15 2 21
3 4 9 21
2 4 4 26
11 16 12 22
3 21 18 19
6 21 28 16
3 18 32 16
10 16 8 31
1 16 28 20
6 11 6 33
9 13 10 31
9 10 5 34
10 17 18 27
1 15 7 35
3 7 52 10
5 13 25 26
9 19 6 38
14 18 55 11
2 12 4 41
0 11 35 24
16 20 9 41
(373 543)

Arvore 98
8 15 2 21
3 4 9 21
2 4 4 26
11 16 12 22
3 21 18 19
6 21 28 16
3 18 32 16
10 16 8 31
1 3 3 34
6 11 6 33
9 13 10 31
9 10 5 34
10 17 18 27
1 15 7 35
3 7 52 10
5 13 25 26
9 19 6 38
2 12 4 41
0 14 48 16
6 14 62 8
16 20 9 41
(368 546)

Arvore 99
8 15 2 21
3 4 9 21
2 4 4 26
11 16 12 22
3 21 18 19
6 21 28 16
3 18 32 16
10 16 8 31
1 3 3 34
1 16 28 20
9 13 10 31
9 10 5 34
10 17 18 27
1 15 7 35
3 7 52 10
5 13 25 26
9 19 6 38
2 12 4 41
6 14 62 8
0 11 35 24
16 20 9 41
(377 541)

Arvore 100
8 15 2 21
3 4 9 21
2 4 4 26
11 16 12 22
3 21 18 19
6 21 28 16
3 18 32 16
10 16 8 31
1 3 3 34
6 11 6 33
9 13 10 31
9 10 5 34
10 17 18 27
1 15 7 35
3 7 52 10
5 13 25 26
9 19 6 38
2 12 4 41
0 14 48 16
0 11 35 24
16 20 9 41
(341 562)

Arvore 101
8 15 2 21
3 4 9 21
2 4 4 26
11 16 12 22
3 21 18 19
6 21 28 16
3 18 32 16
10 16 8 31
1 3 3 34
6 11 6 33
9 13 10 31
9 10 5 34
10 17 18 27
1 15 7 35
3 7 52 10
5 13 25 26
9 19 6 38
2 12 4 41
6 14 62 8
0 11 35 24
16 20 9 41
(355 554)

Arvore 102
8 15 2 21
3 4 9 21
2 4 4 26
11 16 12 22
3 21 18 19
6 21 28 16
3 18 32 16
10 16 8 31
1 16 28 20
6 11 6 33
9 13 10 31
9 10 5 34
10 17 18 27
1 15 7 35
3 7 52 10
5 13 25 26
9 19 6 38
2 12 4 41
0 14 48 16
0 11 35 24
16 20 9 41
(366 548)

Arvore 103
8 15 2 21
3 4 9 21
2 4 4 26
11 16 12 22
3 21 18 19
6 21 28 16
3 18 32 16
10 16 8 31
1 16 28 20
6 11 6 33
9 13 10 31
9 10 5 34
10 17 18 27
1 15 7 35
3 7 52 10
5 13 25 26
9 19 6 38
2 12 4 41
6 14 62 8
0 11 35 24
16 20 9 41
(380 540)

Arvore 104
8 15 2 21
3 4 9 21
2 4 4 26
11 16 12 22
3 21 18 19
6 21 28 16
3 18 32 16
1 16 28 20
10 16 8 31
6 11 6 33
9 13 10 31
10 17 18 27
9 10 5 34
3 7 52 10
1 15 7 35
5 13 25 26
14 18 55 11
9 19 6 38
0 14 48 16
2 12 4 41
16 20 9 41
(386 535)

Arvore 105
8 15 2 21
3 4 9 21
2 4 4 26
11 16 12 22
3 21 18 19
6 21 28 16
3 18 32 16
1 16 28 20
10 16 8 31
1 3 3 34
9 13 10 31
10 17 18 27
9 10 5 34
3 7 52 10
1 15 7 35
5 13 25 26
9 19 6 38
6 14 62 8
0 14 48 16
2 12 4 41
16 20 9 41
(390 533)

Arvore 106
8 15 2 21
3 4 9 21
2 4 4 26
11 16 12 22
3 21 18 19
6 21 28 16
3 18 32 16
1 16 28 20
10 16 8 31
1 3 3 34
9 13 10 31
10 17 18 27
9 10 5 34
3 7 52 10
1 15 7 35
5 13 25 26
14 18 55 11
9 19 6 38
0 11 35 24
2 12 4 41
0 20 65 11
(426 514)

Arvore 107
8 15 2 21
3 4 9 21
2 4 4 26
11 16 12 22
3 21 18 19
6 21 28 16
3 18 32 16
10 16 8 31
1 3 3 34
6 11 6 33
9 13 10 31
10 17 18 27
9 10 5 34
3 7 52 10
1 15 7 35
5 13 25 26
14 18 55 11
9 19 6 38
0 14 48 16
2 12 4 41
0 20 65 11
(417 519)

Arvore 108
8 15 2 21
3 4 9 21
2 4 4 26
11 16 12 22
3 21 18 19
6 21 28 16
3 18 32 16
1 16 28 20
10 16 8 31
6 11 6 33
9 13 10 31
10 17 18 27
9 10 5 34
3 7 52 10
1 15 7 35
5 13 25 26
9 19 6 38
6 14 62 8
0 14 48 16
2 12 4 41
16 20 9 41
(393 532)

Arvore 109
8 15 2 21
3 4 9 21
2 4 4 26
11 16 12 22
3 21 18 19
6 21 28 16
3 18 32 16
1 16 28 20
10 16 8 31
6 11 6 33
9 13 10 31
10 17 18 27
9 10 5 34
3 7 52 10
1 15 7 35
5 13 25 26
14 18 55 11
9 19 6 38
0 11 35 24
2 12 4 41
0 20 65 11
(429 513)

Arvore 110
8 15 2 21
3 4 9 21
2 4 4 26
11 16 12 22
3 21 18 19
6 21 28 16
3 18 32 16
1 16 28 20
10 16 8 31
1 3 3 34
9 13 10 31
10 17 18 27
9 10 5 34
3 7 52 10
1 15 7 35
5 13 25 26
9 19 6 38
6 14 62 8
0 11 35 24
2 12 4 41
0 20 65 11
(433 511)

Arvore 111
8 15 2 21
3 4 9 21
2 4 4 26
11 16 12 22
3 21 18 19
6 21 28 16
3 18 32 16
10 16 8 31
1 3 3 34
6 11 6 33
9 13 10 31
10 17 18 27
9 10 5 34
3 7 52 10
1 15 7 35
5 13 25 26
9 19 6 38
6 14 62 8
0 14 48 16
2 12 4 41
0 20 65 11
(424 516)

Arvore 112
8 15 2 21
3 4 9 21
2 4 4 26
11 16 12 22
3 21 18 19
6 21 28 16
3 18 32 16
10 16 8 31
1 3 3 34
6 11 6 33
9 13 10 31
10 17 18 27
9 10 5 34
3 7 52 10
1 15 7 35
5 13 25 26
14 18 55 11
9 19 6 38
0 11 35 24
2 12 4 41
0 20 65 11
(404 527)

Arvore 113
8 15 2 21
3 4 9 21
2 4 4 26
11 16 12 22
3 21 18 19
6 21 28 16
3 18 32 16
1 16 28 20
10 16 8 31
6 11 6 33
9 13 10 31
10 17 18 27
9 10 5 34
3 7 52 10
1 15 7 35
5 13 25 26
9 19 6 38
6 14 62 8
0 11 35 24
2 12 4 41
0 20 65 11
(436 510)

Arvore 114
8 15 2 21
3 4 9 21
2 4 4 26
11 16 12 22
3 21 18 19
6 21 28 16
3 18 32 16
1 16 28 20
10 16 8 31
6 11 6 33
9 13 10 31
10 17 18 27
9 10 5 34
3 7 52 10
1 15 7 35
5 13 25 26
9 19 6 38
0 14 48 16
0 11 35 24
2 12 4 41
0 20 65 11
(422 518)

Arvore 115
8 15 2 21
3 4 9 21
2 4 4 26
11 16 12 22
3 21 18 19
6 21 28 16
3 18 32 16
10 16 8 31
1 3 3 34
6 11 6 33
9 13 10 31
10 17 18 27
9 10 5 34
3 7 52 10
1 15 7 35
5 13 25 26
9 19 6 38
6 14 62 8
0 11 35 24
2 12 4 41
0 20 65 11
(411 524)

Arvore 116
8 15 2 21
3 4 9 21
2 4 4 26
11 16 12 22
3 21 18 19
6 21 28 16
3 18 32 16
1 16 28 20
10 16 8 31
1 3 3 34
9 13 10 31
10 17 18 27
9 10 5 34
3 7 52 10
1 15 7 35
5 13 25 26
14 18 55 11
9 19 6 38
2 12 4 41
16 20 9 41
0 20 65 11
(400 531)

Arvore 117
8 15 2 21
3 4 9 21
2 4 4 26
11 16 12 22
3 21 18 19
6 21 28 16
3 18 32 16
1 16 28 20
10 16 8 31
6 11 6 33
9 13 10 31
10 17 18 27
9 10 5 34
3 7 52 10
1 15 7 35
5 13 25 26
14 18 55 11
9 19 6 38
0 11 35 24
2 12 4 41
18 20 52 21
(416 523)

Arvore 118
8 15 2 21
3 4 9 21
2 4 4 26
11 16 12 22
3 21 18 19
6 21 28 16
3 18 32 16
1 16 28 20
10 16 8 31
6 11 6 33
9 13 10 31
10 17 18 27
9 10 5 34
3 7 52 10
1 15 7 35
5 13 25 26
14 18 55 11
9 19 6 38
2 12 4 41
16 20 9 41
0 20 65 11
(403 530)

Arvore 119
8 15 2 21
3 4 9 21
3 21 18 19
11 16 12 22
2 4 4 26
6 21 28 16
3 18 32 16
1 16 28 20
3 7 52 10
10 16 8 31
14 18 55 11
10 17 18 27
9 13 10 31
6 11 6 33
9 10 5 34
0 14 48 16
5 13 25 26
1 15 7 35
0 20 65 11
9 19 6 38
2 12 4 41
(442 505)

Arvore 120
8 15 2 21
3 4 9 21
3 21 18 19
11 16 12 22
6 21 28 16
2 4 4 26
3 18 32 16
3 7 52 10
1 16 28 20
6 14 62 8
10 17 18 27
10 16 8 31
9 13 10 31
0 14 48 16
6 11 6 33
5 13 25 26
9 10 5 34
0 20 65 11
1 15 7 35
9 19 6 38
2 12 4 41
(449 502)

Arvore 121
8 15 2 21
3 4 9 21
3 21 18 19
11 16 12 22
6 21 28 16
2 4 4 26
3 18 32 16
3 7 52 10
1 16 28 20
14 18 55 11
10 17 18 27
10 16 8 31
9 13 10 31
0 14 48 16
1 3 3 34
5 13 25 26
13 18 73 7
0 20 65 11
1 15 7 35
9 19 6 38
2 12 4 41
(507 479)

Arvore 122
8 15 2 21
3 4 9 21
3 21 18 19
11 16 12 22
6 21 28 16
2 4 4 26
3 18 32 16
3 7 52 10
1 16 28 20
14 18 55 11
10 17 18 27
10 16 8 31
9 13 10 31
0 14 48 16
6 11 6 33
5 13 25 26
13 18 73 7
0 20 65 11
1 15 7 35
9 19 6 38
2 12 4 41
(510 478)

Arvore 123
8 15 2 21
3 4 9 21
3 21 18 19
11 16 12 22
6 21 28 16
2 4 4 26
3 18 32 16
3 7 52 10
1 16 28 20
14 18 55 11
10 17 18 27
10 16 8 31
0 14 48 16
1 3 3 34
5 13 25 26
9 10 5 34
13 18 73 7
0 20 65 11
1 15 7 35
9 19 6 38
2 12 4 41
(502 482)

Arvore 124
8 15 2 21
3 4 9 21
3 21 18 19
11 16 12 22
6 21 28 16
2 4 4 26
3 18 32 16
3 7 52 10
1 16 28 20
14 18 55 11
10 17 18 27
10 16 8 31
0 14 48 16
6 11 6 33
5 13 25 26
9 10 5 34
13 18 73 7
0 20 65 11
1 15 7 35
9 19 6 38
2 12 4 41
(505 481)

Arvore 125
8 15 2 21
3 4 9 21
3 21 18 19
11 16 12 22
6 21 28 16
2 4 4 26
3 18 32 16
3 7 52 10
1 16 28 20
6 14 62 8
10 17 18 27
10 16 8 31
9 13 10 31
0 14 48 16
5 13 25 26
9 10 5 34
0 20 65 11
1 15 7 35
0 11 35 24
9 19 6 38
2 12 4 41
(478 493)

Arvore 126
8 15 2 21
3 4 9 21
3 21 18 19
11 16 12 22
6 21 28 16
2 4 4 26
3 18 32 16
3 7 52 10
1 16 28 20
6 14 62 8
10 17 18 27
10 16 8 31
9 13 10 31
1 3 3 34
5 13 25 26
13 18 73 7
0 20 65 11
1 15 7 35
0 11 35 24
9 19 6 38
2 12 4 41
(501 484)

Arvore 127
8 15 2 21
3 4 9 21
3 21 18 19
11 16 12 22
6 21 28 16
2 4 4 26
3 18 32 16
3 7 52 10
1 16 28 20
14 18 55 11
10 17 18 27
10 16 8 31
9 13 10 31
0 14 48 16
5 13 25 26
9 10 5 34
0 20 65 11
1 15 7 35
0 11 35 24
9 19 6 38
2 12 4 41
(471 496)

Arvore 128
8 15 2 21
3 4 9 21
3 21 18 19
11 16 12 22
6 21 28 16
2 4 4 26
3 18 32 16
3 7 52 10
1 16 28 20
14 18 55 11
10 17 18 27
10 16 8 31
9 13 10 31
1 3 3 34
5 13 25 26
13 18 73 7
0 20 65 11
1 15 7 35
0 11 35 24
9 19 6 38
2 12 4 41
(494 487)

Arvore 129
8 15 2 21
3 4 9 21
3 21 18 19
11 16 12 22
6 21 28 16
2 4 4 26
3 18 32 16
3 7 52 10
1 16 28 20
14 18 55 11
10 17 18 27
10 16 8 31
9 13 10 31
6 11 6 33
5 13 25 26
13 18 73 7
0 20 65 11
1 15 7 35
0 11 35 24
9 19 6 38
2 12 4 41
(497 486)

Arvore 130
8 15 2 21
3 4 9 21
3 21 18 19
11 16 12 22
6 21 28 16
2 4 4 26
3 18 32 16
3 7 52 10
1 16 28 20
14 18 55 11
10 17 18 27
10 16 8 31
9 13 10 31
0 14 48 16
5 13 25 26
9 10 5 34
0 20 65 11
1 15 7 35
10 18 52 18
9 19 6 38
2 12 4 41
(488 490)

Arvore 131
8 15 2 21
3 4 9 21
3 21 18 19
11 16 12 22
6 21 28 16
2 4 4 26
3 18 32 16
3 7 52 10
1 16 28 20
6 14 62 8
10 17 18 27
10 16 8 31
9 13 10 31
0 14 48 16
6 11 6 33
5 13 25 26
9 10 5 34
0 20 65 11
1 15 7 35
2 12 4 41
10 19 41 28
(484 492)

Arvore 132
8 15 2 21
3 4 9 21
3 21 18 19
11 16 12 22
6 21 28 16
2 4 4 26
3 7 52 10
1 16 28 20
6 14 62 8
14 18 55 11
10 17 18 27
10 16 8 31
9 13 10 31
0 14 48 16
1 3 3 34
5 13 25 26
9 10 5 34
0 20 65 11
1 15 7 35
9 19 6 38
2 12 4 41
(469 498)

Arvore 133
8 15 2 21
3 4 9 21
3 21 18 19
11 16 12 22
6 21 28 16
2 4 4 26
3 18 32 16
3 7 52 10
1 16 28 20
14 18 55 11
10 17 18 27
10 16 8 31
6 11 6 33
5 13 25 26
9 10 5 34
13 18 73 7
0 20 65 11
1 15 7 35
0 11 35 24
9 19 6 38
2 12 4 41
(492 489)

Arvore 134
8 15 2 21
3 4 9 21
3 21 18 19
11 16 12 22
6 21 28 16
2 4 4 26
3 18 32 16
3 7 52 10
1 16 28 20
14 18 55 11
10 17 18 27
10 16 8 31
9 13 10 31
0 14 48 16
6 11 6 33
5 13 25 26
9 10 5 34
0 20 65 11
1 15 7 35
2 12 4 41
10 19 41 28
(477 495)

Arvore 135
8 15 2 21
3 4 9 21
3 21 18 19
11 16 12 22
6 21 28 16
2 4 4 26
3 18 32 16
3 7 52 10
1 16 28 20
6 14 62 8
10 17 18 27
10 16 8 31
9 13 10 31
1 3 3 34
5 13 25 26
9 10 5 34
0 20 65 11
1 15 7 35
0 11 35 24
2 12 4 41
10 19 41 28
(468 501)

Arvore 136
8 15 2 21
3 4 9 21
3 21 18 19
11 16 12 22
6 21 28 16
2 4 4 26
3 18 32 16
3 7 52 10
1 16 28 20
6 14 62 8
10 17 18 27
10 16 8 31
0 14 48 16
9 13 10 31
13 18 73 7
6 11 6 33
5 13 25 26
0 20 65 11
1 15 7 35
9 19 6 38
2 12 4 41
(517 475)

Arvore 137
8 15 2 21
3 4 9 21
3 21 18 19
11 16 12 22
6 21 28 16
2 4 4 26
3 18 32 16
3 7 52 10
1 16 28 20
14 18 55 11
10 17 18 27
10 16 8 31
0 14 48 16
9 13 10 31
13 18 73 7
1 2 79 5
5 13 25 26
0 20 65 11
1 15 7 35
9 19 6 38
2 12 4 41
(583 450)

Arvore 138
8 15 2 21
3 4 9 21
3 21 18 19
11 16 12 22
6 21 28 16
2 4 4 26
3 18 32 16
3 7 52 10
1 16 28 20
6 14 62 8
10 17 18 27
10 16 8 31
0 14 48 16
9 13 10 31
1 2 79 5
5 13 25 26
0 20 65 11
9 10 5 34
1 15 7 35
9 19 6 38
2 12 4 41
(522 474)

Arvore 139
8 15 2 21
3 4 9 21
3 21 18 19
11 16 12 22
6 21 28 16
2 4 4 26
3 18 32 16
3 7 52 10
1 16 28 20
14 18 55 11
10 17 18 27
10 16 8 31
0 14 48 16
13 18 73 7
1 2 79 5
5 13 25 26
0 20 65 11
9 10 5 34
1 15 7 35
9 19 6 38
2 12 4 41
(578 453)

Arvore 140
8 15 2 21
3 4 9 21
3 21 18 19
11 16 12 22
6 21 28 16
2 4 4 26
3 18 32 16
3 7 52 10
1 16 28 20
6 14 62 8
10 17 18 27
10 16 8 31
0 14 48 16
9 13 10 31
1 3 3 34
5 13 25 26
0 20 65 11
9 10 5 34
8 11 93 3
9 19 6 38
2 12 4 41
(532 471)

Arvore 141
8 15 2 21
3 4 9 21
3 21 18 19
11 16 12 22
6 21 28 16
2 4 4 26
3 18 32 16
3 7 52 10
1 16 28 20
6 14 62 8
10 17 18 27
10 16 8 31
0 14 48 16
9 13 10 31
6 11 6 33
5 13 25 26
0 20 65 11
9 10 5 34
8 11 93 3
9 19 6 38
2 12 4 41
(535 470)

Arvore 142
8 15 2 21
3 4 9 21
3 21 18 19
11 16 12 22
6 21 28 16
2 4 4 26
3 18 32 16
3 7 52 10
1 16 28 20
6 14 62 8
10 17 18 27
10 16 8 31
0 14 48 16
9 13 10 31
13 18 73 7
5 13 25 26
0 20 65 11
0 11 35 24
1 15 7 35
9 19 6 38
2 12 4 41
(546 466)

Arvore 143
8 15 2 21
3 4 9 21
3 21 18 19
11 16 12 22
6 21 28 16
2 4 4 26
3 18 32 16
3 7 52 10
1 16 28 20
14 18 55 11
10 17 18 27
10 16 8 31
0 14 48 16
9 13 10 31
6 11 6 33
5 13 25 26
0 20 65 11
9 10 5 34
8 11 93 3
9 19 6 38
2 12 4 41
(528 473)

Arvore 144
8 15 2 21
3 4 9 21
3 21 18 19
11 16 12 22
6 21 28 16
2 4 4 26
3 18 32 16
3 7 52 10
1 16 28 20
14 18 55 11
10 17 18 27
10 16 8 31
0 14 48 16
9 13 10 31
13 18 73 7
5 13 25 26
0 20 65 11
0 11 35 24
1 15 7 35
9 19 6 38
2 12 4 41
(539 469)

Arvore 145
8 15 2 21
3 4 9 21
3 21 18 19
11 16 12 22
6 21 28 16
2 4 4 26
3 18 32 16
3 7 52 10
1 16 28 20
6 14 62 8
10 17 18 27
10 16 8 31
0 14 48 16
9 13 10 31
13 18 73 7
5 13 25 26
0 20 65 11
1 15 7 35
10 18 52 18
9 19 6 38
2 12 4 41
(563 460)

Arvore 146
8 15 2 21
3 4 9 21
3 21 18 19
11 16 12 22
6 21 28 16
2 4 4 26
3 18 32 16
3 7 52 10
1 16 28 20
14 18 55 11
10 17 18 27
10 16 8 31
0 14 48 16
9 13 10 31
13 18 73 7
5 13 25 26
0 20 65 11
1 15 7 35
10 18 52 18
9 19 6 38
2 12 4 41
(556 463)

Arvore 147
8 15 2 21
3 4 9 21
3 21 18 19
11 16 12 22
6 21 28 16
2 4 4 26
3 18 32 16
3 7 52 10
1 16 28 20
6 14 62 8
10 17 18 27
10 16 8 31
9 13 10 31
13 18 73 7
1 2 79 5
5 13 25 26
0 20 65 11
0 11 35 24
1 15 7 35
9 19 6 38
2 12 4 41
(577 455)

Arvore 148
8 15 2 21
3 4 9 21
3 21 18 19
11 16 12 22
6 21 28 16
2 4 4 26
3 18 32 16
3 7 52 10
1 16 28 20
14 18 55 11
10 17 18 27
10 16 8 31
9 13 10 31
13 18 73 7
1 2 79 5
5 13 25 26
0 20 65 11
0 11 35 24
1 15 7 35
9 19 6 38
2 12 4 41
(570 458)

Arvore 149
8 15 2 21
3 4 9 21
3 21 18 19
11 16 12 22
6 21 28 16
2 4 4 26
3 18 32 16
3 7 52 10
1 16 28 20
6 14 62 8
10 17 18 27
10 16 8 31
0 14 48 16
9 13 10 31
13 18 73 7
6 11 6 33
5 13 25 26
0 20 65 11
1 15 7 35
2 12 4 41
10 19 41 28
(552 465)

Arvore 150
8 15 2 21
3 4 9 21
3 21 18 19
11 16 12 22
6 21 28 16
2 4 4 26
3 18 32 16
3 7 52 10
1 16 28 20
14 18 55 11
10 17 18 27
10 16 8 31
0 14 48 16
9 13 10 31
13 18 73 7
6 11 6 33
5 13 25 26
0 20 65 11
1 15 7 35
2 12 4 41
10 19 41 28
(545 468)

Arvore 151
8 15 2 21
3 4 9 21
3 21 18 19
11 16 12 22
6 21 28 16
2 4 4 26
3 18 32 16
3 7 52 10
1 16 28 20
6 14 62 8
10 17 18 27
0 14 48 16
9 13 10 31
13 18 73 7
6 11 6 33
5 13 25 26
0 20 65 11
1 15 7 35
10 18 52 18
9 19 6 38
2 12 4 41
(561 462)

Arvore 152
8 15 2 21
3 4 9 21
3 21 18 19
6 21 28 16
11 16 12 22
2 4 4 26
3 18 32 16
3 7 52 10
1 16 28 20
14 18 55 11
10 17 18 27
0 14 48 16
10 16 8 31
13 18 73 7
1 2 79 5
9 13 10 31
0 20 65 11
5 13 25 26
8 11 93 3
9 19 6 38
2 12 4 41
(669 418)

Arvore 153
8 15 2 21
3 4 9 21
3 21 18 19
6 21 28 16
11 16 12 22
2 4 4 26
3 18 32 16
3 7 52 10
1 16 28 20
6 14 62 8
10 17 18 27
0 14 48 16
10 16 8 31
13 18 73 7
9 13 10 31
1 3 3 34
0 20 65 11
5 13 25 26
8 11 93 3
9 19 6 38
2 12 4 41
(600 444)

Arvore 154
8 15 2 21
3 4 9 21
3 21 18 19
6 21 28 16
11 16 12 22
2 4 4 26
3 18 32 16
3 7 52 10
1 16 28 20
6 14 62 8
10 17 18 27
0 14 48 16
10 16 8 31
13 18 73 7
9 13 10 31
0 20 65 11
6 11 6 33
5 13 25 26
8 11 93 3
9 19 6 38
2 12 4 41
(603 443)

Arvore 155
8 15 2 21
3 4 9 21
3 21 18 19
6 21 28 16
11 16 12 22
2 4 4 26
3 18 32 16
3 7 52 10
1 16 28 20
14 18 55 11
10 17 18 27
0 14 48 16
10 16 8 31
13 18 73 7
9 13 10 31
0 20 65 11
6 11 6 33
5 13 25 26
8 11 93 3
9 19 6 38
2 12 4 41
(596 446)

Arvore 156
8 15 2 21
3 4 9 21
3 21 18 19
6 21 28 16
11 16 12 22
2 4 4 26
3 18 32 16
3 7 52 10
1 16 28 20
14 18 55 11
10 17 18 27
0 14 48 16
10 16 8 31
13 18 73 7
1 2 79 5
0 20 65 11
5 13 25 26
9 10 5 34
8 11 93 3
9 19 6 38
2 12 4 41
(664 421)

Arvore 157
8 15 2 21
3 4 9 21
3 21 18 19
6 21 28 16
11 16 12 22
2 4 4 26
3 18 32 16
3 7 52 10
1 16 28 20
6 14 62 8
10 17 18 27
0 14 48 16
10 16 8 31
1 2 79 5
9 13 10 31
0 20 65 11
5 13 25 26
9 10 5 34
8 11 93 3
9 19 6 38
2 12 4 41
(608 442)

Arvore 158
8 15 2 21
3 4 9 21
3 21 18 19
6 21 28 16
11 16 12 22
2 4 4 26
3 18 32 16
3 7 52 10
1 16 28 20
6 14 62 8
10 17 18 27
0 14 48 16
10 16 8 31
13 18 73 7
9 13 10 31
0 20 65 11
5 13 25 26
0 11 35 24
8 11 93 3
9 19 6 38
2 12 4 41
(632 434)

Arvore 159
8 15 2 21
3 4 9 21
3 21 18 19
6 21 28 16
11 16 12 22
2 4 4 26
3 18 32 16
3 7 52 10
1 16 28 20
6 14 62 8
10 17 18 27
0 14 48 16
10 16 8 31
1 2 79 5
9 13 10 31
0 20 65 11
5 13 25 26
9 17 97 1
1 15 7 35
9 19 6 38
2 12 4 41
(614 441)

Arvore 160
8 15 2 21
3 4 9 21
3 21 18 19
6 21 28 16
11 16 12 22
2 4 4 26
3 18 32 16
3 7 52 10
1 16 28 20
6 14 62 8
10 17 18 27
0 14 48 16
10 16 8 31
13 18 73 7
9 13 10 31
0 20 65 11
5 13 25 26
10 18 52 18
8 11 93 3
9 19 6 38
2 12 4 41
(649 428)

Arvore 161
8 15 2 21
3 4 9 21
3 21 18 19
6 21 28 16
11 16 12 22
2 4 4 26
3 18 32 16
3 7 52 10
1 16 28 20
14 18 55 11
10 17 18 27
0 14 48 16
10 16 8 31
13 18 73 7
9 13 10 31
0 20 65 11
5 13 25 26
0 11 35 24
8 11 93 3
9 19 6 38
2 12 4 41
(625 437)

Arvore 162
8 15 2 21
3 4 9 21
3 21 18 19
6 21 28 16
11 16 12 22
2 4 4 26
3 18 32 16
3 7 52 10
1 16 28 20
6 14 62 8
10 17 18 27
10 16 8 31
13 18 73 7
1 2 79 5
9 13 10 31
0 20 65 11
5 13 25 26
0 11 35 24
8 11 93 3
9 19 6 38
2 12 4 41
(663 423)

Arvore 163
8 15 2 21
3 4 9 21
3 21 18 19
6 21 28 16
11 16 12 22
2 4 4 26
3 18 32 16
3 7 52 10
1 16 28 20
14 18 55 11
10 17 18 27
0 14 48 16
10 16 8 31
13 18 73 7
9 13 10 31
0 20 65 11
5 13 25 26
10 18 52 18
8 11 93 3
9 19 6 38
2 12 4 41
(642 431)

Arvore 164
8 15 2 21
3 4 9 21
3 21 18 19
6 21 28 16
11 16 12 22
2 4 4 26
3 18 32 16
3 7 52 10
1 16 28 20
14 18 55 11
10 17 18 27
0 14 48 16
10 16 8 31
13 18 73 7
1 2 79 5
9 13 10 31
0 20 65 11
5 13 25 26
1 15 7 35
2 12 4 41
10 19 41 28
(618 440)

Arvore 165
8 15 2 21
3 4 9 21
3 21 18 19
6 21 28 16
11 16 12 22
2 4 4 26
3 18 32 16
3 7 52 10
1 16 28 20
14 18 55 11
10 17 18 27
10 16 8 31
13 18 73 7
1 2 79 5
9 13 10 31
0 20 65 11
5 13 25 26
0 11 35 24
8 11 93 3
9 19 6 38
2 12 4 41
(656 426)

Arvore 166
8 15 2 21
3 4 9 21
3 21 18 19
6 21 28 16
11 16 12 22
2 4 4 26
3 18 32 16
3 7 52 10
1 16 28 20
6 14 62 8
10 17 18 27
0 14 48 16
10 16 8 31
9 13 10 31
1 3 3 34
0 20 65 11
5 13 25 26
9 17 97 1
8 11 93 3
9 19 6 38
2 12 4 41
(624 438)

Arvore 167
8 15 2 21
3 4 9 21
3 21 18 19
6 21 28 16
11 16 12 22
2 4 4 26
3 18 32 16
3 7 52 10
1 16 28 20
14 18 55 11
0 14 48 16
10 16 8 31
13 18 73 7
1 2 79 5
9 13 10 31
0 20 65 11
5 13 25 26
9 17 97 1
1 15 7 35
9 19 6 38
2 12 4 41
(662 424)

Arvore 168
8 15 2 21
3 4 9 21
3 21 18 19
6 21 28 16
11 16 12 22
2 4 4 26
3 18 32 16
3 7 52 10
1 16 28 20
6 14 62 8
10 17 18 27
0 14 48 16
10 16 8 31
13 18 73 7
9 13 10 31
0 20 65 11
6 11 6 33
5 13 25 26
8 11 93 3
2 12 4 41
10 19 41 28
(638 433)

Arvore 169
8 15 2 21
3 4 9 21
3 21 18 19
6 21 28 16
11 16 12 22
2 4 4 26
3 18 32 16
3 7 52 10
1 16 28 20
6 14 62 8
10 17 18 27
0 14 48 16
13 18 73 7
9 13 10 31
0 20 65 11
6 11 6 33
5 13 25 26
10 18 52 18
8 11 93 3
9 19 6 38
2 12 4 41
(647 430)

Arvore 170
8 15 2 21
3 4 9 21
3 21 18 19
6 21 28 16
11 16 12 22
2 4 4 26
3 18 32 16
3 7 52 10
1 16 28 20
14 18 55 11
10 17 18 27
0 14 48 16
10 16 8 31
13 18 73 7
9 13 10 31
0 20 65 11
6 11 6 33
5 13 25 26
8 11 93 3
2 12 4 41
10 19 41 28
(631 436)

Arvore 171
8 15 2 21
3 4 9 21
3 21 18 19
6 21 28 16
11 16 12 22
2 4 4 26
3 7 52 10
1 16 28 20
6 14 62 8
14 18 55 11
10 17 18 27
0 14 48 16
10 16 8 31
13 18 73 7
9 13 10 31
1 3 3 34
0 20 65 11
5 13 25 26
8 11 93 3
9 19 6 38
2 12 4 41
(623 439)

Arvore 172
8 15 2 21
3 4 9 21
3 21 18 19
6 21 28 16
11 16 12 22
3 18 32 16
2 4 4 26
3 7 52 10
1 16 28 20
14 18 55 11
13 18 73 7
1 2 79 5
0 14 48 16
10 17 18 27
0 20 65 11
10 16 8 31
9 17 97 1
5 13 25 26
8 11 93 3
9 19 6 38
2 12 4 41
(756 388)

Arvore 173
8 15 2 21
3 4 9 21
3 21 18 19
6 21 28 16
11 16 12 22
3 18 32 16
2 4 4 26
3 7 52 10
6 14 62 8
1 16 28 20
13 18 73 7
1 2 79 5
0 14 48 16
0 20 65 11
10 16 8 31
9 13 10 31
9 17 97 1
5 13 25 26
8 11 93 3
9 19 6 38
2 12 4 41
(755 389)

Arvore 174
8 15 2 21
3 4 9 21
3 21 18 19
6 21 28 16
11 16 12 22
3 18 32 16
2 4 4 26
3 7 52 10
1 16 28 20
14 18 55 11
13 18 73 7
1 2 79 5
0 14 48 16
0 20 65 11
10 16 8 31
9 13 10 31
9 17 97 1
5 13 25 26
8 11 93 3
9 19 6 38
2 12 4 41
(748 392)

Arvore 175
8 15 2 21
3 4 9 21
3 21 18 19
6 21 28 16
11 16 12 22
3 18 32 16
2 4 4 26
3 7 52 10
6 14 62 8
1 16 28 20
13 18 73 7
1 2 79 5
0 14 48 16
10 17 18 27
0 20 65 11
10 16 8 31
9 13 10 31
5 13 25 26
8 11 93 3
10 19 41 28
2 12 4 41
(711 405)

Arvore 176
8 15 2 21
3 4 9 21
3 21 18 19
6 21 28 16
11 16 12 22
3 18 32 16
2 4 4 26
3 7 52 10
6 14 62 8
1 16 28 20
13 18 73 7
1 2 79 5
0 14 48 16
10 17 18 27
0 20 65 11
9 13 10 31
5 13 25 26
8 11 93 3
10 18 52 18
9 19 6 38
2 12 4 41
(720 402)

Arvore 177
8 15 2 21
3 4 9 21
3 21 18 19
6 21 28 16
11 16 12 22
3 18 32 16
2 4 4 26
3 7 52 10
6 14 62 8
1 16 28 20
13 18 73 7
0 14 48 16
10 17 18 27
0 20 65 11
10 16 8 31
9 13 10 31
9 17 97 1
5 13 25 26
8 11 93 3
9 19 6 38
2 12 4 41
(694 411)

Arvore 178
8 15 2 21
3 4 9 21
3 21 18 19
6 21 28 16
11 16 12 22
3 18 32 16
2 4 4 26
3 7 52 10
6 14 62 8
1 16 28 20
1 2 79 5
0 14 48 16
10 17 18 27
0 20 65 11
10 16 8 31
9 13 10 31
9 17 97 1
5 13 25 26
8 11 93 3
9 19 6 38
2 12 4 41
(700 409)

Arvore 179
8 15 2 21
3 4 9 21
3 21 18 19
6 21 28 16
11 16 12 22
3 18 32 16
2 4 4 26
3 7 52 10
1 16 28 20
14 18 55 11
13 18 73 7
1 2 79 5
0 14 48 16
10 17 18 27
0 20 65 11
10 16 8 31
9 13 10 31
5 13 25 26
8 11 93 3
10 19 41 28
2 12 4 41
(704 408)

Arvore 180
8 15 2 21
3 4 9 21
3 21 18 19
6 21 28 16
11 16 12 22
3 18 32 16
2 4 4 26
3 7 52 10
1 16 28 20
14 18 55 11
13 18 73 7
0 14 48 16
10 17 18 27
0 20 65 11
10 16 8 31
9 13 10 31
9 17 97 1
5 13 25 26
8 11 93 3
9 19 6 38
2 12 4 41
(687 414)

Arvore 181
8 15 2 21
3 4 9 21
3 21 18 19
6 21 28 16
11 16 12 22
3 18 32 16
2 4 4 26
3 7 52 10
6 14 62 8
1 16 28 20
13 18 73 7
0 14 48 16
10 17 18 27
0 20 65 11
10 16 8 31
9 17 97 1
5 13 25 26
6 11 6 33
8 11 93 3
9 19 6 38
2 12 4 41
(690 413)

Arvore 182
8 15 2 21
3 4 9 21
3 21 18 19
6 21 28 16
11 16 12 22
3 18 32 16
2 4 4 26
3 7 52 10
1 16 28 20
14 18 55 11
1 2 79 5
0 14 48 16
10 17 18 27
0 20 65 11
10 16 8 31
9 13 10 31
9 17 97 1
5 13 25 26
8 11 93 3
9 19 6 38
2 12 4 41
(693 412)

Arvore 183
8 15 2 21
3 4 9 21
3 21 18 19
6 21 28 16
11 16 12 22
2 4 4 26
3 7 52 10
6 14 62 8
1 16 28 20
14 18 55 11
13 18 73 7
1 2 79 5
0 14 48 16
10 17 18 27
0 20 65 11
10 16 8 31
9 13 10 31
5 13 25 26
8 11 93 3
9 19 6 38
2 12 4 41
(699 410)

Arvore 184
8 15 2 21
3 4 9 21
3 21 18 19
6 21 28 16
11 16 12 22
3 18 32 16
2 4 4 26
3 7 52 10
1 16 28 20
14 18 55 11
13 18 73 7
1 2 79 5
0 14 48 16
0 20 65 11
10 16 8 31
9 17 97 1
5 13 25 26
8 11 93 3
9 10 5 34
9 19 6 38
2 12 4 41
(743 395)

Arvore 185
8 15 2 21
3 4 9 21
3 21 18 19
6 21 28 16
11 16 12 22
3 18 32 16
2 4 4 26
3 7 52 10
6 14 62 8
1 16 28 20
13 18 73 7
0 14 48 16
10 17 18 27
0 20 65 11
10 16 8 31
9 17 97 1
5 13 25 26
8 11 93 3
10 18 52 18
9 19 6 38
2 12 4 41
(736 398)

Arvore 186
8 15 2 21
3 4 9 21
3 21 18 19
6 21 28 16
11 16 12 22
3 18 32 16
2 4 4 26
3 7 52 10
6 14 62 8
1 16 28 20
13 18 73 7
0 14 48 16
10 17 18 27
0 20 65 11
10 16 8 31
9 17 97 1
5 13 25 26
8 11 93 3
0 11 35 24
9 19 6 38
2 12 4 41
(719 404)

Arvore 187
8 15 2 21
3 4 9 21
3 21 18 19
6 21 28 16
11 16 12 22
3 18 32 16
2 4 4 26
3 7 52 10
6 14 62 8
1 16 28 20
13 18 73 7
1 2 79 5
0 14 48 16
10 17 18 27
0 20 65 11
9 13 10 31
5 13 25 26
8 11 93 3
10 13 72 13
9 19 6 38
2 12 4 41
(740 397)

Arvore 188
8 15 2 21
3 4 9 21
3 21 18 19
6 21 28 16
11 16 12 22
3 18 32 16
2 4 4 26
3 7 52 10
1 16 28 20
14 18 55 11
13 18 73 7
0 14 48 16
10 17 18 27
0 20 65 11
10 16 8 31
9 17 97 1
5 13 25 26
8 11 93 3
10 18 52 18
9 19 6 38
2 12 4 41
(729 401)

Arvore 189
8 15 2 21
3 4 9 21
3 21 18 19
6 21 28 16
11 16 12 22
3 18 32 16
2 4 4 26
3 7 52 10
6 14 62 8
1 16 28 20
1 2 79 5
0 14 48 16
10 17 18 27
0 20 65 11
10 16 8 31
9 13 10 31
9 17 97 1
5 13 25 26
8 11 93 3
10 19 41 28
2 12 4 41
(735 399)

Arvore 190
8 15 2 21
3 4 9 21
3 21 18 19
6 21 28 16
11 16 12 22
3 18 32 16
2 4 4 26
3 7 52 10
1 16 28 20
14 18 55 11
13 18 73 7
1 2 79 5
0 14 48 16
10 17 18 27
0 20 65 11
9 13 10 31
5 13 25 26
8 11 93 3
10 13 72 13
9 19 6 38
2 12 4 41
(733 400)

Arvore 191
8 15 2 21
3 4 9 21
6 21 28 16
3 21 18 19
3 7 52 10
3 18 32 16
11 16 12 22
6 14 62 8
2 4 4 26
1 16 28 20
1 2 79 5
13 18 73 7
9 17 97 1
0 14 48 16
0 20 65 11
8 11 93 3
10 17 18 27
10 16 8 31
5 13 25 26
10 19 41 28
2 12 4 41
(798 375)

Arvore 192
8 15 2 21
3 4 9 21
6 21 28 16
3 21 18 19
3 7 52 10
3 18 32 16
11 16 12 22
2 4 4 26
14 18 55 11
1 16 28 20
1 2 79 5
13 18 73 7
9 17 97 1
0 14 48 16
0 20 65 11
8 11 93 3
10 17 18 27
10 16 8 31
5 13 25 26
10 19 41 28
2 12 4 41
(791 378)

Arvore 193
8 15 2 21
3 4 9 21
6 21 28 16
3 21 18 19
3 7 52 10
11 16 12 22
6 14 62 8
2 4 4 26
14 18 55 11
1 16 28 20
1 2 79 5
13 18 73 7
9 17 97 1
0 14 48 16
0 20 65 11
8 11 93 3
10 17 18 27
10 16 8 31
5 13 25 26
9 19 6 38
2 12 4 41
(786 380)

Arvore 194
8 15 2 21
3 4 9 21
6 21 28 16
3 21 18 19
3 7 52 10
3 18 32 16
11 16 12 22
6 14 62 8
2 4 4 26
1 16 28 20
1 2 79 5
13 18 73 7
9 17 97 1
0 14 48 16
0 20 65 11
8 11 93 3
10 16 8 31
5 13 25 26
9 13 10 31
10 19 41 28
2 12 4 41
(790 379)

Arvore 195
8 15 2 21
3 4 9 21
6 21 28 16
3 21 18 19
3 7 52 10
3 18 32 16
11 16 12 22
2 4 4 26
14 18 55 11
1 16 28 20
1 2 79 5
13 18 73 7
9 17 97 1
0 14 48 16
0 20 65 11
8 11 93 3
10 16 8 31
5 13 25 26
9 13 10 31
10 19 41 28
2 12 4 41
(783 382)

Arvore 196
8 15 2 21
3 4 9 21
6 21 28 16
3 21 18 19
3 7 52 10
11 16 12 22
6 14 62 8
2 4 4 26
14 18 55 11
1 16 28 20
1 2 79 5
13 18 73 7
9 17 97 1
0 14 48 16
0 20 65 11
8 11 93 3
10 16 8 31
5 13 25 26
9 13 10 31
9 19 6 38
2 12 4 41
(778 384)

Arvore 197
8 15 2 21
3 4 9 21
6 21 28 16
3 21 18 19
3 7 52 10
3 18 32 16
11 16 12 22
6 14 62 8
2 4 4 26
1 2 79 5
13 18 73 7
1 16 28 20
9 17 97 1
0 20 65 11
8 11 93 3
0 14 48 16
10 17 18 27
5 13 25 26
10 13 72 13
9 19 6 38
2 12 4 41
(827 367)

Arvore 198
8 15 2 21
3 4 9 21
6 21 28 16
3 21 18 19
3 7 52 10
3 18 32 16
11 16 12 22
14 18 55 11
2 4 4 26
1 2 79 5
13 18 73 7
1 16 28 20
9 17 97 1
0 20 65 11
8 11 93 3
0 14 48 16
10 17 18 27
10 18 52 18
5 13 25 26
10 19 41 28
2 12 4 41
(835 365)

Arvore 199
8 15 2 21
3 4 9 21
6 21 28 16
3 21 18 19
3 7 52 10
3 18 32 16
11 16 12 22
14 18 55 11
2 4 4 26
1 2 79 5
13 18 73 7
1 16 28 20
9 17 97 1
0 20 65 11
8 11 93 3
0 14 48 16
10 17 18 27
5 13 25 26
10 13 72 13
9 19 6 38
2 12 4 41
(820 370)

Arvore 200
8 15 2 21
3 4 9 21
6 21 28 16
3 21 18 19
3 7 52 10
3 18 32 16
11 16 12 22
6 14 62 8
2 4 4 26
1 2 79 5
13 18 73 7
1 16 28 20
9 17 97 1
0 20 65 11
8 11 93 3
0 14 48 16
10 18 52 18
5 13 25 26
9 13 10 31
10 19 41 28
2 12 4 41
(834 366)

Arvore 201
8 15 2 21
3 4 9 21
6 21 28 16
3 21 18 19
3 7 52 10
3 18 32 16
11 16 12 22
6 14 62 8
2 4 4 26
1 2 79 5
13 18 73 7
1 16 28 20
9 17 97 1
0 20 65 11
8 11 93 3
0 14 48 16
10 17 18 27
5 13 25 26
10 16 8 31
9 19 6 38
10 12 66 25
(825 369)

Arvore 202
8 15 2 21
3 4 9 21
6 21 28 16
3 21 18 19
3 7 52 10
3 18 32 16
11 16 12 22
6 14 62 8
2 4 4 26
1 2 79 5
13 18 73 7
1 16 28 20
9 17 97 1
0 20 65 11
8 11 93 3
0 14 48 16
5 13 25 26
10 13 72 13
9 13 10 31
9 19 6 38
2 12 4 41
(819 371)

Arvore 203
8 15 2 21
6 21 28 16
3 4 9 21
3 7 52 10
3 21 18 19
6 14 62 8
3 18 32 16
11 16 12 22
1 2 79 5
13 18 73 7
9 17 97 1
8 11 93 3
2 4 4 26
1 16 28 20
0 20 65 11
0 14 48 16
10 13 72 13
10 17 18 27
5 13 25 26
10 19 41 28
2 12 4 41
(862 357)

Arvore 204
8 15 2 21
6 21 28 16
3 4 9 21
3 7 52 10
3 21 18 19
6 14 62 8
3 18 32 16
11 16 12 22
1 2 79 5
13 18 73 7
9 17 97 1
8 11 93 3
2 4 4 26
1 16 28 20
0 20 65 11
0 14 48 16
10 18 52 18
10 17 18 27
5 13 25 26
9 19 6 38
10 12 66 25
(869 356)

Arvore 205
8 15 2 21
6 21 28 16
3 4 9 21
3 7 52 10
3 21 18 19
6 14 62 8
11 16 12 22
14 18 55 11
1 2 79 5
13 18 73 7
9 17 97 1
8 11 93 3
2 4 4 26
1 16 28 20
0 20 65 11
0 14 48 16
10 13 72 13
10 17 18 27
5 13 25 26
10 19 41 28
2 12 4 41
(885 352)

Arvore 206
8 15 2 21
6 21 28 16
3 4 9 21
3 7 52 10
3 21 18 19
6 14 62 8
3 18 32 16
11 16 12 22
1 2 79 5
13 18 73 7
9 17 97 1
8 11 93 3
2 4 4 26
1 16 28 20
0 20 65 11
0 14 48 16
10 13 72 13
10 17 18 27
5 13 25 26
9 19 6 38
10 12 66 25
(889 351)

Arvore 207
8 15 2 21
6 21 28 16
3 4 9 21
3 7 52 10
3 21 18 19
3 18 32 16
11 16 12 22
14 18 55 11
1 2 79 5
13 18 73 7
9 17 97 1
8 11 93 3
2 4 4 26
1 16 28 20
0 20 65 11
0 14 48 16
10 18 52 18
10 17 18 27
5 13 25 26
10 19 41 28
10 12 66 25
(897 349)

Arvore 208
8 15 2 21
6 21 28 16
3 4 9 21
3 7 52 10
3 21 18 19
6 14 62 8
11 16 12 22
1 2 79 5
7 18 91 2
13 18 73 7
9 17 97 1
8 11 93 3
2 4 4 26
1 16 28 20
0 20 65 11
0 14 48 16
10 18 52 18
10 17 18 27
5 13 25 26
10 19 41 28
2 12 4 41
(901 348)

Arvore 209
8 15 2 21
6 21 28 16
3 4 9 21
3 7 52 10
3 21 18 19
3 18 32 16
11 16 12 22
14 18 55 11
1 2 79 5
13 18 73 7
9 17 97 1
8 11 93 3
2 4 4 26
1 16 28 20
0 20 65 11
0 14 48 16
10 13 72 13
10 17 18 27
5 13 25 26
10 19 41 28
2 12 4 41
(855 360)

Arvore 210
8 15 2 21
6 21 28 16
3 4 9 21
3 7 52 10
6 14 62 8
3 18 32 16
11 16 12 22
14 18 55 11
1 2 79 5
13 18 73 7
9 17 97 1
8 11 93 3
2 4 4 26
1 16 28 20
0 20 65 11
0 14 48 16
10 18 52 18
10 17 18 27
5 13 25 26
10 19 41 28
2 12 4 41
(879 354)

Arvore 211
8 15 2 21
6 21 28 16
3 4 9 21
3 7 52 10
3 21 18 19
6 14 62 8
3 18 32 16
11 16 12 22
1 2 79 5
13 18 73 7
9 17 97 1
8 11 93 3
2 4 4 26
1 16 28 20
0 20 65 11
0 14 48 16
10 17 18 27
5 13 25 26
10 16 8 31
10 19 41 28
10 12 66 25
(860 359)

Arvore 212
8 15 2 21
6 21 28 16
3 4 9 21
3 7 52 10
3 21 18 19
6 14 62 8
3 18 32 16
11 16 12 22
1 2 79 5
13 18 73 7
9 17 97 1
8 11 93 3
2 4 4 26
1 16 28 20
0 20 65 11
0 14 48 16
10 18 52 18
5 13 25 26
9 13 10 31
10 19 41 28
10 12 66 25
(896 350)

Arvore 213
8 15 2 21
6 21 28 16
3 4 9 21
3 7 52 10
3 21 18 19
6 14 62 8
3 18 32 16
11 16 12 22
1 2 79 5
13 18 73 7
9 17 97 1
8 11 93 3
2 4 4 26
1 16 28 20
0 20 65 11
0 14 48 16
10 13 72 13
5 13 25 26
9 13 10 31
10 19 41 28
2 12 4 41
(854 361)

Arvore 214
8 15 2 21
6 21 28 16
3 7 52 10
3 4 9 21
3 21 18 19
6 14 62 8
1 2 79 5
7 18 91 2
11 16 12 22
13 18 73 7
9 17 97 1
8 11 93 3
2 4 4 26
1 16 28 20
0 20 65 11
0 14 48 16
10 13 72 13
10 17 18 27
5 13 25 26
10 19 41 28
2 12 4 41
(921 343)

Arvore 215
8 15 2 21
6 21 28 16
3 7 52 10
3 4 9 21
3 21 18 19
3 18 32 16
14 18 55 11
1 2 79 5
11 16 12 22
13 18 73 7
9 17 97 1
8 11 93 3
2 4 4 26
1 16 28 20
0 20 65 11
0 14 48 16
10 13 72 13
10 17 18 27
5 13 25 26
10 19 41 28
10 12 66 25
(917 344)

Arvore 216
8 15 2 21
6 21 28 16
3 7 52 10
3 4 9 21
3 21 18 19
6 14 62 8
3 18 32 16
1 2 79 5
11 16 12 22
13 18 73 7
9 17 97 1
8 11 93 3
2 4 4 26
1 16 28 20
0 20 65 11
0 14 48 16
10 13 72 13
5 13 25 26
9 13 10 31
10 19 41 28
10 12 66 25
(916 345)

Arvore 217
8 15 2 21
3 7 52 10
6 21 28 16
6 14 62 8
3 4 9 21
3 21 18 19
7 18 91 2
1 2 79 5
9 17 97 1
13 18 73 7
11 16 12 22
8 11 93 3
0 20 65 11
1 16 28 20
2 4 4 26
0 14 48 16
10 18 52 18
10 17 18 27
5 13 25 26
10 19 41 28
10 12 66 25
(963 332)

Arvore 218
8 15 2 21
3 7 52 10
6 21 28 16
6 14 62 8
3 4 9 21
3 21 18 19
1 2 79 5
9 17 97 1
14 18 55 11
13 18 73 7
11 16 12 22
8 11 93 3
0 20 65 11
1 16 28 20
2 4 4 26
0 14 48 16
10 13 72 13
10 17 18 27
5 13 25 26
10 19 41 28
10 12 66 25
(947 336)

Arvore 219
8 15 2 21
3 7 52 10
6 21 28 16
6 14 62 8
3 4 9 21
3 18 32 16
1 2 79 5
9 17 97 1
14 18 55 11
13 18 73 7
11 16 12 22
8 11 93 3
0 20 65 11
1 16 28 20
2 4 4 26
0 14 48 16
10 13 72 13
10 17 18 27
5 13 25 26
10 19 41 28
10 12 66 25
(961 333)

Arvore 220
8 15 2 21
3 7 52 10
6 21 28 16
6 14 62 8
3 4 9 21
3 18 32 16
1 2 79 5
9 17 97 1
14 18 55 11
13 18 73 7
11 16 12 22
8 11 93 3
0 20 65 11
1 16 28 20
2 4 4 26
0 14 48 16
10 18 52 18
10 17 18 27
5 13 25 26
10 19 41 28
10 12 66 25
(941 338)

Arvore 221
8 15 2 21
3 7 52 10
6 21 28 16
3 4 9 21
3 21 18 19
7 18 91 2
1 2 79 5
9 17 97 1
14 18 55 11
13 18 73 7
11 16 12 22
8 11 93 3
0 20 65 11
1 16 28 20
2 4 4 26
0 14 48 16
10 13 72 13
10 17 18 27
5 13 25 26
10 19 41 28
10 12 66 25
(976 330)

Arvore 222
8 15 2 21
3 7 52 10
6 21 28 16
3 4 9 21
3 21 18 19
7 18 91 2
1 2 79 5
9 17 97 1
14 18 55 11
13 18 73 7
11 16 12 22
8 11 93 3
0 20 65 11
1 16 28 20
2 4 4 26
0 14 48 16
10 18 52 18
10 17 18 27
5 13 25 26
10 19 41 28
10 12 66 25
(956 335)

Arvore 223
8 15 2 21
3 7 52 10
6 21 28 16
6 14 62 8
3 4 9 21
3 21 18 19
7 18 91 2
1 2 79 5
9 17 97 1
13 18 73 7
11 16 12 22
8 11 93 3
0 20 65 11
1 16 28 20
2 4 4 26
0 14 48 16
10 13 72 13
5 13 25 26
9 13 10 31
10 19 41 28
10 12 66 25
(975 331)

Arvore 224
8 15 2 21
3 7 52 10
6 21 28 16
6 14 62 8
3 4 9 21
7 18 91 2
1 2 79 5
9 17 97 1
14 18 55 11
13 18 73 7
11 16 12 22
8 11 93 3
0 20 65 11
1 16 28 20
2 4 4 26
0 14 48 16
10 18 52 18
10 17 18 27
5 13 25 26
10 19 41 28
2 12 4 41
(938 340)

Arvore 225
3 7 52 10
6 14 62 8
8 15 2 21
7 18 91 2
9 17 97 1
6 21 28 16
1 2 79 5
13 18 73 7
14 18 55 11
3 4 9 21
8 11 93 3
11 16 12 22
0 20 65 11
1 16 28 20
0 14 48 16
2 4 4 26
10 18 52 18
10 17 18 27
5 13 25 26
10 19 41 28
10 12 66 25
(1000 324)

Arvore 226
3 7 52 10
6 14 62 8
8 15 2 21
7 18 91 2
9 17 97 1
1 2 79 5
13 18 73 7
3 21 18 19
14 18 55 11
3 4 9 21
8 11 93 3
11 16 12 22
0 20 65 11
1 16 28 20
0 14 48 16
2 4 4 26
10 13 72 13
10 17 18 27
5 13 25 26
10 19 41 28
10 12 66 25
(1010 322)

Arvore 227
3 7 52 10
6 14 62 8
8 15 2 21
9 17 97 1
6 21 28 16
1 2 79 5
13 18 73 7
3 21 18 19
3 18 32 16
3 4 9 21
8 11 93 3
11 16 12 22
0 20 65 11
1 16 28 20
0 14 48 16
7 16 99 6
10 13 72 13
10 17 18 27
5 13 25 26
10 19 41 28
10 12 66 25
(1019 321)

Arvore 228
3 7 52 10
6 14 62 8
8 15 2 21
9 17 97 1
6 21 28 16
1 2 79 5
13 18 73 7
3 21 18 19
3 18 32 16
3 4 9 21
8 11 93 3
11 16 12 22
0 20 65 11
1 16 28 20
0 14 48 16
7 16 99 6
10 18 52 18
10 17 18 27
5 13 25 26
10 19 41 28
10 12 66 25
(999 326)

Arvore 229
3 7 52 10
6 14 62 8
7 18 91 2
8 15 2 21
9 17 97 1
1 2 79 5
6 21 28 16
13 18 73 7
8 11 93 3
3 21 18 19
3 4 9 21
11 16 12 22
0 20 65 11
1 16 28 20
0 14 48 16
7 16 99 6
10 13 72 13
10 17 18 27
5 13 25 26
10 19 41 28
10 12 66 25
(1078 307)

Arvore 230
3 7 52 10
6 14 62 8
7 18 91 2
8 15 2 21
9 17 97 1
1 2 79 5
6 21 28 16
13 18 73 7
14 18 55 11
8 11 93 3
3 4 9 21
11 16 12 22
0 20 65 11
1 16 28 20
0 14 48 16
7 16 99 6
10 18 52 18
10 17 18 27
5 13 25 26
10 19 41 28
10 12 66 25
(1095 304)

Arvore 231
3 7 52 10
6 14 62 8
7 18 91 2
8 15 2 21
9 17 97 1
1 2 79 5
13 18 73 7
14 18 55 11
8 11 93 3
3 21 18 19
3 4 9 21
11 16 12 22
0 20 65 11
1 16 28 20
0 14 48 16
7 16 99 6
10 13 72 13
10 17 18 27
5 13 25 26
10 19 41 28
10 12 66 25
(1105 302)

Arvore 232
3 7 52 10
6 14 62 8
7 18 91 2
8 15 2 21
9 17 97 1
1 2 79 5
6 21 28 16
13 18 73 7
14 18 55 11
8 11 93 3
3 4 9 21
11 16 12 22
0 20 65 11
0 14 48 16
2 4 4 26
7 16 99 6
10 13 72 13
10 17 18 27
5 13 25 26
10 19 41 28
10 12 66 25
(1091 305)

Arvore 233
3 7 52 10
6 14 62 8
7 18 91 2
8 15 2 21
9 17 97 1
1 2 79 5
6 21 28 16
13 18 73 7
8 11 93 3
3 21 18 19
3 4 9 21
11 16 12 22
0 20 65 11
1 16 28 20
0 14 48 16
7 16 99 6
10 18 52 18
10 17 18 27
5 13 25 26
10 19 41 28
10 12 66 25
(1058 312)

Arvore 234
3 7 52 10
6 14 62 8
7 18 91 2
8 15 2 21
9 17 97 1
1 2 79 5
6 21 28 16
13 18 73 7
8 11 93 3
3 21 18 19
3 4 9 21
11 16 12 22
0 20 65 11
0 14 48 16
2 4 4 26
7 16 99 6
10 13 72 13
10 17 18 27
5 13 25 26
10 19 41 28
10 12 66 25
(1054 313)

Arvore 235
3 7 52 10
6 14 62 8
8 15 2 21
9 17 97 1
1 2 79 5
6 21 28 16
13 18 73 7
14 18 55 11
8 11 93 3
3 21 18 19
3 4 9 21
11 16 12 22
0 20 65 11
1 16 28 20
0 14 48 16
7 16 99 6
10 13 72 13
10 17 18 27
5 13 25 26
10 19 41 28
10 12 66 25
(1042 316)

Arvore 236
3 7 52 10
6 14 62 8
7 18 91 2
8 15 2 21
9 17 97 1
1 2 79 5
6 21 28 16
13 18 73 7
14 18 55 11
8 11 93 3
3 4 9 21
11 16 12 22
0 20 65 11
0 14 48 16
2 4 4 26
7 16 99 6
10 18 52 18
10 17 18 27
5 13 25 26
10 19 41 28
10 12 66 25
(1071 310)

Arvore 237
3 7 52 10
6 14 62 8
7 18 91 2
8 15 2 21
9 17 97 1
1 2 79 5
6 21 28 16
13 18 73 7
8 11 93 3
3 21 18 19
3 4 9 21
11 16 12 22
0 20 65 11
0 14 48 16
2 4 4 26
7 16 99 6
10 18 52 18
10 17 18 27
5 13 25 26
10 19 41 28
10 12 66 25
(1034 318)

Arvore 238
3 7 52 10
7 18 91 2
8 15 2 21
9 17 97 1
1 2 79 5
6 21 28 16
13 18 73 7
14 18 55 11
8 11 93 3
3 21 18 19
3 4 9 21
11 16 12 22
0 20 65 11
1 16 28 20
0 14 48 16
7 16 99 6
10 18 52 18
10 17 18 27
5 13 25 26
10 19 41 28
10 12 66 25
(1051 315)

Arvore 239
3 7 52 10
6 14 62 8
7 18 91 2
8 15 2 21
9 17 97 1
1 2 79 5
6 21 28 16
13 18 73 7
8 11 93 3
3 21 18 19
3 4 9 21
11 16 12 22
0 20 65 11
1 16 28 20
0 14 48 16
7 16 99 6
10 13 72 13
5 13 25 26
9 13 10 31
10 19 41 28
10 12 66 25
(1070 311)

Arvore 240
9 17 97 1
7 18 91 2
1 2 79 5
8 11 93 3
6 14 62 8
3 7 52 10
13 18 73 7
14 18 55 11
6 21 28 16
0 20 65 11
7 16 99 6
8 15 2 21
3 4 9 21
11 16 12 22
0 8 85 11
10 13 72 13
1 16 28 20
10 17 18 27
5 13 25 26
10 19 41 28
10 12 66 25
(1152 294)

Arvore 241
9 17 97 1
7 18 91 2
1 2 79 5
8 11 93 3
6 14 62 8
3 7 52 10
13 18 73 7
14 18 55 11
6 21 28 16
0 20 65 11
7 16 99 6
8 15 2 21
3 4 9 21
0 14 48 16
11 16 12 22
10 13 72 13
1 16 28 20
10 17 18 27
5 8 76 19
10 19 41 28
10 12 66 25
(1166 292)

Arvore 242
9 17 97 1
7 18 91 2
1 2 79 5
8 11 93 3
6 14 62 8
3 7 52 10
13 18 73 7
14 18 55 11
0 20 65 11
7 16 99 6
8 15 2 21
3 21 18 19
3 4 9 21
0 14 48 16
0 8 85 11
10 13 72 13
1 16 28 20
10 17 18 27
5 13 25 26
10 19 41 28
10 12 66 25
(1178 291)

Arvore 243
9 17 97 1
7 18 91 2
1 2 79 5
8 11 93 3
6 14 62 8
3 7 52 10
13 18 73 7
14 18 55 11
0 20 65 11
7 16 99 6
8 15 2 21
3 21 18 19
3 4 9 21
11 16 12 22
0 8 85 11
10 13 72 13
1 16 28 20
10 17 18 27
5 13 25 26
10 19 41 28
10 12 66 25
(1142 297)

Arvore 244
9 17 97 1
7 18 91 2
1 2 79 5
8 11 93 3
6 14 62 8
3 7 52 10
13 18 73 7
6 21 28 16
0 20 65 11
7 16 99 6
8 15 2 21
3 21 18 19
3 4 9 21
0 14 48 16
0 8 85 11
10 13 72 13
1 16 28 20
10 17 18 27
5 13 25 26
10 19 41 28
10 12 66 25
(1151 296)

Arvore 245
9 17 97 1
7 18 91 2
8 11 93 3
1 2 79 5
6 14 62 8
13 18 73 7
3 7 52 10
14 18 55 11
7 16 99 6
6 21 28 16
0 20 65 11
8 15 2 21
3 4 9 21
0 8 85 11
10 13 72 13
11 16 12 22
1 16 28 20
5 8 76 19
10 17 18 27
10 19 41 28
10 12 66 25
(1203 287)

Arvore 246
9 17 97 1
7 18 91 2
8 11 93 3
1 2 79 5
6 14 62 8
13 18 73 7
3 7 52 10
14 18 55 11
7 16 99 6
0 20 65 11
8 15 2 21
3 21 18 19
3 4 9 21
0 14 48 16
0 8 85 11
10 13 72 13
1 16 28 20
5 8 76 19
10 17 18 27
10 19 41 28
10 12 66 25
(1229 284)

Arvore 247
9 17 97 1
7 18 91 2
8 11 93 3
1 2 79 5
6 14 62 8
13 18 73 7
3 7 52 10
14 18 55 11
7 16 99 6
6 21 28 16
0 20 65 11
8 15 2 21
3 4 9 21
0 14 48 16
0 8 85 11
1 16 28 20
10 18 52 18
5 8 76 19
10 17 18 27
10 19 41 28
10 12 66 25
(1219 286)

Arvore 248
9 17 97 1
7 18 91 2
8 11 93 3
1 2 79 5
6 14 62 8
13 18 73 7
3 7 52 10
7 16 99 6
14 18 55 11
0 20 65 11
6 21 28 16
0 8 85 11
10 13 72 13
0 14 48 16
8 15 2 21
3 4 9 21
1 16 28 20
5 8 76 19
10 17 18 27
10 12 66 25
18 19 96 23
(1294 276)

Arvore 249
9 17 97 1
7 18 91 2
8 11 93 3
1 2 79 5
6 14 62 8
13 18 73 7
3 7 52 10
7 16 99 6
14 18 55 11
0 20 65 11
6 21 28 16
0 8 85 11
10 13 72 13
8 15 2 21
3 4 9 21
4 11 84 14
1 16 28 20
5 8 76 19
10 17 18 27
10 12 66 25
10 19 41 28
(1275 279)

Arvore 250
9 17 97 1
7 18 91 2
8 11 93 3
1 2 79 5
6 14 62 8
13 18 73 7
3 7 52 10
7 16 99 6
14 18 55 11
0 20 65 11
6 21 28 16
0 8 85 11
10 13 72 13
0 14 48 16
8 15 2 21
3 4 9 21
1 16 28 20
5 8 76 19
4 17 79 23
10 12 66 25
18 19 96 23
(1355 272)

Arvore 251
9 17 97 1
7 18 91 2
8 11 93 3
1 2 79 5
13 18 73 7
6 14 62 8
7 16 99 6
3 7 52 10
14 18 55 11
0 20 65 11
0 8 85 11
6 21 28 16
10 13 72 13
0 14 48 16
4 11 84 14
8 15 2 21
1 16 28 20
5 8 76 19
4 17 79 23
10 12 66 25
18 19 96 23
(1430 265)

Arvore 252
9 17 97 1
7 18 91 2
8 11 93 3
1 2 79 5
13 18 73 7
6 14 62 8
7 16 99 6
3 7 52 10
14 18 55 11
0 20 65 11
0 8 85 11
6 21 28 16
10 13 72 13
0 14 48 16
4 11 84 14
8 15 2 21
1 16 28 20
5 8 76 19
9 15 99 21
10 12 66 25
10 19 41 28
(1395 268)

Arvore 253
9 17 97 1
7 18 91 2
8 11 93 3
1 2 79 5
13 18 73 7
6 14 62 8
7 16 99 6
3 7 52 10
14 18 55 11
0 20 65 11
0 8 85 11
6 21 28 16
10 13 72 13
4 11 84 14
8 15 2 21
0 13 100 14
1 16 28 20
5 8 76 19
10 17 18 27
10 12 66 25
18 19 96 23
(1421 267)

