Fim da primeira fase ... 
0
Fim da segunda fase ... 
612
6.12
Total: 6.12
Suportadas = 39
Nao suportadas = 206
TOTAL DE SOLUCOES = 245

SUPORTADAS: 

Arvore 1
10 17 1 24
2 8 1 37
5 15 1 81
5 24 1 97
9 18 2 24
5 9 2 30
6 24 2 51
3 19 2 70
9 11 2 72
10 21 2 88
6 16 3 63
15 22 4 33
2 7 4 49
1 11 4 51
5 21 4 64
6 13 4 84
4 21 5 32
0 23 5 78
20 21 5 79
1 19 6 57
0 21 6 59
2 4 7 53
7 14 15 66
9 12 18 79
(106 1421)

Arvore 2
10 17 1 24
2 8 1 37
9 18 2 24
5 9 2 30
6 24 2 51
5 15 1 81
3 19 2 70
9 11 2 72
15 22 4 33
5 24 1 97
6 16 3 63
10 21 2 88
2 7 4 49
1 11 4 51
4 21 5 32
5 21 4 64
6 13 4 84
1 19 6 57
0 23 5 78
20 21 5 79
0 21 6 59
2 4 7 53
7 14 15 66
10 12 19 51
(107 1393)

Arvore 3
10 17 1 24
2 8 1 37
9 18 2 24
5 9 2 30
6 24 2 51
5 15 1 81
15 22 4 33
3 19 2 70
9 11 2 72
6 16 3 63
4 21 5 32
5 24 1 97
2 7 4 49
1 11 4 51
10 21 2 88
10 15 6 30
6 13 4 84
1 19 6 57
0 21 6 59
0 23 5 78
20 21 5 79
2 4 7 53
7 14 15 66
10 12 19 51
(109 1359)

Arvore 4
10 17 1 24
2 8 1 37
9 18 2 24
5 9 2 30
6 24 2 51
15 22 4 33
5 15 1 81
3 19 2 70
5 11 4 43
4 21 5 32
2 7 4 49
6 16 3 63
1 11 4 51
5 24 1 97
10 15 6 30
10 21 2 88
6 13 4 84
1 19 6 57
0 21 6 59
0 23 5 78
20 21 5 79
2 4 7 53
7 14 15 66
10 12 19 51
(111 1330)

Arvore 5
10 17 1 24
9 18 2 24
2 8 1 37
5 9 2 30
6 24 2 51
15 22 4 33
5 11 4 43
4 21 5 32
5 15 1 81
3 19 2 70
2 7 4 49
6 16 3 63
1 11 4 51
10 15 6 30
5 24 1 97
4 18 5 49
1 19 6 57
0 21 6 59
6 13 4 84
2 4 7 53
0 23 5 78
20 21 5 79
7 14 15 66
10 12 19 51
(114 1291)

Arvore 6
10 17 1 24
9 18 2 24
2 8 1 37
5 9 2 30
6 24 2 51
15 22 4 33
4 21 5 32
5 11 4 43
2 7 4 49
10 15 6 30
3 19 2 70
1 11 4 51
5 15 1 81
6 16 3 63
4 18 5 49
5 24 1 97
1 19 6 57
0 21 6 59
2 17 10 23
6 13 4 84
1 23 10 28
20 21 5 79
7 14 15 66
10 12 19 51
(122 1211)

Arvore 7
10 17 1 24
9 18 2 24
5 9 2 30
2 8 1 37
15 22 4 33
6 24 2 51
4 21 5 32
5 11 4 43
10 15 6 30
2 7 4 49
1 11 4 51
4 18 5 49
6 16 3 63
3 19 2 70
5 15 1 81
2 17 10 23
1 23 10 28
1 19 6 57
0 21 6 59
6 20 10 34
5 24 1 97
6 13 4 84
7 14 15 66
10 12 19 51
(127 1166)

Arvore 8
10 17 1 24
9 18 2 24
5 9 2 30
2 8 1 37
15 22 4 33
4 21 5 32
10 15 6 30
6 24 2 51
5 11 4 43
2 7 4 49
1 11 4 51
4 18 5 49
2 17 10 23
6 16 3 63
1 23 10 28
3 19 2 70
6 20 10 34
5 15 1 81
1 19 6 57
0 21 6 59
5 24 1 97
13 22 13 36
7 14 15 66
10 12 19 51
(136 1118)

Arvore 9
10 17 1 24
9 18 2 24
5 9 2 30
2 8 1 37
15 22 4 33
4 21 5 32
10 15 6 30
6 24 2 51
5 11 4 43
2 7 4 49
1 11 4 51
2 17 10 23
4 18 5 49
6 16 3 63
1 23 10 28
3 19 2 70
6 20 10 34
4 17 12 24
1 19 6 57
0 21 6 59
5 24 1 97
13 22 13 36
7 14 15 66
10 12 19 51
(147 1061)

Arvore 10
10 17 1 24
9 18 2 24
5 9 2 30
2 8 1 37
15 22 4 33
4 21 5 32
10 15 6 30
6 24 2 51
5 11 4 43
2 7 4 49
2 17 10 23
1 11 4 51
4 18 5 49
1 23 10 28
6 16 3 63
4 17 12 24
3 19 2 70
6 20 10 34
1 19 6 57
0 21 6 59
13 22 13 36
6 10 11 46
7 14 15 66
10 12 19 51
(157 1010)

Arvore 11
10 17 1 24
9 18 2 24
5 9 2 30
2 8 1 37
15 22 4 33
4 21 5 32
10 15 6 30
5 11 4 43
6 24 2 51
2 17 10 23
2 7 4 49
1 23 10 28
1 11 4 51
4 18 5 49
4 17 12 24
6 20 10 34
6 16 3 63
3 19 2 70
1 19 6 57
0 21 6 59
13 22 13 36
6 10 11 46
8 14 28 17
10 12 19 51
(170 961)

Arvore 12
10 17 1 24
9 18 2 24
5 9 2 30
2 8 1 37
15 22 4 33
4 21 5 32
10 15 6 30
5 11 4 43
2 17 10 23
6 24 2 51
1 23 10 28
2 7 4 49
1 11 4 51
4 17 12 24
4 18 5 49
6 20 10 34
6 16 3 63
3 21 16 20
3 19 2 70
0 21 6 59
13 22 13 36
6 10 11 46
8 14 28 17
10 12 19 51
(180 924)

Arvore 13
10 17 1 24
9 18 2 24
5 9 2 30
2 8 1 37
15 22 4 33
4 21 5 32
10 15 6 30
2 17 10 23
5 11 4 43
1 23 10 28
4 17 12 24
6 24 2 51
2 7 4 49
6 20 10 34
1 11 4 51
4 18 5 49
3 21 16 20
13 22 13 36
6 16 3 63
1 19 6 57
0 21 6 59
6 10 11 46
8 14 28 17
10 12 19 51
(184 911)

Arvore 14
10 17 1 24
9 18 2 24
5 9 2 30
2 8 1 37
15 22 4 33
4 21 5 32
10 15 6 30
2 17 10 23
1 23 10 28
4 17 12 24
5 11 4 43
3 21 16 20
6 24 2 51
6 20 10 34
2 5 18 17
2 7 4 49
1 11 4 51
13 22 13 36
6 16 3 63
6 10 11 46
1 19 6 57
0 21 6 59
8 14 28 17
10 12 19 51
(197 879)

Arvore 15
10 17 1 24
9 18 2 24
5 9 2 30
2 8 1 37
15 22 4 33
4 21 5 32
10 15 6 30
2 17 10 23
1 23 10 28
4 17 12 24
5 11 4 43
3 21 16 20
2 5 18 17
6 20 10 34
6 24 2 51
2 7 4 49
1 11 4 51
13 22 13 36
6 10 11 46
6 16 3 63
1 19 6 57
0 21 6 59
8 14 28 17
12 16 33 21
(211 849)

Arvore 16
10 17 1 24
9 18 2 24
5 9 2 30
2 8 1 37
15 22 4 33
10 15 6 30
4 21 5 32
2 17 10 23
4 17 12 24
1 23 10 28
5 11 4 43
3 21 16 20
2 5 18 17
6 20 10 34
6 24 2 51
2 7 4 49
1 11 4 51
13 22 13 36
6 10 11 46
1 19 6 57
6 16 3 63
0 18 28 15
8 14 28 17
12 16 33 21
(233 805)

Arvore 17
10 17 1 24
9 18 2 24
5 9 2 30
2 8 1 37
15 22 4 33
2 17 10 23
10 15 6 30
4 21 5 32
4 17 12 24
1 23 10 28
3 21 16 20
2 5 18 17
5 11 4 43
6 20 10 34
6 24 2 51
2 7 4 49
1 11 4 51
13 22 13 36
0 18 28 15
7 24 19 32
8 14 28 17
1 19 6 57
6 16 3 63
12 16 33 21
(241 791)

Arvore 18
10 17 1 24
9 18 2 24
5 9 2 30
2 17 10 23
2 8 1 37
15 22 4 33
10 15 6 30
4 21 5 32
4 17 12 24
1 23 10 28
3 21 16 20
2 5 18 17
5 11 4 43
6 20 10 34
6 24 2 51
2 7 4 49
13 22 13 36
1 11 4 51
0 18 28 15
8 14 28 17
7 24 19 32
16 20 23 30
1 19 6 57
12 16 33 21
(261 758)

Arvore 19
10 17 1 24
9 18 2 24
5 9 2 30
2 17 10 23
10 15 6 30
15 22 4 33
2 8 1 37
4 21 5 32
4 17 12 24
2 5 18 17
3 21 16 20
1 23 10 28
6 20 10 34
5 11 4 43
0 18 28 15
13 22 13 36
8 14 28 17
6 24 2 51
2 7 4 49
1 11 4 51
7 24 19 32
16 20 23 30
19 24 36 15
12 16 33 21
(291 716)

Arvore 20
10 17 1 24
9 18 2 24
5 9 2 30
2 17 10 23
2 5 18 17
3 21 16 20
4 17 12 24
10 15 6 30
4 21 5 32
15 22 4 33
1 23 10 28
2 8 1 37
0 18 28 15
8 14 28 17
6 20 10 34
5 11 4 43
13 22 13 36
19 24 36 15
7 24 19 32
16 20 23 30
12 16 33 21
2 7 4 49
9 16 27 28
1 11 4 51
(316 693)

Arvore 21
10 17 1 24
9 18 2 24
2 17 10 23
5 9 2 30
2 5 18 17
3 21 16 20
4 17 12 24
10 15 6 30
4 21 5 32
15 22 4 33
1 23 10 28
2 8 1 37
0 18 28 15
8 14 28 17
6 20 10 34
11 15 27 22
19 24 36 15
13 22 13 36
7 24 19 32
12 16 33 21
16 20 23 30
9 16 27 28
2 7 4 49
1 11 4 51
(339 672)

Arvore 22
10 17 1 24
9 18 2 24
2 17 10 23
2 5 18 17
5 9 2 30
3 21 16 20
4 17 12 24
10 15 6 30
1 23 10 28
4 21 5 32
15 22 4 33
0 18 28 15
2 8 1 37
8 14 28 17
6 20 10 34
19 24 36 15
11 15 27 22
13 22 13 36
12 16 33 21
7 24 19 32
16 20 23 30
9 16 27 28
1 22 49 14
2 7 4 49
(384 635)

Arvore 23
10 17 1 24
9 18 2 24
2 5 18 17
2 17 10 23
3 21 16 20
0 18 28 15
4 17 12 24
5 9 2 30
8 14 28 17
10 15 6 30
1 23 10 28
19 24 36 15
4 21 5 32
15 22 4 33
11 15 27 22
2 8 1 37
12 16 33 21
6 20 10 34
1 22 49 14
7 24 19 32
16 20 23 30
9 16 27 28
13 22 13 36
7 8 62 10
(442 596)

Arvore 24
2 5 18 17
10 17 1 24
9 18 2 24
0 18 28 15
3 21 16 20
2 17 10 23
8 14 28 17
4 17 12 24
19 24 36 15
5 9 2 30
1 23 10 28
10 15 6 30
11 15 27 22
1 22 49 14
4 21 5 32
12 16 33 21
15 22 4 33
7 8 62 10
2 8 1 37
6 20 10 34
9 16 27 28
18 20 82 6
7 24 19 32
13 22 13 36
(501 572)

Arvore 25
2 5 18 17
10 17 1 24
9 18 2 24
0 18 28 15
3 21 16 20
2 17 10 23
8 14 28 17
19 24 36 15
4 17 12 24
5 9 2 30
1 23 10 28
11 15 27 22
10 15 6 30
1 22 49 14
7 8 62 10
12 16 33 21
4 21 5 32
18 22 24 25
18 20 82 6
2 8 1 37
6 20 10 34
9 16 27 28
7 24 19 32
13 22 13 36
(521 564)

Arvore 26
2 5 18 17
10 17 1 24
0 18 28 15
9 18 2 24
3 21 16 20
2 17 10 23
8 14 28 17
19 24 36 15
4 17 12 24
5 9 2 30
1 22 49 14
7 8 62 10
11 15 27 22
1 23 10 28
10 15 6 30
12 16 33 21
18 22 24 25
4 21 5 32
18 20 82 6
9 16 27 28
2 8 1 37
1 6 45 22
7 24 19 32
13 22 13 36
(556 552)

Arvore 27
2 5 18 17
0 18 28 15
10 17 1 24
9 18 2 24
3 21 16 20
8 14 28 17
19 24 36 15
2 17 10 23
4 17 12 24
7 8 62 10
1 22 49 14
11 15 27 22
18 20 82 6
5 9 2 30
12 16 33 21
1 23 10 28
15 21 52 16
10 15 6 30
18 22 24 25
1 6 45 22
9 16 27 28
2 8 1 37
7 24 19 32
13 22 13 36
(603 536)

Arvore 28
2 5 18 17
0 18 28 15
10 17 1 24
3 21 16 20
9 18 2 24
8 14 28 17
19 24 36 15
2 17 10 23
4 17 12 24
7 8 62 10
1 22 49 14
18 20 82 6
11 15 27 22
0 2 36 20
12 16 33 21
15 21 52 16
1 23 10 28
10 15 6 30
18 22 24 25
1 6 45 22
9 16 27 28
2 8 1 37
7 24 19 32
13 22 13 36
(637 526)

Arvore 29
2 5 18 17
0 18 28 15
10 17 1 24
3 21 16 20
9 18 2 24
8 14 28 17
19 24 36 15
2 17 10 23
7 8 62 10
4 17 12 24
1 22 49 14
18 20 82 6
11 15 27 22
0 2 36 20
12 16 33 21
15 21 52 16
1 23 10 28
10 15 6 30
18 22 24 25
1 6 45 22
9 16 27 28
19 21 90 12
2 8 1 37
13 22 13 36
(708 506)

Arvore 30
2 5 18 17
0 18 28 15
10 17 1 24
3 21 16 20
9 18 2 24
8 14 28 17
19 24 36 15
2 17 10 23
7 8 62 10
4 17 12 24
1 22 49 14
18 20 82 6
11 15 27 22
0 2 36 20
12 16 33 21
15 21 52 16
1 23 10 28
18 22 24 25
10 15 6 30
1 6 45 22
9 16 27 28
19 21 90 12
7 24 19 32
13 22 13 36
(726 501)

Arvore 31
2 5 18 17
0 18 28 15
3 21 16 20
8 14 28 17
19 24 36 15
10 17 1 24
9 18 2 24
2 17 10 23
7 8 62 10
1 22 49 14
18 20 82 6
4 17 12 24
11 15 27 22
0 2 36 20
15 21 52 16
12 16 33 21
1 23 10 28
18 22 24 25
10 15 6 30
1 6 45 22
19 21 90 12
9 16 27 28
4 14 34 28
13 22 13 36
(741 497)

Arvore 32
2 5 18 17
0 18 28 15
19 24 36 15
8 14 28 17
3 21 16 20
10 17 1 24
9 18 2 24
7 8 62 10
2 17 10 23
1 22 49 14
18 20 82 6
4 17 12 24
11 15 27 22
15 21 52 16
0 2 36 20
12 16 33 21
1 23 10 28
18 22 24 25
10 15 6 30
1 6 45 22
19 21 90 12
9 16 27 28
7 22 54 23
13 22 13 36
(761 492)

Arvore 33
2 5 18 17
0 18 28 15
19 24 36 15
8 14 28 17
3 21 16 20
7 8 62 10
10 17 1 24
18 20 82 6
9 18 2 24
1 22 49 14
2 17 10 23
4 17 12 24
15 21 52 16
11 15 27 22
0 2 36 20
12 16 33 21
9 21 80 12
1 23 10 28
18 22 24 25
1 6 45 22
19 21 90 12
9 16 27 28
7 22 54 23
13 22 13 36
(835 474)

Arvore 34
0 18 28 15
2 5 18 17
18 20 82 6
7 8 62 10
19 24 36 15
8 14 28 17
1 22 49 14
3 21 16 20
10 17 1 24
9 18 2 24
2 17 10 23
15 21 52 16
9 21 80 12
4 17 12 24
0 2 36 20
11 15 27 22
12 16 33 21
19 21 90 12
18 22 24 25
1 23 10 28
1 6 45 22
7 22 54 23
9 16 27 28
5 13 93 20
(915 458)

Arvore 35
18 20 82 6
7 8 62 10
0 18 28 15
2 5 18 17
19 24 36 15
1 22 49 14
8 14 28 17
3 21 16 20
9 21 80 12
15 21 52 16
10 17 1 24
19 21 90 12
5 20 68 15
9 18 2 24
2 17 10 23
12 16 33 21
4 17 12 24
11 15 27 22
1 6 45 22
18 22 24 25
1 23 10 28
7 22 54 23
9 16 27 28
5 13 93 20
(947 453)

Arvore 36
18 20 82 6
7 8 62 10
0 18 28 15
19 24 36 15
1 22 49 14
2 5 18 17
9 21 80 12
8 14 28 17
19 21 90 12
15 21 52 16
5 20 68 15
3 21 16 20
2 17 10 23
12 16 33 21
10 17 1 24
9 18 2 24
11 15 27 22
4 17 12 24
1 6 45 22
21 23 81 19
18 22 24 25
7 22 54 23
5 13 93 20
9 16 27 28
(1018 444)

Arvore 37
18 20 82 6
7 8 62 10
0 18 28 15
9 21 80 12
1 22 49 14
19 24 36 15
19 21 90 12
2 5 18 17
8 14 28 17
5 20 68 15
15 21 52 16
3 21 16 20
12 16 33 21
2 17 10 23
11 15 27 22
21 23 81 19
10 17 1 24
9 18 2 24
1 6 45 22
4 17 12 24
5 13 93 20
8 9 84 21
7 22 54 23
9 16 27 28
(1078 440)

Arvore 38
18 20 82 6
7 8 62 10
9 21 80 12
0 18 28 15
1 22 49 14
19 24 36 15
19 21 90 12
2 5 18 17
8 14 28 17
5 20 68 15
15 21 52 16
3 21 16 20
12 16 33 21
11 15 27 22
21 23 81 19
2 17 10 23
10 17 1 24
9 18 2 24
1 6 45 22
4 17 12 24
5 13 93 20
8 9 84 21
7 22 54 23
14 16 78 25
(1129 437)

Arvore 39
18 20 82 6
7 8 62 10
9 21 80 12
19 21 90 12
1 22 49 14
0 18 28 15
19 24 36 15
5 20 68 15
15 21 52 16
2 5 18 17
8 14 28 17
21 23 81 19
3 21 16 20
5 13 93 20
12 16 33 21
2 15 59 21
8 9 84 21
11 15 27 22
1 6 45 22
2 17 10 23
7 22 54 23
10 17 1 24
4 17 12 24
14 16 78 25
(1186 434)


NAO SUPORTADAS: 
Arvore 40
10 17 1 24
2 8 1 37
9 18 2 24
5 9 2 30
6 24 2 51
5 15 1 81
15 22 4 33
3 19 2 70
9 11 2 72
5 24 1 97
6 16 3 63
2 7 4 49
4 21 5 32
1 11 4 51
10 21 2 88
4 18 5 49
6 13 4 84
1 19 6 57
0 21 6 59
0 23 5 78
20 21 5 79
2 4 7 53
7 14 15 66
10 12 19 51
(108 1378)

Arvore 41
10 17 1 24
2 8 1 37
9 18 2 24
5 9 2 30
6 24 2 51
15 22 4 33
5 15 1 81
3 19 2 70
5 11 4 43
4 21 5 32
6 16 3 63
2 7 4 49
1 11 4 51
5 24 1 97
10 21 2 88
4 18 5 49
6 13 4 84
1 19 6 57
0 21 6 59
0 23 5 78
20 21 5 79
2 4 7 53
7 14 15 66
10 12 19 51
(110 1349)

Arvore 42
10 17 1 24
2 8 1 37
9 18 2 24
5 9 2 30
6 24 2 51
15 22 4 33
5 15 1 81
5 11 4 43
3 19 2 70
4 21 5 32
2 7 4 49
6 16 3 63
1 11 4 51
10 15 6 30
5 24 1 97
5 21 4 64
1 19 6 57
6 13 4 84
0 21 6 59
0 23 5 78
20 21 5 79
2 4 7 53
7 14 15 66
10 12 19 51
(113 1306)

Arvore 43
10 17 1 24
2 8 1 37
9 18 2 24
5 9 2 30
6 24 2 51
15 22 4 33
5 15 1 81
3 19 2 70
4 21 5 32
9 11 2 72
2 7 4 49
6 16 3 63
1 11 4 51
10 15 6 30
5 24 1 97
4 18 5 49
1 19 6 57
6 13 4 84
0 21 6 59
0 23 5 78
20 21 5 79
2 4 7 53
7 14 15 66
10 12 19 51
(112 1320)

Arvore 44
10 17 1 24
9 18 2 24
2 8 1 37
5 9 2 30
6 24 2 51
15 22 4 33
4 21 5 32
5 11 4 43
2 7 4 49
3 19 2 70
10 15 6 30
5 15 1 81
1 11 4 51
6 16 3 63
4 18 5 49
5 24 1 97
1 19 6 57
0 21 6 59
2 17 10 23
6 13 4 84
0 23 5 78
20 21 5 79
7 14 15 66
10 12 19 51
(117 1261)

Arvore 45
10 17 1 24
9 18 2 24
2 8 1 37
5 9 2 30
6 24 2 51
15 22 4 33
4 21 5 32
5 11 4 43
2 7 4 49
3 19 2 70
10 15 6 30
5 15 1 81
1 11 4 51
6 16 3 63
4 18 5 49
5 24 1 97
1 19 6 57
0 21 6 59
2 4 7 53
6 13 4 84
1 23 10 28
20 21 5 79
7 14 15 66
10 12 19 51
(119 1241)

Arvore 46
10 17 1 24
9 18 2 24
2 8 1 37
5 9 2 30
6 24 2 51
15 22 4 33
4 21 5 32
5 11 4 43
2 7 4 49
3 19 2 70
10 15 6 30
5 15 1 81
1 11 4 51
6 16 3 63
5 21 4 64
5 24 1 97
1 19 6 57
0 21 6 59
2 17 10 23
6 13 4 84
0 23 5 78
20 21 5 79
7 14 15 66
10 12 19 51
(116 1276)

Arvore 47
10 17 1 24
9 18 2 24
2 8 1 37
5 9 2 30
6 24 2 51
15 22 4 33
4 21 5 32
5 11 4 43
2 7 4 49
3 19 2 70
10 15 6 30
5 15 1 81
1 11 4 51
6 16 3 63
5 21 4 64
5 24 1 97
1 19 6 57
0 21 6 59
2 4 7 53
6 13 4 84
1 23 10 28
20 21 5 79
7 14 15 66
10 12 19 51
(118 1256)

Arvore 48
10 17 1 24
9 18 2 24
2 8 1 37
5 9 2 30
6 24 2 51
15 22 4 33
4 21 5 32
5 11 4 43
2 7 4 49
3 19 2 70
10 15 6 30
5 15 1 81
1 11 4 51
6 16 3 63
5 21 4 64
5 24 1 97
1 19 6 57
0 21 6 59
2 17 10 23
6 13 4 84
1 23 10 28
20 21 5 79
7 14 15 66
10 12 19 51
(121 1226)

Arvore 49
10 17 1 24
9 18 2 24
2 8 1 37
5 9 2 30
6 24 2 51
15 22 4 33
4 21 5 32
2 7 4 49
3 19 2 70
10 15 6 30
5 15 1 81
1 11 4 51
9 11 2 72
6 16 3 63
4 18 5 49
5 24 1 97
1 19 6 57
0 21 6 59
2 17 10 23
6 13 4 84
0 23 5 78
20 21 5 79
7 14 15 66
10 12 19 51
(115 1290)

Arvore 50
10 17 1 24
9 18 2 24
2 8 1 37
5 9 2 30
6 24 2 51
15 22 4 33
4 21 5 32
2 7 4 49
3 19 2 70
10 15 6 30
5 15 1 81
1 11 4 51
9 11 2 72
6 16 3 63
4 18 5 49
5 24 1 97
1 19 6 57
0 21 6 59
2 17 10 23
6 13 4 84
1 23 10 28
20 21 5 79
7 14 15 66
10 12 19 51
(120 1240)

Arvore 51
10 17 1 24
9 18 2 24
2 8 1 37
5 9 2 30
6 24 2 51
15 22 4 33
4 21 5 32
5 11 4 43
10 15 6 30
2 7 4 49
1 11 4 51
3 19 2 70
5 15 1 81
6 16 3 63
4 18 5 49
5 24 1 97
1 19 6 57
0 21 6 59
2 4 7 53
1 23 10 28
6 13 4 84
6 20 10 34
7 14 15 66
10 12 19 51
(124 1196)

Arvore 52
10 17 1 24
9 18 2 24
2 8 1 37
5 9 2 30
6 24 2 51
15 22 4 33
4 21 5 32
5 11 4 43
10 15 6 30
2 7 4 49
1 11 4 51
3 19 2 70
5 15 1 81
6 16 3 63
5 21 4 64
5 24 1 97
1 19 6 57
0 21 6 59
2 17 10 23
1 23 10 28
6 13 4 84
6 20 10 34
7 14 15 66
10 12 19 51
(126 1181)

Arvore 53
10 17 1 24
9 18 2 24
2 8 1 37
5 9 2 30
6 24 2 51
15 22 4 33
4 21 5 32
10 15 6 30
2 7 4 49
1 11 4 51
3 19 2 70
5 15 1 81
9 11 2 72
6 16 3 63
4 18 5 49
5 24 1 97
1 19 6 57
0 21 6 59
2 17 10 23
1 23 10 28
6 13 4 84
6 20 10 34
7 14 15 66
10 12 19 51
(125 1195)

Arvore 54
10 17 1 24
9 18 2 24
5 9 2 30
2 8 1 37
15 22 4 33
4 21 5 32
6 24 2 51
10 15 6 30
5 11 4 43
2 7 4 49
1 11 4 51
4 18 5 49
2 17 10 23
6 16 3 63
3 19 2 70
1 23 10 28
5 15 1 81
6 20 10 34
1 19 6 57
0 21 6 59
6 13 4 84
20 21 5 79
7 14 15 66
10 12 19 51
(131 1148)

Arvore 55
10 17 1 24
9 18 2 24
5 9 2 30
2 8 1 37
15 22 4 33
4 21 5 32
6 24 2 51
10 15 6 30
5 11 4 43
2 7 4 49
1 11 4 51
4 18 5 49
2 17 10 23
6 16 3 63
3 19 2 70
1 23 10 28
6 20 10 34
1 19 6 57
2 4 7 53
0 21 6 59
5 24 1 97
6 13 4 84
7 14 15 66
10 12 19 51
(133 1138)

Arvore 56
10 17 1 24
9 18 2 24
5 9 2 30
2 8 1 37
15 22 4 33
4 21 5 32
6 24 2 51
10 15 6 30
5 11 4 43
2 7 4 49
1 11 4 51
2 17 10 23
6 16 3 63
3 19 2 70
1 23 10 28
5 21 4 64
5 15 1 81
6 20 10 34
1 19 6 57
0 21 6 59
5 24 1 97
13 22 13 36
7 14 15 66
10 12 19 51
(135 1133)

Arvore 57
10 17 1 24
9 18 2 24
5 9 2 30
2 8 1 37
15 22 4 33
4 21 5 32
6 24 2 51
10 15 6 30
5 11 4 43
2 7 4 49
1 11 4 51
2 17 10 23
6 16 3 63
3 19 2 70
1 23 10 28
5 21 4 64
5 15 1 81
6 20 10 34
1 19 6 57
0 21 6 59
6 13 4 84
20 21 5 79
7 14 15 66
10 12 19 51
(130 1163)

Arvore 58
10 17 1 24
9 18 2 24
5 9 2 30
2 8 1 37
15 22 4 33
4 21 5 32
10 15 6 30
6 24 2 51
5 11 4 43
2 7 4 49
1 11 4 51
2 17 10 23
4 18 5 49
6 16 3 63
1 23 10 28
3 19 2 70
6 20 10 34
5 15 1 81
1 19 6 57
0 21 6 59
6 10 11 46
13 22 13 36
7 14 15 66
10 12 19 51
(146 1067)

Arvore 59
10 17 1 24
9 18 2 24
5 9 2 30
2 8 1 37
15 22 4 33
4 21 5 32
10 15 6 30
6 24 2 51
5 11 4 43
2 7 4 49
1 11 4 51
2 17 10 23
4 18 5 49
6 16 3 63
1 23 10 28
3 19 2 70
6 20 10 34
4 17 12 24
1 19 6 57
0 21 6 59
5 24 1 97
6 13 4 84
7 14 15 66
10 12 19 51
(138 1109)

Arvore 60
10 17 1 24
9 18 2 24
5 9 2 30
2 8 1 37
15 22 4 33
4 21 5 32
10 15 6 30
6 24 2 51
5 11 4 43
2 7 4 49
1 11 4 51
2 17 10 23
4 18 5 49
6 16 3 63
1 23 10 28
3 19 2 70
6 20 10 34
5 15 1 81
1 19 6 57
0 21 6 59
6 10 11 46
6 13 4 84
7 14 15 66
10 12 19 51
(137 1115)

Arvore 61
10 17 1 24
9 18 2 24
5 9 2 30
2 8 1 37
15 22 4 33
4 21 5 32
10 15 6 30
6 24 2 51
5 11 4 43
2 7 4 49
1 11 4 51
2 17 10 23
4 18 5 49
6 16 3 63
1 23 10 28
3 19 2 70
6 20 10 34
5 15 1 81
1 19 6 57
0 21 6 59
13 22 13 36
6 13 4 84
7 14 15 66
10 12 19 51
(139 1105)

Arvore 62
10 17 1 24
9 18 2 24
5 9 2 30
2 8 1 37
15 22 4 33
4 21 5 32
10 15 6 30
6 24 2 51
5 11 4 43
2 7 4 49
1 11 4 51
2 17 10 23
4 18 5 49
6 16 3 63
1 23 10 28
3 19 2 70
6 20 10 34
5 15 1 81
1 19 6 57
0 21 6 59
13 22 13 36
20 21 5 79
7 14 15 66
10 12 19 51
(140 1100)

Arvore 63
10 17 1 24
9 18 2 24
5 9 2 30
2 8 1 37
15 22 4 33
4 21 5 32
10 15 6 30
6 24 2 51
5 11 4 43
2 7 4 49
1 11 4 51
2 17 10 23
4 18 5 49
6 16 3 63
1 23 10 28
3 19 2 70
6 20 10 34
1 19 6 57
2 4 7 53
0 21 6 59
5 24 1 97
13 22 13 36
7 14 15 66
10 12 19 51
(142 1090)

Arvore 64
10 17 1 24
9 18 2 24
5 9 2 30
2 8 1 37
15 22 4 33
4 21 5 32
10 15 6 30
6 24 2 51
5 11 4 43
2 7 4 49
1 11 4 51
2 17 10 23
4 18 5 49
6 16 3 63
1 23 10 28
3 19 2 70
6 20 10 34
1 19 6 57
2 4 7 53
0 21 6 59
6 10 11 46
6 13 4 84
7 14 15 66
10 12 19 51
(143 1087)

Arvore 65
10 17 1 24
9 18 2 24
5 9 2 30
2 8 1 37
15 22 4 33
4 21 5 32
10 15 6 30
6 24 2 51
5 11 4 43
2 7 4 49
1 11 4 51
2 17 10 23
4 18 5 49
6 16 3 63
1 23 10 28
3 19 2 70
6 20 10 34
1 19 6 57
2 4 7 53
0 21 6 59
13 22 13 36
6 13 4 84
7 14 15 66
10 12 19 51
(145 1077)

Arvore 66
10 17 1 24
9 18 2 24
5 9 2 30
2 8 1 37
15 22 4 33
4 21 5 32
10 15 6 30
6 24 2 51
5 11 4 43
2 7 4 49
1 11 4 51
2 17 10 23
4 18 5 49
6 16 3 63
1 23 10 28
3 19 2 70
6 20 10 34
4 17 12 24
1 19 6 57
0 21 6 59
6 10 11 46
6 13 4 84
7 14 15 66
10 12 19 51
(148 1058)

Arvore 67
10 17 1 24
9 18 2 24
5 9 2 30
2 8 1 37
15 22 4 33
4 21 5 32
10 15 6 30
6 24 2 51
5 11 4 43
2 7 4 49
1 11 4 51
2 17 10 23
4 18 5 49
6 16 3 63
1 23 10 28
3 19 2 70
6 20 10 34
4 17 12 24
1 19 6 57
0 21 6 59
13 22 13 36
6 13 4 84
7 14 15 66
10 12 19 51
(150 1048)

Arvore 68
10 17 1 24
9 18 2 24
5 9 2 30
2 8 1 37
15 22 4 33
4 21 5 32
10 15 6 30
6 24 2 51
5 11 4 43
2 7 4 49
1 11 4 51
2 17 10 23
4 18 5 49
6 16 3 63
1 23 10 28
3 19 2 70
6 20 10 34
4 17 12 24
1 19 6 57
0 21 6 59
13 22 13 36
20 21 5 79
7 14 15 66
10 12 19 51
(151 1043)

Arvore 69
10 17 1 24
9 18 2 24
5 9 2 30
2 8 1 37
15 22 4 33
4 21 5 32
10 15 6 30
6 24 2 51
5 11 4 43
2 7 4 49
1 11 4 51
2 17 10 23
4 18 5 49
6 16 3 63
1 23 10 28
3 19 2 70
6 20 10 34
1 19 6 57
2 4 7 53
0 21 6 59
6 10 11 46
13 22 13 36
7 14 15 66
10 12 19 51
(152 1039)

Arvore 70
10 17 1 24
9 18 2 24
5 9 2 30
2 8 1 37
15 22 4 33
4 21 5 32
10 15 6 30
6 24 2 51
5 11 4 43
2 7 4 49
1 11 4 51
2 17 10 23
6 16 3 63
1 23 10 28
3 19 2 70
5 21 4 64
6 20 10 34
4 17 12 24
1 19 6 57
0 21 6 59
6 10 11 46
13 22 13 36
7 14 15 66
10 12 19 51
(156 1025)

Arvore 71
10 17 1 24
9 18 2 24
5 9 2 30
2 8 1 37
15 22 4 33
4 21 5 32
10 15 6 30
5 11 4 43
6 24 2 51
2 17 10 23
2 7 4 49
1 23 10 28
1 11 4 51
4 18 5 49
4 17 12 24
6 20 10 34
6 16 3 63
3 19 2 70
3 21 16 20
0 21 6 59
13 22 13 36
6 10 11 46
7 14 15 66
10 12 19 51
(167 973)

Arvore 72
10 17 1 24
9 18 2 24
5 9 2 30
2 8 1 37
15 22 4 33
4 21 5 32
10 15 6 30
5 11 4 43
6 24 2 51
2 17 10 23
2 7 4 49
1 23 10 28
1 11 4 51
4 18 5 49
6 20 10 34
6 16 3 63
3 19 2 70
2 4 7 53
1 19 6 57
0 21 6 59
13 22 13 36
6 10 11 46
8 14 28 17
10 12 19 51
(165 990)

Arvore 73
10 17 1 24
9 18 2 24
5 9 2 30
2 8 1 37
15 22 4 33
4 21 5 32
10 15 6 30
5 11 4 43
6 24 2 51
2 17 10 23
2 7 4 49
1 23 10 28
1 11 4 51
4 18 5 49
4 17 12 24
6 20 10 34
6 16 3 63
3 19 2 70
1 19 6 57
0 21 6 59
13 22 13 36
20 21 5 79
8 14 28 17
10 12 19 51
(164 994)

Arvore 74
10 17 1 24
9 18 2 24
5 9 2 30
2 8 1 37
15 22 4 33
4 21 5 32
10 15 6 30
5 11 4 43
6 24 2 51
2 17 10 23
2 7 4 49
1 23 10 28
1 11 4 51
4 18 5 49
6 20 10 34
6 16 3 63
3 19 2 70
2 4 7 53
3 21 16 20
0 21 6 59
13 22 13 36
6 10 11 46
7 14 15 66
10 12 19 51
(162 1002)

Arvore 75
10 17 1 24
9 18 2 24
5 9 2 30
2 8 1 37
15 22 4 33
4 21 5 32
10 15 6 30
5 11 4 43
6 24 2 51
2 17 10 23
2 7 4 49
1 23 10 28
1 11 4 51
4 18 5 49
4 17 12 24
6 20 10 34
6 16 3 63
3 19 2 70
3 21 16 20
0 21 6 59
13 22 13 36
20 21 5 79
7 14 15 66
10 12 19 51
(161 1006)

Arvore 76
10 17 1 24
9 18 2 24
5 9 2 30
2 8 1 37
15 22 4 33
4 21 5 32
10 15 6 30
5 11 4 43
6 24 2 51
2 17 10 23
2 7 4 49
1 23 10 28
1 11 4 51
4 18 5 49
4 17 12 24
6 20 10 34
6 16 3 63
3 19 2 70
1 19 6 57
0 21 6 59
13 22 13 36
6 13 4 84
8 14 28 17
10 12 19 51
(163 999)

Arvore 77
10 17 1 24
9 18 2 24
5 9 2 30
2 8 1 37
15 22 4 33
4 21 5 32
10 15 6 30
5 11 4 43
6 24 2 51
2 17 10 23
2 7 4 49
1 23 10 28
1 11 4 51
4 18 5 49
4 17 12 24
6 20 10 34
6 16 3 63
3 19 2 70
0 21 6 59
13 22 13 36
6 10 11 46
3 18 15 35
7 14 15 66
10 12 19 51
(166 988)

Arvore 78
10 17 1 24
9 18 2 24
5 9 2 30
2 8 1 37
15 22 4 33
4 21 5 32
10 15 6 30
5 11 4 43
6 24 2 51
2 17 10 23
2 7 4 49
1 23 10 28
1 11 4 51
4 18 5 49
4 17 12 24
6 20 10 34
6 16 3 63
1 19 6 57
3 21 16 20
0 21 6 59
13 22 13 36
6 10 11 46
10 12 19 51
7 14 15 66
(171 960)

Arvore 79
10 17 1 24
9 18 2 24
5 9 2 30
2 8 1 37
15 22 4 33
4 21 5 32
10 15 6 30
5 11 4 43
6 24 2 51
2 17 10 23
2 7 4 49
1 23 10 28
1 11 4 51
4 18 5 49
4 17 12 24
6 20 10 34
6 16 3 63
3 19 2 70
3 21 16 20
0 21 6 59
13 22 13 36
6 10 11 46
10 12 19 51
6 14 25 35
(177 942)

Arvore 80
10 17 1 24
9 18 2 24
5 9 2 30
2 8 1 37
15 22 4 33
4 21 5 32
10 15 6 30
5 11 4 43
6 24 2 51
2 17 10 23
2 7 4 49
1 23 10 28
1 11 4 51
4 18 5 49
6 20 10 34
6 16 3 63
3 19 2 70
2 4 7 53
3 21 16 20
0 21 6 59
13 22 13 36
6 10 11 46
8 14 28 17
10 12 19 51
(175 953)

Arvore 81
10 17 1 24
9 18 2 24
5 9 2 30
2 8 1 37
15 22 4 33
4 21 5 32
10 15 6 30
5 11 4 43
6 24 2 51
2 17 10 23
2 7 4 49
1 23 10 28
1 11 4 51
4 18 5 49
4 17 12 24
6 20 10 34
6 16 3 63
3 19 2 70
3 21 16 20
0 21 6 59
13 22 13 36
20 21 5 79
8 14 28 17
10 12 19 51
(174 957)

Arvore 82
10 17 1 24
9 18 2 24
5 9 2 30
2 8 1 37
15 22 4 33
4 21 5 32
10 15 6 30
5 11 4 43
6 24 2 51
2 17 10 23
2 7 4 49
1 23 10 28
1 11 4 51
4 18 5 49
4 17 12 24
6 20 10 34
6 16 3 63
3 19 2 70
0 21 6 59
13 22 13 36
6 10 11 46
3 18 15 35
8 14 28 17
10 12 19 51
(179 939)

Arvore 83
10 17 1 24
9 18 2 24
5 9 2 30
2 8 1 37
15 22 4 33
4 21 5 32
10 15 6 30
2 17 10 23
1 23 10 28
5 11 4 43
4 17 12 24
6 24 2 51
6 20 10 34
2 7 4 49
3 21 16 20
1 11 4 51
2 5 18 17
13 22 13 36
6 16 3 63
6 10 11 46
0 21 6 59
3 19 2 70
8 14 28 17
10 12 19 51
(193 892)

Arvore 84
10 17 1 24
9 18 2 24
5 9 2 30
2 8 1 37
15 22 4 33
4 21 5 32
10 15 6 30
2 17 10 23
1 23 10 28
5 11 4 43
4 17 12 24
6 24 2 51
6 20 10 34
2 7 4 49
3 21 16 20
1 11 4 51
4 9 10 42
13 22 13 36
6 16 3 63
1 19 6 57
6 10 11 46
0 21 6 59
8 14 28 17
10 12 19 51
(189 904)

Arvore 85
10 17 1 24
9 18 2 24
5 9 2 30
2 8 1 37
15 22 4 33
4 21 5 32
10 15 6 30
2 17 10 23
1 23 10 28
5 11 4 43
4 17 12 24
6 24 2 51
6 20 10 34
2 7 4 49
3 21 16 20
1 11 4 51
4 18 5 49
13 22 13 36
6 16 3 63
1 19 6 57
0 21 6 59
7 24 19 32
8 14 28 17
10 12 19 51
(192 897)

Arvore 86
10 17 1 24
9 18 2 24
5 9 2 30
2 8 1 37
15 22 4 33
4 21 5 32
10 15 6 30
2 17 10 23
1 23 10 28
5 11 4 43
4 17 12 24
6 24 2 51
6 20 10 34
2 7 4 49
3 21 16 20
1 11 4 51
4 18 5 49
13 22 13 36
6 16 3 63
0 21 6 59
3 19 2 70
7 24 19 32
8 14 28 17
10 12 19 51
(188 910)

Arvore 87
10 17 1 24
9 18 2 24
5 9 2 30
2 8 1 37
15 22 4 33
4 21 5 32
10 15 6 30
2 17 10 23
1 23 10 28
5 11 4 43
4 17 12 24
6 24 2 51
6 20 10 34
2 7 4 49
3 21 16 20
1 11 4 51
4 18 5 49
13 22 13 36
6 16 3 63
6 10 11 46
0 21 6 59
6 19 13 49
8 14 28 17
10 12 19 51
(191 903)

Arvore 88
10 17 1 24
9 18 2 24
5 9 2 30
2 8 1 37
15 22 4 33
4 21 5 32
10 15 6 30
2 17 10 23
1 23 10 28
4 17 12 24
5 11 4 43
3 21 16 20
6 24 2 51
6 20 10 34
2 5 18 17
2 7 4 49
1 11 4 51
13 22 13 36
6 16 3 63
1 19 6 57
0 21 6 59
7 24 19 32
8 14 28 17
10 12 19 51
(205 865)

Arvore 89
10 17 1 24
9 18 2 24
5 9 2 30
2 8 1 37
15 22 4 33
4 21 5 32
10 15 6 30
2 17 10 23
1 23 10 28
4 17 12 24
5 11 4 43
3 21 16 20
6 24 2 51
6 20 10 34
2 5 18 17
2 7 4 49
1 11 4 51
13 22 13 36
6 16 3 63
6 10 11 46
0 21 6 59
3 19 2 70
8 14 28 17
12 16 33 21
(207 862)

Arvore 90
10 17 1 24
9 18 2 24
5 9 2 30
2 8 1 37
15 22 4 33
4 21 5 32
10 15 6 30
2 17 10 23
1 23 10 28
4 17 12 24
5 11 4 43
3 21 16 20
6 24 2 51
6 20 10 34
2 5 18 17
2 7 4 49
1 11 4 51
13 22 13 36
6 16 3 63
6 10 11 46
0 21 6 59
6 19 13 49
8 14 28 17
10 12 19 51
(204 871)

Arvore 91
10 17 1 24
9 18 2 24
5 9 2 30
2 8 1 37
15 22 4 33
4 21 5 32
10 15 6 30
2 17 10 23
1 23 10 28
4 17 12 24
5 11 4 43
3 21 16 20
6 24 2 51
6 20 10 34
2 5 18 17
2 7 4 49
1 11 4 51
13 22 13 36
6 16 3 63
0 21 6 59
7 24 19 32
3 19 2 70
8 14 28 17
10 12 19 51
(201 878)

Arvore 92
10 17 1 24
9 18 2 24
5 9 2 30
2 8 1 37
15 22 4 33
4 21 5 32
10 15 6 30
2 17 10 23
1 23 10 28
4 17 12 24
5 11 4 43
3 21 16 20
6 24 2 51
6 20 10 34
2 7 4 49
1 11 4 51
4 9 10 42
13 22 13 36
6 16 3 63
6 10 11 46
1 19 6 57
0 21 6 59
8 14 28 17
12 16 33 21
(203 874)

Arvore 93
10 17 1 24
9 18 2 24
5 9 2 30
2 8 1 37
15 22 4 33
4 21 5 32
10 15 6 30
2 17 10 23
1 23 10 28
4 17 12 24
5 11 4 43
3 21 16 20
2 5 18 17
6 20 10 34
6 24 2 51
2 7 4 49
1 11 4 51
13 22 13 36
6 10 11 46
6 16 3 63
1 19 6 57
0 18 28 15
8 14 28 17
10 12 19 51
(219 835)

Arvore 94
10 17 1 24
9 18 2 24
5 9 2 30
2 8 1 37
15 22 4 33
4 21 5 32
10 15 6 30
2 17 10 23
1 23 10 28
4 17 12 24
5 11 4 43
3 21 16 20
2 5 18 17
6 20 10 34
6 24 2 51
2 7 4 49
1 11 4 51
13 22 13 36
6 16 3 63
1 19 6 57
7 24 19 32
0 18 28 15
8 14 28 17
10 12 19 51
(227 821)

Arvore 95
10 17 1 24
9 18 2 24
5 9 2 30
2 8 1 37
15 22 4 33
4 21 5 32
10 15 6 30
2 17 10 23
1 23 10 28
4 17 12 24
5 11 4 43
3 21 16 20
2 5 18 17
6 20 10 34
6 24 2 51
2 7 4 49
1 11 4 51
13 22 13 36
6 10 11 46
6 16 3 63
0 18 28 15
8 14 28 17
3 19 2 70
12 16 33 21
(229 818)

Arvore 96
10 17 1 24
9 18 2 24
5 9 2 30
2 8 1 37
15 22 4 33
4 21 5 32
10 15 6 30
2 17 10 23
1 23 10 28
4 17 12 24
5 11 4 43
3 21 16 20
2 5 18 17
6 20 10 34
6 24 2 51
2 7 4 49
1 11 4 51
13 22 13 36
6 10 11 46
6 16 3 63
0 21 6 59
8 14 28 17
6 19 13 49
12 16 33 21
(218 841)

Arvore 97
10 17 1 24
9 18 2 24
5 9 2 30
2 8 1 37
15 22 4 33
4 21 5 32
10 15 6 30
2 17 10 23
1 23 10 28
4 17 12 24
5 11 4 43
3 21 16 20
2 5 18 17
6 20 10 34
6 24 2 51
2 7 4 49
1 11 4 51
13 22 13 36
6 10 11 46
6 16 3 63
1 19 6 57
8 14 28 17
0 7 18 42
12 16 33 21
(223 832)

Arvore 98
10 17 1 24
9 18 2 24
5 9 2 30
2 8 1 37
15 22 4 33
4 21 5 32
10 15 6 30
2 17 10 23
1 23 10 28
4 17 12 24
5 11 4 43
3 21 16 20
2 5 18 17
6 20 10 34
6 24 2 51
2 7 4 49
1 11 4 51
13 22 13 36
6 16 3 63
7 24 19 32
0 21 6 59
8 14 28 17
3 19 2 70
12 16 33 21
(215 848)

Arvore 99
10 17 1 24
9 18 2 24
5 9 2 30
2 8 1 37
15 22 4 33
4 21 5 32
10 15 6 30
2 17 10 23
1 23 10 28
4 17 12 24
5 11 4 43
3 21 16 20
2 5 18 17
6 20 10 34
6 24 2 51
2 7 4 49
1 11 4 51
13 22 13 36
6 10 11 46
1 19 6 57
0 21 6 59
8 14 28 17
16 20 23 30
12 16 33 21
(231 816)

Arvore 100
10 17 1 24
9 18 2 24
5 9 2 30
2 8 1 37
15 22 4 33
4 21 5 32
10 15 6 30
2 17 10 23
1 23 10 28
4 17 12 24
5 11 4 43
3 21 16 20
2 5 18 17
6 20 10 34
6 24 2 51
2 7 4 49
1 11 4 51
13 22 13 36
6 16 3 63
7 24 19 32
0 21 6 59
8 14 28 17
6 19 13 49
12 16 33 21
(226 827)

Arvore 101
10 17 1 24
9 18 2 24
5 9 2 30
2 8 1 37
15 22 4 33
4 21 5 32
10 15 6 30
2 17 10 23
1 23 10 28
4 17 12 24
5 11 4 43
3 21 16 20
2 5 18 17
6 20 10 34
6 24 2 51
2 7 4 49
1 11 4 51
13 22 13 36
6 10 11 46
1 19 6 57
0 21 6 59
8 14 28 17
16 20 23 30
10 12 19 51
(217 846)

Arvore 102
10 17 1 24
9 18 2 24
5 9 2 30
2 8 1 37
15 22 4 33
4 21 5 32
10 15 6 30
2 17 10 23
1 23 10 28
4 17 12 24
5 11 4 43
3 21 16 20
6 20 10 34
6 24 2 51
2 7 4 49
1 11 4 51
4 9 10 42
13 22 13 36
6 10 11 46
6 16 3 63
1 19 6 57
0 18 28 15
8 14 28 17
12 16 33 21
(225 830)

Arvore 103
10 17 1 24
9 18 2 24
5 9 2 30
2 8 1 37
15 22 4 33
10 15 6 30
2 17 10 23
4 21 5 32
4 17 12 24
1 23 10 28
3 21 16 20
2 5 18 17
5 11 4 43
6 20 10 34
6 24 2 51
2 7 4 49
1 11 4 51
13 22 13 36
0 18 28 15
6 10 11 46
8 14 28 17
6 16 3 63
6 19 13 49
12 16 33 21
(240 797)

Arvore 104
10 17 1 24
9 18 2 24
5 9 2 30
2 8 1 37
15 22 4 33
10 15 6 30
2 17 10 23
4 21 5 32
4 17 12 24
1 23 10 28
3 21 16 20
2 5 18 17
5 11 4 43
6 20 10 34
6 24 2 51
2 7 4 49
1 11 4 51
13 22 13 36
0 18 28 15
7 24 19 32
8 14 28 17
6 16 3 63
3 19 2 70
12 16 33 21
(237 804)

Arvore 105
10 17 1 24
9 18 2 24
5 9 2 30
2 8 1 37
15 22 4 33
10 15 6 30
2 17 10 23
4 21 5 32
4 17 12 24
1 23 10 28
3 21 16 20
2 5 18 17
5 11 4 43
6 20 10 34
6 24 2 51
2 7 4 49
1 11 4 51
13 22 13 36
0 18 28 15
6 10 11 46
8 14 28 17
1 19 6 57
16 20 23 30
10 12 19 51
(239 802)

Arvore 106
10 17 1 24
9 18 2 24
5 9 2 30
2 8 1 37
2 17 10 23
15 22 4 33
10 15 6 30
4 21 5 32
4 17 12 24
1 23 10 28
3 21 16 20
2 5 18 17
5 11 4 43
6 20 10 34
6 24 2 51
2 7 4 49
13 22 13 36
1 11 4 51
0 18 28 15
8 14 28 17
6 10 11 46
1 19 6 57
16 20 23 30
12 16 33 21
(253 772)

Arvore 107
10 17 1 24
9 18 2 24
5 9 2 30
2 8 1 37
2 17 10 23
15 22 4 33
10 15 6 30
4 21 5 32
4 17 12 24
1 23 10 28
3 21 16 20
2 5 18 17
5 11 4 43
6 20 10 34
6 24 2 51
2 7 4 49
13 22 13 36
1 11 4 51
0 18 28 15
8 14 28 17
7 24 19 32
6 16 3 63
6 19 13 49
12 16 33 21
(248 783)

Arvore 108
10 17 1 24
9 18 2 24
5 9 2 30
2 8 1 37
2 17 10 23
15 22 4 33
10 15 6 30
4 21 5 32
4 17 12 24
1 23 10 28
3 21 16 20
2 5 18 17
5 11 4 43
6 20 10 34
6 24 2 51
2 7 4 49
13 22 13 36
1 11 4 51
0 18 28 15
8 14 28 17
6 10 11 46
16 20 23 30
6 19 13 49
12 16 33 21
(260 764)

Arvore 109
10 17 1 24
9 18 2 24
5 9 2 30
2 8 1 37
2 17 10 23
15 22 4 33
10 15 6 30
4 21 5 32
4 17 12 24
1 23 10 28
3 21 16 20
2 5 18 17
5 11 4 43
6 20 10 34
6 24 2 51
2 7 4 49
13 22 13 36
1 11 4 51
0 18 28 15
8 14 28 17
6 10 11 46
1 19 6 57
9 16 27 28
12 16 33 21
(257 770)

Arvore 110
10 17 1 24
9 18 2 24
5 9 2 30
2 8 1 37
2 17 10 23
15 22 4 33
10 15 6 30
4 21 5 32
4 17 12 24
1 23 10 28
3 21 16 20
2 5 18 17
5 11 4 43
6 20 10 34
6 24 2 51
2 7 4 49
13 22 13 36
1 11 4 51
0 18 28 15
8 14 28 17
7 24 19 32
1 19 6 57
16 20 23 30
10 12 19 51
(247 788)

Arvore 111
10 17 1 24
9 18 2 24
5 9 2 30
2 17 10 23
2 8 1 37
10 15 6 30
15 22 4 33
4 21 5 32
4 17 12 24
1 23 10 28
2 5 18 17
3 21 16 20
6 20 10 34
5 11 4 43
6 24 2 51
13 22 13 36
0 18 28 15
2 7 4 49
8 14 28 17
1 11 4 51
7 24 19 32
16 20 23 30
6 19 13 49
12 16 33 21
(268 750)

Arvore 112
10 17 1 24
9 18 2 24
5 9 2 30
2 17 10 23
2 8 1 37
10 15 6 30
15 22 4 33
4 21 5 32
4 17 12 24
1 23 10 28
2 5 18 17
3 21 16 20
6 20 10 34
5 11 4 43
6 24 2 51
13 22 13 36
0 18 28 15
2 7 4 49
8 14 28 17
1 11 4 51
6 10 11 46
16 20 23 30
19 24 36 15
12 16 33 21
(283 730)

Arvore 113
10 17 1 24
9 18 2 24
5 9 2 30
2 17 10 23
2 8 1 37
10 15 6 30
15 22 4 33
4 21 5 32
4 17 12 24
1 23 10 28
2 5 18 17
3 21 16 20
6 20 10 34
5 11 4 43
6 24 2 51
13 22 13 36
0 18 28 15
2 7 4 49
8 14 28 17
1 11 4 51
7 24 19 32
1 19 6 57
9 16 27 28
12 16 33 21
(265 756)

Arvore 114
10 17 1 24
9 18 2 24
5 9 2 30
2 17 10 23
2 8 1 37
10 15 6 30
15 22 4 33
4 21 5 32
4 17 12 24
1 23 10 28
2 5 18 17
3 21 16 20
6 20 10 34
5 11 4 43
6 24 2 51
13 22 13 36
0 18 28 15
2 7 4 49
8 14 28 17
1 11 4 51
7 24 19 32
19 24 36 15
6 16 3 63
12 16 33 21
(271 749)

Arvore 115
10 17 1 24
9 18 2 24
5 9 2 30
2 17 10 23
2 8 1 37
10 15 6 30
15 22 4 33
4 21 5 32
4 17 12 24
1 23 10 28
2 5 18 17
3 21 16 20
6 20 10 34
5 11 4 43
6 24 2 51
13 22 13 36
0 18 28 15
2 7 4 49
8 14 28 17
1 11 4 51
7 24 19 32
9 16 27 28
6 19 13 49
12 16 33 21
(272 748)

Arvore 116
10 17 1 24
9 18 2 24
5 9 2 30
2 17 10 23
2 8 1 37
10 15 6 30
15 22 4 33
4 21 5 32
4 17 12 24
1 23 10 28
2 5 18 17
3 21 16 20
6 20 10 34
5 11 4 43
6 24 2 51
13 22 13 36
0 18 28 15
2 7 4 49
8 14 28 17
1 11 4 51
6 10 11 46
19 24 36 15
9 16 27 28
12 16 33 21
(287 728)

Arvore 117
10 17 1 24
9 18 2 24
5 9 2 30
2 17 10 23
2 8 1 37
10 15 6 30
15 22 4 33
4 21 5 32
4 17 12 24
1 23 10 28
2 5 18 17
3 21 16 20
6 20 10 34
5 11 4 43
6 24 2 51
13 22 13 36
0 18 28 15
2 7 4 49
8 14 28 17
1 11 4 51
16 20 23 30
1 19 6 57
19 24 36 15
12 16 33 21
(278 741)

Arvore 118
10 17 1 24
9 18 2 24
5 9 2 30
2 17 10 23
2 8 1 37
10 15 6 30
15 22 4 33
4 21 5 32
4 17 12 24
1 23 10 28
2 5 18 17
3 21 16 20
6 20 10 34
5 11 4 43
6 24 2 51
13 22 13 36
0 18 28 15
8 14 28 17
1 11 4 51
7 24 19 32
6 10 11 46
16 20 23 30
6 19 13 49
12 16 33 21
(275 747)

Arvore 119
10 17 1 24
9 18 2 24
5 9 2 30
2 17 10 23
2 8 1 37
10 15 6 30
15 22 4 33
4 21 5 32
4 17 12 24
1 23 10 28
2 5 18 17
3 21 16 20
6 20 10 34
5 11 4 43
6 24 2 51
13 22 13 36
0 18 28 15
2 7 4 49
8 14 28 17
1 11 4 51
16 20 23 30
9 16 27 28
6 19 13 49
12 16 33 21
(276 746)

Arvore 120
10 17 1 24
9 18 2 24
5 9 2 30
2 17 10 23
2 8 1 37
10 15 6 30
15 22 4 33
4 21 5 32
4 17 12 24
1 23 10 28
2 5 18 17
3 21 16 20
6 20 10 34
5 11 4 43
13 22 13 36
0 18 28 15
2 7 4 49
8 14 28 17
1 11 4 51
7 24 19 32
6 10 11 46
16 20 23 30
6 19 13 49
12 16 33 21
(277 745)

Arvore 121
10 17 1 24
9 18 2 24
5 9 2 30
2 17 10 23
2 8 1 37
10 15 6 30
15 22 4 33
4 21 5 32
4 17 12 24
1 23 10 28
2 5 18 17
3 21 16 20
6 20 10 34
5 11 4 43
6 24 2 51
13 22 13 36
0 18 28 15
2 7 4 49
8 14 28 17
1 11 4 51
1 19 6 57
19 24 36 15
9 16 27 28
12 16 33 21
(282 739)

Arvore 122
10 17 1 24
9 18 2 24
5 9 2 30
2 17 10 23
2 5 18 17
3 21 16 20
4 17 12 24
10 15 6 30
4 21 5 32
15 22 4 33
1 23 10 28
2 8 1 37
0 18 28 15
8 14 28 17
6 20 10 34
11 15 27 22
13 22 13 36
19 24 36 15
7 24 19 32
16 20 23 30
12 16 33 21
2 7 4 49
6 24 2 51
1 11 4 51
(314 695)

Arvore 123
10 17 1 24
9 18 2 24
5 9 2 30
2 17 10 23
2 5 18 17
3 21 16 20
4 17 12 24
10 15 6 30
4 21 5 32
15 22 4 33
1 23 10 28
2 8 1 37
0 18 28 15
8 14 28 17
6 20 10 34
5 11 4 43
13 22 13 36
19 24 36 15
7 24 19 32
12 16 33 21
2 7 4 49
6 24 2 51
9 16 27 28
1 11 4 51
(295 714)

Arvore 124
10 17 1 24
9 18 2 24
5 9 2 30
2 17 10 23
2 5 18 17
3 21 16 20
4 17 12 24
10 15 6 30
4 21 5 32
15 22 4 33
1 23 10 28
2 8 1 37
0 18 28 15
8 14 28 17
6 20 10 34
5 11 4 43
13 22 13 36
19 24 36 15
7 24 19 32
16 20 23 30
12 16 33 21
2 7 4 49
1 11 4 51
6 10 11 46
(300 711)

Arvore 125
10 17 1 24
9 18 2 24
5 9 2 30
2 17 10 23
2 5 18 17
3 21 16 20
4 17 12 24
10 15 6 30
4 21 5 32
15 22 4 33
1 23 10 28
2 8 1 37
0 18 28 15
8 14 28 17
6 20 10 34
5 11 4 43
13 22 13 36
19 24 36 15
16 20 23 30
12 16 33 21
2 7 4 49
6 24 2 51
9 16 27 28
1 11 4 51
(299 712)

Arvore 126
10 17 1 24
9 18 2 24
5 9 2 30
2 17 10 23
2 5 18 17
3 21 16 20
4 17 12 24
10 15 6 30
4 21 5 32
15 22 4 33
1 23 10 28
2 8 1 37
0 18 28 15
8 14 28 17
6 20 10 34
5 11 4 43
13 22 13 36
19 24 36 15
7 24 19 32
16 20 23 30
12 16 33 21
6 24 2 51
1 11 4 51
6 10 11 46
(298 713)

Arvore 127
10 17 1 24
9 18 2 24
5 9 2 30
2 17 10 23
2 5 18 17
3 21 16 20
4 17 12 24
10 15 6 30
4 21 5 32
15 22 4 33
1 23 10 28
2 8 1 37
0 18 28 15
8 14 28 17
6 20 10 34
5 11 4 43
13 22 13 36
19 24 36 15
7 24 19 32
12 16 33 21
2 7 4 49
9 16 27 28
1 11 4 51
6 10 11 46
(304 709)

Arvore 128
10 17 1 24
9 18 2 24
5 9 2 30
2 17 10 23
2 5 18 17
3 21 16 20
4 17 12 24
10 15 6 30
4 21 5 32
15 22 4 33
1 23 10 28
2 8 1 37
0 18 28 15
8 14 28 17
6 20 10 34
5 11 4 43
13 22 13 36
19 24 36 15
7 24 19 32
16 20 23 30
12 16 33 21
6 24 2 51
1 11 4 51
6 14 25 35
(312 702)

Arvore 129
10 17 1 24
9 18 2 24
5 9 2 30
2 17 10 23
2 5 18 17
3 21 16 20
4 17 12 24
10 15 6 30
4 21 5 32
15 22 4 33
1 23 10 28
2 8 1 37
0 18 28 15
8 14 28 17
6 20 10 34
5 11 4 43
13 22 13 36
19 24 36 15
7 24 19 32
12 16 33 21
6 24 2 51
9 16 27 28
1 11 4 51
0 7 18 42
(309 707)

Arvore 130
10 17 1 24
9 18 2 24
5 9 2 30
2 17 10 23
2 5 18 17
3 21 16 20
4 17 12 24
10 15 6 30
4 21 5 32
15 22 4 33
1 23 10 28
2 8 1 37
0 18 28 15
8 14 28 17
6 20 10 34
11 15 27 22
13 22 13 36
19 24 36 15
7 24 19 32
16 20 23 30
12 16 33 21
9 16 27 28
6 24 2 51
1 11 4 51
(337 674)

Arvore 131
10 17 1 24
9 18 2 24
5 9 2 30
2 17 10 23
2 5 18 17
3 21 16 20
4 17 12 24
10 15 6 30
4 21 5 32
15 22 4 33
1 23 10 28
2 8 1 37
0 18 28 15
8 14 28 17
6 20 10 34
11 15 27 22
13 22 13 36
19 24 36 15
7 24 19 32
16 20 23 30
12 16 33 21
2 7 4 49
1 11 4 51
6 10 11 46
(323 690)

Arvore 132
10 17 1 24
9 18 2 24
5 9 2 30
2 17 10 23
2 5 18 17
3 21 16 20
4 17 12 24
10 15 6 30
4 21 5 32
15 22 4 33
1 23 10 28
2 8 1 37
0 18 28 15
8 14 28 17
6 20 10 34
11 15 27 22
13 22 13 36
19 24 36 15
16 20 23 30
12 16 33 21
2 7 4 49
9 16 27 28
6 24 2 51
1 11 4 51
(322 691)

Arvore 133
10 17 1 24
9 18 2 24
5 9 2 30
2 17 10 23
2 5 18 17
3 21 16 20
4 17 12 24
10 15 6 30
4 21 5 32
15 22 4 33
1 23 10 28
2 8 1 37
0 18 28 15
8 14 28 17
6 20 10 34
11 15 27 22
13 22 13 36
19 24 36 15
7 24 19 32
16 20 23 30
12 16 33 21
6 24 2 51
1 11 4 51
6 10 11 46
(321 692)

Arvore 134
10 17 1 24
9 18 2 24
5 9 2 30
2 17 10 23
2 5 18 17
3 21 16 20
4 17 12 24
10 15 6 30
4 21 5 32
15 22 4 33
1 23 10 28
2 8 1 37
0 18 28 15
8 14 28 17
6 20 10 34
5 11 4 43
13 22 13 36
19 24 36 15
7 24 19 32
16 20 23 30
12 16 33 21
2 7 4 49
6 24 2 51
1 22 49 14
(336 679)

Arvore 135
10 17 1 24
9 18 2 24
5 9 2 30
2 17 10 23
2 5 18 17
3 21 16 20
4 17 12 24
10 15 6 30
4 21 5 32
15 22 4 33
1 23 10 28
2 8 1 37
0 18 28 15
8 14 28 17
6 20 10 34
11 15 27 22
13 22 13 36
19 24 36 15
7 24 19 32
12 16 33 21
2 7 4 49
9 16 27 28
1 11 4 51
6 10 11 46
(327 688)

Arvore 136
10 17 1 24
9 18 2 24
5 9 2 30
2 17 10 23
2 5 18 17
3 21 16 20
4 17 12 24
10 15 6 30
4 21 5 32
15 22 4 33
1 23 10 28
2 8 1 37
0 18 28 15
8 14 28 17
6 20 10 34
11 15 27 22
13 22 13 36
19 24 36 15
7 24 19 32
16 20 23 30
12 16 33 21
6 24 2 51
1 11 4 51
6 14 25 35
(335 681)

Arvore 137
10 17 1 24
9 18 2 24
5 9 2 30
2 17 10 23
2 5 18 17
3 21 16 20
4 17 12 24
10 15 6 30
4 21 5 32
15 22 4 33
1 23 10 28
2 8 1 37
0 18 28 15
8 14 28 17
6 20 10 34
5 11 4 43
13 22 13 36
19 24 36 15
7 24 19 32
16 20 23 30
12 16 33 21
9 16 27 28
1 11 4 51
0 7 18 42
(330 686)

Arvore 138
10 17 1 24
9 18 2 24
2 17 10 23
5 9 2 30
2 5 18 17
3 21 16 20
4 17 12 24
10 15 6 30
4 21 5 32
1 23 10 28
15 22 4 33
2 8 1 37
0 18 28 15
8 14 28 17
6 20 10 34
11 15 27 22
19 24 36 15
13 22 13 36
7 24 19 32
12 16 33 21
16 20 23 30
9 16 27 28
6 24 2 51
1 22 49 14
(382 637)

Arvore 139
10 17 1 24
9 18 2 24
2 17 10 23
5 9 2 30
2 5 18 17
3 21 16 20
4 17 12 24
10 15 6 30
4 21 5 32
1 23 10 28
15 22 4 33
2 8 1 37
0 18 28 15
8 14 28 17
6 20 10 34
19 24 36 15
5 11 4 43
13 22 13 36
7 24 19 32
12 16 33 21
16 20 23 30
9 16 27 28
2 7 4 49
1 22 49 14
(361 656)

Arvore 140
10 17 1 24
9 18 2 24
2 17 10 23
5 9 2 30
2 5 18 17
3 21 16 20
4 17 12 24
10 15 6 30
4 21 5 32
1 23 10 28
15 22 4 33
2 8 1 37
0 18 28 15
8 14 28 17
6 20 10 34
11 15 27 22
19 24 36 15
13 22 13 36
7 24 19 32
12 16 33 21
16 20 23 30
2 7 4 49
6 24 2 51
1 22 49 14
(359 658)

Arvore 141
10 17 1 24
9 18 2 24
2 17 10 23
5 9 2 30
2 5 18 17
3 21 16 20
4 17 12 24
10 15 6 30
4 21 5 32
1 23 10 28
15 22 4 33
2 8 1 37
0 18 28 15
8 14 28 17
6 20 10 34
11 15 27 22
19 24 36 15
13 22 13 36
7 24 19 32
12 16 33 21
16 20 23 30
9 16 27 28
1 11 4 51
0 7 18 42
(353 665)

Arvore 142
10 17 1 24
9 18 2 24
2 17 10 23
5 9 2 30
2 5 18 17
3 21 16 20
4 17 12 24
10 15 6 30
4 21 5 32
1 23 10 28
15 22 4 33
2 8 1 37
0 18 28 15
8 14 28 17
6 20 10 34
11 15 27 22
19 24 36 15
13 22 13 36
7 24 19 32
12 16 33 21
16 20 23 30
9 16 27 28
2 7 4 49
1 6 45 22
(380 643)

Arvore 143
10 17 1 24
9 18 2 24
2 17 10 23
5 9 2 30
2 5 18 17
3 21 16 20
4 17 12 24
10 15 6 30
4 21 5 32
1 23 10 28
15 22 4 33
2 8 1 37
0 18 28 15
8 14 28 17
6 20 10 34
11 15 27 22
19 24 36 15
13 22 13 36
7 24 19 32
12 16 33 21
16 20 23 30
2 7 4 49
1 22 49 14
6 10 11 46
(368 653)

Arvore 144
10 17 1 24
9 18 2 24
2 17 10 23
5 9 2 30
2 5 18 17
3 21 16 20
4 17 12 24
10 15 6 30
4 21 5 32
1 23 10 28
15 22 4 33
2 8 1 37
0 18 28 15
8 14 28 17
6 20 10 34
11 15 27 22
19 24 36 15
13 22 13 36
12 16 33 21
16 20 23 30
9 16 27 28
2 7 4 49
6 24 2 51
1 22 49 14
(367 654)

Arvore 145
10 17 1 24
9 18 2 24
2 17 10 23
5 9 2 30
2 5 18 17
3 21 16 20
4 17 12 24
10 15 6 30
4 21 5 32
1 23 10 28
15 22 4 33
2 8 1 37
0 18 28 15
8 14 28 17
6 20 10 34
11 15 27 22
19 24 36 15
13 22 13 36
7 24 19 32
12 16 33 21
16 20 23 30
9 16 27 28
6 24 2 51
1 6 45 22
(378 645)

Arvore 146
10 17 1 24
9 18 2 24
2 17 10 23
5 9 2 30
2 5 18 17
3 21 16 20
4 17 12 24
10 15 6 30
4 21 5 32
1 23 10 28
15 22 4 33
2 8 1 37
0 18 28 15
8 14 28 17
6 20 10 34
11 15 27 22
19 24 36 15
13 22 13 36
7 24 19 32
12 16 33 21
16 20 23 30
6 24 2 51
1 22 49 14
6 10 11 46
(366 655)

Arvore 147
10 17 1 24
9 18 2 24
2 17 10 23
5 9 2 30
2 5 18 17
3 21 16 20
4 17 12 24
10 15 6 30
4 21 5 32
1 23 10 28
15 22 4 33
2 8 1 37
0 18 28 15
8 14 28 17
6 20 10 34
11 15 27 22
19 24 36 15
13 22 13 36
7 24 19 32
12 16 33 21
9 16 27 28
2 7 4 49
1 22 49 14
6 10 11 46
(372 651)

Arvore 148
10 17 1 24
9 18 2 24
2 17 10 23
5 9 2 30
2 5 18 17
3 21 16 20
4 17 12 24
10 15 6 30
4 21 5 32
1 23 10 28
15 22 4 33
2 8 1 37
0 18 28 15
8 14 28 17
6 20 10 34
19 24 36 15
5 11 4 43
13 22 13 36
7 24 19 32
12 16 33 21
16 20 23 30
9 16 27 28
1 22 49 14
0 7 18 42
(375 649)

Arvore 149
10 17 1 24
9 18 2 24
2 17 10 23
5 9 2 30
2 5 18 17
3 21 16 20
4 17 12 24
10 15 6 30
4 21 5 32
1 23 10 28
15 22 4 33
2 8 1 37
0 18 28 15
8 14 28 17
6 20 10 34
19 24 36 15
5 11 4 43
13 22 13 36
7 24 19 32
12 16 33 21
16 20 23 30
9 16 27 28
2 7 4 49
1 6 45 22
(357 664)

Arvore 150
10 17 1 24
9 18 2 24
2 5 18 17
2 17 10 23
3 21 16 20
5 9 2 30
4 17 12 24
0 18 28 15
10 15 6 30
1 23 10 28
4 21 5 32
15 22 4 33
8 14 28 17
2 8 1 37
19 24 36 15
11 15 27 22
6 20 10 34
12 16 33 21
13 22 13 36
7 24 19 32
16 20 23 30
9 16 27 28
1 22 49 14
0 7 18 42
(398 628)

Arvore 151
10 17 1 24
9 18 2 24
2 5 18 17
2 17 10 23
3 21 16 20
5 9 2 30
4 17 12 24
0 18 28 15
10 15 6 30
1 23 10 28
4 21 5 32
15 22 4 33
8 14 28 17
2 8 1 37
19 24 36 15
11 15 27 22
6 20 10 34
12 16 33 21
13 22 13 36
7 24 19 32
16 20 23 30
9 16 27 28
1 22 49 14
14 19 41 28
(421 614)

Arvore 152
10 17 1 24
9 18 2 24
2 5 18 17
2 17 10 23
3 21 16 20
5 9 2 30
4 17 12 24
0 18 28 15
10 15 6 30
1 23 10 28
4 21 5 32
15 22 4 33
8 14 28 17
2 8 1 37
19 24 36 15
11 15 27 22
6 20 10 34
12 16 33 21
13 22 13 36
7 24 19 32
16 20 23 30
9 16 27 28
7 8 62 10
1 6 45 22
(438 604)

Arvore 153
10 17 1 24
9 18 2 24
2 5 18 17
2 17 10 23
3 21 16 20
5 9 2 30
4 17 12 24
0 18 28 15
10 15 6 30
1 23 10 28
4 21 5 32
8 14 28 17
2 8 1 37
19 24 36 15
11 15 27 22
6 20 10 34
18 22 24 25
12 16 33 21
13 22 13 36
7 24 19 32
16 20 23 30
9 16 27 28
1 22 49 14
2 7 4 49
(404 627)

Arvore 154
10 17 1 24
9 18 2 24
2 5 18 17
2 17 10 23
3 21 16 20
5 9 2 30
4 17 12 24
0 18 28 15
10 15 6 30
1 23 10 28
4 21 5 32
15 22 4 33
8 14 28 17
2 8 1 37
19 24 36 15
6 20 10 34
12 16 33 21
13 22 13 36
7 24 19 32
16 20 23 30
5 11 4 43
9 16 27 28
1 22 49 14
7 8 62 10
(419 617)

Arvore 155
10 17 1 24
9 18 2 24
2 5 18 17
2 17 10 23
3 21 16 20
5 9 2 30
4 17 12 24
0 18 28 15
10 15 6 30
1 23 10 28
4 21 5 32
15 22 4 33
8 14 28 17
2 8 1 37
19 24 36 15
11 15 27 22
6 20 10 34
12 16 33 21
13 22 13 36
7 24 19 32
16 20 23 30
1 22 49 14
7 8 62 10
6 14 25 35
(440 603)

Arvore 156
10 17 1 24
9 18 2 24
2 5 18 17
2 17 10 23
3 21 16 20
5 9 2 30
4 17 12 24
0 18 28 15
10 15 6 30
1 23 10 28
4 21 5 32
15 22 4 33
8 14 28 17
2 8 1 37
19 24 36 15
11 15 27 22
6 20 10 34
12 16 33 21
13 22 13 36
7 24 19 32
16 20 23 30
9 16 27 28
1 22 49 14
19 23 32 36
(412 622)

Arvore 157
10 17 1 24
9 18 2 24
2 5 18 17
2 17 10 23
3 21 16 20
5 9 2 30
4 17 12 24
0 18 28 15
10 15 6 30
1 23 10 28
4 21 5 32
15 22 4 33
8 14 28 17
2 8 1 37
19 24 36 15
11 15 27 22
6 20 10 34
12 16 33 21
13 22 13 36
7 24 19 32
16 20 23 30
9 16 27 28
1 22 49 14
2 24 38 32
(418 618)

Arvore 158
10 17 1 24
9 18 2 24
2 5 18 17
2 17 10 23
3 21 16 20
5 9 2 30
4 17 12 24
0 18 28 15
10 15 6 30
1 23 10 28
4 21 5 32
15 22 4 33
8 14 28 17
2 8 1 37
19 24 36 15
11 15 27 22
6 20 10 34
12 16 33 21
13 22 13 36
7 24 19 32
16 20 23 30
1 22 49 14
7 8 62 10
6 24 2 51
(417 619)

Arvore 159
10 17 1 24
9 18 2 24
2 5 18 17
2 17 10 23
3 21 16 20
5 9 2 30
4 17 12 24
0 18 28 15
10 15 6 30
1 23 10 28
4 21 5 32
15 22 4 33
8 14 28 17
2 8 1 37
19 24 36 15
11 15 27 22
6 20 10 34
12 16 33 21
13 22 13 36
7 24 19 32
16 20 23 30
9 16 27 28
7 8 62 10
1 11 4 51
(397 633)

Arvore 160
10 17 1 24
9 18 2 24
2 5 18 17
2 17 10 23
3 21 16 20
5 9 2 30
4 17 12 24
0 18 28 15
10 15 6 30
1 23 10 28
4 21 5 32
15 22 4 33
8 14 28 17
2 8 1 37
19 24 36 15
11 15 27 22
6 20 10 34
12 16 33 21
13 22 13 36
7 24 19 32
16 20 23 30
9 16 27 28
1 22 49 14
7 22 54 23
(434 609)

Arvore 161
10 17 1 24
9 18 2 24
2 5 18 17
2 17 10 23
3 21 16 20
5 9 2 30
4 17 12 24
0 18 28 15
10 15 6 30
1 23 10 28
4 21 5 32
15 22 4 33
8 14 28 17
2 8 1 37
19 24 36 15
11 15 27 22
6 20 10 34
12 16 33 21
13 22 13 36
7 24 19 32
9 16 27 28
1 22 49 14
7 8 62 10
6 10 11 46
(430 612)

Arvore 162
2 5 18 17
10 17 1 24
9 18 2 24
0 18 28 15
3 21 16 20
2 17 10 23
8 14 28 17
4 17 12 24
19 24 36 15
5 9 2 30
1 23 10 28
10 15 6 30
11 15 27 22
1 22 49 14
4 21 5 32
12 16 33 21
18 22 24 25
7 8 62 10
2 8 1 37
6 20 10 34
9 16 27 28
16 20 23 30
7 24 19 32
13 22 13 36
(462 588)

Arvore 163
2 5 18 17
10 17 1 24
9 18 2 24
0 18 28 15
3 21 16 20
2 17 10 23
8 14 28 17
4 17 12 24
19 24 36 15
5 9 2 30
1 23 10 28
10 15 6 30
11 15 27 22
1 22 49 14
4 21 5 32
12 16 33 21
15 22 4 33
7 8 62 10
2 8 1 37
6 20 10 34
16 20 23 30
18 20 82 6
7 24 19 32
13 22 13 36
(497 574)

Arvore 164
2 5 18 17
10 17 1 24
9 18 2 24
0 18 28 15
3 21 16 20
2 17 10 23
8 14 28 17
4 17 12 24
19 24 36 15
5 9 2 30
1 23 10 28
10 15 6 30
11 15 27 22
1 22 49 14
4 21 5 32
12 16 33 21
18 22 24 25
7 8 62 10
2 8 1 37
6 20 10 34
9 16 27 28
7 24 19 32
1 6 45 22
13 22 13 36
(484 580)

Arvore 165
2 5 18 17
10 17 1 24
9 18 2 24
0 18 28 15
3 21 16 20
2 17 10 23
8 14 28 17
4 17 12 24
19 24 36 15
5 9 2 30
1 23 10 28
10 15 6 30
11 15 27 22
1 22 49 14
4 21 5 32
12 16 33 21
15 22 4 33
7 8 62 10
2 8 1 37
6 20 10 34
16 20 23 30
7 24 19 32
1 6 45 22
13 22 13 36
(460 590)

Arvore 166
2 5 18 17
10 17 1 24
9 18 2 24
0 18 28 15
3 21 16 20
2 17 10 23
8 14 28 17
4 17 12 24
19 24 36 15
5 9 2 30
1 23 10 28
10 15 6 30
11 15 27 22
1 22 49 14
4 21 5 32
12 16 33 21
18 22 24 25
7 8 62 10
2 8 1 37
6 20 10 34
16 20 23 30
7 24 19 32
1 6 45 22
13 22 13 36
(480 582)

Arvore 167
2 5 18 17
10 17 1 24
9 18 2 24
0 18 28 15
3 21 16 20
2 17 10 23
8 14 28 17
4 17 12 24
19 24 36 15
5 9 2 30
1 23 10 28
10 15 6 30
11 15 27 22
1 22 49 14
4 21 5 32
12 16 33 21
15 22 4 33
7 8 62 10
2 8 1 37
9 16 27 28
16 20 23 30
7 24 19 32
1 6 45 22
13 22 13 36
(477 584)

Arvore 168
2 5 18 17
10 17 1 24
9 18 2 24
0 18 28 15
3 21 16 20
2 17 10 23
8 14 28 17
4 17 12 24
19 24 36 15
1 23 10 28
10 15 6 30
11 15 27 22
1 22 49 14
4 21 5 32
12 16 33 21
15 22 4 33
0 2 36 20
7 8 62 10
2 8 1 37
6 20 10 34
9 16 27 28
16 20 23 30
7 24 19 32
13 22 13 36
(476 586)

Arvore 169
2 5 18 17
10 17 1 24
9 18 2 24
0 18 28 15
3 21 16 20
2 17 10 23
8 14 28 17
4 17 12 24
19 24 36 15
1 23 10 28
10 15 6 30
11 15 27 22
1 22 49 14
4 21 5 32
12 16 33 21
0 2 36 20
18 22 24 25
7 8 62 10
2 8 1 37
6 20 10 34
9 16 27 28
16 20 23 30
7 24 19 32
13 22 13 36
(496 578)

Arvore 170
2 5 18 17
10 17 1 24
9 18 2 24
0 18 28 15
3 21 16 20
2 17 10 23
8 14 28 17
4 17 12 24
19 24 36 15
5 9 2 30
1 23 10 28
10 15 6 30
11 15 27 22
1 22 49 14
4 21 5 32
12 16 33 21
15 22 4 33
7 8 62 10
6 20 10 34
9 16 27 28
16 20 23 30
7 24 19 32
13 22 13 36
4 14 34 28
(475 587)

Arvore 171
2 5 18 17
10 17 1 24
9 18 2 24
0 18 28 15
3 21 16 20
2 17 10 23
8 14 28 17
4 17 12 24
19 24 36 15
5 9 2 30
1 23 10 28
10 15 6 30
11 15 27 22
1 22 49 14
4 21 5 32
12 16 33 21
18 22 24 25
7 8 62 10
6 20 10 34
9 16 27 28
16 20 23 30
7 24 19 32
13 22 13 36
4 14 34 28
(495 579)

Arvore 172
2 5 18 17
10 17 1 24
9 18 2 24
0 18 28 15
3 21 16 20
2 17 10 23
8 14 28 17
4 17 12 24
19 24 36 15
5 9 2 30
1 23 10 28
10 15 6 30
11 15 27 22
1 22 49 14
4 21 5 32
12 16 33 21
18 22 24 25
7 8 62 10
2 8 1 37
6 20 10 34
18 20 82 6
16 20 23 30
7 24 19 32
13 22 13 36
(517 566)

Arvore 173
2 5 18 17
10 17 1 24
9 18 2 24
0 18 28 15
3 21 16 20
2 17 10 23
8 14 28 17
4 17 12 24
19 24 36 15
5 9 2 30
1 23 10 28
11 15 27 22
1 22 49 14
4 21 5 32
12 16 33 21
15 22 4 33
18 22 24 25
7 8 62 10
2 8 1 37
6 20 10 34
18 20 82 6
16 20 23 30
7 24 19 32
13 22 13 36
(515 569)

Arvore 174
2 5 18 17
10 17 1 24
0 18 28 15
9 18 2 24
3 21 16 20
2 17 10 23
8 14 28 17
19 24 36 15
4 17 12 24
5 9 2 30
1 22 49 14
11 15 27 22
7 8 62 10
1 23 10 28
10 15 6 30
12 16 33 21
18 22 24 25
4 21 5 32
18 20 82 6
2 8 1 37
1 6 45 22
16 20 23 30
7 24 19 32
13 22 13 36
(552 554)

Arvore 175
2 5 18 17
10 17 1 24
0 18 28 15
9 18 2 24
3 21 16 20
2 17 10 23
8 14 28 17
19 24 36 15
4 17 12 24
5 9 2 30
1 22 49 14
11 15 27 22
7 8 62 10
1 23 10 28
10 15 6 30
12 16 33 21
4 21 5 32
18 20 82 6
15 22 4 33
9 16 27 28
2 8 1 37
1 6 45 22
7 24 19 32
13 22 13 36
(536 560)

Arvore 176
2 5 18 17
10 17 1 24
0 18 28 15
9 18 2 24
3 21 16 20
2 17 10 23
8 14 28 17
19 24 36 15
4 17 12 24
5 9 2 30
1 22 49 14
11 15 27 22
7 8 62 10
1 23 10 28
10 15 6 30
12 16 33 21
15 21 52 16
18 20 82 6
15 22 4 33
9 16 27 28
2 8 1 37
6 20 10 34
7 24 19 32
13 22 13 36
(548 556)

Arvore 177
2 5 18 17
10 17 1 24
0 18 28 15
9 18 2 24
3 21 16 20
2 17 10 23
8 14 28 17
19 24 36 15
4 17 12 24
5 9 2 30
1 22 49 14
11 15 27 22
7 8 62 10
1 23 10 28
10 15 6 30
12 16 33 21
4 21 5 32
18 20 82 6
15 22 4 33
2 8 1 37
1 6 45 22
16 20 23 30
7 24 19 32
13 22 13 36
(532 562)

Arvore 178
2 5 18 17
10 17 1 24
0 18 28 15
9 18 2 24
3 21 16 20
2 17 10 23
8 14 28 17
19 24 36 15
4 17 12 24
5 9 2 30
1 22 49 14
11 15 27 22
7 8 62 10
1 23 10 28
10 15 6 30
12 16 33 21
15 21 52 16
18 20 82 6
15 22 4 33
2 8 1 37
6 20 10 34
16 20 23 30
7 24 19 32
13 22 13 36
(544 558)

Arvore 179
2 5 18 17
10 17 1 24
0 18 28 15
9 18 2 24
3 21 16 20
2 17 10 23
8 14 28 17
19 24 36 15
4 17 12 24
5 9 2 30
1 22 49 14
7 8 62 10
11 15 27 22
1 23 10 28
10 15 6 30
12 16 33 21
18 22 24 25
15 21 52 16
18 20 82 6
9 16 27 28
2 8 1 37
6 20 10 34
7 24 19 32
13 22 13 36
(568 548)

Arvore 180
2 5 18 17
10 17 1 24
0 18 28 15
9 18 2 24
3 21 16 20
2 17 10 23
8 14 28 17
19 24 36 15
4 17 12 24
5 9 2 30
1 22 49 14
7 8 62 10
11 15 27 22
1 23 10 28
10 15 6 30
12 16 33 21
18 22 24 25
15 21 52 16
18 20 82 6
1 6 45 22
2 8 1 37
16 20 23 30
7 24 19 32
13 22 13 36
(599 538)

Arvore 181
2 5 18 17
10 17 1 24
0 18 28 15
9 18 2 24
3 21 16 20
2 17 10 23
8 14 28 17
19 24 36 15
4 17 12 24
5 9 2 30
1 22 49 14
7 8 62 10
11 15 27 22
1 23 10 28
10 15 6 30
12 16 33 21
18 22 24 25
15 21 52 16
18 20 82 6
2 8 1 37
6 20 10 34
16 20 23 30
7 24 19 32
13 22 13 36
(564 550)

Arvore 182
2 5 18 17
10 17 1 24
0 18 28 15
9 18 2 24
3 21 16 20
2 17 10 23
8 14 28 17
19 24 36 15
4 17 12 24
5 9 2 30
1 22 49 14
7 8 62 10
11 15 27 22
1 23 10 28
10 15 6 30
12 16 33 21
15 21 52 16
18 20 82 6
15 22 4 33
9 16 27 28
1 6 45 22
2 8 1 37
7 24 19 32
13 22 13 36
(583 544)

Arvore 183
2 5 18 17
10 17 1 24
0 18 28 15
9 18 2 24
3 21 16 20
2 17 10 23
8 14 28 17
19 24 36 15
4 17 12 24
1 22 49 14
7 8 62 10
11 15 27 22
1 23 10 28
10 15 6 30
12 16 33 21
0 2 36 20
18 22 24 25
4 21 5 32
18 20 82 6
9 16 27 28
1 6 45 22
2 8 1 37
7 24 19 32
13 22 13 36
(590 542)

Arvore 184
2 5 18 17
10 17 1 24
0 18 28 15
9 18 2 24
3 21 16 20
2 17 10 23
8 14 28 17
19 24 36 15
4 17 12 24
5 9 2 30
1 22 49 14
7 8 62 10
11 15 27 22
1 23 10 28
10 15 6 30
12 16 33 21
15 21 52 16
18 20 82 6
15 22 4 33
1 6 45 22
2 8 1 37
16 20 23 30
7 24 19 32
13 22 13 36
(579 546)

Arvore 185
2 5 18 17
10 17 1 24
0 18 28 15
9 18 2 24
3 21 16 20
2 17 10 23
8 14 28 17
19 24 36 15
4 17 12 24
5 9 2 30
1 22 49 14
7 8 62 10
11 15 27 22
1 23 10 28
10 15 6 30
12 16 33 21
18 22 24 25
4 21 5 32
18 20 82 6
9 16 27 28
1 6 45 22
7 24 19 32
4 14 34 28
13 22 13 36
(589 543)

Arvore 186
2 5 18 17
10 17 1 24
0 18 28 15
9 18 2 24
3 21 16 20
2 17 10 23
8 14 28 17
19 24 36 15
4 17 12 24
5 9 2 30
1 22 49 14
7 8 62 10
11 15 27 22
1 23 10 28
12 16 33 21
18 22 24 25
4 21 5 32
15 21 52 16
18 20 82 6
1 6 45 22
2 8 1 37
16 20 23 30
7 24 19 32
13 22 13 36
(598 540)

Arvore 187
2 5 18 17
10 17 1 24
0 18 28 15
9 18 2 24
3 21 16 20
2 17 10 23
8 14 28 17
19 24 36 15
4 17 12 24
5 9 2 30
1 22 49 14
7 8 62 10
11 15 27 22
1 23 10 28
10 15 6 30
12 16 33 21
18 22 24 25
15 21 52 16
18 20 82 6
6 20 10 34
16 20 23 30
7 24 19 32
4 14 34 28
13 22 13 36
(597 541)

Arvore 188
2 5 18 17
0 18 28 15
10 17 1 24
9 18 2 24
3 21 16 20
8 14 28 17
19 24 36 15
2 17 10 23
4 17 12 24
7 8 62 10
1 22 49 14
11 15 27 22
18 20 82 6
5 9 2 30
12 16 33 21
1 23 10 28
15 21 52 16
10 15 6 30
18 22 24 25
1 6 45 22
9 16 27 28
7 24 19 32
4 14 34 28
13 22 13 36
(636 527)

Arvore 189
2 5 18 17
0 18 28 15
10 17 1 24
9 18 2 24
3 21 16 20
8 14 28 17
19 24 36 15
2 17 10 23
4 17 12 24
7 8 62 10
1 22 49 14
11 15 27 22
18 20 82 6
0 2 36 20
12 16 33 21
1 23 10 28
15 21 52 16
10 15 6 30
18 22 24 25
1 6 45 22
16 20 23 30
2 8 1 37
7 24 19 32
13 22 13 36
(633 528)

Arvore 190
2 5 18 17
0 18 28 15
10 17 1 24
9 18 2 24
3 21 16 20
8 14 28 17
19 24 36 15
2 17 10 23
4 17 12 24
7 8 62 10
1 22 49 14
11 15 27 22
18 20 82 6
5 9 2 30
12 16 33 21
1 23 10 28
15 21 52 16
10 15 6 30
18 22 24 25
1 6 45 22
16 20 23 30
7 24 19 32
4 14 34 28
13 22 13 36
(632 529)

Arvore 191
2 5 18 17
0 18 28 15
10 17 1 24
9 18 2 24
3 21 16 20
8 14 28 17
19 24 36 15
2 17 10 23
4 17 12 24
7 8 62 10
1 22 49 14
11 15 27 22
18 20 82 6
0 2 36 20
12 16 33 21
1 23 10 28
15 21 52 16
10 15 6 30
15 22 4 33
1 6 45 22
9 16 27 28
2 8 1 37
7 24 19 32
13 22 13 36
(617 534)

Arvore 192
2 5 18 17
0 18 28 15
10 17 1 24
9 18 2 24
3 21 16 20
8 14 28 17
19 24 36 15
2 17 10 23
4 17 12 24
7 8 62 10
1 22 49 14
11 15 27 22
18 20 82 6
5 9 2 30
12 16 33 21
1 23 10 28
15 21 52 16
10 15 6 30
18 22 24 25
1 6 45 22
9 16 27 28
2 8 1 37
13 22 13 36
14 19 41 28
(625 532)

Arvore 193
2 5 18 17
0 18 28 15
10 17 1 24
9 18 2 24
3 21 16 20
8 14 28 17
19 24 36 15
2 17 10 23
4 17 12 24
7 8 62 10
1 22 49 14
11 15 27 22
18 20 82 6
5 9 2 30
12 16 33 21
1 23 10 28
15 21 52 16
10 15 6 30
15 22 4 33
1 6 45 22
9 16 27 28
7 24 19 32
4 14 34 28
13 22 13 36
(616 535)

Arvore 194
2 5 18 17
0 18 28 15
10 17 1 24
9 18 2 24
3 21 16 20
8 14 28 17
19 24 36 15
2 17 10 23
4 17 12 24
7 8 62 10
1 22 49 14
11 15 27 22
18 20 82 6
0 2 36 20
12 16 33 21
1 23 10 28
10 15 6 30
18 22 24 25
4 21 5 32
1 6 45 22
9 16 27 28
7 24 19 32
4 14 34 28
13 22 13 36
(623 533)

Arvore 195
2 5 18 17
0 18 28 15
10 17 1 24
9 18 2 24
3 21 16 20
8 14 28 17
19 24 36 15
2 17 10 23
4 17 12 24
7 8 62 10
1 22 49 14
11 15 27 22
18 20 82 6
5 9 2 30
12 16 33 21
1 23 10 28
15 21 52 16
10 15 6 30
18 22 24 25
1 6 45 22
16 20 23 30
7 24 19 32
3 8 32 30
13 22 13 36
(630 531)

Arvore 196
2 5 18 17
0 18 28 15
10 17 1 24
3 21 16 20
9 18 2 24
8 14 28 17
19 24 36 15
2 17 10 23
4 17 12 24
7 8 62 10
1 22 49 14
18 20 82 6
11 15 27 22
0 2 36 20
12 16 33 21
15 21 52 16
1 23 10 28
10 15 6 30
18 22 24 25
1 6 45 22
9 16 27 28
7 24 19 32
4 14 34 28
13 22 13 36
(670 517)

Arvore 197
2 5 18 17
0 18 28 15
10 17 1 24
3 21 16 20
9 18 2 24
8 14 28 17
19 24 36 15
2 17 10 23
4 17 12 24
7 8 62 10
1 22 49 14
18 20 82 6
11 15 27 22
12 16 33 21
5 9 2 30
15 21 52 16
1 23 10 28
10 15 6 30
18 22 24 25
1 6 45 22
9 16 27 28
2 8 1 37
19 21 90 12
13 22 13 36
(674 516)

Arvore 198
2 5 18 17
0 18 28 15
10 17 1 24
3 21 16 20
9 18 2 24
8 14 28 17
19 24 36 15
2 17 10 23
4 17 12 24
7 8 62 10
1 22 49 14
18 20 82 6
11 15 27 22
12 16 33 21
5 9 2 30
15 21 52 16
1 23 10 28
10 15 6 30
18 22 24 25
1 6 45 22
9 16 27 28
7 24 19 32
19 21 90 12
13 22 13 36
(692 511)

Arvore 199
2 5 18 17
0 18 28 15
10 17 1 24
3 21 16 20
9 18 2 24
8 14 28 17
19 24 36 15
2 17 10 23
4 17 12 24
7 8 62 10
1 22 49 14
18 20 82 6
11 15 27 22
12 16 33 21
5 9 2 30
15 21 52 16
1 23 10 28
10 15 6 30
18 22 24 25
1 6 45 22
9 16 27 28
19 21 90 12
4 14 34 28
13 22 13 36
(707 507)

Arvore 200
2 5 18 17
0 18 28 15
10 17 1 24
3 21 16 20
9 18 2 24
8 14 28 17
19 24 36 15
2 17 10 23
4 17 12 24
7 8 62 10
1 22 49 14
18 20 82 6
11 15 27 22
0 2 36 20
12 16 33 21
15 21 52 16
1 23 10 28
10 15 6 30
18 22 24 25
1 6 45 22
16 20 23 30
2 8 1 37
19 21 90 12
13 22 13 36
(704 508)

Arvore 201
2 5 18 17
0 18 28 15
10 17 1 24
3 21 16 20
9 18 2 24
8 14 28 17
19 24 36 15
2 17 10 23
4 17 12 24
7 8 62 10
1 22 49 14
18 20 82 6
11 15 27 22
0 2 36 20
12 16 33 21
15 21 52 16
1 23 10 28
10 15 6 30
18 22 24 25
1 6 45 22
9 16 27 28
7 24 19 32
7 22 54 23
13 22 13 36
(690 512)

Arvore 202
2 5 18 17
0 18 28 15
10 17 1 24
3 21 16 20
9 18 2 24
8 14 28 17
19 24 36 15
2 17 10 23
4 17 12 24
7 8 62 10
1 22 49 14
18 20 82 6
11 15 27 22
0 2 36 20
12 16 33 21
15 21 52 16
1 23 10 28
10 15 6 30
18 22 24 25
1 6 45 22
16 20 23 30
7 24 19 32
4 14 34 28
13 22 13 36
(666 519)

Arvore 203
2 5 18 17
0 18 28 15
10 17 1 24
3 21 16 20
9 18 2 24
8 14 28 17
19 24 36 15
2 17 10 23
4 17 12 24
7 8 62 10
1 22 49 14
18 20 82 6
11 15 27 22
12 16 33 21
5 9 2 30
15 21 52 16
1 23 10 28
10 15 6 30
18 22 24 25
1 6 45 22
9 16 27 28
7 24 19 32
7 22 54 23
13 22 13 36
(656 522)

Arvore 204
2 5 18 17
0 18 28 15
10 17 1 24
3 21 16 20
9 18 2 24
8 14 28 17
19 24 36 15
2 17 10 23
4 17 12 24
7 8 62 10
1 22 49 14
18 20 82 6
11 15 27 22
12 16 33 21
5 9 2 30
15 21 52 16
1 23 10 28
10 15 6 30
18 22 24 25
1 6 45 22
16 20 23 30
7 24 19 32
19 21 90 12
13 22 13 36
(688 513)

Arvore 205
2 5 18 17
0 18 28 15
10 17 1 24
3 21 16 20
9 18 2 24
8 14 28 17
19 24 36 15
2 17 10 23
4 17 12 24
7 8 62 10
1 22 49 14
18 20 82 6
11 15 27 22
12 16 33 21
5 9 2 30
15 21 52 16
1 23 10 28
10 15 6 30
18 22 24 25
1 6 45 22
16 20 23 30
19 21 90 12
4 14 34 28
13 22 13 36
(703 509)

Arvore 206
2 5 18 17
0 18 28 15
10 17 1 24
3 21 16 20
9 18 2 24
8 14 28 17
19 24 36 15
2 17 10 23
4 17 12 24
7 8 62 10
1 22 49 14
18 20 82 6
11 15 27 22
0 2 36 20
12 16 33 21
15 21 52 16
1 23 10 28
10 15 6 30
18 22 24 25
1 6 45 22
16 20 23 30
7 24 19 32
7 22 54 23
13 22 13 36
(686 514)

Arvore 207
2 5 18 17
0 18 28 15
10 17 1 24
3 21 16 20
9 18 2 24
8 14 28 17
19 24 36 15
2 17 10 23
4 17 12 24
7 8 62 10
1 22 49 14
18 20 82 6
11 15 27 22
12 16 33 21
5 9 2 30
15 21 52 16
1 23 10 28
10 15 6 30
18 22 24 25
1 6 45 22
16 20 23 30
7 24 19 32
7 22 54 23
13 22 13 36
(652 524)

Arvore 208
2 5 18 17
0 18 28 15
10 17 1 24
3 21 16 20
9 18 2 24
8 14 28 17
19 24 36 15
2 17 10 23
4 17 12 24
7 8 62 10
1 22 49 14
18 20 82 6
11 15 27 22
0 2 36 20
12 16 33 21
15 21 52 16
1 23 10 28
10 15 6 30
18 22 24 25
1 6 45 22
16 20 23 30
7 24 19 32
3 8 32 30
13 22 13 36
(664 521)

Arvore 209
2 5 18 17
0 18 28 15
10 17 1 24
3 21 16 20
9 18 2 24
8 14 28 17
19 24 36 15
2 17 10 23
4 17 12 24
7 8 62 10
1 22 49 14
18 20 82 6
11 15 27 22
0 2 36 20
12 16 33 21
15 21 52 16
1 23 10 28
10 15 6 30
15 22 4 33
1 6 45 22
9 16 27 28
7 24 19 32
4 14 34 28
13 22 13 36
(650 525)

Arvore 210
2 5 18 17
0 18 28 15
10 17 1 24
3 21 16 20
9 18 2 24
8 14 28 17
19 24 36 15
2 17 10 23
7 8 62 10
4 17 12 24
1 22 49 14
18 20 82 6
11 15 27 22
0 2 36 20
12 16 33 21
15 21 52 16
1 23 10 28
10 15 6 30
18 22 24 25
1 6 45 22
16 20 23 30
19 21 90 12
7 24 19 32
13 22 13 36
(722 503)

Arvore 211
2 5 18 17
0 18 28 15
10 17 1 24
3 21 16 20
9 18 2 24
8 14 28 17
19 24 36 15
2 17 10 23
7 8 62 10
4 17 12 24
1 22 49 14
18 20 82 6
11 15 27 22
0 2 36 20
12 16 33 21
15 21 52 16
1 23 10 28
10 15 6 30
15 22 4 33
1 6 45 22
9 16 27 28
19 21 90 12
4 14 34 28
13 22 13 36
(721 505)

Arvore 212
2 5 18 17
0 18 28 15
10 17 1 24
3 21 16 20
8 14 28 17
9 18 2 24
19 24 36 15
2 17 10 23
7 8 62 10
1 22 49 14
4 17 12 24
18 20 82 6
11 15 27 22
0 2 36 20
12 16 33 21
15 21 52 16
1 23 10 28
18 22 24 25
10 15 6 30
1 6 45 22
19 21 90 12
16 20 23 30
4 14 34 28
13 22 13 36
(737 499)

Arvore 213
2 5 18 17
0 18 28 15
3 21 16 20
8 14 28 17
19 24 36 15
10 17 1 24
9 18 2 24
2 17 10 23
7 8 62 10
1 22 49 14
18 20 82 6
4 17 12 24
11 15 27 22
0 2 36 20
15 21 52 16
12 16 33 21
1 23 10 28
18 22 24 25
10 15 6 30
1 6 45 22
19 21 90 12
16 20 23 30
7 22 54 23
13 22 13 36
(757 494)

Arvore 214
2 5 18 17
0 18 28 15
3 21 16 20
8 14 28 17
19 24 36 15
10 17 1 24
9 18 2 24
2 17 10 23
7 8 62 10
1 22 49 14
18 20 82 6
4 17 12 24
11 15 27 22
0 2 36 20
15 21 52 16
12 16 33 21
1 23 10 28
18 22 24 25
4 21 5 32
1 6 45 22
19 21 90 12
16 20 23 30
7 22 54 23
13 22 13 36
(756 496)

Arvore 215
2 5 18 17
0 18 28 15
19 24 36 15
8 14 28 17
3 21 16 20
10 17 1 24
9 18 2 24
7 8 62 10
2 17 10 23
1 22 49 14
18 20 82 6
4 17 12 24
11 15 27 22
15 21 52 16
0 2 36 20
12 16 33 21
1 23 10 28
18 22 24 25
9 21 80 12
1 6 45 22
19 21 90 12
9 16 27 28
4 14 34 28
13 22 13 36
(815 479)

Arvore 216
2 5 18 17
0 18 28 15
19 24 36 15
8 14 28 17
3 21 16 20
10 17 1 24
9 18 2 24
7 8 62 10
2 17 10 23
1 22 49 14
18 20 82 6
4 17 12 24
11 15 27 22
15 21 52 16
0 2 36 20
12 16 33 21
1 23 10 28
18 22 24 25
9 21 80 12
1 6 45 22
19 21 90 12
9 16 27 28
7 24 19 32
13 22 13 36
(800 483)

Arvore 217
2 5 18 17
0 18 28 15
19 24 36 15
8 14 28 17
3 21 16 20
10 17 1 24
9 18 2 24
7 8 62 10
2 17 10 23
1 22 49 14
18 20 82 6
4 17 12 24
11 15 27 22
15 21 52 16
0 2 36 20
12 16 33 21
1 23 10 28
18 22 24 25
9 21 80 12
1 6 45 22
19 21 90 12
16 20 23 30
7 22 54 23
13 22 13 36
(831 476)

Arvore 218
2 5 18 17
0 18 28 15
19 24 36 15
8 14 28 17
3 21 16 20
10 17 1 24
9 18 2 24
7 8 62 10
2 17 10 23
1 22 49 14
18 20 82 6
4 17 12 24
11 15 27 22
15 21 52 16
0 2 36 20
12 16 33 21
1 23 10 28
18 22 24 25
9 21 80 12
1 6 45 22
19 21 90 12
9 16 27 28
2 8 1 37
13 22 13 36
(782 488)

Arvore 219
2 5 18 17
0 18 28 15
19 24 36 15
8 14 28 17
3 21 16 20
10 17 1 24
9 18 2 24
7 8 62 10
2 17 10 23
1 22 49 14
18 20 82 6
4 17 12 24
11 15 27 22
15 21 52 16
0 2 36 20
12 16 33 21
1 23 10 28
18 22 24 25
9 21 80 12
1 6 45 22
19 21 90 12
16 20 23 30
4 14 34 28
13 22 13 36
(811 481)

Arvore 220
2 5 18 17
0 18 28 15
19 24 36 15
8 14 28 17
3 21 16 20
10 17 1 24
9 18 2 24
7 8 62 10
2 17 10 23
1 22 49 14
18 20 82 6
4 17 12 24
11 15 27 22
15 21 52 16
0 2 36 20
12 16 33 21
1 23 10 28
18 22 24 25
9 21 80 12
1 6 45 22
19 21 90 12
16 20 23 30
7 24 19 32
13 22 13 36
(796 485)

Arvore 221
2 5 18 17
0 18 28 15
19 24 36 15
8 14 28 17
3 21 16 20
10 17 1 24
9 18 2 24
7 8 62 10
2 17 10 23
1 22 49 14
18 20 82 6
4 17 12 24
11 15 27 22
15 21 52 16
12 16 33 21
1 23 10 28
5 9 2 30
18 22 24 25
9 21 80 12
1 6 45 22
19 21 90 12
9 16 27 28
4 14 34 28
13 22 13 36
(781 489)

Arvore 222
2 5 18 17
0 18 28 15
19 24 36 15
8 14 28 17
3 21 16 20
10 17 1 24
9 18 2 24
7 8 62 10
2 17 10 23
1 22 49 14
18 20 82 6
4 17 12 24
11 15 27 22
15 21 52 16
0 2 36 20
12 16 33 21
1 23 10 28
18 22 24 25
9 21 80 12
1 6 45 22
19 21 90 12
16 20 23 30
2 8 1 37
13 22 13 36
(778 490)

Arvore 223
2 5 18 17
0 18 28 15
19 24 36 15
8 14 28 17
3 21 16 20
10 17 1 24
9 18 2 24
7 8 62 10
2 17 10 23
1 22 49 14
18 20 82 6
4 17 12 24
11 15 27 22
15 21 52 16
12 16 33 21
1 23 10 28
18 22 24 25
10 15 6 30
5 20 68 15
1 6 45 22
19 21 90 12
9 16 27 28
7 22 54 23
13 22 13 36
(793 487)

Arvore 224
2 5 18 17
0 18 28 15
19 24 36 15
8 14 28 17
3 21 16 20
10 17 1 24
9 18 2 24
7 8 62 10
2 17 10 23
1 22 49 14
18 20 82 6
4 17 12 24
11 15 27 22
15 21 52 16
12 16 33 21
1 23 10 28
5 9 2 30
18 22 24 25
9 21 80 12
1 6 45 22
19 21 90 12
16 20 23 30
4 14 34 28
13 22 13 36
(777 491)

Arvore 225
2 5 18 17
0 18 28 15
19 24 36 15
7 8 62 10
18 20 82 6
8 14 28 17
3 21 16 20
1 22 49 14
10 17 1 24
9 18 2 24
2 17 10 23
4 17 12 24
15 21 52 16
0 2 36 20
11 15 27 22
12 16 33 21
9 21 80 12
18 22 24 25
1 23 10 28
19 21 90 12
1 6 45 22
9 16 27 28
4 14 34 28
5 13 93 20
(895 463)

Arvore 226
2 5 18 17
0 18 28 15
19 24 36 15
7 8 62 10
18 20 82 6
8 14 28 17
3 21 16 20
1 22 49 14
10 17 1 24
9 18 2 24
2 17 10 23
4 17 12 24
15 21 52 16
0 2 36 20
11 15 27 22
12 16 33 21
9 21 80 12
18 22 24 25
1 23 10 28
19 21 90 12
1 6 45 22
7 22 54 23
16 20 23 30
5 13 93 20
(911 460)

Arvore 227
2 5 18 17
0 18 28 15
19 24 36 15
7 8 62 10
18 20 82 6
8 14 28 17
3 21 16 20
1 22 49 14
10 17 1 24
9 18 2 24
2 17 10 23
4 17 12 24
15 21 52 16
11 15 27 22
12 16 33 21
9 21 80 12
5 20 68 15
18 22 24 25
1 23 10 28
19 21 90 12
1 6 45 22
9 16 27 28
7 22 54 23
13 22 13 36
(867 469)

Arvore 228
2 5 18 17
0 18 28 15
19 24 36 15
7 8 62 10
18 20 82 6
8 14 28 17
3 21 16 20
1 22 49 14
10 17 1 24
9 18 2 24
2 17 10 23
4 17 12 24
15 21 52 16
0 2 36 20
11 15 27 22
12 16 33 21
9 21 80 12
18 22 24 25
1 23 10 28
19 21 90 12
1 6 45 22
9 16 27 28
7 24 19 32
5 13 93 20
(880 467)

Arvore 229
2 5 18 17
0 18 28 15
19 24 36 15
7 8 62 10
18 20 82 6
8 14 28 17
3 21 16 20
1 22 49 14
10 17 1 24
9 18 2 24
2 17 10 23
4 17 12 24
15 21 52 16
0 2 36 20
11 15 27 22
12 16 33 21
9 21 80 12
18 22 24 25
1 23 10 28
19 21 90 12
1 6 45 22
16 20 23 30
4 14 34 28
5 13 93 20
(891 465)

Arvore 230
2 5 18 17
0 18 28 15
19 24 36 15
7 8 62 10
18 20 82 6
8 14 28 17
3 21 16 20
1 22 49 14
10 17 1 24
9 18 2 24
2 17 10 23
4 17 12 24
15 21 52 16
11 15 27 22
12 16 33 21
9 21 80 12
5 20 68 15
18 22 24 25
1 23 10 28
19 21 90 12
1 6 45 22
7 22 54 23
16 20 23 30
13 22 13 36
(863 471)

Arvore 231
2 5 18 17
0 18 28 15
19 24 36 15
7 8 62 10
18 20 82 6
8 14 28 17
3 21 16 20
1 22 49 14
10 17 1 24
9 18 2 24
2 17 10 23
4 17 12 24
15 21 52 16
0 2 36 20
11 15 27 22
12 16 33 21
9 21 80 12
18 22 24 25
1 23 10 28
19 21 90 12
1 6 45 22
9 16 27 28
2 8 1 37
5 13 93 20
(862 472)

Arvore 232
2 5 18 17
0 18 28 15
19 24 36 15
7 8 62 10
18 20 82 6
8 14 28 17
3 21 16 20
1 22 49 14
10 17 1 24
9 18 2 24
2 17 10 23
4 17 12 24
15 21 52 16
11 15 27 22
12 16 33 21
9 21 80 12
18 22 24 25
1 23 10 28
19 21 90 12
5 9 2 30
1 6 45 22
9 16 27 28
4 14 34 28
5 13 93 20
(861 473)

Arvore 233
18 20 82 6
0 18 28 15
7 8 62 10
2 5 18 17
19 24 36 15
8 14 28 17
1 22 49 14
3 21 16 20
15 21 52 16
10 17 1 24
9 18 2 24
9 21 80 12
2 17 10 23
5 20 68 15
4 17 12 24
19 21 90 12
12 16 33 21
11 15 27 22
18 22 24 25
1 6 45 22
1 23 10 28
7 22 54 23
16 20 23 30
5 13 93 20
(943 455)

Arvore 234
18 20 82 6
7 8 62 10
0 18 28 15
2 5 18 17
19 24 36 15
1 22 49 14
8 14 28 17
3 21 16 20
9 21 80 12
15 21 52 16
19 21 90 12
10 17 1 24
9 18 2 24
2 17 10 23
0 2 36 20
12 16 33 21
11 15 27 22
4 17 12 24
1 6 45 22
18 22 24 25
21 23 81 19
7 22 54 23
9 16 27 28
5 13 93 20
(986 449)

Arvore 235
18 20 82 6
7 8 62 10
0 18 28 15
2 5 18 17
19 24 36 15
1 22 49 14
8 14 28 17
3 21 16 20
9 21 80 12
15 21 52 16
19 21 90 12
5 20 68 15
10 17 1 24
9 18 2 24
2 17 10 23
12 16 33 21
11 15 27 22
4 17 12 24
1 6 45 22
1 23 10 28
21 23 81 19
7 22 54 23
9 16 27 28
5 13 93 20
(1004 447)

Arvore 236
18 20 82 6
7 8 62 10
0 18 28 15
2 5 18 17
19 24 36 15
1 22 49 14
8 14 28 17
3 21 16 20
9 21 80 12
15 21 52 16
19 21 90 12
5 20 68 15
10 17 1 24
9 18 2 24
2 17 10 23
12 16 33 21
11 15 27 22
4 17 12 24
1 6 45 22
18 22 24 25
21 23 81 19
7 22 54 23
5 13 93 20
16 20 23 30
(1014 446)

Arvore 237
18 20 82 6
7 8 62 10
0 18 28 15
2 5 18 17
19 24 36 15
1 22 49 14
8 14 28 17
3 21 16 20
9 21 80 12
15 21 52 16
19 21 90 12
5 20 68 15
10 17 1 24
9 18 2 24
2 17 10 23
12 16 33 21
11 15 27 22
4 17 12 24
1 6 45 22
18 22 24 25
1 23 10 28
9 16 27 28
8 9 84 21
5 13 93 20
(977 451)

Arvore 238
18 20 82 6
7 8 62 10
0 18 28 15
2 5 18 17
19 24 36 15
1 22 49 14
8 14 28 17
3 21 16 20
9 21 80 12
15 21 52 16
19 21 90 12
10 17 1 24
9 18 2 24
2 17 10 23
0 2 36 20
12 16 33 21
11 15 27 22
4 17 12 24
1 6 45 22
1 23 10 28
21 23 81 19
7 22 54 23
9 16 27 28
5 13 93 20
(972 452)

Arvore 239
18 20 82 6
7 8 62 10
0 18 28 15
1 22 49 14
9 21 80 12
19 24 36 15
19 21 90 12
2 5 18 17
8 14 28 17
15 21 52 16
5 20 68 15
3 21 16 20
12 16 33 21
2 17 10 23
11 15 27 22
10 17 1 24
9 18 2 24
21 23 81 19
4 17 12 24
1 6 45 22
5 13 93 20
18 22 24 25
8 9 84 21
9 16 27 28
(1048 442)

Arvore 240
18 20 82 6
7 8 62 10
0 18 28 15
1 22 49 14
9 21 80 12
19 24 36 15
19 21 90 12
2 5 18 17
8 14 28 17
15 21 52 16
5 20 68 15
3 21 16 20
12 16 33 21
2 17 10 23
11 15 27 22
10 17 1 24
9 18 2 24
21 23 81 19
4 17 12 24
1 6 45 22
5 13 93 20
18 22 24 25
7 22 54 23
14 16 78 25
(1069 441)

Arvore 241
18 20 82 6
7 8 62 10
0 18 28 15
1 22 49 14
9 21 80 12
19 24 36 15
19 21 90 12
2 5 18 17
8 14 28 17
15 21 52 16
5 20 68 15
3 21 16 20
12 16 33 21
2 17 10 23
11 15 27 22
10 17 1 24
9 18 2 24
21 23 81 19
4 17 12 24
1 6 45 22
5 13 93 20
7 22 54 23
1 5 52 24
9 16 27 28
(1046 443)

Arvore 242
18 20 82 6
7 8 62 10
0 18 28 15
9 21 80 12
1 22 49 14
19 24 36 15
19 21 90 12
2 5 18 17
8 14 28 17
5 20 68 15
15 21 52 16
3 21 16 20
12 16 33 21
2 17 10 23
11 15 27 22
21 23 81 19
10 17 1 24
9 18 2 24
1 6 45 22
4 17 12 24
5 13 93 20
8 9 84 21
18 22 24 25
14 16 78 25
(1099 439)

Arvore 243
18 20 82 6
7 8 62 10
0 18 28 15
9 21 80 12
1 22 49 14
19 24 36 15
19 21 90 12
2 5 18 17
8 14 28 17
5 20 68 15
15 21 52 16
3 21 16 20
12 16 33 21
2 17 10 23
11 15 27 22
21 23 81 19
10 17 1 24
2 15 59 21
1 6 45 22
4 17 12 24
5 13 93 20
7 22 54 23
18 22 24 25
14 16 78 25
(1126 438)

Arvore 244
18 20 82 6
7 8 62 10
9 21 80 12
0 18 28 15
1 22 49 14
19 21 90 12
19 24 36 15
2 5 18 17
8 14 28 17
5 20 68 15
15 21 52 16
3 21 16 20
12 16 33 21
21 23 81 19
11 15 27 22
2 17 10 23
10 17 1 24
2 15 59 21
1 6 45 22
4 17 12 24
5 13 93 20
8 9 84 21
18 22 24 25
14 16 78 25
(1156 436)

Arvore 245
18 20 82 6
7 8 62 10
9 21 80 12
0 18 28 15
1 22 49 14
19 21 90 12
19 24 36 15
2 5 18 17
8 14 28 17
5 20 68 15
15 21 52 16
3 21 16 20
12 16 33 21
21 23 81 19
11 15 27 22
2 17 10 23
10 17 1 24
2 15 59 21
1 6 45 22
4 17 12 24
5 13 93 20
8 9 84 21
1 5 52 24
14 16 78 25
(1184 435)

