Fim da primeira fase ... 
0
Fim da segunda fase ... 
0
0
Total: 0
Suportadas = 8
Nao suportadas = 41
TOTAL DE SOLUCOES = 49

SUPORTADAS: 

Arvore 1
1 4 12 86
1 2 22 72
0 2 37 62
0 3 60 42
(131 262)

Arvore 2
1 2 22 72
1 4 12 86
0 2 37 62
1 3 61 40
(132 260)

Arvore 3
1 2 22 72
0 1 59 38
1 3 61 40
1 4 12 86
(154 236)

Arvore 4
0 1 59 38
1 2 22 72
1 3 61 40
2 4 95 13
(237 163)

Arvore 5
0 1 59 38
2 4 95 13
1 3 61 40
2 3 84 23
(299 114)

Arvore 6
0 1 59 38
2 4 95 13
1 3 61 40
0 4 92 17
(307 108)

Arvore 7
0 1 59 38
2 4 95 13
0 4 92 17
2 3 84 23
(330 91)

Arvore 8
2 4 95 13
3 4 98 16
0 4 92 17
0 1 59 38
(344 84)


NAO SUPORTADAS: 
Arvore 9
1 2 22 72
1 4 12 86
0 1 59 38
0 3 60 42
(153 238)

Arvore 10
0 1 59 38
1 2 22 72
0 3 60 42
2 4 95 13
(236 165)

Arvore 11
0 1 59 38
1 2 22 72
1 3 61 40
0 4 92 17
(234 167)

Arvore 12
0 1 59 38
1 2 22 72
0 3 60 42
0 4 92 17
(233 169)

Arvore 13
0 1 59 38
1 3 61 40
0 2 37 62
1 4 12 86
(169 226)

Arvore 14
0 1 59 38
1 2 22 72
1 4 12 86
2 3 84 23
(177 219)

Arvore 15
0 1 59 38
0 2 37 62
0 3 60 42
1 4 12 86
(168 228)

Arvore 16
1 2 22 72
1 3 61 40
0 2 37 62
2 4 95 13
(215 187)

Arvore 17
0 1 59 38
1 3 61 40
1 4 12 86
2 4 95 13
(227 177)

Arvore 18
1 2 22 72
0 2 37 62
0 3 60 42
2 4 95 13
(214 189)

Arvore 19
1 2 22 72
1 3 61 40
0 2 37 62
0 4 92 17
(212 191)

Arvore 20
0 1 59 38
0 3 60 42
1 4 12 86
2 4 95 13
(226 179)

Arvore 21
0 1 59 38
0 2 37 62
1 4 12 86
2 3 84 23
(192 209)

Arvore 22
1 2 22 72
0 2 37 62
0 3 60 42
0 4 92 17
(211 193)

Arvore 23
1 2 22 72
1 3 61 40
1 4 12 86
0 4 92 17
(187 215)

Arvore 24
0 1 59 38
1 2 22 72
1 4 12 86
3 4 98 16
(191 212)

Arvore 25
1 2 22 72
0 3 60 42
1 4 12 86
0 4 92 17
(186 217)

Arvore 26
1 3 61 40
0 2 37 62
1 4 12 86
2 4 95 13
(205 201)

Arvore 27
0 2 37 62
0 3 60 42
1 4 12 86
2 4 95 13
(204 203)

Arvore 28
1 3 61 40
0 2 37 62
1 4 12 86
0 4 92 17
(202 205)

Arvore 29
1 2 22 72
1 4 12 86
2 3 84 23
0 4 92 17
(210 198)

Arvore 30
0 2 37 62
0 3 60 42
1 4 12 86
0 4 92 17
(201 207)

Arvore 31
0 1 59 38
2 4 95 13
1 2 22 72
2 3 84 23
(260 146)

Arvore 32
0 1 59 38
2 4 95 13
2 3 84 23
0 3 60 42
(298 116)

Arvore 33
0 1 59 38
1 3 61 40
2 3 84 23
0 4 92 17
(296 118)

Arvore 34
0 1 59 38
2 4 95 13
1 3 61 40
0 2 37 62
(252 153)

Arvore 35
0 1 59 38
1 2 22 72
2 3 84 23
0 4 92 17
(257 150)

Arvore 36
0 1 59 38
2 3 84 23
0 3 60 42
0 4 92 17
(295 120)

Arvore 37
0 1 59 38
2 4 95 13
2 3 84 23
0 2 37 62
(275 136)

Arvore 38
0 1 59 38
2 4 95 13
0 3 60 42
0 2 37 62
(251 155)

Arvore 39
0 1 59 38
1 3 61 40
0 4 92 17
0 2 37 62
(249 157)

Arvore 40
0 1 59 38
2 3 84 23
0 4 92 17
0 2 37 62
(272 140)

Arvore 41
0 1 59 38
0 3 60 42
0 4 92 17
0 2 37 62
(248 159)

Arvore 42
2 4 95 13
1 3 61 40
1 2 22 72
0 4 92 17
(270 142)

Arvore 43
0 1 59 38
2 4 95 13
1 2 22 72
3 4 98 16
(274 139)

Arvore 44
2 4 95 13
1 2 22 72
2 3 84 23
0 4 92 17
(293 125)

Arvore 45
2 4 95 13
1 2 22 72
0 3 60 42
0 4 92 17
(269 144)

Arvore 46
0 1 59 38
2 4 95 13
0 2 37 62
3 4 98 16
(289 129)

Arvore 47
0 1 59 38
0 4 92 17
0 2 37 62
3 4 98 16
(286 133)

Arvore 48
0 1 59 38
2 4 95 13
0 4 92 17
0 3 60 42
(306 110)

Arvore 49
0 1 59 38
2 4 95 13
1 3 61 40
3 4 98 16
(313 107)

