Fim da primeira fase ... 
0
Fim da segunda fase ... 
0
0
Total: 0
Suportadas = 6
Nao suportadas = 6
TOTAL DE SOLUCOES = 12

SUPORTADAS: 

Arvore 1
1 2 0 77
1 4 17 43
2 3 21 60
0 4 23 66
(61 246)

Arvore 2
1 4 17 43
1 3 34 38
1 2 0 77
0 4 23 66
(74 224)

Arvore 3
1 4 17 43
1 3 34 38
2 3 21 60
0 4 23 66
(95 207)

Arvore 4
1 4 17 43
1 3 34 38
2 3 21 60
0 2 97 11
(169 152)

Arvore 5
1 4 17 43
1 3 34 38
0 2 97 11
2 4 42 46
(190 138)

Arvore 6
0 2 97 11
0 3 92 24
1 3 34 38
1 4 17 43
(240 116)


NAO SUPORTADAS: 
Arvore 7
1 4 17 43
1 3 34 38
1 2 0 77
0 2 97 11
(148 169)

Arvore 8
1 4 17 43
1 3 34 38
2 4 42 46
0 4 23 66
(116 193)

Arvore 9
1 4 17 43
1 3 34 38
2 3 21 60
0 3 92 24
(164 165)

Arvore 10
1 4 17 43
1 3 34 38
1 2 0 77
0 3 92 24
(143 182)

Arvore 11
1 4 17 43
2 3 21 60
1 2 0 77
0 2 97 11
(135 191)

Arvore 12
1 4 17 43
1 3 34 38
2 4 42 46
0 3 92 24
(185 151)

