Fim da primeira fase ... 
0.02
contador = 122
it = 0
it = 1
it = 2
it = 3
it = 4
it = 5
it = 6
it = 7
it = 8
it = 9
it = 10
it = 11
it = 12
it = 13
it = 14
it = 15
it = 16
it = 17
it = 18
it = 19
it = 20
it = 21
it = 22
it = 23
it = 24
it = 25
it = 26
it = 27
it = 28
it = 29
it = 30
it = 31
it = 32
it = 33
it = 34
it = 35
it = 36
it = 37
it = 38
it = 39
it = 40
it = 41
it = 42
it = 43
it = 44
it = 45
it = 46

Fim da segunda fase ... 
156746
1567.46
Total: 1567.48
Suportadas = 122
Nao suportadas = 3680
TOTAL DE SOLUCOES = 3802
SUPORTADAS: 
137 4379
138 4370
139 4362
140 4355
143 4337
145 4328
148 4315
151 4304
157 4286
163 4269
167 4259
176 4238
182 4225
197 4195
204 4182
208 4175
215 4163
233 4133
243 4117
250 4106
267 4082
287 4054
305 4030
312 4021
320 4011
342 3985
354 3971
374 3948
395 3924
417 3899
426 3889
437 3877
449 3864
472 3840
503 3808
594 3717
646 3666
671 3642
695 3619
739 3577
758 3559
776 3542
793 3526
807 3513
867 3458
901 3427
912 3417
966 3368
1016 3323
1035 3306
1080 3266
1133 3219
1158 3197
1215 3147
1325 3051
1356 3024
1379 3004
1424 2965
1461 2933
1520 2882
1630 2787
1703 2724
1754 2680
1812 2630
1898 2556
2150 2340
2240 2263
2392 2133
2439 2093
2506 2036
2546 2002
2592 1963
2735 1842
2868 1730
2918 1688
2961 1652
3016 1606
3232 1426
3297 1372
3326 1348
3349 1329
3429 1263
3480 1221
3604 1119
3643 1087
3714 1029
3810 951
3868 904
3920 862
3970 822
4024 779
4057 753
4085 731
4122 702
4168 666
4220 626
4249 604
4325 547
4350 529
4364 519
4395 497
4419 480
4435 469
4453 457
4485 436
4501 426
4506 423
4523 413
4535 406
4549 398
4560 392
4575 384
4591 376
4602 371
4607 369
4620 365
4627 363
4631 362
4644 359
4651 358
4660 357
4672 356

NAO SUPORTADAS: 
142 4343
141 4349
144 4334
146 4324
147 4320
150 4309
149 4313
155 4292
154 4295
156 4290
153 4299
152 4303
161 4275
160 4278
159 4281
162 4273
158 4285
165 4264
166 4262
164 4268
170 4252
173 4245
168 4257
171 4250
174 4243
169 4255
172 4248
175 4241
178 4234
179 4232
180 4230
181 4228
177 4237
189 4211
185 4219
192 4205
191 4207
184 4221
194 4201
188 4213
187 4215
195 4199
190 4209
193 4204
183 4224
196 4198
186 4218
202 4186
201 4188
200 4190
199 4192
198 4194
203 4185
207 4177
206 4179
205 4181
211 4170
214 4165
210 4172
213 4167
209 4174
212 4169
218 4158
221 4153
227 4143
224 4148
230 4138
229 4140
226 4145
220 4155
217 4160
232 4135
223 4150
216 4162
222 4152
219 4157
228 4142
225 4147
231 4137
240 4122
235 4130
237 4127
242 4119
234 4132
239 4124
241 4121
236 4129
238 4126
247 4111
249 4108
244 4116
246 4113
248 4110
245 4115
255 4099
260 4092
265 4085
253 4102
258 4095
263 4088
251 4105
256 4098
261 4091
266 4084
254 4101
259 4094
264 4087
252 4104
257 4097
262 4090
277 4068
272 4075
282 4061
275 4071
270 4078
285 4057
280 4064
283 4060
278 4067
268 4081
273 4074
276 4070
286 4056
271 4077
281 4063
284 4059
274 4073
279 4066
269 4080
293 4046
299 4038
288 4053
294 4045
300 4037
291 4049
303 4033
297 4041
295 4044
301 4036
298 4040
289 4052
292 4048
304 4032
302 4035
290 4051
296 4043
306 4029
310 4024
307 4028
311 4023
308 4027
309 4026
313 4020
314 4019
318 4014
315 4018
319 4013
316 4017
317 4016
332 3997
327 4003
322 4009
333 3996
339 3989
323 4008
334 3995
329 4001
340 3988
335 3994
324 4007
341 3987
330 4000
336 3993
325 4006
331 3999
337 3992
326 4005
338 3991
349 3977
344 3983
345 3982
351 3975
352 3974
346 3981
353 3973
347 3980
348 3979
361 3963
368 3955
362 3962
369 3954
356 3969
363 3961
370 3953
364 3960
371 3952
358 3967
365 3959
372 3951
359 3966
366 3958
373 3950
360 3965
367 3957
381 3940
388 3932
375 3947
389 3931
382 3939
376 3946
390 3930
383 3938
384 3937
377 3945
391 3929
378 3944
392 3928
385 3936
386 3935
393 3927
379 3943
387 3934
380 3942
394 3926
410 3907
403 3915
396 3923
411 3906
404 3914
397 3922
412 3905
405 3913
398 3921
413 3904
406 3912
399 3920
414 3903
407 3911
400 3919
415 3902
408 3910
401 3918
416 3901
409 3909
402 3917
419 3897
420 3896
421 3895
422 3894
423 3893
424 3892
425 3891
428 3887
429 3886
430 3885
431 3884
432 3883
433 3882
434 3881
435 3880
436 3879
438 3876
440 3874
442 3872
443 3871
444 3870
445 3869
446 3868
447 3867
448 3866
451 3862
454 3859
455 3858
456 3857
457 3856
458 3855
459 3854
460 3853
461 3852
462 3851
463 3850
464 3849
465 3848
466 3847
467 3846
468 3845
469 3844
470 3843
471 3842
453 3861
474 3838
477 3835
478 3834
479 3833
480 3832
481 3831
482 3830
483 3829
484 3828
485 3827
486 3826
487 3825
488 3824
489 3823
490 3822
491 3821
492 3820
493 3819
494 3818
495 3817
496 3816
497 3815
498 3814
499 3813
500 3812
501 3811
502 3810
476 3837
520 3791
512 3799
510 3801
525 3786
526 3785
527 3784
531 3780
532 3779
511 3800
529 3782
528 3783
535 3776
538 3773
545 3766
536 3775
519 3792
513 3798
516 3795
517 3794
518 3793
534 3777
533 3778
550 3761
542 3769
537 3774
543 3768
540 3771
541 3770
524 3787
522 3789
523 3788
548 3763
514 3797
539 3772
547 3764
546 3765
553 3758
557 3754
562 3749
555 3756
559 3752
563 3748
549 3762
565 3746
567 3744
564 3747
569 3742
566 3745
561 3750
551 3760
530 3781
505 3806
521 3790
552 3759
544 3767
556 3755
558 3753
560 3751
554 3757
570 3741
571 3740
572 3739
574 3737
573 3738
575 3736
576 3735
577 3734
508 3803
515 3796
578 3733
579 3732
568 3743
582 3729
584 3727
586 3725
588 3723
583 3728
585 3726
587 3724
589 3722
580 3731
581 3730
509 3802
591 3720
590 3721
592 3719
593 3718
507 3805
645 3667
644 3668
643 3669
642 3670
641 3671
640 3672
639 3673
638 3674
637 3675
636 3676
635 3677
634 3678
633 3679
632 3680
631 3681
630 3682
629 3683
628 3684
627 3685
626 3686
625 3687
624 3688
623 3689
622 3690
621 3691
620 3692
619 3693
618 3694
617 3695
616 3696
615 3697
614 3698
613 3699
612 3700
611 3701
610 3702
609 3703
608 3704
607 3705
606 3706
605 3707
604 3708
603 3709
602 3710
601 3711
600 3712
599 3713
598 3714
597 3715
596 3716
670 3643
669 3644
668 3645
667 3646
666 3647
665 3648
664 3649
663 3650
662 3651
661 3652
660 3653
659 3654
658 3655
657 3656
656 3657
655 3658
654 3659
653 3660
652 3661
651 3662
650 3663
649 3664
648 3665
694 3620
693 3621
692 3622
691 3623
690 3624
689 3625
688 3626
687 3627
686 3628
685 3629
684 3630
683 3631
682 3632
681 3633
680 3634
679 3635
678 3636
677 3637
676 3638
675 3639
674 3640
673 3641
717 3598
716 3599
738 3578
715 3600
737 3579
714 3601
736 3580
713 3602
735 3581
734 3582
712 3603
733 3583
711 3604
732 3584
710 3605
731 3585
709 3606
730 3586
708 3607
729 3587
707 3608
706 3609
728 3588
727 3589
705 3610
726 3590
704 3611
703 3612
725 3591
702 3613
724 3592
723 3593
701 3614
700 3615
722 3594
721 3595
699 3616
698 3617
720 3596
697 3618
719 3597
757 3560
756 3561
755 3562
754 3563
753 3564
752 3565
751 3566
750 3567
749 3568
748 3569
747 3570
746 3571
745 3572
744 3573
743 3574
742 3575
741 3576
775 3543
774 3544
773 3545
772 3546
771 3547
770 3548
769 3549
768 3550
767 3551
766 3552
765 3553
764 3554
763 3555
762 3556
761 3557
760 3558
792 3527
790 3529
789 3530
788 3531
787 3532
786 3533
785 3534
784 3535
783 3536
782 3537
781 3538
780 3539
779 3540
778 3541
806 3514
805 3515
804 3516
803 3517
802 3518
801 3519
800 3520
799 3521
798 3522
797 3523
796 3524
795 3525
819 3502
843 3480
831 3491
855 3469
854 3470
842 3481
866 3459
830 3492
818 3503
841 3482
865 3460
817 3504
829 3493
853 3471
828 3494
864 3461
852 3472
840 3483
816 3505
851 3473
863 3462
827 3495
839 3484
815 3506
850 3474
862 3463
838 3485
814 3507
826 3496
861 3464
849 3475
837 3486
813 3508
825 3497
860 3465
836 3487
824 3498
848 3476
812 3509
835 3488
859 3466
847 3477
823 3499
811 3510
822 3500
834 3489
810 3511
858 3467
846 3478
857 3468
809 3512
821 3501
833 3490
845 3479
878 3448
889 3438
900 3428
877 3449
888 3439
899 3429
876 3450
887 3440
898 3430
875 3451
886 3441
897 3431
874 3452
885 3442
896 3432
873 3453
884 3443
895 3433
872 3454
883 3444
894 3434
871 3455
882 3445
893 3435
870 3456
881 3446
892 3436
869 3457
880 3447
891 3437
911 3418
910 3419
909 3420
908 3421
907 3422
906 3423
905 3424
904 3425
903 3426
955 3378
944 3388
922 3408
965 3369
954 3379
943 3389
932 3399
921 3409
964 3370
953 3380
942 3390
931 3400
920 3410
963 3371
952 3381
941 3391
930 3401
919 3411
962 3372
951 3382
940 3392
929 3402
918 3412
961 3373
950 3383
939 3393
928 3403
917 3413
960 3374
949 3384
938 3394
927 3404
916 3414
959 3375
948 3385
937 3395
926 3405
915 3415
958 3376
947 3386
936 3396
925 3406
914 3416
957 3377
946 3387
935 3397
924 3407
934 3398
976 3359
1006 3332
985 3351
995 3342
1005 3333
975 3360
1015 3324
984 3352
974 3361
994 3343
1014 3325
1004 3334
1013 3326
973 3362
983 3353
1003 3335
993 3344
972 3363
1012 3327
1002 3336
992 3345
982 3354
1011 3328
1001 3337
981 3355
971 3364
991 3346
970 3365
1000 3338
990 3347
1010 3329
980 3356
999 3339
989 3348
1009 3330
969 3366
979 3357
998 3340
978 3358
988 3349
1008 3331
968 3367
997 3341
987 3350
1025 3315
1034 3307
1024 3316
1033 3308
1023 3317
1032 3309
1022 3318
1031 3310
1021 3319
1030 3311
1020 3320
1029 3312
1019 3321
1028 3313
1018 3322
1027 3314
1053 3290
1062 3282
1044 3298
1071 3274
1052 3291
1043 3299
1079 3267
1061 3283
1070 3275
1078 3268
1042 3300
1051 3292
1069 3276
1060 3284
1050 3293
1059 3285
1041 3301
1077 3269
1068 3277
1040 3302
1049 3294
1076 3270
1067 3278
1058 3286
1066 3279
1057 3287
1039 3303
1048 3295
1075 3271
1047 3296
1056 3288
1038 3304
1065 3280
1074 3272
1046 3297
1073 3273
1037 3305
1064 3281
1055 3289
1124 3227
1115 3235
1106 3243
1097 3251
1088 3259
1132 3220
1123 3228
1114 3236
1105 3244
1096 3252
1087 3260
1131 3221
1122 3229
1113 3237
1104 3245
1095 3253
1086 3261
1130 3222
1121 3230
1112 3238
1103 3246
1094 3254
1085 3262
1129 3223
1120 3231
1111 3239
1102 3247
1093 3255
1084 3263
1128 3224
1119 3232
1110 3240
1101 3248
1092 3256
1083 3264
1127 3225
1118 3233
1109 3241
1100 3249
1091 3257
1082 3265
1126 3226
1117 3234
1108 3242
1099 3250
1090 3258
1141 3212
1149 3205
1157 3198
1140 3213
1148 3206
1156 3199
1139 3214
1147 3207
1155 3200
1138 3215
1146 3208
1154 3201
1137 3216
1145 3209
1153 3202
1136 3217
1144 3210
1152 3203
1135 3218
1143 3211
1151 3204
1190 3169
1198 3162
1206 3155
1214 3148
1165 3191
1173 3184
1181 3177
1189 3170
1197 3163
1205 3156
1213 3149
1164 3192
1172 3185
1180 3178
1188 3171
1196 3164
1204 3157
1212 3150
1163 3193
1171 3186
1179 3179
1187 3172
1195 3165
1203 3158
1211 3151
1162 3194
1170 3187
1178 3180
1186 3173
1194 3166
1202 3159
1210 3152
1161 3195
1169 3188
1177 3181
1185 3174
1193 3167
1201 3160
1209 3153
1160 3196
1168 3189
1176 3182
1184 3175
1192 3168
1200 3161
1208 3154
1167 3190
1175 3183
1183 3176
1270 3099
1262 3106
1317 3058
1301 3072
1246 3120
1293 3079
1238 3127
1285 3086
1269 3100
1324 3052
1316 3059
1261 3107
1308 3066
1253 3114
1300 3073
1245 3121
1237 3128
1292 3080
1229 3135
1284 3087
1276 3094
1221 3142
1323 3053
1268 3101
1315 3060
1260 3108
1307 3067
1252 3115
1299 3074
1244 3122
1291 3081
1236 3129
1283 3088
1228 3136
1220 3143
1275 3095
1267 3102
1322 3054
1314 3061
1259 3109
1251 3116
1306 3068
1298 3075
1243 3123
1290 3082
1235 3130
1282 3089
1227 3137
1274 3096
1219 3144
1321 3055
1266 3103
1313 3062
1258 3110
1305 3069
1250 3117
1242 3124
1297 3076
1234 3131
1289 3083
1281 3090
1226 3138
1273 3097
1218 3145
1320 3056
1265 3104
1312 3063
1257 3111
1249 3118
1304 3070
1241 3125
1296 3077
1288 3084
1233 3132
1280 3091
1225 3139
1272 3098
1217 3146
1319 3057
1264 3105
1256 3112
1311 3064
1303 3071
1248 3119
1295 3078
1240 3126
1287 3085
1232 3133
1279 3092
1224 3140
1310 3065
1255 3113
1231 3134
1223 3141
1278 3093
1348 3031
1340 3038
1355 3025
1347 3032
1339 3039
1331 3046
1354 3026
1346 3033
1338 3040
1330 3047
1353 3027
1345 3034
1337 3041
1329 3048
1352 3028
1344 3035
1336 3042
1328 3049
1351 3029
1343 3036
1335 3043
1327 3050
1350 3030
1342 3037
1334 3044
1333 3045
1371 3011
1363 3018
1378 3005
1370 3012
1362 3019
1377 3006
1369 3013
1361 3020
1376 3007
1368 3014
1360 3021
1375 3008
1367 3015
1359 3022
1374 3009
1366 3016
1358 3023
1373 3010
1365 3017
1386 2998
1416 2972
1401 2985
1393 2992
1423 2966
1408 2979
1400 2986
1415 2973
1385 2999
1392 2993
1422 2967
1407 2980
1399 2987
1384 3000
1414 2974
1421 2968
1406 2981
1391 2994
1398 2988
1383 3001
1413 2975
1390 2995
1420 2969
1405 2982
1397 2989
1382 3002
1412 2976
1419 2970
1404 2983
1389 2996
1411 2977
1396 2990
1381 3003
1418 2971
1388 2997
1403 2984
1395 2991
1410 2978
1431 2959
1453 2940
1438 2953
1460 2934
1445 2947
1430 2960
1452 2941
1437 2954
1459 2935
1444 2948
1429 2961
1451 2942
1436 2955
1458 2936
1443 2949
1428 2962
1450 2943
1435 2956
1457 2937
1442 2950
1427 2963
1449 2944
1434 2957
1456 2938
1441 2951
1426 2964
1448 2945
1433 2958
1455 2939
1440 2952
1447 2946
1483 2914
1505 2895
1468 2927
1490 2908
1512 2889
1475 2921
1497 2902
1519 2883
1482 2915
1504 2896
1467 2928
1489 2909
1511 2890
1474 2922
1496 2903
1518 2884
1481 2916
1503 2897
1466 2929
1488 2910
1510 2891
1473 2923
1495 2904
1517 2885
1480 2917
1502 2898
1465 2930
1487 2911
1509 2892
1472 2924
1494 2905
1516 2886
1479 2918
1501 2899
1464 2931
1486 2912
1508 2893
1471 2925
1493 2906
1515 2887
1478 2919
1500 2900
1463 2932
1485 2913
1507 2894
1470 2926
1492 2907
1514 2888
1477 2920
1499 2901
1564 2844
1586 2825
1593 2819
1527 2876
1571 2838
1615 2800
1549 2857
1578 2832
1622 2794
1600 2813
1556 2851
1534 2870
1607 2807
1629 2788
1563 2845
1541 2864
1585 2826
1548 2858
1526 2877
1592 2820
1614 2801
1570 2839
1599 2814
1577 2833
1555 2852
1533 2871
1621 2795
1540 2865
1562 2846
1628 2789
1584 2827
1606 2808
1547 2859
1613 2802
1591 2821
1569 2840
1525 2878
1554 2853
1620 2796
1598 2815
1532 2872
1576 2834
1605 2809
1627 2790
1561 2847
1583 2828
1539 2866
1612 2803
1524 2879
1568 2841
1546 2860
1590 2822
1575 2835
1619 2797
1553 2854
1597 2816
1531 2873
1560 2848
1538 2867
1604 2810
1582 2829
1626 2791
1611 2804
1523 2880
1545 2861
1589 2823
1567 2842
1552 2855
1530 2874
1618 2798
1596 2817
1574 2836
1625 2792
1581 2830
1559 2849
1537 2868
1603 2811
1610 2805
1544 2862
1522 2881
1588 2824
1566 2843
1595 2818
1617 2799
1573 2837
1551 2856
1529 2875
1624 2793
1602 2812
1558 2850
1536 2869
1580 2831
1609 2806
1543 2863
1681 2743
1659 2762
1637 2781
1688 2737
1666 2756
1644 2775
1695 2731
1673 2750
1651 2769
1702 2725
1680 2744
1658 2763
1636 2782
1687 2738
1665 2757
1643 2776
1694 2732
1672 2751
1650 2770
1701 2726
1679 2745
1657 2764
1635 2783
1686 2739
1664 2758
1642 2777
1693 2733
1671 2752
1649 2771
1700 2727
1678 2746
1656 2765
1634 2784
1685 2740
1663 2759
1641 2778
1692 2734
1670 2753
1648 2772
1699 2728
1677 2747
1655 2766
1633 2785
1684 2741
1662 2760
1640 2779
1691 2735
1669 2754
1647 2773
1698 2729
1676 2748
1654 2767
1632 2786
1683 2742
1661 2761
1639 2780
1668 2755
1690 2736
1697 2730
1646 2774
1653 2768
1675 2749
1710 2718
1739 2693
1717 2712
1746 2687
1724 2706
1753 2681
1731 2700
1709 2719
1738 2694
1716 2713
1745 2688
1723 2707
1752 2682
1730 2701
1708 2720
1737 2695
1715 2714
1744 2689
1722 2708
1751 2683
1729 2702
1707 2721
1736 2696
1714 2715
1743 2690
1721 2709
1750 2684
1728 2703
1706 2722
1735 2697
1713 2716
1742 2691
1720 2710
1749 2685
1727 2704
1705 2723
1734 2698
1712 2717
1741 2692
1719 2711
1748 2686
1726 2705
1733 2699
1761 2674
1797 2643
1768 2668
1775 2662
1804 2637
1811 2631
1782 2656
1789 2650
1760 2675
1796 2644
1767 2669
1774 2663
1803 2638
1810 2632
1781 2657
1759 2676
1788 2651
1766 2670
1795 2645
1802 2639
1773 2664
1780 2658
1809 2633
1758 2677
1787 2652
1794 2646
1765 2671
1772 2665
1801 2640
1779 2659
1808 2634
1786 2653
1757 2678
1793 2647
1764 2672
1800 2641
1771 2666
1778 2660
1807 2635
1785 2654
1756 2679
1763 2673
1792 2648
1770 2667
1799 2642
1777 2661
1806 2636
1784 2655
1791 2649
1855 2593
1840 2606
1883 2569
1847 2600
1890 2563
1854 2594
1897 2557
1818 2625
1861 2588
1825 2619
1868 2582
1875 2576
1832 2613
1839 2607
1882 2570
1846 2601
1889 2564
1853 2595
1896 2558
1817 2626
1860 2589
1824 2620
1867 2583
1831 2614
1874 2577
1838 2608
1881 2571
1845 2602
1888 2565
1852 2596
1895 2559
1859 2590
1816 2627
1823 2621
1866 2584
1830 2615
1873 2578
1837 2609
1880 2572
1887 2566
1844 2603
1894 2560
1851 2597
1815 2628
1858 2591
1822 2622
1865 2585
1872 2579
1829 2616
1879 2573
1836 2610
1843 2604
1886 2567
1850 2598
1893 2561
1857 2592
1814 2629
1821 2623
1864 2586
1828 2617
1871 2580
1835 2611
1878 2574
1885 2568
1842 2605
1892 2562
1849 2599
1863 2587
1820 2624
1827 2618
1870 2581
1834 2612
1877 2575
1982 2484
1933 2526
1940 2520
2010 2460
2045 2430
2017 2454
2024 2448
2073 2406
1968 2496
2003 2466
1926 2532
2087 2394
1989 2478
2031 2442
1961 2502
1996 2472
2052 2424
1975 2490
2080 2400
2059 2418
2038 2436
2122 2364
2066 2412
2108 2376
2115 2370
2072 2407
2002 2467
1988 2479
2044 2431
1967 2497
1953 2509
2058 2419
1946 2515
2065 2413
2016 2455
2030 2443
2023 2449
2079 2401
1911 2545
1981 2485
2037 2437
2051 2425
2100 2383
2128 2359
2142 2347
2009 2461
1904 2551
2114 2371
2121 2365
2135 2353
1939 2521
2093 2389
2107 2377
1960 2503
1925 2533
1974 2491
2149 2341
1995 2473
2086 2395
1918 2539
1932 2527
2022 2450
2015 2456
2071 2408
2085 2396
1910 2546
1924 2534
1952 2510
1987 2480
2036 2438
2008 2462
2120 2366
1980 2486
1994 2474
1959 2504
2099 2384
2043 2432
2057 2420
1945 2516
2141 2348
2001 2468
1973 2492
1966 2498
1938 2522
2134 2354
2078 2402
2029 2444
2148 2342
2106 2378
2113 2372
2092 2390
2127 2360
1931 2528
2064 2414
2050 2426
1917 2540
1903 2552
1916 2541
2021 2451
2042 2433
2098 2385
2056 2421
1930 2529
2119 2367
2126 2361
2070 2409
1965 2499
2063 2415
1944 2517
2112 2373
1986 2481
2133 2355
2091 2391
2077 2403
2049 2427
1993 2475
2084 2397
2147 2343
2028 2445
2007 2463
2000 2469
2105 2379
1951 2511
1937 2523
2140 2349
2035 2439
2014 2457
1972 2493
1923 2535
1979 2487
1958 2505
1909 2547
1902 2553
2013 2458
2118 2368
2048 2428
2104 2380
1999 2470
2006 2464
2062 2416
2027 2446
2125 2362
1950 2512
1957 2506
1901 2554
2020 2452
2069 2410
2083 2398
1964 2500
1992 2476
1971 2494
2034 2440
2090 2392
2076 2404
2041 2434
2097 2386
1922 2536
2111 2374
2055 2422
1943 2518
1936 2524
1985 2482
1915 2542
1929 2530
1978 2488
2139 2350
2132 2356
2146 2344
1908 2548
2096 2387
2103 2381
2068 2411
1970 2495
2131 2357
2117 2369
2138 2351
2082 2399
2075 2405
2040 2435
1984 2483
2089 2393
2110 2375
2047 2429
2019 2453
2124 2363
2061 2417
2054 2423
2145 2345
2012 2459
2033 2441
1914 2543
1907 2549
1900 2555
1949 2513
2026 2447
1991 2477
2005 2465
1998 2471
1942 2519
1963 2501
1977 2489
1956 2507
1928 2531
1935 2525
1921 2537
2102 2382
2095 2388
1948 2514
2130 2358
1955 2508
1920 2538
2137 2352
1906 2550
2144 2346
1913 2544
2226 2275
2219 2281
2212 2287
2205 2293
2198 2299
2191 2305
2184 2311
2177 2317
2170 2323
2163 2329
2156 2335
2239 2264
2232 2270
2225 2276
2218 2282
2211 2288
2204 2294
2197 2300
2190 2306
2183 2312
2176 2318
2169 2324
2162 2330
2155 2336
2238 2265
2231 2271
2224 2277
2217 2283
2210 2289
2203 2295
2196 2301
2189 2307
2182 2313
2175 2319
2168 2325
2161 2331
2154 2337
2237 2266
2230 2272
2223 2278
2216 2284
2209 2290
2202 2296
2195 2302
2188 2308
2181 2314
2174 2320
2167 2326
2160 2332
2153 2338
2236 2267
2229 2273
2222 2279
2215 2285
2208 2291
2201 2297
2194 2303
2187 2309
2180 2315
2173 2321
2166 2327
2159 2333
2152 2339
2235 2268
2228 2274
2221 2280
2214 2286
2207 2292
2200 2298
2193 2304
2186 2310
2179 2316
2172 2322
2165 2328
2158 2334
2234 2269
2316 2198
2302 2210
2295 2216
2371 2151
2288 2222
2364 2157
2281 2228
2357 2163
2350 2169
2274 2234
2267 2240
2343 2175
2260 2246
2336 2181
2329 2187
2253 2252
2246 2258
2322 2193
2315 2199
2391 2134
2308 2205
2384 2140
2301 2211
2377 2146
2294 2217
2370 2152
2287 2223
2363 2158
2356 2164
2280 2229
2273 2235
2349 2170
2266 2241
2342 2176
2335 2182
2259 2247
2328 2188
2252 2253
2245 2259
2321 2194
2314 2200
2390 2135
2307 2206
2383 2141
2300 2212
2376 2147
2369 2153
2293 2218
2286 2224
2362 2159
2279 2230
2355 2165
2348 2171
2272 2236
2265 2242
2341 2177
2258 2248
2334 2183
2251 2254
2327 2189
2244 2260
2320 2195
2313 2201
2389 2136
2382 2142
2306 2207
2299 2213
2375 2148
2368 2154
2292 2219
2285 2225
2361 2160
2354 2166
2278 2231
2271 2237
2347 2172
2340 2178
2264 2243
2257 2249
2333 2184
2250 2255
2326 2190
2243 2261
2319 2196
2312 2202
2388 2137
2305 2208
2381 2143
2298 2214
2374 2149
2291 2220
2367 2155
2360 2161
2284 2226
2277 2232
2353 2167
2346 2173
2270 2238
2263 2244
2339 2179
2256 2250
2332 2185
2325 2191
2249 2256
2242 2262
2318 2197
2311 2203
2387 2138
2304 2209
2380 2144
2297 2215
2373 2150
2290 2221
2366 2156
2283 2227
2359 2162
2276 2233
2352 2168
2269 2239
2345 2174
2262 2245
2338 2180
2255 2251
2331 2186
2324 2192
2248 2257
2310 2204
2386 2139
2379 2145
2432 2099
2405 2122
2418 2111
2438 2094
2411 2117
2431 2100
2404 2123
2424 2106
2397 2129
2417 2112
2437 2095
2410 2118
2430 2101
2403 2124
2423 2107
2396 2130
2416 2113
2436 2096
2409 2119
2429 2102
2402 2125
2422 2108
2395 2131
2415 2114
2435 2097
2408 2120
2428 2103
2401 2126
2421 2109
2394 2132
2414 2115
2434 2098
2407 2121
2427 2104
2400 2127
2420 2110
2413 2116
2426 2105
2399 2128
2459 2076
2479 2059
2499 2042
2452 2082
2472 2065
2492 2048
2445 2088
2485 2054
2505 2037
2458 2077
2478 2060
2498 2043
2451 2083
2471 2066
2491 2049
2444 2089
2464 2072
2484 2055
2504 2038
2457 2078
2477 2061
2497 2044
2450 2084
2470 2067
2490 2050
2443 2090
2463 2073
2483 2056
2503 2039
2456 2079
2476 2062
2496 2045
2449 2085
2469 2068
2489 2051
2442 2091
2462 2074
2482 2057
2502 2040
2455 2080
2475 2063
2495 2046
2448 2086
2468 2069
2488 2052
2441 2092
2461 2075
2481 2058
2501 2041
2454 2081
2474 2064
2494 2047
2447 2087
2467 2070
2487 2053
2466 2071
2519 2025
2512 2031
2532 2014
2525 2020
2545 2003
2518 2026
2538 2009
2531 2015
2511 2032
2544 2004
2524 2021
2517 2027
2537 2010
2530 2016
2510 2033
2523 2022
2543 2005
2516 2028
2536 2011
2509 2034
2529 2017
2522 2023
2542 2006
2535 2012
2515 2029
2508 2035
2528 2018
2541 2007
2521 2024
2534 2013
2514 2030
2527 2019
2540 2008
2559 1991
2572 1980
2585 1969
2552 1997
2565 1986
2578 1975
2591 1964
2558 1992
2571 1981
2584 1970
2551 1998
2564 1987
2577 1976
2590 1965
2557 1993
2570 1982
2583 1971
2550 1999
2563 1988
2576 1977
2589 1966
2556 1994
2569 1983
2582 1972
2549 2000
2562 1989
2575 1978
2588 1967
2555 1995
2568 1984
2581 1973
2548 2001
2561 1990
2574 1979
2587 1968
2554 1996
2567 1985
2580 1974
2631 1930
2605 1952
2657 1908
2696 1875
2618 1941
2709 1864
2670 1897
2683 1886
2644 1919
2722 1853
2663 1903
2702 1870
2611 1947
2598 1958
2650 1914
2637 1925
2676 1892
2689 1881
2624 1936
2715 1859
2728 1848
2630 1931
2604 1953
2643 1920
2617 1942
2708 1865
2669 1898
2656 1909
2695 1876
2721 1854
2734 1843
2682 1887
2597 1959
2623 1937
2649 1915
2662 1904
2610 1948
2636 1926
2701 1871
2675 1893
2688 1882
2714 1860
2727 1849
2629 1932
2616 1943
2642 1921
2603 1954
2733 1844
2655 1910
2668 1899
2694 1877
2707 1866
2720 1855
2681 1888
2622 1938
2648 1916
2635 1927
2609 1949
2700 1872
2713 1861
2661 1905
2674 1894
2687 1883
2726 1850
2596 1960
2667 1900
2706 1867
2654 1911
2641 1922
2628 1933
2615 1944
2602 1955
2693 1878
2680 1889
2732 1845
2719 1856
2647 1917
2621 1939
2608 1950
2660 1906
2725 1851
2634 1928
2699 1873
2595 1961
2712 1862
2686 1884
2673 1895
2718 1857
2705 1868
2640 1923
2601 1956
2614 1945
2627 1934
2653 1912
2666 1901
2692 1879
2731 1846
2679 1890
2620 1940
2711 1863
2607 1951
2633 1929
2698 1874
2685 1885
2594 1962
2646 1918
2659 1907
2724 1852
2672 1896
2639 1924
2665 1902
2652 1913
2613 1946
2600 1957
2717 1858
2704 1869
2678 1891
2691 1880
2626 1935
2730 1847
2754 1826
2811 1778
2792 1794
2830 1762
2855 1741
2741 1837
2779 1805
2817 1773
2798 1789
2766 1816
2785 1800
2861 1736
2804 1784
2842 1752
2823 1768
2753 1827
2810 1779
2829 1763
2772 1811
2791 1795
2867 1731
2848 1747
2816 1774
2778 1806
2797 1790
2740 1838
2835 1758
2854 1742
2759 1822
2746 1833
2784 1801
2803 1785
2841 1753
2860 1737
2765 1817
2822 1769
2790 1796
2752 1828
2771 1812
2809 1780
2847 1748
2828 1764
2866 1732
2853 1743
2758 1823
2796 1791
2815 1775
2739 1839
2777 1807
2834 1759
2821 1770
2859 1738
2783 1802
2745 1834
2802 1786
2840 1754
2764 1818
2789 1797
2770 1813
2846 1749
2827 1765
2865 1733
2751 1829
2808 1781
2738 1840
2795 1792
2757 1824
2814 1776
2776 1808
2852 1744
2833 1760
2820 1771
2858 1739
2782 1803
2744 1835
2839 1755
2763 1819
2801 1787
2788 1798
2864 1734
2750 1830
2826 1766
2845 1750
2807 1782
2769 1814
2832 1761
2775 1809
2851 1745
2813 1777
2794 1793
2737 1841
2756 1825
2857 1740
2800 1788
2762 1820
2743 1836
2819 1772
2781 1804
2838 1756
2787 1799
2768 1815
2844 1751
2749 1831
2806 1783
2825 1767
2863 1735
2774 1810
2850 1746
2761 1821
2837 1757
2748 1832
2880 1720
2905 1699
2886 1715
2911 1694
2917 1689
2892 1710
2873 1726
2898 1705
2904 1700
2879 1721
2885 1716
2910 1695
2891 1711
2916 1690
2897 1706
2872 1727
2878 1722
2903 1701
2884 1717
2909 1696
2890 1712
2915 1691
2871 1728
2896 1707
2877 1723
2902 1702
2908 1697
2883 1718
2914 1692
2889 1713
2870 1729
2895 1708
2901 1703
2876 1724
2882 1719
2907 1698
2888 1714
2913 1693
2894 1709
2875 1725
2900 1704
2936 1673
2948 1663
2954 1658
2960 1653
2923 1684
2929 1679
2935 1674
2941 1669
2947 1664
2953 1659
2959 1654
2922 1685
2928 1680
2934 1675
2940 1670
2946 1665
2952 1660
2958 1655
2921 1686
2927 1681
2933 1676
2939 1671
2945 1666
2951 1661
2957 1656
2920 1687
2926 1682
2932 1677
2938 1672
2944 1667
2950 1662
2956 1657
2925 1683
2931 1678
2943 1668
2967 1647
2973 1642
2979 1637
2985 1632
2991 1627
2997 1622
3003 1617
3009 1612
3015 1607
2966 1648
2972 1643
2978 1638
2984 1633
2990 1628
2996 1623
3002 1618
3008 1613
3014 1608
2965 1649
2971 1644
2977 1639
2983 1634
2989 1629
2995 1624
3001 1619
3007 1614
3013 1609
2964 1650
2970 1645
2976 1640
2982 1635
2988 1630
2994 1625
3000 1620
3006 1615
3012 1610
2963 1651
2969 1646
2975 1641
2981 1636
2987 1631
2993 1626
2999 1621
3005 1616
3011 1611
3070 1561
3088 1546
3076 1556
3118 1521
3142 1501
3124 1516
3106 1531
3094 1541
3136 1506
3172 1476
3130 1511
3034 1591
3022 1601
3154 1491
3190 1461
3208 1446
3148 1496
3160 1486
3196 1456
3214 1441
3064 1566
3082 1551
3040 1586
3100 1536
3052 1576
3226 1431
3112 1526
3166 1481
3178 1471
3058 1571
3045 1582
3051 1577
3093 1542
3087 1547
3111 1527
3129 1512
3105 1532
3135 1507
3069 1562
3147 1497
3123 1517
3063 1567
3117 1522
3159 1487
3027 1597
3177 1472
3039 1587
3171 1477
3081 1552
3141 1502
3099 1537
3153 1492
3075 1557
3033 1592
3165 1482
3225 1432
3189 1462
3057 1572
3201 1452
3183 1467
3207 1447
3219 1437
3195 1457
3213 1442
3021 1602
3231 1427
3032 1593
3158 1488
3092 1543
3062 1568
3044 1583
3038 1588
3080 1553
3134 1508
3182 1468
3170 1478
3110 1528
3152 1493
3122 1518
3164 1483
3098 1538
3068 1563
3176 1473
3116 1523
3104 1533
3146 1498
3086 1548
3188 1463
3140 1503
3128 1513
3200 1453
3056 1573
3050 1578
3074 1558
3026 1598
3218 1438
3194 1458
3230 1428
3212 1443
3020 1603
3206 1448
3224 1433
3073 1559
3115 1524
3157 1489
3097 1539
3091 1544
3049 1579
3181 1469
3151 1494
3193 1459
3175 1474
3145 1499
3229 1429
3139 1504
3133 1509
3205 1449
3169 1479
3199 1454
3187 1464
3079 1554
3217 1439
3163 1484
3019 1604
3037 1589
3031 1594
3061 1569
3121 1519
3103 1534
3043 1584
3085 1549
3211 1444
3055 1574
3127 1514
3067 1564
3109 1529
3025 1599
3223 1434
3090 1545
3132 1510
3084 1550
3096 1540
3060 1570
3042 1585
3186 1465
3054 1575
3102 1535
3144 1500
3138 1505
3048 1580
3204 1450
3150 1495
3198 1455
3174 1475
3066 1565
3162 1485
3156 1490
3024 1600
3120 1520
3180 1470
3168 1480
3114 1525
3030 1595
3072 1560
3036 1590
3108 1530
3192 1460
3078 1555
3216 1440
3210 1445
3126 1515
3018 1605
3228 1430
3222 1435
3029 1596
3185 1466
3047 1581
3221 1436
3203 1451
3279 1387
3261 1402
3255 1407
3249 1412
3243 1417
3237 1422
3296 1373
3290 1378
3284 1383
3278 1388
3272 1393
3266 1398
3260 1403
3254 1408
3248 1413
3242 1418
3236 1423
3295 1374
3289 1379
3283 1384
3277 1389
3271 1394
3265 1399
3259 1404
3253 1409
3247 1414
3241 1419
3235 1424
3294 1375
3288 1380
3282 1385
3276 1390
3270 1395
3264 1400
3258 1405
3252 1410
3246 1415
3240 1420
3234 1425
3293 1376
3287 1381
3281 1386
3275 1391
3269 1396
3263 1401
3257 1406
3251 1411
3245 1416
3239 1421
3292 1377
3286 1382
3274 1392
3268 1397
3320 1353
3314 1358
3308 1363
3302 1368
3325 1349
3319 1354
3313 1359
3307 1364
3301 1369
3324 1350
3318 1355
3312 1360
3306 1365
3300 1370
3323 1351
3317 1356
3311 1361
3305 1366
3299 1371
3322 1352
3316 1357
3310 1362
3304 1367
3343 1334
3337 1339
3331 1344
3348 1330
3342 1335
3336 1340
3330 1345
3347 1331
3341 1336
3335 1341
3329 1346
3346 1332
3340 1337
3334 1342
3328 1347
3345 1333
3339 1338
3333 1343
3389 1296
3366 1315
3406 1282
3383 1301
3423 1268
3360 1320
3400 1287
3377 1306
3417 1273
3354 1325
3394 1292
3411 1278
3371 1311
3428 1264
3388 1297
3405 1283
3365 1316
3422 1269
3382 1302
3359 1321
3399 1288
3416 1274
3376 1307
3393 1293
3353 1326
3410 1279
3370 1312
3387 1298
3427 1265
3404 1284
3364 1317
3381 1303
3421 1270
3398 1289
3358 1322
3375 1308
3415 1275
3392 1294
3352 1327
3409 1280
3369 1313
3426 1266
3386 1299
3403 1285
3363 1318
3380 1304
3420 1271
3357 1323
3397 1290
3414 1276
3374 1309
3351 1328
3391 1295
3368 1314
3408 1281
3425 1267
3385 1300
3362 1319
3402 1286
3419 1272
3379 1305
3356 1324
3396 1291
3413 1277
3373 1310
3446 1249
3463 1235
3440 1254
3474 1226
3457 1240
3468 1231
3451 1245
3434 1259
3445 1250
3479 1222
3462 1236
3439 1255
3456 1241
3473 1227
3450 1246
3467 1232
3433 1260
3444 1251
3478 1223
3461 1237
3455 1242
3438 1256
3472 1228
3466 1233
3449 1247
3432 1261
3443 1252
3460 1238
3477 1224
3437 1257
3471 1229
3454 1243
3431 1262
3465 1234
3448 1248
3476 1225
3442 1253
3459 1239
3436 1258
3453 1244
3470 1230
3542 1170
3525 1184
3587 1133
3570 1147
3508 1198
3491 1212
3553 1161
3536 1175
3598 1124
3519 1189
3581 1138
3564 1152
3502 1203
3485 1217
3547 1166
3530 1180
3592 1129
3513 1194
3575 1143
3496 1208
3558 1157
3603 1120
3541 1171
3524 1185
3586 1134
3507 1199
3569 1148
3552 1162
3490 1213
3535 1176
3597 1125
3518 1190
3580 1139
3501 1204
3563 1153
3484 1218
3546 1167
3529 1181
3591 1130
3512 1195
3574 1144
3495 1209
3557 1158
3540 1172
3602 1121
3523 1186
3585 1135
3568 1149
3506 1200
3489 1214
3551 1163
3534 1177
3596 1126
3517 1191
3579 1140
3500 1205
3562 1154
3545 1168
3483 1219
3528 1182
3590 1131
3573 1145
3511 1196
3494 1210
3556 1159
3539 1173
3601 1122
3522 1187
3584 1136
3505 1201
3567 1150
3550 1164
3488 1215
3533 1178
3595 1127
3516 1192
3578 1141
3499 1206
3561 1155
3482 1220
3544 1169
3589 1132
3527 1183
3572 1146
3510 1197
3555 1160
3493 1211
3538 1174
3600 1123
3521 1188
3583 1137
3566 1151
3504 1202
3549 1165
3487 1216
3594 1128
3532 1179
3515 1193
3577 1142
3498 1207
3560 1156
3626 1101
3609 1115
3620 1106
3631 1097
3642 1088
3614 1111
3625 1102
3636 1093
3608 1116
3619 1107
3630 1098
3641 1089
3613 1112
3624 1103
3635 1094
3607 1117
3618 1108
3629 1099
3640 1090
3612 1113
3623 1104
3634 1095
3606 1118
3617 1109
3628 1100
3639 1091
3611 1114
3622 1105
3633 1096
3616 1110
3638 1092
3670 1065
3648 1083
3697 1043
3675 1061
3664 1070
3653 1079
3713 1030
3702 1039
3691 1048
3680 1057
3669 1066
3658 1075
3647 1084
3707 1035
3696 1044
3685 1053
3674 1062
3663 1071
3652 1080
3712 1031
3701 1040
3690 1049
3679 1058
3668 1067
3657 1076
3646 1085
3706 1036
3695 1045
3684 1054
3673 1063
3662 1072
3651 1081
3711 1032
3700 1041
3689 1050
3678 1059
3667 1068
3656 1077
3645 1086
3705 1037
3694 1046
3683 1055
3672 1064
3661 1073
3650 1082
3710 1033
3699 1042
3688 1051
3677 1060
3666 1069
3655 1078
3704 1038
3693 1047
3682 1056
3660 1074
3709 1034
3687 1052
3746 1003
3778 977
3783 973
3751 999
3735 1012
3719 1025
3767 986
3799 960
3788 969
3772 982
3740 1008
3804 956
3756 995
3724 1021
3777 978
3809 952
3793 965
3761 991
3745 1004
3729 1017
3734 1013
3782 974
3798 961
3750 1000
3718 1026
3766 987
3755 996
3803 957
3723 1022
3771 983
3787 970
3739 1009
3792 966
3760 992
3808 953
3776 979
3744 1005
3728 1018
3749 1001
3797 962
3733 1014
3765 988
3717 1027
3781 975
3770 984
3802 958
3754 997
3722 1023
3738 1010
3786 971
3775 980
3743 1006
3759 993
3791 967
3807 954
3727 1019
3748 1002
3764 989
3796 963
3732 1015
3780 976
3716 1028
3769 985
3801 959
3737 1011
3721 1024
3753 998
3785 972
3806 955
3774 981
3742 1007
3790 968
3726 1020
3758 994
3763 990
3731 1016
3795 964
3815 947
3836 930
3857 913
3820 943
3841 926
3862 909
3825 939
3846 922
3867 905
3830 935
3851 918
3814 948
3835 931
3856 914
3819 944
3840 927
3861 910
3824 940
3845 923
3866 906
3829 936
3850 919
3813 949
3834 932
3855 915
3818 945
3839 928
3860 911
3823 941
3844 924
3865 907
3828 937
3849 920
3812 950
3833 933
3854 916
3817 946
3838 929
3859 912
3822 942
3843 925
3864 908
3827 938
3848 921
3832 934
3853 917
3894 883
3873 900
3899 879
3904 875
3909 871
3883 892
3888 888
3914 867
3893 884
3919 863
3872 901
3898 880
3877 897
3903 876
3882 893
3908 872
3887 889
3913 868
3918 864
3892 885
3897 881
3871 902
3876 898
3902 877
3881 894
3907 873
3886 890
3912 869
3891 886
3917 865
3870 903
3896 882
3901 878
3875 899
3880 895
3906 874
3911 870
3885 891
3916 866
3890 887
3879 896
3955 834
3925 858
3960 830
3930 854
3965 826
3949 839
3924 859
3929 855
3944 843
3934 851
3969 823
3939 847
3959 831
3954 835
3964 827
3923 860
3948 840
3928 856
3953 836
3933 852
3958 832
3938 848
3943 844
3963 828
3968 824
3942 845
3937 849
3957 833
3932 853
3947 841
3967 825
3927 857
3962 829
3952 837
3922 861
3951 838
3946 842
3936 850
3941 846
4019 783
4014 787
4009 791
3984 811
3979 815
3974 819
4023 780
4018 784
4013 788
4008 792
4003 796
3998 800
3993 804
3988 808
3983 812
3978 816
3973 820
4022 781
4017 785
4012 789
4007 793
4002 797
3997 801
3992 805
3987 809
3982 813
3977 817
3972 821
4021 782
4016 786
4011 790
4006 794
4001 798
3996 802
3991 806
3986 810
3981 814
3976 818
4005 795
4000 799
3995 803
3990 807
4038 768
4052 757
4033 772
4047 761
4028 776
4042 765
4056 754
4037 769
4051 758
4032 773
4046 762
4027 777
4041 766
4055 755
4036 770
4050 759
4031 774
4045 763
4026 778
4040 767
4054 756
4035 771
4049 760
4030 775
4044 764
4071 742
4066 746
4080 735
4061 750
4075 739
4070 743
4084 732
4079 736
4065 747
4074 740
4060 751
4083 733
4069 744
4078 737
4064 748
4059 752
4073 741
4082 734
4068 745
4063 749
4077 738
4108 713
4094 724
4117 706
4103 717
4089 728
4112 710
4098 721
4121 703
4107 714
4093 725
4116 707
4102 718
4088 729
4111 711
4097 722
4120 704
4106 715
4092 726
4115 708
4101 719
4087 730
4110 712
4096 723
4119 705
4105 716
4091 727
4114 709
4100 720
4145 684
4131 695
4154 677
4140 688
4163 670
4149 681
4126 699
4158 674
4135 692
4144 685
4167 667
4153 678
4130 696
4139 689
4162 671
4125 700
4148 682
4134 693
4157 675
4143 686
4166 668
4152 679
4129 697
4138 690
4161 672
4147 683
4124 701
4133 694
4156 676
4142 687
4165 669
4128 698
4151 680
4137 691
4160 673
4207 636
4181 656
4172 663
4211 633
4185 653
4176 660
4215 630
4202 640
4189 650
4206 637
4193 647
4219 627
4180 657
4197 644
4171 664
4184 654
4210 634
4201 641
4188 651
4175 661
4214 631
4218 628
4179 658
4205 638
4192 648
4196 645
4183 655
4209 635
4170 665
4174 662
4200 642
4187 652
4213 632
4204 639
4191 649
4178 659
4217 629
4195 646
4199 643
4224 623
4228 620
4236 614
4240 611
4244 608
4248 605
4223 624
4227 621
4231 618
4235 615
4239 612
4243 609
4247 606
4222 625
4226 622
4230 619
4234 616
4238 613
4242 610
4246 607
4233 617
4253 601
4297 568
4277 583
4257 598
4273 586
4321 550
4301 565
4305 562
4252 602
4256 599
4260 596
4284 578
4272 587
4308 560
4276 584
4324 548
4280 581
4300 566
4268 590
4320 551
4304 563
4264 593
4312 557
4292 572
4316 554
4296 569
4288 575
4275 585
4255 600
4271 588
4251 603
4279 582
4263 594
4311 558
4319 552
4267 591
4303 564
4299 567
4315 555
4291 573
4283 579
4295 570
4259 597
4307 561
4323 549
4287 576
4266 592
4282 580
4290 574
4270 589
4286 577
4262 595
4310 559
4294 571
4314 556
4318 553
4332 542
4339 537
4346 532
4328 545
4335 540
4342 535
4349 530
4331 543
4338 538
4345 533
4327 546
4334 541
4341 536
4348 531
4330 544
4337 539
4344 534
4357 524
4360 522
4353 527
4356 525
4363 520
4359 523
4352 528
4362 521
4355 526
4388 502
4381 507
4374 512
4367 517
4391 500
4384 505
4377 510
4370 515
4394 498
4387 503
4380 508
4373 513
4366 518
4390 501
4383 506
4376 511
4369 516
4393 499
4386 504
4379 509
4372 514
4412 485
4405 490
4398 495
4415 483
4408 488
4401 493
4418 481
4411 486
4404 491
4397 496
4414 484
4407 489
4400 494
4417 482
4410 487
4403 492
4422 478
4425 476
4428 474
4431 472
4434 470
4421 479
4424 477
4427 475
4430 473
4433 471
4441 465
4444 463
4438 467
4450 459
4447 461
4443 464
4437 468
4440 466
4449 460
4446 462
4452 458
4482 438
4479 440
4476 442
4473 444
4470 446
4467 448
4458 454
4455 456
4484 437
4481 439
4478 441
4475 443
4472 445
4469 447
4466 449
4463 451
4460 453
4457 455
4465 450
4462 452
4490 433
4498 428
4487 435
4495 430
4492 432
4500 427
4489 434
4497 429
4494 431
4503 425
4505 424
4518 416
4513 419
4520 415
4515 418
4510 421
4522 414
4517 417
4512 420
4509 422
4530 409
4532 408
4527 411
4534 407
4529 410
4526 412
4544 401
4537 405
4546 400
4539 404
4541 403
4548 399
4543 402
4555 395
4557 394
4559 393
4552 397
4554 396
4564 390
4566 389
4570 387
4572 386
4574 385
4563 391
4569 388
4585 379
4581 381
4580 382
4590 377
4584 380
4578 383
4588 378
4596 374
4601 372
4599 373
4595 375
4606 370
4614 367
4611 368
4618 366
4624 364
4640 360
4637 361
