Fim da primeira fase ... 
0
Fim da segunda fase ... 
5
0.05
Total: 0.05
Suportadas = 11
Nao suportadas = 86
TOTAL DE SOLUCOES = 97

SUPORTADAS: 

Arvore 1
3 4 9 85
4 6 11 88
1 5 15 82
0 4 18 72
4 5 24 79
1 2 30 67
(107 473)

Arvore 2
3 4 9 85
4 6 11 88
1 5 15 82
0 4 18 72
0 1 25 64
1 2 30 67
(108 458)

Arvore 3
3 6 12 79
0 4 18 72
0 1 25 64
3 4 9 85
1 5 15 82
1 2 30 67
(109 449)

Arvore 4
0 1 25 64
0 4 18 72
3 6 12 79
3 4 9 85
3 5 31 62
1 2 30 67
(125 429)

Arvore 5
0 1 25 64
0 4 18 72
3 6 12 79
3 5 31 62
3 4 9 85
2 6 69 27
(164 389)

Arvore 6
0 1 25 64
1 3 56 37
2 6 69 27
0 4 18 72
3 5 31 62
3 6 12 79
(211 341)

Arvore 7
1 3 56 37
2 6 69 27
0 1 25 64
0 4 18 72
3 5 31 62
2 3 93 12
(292 274)

Arvore 8
1 3 56 37
2 6 69 27
0 1 25 64
0 4 18 72
0 5 95 10
2 3 93 12
(356 222)

Arvore 9
2 6 69 27
1 3 56 37
0 5 95 10
1 4 91 13
2 3 93 12
0 1 25 64
(429 163)

Arvore 10
0 5 95 10
2 3 93 12
1 4 91 13
2 6 69 27
1 3 56 37
0 2 56 51
(460 150)

Arvore 11
0 5 95 10
2 3 93 12
1 4 91 13
2 6 69 27
1 6 83 27
0 2 56 51
(487 140)


NAO SUPORTADAS: 
Arvore 12
3 6 12 79
0 4 18 72
0 1 25 64
3 4 9 85
1 5 15 82
2 5 31 66
(110 448)

Arvore 13
3 6 12 79
0 4 18 72
3 4 9 85
1 5 15 82
3 5 31 62
1 2 30 67
(115 447)

Arvore 14
3 6 12 79
0 4 18 72
3 4 9 85
1 5 15 82
3 5 31 62
2 5 31 66
(116 446)

Arvore 15
3 6 12 79
0 1 25 64
3 4 9 85
1 5 15 82
3 5 31 62
1 2 30 67
(122 439)

Arvore 16
3 6 12 79
0 1 25 64
3 4 9 85
1 5 15 82
3 5 31 62
2 5 31 66
(123 438)

Arvore 17
3 6 12 79
0 4 18 72
0 1 25 64
3 4 9 85
2 5 31 66
4 5 24 79
(119 445)

Arvore 18
0 1 25 64
0 4 18 72
3 6 12 79
3 5 31 62
3 4 9 85
2 5 31 66
(126 428)

Arvore 19
0 1 25 64
0 4 18 72
3 6 12 79
3 5 31 62
1 5 15 82
1 2 30 67
(131 426)

Arvore 20
0 1 25 64
0 4 18 72
3 6 12 79
3 5 31 62
1 5 15 82
2 5 31 66
(132 425)

Arvore 21
0 1 25 64
0 4 18 72
3 6 12 79
3 5 31 62
1 2 30 67
2 5 31 66
(147 410)

Arvore 22
0 1 25 64
0 4 18 72
3 6 12 79
3 4 9 85
1 5 15 82
2 6 69 27
(148 409)

Arvore 23
0 1 25 64
0 4 18 72
3 6 12 79
3 5 31 62
3 4 9 85
2 4 55 45
(150 407)

Arvore 24
0 1 25 64
0 4 18 72
3 6 12 79
1 3 56 37
1 5 15 82
1 2 30 67
(156 401)

Arvore 25
0 1 25 64
0 4 18 72
3 6 12 79
1 3 56 37
1 5 15 82
2 5 31 66
(157 400)

Arvore 26
0 1 25 64
3 6 12 79
3 5 31 62
3 4 9 85
1 3 56 37
1 2 30 67
(163 394)

Arvore 27
0 1 25 64
3 6 12 79
3 5 31 62
3 4 9 85
1 5 15 82
2 6 69 27
(161 399)

Arvore 28
0 1 25 64
3 6 12 79
3 5 31 62
3 4 9 85
1 2 30 67
2 5 31 66
(138 423)

Arvore 29
0 4 18 72
3 6 12 79
3 4 9 85
1 3 56 37
1 5 15 82
1 2 30 67
(140 422)

Arvore 30
0 4 18 72
3 6 12 79
3 4 9 85
1 3 56 37
1 5 15 82
2 5 31 66
(141 421)

Arvore 31
0 1 25 64
0 4 18 72
3 5 31 62
1 2 30 67
2 5 31 66
4 6 11 88
(146 419)

Arvore 32
0 1 25 64
0 4 18 72
3 6 12 79
3 5 31 62
1 3 56 37
1 2 30 67
(172 381)

Arvore 33
0 1 25 64
0 4 18 72
3 6 12 79
3 5 31 62
1 3 56 37
2 5 31 66
(173 380)

Arvore 34
0 1 25 64
0 4 18 72
3 6 12 79
3 5 31 62
1 5 15 82
2 6 69 27
(170 386)

Arvore 35
0 1 25 64
0 4 18 72
3 6 12 79
3 5 31 62
2 6 69 27
1 2 30 67
(185 371)

Arvore 36
0 1 25 64
0 4 18 72
3 6 12 79
1 3 56 37
1 5 15 82
2 6 69 27
(195 361)

Arvore 37
0 1 25 64
0 4 18 72
3 6 12 79
3 5 31 62
1 3 56 37
2 4 55 45
(197 359)

Arvore 38
0 1 25 64
3 6 12 79
3 5 31 62
3 4 9 85
1 3 56 37
2 6 69 27
(202 354)

Arvore 39
0 1 25 64
0 4 18 72
3 5 31 62
3 4 9 85
2 6 69 27
1 2 30 67
(182 377)

Arvore 40
0 1 25 64
0 4 18 72
3 5 31 62
3 4 9 85
2 6 69 27
2 5 31 66
(183 376)

Arvore 41
0 1 25 64
0 4 18 72
3 6 12 79
3 5 31 62
2 6 69 27
2 4 55 45
(210 349)

Arvore 42
0 1 25 64
0 4 18 72
3 6 12 79
1 3 56 37
1 5 15 82
2 4 55 45
(181 379)

Arvore 43
0 1 25 64
0 4 18 72
3 6 12 79
1 5 15 82
2 6 69 27
2 4 55 45
(194 369)

Arvore 44
1 3 56 37
2 6 69 27
0 1 25 64
0 4 18 72
0 5 95 10
3 6 12 79
(275 289)

Arvore 45
1 3 56 37
2 6 69 27
0 1 25 64
3 5 31 62
1 4 91 13
3 6 12 79
(284 282)

Arvore 46
1 3 56 37
2 6 69 27
0 1 25 64
0 4 18 72
3 5 31 62
2 4 55 45
(254 307)

Arvore 47
1 3 56 37
2 6 69 27
0 1 25 64
0 4 18 72
3 5 31 62
2 5 31 66
(230 328)

Arvore 48
1 3 56 37
2 6 69 27
0 1 25 64
0 4 18 72
3 5 31 62
1 2 30 67
(229 329)

Arvore 49
1 3 56 37
2 6 69 27
0 1 25 64
3 5 31 62
3 6 12 79
2 4 55 45
(248 314)

Arvore 50
1 3 56 37
2 6 69 27
0 4 18 72
3 5 31 62
0 5 95 10
3 6 12 79
(281 287)

Arvore 51
1 3 56 37
0 1 25 64
0 4 18 72
3 5 31 62
3 6 12 79
2 3 93 12
(235 326)

Arvore 52
1 3 56 37
2 6 69 27
0 4 18 72
3 5 31 62
3 6 12 79
2 4 55 45
(241 322)

Arvore 53
1 3 56 37
2 6 69 27
0 1 25 64
3 5 31 62
2 4 55 45
2 5 31 66
(267 301)

Arvore 54
1 3 56 37
2 6 69 27
0 1 25 64
0 5 95 10
3 6 12 79
3 4 9 85
(266 302)

Arvore 55
1 3 56 37
2 6 69 27
0 1 25 64
3 5 31 62
2 4 55 45
3 4 9 85
(245 320)

Arvore 56
1 3 56 37
0 1 25 64
3 5 31 62
1 4 91 13
3 6 12 79
2 4 55 45
(270 300)

Arvore 57
2 6 69 27
0 1 25 64
0 4 18 72
0 5 95 10
3 6 12 79
2 4 55 45
(274 297)

Arvore 58
1 3 56 37
0 1 25 64
3 5 31 62
3 6 12 79
2 3 93 12
2 4 55 45
(272 299)

Arvore 59
2 6 69 27
0 1 25 64
0 4 18 72
0 5 95 10
3 6 12 79
3 4 9 85
(228 337)

Arvore 60
1 3 56 37
2 6 69 27
0 4 18 72
3 5 31 62
3 6 12 79
0 3 41 61
(227 338)

Arvore 61
1 3 56 37
0 1 25 64
3 5 31 62
3 6 12 79
2 3 93 12
3 4 9 85
(226 339)

Arvore 62
1 3 56 37
2 6 69 27
0 1 25 64
1 4 91 13
0 5 95 10
3 6 12 79
(348 230)

Arvore 63
1 3 56 37
2 6 69 27
0 1 25 64
0 4 18 72
0 5 95 10
2 4 55 45
(318 255)

Arvore 64
1 3 56 37
2 6 69 27
0 1 25 64
1 4 91 13
3 5 31 62
2 4 55 45
(327 248)

Arvore 65
1 3 56 37
2 6 69 27
0 1 25 64
3 5 31 62
2 3 93 12
2 4 55 45
(329 247)

Arvore 66
1 3 56 37
2 6 69 27
0 4 18 72
1 4 91 13
0 5 95 10
3 6 12 79
(341 238)

Arvore 67
1 3 56 37
2 6 69 27
0 1 25 64
1 4 91 13
3 5 31 62
2 5 31 66
(303 269)

Arvore 68
1 3 56 37
2 6 69 27
0 1 25 64
1 4 91 13
3 5 31 62
1 2 30 67
(302 270)

Arvore 69
1 3 56 37
2 6 69 27
0 1 25 64
0 5 95 10
3 6 12 79
2 4 55 45
(312 262)

Arvore 70
1 3 56 37
2 6 69 27
1 4 91 13
3 5 31 62
0 5 95 10
3 6 12 79
(354 228)

Arvore 71
1 3 56 37
2 6 69 27
0 4 18 72
3 5 31 62
0 5 95 10
2 4 55 45
(324 253)

Arvore 72
1 3 56 37
2 6 69 27
0 1 25 64
0 5 95 10
2 3 93 12
3 4 9 85
(347 235)

Arvore 73
1 3 56 37
0 1 25 64
1 4 91 13
3 5 31 62
2 3 93 12
3 6 12 79
(308 267)

Arvore 74
1 3 56 37
2 6 69 27
0 1 25 64
0 4 18 72
0 5 95 10
1 6 83 27
(346 237)

Arvore 75
1 3 56 37
2 6 69 27
0 4 18 72
0 5 95 10
2 3 93 12
3 4 9 85
(340 243)

Arvore 76
2 6 69 27
0 1 25 64
1 4 91 13
3 5 31 62
2 3 93 12
1 2 30 67
(339 245)

Arvore 77
1 3 56 37
2 6 69 27
0 1 25 64
1 4 91 13
3 5 31 62
2 3 93 12
(365 215)

Arvore 78
1 3 56 37
2 6 69 27
0 1 25 64
1 4 91 13
0 5 95 10
2 4 55 45
(391 196)

Arvore 79
1 3 56 37
2 6 69 27
0 4 18 72
1 4 91 13
0 5 95 10
2 3 93 12
(422 171)

Arvore 80
1 3 56 37
2 6 69 27
0 4 18 72
0 5 95 10
3 5 31 62
2 3 93 12
(362 220)

Arvore 81
1 3 56 37
2 6 69 27
0 1 25 64
0 5 95 10
2 3 93 12
2 4 55 45
(393 195)

Arvore 82
1 3 56 37
2 6 69 27
0 4 18 72
1 4 91 13
0 5 95 10
2 4 55 45
(384 204)

Arvore 83
2 6 69 27
0 1 25 64
1 4 91 13
0 5 95 10
3 5 31 62
2 3 93 12
(404 188)

Arvore 84
1 3 56 37
2 6 69 27
1 4 91 13
0 5 95 10
3 5 31 62
2 4 55 45
(397 194)

Arvore 85
1 3 56 37
2 6 69 27
0 4 18 72
0 5 95 10
2 3 93 12
2 4 55 45
(386 203)

Arvore 86
1 3 56 37
2 6 69 27
0 5 95 10
3 5 31 62
2 3 93 12
2 4 55 45
(399 193)

Arvore 87
1 3 56 37
2 6 69 27
0 1 25 64
1 4 91 13
0 5 95 10
1 6 83 27
(419 178)

Arvore 88
1 3 56 37
1 4 91 13
0 5 95 10
3 5 31 62
2 3 93 12
3 6 12 79
(378 213)

Arvore 89
1 3 56 37
2 6 69 27
0 4 18 72
1 4 91 13
0 5 95 10
1 6 83 27
(412 186)

Arvore 90
1 3 56 37
2 6 69 27
0 1 25 64
0 5 95 10
2 4 55 45
1 6 83 27
(383 210)

Arvore 91
2 6 69 27
0 1 25 64
1 4 91 13
0 5 95 10
2 3 93 12
3 4 9 85
(382 211)

Arvore 92
1 3 56 37
2 6 69 27
1 4 91 13
3 5 31 62
2 3 93 12
0 3 41 61
(381 212)

Arvore 93
0 5 95 10
2 3 93 12
1 4 91 13
2 6 69 27
1 3 56 37
3 5 31 62
(435 161)

Arvore 94
0 5 95 10
2 3 93 12
1 4 91 13
2 6 69 27
1 6 83 27
0 1 25 64
(456 153)

Arvore 95
0 5 95 10
2 3 93 12
1 4 91 13
2 6 69 27
1 3 56 37
5 6 51 56
(455 155)

Arvore 96
0 5 95 10
2 3 93 12
1 4 91 13
2 6 69 27
1 3 56 37
0 3 41 61
(445 160)

Arvore 97
0 5 95 10
2 3 93 12
1 4 91 13
2 6 69 27
1 6 83 27
5 6 51 56
(482 145)

