Fim da primeira fase ... 
0
Fim da segunda fase ... 
0
0
Total: 0
Suportadas = 10
Nao suportadas = 10
TOTAL DE SOLUCOES = 20

SUPORTADAS: 

Arvore 1
1 5 21 70
1 4 26 45
0 6 26 91
1 2 45 27
2 6 45 62
2 3 50 40
(213 335)

Arvore 2
1 5 21 70
1 4 26 45
0 6 26 91
4 6 46 16
1 2 45 27
2 3 50 40
(214 289)

Arvore 3
4 5 28 37
1 4 26 45
4 6 46 16
0 6 26 91
1 2 45 27
2 3 50 40
(221 256)

Arvore 4
4 5 28 37
1 4 26 45
4 6 46 16
1 2 45 27
0 2 52 30
2 3 50 40
(247 195)

Arvore 5
4 6 46 16
4 5 28 37
1 4 26 45
1 2 45 27
3 4 63 14
0 2 52 30
(260 169)

Arvore 6
4 6 46 16
3 4 63 14
4 5 28 37
1 2 45 27
1 3 78 8
0 2 52 30
(312 132)

Arvore 7
4 6 46 16
1 3 78 8
3 4 63 14
1 2 45 27
4 5 28 37
0 4 83 17
(343 119)

Arvore 8
1 3 78 8
4 6 46 16
3 4 63 14
0 4 83 17
1 2 45 27
3 5 74 28
(389 110)

Arvore 9
1 3 78 8
4 6 46 16
1 6 95 8
0 4 83 17
1 2 45 27
3 5 74 28
(421 104)

Arvore 10
1 3 78 8
1 6 95 8
3 4 63 14
0 4 83 17
1 2 45 27
3 5 74 28
(438 102)


NAO SUPORTADAS: 
Arvore 11
1 5 21 70
4 5 28 37
0 6 26 91
4 6 46 16
1 2 45 27
2 3 50 40
(216 281)

Arvore 12
4 5 28 37
1 4 26 45
4 6 46 16
1 2 45 27
0 6 26 91
3 4 63 14
(234 230)

Arvore 13
4 5 28 37
1 5 21 70
4 6 46 16
1 2 45 27
0 2 52 30
2 3 50 40
(242 220)

Arvore 14
1 4 26 45
1 5 21 70
4 6 46 16
1 2 45 27
0 2 52 30
2 3 50 40
(240 228)

Arvore 15
4 5 28 37
1 5 21 70
4 6 46 16
1 2 45 27
0 6 26 91
3 4 63 14
(229 255)

Arvore 16
4 5 28 37
4 6 46 16
1 5 21 70
1 2 45 27
0 2 52 30
3 4 63 14
(255 194)

Arvore 17
4 6 46 16
4 5 28 37
1 2 45 27
1 4 26 45
1 3 78 8
0 2 52 30
(275 163)

Arvore 18
4 6 46 16
4 5 28 37
3 4 63 14
1 2 45 27
1 4 26 45
0 4 83 17
(291 156)

Arvore 19
4 6 46 16
4 5 28 37
1 2 45 27
1 4 26 45
1 3 78 8
0 4 83 17
(306 150)

Arvore 20
1 3 78 8
4 6 46 16
1 6 95 8
0 4 83 17
1 2 45 27
4 5 28 37
(375 113)

