0
0
Arvore 
0 1 12 89
0 10 27 59
1 11 43 42
2 12 4 80
3 4 33 41
3 13 16 60
4 5 4 82
4 14 9 80
6 16 11 76
7 8 66 43
8 9 1 96
9 19 41 37
11 12 3 81
11 21 18 82
12 13 11 62
13 23 54 37
14 15 42 58
14 24 7 56
15 25 12 65
16 17 65 33
17 18 48 32
17 27 2 86
19 29 15 61
20 21 34 62
20 30 31 72
21 22 13 53
22 32 86 41
23 33 17 68
24 34 11 66
26 27 32 45
26 36 27 44
27 28 63 42
28 29 23 64
30 40 19 50
31 41 20 78
33 43 47 68
34 35 55 63
35 36 23 82
36 37 52 32
36 46 16 60
38 39 62 38
39 49 55 30
40 41 39 37
41 42 15 89
43 44 38 62
44 45 16 57
46 47 4 72
47 48 4 86
48 49 21 70
(1367, 2969)

