0
0
Arvore 
0 1 37 68
0 11 11 65
1 12 6 76
2 3 12 54
2 13 4 68
3 4 47 49
4 15 32 42
5 6 44 72
6 17 7 58
7 8 10 57
7 18 0 70
8 9 42 68
10 21 66 25
12 13 1 66
13 24 12 77
14 25 32 45
15 16 29 64
16 27 51 66
17 18 22 64
18 29 22 55
19 30 26 47
20 21 3 65
20 31 16 70
21 32 7 74
22 33 61 54
23 34 11 83
24 35 39 51
25 26 20 85
25 36 1 63
27 38 49 55
28 29 8 68
28 39 30 79
30 31 6 86
31 42 30 47
32 43 37 50
33 34 43 65
34 35 4 87
36 37 19 82
36 47 34 42
37 38 25 52
37 48 0 59
38 39 34 40
40 41 31 66
40 51 2 72
41 42 22 71
43 54 36 77
44 45 26 55
44 55 16 52
45 46 35 51
46 57 24 67
47 58 39 75
48 49 24 55
49 50 36 54
50 61 3 96
52 63 22 68
53 54 16 88
54 65 1 88
55 56 19 69
57 58 7 88
59 60 35 57
60 61 40 47
61 62 9 76
62 63 20 66
63 64 12 63
64 65 19 72
(1484, 4186)

