281601
2816.01
Arvore 1
0 2 23 19
0 12 52 22
1 3 23 44
2 7 23 17
3 6 8 14
3 8 31 13
3 10 0 40
3 14 0 14
4 5 54 11
4 10 32 11
5 9 25 18
5 13 14 12
6 7 11 22
6 11 87 21
(383, 278)

Arvore 2
0 2 23 19
0 12 52 22
1 6 46 33
2 7 23 17
3 6 8 14
3 8 31 13
3 10 0 40
3 14 0 14
4 5 54 11
4 10 32 11
5 9 25 18
5 13 14 12
6 7 11 22
6 11 87 21
(406, 267)

Arvore 3
0 2 23 19
0 12 52 22
1 7 61 28
2 7 23 17
3 6 8 14
3 8 31 13
3 10 0 40
3 14 0 14
4 5 54 11
4 10 32 11
5 9 25 18
5 13 14 12
6 7 11 22
6 11 87 21
(421, 262)

Arvore 4
0 2 23 19
0 12 52 22
1 12 9 53
2 7 23 17
3 6 8 14
3 8 31 13
3 10 0 40
3 14 0 14
4 5 54 11
4 10 32 11
5 9 25 18
5 13 14 12
6 7 11 22
6 11 87 21
(369, 287)

Arvore 5
0 2 23 19
0 12 52 22
1 13 74 27
2 7 23 17
3 6 8 14
3 8 31 13
3 10 0 40
3 14 0 14
4 5 54 11
4 10 32 11
5 9 25 18
5 13 14 12
6 7 11 22
6 11 87 21
(434, 261)

Arvore 6
0 2 23 19
0 12 52 22
1 3 23 44
2 7 23 17
3 6 8 14
3 8 31 13
3 10 0 40
3 14 0 14
4 5 54 11
4 10 32 11
5 9 25 18
5 13 14 12
6 7 11 22
11 12 2 25
(298, 282)

Arvore 7
0 2 23 19
0 12 52 22
1 6 46 33
2 7 23 17
3 6 8 14
3 8 31 13
3 10 0 40
3 14 0 14
4 5 54 11
4 10 32 11
5 9 25 18
5 13 14 12
6 7 11 22
11 12 2 25
(321, 271)

Arvore 8
0 2 23 19
0 12 52 22
1 7 61 28
2 7 23 17
3 6 8 14
3 8 31 13
3 10 0 40
3 14 0 14
4 5 54 11
4 10 32 11
5 9 25 18
5 13 14 12
6 7 11 22
11 12 2 25
(336, 266)

Arvore 9
0 2 23 19
0 12 52 22
1 12 9 53
2 7 23 17
3 6 8 14
3 8 31 13
3 10 0 40
3 14 0 14
4 5 54 11
4 10 32 11
5 9 25 18
5 13 14 12
6 7 11 22
11 12 2 25
(284, 291)

Arvore 10
0 2 23 19
0 12 52 22
1 13 74 27
2 7 23 17
3 6 8 14
3 8 31 13
3 10 0 40
3 14 0 14
4 5 54 11
4 10 32 11
5 9 25 18
5 13 14 12
6 7 11 22
11 12 2 25
(349, 265)

Arvore 11
0 2 23 19
1 3 23 44
2 7 23 17
3 6 8 14
3 8 31 13
3 10 0 40
3 14 0 14
4 5 54 11
4 10 32 11
5 9 25 18
5 13 14 12
6 7 11 22
6 11 87 21
8 12 54 18
(385, 274)

Arvore 12
0 2 23 19
1 6 46 33
2 7 23 17
3 6 8 14
3 8 31 13
3 10 0 40
3 14 0 14
4 5 54 11
4 10 32 11
5 9 25 18
5 13 14 12
6 7 11 22
6 11 87 21
8 12 54 18
(408, 263)

Arvore 13
0 2 23 19
1 7 61 28
2 7 23 17
3 6 8 14
3 8 31 13
3 10 0 40
3 14 0 14
4 5 54 11
4 10 32 11
5 9 25 18
5 13 14 12
6 7 11 22
6 11 87 21
8 12 54 18
(423, 258)

Arvore 14
0 2 23 19
1 12 9 53
2 7 23 17
3 6 8 14
3 8 31 13
3 10 0 40
3 14 0 14
4 5 54 11
4 10 32 11
5 9 25 18
5 13 14 12
6 7 11 22
6 11 87 21
8 12 54 18
(371, 283)

Arvore 15
0 2 23 19
1 13 74 27
2 7 23 17
3 6 8 14
3 8 31 13
3 10 0 40
3 14 0 14
4 5 54 11
4 10 32 11
5 9 25 18
5 13 14 12
6 7 11 22
6 11 87 21
8 12 54 18
(436, 257)

Arvore 16
0 2 23 19
1 3 23 44
2 7 23 17
3 6 8 14
3 8 31 13
3 10 0 40
3 14 0 14
4 5 54 11
4 10 32 11
5 9 25 18
5 13 14 12
6 7 11 22
8 12 54 18
11 12 2 25
(300, 278)

Arvore 17
0 2 23 19
1 6 46 33
2 7 23 17
3 6 8 14
3 8 31 13
3 10 0 40
3 14 0 14
4 5 54 11
4 10 32 11
5 9 25 18
5 13 14 12
6 7 11 22
8 12 54 18
11 12 2 25
(323, 267)

Arvore 18
0 2 23 19
1 7 61 28
2 7 23 17
3 6 8 14
3 8 31 13
3 10 0 40
3 14 0 14
4 5 54 11
4 10 32 11
5 9 25 18
5 13 14 12
6 7 11 22
8 12 54 18
11 12 2 25
(338, 262)

Arvore 19
0 2 23 19
1 12 9 53
2 7 23 17
3 6 8 14
3 8 31 13
3 10 0 40
3 14 0 14
4 5 54 11
4 10 32 11
5 9 25 18
5 13 14 12
6 7 11 22
8 12 54 18
11 12 2 25
(286, 287)

Arvore 20
0 2 23 19
1 13 74 27
2 7 23 17
3 6 8 14
3 8 31 13
3 10 0 40
3 14 0 14
4 5 54 11
4 10 32 11
5 9 25 18
5 13 14 12
6 7 11 22
8 12 54 18
11 12 2 25
(351, 261)

Arvore 21
0 2 23 19
1 12 9 53
2 7 23 17
3 6 8 14
3 8 31 13
3 10 0 40
3 14 0 14
4 5 54 11
4 10 32 11
5 9 25 18
5 13 14 12
6 7 11 22
7 11 11 38
11 12 2 25
(243, 307)

Arvore 22
0 2 23 19
1 12 9 53
2 7 23 17
3 6 8 14
3 8 31 13
3 10 0 40
3 14 0 14
4 5 54 11
4 10 32 11
5 9 25 18
5 13 14 12
6 7 11 22
9 11 12 25
11 12 2 25
(244, 294)

Arvore 23
0 2 23 19
1 3 23 44
2 7 23 17
3 6 8 14
3 8 31 13
3 10 0 40
3 14 0 14
4 5 54 11
4 10 32 11
5 9 25 18
5 13 14 12
6 7 11 22
7 11 11 38
11 12 2 25
(257, 298)

Arvore 24
0 2 23 19
1 6 46 33
2 7 23 17
3 6 8 14
3 8 31 13
3 10 0 40
3 14 0 14
4 5 54 11
4 10 32 11
5 9 25 18
5 13 14 12
6 7 11 22
7 11 11 38
11 12 2 25
(280, 287)

Arvore 25
0 2 23 19
1 7 61 28
2 7 23 17
3 6 8 14
3 8 31 13
3 10 0 40
3 14 0 14
4 5 54 11
4 10 32 11
5 9 25 18
5 13 14 12
6 7 11 22
7 11 11 38
11 12 2 25
(295, 282)

Arvore 26
0 2 23 19
1 13 74 27
2 7 23 17
3 6 8 14
3 8 31 13
3 10 0 40
3 14 0 14
4 5 54 11
4 10 32 11
5 9 25 18
5 13 14 12
6 7 11 22
7 11 11 38
11 12 2 25
(308, 281)

Arvore 27
0 2 23 19
1 3 23 44
2 7 23 17
3 6 8 14
3 8 31 13
3 10 0 40
3 14 0 14
4 5 54 11
4 10 32 11
5 9 25 18
5 13 14 12
6 7 11 22
9 11 12 25
11 12 2 25
(258, 285)

Arvore 28
0 2 23 19
1 6 46 33
2 7 23 17
3 6 8 14
3 8 31 13
3 10 0 40
3 14 0 14
4 5 54 11
4 10 32 11
5 9 25 18
5 13 14 12
6 7 11 22
9 11 12 25
11 12 2 25
(281, 274)

Arvore 29
0 2 23 19
1 7 61 28
2 7 23 17
3 6 8 14
3 8 31 13
3 10 0 40
3 14 0 14
4 5 54 11
4 10 32 11
5 9 25 18
5 13 14 12
6 7 11 22
9 11 12 25
11 12 2 25
(296, 269)

Arvore 30
0 2 23 19
1 13 74 27
2 7 23 17
3 6 8 14
3 8 31 13
3 10 0 40
3 14 0 14
4 5 54 11
4 10 32 11
5 9 25 18
5 13 14 12
6 7 11 22
9 11 12 25
11 12 2 25
(309, 268)

Arvore 31
0 2 23 19
1 12 9 53
2 7 23 17
3 6 8 14
3 8 31 13
3 10 0 40
3 14 0 14
4 5 54 11
4 10 32 11
5 13 14 12
6 7 11 22
7 11 11 38
9 11 12 25
11 12 2 25
(230, 314)

Arvore 32
0 2 23 19
1 3 23 44
2 7 23 17
3 6 8 14
3 8 31 13
3 10 0 40
3 14 0 14
4 5 54 11
4 10 32 11
5 13 14 12
6 7 11 22
7 11 11 38
9 11 12 25
11 12 2 25
(244, 305)

Arvore 33
0 2 23 19
1 6 46 33
2 7 23 17
3 6 8 14
3 8 31 13
3 10 0 40
3 14 0 14
4 5 54 11
4 10 32 11
5 13 14 12
6 7 11 22
7 11 11 38
9 11 12 25
11 12 2 25
(267, 294)

Arvore 34
0 2 23 19
1 7 61 28
2 7 23 17
3 6 8 14
3 8 31 13
3 10 0 40
3 14 0 14
4 5 54 11
4 10 32 11
5 13 14 12
6 7 11 22
7 11 11 38
9 11 12 25
11 12 2 25
(282, 289)

Arvore 35
0 2 23 19
1 13 74 27
2 7 23 17
3 6 8 14
3 8 31 13
3 10 0 40
3 14 0 14
4 5 54 11
4 10 32 11
5 13 14 12
6 7 11 22
7 11 11 38
9 11 12 25
11 12 2 25
(295, 288)

Arvore 36
0 2 23 19
1 12 9 53
2 7 23 17
3 6 8 14
3 8 31 13
3 10 0 40
3 14 0 14
4 5 54 11
4 10 32 11
5 13 14 12
6 7 11 22
7 11 11 38
9 11 12 25
11 12 2 25
(230, 314)

Arvore 37
0 2 23 19
0 8 28 27
1 3 23 44
2 7 23 17
3 6 8 14
3 10 0 40
3 14 0 14
4 5 54 11
4 10 32 11
5 9 25 18
5 13 14 12
6 7 11 22
7 11 11 38
11 12 2 25
(254, 312)

Arvore 38
0 2 23 19
0 8 28 27
1 6 46 33
2 7 23 17
3 6 8 14
3 10 0 40
3 14 0 14
4 5 54 11
4 10 32 11
5 9 25 18
5 13 14 12
6 7 11 22
7 11 11 38
11 12 2 25
(277, 301)

Arvore 39
0 2 23 19
0 8 28 27
1 7 61 28
2 7 23 17
3 6 8 14
3 10 0 40
3 14 0 14
4 5 54 11
4 10 32 11
5 9 25 18
5 13 14 12
6 7 11 22
7 11 11 38
11 12 2 25
(292, 296)

Arvore 40
0 2 23 19
0 8 28 27
1 12 9 53
2 7 23 17
3 6 8 14
3 10 0 40
3 14 0 14
4 5 54 11
4 10 32 11
5 9 25 18
5 13 14 12
6 7 11 22
7 11 11 38
11 12 2 25
(240, 321)

Arvore 41
0 2 23 19
0 8 28 27
1 13 74 27
2 7 23 17
3 6 8 14
3 10 0 40
3 14 0 14
4 5 54 11
4 10 32 11
5 9 25 18
5 13 14 12
6 7 11 22
7 11 11 38
11 12 2 25
(305, 295)

Arvore 42
0 2 23 19
1 3 23 44
2 7 23 17
3 6 8 14
3 10 0 40
3 14 0 14
4 5 54 11
4 10 32 11
5 9 25 18
5 13 14 12
6 7 11 22
7 11 11 38
8 13 5 52
11 12 2 25
(231, 337)

Arvore 43
0 2 23 19
1 6 46 33
2 7 23 17
3 6 8 14
3 10 0 40
3 14 0 14
4 5 54 11
4 10 32 11
5 9 25 18
5 13 14 12
6 7 11 22
7 11 11 38
8 13 5 52
11 12 2 25
(254, 326)

Arvore 44
0 2 23 19
1 7 61 28
2 7 23 17
3 6 8 14
3 10 0 40
3 14 0 14
4 5 54 11
4 10 32 11
5 9 25 18
5 13 14 12
6 7 11 22
7 11 11 38
8 13 5 52
11 12 2 25
(269, 321)

Arvore 45
0 2 23 19
1 12 9 53
2 7 23 17
3 6 8 14
3 10 0 40
3 14 0 14
4 5 54 11
4 10 32 11
5 9 25 18
5 13 14 12
6 7 11 22
7 11 11 38
8 13 5 52
11 12 2 25
(217, 346)

Arvore 46
0 2 23 19
1 13 74 27
2 7 23 17
3 6 8 14
3 10 0 40
3 14 0 14
4 5 54 11
4 10 32 11
5 9 25 18
5 13 14 12
6 7 11 22
7 11 11 38
8 13 5 52
11 12 2 25
(282, 320)

Arvore 47
0 2 23 19
0 12 52 22
1 3 23 44
2 7 23 17
3 6 8 14
3 10 0 40
3 14 0 14
4 5 54 11
4 10 32 11
5 9 25 18
5 13 14 12
6 7 11 22
8 13 5 52
11 12 2 25
(272, 321)

Arvore 48
0 2 23 19
0 12 52 22
1 6 46 33
2 7 23 17
3 6 8 14
3 10 0 40
3 14 0 14
4 5 54 11
4 10 32 11
5 9 25 18
5 13 14 12
6 7 11 22
8 13 5 52
11 12 2 25
(295, 310)

Arvore 49
0 2 23 19
0 12 52 22
1 7 61 28
2 7 23 17
3 6 8 14
3 10 0 40
3 14 0 14
4 5 54 11
4 10 32 11
5 9 25 18
5 13 14 12
6 7 11 22
8 13 5 52
11 12 2 25
(310, 305)

Arvore 50
0 2 23 19
0 12 52 22
1 12 9 53
2 7 23 17
3 6 8 14
3 10 0 40
3 14 0 14
4 5 54 11
4 10 32 11
5 9 25 18
5 13 14 12
6 7 11 22
8 13 5 52
11 12 2 25
(258, 330)

Arvore 51
0 2 23 19
0 12 52 22
1 13 74 27
2 7 23 17
3 6 8 14
3 10 0 40
3 14 0 14
4 5 54 11
4 10 32 11
5 9 25 18
5 13 14 12
6 7 11 22
8 13 5 52
11 12 2 25
(323, 304)

Arvore 52
0 2 23 19
1 12 9 53
2 7 23 17
3 6 8 14
3 10 0 40
3 14 0 14
4 5 54 11
4 10 32 11
5 9 25 18
5 13 14 12
6 7 11 22
8 12 54 18
8 13 5 52
11 12 2 25
(260, 326)

Arvore 53
0 2 23 19
1 12 9 53
2 7 23 17
3 6 8 14
3 10 0 40
3 14 0 14
4 5 54 11
4 10 32 11
5 9 25 18
5 13 14 12
6 7 11 22
8 13 5 52
9 11 12 25
11 12 2 25
(218, 333)

Arvore 54
0 2 23 19
1 3 23 44
2 7 23 17
3 6 8 14
3 10 0 40
3 14 0 14
4 5 54 11
4 10 32 11
5 9 25 18
5 13 14 12
6 7 11 22
8 12 54 18
8 13 5 52
11 12 2 25
(274, 317)

Arvore 55
0 2 23 19
1 6 46 33
2 7 23 17
3 6 8 14
3 10 0 40
3 14 0 14
4 5 54 11
4 10 32 11
5 9 25 18
5 13 14 12
6 7 11 22
8 12 54 18
8 13 5 52
11 12 2 25
(297, 306)

Arvore 56
0 2 23 19
1 7 61 28
2 7 23 17
3 6 8 14
3 10 0 40
3 14 0 14
4 5 54 11
4 10 32 11
5 9 25 18
5 13 14 12
6 7 11 22
8 12 54 18
8 13 5 52
11 12 2 25
(312, 301)

Arvore 57
0 2 23 19
1 13 74 27
2 7 23 17
3 6 8 14
3 10 0 40
3 14 0 14
4 5 54 11
4 10 32 11
5 9 25 18
5 13 14 12
6 7 11 22
8 12 54 18
8 13 5 52
11 12 2 25
(325, 300)

Arvore 58
0 2 23 19
1 3 23 44
2 7 23 17
3 6 8 14
3 10 0 40
3 14 0 14
4 5 54 11
4 10 32 11
5 9 25 18
5 13 14 12
6 7 11 22
8 13 5 52
9 11 12 25
11 12 2 25
(232, 324)

Arvore 59
0 2 23 19
1 6 46 33
2 7 23 17
3 6 8 14
3 10 0 40
3 14 0 14
4 5 54 11
4 10 32 11
5 9 25 18
5 13 14 12
6 7 11 22
8 13 5 52
9 11 12 25
11 12 2 25
(255, 313)

Arvore 60
0 2 23 19
1 7 61 28
2 7 23 17
3 6 8 14
3 10 0 40
3 14 0 14
4 5 54 11
4 10 32 11
5 9 25 18
5 13 14 12
6 7 11 22
8 13 5 52
9 11 12 25
11 12 2 25
(270, 308)

Arvore 61
0 2 23 19
1 13 74 27
2 7 23 17
3 6 8 14
3 10 0 40
3 14 0 14
4 5 54 11
4 10 32 11
5 9 25 18
5 13 14 12
6 7 11 22
8 13 5 52
9 11 12 25
11 12 2 25
(283, 307)

Arvore 62
0 2 23 19
0 8 28 27
1 3 23 44
2 7 23 17
3 6 8 14
3 10 0 40
3 14 0 14
4 5 54 11
4 10 32 11
5 9 25 18
5 13 14 12
6 7 11 22
9 11 12 25
11 12 2 25
(255, 299)

Arvore 63
0 2 23 19
0 8 28 27
1 6 46 33
2 7 23 17
3 6 8 14
3 10 0 40
3 14 0 14
4 5 54 11
4 10 32 11
5 9 25 18
5 13 14 12
6 7 11 22
9 11 12 25
11 12 2 25
(278, 288)

Arvore 64
0 2 23 19
0 8 28 27
1 7 61 28
2 7 23 17
3 6 8 14
3 10 0 40
3 14 0 14
4 5 54 11
4 10 32 11
5 9 25 18
5 13 14 12
6 7 11 22
9 11 12 25
11 12 2 25
(293, 283)

Arvore 65
0 2 23 19
0 8 28 27
1 12 9 53
2 7 23 17
3 6 8 14
3 10 0 40
3 14 0 14
4 5 54 11
4 10 32 11
5 9 25 18
5 13 14 12
6 7 11 22
9 11 12 25
11 12 2 25
(241, 308)

Arvore 66
0 2 23 19
0 8 28 27
1 13 74 27
2 7 23 17
3 6 8 14
3 10 0 40
3 14 0 14
4 5 54 11
4 10 32 11
5 9 25 18
5 13 14 12
6 7 11 22
9 11 12 25
11 12 2 25
(306, 282)

Arvore 67
0 2 23 19
1 12 9 53
2 7 23 17
3 6 8 14
3 10 0 40
3 14 0 14
4 5 54 11
4 10 32 11
5 13 14 12
6 7 11 22
7 11 11 38
8 13 5 52
9 11 12 25
11 12 2 25
(204, 353)

Arvore 68
0 2 23 19
1 3 23 44
2 7 23 17
3 6 8 14
3 10 0 40
3 14 0 14
4 5 54 11
4 10 32 11
5 13 14 12
6 7 11 22
7 11 11 38
8 13 5 52
9 11 12 25
11 12 2 25
(218, 344)

Arvore 69
0 2 23 19
1 6 46 33
2 7 23 17
3 6 8 14
3 10 0 40
3 14 0 14
4 5 54 11
4 10 32 11
5 13 14 12
6 7 11 22
7 11 11 38
8 13 5 52
9 11 12 25
11 12 2 25
(241, 333)

Arvore 70
0 2 23 19
1 7 61 28
2 7 23 17
3 6 8 14
3 10 0 40
3 14 0 14
4 5 54 11
4 10 32 11
5 13 14 12
6 7 11 22
7 11 11 38
8 13 5 52
9 11 12 25
11 12 2 25
(256, 328)

Arvore 71
0 2 23 19
1 13 74 27
2 7 23 17
3 6 8 14
3 10 0 40
3 14 0 14
4 5 54 11
4 10 32 11
5 13 14 12
6 7 11 22
7 11 11 38
8 13 5 52
9 11 12 25
11 12 2 25
(269, 327)

Arvore 72
0 2 23 19
0 8 28 27
1 3 23 44
2 7 23 17
3 6 8 14
3 10 0 40
3 14 0 14
4 5 54 11
4 10 32 11
5 13 14 12
6 7 11 22
7 11 11 38
9 11 12 25
11 12 2 25
(241, 319)

Arvore 73
0 2 23 19
0 8 28 27
1 6 46 33
2 7 23 17
3 6 8 14
3 10 0 40
3 14 0 14
4 5 54 11
4 10 32 11
5 13 14 12
6 7 11 22
7 11 11 38
9 11 12 25
11 12 2 25
(264, 308)

Arvore 74
0 2 23 19
0 8 28 27
1 7 61 28
2 7 23 17
3 6 8 14
3 10 0 40
3 14 0 14
4 5 54 11
4 10 32 11
5 13 14 12
6 7 11 22
7 11 11 38
9 11 12 25
11 12 2 25
(279, 303)

Arvore 75
0 2 23 19
0 8 28 27
1 12 9 53
2 7 23 17
3 6 8 14
3 10 0 40
3 14 0 14
4 5 54 11
4 10 32 11
5 13 14 12
6 7 11 22
7 11 11 38
9 11 12 25
11 12 2 25
(227, 328)

Arvore 76
0 2 23 19
0 8 28 27
1 13 74 27
2 7 23 17
3 6 8 14
3 10 0 40
3 14 0 14
4 5 54 11
4 10 32 11
5 13 14 12
6 7 11 22
7 11 11 38
9 11 12 25
11 12 2 25
(292, 302)

Arvore 77
0 2 23 19
1 12 9 53
2 7 23 17
3 6 8 14
3 10 0 40
3 14 0 14
4 5 54 11
4 10 32 11
5 13 14 12
6 7 11 22
7 11 11 38
8 13 5 52
9 11 12 25
11 12 2 25
(204, 353)

Arvore 78
0 2 23 19
1 12 9 53
2 7 23 17
3 6 8 14
3 10 0 40
3 13 9 73
3 14 0 14
4 5 54 11
4 10 32 11
5 9 25 18
6 7 11 22
7 11 11 38
8 13 5 52
11 12 2 25
(212, 407)

Arvore 79
0 2 23 19
1 12 9 53
2 7 23 17
3 6 8 14
3 10 0 40
3 13 9 73
3 14 0 14
4 5 54 11
4 10 32 11
6 7 11 22
7 11 11 38
8 13 5 52
9 11 12 25
11 12 2 25
(199, 414)

Arvore 80
0 2 23 19
1 12 9 53
2 7 23 17
3 6 8 14
3 10 0 40
3 14 0 14
4 5 54 11
4 10 32 11
6 7 11 22
7 11 11 38
8 13 5 52
9 11 12 25
11 12 2 25
13 14 12 68
(202, 409)

Arvore 81
0 2 23 19
0 12 52 22
1 12 9 53
2 7 23 17
3 6 8 14
3 10 0 40
3 13 9 73
3 14 0 14
4 5 54 11
4 10 32 11
5 9 25 18
6 7 11 22
8 13 5 52
11 12 2 25
(253, 391)

Arvore 82
0 2 23 19
1 12 9 53
2 7 23 17
3 6 8 14
3 10 0 40
3 13 9 73
3 14 0 14
4 5 54 11
4 10 32 11
5 9 25 18
6 7 11 22
8 12 54 18
8 13 5 52
11 12 2 25
(255, 387)

Arvore 83
0 2 23 19
1 12 9 53
2 7 23 17
3 6 8 14
3 10 0 40
3 13 9 73
3 14 0 14
4 5 54 11
4 10 32 11
5 9 25 18
6 7 11 22
8 13 5 52
9 11 12 25
11 12 2 25
(213, 394)

Arvore 84
0 2 23 19
1 12 9 53
2 7 23 17
3 6 8 14
3 10 0 40
3 13 9 73
3 14 0 14
4 5 54 11
4 10 32 11
5 9 25 18
6 7 11 22
8 13 5 52
9 11 12 25
11 12 2 25
(213, 394)

Arvore 85
0 2 23 19
0 12 52 22
1 3 23 44
2 7 23 17
3 6 8 14
3 8 31 13
3 10 0 40
3 14 0 14
4 10 32 11
5 9 25 18
5 13 14 12
6 7 11 22
6 11 87 21
9 14 37 19
(366, 286)

Arvore 86
0 2 23 19
0 12 52 22
1 6 46 33
2 7 23 17
3 6 8 14
3 8 31 13
3 10 0 40
3 14 0 14
4 10 32 11
5 9 25 18
5 13 14 12
6 7 11 22
6 11 87 21
9 14 37 19
(389, 275)

Arvore 87
0 2 23 19
0 12 52 22
1 7 61 28
2 7 23 17
3 6 8 14
3 8 31 13
3 10 0 40
3 14 0 14
4 10 32 11
5 9 25 18
5 13 14 12
6 7 11 22
6 11 87 21
9 14 37 19
(404, 270)

Arvore 88
0 2 23 19
0 12 52 22
1 12 9 53
2 7 23 17
3 6 8 14
3 8 31 13
3 10 0 40
3 14 0 14
4 10 32 11
5 9 25 18
5 13 14 12
6 7 11 22
6 11 87 21
9 14 37 19
(352, 295)

Arvore 89
0 2 23 19
0 12 52 22
1 13 74 27
2 7 23 17
3 6 8 14
3 8 31 13
3 10 0 40
3 14 0 14
4 10 32 11
5 9 25 18
5 13 14 12
6 7 11 22
6 11 87 21
9 14 37 19
(417, 269)

Arvore 90
0 2 23 19
0 12 52 22
1 3 23 44
2 7 23 17
3 6 8 14
3 8 31 13
3 10 0 40
3 14 0 14
4 10 32 11
5 9 25 18
5 13 14 12
6 7 11 22
9 14 37 19
11 12 2 25
(281, 290)

Arvore 91
0 2 23 19
0 12 52 22
1 6 46 33
2 7 23 17
3 6 8 14
3 8 31 13
3 10 0 40
3 14 0 14
4 10 32 11
5 9 25 18
5 13 14 12
6 7 11 22
9 14 37 19
11 12 2 25
(304, 279)

Arvore 92
0 2 23 19
0 12 52 22
1 7 61 28
2 7 23 17
3 6 8 14
3 8 31 13
3 10 0 40
3 14 0 14
4 10 32 11
5 9 25 18
5 13 14 12
6 7 11 22
9 14 37 19
11 12 2 25
(319, 274)

Arvore 93
0 2 23 19
0 12 52 22
1 12 9 53
2 7 23 17
3 6 8 14
3 8 31 13
3 10 0 40
3 14 0 14
4 10 32 11
5 9 25 18
5 13 14 12
6 7 11 22
9 14 37 19
11 12 2 25
(267, 299)

Arvore 94
0 2 23 19
0 12 52 22
1 13 74 27
2 7 23 17
3 6 8 14
3 8 31 13
3 10 0 40
3 14 0 14
4 10 32 11
5 9 25 18
5 13 14 12
6 7 11 22
9 14 37 19
11 12 2 25
(332, 273)

Arvore 95
0 2 23 19
1 3 23 44
2 7 23 17
3 6 8 14
3 8 31 13
3 10 0 40
3 14 0 14
4 10 32 11
5 9 25 18
5 13 14 12
6 7 11 22
6 11 87 21
8 12 54 18
9 14 37 19
(368, 282)

Arvore 96
0 2 23 19
1 6 46 33
2 7 23 17
3 6 8 14
3 8 31 13
3 10 0 40
3 14 0 14
4 10 32 11
5 9 25 18
5 13 14 12
6 7 11 22
6 11 87 21
8 12 54 18
9 14 37 19
(391, 271)

Arvore 97
0 2 23 19
1 7 61 28
2 7 23 17
3 6 8 14
3 8 31 13
3 10 0 40
3 14 0 14
4 10 32 11
5 9 25 18
5 13 14 12
6 7 11 22
6 11 87 21
8 12 54 18
9 14 37 19
(406, 266)

Arvore 98
0 2 23 19
1 12 9 53
2 7 23 17
3 6 8 14
3 8 31 13
3 10 0 40
3 14 0 14
4 10 32 11
5 9 25 18
5 13 14 12
6 7 11 22
6 11 87 21
8 12 54 18
9 14 37 19
(354, 291)

Arvore 99
0 2 23 19
1 13 74 27
2 7 23 17
3 6 8 14
3 8 31 13
3 10 0 40
3 14 0 14
4 10 32 11
5 9 25 18
5 13 14 12
6 7 11 22
6 11 87 21
8 12 54 18
9 14 37 19
(419, 265)

Arvore 100
0 2 23 19
1 3 23 44
2 7 23 17
3 6 8 14
3 8 31 13
3 10 0 40
3 14 0 14
4 10 32 11
5 9 25 18
5 13 14 12
6 7 11 22
8 12 54 18
9 14 37 19
11 12 2 25
(283, 286)

Arvore 101
0 2 23 19
1 6 46 33
2 7 23 17
3 6 8 14
3 8 31 13
3 10 0 40
3 14 0 14
4 10 32 11
5 9 25 18
5 13 14 12
6 7 11 22
8 12 54 18
9 14 37 19
11 12 2 25
(306, 275)

Arvore 102
0 2 23 19
1 7 61 28
2 7 23 17
3 6 8 14
3 8 31 13
3 10 0 40
3 14 0 14
4 10 32 11
5 9 25 18
5 13 14 12
6 7 11 22
8 12 54 18
9 14 37 19
11 12 2 25
(321, 270)

Arvore 103
0 2 23 19
1 12 9 53
2 7 23 17
3 6 8 14
3 8 31 13
3 10 0 40
3 14 0 14
4 10 32 11
5 9 25 18
5 13 14 12
6 7 11 22
8 12 54 18
9 14 37 19
11 12 2 25
(269, 295)

Arvore 104
0 2 23 19
1 13 74 27
2 7 23 17
3 6 8 14
3 8 31 13
3 10 0 40
3 14 0 14
4 10 32 11
5 9 25 18
5 13 14 12
6 7 11 22
8 12 54 18
9 14 37 19
11 12 2 25
(334, 269)

Arvore 105
0 2 23 19
1 12 9 53
2 7 23 17
3 6 8 14
3 8 31 13
3 10 0 40
3 14 0 14
4 10 32 11
5 9 25 18
5 13 14 12
6 7 11 22
7 11 11 38
9 14 37 19
11 12 2 25
(226, 315)

Arvore 106
0 2 23 19
1 12 9 53
2 7 23 17
3 6 8 14
3 8 31 13
3 10 0 40
3 14 0 14
4 10 32 11
5 9 25 18
5 13 14 12
6 7 11 22
9 11 12 25
9 14 37 19
11 12 2 25
(227, 302)

Arvore 107
0 2 23 19
1 3 23 44
2 7 23 17
3 6 8 14
3 8 31 13
3 10 0 40
3 14 0 14
4 10 32 11
5 9 25 18
5 13 14 12
6 7 11 22
7 11 11 38
9 14 37 19
11 12 2 25
(240, 306)

Arvore 108
0 2 23 19
1 6 46 33
2 7 23 17
3 6 8 14
3 8 31 13
3 10 0 40
3 14 0 14
4 10 32 11
5 9 25 18
5 13 14 12
6 7 11 22
7 11 11 38
9 14 37 19
11 12 2 25
(263, 295)

Arvore 109
0 2 23 19
1 7 61 28
2 7 23 17
3 6 8 14
3 8 31 13
3 10 0 40
3 14 0 14
4 10 32 11
5 9 25 18
5 13 14 12
6 7 11 22
7 11 11 38
9 14 37 19
11 12 2 25
(278, 290)

Arvore 110
0 2 23 19
1 13 74 27
2 7 23 17
3 6 8 14
3 8 31 13
3 10 0 40
3 14 0 14
4 10 32 11
5 9 25 18
5 13 14 12
6 7 11 22
7 11 11 38
9 14 37 19
11 12 2 25
(291, 289)

Arvore 111
0 2 23 19
1 3 23 44
2 7 23 17
3 6 8 14
3 8 31 13
3 10 0 40
3 14 0 14
4 10 32 11
5 9 25 18
5 13 14 12
6 7 11 22
9 11 12 25
9 14 37 19
11 12 2 25
(241, 293)

Arvore 112
0 2 23 19
1 6 46 33
2 7 23 17
3 6 8 14
3 8 31 13
3 10 0 40
3 14 0 14
4 10 32 11
5 9 25 18
5 13 14 12
6 7 11 22
9 11 12 25
9 14 37 19
11 12 2 25
(264, 282)

Arvore 113
0 2 23 19
1 7 61 28
2 7 23 17
3 6 8 14
3 8 31 13
3 10 0 40
3 14 0 14
4 10 32 11
5 9 25 18
5 13 14 12
6 7 11 22
9 11 12 25
9 14 37 19
11 12 2 25
(279, 277)

Arvore 114
0 2 23 19
1 13 74 27
2 7 23 17
3 6 8 14
3 8 31 13
3 10 0 40
3 14 0 14
4 10 32 11
5 9 25 18
5 13 14 12
6 7 11 22
9 11 12 25
9 14 37 19
11 12 2 25
(292, 276)

Arvore 115
0 2 23 19
1 3 23 44
2 7 23 17
3 6 8 14
3 8 31 13
3 10 0 40
3 14 0 14
4 10 32 11
5 9 25 18
5 13 14 12
6 7 11 22
7 11 11 38
8 13 5 52
11 12 2 25
(208, 339)

Arvore 116
0 2 23 19
1 6 46 33
2 7 23 17
3 6 8 14
3 8 31 13
3 10 0 40
3 14 0 14
4 10 32 11
5 9 25 18
5 13 14 12
6 7 11 22
7 11 11 38
8 13 5 52
11 12 2 25
(231, 328)

Arvore 117
0 2 23 19
1 7 61 28
2 7 23 17
3 6 8 14
3 8 31 13
3 10 0 40
3 14 0 14
4 10 32 11
5 9 25 18
5 13 14 12
6 7 11 22
7 11 11 38
8 13 5 52
11 12 2 25
(246, 323)

Arvore 118
0 2 23 19
1 12 9 53
2 7 23 17
3 6 8 14
3 8 31 13
3 10 0 40
3 14 0 14
4 10 32 11
5 9 25 18
5 13 14 12
6 7 11 22
7 11 11 38
8 13 5 52
11 12 2 25
(194, 348)

Arvore 119
0 2 23 19
1 13 74 27
2 7 23 17
3 6 8 14
3 8 31 13
3 10 0 40
3 14 0 14
4 10 32 11
5 9 25 18
5 13 14 12
6 7 11 22
7 11 11 38
8 13 5 52
11 12 2 25
(259, 322)

Arvore 120
0 2 23 19
1 3 23 44
2 7 23 17
3 6 8 14
3 8 31 13
3 10 0 40
3 14 0 14
4 10 32 11
5 9 25 18
5 13 14 12
6 7 11 22
7 11 11 38
9 11 12 25
11 12 2 25
(215, 312)

Arvore 121
0 2 23 19
1 6 46 33
2 7 23 17
3 6 8 14
3 8 31 13
3 10 0 40
3 14 0 14
4 10 32 11
5 9 25 18
5 13 14 12
6 7 11 22
7 11 11 38
9 11 12 25
11 12 2 25
(238, 301)

Arvore 122
0 2 23 19
1 7 61 28
2 7 23 17
3 6 8 14
3 8 31 13
3 10 0 40
3 14 0 14
4 10 32 11
5 9 25 18
5 13 14 12
6 7 11 22
7 11 11 38
9 11 12 25
11 12 2 25
(253, 296)

Arvore 123
0 2 23 19
1 12 9 53
2 7 23 17
3 6 8 14
3 8 31 13
3 10 0 40
3 14 0 14
4 10 32 11
5 9 25 18
5 13 14 12
6 7 11 22
7 11 11 38
9 11 12 25
11 12 2 25
(201, 321)

Arvore 124
0 2 23 19
1 13 74 27
2 7 23 17
3 6 8 14
3 8 31 13
3 10 0 40
3 14 0 14
4 10 32 11
5 9 25 18
5 13 14 12
6 7 11 22
7 11 11 38
9 11 12 25
11 12 2 25
(266, 295)

Arvore 125
0 2 23 19
0 12 52 22
1 3 23 44
2 7 23 17
3 6 8 14
3 8 31 13
3 10 0 40
3 14 0 14
4 10 32 11
5 9 25 18
5 13 14 12
6 7 11 22
8 13 5 52
11 12 2 25
(249, 323)

Arvore 126
0 2 23 19
0 12 52 22
1 6 46 33
2 7 23 17
3 6 8 14
3 8 31 13
3 10 0 40
3 14 0 14
4 10 32 11
5 9 25 18
5 13 14 12
6 7 11 22
8 13 5 52
11 12 2 25
(272, 312)

Arvore 127
0 2 23 19
0 12 52 22
1 7 61 28
2 7 23 17
3 6 8 14
3 8 31 13
3 10 0 40
3 14 0 14
4 10 32 11
5 9 25 18
5 13 14 12
6 7 11 22
8 13 5 52
11 12 2 25
(287, 307)

Arvore 128
0 2 23 19
0 12 52 22
1 12 9 53
2 7 23 17
3 6 8 14
3 8 31 13
3 10 0 40
3 14 0 14
4 10 32 11
5 9 25 18
5 13 14 12
6 7 11 22
8 13 5 52
11 12 2 25
(235, 332)

Arvore 129
0 2 23 19
0 12 52 22
1 13 74 27
2 7 23 17
3 6 8 14
3 8 31 13
3 10 0 40
3 14 0 14
4 10 32 11
5 9 25 18
5 13 14 12
6 7 11 22
8 13 5 52
11 12 2 25
(300, 306)

Arvore 130
0 2 23 19
1 12 9 53
2 7 23 17
3 6 8 14
3 8 31 13
3 10 0 40
3 14 0 14
4 10 32 11
5 9 25 18
5 13 14 12
6 7 11 22
8 12 54 18
8 13 5 52
11 12 2 25
(237, 328)

Arvore 131
0 2 23 19
1 12 9 53
2 7 23 17
3 6 8 14
3 8 31 13
3 10 0 40
3 14 0 14
4 10 32 11
5 9 25 18
5 13 14 12
6 7 11 22
8 13 5 52
9 11 12 25
11 12 2 25
(195, 335)

Arvore 132
0 2 23 19
1 3 23 44
2 7 23 17
3 6 8 14
3 8 31 13
3 10 0 40
3 14 0 14
4 10 32 11
5 9 25 18
5 13 14 12
6 7 11 22
8 12 54 18
8 13 5 52
11 12 2 25
(251, 319)

Arvore 133
0 2 23 19
1 6 46 33
2 7 23 17
3 6 8 14
3 8 31 13
3 10 0 40
3 14 0 14
4 10 32 11
5 9 25 18
5 13 14 12
6 7 11 22
8 12 54 18
8 13 5 52
11 12 2 25
(274, 308)

Arvore 134
0 2 23 19
1 7 61 28
2 7 23 17
3 6 8 14
3 8 31 13
3 10 0 40
3 14 0 14
4 10 32 11
5 9 25 18
5 13 14 12
6 7 11 22
8 12 54 18
8 13 5 52
11 12 2 25
(289, 303)

Arvore 135
0 2 23 19
1 13 74 27
2 7 23 17
3 6 8 14
3 8 31 13
3 10 0 40
3 14 0 14
4 10 32 11
5 9 25 18
5 13 14 12
6 7 11 22
8 12 54 18
8 13 5 52
11 12 2 25
(302, 302)

Arvore 136
0 2 23 19
1 3 23 44
2 7 23 17
3 6 8 14
3 8 31 13
3 10 0 40
3 14 0 14
4 10 32 11
5 9 25 18
5 13 14 12
6 7 11 22
8 13 5 52
9 11 12 25
11 12 2 25
(209, 326)

Arvore 137
0 2 23 19
1 6 46 33
2 7 23 17
3 6 8 14
3 8 31 13
3 10 0 40
3 14 0 14
4 10 32 11
5 9 25 18
5 13 14 12
6 7 11 22
8 13 5 52
9 11 12 25
11 12 2 25
(232, 315)

Arvore 138
0 2 23 19
1 7 61 28
2 7 23 17
3 6 8 14
3 8 31 13
3 10 0 40
3 14 0 14
4 10 32 11
5 9 25 18
5 13 14 12
6 7 11 22
8 13 5 52
9 11 12 25
11 12 2 25
(247, 310)

Arvore 139
0 2 23 19
1 13 74 27
2 7 23 17
3 6 8 14
3 8 31 13
3 10 0 40
3 14 0 14
4 10 32 11
5 9 25 18
5 13 14 12
6 7 11 22
8 13 5 52
9 11 12 25
11 12 2 25
(260, 309)

Arvore 140
0 2 23 19
1 3 23 44
2 7 23 17
3 6 8 14
3 8 31 13
3 10 0 40
3 14 0 14
4 10 32 11
5 9 25 18
5 13 14 12
6 7 11 22
6 13 26 26
9 11 12 25
11 12 2 25
(230, 300)

Arvore 141
0 2 23 19
1 6 46 33
2 7 23 17
3 6 8 14
3 8 31 13
3 10 0 40
3 14 0 14
4 10 32 11
5 9 25 18
5 13 14 12
6 7 11 22
6 13 26 26
9 11 12 25
11 12 2 25
(253, 289)

Arvore 142
0 2 23 19
1 7 61 28
2 7 23 17
3 6 8 14
3 8 31 13
3 10 0 40
3 14 0 14
4 10 32 11
5 9 25 18
5 13 14 12
6 7 11 22
6 13 26 26
9 11 12 25
11 12 2 25
(268, 284)

Arvore 143
0 2 23 19
1 12 9 53
2 7 23 17
3 6 8 14
3 8 31 13
3 10 0 40
3 14 0 14
4 10 32 11
5 9 25 18
5 13 14 12
6 7 11 22
6 13 26 26
9 11 12 25
11 12 2 25
(216, 309)

Arvore 144
0 2 23 19
1 13 74 27
2 7 23 17
3 6 8 14
3 8 31 13
3 10 0 40
3 14 0 14
4 10 32 11
5 9 25 18
5 13 14 12
6 7 11 22
6 13 26 26
9 11 12 25
11 12 2 25
(281, 283)

Arvore 145
0 2 23 19
1 12 9 53
2 7 23 17
3 6 8 14
3 8 31 13
3 10 0 40
3 14 0 14
4 10 32 11
5 13 14 12
6 7 11 22
7 11 11 38
8 13 5 52
9 11 12 25
11 12 2 25
(181, 355)

Arvore 146
0 2 23 19
1 3 23 44
2 7 23 17
3 6 8 14
3 8 31 13
3 10 0 40
3 14 0 14
4 10 32 11
5 13 14 12
6 7 11 22
7 11 11 38
8 13 5 52
9 11 12 25
11 12 2 25
(195, 346)

Arvore 147
0 2 23 19
1 6 46 33
2 7 23 17
3 6 8 14
3 8 31 13
3 10 0 40
3 14 0 14
4 10 32 11
5 13 14 12
6 7 11 22
7 11 11 38
8 13 5 52
9 11 12 25
11 12 2 25
(218, 335)

Arvore 148
0 2 23 19
1 7 61 28
2 7 23 17
3 6 8 14
3 8 31 13
3 10 0 40
3 14 0 14
4 10 32 11
5 13 14 12
6 7 11 22
7 11 11 38
8 13 5 52
9 11 12 25
11 12 2 25
(233, 330)

Arvore 149
0 2 23 19
1 13 74 27
2 7 23 17
3 6 8 14
3 8 31 13
3 10 0 40
3 14 0 14
4 10 32 11
5 13 14 12
6 7 11 22
7 11 11 38
8 13 5 52
9 11 12 25
11 12 2 25
(246, 329)

Arvore 150
0 2 23 19
1 12 9 53
2 7 23 17
3 6 8 14
3 8 31 13
3 10 0 40
3 14 0 14
4 10 32 11
5 13 14 12
6 7 11 22
7 11 11 38
8 13 5 52
9 11 12 25
11 12 2 25
(181, 355)

Arvore 151
0 2 23 19
1 12 9 53
2 7 23 17
3 6 8 14
3 10 0 40
3 13 9 73
3 14 0 14
4 10 32 11
5 9 25 18
5 13 14 12
6 7 11 22
7 11 11 38
8 13 5 52
11 12 2 25
(172, 408)

Arvore 152
0 2 23 19
1 12 9 53
2 7 23 17
3 6 8 14
3 10 0 40
3 14 0 14
4 10 32 11
5 9 25 18
5 13 14 12
6 7 11 22
7 11 11 38
8 13 5 52
9 11 12 25
11 12 2 25
(175, 360)

Arvore 153
0 2 23 19
1 3 23 44
2 7 23 17
3 6 8 14
3 10 0 40
3 14 0 14
4 10 32 11
5 9 25 18
5 13 14 12
6 7 11 22
7 11 11 38
8 13 5 52
9 11 12 25
11 12 2 25
(189, 351)

Arvore 154
0 2 23 19
1 6 46 33
2 7 23 17
3 6 8 14
3 10 0 40
3 14 0 14
4 10 32 11
5 9 25 18
5 13 14 12
6 7 11 22
7 11 11 38
8 13 5 52
9 11 12 25
11 12 2 25
(212, 340)

Arvore 155
0 2 23 19
1 7 61 28
2 7 23 17
3 6 8 14
3 10 0 40
3 14 0 14
4 10 32 11
5 9 25 18
5 13 14 12
6 7 11 22
7 11 11 38
8 13 5 52
9 11 12 25
11 12 2 25
(227, 335)

Arvore 156
0 2 23 19
1 13 74 27
2 7 23 17
3 6 8 14
3 10 0 40
3 14 0 14
4 10 32 11
5 9 25 18
5 13 14 12
6 7 11 22
7 11 11 38
8 13 5 52
9 11 12 25
11 12 2 25
(240, 334)

Arvore 157
0 2 23 19
0 8 28 27
1 3 23 44
2 7 23 17
3 6 8 14
3 10 0 40
3 14 0 14
4 10 32 11
5 9 25 18
5 13 14 12
6 7 11 22
7 11 11 38
9 11 12 25
11 12 2 25
(212, 326)

Arvore 158
0 2 23 19
0 8 28 27
1 6 46 33
2 7 23 17
3 6 8 14
3 10 0 40
3 14 0 14
4 10 32 11
5 9 25 18
5 13 14 12
6 7 11 22
7 11 11 38
9 11 12 25
11 12 2 25
(235, 315)

Arvore 159
0 2 23 19
0 8 28 27
1 7 61 28
2 7 23 17
3 6 8 14
3 10 0 40
3 14 0 14
4 10 32 11
5 9 25 18
5 13 14 12
6 7 11 22
7 11 11 38
9 11 12 25
11 12 2 25
(250, 310)

Arvore 160
0 2 23 19
0 8 28 27
1 12 9 53
2 7 23 17
3 6 8 14
3 10 0 40
3 14 0 14
4 10 32 11
5 9 25 18
5 13 14 12
6 7 11 22
7 11 11 38
9 11 12 25
11 12 2 25
(198, 335)

Arvore 161
0 2 23 19
0 8 28 27
1 13 74 27
2 7 23 17
3 6 8 14
3 10 0 40
3 14 0 14
4 10 32 11
5 9 25 18
5 13 14 12
6 7 11 22
7 11 11 38
9 11 12 25
11 12 2 25
(263, 309)

Arvore 162
0 2 23 19
0 12 52 22
1 12 9 53
2 7 23 17
3 6 8 14
3 10 0 40
3 13 9 73
3 14 0 14
4 10 32 11
5 9 25 18
5 13 14 12
6 7 11 22
8 13 5 52
11 12 2 25
(213, 392)

Arvore 163
0 2 23 19
1 12 9 53
2 7 23 17
3 6 8 14
3 10 0 40
3 13 9 73
3 14 0 14
4 10 32 11
5 9 25 18
5 13 14 12
6 7 11 22
8 12 54 18
8 13 5 52
11 12 2 25
(215, 388)

Arvore 164
0 2 23 19
1 12 9 53
2 7 23 17
3 6 8 14
3 10 0 40
3 13 9 73
3 14 0 14
4 10 32 11
5 9 25 18
5 13 14 12
6 7 11 22
8 13 5 52
9 11 12 25
11 12 2 25
(173, 395)

Arvore 165
0 2 23 19
1 12 9 53
2 7 23 17
3 6 8 14
3 10 0 40
3 14 0 14
4 10 32 11
5 9 25 18
5 13 14 12
6 7 11 22
6 13 26 26
8 13 5 52
9 11 12 25
11 12 2 25
(190, 348)

Arvore 166
0 2 23 19
1 3 23 44
2 7 23 17
3 6 8 14
3 10 0 40
3 14 0 14
4 10 32 11
5 9 25 18
5 13 14 12
6 7 11 22
6 13 26 26
8 13 5 52
9 11 12 25
11 12 2 25
(204, 339)

Arvore 167
0 2 23 19
1 6 46 33
2 7 23 17
3 6 8 14
3 10 0 40
3 14 0 14
4 10 32 11
5 9 25 18
5 13 14 12
6 7 11 22
6 13 26 26
8 13 5 52
9 11 12 25
11 12 2 25
(227, 328)

Arvore 168
0 2 23 19
1 7 61 28
2 7 23 17
3 6 8 14
3 10 0 40
3 14 0 14
4 10 32 11
5 9 25 18
5 13 14 12
6 7 11 22
6 13 26 26
8 13 5 52
9 11 12 25
11 12 2 25
(242, 323)

Arvore 169
0 2 23 19
1 13 74 27
2 7 23 17
3 6 8 14
3 10 0 40
3 14 0 14
4 10 32 11
5 9 25 18
5 13 14 12
6 7 11 22
6 13 26 26
8 13 5 52
9 11 12 25
11 12 2 25
(255, 322)

Arvore 170
0 2 23 19
0 8 28 27
1 3 23 44
2 7 23 17
3 6 8 14
3 10 0 40
3 14 0 14
4 10 32 11
5 9 25 18
5 13 14 12
6 7 11 22
6 13 26 26
9 11 12 25
11 12 2 25
(227, 314)

Arvore 171
0 2 23 19
0 8 28 27
1 6 46 33
2 7 23 17
3 6 8 14
3 10 0 40
3 14 0 14
4 10 32 11
5 9 25 18
5 13 14 12
6 7 11 22
6 13 26 26
9 11 12 25
11 12 2 25
(250, 303)

Arvore 172
0 2 23 19
0 8 28 27
1 7 61 28
2 7 23 17
3 6 8 14
3 10 0 40
3 14 0 14
4 10 32 11
5 9 25 18
5 13 14 12
6 7 11 22
6 13 26 26
9 11 12 25
11 12 2 25
(265, 298)

Arvore 173
0 2 23 19
0 8 28 27
1 12 9 53
2 7 23 17
3 6 8 14
3 10 0 40
3 14 0 14
4 10 32 11
5 9 25 18
5 13 14 12
6 7 11 22
6 13 26 26
9 11 12 25
11 12 2 25
(213, 323)

Arvore 174
0 2 23 19
0 8 28 27
1 13 74 27
2 7 23 17
3 6 8 14
3 10 0 40
3 14 0 14
4 10 32 11
5 9 25 18
5 13 14 12
6 7 11 22
6 13 26 26
9 11 12 25
11 12 2 25
(278, 297)

Arvore 175
0 2 23 19
1 12 9 53
2 7 23 17
3 6 8 14
3 10 0 40
3 13 9 73
3 14 0 14
4 10 32 11
5 13 14 12
6 7 11 22
7 11 11 38
8 13 5 52
9 11 12 25
11 12 2 25
(159, 415)

Arvore 176
0 2 23 19
1 12 9 53
2 7 23 17
3 6 8 14
3 10 0 40
3 14 0 14
4 10 32 11
5 12 12 56
5 13 14 12
6 7 11 22
7 11 11 38
8 13 5 52
9 11 12 25
11 12 2 25
(162, 398)

Arvore 177
0 2 23 19
1 3 23 44
2 7 23 17
3 6 8 14
3 10 0 40
3 13 9 73
3 14 0 14
4 10 32 11
5 13 14 12
6 7 11 22
7 11 11 38
8 13 5 52
9 11 12 25
11 12 2 25
(173, 406)

Arvore 178
0 2 23 19
1 3 23 44
2 7 23 17
3 6 8 14
3 10 0 40
3 14 0 14
4 10 32 11
5 12 12 56
5 13 14 12
6 7 11 22
7 11 11 38
8 13 5 52
9 11 12 25
11 12 2 25
(176, 389)

Arvore 179
0 2 23 19
1 12 9 53
2 7 23 17
3 6 8 14
3 10 0 40
3 13 9 73
3 14 0 14
4 10 32 11
5 13 14 12
6 7 11 22
7 11 11 38
8 13 5 52
9 11 12 25
11 12 2 25
(159, 415)

Arvore 180
0 2 23 19
1 12 9 53
2 7 23 17
3 6 8 14
3 10 0 40
3 13 9 73
3 14 0 14
4 10 32 11
5 12 12 56
6 7 11 22
7 11 11 38
8 13 5 52
9 11 12 25
11 12 2 25
(157, 459)

Arvore 181
0 2 23 19
1 12 9 53
2 7 23 17
3 6 8 14
3 10 0 40
3 14 0 14
4 10 32 11
5 12 12 56
6 7 11 22
7 11 11 38
8 13 5 52
9 11 12 25
11 12 2 25
13 14 12 68
(160, 454)

Arvore 182
0 2 23 19
1 3 23 44
2 7 23 17
3 6 8 14
3 8 31 13
3 10 0 40
3 14 0 14
4 8 22 80
5 9 25 18
5 13 14 12
6 7 11 22
7 11 11 38
8 13 5 52
11 12 2 25
(198, 408)

Arvore 183
0 2 23 19
1 12 9 53
2 7 23 17
3 6 8 14
3 8 31 13
3 10 0 40
3 14 0 14
4 8 22 80
5 9 25 18
5 13 14 12
6 7 11 22
7 11 11 38
8 13 5 52
11 12 2 25
(184, 417)

Arvore 184
0 2 23 19
1 3 23 44
2 7 23 17
3 6 8 14
3 8 31 13
3 10 0 40
3 14 0 14
4 8 22 80
5 9 25 18
5 13 14 12
6 7 11 22
7 11 11 38
9 11 12 25
11 12 2 25
(205, 381)

Arvore 185
0 2 23 19
1 12 9 53
2 7 23 17
3 6 8 14
3 8 31 13
3 10 0 40
3 14 0 14
4 8 22 80
5 9 25 18
5 13 14 12
6 7 11 22
7 11 11 38
9 11 12 25
11 12 2 25
(191, 390)

Arvore 186
0 2 23 19
1 12 9 53
2 7 23 17
3 6 8 14
3 8 31 13
3 10 0 40
3 14 0 14
4 8 22 80
5 9 25 18
5 13 14 12
6 7 11 22
8 13 5 52
9 11 12 25
11 12 2 25
(185, 404)

Arvore 187
0 2 23 19
1 3 23 44
2 7 23 17
3 6 8 14
3 8 31 13
3 10 0 40
3 14 0 14
4 8 22 80
5 9 25 18
5 13 14 12
6 7 11 22
8 13 5 52
9 11 12 25
11 12 2 25
(199, 395)

Arvore 188
0 2 23 19
1 3 23 44
2 7 23 17
3 6 8 14
3 8 31 13
3 10 0 40
3 14 0 14
4 8 22 80
5 9 25 18
5 13 14 12
6 7 11 22
6 13 26 26
9 11 12 25
11 12 2 25
(220, 369)

Arvore 189
0 2 23 19
1 12 9 53
2 7 23 17
3 6 8 14
3 8 31 13
3 10 0 40
3 14 0 14
4 8 22 80
5 9 25 18
5 13 14 12
6 7 11 22
6 13 26 26
9 11 12 25
11 12 2 25
(206, 378)

Arvore 190
0 2 23 19
1 12 9 53
2 7 23 17
3 6 8 14
3 8 31 13
3 10 0 40
3 14 0 14
4 8 22 80
5 13 14 12
6 7 11 22
7 11 11 38
8 13 5 52
9 11 12 25
11 12 2 25
(171, 424)

Arvore 191
0 2 23 19
1 3 23 44
2 7 23 17
3 6 8 14
3 8 31 13
3 10 0 40
3 14 0 14
4 8 22 80
5 13 14 12
6 7 11 22
7 11 11 38
8 13 5 52
9 11 12 25
11 12 2 25
(185, 415)

Arvore 192
0 2 23 19
1 12 9 53
2 7 23 17
3 6 8 14
3 8 31 13
3 10 0 40
3 14 0 14
4 8 22 80
5 13 14 12
6 7 11 22
7 11 11 38
8 13 5 52
9 11 12 25
11 12 2 25
(171, 424)

Arvore 193
0 2 23 19
1 12 9 53
2 7 23 17
3 6 8 14
3 10 0 40
3 13 9 73
3 14 0 14
4 8 22 80
5 9 25 18
5 13 14 12
6 7 11 22
7 11 11 38
8 13 5 52
11 12 2 25
(162, 477)

Arvore 194
0 2 23 19
1 12 9 53
2 7 23 17
3 6 8 14
3 10 0 40
3 14 0 14
4 8 22 80
5 9 25 18
5 13 14 12
6 7 11 22
7 11 11 38
8 13 5 52
9 11 12 25
11 12 2 25
(165, 429)

Arvore 195
0 2 23 19
1 3 23 44
2 7 23 17
3 6 8 14
3 10 0 40
3 14 0 14
4 8 22 80
5 9 25 18
5 13 14 12
6 7 11 22
7 11 11 38
8 13 5 52
9 11 12 25
11 12 2 25
(179, 420)

Arvore 196
0 2 23 19
0 8 28 27
1 3 23 44
2 7 23 17
3 6 8 14
3 10 0 40
3 14 0 14
4 8 22 80
5 9 25 18
5 13 14 12
6 7 11 22
7 11 11 38
9 11 12 25
11 12 2 25
(202, 395)

Arvore 197
0 2 23 19
0 8 28 27
1 12 9 53
2 7 23 17
3 6 8 14
3 10 0 40
3 14 0 14
4 8 22 80
5 9 25 18
5 13 14 12
6 7 11 22
7 11 11 38
9 11 12 25
11 12 2 25
(188, 404)

Arvore 198
0 2 23 19
1 12 9 53
2 7 23 17
3 6 8 14
3 10 0 40
3 13 9 73
3 14 0 14
4 8 22 80
5 9 25 18
5 13 14 12
6 7 11 22
8 13 5 52
9 11 12 25
11 12 2 25
(163, 464)

Arvore 199
0 2 23 19
1 12 9 53
2 7 23 17
3 6 8 14
3 10 0 40
3 14 0 14
4 8 22 80
5 9 25 18
5 13 14 12
6 7 11 22
6 13 26 26
8 13 5 52
9 11 12 25
11 12 2 25
(180, 417)

Arvore 200
0 2 23 19
1 3 23 44
2 7 23 17
3 6 8 14
3 10 0 40
3 14 0 14
4 8 22 80
5 9 25 18
5 13 14 12
6 7 11 22
6 13 26 26
8 13 5 52
9 11 12 25
11 12 2 25
(194, 408)

Arvore 201
0 2 23 19
0 8 28 27
1 3 23 44
2 7 23 17
3 6 8 14
3 10 0 40
3 14 0 14
4 8 22 80
5 9 25 18
5 13 14 12
6 7 11 22
6 13 26 26
9 11 12 25
11 12 2 25
(217, 383)

Arvore 202
0 2 23 19
0 8 28 27
1 12 9 53
2 7 23 17
3 6 8 14
3 10 0 40
3 14 0 14
4 8 22 80
5 9 25 18
5 13 14 12
6 7 11 22
6 13 26 26
9 11 12 25
11 12 2 25
(203, 392)

Arvore 203
0 2 23 19
1 12 9 53
2 7 23 17
3 6 8 14
3 10 0 40
3 13 9 73
3 14 0 14
4 8 22 80
5 13 14 12
6 7 11 22
7 11 11 38
8 13 5 52
9 11 12 25
11 12 2 25
(149, 484)

Arvore 204
0 2 23 19
1 12 9 53
2 7 23 17
3 6 8 14
3 10 0 40
3 14 0 14
4 8 22 80
5 12 12 56
5 13 14 12
6 7 11 22
7 11 11 38
8 13 5 52
9 11 12 25
11 12 2 25
(152, 467)

Arvore 205
0 2 23 19
1 3 23 44
2 7 23 17
3 6 8 14
3 10 0 40
3 13 9 73
3 14 0 14
4 8 22 80
5 13 14 12
6 7 11 22
7 11 11 38
8 13 5 52
9 11 12 25
11 12 2 25
(163, 475)

Arvore 206
0 2 23 19
1 3 23 44
2 7 23 17
3 6 8 14
3 10 0 40
3 14 0 14
4 8 22 80
5 12 12 56
5 13 14 12
6 7 11 22
7 11 11 38
8 13 5 52
9 11 12 25
11 12 2 25
(166, 458)

Arvore 207
0 2 23 19
1 12 9 53
2 7 23 17
3 6 8 14
3 10 0 40
3 13 9 73
3 14 0 14
4 8 22 80
5 13 14 12
6 7 11 22
7 11 11 38
8 13 5 52
9 11 12 25
11 12 2 25
(149, 484)

Arvore 208
0 2 23 19
1 12 9 53
2 7 23 17
3 6 8 14
3 10 0 40
3 13 9 73
3 14 0 14
4 8 22 80
5 12 12 56
6 7 11 22
7 11 11 38
8 13 5 52
9 11 12 25
11 12 2 25
(147, 528)

Arvore 209
0 2 23 19
1 12 9 53
2 7 23 17
3 6 8 14
3 10 0 40
3 14 0 14
4 8 22 80
5 12 12 56
6 7 11 22
7 11 11 38
8 13 5 52
9 11 12 25
11 12 2 25
13 14 12 68
(150, 523)

Arvore 210
0 2 23 19
0 12 52 22
1 3 23 44
2 7 23 17
3 6 8 14
3 8 31 13
3 14 0 14
4 5 54 11
4 6 35 11
4 10 32 11
5 9 25 18
5 13 14 12
6 7 11 22
6 11 87 21
(418, 249)

Arvore 211
0 2 23 19
0 12 52 22
1 6 46 33
2 7 23 17
3 6 8 14
3 8 31 13
3 14 0 14
4 5 54 11
4 6 35 11
4 10 32 11
5 9 25 18
5 13 14 12
6 7 11 22
6 11 87 21
(441, 238)

Arvore 212
0 2 23 19
0 12 52 22
1 7 61 28
2 7 23 17
3 6 8 14
3 8 31 13
3 14 0 14
4 5 54 11
4 6 35 11
4 10 32 11
5 9 25 18
5 13 14 12
6 7 11 22
6 11 87 21
(456, 233)

Arvore 213
0 2 23 19
0 12 52 22
1 12 9 53
2 7 23 17
3 6 8 14
3 8 31 13
3 14 0 14
4 5 54 11
4 6 35 11
4 10 32 11
5 9 25 18
5 13 14 12
6 7 11 22
6 11 87 21
(404, 258)

Arvore 214
0 2 23 19
0 12 52 22
1 13 74 27
2 7 23 17
3 6 8 14
3 8 31 13
3 14 0 14
4 5 54 11
4 6 35 11
4 10 32 11
5 9 25 18
5 13 14 12
6 7 11 22
6 11 87 21
(469, 232)

Arvore 215
0 2 23 19
0 12 52 22
1 3 23 44
2 7 23 17
3 6 8 14
3 8 31 13
3 14 0 14
4 5 54 11
4 6 35 11
4 10 32 11
5 9 25 18
5 13 14 12
6 7 11 22
11 12 2 25
(333, 253)

Arvore 216
0 2 23 19
0 12 52 22
1 6 46 33
2 7 23 17
3 6 8 14
3 8 31 13
3 14 0 14
4 5 54 11
4 6 35 11
4 10 32 11
5 9 25 18
5 13 14 12
6 7 11 22
11 12 2 25
(356, 242)

Arvore 217
0 2 23 19
0 12 52 22
1 7 61 28
2 7 23 17
3 6 8 14
3 8 31 13
3 14 0 14
4 5 54 11
4 6 35 11
4 10 32 11
5 9 25 18
5 13 14 12
6 7 11 22
11 12 2 25
(371, 237)

Arvore 218
0 2 23 19
0 12 52 22
1 12 9 53
2 7 23 17
3 6 8 14
3 8 31 13
3 14 0 14
4 5 54 11
4 6 35 11
4 10 32 11
5 9 25 18
5 13 14 12
6 7 11 22
11 12 2 25
(319, 262)

Arvore 219
0 2 23 19
0 12 52 22
1 13 74 27
2 7 23 17
3 6 8 14
3 8 31 13
3 14 0 14
4 5 54 11
4 6 35 11
4 10 32 11
5 9 25 18
5 13 14 12
6 7 11 22
11 12 2 25
(384, 236)

Arvore 220
0 2 23 19
1 3 23 44
2 7 23 17
3 6 8 14
3 8 31 13
3 14 0 14
4 5 54 11
4 6 35 11
4 10 32 11
5 9 25 18
5 13 14 12
6 7 11 22
6 11 87 21
8 12 54 18
(420, 245)

Arvore 221
0 2 23 19
1 6 46 33
2 7 23 17
3 6 8 14
3 8 31 13
3 14 0 14
4 5 54 11
4 6 35 11
4 10 32 11
5 9 25 18
5 13 14 12
6 7 11 22
6 11 87 21
8 12 54 18
(443, 234)

Arvore 222
0 2 23 19
1 7 61 28
2 7 23 17
3 6 8 14
3 8 31 13
3 14 0 14
4 5 54 11
4 6 35 11
4 10 32 11
5 9 25 18
5 13 14 12
6 7 11 22
6 11 87 21
8 12 54 18
(458, 229)

Arvore 223
0 2 23 19
1 12 9 53
2 7 23 17
3 6 8 14
3 8 31 13
3 14 0 14
4 5 54 11
4 6 35 11
4 10 32 11
5 9 25 18
5 13 14 12
6 7 11 22
6 11 87 21
8 12 54 18
(406, 254)

Arvore 224
0 2 23 19
1 13 74 27
2 7 23 17
3 6 8 14
3 8 31 13
3 14 0 14
4 5 54 11
4 6 35 11
4 10 32 11
5 9 25 18
5 13 14 12
6 7 11 22
6 11 87 21
8 12 54 18
(471, 228)

Arvore 225
0 2 23 19
1 3 23 44
2 7 23 17
3 6 8 14
3 8 31 13
3 14 0 14
4 5 54 11
4 6 35 11
4 10 32 11
5 9 25 18
5 13 14 12
6 7 11 22
8 12 54 18
11 12 2 25
(335, 249)

Arvore 226
0 2 23 19
1 6 46 33
2 7 23 17
3 6 8 14
3 8 31 13
3 14 0 14
4 5 54 11
4 6 35 11
4 10 32 11
5 9 25 18
5 13 14 12
6 7 11 22
8 12 54 18
11 12 2 25
(358, 238)

Arvore 227
0 2 23 19
1 7 61 28
2 7 23 17
3 6 8 14
3 8 31 13
3 14 0 14
4 5 54 11
4 6 35 11
4 10 32 11
5 9 25 18
5 13 14 12
6 7 11 22
8 12 54 18
11 12 2 25
(373, 233)

Arvore 228
0 2 23 19
1 12 9 53
2 7 23 17
3 6 8 14
3 8 31 13
3 14 0 14
4 5 54 11
4 6 35 11
4 10 32 11
5 9 25 18
5 13 14 12
6 7 11 22
8 12 54 18
11 12 2 25
(321, 258)

Arvore 229
0 2 23 19
1 13 74 27
2 7 23 17
3 6 8 14
3 8 31 13
3 14 0 14
4 5 54 11
4 6 35 11
4 10 32 11
5 9 25 18
5 13 14 12
6 7 11 22
8 12 54 18
11 12 2 25
(386, 232)

Arvore 230
0 2 23 19
1 12 9 53
2 7 23 17
3 6 8 14
3 8 31 13
3 14 0 14
4 5 54 11
4 6 35 11
4 10 32 11
5 9 25 18
5 13 14 12
6 7 11 22
7 11 11 38
11 12 2 25
(278, 278)

Arvore 231
0 2 23 19
1 12 9 53
2 7 23 17
3 6 8 14
3 8 31 13
3 14 0 14
4 5 54 11
4 6 35 11
4 10 32 11
5 9 25 18
5 13 14 12
6 7 11 22
9 11 12 25
11 12 2 25
(279, 265)

Arvore 232
0 2 23 19
1 3 23 44
2 7 23 17
3 6 8 14
3 8 31 13
3 14 0 14
4 5 54 11
4 6 35 11
4 10 32 11
5 9 25 18
5 13 14 12
6 7 11 22
7 11 11 38
11 12 2 25
(292, 269)

Arvore 233
0 2 23 19
1 6 46 33
2 7 23 17
3 6 8 14
3 8 31 13
3 14 0 14
4 5 54 11
4 6 35 11
4 10 32 11
5 9 25 18
5 13 14 12
6 7 11 22
7 11 11 38
11 12 2 25
(315, 258)

Arvore 234
0 2 23 19
1 7 61 28
2 7 23 17
3 6 8 14
3 8 31 13
3 14 0 14
4 5 54 11
4 6 35 11
4 10 32 11
5 9 25 18
5 13 14 12
6 7 11 22
7 11 11 38
11 12 2 25
(330, 253)

Arvore 235
0 2 23 19
1 13 74 27
2 7 23 17
3 6 8 14
3 8 31 13
3 14 0 14
4 5 54 11
4 6 35 11
4 10 32 11
5 9 25 18
5 13 14 12
6 7 11 22
7 11 11 38
11 12 2 25
(343, 252)

Arvore 236
0 2 23 19
1 3 23 44
2 7 23 17
3 6 8 14
3 8 31 13
3 14 0 14
4 5 54 11
4 6 35 11
4 10 32 11
5 9 25 18
5 13 14 12
6 7 11 22
9 11 12 25
11 12 2 25
(293, 256)

Arvore 237
0 2 23 19
1 6 46 33
2 7 23 17
3 6 8 14
3 8 31 13
3 14 0 14
4 5 54 11
4 6 35 11
4 10 32 11
5 9 25 18
5 13 14 12
6 7 11 22
9 11 12 25
11 12 2 25
(316, 245)

Arvore 238
0 2 23 19
1 7 61 28
2 7 23 17
3 6 8 14
3 8 31 13
3 14 0 14
4 5 54 11
4 6 35 11
4 10 32 11
5 9 25 18
5 13 14 12
6 7 11 22
9 11 12 25
11 12 2 25
(331, 240)

Arvore 239
0 2 23 19
1 13 74 27
2 7 23 17
3 6 8 14
3 8 31 13
3 14 0 14
4 5 54 11
4 6 35 11
4 10 32 11
5 9 25 18
5 13 14 12
6 7 11 22
9 11 12 25
11 12 2 25
(344, 239)

Arvore 240
0 2 23 19
1 12 9 53
2 7 23 17
3 6 8 14
3 8 31 13
3 14 0 14
4 5 54 11
4 6 35 11
4 10 32 11
5 13 14 12
6 7 11 22
7 11 11 38
9 11 12 25
11 12 2 25
(265, 285)

Arvore 241
0 2 23 19
1 3 23 44
2 7 23 17
3 6 8 14
3 8 31 13
3 14 0 14
4 5 54 11
4 6 35 11
4 10 32 11
5 13 14 12
6 7 11 22
7 11 11 38
9 11 12 25
11 12 2 25
(279, 276)

Arvore 242
0 2 23 19
1 6 46 33
2 7 23 17
3 6 8 14
3 8 31 13
3 14 0 14
4 5 54 11
4 6 35 11
4 10 32 11
5 13 14 12
6 7 11 22
7 11 11 38
9 11 12 25
11 12 2 25
(302, 265)

Arvore 243
0 2 23 19
1 7 61 28
2 7 23 17
3 6 8 14
3 8 31 13
3 14 0 14
4 5 54 11
4 6 35 11
4 10 32 11
5 13 14 12
6 7 11 22
7 11 11 38
9 11 12 25
11 12 2 25
(317, 260)

Arvore 244
0 2 23 19
1 13 74 27
2 7 23 17
3 6 8 14
3 8 31 13
3 14 0 14
4 5 54 11
4 6 35 11
4 10 32 11
5 13 14 12
6 7 11 22
7 11 11 38
9 11 12 25
11 12 2 25
(330, 259)

Arvore 245
0 2 23 19
1 12 9 53
2 7 23 17
3 6 8 14
3 8 31 13
3 14 0 14
4 5 54 11
4 6 35 11
4 10 32 11
5 13 14 12
6 7 11 22
7 11 11 38
9 11 12 25
11 12 2 25
(265, 285)

Arvore 246
0 2 23 19
0 8 28 27
1 3 23 44
2 7 23 17
3 6 8 14
3 14 0 14
4 5 54 11
4 6 35 11
4 10 32 11
5 9 25 18
5 13 14 12
6 7 11 22
7 11 11 38
11 12 2 25
(289, 283)

Arvore 247
0 2 23 19
0 8 28 27
1 6 46 33
2 7 23 17
3 6 8 14
3 14 0 14
4 5 54 11
4 6 35 11
4 10 32 11
5 9 25 18
5 13 14 12
6 7 11 22
7 11 11 38
11 12 2 25
(312, 272)

Arvore 248
0 2 23 19
0 8 28 27
1 7 61 28
2 7 23 17
3 6 8 14
3 14 0 14
4 5 54 11
4 6 35 11
4 10 32 11
5 9 25 18
5 13 14 12
6 7 11 22
7 11 11 38
11 12 2 25
(327, 267)

Arvore 249
0 2 23 19
0 8 28 27
1 12 9 53
2 7 23 17
3 6 8 14
3 14 0 14
4 5 54 11
4 6 35 11
4 10 32 11
5 9 25 18
5 13 14 12
6 7 11 22
7 11 11 38
11 12 2 25
(275, 292)

Arvore 250
0 2 23 19
0 8 28 27
1 13 74 27
2 7 23 17
3 6 8 14
3 14 0 14
4 5 54 11
4 6 35 11
4 10 32 11
5 9 25 18
5 13 14 12
6 7 11 22
7 11 11 38
11 12 2 25
(340, 266)

Arvore 251
0 2 23 19
1 3 23 44
2 7 23 17
3 6 8 14
3 14 0 14
4 5 54 11
4 6 35 11
4 10 32 11
5 9 25 18
5 13 14 12
6 7 11 22
7 11 11 38
8 13 5 52
11 12 2 25
(266, 308)

Arvore 252
0 2 23 19
1 6 46 33
2 7 23 17
3 6 8 14
3 14 0 14
4 5 54 11
4 6 35 11
4 10 32 11
5 9 25 18
5 13 14 12
6 7 11 22
7 11 11 38
8 13 5 52
11 12 2 25
(289, 297)

Arvore 253
0 2 23 19
1 7 61 28
2 7 23 17
3 6 8 14
3 14 0 14
4 5 54 11
4 6 35 11
4 10 32 11
5 9 25 18
5 13 14 12
6 7 11 22
7 11 11 38
8 13 5 52
11 12 2 25
(304, 292)

Arvore 254
0 2 23 19
1 12 9 53
2 7 23 17
3 6 8 14
3 14 0 14
4 5 54 11
4 6 35 11
4 10 32 11
5 9 25 18
5 13 14 12
6 7 11 22
7 11 11 38
8 13 5 52
11 12 2 25
(252, 317)

Arvore 255
0 2 23 19
1 13 74 27
2 7 23 17
3 6 8 14
3 14 0 14
4 5 54 11
4 6 35 11
4 10 32 11
5 9 25 18
5 13 14 12
6 7 11 22
7 11 11 38
8 13 5 52
11 12 2 25
(317, 291)

Arvore 256
0 2 23 19
0 12 52 22
1 3 23 44
2 7 23 17
3 6 8 14
3 14 0 14
4 5 54 11
4 6 35 11
4 10 32 11
5 9 25 18
5 13 14 12
6 7 11 22
8 13 5 52
11 12 2 25
(307, 292)

Arvore 257
0 2 23 19
0 12 52 22
1 6 46 33
2 7 23 17
3 6 8 14
3 14 0 14
4 5 54 11
4 6 35 11
4 10 32 11
5 9 25 18
5 13 14 12
6 7 11 22
8 13 5 52
11 12 2 25
(330, 281)

Arvore 258
0 2 23 19
0 12 52 22
1 7 61 28
2 7 23 17
3 6 8 14
3 14 0 14
4 5 54 11
4 6 35 11
4 10 32 11
5 9 25 18
5 13 14 12
6 7 11 22
8 13 5 52
11 12 2 25
(345, 276)

Arvore 259
0 2 23 19
0 12 52 22
1 12 9 53
2 7 23 17
3 6 8 14
3 14 0 14
4 5 54 11
4 6 35 11
4 10 32 11
5 9 25 18
5 13 14 12
6 7 11 22
8 13 5 52
11 12 2 25
(293, 301)

Arvore 260
0 2 23 19
0 12 52 22
1 13 74 27
2 7 23 17
3 6 8 14
3 14 0 14
4 5 54 11
4 6 35 11
4 10 32 11
5 9 25 18
5 13 14 12
6 7 11 22
8 13 5 52
11 12 2 25
(358, 275)

Arvore 261
0 2 23 19
1 12 9 53
2 7 23 17
3 6 8 14
3 14 0 14
4 5 54 11
4 6 35 11
4 10 32 11
5 9 25 18
5 13 14 12
6 7 11 22
8 12 54 18
8 13 5 52
11 12 2 25
(295, 297)

Arvore 262
0 2 23 19
1 12 9 53
2 7 23 17
3 6 8 14
3 14 0 14
4 5 54 11
4 6 35 11
4 10 32 11
5 9 25 18
5 13 14 12
6 7 11 22
8 13 5 52
9 11 12 25
11 12 2 25
(253, 304)

Arvore 263
0 2 23 19
1 3 23 44
2 7 23 17
3 6 8 14
3 14 0 14
4 5 54 11
4 6 35 11
4 10 32 11
5 9 25 18
5 13 14 12
6 7 11 22
8 12 54 18
8 13 5 52
11 12 2 25
(309, 288)

Arvore 264
0 2 23 19
1 6 46 33
2 7 23 17
3 6 8 14
3 14 0 14
4 5 54 11
4 6 35 11
4 10 32 11
5 9 25 18
5 13 14 12
6 7 11 22
8 12 54 18
8 13 5 52
11 12 2 25
(332, 277)

Arvore 265
0 2 23 19
1 7 61 28
2 7 23 17
3 6 8 14
3 14 0 14
4 5 54 11
4 6 35 11
4 10 32 11
5 9 25 18
5 13 14 12
6 7 11 22
8 12 54 18
8 13 5 52
11 12 2 25
(347, 272)

Arvore 266
0 2 23 19
1 13 74 27
2 7 23 17
3 6 8 14
3 14 0 14
4 5 54 11
4 6 35 11
4 10 32 11
5 9 25 18
5 13 14 12
6 7 11 22
8 12 54 18
8 13 5 52
11 12 2 25
(360, 271)

Arvore 267
0 2 23 19
1 3 23 44
2 7 23 17
3 6 8 14
3 14 0 14
4 5 54 11
4 6 35 11
4 10 32 11
5 9 25 18
5 13 14 12
6 7 11 22
8 13 5 52
9 11 12 25
11 12 2 25
(267, 295)

Arvore 268
0 2 23 19
1 6 46 33
2 7 23 17
3 6 8 14
3 14 0 14
4 5 54 11
4 6 35 11
4 10 32 11
5 9 25 18
5 13 14 12
6 7 11 22
8 13 5 52
9 11 12 25
11 12 2 25
(290, 284)

Arvore 269
0 2 23 19
1 7 61 28
2 7 23 17
3 6 8 14
3 14 0 14
4 5 54 11
4 6 35 11
4 10 32 11
5 9 25 18
5 13 14 12
6 7 11 22
8 13 5 52
9 11 12 25
11 12 2 25
(305, 279)

Arvore 270
0 2 23 19
1 13 74 27
2 7 23 17
3 6 8 14
3 14 0 14
4 5 54 11
4 6 35 11
4 10 32 11
5 9 25 18
5 13 14 12
6 7 11 22
8 13 5 52
9 11 12 25
11 12 2 25
(318, 278)

Arvore 271
0 2 23 19
0 8 28 27
1 3 23 44
2 7 23 17
3 6 8 14
3 14 0 14
4 5 54 11
4 6 35 11
4 10 32 11
5 9 25 18
5 13 14 12
6 7 11 22
9 11 12 25
11 12 2 25
(290, 270)

Arvore 272
0 2 23 19
0 8 28 27
1 6 46 33
2 7 23 17
3 6 8 14
3 14 0 14
4 5 54 11
4 6 35 11
4 10 32 11
5 9 25 18
5 13 14 12
6 7 11 22
9 11 12 25
11 12 2 25
(313, 259)

Arvore 273
0 2 23 19
0 8 28 27
1 7 61 28
2 7 23 17
3 6 8 14
3 14 0 14
4 5 54 11
4 6 35 11
4 10 32 11
5 9 25 18
5 13 14 12
6 7 11 22
9 11 12 25
11 12 2 25
(328, 254)

Arvore 274
0 2 23 19
0 8 28 27
1 12 9 53
2 7 23 17
3 6 8 14
3 14 0 14
4 5 54 11
4 6 35 11
4 10 32 11
5 9 25 18
5 13 14 12
6 7 11 22
9 11 12 25
11 12 2 25
(276, 279)

Arvore 275
0 2 23 19
0 8 28 27
1 13 74 27
2 7 23 17
3 6 8 14
3 14 0 14
4 5 54 11
4 6 35 11
4 10 32 11
5 9 25 18
5 13 14 12
6 7 11 22
9 11 12 25
11 12 2 25
(341, 253)

Arvore 276
0 2 23 19
1 12 9 53
2 7 23 17
3 6 8 14
3 14 0 14
4 5 54 11
4 6 35 11
4 10 32 11
5 13 14 12
6 7 11 22
7 11 11 38
8 13 5 52
9 11 12 25
11 12 2 25
(239, 324)

Arvore 277
0 2 23 19
1 3 23 44
2 7 23 17
3 6 8 14
3 14 0 14
4 5 54 11
4 6 35 11
4 10 32 11
5 13 14 12
6 7 11 22
7 11 11 38
8 13 5 52
9 11 12 25
11 12 2 25
(253, 315)

Arvore 278
0 2 23 19
1 6 46 33
2 7 23 17
3 6 8 14
3 14 0 14
4 5 54 11
4 6 35 11
4 10 32 11
5 13 14 12
6 7 11 22
7 11 11 38
8 13 5 52
9 11 12 25
11 12 2 25
(276, 304)

Arvore 279
0 2 23 19
1 7 61 28
2 7 23 17
3 6 8 14
3 14 0 14
4 5 54 11
4 6 35 11
4 10 32 11
5 13 14 12
6 7 11 22
7 11 11 38
8 13 5 52
9 11 12 25
11 12 2 25
(291, 299)

Arvore 280
0 2 23 19
1 13 74 27
2 7 23 17
3 6 8 14
3 14 0 14
4 5 54 11
4 6 35 11
4 10 32 11
5 13 14 12
6 7 11 22
7 11 11 38
8 13 5 52
9 11 12 25
11 12 2 25
(304, 298)

Arvore 281
0 2 23 19
0 8 28 27
1 3 23 44
2 7 23 17
3 6 8 14
3 14 0 14
4 5 54 11
4 6 35 11
4 10 32 11
5 13 14 12
6 7 11 22
7 11 11 38
9 11 12 25
11 12 2 25
(276, 290)

Arvore 282
0 2 23 19
0 8 28 27
1 6 46 33
2 7 23 17
3 6 8 14
3 14 0 14
4 5 54 11
4 6 35 11
4 10 32 11
5 13 14 12
6 7 11 22
7 11 11 38
9 11 12 25
11 12 2 25
(299, 279)

Arvore 283
0 2 23 19
0 8 28 27
1 7 61 28
2 7 23 17
3 6 8 14
3 14 0 14
4 5 54 11
4 6 35 11
4 10 32 11
5 13 14 12
6 7 11 22
7 11 11 38
9 11 12 25
11 12 2 25
(314, 274)

Arvore 284
0 2 23 19
0 8 28 27
1 12 9 53
2 7 23 17
3 6 8 14
3 14 0 14
4 5 54 11
4 6 35 11
4 10 32 11
5 13 14 12
6 7 11 22
7 11 11 38
9 11 12 25
11 12 2 25
(262, 299)

Arvore 285
0 2 23 19
0 8 28 27
1 13 74 27
2 7 23 17
3 6 8 14
3 14 0 14
4 5 54 11
4 6 35 11
4 10 32 11
5 13 14 12
6 7 11 22
7 11 11 38
9 11 12 25
11 12 2 25
(327, 273)

Arvore 286
0 2 23 19
1 12 9 53
2 7 23 17
3 6 8 14
3 14 0 14
4 5 54 11
4 6 35 11
4 10 32 11
5 13 14 12
6 7 11 22
7 11 11 38
8 13 5 52
9 11 12 25
11 12 2 25
(239, 324)

Arvore 287
0 2 23 19
1 12 9 53
2 7 23 17
3 6 8 14
3 13 9 73
3 14 0 14
4 5 54 11
4 6 35 11
4 10 32 11
5 9 25 18
6 7 11 22
7 11 11 38
8 13 5 52
11 12 2 25
(247, 378)

Arvore 288
0 2 23 19
1 12 9 53
2 7 23 17
3 6 8 14
3 13 9 73
3 14 0 14
4 5 54 11
4 6 35 11
4 10 32 11
6 7 11 22
7 11 11 38
8 13 5 52
9 11 12 25
11 12 2 25
(234, 385)

Arvore 289
0 2 23 19
1 12 9 53
2 7 23 17
3 6 8 14
3 14 0 14
4 5 54 11
4 6 35 11
4 10 32 11
6 7 11 22
7 11 11 38
8 13 5 52
9 11 12 25
11 12 2 25
13 14 12 68
(237, 380)

Arvore 290
0 2 23 19
0 12 52 22
1 12 9 53
2 7 23 17
3 6 8 14
3 13 9 73
3 14 0 14
4 5 54 11
4 6 35 11
4 10 32 11
5 9 25 18
6 7 11 22
8 13 5 52
11 12 2 25
(288, 362)

Arvore 291
0 2 23 19
1 12 9 53
2 7 23 17
3 6 8 14
3 13 9 73
3 14 0 14
4 5 54 11
4 6 35 11
4 10 32 11
5 9 25 18
6 7 11 22
8 12 54 18
8 13 5 52
11 12 2 25
(290, 358)

Arvore 292
0 2 23 19
1 12 9 53
2 7 23 17
3 6 8 14
3 13 9 73
3 14 0 14
4 5 54 11
4 6 35 11
4 10 32 11
5 9 25 18
6 7 11 22
8 13 5 52
9 11 12 25
11 12 2 25
(248, 365)

Arvore 293
0 2 23 19
1 12 9 53
2 7 23 17
3 6 8 14
3 13 9 73
3 14 0 14
4 5 54 11
4 6 35 11
4 10 32 11
5 9 25 18
6 7 11 22
8 13 5 52
9 11 12 25
11 12 2 25
(248, 365)

Arvore 294
0 2 23 19
0 12 52 22
1 3 23 44
2 7 23 17
3 6 8 14
3 8 31 13
3 14 0 14
4 6 35 11
4 10 32 11
5 9 25 18
5 13 14 12
6 7 11 22
6 11 87 21
9 14 37 19
(401, 257)

Arvore 295
0 2 23 19
0 12 52 22
1 6 46 33
2 7 23 17
3 6 8 14
3 8 31 13
3 14 0 14
4 6 35 11
4 10 32 11
5 9 25 18
5 13 14 12
6 7 11 22
6 11 87 21
9 14 37 19
(424, 246)

Arvore 296
0 2 23 19
0 12 52 22
1 7 61 28
2 7 23 17
3 6 8 14
3 8 31 13
3 14 0 14
4 6 35 11
4 10 32 11
5 9 25 18
5 13 14 12
6 7 11 22
6 11 87 21
9 14 37 19
(439, 241)

Arvore 297
0 2 23 19
0 12 52 22
1 12 9 53
2 7 23 17
3 6 8 14
3 8 31 13
3 14 0 14
4 6 35 11
4 10 32 11
5 9 25 18
5 13 14 12
6 7 11 22
6 11 87 21
9 14 37 19
(387, 266)

Arvore 298
0 2 23 19
0 12 52 22
1 13 74 27
2 7 23 17
3 6 8 14
3 8 31 13
3 14 0 14
4 6 35 11
4 10 32 11
5 9 25 18
5 13 14 12
6 7 11 22
6 11 87 21
9 14 37 19
(452, 240)

Arvore 299
0 2 23 19
0 12 52 22
1 3 23 44
2 7 23 17
3 6 8 14
3 8 31 13
3 14 0 14
4 6 35 11
4 10 32 11
5 9 25 18
5 13 14 12
6 7 11 22
9 14 37 19
11 12 2 25
(316, 261)

Arvore 300
0 2 23 19
0 12 52 22
1 6 46 33
2 7 23 17
3 6 8 14
3 8 31 13
3 14 0 14
4 6 35 11
4 10 32 11
5 9 25 18
5 13 14 12
6 7 11 22
9 14 37 19
11 12 2 25
(339, 250)

Arvore 301
0 2 23 19
0 12 52 22
1 7 61 28
2 7 23 17
3 6 8 14
3 8 31 13
3 14 0 14
4 6 35 11
4 10 32 11
5 9 25 18
5 13 14 12
6 7 11 22
9 14 37 19
11 12 2 25
(354, 245)

Arvore 302
0 2 23 19
0 12 52 22
1 12 9 53
2 7 23 17
3 6 8 14
3 8 31 13
3 14 0 14
4 6 35 11
4 10 32 11
5 9 25 18
5 13 14 12
6 7 11 22
9 14 37 19
11 12 2 25
(302, 270)

Arvore 303
0 2 23 19
0 12 52 22
1 13 74 27
2 7 23 17
3 6 8 14
3 8 31 13
3 14 0 14
4 6 35 11
4 10 32 11
5 9 25 18
5 13 14 12
6 7 11 22
9 14 37 19
11 12 2 25
(367, 244)

Arvore 304
0 2 23 19
1 3 23 44
2 7 23 17
3 6 8 14
3 8 31 13
3 14 0 14
4 6 35 11
4 10 32 11
5 9 25 18
5 13 14 12
6 7 11 22
6 11 87 21
8 12 54 18
9 14 37 19
(403, 253)

Arvore 305
0 2 23 19
1 6 46 33
2 7 23 17
3 6 8 14
3 8 31 13
3 14 0 14
4 6 35 11
4 10 32 11
5 9 25 18
5 13 14 12
6 7 11 22
6 11 87 21
8 12 54 18
9 14 37 19
(426, 242)

Arvore 306
0 2 23 19
1 7 61 28
2 7 23 17
3 6 8 14
3 8 31 13
3 14 0 14
4 6 35 11
4 10 32 11
5 9 25 18
5 13 14 12
6 7 11 22
6 11 87 21
8 12 54 18
9 14 37 19
(441, 237)

Arvore 307
0 2 23 19
1 12 9 53
2 7 23 17
3 6 8 14
3 8 31 13
3 14 0 14
4 6 35 11
4 10 32 11
5 9 25 18
5 13 14 12
6 7 11 22
6 11 87 21
8 12 54 18
9 14 37 19
(389, 262)

Arvore 308
0 2 23 19
1 13 74 27
2 7 23 17
3 6 8 14
3 8 31 13
3 14 0 14
4 6 35 11
4 10 32 11
5 9 25 18
5 13 14 12
6 7 11 22
6 11 87 21
8 12 54 18
9 14 37 19
(454, 236)

Arvore 309
0 2 23 19
1 3 23 44
2 7 23 17
3 6 8 14
3 8 31 13
3 14 0 14
4 6 35 11
4 10 32 11
5 9 25 18
5 13 14 12
6 7 11 22
8 12 54 18
9 14 37 19
11 12 2 25
(318, 257)

Arvore 310
0 2 23 19
1 6 46 33
2 7 23 17
3 6 8 14
3 8 31 13
3 14 0 14
4 6 35 11
4 10 32 11
5 9 25 18
5 13 14 12
6 7 11 22
8 12 54 18
9 14 37 19
11 12 2 25
(341, 246)

Arvore 311
0 2 23 19
1 7 61 28
2 7 23 17
3 6 8 14
3 8 31 13
3 14 0 14
4 6 35 11
4 10 32 11
5 9 25 18
5 13 14 12
6 7 11 22
8 12 54 18
9 14 37 19
11 12 2 25
(356, 241)

Arvore 312
0 2 23 19
1 12 9 53
2 7 23 17
3 6 8 14
3 8 31 13
3 14 0 14
4 6 35 11
4 10 32 11
5 9 25 18
5 13 14 12
6 7 11 22
8 12 54 18
9 14 37 19
11 12 2 25
(304, 266)

Arvore 313
0 2 23 19
1 13 74 27
2 7 23 17
3 6 8 14
3 8 31 13
3 14 0 14
4 6 35 11
4 10 32 11
5 9 25 18
5 13 14 12
6 7 11 22
8 12 54 18
9 14 37 19
11 12 2 25
(369, 240)

Arvore 314
0 2 23 19
1 12 9 53
2 7 23 17
3 6 8 14
3 8 31 13
3 14 0 14
4 6 35 11
4 10 32 11
5 9 25 18
5 13 14 12
6 7 11 22
7 11 11 38
9 14 37 19
11 12 2 25
(261, 286)

Arvore 315
0 2 23 19
1 12 9 53
2 7 23 17
3 6 8 14
3 8 31 13
3 14 0 14
4 6 35 11
4 10 32 11
5 9 25 18
5 13 14 12
6 7 11 22
9 11 12 25
9 14 37 19
11 12 2 25
(262, 273)

Arvore 316
0 2 23 19
1 3 23 44
2 7 23 17
3 6 8 14
3 8 31 13
3 14 0 14
4 6 35 11
4 10 32 11
5 9 25 18
5 13 14 12
6 7 11 22
7 11 11 38
9 14 37 19
11 12 2 25
(275, 277)

Arvore 317
0 2 23 19
1 6 46 33
2 7 23 17
3 6 8 14
3 8 31 13
3 14 0 14
4 6 35 11
4 10 32 11
5 9 25 18
5 13 14 12
6 7 11 22
7 11 11 38
9 14 37 19
11 12 2 25
(298, 266)

Arvore 318
0 2 23 19
1 7 61 28
2 7 23 17
3 6 8 14
3 8 31 13
3 14 0 14
4 6 35 11
4 10 32 11
5 9 25 18
5 13 14 12
6 7 11 22
7 11 11 38
9 14 37 19
11 12 2 25
(313, 261)

Arvore 319
0 2 23 19
1 13 74 27
2 7 23 17
3 6 8 14
3 8 31 13
3 14 0 14
4 6 35 11
4 10 32 11
5 9 25 18
5 13 14 12
6 7 11 22
7 11 11 38
9 14 37 19
11 12 2 25
(326, 260)

Arvore 320
0 2 23 19
1 3 23 44
2 7 23 17
3 6 8 14
3 8 31 13
3 14 0 14
4 6 35 11
4 10 32 11
5 9 25 18
5 13 14 12
6 7 11 22
9 11 12 25
9 14 37 19
11 12 2 25
(276, 264)

Arvore 321
0 2 23 19
1 6 46 33
2 7 23 17
3 6 8 14
3 8 31 13
3 14 0 14
4 6 35 11
4 10 32 11
5 9 25 18
5 13 14 12
6 7 11 22
9 11 12 25
9 14 37 19
11 12 2 25
(299, 253)

Arvore 322
0 2 23 19
1 7 61 28
2 7 23 17
3 6 8 14
3 8 31 13
3 14 0 14
4 6 35 11
4 10 32 11
5 9 25 18
5 13 14 12
6 7 11 22
9 11 12 25
9 14 37 19
11 12 2 25
(314, 248)

Arvore 323
0 2 23 19
1 13 74 27
2 7 23 17
3 6 8 14
3 8 31 13
3 14 0 14
4 6 35 11
4 10 32 11
5 9 25 18
5 13 14 12
6 7 11 22
9 11 12 25
9 14 37 19
11 12 2 25
(327, 247)

Arvore 324
0 2 23 19
1 3 23 44
2 7 23 17
3 6 8 14
3 8 31 13
3 14 0 14
4 6 35 11
4 10 32 11
5 9 25 18
5 13 14 12
6 7 11 22
7 11 11 38
8 13 5 52
11 12 2 25
(243, 310)

Arvore 325
0 2 23 19
1 6 46 33
2 7 23 17
3 6 8 14
3 8 31 13
3 14 0 14
4 6 35 11
4 10 32 11
5 9 25 18
5 13 14 12
6 7 11 22
7 11 11 38
8 13 5 52
11 12 2 25
(266, 299)

Arvore 326
0 2 23 19
1 7 61 28
2 7 23 17
3 6 8 14
3 8 31 13
3 14 0 14
4 6 35 11
4 10 32 11
5 9 25 18
5 13 14 12
6 7 11 22
7 11 11 38
8 13 5 52
11 12 2 25
(281, 294)

Arvore 327
0 2 23 19
1 12 9 53
2 7 23 17
3 6 8 14
3 8 31 13
3 14 0 14
4 6 35 11
4 10 32 11
5 9 25 18
5 13 14 12
6 7 11 22
7 11 11 38
8 13 5 52
11 12 2 25
(229, 319)

Arvore 328
0 2 23 19
1 13 74 27
2 7 23 17
3 6 8 14
3 8 31 13
3 14 0 14
4 6 35 11
4 10 32 11
5 9 25 18
5 13 14 12
6 7 11 22
7 11 11 38
8 13 5 52
11 12 2 25
(294, 293)

Arvore 329
0 2 23 19
1 3 23 44
2 7 23 17
3 6 8 14
3 8 31 13
3 14 0 14
4 6 35 11
4 10 32 11
5 9 25 18
5 13 14 12
6 7 11 22
7 11 11 38
9 11 12 25
11 12 2 25
(250, 283)

Arvore 330
0 2 23 19
1 6 46 33
2 7 23 17
3 6 8 14
3 8 31 13
3 14 0 14
4 6 35 11
4 10 32 11
5 9 25 18
5 13 14 12
6 7 11 22
7 11 11 38
9 11 12 25
11 12 2 25
(273, 272)

Arvore 331
0 2 23 19
1 7 61 28
2 7 23 17
3 6 8 14
3 8 31 13
3 14 0 14
4 6 35 11
4 10 32 11
5 9 25 18
5 13 14 12
6 7 11 22
7 11 11 38
9 11 12 25
11 12 2 25
(288, 267)

Arvore 332
0 2 23 19
1 12 9 53
2 7 23 17
3 6 8 14
3 8 31 13
3 14 0 14
4 6 35 11
4 10 32 11
5 9 25 18
5 13 14 12
6 7 11 22
7 11 11 38
9 11 12 25
11 12 2 25
(236, 292)

Arvore 333
0 2 23 19
1 13 74 27
2 7 23 17
3 6 8 14
3 8 31 13
3 14 0 14
4 6 35 11
4 10 32 11
5 9 25 18
5 13 14 12
6 7 11 22
7 11 11 38
9 11 12 25
11 12 2 25
(301, 266)

Arvore 334
0 2 23 19
0 12 52 22
1 3 23 44
2 7 23 17
3 6 8 14
3 8 31 13
3 14 0 14
4 6 35 11
4 10 32 11
5 9 25 18
5 13 14 12
6 7 11 22
8 13 5 52
11 12 2 25
(284, 294)

Arvore 335
0 2 23 19
0 12 52 22
1 6 46 33
2 7 23 17
3 6 8 14
3 8 31 13
3 14 0 14
4 6 35 11
4 10 32 11
5 9 25 18
5 13 14 12
6 7 11 22
8 13 5 52
11 12 2 25
(307, 283)

Arvore 336
0 2 23 19
0 12 52 22
1 7 61 28
2 7 23 17
3 6 8 14
3 8 31 13
3 14 0 14
4 6 35 11
4 10 32 11
5 9 25 18
5 13 14 12
6 7 11 22
8 13 5 52
11 12 2 25
(322, 278)

Arvore 337
0 2 23 19
0 12 52 22
1 12 9 53
2 7 23 17
3 6 8 14
3 8 31 13
3 14 0 14
4 6 35 11
4 10 32 11
5 9 25 18
5 13 14 12
6 7 11 22
8 13 5 52
11 12 2 25
(270, 303)

Arvore 338
0 2 23 19
0 12 52 22
1 13 74 27
2 7 23 17
3 6 8 14
3 8 31 13
3 14 0 14
4 6 35 11
4 10 32 11
5 9 25 18
5 13 14 12
6 7 11 22
8 13 5 52
11 12 2 25
(335, 277)

Arvore 339
0 2 23 19
1 12 9 53
2 7 23 17
3 6 8 14
3 8 31 13
3 14 0 14
4 6 35 11
4 10 32 11
5 9 25 18
5 13 14 12
6 7 11 22
8 12 54 18
8 13 5 52
11 12 2 25
(272, 299)

Arvore 340
0 2 23 19
1 12 9 53
2 7 23 17
3 6 8 14
3 8 31 13
3 14 0 14
4 6 35 11
4 10 32 11
5 9 25 18
5 13 14 12
6 7 11 22
8 13 5 52
9 11 12 25
11 12 2 25
(230, 306)

Arvore 341
0 2 23 19
1 3 23 44
2 7 23 17
3 6 8 14
3 8 31 13
3 14 0 14
4 6 35 11
4 10 32 11
5 9 25 18
5 13 14 12
6 7 11 22
8 12 54 18
8 13 5 52
11 12 2 25
(286, 290)

Arvore 342
0 2 23 19
1 6 46 33
2 7 23 17
3 6 8 14
3 8 31 13
3 14 0 14
4 6 35 11
4 10 32 11
5 9 25 18
5 13 14 12
6 7 11 22
8 12 54 18
8 13 5 52
11 12 2 25
(309, 279)

Arvore 343
0 2 23 19
1 7 61 28
2 7 23 17
3 6 8 14
3 8 31 13
3 14 0 14
4 6 35 11
4 10 32 11
5 9 25 18
5 13 14 12
6 7 11 22
8 12 54 18
8 13 5 52
11 12 2 25
(324, 274)

Arvore 344
0 2 23 19
1 13 74 27
2 7 23 17
3 6 8 14
3 8 31 13
3 14 0 14
4 6 35 11
4 10 32 11
5 9 25 18
5 13 14 12
6 7 11 22
8 12 54 18
8 13 5 52
11 12 2 25
(337, 273)

Arvore 345
0 2 23 19
1 3 23 44
2 7 23 17
3 6 8 14
3 8 31 13
3 14 0 14
4 6 35 11
4 10 32 11
5 9 25 18
5 13 14 12
6 7 11 22
8 13 5 52
9 11 12 25
11 12 2 25
(244, 297)

Arvore 346
0 2 23 19
1 6 46 33
2 7 23 17
3 6 8 14
3 8 31 13
3 14 0 14
4 6 35 11
4 10 32 11
5 9 25 18
5 13 14 12
6 7 11 22
8 13 5 52
9 11 12 25
11 12 2 25
(267, 286)

Arvore 347
0 2 23 19
1 7 61 28
2 7 23 17
3 6 8 14
3 8 31 13
3 14 0 14
4 6 35 11
4 10 32 11
5 9 25 18
5 13 14 12
6 7 11 22
8 13 5 52
9 11 12 25
11 12 2 25
(282, 281)

Arvore 348
0 2 23 19
1 13 74 27
2 7 23 17
3 6 8 14
3 8 31 13
3 14 0 14
4 6 35 11
4 10 32 11
5 9 25 18
5 13 14 12
6 7 11 22
8 13 5 52
9 11 12 25
11 12 2 25
(295, 280)

Arvore 349
0 2 23 19
1 3 23 44
2 7 23 17
3 6 8 14
3 8 31 13
3 14 0 14
4 6 35 11
4 10 32 11
5 9 25 18
5 13 14 12
6 7 11 22
6 13 26 26
9 11 12 25
11 12 2 25
(265, 271)

Arvore 350
0 2 23 19
1 6 46 33
2 7 23 17
3 6 8 14
3 8 31 13
3 14 0 14
4 6 35 11
4 10 32 11
5 9 25 18
5 13 14 12
6 7 11 22
6 13 26 26
9 11 12 25
11 12 2 25
(288, 260)

Arvore 351
0 2 23 19
1 7 61 28
2 7 23 17
3 6 8 14
3 8 31 13
3 14 0 14
4 6 35 11
4 10 32 11
5 9 25 18
5 13 14 12
6 7 11 22
6 13 26 26
9 11 12 25
11 12 2 25
(303, 255)

Arvore 352
0 2 23 19
1 12 9 53
2 7 23 17
3 6 8 14
3 8 31 13
3 14 0 14
4 6 35 11
4 10 32 11
5 9 25 18
5 13 14 12
6 7 11 22
6 13 26 26
9 11 12 25
11 12 2 25
(251, 280)

Arvore 353
0 2 23 19
1 13 74 27
2 7 23 17
3 6 8 14
3 8 31 13
3 14 0 14
4 6 35 11
4 10 32 11
5 9 25 18
5 13 14 12
6 7 11 22
6 13 26 26
9 11 12 25
11 12 2 25
(316, 254)

Arvore 354
0 2 23 19
1 12 9 53
2 7 23 17
3 6 8 14
3 8 31 13
3 14 0 14
4 6 35 11
4 10 32 11
5 13 14 12
6 7 11 22
7 11 11 38
8 13 5 52
9 11 12 25
11 12 2 25
(216, 326)

Arvore 355
0 2 23 19
1 3 23 44
2 7 23 17
3 6 8 14
3 8 31 13
3 14 0 14
4 6 35 11
4 10 32 11
5 13 14 12
6 7 11 22
7 11 11 38
8 13 5 52
9 11 12 25
11 12 2 25
(230, 317)

Arvore 356
0 2 23 19
1 6 46 33
2 7 23 17
3 6 8 14
3 8 31 13
3 14 0 14
4 6 35 11
4 10 32 11
5 13 14 12
6 7 11 22
7 11 11 38
8 13 5 52
9 11 12 25
11 12 2 25
(253, 306)

Arvore 357
0 2 23 19
1 7 61 28
2 7 23 17
3 6 8 14
3 8 31 13
3 14 0 14
4 6 35 11
4 10 32 11
5 13 14 12
6 7 11 22
7 11 11 38
8 13 5 52
9 11 12 25
11 12 2 25
(268, 301)

Arvore 358
0 2 23 19
1 13 74 27
2 7 23 17
3 6 8 14
3 8 31 13
3 14 0 14
4 6 35 11
4 10 32 11
5 13 14 12
6 7 11 22
7 11 11 38
8 13 5 52
9 11 12 25
11 12 2 25
(281, 300)

Arvore 359
0 2 23 19
1 12 9 53
2 7 23 17
3 6 8 14
3 8 31 13
3 14 0 14
4 6 35 11
4 10 32 11
5 13 14 12
6 7 11 22
7 11 11 38
8 13 5 52
9 11 12 25
11 12 2 25
(216, 326)

Arvore 360
0 2 23 19
1 12 9 53
2 7 23 17
3 6 8 14
3 13 9 73
3 14 0 14
4 6 35 11
4 10 32 11
5 9 25 18
5 13 14 12
6 7 11 22
7 11 11 38
8 13 5 52
11 12 2 25
(207, 379)

Arvore 361
0 2 23 19
1 12 9 53
2 7 23 17
3 6 8 14
3 14 0 14
4 6 35 11
4 10 32 11
5 9 25 18
5 13 14 12
6 7 11 22
7 11 11 38
8 13 5 52
9 11 12 25
11 12 2 25
(210, 331)

Arvore 362
0 2 23 19
1 3 23 44
2 7 23 17
3 6 8 14
3 14 0 14
4 6 35 11
4 10 32 11
5 9 25 18
5 13 14 12
6 7 11 22
7 11 11 38
8 13 5 52
9 11 12 25
11 12 2 25
(224, 322)

Arvore 363
0 2 23 19
1 6 46 33
2 7 23 17
3 6 8 14
3 14 0 14
4 6 35 11
4 10 32 11
5 9 25 18
5 13 14 12
6 7 11 22
7 11 11 38
8 13 5 52
9 11 12 25
11 12 2 25
(247, 311)

Arvore 364
0 2 23 19
1 7 61 28
2 7 23 17
3 6 8 14
3 14 0 14
4 6 35 11
4 10 32 11
5 9 25 18
5 13 14 12
6 7 11 22
7 11 11 38
8 13 5 52
9 11 12 25
11 12 2 25
(262, 306)

Arvore 365
0 2 23 19
1 13 74 27
2 7 23 17
3 6 8 14
3 14 0 14
4 6 35 11
4 10 32 11
5 9 25 18
5 13 14 12
6 7 11 22
7 11 11 38
8 13 5 52
9 11 12 25
11 12 2 25
(275, 305)

Arvore 366
0 2 23 19
0 8 28 27
1 3 23 44
2 7 23 17
3 6 8 14
3 14 0 14
4 6 35 11
4 10 32 11
5 9 25 18
5 13 14 12
6 7 11 22
7 11 11 38
9 11 12 25
11 12 2 25
(247, 297)

Arvore 367
0 2 23 19
0 8 28 27
1 6 46 33
2 7 23 17
3 6 8 14
3 14 0 14
4 6 35 11
4 10 32 11
5 9 25 18
5 13 14 12
6 7 11 22
7 11 11 38
9 11 12 25
11 12 2 25
(270, 286)

Arvore 368
0 2 23 19
0 8 28 27
1 7 61 28
2 7 23 17
3 6 8 14
3 14 0 14
4 6 35 11
4 10 32 11
5 9 25 18
5 13 14 12
6 7 11 22
7 11 11 38
9 11 12 25
11 12 2 25
(285, 281)

Arvore 369
0 2 23 19
0 8 28 27
1 12 9 53
2 7 23 17
3 6 8 14
3 14 0 14
4 6 35 11
4 10 32 11
5 9 25 18
5 13 14 12
6 7 11 22
7 11 11 38
9 11 12 25
11 12 2 25
(233, 306)

Arvore 370
0 2 23 19
0 8 28 27
1 13 74 27
2 7 23 17
3 6 8 14
3 14 0 14
4 6 35 11
4 10 32 11
5 9 25 18
5 13 14 12
6 7 11 22
7 11 11 38
9 11 12 25
11 12 2 25
(298, 280)

Arvore 371
0 2 23 19
0 12 52 22
1 12 9 53
2 7 23 17
3 6 8 14
3 13 9 73
3 14 0 14
4 6 35 11
4 10 32 11
5 9 25 18
5 13 14 12
6 7 11 22
8 13 5 52
11 12 2 25
(248, 363)

Arvore 372
0 2 23 19
1 12 9 53
2 7 23 17
3 6 8 14
3 13 9 73
3 14 0 14
4 6 35 11
4 10 32 11
5 9 25 18
5 13 14 12
6 7 11 22
8 12 54 18
8 13 5 52
11 12 2 25
(250, 359)

Arvore 373
0 2 23 19
1 12 9 53
2 7 23 17
3 6 8 14
3 13 9 73
3 14 0 14
4 6 35 11
4 10 32 11
5 9 25 18
5 13 14 12
6 7 11 22
8 13 5 52
9 11 12 25
11 12 2 25
(208, 366)

Arvore 374
0 2 23 19
1 12 9 53
2 7 23 17
3 6 8 14
3 14 0 14
4 6 35 11
4 10 32 11
5 9 25 18
5 13 14 12
6 7 11 22
6 13 26 26
8 13 5 52
9 11 12 25
11 12 2 25
(225, 319)

Arvore 375
0 2 23 19
1 3 23 44
2 7 23 17
3 6 8 14
3 14 0 14
4 6 35 11
4 10 32 11
5 9 25 18
5 13 14 12
6 7 11 22
6 13 26 26
8 13 5 52
9 11 12 25
11 12 2 25
(239, 310)

Arvore 376
0 2 23 19
1 6 46 33
2 7 23 17
3 6 8 14
3 14 0 14
4 6 35 11
4 10 32 11
5 9 25 18
5 13 14 12
6 7 11 22
6 13 26 26
8 13 5 52
9 11 12 25
11 12 2 25
(262, 299)

Arvore 377
0 2 23 19
1 7 61 28
2 7 23 17
3 6 8 14
3 14 0 14
4 6 35 11
4 10 32 11
5 9 25 18
5 13 14 12
6 7 11 22
6 13 26 26
8 13 5 52
9 11 12 25
11 12 2 25
(277, 294)

Arvore 378
0 2 23 19
1 13 74 27
2 7 23 17
3 6 8 14
3 14 0 14
4 6 35 11
4 10 32 11
5 9 25 18
5 13 14 12
6 7 11 22
6 13 26 26
8 13 5 52
9 11 12 25
11 12 2 25
(290, 293)

Arvore 379
0 2 23 19
0 8 28 27
1 3 23 44
2 7 23 17
3 6 8 14
3 14 0 14
4 6 35 11
4 10 32 11
5 9 25 18
5 13 14 12
6 7 11 22
6 13 26 26
9 11 12 25
11 12 2 25
(262, 285)

Arvore 380
0 2 23 19
0 8 28 27
1 6 46 33
2 7 23 17
3 6 8 14
3 14 0 14
4 6 35 11
4 10 32 11
5 9 25 18
5 13 14 12
6 7 11 22
6 13 26 26
9 11 12 25
11 12 2 25
(285, 274)

Arvore 381
0 2 23 19
0 8 28 27
1 7 61 28
2 7 23 17
3 6 8 14
3 14 0 14
4 6 35 11
4 10 32 11
5 9 25 18
5 13 14 12
6 7 11 22
6 13 26 26
9 11 12 25
11 12 2 25
(300, 269)

Arvore 382
0 2 23 19
0 8 28 27
1 12 9 53
2 7 23 17
3 6 8 14
3 14 0 14
4 6 35 11
4 10 32 11
5 9 25 18
5 13 14 12
6 7 11 22
6 13 26 26
9 11 12 25
11 12 2 25
(248, 294)

Arvore 383
0 2 23 19
0 8 28 27
1 13 74 27
2 7 23 17
3 6 8 14
3 14 0 14
4 6 35 11
4 10 32 11
5 9 25 18
5 13 14 12
6 7 11 22
6 13 26 26
9 11 12 25
11 12 2 25
(313, 268)

Arvore 384
0 2 23 19
1 12 9 53
2 7 23 17
3 6 8 14
3 13 9 73
3 14 0 14
4 6 35 11
4 10 32 11
5 13 14 12
6 7 11 22
7 11 11 38
8 13 5 52
9 11 12 25
11 12 2 25
(194, 386)

Arvore 385
0 2 23 19
1 12 9 53
2 7 23 17
3 6 8 14
3 14 0 14
4 6 35 11
4 10 32 11
5 12 12 56
5 13 14 12
6 7 11 22
7 11 11 38
8 13 5 52
9 11 12 25
11 12 2 25
(197, 369)

Arvore 386
0 2 23 19
1 3 23 44
2 7 23 17
3 6 8 14
3 13 9 73
3 14 0 14
4 6 35 11
4 10 32 11
5 13 14 12
6 7 11 22
7 11 11 38
8 13 5 52
9 11 12 25
11 12 2 25
(208, 377)

Arvore 387
0 2 23 19
1 3 23 44
2 7 23 17
3 6 8 14
3 14 0 14
4 6 35 11
4 10 32 11
5 12 12 56
5 13 14 12
6 7 11 22
7 11 11 38
8 13 5 52
9 11 12 25
11 12 2 25
(211, 360)

Arvore 388
0 2 23 19
1 12 9 53
2 7 23 17
3 6 8 14
3 13 9 73
3 14 0 14
4 6 35 11
4 10 32 11
5 13 14 12
6 7 11 22
7 11 11 38
8 13 5 52
9 11 12 25
11 12 2 25
(194, 386)

Arvore 389
0 2 23 19
1 12 9 53
2 7 23 17
3 6 8 14
3 13 9 73
3 14 0 14
4 6 35 11
4 10 32 11
5 12 12 56
6 7 11 22
7 11 11 38
8 13 5 52
9 11 12 25
11 12 2 25
(192, 430)

Arvore 390
0 2 23 19
1 12 9 53
2 7 23 17
3 6 8 14
3 14 0 14
4 6 35 11
4 10 32 11
5 12 12 56
6 7 11 22
7 11 11 38
8 13 5 52
9 11 12 25
11 12 2 25
13 14 12 68
(195, 425)

Arvore 391
0 2 23 19
0 12 52 22
1 3 23 44
2 7 23 17
3 8 31 13
3 10 0 40
3 14 0 14
4 5 54 11
4 6 35 11
4 10 32 11
5 9 25 18
5 13 14 12
6 7 11 22
6 11 87 21
(410, 275)

Arvore 392
0 2 23 19
0 12 52 22
1 6 46 33
2 7 23 17
3 8 31 13
3 10 0 40
3 14 0 14
4 5 54 11
4 6 35 11
4 10 32 11
5 9 25 18
5 13 14 12
6 7 11 22
6 11 87 21
(433, 264)

Arvore 393
0 2 23 19
0 12 52 22
1 7 61 28
2 7 23 17
3 8 31 13
3 10 0 40
3 14 0 14
4 5 54 11
4 6 35 11
4 10 32 11
5 9 25 18
5 13 14 12
6 7 11 22
6 11 87 21
(448, 259)

Arvore 394
0 2 23 19
0 12 52 22
1 12 9 53
2 7 23 17
3 8 31 13
3 10 0 40
3 14 0 14
4 5 54 11
4 6 35 11
4 10 32 11
5 9 25 18
5 13 14 12
6 7 11 22
6 11 87 21
(396, 284)

Arvore 395
0 2 23 19
0 12 52 22
1 13 74 27
2 7 23 17
3 8 31 13
3 10 0 40
3 14 0 14
4 5 54 11
4 6 35 11
4 10 32 11
5 9 25 18
5 13 14 12
6 7 11 22
6 11 87 21
(461, 258)

Arvore 396
0 2 23 19
0 12 52 22
1 3 23 44
2 7 23 17
3 8 31 13
3 10 0 40
3 14 0 14
4 5 54 11
4 6 35 11
4 10 32 11
5 9 25 18
5 13 14 12
6 7 11 22
11 12 2 25
(325, 279)

Arvore 397
0 2 23 19
0 12 52 22
1 6 46 33
2 7 23 17
3 8 31 13
3 10 0 40
3 14 0 14
4 5 54 11
4 6 35 11
4 10 32 11
5 9 25 18
5 13 14 12
6 7 11 22
11 12 2 25
(348, 268)

Arvore 398
0 2 23 19
0 12 52 22
1 7 61 28
2 7 23 17
3 8 31 13
3 10 0 40
3 14 0 14
4 5 54 11
4 6 35 11
4 10 32 11
5 9 25 18
5 13 14 12
6 7 11 22
11 12 2 25
(363, 263)

Arvore 399
0 2 23 19
0 12 52 22
1 12 9 53
2 7 23 17
3 8 31 13
3 10 0 40
3 14 0 14
4 5 54 11
4 6 35 11
4 10 32 11
5 9 25 18
5 13 14 12
6 7 11 22
11 12 2 25
(311, 288)

Arvore 400
0 2 23 19
0 12 52 22
1 13 74 27
2 7 23 17
3 8 31 13
3 10 0 40
3 14 0 14
4 5 54 11
4 6 35 11
4 10 32 11
5 9 25 18
5 13 14 12
6 7 11 22
11 12 2 25
(376, 262)

Arvore 401
0 2 23 19
1 3 23 44
2 7 23 17
3 8 31 13
3 10 0 40
3 14 0 14
4 5 54 11
4 6 35 11
4 10 32 11
5 9 25 18
5 13 14 12
6 7 11 22
6 11 87 21
8 12 54 18
(412, 271)

Arvore 402
0 2 23 19
1 6 46 33
2 7 23 17
3 8 31 13
3 10 0 40
3 14 0 14
4 5 54 11
4 6 35 11
4 10 32 11
5 9 25 18
5 13 14 12
6 7 11 22
6 11 87 21
8 12 54 18
(435, 260)

Arvore 403
0 2 23 19
1 7 61 28
2 7 23 17
3 8 31 13
3 10 0 40
3 14 0 14
4 5 54 11
4 6 35 11
4 10 32 11
5 9 25 18
5 13 14 12
6 7 11 22
6 11 87 21
8 12 54 18
(450, 255)

Arvore 404
0 2 23 19
1 12 9 53
2 7 23 17
3 8 31 13
3 10 0 40
3 14 0 14
4 5 54 11
4 6 35 11
4 10 32 11
5 9 25 18
5 13 14 12
6 7 11 22
6 11 87 21
8 12 54 18
(398, 280)

Arvore 405
0 2 23 19
1 13 74 27
2 7 23 17
3 8 31 13
3 10 0 40
3 14 0 14
4 5 54 11
4 6 35 11
4 10 32 11
5 9 25 18
5 13 14 12
6 7 11 22
6 11 87 21
8 12 54 18
(463, 254)

Arvore 406
0 2 23 19
1 3 23 44
2 7 23 17
3 8 31 13
3 10 0 40
3 14 0 14
4 5 54 11
4 6 35 11
4 10 32 11
5 9 25 18
5 13 14 12
6 7 11 22
8 12 54 18
11 12 2 25
(327, 275)

Arvore 407
0 2 23 19
1 6 46 33
2 7 23 17
3 8 31 13
3 10 0 40
3 14 0 14
4 5 54 11
4 6 35 11
4 10 32 11
5 9 25 18
5 13 14 12
6 7 11 22
8 12 54 18
11 12 2 25
(350, 264)

Arvore 408
0 2 23 19
1 7 61 28
2 7 23 17
3 8 31 13
3 10 0 40
3 14 0 14
4 5 54 11
4 6 35 11
4 10 32 11
5 9 25 18
5 13 14 12
6 7 11 22
8 12 54 18
11 12 2 25
(365, 259)

Arvore 409
0 2 23 19
1 12 9 53
2 7 23 17
3 8 31 13
3 10 0 40
3 14 0 14
4 5 54 11
4 6 35 11
4 10 32 11
5 9 25 18
5 13 14 12
6 7 11 22
8 12 54 18
11 12 2 25
(313, 284)

Arvore 410
0 2 23 19
1 13 74 27
2 7 23 17
3 8 31 13
3 10 0 40
3 14 0 14
4 5 54 11
4 6 35 11
4 10 32 11
5 9 25 18
5 13 14 12
6 7 11 22
8 12 54 18
11 12 2 25
(378, 258)

Arvore 411
0 2 23 19
1 12 9 53
2 7 23 17
3 8 31 13
3 10 0 40
3 14 0 14
4 5 54 11
4 6 35 11
4 10 32 11
5 9 25 18
5 13 14 12
6 7 11 22
7 11 11 38
11 12 2 25
(270, 304)

Arvore 412
0 2 23 19
1 12 9 53
2 7 23 17
3 8 31 13
3 10 0 40
3 14 0 14
4 5 54 11
4 6 35 11
4 10 32 11
5 9 25 18
5 13 14 12
6 7 11 22
9 11 12 25
11 12 2 25
(271, 291)

Arvore 413
0 2 23 19
1 3 23 44
2 7 23 17
3 8 31 13
3 10 0 40
3 14 0 14
4 5 54 11
4 6 35 11
4 10 32 11
5 9 25 18
5 13 14 12
6 7 11 22
7 11 11 38
11 12 2 25
(284, 295)

Arvore 414
0 2 23 19
1 6 46 33
2 7 23 17
3 8 31 13
3 10 0 40
3 14 0 14
4 5 54 11
4 6 35 11
4 10 32 11
5 9 25 18
5 13 14 12
6 7 11 22
7 11 11 38
11 12 2 25
(307, 284)

Arvore 415
0 2 23 19
1 7 61 28
2 7 23 17
3 8 31 13
3 10 0 40
3 14 0 14
4 5 54 11
4 6 35 11
4 10 32 11
5 9 25 18
5 13 14 12
6 7 11 22
7 11 11 38
11 12 2 25
(322, 279)

Arvore 416
0 2 23 19
1 13 74 27
2 7 23 17
3 8 31 13
3 10 0 40
3 14 0 14
4 5 54 11
4 6 35 11
4 10 32 11
5 9 25 18
5 13 14 12
6 7 11 22
7 11 11 38
11 12 2 25
(335, 278)

Arvore 417
0 2 23 19
1 3 23 44
2 7 23 17
3 8 31 13
3 10 0 40
3 14 0 14
4 5 54 11
4 6 35 11
4 10 32 11
5 9 25 18
5 13 14 12
6 7 11 22
9 11 12 25
11 12 2 25
(285, 282)

Arvore 418
0 2 23 19
1 6 46 33
2 7 23 17
3 8 31 13
3 10 0 40
3 14 0 14
4 5 54 11
4 6 35 11
4 10 32 11
5 9 25 18
5 13 14 12
6 7 11 22
9 11 12 25
11 12 2 25
(308, 271)

Arvore 419
0 2 23 19
1 7 61 28
2 7 23 17
3 8 31 13
3 10 0 40
3 14 0 14
4 5 54 11
4 6 35 11
4 10 32 11
5 9 25 18
5 13 14 12
6 7 11 22
9 11 12 25
11 12 2 25
(323, 266)

Arvore 420
0 2 23 19
1 13 74 27
2 7 23 17
3 8 31 13
3 10 0 40
3 14 0 14
4 5 54 11
4 6 35 11
4 10 32 11
5 9 25 18
5 13 14 12
6 7 11 22
9 11 12 25
11 12 2 25
(336, 265)

Arvore 421
0 2 23 19
1 12 9 53
2 7 23 17
3 8 31 13
3 10 0 40
3 14 0 14
4 5 54 11
4 6 35 11
4 10 32 11
5 13 14 12
6 7 11 22
7 11 11 38
9 11 12 25
11 12 2 25
(257, 311)

Arvore 422
0 2 23 19
1 3 23 44
2 7 23 17
3 8 31 13
3 10 0 40
3 14 0 14
4 5 54 11
4 6 35 11
4 10 32 11
5 13 14 12
6 7 11 22
7 11 11 38
9 11 12 25
11 12 2 25
(271, 302)

Arvore 423
0 2 23 19
1 6 46 33
2 7 23 17
3 8 31 13
3 10 0 40
3 14 0 14
4 5 54 11
4 6 35 11
4 10 32 11
5 13 14 12
6 7 11 22
7 11 11 38
9 11 12 25
11 12 2 25
(294, 291)

Arvore 424
0 2 23 19
1 7 61 28
2 7 23 17
3 8 31 13
3 10 0 40
3 14 0 14
4 5 54 11
4 6 35 11
4 10 32 11
5 13 14 12
6 7 11 22
7 11 11 38
9 11 12 25
11 12 2 25
(309, 286)

Arvore 425
0 2 23 19
1 13 74 27
2 7 23 17
3 8 31 13
3 10 0 40
3 14 0 14
4 5 54 11
4 6 35 11
4 10 32 11
5 13 14 12
6 7 11 22
7 11 11 38
9 11 12 25
11 12 2 25
(322, 285)

Arvore 426
0 2 23 19
1 12 9 53
2 7 23 17
3 8 31 13
3 10 0 40
3 14 0 14
4 5 54 11
4 6 35 11
4 10 32 11
5 13 14 12
6 7 11 22
7 11 11 38
9 11 12 25
11 12 2 25
(257, 311)

Arvore 427
0 2 23 19
0 8 28 27
1 3 23 44
2 7 23 17
3 10 0 40
3 14 0 14
4 5 54 11
4 6 35 11
4 10 32 11
5 9 25 18
5 13 14 12
6 7 11 22
7 11 11 38
11 12 2 25
(281, 309)

Arvore 428
0 2 23 19
0 8 28 27
1 6 46 33
2 7 23 17
3 10 0 40
3 14 0 14
4 5 54 11
4 6 35 11
4 10 32 11
5 9 25 18
5 13 14 12
6 7 11 22
7 11 11 38
11 12 2 25
(304, 298)

Arvore 429
0 2 23 19
0 8 28 27
1 7 61 28
2 7 23 17
3 10 0 40
3 14 0 14
4 5 54 11
4 6 35 11
4 10 32 11
5 9 25 18
5 13 14 12
6 7 11 22
7 11 11 38
11 12 2 25
(319, 293)

Arvore 430
0 2 23 19
0 8 28 27
1 12 9 53
2 7 23 17
3 10 0 40
3 14 0 14
4 5 54 11
4 6 35 11
4 10 32 11
5 9 25 18
5 13 14 12
6 7 11 22
7 11 11 38
11 12 2 25
(267, 318)

Arvore 431
0 2 23 19
0 8 28 27
1 13 74 27
2 7 23 17
3 10 0 40
3 14 0 14
4 5 54 11
4 6 35 11
4 10 32 11
5 9 25 18
5 13 14 12
6 7 11 22
7 11 11 38
11 12 2 25
(332, 292)

Arvore 432
0 2 23 19
1 3 23 44
2 7 23 17
3 10 0 40
3 14 0 14
4 5 54 11
4 6 35 11
4 10 32 11
5 9 25 18
5 13 14 12
6 7 11 22
7 11 11 38
8 13 5 52
11 12 2 25
(258, 334)

Arvore 433
0 2 23 19
1 6 46 33
2 7 23 17
3 10 0 40
3 14 0 14
4 5 54 11
4 6 35 11
4 10 32 11
5 9 25 18
5 13 14 12
6 7 11 22
7 11 11 38
8 13 5 52
11 12 2 25
(281, 323)

Arvore 434
0 2 23 19
1 7 61 28
2 7 23 17
3 10 0 40
3 14 0 14
4 5 54 11
4 6 35 11
4 10 32 11
5 9 25 18
5 13 14 12
6 7 11 22
7 11 11 38
8 13 5 52
11 12 2 25
(296, 318)

Arvore 435
0 2 23 19
1 12 9 53
2 7 23 17
3 10 0 40
3 14 0 14
4 5 54 11
4 6 35 11
4 10 32 11
5 9 25 18
5 13 14 12
6 7 11 22
7 11 11 38
8 13 5 52
11 12 2 25
(244, 343)

Arvore 436
0 2 23 19
1 13 74 27
2 7 23 17
3 10 0 40
3 14 0 14
4 5 54 11
4 6 35 11
4 10 32 11
5 9 25 18
5 13 14 12
6 7 11 22
7 11 11 38
8 13 5 52
11 12 2 25
(309, 317)

Arvore 437
0 2 23 19
0 12 52 22
1 3 23 44
2 7 23 17
3 10 0 40
3 14 0 14
4 5 54 11
4 6 35 11
4 10 32 11
5 9 25 18
5 13 14 12
6 7 11 22
8 13 5 52
11 12 2 25
(299, 318)

Arvore 438
0 2 23 19
0 12 52 22
1 6 46 33
2 7 23 17
3 10 0 40
3 14 0 14
4 5 54 11
4 6 35 11
4 10 32 11
5 9 25 18
5 13 14 12
6 7 11 22
8 13 5 52
11 12 2 25
(322, 307)

Arvore 439
0 2 23 19
0 12 52 22
1 7 61 28
2 7 23 17
3 10 0 40
3 14 0 14
4 5 54 11
4 6 35 11
4 10 32 11
5 9 25 18
5 13 14 12
6 7 11 22
8 13 5 52
11 12 2 25
(337, 302)

Arvore 440
0 2 23 19
0 12 52 22
1 12 9 53
2 7 23 17
3 10 0 40
3 14 0 14
4 5 54 11
4 6 35 11
4 10 32 11
5 9 25 18
5 13 14 12
6 7 11 22
8 13 5 52
11 12 2 25
(285, 327)

Arvore 441
0 2 23 19
0 12 52 22
1 13 74 27
2 7 23 17
3 10 0 40
3 14 0 14
4 5 54 11
4 6 35 11
4 10 32 11
5 9 25 18
5 13 14 12
6 7 11 22
8 13 5 52
11 12 2 25
(350, 301)

Arvore 442
0 2 23 19
1 12 9 53
2 7 23 17
3 10 0 40
3 14 0 14
4 5 54 11
4 6 35 11
4 10 32 11
5 9 25 18
5 13 14 12
6 7 11 22
8 12 54 18
8 13 5 52
11 12 2 25
(287, 323)

Arvore 443
0 2 23 19
1 12 9 53
2 7 23 17
3 10 0 40
3 14 0 14
4 5 54 11
4 6 35 11
4 10 32 11
5 9 25 18
5 13 14 12
6 7 11 22
8 13 5 52
9 11 12 25
11 12 2 25
(245, 330)

Arvore 444
0 2 23 19
1 3 23 44
2 7 23 17
3 10 0 40
3 14 0 14
4 5 54 11
4 6 35 11
4 10 32 11
5 9 25 18
5 13 14 12
6 7 11 22
8 12 54 18
8 13 5 52
11 12 2 25
(301, 314)

Arvore 445
0 2 23 19
1 6 46 33
2 7 23 17
3 10 0 40
3 14 0 14
4 5 54 11
4 6 35 11
4 10 32 11
5 9 25 18
5 13 14 12
6 7 11 22
8 12 54 18
8 13 5 52
11 12 2 25
(324, 303)

Arvore 446
0 2 23 19
1 7 61 28
2 7 23 17
3 10 0 40
3 14 0 14
4 5 54 11
4 6 35 11
4 10 32 11
5 9 25 18
5 13 14 12
6 7 11 22
8 12 54 18
8 13 5 52
11 12 2 25
(339, 298)

Arvore 447
0 2 23 19
1 13 74 27
2 7 23 17
3 10 0 40
3 14 0 14
4 5 54 11
4 6 35 11
4 10 32 11
5 9 25 18
5 13 14 12
6 7 11 22
8 12 54 18
8 13 5 52
11 12 2 25
(352, 297)

Arvore 448
0 2 23 19
1 3 23 44
2 7 23 17
3 10 0 40
3 14 0 14
4 5 54 11
4 6 35 11
4 10 32 11
5 9 25 18
5 13 14 12
6 7 11 22
8 13 5 52
9 11 12 25
11 12 2 25
(259, 321)

Arvore 449
0 2 23 19
1 6 46 33
2 7 23 17
3 10 0 40
3 14 0 14
4 5 54 11
4 6 35 11
4 10 32 11
5 9 25 18
5 13 14 12
6 7 11 22
8 13 5 52
9 11 12 25
11 12 2 25
(282, 310)

Arvore 450
0 2 23 19
1 7 61 28
2 7 23 17
3 10 0 40
3 14 0 14
4 5 54 11
4 6 35 11
4 10 32 11
5 9 25 18
5 13 14 12
6 7 11 22
8 13 5 52
9 11 12 25
11 12 2 25
(297, 305)

Arvore 451
0 2 23 19
1 13 74 27
2 7 23 17
3 10 0 40
3 14 0 14
4 5 54 11
4 6 35 11
4 10 32 11
5 9 25 18
5 13 14 12
6 7 11 22
8 13 5 52
9 11 12 25
11 12 2 25
(310, 304)

Arvore 452
0 2 23 19
0 8 28 27
1 3 23 44
2 7 23 17
3 10 0 40
3 14 0 14
4 5 54 11
4 6 35 11
4 10 32 11
5 9 25 18
5 13 14 12
6 7 11 22
9 11 12 25
11 12 2 25
(282, 296)

Arvore 453
0 2 23 19
0 8 28 27
1 6 46 33
2 7 23 17
3 10 0 40
3 14 0 14
4 5 54 11
4 6 35 11
4 10 32 11
5 9 25 18
5 13 14 12
6 7 11 22
9 11 12 25
11 12 2 25
(305, 285)

Arvore 454
0 2 23 19
0 8 28 27
1 7 61 28
2 7 23 17
3 10 0 40
3 14 0 14
4 5 54 11
4 6 35 11
4 10 32 11
5 9 25 18
5 13 14 12
6 7 11 22
9 11 12 25
11 12 2 25
(320, 280)

Arvore 455
0 2 23 19
0 8 28 27
1 12 9 53
2 7 23 17
3 10 0 40
3 14 0 14
4 5 54 11
4 6 35 11
4 10 32 11
5 9 25 18
5 13 14 12
6 7 11 22
9 11 12 25
11 12 2 25
(268, 305)

Arvore 456
0 2 23 19
0 8 28 27
1 13 74 27
2 7 23 17
3 10 0 40
3 14 0 14
4 5 54 11
4 6 35 11
4 10 32 11
5 9 25 18
5 13 14 12
6 7 11 22
9 11 12 25
11 12 2 25
(333, 279)

Arvore 457
0 2 23 19
1 12 9 53
2 7 23 17
3 10 0 40
3 14 0 14
4 5 54 11
4 6 35 11
4 10 32 11
5 13 14 12
6 7 11 22
7 11 11 38
8 13 5 52
9 11 12 25
11 12 2 25
(231, 350)

Arvore 458
0 2 23 19
1 3 23 44
2 7 23 17
3 10 0 40
3 14 0 14
4 5 54 11
4 6 35 11
4 10 32 11
5 13 14 12
6 7 11 22
7 11 11 38
8 13 5 52
9 11 12 25
11 12 2 25
(245, 341)

Arvore 459
0 2 23 19
1 6 46 33
2 7 23 17
3 10 0 40
3 14 0 14
4 5 54 11
4 6 35 11
4 10 32 11
5 13 14 12
6 7 11 22
7 11 11 38
8 13 5 52
9 11 12 25
11 12 2 25
(268, 330)

Arvore 460
0 2 23 19
1 7 61 28
2 7 23 17
3 10 0 40
3 14 0 14
4 5 54 11
4 6 35 11
4 10 32 11
5 13 14 12
6 7 11 22
7 11 11 38
8 13 5 52
9 11 12 25
11 12 2 25
(283, 325)

Arvore 461
0 2 23 19
1 13 74 27
2 7 23 17
3 10 0 40
3 14 0 14
4 5 54 11
4 6 35 11
4 10 32 11
5 13 14 12
6 7 11 22
7 11 11 38
8 13 5 52
9 11 12 25
11 12 2 25
(296, 324)

Arvore 462
0 2 23 19
0 8 28 27
1 3 23 44
2 7 23 17
3 10 0 40
3 14 0 14
4 5 54 11
4 6 35 11
4 10 32 11
5 13 14 12
6 7 11 22
7 11 11 38
9 11 12 25
11 12 2 25
(268, 316)

Arvore 463
0 2 23 19
0 8 28 27
1 6 46 33
2 7 23 17
3 10 0 40
3 14 0 14
4 5 54 11
4 6 35 11
4 10 32 11
5 13 14 12
6 7 11 22
7 11 11 38
9 11 12 25
11 12 2 25
(291, 305)

Arvore 464
0 2 23 19
0 8 28 27
1 7 61 28
2 7 23 17
3 10 0 40
3 14 0 14
4 5 54 11
4 6 35 11
4 10 32 11
5 13 14 12
6 7 11 22
7 11 11 38
9 11 12 25
11 12 2 25
(306, 300)

Arvore 465
0 2 23 19
0 8 28 27
1 12 9 53
2 7 23 17
3 10 0 40
3 14 0 14
4 5 54 11
4 6 35 11
4 10 32 11
5 13 14 12
6 7 11 22
7 11 11 38
9 11 12 25
11 12 2 25
(254, 325)

Arvore 466
0 2 23 19
0 8 28 27
1 13 74 27
2 7 23 17
3 10 0 40
3 14 0 14
4 5 54 11
4 6 35 11
4 10 32 11
5 13 14 12
6 7 11 22
7 11 11 38
9 11 12 25
11 12 2 25
(319, 299)

Arvore 467
0 2 23 19
1 12 9 53
2 7 23 17
3 10 0 40
3 14 0 14
4 5 54 11
4 6 35 11
4 10 32 11
5 13 14 12
6 7 11 22
7 11 11 38
8 13 5 52
9 11 12 25
11 12 2 25
(231, 350)

Arvore 468
0 2 23 19
1 12 9 53
2 7 23 17
3 10 0 40
3 13 9 73
3 14 0 14
4 5 54 11
4 6 35 11
4 10 32 11
5 9 25 18
6 7 11 22
7 11 11 38
8 13 5 52
11 12 2 25
(239, 404)

Arvore 469
0 2 23 19
1 12 9 53
2 7 23 17
3 10 0 40
3 13 9 73
3 14 0 14
4 5 54 11
4 6 35 11
4 10 32 11
6 7 11 22
7 11 11 38
8 13 5 52
9 11 12 25
11 12 2 25
(226, 411)

Arvore 470
0 2 23 19
1 12 9 53
2 7 23 17
3 10 0 40
3 14 0 14
4 5 54 11
4 6 35 11
4 10 32 11
6 7 11 22
7 11 11 38
8 13 5 52
9 11 12 25
11 12 2 25
13 14 12 68
(229, 406)

Arvore 471
0 2 23 19
0 12 52 22
1 12 9 53
2 7 23 17
3 10 0 40
3 13 9 73
3 14 0 14
4 5 54 11
4 6 35 11
4 10 32 11
5 9 25 18
6 7 11 22
8 13 5 52
11 12 2 25
(280, 388)

Arvore 472
0 2 23 19
1 12 9 53
2 7 23 17
3 10 0 40
3 13 9 73
3 14 0 14
4 5 54 11
4 6 35 11
4 10 32 11
5 9 25 18
6 7 11 22
8 12 54 18
8 13 5 52
11 12 2 25
(282, 384)

Arvore 473
0 2 23 19
1 12 9 53
2 7 23 17
3 10 0 40
3 13 9 73
3 14 0 14
4 5 54 11
4 6 35 11
4 10 32 11
5 9 25 18
6 7 11 22
8 13 5 52
9 11 12 25
11 12 2 25
(240, 391)

Arvore 474
0 2 23 19
1 12 9 53
2 7 23 17
3 10 0 40
3 13 9 73
3 14 0 14
4 5 54 11
4 6 35 11
4 10 32 11
5 9 25 18
6 7 11 22
8 13 5 52
9 11 12 25
11 12 2 25
(240, 391)

Arvore 475
0 2 23 19
0 12 52 22
1 3 23 44
2 7 23 17
3 8 31 13
3 10 0 40
3 14 0 14
4 6 35 11
4 10 32 11
5 9 25 18
5 13 14 12
6 7 11 22
6 11 87 21
9 14 37 19
(393, 283)

Arvore 476
0 2 23 19
0 12 52 22
1 6 46 33
2 7 23 17
3 8 31 13
3 10 0 40
3 14 0 14
4 6 35 11
4 10 32 11
5 9 25 18
5 13 14 12
6 7 11 22
6 11 87 21
9 14 37 19
(416, 272)

Arvore 477
0 2 23 19
0 12 52 22
1 7 61 28
2 7 23 17
3 8 31 13
3 10 0 40
3 14 0 14
4 6 35 11
4 10 32 11
5 9 25 18
5 13 14 12
6 7 11 22
6 11 87 21
9 14 37 19
(431, 267)

Arvore 478
0 2 23 19
0 12 52 22
1 12 9 53
2 7 23 17
3 8 31 13
3 10 0 40
3 14 0 14
4 6 35 11
4 10 32 11
5 9 25 18
5 13 14 12
6 7 11 22
6 11 87 21
9 14 37 19
(379, 292)

Arvore 479
0 2 23 19
0 12 52 22
1 13 74 27
2 7 23 17
3 8 31 13
3 10 0 40
3 14 0 14
4 6 35 11
4 10 32 11
5 9 25 18
5 13 14 12
6 7 11 22
6 11 87 21
9 14 37 19
(444, 266)

Arvore 480
0 2 23 19
0 12 52 22
1 3 23 44
2 7 23 17
3 8 31 13
3 10 0 40
3 14 0 14
4 6 35 11
4 10 32 11
5 9 25 18
5 13 14 12
6 7 11 22
9 14 37 19
11 12 2 25
(308, 287)

Arvore 481
0 2 23 19
0 12 52 22
1 6 46 33
2 7 23 17
3 8 31 13
3 10 0 40
3 14 0 14
4 6 35 11
4 10 32 11
5 9 25 18
5 13 14 12
6 7 11 22
9 14 37 19
11 12 2 25
(331, 276)

Arvore 482
0 2 23 19
0 12 52 22
1 7 61 28
2 7 23 17
3 8 31 13
3 10 0 40
3 14 0 14
4 6 35 11
4 10 32 11
5 9 25 18
5 13 14 12
6 7 11 22
9 14 37 19
11 12 2 25
(346, 271)

Arvore 483
0 2 23 19
0 12 52 22
1 12 9 53
2 7 23 17
3 8 31 13
3 10 0 40
3 14 0 14
4 6 35 11
4 10 32 11
5 9 25 18
5 13 14 12
6 7 11 22
9 14 37 19
11 12 2 25
(294, 296)

Arvore 484
0 2 23 19
0 12 52 22
1 13 74 27
2 7 23 17
3 8 31 13
3 10 0 40
3 14 0 14
4 6 35 11
4 10 32 11
5 9 25 18
5 13 14 12
6 7 11 22
9 14 37 19
11 12 2 25
(359, 270)

Arvore 485
0 2 23 19
1 3 23 44
2 7 23 17
3 8 31 13
3 10 0 40
3 14 0 14
4 6 35 11
4 10 32 11
5 9 25 18
5 13 14 12
6 7 11 22
6 11 87 21
8 12 54 18
9 14 37 19
(395, 279)

Arvore 486
0 2 23 19
1 6 46 33
2 7 23 17
3 8 31 13
3 10 0 40
3 14 0 14
4 6 35 11
4 10 32 11
5 9 25 18
5 13 14 12
6 7 11 22
6 11 87 21
8 12 54 18
9 14 37 19
(418, 268)

Arvore 487
0 2 23 19
1 7 61 28
2 7 23 17
3 8 31 13
3 10 0 40
3 14 0 14
4 6 35 11
4 10 32 11
5 9 25 18
5 13 14 12
6 7 11 22
6 11 87 21
8 12 54 18
9 14 37 19
(433, 263)

Arvore 488
0 2 23 19
1 12 9 53
2 7 23 17
3 8 31 13
3 10 0 40
3 14 0 14
4 6 35 11
4 10 32 11
5 9 25 18
5 13 14 12
6 7 11 22
6 11 87 21
8 12 54 18
9 14 37 19
(381, 288)

Arvore 489
0 2 23 19
1 13 74 27
2 7 23 17
3 8 31 13
3 10 0 40
3 14 0 14
4 6 35 11
4 10 32 11
5 9 25 18
5 13 14 12
6 7 11 22
6 11 87 21
8 12 54 18
9 14 37 19
(446, 262)

Arvore 490
0 2 23 19
1 3 23 44
2 7 23 17
3 8 31 13
3 10 0 40
3 14 0 14
4 6 35 11
4 10 32 11
5 9 25 18
5 13 14 12
6 7 11 22
8 12 54 18
9 14 37 19
11 12 2 25
(310, 283)

Arvore 491
0 2 23 19
1 6 46 33
2 7 23 17
3 8 31 13
3 10 0 40
3 14 0 14
4 6 35 11
4 10 32 11
5 9 25 18
5 13 14 12
6 7 11 22
8 12 54 18
9 14 37 19
11 12 2 25
(333, 272)

Arvore 492
0 2 23 19
1 7 61 28
2 7 23 17
3 8 31 13
3 10 0 40
3 14 0 14
4 6 35 11
4 10 32 11
5 9 25 18
5 13 14 12
6 7 11 22
8 12 54 18
9 14 37 19
11 12 2 25
(348, 267)

Arvore 493
0 2 23 19
1 12 9 53
2 7 23 17
3 8 31 13
3 10 0 40
3 14 0 14
4 6 35 11
4 10 32 11
5 9 25 18
5 13 14 12
6 7 11 22
8 12 54 18
9 14 37 19
11 12 2 25
(296, 292)

Arvore 494
0 2 23 19
1 13 74 27
2 7 23 17
3 8 31 13
3 10 0 40
3 14 0 14
4 6 35 11
4 10 32 11
5 9 25 18
5 13 14 12
6 7 11 22
8 12 54 18
9 14 37 19
11 12 2 25
(361, 266)

Arvore 495
0 2 23 19
1 12 9 53
2 7 23 17
3 8 31 13
3 10 0 40
3 14 0 14
4 6 35 11
4 10 32 11
5 9 25 18
5 13 14 12
6 7 11 22
7 11 11 38
9 14 37 19
11 12 2 25
(253, 312)

Arvore 496
0 2 23 19
1 12 9 53
2 7 23 17
3 8 31 13
3 10 0 40
3 14 0 14
4 6 35 11
4 10 32 11
5 9 25 18
5 13 14 12
6 7 11 22
9 11 12 25
9 14 37 19
11 12 2 25
(254, 299)

Arvore 497
0 2 23 19
1 3 23 44
2 7 23 17
3 8 31 13
3 10 0 40
3 14 0 14
4 6 35 11
4 10 32 11
5 9 25 18
5 13 14 12
6 7 11 22
7 11 11 38
9 14 37 19
11 12 2 25
(267, 303)

Arvore 498
0 2 23 19
1 6 46 33
2 7 23 17
3 8 31 13
3 10 0 40
3 14 0 14
4 6 35 11
4 10 32 11
5 9 25 18
5 13 14 12
6 7 11 22
7 11 11 38
9 14 37 19
11 12 2 25
(290, 292)

Arvore 499
0 2 23 19
1 7 61 28
2 7 23 17
3 8 31 13
3 10 0 40
3 14 0 14
4 6 35 11
4 10 32 11
5 9 25 18
5 13 14 12
6 7 11 22
7 11 11 38
9 14 37 19
11 12 2 25
(305, 287)

Arvore 500
0 2 23 19
1 13 74 27
2 7 23 17
3 8 31 13
3 10 0 40
3 14 0 14
4 6 35 11
4 10 32 11
5 9 25 18
5 13 14 12
6 7 11 22
7 11 11 38
9 14 37 19
11 12 2 25
(318, 286)

Arvore 501
0 2 23 19
1 3 23 44
2 7 23 17
3 8 31 13
3 10 0 40
3 14 0 14
4 6 35 11
4 10 32 11
5 9 25 18
5 13 14 12
6 7 11 22
9 11 12 25
9 14 37 19
11 12 2 25
(268, 290)

Arvore 502
0 2 23 19
1 6 46 33
2 7 23 17
3 8 31 13
3 10 0 40
3 14 0 14
4 6 35 11
4 10 32 11
5 9 25 18
5 13 14 12
6 7 11 22
9 11 12 25
9 14 37 19
11 12 2 25
(291, 279)

Arvore 503
0 2 23 19
1 7 61 28
2 7 23 17
3 8 31 13
3 10 0 40
3 14 0 14
4 6 35 11
4 10 32 11
5 9 25 18
5 13 14 12
6 7 11 22
9 11 12 25
9 14 37 19
11 12 2 25
(306, 274)

Arvore 504
0 2 23 19
1 13 74 27
2 7 23 17
3 8 31 13
3 10 0 40
3 14 0 14
4 6 35 11
4 10 32 11
5 9 25 18
5 13 14 12
6 7 11 22
9 11 12 25
9 14 37 19
11 12 2 25
(319, 273)

Arvore 505
0 2 23 19
1 3 23 44
2 7 23 17
3 8 31 13
3 10 0 40
3 14 0 14
4 6 35 11
4 10 32 11
5 9 25 18
5 13 14 12
6 7 11 22
7 11 11 38
8 13 5 52
11 12 2 25
(235, 336)

Arvore 506
0 2 23 19
1 6 46 33
2 7 23 17
3 8 31 13
3 10 0 40
3 14 0 14
4 6 35 11
4 10 32 11
5 9 25 18
5 13 14 12
6 7 11 22
7 11 11 38
8 13 5 52
11 12 2 25
(258, 325)

Arvore 507
0 2 23 19
1 7 61 28
2 7 23 17
3 8 31 13
3 10 0 40
3 14 0 14
4 6 35 11
4 10 32 11
5 9 25 18
5 13 14 12
6 7 11 22
7 11 11 38
8 13 5 52
11 12 2 25
(273, 320)

Arvore 508
0 2 23 19
1 12 9 53
2 7 23 17
3 8 31 13
3 10 0 40
3 14 0 14
4 6 35 11
4 10 32 11
5 9 25 18
5 13 14 12
6 7 11 22
7 11 11 38
8 13 5 52
11 12 2 25
(221, 345)

Arvore 509
0 2 23 19
1 13 74 27
2 7 23 17
3 8 31 13
3 10 0 40
3 14 0 14
4 6 35 11
4 10 32 11
5 9 25 18
5 13 14 12
6 7 11 22
7 11 11 38
8 13 5 52
11 12 2 25
(286, 319)

Arvore 510
0 2 23 19
1 3 23 44
2 7 23 17
3 8 31 13
3 10 0 40
3 14 0 14
4 6 35 11
4 10 32 11
5 9 25 18
5 13 14 12
6 7 11 22
7 11 11 38
9 11 12 25
11 12 2 25
(242, 309)

Arvore 511
0 2 23 19
1 6 46 33
2 7 23 17
3 8 31 13
3 10 0 40
3 14 0 14
4 6 35 11
4 10 32 11
5 9 25 18
5 13 14 12
6 7 11 22
7 11 11 38
9 11 12 25
11 12 2 25
(265, 298)

Arvore 512
0 2 23 19
1 7 61 28
2 7 23 17
3 8 31 13
3 10 0 40
3 14 0 14
4 6 35 11
4 10 32 11
5 9 25 18
5 13 14 12
6 7 11 22
7 11 11 38
9 11 12 25
11 12 2 25
(280, 293)

Arvore 513
0 2 23 19
1 12 9 53
2 7 23 17
3 8 31 13
3 10 0 40
3 14 0 14
4 6 35 11
4 10 32 11
5 9 25 18
5 13 14 12
6 7 11 22
7 11 11 38
9 11 12 25
11 12 2 25
(228, 318)

Arvore 514
0 2 23 19
1 13 74 27
2 7 23 17
3 8 31 13
3 10 0 40
3 14 0 14
4 6 35 11
4 10 32 11
5 9 25 18
5 13 14 12
6 7 11 22
7 11 11 38
9 11 12 25
11 12 2 25
(293, 292)

Arvore 515
0 2 23 19
0 12 52 22
1 3 23 44
2 7 23 17
3 8 31 13
3 10 0 40
3 14 0 14
4 6 35 11
4 10 32 11
5 9 25 18
5 13 14 12
6 7 11 22
8 13 5 52
11 12 2 25
(276, 320)

Arvore 516
0 2 23 19
0 12 52 22
1 6 46 33
2 7 23 17
3 8 31 13
3 10 0 40
3 14 0 14
4 6 35 11
4 10 32 11
5 9 25 18
5 13 14 12
6 7 11 22
8 13 5 52
11 12 2 25
(299, 309)

Arvore 517
0 2 23 19
0 12 52 22
1 7 61 28
2 7 23 17
3 8 31 13
3 10 0 40
3 14 0 14
4 6 35 11
4 10 32 11
5 9 25 18
5 13 14 12
6 7 11 22
8 13 5 52
11 12 2 25
(314, 304)

Arvore 518
0 2 23 19
0 12 52 22
1 12 9 53
2 7 23 17
3 8 31 13
3 10 0 40
3 14 0 14
4 6 35 11
4 10 32 11
5 9 25 18
5 13 14 12
6 7 11 22
8 13 5 52
11 12 2 25
(262, 329)

Arvore 519
0 2 23 19
0 12 52 22
1 13 74 27
2 7 23 17
3 8 31 13
3 10 0 40
3 14 0 14
4 6 35 11
4 10 32 11
5 9 25 18
5 13 14 12
6 7 11 22
8 13 5 52
11 12 2 25
(327, 303)

Arvore 520
0 2 23 19
1 12 9 53
2 7 23 17
3 8 31 13
3 10 0 40
3 14 0 14
4 6 35 11
4 10 32 11
5 9 25 18
5 13 14 12
6 7 11 22
8 12 54 18
8 13 5 52
11 12 2 25
(264, 325)

Arvore 521
0 2 23 19
1 12 9 53
2 7 23 17
3 8 31 13
3 10 0 40
3 14 0 14
4 6 35 11
4 10 32 11
5 9 25 18
5 13 14 12
6 7 11 22
8 13 5 52
9 11 12 25
11 12 2 25
(222, 332)

Arvore 522
0 2 23 19
1 3 23 44
2 7 23 17
3 8 31 13
3 10 0 40
3 14 0 14
4 6 35 11
4 10 32 11
5 9 25 18
5 13 14 12
6 7 11 22
8 12 54 18
8 13 5 52
11 12 2 25
(278, 316)

Arvore 523
0 2 23 19
1 6 46 33
2 7 23 17
3 8 31 13
3 10 0 40
3 14 0 14
4 6 35 11
4 10 32 11
5 9 25 18
5 13 14 12
6 7 11 22
8 12 54 18
8 13 5 52
11 12 2 25
(301, 305)

Arvore 524
0 2 23 19
1 7 61 28
2 7 23 17
3 8 31 13
3 10 0 40
3 14 0 14
4 6 35 11
4 10 32 11
5 9 25 18
5 13 14 12
6 7 11 22
8 12 54 18
8 13 5 52
11 12 2 25
(316, 300)

Arvore 525
0 2 23 19
1 13 74 27
2 7 23 17
3 8 31 13
3 10 0 40
3 14 0 14
4 6 35 11
4 10 32 11
5 9 25 18
5 13 14 12
6 7 11 22
8 12 54 18
8 13 5 52
11 12 2 25
(329, 299)

Arvore 526
0 2 23 19
1 3 23 44
2 7 23 17
3 8 31 13
3 10 0 40
3 14 0 14
4 6 35 11
4 10 32 11
5 9 25 18
5 13 14 12
6 7 11 22
8 13 5 52
9 11 12 25
11 12 2 25
(236, 323)

Arvore 527
0 2 23 19
1 6 46 33
2 7 23 17
3 8 31 13
3 10 0 40
3 14 0 14
4 6 35 11
4 10 32 11
5 9 25 18
5 13 14 12
6 7 11 22
8 13 5 52
9 11 12 25
11 12 2 25
(259, 312)

Arvore 528
0 2 23 19
1 7 61 28
2 7 23 17
3 8 31 13
3 10 0 40
3 14 0 14
4 6 35 11
4 10 32 11
5 9 25 18
5 13 14 12
6 7 11 22
8 13 5 52
9 11 12 25
11 12 2 25
(274, 307)

Arvore 529
0 2 23 19
1 13 74 27
2 7 23 17
3 8 31 13
3 10 0 40
3 14 0 14
4 6 35 11
4 10 32 11
5 9 25 18
5 13 14 12
6 7 11 22
8 13 5 52
9 11 12 25
11 12 2 25
(287, 306)

Arvore 530
0 2 23 19
1 3 23 44
2 7 23 17
3 8 31 13
3 10 0 40
3 14 0 14
4 6 35 11
4 10 32 11
5 9 25 18
5 13 14 12
6 7 11 22
6 13 26 26
9 11 12 25
11 12 2 25
(257, 297)

Arvore 531
0 2 23 19
1 6 46 33
2 7 23 17
3 8 31 13
3 10 0 40
3 14 0 14
4 6 35 11
4 10 32 11
5 9 25 18
5 13 14 12
6 7 11 22
6 13 26 26
9 11 12 25
11 12 2 25
(280, 286)

Arvore 532
0 2 23 19
1 7 61 28
2 7 23 17
3 8 31 13
3 10 0 40
3 14 0 14
4 6 35 11
4 10 32 11
5 9 25 18
5 13 14 12
6 7 11 22
6 13 26 26
9 11 12 25
11 12 2 25
(295, 281)

Arvore 533
0 2 23 19
1 12 9 53
2 7 23 17
3 8 31 13
3 10 0 40
3 14 0 14
4 6 35 11
4 10 32 11
5 9 25 18
5 13 14 12
6 7 11 22
6 13 26 26
9 11 12 25
11 12 2 25
(243, 306)

Arvore 534
0 2 23 19
1 13 74 27
2 7 23 17
3 8 31 13
3 10 0 40
3 14 0 14
4 6 35 11
4 10 32 11
5 9 25 18
5 13 14 12
6 7 11 22
6 13 26 26
9 11 12 25
11 12 2 25
(308, 280)

Arvore 535
0 2 23 19
1 12 9 53
2 7 23 17
3 8 31 13
3 10 0 40
3 14 0 14
4 6 35 11
4 10 32 11
5 13 14 12
6 7 11 22
7 11 11 38
8 13 5 52
9 11 12 25
11 12 2 25
(208, 352)

Arvore 536
0 2 23 19
1 3 23 44
2 7 23 17
3 8 31 13
3 10 0 40
3 14 0 14
4 6 35 11
4 10 32 11
5 13 14 12
6 7 11 22
7 11 11 38
8 13 5 52
9 11 12 25
11 12 2 25
(222, 343)

Arvore 537
0 2 23 19
1 6 46 33
2 7 23 17
3 8 31 13
3 10 0 40
3 14 0 14
4 6 35 11
4 10 32 11
5 13 14 12
6 7 11 22
7 11 11 38
8 13 5 52
9 11 12 25
11 12 2 25
(245, 332)

Arvore 538
0 2 23 19
1 7 61 28
2 7 23 17
3 8 31 13
3 10 0 40
3 14 0 14
4 6 35 11
4 10 32 11
5 13 14 12
6 7 11 22
7 11 11 38
8 13 5 52
9 11 12 25
11 12 2 25
(260, 327)

Arvore 539
0 2 23 19
1 13 74 27
2 7 23 17
3 8 31 13
3 10 0 40
3 14 0 14
4 6 35 11
4 10 32 11
5 13 14 12
6 7 11 22
7 11 11 38
8 13 5 52
9 11 12 25
11 12 2 25
(273, 326)

Arvore 540
0 2 23 19
1 12 9 53
2 7 23 17
3 8 31 13
3 10 0 40
3 14 0 14
4 6 35 11
4 10 32 11
5 13 14 12
6 7 11 22
7 11 11 38
8 13 5 52
9 11 12 25
11 12 2 25
(208, 352)

Arvore 541
0 2 23 19
1 12 9 53
2 7 23 17
3 10 0 40
3 13 9 73
3 14 0 14
4 6 35 11
4 10 32 11
5 9 25 18
5 13 14 12
6 7 11 22
7 11 11 38
8 13 5 52
11 12 2 25
(199, 405)

Arvore 542
0 2 23 19
1 12 9 53
2 7 23 17
3 10 0 40
3 14 0 14
4 6 35 11
4 10 32 11
5 9 25 18
5 13 14 12
6 7 11 22
7 11 11 38
8 13 5 52
9 11 12 25
11 12 2 25
(202, 357)

Arvore 543
0 2 23 19
1 3 23 44
2 7 23 17
3 10 0 40
3 14 0 14
4 6 35 11
4 10 32 11
5 9 25 18
5 13 14 12
6 7 11 22
7 11 11 38
8 13 5 52
9 11 12 25
11 12 2 25
(216, 348)

Arvore 544
0 2 23 19
1 6 46 33
2 7 23 17
3 10 0 40
3 14 0 14
4 6 35 11
4 10 32 11
5 9 25 18
5 13 14 12
6 7 11 22
7 11 11 38
8 13 5 52
9 11 12 25
11 12 2 25
(239, 337)

Arvore 545
0 2 23 19
1 7 61 28
2 7 23 17
3 10 0 40
3 14 0 14
4 6 35 11
4 10 32 11
5 9 25 18
5 13 14 12
6 7 11 22
7 11 11 38
8 13 5 52
9 11 12 25
11 12 2 25
(254, 332)

Arvore 546
0 2 23 19
1 13 74 27
2 7 23 17
3 10 0 40
3 14 0 14
4 6 35 11
4 10 32 11
5 9 25 18
5 13 14 12
6 7 11 22
7 11 11 38
8 13 5 52
9 11 12 25
11 12 2 25
(267, 331)

Arvore 547
0 2 23 19
0 8 28 27
1 3 23 44
2 7 23 17
3 10 0 40
3 14 0 14
4 6 35 11
4 10 32 11
5 9 25 18
5 13 14 12
6 7 11 22
7 11 11 38
9 11 12 25
11 12 2 25
(239, 323)

Arvore 548
0 2 23 19
0 8 28 27
1 6 46 33
2 7 23 17
3 10 0 40
3 14 0 14
4 6 35 11
4 10 32 11
5 9 25 18
5 13 14 12
6 7 11 22
7 11 11 38
9 11 12 25
11 12 2 25
(262, 312)

Arvore 549
0 2 23 19
0 8 28 27
1 7 61 28
2 7 23 17
3 10 0 40
3 14 0 14
4 6 35 11
4 10 32 11
5 9 25 18
5 13 14 12
6 7 11 22
7 11 11 38
9 11 12 25
11 12 2 25
(277, 307)

Arvore 550
0 2 23 19
0 8 28 27
1 12 9 53
2 7 23 17
3 10 0 40
3 14 0 14
4 6 35 11
4 10 32 11
5 9 25 18
5 13 14 12
6 7 11 22
7 11 11 38
9 11 12 25
11 12 2 25
(225, 332)

Arvore 551
0 2 23 19
0 8 28 27
1 13 74 27
2 7 23 17
3 10 0 40
3 14 0 14
4 6 35 11
4 10 32 11
5 9 25 18
5 13 14 12
6 7 11 22
7 11 11 38
9 11 12 25
11 12 2 25
(290, 306)

Arvore 552
0 2 23 19
0 12 52 22
1 12 9 53
2 7 23 17
3 10 0 40
3 13 9 73
3 14 0 14
4 6 35 11
4 10 32 11
5 9 25 18
5 13 14 12
6 7 11 22
8 13 5 52
11 12 2 25
(240, 389)

Arvore 553
0 2 23 19
1 12 9 53
2 7 23 17
3 10 0 40
3 13 9 73
3 14 0 14
4 6 35 11
4 10 32 11
5 9 25 18
5 13 14 12
6 7 11 22
8 12 54 18
8 13 5 52
11 12 2 25
(242, 385)

Arvore 554
0 2 23 19
1 12 9 53
2 7 23 17
3 10 0 40
3 13 9 73
3 14 0 14
4 6 35 11
4 10 32 11
5 9 25 18
5 13 14 12
6 7 11 22
8 13 5 52
9 11 12 25
11 12 2 25
(200, 392)

Arvore 555
0 2 23 19
1 12 9 53
2 7 23 17
3 10 0 40
3 14 0 14
4 6 35 11
4 10 32 11
5 9 25 18
5 13 14 12
6 7 11 22
6 13 26 26
8 13 5 52
9 11 12 25
11 12 2 25
(217, 345)

Arvore 556
0 2 23 19
1 3 23 44
2 7 23 17
3 10 0 40
3 14 0 14
4 6 35 11
4 10 32 11
5 9 25 18
5 13 14 12
6 7 11 22
6 13 26 26
8 13 5 52
9 11 12 25
11 12 2 25
(231, 336)

Arvore 557
0 2 23 19
1 6 46 33
2 7 23 17
3 10 0 40
3 14 0 14
4 6 35 11
4 10 32 11
5 9 25 18
5 13 14 12
6 7 11 22
6 13 26 26
8 13 5 52
9 11 12 25
11 12 2 25
(254, 325)

Arvore 558
0 2 23 19
1 7 61 28
2 7 23 17
3 10 0 40
3 14 0 14
4 6 35 11
4 10 32 11
5 9 25 18
5 13 14 12
6 7 11 22
6 13 26 26
8 13 5 52
9 11 12 25
11 12 2 25
(269, 320)

Arvore 559
0 2 23 19
1 13 74 27
2 7 23 17
3 10 0 40
3 14 0 14
4 6 35 11
4 10 32 11
5 9 25 18
5 13 14 12
6 7 11 22
6 13 26 26
8 13 5 52
9 11 12 25
11 12 2 25
(282, 319)

Arvore 560
0 2 23 19
0 8 28 27
1 3 23 44
2 7 23 17
3 10 0 40
3 14 0 14
4 6 35 11
4 10 32 11
5 9 25 18
5 13 14 12
6 7 11 22
6 13 26 26
9 11 12 25
11 12 2 25
(254, 311)

Arvore 561
0 2 23 19
0 8 28 27
1 6 46 33
2 7 23 17
3 10 0 40
3 14 0 14
4 6 35 11
4 10 32 11
5 9 25 18
5 13 14 12
6 7 11 22
6 13 26 26
9 11 12 25
11 12 2 25
(277, 300)

Arvore 562
0 2 23 19
0 8 28 27
1 7 61 28
2 7 23 17
3 10 0 40
3 14 0 14
4 6 35 11
4 10 32 11
5 9 25 18
5 13 14 12
6 7 11 22
6 13 26 26
9 11 12 25
11 12 2 25
(292, 295)

Arvore 563
0 2 23 19
0 8 28 27
1 12 9 53
2 7 23 17
3 10 0 40
3 14 0 14
4 6 35 11
4 10 32 11
5 9 25 18
5 13 14 12
6 7 11 22
6 13 26 26
9 11 12 25
11 12 2 25
(240, 320)

Arvore 564
0 2 23 19
0 8 28 27
1 13 74 27
2 7 23 17
3 10 0 40
3 14 0 14
4 6 35 11
4 10 32 11
5 9 25 18
5 13 14 12
6 7 11 22
6 13 26 26
9 11 12 25
11 12 2 25
(305, 294)

Arvore 565
0 2 23 19
1 12 9 53
2 7 23 17
3 10 0 40
3 13 9 73
3 14 0 14
4 6 35 11
4 10 32 11
5 13 14 12
6 7 11 22
7 11 11 38
8 13 5 52
9 11 12 25
11 12 2 25
(186, 412)

Arvore 566
0 2 23 19
1 12 9 53
2 7 23 17
3 10 0 40
3 14 0 14
4 6 35 11
4 10 32 11
5 12 12 56
5 13 14 12
6 7 11 22
7 11 11 38
8 13 5 52
9 11 12 25
11 12 2 25
(189, 395)

Arvore 567
0 2 23 19
1 3 23 44
2 7 23 17
3 10 0 40
3 13 9 73
3 14 0 14
4 6 35 11
4 10 32 11
5 13 14 12
6 7 11 22
7 11 11 38
8 13 5 52
9 11 12 25
11 12 2 25
(200, 403)

Arvore 568
0 2 23 19
1 3 23 44
2 7 23 17
3 10 0 40
3 14 0 14
4 6 35 11
4 10 32 11
5 12 12 56
5 13 14 12
6 7 11 22
7 11 11 38
8 13 5 52
9 11 12 25
11 12 2 25
(203, 386)

Arvore 569
0 2 23 19
1 12 9 53
2 7 23 17
3 10 0 40
3 13 9 73
3 14 0 14
4 6 35 11
4 10 32 11
5 13 14 12
6 7 11 22
7 11 11 38
8 13 5 52
9 11 12 25
11 12 2 25
(186, 412)

Arvore 570
0 2 23 19
1 12 9 53
2 7 23 17
3 10 0 40
3 13 9 73
3 14 0 14
4 6 35 11
4 10 32 11
5 12 12 56
6 7 11 22
7 11 11 38
8 13 5 52
9 11 12 25
11 12 2 25
(184, 456)

Arvore 571
0 2 23 19
1 12 9 53
2 7 23 17
3 10 0 40
3 14 0 14
4 6 35 11
4 10 32 11
5 12 12 56
6 7 11 22
7 11 11 38
8 13 5 52
9 11 12 25
11 12 2 25
13 14 12 68
(187, 451)

