30
0.30
Arvore 1
0 1 56 56
0 6 79 45
1 2 2 43
2 4 27 36
2 5 39 13
3 5 72 39
(275, 232)

Arvore 2
0 1 56 56
1 2 2 43
2 4 27 36
2 5 39 13
3 5 72 39
3 6 3 61
(199, 248)

Arvore 3
0 1 56 56
1 2 2 43
1 3 45 67
2 4 27 36
2 5 39 13
3 6 3 61
(172, 276)

Arvore 4
0 1 56 56
1 2 2 43
2 3 21 71
2 4 27 36
2 5 39 13
3 6 3 61
(148, 280)

Arvore 5
0 4 57 54
0 6 79 45
1 2 2 43
2 4 27 36
2 5 39 13
3 5 72 39
(276, 230)

Arvore 6
0 4 57 54
1 2 2 43
2 4 27 36
2 5 39 13
3 5 72 39
3 6 3 61
(200, 246)

Arvore 7
0 4 57 54
1 2 2 43
1 3 45 67
2 4 27 36
2 5 39 13
3 6 3 61
(173, 274)

Arvore 8
0 4 57 54
1 2 2 43
2 3 21 71
2 4 27 36
2 5 39 13
3 6 3 61
(149, 278)

Arvore 9
0 6 79 45
1 2 2 43
2 4 27 36
2 5 39 13
3 5 72 39
3 6 3 61
(222, 237)

Arvore 10
0 2 13 72
1 2 2 43
2 4 27 36
2 5 39 13
3 5 72 39
3 6 3 61
(156, 264)

Arvore 11
0 2 13 72
1 2 2 43
1 3 45 67
2 4 27 36
2 5 39 13
3 6 3 61
(129, 292)

Arvore 12
0 2 13 72
1 2 2 43
2 3 21 71
2 4 27 36
2 5 39 13
3 6 3 61
(105, 296)

Arvore 13
0 6 79 45
1 2 2 43
1 3 45 67
2 4 27 36
2 5 39 13
3 6 3 61
(195, 265)

Arvore 14
0 6 79 45
1 2 2 43
2 3 21 71
2 4 27 36
2 5 39 13
3 6 3 61
(171, 269)

Arvore 15
0 2 13 72
1 2 2 43
2 3 21 71
2 4 27 36
2 5 39 13
3 6 3 61
(105, 296)

