2
0.02
0 2 4 9
1 15 8 10
2 9 11 7
2 16 2 25
2 47 1 24
3 21 16 7
3 26 3 11
3 43 4 20
4 31 12 4
4 33 3 16
4 35 3 17
5 22 16 30
6 41 4 9
6 47 3 10
7 17 4 42
7 37 0 34
8 41 4 11
8 42 5 19
9 12 5 1
9 23 10 9
10 14 1 22
10 16 3 2
11 32 13 23
12 20 20 5
12 37 1 14
13 29 13 10
13 46 0 8
15 21 12 10
15 24 2 1
15 44 6 5
16 32 6 22
16 45 17 11
18 32 1 10
19 26 7 3
19 39 5 13
20 22 7 23
20 39 4 11
21 30 13 20
23 29 8 15
23 36 1 4
25 27 2 24
25 29 3 16
26 28 4 9
26 48 6 8
31 40 4 15
31 47 2 17
34 46 9 12
35 38 1 10
44 49 14 13
(303, 671)
