5
0.05
Arvore 
0 42 2 80
1 36 3 11
2 41 3 28
3 25 4 15
3 35 10 46
3 40 2 67
4 6 0 45
4 12 2 41
4 16 5 8
4 40 1 14
5 23 0 26
6 18 2 4
7 26 0 50
8 21 0 28
8 23 4 13
9 37 4 55
10 23 4 25
11 30 3 47
13 41 7 39
14 41 0 39
15 17 5 36
15 22 7 4
15 28 4 49
17 24 6 28
17 37 1 21
18 42 0 7
19 32 3 66
20 25 2 10
20 31 2 78
21 28 3 16
21 39 6 56
21 47 1 51
25 47 0 19
26 44 2 78
26 46 3 22
27 40 0 2
29 32 3 2
29 38 3 49
30 32 3 42
30 33 11 24
30 34 0 2
31 41 6 3
36 44 4 20
38 46 0 42
40 46 2 22
41 43 4 77
45 46 0 3
(137, 1510)

