0
0
Arvore 1
0 1 86 40
0 3 96 28
1 2 81 49
1 4 31 51
2 5 15 51
(309, 219)

Arvore 2
0 1 86 40
0 3 96 28
1 2 81 49
2 5 15 51
4 5 93 41
(371, 209)

Arvore 3
0 1 86 40
0 3 96 28
1 2 81 49
1 4 31 51
4 5 93 41
(387, 209)

Arvore 4
0 1 86 40
0 3 96 28
1 4 31 51
2 5 15 51
4 5 93 41
(321, 211)

Arvore 5
0 1 86 40
1 2 81 49
1 4 31 51
2 5 15 51
3 4 67 56
(280, 247)

Arvore 6
0 1 86 40
1 2 81 49
2 5 15 51
3 4 67 56
4 5 93 41
(342, 237)

Arvore 7
0 1 86 40
1 2 81 49
1 4 31 51
3 4 67 56
4 5 93 41
(358, 237)

Arvore 8
0 1 86 40
1 2 81 49
1 4 31 51
3 4 67 56
4 5 93 41
(358, 237)

Arvore 9
0 1 86 40
1 4 31 51
2 5 15 51
3 4 67 56
4 5 93 41
(292, 239)

Arvore 10
0 1 86 40
0 3 96 28
1 2 81 49
2 5 15 51
3 4 67 56
(345, 224)

Arvore 11
0 1 86 40
0 3 96 28
1 2 81 49
3 4 67 56
4 5 93 41
(423, 214)

Arvore 12
0 1 86 40
0 3 96 28
2 5 15 51
3 4 67 56
4 5 93 41
(357, 216)

Arvore 13
0 3 96 28
1 2 81 49
1 4 31 51
2 5 15 51
3 4 67 56
(290, 235)

Arvore 14
0 3 96 28
1 2 81 49
1 4 31 51
3 4 67 56
4 5 93 41
(368, 225)

Arvore 15
0 3 96 28
1 4 31 51
2 5 15 51
3 4 67 56
4 5 93 41
(302, 227)

