240
2.4
Arvore 1
0 1 15 19
1 2 23 33
1 4 15 41
3 4 4 33
3 5 15 17
3 6 35 26
3 7 39 67
3 9 40 22
4 8 21 26
(207, 284)

Arvore 2
0 1 15 19
1 2 23 33
1 4 15 41
3 4 4 33
3 5 15 17
3 6 35 26
3 9 40 22
4 7 46 27
4 8 21 26
(214, 244)

Arvore 3
0 1 15 19
1 2 23 33
2 9 56 30
3 4 4 33
3 5 15 17
3 6 35 26
3 9 40 22
4 7 46 27
4 8 21 26
(255, 233)

Arvore 4
0 1 15 19
1 4 15 41
2 4 21 47
3 4 4 33
3 5 15 17
3 6 35 26
3 7 39 67
3 9 40 22
4 8 21 26
(205, 298)

Arvore 5
0 1 15 19
1 4 15 41
2 4 21 47
3 4 4 33
3 5 15 17
3 6 35 26
3 9 40 22
4 7 46 27
4 8 21 26
(212, 258)

Arvore 6
0 1 15 19
1 4 15 41
2 9 56 30
3 4 4 33
3 5 15 17
3 6 35 26
3 9 40 22
4 7 46 27
4 8 21 26
(247, 241)

Arvore 7
0 1 15 19
1 2 23 33
1 4 15 41
3 4 4 33
3 5 15 17
3 7 39 67
3 9 40 22
4 8 21 26
5 6 7 28
(179, 286)

Arvore 8
0 1 15 19
1 2 23 33
1 4 15 41
3 4 4 33
3 5 15 17
3 9 40 22
4 7 46 27
4 8 21 26
5 6 7 28
(186, 246)

Arvore 9
0 1 15 19
1 2 23 33
2 9 56 30
3 4 4 33
3 5 15 17
3 9 40 22
4 7 46 27
4 8 21 26
5 6 7 28
(227, 235)

Arvore 10
0 1 15 19
1 4 15 41
2 4 21 47
3 4 4 33
3 5 15 17
3 7 39 67
3 9 40 22
4 8 21 26
5 6 7 28
(177, 300)

Arvore 11
0 1 15 19
1 4 15 41
2 4 21 47
3 4 4 33
3 5 15 17
3 9 40 22
4 7 46 27
4 8 21 26
5 6 7 28
(184, 260)

Arvore 12
0 1 15 19
1 4 15 41
2 9 56 30
3 4 4 33
3 5 15 17
3 9 40 22
4 7 46 27
4 8 21 26
5 6 7 28
(219, 243)

Arvore 13
0 1 15 19
1 2 23 33
1 4 15 41
3 4 4 33
3 5 15 17
3 7 39 67
3 9 40 22
5 6 7 28
8 9 13 45
(171, 305)

Arvore 14
0 1 15 19
1 2 23 33
1 4 15 41
3 4 4 33
3 5 15 17
3 9 40 22
4 7 46 27
5 6 7 28
8 9 13 45
(178, 265)

Arvore 15
0 1 15 19
1 4 15 41
2 4 21 47
3 4 4 33
3 5 15 17
3 7 39 67
3 9 40 22
5 6 7 28
8 9 13 45
(169, 319)

Arvore 16
0 1 15 19
1 4 15 41
2 4 21 47
3 4 4 33
3 5 15 17
3 9 40 22
4 7 46 27
5 6 7 28
8 9 13 45
(176, 279)

Arvore 17
0 1 15 19
1 4 15 41
2 9 56 30
3 4 4 33
3 5 15 17
3 9 40 22
4 7 46 27
5 6 7 28
8 9 13 45
(211, 262)

Arvore 18
0 1 15 19
1 2 23 33
2 9 56 30
3 4 4 33
3 5 15 17
3 9 40 22
4 7 46 27
5 6 7 28
8 9 13 45
(219, 254)

Arvore 19
0 1 15 19
1 2 23 33
1 4 15 41
3 4 4 33
3 5 15 17
3 6 35 26
3 7 39 67
4 8 21 26
8 9 13 45
(180, 307)

Arvore 20
0 1 15 19
1 2 23 33
1 4 15 41
3 4 4 33
3 5 15 17
3 6 35 26
4 7 46 27
4 8 21 26
8 9 13 45
(187, 267)

Arvore 21
0 1 15 19
1 2 23 33
2 9 56 30
3 4 4 33
3 5 15 17
3 6 35 26
4 7 46 27
4 8 21 26
8 9 13 45
(228, 256)

Arvore 22
0 1 15 19
1 4 15 41
2 4 21 47
3 4 4 33
3 5 15 17
3 6 35 26
3 7 39 67
4 8 21 26
8 9 13 45
(178, 321)

Arvore 23
0 1 15 19
1 4 15 41
2 4 21 47
3 4 4 33
3 5 15 17
3 6 35 26
4 7 46 27
4 8 21 26
8 9 13 45
(185, 281)

Arvore 24
0 1 15 19
1 4 15 41
2 9 56 30
3 4 4 33
3 5 15 17
3 6 35 26
4 7 46 27
4 8 21 26
8 9 13 45
(220, 264)

Arvore 25
0 1 15 19
1 2 23 33
1 4 15 41
3 4 4 33
3 5 15 17
3 7 39 67
4 8 21 26
5 6 7 28
8 9 13 45
(152, 309)

Arvore 26
0 1 15 19
1 2 23 33
1 4 15 41
3 4 4 33
3 5 15 17
4 7 46 27
4 8 21 26
5 6 7 28
8 9 13 45
(159, 269)

Arvore 27
0 1 15 19
1 2 23 33
2 9 56 30
3 4 4 33
3 5 15 17
4 7 46 27
4 8 21 26
5 6 7 28
8 9 13 45
(200, 258)

Arvore 28
0 1 15 19
1 4 15 41
2 4 21 47
3 4 4 33
3 5 15 17
3 7 39 67
4 8 21 26
5 6 7 28
8 9 13 45
(150, 323)

Arvore 29
0 1 15 19
1 4 15 41
2 4 21 47
3 4 4 33
3 5 15 17
4 7 46 27
4 8 21 26
5 6 7 28
8 9 13 45
(157, 283)

Arvore 30
0 1 15 19
1 4 15 41
2 9 56 30
3 4 4 33
3 5 15 17
4 7 46 27
4 8 21 26
5 6 7 28
8 9 13 45
(192, 266)

