480
4.8
Arvore 1
0 1 11 49
0 2 33 19
0 5 41 21
1 3 2 33
1 6 4 10
1 9 31 69
2 7 14 48
3 8 21 14
4 7 46 19
(203, 282)

Arvore 2
0 1 11 49
0 2 33 19
0 5 41 21
1 3 2 33
1 6 4 10
2 7 14 48
3 8 21 14
3 9 15 80
4 7 46 19
(187, 293)

Arvore 3
0 1 11 49
0 2 33 19
0 5 41 21
0 9 90 22
1 3 2 33
1 6 4 10
2 7 14 48
3 8 21 14
4 7 46 19
(262, 235)

Arvore 4
0 1 11 49
0 2 33 19
0 5 41 21
1 3 2 33
1 6 4 10
2 7 14 48
3 8 21 14
4 7 46 19
6 9 35 48
(207, 261)

Arvore 5
0 1 11 49
0 2 33 19
0 5 41 21
1 3 2 33
1 6 4 10
2 7 14 48
3 8 21 14
4 7 46 19
8 9 97 21
(269, 234)

Arvore 6
0 1 11 49
0 2 33 19
0 9 90 22
1 3 2 33
1 6 4 10
2 7 14 48
3 8 21 14
4 7 46 19
5 6 7 68
(228, 282)

Arvore 7
0 1 11 49
0 2 33 19
1 3 2 33
1 6 4 10
1 9 31 69
2 7 14 48
3 8 21 14
4 7 46 19
5 6 7 68
(169, 329)

Arvore 8
0 1 11 49
0 2 33 19
1 3 2 33
1 6 4 10
2 7 14 48
3 8 21 14
3 9 15 80
4 7 46 19
5 6 7 68
(153, 340)

Arvore 9
0 1 11 49
0 2 33 19
1 3 2 33
1 6 4 10
2 7 14 48
3 8 21 14
4 7 46 19
5 6 7 68
6 9 35 48
(173, 308)

Arvore 10
0 1 11 49
0 2 33 19
1 3 2 33
1 6 4 10
2 7 14 48
3 8 21 14
4 7 46 19
5 6 7 68
8 9 97 21
(235, 281)

Arvore 11
0 1 11 49
0 2 33 19
0 9 90 22
1 3 2 33
1 6 4 10
2 7 14 48
3 8 21 14
4 7 46 19
5 8 18 51
(239, 265)

Arvore 12
0 1 11 49
0 2 33 19
1 3 2 33
1 6 4 10
1 9 31 69
2 7 14 48
3 8 21 14
4 7 46 19
5 8 18 51
(180, 312)

Arvore 13
0 1 11 49
0 2 33 19
1 3 2 33
1 6 4 10
2 7 14 48
3 8 21 14
3 9 15 80
4 7 46 19
5 8 18 51
(164, 323)

Arvore 14
0 1 11 49
0 2 33 19
1 3 2 33
1 6 4 10
2 7 14 48
3 8 21 14
4 7 46 19
5 8 18 51
6 9 35 48
(184, 291)

Arvore 15
0 1 11 49
0 2 33 19
1 3 2 33
1 6 4 10
2 7 14 48
3 8 21 14
4 7 46 19
5 8 18 51
8 9 97 21
(246, 264)

Arvore 16
0 1 11 49
1 3 2 33
1 6 4 10
2 7 14 48
3 8 21 14
3 9 15 80
4 7 46 19
5 6 7 68
7 8 18 25
(138, 346)

Arvore 17
0 1 11 49
1 3 2 33
1 6 4 10
1 9 31 69
2 7 14 48
3 8 21 14
4 7 46 19
5 6 7 68
7 8 18 25
(154, 335)

Arvore 18
0 1 11 49
0 9 90 22
1 3 2 33
1 6 4 10
2 7 14 48
3 8 21 14
4 7 46 19
5 6 7 68
7 8 18 25
(213, 288)

Arvore 19
0 1 11 49
1 3 2 33
1 6 4 10
2 7 14 48
3 8 21 14
4 7 46 19
5 6 7 68
6 9 35 48
7 8 18 25
(158, 314)

Arvore 20
0 1 11 49
1 3 2 33
1 6 4 10
2 7 14 48
3 8 21 14
4 7 46 19
5 6 7 68
7 8 18 25
8 9 97 21
(220, 287)

Arvore 21
0 1 11 49
0 5 41 21
1 3 2 33
1 6 4 10
1 9 31 69
2 7 14 48
3 8 21 14
4 7 46 19
7 8 18 25
(188, 288)

Arvore 22
0 1 11 49
0 5 41 21
1 3 2 33
1 6 4 10
2 7 14 48
3 8 21 14
3 9 15 80
4 7 46 19
7 8 18 25
(172, 299)

Arvore 23
0 1 11 49
0 5 41 21
0 9 90 22
1 3 2 33
1 6 4 10
2 7 14 48
3 8 21 14
4 7 46 19
7 8 18 25
(247, 241)

Arvore 24
0 1 11 49
0 5 41 21
1 3 2 33
1 6 4 10
2 7 14 48
3 8 21 14
4 7 46 19
6 9 35 48
7 8 18 25
(192, 267)

Arvore 25
0 1 11 49
0 5 41 21
1 3 2 33
1 6 4 10
2 7 14 48
3 8 21 14
4 7 46 19
7 8 18 25
8 9 97 21
(254, 240)

Arvore 26
0 1 11 49
0 9 90 22
1 3 2 33
1 6 4 10
2 7 14 48
3 8 21 14
4 7 46 19
5 8 18 51
7 8 18 25
(224, 271)

Arvore 27
0 1 11 49
1 3 2 33
1 6 4 10
1 9 31 69
2 7 14 48
3 8 21 14
4 7 46 19
5 8 18 51
7 8 18 25
(165, 318)

Arvore 28
0 1 11 49
1 3 2 33
1 6 4 10
2 7 14 48
3 8 21 14
3 9 15 80
4 7 46 19
5 8 18 51
7 8 18 25
(149, 329)

Arvore 29
0 1 11 49
1 3 2 33
1 6 4 10
2 7 14 48
3 8 21 14
4 7 46 19
5 8 18 51
6 9 35 48
7 8 18 25
(169, 297)

Arvore 30
0 1 11 49
1 3 2 33
1 6 4 10
2 7 14 48
3 8 21 14
4 7 46 19
5 8 18 51
7 8 18 25
8 9 97 21
(231, 270)

Arvore 31
0 1 11 49
1 3 2 33
1 6 4 10
2 7 14 48
3 9 15 80
4 7 46 19
5 6 7 68
5 8 18 51
7 8 18 25
(135, 383)

Arvore 32
0 1 11 49
1 3 2 33
1 6 4 10
1 9 31 69
2 7 14 48
4 7 46 19
5 6 7 68
5 8 18 51
7 8 18 25
(151, 372)

Arvore 33
0 1 11 49
0 9 90 22
1 3 2 33
1 6 4 10
2 7 14 48
4 7 46 19
5 6 7 68
5 8 18 51
7 8 18 25
(210, 325)

Arvore 34
0 1 11 49
1 3 2 33
1 6 4 10
2 7 14 48
4 7 46 19
5 6 7 68
5 8 18 51
6 9 35 48
7 8 18 25
(155, 351)

Arvore 35
0 1 11 49
1 3 2 33
1 6 4 10
2 7 14 48
4 7 46 19
5 6 7 68
5 8 18 51
7 8 18 25
8 9 97 21
(217, 324)

Arvore 36
0 1 11 49
0 2 33 19
0 5 41 21
0 9 90 22
1 3 2 33
1 6 4 10
3 8 21 14
4 7 46 19
7 8 18 25
(266, 212)

Arvore 37
0 1 11 49
0 2 33 19
0 5 41 21
1 3 2 33
1 6 4 10
1 9 31 69
3 8 21 14
4 7 46 19
7 8 18 25
(207, 259)

Arvore 38
0 1 11 49
0 2 33 19
0 5 41 21
1 3 2 33
1 6 4 10
3 8 21 14
3 9 15 80
4 7 46 19
7 8 18 25
(191, 270)

Arvore 39
0 1 11 49
0 2 33 19
0 5 41 21
1 3 2 33
1 6 4 10
3 8 21 14
4 7 46 19
6 9 35 48
7 8 18 25
(211, 238)

Arvore 40
0 1 11 49
0 2 33 19
0 5 41 21
1 3 2 33
1 6 4 10
3 8 21 14
4 7 46 19
7 8 18 25
8 9 97 21
(273, 211)

Arvore 41
0 1 11 49
0 2 33 19
0 9 90 22
1 3 2 33
1 6 4 10
3 8 21 14
4 7 46 19
5 6 7 68
7 8 18 25
(232, 259)

Arvore 42
0 1 11 49
0 2 33 19
1 3 2 33
1 6 4 10
1 9 31 69
3 8 21 14
4 7 46 19
5 6 7 68
7 8 18 25
(173, 306)

Arvore 43
0 1 11 49
0 2 33 19
1 3 2 33
1 6 4 10
3 8 21 14
3 9 15 80
4 7 46 19
5 6 7 68
7 8 18 25
(157, 317)

Arvore 44
0 1 11 49
0 2 33 19
1 3 2 33
1 6 4 10
3 8 21 14
4 7 46 19
5 6 7 68
6 9 35 48
7 8 18 25
(177, 285)

Arvore 45
0 1 11 49
0 2 33 19
1 3 2 33
1 6 4 10
3 8 21 14
4 7 46 19
5 6 7 68
7 8 18 25
8 9 97 21
(239, 258)

Arvore 46
0 1 11 49
0 2 33 19
0 9 90 22
1 3 2 33
1 6 4 10
3 8 21 14
4 7 46 19
5 8 18 51
7 8 18 25
(243, 242)

Arvore 47
0 1 11 49
0 2 33 19
1 3 2 33
1 6 4 10
1 9 31 69
3 8 21 14
4 7 46 19
5 8 18 51
7 8 18 25
(184, 289)

Arvore 48
0 1 11 49
0 2 33 19
1 3 2 33
1 6 4 10
3 8 21 14
3 9 15 80
4 7 46 19
5 8 18 51
7 8 18 25
(168, 300)

Arvore 49
0 1 11 49
0 2 33 19
1 3 2 33
1 6 4 10
3 8 21 14
4 7 46 19
5 8 18 51
6 9 35 48
7 8 18 25
(188, 268)

Arvore 50
0 1 11 49
0 2 33 19
1 3 2 33
1 6 4 10
3 8 21 14
4 7 46 19
5 8 18 51
7 8 18 25
8 9 97 21
(250, 241)

Arvore 51
0 2 33 19
0 5 41 21
0 9 90 22
1 3 2 33
1 6 4 10
2 7 14 48
3 8 21 14
4 7 46 19
5 6 7 68
(258, 254)

Arvore 52
0 2 33 19
0 5 41 21
0 9 90 22
1 3 2 33
1 6 4 10
2 7 14 48
3 8 21 14
4 7 46 19
7 8 18 25
(269, 211)

Arvore 53
0 2 33 19
0 5 41 21
0 9 90 22
1 3 2 33
1 6 4 10
2 7 14 48
3 8 21 14
4 7 46 19
8 9 97 21
(348, 207)

Arvore 54
0 2 33 19
0 5 41 21
1 3 2 33
1 6 4 10
1 9 31 69
2 7 14 48
3 8 21 14
4 7 46 19
5 6 7 68
(199, 301)

Arvore 55
0 2 33 19
0 5 41 21
1 3 2 33
1 6 4 10
2 7 14 48
3 8 21 14
3 9 15 80
4 7 46 19
5 6 7 68
(183, 312)

Arvore 56
0 2 33 19
0 5 41 21
1 3 2 33
1 6 4 10
2 7 14 48
3 8 21 14
4 7 46 19
5 6 7 68
6 9 35 48
(203, 280)

Arvore 57
0 2 33 19
0 5 41 21
1 3 2 33
1 6 4 10
2 7 14 48
3 8 21 14
4 7 46 19
5 6 7 68
8 9 97 21
(265, 253)

Arvore 58
0 2 33 19
0 5 41 21
1 3 2 33
1 6 4 10
1 9 31 69
2 7 14 48
3 8 21 14
4 7 46 19
7 8 18 25
(210, 258)

Arvore 59
0 2 33 19
0 5 41 21
1 3 2 33
1 6 4 10
2 7 14 48
3 8 21 14
3 9 15 80
4 7 46 19
7 8 18 25
(194, 269)

Arvore 60
0 2 33 19
0 5 41 21
1 3 2 33
1 6 4 10
2 7 14 48
3 8 21 14
4 7 46 19
6 9 35 48
7 8 18 25
(214, 237)

Arvore 61
0 2 33 19
0 5 41 21
1 3 2 33
1 6 4 10
2 7 14 48
3 8 21 14
4 7 46 19
7 8 18 25
8 9 97 21
(276, 210)

Arvore 62
0 2 33 19
0 9 90 22
1 3 2 33
1 6 4 10
2 7 14 48
3 8 21 14
4 7 46 19
5 6 7 68
7 8 18 25
(235, 258)

Arvore 63
0 2 33 19
1 3 2 33
1 6 4 10
1 9 31 69
2 7 14 48
3 8 21 14
4 7 46 19
5 6 7 68
7 8 18 25
(176, 305)

Arvore 64
0 2 33 19
1 3 2 33
1 6 4 10
2 7 14 48
3 8 21 14
3 9 15 80
4 7 46 19
5 6 7 68
7 8 18 25
(160, 316)

Arvore 65
0 2 33 19
1 3 2 33
1 6 4 10
2 7 14 48
3 8 21 14
4 7 46 19
5 6 7 68
6 9 35 48
7 8 18 25
(180, 284)

Arvore 66
0 2 33 19
1 3 2 33
1 6 4 10
2 7 14 48
3 8 21 14
4 7 46 19
5 6 7 68
7 8 18 25
8 9 97 21
(242, 257)

Arvore 67
0 2 33 19
0 9 90 22
1 3 2 33
1 6 4 10
2 7 14 48
3 8 21 14
4 7 46 19
5 8 18 51
7 8 18 25
(246, 241)

Arvore 68
0 2 33 19
1 3 2 33
1 6 4 10
1 9 31 69
2 7 14 48
3 8 21 14
4 7 46 19
5 8 18 51
7 8 18 25
(187, 288)

Arvore 69
0 2 33 19
1 3 2 33
1 6 4 10
2 7 14 48
3 8 21 14
3 9 15 80
4 7 46 19
5 8 18 51
7 8 18 25
(171, 299)

Arvore 70
0 2 33 19
1 3 2 33
1 6 4 10
2 7 14 48
3 8 21 14
4 7 46 19
5 8 18 51
6 9 35 48
7 8 18 25
(191, 267)

Arvore 71
0 2 33 19
1 3 2 33
1 6 4 10
2 7 14 48
3 8 21 14
4 7 46 19
5 8 18 51
7 8 18 25
8 9 97 21
(253, 240)

Arvore 72
0 2 33 19
0 5 41 21
0 9 90 22
1 3 2 33
1 6 4 10
3 8 21 14
4 7 46 19
5 6 7 68
7 8 18 25
(262, 231)

Arvore 73
0 2 33 19
0 4 70 32
0 5 41 21
0 9 90 22
1 3 2 33
1 6 4 10
3 8 21 14
4 7 46 19
7 8 18 25
(325, 195)

Arvore 74
0 2 33 19
0 5 41 21
0 9 90 22
1 2 39 38
1 3 2 33
1 6 4 10
3 8 21 14
4 7 46 19
7 8 18 25
(294, 201)

Arvore 75
0 2 33 19
0 5 41 21
0 9 90 22
1 3 2 33
1 6 4 10
2 8 66 37
3 8 21 14
4 7 46 19
7 8 18 25
(321, 200)

Arvore 76
0 2 33 19
0 5 41 21
0 9 90 22
1 3 2 33
1 6 4 10
3 8 21 14
4 7 46 19
7 8 18 25
8 9 97 21
(352, 184)

Arvore 77
0 2 33 19
0 5 41 21
1 3 2 33
1 6 4 10
1 9 31 69
3 8 21 14
4 7 46 19
5 6 7 68
7 8 18 25
(203, 278)

Arvore 78
0 2 33 19
0 5 41 21
1 3 2 33
1 6 4 10
3 8 21 14
3 9 15 80
4 7 46 19
5 6 7 68
7 8 18 25
(187, 289)

Arvore 79
0 2 33 19
0 5 41 21
1 3 2 33
1 6 4 10
3 8 21 14
4 7 46 19
5 6 7 68
6 9 35 48
7 8 18 25
(207, 257)

Arvore 80
0 2 33 19
0 5 41 21
1 3 2 33
1 6 4 10
3 8 21 14
4 7 46 19
5 6 7 68
7 8 18 25
8 9 97 21
(269, 230)

Arvore 81
0 2 33 19
0 4 70 32
0 5 41 21
1 3 2 33
1 6 4 10
1 9 31 69
3 8 21 14
4 7 46 19
7 8 18 25
(266, 242)

Arvore 82
0 2 33 19
0 4 70 32
0 5 41 21
1 3 2 33
1 6 4 10
3 8 21 14
3 9 15 80
4 7 46 19
7 8 18 25
(250, 253)

Arvore 83
0 2 33 19
0 4 70 32
0 5 41 21
1 3 2 33
1 6 4 10
3 8 21 14
4 7 46 19
6 9 35 48
7 8 18 25
(270, 221)

Arvore 84
0 2 33 19
0 4 70 32
0 5 41 21
1 3 2 33
1 6 4 10
3 8 21 14
4 7 46 19
7 8 18 25
8 9 97 21
(332, 194)

Arvore 85
0 2 33 19
0 5 41 21
1 2 39 38
1 3 2 33
1 6 4 10
1 9 31 69
3 8 21 14
4 7 46 19
7 8 18 25
(235, 248)

Arvore 86
0 2 33 19
0 5 41 21
1 2 39 38
1 3 2 33
1 6 4 10
3 8 21 14
3 9 15 80
4 7 46 19
7 8 18 25
(219, 259)

Arvore 87
0 2 33 19
0 5 41 21
1 2 39 38
1 3 2 33
1 6 4 10
3 8 21 14
4 7 46 19
6 9 35 48
7 8 18 25
(239, 227)

Arvore 88
0 2 33 19
0 5 41 21
1 2 39 38
1 3 2 33
1 6 4 10
3 8 21 14
4 7 46 19
7 8 18 25
8 9 97 21
(301, 200)

Arvore 89
0 2 33 19
0 5 41 21
1 3 2 33
1 6 4 10
1 9 31 69
2 8 66 37
3 8 21 14
4 7 46 19
7 8 18 25
(262, 247)

Arvore 90
0 2 33 19
0 5 41 21
1 3 2 33
1 6 4 10
2 8 66 37
3 8 21 14
3 9 15 80
4 7 46 19
7 8 18 25
(246, 258)

Arvore 91
0 2 33 19
0 5 41 21
1 3 2 33
1 6 4 10
2 8 66 37
3 8 21 14
4 7 46 19
6 9 35 48
7 8 18 25
(266, 226)

Arvore 92
0 2 33 19
0 5 41 21
1 3 2 33
1 6 4 10
2 8 66 37
3 8 21 14
4 7 46 19
7 8 18 25
8 9 97 21
(328, 199)

Arvore 93
0 2 33 19
0 9 90 22
1 2 39 38
1 3 2 33
1 6 4 10
3 8 21 14
4 7 46 19
5 6 7 68
7 8 18 25
(260, 248)

Arvore 94
0 2 33 19
1 2 39 38
1 3 2 33
1 6 4 10
1 9 31 69
3 8 21 14
4 7 46 19
5 6 7 68
7 8 18 25
(201, 295)

Arvore 95
0 2 33 19
1 2 39 38
1 3 2 33
1 6 4 10
3 8 21 14
3 9 15 80
4 7 46 19
5 6 7 68
7 8 18 25
(185, 306)

Arvore 96
0 2 33 19
1 2 39 38
1 3 2 33
1 6 4 10
3 8 21 14
4 7 46 19
5 6 7 68
6 9 35 48
7 8 18 25
(205, 274)

Arvore 97
0 2 33 19
1 2 39 38
1 3 2 33
1 6 4 10
3 8 21 14
4 7 46 19
5 6 7 68
7 8 18 25
8 9 97 21
(267, 247)

Arvore 98
0 2 33 19
0 9 90 22
1 2 39 38
1 3 2 33
1 6 4 10
3 8 21 14
4 7 46 19
5 8 18 51
7 8 18 25
(271, 231)

Arvore 99
0 2 33 19
1 2 39 38
1 3 2 33
1 6 4 10
1 9 31 69
3 8 21 14
4 7 46 19
5 8 18 51
7 8 18 25
(212, 278)

Arvore 100
0 2 33 19
1 2 39 38
1 3 2 33
1 6 4 10
3 8 21 14
3 9 15 80
4 7 46 19
5 8 18 51
7 8 18 25
(196, 289)

Arvore 101
0 2 33 19
1 2 39 38
1 3 2 33
1 6 4 10
3 8 21 14
4 7 46 19
5 8 18 51
6 9 35 48
7 8 18 25
(216, 257)

Arvore 102
0 2 33 19
1 2 39 38
1 3 2 33
1 6 4 10
3 8 21 14
4 7 46 19
5 8 18 51
7 8 18 25
8 9 97 21
(278, 230)

Arvore 103
0 2 33 19
0 4 70 32
0 5 41 21
0 9 90 22
1 4 89 26
1 6 4 10
3 8 21 14
4 7 46 19
7 8 18 25
(412, 188)

Arvore 104
0 1 11 49
0 2 33 19
0 5 41 21
0 9 90 22
1 4 89 26
1 6 4 10
3 8 21 14
4 7 46 19
7 8 18 25
(353, 205)

Arvore 105
0 2 33 19
0 5 41 21
0 9 90 22
1 2 39 38
1 4 89 26
1 6 4 10
3 8 21 14
4 7 46 19
7 8 18 25
(381, 194)

Arvore 106
0 2 33 19
0 5 41 21
0 9 90 22
1 4 89 26
1 6 4 10
2 7 14 48
3 8 21 14
4 7 46 19
7 8 18 25
(356, 204)

Arvore 107
0 2 33 19
0 5 41 21
0 9 90 22
1 4 89 26
1 6 4 10
2 8 66 37
3 8 21 14
4 7 46 19
7 8 18 25
(408, 193)

Arvore 108
0 2 33 19
0 5 41 21
0 9 90 22
1 4 89 26
1 6 4 10
3 8 21 14
4 7 46 19
5 6 7 68
7 8 18 25
(349, 224)

Arvore 109
0 2 33 19
0 5 41 21
0 9 90 22
1 4 89 26
1 6 4 10
3 8 21 14
4 7 46 19
7 8 18 25
8 9 97 21
(439, 177)

Arvore 110
0 2 33 19
0 4 70 32
0 5 41 21
1 4 89 26
1 6 4 10
1 9 31 69
3 8 21 14
4 7 46 19
7 8 18 25
(353, 235)

Arvore 111
0 2 33 19
0 4 70 32
0 5 41 21
1 4 89 26
1 6 4 10
3 8 21 14
3 9 15 80
4 7 46 19
7 8 18 25
(337, 246)

Arvore 112
0 2 33 19
0 4 70 32
0 5 41 21
1 4 89 26
1 6 4 10
3 8 21 14
4 7 46 19
6 9 35 48
7 8 18 25
(357, 214)

Arvore 113
0 2 33 19
0 4 70 32
0 5 41 21
1 4 89 26
1 6 4 10
3 8 21 14
4 7 46 19
7 8 18 25
8 9 97 21
(419, 187)

Arvore 114
0 1 11 49
0 2 33 19
0 5 41 21
1 4 89 26
1 6 4 10
1 9 31 69
3 8 21 14
4 7 46 19
7 8 18 25
(294, 252)

Arvore 115
0 1 11 49
0 2 33 19
0 5 41 21
1 4 89 26
1 6 4 10
3 8 21 14
3 9 15 80
4 7 46 19
7 8 18 25
(278, 263)

Arvore 116
0 1 11 49
0 2 33 19
0 5 41 21
1 4 89 26
1 6 4 10
3 8 21 14
4 7 46 19
6 9 35 48
7 8 18 25
(298, 231)

Arvore 117
0 1 11 49
0 2 33 19
0 5 41 21
1 4 89 26
1 6 4 10
3 8 21 14
4 7 46 19
7 8 18 25
8 9 97 21
(360, 204)

Arvore 118
0 2 33 19
0 5 41 21
1 2 39 38
1 4 89 26
1 6 4 10
1 9 31 69
3 8 21 14
4 7 46 19
7 8 18 25
(322, 241)

Arvore 119
0 2 33 19
0 5 41 21
1 2 39 38
1 4 89 26
1 6 4 10
3 8 21 14
3 9 15 80
4 7 46 19
7 8 18 25
(306, 252)

Arvore 120
0 2 33 19
0 5 41 21
1 2 39 38
1 4 89 26
1 6 4 10
3 8 21 14
4 7 46 19
6 9 35 48
7 8 18 25
(326, 220)

Arvore 121
0 2 33 19
0 5 41 21
1 2 39 38
1 4 89 26
1 6 4 10
3 8 21 14
4 7 46 19
7 8 18 25
8 9 97 21
(388, 193)

Arvore 122
0 2 33 19
0 5 41 21
1 4 89 26
1 6 4 10
1 9 31 69
2 7 14 48
3 8 21 14
4 7 46 19
7 8 18 25
(297, 251)

Arvore 123
0 2 33 19
0 5 41 21
1 4 89 26
1 6 4 10
2 7 14 48
3 8 21 14
3 9 15 80
4 7 46 19
7 8 18 25
(281, 262)

Arvore 124
0 2 33 19
0 5 41 21
1 4 89 26
1 6 4 10
2 7 14 48
3 8 21 14
4 7 46 19
6 9 35 48
7 8 18 25
(301, 230)

Arvore 125
0 2 33 19
0 5 41 21
1 4 89 26
1 6 4 10
2 7 14 48
3 8 21 14
4 7 46 19
7 8 18 25
8 9 97 21
(363, 203)

Arvore 126
0 2 33 19
0 5 41 21
1 4 89 26
1 6 4 10
1 9 31 69
2 8 66 37
3 8 21 14
4 7 46 19
7 8 18 25
(349, 240)

Arvore 127
0 2 33 19
0 5 41 21
1 4 89 26
1 6 4 10
2 8 66 37
3 8 21 14
3 9 15 80
4 7 46 19
7 8 18 25
(333, 251)

Arvore 128
0 2 33 19
0 5 41 21
1 4 89 26
1 6 4 10
2 8 66 37
3 8 21 14
4 7 46 19
6 9 35 48
7 8 18 25
(353, 219)

Arvore 129
0 2 33 19
0 5 41 21
1 4 89 26
1 6 4 10
2 8 66 37
3 8 21 14
4 7 46 19
7 8 18 25
8 9 97 21
(415, 192)

Arvore 130
0 2 33 19
0 5 41 21
1 4 89 26
1 6 4 10
1 9 31 69
3 8 21 14
4 7 46 19
5 6 7 68
7 8 18 25
(290, 271)

Arvore 131
0 2 33 19
0 5 41 21
1 4 89 26
1 6 4 10
3 8 21 14
3 9 15 80
4 7 46 19
5 6 7 68
7 8 18 25
(274, 282)

Arvore 132
0 2 33 19
0 5 41 21
1 4 89 26
1 6 4 10
3 8 21 14
4 7 46 19
5 6 7 68
6 9 35 48
7 8 18 25
(294, 250)

Arvore 133
0 2 33 19
0 5 41 21
1 4 89 26
1 6 4 10
3 8 21 14
4 7 46 19
5 6 7 68
7 8 18 25
8 9 97 21
(356, 223)

