4002
40.02
Arvore 1
0 1 7 12
0 2 14 17
0 4 3 12
0 12 17 17
1 11 10 15
1 14 6 20
3 11 16 14
4 10 14 13
5 8 1 14
5 9 9 12
6 10 1 15
7 8 4 5
8 13 11 19
8 14 1 11
(114, 196)

Arvore 2
0 1 7 12
0 2 14 17
0 4 3 12
1 11 10 15
1 14 6 20
3 11 16 14
3 12 12 23
4 10 14 13
5 8 1 14
5 9 9 12
6 10 1 15
7 8 4 5
8 13 11 19
8 14 1 11
(109, 202)

Arvore 3
0 1 7 12
0 4 3 12
0 12 17 17
1 11 10 15
1 14 6 20
2 14 11 22
3 11 16 14
4 10 14 13
5 8 1 14
5 9 9 12
6 10 1 15
7 8 4 5
8 13 11 19
8 14 1 11
(111, 201)

Arvore 4
0 1 7 12
0 4 3 12
1 11 10 15
1 14 6 20
2 14 11 22
3 11 16 14
3 12 12 23
4 10 14 13
5 8 1 14
5 9 9 12
6 10 1 15
7 8 4 5
8 13 11 19
8 14 1 11
(106, 207)

Arvore 5
0 1 7 12
0 2 14 17
0 4 3 12
0 12 17 17
1 11 10 15
3 8 9 17
3 11 16 14
4 10 14 13
5 8 1 14
5 9 9 12
6 10 1 15
7 8 4 5
8 13 11 19
8 14 1 11
(117, 193)

Arvore 6
0 1 7 12
0 2 14 17
0 4 3 12
1 11 10 15
3 8 9 17
3 11 16 14
3 12 12 23
4 10 14 13
5 8 1 14
5 9 9 12
6 10 1 15
7 8 4 5
8 13 11 19
8 14 1 11
(112, 199)

Arvore 7
0 1 7 12
0 4 3 12
0 12 17 17
1 11 10 15
2 14 11 22
3 8 9 17
3 11 16 14
4 10 14 13
5 8 1 14
5 9 9 12
6 10 1 15
7 8 4 5
8 13 11 19
8 14 1 11
(114, 198)

Arvore 8
0 1 7 12
0 4 3 12
1 11 10 15
2 14 11 22
3 8 9 17
3 11 16 14
3 12 12 23
4 10 14 13
5 8 1 14
5 9 9 12
6 10 1 15
7 8 4 5
8 13 11 19
8 14 1 11
(109, 204)

Arvore 9
0 1 7 12
0 2 14 17
0 4 3 12
0 12 17 17
1 14 6 20
3 8 9 17
3 11 16 14
4 10 14 13
5 8 1 14
5 9 9 12
6 10 1 15
7 8 4 5
8 13 11 19
8 14 1 11
(113, 198)

Arvore 10
0 1 7 12
0 2 14 17
0 4 3 12
1 14 6 20
3 8 9 17
3 11 16 14
3 12 12 23
4 10 14 13
5 8 1 14
5 9 9 12
6 10 1 15
7 8 4 5
8 13 11 19
8 14 1 11
(108, 204)

Arvore 11
0 1 7 12
0 4 3 12
0 12 17 17
1 14 6 20
2 14 11 22
3 8 9 17
3 11 16 14
4 10 14 13
5 8 1 14
5 9 9 12
6 10 1 15
7 8 4 5
8 13 11 19
8 14 1 11
(110, 203)

Arvore 12
0 1 7 12
0 4 3 12
1 14 6 20
2 14 11 22
3 8 9 17
3 11 16 14
3 12 12 23
4 10 14 13
5 8 1 14
5 9 9 12
6 10 1 15
7 8 4 5
8 13 11 19
8 14 1 11
(105, 209)

Arvore 13
0 1 7 12
0 2 14 17
0 4 3 12
0 12 17 17
1 11 10 15
1 14 6 20
3 8 9 17
4 10 14 13
5 8 1 14
5 9 9 12
6 10 1 15
7 8 4 5
8 13 11 19
8 14 1 11
(107, 199)

Arvore 14
0 1 7 12
0 2 14 17
0 4 3 12
1 11 10 15
1 14 6 20
3 8 9 17
3 12 12 23
4 10 14 13
5 8 1 14
5 9 9 12
6 10 1 15
7 8 4 5
8 13 11 19
8 14 1 11
(102, 205)

Arvore 15
0 1 7 12
0 4 3 12
0 12 17 17
1 11 10 15
1 14 6 20
2 14 11 22
3 8 9 17
4 10 14 13
5 8 1 14
5 9 9 12
6 10 1 15
7 8 4 5
8 13 11 19
8 14 1 11
(104, 204)

Arvore 16
0 1 7 12
0 4 3 12
1 11 10 15
1 14 6 20
2 14 11 22
3 8 9 17
3 12 12 23
4 10 14 13
5 8 1 14
5 9 9 12
6 10 1 15
7 8 4 5
8 13 11 19
8 14 1 11
(99, 210)

Arvore 17
0 1 7 12
0 2 14 17
0 4 3 12
0 12 17 17
1 10 9 17
1 11 10 15
1 14 6 20
3 8 9 17
5 8 1 14
5 9 9 12
6 10 1 15
7 8 4 5
8 13 11 19
8 14 1 11
(102, 203)

Arvore 18
0 1 7 12
0 2 14 17
0 4 3 12
1 10 9 17
1 11 10 15
1 14 6 20
3 8 9 17
3 12 12 23
5 8 1 14
5 9 9 12
6 10 1 15
7 8 4 5
8 13 11 19
8 14 1 11
(97, 209)

Arvore 19
0 1 7 12
0 4 3 12
0 12 17 17
1 10 9 17
1 11 10 15
1 14 6 20
2 14 11 22
3 8 9 17
5 8 1 14
5 9 9 12
6 10 1 15
7 8 4 5
8 13 11 19
8 14 1 11
(99, 208)

Arvore 20
0 1 7 12
0 4 3 12
1 10 9 17
1 11 10 15
1 14 6 20
2 14 11 22
3 8 9 17
3 12 12 23
5 8 1 14
5 9 9 12
6 10 1 15
7 8 4 5
8 13 11 19
8 14 1 11
(94, 214)

Arvore 21
0 1 7 12
0 2 14 17
0 4 3 12
0 12 17 17
1 10 9 17
1 11 10 15
1 14 6 20
3 11 16 14
5 8 1 14
5 9 9 12
6 10 1 15
7 8 4 5
8 13 11 19
8 14 1 11
(109, 200)

Arvore 22
0 1 7 12
0 2 14 17
0 4 3 12
1 10 9 17
1 11 10 15
1 14 6 20
3 11 16 14
3 12 12 23
5 8 1 14
5 9 9 12
6 10 1 15
7 8 4 5
8 13 11 19
8 14 1 11
(104, 206)

Arvore 23
0 1 7 12
0 4 3 12
0 12 17 17
1 10 9 17
1 11 10 15
1 14 6 20
2 14 11 22
3 11 16 14
5 8 1 14
5 9 9 12
6 10 1 15
7 8 4 5
8 13 11 19
8 14 1 11
(106, 205)

Arvore 24
0 1 7 12
0 4 3 12
1 10 9 17
1 11 10 15
1 14 6 20
2 14 11 22
3 11 16 14
3 12 12 23
5 8 1 14
5 9 9 12
6 10 1 15
7 8 4 5
8 13 11 19
8 14 1 11
(101, 211)

Arvore 25
0 1 7 12
0 2 14 17
0 4 3 12
0 12 17 17
1 10 9 17
1 11 10 15
3 8 9 17
3 11 16 14
5 8 1 14
5 9 9 12
6 10 1 15
7 8 4 5
8 13 11 19
8 14 1 11
(112, 197)

Arvore 26
0 1 7 12
0 2 14 17
0 4 3 12
1 10 9 17
1 11 10 15
3 8 9 17
3 11 16 14
3 12 12 23
5 8 1 14
5 9 9 12
6 10 1 15
7 8 4 5
8 13 11 19
8 14 1 11
(107, 203)

Arvore 27
0 1 7 12
0 4 3 12
0 12 17 17
1 10 9 17
1 11 10 15
2 14 11 22
3 8 9 17
3 11 16 14
5 8 1 14
5 9 9 12
6 10 1 15
7 8 4 5
8 13 11 19
8 14 1 11
(109, 202)

Arvore 28
0 1 7 12
0 4 3 12
1 10 9 17
1 11 10 15
2 14 11 22
3 8 9 17
3 11 16 14
3 12 12 23
5 8 1 14
5 9 9 12
6 10 1 15
7 8 4 5
8 13 11 19
8 14 1 11
(104, 208)

Arvore 29
0 1 7 12
0 2 14 17
0 4 3 12
0 12 17 17
1 10 9 17
1 14 6 20
3 8 9 17
3 11 16 14
5 8 1 14
5 9 9 12
6 10 1 15
7 8 4 5
8 13 11 19
8 14 1 11
(108, 202)

Arvore 30
0 1 7 12
0 2 14 17
0 4 3 12
1 10 9 17
1 14 6 20
3 8 9 17
3 11 16 14
3 12 12 23
5 8 1 14
5 9 9 12
6 10 1 15
7 8 4 5
8 13 11 19
8 14 1 11
(103, 208)

Arvore 31
0 1 7 12
0 4 3 12
0 12 17 17
1 10 9 17
1 14 6 20
2 14 11 22
3 8 9 17
3 11 16 14
5 8 1 14
5 9 9 12
6 10 1 15
7 8 4 5
8 13 11 19
8 14 1 11
(105, 207)

Arvore 32
0 1 7 12
0 4 3 12
1 10 9 17
1 14 6 20
2 14 11 22
3 8 9 17
3 11 16 14
3 12 12 23
5 8 1 14
5 9 9 12
6 10 1 15
7 8 4 5
8 13 11 19
8 14 1 11
(100, 213)

