5651
56.51
Arvore 1
0 1 6 50
0 10 8 16
1 5 3 26
1 13 3 13
2 9 26 23
2 14 0 4
3 7 4 3
3 9 11 24
4 12 17 46
5 7 9 14
5 11 0 24
6 9 3 50
6 12 6 40
8 12 21 20
(117, 353)

Arvore 2
0 3 16 46
0 10 8 16
1 5 3 26
1 13 3 13
2 9 26 23
2 14 0 4
3 7 4 3
3 9 11 24
4 12 17 46
5 7 9 14
5 11 0 24
6 9 3 50
6 12 6 40
8 12 21 20
(127, 349)

Arvore 3
0 10 8 16
1 5 3 26
1 13 3 13
2 9 26 23
2 14 0 4
3 7 4 3
3 9 11 24
4 12 17 46
5 7 9 14
5 11 0 24
6 9 3 50
6 12 6 40
8 12 21 20
10 13 28 27
(139, 330)

Arvore 4
0 10 8 16
1 5 3 26
1 12 31 28
1 13 3 13
2 9 26 23
2 14 0 4
3 7 4 3
3 9 11 24
4 12 17 46
5 7 9 14
5 11 0 24
6 9 3 50
8 12 21 20
10 13 28 27
(164, 318)

Arvore 5
0 1 6 50
0 10 8 16
1 5 3 26
1 8 15 40
1 13 3 13
2 9 26 23
2 14 0 4
3 7 4 3
3 9 11 24
4 12 17 46
5 7 9 14
5 11 0 24
6 12 6 40
8 12 21 20
(129, 343)

Arvore 6
0 3 16 46
0 10 8 16
1 5 3 26
1 8 15 40
1 13 3 13
2 9 26 23
2 14 0 4
3 7 4 3
3 9 11 24
4 12 17 46
5 7 9 14
5 11 0 24
6 12 6 40
8 12 21 20
(139, 339)

Arvore 7
0 10 8 16
1 5 3 26
1 8 15 40
1 13 3 13
2 9 26 23
2 14 0 4
3 7 4 3
3 9 11 24
4 12 17 46
5 7 9 14
5 11 0 24
6 12 6 40
8 12 21 20
10 13 28 27
(151, 320)

Arvore 8
0 1 6 50
0 10 8 16
1 5 3 26
1 13 3 13
2 9 26 23
2 14 0 4
3 7 4 3
3 9 11 24
4 12 17 46
5 7 9 14
5 11 0 24
6 12 6 40
8 9 13 42
8 12 21 20
(127, 345)

Arvore 9
0 3 16 46
0 10 8 16
1 5 3 26
1 13 3 13
2 9 26 23
2 14 0 4
3 7 4 3
3 9 11 24
4 12 17 46
5 7 9 14
5 11 0 24
6 12 6 40
8 9 13 42
8 12 21 20
(137, 341)

Arvore 10
0 10 8 16
1 5 3 26
1 13 3 13
2 9 26 23
2 14 0 4
3 7 4 3
3 9 11 24
4 12 17 46
5 7 9 14
5 11 0 24
6 12 6 40
8 9 13 42
8 12 21 20
10 13 28 27
(149, 322)

Arvore 11
0 10 8 16
1 5 3 26
1 12 31 28
1 13 3 13
2 9 26 23
2 14 0 4
3 7 4 3
3 9 11 24
4 12 17 46
5 7 9 14
5 11 0 24
6 12 6 40
8 12 21 20
10 13 28 27
(167, 308)

Arvore 12
0 1 6 50
0 10 8 16
1 5 3 26
1 13 3 13
2 14 0 4
3 7 4 3
3 9 11 24
4 12 17 46
5 7 9 14
5 11 0 24
6 9 3 50
6 12 6 40
8 12 21 20
11 14 3 36
(94, 366)

Arvore 13
0 3 16 46
0 10 8 16
1 5 3 26
1 13 3 13
2 14 0 4
3 7 4 3
3 9 11 24
4 12 17 46
5 7 9 14
5 11 0 24
6 9 3 50
6 12 6 40
8 12 21 20
11 14 3 36
(104, 362)

Arvore 14
0 10 8 16
1 5 3 26
1 13 3 13
2 14 0 4
3 7 4 3
3 9 11 24
4 12 17 46
5 7 9 14
5 11 0 24
6 9 3 50
6 12 6 40
8 12 21 20
10 13 28 27
11 14 3 36
(116, 343)

Arvore 15
0 10 8 16
1 5 3 26
1 12 31 28
1 13 3 13
2 14 0 4
3 7 4 3
3 9 11 24
4 12 17 46
5 7 9 14
5 11 0 24
6 9 3 50
8 12 21 20
10 13 28 27
11 14 3 36
(141, 331)

Arvore 16
0 1 6 50
0 10 8 16
1 5 3 26
1 8 15 40
1 13 3 13
2 14 0 4
3 7 4 3
3 9 11 24
4 12 17 46
5 7 9 14
5 11 0 24
6 12 6 40
8 12 21 20
11 14 3 36
(106, 356)

Arvore 17
0 3 16 46
0 10 8 16
1 5 3 26
1 8 15 40
1 13 3 13
2 14 0 4
3 7 4 3
3 9 11 24
4 12 17 46
5 7 9 14
5 11 0 24
6 12 6 40
8 12 21 20
11 14 3 36
(116, 352)

Arvore 18
0 10 8 16
1 5 3 26
1 8 15 40
1 13 3 13
2 14 0 4
3 7 4 3
3 9 11 24
4 12 17 46
5 7 9 14
5 11 0 24
6 12 6 40
8 12 21 20
10 13 28 27
11 14 3 36
(128, 333)

Arvore 19
0 1 6 50
0 10 8 16
1 5 3 26
1 13 3 13
2 14 0 4
3 7 4 3
3 9 11 24
4 12 17 46
5 7 9 14
5 11 0 24
6 12 6 40
8 9 13 42
8 12 21 20
11 14 3 36
(104, 358)

Arvore 20
0 3 16 46
0 10 8 16
1 5 3 26
1 13 3 13
2 14 0 4
3 7 4 3
3 9 11 24
4 12 17 46
5 7 9 14
5 11 0 24
6 12 6 40
8 9 13 42
8 12 21 20
11 14 3 36
(114, 354)

Arvore 21
0 10 8 16
1 5 3 26
1 13 3 13
2 14 0 4
3 7 4 3
3 9 11 24
4 12 17 46
5 7 9 14
5 11 0 24
6 12 6 40
8 9 13 42
8 12 21 20
10 13 28 27
11 14 3 36
(126, 335)

Arvore 22
0 10 8 16
1 5 3 26
1 12 31 28
1 13 3 13
2 14 0 4
3 7 4 3
3 9 11 24
4 12 17 46
5 7 9 14
5 11 0 24
6 12 6 40
8 12 21 20
10 13 28 27
11 14 3 36
(144, 321)

Arvore 23
0 1 6 50
0 10 8 16
1 5 3 26
1 8 15 40
1 13 3 13
2 14 0 4
3 7 4 3
3 9 11 24
4 12 17 46
5 7 9 14
5 11 0 24
6 9 3 50
6 12 6 40
11 14 3 36
(88, 386)

Arvore 24
0 1 6 50
0 10 8 16
1 5 3 26
1 13 3 13
2 14 0 4
3 7 4 3
3 9 11 24
4 12 17 46
5 7 9 14
5 11 0 24
6 9 3 50
6 12 6 40
8 9 13 42
11 14 3 36
(86, 388)

Arvore 25
0 3 16 46
0 10 8 16
1 5 3 26
1 8 15 40
1 13 3 13
2 14 0 4
3 7 4 3
3 9 11 24
4 12 17 46
5 7 9 14
5 11 0 24
6 9 3 50
6 12 6 40
11 14 3 36
(98, 382)

Arvore 26
0 10 8 16
1 5 3 26
1 8 15 40
1 13 3 13
2 14 0 4
3 7 4 3
3 9 11 24
4 12 17 46
5 7 9 14
5 11 0 24
6 9 3 50
6 12 6 40
10 13 28 27
11 14 3 36
(110, 363)

Arvore 27
0 3 16 46
0 10 8 16
1 5 3 26
1 13 3 13
2 14 0 4
3 7 4 3
3 9 11 24
4 12 17 46
5 7 9 14
5 11 0 24
6 9 3 50
6 12 6 40
8 9 13 42
11 14 3 36
(96, 384)

Arvore 28
0 10 8 16
1 5 3 26
1 13 3 13
2 14 0 4
3 7 4 3
3 9 11 24
4 12 17 46
5 7 9 14
5 11 0 24
6 9 3 50
6 12 6 40
8 9 13 42
10 13 28 27
11 14 3 36
(108, 365)

Arvore 29
0 1 6 50
0 10 8 16
1 5 3 26
1 13 3 13
2 9 26 23
2 14 0 4
3 7 4 3
4 12 17 46
5 7 9 14
5 11 0 24
6 9 3 50
6 12 6 40
8 12 21 20
11 14 3 36
(109, 365)

Arvore 30
0 3 16 46
0 10 8 16
1 5 3 26
1 13 3 13
2 9 26 23
2 14 0 4
3 7 4 3
4 12 17 46
5 7 9 14
5 11 0 24
6 9 3 50
6 12 6 40
8 12 21 20
11 14 3 36
(119, 361)

Arvore 31
0 10 8 16
1 5 3 26
1 13 3 13
2 9 26 23
2 14 0 4
3 7 4 3
4 12 17 46
5 7 9 14
5 11 0 24
6 9 3 50
6 12 6 40
8 12 21 20
10 13 28 27
11 14 3 36
(131, 342)

Arvore 32
0 10 8 16
1 5 3 26
1 12 31 28
1 13 3 13
2 9 26 23
2 14 0 4
3 7 4 3
4 12 17 46
5 7 9 14
5 11 0 24
6 9 3 50
8 12 21 20
10 13 28 27
11 14 3 36
(156, 330)

Arvore 33
0 1 6 50
0 10 8 16
1 5 3 26
1 8 15 40
1 13 3 13
2 9 26 23
2 14 0 4
3 7 4 3
4 12 17 46
5 7 9 14
5 11 0 24
6 12 6 40
8 12 21 20
11 14 3 36
(121, 355)

Arvore 34
0 3 16 46
0 10 8 16
1 5 3 26
1 8 15 40
1 13 3 13
2 9 26 23
2 14 0 4
3 7 4 3
4 12 17 46
5 7 9 14
5 11 0 24
6 12 6 40
8 12 21 20
11 14 3 36
(131, 351)

Arvore 35
0 10 8 16
1 5 3 26
1 8 15 40
1 13 3 13
2 9 26 23
2 14 0 4
3 7 4 3
4 12 17 46
5 7 9 14
5 11 0 24
6 12 6 40
8 12 21 20
10 13 28 27
11 14 3 36
(143, 332)

Arvore 36
0 1 6 50
0 10 8 16
1 5 3 26
1 13 3 13
2 9 26 23
2 14 0 4
3 7 4 3
4 12 17 46
5 7 9 14
5 11 0 24
6 12 6 40
8 9 13 42
8 12 21 20
11 14 3 36
(119, 357)

Arvore 37
0 3 16 46
0 10 8 16
1 5 3 26
1 13 3 13
2 9 26 23
2 14 0 4
3 7 4 3
4 12 17 46
5 7 9 14
5 11 0 24
6 12 6 40
8 9 13 42
8 12 21 20
11 14 3 36
(129, 353)

Arvore 38
0 10 8 16
1 5 3 26
1 13 3 13
2 9 26 23
2 14 0 4
3 7 4 3
4 12 17 46
5 7 9 14
5 11 0 24
6 12 6 40
8 9 13 42
8 12 21 20
10 13 28 27
11 14 3 36
(141, 334)

Arvore 39
0 10 8 16
1 5 3 26
1 12 31 28
1 13 3 13
2 9 26 23
2 14 0 4
3 7 4 3
4 12 17 46
5 7 9 14
5 11 0 24
6 12 6 40
8 12 21 20
10 13 28 27
11 14 3 36
(159, 320)

Arvore 40
0 1 6 50
0 10 8 16
1 5 3 26
1 13 3 13
2 14 0 4
3 7 4 3
4 12 17 46
5 7 9 14
5 11 0 24
6 9 3 50
6 12 6 40
8 12 21 20
11 14 3 36
12 14 9 50
(92, 392)

Arvore 41
0 1 6 50
0 10 8 16
1 5 3 26
1 8 15 40
1 13 3 13
2 14 0 4
3 7 4 3
4 12 17 46
5 7 9 14
5 11 0 24
6 9 3 50
6 12 6 40
11 14 3 36
12 14 9 50
(86, 412)

Arvore 42
0 1 6 50
0 10 8 16
1 5 3 26
1 13 3 13
2 14 0 4
3 7 4 3
4 12 17 46
5 7 9 14
5 11 0 24
6 9 3 50
6 12 6 40
8 9 13 42
11 14 3 36
12 14 9 50
(84, 414)

