27952
279.52
Arvore 1
0 5 12 19
1 4 2 12
1 10 3 14
1 12 7 7
1 15 14 16
1 16 11 12
2 13 11 20
2 14 6 14
3 12 8 15
4 8 8 19
5 14 15 14
6 10 2 12
7 10 6 16
8 9 16 14
10 14 5 14
11 16 3 14
(129, 232)

Arvore 2
0 6 9 22
1 4 2 12
1 10 3 14
1 12 7 7
1 15 14 16
1 16 11 12
2 13 11 20
2 14 6 14
3 12 8 15
4 8 8 19
5 14 15 14
6 10 2 12
7 10 6 16
8 9 16 14
10 14 5 14
11 16 3 14
(126, 235)

Arvore 3
0 5 12 19
1 4 2 12
1 10 3 14
1 12 7 7
1 15 14 16
1 16 11 12
2 13 11 20
2 14 6 14
3 12 8 15
5 14 15 14
6 10 2 12
7 10 6 16
8 9 16 14
8 10 21 18
10 14 5 14
11 16 3 14
(142, 231)

Arvore 4
0 6 9 22
1 4 2 12
1 10 3 14
1 12 7 7
1 15 14 16
1 16 11 12
2 13 11 20
2 14 6 14
3 12 8 15
5 14 15 14
6 10 2 12
7 10 6 16
8 9 16 14
8 10 21 18
10 14 5 14
11 16 3 14
(139, 234)

Arvore 5
0 5 12 19
1 4 2 12
1 10 3 14
1 12 7 7
1 15 14 16
1 16 11 12
2 13 11 20
2 14 6 14
3 12 8 15
4 8 8 19
5 14 15 14
6 10 2 12
7 14 15 15
8 9 16 14
10 14 5 14
11 16 3 14
(138, 231)

Arvore 6
0 6 9 22
1 4 2 12
1 10 3 14
1 12 7 7
1 15 14 16
1 16 11 12
2 13 11 20
2 14 6 14
3 12 8 15
4 8 8 19
5 14 15 14
6 10 2 12
7 14 15 15
8 9 16 14
10 14 5 14
11 16 3 14
(135, 234)

Arvore 7
0 5 12 19
1 4 2 12
1 10 3 14
1 12 7 7
1 15 14 16
1 16 11 12
2 13 11 20
2 14 6 14
3 12 8 15
5 14 15 14
6 10 2 12
7 14 15 15
8 9 16 14
8 10 21 18
10 14 5 14
11 16 3 14
(151, 230)

Arvore 8
0 6 9 22
1 4 2 12
1 10 3 14
1 12 7 7
1 15 14 16
1 16 11 12
2 13 11 20
2 14 6 14
3 12 8 15
5 14 15 14
6 10 2 12
7 14 15 15
8 9 16 14
8 10 21 18
10 14 5 14
11 16 3 14
(148, 233)

Arvore 9
0 5 12 19
0 6 9 22
1 4 2 12
1 10 3 14
1 12 7 7
1 15 14 16
1 16 11 12
2 13 11 20
2 14 6 14
3 12 8 15
4 8 8 19
6 10 2 12
7 10 6 16
8 9 16 14
10 14 5 14
11 16 3 14
(123, 240)

Arvore 10
0 5 12 19
1 4 2 12
1 12 7 7
1 15 14 16
1 16 11 12
2 13 11 20
2 14 6 14
3 12 8 15
4 8 8 19
5 14 15 14
6 10 2 12
7 10 6 16
8 9 16 14
10 12 6 13
10 14 5 14
11 16 3 14
(132, 231)

Arvore 11
0 6 9 22
1 4 2 12
1 12 7 7
1 15 14 16
1 16 11 12
2 13 11 20
2 14 6 14
3 12 8 15
4 8 8 19
5 14 15 14
6 10 2 12
7 10 6 16
8 9 16 14
10 12 6 13
10 14 5 14
11 16 3 14
(129, 234)

Arvore 12
0 5 12 19
1 4 2 12
1 12 7 7
1 15 14 16
1 16 11 12
2 13 11 20
2 14 6 14
3 12 8 15
5 14 15 14
6 10 2 12
7 10 6 16
8 9 16 14
8 10 21 18
10 12 6 13
10 14 5 14
11 16 3 14
(145, 230)

Arvore 13
0 6 9 22
1 4 2 12
1 12 7 7
1 15 14 16
1 16 11 12
2 13 11 20
2 14 6 14
3 12 8 15
5 14 15 14
6 10 2 12
7 10 6 16
8 9 16 14
8 10 21 18
10 12 6 13
10 14 5 14
11 16 3 14
(142, 233)

Arvore 14
0 5 12 19
1 4 2 12
1 12 7 7
1 15 14 16
1 16 11 12
2 13 11 20
2 14 6 14
3 12 8 15
4 8 8 19
5 14 15 14
6 10 2 12
7 14 15 15
8 9 16 14
10 12 6 13
10 14 5 14
11 16 3 14
(141, 230)

Arvore 15
0 6 9 22
1 4 2 12
1 12 7 7
1 15 14 16
1 16 11 12
2 13 11 20
2 14 6 14
3 12 8 15
4 8 8 19
5 14 15 14
6 10 2 12
7 14 15 15
8 9 16 14
10 12 6 13
10 14 5 14
11 16 3 14
(138, 233)

Arvore 16
0 5 12 19
1 4 2 12
1 12 7 7
1 15 14 16
1 16 11 12
2 13 11 20
2 14 6 14
3 12 8 15
5 14 15 14
6 10 2 12
7 14 15 15
8 9 16 14
8 10 21 18
10 12 6 13
10 14 5 14
11 16 3 14
(154, 229)

Arvore 17
0 6 9 22
1 4 2 12
1 12 7 7
1 15 14 16
1 16 11 12
2 13 11 20
2 14 6 14
3 12 8 15
5 14 15 14
6 10 2 12
7 14 15 15
8 9 16 14
8 10 21 18
10 12 6 13
10 14 5 14
11 16 3 14
(151, 232)

Arvore 18
0 5 12 19
0 6 9 22
1 4 2 12
1 12 7 7
1 15 14 16
1 16 11 12
2 13 11 20
2 14 6 14
3 12 8 15
4 8 8 19
6 10 2 12
7 10 6 16
8 9 16 14
10 12 6 13
10 14 5 14
11 16 3 14
(126, 239)

Arvore 19
0 5 12 19
1 4 2 12
1 10 3 14
1 15 14 16
1 16 11 12
2 13 11 20
2 14 6 14
3 12 8 15
4 8 8 19
5 14 15 14
6 10 2 12
7 10 6 16
8 9 16 14
10 12 6 13
10 14 5 14
11 16 3 14
(128, 238)

Arvore 20
0 6 9 22
1 4 2 12
1 10 3 14
1 15 14 16
1 16 11 12
2 13 11 20
2 14 6 14
3 12 8 15
4 8 8 19
5 14 15 14
6 10 2 12
7 10 6 16
8 9 16 14
10 12 6 13
10 14 5 14
11 16 3 14
(125, 241)

Arvore 21
0 5 12 19
1 4 2 12
1 10 3 14
1 15 14 16
1 16 11 12
2 13 11 20
2 14 6 14
3 12 8 15
5 14 15 14
6 10 2 12
7 10 6 16
8 9 16 14
8 10 21 18
10 12 6 13
10 14 5 14
11 16 3 14
(141, 237)

Arvore 22
0 6 9 22
1 4 2 12
1 10 3 14
1 15 14 16
1 16 11 12
2 13 11 20
2 14 6 14
3 12 8 15
5 14 15 14
6 10 2 12
7 10 6 16
8 9 16 14
8 10 21 18
10 12 6 13
10 14 5 14
11 16 3 14
(138, 240)

Arvore 23
0 5 12 19
1 4 2 12
1 10 3 14
1 15 14 16
1 16 11 12
2 13 11 20
2 14 6 14
3 12 8 15
4 8 8 19
5 14 15 14
6 10 2 12
7 14 15 15
8 9 16 14
10 12 6 13
10 14 5 14
11 16 3 14
(137, 237)

Arvore 24
0 6 9 22
1 4 2 12
1 10 3 14
1 15 14 16
1 16 11 12
2 13 11 20
2 14 6 14
3 12 8 15
4 8 8 19
5 14 15 14
6 10 2 12
7 14 15 15
8 9 16 14
10 12 6 13
10 14 5 14
11 16 3 14
(134, 240)

Arvore 25
0 5 12 19
1 4 2 12
1 10 3 14
1 15 14 16
1 16 11 12
2 13 11 20
2 14 6 14
3 12 8 15
5 14 15 14
6 10 2 12
7 14 15 15
8 9 16 14
8 10 21 18
10 12 6 13
10 14 5 14
11 16 3 14
(150, 236)

Arvore 26
0 6 9 22
1 4 2 12
1 10 3 14
1 15 14 16
1 16 11 12
2 13 11 20
2 14 6 14
3 12 8 15
5 14 15 14
6 10 2 12
7 14 15 15
8 9 16 14
8 10 21 18
10 12 6 13
10 14 5 14
11 16 3 14
(147, 239)

Arvore 27
0 5 12 19
0 6 9 22
1 4 2 12
1 10 3 14
1 15 14 16
1 16 11 12
2 13 11 20
2 14 6 14
3 12 8 15
4 8 8 19
6 10 2 12
7 10 6 16
8 9 16 14
10 12 6 13
10 14 5 14
11 16 3 14
(122, 246)

