73762
737.62
Arvore 1
0 9 8 11
0 11 9 18
1 7 9 21
2 7 5 9
2 10 2 7
2 13 1 6
2 15 2 16
3 17 5 16
4 17 4 9
4 18 1 4
5 9 3 6
5 19 12 12
6 7 8 8
6 8 8 10
6 14 2 10
7 12 9 8
7 18 6 5
9 16 1 5
14 16 1 7
(96, 188)

Arvore 2
0 9 8 11
0 11 9 18
1 13 14 12
2 7 5 9
2 10 2 7
2 13 1 6
2 15 2 16
3 17 5 16
4 17 4 9
4 18 1 4
5 9 3 6
5 19 12 12
6 7 8 8
6 8 8 10
6 14 2 10
7 12 9 8
7 18 6 5
9 16 1 5
14 16 1 7
(101, 179)

Arvore 3
0 9 8 11
0 11 9 18
1 7 9 21
2 7 5 9
2 10 2 7
2 13 1 6
2 15 2 16
3 17 5 16
4 17 4 9
4 18 1 4
5 9 3 6
5 19 12 12
6 7 8 8
6 14 2 10
7 8 6 13
7 12 9 8
7 18 6 5
9 16 1 5
14 16 1 7
(94, 191)

Arvore 4
0 9 8 11
0 11 9 18
1 13 14 12
2 7 5 9
2 10 2 7
2 13 1 6
2 15 2 16
3 17 5 16
4 17 4 9
4 18 1 4
5 9 3 6
5 19 12 12
6 7 8 8
6 14 2 10
7 8 6 13
7 12 9 8
7 18 6 5
9 16 1 5
14 16 1 7
(99, 182)

Arvore 5
0 9 8 11
0 11 9 18
1 13 14 12
2 7 5 9
2 10 2 7
2 13 1 6
2 15 2 16
3 9 12 15
4 17 4 9
4 18 1 4
5 9 3 6
5 19 12 12
6 7 8 8
6 8 8 10
6 14 2 10
7 12 9 8
7 18 6 5
9 16 1 5
14 16 1 7
(108, 178)

Arvore 6
0 9 8 11
0 11 9 18
1 7 9 21
2 7 5 9
2 10 2 7
2 13 1 6
2 15 2 16
3 9 12 15
4 17 4 9
4 18 1 4
5 9 3 6
5 19 12 12
6 7 8 8
6 8 8 10
6 14 2 10
7 12 9 8
7 18 6 5
9 16 1 5
14 16 1 7
(103, 187)

Arvore 7
0 9 8 11
0 11 9 18
1 13 14 12
2 7 5 9
2 10 2 7
2 13 1 6
2 15 2 16
3 9 12 15
4 17 4 9
4 18 1 4
5 9 3 6
5 19 12 12
6 7 8 8
6 14 2 10
7 8 6 13
7 12 9 8
7 18 6 5
9 16 1 5
14 16 1 7
(106, 181)

Arvore 8
0 9 8 11
0 11 9 18
1 7 9 21
2 7 5 9
2 10 2 7
2 13 1 6
2 15 2 16
3 9 12 15
4 17 4 9
4 18 1 4
5 9 3 6
5 19 12 12
6 7 8 8
6 14 2 10
7 8 6 13
7 12 9 8
7 18 6 5
9 16 1 5
14 16 1 7
(101, 190)

Arvore 9
0 9 8 11
0 11 9 18
1 13 14 12
2 7 5 9
2 10 2 7
2 13 1 6
3 9 12 15
4 15 14 15
4 17 4 9
4 18 1 4
5 9 3 6
5 19 12 12
6 7 8 8
6 8 8 10
6 14 2 10
7 12 9 8
7 18 6 5
9 16 1 5
14 16 1 7
(120, 177)

Arvore 10
0 9 8 11
0 11 9 18
1 13 14 12
2 7 5 9
2 10 2 7
2 13 1 6
3 9 12 15
4 15 14 15
4 17 4 9
4 18 1 4
5 9 3 6
5 19 12 12
6 7 8 8
6 14 2 10
7 8 6 13
7 12 9 8
7 18 6 5
9 16 1 5
14 16 1 7
(118, 180)

Arvore 11
0 9 8 11
0 11 9 18
1 7 9 21
2 7 5 9
2 10 2 7
2 13 1 6
2 15 2 16
3 17 5 16
4 17 4 9
4 18 1 4
5 9 3 6
5 13 4 11
5 19 12 12
6 8 8 10
6 14 2 10
7 12 9 8
7 18 6 5
9 16 1 5
14 16 1 7
(92, 191)

Arvore 12
0 9 8 11
0 11 9 18
1 13 14 12
2 7 5 9
2 10 2 7
2 13 1 6
2 15 2 16
3 17 5 16
4 17 4 9
4 18 1 4
5 9 3 6
5 13 4 11
5 19 12 12
6 8 8 10
6 14 2 10
7 12 9 8
7 18 6 5
9 16 1 5
14 16 1 7
(97, 182)

Arvore 13
0 9 8 11
0 11 9 18
1 7 9 21
2 7 5 9
2 10 2 7
2 13 1 6
2 15 2 16
3 17 5 16
4 17 4 9
4 18 1 4
5 9 3 6
5 13 4 11
5 19 12 12
6 14 2 10
7 8 6 13
7 12 9 8
7 18 6 5
9 16 1 5
14 16 1 7
(90, 194)

Arvore 14
0 9 8 11
0 11 9 18
1 13 14 12
2 7 5 9
2 10 2 7
2 13 1 6
2 15 2 16
3 17 5 16
4 17 4 9
4 18 1 4
5 9 3 6
5 13 4 11
5 19 12 12
6 14 2 10
7 8 6 13
7 12 9 8
7 18 6 5
9 16 1 5
14 16 1 7
(95, 185)

Arvore 15
0 9 8 11
0 11 9 18
1 13 14 12
2 7 5 9
2 10 2 7
2 13 1 6
2 15 2 16
3 9 12 15
4 17 4 9
4 18 1 4
5 9 3 6
5 13 4 11
5 19 12 12
6 8 8 10
6 14 2 10
7 12 9 8
7 18 6 5
9 16 1 5
14 16 1 7
(104, 181)

Arvore 16
0 9 8 11
0 11 9 18
1 7 9 21
2 7 5 9
2 10 2 7
2 13 1 6
2 15 2 16
3 9 12 15
4 17 4 9
4 18 1 4
5 9 3 6
5 13 4 11
5 19 12 12
6 8 8 10
6 14 2 10
7 12 9 8
7 18 6 5
9 16 1 5
14 16 1 7
(99, 190)

Arvore 17
0 9 8 11
0 11 9 18
1 13 14 12
2 7 5 9
2 10 2 7
2 13 1 6
2 15 2 16
3 9 12 15
4 17 4 9
4 18 1 4
5 9 3 6
5 13 4 11
5 19 12 12
6 14 2 10
7 8 6 13
7 12 9 8
7 18 6 5
9 16 1 5
14 16 1 7
(102, 184)

Arvore 18
0 9 8 11
0 11 9 18
1 7 9 21
2 7 5 9
2 10 2 7
2 13 1 6
2 15 2 16
3 9 12 15
4 17 4 9
4 18 1 4
5 9 3 6
5 13 4 11
5 19 12 12
6 14 2 10
7 8 6 13
7 12 9 8
7 18 6 5
9 16 1 5
14 16 1 7
(97, 193)

Arvore 19
0 9 8 11
0 11 9 18
1 13 14 12
2 7 5 9
2 10 2 7
2 13 1 6
3 9 12 15
4 15 14 15
4 17 4 9
4 18 1 4
5 9 3 6
5 13 4 11
5 19 12 12
6 8 8 10
6 14 2 10
7 12 9 8
7 18 6 5
9 16 1 5
14 16 1 7
(116, 180)

Arvore 20
0 9 8 11
0 11 9 18
1 13 14 12
2 7 5 9
2 10 2 7
2 13 1 6
3 9 12 15
4 15 14 15
4 17 4 9
4 18 1 4
5 9 3 6
5 13 4 11
5 19 12 12
6 14 2 10
7 8 6 13
7 12 9 8
7 18 6 5
9 16 1 5
14 16 1 7
(114, 183)

Arvore 21
0 9 8 11
0 11 9 18
1 7 9 21
2 10 2 7
2 13 1 6
2 15 2 16
3 17 5 16
4 17 4 9
4 18 1 4
5 9 3 6
5 13 4 11
5 19 12 12
6 7 8 8
6 8 8 10
6 14 2 10
7 12 9 8
7 18 6 5
9 16 1 5
14 16 1 7
(95, 190)

Arvore 22
0 9 8 11
0 11 9 18
1 13 14 12
2 10 2 7
2 13 1 6
2 15 2 16
3 17 5 16
4 17 4 9
4 18 1 4
5 9 3 6
5 13 4 11
5 19 12 12
6 7 8 8
6 8 8 10
6 14 2 10
7 12 9 8
7 18 6 5
9 16 1 5
14 16 1 7
(100, 181)

Arvore 23
0 9 8 11
0 11 9 18
1 7 9 21
2 10 2 7
2 13 1 6
2 15 2 16
3 17 5 16
4 17 4 9
4 18 1 4
5 9 3 6
5 13 4 11
5 19 12 12
6 7 8 8
6 14 2 10
7 8 6 13
7 12 9 8
7 18 6 5
9 16 1 5
14 16 1 7
(93, 193)

Arvore 24
0 9 8 11
0 11 9 18
1 13 14 12
2 10 2 7
2 13 1 6
2 15 2 16
3 17 5 16
4 17 4 9
4 18 1 4
5 9 3 6
5 13 4 11
5 19 12 12
6 7 8 8
6 14 2 10
7 8 6 13
7 12 9 8
7 18 6 5
9 16 1 5
14 16 1 7
(98, 184)

Arvore 25
0 9 8 11
0 11 9 18
1 13 14 12
2 10 2 7
2 13 1 6
2 15 2 16
3 9 12 15
4 17 4 9
4 18 1 4
5 9 3 6
5 13 4 11
5 19 12 12
6 7 8 8
6 8 8 10
6 14 2 10
7 12 9 8
7 18 6 5
9 16 1 5
14 16 1 7
(107, 180)

Arvore 26
0 9 8 11
0 11 9 18
1 7 9 21
2 10 2 7
2 13 1 6
2 15 2 16
3 9 12 15
4 17 4 9
4 18 1 4
5 9 3 6
5 13 4 11
5 19 12 12
6 7 8 8
6 8 8 10
6 14 2 10
7 12 9 8
7 18 6 5
9 16 1 5
14 16 1 7
(102, 189)

Arvore 27
0 9 8 11
0 11 9 18
1 13 14 12
2 10 2 7
2 13 1 6
2 15 2 16
3 9 12 15
4 17 4 9
4 18 1 4
5 9 3 6
5 13 4 11
5 19 12 12
6 7 8 8
6 14 2 10
7 8 6 13
7 12 9 8
7 18 6 5
9 16 1 5
14 16 1 7
(105, 183)

Arvore 28
0 9 8 11
0 11 9 18
1 7 9 21
2 10 2 7
2 13 1 6
2 15 2 16
3 9 12 15
4 17 4 9
4 18 1 4
5 9 3 6
5 13 4 11
5 19 12 12
6 7 8 8
6 14 2 10
7 8 6 13
7 12 9 8
7 18 6 5
9 16 1 5
14 16 1 7
(100, 192)

Arvore 29
0 9 8 11
0 11 9 18
1 13 14 12
2 10 2 7
2 13 1 6
3 9 12 15
4 15 14 15
4 17 4 9
4 18 1 4
5 9 3 6
5 13 4 11
5 19 12 12
6 7 8 8
6 8 8 10
6 14 2 10
7 12 9 8
7 18 6 5
9 16 1 5
14 16 1 7
(119, 179)

Arvore 30
0 9 8 11
0 11 9 18
1 13 14 12
2 10 2 7
2 13 1 6
3 9 12 15
4 15 14 15
4 17 4 9
4 18 1 4
5 9 3 6
5 13 4 11
5 19 12 12
6 7 8 8
6 14 2 10
7 8 6 13
7 12 9 8
7 18 6 5
9 16 1 5
14 16 1 7
(117, 182)

Arvore 31
0 9 8 11
0 11 9 18
1 7 9 21
2 7 5 9
2 10 2 7
2 13 1 6
2 15 2 16
3 17 5 16
4 7 5 10
4 17 4 9
4 18 1 4
5 9 3 6
5 13 4 11
5 19 12 12
6 8 8 10
6 14 2 10
7 12 9 8
9 16 1 5
14 16 1 7
(91, 196)

Arvore 32
0 9 8 11
0 11 9 18
1 13 14 12
2 7 5 9
2 10 2 7
2 13 1 6
2 15 2 16
3 17 5 16
4 7 5 10
4 17 4 9
4 18 1 4
5 9 3 6
5 13 4 11
5 19 12 12
6 8 8 10
6 14 2 10
7 12 9 8
9 16 1 5
14 16 1 7
(96, 187)

Arvore 33
0 9 8 11
0 11 9 18
1 7 9 21
2 7 5 9
2 10 2 7
2 13 1 6
2 15 2 16
3 17 5 16
4 7 5 10
4 17 4 9
4 18 1 4
5 9 3 6
5 13 4 11
5 19 12 12
6 14 2 10
7 8 6 13
7 12 9 8
9 16 1 5
14 16 1 7
(89, 199)

Arvore 34
0 9 8 11
0 11 9 18
1 13 14 12
2 7 5 9
2 10 2 7
2 13 1 6
2 15 2 16
3 17 5 16
4 7 5 10
4 17 4 9
4 18 1 4
5 9 3 6
5 13 4 11
5 19 12 12
6 14 2 10
7 8 6 13
7 12 9 8
9 16 1 5
14 16 1 7
(94, 190)

Arvore 35
0 9 8 11
0 11 9 18
1 13 14 12
2 7 5 9
2 10 2 7
2 13 1 6
2 15 2 16
3 9 12 15
4 7 5 10
4 17 4 9
4 18 1 4
5 9 3 6
5 13 4 11
5 19 12 12
6 8 8 10
6 14 2 10
7 12 9 8
9 16 1 5
14 16 1 7
(103, 186)

Arvore 36
0 9 8 11
0 11 9 18
1 7 9 21
2 7 5 9
2 10 2 7
2 13 1 6
2 15 2 16
3 9 12 15
4 7 5 10
4 17 4 9
4 18 1 4
5 9 3 6
5 13 4 11
5 19 12 12
6 8 8 10
6 14 2 10
7 12 9 8
9 16 1 5
14 16 1 7
(98, 195)

Arvore 37
0 9 8 11
0 11 9 18
1 13 14 12
2 7 5 9
2 10 2 7
2 13 1 6
2 15 2 16
3 9 12 15
4 7 5 10
4 17 4 9
4 18 1 4
5 9 3 6
5 13 4 11
5 19 12 12
6 14 2 10
7 8 6 13
7 12 9 8
9 16 1 5
14 16 1 7
(101, 189)

Arvore 38
0 9 8 11
0 11 9 18
1 7 9 21
2 7 5 9
2 10 2 7
2 13 1 6
2 15 2 16
3 9 12 15
4 7 5 10
4 17 4 9
4 18 1 4
5 9 3 6
5 13 4 11
5 19 12 12
6 14 2 10
7 8 6 13
7 12 9 8
9 16 1 5
14 16 1 7
(96, 198)

Arvore 39
0 9 8 11
0 11 9 18
1 7 9 21
2 7 5 9
2 10 2 7
2 13 1 6
2 15 2 16
3 17 5 16
4 7 5 10
4 17 4 9
4 18 1 4
5 9 3 6
5 19 12 12
6 7 8 8
6 8 8 10
6 14 2 10
7 12 9 8
9 16 1 5
14 16 1 7
(95, 193)

Arvore 40
0 9 8 11
0 11 9 18
1 13 14 12
2 7 5 9
2 10 2 7
2 13 1 6
2 15 2 16
3 17 5 16
4 7 5 10
4 17 4 9
4 18 1 4
5 9 3 6
5 19 12 12
6 7 8 8
6 8 8 10
6 14 2 10
7 12 9 8
9 16 1 5
14 16 1 7
(100, 184)

Arvore 41
0 9 8 11
0 11 9 18
1 7 9 21
2 7 5 9
2 10 2 7
2 13 1 6
2 15 2 16
3 17 5 16
4 7 5 10
4 17 4 9
4 18 1 4
5 9 3 6
5 19 12 12
6 7 8 8
6 14 2 10
7 8 6 13
7 12 9 8
9 16 1 5
14 16 1 7
(93, 196)

Arvore 42
0 9 8 11
0 11 9 18
1 13 14 12
2 7 5 9
2 10 2 7
2 13 1 6
2 15 2 16
3 17 5 16
4 7 5 10
4 17 4 9
4 18 1 4
5 9 3 6
5 19 12 12
6 7 8 8
6 14 2 10
7 8 6 13
7 12 9 8
9 16 1 5
14 16 1 7
(98, 187)

Arvore 43
0 9 8 11
0 11 9 18
1 13 14 12
2 7 5 9
2 10 2 7
2 13 1 6
2 15 2 16
3 9 12 15
4 7 5 10
4 17 4 9
4 18 1 4
5 9 3 6
5 19 12 12
6 7 8 8
6 8 8 10
6 14 2 10
7 12 9 8
9 16 1 5
14 16 1 7
(107, 183)

Arvore 44
0 9 8 11
0 11 9 18
1 7 9 21
2 7 5 9
2 10 2 7
2 13 1 6
2 15 2 16
3 9 12 15
4 7 5 10
4 17 4 9
4 18 1 4
5 9 3 6
5 19 12 12
6 7 8 8
6 8 8 10
6 14 2 10
7 12 9 8
9 16 1 5
14 16 1 7
(102, 192)

Arvore 45
0 9 8 11
0 11 9 18
1 13 14 12
2 7 5 9
2 10 2 7
2 13 1 6
2 15 2 16
3 9 12 15
4 7 5 10
4 17 4 9
4 18 1 4
5 9 3 6
5 19 12 12
6 7 8 8
6 14 2 10
7 8 6 13
7 12 9 8
9 16 1 5
14 16 1 7
(105, 186)

Arvore 46
0 9 8 11
0 11 9 18
1 7 9 21
2 7 5 9
2 10 2 7
2 13 1 6
2 15 2 16
3 9 12 15
4 7 5 10
4 17 4 9
4 18 1 4
5 9 3 6
5 19 12 12
6 7 8 8
6 14 2 10
7 8 6 13
7 12 9 8
9 16 1 5
14 16 1 7
(100, 195)

Arvore 47
0 9 8 11
0 11 9 18
1 13 14 12
2 7 5 9
2 10 2 7
2 13 1 6
3 9 12 15
4 7 5 10
4 15 14 15
4 17 4 9
4 18 1 4
5 9 3 6
5 13 4 11
5 19 12 12
6 8 8 10
6 14 2 10
7 12 9 8
9 16 1 5
14 16 1 7
(115, 185)

Arvore 48
0 9 8 11
0 11 9 18
1 13 14 12
2 7 5 9
2 10 2 7
2 13 1 6
3 9 12 15
4 7 5 10
4 15 14 15
4 17 4 9
4 18 1 4
5 9 3 6
5 13 4 11
5 19 12 12
6 14 2 10
7 8 6 13
7 12 9 8
9 16 1 5
14 16 1 7
(113, 188)

Arvore 49
0 9 8 11
0 11 9 18
1 13 14 12
2 7 5 9
2 10 2 7
2 13 1 6
3 9 12 15
4 7 5 10
4 15 14 15
4 17 4 9
4 18 1 4
5 9 3 6
5 19 12 12
6 7 8 8
6 8 8 10
6 14 2 10
7 12 9 8
9 16 1 5
14 16 1 7
(119, 182)

Arvore 50
0 9 8 11
0 11 9 18
1 13 14 12
2 7 5 9
2 10 2 7
2 13 1 6
3 9 12 15
4 7 5 10
4 15 14 15
4 17 4 9
4 18 1 4
5 9 3 6
5 19 12 12
6 7 8 8
6 14 2 10
7 8 6 13
7 12 9 8
9 16 1 5
14 16 1 7
(117, 185)

