266225
2662.25
Arvore 1
0 8 3 9
0 17 6 12
1 12 9 19
2 9 19 17
2 14 9 14
2 20 5 17
3 20 9 12
4 11 1 11
5 20 14 20
6 10 9 19
6 21 2 7
7 23 8 8
9 18 2 6
10 17 9 9
11 21 2 7
12 22 6 10
13 15 1 14
14 19 3 4
15 21 1 15
16 23 6 18
16 24 4 10
20 22 4 9
21 22 3 6
21 23 7 11
(142, 284)

Arvore 2
0 8 3 9
0 17 6 12
1 12 9 19
2 14 9 14
2 20 5 17
3 20 9 12
4 11 1 11
5 20 14 20
6 10 9 19
6 21 2 7
7 23 8 8
9 18 2 6
9 22 19 17
10 17 9 9
11 21 2 7
12 22 6 10
13 15 1 14
14 19 3 4
15 21 1 15
16 23 6 18
16 24 4 10
20 22 4 9
21 22 3 6
21 23 7 11
(142, 284)

Arvore 3
0 8 3 9
0 17 6 12
1 12 9 19
2 14 9 14
2 20 5 17
3 20 9 12
4 11 1 11
5 20 14 20
6 10 9 19
6 21 2 7
7 23 8 8
9 18 2 6
9 23 14 18
10 17 9 9
11 21 2 7
12 22 6 10
13 15 1 14
14 19 3 4
15 21 1 15
16 23 6 18
16 24 4 10
20 22 4 9
21 22 3 6
21 23 7 11
(137, 285)

Arvore 4
0 8 3 9
0 17 6 12
1 12 9 19
2 14 9 14
2 20 5 17
3 20 9 12
4 11 1 11
5 20 14 20
6 10 9 19
6 21 2 7
7 23 8 8
9 18 2 6
10 17 9 9
11 21 2 7
12 22 6 10
13 15 1 14
14 19 3 4
15 21 1 15
16 23 6 18
16 24 4 10
18 23 8 22
20 22 4 9
21 22 3 6
21 23 7 11
(131, 289)

Arvore 5
0 8 3 9
0 17 6 12
1 12 9 19
2 14 9 14
2 20 5 17
3 20 9 12
4 11 1 11
5 20 14 20
6 21 2 7
7 23 8 8
9 18 2 6
9 23 14 18
10 17 9 9
11 21 2 7
12 22 6 10
13 15 1 14
14 19 3 4
15 21 1 15
16 23 6 18
16 24 4 10
17 23 15 14
20 22 4 9
21 22 3 6
21 23 7 11
(143, 280)

Arvore 6
0 8 3 9
0 17 6 12
1 12 9 19
2 9 19 17
2 14 9 14
2 20 5 17
3 20 9 12
4 11 1 11
5 20 14 20
6 21 2 7
7 23 8 8
9 18 2 6
10 17 9 9
11 21 2 7
12 22 6 10
13 15 1 14
14 19 3 4
15 21 1 15
16 23 6 18
16 24 4 10
17 23 15 14
20 22 4 9
21 22 3 6
21 23 7 11
(148, 279)

Arvore 7
0 8 3 9
0 17 6 12
1 12 9 19
2 14 9 14
2 20 5 17
3 20 9 12
4 11 1 11
5 20 14 20
6 21 2 7
7 23 8 8
9 18 2 6
9 22 19 17
10 17 9 9
11 21 2 7
12 22 6 10
13 15 1 14
14 19 3 4
15 21 1 15
16 23 6 18
16 24 4 10
17 23 15 14
20 22 4 9
21 22 3 6
21 23 7 11
(148, 279)

Arvore 8
0 8 3 9
0 17 6 12
1 12 9 19
2 14 9 14
2 20 5 17
3 20 9 12
4 11 1 11
5 20 14 20
6 21 2 7
7 23 8 8
9 18 2 6
10 17 9 9
11 21 2 7
12 22 6 10
13 15 1 14
14 19 3 4
15 21 1 15
16 23 6 18
16 24 4 10
17 23 15 14
18 23 8 22
20 22 4 9
21 22 3 6
21 23 7 11
(137, 284)

Arvore 9
0 8 3 9
0 17 6 12
1 22 11 17
2 9 19 17
2 14 9 14
2 20 5 17
3 20 9 12
4 11 1 11
5 20 14 20
6 10 9 19
6 21 2 7
7 23 8 8
9 18 2 6
10 17 9 9
11 21 2 7
12 22 6 10
13 15 1 14
14 19 3 4
15 21 1 15
16 23 6 18
16 24 4 10
20 22 4 9
21 22 3 6
21 23 7 11
(144, 282)

Arvore 10
0 8 3 9
0 17 6 12
1 22 11 17
2 14 9 14
2 20 5 17
3 20 9 12
4 11 1 11
5 20 14 20
6 10 9 19
6 21 2 7
7 23 8 8
9 18 2 6
9 22 19 17
10 17 9 9
11 21 2 7
12 22 6 10
13 15 1 14
14 19 3 4
15 21 1 15
16 23 6 18
16 24 4 10
20 22 4 9
21 22 3 6
21 23 7 11
(144, 282)

Arvore 11
0 8 3 9
0 17 6 12
1 22 11 17
2 14 9 14
2 20 5 17
3 20 9 12
4 11 1 11
5 20 14 20
6 10 9 19
6 21 2 7
7 23 8 8
9 18 2 6
9 23 14 18
10 17 9 9
11 21 2 7
12 22 6 10
13 15 1 14
14 19 3 4
15 21 1 15
16 23 6 18
16 24 4 10
20 22 4 9
21 22 3 6
21 23 7 11
(139, 283)

Arvore 12
0 8 3 9
0 17 6 12
1 22 11 17
2 14 9 14
2 20 5 17
3 20 9 12
4 11 1 11
5 20 14 20
6 10 9 19
6 21 2 7
7 23 8 8
9 18 2 6
10 17 9 9
11 21 2 7
12 22 6 10
13 15 1 14
14 19 3 4
15 21 1 15
16 23 6 18
16 24 4 10
18 23 8 22
20 22 4 9
21 22 3 6
21 23 7 11
(133, 287)

Arvore 13
0 8 3 9
0 17 6 12
1 22 11 17
2 14 9 14
2 20 5 17
3 20 9 12
4 11 1 11
5 20 14 20
6 21 2 7
7 23 8 8
9 18 2 6
9 23 14 18
10 17 9 9
11 21 2 7
12 22 6 10
13 15 1 14
14 19 3 4
15 21 1 15
16 23 6 18
16 24 4 10
17 23 15 14
20 22 4 9
21 22 3 6
21 23 7 11
(145, 278)

Arvore 14
0 8 3 9
0 17 6 12
1 22 11 17
2 9 19 17
2 14 9 14
2 20 5 17
3 20 9 12
4 11 1 11
5 20 14 20
6 21 2 7
7 23 8 8
9 18 2 6
10 17 9 9
11 21 2 7
12 22 6 10
13 15 1 14
14 19 3 4
15 21 1 15
16 23 6 18
16 24 4 10
17 23 15 14
20 22 4 9
21 22 3 6
21 23 7 11
(150, 277)

Arvore 15
0 8 3 9
0 17 6 12
1 22 11 17
2 14 9 14
2 20 5 17
3 20 9 12
4 11 1 11
5 20 14 20
6 21 2 7
7 23 8 8
9 18 2 6
9 22 19 17
10 17 9 9
11 21 2 7
12 22 6 10
13 15 1 14
14 19 3 4
15 21 1 15
16 23 6 18
16 24 4 10
17 23 15 14
20 22 4 9
21 22 3 6
21 23 7 11
(150, 277)

Arvore 16
0 8 3 9
0 17 6 12
1 22 11 17
2 14 9 14
2 20 5 17
3 20 9 12
4 11 1 11
5 20 14 20
6 21 2 7
7 23 8 8
9 18 2 6
10 17 9 9
11 21 2 7
12 22 6 10
13 15 1 14
14 19 3 4
15 21 1 15
16 23 6 18
16 24 4 10
17 23 15 14
18 23 8 22
20 22 4 9
21 22 3 6
21 23 7 11
(139, 282)

Arvore 17
0 8 3 9
0 17 6 12
1 12 9 19
2 9 19 17
2 14 9 14
2 20 5 17
3 20 9 12
4 11 1 11
5 20 14 20
6 10 9 19
6 21 2 7
7 23 8 8
9 18 2 6
10 17 9 9
11 21 2 7
12 16 9 13
12 22 6 10
13 15 1 14
14 19 3 4
15 21 1 15
16 24 4 10
20 22 4 9
21 22 3 6
21 23 7 11
(145, 279)

Arvore 18
0 8 3 9
0 17 6 12
1 12 9 19
2 14 9 14
2 20 5 17
3 20 9 12
4 11 1 11
5 20 14 20
6 10 9 19
6 21 2 7
7 23 8 8
9 18 2 6
9 22 19 17
10 17 9 9
11 21 2 7
12 16 9 13
12 22 6 10
13 15 1 14
14 19 3 4
15 21 1 15
16 24 4 10
20 22 4 9
21 22 3 6
21 23 7 11
(145, 279)

Arvore 19
0 8 3 9
0 17 6 12
1 12 9 19
2 14 9 14
2 20 5 17
3 20 9 12
4 11 1 11
5 20 14 20
6 10 9 19
6 21 2 7
7 23 8 8
9 18 2 6
9 23 14 18
10 17 9 9
11 21 2 7
12 16 9 13
12 22 6 10
13 15 1 14
14 19 3 4
15 21 1 15
16 24 4 10
20 22 4 9
21 22 3 6
21 23 7 11
(140, 280)

Arvore 20
0 8 3 9
0 17 6 12
1 12 9 19
2 14 9 14
2 20 5 17
3 20 9 12
4 11 1 11
5 20 14 20
6 10 9 19
6 21 2 7
7 23 8 8
9 18 2 6
10 17 9 9
11 21 2 7
12 16 9 13
12 22 6 10
13 15 1 14
14 19 3 4
15 21 1 15
16 24 4 10
18 23 8 22
20 22 4 9
21 22 3 6
21 23 7 11
(134, 284)

Arvore 21
0 8 3 9
0 17 6 12
1 12 9 19
2 14 9 14
2 20 5 17
3 20 9 12
4 11 1 11
5 20 14 20
6 21 2 7
7 23 8 8
9 18 2 6
9 23 14 18
10 17 9 9
11 21 2 7
12 16 9 13
12 22 6 10
13 15 1 14
14 19 3 4
15 21 1 15
16 24 4 10
17 23 15 14
20 22 4 9
21 22 3 6
21 23 7 11
(146, 275)

Arvore 22
0 8 3 9
0 17 6 12
1 12 9 19
2 9 19 17
2 14 9 14
2 20 5 17
3 20 9 12
4 11 1 11
5 20 14 20
6 21 2 7
7 23 8 8
9 18 2 6
10 17 9 9
11 21 2 7
12 16 9 13
12 22 6 10
13 15 1 14
14 19 3 4
15 21 1 15
16 24 4 10
17 23 15 14
20 22 4 9
21 22 3 6
21 23 7 11
(151, 274)

Arvore 23
0 8 3 9
0 17 6 12
1 12 9 19
2 14 9 14
2 20 5 17
3 20 9 12
4 11 1 11
5 20 14 20
6 21 2 7
7 23 8 8
9 18 2 6
9 22 19 17
10 17 9 9
11 21 2 7
12 16 9 13
12 22 6 10
13 15 1 14
14 19 3 4
15 21 1 15
16 24 4 10
17 23 15 14
20 22 4 9
21 22 3 6
21 23 7 11
(151, 274)

Arvore 24
0 8 3 9
0 17 6 12
1 12 9 19
2 14 9 14
2 20 5 17
3 20 9 12
4 11 1 11
5 20 14 20
6 21 2 7
7 23 8 8
9 18 2 6
10 17 9 9
11 21 2 7
12 16 9 13
12 22 6 10
13 15 1 14
14 19 3 4
15 21 1 15
16 24 4 10
17 23 15 14
18 23 8 22
20 22 4 9
21 22 3 6
21 23 7 11
(140, 279)

Arvore 25
0 8 3 9
0 17 6 12
1 22 11 17
2 9 19 17
2 14 9 14
2 20 5 17
3 20 9 12
4 11 1 11
5 20 14 20
6 10 9 19
6 21 2 7
7 23 8 8
9 18 2 6
10 17 9 9
11 21 2 7
12 16 9 13
12 22 6 10
13 15 1 14
14 19 3 4
15 21 1 15
16 24 4 10
20 22 4 9
21 22 3 6
21 23 7 11
(147, 277)

Arvore 26
0 8 3 9
0 17 6 12
1 22 11 17
2 14 9 14
2 20 5 17
3 20 9 12
4 11 1 11
5 20 14 20
6 10 9 19
6 21 2 7
7 23 8 8
9 18 2 6
9 22 19 17
10 17 9 9
11 21 2 7
12 16 9 13
12 22 6 10
13 15 1 14
14 19 3 4
15 21 1 15
16 24 4 10
20 22 4 9
21 22 3 6
21 23 7 11
(147, 277)

Arvore 27
0 8 3 9
0 17 6 12
1 22 11 17
2 14 9 14
2 20 5 17
3 20 9 12
4 11 1 11
5 20 14 20
6 10 9 19
6 21 2 7
7 23 8 8
9 18 2 6
9 23 14 18
10 17 9 9
11 21 2 7
12 16 9 13
12 22 6 10
13 15 1 14
14 19 3 4
15 21 1 15
16 24 4 10
20 22 4 9
21 22 3 6
21 23 7 11
(142, 278)

Arvore 28
0 8 3 9
0 17 6 12
1 22 11 17
2 14 9 14
2 20 5 17
3 20 9 12
4 11 1 11
5 20 14 20
6 10 9 19
6 21 2 7
7 23 8 8
9 18 2 6
10 17 9 9
11 21 2 7
12 16 9 13
12 22 6 10
13 15 1 14
14 19 3 4
15 21 1 15
16 24 4 10
18 23 8 22
20 22 4 9
21 22 3 6
21 23 7 11
(136, 282)

Arvore 29
0 8 3 9
0 17 6 12
1 22 11 17
2 14 9 14
2 20 5 17
3 20 9 12
4 11 1 11
5 20 14 20
6 21 2 7
7 23 8 8
9 18 2 6
9 23 14 18
10 17 9 9
11 21 2 7
12 16 9 13
12 22 6 10
13 15 1 14
14 19 3 4
15 21 1 15
16 24 4 10
17 23 15 14
20 22 4 9
21 22 3 6
21 23 7 11
(148, 273)

Arvore 30
0 8 3 9
0 17 6 12
1 22 11 17
2 9 19 17
2 14 9 14
2 20 5 17
3 20 9 12
4 11 1 11
5 20 14 20
6 21 2 7
7 23 8 8
9 18 2 6
10 17 9 9
11 21 2 7
12 16 9 13
12 22 6 10
13 15 1 14
14 19 3 4
15 21 1 15
16 24 4 10
17 23 15 14
20 22 4 9
21 22 3 6
21 23 7 11
(153, 272)

Arvore 31
0 8 3 9
0 17 6 12
1 22 11 17
2 14 9 14
2 20 5 17
3 20 9 12
4 11 1 11
5 20 14 20
6 21 2 7
7 23 8 8
9 18 2 6
9 22 19 17
10 17 9 9
11 21 2 7
12 16 9 13
12 22 6 10
13 15 1 14
14 19 3 4
15 21 1 15
16 24 4 10
17 23 15 14
20 22 4 9
21 22 3 6
21 23 7 11
(153, 272)

Arvore 32
0 8 3 9
0 17 6 12
1 22 11 17
2 14 9 14
2 20 5 17
3 20 9 12
4 11 1 11
5 20 14 20
6 21 2 7
7 23 8 8
9 18 2 6
10 17 9 9
11 21 2 7
12 16 9 13
12 22 6 10
13 15 1 14
14 19 3 4
15 21 1 15
16 24 4 10
17 23 15 14
18 23 8 22
20 22 4 9
21 22 3 6
21 23 7 11
(142, 277)

