3101535
31015.3
Arvore 1
0 4 1 2
0 25 11 12
1 15 1 9
2 4 4 5
3 7 0 14
3 20 6 13
4 6 6 6
4 7 8 7
4 18 0 14
4 21 2 2
5 6 0 9
5 24 4 6
6 26 2 10
8 9 5 6
8 14 7 14
9 16 3 7
9 24 2 2
10 18 6 7
11 16 0 1
12 15 8 7
12 16 0 11
13 26 13 12
14 23 2 13
17 18 2 16
18 19 2 9
22 24 4 14
(99, 228)

Arvore 2
0 4 1 2
0 25 11 12
1 15 1 9
2 4 4 5
3 7 0 14
4 6 6 6
4 7 8 7
4 18 0 14
4 21 2 2
5 6 0 9
5 24 4 6
6 26 2 10
8 9 5 6
8 14 7 14
9 16 3 7
9 24 2 2
10 18 6 7
11 16 0 1
12 15 8 7
12 16 0 11
13 26 13 12
14 23 2 13
15 20 5 18
17 18 2 16
18 19 2 9
22 24 4 14
(98, 233)

Arvore 3
0 4 1 2
0 25 11 12
1 15 1 9
2 4 4 5
3 7 0 14
3 20 6 13
4 6 6 6
4 7 8 7
4 18 0 14
4 21 2 2
5 6 0 9
5 24 4 6
6 26 2 10
8 9 5 6
8 14 7 14
9 16 3 7
9 24 2 2
10 18 6 7
11 16 0 1
12 15 8 7
12 16 0 11
13 21 6 16
14 23 2 13
17 18 2 16
18 19 2 9
22 24 4 14
(92, 232)

Arvore 4
0 4 1 2
0 25 11 12
1 15 1 9
2 4 4 5
3 7 0 14
4 6 6 6
4 7 8 7
4 18 0 14
4 21 2 2
5 6 0 9
5 24 4 6
6 26 2 10
8 9 5 6
8 14 7 14
9 16 3 7
9 24 2 2
10 18 6 7
11 16 0 1
12 15 8 7
12 16 0 11
13 21 6 16
14 23 2 13
15 20 5 18
17 18 2 16
18 19 2 9
22 24 4 14
(91, 237)

Arvore 5
0 4 1 2
1 15 1 9
2 4 4 5
3 7 0 14
3 20 6 13
4 6 6 6
4 7 8 7
4 18 0 14
4 21 2 2
5 6 0 9
5 24 4 6
6 26 2 10
8 9 5 6
8 14 7 14
9 16 3 7
9 24 2 2
10 18 6 7
11 16 0 1
12 15 8 7
12 16 0 11
13 21 6 16
14 23 2 13
17 18 2 16
18 19 2 9
22 24 4 14
25 26 7 18
(88, 238)

Arvore 6
0 4 1 2
1 15 1 9
2 4 4 5
3 7 0 14
4 6 6 6
4 7 8 7
4 18 0 14
4 21 2 2
5 6 0 9
5 24 4 6
6 26 2 10
8 9 5 6
8 14 7 14
9 16 3 7
9 24 2 2
10 18 6 7
11 16 0 1
12 15 8 7
12 16 0 11
13 21 6 16
14 23 2 13
15 20 5 18
17 18 2 16
18 19 2 9
22 24 4 14
25 26 7 18
(87, 243)

Arvore 7
0 4 1 2
0 25 11 12
1 15 1 9
2 4 4 5
3 7 0 14
3 18 7 12
3 20 6 13
4 6 6 6
4 7 8 7
4 21 2 2
5 6 0 9
5 24 4 6
6 26 2 10
8 9 5 6
8 14 7 14
9 16 3 7
9 24 2 2
10 18 6 7
11 16 0 1
12 15 8 7
12 16 0 11
13 26 13 12
14 23 2 13
17 18 2 16
18 19 2 9
22 24 4 14
(106, 226)

Arvore 8
0 4 1 2
0 25 11 12
1 15 1 9
2 4 4 5
3 7 0 14
3 18 7 12
4 6 6 6
4 7 8 7
4 21 2 2
5 6 0 9
5 24 4 6
6 26 2 10
8 9 5 6
8 14 7 14
9 16 3 7
9 24 2 2
10 18 6 7
11 16 0 1
12 15 8 7
12 16 0 11
13 26 13 12
14 23 2 13
15 20 5 18
17 18 2 16
18 19 2 9
22 24 4 14
(105, 231)

Arvore 9
0 4 1 2
0 25 11 12
1 15 1 9
2 4 4 5
3 7 0 14
3 18 7 12
3 20 6 13
4 6 6 6
4 7 8 7
4 21 2 2
5 6 0 9
5 24 4 6
6 26 2 10
8 9 5 6
8 14 7 14
9 16 3 7
9 24 2 2
10 18 6 7
11 16 0 1
12 15 8 7
12 16 0 11
13 21 6 16
14 23 2 13
17 18 2 16
18 19 2 9
22 24 4 14
(99, 230)

Arvore 10
0 4 1 2
0 25 11 12
1 15 1 9
2 4 4 5
3 7 0 14
3 18 7 12
4 6 6 6
4 7 8 7
4 21 2 2
5 6 0 9
5 24 4 6
6 26 2 10
8 9 5 6
8 14 7 14
9 16 3 7
9 24 2 2
10 18 6 7
11 16 0 1
12 15 8 7
12 16 0 11
13 21 6 16
14 23 2 13
15 20 5 18
17 18 2 16
18 19 2 9
22 24 4 14
(98, 235)

Arvore 11
0 4 1 2
1 15 1 9
2 4 4 5
3 7 0 14
3 18 7 12
3 20 6 13
4 6 6 6
4 7 8 7
4 21 2 2
5 6 0 9
5 24 4 6
6 26 2 10
8 9 5 6
8 14 7 14
9 16 3 7
9 24 2 2
10 18 6 7
11 16 0 1
12 15 8 7
12 16 0 11
13 21 6 16
14 23 2 13
17 18 2 16
18 19 2 9
22 24 4 14
25 26 7 18
(95, 236)

Arvore 12
0 4 1 2
1 15 1 9
2 4 4 5
3 7 0 14
3 18 7 12
4 6 6 6
4 7 8 7
4 21 2 2
5 6 0 9
5 24 4 6
6 26 2 10
8 9 5 6
8 14 7 14
9 16 3 7
9 24 2 2
10 18 6 7
11 16 0 1
12 15 8 7
12 16 0 11
13 21 6 16
14 23 2 13
15 20 5 18
17 18 2 16
18 19 2 9
22 24 4 14
25 26 7 18
(94, 241)

Arvore 13
0 4 1 2
0 25 11 12
1 15 1 9
2 4 4 5
3 7 0 14
3 20 6 13
4 6 6 6
4 7 8 7
4 21 2 2
5 6 0 9
5 24 4 6
6 26 2 10
8 9 5 6
8 14 7 14
9 16 3 7
9 24 2 2
10 18 6 7
11 16 0 1
12 15 8 7
12 16 0 11
13 26 13 12
14 23 2 13
17 18 2 16
18 19 2 9
18 26 8 10
22 24 4 14
(107, 224)

Arvore 14
0 4 1 2
0 25 11 12
1 15 1 9
2 4 4 5
3 7 0 14
3 20 6 13
4 6 6 6
4 7 8 7
4 21 2 2
5 6 0 9
5 24 4 6
6 26 2 10
8 9 5 6
8 14 7 14
9 16 3 7
9 24 2 2
10 18 6 7
11 16 0 1
12 15 8 7
12 16 0 11
13 21 6 16
14 23 2 13
17 18 2 16
18 19 2 9
18 26 8 10
22 24 4 14
(100, 228)

Arvore 15
0 4 1 2
1 15 1 9
2 4 4 5
3 7 0 14
3 20 6 13
4 6 6 6
4 7 8 7
4 21 2 2
5 6 0 9
5 24 4 6
6 26 2 10
8 9 5 6
8 14 7 14
9 16 3 7
9 24 2 2
10 18 6 7
11 16 0 1
12 15 8 7
12 16 0 11
13 21 6 16
14 23 2 13
17 18 2 16
18 19 2 9
18 26 8 10
22 24 4 14
25 26 7 18
(96, 234)

Arvore 16
0 4 1 2
0 25 11 12
1 15 1 9
2 4 4 5
3 7 0 14
4 6 6 6
4 7 8 7
4 21 2 2
5 6 0 9
5 24 4 6
6 26 2 10
8 9 5 6
8 14 7 14
9 16 3 7
9 24 2 2
10 18 6 7
11 16 0 1
12 15 8 7
12 16 0 11
13 26 13 12
14 23 2 13
15 20 5 18
17 18 2 16
18 19 2 9
18 26 8 10
22 24 4 14
(106, 229)

Arvore 17
0 4 1 2
0 25 11 12
1 15 1 9
2 4 4 5
3 7 0 14
4 6 6 6
4 7 8 7
4 21 2 2
5 6 0 9
5 24 4 6
6 26 2 10
8 9 5 6
8 14 7 14
9 16 3 7
9 24 2 2
10 18 6 7
11 16 0 1
12 15 8 7
12 16 0 11
13 21 6 16
14 23 2 13
15 20 5 18
17 18 2 16
18 19 2 9
18 26 8 10
22 24 4 14
(99, 233)

Arvore 18
0 4 1 2
1 15 1 9
2 4 4 5
3 7 0 14
4 6 6 6
4 7 8 7
4 21 2 2
5 6 0 9
5 24 4 6
6 26 2 10
8 9 5 6
8 14 7 14
9 16 3 7
9 24 2 2
10 18 6 7
11 16 0 1
12 15 8 7
12 16 0 11
13 21 6 16
14 23 2 13
15 20 5 18
17 18 2 16
18 19 2 9
18 26 8 10
22 24 4 14
25 26 7 18
(95, 239)

Arvore 19
0 4 1 2
0 25 11 12
1 15 1 9
2 3 9 9
2 4 4 5
3 20 6 13
4 6 6 6
4 7 8 7
4 18 0 14
4 21 2 2
5 6 0 9
5 24 4 6
6 26 2 10
8 9 5 6
8 14 7 14
9 16 3 7
9 24 2 2
10 18 6 7
11 16 0 1
12 15 8 7
12 16 0 11
13 26 13 12
14 23 2 13
17 18 2 16
18 19 2 9
22 24 4 14
(108, 223)

Arvore 20
0 4 1 2
0 25 11 12
1 15 1 9
2 3 9 9
2 4 4 5
4 6 6 6
4 7 8 7
4 18 0 14
4 21 2 2
5 6 0 9
5 24 4 6
6 26 2 10
8 9 5 6
8 14 7 14
9 16 3 7
9 24 2 2
10 18 6 7
11 16 0 1
12 15 8 7
12 16 0 11
13 26 13 12
14 23 2 13
15 20 5 18
17 18 2 16
18 19 2 9
22 24 4 14
(107, 228)

Arvore 21
0 4 1 2
0 25 11 12
1 15 1 9
2 3 9 9
2 4 4 5
3 20 6 13
4 6 6 6
4 7 8 7
4 18 0 14
4 21 2 2
5 6 0 9
5 24 4 6
6 26 2 10
8 9 5 6
8 14 7 14
9 16 3 7
9 24 2 2
10 18 6 7
11 16 0 1
12 15 8 7
12 16 0 11
13 21 6 16
14 23 2 13
17 18 2 16
18 19 2 9
22 24 4 14
(101, 227)

Arvore 22
0 4 1 2
0 25 11 12
1 15 1 9
2 3 9 9
2 4 4 5
4 6 6 6
4 7 8 7
4 18 0 14
4 21 2 2
5 6 0 9
5 24 4 6
6 26 2 10
8 9 5 6
8 14 7 14
9 16 3 7
9 24 2 2
10 18 6 7
11 16 0 1
12 15 8 7
12 16 0 11
13 21 6 16
14 23 2 13
15 20 5 18
17 18 2 16
18 19 2 9
22 24 4 14
(100, 232)

Arvore 23
0 4 1 2
1 15 1 9
2 3 9 9
2 4 4 5
3 20 6 13
4 6 6 6
4 7 8 7
4 18 0 14
4 21 2 2
5 6 0 9
5 24 4 6
6 26 2 10
8 9 5 6
8 14 7 14
9 16 3 7
9 24 2 2
10 18 6 7
11 16 0 1
12 15 8 7
12 16 0 11
13 21 6 16
14 23 2 13
17 18 2 16
18 19 2 9
22 24 4 14
25 26 7 18
(97, 233)

Arvore 24
0 4 1 2
1 15 1 9
2 3 9 9
2 4 4 5
4 6 6 6
4 7 8 7
4 18 0 14
4 21 2 2
5 6 0 9
5 24 4 6
6 26 2 10
8 9 5 6
8 14 7 14
9 16 3 7
9 24 2 2
10 18 6 7
11 16 0 1
12 15 8 7
12 16 0 11
13 21 6 16
14 23 2 13
15 20 5 18
17 18 2 16
18 19 2 9
22 24 4 14
25 26 7 18
(96, 238)

Arvore 25
0 4 1 2
0 25 11 12
1 15 1 9
2 4 4 5
3 18 7 12
3 20 6 13
4 6 6 6
4 7 8 7
4 18 0 14
4 21 2 2
5 6 0 9
5 24 4 6
6 26 2 10
8 9 5 6
8 14 7 14
9 16 3 7
9 24 2 2
10 18 6 7
11 16 0 1
12 15 8 7
12 16 0 11
13 26 13 12
14 23 2 13
17 18 2 16
18 19 2 9
22 24 4 14
(106, 226)

Arvore 26
0 4 1 2
0 25 11 12
1 15 1 9
2 4 4 5
3 18 7 12
4 6 6 6
4 7 8 7
4 18 0 14
4 21 2 2
5 6 0 9
5 24 4 6
6 26 2 10
8 9 5 6
8 14 7 14
9 16 3 7
9 24 2 2
10 18 6 7
11 16 0 1
12 15 8 7
12 16 0 11
13 26 13 12
14 23 2 13
15 20 5 18
17 18 2 16
18 19 2 9
22 24 4 14
(105, 231)

Arvore 27
0 4 1 2
0 25 11 12
1 15 1 9
2 4 4 5
3 18 7 12
3 20 6 13
4 6 6 6
4 7 8 7
4 18 0 14
4 21 2 2
5 6 0 9
5 24 4 6
6 26 2 10
8 9 5 6
8 14 7 14
9 16 3 7
9 24 2 2
10 18 6 7
11 16 0 1
12 15 8 7
12 16 0 11
13 21 6 16
14 23 2 13
17 18 2 16
18 19 2 9
22 24 4 14
(99, 230)

Arvore 28
0 4 1 2
0 25 11 12
1 15 1 9
2 4 4 5
3 18 7 12
4 6 6 6
4 7 8 7
4 18 0 14
4 21 2 2
5 6 0 9
5 24 4 6
6 26 2 10
8 9 5 6
8 14 7 14
9 16 3 7
9 24 2 2
10 18 6 7
11 16 0 1
12 15 8 7
12 16 0 11
13 21 6 16
14 23 2 13
15 20 5 18
17 18 2 16
18 19 2 9
22 24 4 14
(98, 235)

Arvore 29
0 4 1 2
1 15 1 9
2 4 4 5
3 18 7 12
3 20 6 13
4 6 6 6
4 7 8 7
4 18 0 14
4 21 2 2
5 6 0 9
5 24 4 6
6 26 2 10
8 9 5 6
8 14 7 14
9 16 3 7
9 24 2 2
10 18 6 7
11 16 0 1
12 15 8 7
12 16 0 11
13 21 6 16
14 23 2 13
17 18 2 16
18 19 2 9
22 24 4 14
25 26 7 18
(95, 236)

Arvore 30
0 4 1 2
1 15 1 9
2 4 4 5
3 18 7 12
4 6 6 6
4 7 8 7
4 18 0 14
4 21 2 2
5 6 0 9
5 24 4 6
6 26 2 10
8 9 5 6
8 14 7 14
9 16 3 7
9 24 2 2
10 18 6 7
11 16 0 1
12 15 8 7
12 16 0 11
13 21 6 16
14 23 2 13
15 20 5 18
17 18 2 16
18 19 2 9
22 24 4 14
25 26 7 18
(94, 241)

Arvore 31
0 4 1 2
0 25 11 12
1 15 1 9
2 3 9 9
2 4 4 5
3 18 7 12
3 20 6 13
4 6 6 6
4 7 8 7
4 21 2 2
5 6 0 9
5 24 4 6
6 26 2 10
8 9 5 6
8 14 7 14
9 16 3 7
9 24 2 2
10 18 6 7
11 16 0 1
12 15 8 7
12 16 0 11
13 26 13 12
14 23 2 13
17 18 2 16
18 19 2 9
22 24 4 14
(115, 221)

Arvore 32
0 4 1 2
0 25 11 12
1 15 1 9
2 3 9 9
2 4 4 5
3 18 7 12
4 6 6 6
4 7 8 7
4 21 2 2
5 6 0 9
5 24 4 6
6 26 2 10
8 9 5 6
8 14 7 14
9 16 3 7
9 24 2 2
10 18 6 7
11 16 0 1
12 15 8 7
12 16 0 11
13 26 13 12
14 23 2 13
15 20 5 18
17 18 2 16
18 19 2 9
22 24 4 14
(114, 226)

Arvore 33
0 4 1 2
0 25 11 12
1 15 1 9
2 3 9 9
2 4 4 5
3 18 7 12
3 20 6 13
4 6 6 6
4 7 8 7
4 21 2 2
5 6 0 9
5 24 4 6
6 26 2 10
8 9 5 6
8 14 7 14
9 16 3 7
9 24 2 2
10 18 6 7
11 16 0 1
12 15 8 7
12 16 0 11
13 21 6 16
14 23 2 13
17 18 2 16
18 19 2 9
22 24 4 14
(108, 225)

Arvore 34
0 4 1 2
0 25 11 12
1 15 1 9
2 3 9 9
2 4 4 5
3 18 7 12
4 6 6 6
4 7 8 7
4 21 2 2
5 6 0 9
5 24 4 6
6 26 2 10
8 9 5 6
8 14 7 14
9 16 3 7
9 24 2 2
10 18 6 7
11 16 0 1
12 15 8 7
12 16 0 11
13 21 6 16
14 23 2 13
15 20 5 18
17 18 2 16
18 19 2 9
22 24 4 14
(107, 230)

Arvore 35
0 4 1 2
1 15 1 9
2 3 9 9
2 4 4 5
3 18 7 12
3 20 6 13
4 6 6 6
4 7 8 7
4 21 2 2
5 6 0 9
5 24 4 6
6 26 2 10
8 9 5 6
8 14 7 14
9 16 3 7
9 24 2 2
10 18 6 7
11 16 0 1
12 15 8 7
12 16 0 11
13 21 6 16
14 23 2 13
17 18 2 16
18 19 2 9
22 24 4 14
25 26 7 18
(104, 231)

Arvore 36
0 4 1 2
1 15 1 9
2 3 9 9
2 4 4 5
3 18 7 12
4 6 6 6
4 7 8 7
4 21 2 2
5 6 0 9
5 24 4 6
6 26 2 10
8 9 5 6
8 14 7 14
9 16 3 7
9 24 2 2
10 18 6 7
11 16 0 1
12 15 8 7
12 16 0 11
13 21 6 16
14 23 2 13
15 20 5 18
17 18 2 16
18 19 2 9
22 24 4 14
25 26 7 18
(103, 236)

Arvore 37
0 4 1 2
0 25 11 12
1 15 1 9
2 3 9 9
2 4 4 5
3 20 6 13
4 6 6 6
4 7 8 7
4 21 2 2
5 6 0 9
5 24 4 6
6 26 2 10
8 9 5 6
8 14 7 14
9 16 3 7
9 24 2 2
10 18 6 7
11 16 0 1
12 15 8 7
12 16 0 11
13 26 13 12
14 23 2 13
17 18 2 16
18 19 2 9
18 26 8 10
22 24 4 14
(116, 219)

Arvore 38
0 4 1 2
0 25 11 12
1 15 1 9
2 3 9 9
2 4 4 5
3 20 6 13
4 6 6 6
4 7 8 7
4 21 2 2
5 6 0 9
5 24 4 6
6 26 2 10
8 9 5 6
8 14 7 14
9 16 3 7
9 24 2 2
10 18 6 7
11 16 0 1
12 15 8 7
12 16 0 11
13 21 6 16
14 23 2 13
17 18 2 16
18 19 2 9
18 26 8 10
22 24 4 14
(109, 223)

Arvore 39
0 4 1 2
1 15 1 9
2 3 9 9
2 4 4 5
3 20 6 13
4 6 6 6
4 7 8 7
4 21 2 2
5 6 0 9
5 24 4 6
6 26 2 10
8 9 5 6
8 14 7 14
9 16 3 7
9 24 2 2
10 18 6 7
11 16 0 1
12 15 8 7
12 16 0 11
13 21 6 16
14 23 2 13
17 18 2 16
18 19 2 9
18 26 8 10
22 24 4 14
25 26 7 18
(105, 229)

Arvore 40
0 4 1 2
0 25 11 12
1 15 1 9
2 3 9 9
2 4 4 5
4 6 6 6
4 7 8 7
4 21 2 2
5 6 0 9
5 24 4 6
6 26 2 10
8 9 5 6
8 14 7 14
9 16 3 7
9 24 2 2
10 18 6 7
11 16 0 1
12 15 8 7
12 16 0 11
13 26 13 12
14 23 2 13
15 20 5 18
17 18 2 16
18 19 2 9
18 26 8 10
22 24 4 14
(115, 224)

Arvore 41
0 4 1 2
0 25 11 12
1 15 1 9
2 3 9 9
2 4 4 5
4 6 6 6
4 7 8 7
4 21 2 2
5 6 0 9
5 24 4 6
6 26 2 10
8 9 5 6
8 14 7 14
9 16 3 7
9 24 2 2
10 18 6 7
11 16 0 1
12 15 8 7
12 16 0 11
13 21 6 16
14 23 2 13
15 20 5 18
17 18 2 16
18 19 2 9
18 26 8 10
22 24 4 14
(108, 228)

Arvore 42
0 4 1 2
1 15 1 9
2 3 9 9
2 4 4 5
4 6 6 6
4 7 8 7
4 21 2 2
5 6 0 9
5 24 4 6
6 26 2 10
8 9 5 6
8 14 7 14
9 16 3 7
9 24 2 2
10 18 6 7
11 16 0 1
12 15 8 7
12 16 0 11
13 21 6 16
14 23 2 13
15 20 5 18
17 18 2 16
18 19 2 9
18 26 8 10
22 24 4 14
25 26 7 18
(104, 234)

Arvore 43
0 4 1 2
0 25 11 12
1 15 1 9
2 4 4 5
3 18 7 12
3 20 6 13
4 6 6 6
4 7 8 7
4 21 2 2
5 6 0 9
5 24 4 6
6 26 2 10
8 9 5 6
8 14 7 14
9 16 3 7
9 24 2 2
10 18 6 7
11 16 0 1
12 15 8 7
12 16 0 11
13 26 13 12
14 23 2 13
17 18 2 16
18 19 2 9
18 26 8 10
22 24 4 14
(114, 222)

Arvore 44
0 4 1 2
0 25 11 12
1 15 1 9
2 4 4 5
3 18 7 12
3 20 6 13
4 6 6 6
4 7 8 7
4 21 2 2
5 6 0 9
5 24 4 6
6 26 2 10
8 9 5 6
8 14 7 14
9 16 3 7
9 24 2 2
10 18 6 7
11 16 0 1
12 15 8 7
12 16 0 11
13 21 6 16
14 23 2 13
17 18 2 16
18 19 2 9
18 26 8 10
22 24 4 14
(107, 226)

Arvore 45
0 4 1 2
1 15 1 9
2 4 4 5
3 18 7 12
3 20 6 13
4 6 6 6
4 7 8 7
4 21 2 2
5 6 0 9
5 24 4 6
6 26 2 10
8 9 5 6
8 14 7 14
9 16 3 7
9 24 2 2
10 18 6 7
11 16 0 1
12 15 8 7
12 16 0 11
13 21 6 16
14 23 2 13
17 18 2 16
18 19 2 9
18 26 8 10
22 24 4 14
25 26 7 18
(103, 232)

Arvore 46
0 4 1 2
0 25 11 12
1 15 1 9
2 4 4 5
3 18 7 12
4 6 6 6
4 7 8 7
4 21 2 2
5 6 0 9
5 24 4 6
6 26 2 10
8 9 5 6
8 14 7 14
9 16 3 7
9 24 2 2
10 18 6 7
11 16 0 1
12 15 8 7
12 16 0 11
13 26 13 12
14 23 2 13
15 20 5 18
17 18 2 16
18 19 2 9
18 26 8 10
22 24 4 14
(113, 227)

Arvore 47
0 4 1 2
0 25 11 12
1 15 1 9
2 4 4 5
3 18 7 12
4 6 6 6
4 7 8 7
4 21 2 2
5 6 0 9
5 24 4 6
6 26 2 10
8 9 5 6
8 14 7 14
9 16 3 7
9 24 2 2
10 18 6 7
11 16 0 1
12 15 8 7
12 16 0 11
13 21 6 16
14 23 2 13
15 20 5 18
17 18 2 16
18 19 2 9
18 26 8 10
22 24 4 14
(106, 231)

Arvore 48
0 4 1 2
1 15 1 9
2 4 4 5
3 18 7 12
4 6 6 6
4 7 8 7
4 21 2 2
5 6 0 9
5 24 4 6
6 26 2 10
8 9 5 6
8 14 7 14
9 16 3 7
9 24 2 2
10 18 6 7
11 16 0 1
12 15 8 7
12 16 0 11
13 21 6 16
14 23 2 13
15 20 5 18
17 18 2 16
18 19 2 9
18 26 8 10
22 24 4 14
25 26 7 18
(102, 237)

Arvore 49
0 4 1 2
0 25 11 12
1 15 1 9
1 16 5 18
2 4 4 5
3 7 0 14
3 20 6 13
4 6 6 6
4 7 8 7
4 18 0 14
4 21 2 2
5 6 0 9
5 24 4 6
6 26 2 10
8 9 5 6
8 14 7 14
9 16 3 7
9 24 2 2
10 18 6 7
11 16 0 1
12 16 0 11
13 21 6 16
14 23 2 13
17 18 2 16
18 19 2 9
22 24 4 14
(89, 243)

Arvore 50
0 4 1 2
0 25 11 12
1 15 1 9
1 16 5 18
2 4 4 5
3 7 0 14
3 20 6 13
4 6 6 6
4 7 8 7
4 18 0 14
4 21 2 2
5 6 0 9
5 24 4 6
6 26 2 10
8 9 5 6
8 14 7 14
9 16 3 7
9 24 2 2
10 18 6 7
11 16 0 1
12 16 0 11
13 26 13 12
14 23 2 13
17 18 2 16
18 19 2 9
22 24 4 14
(96, 239)

Arvore 51
0 4 1 2
1 15 1 9
1 16 5 18
2 4 4 5
3 7 0 14
3 20 6 13
4 6 6 6
4 7 8 7
4 18 0 14
4 21 2 2
5 6 0 9
5 24 4 6
6 26 2 10
8 9 5 6
8 14 7 14
9 16 3 7
9 24 2 2
10 18 6 7
11 16 0 1
12 16 0 11
13 21 6 16
14 23 2 13
17 18 2 16
18 19 2 9
22 24 4 14
25 26 7 18
(85, 249)

Arvore 52
0 4 1 2
0 25 11 12
1 15 1 9
2 4 4 5
3 7 0 14
3 20 6 13
4 6 6 6
4 7 8 7
4 18 0 14
4 21 2 2
5 6 0 9
5 24 4 6
6 26 2 10
8 9 5 6
8 14 7 14
9 16 3 7
9 24 2 2
10 18 6 7
11 15 6 16
11 16 0 1
12 16 0 11
13 21 6 16
14 23 2 13
17 18 2 16
18 19 2 9
22 24 4 14
(90, 241)

Arvore 53
0 4 1 2
0 25 11 12
1 15 1 9
2 4 4 5
3 7 0 14
3 20 6 13
4 6 6 6
4 7 8 7
4 18 0 14
4 21 2 2
5 6 0 9
5 24 4 6
6 26 2 10
8 9 5 6
8 14 7 14
9 16 3 7
9 24 2 2
10 18 6 7
11 15 6 16
11 16 0 1
12 16 0 11
13 26 13 12
14 23 2 13
17 18 2 16
18 19 2 9
22 24 4 14
(97, 237)

Arvore 54
0 4 1 2
1 15 1 9
2 4 4 5
3 7 0 14
3 20 6 13
4 6 6 6
4 7 8 7
4 18 0 14
4 21 2 2
5 6 0 9
5 24 4 6
6 26 2 10
8 9 5 6
8 14 7 14
9 16 3 7
9 24 2 2
10 18 6 7
11 15 6 16
11 16 0 1
12 16 0 11
13 21 6 16
14 23 2 13
17 18 2 16
18 19 2 9
22 24 4 14
25 26 7 18
(86, 247)

Arvore 55
0 4 1 2
0 25 11 12
1 15 1 9
2 4 4 5
3 7 0 14
3 20 6 13
4 6 6 6
4 7 8 7
4 18 0 14
4 21 2 2
5 6 0 9
5 24 4 6
6 26 2 10
8 9 5 6
8 14 7 14
9 16 3 7
9 24 2 2
10 18 6 7
11 16 0 1
12 16 0 11
13 21 6 16
14 23 2 13
15 20 5 18
17 18 2 16
18 19 2 9
22 24 4 14
(89, 243)

Arvore 56
0 4 1 2
1 15 1 9
2 4 4 5
3 7 0 14
3 20 6 13
4 6 6 6
4 7 8 7
4 18 0 14
4 21 2 2
5 6 0 9
5 24 4 6
6 26 2 10
8 9 5 6
8 14 7 14
9 16 3 7
9 24 2 2
10 18 6 7
11 16 0 1
12 16 0 11
13 21 6 16
14 23 2 13
15 20 5 18
17 18 2 16
18 19 2 9
22 24 4 14
25 26 7 18
(85, 249)

Arvore 57
0 4 1 2
0 25 11 12
1 15 1 9
2 4 4 5
3 7 0 14
3 20 6 13
4 6 6 6
4 7 8 7
4 18 0 14
4 21 2 2
5 6 0 9
5 24 4 6
6 26 2 10
8 9 5 6
8 14 7 14
9 16 3 7
9 24 2 2
10 18 6 7
11 16 0 1
12 16 0 11
13 26 13 12
14 23 2 13
15 20 5 18
17 18 2 16
18 19 2 9
22 24 4 14
(96, 239)

Arvore 58
0 4 1 2
0 25 11 12
1 15 1 9
1 16 5 18
2 4 4 5
3 7 0 14
4 6 6 6
4 7 8 7
4 18 0 14
4 21 2 2
5 6 0 9
5 24 4 6
6 26 2 10
8 9 5 6
8 14 7 14
9 16 3 7
9 24 2 2
10 18 6 7
11 16 0 1
12 16 0 11
13 26 13 12
14 23 2 13
15 20 5 18
17 18 2 16
18 19 2 9
22 24 4 14
(95, 244)

Arvore 59
0 4 1 2
0 25 11 12
1 15 1 9
1 16 5 18
2 4 4 5
3 7 0 14
4 6 6 6
4 7 8 7
4 18 0 14
4 21 2 2
5 6 0 9
5 24 4 6
6 26 2 10
8 9 5 6
8 14 7 14
9 16 3 7
9 24 2 2
10 18 6 7
11 16 0 1
12 16 0 11
13 21 6 16
14 23 2 13
15 20 5 18
17 18 2 16
18 19 2 9
22 24 4 14
(88, 248)

Arvore 60
0 4 1 2
1 15 1 9
1 16 5 18
2 4 4 5
3 7 0 14
4 6 6 6
4 7 8 7
4 18 0 14
4 21 2 2
5 6 0 9
5 24 4 6
6 26 2 10
8 9 5 6
8 14 7 14
9 16 3 7
9 24 2 2
10 18 6 7
11 16 0 1
12 16 0 11
13 21 6 16
14 23 2 13
15 20 5 18
17 18 2 16
18 19 2 9
22 24 4 14
25 26 7 18
(84, 254)

Arvore 61
0 4 1 2
0 25 11 12
1 15 1 9
1 16 5 18
2 4 4 5
3 7 0 14
3 18 7 12
3 20 6 13
4 6 6 6
4 7 8 7
4 21 2 2
5 6 0 9
5 24 4 6
6 26 2 10
8 9 5 6
8 14 7 14
9 16 3 7
9 24 2 2
10 18 6 7
11 16 0 1
12 16 0 11
13 21 6 16
14 23 2 13
17 18 2 16
18 19 2 9
22 24 4 14
(96, 241)

Arvore 62
0 4 1 2
0 25 11 12
1 15 1 9
1 16 5 18
2 4 4 5
3 7 0 14
3 18 7 12
3 20 6 13
4 6 6 6
4 7 8 7
4 21 2 2
5 6 0 9
5 24 4 6
6 26 2 10
8 9 5 6
8 14 7 14
9 16 3 7
9 24 2 2
10 18 6 7
11 16 0 1
12 16 0 11
13 26 13 12
14 23 2 13
17 18 2 16
18 19 2 9
22 24 4 14
(103, 237)

Arvore 63
0 4 1 2
1 15 1 9
1 16 5 18
2 4 4 5
3 7 0 14
3 18 7 12
3 20 6 13
4 6 6 6
4 7 8 7
4 21 2 2
5 6 0 9
5 24 4 6
6 26 2 10
8 9 5 6
8 14 7 14
9 16 3 7
9 24 2 2
10 18 6 7
11 16 0 1
12 16 0 11
13 21 6 16
14 23 2 13
17 18 2 16
18 19 2 9
22 24 4 14
25 26 7 18
(92, 247)

Arvore 64
0 4 1 2
0 25 11 12
1 15 1 9
2 4 4 5
3 7 0 14
3 18 7 12
3 20 6 13
4 6 6 6
4 7 8 7
4 21 2 2
5 6 0 9
5 24 4 6
6 26 2 10
8 9 5 6
8 14 7 14
9 16 3 7
9 24 2 2
10 18 6 7
11 15 6 16
11 16 0 1
12 16 0 11
13 21 6 16
14 23 2 13
17 18 2 16
18 19 2 9
22 24 4 14
(97, 239)

Arvore 65
0 4 1 2
0 25 11 12
1 15 1 9
2 4 4 5
3 7 0 14
3 18 7 12
3 20 6 13
4 6 6 6
4 7 8 7
4 21 2 2
5 6 0 9
5 24 4 6
6 26 2 10
8 9 5 6
8 14 7 14
9 16 3 7
9 24 2 2
10 18 6 7
11 15 6 16
11 16 0 1
12 16 0 11
13 26 13 12
14 23 2 13
17 18 2 16
18 19 2 9
22 24 4 14
(104, 235)

Arvore 66
0 4 1 2
1 15 1 9
2 4 4 5
3 7 0 14
3 18 7 12
3 20 6 13
4 6 6 6
4 7 8 7
4 21 2 2
5 6 0 9
5 24 4 6
6 26 2 10
8 9 5 6
8 14 7 14
9 16 3 7
9 24 2 2
10 18 6 7
11 15 6 16
11 16 0 1
12 16 0 11
13 21 6 16
14 23 2 13
17 18 2 16
18 19 2 9
22 24 4 14
25 26 7 18
(93, 245)

Arvore 67
0 4 1 2
0 25 11 12
1 15 1 9
2 4 4 5
3 7 0 14
3 18 7 12
3 20 6 13
4 6 6 6
4 7 8 7
4 21 2 2
5 6 0 9
5 24 4 6
6 26 2 10
8 9 5 6
8 14 7 14
9 16 3 7
9 24 2 2
10 18 6 7
11 16 0 1
12 16 0 11
13 21 6 16
14 23 2 13
15 20 5 18
17 18 2 16
18 19 2 9
22 24 4 14
(96, 241)

Arvore 68
0 4 1 2
1 15 1 9
2 4 4 5
3 7 0 14
3 18 7 12
3 20 6 13
4 6 6 6
4 7 8 7
4 21 2 2
5 6 0 9
5 24 4 6
6 26 2 10
8 9 5 6
8 14 7 14
9 16 3 7
9 24 2 2
10 18 6 7
11 16 0 1
12 16 0 11
13 21 6 16
14 23 2 13
15 20 5 18
17 18 2 16
18 19 2 9
22 24 4 14
25 26 7 18
(92, 247)

Arvore 69
0 4 1 2
0 25 11 12
1 15 1 9
2 4 4 5
3 7 0 14
3 18 7 12
3 20 6 13
4 6 6 6
4 7 8 7
4 21 2 2
5 6 0 9
5 24 4 6
6 26 2 10
8 9 5 6
8 14 7 14
9 16 3 7
9 24 2 2
10 18 6 7
11 16 0 1
12 16 0 11
13 26 13 12
14 23 2 13
15 20 5 18
17 18 2 16
18 19 2 9
22 24 4 14
(103, 237)

Arvore 70
0 4 1 2
0 25 11 12
1 15 1 9
1 16 5 18
2 4 4 5
3 7 0 14
3 18 7 12
4 6 6 6
4 7 8 7
4 21 2 2
5 6 0 9
5 24 4 6
6 26 2 10
8 9 5 6
8 14 7 14
9 16 3 7
9 24 2 2
10 18 6 7
11 16 0 1
12 16 0 11
13 26 13 12
14 23 2 13
15 20 5 18
17 18 2 16
18 19 2 9
22 24 4 14
(102, 242)

Arvore 71
0 4 1 2
0 25 11 12
1 15 1 9
1 16 5 18
2 4 4 5
3 7 0 14
3 18 7 12
4 6 6 6
4 7 8 7
4 21 2 2
5 6 0 9
5 24 4 6
6 26 2 10
8 9 5 6
8 14 7 14
9 16 3 7
9 24 2 2
10 18 6 7
11 16 0 1
12 16 0 11
13 21 6 16
14 23 2 13
15 20 5 18
17 18 2 16
18 19 2 9
22 24 4 14
(95, 246)

Arvore 72
0 4 1 2
1 15 1 9
1 16 5 18
2 4 4 5
3 7 0 14
3 18 7 12
4 6 6 6
4 7 8 7
4 21 2 2
5 6 0 9
5 24 4 6
6 26 2 10
8 9 5 6
8 14 7 14
9 16 3 7
9 24 2 2
10 18 6 7
11 16 0 1
12 16 0 11
13 21 6 16
14 23 2 13
15 20 5 18
17 18 2 16
18 19 2 9
22 24 4 14
25 26 7 18
(91, 252)

Arvore 73
0 4 1 2
0 25 11 12
1 15 1 9
1 16 5 18
2 4 4 5
3 18 7 12
3 20 6 13
4 6 6 6
4 7 8 7
4 18 0 14
4 21 2 2
5 6 0 9
5 24 4 6
6 26 2 10
8 9 5 6
8 14 7 14
9 16 3 7
9 24 2 2
10 18 6 7
11 16 0 1
12 16 0 11
13 21 6 16
14 23 2 13
17 18 2 16
18 19 2 9
22 24 4 14
(96, 241)

Arvore 74
0 4 1 2
0 25 11 12
1 15 1 9
1 16 5 18
2 4 4 5
3 18 7 12
3 20 6 13
4 6 6 6
4 7 8 7
4 18 0 14
4 21 2 2
5 6 0 9
5 24 4 6
6 26 2 10
8 9 5 6
8 14 7 14
9 16 3 7
9 24 2 2
10 18 6 7
11 16 0 1
12 16 0 11
13 26 13 12
14 23 2 13
17 18 2 16
18 19 2 9
22 24 4 14
(103, 237)

Arvore 75
0 4 1 2
1 15 1 9
1 16 5 18
2 4 4 5
3 18 7 12
3 20 6 13
4 6 6 6
4 7 8 7
4 18 0 14
4 21 2 2
5 6 0 9
5 24 4 6
6 26 2 10
8 9 5 6
8 14 7 14
9 16 3 7
9 24 2 2
10 18 6 7
11 16 0 1
12 16 0 11
13 21 6 16
14 23 2 13
17 18 2 16
18 19 2 9
22 24 4 14
25 26 7 18
(92, 247)

Arvore 76
0 4 1 2
0 25 11 12
1 15 1 9
2 4 4 5
3 18 7 12
3 20 6 13
4 6 6 6
4 7 8 7
4 18 0 14
4 21 2 2
5 6 0 9
5 24 4 6
6 26 2 10
8 9 5 6
8 14 7 14
9 16 3 7
9 24 2 2
10 18 6 7
11 15 6 16
11 16 0 1
12 16 0 11
13 21 6 16
14 23 2 13
17 18 2 16
18 19 2 9
22 24 4 14
(97, 239)

Arvore 77
0 4 1 2
0 25 11 12
1 15 1 9
2 4 4 5
3 18 7 12
3 20 6 13
4 6 6 6
4 7 8 7
4 18 0 14
4 21 2 2
5 6 0 9
5 24 4 6
6 26 2 10
8 9 5 6
8 14 7 14
9 16 3 7
9 24 2 2
10 18 6 7
11 15 6 16
11 16 0 1
12 16 0 11
13 26 13 12
14 23 2 13
17 18 2 16
18 19 2 9
22 24 4 14
(104, 235)

Arvore 78
0 4 1 2
1 15 1 9
2 4 4 5
3 18 7 12
3 20 6 13
4 6 6 6
4 7 8 7
4 18 0 14
4 21 2 2
5 6 0 9
5 24 4 6
6 26 2 10
8 9 5 6
8 14 7 14
9 16 3 7
9 24 2 2
10 18 6 7
11 15 6 16
11 16 0 1
12 16 0 11
13 21 6 16
14 23 2 13
17 18 2 16
18 19 2 9
22 24 4 14
25 26 7 18
(93, 245)

Arvore 79
0 4 1 2
0 25 11 12
1 15 1 9
2 4 4 5
3 18 7 12
3 20 6 13
4 6 6 6
4 7 8 7
4 18 0 14
4 21 2 2
5 6 0 9
5 24 4 6
6 26 2 10
8 9 5 6
8 14 7 14
9 16 3 7
9 24 2 2
10 18 6 7
11 16 0 1
12 16 0 11
13 21 6 16
14 23 2 13
15 20 5 18
17 18 2 16
18 19 2 9
22 24 4 14
(96, 241)

Arvore 80
0 4 1 2
1 15 1 9
2 4 4 5
3 18 7 12
3 20 6 13
4 6 6 6
4 7 8 7
4 18 0 14
4 21 2 2
5 6 0 9
5 24 4 6
6 26 2 10
8 9 5 6
8 14 7 14
9 16 3 7
9 24 2 2
10 18 6 7
11 16 0 1
12 16 0 11
13 21 6 16
14 23 2 13
15 20 5 18
17 18 2 16
18 19 2 9
22 24 4 14
25 26 7 18
(92, 247)

Arvore 81
0 4 1 2
0 25 11 12
1 15 1 9
2 4 4 5
3 18 7 12
3 20 6 13
4 6 6 6
4 7 8 7
4 18 0 14
4 21 2 2
5 6 0 9
5 24 4 6
6 26 2 10
8 9 5 6
8 14 7 14
9 16 3 7
9 24 2 2
10 18 6 7
11 16 0 1
12 16 0 11
13 26 13 12
14 23 2 13
15 20 5 18
17 18 2 16
18 19 2 9
22 24 4 14
(103, 237)

Arvore 82
0 4 1 2
0 25 11 12
1 15 1 9
1 16 5 18
2 4 4 5
3 18 7 12
4 6 6 6
4 7 8 7
4 18 0 14
4 21 2 2
5 6 0 9
5 24 4 6
6 26 2 10
8 9 5 6
8 14 7 14
9 16 3 7
9 24 2 2
10 18 6 7
11 16 0 1
12 16 0 11
13 26 13 12
14 23 2 13
15 20 5 18
17 18 2 16
18 19 2 9
22 24 4 14
(102, 242)

Arvore 83
0 4 1 2
0 25 11 12
1 15 1 9
1 16 5 18
2 4 4 5
3 18 7 12
4 6 6 6
4 7 8 7
4 18 0 14
4 21 2 2
5 6 0 9
5 24 4 6
6 26 2 10
8 9 5 6
8 14 7 14
9 16 3 7
9 24 2 2
10 18 6 7
11 16 0 1
12 16 0 11
13 21 6 16
14 23 2 13
15 20 5 18
17 18 2 16
18 19 2 9
22 24 4 14
(95, 246)

Arvore 84
0 4 1 2
1 15 1 9
1 16 5 18
2 4 4 5
3 18 7 12
4 6 6 6
4 7 8 7
4 18 0 14
4 21 2 2
5 6 0 9
5 24 4 6
6 26 2 10
8 9 5 6
8 14 7 14
9 16 3 7
9 24 2 2
10 18 6 7
11 16 0 1
12 16 0 11
13 21 6 16
14 23 2 13
15 20 5 18
17 18 2 16
18 19 2 9
22 24 4 14
25 26 7 18
(91, 252)

Arvore 85
0 4 1 2
0 25 11 12
1 15 1 9
2 4 4 5
3 7 0 14
3 18 7 12
3 20 6 13
4 6 6 6
4 18 0 14
4 21 2 2
5 6 0 9
5 24 4 6
6 26 2 10
8 9 5 6
8 14 7 14
9 16 3 7
9 24 2 2
10 18 6 7
11 16 0 1
12 15 8 7
12 16 0 11
13 26 13 12
14 23 2 13
17 18 2 16
18 19 2 9
22 24 4 14
(98, 233)

Arvore 86
0 4 1 2
0 25 11 12
1 15 1 9
2 4 4 5
3 7 0 14
3 18 7 12
4 6 6 6
4 18 0 14
4 21 2 2
5 6 0 9
5 24 4 6
6 26 2 10
8 9 5 6
8 14 7 14
9 16 3 7
9 24 2 2
10 18 6 7
11 16 0 1
12 15 8 7
12 16 0 11
13 26 13 12
14 23 2 13
15 20 5 18
17 18 2 16
18 19 2 9
22 24 4 14
(97, 238)

Arvore 87
0 4 1 2
0 25 11 12
1 15 1 9
2 4 4 5
3 7 0 14
3 18 7 12
3 20 6 13
4 6 6 6
4 18 0 14
4 21 2 2
5 6 0 9
5 24 4 6
6 26 2 10
8 9 5 6
8 14 7 14
9 16 3 7
9 24 2 2
10 18 6 7
11 16 0 1
12 15 8 7
12 16 0 11
13 21 6 16
14 23 2 13
17 18 2 16
18 19 2 9
22 24 4 14
(91, 237)

Arvore 88
0 4 1 2
0 25 11 12
1 15 1 9
2 4 4 5
3 7 0 14
3 18 7 12
4 6 6 6
4 18 0 14
4 21 2 2
5 6 0 9
5 24 4 6
6 26 2 10
8 9 5 6
8 14 7 14
9 16 3 7
9 24 2 2
10 18 6 7
11 16 0 1
12 15 8 7
12 16 0 11
13 21 6 16
14 23 2 13
15 20 5 18
17 18 2 16
18 19 2 9
22 24 4 14
(90, 242)

Arvore 89
0 4 1 2
1 15 1 9
2 4 4 5
3 7 0 14
3 18 7 12
3 20 6 13
4 6 6 6
4 18 0 14
4 21 2 2
5 6 0 9
5 24 4 6
6 26 2 10
8 9 5 6
8 14 7 14
9 16 3 7
9 24 2 2
10 18 6 7
11 16 0 1
12 15 8 7
12 16 0 11
13 21 6 16
14 23 2 13
17 18 2 16
18 19 2 9
22 24 4 14
25 26 7 18
(87, 243)

Arvore 90
0 4 1 2
1 15 1 9
2 4 4 5
3 7 0 14
3 18 7 12
4 6 6 6
4 18 0 14
4 21 2 2
5 6 0 9
5 24 4 6
6 26 2 10
8 9 5 6
8 14 7 14
9 16 3 7
9 24 2 2
10 18 6 7
11 16 0 1
12 15 8 7
12 16 0 11
13 21 6 16
14 23 2 13
15 20 5 18
17 18 2 16
18 19 2 9
22 24 4 14
25 26 7 18
(86, 248)

Arvore 91
0 4 1 2
0 25 11 12
1 15 1 9
2 4 4 5
3 6 4 16
3 7 0 14
3 20 6 13
4 6 6 6
4 18 0 14
4 21 2 2
5 6 0 9
5 24 4 6
6 26 2 10
8 9 5 6
8 14 7 14
9 16 3 7
9 24 2 2
10 18 6 7
11 16 0 1
12 15 8 7
12 16 0 11
13 21 6 16
14 23 2 13
17 18 2 16
18 19 2 9
22 24 4 14
(88, 241)

Arvore 92
0 4 1 2
0 25 11 12
1 15 1 9
2 4 4 5
3 6 4 16
3 7 0 14
3 20 6 13
4 6 6 6
4 18 0 14
4 21 2 2
5 6 0 9
5 24 4 6
6 26 2 10
8 9 5 6
8 14 7 14
9 16 3 7
9 24 2 2
10 18 6 7
11 16 0 1
12 15 8 7
12 16 0 11
13 26 13 12
14 23 2 13
17 18 2 16
18 19 2 9
22 24 4 14
(95, 237)

Arvore 93
0 4 1 2
1 15 1 9
2 4 4 5
3 6 4 16
3 7 0 14
3 20 6 13
4 6 6 6
4 18 0 14
4 21 2 2
5 6 0 9
5 24 4 6
6 26 2 10
8 9 5 6
8 14 7 14
9 16 3 7
9 24 2 2
10 18 6 7
11 16 0 1
12 15 8 7
12 16 0 11
13 21 6 16
14 23 2 13
17 18 2 16
18 19 2 9
22 24 4 14
25 26 7 18
(84, 247)

Arvore 94
0 4 1 2
0 25 11 12
1 15 1 9
2 4 4 5
3 6 4 16
3 7 0 14
4 6 6 6
4 18 0 14
4 21 2 2
5 6 0 9
5 24 4 6
6 26 2 10
8 9 5 6
8 14 7 14
9 16 3 7
9 24 2 2
10 18 6 7
11 16 0 1
12 15 8 7
12 16 0 11
13 26 13 12
14 23 2 13
15 20 5 18
17 18 2 16
18 19 2 9
22 24 4 14
(94, 242)

Arvore 95
0 4 1 2
0 25 11 12
1 15 1 9
2 4 4 5
3 6 4 16
3 7 0 14
4 6 6 6
4 18 0 14
4 21 2 2
5 6 0 9
5 24 4 6
6 26 2 10
8 9 5 6
8 14 7 14
9 16 3 7
9 24 2 2
10 18 6 7
11 16 0 1
12 15 8 7
12 16 0 11
13 21 6 16
14 23 2 13
15 20 5 18
17 18 2 16
18 19 2 9
22 24 4 14
(87, 246)

Arvore 96
0 4 1 2
1 15 1 9
2 4 4 5
3 6 4 16
3 7 0 14
4 6 6 6
4 18 0 14
4 21 2 2
5 6 0 9
5 24 4 6
6 26 2 10
8 9 5 6
8 14 7 14
9 16 3 7
9 24 2 2
10 18 6 7
11 16 0 1
12 15 8 7
12 16 0 11
13 21 6 16
14 23 2 13
15 20 5 18
17 18 2 16
18 19 2 9
22 24 4 14
25 26 7 18
(83, 252)

Arvore 97
0 4 1 2
0 25 11 12
1 15 1 9
1 16 5 18
2 4 4 5
3 7 0 14
3 18 7 12
3 20 6 13
4 6 6 6
4 18 0 14
4 21 2 2
5 6 0 9
5 24 4 6
6 26 2 10
8 9 5 6
8 14 7 14
9 16 3 7
9 24 2 2
10 18 6 7
11 16 0 1
12 16 0 11
13 21 6 16
14 23 2 13
17 18 2 16
18 19 2 9
22 24 4 14
(88, 248)

Arvore 98
0 4 1 2
0 25 11 12
1 15 1 9
1 16 5 18
2 4 4 5
3 7 0 14
3 18 7 12
3 20 6 13
4 6 6 6
4 18 0 14
4 21 2 2
5 6 0 9
5 24 4 6
6 26 2 10
8 9 5 6
8 14 7 14
9 16 3 7
9 24 2 2
10 18 6 7
11 16 0 1
12 16 0 11
13 26 13 12
14 23 2 13
17 18 2 16
18 19 2 9
22 24 4 14
(95, 244)

Arvore 99
0 4 1 2
1 15 1 9
1 16 5 18
2 4 4 5
3 7 0 14
3 18 7 12
3 20 6 13
4 6 6 6
4 18 0 14
4 21 2 2
5 6 0 9
5 24 4 6
6 26 2 10
8 9 5 6
8 14 7 14
9 16 3 7
9 24 2 2
10 18 6 7
11 16 0 1
12 16 0 11
13 21 6 16
14 23 2 13
17 18 2 16
18 19 2 9
22 24 4 14
25 26 7 18
(84, 254)

Arvore 100
0 4 1 2
0 25 11 12
1 15 1 9
2 4 4 5
3 7 0 14
3 18 7 12
3 20 6 13
4 6 6 6
4 18 0 14
4 21 2 2
5 6 0 9
5 24 4 6
6 26 2 10
8 9 5 6
8 14 7 14
9 16 3 7
9 24 2 2
10 18 6 7
11 15 6 16
11 16 0 1
12 16 0 11
13 21 6 16
14 23 2 13
17 18 2 16
18 19 2 9
22 24 4 14
(89, 246)

Arvore 101
0 4 1 2
0 25 11 12
1 15 1 9
2 4 4 5
3 7 0 14
3 18 7 12
3 20 6 13
4 6 6 6
4 18 0 14
4 21 2 2
5 6 0 9
5 24 4 6
6 26 2 10
8 9 5 6
8 14 7 14
9 16 3 7
9 24 2 2
10 18 6 7
11 15 6 16
11 16 0 1
12 16 0 11
13 26 13 12
14 23 2 13
17 18 2 16
18 19 2 9
22 24 4 14
(96, 242)

Arvore 102
0 4 1 2
1 15 1 9
2 4 4 5
3 7 0 14
3 18 7 12
3 20 6 13
4 6 6 6
4 18 0 14
4 21 2 2
5 6 0 9
5 24 4 6
6 26 2 10
8 9 5 6
8 14 7 14
9 16 3 7
9 24 2 2
10 18 6 7
11 15 6 16
11 16 0 1
12 16 0 11
13 21 6 16
14 23 2 13
17 18 2 16
18 19 2 9
22 24 4 14
25 26 7 18
(85, 252)

Arvore 103
0 4 1 2
0 25 11 12
1 15 1 9
2 4 4 5
3 7 0 14
3 18 7 12
3 20 6 13
4 6 6 6
4 18 0 14
4 21 2 2
5 6 0 9
5 24 4 6
6 26 2 10
8 9 5 6
8 14 7 14
9 16 3 7
9 24 2 2
10 18 6 7
11 16 0 1
12 16 0 11
13 21 6 16
14 23 2 13
15 20 5 18
17 18 2 16
18 19 2 9
22 24 4 14
(88, 248)

Arvore 104
0 4 1 2
1 15 1 9
2 4 4 5
3 7 0 14
3 18 7 12
3 20 6 13
4 6 6 6
4 18 0 14
4 21 2 2
5 6 0 9
5 24 4 6
6 26 2 10
8 9 5 6
8 14 7 14
9 16 3 7
9 24 2 2
10 18 6 7
11 16 0 1
12 16 0 11
13 21 6 16
14 23 2 13
15 20 5 18
17 18 2 16
18 19 2 9
22 24 4 14
25 26 7 18
(84, 254)

Arvore 105
0 4 1 2
0 25 11 12
1 15 1 9
2 4 4 5
3 7 0 14
3 18 7 12
3 20 6 13
4 6 6 6
4 18 0 14
4 21 2 2
5 6 0 9
5 24 4 6
6 26 2 10
8 9 5 6
8 14 7 14
9 16 3 7
9 24 2 2
10 18 6 7
11 16 0 1
12 16 0 11
13 26 13 12
14 23 2 13
15 20 5 18
17 18 2 16
18 19 2 9
22 24 4 14
(95, 244)

Arvore 106
0 4 1 2
0 25 11 12
1 15 1 9
1 16 5 18
2 4 4 5
3 7 0 14
3 18 7 12
4 6 6 6
4 18 0 14
4 21 2 2
5 6 0 9
5 24 4 6
6 26 2 10
8 9 5 6
8 14 7 14
9 16 3 7
9 24 2 2
10 18 6 7
11 16 0 1
12 16 0 11
13 26 13 12
14 23 2 13
15 20 5 18
17 18 2 16
18 19 2 9
22 24 4 14
(94, 249)

Arvore 107
0 4 1 2
0 25 11 12
1 15 1 9
1 16 5 18
2 4 4 5
3 7 0 14
3 18 7 12
4 6 6 6
4 18 0 14
4 21 2 2
5 6 0 9
5 24 4 6
6 26 2 10
8 9 5 6
8 14 7 14
9 16 3 7
9 24 2 2
10 18 6 7
11 16 0 1
12 16 0 11
13 21 6 16
14 23 2 13
15 20 5 18
17 18 2 16
18 19 2 9
22 24 4 14
(87, 253)

Arvore 108
0 4 1 2
1 15 1 9
1 16 5 18
2 4 4 5
3 7 0 14
3 18 7 12
4 6 6 6
4 18 0 14
4 21 2 2
5 6 0 9
5 24 4 6
6 26 2 10
8 9 5 6
8 14 7 14
9 16 3 7
9 24 2 2
10 18 6 7
11 16 0 1
12 16 0 11
13 21 6 16
14 23 2 13
15 20 5 18
17 18 2 16
18 19 2 9
22 24 4 14
25 26 7 18
(83, 259)

Arvore 109
0 4 1 2
0 25 11 12
1 15 1 9
1 16 5 18
2 4 4 5
3 6 4 16
3 7 0 14
3 20 6 13
4 6 6 6
4 18 0 14
4 21 2 2
5 6 0 9
5 24 4 6
6 26 2 10
8 9 5 6
8 14 7 14
9 16 3 7
9 24 2 2
10 18 6 7
11 16 0 1
12 16 0 11
13 21 6 16
14 23 2 13
17 18 2 16
18 19 2 9
22 24 4 14
(85, 252)

Arvore 110
0 4 1 2
0 25 11 12
1 15 1 9
1 16 5 18
2 4 4 5
3 6 4 16
3 7 0 14
3 20 6 13
4 6 6 6
4 18 0 14
4 21 2 2
5 6 0 9
5 24 4 6
6 26 2 10
8 9 5 6
8 14 7 14
9 16 3 7
9 24 2 2
10 18 6 7
11 16 0 1
12 16 0 11
13 26 13 12
14 23 2 13
17 18 2 16
18 19 2 9
22 24 4 14
(92, 248)

Arvore 111
0 4 1 2
1 15 1 9
1 16 5 18
2 4 4 5
3 6 4 16
3 7 0 14
3 20 6 13
4 6 6 6
4 18 0 14
4 21 2 2
5 6 0 9
5 24 4 6
6 26 2 10
8 9 5 6
8 14 7 14
9 16 3 7
9 24 2 2
10 18 6 7
11 16 0 1
12 16 0 11
13 21 6 16
14 23 2 13
17 18 2 16
18 19 2 9
22 24 4 14
25 26 7 18
(81, 258)

Arvore 112
0 4 1 2
0 25 11 12
1 15 1 9
2 4 4 5
3 6 4 16
3 7 0 14
3 20 6 13
4 6 6 6
4 18 0 14
4 21 2 2
5 6 0 9
5 24 4 6
6 26 2 10
8 9 5 6
8 14 7 14
9 16 3 7
9 24 2 2
10 18 6 7
11 15 6 16
11 16 0 1
12 16 0 11
13 21 6 16
14 23 2 13
17 18 2 16
18 19 2 9
22 24 4 14
(86, 250)

Arvore 113
0 4 1 2
0 25 11 12
1 15 1 9
2 4 4 5
3 6 4 16
3 7 0 14
3 20 6 13
4 6 6 6
4 18 0 14
4 21 2 2
5 6 0 9
5 24 4 6
6 26 2 10
8 9 5 6
8 14 7 14
9 16 3 7
9 24 2 2
10 18 6 7
11 15 6 16
11 16 0 1
12 16 0 11
13 26 13 12
14 23 2 13
17 18 2 16
18 19 2 9
22 24 4 14
(93, 246)

Arvore 114
0 4 1 2
1 15 1 9
2 4 4 5
3 6 4 16
3 7 0 14
3 20 6 13
4 6 6 6
4 18 0 14
4 21 2 2
5 6 0 9
5 24 4 6
6 26 2 10
8 9 5 6
8 14 7 14
9 16 3 7
9 24 2 2
10 18 6 7
11 15 6 16
11 16 0 1
12 16 0 11
13 21 6 16
14 23 2 13
17 18 2 16
18 19 2 9
22 24 4 14
25 26 7 18
(82, 256)

Arvore 115
0 4 1 2
0 25 11 12
1 15 1 9
2 4 4 5
3 6 4 16
3 7 0 14
3 20 6 13
4 6 6 6
4 18 0 14
4 21 2 2
5 6 0 9
5 24 4 6
6 26 2 10
8 9 5 6
8 14 7 14
9 16 3 7
9 24 2 2
10 18 6 7
11 16 0 1
12 16 0 11
13 21 6 16
14 23 2 13
15 20 5 18
17 18 2 16
18 19 2 9
22 24 4 14
(85, 252)

Arvore 116
0 4 1 2
1 15 1 9
2 4 4 5
3 6 4 16
3 7 0 14
3 20 6 13
4 6 6 6
4 18 0 14
4 21 2 2
5 6 0 9
5 24 4 6
6 26 2 10
8 9 5 6
8 14 7 14
9 16 3 7
9 24 2 2
10 18 6 7
11 16 0 1
12 16 0 11
13 21 6 16
14 23 2 13
15 20 5 18
17 18 2 16
18 19 2 9
22 24 4 14
25 26 7 18
(81, 258)

Arvore 117
0 4 1 2
0 25 11 12
1 15 1 9
2 4 4 5
3 6 4 16
3 7 0 14
3 20 6 13
4 6 6 6
4 18 0 14
4 21 2 2
5 6 0 9
5 24 4 6
6 26 2 10
8 9 5 6
8 14 7 14
9 16 3 7
9 24 2 2
10 18 6 7
11 16 0 1
12 16 0 11
13 26 13 12
14 23 2 13
15 20 5 18
17 18 2 16
18 19 2 9
22 24 4 14
(92, 248)

Arvore 118
0 4 1 2
0 25 11 12
1 15 1 9
1 16 5 18
2 4 4 5
3 6 4 16
3 7 0 14
4 6 6 6
4 18 0 14
4 21 2 2
5 6 0 9
5 24 4 6
6 26 2 10
8 9 5 6
8 14 7 14
9 16 3 7
9 24 2 2
10 18 6 7
11 16 0 1
12 16 0 11
13 26 13 12
14 23 2 13
15 20 5 18
17 18 2 16
18 19 2 9
22 24 4 14
(91, 253)

Arvore 119
0 4 1 2
0 25 11 12
1 15 1 9
1 16 5 18
2 4 4 5
3 6 4 16
3 7 0 14
4 6 6 6
4 18 0 14
4 21 2 2
5 6 0 9
5 24 4 6
6 26 2 10
8 9 5 6
8 14 7 14
9 16 3 7
9 24 2 2
10 18 6 7
11 16 0 1
12 16 0 11
13 21 6 16
14 23 2 13
15 20 5 18
17 18 2 16
18 19 2 9
22 24 4 14
(84, 257)

Arvore 120
0 4 1 2
1 15 1 9
1 16 5 18
2 4 4 5
3 6 4 16
3 7 0 14
4 6 6 6
4 18 0 14
4 21 2 2
5 6 0 9
5 24 4 6
6 26 2 10
8 9 5 6
8 14 7 14
9 16 3 7
9 24 2 2
10 18 6 7
11 16 0 1
12 16 0 11
13 21 6 16
14 23 2 13
15 20 5 18
17 18 2 16
18 19 2 9
22 24 4 14
25 26 7 18
(80, 263)

Arvore 121
0 4 1 2
0 25 11 12
1 15 1 9
1 16 5 18
2 4 4 5
3 6 4 16
3 7 0 14
3 20 6 13
4 18 0 14
4 21 2 2
4 26 4 17
5 6 0 9
5 24 4 6
6 26 2 10
8 9 5 6
8 14 7 14
9 16 3 7
9 24 2 2
10 18 6 7
11 16 0 1
12 16 0 11
13 21 6 16
14 23 2 13
17 18 2 16
18 19 2 9
22 24 4 14
(83, 263)

Arvore 122
0 4 1 2
0 25 11 12
1 15 1 9
1 16 5 18
2 4 4 5
3 6 4 16
3 7 0 14
3 20 6 13
4 18 0 14
4 21 2 2
4 26 4 17
5 6 0 9
5 24 4 6
6 26 2 10
8 9 5 6
8 14 7 14
9 16 3 7
9 24 2 2
10 18 6 7
11 16 0 1
12 16 0 11
13 26 13 12
14 23 2 13
17 18 2 16
18 19 2 9
22 24 4 14
(90, 259)

Arvore 123
0 4 1 2
0 25 11 12
1 15 1 9
1 16 5 18
2 4 4 5
3 6 4 16
3 7 0 14
4 18 0 14
4 21 2 2
4 26 4 17
5 6 0 9
5 24 4 6
6 26 2 10
8 9 5 6
8 14 7 14
9 16 3 7
9 24 2 2
10 18 6 7
11 16 0 1
12 16 0 11
13 26 13 12
14 23 2 13
15 20 5 18
17 18 2 16
18 19 2 9
22 24 4 14
(89, 264)

Arvore 124
0 4 1 2
0 25 11 12
1 15 1 9
1 16 5 18
2 4 4 5
3 6 4 16
3 7 0 14
4 18 0 14
4 21 2 2
4 26 4 17
5 6 0 9
5 24 4 6
6 26 2 10
8 9 5 6
8 14 7 14
9 16 3 7
9 24 2 2
10 18 6 7
11 16 0 1
12 16 0 11
13 21 6 16
14 23 2 13
15 20 5 18
17 18 2 16
18 19 2 9
22 24 4 14
(82, 268)

Arvore 125
0 4 1 2
1 15 1 9
1 16 5 18
2 4 4 5
3 6 4 16
3 7 0 14
3 20 6 13
4 18 0 14
4 21 2 2
4 26 4 17
5 6 0 9
5 24 4 6
6 26 2 10
8 9 5 6
8 14 7 14
9 16 3 7
9 24 2 2
10 18 6 7
11 16 0 1
12 16 0 11
13 21 6 16
14 23 2 13
17 18 2 16
18 19 2 9
22 24 4 14
25 26 7 18
(79, 269)

Arvore 126
0 4 1 2
1 15 1 9
1 16 5 18
2 4 4 5
3 6 4 16
3 7 0 14
4 18 0 14
4 21 2 2
4 26 4 17
5 6 0 9
5 24 4 6
6 26 2 10
8 9 5 6
8 14 7 14
9 16 3 7
9 24 2 2
10 18 6 7
11 16 0 1
12 16 0 11
13 21 6 16
14 23 2 13
15 20 5 18
17 18 2 16
18 19 2 9
22 24 4 14
25 26 7 18
(78, 274)

Arvore 127
0 4 1 2
0 25 11 12
1 15 1 9
2 4 4 5
3 6 4 16
3 7 0 14
3 20 6 13
4 18 0 14
4 21 2 2
4 26 4 17
5 6 0 9
5 24 4 6
6 26 2 10
8 9 5 6
8 14 7 14
9 16 3 7
9 24 2 2
10 18 6 7
11 15 6 16
11 16 0 1
12 16 0 11
13 21 6 16
14 23 2 13
17 18 2 16
18 19 2 9
22 24 4 14
(84, 261)

Arvore 128
0 4 1 2
0 25 11 12
1 15 1 9
2 4 4 5
3 6 4 16
3 7 0 14
3 20 6 13
4 18 0 14
4 21 2 2
4 26 4 17
5 6 0 9
5 24 4 6
6 26 2 10
8 9 5 6
8 14 7 14
9 16 3 7
9 24 2 2
10 18 6 7
11 15 6 16
11 16 0 1
12 16 0 11
13 26 13 12
14 23 2 13
17 18 2 16
18 19 2 9
22 24 4 14
(91, 257)

Arvore 129
0 4 1 2
1 15 1 9
2 4 4 5
3 6 4 16
3 7 0 14
3 20 6 13
4 18 0 14
4 21 2 2
4 26 4 17
5 6 0 9
5 24 4 6
6 26 2 10
8 9 5 6
8 14 7 14
9 16 3 7
9 24 2 2
10 18 6 7
11 15 6 16
11 16 0 1
12 16 0 11
13 21 6 16
14 23 2 13
17 18 2 16
18 19 2 9
22 24 4 14
25 26 7 18
(80, 267)

Arvore 130
0 4 1 2
0 25 11 12
1 15 1 9
2 4 4 5
3 6 4 16
3 7 0 14
3 20 6 13
4 18 0 14
4 21 2 2
4 26 4 17
5 6 0 9
5 24 4 6
6 26 2 10
8 9 5 6
8 14 7 14
9 16 3 7
9 24 2 2
10 18 6 7
11 16 0 1
12 15 8 7
12 16 0 11
13 21 6 16
14 23 2 13
17 18 2 16
18 19 2 9
22 24 4 14
(86, 252)

Arvore 131
0 4 1 2
0 25 11 12
1 15 1 9
2 4 4 5
3 6 4 16
3 7 0 14
3 20 6 13
4 18 0 14
4 21 2 2
4 26 4 17
5 6 0 9
5 24 4 6
6 26 2 10
8 9 5 6
8 14 7 14
9 16 3 7
9 24 2 2
10 18 6 7
11 16 0 1
12 15 8 7
12 16 0 11
13 26 13 12
14 23 2 13
17 18 2 16
18 19 2 9
22 24 4 14
(93, 248)

Arvore 132
0 4 1 2
1 15 1 9
2 4 4 5
3 6 4 16
3 7 0 14
3 20 6 13
4 18 0 14
4 21 2 2
4 26 4 17
5 6 0 9
5 24 4 6
6 26 2 10
8 9 5 6
8 14 7 14
9 16 3 7
9 24 2 2
10 18 6 7
11 16 0 1
12 15 8 7
12 16 0 11
13 21 6 16
14 23 2 13
17 18 2 16
18 19 2 9
22 24 4 14
25 26 7 18
(82, 258)

Arvore 133
0 4 1 2
0 25 11 12
1 15 1 9
2 4 4 5
3 6 4 16
3 7 0 14
3 20 6 13
4 18 0 14
4 21 2 2
4 26 4 17
5 6 0 9
5 24 4 6
6 26 2 10
8 9 5 6
8 14 7 14
9 16 3 7
9 24 2 2
10 18 6 7
11 16 0 1
12 16 0 11
13 21 6 16
14 23 2 13
15 20 5 18
17 18 2 16
18 19 2 9
22 24 4 14
(83, 263)

Arvore 134
0 4 1 2
1 15 1 9
2 4 4 5
3 6 4 16
3 7 0 14
3 20 6 13
4 18 0 14
4 21 2 2
4 26 4 17
5 6 0 9
5 24 4 6
6 26 2 10
8 9 5 6
8 14 7 14
9 16 3 7
9 24 2 2
10 18 6 7
11 16 0 1
12 16 0 11
13 21 6 16
14 23 2 13
15 20 5 18
17 18 2 16
18 19 2 9
22 24 4 14
25 26 7 18
(79, 269)

Arvore 135
0 4 1 2
0 25 11 12
1 15 1 9
2 4 4 5
3 6 4 16
3 7 0 14
3 20 6 13
4 18 0 14
4 21 2 2
4 26 4 17
5 6 0 9
5 24 4 6
6 26 2 10
8 9 5 6
8 14 7 14
9 16 3 7
9 24 2 2
10 18 6 7
11 16 0 1
12 16 0 11
13 26 13 12
14 23 2 13
15 20 5 18
17 18 2 16
18 19 2 9
22 24 4 14
(90, 259)

Arvore 136
0 4 1 2
0 25 11 12
1 15 1 9
2 4 4 5
3 6 4 16
3 7 0 14
4 18 0 14
4 21 2 2
4 26 4 17
5 6 0 9
5 24 4 6
6 26 2 10
8 9 5 6
8 14 7 14
9 16 3 7
9 24 2 2
10 18 6 7
11 16 0 1
12 15 8 7
12 16 0 11
13 26 13 12
14 23 2 13
15 20 5 18
17 18 2 16
18 19 2 9
22 24 4 14
(92, 253)

Arvore 137
0 4 1 2
0 25 11 12
1 15 1 9
2 4 4 5
3 6 4 16
3 7 0 14
4 18 0 14
4 21 2 2
4 26 4 17
5 6 0 9
5 24 4 6
6 26 2 10
8 9 5 6
8 14 7 14
9 16 3 7
9 24 2 2
10 18 6 7
11 16 0 1
12 15 8 7
12 16 0 11
13 21 6 16
14 23 2 13
15 20 5 18
17 18 2 16
18 19 2 9
22 24 4 14
(85, 257)

Arvore 138
0 4 1 2
1 15 1 9
2 4 4 5
3 6 4 16
3 7 0 14
4 18 0 14
4 21 2 2
4 26 4 17
5 6 0 9
5 24 4 6
6 26 2 10
8 9 5 6
8 14 7 14
9 16 3 7
9 24 2 2
10 18 6 7
11 16 0 1
12 15 8 7
12 16 0 11
13 21 6 16
14 23 2 13
15 20 5 18
17 18 2 16
18 19 2 9
22 24 4 14
25 26 7 18
(81, 263)

